Results
Filename SNR Time(ms) BER FER
../tests/avg_r4_2304/avg10_0.mtx 1 543.143 0.0980512 0.98 
../tests/avg_r4_2304/avg10_0.mtx 1.1 505.75 0.0900391 0.95 
../tests/avg_r4_2304/avg10_0.mtx 1.2 498.255 0.0798481 0.9 
../tests/avg_r4_2304/avg10_0.mtx 1.3 487.731 0.0655252 0.77 
../tests/avg_r4_2304/avg10_0.mtx 1.4 465.311 0.0494878 0.61 
../tests/avg_r4_2304/avg10_0.mtx 1.5 589.548 0.0357747 0.47 
../tests/avg_r4_2304/avg10_0.mtx 1.6 547.562 0.0197895 0.255 
../tests/avg_r4_2304/avg10_0.mtx 1.7 704.659 0.0104199 0.14 
../tests/avg_r4_2304/avg10_0.mtx 1.8 979.857 0.00474881 0.0675 
../tests/avg_r4_2304/avg10_0.mtx 1.9 1424.82 0.00229357 0.03125 
../tests/avg_r4_2304/avg10_0.mtx 2 2672.25 0.000873047 0.013 
../tests/avg_r4_2304/avg10_0.mtx 2.1 5361.67 0.000318125 0.00520408 
../tests/avg_r4_2304/avg10_0.mtx 2.2 19376 7.39433e-05 0.00114155 
../tests/avg_r4_2304/avg10_0.mtx 2.3 53879.2 2.16109e-05 0.000359454 
../tests/avg_r4_2304/avg10_0.mtx 2.4 0 -1 -1 
../tests/avg_r4_2304/avg10_0.mtx 2.5 0 -1 -1 
../tests/avg_r4_2304/avg10_0.mtx 2.6 0 -1 -1 
../tests/avg_r4_2304/avg10_0.mtx 2.7 0 -1 -1 
../tests/avg_r4_2304/avg10_0.mtx 2.8 0 -1 -1 
../tests/avg_r4_2304/avg10_0.mtx 2.9 0 -1 -1 
../tests/avg_r4_2304/avg10_0.mtx 3 0 -1 -1 
../tests/avg_r4_2304/avg10_0.mtx 3.1 0 -1 -1 
../tests/avg_r4_2304/avg10_0.mtx 3.2 0 -1 -1 
../tests/avg_r4_2304/avg10_0.mtx 3.3 0 -1 -1 
../tests/avg_r4_2304/avg10_0.mtx 3.4 0 -1 -1 
../tests/avg_r4_2304/avg10_0.mtx 3.5 0 -1 -1 
../tests/avg_r4_2304/avg10_0.mtx 3.6 0 -1 -1 
../tests/avg_r4_2304/avg10_0.mtx 3.7 0 -1 -1 
../tests/avg_r4_2304/avg10_0.mtx 3.8 0 -1 -1 
../tests/avg_r4_2304/avg10_0.mtx 3.9 0 -1 -1 
../tests/avg_r4_2304/avg10_0.mtx 4 0 -1 -1 
../tests/avg_r4_2304/avg10_0.mtx 4.1 0 -1 -1 
../tests/avg_r4_2304/avg10_0.mtx 4.2 0 -1 -1 
../tests/avg_r4_2304/avg10_0.mtx 4.3 0 -1 -1 
../tests/avg_r4_2304/avg10_0.mtx 4.4 0 -1 -1 
../tests/avg_r4_2304/avg10_0.mtx 4.5 0 -1 -1 
../tests/avg_r4_2304/avg10_0.mtx 4.6 0 -1 -1 
../tests/avg_r4_2304/avg10_0.mtx 4.7 0 -1 -1 
../tests/avg_r4_2304/avg10_0.mtx 4.8 0 -1 -1 
../tests/avg_r4_2304/avg10_0.mtx 4.9 0 -1 -1 
../tests/avg_r4_2304/avg10_0.mtx 5 0 -1 -1 
../tests/avg_r4_2304/avg1_0.mtx 1 510.148 0.0860938 0.94 
../tests/avg_r4_2304/avg1_0.mtx 1.1 470.576 0.0757422 0.87 
../tests/avg_r4_2304/avg1_0.mtx 1.2 459.707 0.0648915 0.82 
../tests/avg_r4_2304/avg1_0.mtx 1.3 436.787 0.0481554 0.65 
../tests/avg_r4_2304/avg1_0.mtx 1.4 538.365 0.0325152 0.455 
../tests/avg_r4_2304/avg1_0.mtx 1.5 496.868 0.0181793 0.27 
../tests/avg_r4_2304/avg1_0.mtx 1.6 631.354 0.00923286 0.145 
../tests/avg_r4_2304/avg1_0.mtx 1.7 930.826 0.00415027 0.0633333 
../tests/avg_r4_2304/avg1_0.mtx 1.8 1216.1 0.00208304 0.0333333 
../tests/avg_r4_2304/avg1_0.mtx 1.9 2895.42 0.000563889 0.01 
../tests/avg_r4_2304/avg1_0.mtx 2 5719.57 0.000254333 0.00409836 
../tests/avg_r4_2304/avg1_0.mtx 2.1 17167.3 6.18683e-05 0.00111607 
../tests/avg_r4_2304/avg1_0.mtx 2.2 57877.3 1.5252e-05 0.000286862 
../tests/avg_r4_2304/avg1_0.mtx 2.3 0 -1 -1 
../tests/avg_r4_2304/avg1_0.mtx 2.4 0 -1 -1 
../tests/avg_r4_2304/avg1_0.mtx 2.5 0 -1 -1 
../tests/avg_r4_2304/avg1_0.mtx 2.6 0 -1 -1 
../tests/avg_r4_2304/avg1_0.mtx 2.7 0 -1 -1 
../tests/avg_r4_2304/avg1_0.mtx 2.8 0 -1 -1 
../tests/avg_r4_2304/avg1_0.mtx 2.9 0 -1 -1 
../tests/avg_r4_2304/avg1_0.mtx 3 0 -1 -1 
../tests/avg_r4_2304/avg1_0.mtx 3.1 0 -1 -1 
../tests/avg_r4_2304/avg1_0.mtx 3.2 0 -1 -1 
../tests/avg_r4_2304/avg1_0.mtx 3.3 0 -1 -1 
../tests/avg_r4_2304/avg1_0.mtx 3.4 0 -1 -1 
../tests/avg_r4_2304/avg1_0.mtx 3.5 0 -1 -1 
../tests/avg_r4_2304/avg1_0.mtx 3.6 0 -1 -1 
../tests/avg_r4_2304/avg1_0.mtx 3.7 0 -1 -1 
../tests/avg_r4_2304/avg1_0.mtx 3.8 0 -1 -1 
../tests/avg_r4_2304/avg1_0.mtx 3.9 0 -1 -1 
../tests/avg_r4_2304/avg1_0.mtx 4 0 -1 -1 
../tests/avg_r4_2304/avg1_0.mtx 4.1 0 -1 -1 
../tests/avg_r4_2304/avg1_0.mtx 4.2 0 -1 -1 
../tests/avg_r4_2304/avg1_0.mtx 4.3 0 -1 -1 
../tests/avg_r4_2304/avg1_0.mtx 4.4 0 -1 -1 
../tests/avg_r4_2304/avg1_0.mtx 4.5 0 -1 -1 
../tests/avg_r4_2304/avg1_0.mtx 4.6 0 -1 -1 
../tests/avg_r4_2304/avg1_0.mtx 4.7 0 -1 -1 
../tests/avg_r4_2304/avg1_0.mtx 4.8 0 -1 -1 
../tests/avg_r4_2304/avg1_0.mtx 4.9 0 -1 -1 
../tests/avg_r4_2304/avg1_0.mtx 5 0 -1 -1 
../tests/avg_r4_2304/avg2_0.mtx 1 467.467 0.0712543 0.83 
../tests/avg_r4_2304/avg2_0.mtx 1.1 423.371 0.057309 0.71 
../tests/avg_r4_2304/avg2_0.mtx 1.2 408.829 0.0458941 0.61 
../tests/avg_r4_2304/avg2_0.mtx 1.3 508.757 0.0326997 0.45 
../tests/avg_r4_2304/avg2_0.mtx 1.4 487.921 0.0204948 0.29 
../tests/avg_r4_2304/avg2_0.mtx 1.5 617.597 0.00936957 0.1425 
../tests/avg_r4_2304/avg2_0.mtx 1.6 836.937 0.00461209 0.06875 
../tests/avg_r4_2304/avg2_0.mtx 1.7 1169.18 0.00219649 0.0371429 
../tests/avg_r4_2304/avg2_0.mtx 1.8 3127.63 0.000572064 0.00910714 
../tests/avg_r4_2304/avg2_0.mtx 1.9 5351.16 0.000264526 0.00442478 
../tests/avg_r4_2304/avg2_0.mtx 2 15090.7 7.46641e-05 0.0012987 
../tests/avg_r4_2304/avg2_0.mtx 2.1 53642.6 1.77686e-05 0.000321543 
../tests/avg_r4_2304/avg2_0.mtx 2.2 0 -1 -1 
../tests/avg_r4_2304/avg2_0.mtx 2.3 0 -1 -1 
../tests/avg_r4_2304/avg2_0.mtx 2.4 0 -1 -1 
../tests/avg_r4_2304/avg2_0.mtx 2.5 0 -1 -1 
../tests/avg_r4_2304/avg2_0.mtx 2.6 0 -1 -1 
../tests/avg_r4_2304/avg2_0.mtx 2.7 0 -1 -1 
../tests/avg_r4_2304/avg2_0.mtx 2.8 0 -1 -1 
../tests/avg_r4_2304/avg2_0.mtx 2.9 0 -1 -1 
../tests/avg_r4_2304/avg2_0.mtx 3 0 -1 -1 
../tests/avg_r4_2304/avg2_0.mtx 3.1 0 -1 -1 
../tests/avg_r4_2304/avg2_0.mtx 3.2 0 -1 -1 
../tests/avg_r4_2304/avg2_0.mtx 3.3 0 -1 -1 
../tests/avg_r4_2304/avg2_0.mtx 3.4 0 -1 -1 
../tests/avg_r4_2304/avg2_0.mtx 3.5 0 -1 -1 
../tests/avg_r4_2304/avg2_0.mtx 3.6 0 -1 -1 
../tests/avg_r4_2304/avg2_0.mtx 3.7 0 -1 -1 
../tests/avg_r4_2304/avg2_0.mtx 3.8 0 -1 -1 
../tests/avg_r4_2304/avg2_0.mtx 3.9 0 -1 -1 
../tests/avg_r4_2304/avg2_0.mtx 4 0 -1 -1 
../tests/avg_r4_2304/avg2_0.mtx 4.1 0 -1 -1 
../tests/avg_r4_2304/avg2_0.mtx 4.2 0 -1 -1 
../tests/avg_r4_2304/avg2_0.mtx 4.3 0 -1 -1 
../tests/avg_r4_2304/avg2_0.mtx 4.4 0 -1 -1 
../tests/avg_r4_2304/avg2_0.mtx 4.5 0 -1 -1 
../tests/avg_r4_2304/avg2_0.mtx 4.6 0 -1 -1 
../tests/avg_r4_2304/avg2_0.mtx 4.7 0 -1 -1 
../tests/avg_r4_2304/avg2_0.mtx 4.8 0 -1 -1 
../tests/avg_r4_2304/avg2_0.mtx 4.9 0 -1 -1 
../tests/avg_r4_2304/avg2_0.mtx 5 0 -1 -1 
../tests/avg_r4_2304/avg3_0.mtx 1 478.818 0.08398 0.94 
../tests/avg_r4_2304/avg3_0.mtx 1.1 436.336 0.0720356 0.85 
../tests/avg_r4_2304/avg3_0.mtx 1.2 421.09 0.0574349 0.7 
../tests/avg_r4_2304/avg3_0.mtx 1.3 394.939 0.0441623 0.56 
../tests/avg_r4_2304/avg3_0.mtx 1.4 491.209 0.024911 0.345 
../tests/avg_r4_2304/avg3_0.mtx 1.5 558.955 0.0136994 0.186667 
../tests/avg_r4_2304/avg3_0.mtx 1.6 646.083 0.0073533 0.11 
../tests/avg_r4_2304/avg3_0.mtx 1.7 1018.76 0.00304885 0.0472727 
../tests/avg_r4_2304/avg3_0.mtx 1.8 1483.26 0.00156023 0.0242857 
../tests/avg_r4_2304/avg3_0.mtx 1.9 3083.62 0.000536139 0.00877193 
../tests/avg_r4_2304/avg3_0.mtx 2 9303.27 0.000127117 0.0022831 
../tests/avg_r4_2304/avg3_0.mtx 2.1 23343.9 4.23535e-05 0.000784929 
../tests/avg_r4_2304/avg3_0.mtx 2.2 0 -1 -1 
../tests/avg_r4_2304/avg3_0.mtx 2.3 0 -1 -1 
../tests/avg_r4_2304/avg3_0.mtx 2.4 0 -1 -1 
../tests/avg_r4_2304/avg3_0.mtx 2.5 0 -1 -1 
../tests/avg_r4_2304/avg3_0.mtx 2.6 0 -1 -1 
../tests/avg_r4_2304/avg3_0.mtx 2.7 0 -1 -1 
../tests/avg_r4_2304/avg3_0.mtx 2.8 0 -1 -1 
../tests/avg_r4_2304/avg3_0.mtx 2.9 0 -1 -1 
../tests/avg_r4_2304/avg3_0.mtx 3 0 -1 -1 
../tests/avg_r4_2304/avg3_0.mtx 3.1 0 -1 -1 
../tests/avg_r4_2304/avg3_0.mtx 3.2 0 -1 -1 
../tests/avg_r4_2304/avg3_0.mtx 3.3 0 -1 -1 
../tests/avg_r4_2304/avg3_0.mtx 3.4 0 -1 -1 
../tests/avg_r4_2304/avg3_0.mtx 3.5 0 -1 -1 
../tests/avg_r4_2304/avg3_0.mtx 3.6 0 -1 -1 
../tests/avg_r4_2304/avg3_0.mtx 3.7 0 -1 -1 
../tests/avg_r4_2304/avg3_0.mtx 3.8 0 -1 -1 
../tests/avg_r4_2304/avg3_0.mtx 3.9 0 -1 -1 
../tests/avg_r4_2304/avg3_0.mtx 4 0 -1 -1 
../tests/avg_r4_2304/avg3_0.mtx 4.1 0 -1 -1 
../tests/avg_r4_2304/avg3_0.mtx 4.2 0 -1 -1 
../tests/avg_r4_2304/avg3_0.mtx 4.3 0 -1 -1 
../tests/avg_r4_2304/avg3_0.mtx 4.4 0 -1 -1 
../tests/avg_r4_2304/avg3_0.mtx 4.5 0 -1 -1 
../tests/avg_r4_2304/avg3_0.mtx 4.6 0 -1 -1 
../tests/avg_r4_2304/avg3_0.mtx 4.7 0 -1 -1 
../tests/avg_r4_2304/avg3_0.mtx 4.8 0 -1 -1 
../tests/avg_r4_2304/avg3_0.mtx 4.9 0 -1 -1 
../tests/avg_r4_2304/avg3_0.mtx 5 0 -1 -1 
../tests/avg_r4_2304/avg4_0.mtx 1 494.819 0.0874696 0.94 
../tests/avg_r4_2304/avg4_0.mtx 1.1 451.766 0.0763281 0.85 
../tests/avg_r4_2304/avg4_0.mtx 1.2 432.919 0.0651345 0.77 
../tests/avg_r4_2304/avg4_0.mtx 1.3 417.468 0.0524392 0.66 
../tests/avg_r4_2304/avg4_0.mtx 1.4 529.277 0.0345356 0.46 
../tests/avg_r4_2304/avg4_0.mtx 1.5 485.856 0.0187739 0.26 
../tests/avg_r4_2304/avg4_0.mtx 1.6 624.842 0.0104698 0.155 
../tests/avg_r4_2304/avg4_0.mtx 1.7 818.459 0.00551339 0.08 
../tests/avg_r4_2304/avg4_0.mtx 1.8 1186.43 0.00256448 0.0392857 
../tests/avg_r4_2304/avg4_0.mtx 1.9 3091.56 0.000588191 0.00961538 
../tests/avg_r4_2304/avg4_0.mtx 2 6197.86 0.000230718 0.00393701 
../tests/avg_r4_2304/avg4_0.mtx 2.1 16578.6 7.07799e-05 0.00124069 
../tests/avg_r4_2304/avg4_0.mtx 2.2 33968.8 2.67381e-05 0.00053135 
../tests/avg_r4_2304/avg4_0.mtx 2.3 0 -1 -1 
../tests/avg_r4_2304/avg4_0.mtx 2.4 0 -1 -1 
../tests/avg_r4_2304/avg4_0.mtx 2.5 0 -1 -1 
../tests/avg_r4_2304/avg4_0.mtx 2.6 0 -1 -1 
../tests/avg_r4_2304/avg4_0.mtx 2.7 0 -1 -1 
../tests/avg_r4_2304/avg4_0.mtx 2.8 0 -1 -1 
../tests/avg_r4_2304/avg4_0.mtx 2.9 0 -1 -1 
../tests/avg_r4_2304/avg4_0.mtx 3 0 -1 -1 
../tests/avg_r4_2304/avg4_0.mtx 3.1 0 -1 -1 
../tests/avg_r4_2304/avg4_0.mtx 3.2 0 -1 -1 
../tests/avg_r4_2304/avg4_0.mtx 3.3 0 -1 -1 
../tests/avg_r4_2304/avg4_0.mtx 3.4 0 -1 -1 
../tests/avg_r4_2304/avg4_0.mtx 3.5 0 -1 -1 
../tests/avg_r4_2304/avg4_0.mtx 3.6 0 -1 -1 
../tests/avg_r4_2304/avg4_0.mtx 3.7 0 -1 -1 
../tests/avg_r4_2304/avg4_0.mtx 3.8 0 -1 -1 
../tests/avg_r4_2304/avg4_0.mtx 3.9 0 -1 -1 
../tests/avg_r4_2304/avg4_0.mtx 4 0 -1 -1 
../tests/avg_r4_2304/avg4_0.mtx 4.1 0 -1 -1 
../tests/avg_r4_2304/avg4_0.mtx 4.2 0 -1 -1 
../tests/avg_r4_2304/avg4_0.mtx 4.3 0 -1 -1 
../tests/avg_r4_2304/avg4_0.mtx 4.4 0 -1 -1 
../tests/avg_r4_2304/avg4_0.mtx 4.5 0 -1 -1 
../tests/avg_r4_2304/avg4_0.mtx 4.6 0 -1 -1 
../tests/avg_r4_2304/avg4_0.mtx 4.7 0 -1 -1 
../tests/avg_r4_2304/avg4_0.mtx 4.8 0 -1 -1 
../tests/avg_r4_2304/avg4_0.mtx 4.9 0 -1 -1 
../tests/avg_r4_2304/avg4_0.mtx 5 0 -1 -1 
../tests/avg_r4_2304/avg5_0.mtx 1 529.608 0.0900174 0.96 
../tests/avg_r4_2304/avg5_0.mtx 1.1 474.534 0.0786285 0.91 
../tests/avg_r4_2304/avg5_0.mtx 1.2 449.444 0.0629557 0.78 
../tests/avg_r4_2304/avg5_0.mtx 1.3 429.808 0.0453819 0.59 
../tests/avg_r4_2304/avg5_0.mtx 1.4 536.124 0.0294987 0.39 
../tests/avg_r4_2304/avg5_0.mtx 1.5 611.978 0.0177431 0.246667 
../tests/avg_r4_2304/avg5_0.mtx 1.6 631.86 0.00986545 0.14 
../tests/avg_r4_2304/avg5_0.mtx 1.7 723.062 0.00540437 0.0833333 
../tests/avg_r4_2304/avg5_0.mtx 1.8 1279.38 0.00220323 0.0325 
../tests/avg_r4_2304/avg5_0.mtx 1.9 2959.45 0.000634549 0.01 
../tests/avg_r4_2304/avg5_0.mtx 2 5672.52 0.000263223 0.00431034 
../tests/avg_r4_2304/avg5_0.mtx 2.1 13820.1 8.31823e-05 0.00150442 
../tests/avg_r4_2304/avg5_0.mtx 2.2 55739.6 1.72208e-05 0.000316857 
../tests/avg_r4_2304/avg5_0.mtx 2.3 0 -1 -1 
../tests/avg_r4_2304/avg5_0.mtx 2.4 0 -1 -1 
../tests/avg_r4_2304/avg5_0.mtx 2.5 0 -1 -1 
../tests/avg_r4_2304/avg5_0.mtx 2.6 0 -1 -1 
../tests/avg_r4_2304/avg5_0.mtx 2.7 0 -1 -1 
../tests/avg_r4_2304/avg5_0.mtx 2.8 0 -1 -1 
../tests/avg_r4_2304/avg5_0.mtx 2.9 0 -1 -1 
../tests/avg_r4_2304/avg5_0.mtx 3 0 -1 -1 
../tests/avg_r4_2304/avg5_0.mtx 3.1 0 -1 -1 
../tests/avg_r4_2304/avg5_0.mtx 3.2 0 -1 -1 
../tests/avg_r4_2304/avg5_0.mtx 3.3 0 -1 -1 
../tests/avg_r4_2304/avg5_0.mtx 3.4 0 -1 -1 
../tests/avg_r4_2304/avg5_0.mtx 3.5 0 -1 -1 
../tests/avg_r4_2304/avg5_0.mtx 3.6 0 -1 -1 
../tests/avg_r4_2304/avg5_0.mtx 3.7 0 -1 -1 
../tests/avg_r4_2304/avg5_0.mtx 3.8 0 -1 -1 
../tests/avg_r4_2304/avg5_0.mtx 3.9 0 -1 -1 
../tests/avg_r4_2304/avg5_0.mtx 4 0 -1 -1 
../tests/avg_r4_2304/avg5_0.mtx 4.1 0 -1 -1 
../tests/avg_r4_2304/avg5_0.mtx 4.2 0 -1 -1 
../tests/avg_r4_2304/avg5_0.mtx 4.3 0 -1 -1 
../tests/avg_r4_2304/avg5_0.mtx 4.4 0 -1 -1 
../tests/avg_r4_2304/avg5_0.mtx 4.5 0 -1 -1 
../tests/avg_r4_2304/avg5_0.mtx 4.6 0 -1 -1 
../tests/avg_r4_2304/avg5_0.mtx 4.7 0 -1 -1 
../tests/avg_r4_2304/avg5_0.mtx 4.8 0 -1 -1 
../tests/avg_r4_2304/avg5_0.mtx 4.9 0 -1 -1 
../tests/avg_r4_2304/avg5_0.mtx 5 0 -1 -1 
../tests/avg_r4_2304/avg6_0.mtx 1 466.264 0.0903863 0.95 
../tests/avg_r4_2304/avg6_0.mtx 1.1 434.011 0.0786285 0.86 
../tests/avg_r4_2304/avg6_0.mtx 1.2 419.755 0.0700521 0.83 
../tests/avg_r4_2304/avg6_0.mtx 1.3 394.756 0.0533767 0.67 
../tests/avg_r4_2304/avg6_0.mtx 1.4 526.325 0.0406532 0.53 
../tests/avg_r4_2304/avg6_0.mtx 1.5 478.367 0.0265256 0.38 
../tests/avg_r4_2304/avg6_0.mtx 1.6 556.034 0.0136024 0.186667 
../tests/avg_r4_2304/avg6_0.mtx 1.7 676.094 0.00841667 0.118 
../tests/avg_r4_2304/avg6_0.mtx 1.8 977.581 0.00370833 0.053 
../tests/avg_r4_2304/avg6_0.mtx 1.9 1680.01 0.00145286 0.0221739 
../tests/avg_r4_2304/avg6_0.mtx 2 3749.69 0.000472248 0.00761194 
../tests/avg_r4_2304/avg6_0.mtx 2.1 12892.3 0.000111721 0.00170648 
../tests/avg_r4_2304/avg6_0.mtx 2.2 36022.6 3.02573e-05 0.000531915 
../tests/avg_r4_2304/avg6_0.mtx 2.3 0 -1 -1 
../tests/avg_r4_2304/avg6_0.mtx 2.4 0 -1 -1 
../tests/avg_r4_2304/avg6_0.mtx 2.5 0 -1 -1 
../tests/avg_r4_2304/avg6_0.mtx 2.6 0 -1 -1 
../tests/avg_r4_2304/avg6_0.mtx 2.7 0 -1 -1 
../tests/avg_r4_2304/avg6_0.mtx 2.8 0 -1 -1 
../tests/avg_r4_2304/avg6_0.mtx 2.9 0 -1 -1 
../tests/avg_r4_2304/avg6_0.mtx 3 0 -1 -1 
../tests/avg_r4_2304/avg6_0.mtx 3.1 0 -1 -1 
../tests/avg_r4_2304/avg6_0.mtx 3.2 0 -1 -1 
../tests/avg_r4_2304/avg6_0.mtx 3.3 0 -1 -1 
../tests/avg_r4_2304/avg6_0.mtx 3.4 0 -1 -1 
../tests/avg_r4_2304/avg6_0.mtx 3.5 0 -1 -1 
../tests/avg_r4_2304/avg6_0.mtx 3.6 0 -1 -1 
../tests/avg_r4_2304/avg6_0.mtx 3.7 0 -1 -1 
../tests/avg_r4_2304/avg6_0.mtx 3.8 0 -1 -1 
../tests/avg_r4_2304/avg6_0.mtx 3.9 0 -1 -1 
../tests/avg_r4_2304/avg6_0.mtx 4 0 -1 -1 
../tests/avg_r4_2304/avg6_0.mtx 4.1 0 -1 -1 
../tests/avg_r4_2304/avg6_0.mtx 4.2 0 -1 -1 
../tests/avg_r4_2304/avg6_0.mtx 4.3 0 -1 -1 
../tests/avg_r4_2304/avg6_0.mtx 4.4 0 -1 -1 
../tests/avg_r4_2304/avg6_0.mtx 4.5 0 -1 -1 
../tests/avg_r4_2304/avg6_0.mtx 4.6 0 -1 -1 
../tests/avg_r4_2304/avg6_0.mtx 4.7 0 -1 -1 
../tests/avg_r4_2304/avg6_0.mtx 4.8 0 -1 -1 
../tests/avg_r4_2304/avg6_0.mtx 4.9 0 -1 -1 
../tests/avg_r4_2304/avg6_0.mtx 5 0 -1 -1 
../tests/avg_r4_2304/avg7_0.mtx 1 543.58 0.0887153 0.94 
../tests/avg_r4_2304/avg7_0.mtx 1.1 489.232 0.0786806 0.88 
../tests/avg_r4_2304/avg7_0.mtx 1.2 478.494 0.0665234 0.81 
../tests/avg_r4_2304/avg7_0.mtx 1.3 454.571 0.0486675 0.62 
../tests/avg_r4_2304/avg7_0.mtx 1.4 572.945 0.0390191 0.505 
../tests/avg_r4_2304/avg7_0.mtx 1.5 541.713 0.0235265 0.34 
../tests/avg_r4_2304/avg7_0.mtx 1.6 599.714 0.0112703 0.17 
../tests/avg_r4_2304/avg7_0.mtx 1.7 797.259 0.00580874 0.0866667 
../tests/avg_r4_2304/avg7_0.mtx 1.8 991.482 0.00329948 0.051 
../tests/avg_r4_2304/avg7_0.mtx 1.9 2047.44 0.00114703 0.0175862 
../tests/avg_r4_2304/avg7_0.mtx 2 4014.89 0.000421899 0.00684932 
../tests/avg_r4_2304/avg7_0.mtx 2.1 13616.3 9.7469e-05 0.00159744 
../tests/avg_r4_2304/avg7_0.mtx 2.2 31903.4 3.15503e-05 0.000590319 
../tests/avg_r4_2304/avg7_0.mtx 2.3 0 -1 -1 
../tests/avg_r4_2304/avg7_0.mtx 2.4 0 -1 -1 
../tests/avg_r4_2304/avg7_0.mtx 2.5 0 -1 -1 
../tests/avg_r4_2304/avg7_0.mtx 2.6 0 -1 -1 
../tests/avg_r4_2304/avg7_0.mtx 2.7 0 -1 -1 
../tests/avg_r4_2304/avg7_0.mtx 2.8 0 -1 -1 
../tests/avg_r4_2304/avg7_0.mtx 2.9 0 -1 -1 
../tests/avg_r4_2304/avg7_0.mtx 3 0 -1 -1 
../tests/avg_r4_2304/avg7_0.mtx 3.1 0 -1 -1 
../tests/avg_r4_2304/avg7_0.mtx 3.2 0 -1 -1 
../tests/avg_r4_2304/avg7_0.mtx 3.3 0 -1 -1 
../tests/avg_r4_2304/avg7_0.mtx 3.4 0 -1 -1 
../tests/avg_r4_2304/avg7_0.mtx 3.5 0 -1 -1 
../tests/avg_r4_2304/avg7_0.mtx 3.6 0 -1 -1 
../tests/avg_r4_2304/avg7_0.mtx 3.7 0 -1 -1 
../tests/avg_r4_2304/avg7_0.mtx 3.8 0 -1 -1 
../tests/avg_r4_2304/avg7_0.mtx 3.9 0 -1 -1 
../tests/avg_r4_2304/avg7_0.mtx 4 0 -1 -1 
../tests/avg_r4_2304/avg7_0.mtx 4.1 0 -1 -1 
../tests/avg_r4_2304/avg7_0.mtx 4.2 0 -1 -1 
../tests/avg_r4_2304/avg7_0.mtx 4.3 0 -1 -1 
../tests/avg_r4_2304/avg7_0.mtx 4.4 0 -1 -1 
../tests/avg_r4_2304/avg7_0.mtx 4.5 0 -1 -1 
../tests/avg_r4_2304/avg7_0.mtx 4.6 0 -1 -1 
../tests/avg_r4_2304/avg7_0.mtx 4.7 0 -1 -1 
../tests/avg_r4_2304/avg7_0.mtx 4.8 0 -1 -1 
../tests/avg_r4_2304/avg7_0.mtx 4.9 0 -1 -1 
../tests/avg_r4_2304/avg7_0.mtx 5 0 -1 -1 
../tests/avg_r4_2304/avg8_0.mtx 1 543.898 0.0893576 0.93 
../tests/avg_r4_2304/avg8_0.mtx 1.1 493.47 0.0801476 0.88 
../tests/avg_r4_2304/avg8_0.mtx 1.2 469.815 0.0679427 0.8 
../tests/avg_r4_2304/avg8_0.mtx 1.3 450.065 0.0500694 0.62 
../tests/avg_r4_2304/avg8_0.mtx 1.4 565.017 0.0381749 0.49 
../tests/avg_r4_2304/avg8_0.mtx 1.5 538.309 0.0243012 0.325 
../tests/avg_r4_2304/avg8_0.mtx 1.6 583.277 0.0136169 0.193333 
../tests/avg_r4_2304/avg8_0.mtx 1.7 772.463 0.00601562 0.0883333 
../tests/avg_r4_2304/avg8_0.mtx 1.8 1145.93 0.00285012 0.045 
../tests/avg_r4_2304/avg8_0.mtx 1.9 2279.4 0.00100089 0.0151515 
../tests/avg_r4_2304/avg8_0.mtx 2 4986.58 0.000320704 0.00571429 
../tests/avg_r4_2304/avg8_0.mtx 2.1 13134.1 0.000101524 0.00173469 
../tests/avg_r4_2304/avg8_0.mtx 2.2 38180.3 2.84699e-05 0.000504032 
../tests/avg_r4_2304/avg8_0.mtx 2.3 0 -1 -1 
../tests/avg_r4_2304/avg8_0.mtx 2.4 0 -1 -1 
../tests/avg_r4_2304/avg8_0.mtx 2.5 0 -1 -1 
../tests/avg_r4_2304/avg8_0.mtx 2.6 0 -1 -1 
../tests/avg_r4_2304/avg8_0.mtx 2.7 0 -1 -1 
../tests/avg_r4_2304/avg8_0.mtx 2.8 0 -1 -1 
../tests/avg_r4_2304/avg8_0.mtx 2.9 0 -1 -1 
../tests/avg_r4_2304/avg8_0.mtx 3 0 -1 -1 
../tests/avg_r4_2304/avg8_0.mtx 3.1 0 -1 -1 
../tests/avg_r4_2304/avg8_0.mtx 3.2 0 -1 -1 
../tests/avg_r4_2304/avg8_0.mtx 3.3 0 -1 -1 
../tests/avg_r4_2304/avg8_0.mtx 3.4 0 -1 -1 
../tests/avg_r4_2304/avg8_0.mtx 3.5 0 -1 -1 
../tests/avg_r4_2304/avg8_0.mtx 3.6 0 -1 -1 
../tests/avg_r4_2304/avg8_0.mtx 3.7 0 -1 -1 
../tests/avg_r4_2304/avg8_0.mtx 3.8 0 -1 -1 
../tests/avg_r4_2304/avg8_0.mtx 3.9 0 -1 -1 
../tests/avg_r4_2304/avg8_0.mtx 4 0 -1 -1 
../tests/avg_r4_2304/avg8_0.mtx 4.1 0 -1 -1 
../tests/avg_r4_2304/avg8_0.mtx 4.2 0 -1 -1 
../tests/avg_r4_2304/avg8_0.mtx 4.3 0 -1 -1 
../tests/avg_r4_2304/avg8_0.mtx 4.4 0 -1 -1 
../tests/avg_r4_2304/avg8_0.mtx 4.5 0 -1 -1 
../tests/avg_r4_2304/avg8_0.mtx 4.6 0 -1 -1 
../tests/avg_r4_2304/avg8_0.mtx 4.7 0 -1 -1 
../tests/avg_r4_2304/avg8_0.mtx 4.8 0 -1 -1 
../tests/avg_r4_2304/avg8_0.mtx 4.9 0 -1 -1 
../tests/avg_r4_2304/avg8_0.mtx 5 0 -1 -1 
../tests/avg_r4_2304/avg9_0.mtx 1 510.875 0.0868446 0.94 
../tests/avg_r4_2304/avg9_0.mtx 1.1 469.266 0.076862 0.87 
../tests/avg_r4_2304/avg9_0.mtx 1.2 449.709 0.0639497 0.8 
../tests/avg_r4_2304/avg9_0.mtx 1.3 418.335 0.0446615 0.58 
../tests/avg_r4_2304/avg9_0.mtx 1.4 534.255 0.0336871 0.45 
../tests/avg_r4_2304/avg9_0.mtx 1.5 495.326 0.0186111 0.275 
../tests/avg_r4_2304/avg9_0.mtx 1.6 641.884 0.0102517 0.1525 
../tests/avg_r4_2304/avg9_0.mtx 1.7 924.257 0.00425727 0.06875 
../tests/avg_r4_2304/avg9_0.mtx 1.8 1293.64 0.00214988 0.034 
../tests/avg_r4_2304/avg9_0.mtx 1.9 2879.89 0.000682273 0.0108696 
../tests/avg_r4_2304/avg9_0.mtx 2 6395.91 0.000239936 0.00390625 
../tests/avg_r4_2304/avg9_0.mtx 2.1 17477.9 7.04614e-05 0.00120773 
../tests/avg_r4_2304/avg9_0.mtx 2.2 38384.3 2.7508e-05 0.000482625 
../tests/avg_r4_2304/avg9_0.mtx 2.3 0 -1 -1 
../tests/avg_r4_2304/avg9_0.mtx 2.4 0 -1 -1 
../tests/avg_r4_2304/avg9_0.mtx 2.5 0 -1 -1 
../tests/avg_r4_2304/avg9_0.mtx 2.6 0 -1 -1 
../tests/avg_r4_2304/avg9_0.mtx 2.7 0 -1 -1 
../tests/avg_r4_2304/avg9_0.mtx 2.8 0 -1 -1 
../tests/avg_r4_2304/avg9_0.mtx 2.9 0 -1 -1 
../tests/avg_r4_2304/avg9_0.mtx 3 0 -1 -1 
../tests/avg_r4_2304/avg9_0.mtx 3.1 0 -1 -1 
../tests/avg_r4_2304/avg9_0.mtx 3.2 0 -1 -1 
../tests/avg_r4_2304/avg9_0.mtx 3.3 0 -1 -1 
../tests/avg_r4_2304/avg9_0.mtx 3.4 0 -1 -1 
../tests/avg_r4_2304/avg9_0.mtx 3.5 0 -1 -1 
../tests/avg_r4_2304/avg9_0.mtx 3.6 0 -1 -1 
../tests/avg_r4_2304/avg9_0.mtx 3.7 0 -1 -1 
../tests/avg_r4_2304/avg9_0.mtx 3.8 0 -1 -1 
../tests/avg_r4_2304/avg9_0.mtx 3.9 0 -1 -1 
../tests/avg_r4_2304/avg9_0.mtx 4 0 -1 -1 
../tests/avg_r4_2304/avg9_0.mtx 4.1 0 -1 -1 
../tests/avg_r4_2304/avg9_0.mtx 4.2 0 -1 -1 
../tests/avg_r4_2304/avg9_0.mtx 4.3 0 -1 -1 
../tests/avg_r4_2304/avg9_0.mtx 4.4 0 -1 -1 
../tests/avg_r4_2304/avg9_0.mtx 4.5 0 -1 -1 
../tests/avg_r4_2304/avg9_0.mtx 4.6 0 -1 -1 
../tests/avg_r4_2304/avg9_0.mtx 4.7 0 -1 -1 
../tests/avg_r4_2304/avg9_0.mtx 4.8 0 -1 -1 
../tests/avg_r4_2304/avg9_0.mtx 4.9 0 -1 -1 
../tests/avg_r4_2304/avg9_0.mtx 5 0 -1 -1 
