Results
Filename SNR Time(ms) BER FER
../tests/avg_rr3_576/avg10_0.mtx 1 97.2059 0.0618576 0.655 
../tests/avg_rr3_576/avg10_0.mtx 1.1 85.6981 0.0524392 0.565 
../tests/avg_rr3_576/avg10_0.mtx 1.2 79.8274 0.0453993 0.515 
../tests/avg_rr3_576/avg10_0.mtx 1.3 96.5004 0.0333449 0.393333 
../tests/avg_rr3_576/avg10_0.mtx 1.4 110.397 0.0278385 0.34 
../tests/avg_rr3_576/avg10_0.mtx 1.5 105.021 0.0229731 0.28 
../tests/avg_rr3_576/avg10_0.mtx 1.6 114.851 0.0173819 0.22 
../tests/avg_rr3_576/avg10_0.mtx 1.7 123.71 0.0139786 0.186667 
../tests/avg_rr3_576/avg10_0.mtx 1.8 142.507 0.00912326 0.125 
../tests/avg_rr3_576/avg10_0.mtx 1.9 169.142 0.00631787 0.0909091 
../tests/avg_rr3_576/avg10_0.mtx 2 229.604 0.00413194 0.0611765 
../tests/avg_rr3_576/avg10_0.mtx 2.1 319.176 0.00238233 0.0385185 
../tests/avg_rr3_576/avg10_0.mtx 2.2 490.211 0.00128581 0.0208333 
../tests/avg_rr3_576/avg10_0.mtx 2.3 665.804 0.000791136 0.0138889 
../tests/avg_rr3_576/avg10_0.mtx 2.4 905.155 0.000512468 0.00909091 
../tests/avg_rr3_576/avg10_0.mtx 2.5 1410.83 0.000301193 0.00517949 
../tests/avg_rr3_576/avg10_0.mtx 2.6 1835.91 0.000216097 0.00352113 
../tests/avg_rr3_576/avg10_0.mtx 2.7 3026.93 0.00010397 0.00189036 
../tests/avg_rr3_576/avg10_0.mtx 2.8 4972.43 5.04307e-05 0.00102354 
../tests/avg_rr3_576/avg10_0.mtx 2.9 8468.5 2.64326e-05 0.000542594 
../tests/avg_rr3_576/avg10_0.mtx 3 0 -1 -1 
../tests/avg_rr3_576/avg10_0.mtx 3.1 0 -1 -1 
../tests/avg_rr3_576/avg10_0.mtx 3.2 0 -1 -1 
../tests/avg_rr3_576/avg10_0.mtx 3.3 0 -1 -1 
../tests/avg_rr3_576/avg10_0.mtx 3.4 0 -1 -1 
../tests/avg_rr3_576/avg10_0.mtx 3.5 0 -1 -1 
../tests/avg_rr3_576/avg10_0.mtx 3.6 0 -1 -1 
../tests/avg_rr3_576/avg10_0.mtx 3.7 0 -1 -1 
../tests/avg_rr3_576/avg10_0.mtx 3.8 0 -1 -1 
../tests/avg_rr3_576/avg10_0.mtx 3.9 0 -1 -1 
../tests/avg_rr3_576/avg10_0.mtx 4 0 -1 -1 
../tests/avg_rr3_576/avg10_0.mtx 4.1 0 -1 -1 
../tests/avg_rr3_576/avg10_0.mtx 4.2 0 -1 -1 
../tests/avg_rr3_576/avg10_0.mtx 4.3 0 -1 -1 
../tests/avg_rr3_576/avg10_0.mtx 4.4 0 -1 -1 
../tests/avg_rr3_576/avg10_0.mtx 4.5 0 -1 -1 
../tests/avg_rr3_576/avg10_0.mtx 4.6 0 -1 -1 
../tests/avg_rr3_576/avg10_0.mtx 4.7 0 -1 -1 
../tests/avg_rr3_576/avg10_0.mtx 4.8 0 -1 -1 
../tests/avg_rr3_576/avg10_0.mtx 4.9 0 -1 -1 
../tests/avg_rr3_576/avg10_0.mtx 5 0 -1 -1 
../tests/avg_rr3_576/avg11_0.mtx 1 83.6714 0.0563628 0.68 
../tests/avg_rr3_576/avg11_0.mtx 1.1 78.7181 0.0489931 0.61 
../tests/avg_rr3_576/avg11_0.mtx 1.2 75.2907 0.0411198 0.54 
../tests/avg_rr3_576/avg11_0.mtx 1.3 97.8035 0.0334722 0.44 
../tests/avg_rr3_576/avg11_0.mtx 1.4 91.5852 0.0259722 0.353333 
../tests/avg_rr3_576/avg11_0.mtx 1.5 105.532 0.0217535 0.3 
../tests/avg_rr3_576/avg11_0.mtx 1.6 116.95 0.0158681 0.224 
../tests/avg_rr3_576/avg11_0.mtx 1.7 123.15 0.0111487 0.166667 
../tests/avg_rr3_576/avg11_0.mtx 1.8 160.564 0.00804012 0.122222 
../tests/avg_rr3_576/avg11_0.mtx 1.9 189.948 0.00604311 0.0891667 
../tests/avg_rr3_576/avg11_0.mtx 2 212.254 0.00431366 0.068 
../tests/avg_rr3_576/avg11_0.mtx 2.1 262.451 0.0026918 0.0480952 
../tests/avg_rr3_576/avg11_0.mtx 2.2 409.644 0.00160848 0.0275676 
../tests/avg_rr3_576/avg11_0.mtx 2.3 578.058 0.000966337 0.0169492 
../tests/avg_rr3_576/avg11_0.mtx 2.4 670.337 0.00070641 0.0135135 
../tests/avg_rr3_576/avg11_0.mtx 2.5 1048.57 0.000392909 0.00766917 
../tests/avg_rr3_576/avg11_0.mtx 2.6 1599.36 0.000203704 0.00444444 
../tests/avg_rr3_576/avg11_0.mtx 2.7 2094.69 0.000135732 0.0030303 
../tests/avg_rr3_576/avg11_0.mtx 2.8 3033.83 8.12757e-05 0.00185185 
../tests/avg_rr3_576/avg11_0.mtx 2.9 4571.37 4.6125e-05 0.00109649 
../tests/avg_rr3_576/avg11_0.mtx 3 6349.36 2.44207e-05 0.000720981 
../tests/avg_rr3_576/avg11_0.mtx 3.1 0 -1 -1 
../tests/avg_rr3_576/avg11_0.mtx 3.2 0 -1 -1 
../tests/avg_rr3_576/avg11_0.mtx 3.3 0 -1 -1 
../tests/avg_rr3_576/avg11_0.mtx 3.4 0 -1 -1 
../tests/avg_rr3_576/avg11_0.mtx 3.5 0 -1 -1 
../tests/avg_rr3_576/avg11_0.mtx 3.6 0 -1 -1 
../tests/avg_rr3_576/avg11_0.mtx 3.7 0 -1 -1 
../tests/avg_rr3_576/avg11_0.mtx 3.8 0 -1 -1 
../tests/avg_rr3_576/avg11_0.mtx 3.9 0 -1 -1 
../tests/avg_rr3_576/avg11_0.mtx 4 0 -1 -1 
../tests/avg_rr3_576/avg11_0.mtx 4.1 0 -1 -1 
../tests/avg_rr3_576/avg11_0.mtx 4.2 0 -1 -1 
../tests/avg_rr3_576/avg11_0.mtx 4.3 0 -1 -1 
../tests/avg_rr3_576/avg11_0.mtx 4.4 0 -1 -1 
../tests/avg_rr3_576/avg11_0.mtx 4.5 0 -1 -1 
../tests/avg_rr3_576/avg11_0.mtx 4.6 0 -1 -1 
../tests/avg_rr3_576/avg11_0.mtx 4.7 0 -1 -1 
../tests/avg_rr3_576/avg11_0.mtx 4.8 0 -1 -1 
../tests/avg_rr3_576/avg11_0.mtx 4.9 0 -1 -1 
../tests/avg_rr3_576/avg11_0.mtx 5 0 -1 -1 
../tests/avg_rr3_576/avg12_0.mtx 1 81.9516 0.0556424 0.65 
../tests/avg_rr3_576/avg12_0.mtx 1.1 76.5457 0.0478038 0.58 
../tests/avg_rr3_576/avg12_0.mtx 1.2 102.293 0.0406887 0.516667 
../tests/avg_rr3_576/avg12_0.mtx 1.3 93.734 0.0314583 0.403333 
../tests/avg_rr3_576/avg12_0.mtx 1.4 91.8123 0.025515 0.333333 
../tests/avg_rr3_576/avg12_0.mtx 1.5 101.431 0.0178819 0.25 
../tests/avg_rr3_576/avg12_0.mtx 1.6 131.618 0.0157986 0.216667 
../tests/avg_rr3_576/avg12_0.mtx 1.7 136.737 0.0110615 0.162857 
../tests/avg_rr3_576/avg12_0.mtx 1.8 149.456 0.00843316 0.12875 
../tests/avg_rr3_576/avg12_0.mtx 1.9 179.117 0.00609375 0.0981818 
../tests/avg_rr3_576/avg12_0.mtx 2 191.136 0.00490251 0.0769231 
../tests/avg_rr3_576/avg12_0.mtx 2.1 268.052 0.00322135 0.0515 
../tests/avg_rr3_576/avg12_0.mtx 2.2 389.62 0.00159722 0.0297059 
../tests/avg_rr3_576/avg12_0.mtx 2.3 486.92 0.00120962 0.0221739 
../tests/avg_rr3_576/avg12_0.mtx 2.4 656.626 0.000690615 0.0147059 
../tests/avg_rr3_576/avg12_0.mtx 2.5 916.711 0.000465053 0.00925926 
../tests/avg_rr3_576/avg12_0.mtx 2.6 1205.52 0.000264066 0.00636943 
../tests/avg_rr3_576/avg12_0.mtx 2.7 1842.94 0.000161994 0.00367647 
../tests/avg_rr3_576/avg12_0.mtx 2.8 2559.51 9.93985e-05 0.00234742 
../tests/avg_rr3_576/avg12_0.mtx 2.9 3716.64 5.80307e-05 0.00145773 
../tests/avg_rr3_576/avg12_0.mtx 3 5480.9 3.20358e-05 0.000894454 
../tests/avg_rr3_576/avg12_0.mtx 3.1 0 -1 -1 
../tests/avg_rr3_576/avg12_0.mtx 3.2 0 -1 -1 
../tests/avg_rr3_576/avg12_0.mtx 3.3 0 -1 -1 
../tests/avg_rr3_576/avg12_0.mtx 3.4 0 -1 -1 
../tests/avg_rr3_576/avg12_0.mtx 3.5 0 -1 -1 
../tests/avg_rr3_576/avg12_0.mtx 3.6 0 -1 -1 
../tests/avg_rr3_576/avg12_0.mtx 3.7 0 -1 -1 
../tests/avg_rr3_576/avg12_0.mtx 3.8 0 -1 -1 
../tests/avg_rr3_576/avg12_0.mtx 3.9 0 -1 -1 
../tests/avg_rr3_576/avg12_0.mtx 4 0 -1 -1 
../tests/avg_rr3_576/avg12_0.mtx 4.1 0 -1 -1 
../tests/avg_rr3_576/avg12_0.mtx 4.2 0 -1 -1 
../tests/avg_rr3_576/avg12_0.mtx 4.3 0 -1 -1 
../tests/avg_rr3_576/avg12_0.mtx 4.4 0 -1 -1 
../tests/avg_rr3_576/avg12_0.mtx 4.5 0 -1 -1 
../tests/avg_rr3_576/avg12_0.mtx 4.6 0 -1 -1 
../tests/avg_rr3_576/avg12_0.mtx 4.7 0 -1 -1 
../tests/avg_rr3_576/avg12_0.mtx 4.8 0 -1 -1 
../tests/avg_rr3_576/avg12_0.mtx 4.9 0 -1 -1 
../tests/avg_rr3_576/avg12_0.mtx 5 0 -1 -1 
../tests/avg_rr3_576/avg13_0.mtx 1 86.066 0.0651302 0.745 
../tests/avg_rr3_576/avg13_0.mtx 1.1 81.4822 0.0543229 0.665 
../tests/avg_rr3_576/avg13_0.mtx 1.2 75.0173 0.0454601 0.56 
../tests/avg_rr3_576/avg13_0.mtx 1.3 73.7945 0.0399653 0.51 
../tests/avg_rr3_576/avg13_0.mtx 1.4 86.7767 0.0266204 0.366667 
../tests/avg_rr3_576/avg13_0.mtx 1.5 104.356 0.0187326 0.25 
../tests/avg_rr3_576/avg13_0.mtx 1.6 132.279 0.0143605 0.196667 
../tests/avg_rr3_576/avg13_0.mtx 1.7 134.912 0.0104936 0.148571 
../tests/avg_rr3_576/avg13_0.mtx 1.8 142.052 0.00851128 0.125 
../tests/avg_rr3_576/avg13_0.mtx 1.9 171.912 0.0065262 0.0972727 
../tests/avg_rr3_576/avg13_0.mtx 2 223.03 0.00406793 0.06375 
../tests/avg_rr3_576/avg13_0.mtx 2.1 306.923 0.00266597 0.0408 
../tests/avg_rr3_576/avg13_0.mtx 2.2 380.536 0.00172232 0.0294118 
../tests/avg_rr3_576/avg13_0.mtx 2.3 540.259 0.00101788 0.0188889 
../tests/avg_rr3_576/avg13_0.mtx 2.4 673.073 0.000756616 0.0135135 
../tests/avg_rr3_576/avg13_0.mtx 2.5 927.512 0.000505586 0.00869565 
../tests/avg_rr3_576/avg13_0.mtx 2.6 1384.35 0.000286958 0.0052356 
../tests/avg_rr3_576/avg13_0.mtx 2.7 2154.28 0.000143515 0.00299401 
../tests/avg_rr3_576/avg13_0.mtx 2.8 3371.65 8.39316e-05 0.00168919 
../tests/avg_rr3_576/avg13_0.mtx 2.9 4471.65 5.11612e-05 0.00115473 
../tests/avg_rr3_576/avg13_0.mtx 3 7550.41 2.23336e-05 0.000611995 
../tests/avg_rr3_576/avg13_0.mtx 3.1 0 -1 -1 
../tests/avg_rr3_576/avg13_0.mtx 3.2 0 -1 -1 
../tests/avg_rr3_576/avg13_0.mtx 3.3 0 -1 -1 
../tests/avg_rr3_576/avg13_0.mtx 3.4 0 -1 -1 
../tests/avg_rr3_576/avg13_0.mtx 3.5 0 -1 -1 
../tests/avg_rr3_576/avg13_0.mtx 3.6 0 -1 -1 
../tests/avg_rr3_576/avg13_0.mtx 3.7 0 -1 -1 
../tests/avg_rr3_576/avg13_0.mtx 3.8 0 -1 -1 
../tests/avg_rr3_576/avg13_0.mtx 3.9 0 -1 -1 
../tests/avg_rr3_576/avg13_0.mtx 4 0 -1 -1 
../tests/avg_rr3_576/avg13_0.mtx 4.1 0 -1 -1 
../tests/avg_rr3_576/avg13_0.mtx 4.2 0 -1 -1 
../tests/avg_rr3_576/avg13_0.mtx 4.3 0 -1 -1 
../tests/avg_rr3_576/avg13_0.mtx 4.4 0 -1 -1 
../tests/avg_rr3_576/avg13_0.mtx 4.5 0 -1 -1 
../tests/avg_rr3_576/avg13_0.mtx 4.6 0 -1 -1 
../tests/avg_rr3_576/avg13_0.mtx 4.7 0 -1 -1 
../tests/avg_rr3_576/avg13_0.mtx 4.8 0 -1 -1 
../tests/avg_rr3_576/avg13_0.mtx 4.9 0 -1 -1 
../tests/avg_rr3_576/avg13_0.mtx 5 0 -1 -1 
../tests/avg_rr3_576/avg14_0.mtx 1 78.4031 0.0566927 0.655 
../tests/avg_rr3_576/avg14_0.mtx 1.1 73.9839 0.0475 0.555 
../tests/avg_rr3_576/avg14_0.mtx 1.2 96.7399 0.0407697 0.51 
../tests/avg_rr3_576/avg14_0.mtx 1.3 96.6668 0.0324248 0.413333 
../tests/avg_rr3_576/avg14_0.mtx 1.4 108.679 0.0246137 0.325 
../tests/avg_rr3_576/avg14_0.mtx 1.5 96.9382 0.0184071 0.255 
../tests/avg_rr3_576/avg14_0.mtx 1.6 123.528 0.0139757 0.191667 
../tests/avg_rr3_576/avg14_0.mtx 1.7 128.534 0.0110441 0.158571 
../tests/avg_rr3_576/avg14_0.mtx 1.8 152.592 0.00871721 0.126667 
../tests/avg_rr3_576/avg14_0.mtx 1.9 191.303 0.00615017 0.0908333 
../tests/avg_rr3_576/avg14_0.mtx 2 231.579 0.00380208 0.0611765 
../tests/avg_rr3_576/avg14_0.mtx 2.1 304.207 0.00250278 0.0408 
../tests/avg_rr3_576/avg14_0.mtx 2.2 392.955 0.00166618 0.0277778 
../tests/avg_rr3_576/avg14_0.mtx 2.3 547.091 0.00105145 0.0183636 
../tests/avg_rr3_576/avg14_0.mtx 2.4 759.143 0.000621972 0.0116279 
../tests/avg_rr3_576/avg14_0.mtx 2.5 1245.7 0.000334418 0.00625 
../tests/avg_rr3_576/avg14_0.mtx 2.6 1700.49 0.000224918 0.00406504 
../tests/avg_rr3_576/avg14_0.mtx 2.7 2436.62 0.000131153 0.00253165 
../tests/avg_rr3_576/avg14_0.mtx 2.8 3679.57 6.47572e-05 0.0015083 
../tests/avg_rr3_576/avg14_0.mtx 2.9 6056.28 3.35817e-05 0.00081103 
../tests/avg_rr3_576/avg14_0.mtx 3 0 -1 -1 
../tests/avg_rr3_576/avg14_0.mtx 3.1 0 -1 -1 
../tests/avg_rr3_576/avg14_0.mtx 3.2 0 -1 -1 
../tests/avg_rr3_576/avg14_0.mtx 3.3 0 -1 -1 
../tests/avg_rr3_576/avg14_0.mtx 3.4 0 -1 -1 
../tests/avg_rr3_576/avg14_0.mtx 3.5 0 -1 -1 
../tests/avg_rr3_576/avg14_0.mtx 3.6 0 -1 -1 
../tests/avg_rr3_576/avg14_0.mtx 3.7 0 -1 -1 
../tests/avg_rr3_576/avg14_0.mtx 3.8 0 -1 -1 
../tests/avg_rr3_576/avg14_0.mtx 3.9 0 -1 -1 
../tests/avg_rr3_576/avg14_0.mtx 4 0 -1 -1 
../tests/avg_rr3_576/avg14_0.mtx 4.1 0 -1 -1 
../tests/avg_rr3_576/avg14_0.mtx 4.2 0 -1 -1 
../tests/avg_rr3_576/avg14_0.mtx 4.3 0 -1 -1 
../tests/avg_rr3_576/avg14_0.mtx 4.4 0 -1 -1 
../tests/avg_rr3_576/avg14_0.mtx 4.5 0 -1 -1 
../tests/avg_rr3_576/avg14_0.mtx 4.6 0 -1 -1 
../tests/avg_rr3_576/avg14_0.mtx 4.7 0 -1 -1 
../tests/avg_rr3_576/avg14_0.mtx 4.8 0 -1 -1 
../tests/avg_rr3_576/avg14_0.mtx 4.9 0 -1 -1 
../tests/avg_rr3_576/avg14_0.mtx 5 0 -1 -1 
../tests/avg_rr3_576/avg15_0.mtx 1 84.0761 0.0614063 0.71 
../tests/avg_rr3_576/avg15_0.mtx 1.1 76.3866 0.0515365 0.61 
../tests/avg_rr3_576/avg15_0.mtx 1.2 73.7253 0.044184 0.525 
../tests/avg_rr3_576/avg15_0.mtx 1.3 96.519 0.0346759 0.433333 
../tests/avg_rr3_576/avg15_0.mtx 1.4 89.004 0.0281192 0.36 
../tests/avg_rr3_576/avg15_0.mtx 1.5 100.179 0.0203646 0.2725 
../tests/avg_rr3_576/avg15_0.mtx 1.6 106.947 0.0152049 0.216 
../tests/avg_rr3_576/avg15_0.mtx 1.7 128.764 0.0108309 0.142857 
../tests/avg_rr3_576/avg15_0.mtx 1.8 166.082 0.0083941 0.11 
../tests/avg_rr3_576/avg15_0.mtx 1.9 207.56 0.00597966 0.0778571 
../tests/avg_rr3_576/avg15_0.mtx 2 249.83 0.00405884 0.0552632 
../tests/avg_rr3_576/avg15_0.mtx 2.1 323.077 0.00272634 0.0377778 
../tests/avg_rr3_576/avg15_0.mtx 2.2 456.793 0.00155483 0.0237209 
../tests/avg_rr3_576/avg15_0.mtx 2.3 617.365 0.00101631 0.015873 
../tests/avg_rr3_576/avg15_0.mtx 2.4 975.668 0.000517512 0.00878261 
../tests/avg_rr3_576/avg15_0.mtx 2.5 1464.53 0.000287511 0.00505051 
../tests/avg_rr3_576/avg15_0.mtx 2.6 2355.89 0.000155179 0.00273458 
../tests/avg_rr3_576/avg15_0.mtx 2.7 3190.94 8.90212e-05 0.00174825 
../tests/avg_rr3_576/avg15_0.mtx 2.8 5623.23 4.43931e-05 0.000891266 
../tests/avg_rr3_576/avg15_0.mtx 2.9 0 -1 -1 
../tests/avg_rr3_576/avg15_0.mtx 3 0 -1 -1 
../tests/avg_rr3_576/avg15_0.mtx 3.1 0 -1 -1 
../tests/avg_rr3_576/avg15_0.mtx 3.2 0 -1 -1 
../tests/avg_rr3_576/avg15_0.mtx 3.3 0 -1 -1 
../tests/avg_rr3_576/avg15_0.mtx 3.4 0 -1 -1 
../tests/avg_rr3_576/avg15_0.mtx 3.5 0 -1 -1 
../tests/avg_rr3_576/avg15_0.mtx 3.6 0 -1 -1 
../tests/avg_rr3_576/avg15_0.mtx 3.7 0 -1 -1 
../tests/avg_rr3_576/avg15_0.mtx 3.8 0 -1 -1 
../tests/avg_rr3_576/avg15_0.mtx 3.9 0 -1 -1 
../tests/avg_rr3_576/avg15_0.mtx 4 0 -1 -1 
../tests/avg_rr3_576/avg15_0.mtx 4.1 0 -1 -1 
../tests/avg_rr3_576/avg15_0.mtx 4.2 0 -1 -1 
../tests/avg_rr3_576/avg15_0.mtx 4.3 0 -1 -1 
../tests/avg_rr3_576/avg15_0.mtx 4.4 0 -1 -1 
../tests/avg_rr3_576/avg15_0.mtx 4.5 0 -1 -1 
../tests/avg_rr3_576/avg15_0.mtx 4.6 0 -1 -1 
../tests/avg_rr3_576/avg15_0.mtx 4.7 0 -1 -1 
../tests/avg_rr3_576/avg15_0.mtx 4.8 0 -1 -1 
../tests/avg_rr3_576/avg15_0.mtx 4.9 0 -1 -1 
../tests/avg_rr3_576/avg15_0.mtx 5 0 -1 -1 
../tests/avg_rr3_576/avg16_0.mtx 1 83.7153 0.0601389 0.68 
../tests/avg_rr3_576/avg16_0.mtx 1.1 78.8758 0.0522222 0.62 
../tests/avg_rr3_576/avg16_0.mtx 1.2 74.5894 0.0424306 0.535 
../tests/avg_rr3_576/avg16_0.mtx 1.3 94.2109 0.035897 0.456667 
../tests/avg_rr3_576/avg16_0.mtx 1.4 94.0989 0.0276273 0.37 
../tests/avg_rr3_576/avg16_0.mtx 1.5 103.673 0.0197266 0.2725 
../tests/avg_rr3_576/avg16_0.mtx 1.6 114.46 0.0161076 0.224 
../tests/avg_rr3_576/avg16_0.mtx 1.7 131.662 0.0106523 0.152857 
../tests/avg_rr3_576/avg16_0.mtx 1.8 157.491 0.00829475 0.125556 
../tests/avg_rr3_576/avg16_0.mtx 1.9 185.267 0.00551505 0.0866667 
../tests/avg_rr3_576/avg16_0.mtx 2 239.042 0.00378762 0.0577778 
../tests/avg_rr3_576/avg16_0.mtx 2.1 301.192 0.00251936 0.0388462 
../tests/avg_rr3_576/avg16_0.mtx 2.2 426.842 0.00168576 0.02525 
../tests/avg_rr3_576/avg16_0.mtx 2.3 602.736 0.000951335 0.015625 
../tests/avg_rr3_576/avg16_0.mtx 2.4 861.721 0.000578479 0.00970874 
../tests/avg_rr3_576/avg16_0.mtx 2.5 1092.7 0.000424801 0.00699301 
../tests/avg_rr3_576/avg16_0.mtx 2.6 1756.51 0.000213944 0.0038403 
../tests/avg_rr3_576/avg16_0.mtx 2.7 2408.71 0.000119042 0.00242718 
../tests/avg_rr3_576/avg16_0.mtx 2.8 3933.76 6.84748e-05 0.00132979 
../tests/avg_rr3_576/avg16_0.mtx 2.9 6529.62 3.62868e-05 0.000720981 
../tests/avg_rr3_576/avg16_0.mtx 3 0 -1 -1 
../tests/avg_rr3_576/avg16_0.mtx 3.1 0 -1 -1 
../tests/avg_rr3_576/avg16_0.mtx 3.2 0 -1 -1 
../tests/avg_rr3_576/avg16_0.mtx 3.3 0 -1 -1 
../tests/avg_rr3_576/avg16_0.mtx 3.4 0 -1 -1 
../tests/avg_rr3_576/avg16_0.mtx 3.5 0 -1 -1 
../tests/avg_rr3_576/avg16_0.mtx 3.6 0 -1 -1 
../tests/avg_rr3_576/avg16_0.mtx 3.7 0 -1 -1 
../tests/avg_rr3_576/avg16_0.mtx 3.8 0 -1 -1 
../tests/avg_rr3_576/avg16_0.mtx 3.9 0 -1 -1 
../tests/avg_rr3_576/avg16_0.mtx 4 0 -1 -1 
../tests/avg_rr3_576/avg16_0.mtx 4.1 0 -1 -1 
../tests/avg_rr3_576/avg16_0.mtx 4.2 0 -1 -1 
../tests/avg_rr3_576/avg16_0.mtx 4.3 0 -1 -1 
../tests/avg_rr3_576/avg16_0.mtx 4.4 0 -1 -1 
../tests/avg_rr3_576/avg16_0.mtx 4.5 0 -1 -1 
../tests/avg_rr3_576/avg16_0.mtx 4.6 0 -1 -1 
../tests/avg_rr3_576/avg16_0.mtx 4.7 0 -1 -1 
../tests/avg_rr3_576/avg16_0.mtx 4.8 0 -1 -1 
../tests/avg_rr3_576/avg16_0.mtx 4.9 0 -1 -1 
../tests/avg_rr3_576/avg16_0.mtx 5 0 -1 -1 
../tests/avg_rr3_576/avg17_0.mtx 1 85.6579 0.0622483 0.69 
../tests/avg_rr3_576/avg17_0.mtx 1.1 81.6377 0.0553993 0.625 
../tests/avg_rr3_576/avg17_0.mtx 1.2 78.969 0.0481163 0.57 
../tests/avg_rr3_576/avg17_0.mtx 1.3 99.9852 0.0369155 0.453333 
../tests/avg_rr3_576/avg17_0.mtx 1.4 90.0409 0.0296354 0.386667 
../tests/avg_rr3_576/avg17_0.mtx 1.5 110.726 0.0221398 0.29 
../tests/avg_rr3_576/avg17_0.mtx 1.6 116.597 0.0152917 0.206 
../tests/avg_rr3_576/avg17_0.mtx 1.7 139.536 0.0116815 0.165714 
../tests/avg_rr3_576/avg17_0.mtx 1.8 156.512 0.00836806 0.124444 
../tests/avg_rr3_576/avg17_0.mtx 1.9 187.953 0.00645255 0.0916667 
../tests/avg_rr3_576/avg17_0.mtx 2 210.728 0.0047557 0.0728571 
../tests/avg_rr3_576/avg17_0.mtx 2.1 272.55 0.00280175 0.047619 
../tests/avg_rr3_576/avg17_0.mtx 2.2 391.828 0.00174107 0.0291429 
../tests/avg_rr3_576/avg17_0.mtx 2.3 546.811 0.00112204 0.0190741 
../tests/avg_rr3_576/avg17_0.mtx 2.4 839.437 0.000556264 0.0102041 
../tests/avg_rr3_576/avg17_0.mtx 2.5 1069.16 0.000404338 0.00724638 
../tests/avg_rr3_576/avg17_0.mtx 2.6 1749.64 0.000204527 0.00384615 
../tests/avg_rr3_576/avg17_0.mtx 2.7 2641.56 0.000108507 0.00227273 
../tests/avg_rr3_576/avg17_0.mtx 2.8 3831.46 6.79612e-05 0.00140056 
../tests/avg_rr3_576/avg17_0.mtx 2.9 6826.21 3.13223e-05 0.000694444 
../tests/avg_rr3_576/avg17_0.mtx 3 0 -1 -1 
../tests/avg_rr3_576/avg17_0.mtx 3.1 0 -1 -1 
../tests/avg_rr3_576/avg17_0.mtx 3.2 0 -1 -1 
../tests/avg_rr3_576/avg17_0.mtx 3.3 0 -1 -1 
../tests/avg_rr3_576/avg17_0.mtx 3.4 0 -1 -1 
../tests/avg_rr3_576/avg17_0.mtx 3.5 0 -1 -1 
../tests/avg_rr3_576/avg17_0.mtx 3.6 0 -1 -1 
../tests/avg_rr3_576/avg17_0.mtx 3.7 0 -1 -1 
../tests/avg_rr3_576/avg17_0.mtx 3.8 0 -1 -1 
../tests/avg_rr3_576/avg17_0.mtx 3.9 0 -1 -1 
../tests/avg_rr3_576/avg17_0.mtx 4 0 -1 -1 
../tests/avg_rr3_576/avg17_0.mtx 4.1 0 -1 -1 
../tests/avg_rr3_576/avg17_0.mtx 4.2 0 -1 -1 
../tests/avg_rr3_576/avg17_0.mtx 4.3 0 -1 -1 
../tests/avg_rr3_576/avg17_0.mtx 4.4 0 -1 -1 
../tests/avg_rr3_576/avg17_0.mtx 4.5 0 -1 -1 
../tests/avg_rr3_576/avg17_0.mtx 4.6 0 -1 -1 
../tests/avg_rr3_576/avg17_0.mtx 4.7 0 -1 -1 
../tests/avg_rr3_576/avg17_0.mtx 4.8 0 -1 -1 
../tests/avg_rr3_576/avg17_0.mtx 4.9 0 -1 -1 
../tests/avg_rr3_576/avg17_0.mtx 5 0 -1 -1 
../tests/avg_rr3_576/avg18_0.mtx 1 83.0171 0.0636719 0.7 
../tests/avg_rr3_576/avg18_0.mtx 1.1 78.7285 0.0544878 0.62 
../tests/avg_rr3_576/avg18_0.mtx 1.2 73.5519 0.0445573 0.535 
../tests/avg_rr3_576/avg18_0.mtx 1.3 95.2615 0.0336053 0.416667 
../tests/avg_rr3_576/avg18_0.mtx 1.4 87.3985 0.0264178 0.336667 
../tests/avg_rr3_576/avg18_0.mtx 1.5 98.6763 0.020803 0.2675 
../tests/avg_rr3_576/avg18_0.mtx 1.6 109.489 0.0149965 0.212 
../tests/avg_rr3_576/avg18_0.mtx 1.7 134.029 0.0112351 0.154286 
../tests/avg_rr3_576/avg18_0.mtx 1.8 161.523 0.00724826 0.101 
../tests/avg_rr3_576/avg18_0.mtx 1.9 198.804 0.00542067 0.0776923 
../tests/avg_rr3_576/avg18_0.mtx 2 261.956 0.00344184 0.051 
../tests/avg_rr3_576/avg18_0.mtx 2.1 331.463 0.00240203 0.0371429 
../tests/avg_rr3_576/avg18_0.mtx 2.2 428.798 0.00151296 0.0243902 
../tests/avg_rr3_576/avg18_0.mtx 2.3 655.982 0.000854911 0.0142857 
../tests/avg_rr3_576/avg18_0.mtx 2.4 816.534 0.000583225 0.0105208 
../tests/avg_rr3_576/avg18_0.mtx 2.5 1431.17 0.000300461 0.00507538 
../tests/avg_rr3_576/avg18_0.mtx 2.6 2020.35 0.000174215 0.00316456 
../tests/avg_rr3_576/avg18_0.mtx 2.7 2787.4 0.00010631 0.00205761 
../tests/avg_rr3_576/avg18_0.mtx 2.8 4228.68 6.37201e-05 0.00120337 
../tests/avg_rr3_576/avg18_0.mtx 2.9 7818.79 2.92881e-05 0.00058072 
../tests/avg_rr3_576/avg18_0.mtx 3 0 -1 -1 
../tests/avg_rr3_576/avg18_0.mtx 3.1 0 -1 -1 
../tests/avg_rr3_576/avg18_0.mtx 3.2 0 -1 -1 
../tests/avg_rr3_576/avg18_0.mtx 3.3 0 -1 -1 
../tests/avg_rr3_576/avg18_0.mtx 3.4 0 -1 -1 
../tests/avg_rr3_576/avg18_0.mtx 3.5 0 -1 -1 
../tests/avg_rr3_576/avg18_0.mtx 3.6 0 -1 -1 
../tests/avg_rr3_576/avg18_0.mtx 3.7 0 -1 -1 
../tests/avg_rr3_576/avg18_0.mtx 3.8 0 -1 -1 
../tests/avg_rr3_576/avg18_0.mtx 3.9 0 -1 -1 
../tests/avg_rr3_576/avg18_0.mtx 4 0 -1 -1 
../tests/avg_rr3_576/avg18_0.mtx 4.1 0 -1 -1 
../tests/avg_rr3_576/avg18_0.mtx 4.2 0 -1 -1 
../tests/avg_rr3_576/avg18_0.mtx 4.3 0 -1 -1 
../tests/avg_rr3_576/avg18_0.mtx 4.4 0 -1 -1 
../tests/avg_rr3_576/avg18_0.mtx 4.5 0 -1 -1 
../tests/avg_rr3_576/avg18_0.mtx 4.6 0 -1 -1 
../tests/avg_rr3_576/avg18_0.mtx 4.7 0 -1 -1 
../tests/avg_rr3_576/avg18_0.mtx 4.8 0 -1 -1 
../tests/avg_rr3_576/avg18_0.mtx 4.9 0 -1 -1 
../tests/avg_rr3_576/avg18_0.mtx 5 0 -1 -1 
../tests/avg_rr3_576/avg19_0.mtx 1 78.1026 0.0566059 0.625 
../tests/avg_rr3_576/avg19_0.mtx 1.1 73.8153 0.0484722 0.555 
../tests/avg_rr3_576/avg19_0.mtx 1.2 94.8105 0.0408044 0.47 
../tests/avg_rr3_576/avg19_0.mtx 1.3 91.3966 0.0328588 0.4 
../tests/avg_rr3_576/avg19_0.mtx 1.4 87.0547 0.0267593 0.336667 
../tests/avg_rr3_576/avg19_0.mtx 1.5 103.336 0.021046 0.28 
../tests/avg_rr3_576/avg19_0.mtx 1.6 108.232 0.0156285 0.212 
../tests/avg_rr3_576/avg19_0.mtx 1.7 119.255 0.013452 0.18 
../tests/avg_rr3_576/avg19_0.mtx 1.8 139.524 0.00928385 0.12875 
../tests/avg_rr3_576/avg19_0.mtx 1.9 179.976 0.00602431 0.0858333 
../tests/avg_rr3_576/avg19_0.mtx 2 238.819 0.0038696 0.0555556 
../tests/avg_rr3_576/avg19_0.mtx 2.1 317.376 0.00244342 0.037037 
../tests/avg_rr3_576/avg19_0.mtx 2.2 428.961 0.00157031 0.0255 
../tests/avg_rr3_576/avg19_0.mtx 2.3 636.624 0.00096108 0.0150746 
../tests/avg_rr3_576/avg19_0.mtx 2.4 933.897 0.000495018 0.00869565 
../tests/avg_rr3_576/avg19_0.mtx 2.5 1363.21 0.000285231 0.00534031 
../tests/avg_rr3_576/avg19_0.mtx 2.6 2050.6 0.00016804 0.00314642 
../tests/avg_rr3_576/avg19_0.mtx 2.7 3205.21 8.80587e-05 0.00176056 
../tests/avg_rr3_576/avg19_0.mtx 2.8 5453.82 4.79581e-05 0.000917431 
../tests/avg_rr3_576/avg19_0.mtx 2.9 0 -1 -1 
../tests/avg_rr3_576/avg19_0.mtx 3 0 -1 -1 
../tests/avg_rr3_576/avg19_0.mtx 3.1 0 -1 -1 
../tests/avg_rr3_576/avg19_0.mtx 3.2 0 -1 -1 
../tests/avg_rr3_576/avg19_0.mtx 3.3 0 -1 -1 
../tests/avg_rr3_576/avg19_0.mtx 3.4 0 -1 -1 
../tests/avg_rr3_576/avg19_0.mtx 3.5 0 -1 -1 
../tests/avg_rr3_576/avg19_0.mtx 3.6 0 -1 -1 
../tests/avg_rr3_576/avg19_0.mtx 3.7 0 -1 -1 
../tests/avg_rr3_576/avg19_0.mtx 3.8 0 -1 -1 
../tests/avg_rr3_576/avg19_0.mtx 3.9 0 -1 -1 
../tests/avg_rr3_576/avg19_0.mtx 4 0 -1 -1 
../tests/avg_rr3_576/avg19_0.mtx 4.1 0 -1 -1 
../tests/avg_rr3_576/avg19_0.mtx 4.2 0 -1 -1 
../tests/avg_rr3_576/avg19_0.mtx 4.3 0 -1 -1 
../tests/avg_rr3_576/avg19_0.mtx 4.4 0 -1 -1 
../tests/avg_rr3_576/avg19_0.mtx 4.5 0 -1 -1 
../tests/avg_rr3_576/avg19_0.mtx 4.6 0 -1 -1 
../tests/avg_rr3_576/avg19_0.mtx 4.7 0 -1 -1 
../tests/avg_rr3_576/avg19_0.mtx 4.8 0 -1 -1 
../tests/avg_rr3_576/avg19_0.mtx 4.9 0 -1 -1 
../tests/avg_rr3_576/avg19_0.mtx 5 0 -1 -1 
../tests/avg_rr3_576/avg1_0.mtx 1 83.9196 0.0573785 0.69 
../tests/avg_rr3_576/avg1_0.mtx 1.1 78.9597 0.0473351 0.595 
../tests/avg_rr3_576/avg1_0.mtx 1.2 103 0.0388889 0.506667 
../tests/avg_rr3_576/avg1_0.mtx 1.3 96.2716 0.0324769 0.433333 
../tests/avg_rr3_576/avg1_0.mtx 1.4 91.7401 0.0250926 0.356667 
../tests/avg_rr3_576/avg1_0.mtx 1.5 103.359 0.0186545 0.2775 
../tests/avg_rr3_576/avg1_0.mtx 1.6 120.621 0.0149618 0.224 
../tests/avg_rr3_576/avg1_0.mtx 1.7 123.069 0.0116406 0.176667 
../tests/avg_rr3_576/avg1_0.mtx 1.8 143.521 0.00850911 0.13625 
../tests/avg_rr3_576/avg1_0.mtx 1.9 153.343 0.00640046 0.112222 
../tests/avg_rr3_576/avg1_0.mtx 2 203.558 0.00425099 0.0757143 
../tests/avg_rr3_576/avg1_0.mtx 2.1 275.668 0.00247603 0.0480952 
../tests/avg_rr3_576/avg1_0.mtx 2.2 358.8 0.00167245 0.0336667 
../tests/avg_rr3_576/avg1_0.mtx 2.3 557.191 0.00100276 0.0188889 
../tests/avg_rr3_576/avg1_0.mtx 2.4 630.216 0.000615652 0.0153846 
../tests/avg_rr3_576/avg1_0.mtx 2.5 905.545 0.00034624 0.00943396 
../tests/avg_rr3_576/avg1_0.mtx 2.6 1107.71 0.000293661 0.00716312 
../tests/avg_rr3_576/avg1_0.mtx 2.7 1511.25 0.00016702 0.00467593 
../tests/avg_rr3_576/avg1_0.mtx 2.8 2164.47 9.31548e-05 0.00285714 
../tests/avg_rr3_576/avg1_0.mtx 2.9 2559 6.25227e-05 0.00217865 
../tests/avg_rr3_576/avg1_0.mtx 3 3136.25 4.19394e-05 0.00163666 
../tests/avg_rr3_576/avg1_0.mtx 3.1 3743.39 2.95249e-05 0.00127389 
../tests/avg_rr3_576/avg1_0.mtx 3.2 5103.27 1.48409e-05 0.000848896 
../tests/avg_rr3_576/avg1_0.mtx 3.3 0 -1 -1 
../tests/avg_rr3_576/avg1_0.mtx 3.4 0 -1 -1 
../tests/avg_rr3_576/avg1_0.mtx 3.5 0 -1 -1 
../tests/avg_rr3_576/avg1_0.mtx 3.6 0 -1 -1 
../tests/avg_rr3_576/avg1_0.mtx 3.7 0 -1 -1 
../tests/avg_rr3_576/avg1_0.mtx 3.8 0 -1 -1 
../tests/avg_rr3_576/avg1_0.mtx 3.9 0 -1 -1 
../tests/avg_rr3_576/avg1_0.mtx 4 0 -1 -1 
../tests/avg_rr3_576/avg1_0.mtx 4.1 0 -1 -1 
../tests/avg_rr3_576/avg1_0.mtx 4.2 0 -1 -1 
../tests/avg_rr3_576/avg1_0.mtx 4.3 0 -1 -1 
../tests/avg_rr3_576/avg1_0.mtx 4.4 0 -1 -1 
../tests/avg_rr3_576/avg1_0.mtx 4.5 0 -1 -1 
../tests/avg_rr3_576/avg1_0.mtx 4.6 0 -1 -1 
../tests/avg_rr3_576/avg1_0.mtx 4.7 0 -1 -1 
../tests/avg_rr3_576/avg1_0.mtx 4.8 0 -1 -1 
../tests/avg_rr3_576/avg1_0.mtx 4.9 0 -1 -1 
../tests/avg_rr3_576/avg1_0.mtx 5 0 -1 -1 
../tests/avg_rr3_576/avg20_0.mtx 1 77.3981 0.0583247 0.63 
../tests/avg_rr3_576/avg20_0.mtx 1.1 71.0394 0.0500781 0.55 
../tests/avg_rr3_576/avg20_0.mtx 1.2 71.2842 0.0434722 0.5 
../tests/avg_rr3_576/avg20_0.mtx 1.3 88.9058 0.034456 0.43 
../tests/avg_rr3_576/avg20_0.mtx 1.4 86.0212 0.0276157 0.346667 
../tests/avg_rr3_576/avg20_0.mtx 1.5 100.828 0.0207552 0.2875 
../tests/avg_rr3_576/avg20_0.mtx 1.6 123.898 0.0146354 0.193333 
../tests/avg_rr3_576/avg20_0.mtx 1.7 134.635 0.0109821 0.15 
../tests/avg_rr3_576/avg20_0.mtx 1.8 164.531 0.00809375 0.113 
../tests/avg_rr3_576/avg20_0.mtx 1.9 191.288 0.0055649 0.0769231 
../tests/avg_rr3_576/avg20_0.mtx 2 229.646 0.00395833 0.0561111 
../tests/avg_rr3_576/avg20_0.mtx 2.1 316.72 0.00253665 0.037037 
../tests/avg_rr3_576/avg20_0.mtx 2.2 466.979 0.00149228 0.0228889 
../tests/avg_rr3_576/avg20_0.mtx 2.3 635.236 0.00089614 0.0148529 
../tests/avg_rr3_576/avg20_0.mtx 2.4 1071.14 0.000445645 0.0075188 
../tests/avg_rr3_576/avg20_0.mtx 2.5 1271.04 0.000301156 0.00568182 
../tests/avg_rr3_576/avg20_0.mtx 2.6 2290.98 0.000151459 0.00273224 
../tests/avg_rr3_576/avg20_0.mtx 2.7 3779.66 7.52732e-05 0.00144092 
../tests/avg_rr3_576/avg20_0.mtx 2.8 6348.3 3.95019e-05 0.000766871 
../tests/avg_rr3_576/avg20_0.mtx 2.9 0 -1 -1 
../tests/avg_rr3_576/avg20_0.mtx 3 0 -1 -1 
../tests/avg_rr3_576/avg20_0.mtx 3.1 0 -1 -1 
../tests/avg_rr3_576/avg20_0.mtx 3.2 0 -1 -1 
../tests/avg_rr3_576/avg20_0.mtx 3.3 0 -1 -1 
../tests/avg_rr3_576/avg20_0.mtx 3.4 0 -1 -1 
../tests/avg_rr3_576/avg20_0.mtx 3.5 0 -1 -1 
../tests/avg_rr3_576/avg20_0.mtx 3.6 0 -1 -1 
../tests/avg_rr3_576/avg20_0.mtx 3.7 0 -1 -1 
../tests/avg_rr3_576/avg20_0.mtx 3.8 0 -1 -1 
../tests/avg_rr3_576/avg20_0.mtx 3.9 0 -1 -1 
../tests/avg_rr3_576/avg20_0.mtx 4 0 -1 -1 
../tests/avg_rr3_576/avg20_0.mtx 4.1 0 -1 -1 
../tests/avg_rr3_576/avg20_0.mtx 4.2 0 -1 -1 
../tests/avg_rr3_576/avg20_0.mtx 4.3 0 -1 -1 
../tests/avg_rr3_576/avg20_0.mtx 4.4 0 -1 -1 
../tests/avg_rr3_576/avg20_0.mtx 4.5 0 -1 -1 
../tests/avg_rr3_576/avg20_0.mtx 4.6 0 -1 -1 
../tests/avg_rr3_576/avg20_0.mtx 4.7 0 -1 -1 
../tests/avg_rr3_576/avg20_0.mtx 4.8 0 -1 -1 
../tests/avg_rr3_576/avg20_0.mtx 4.9 0 -1 -1 
../tests/avg_rr3_576/avg20_0.mtx 5 0 -1 -1 
../tests/avg_rr3_576/avg21_0.mtx 1 80.2283 0.0590365 0.675 
../tests/avg_rr3_576/avg21_0.mtx 1.1 76.6569 0.0503472 0.6 
../tests/avg_rr3_576/avg21_0.mtx 1.2 96.1475 0.0399884 0.486667 
../tests/avg_rr3_576/avg21_0.mtx 1.3 88.7473 0.0322338 0.396667 
../tests/avg_rr3_576/avg21_0.mtx 1.4 107.374 0.0248307 0.3175 
../tests/avg_rr3_576/avg21_0.mtx 1.5 96.5135 0.0208073 0.265 
../tests/avg_rr3_576/avg21_0.mtx 1.6 106.32 0.0147882 0.2 
../tests/avg_rr3_576/avg21_0.mtx 1.7 132.46 0.011627 0.157143 
../tests/avg_rr3_576/avg21_0.mtx 1.8 155.493 0.00853395 0.124444 
../tests/avg_rr3_576/avg21_0.mtx 1.9 172.001 0.00632891 0.0918182 
../tests/avg_rr3_576/avg21_0.mtx 2 233.094 0.00417994 0.0623529 
../tests/avg_rr3_576/avg21_0.mtx 2.1 327.668 0.00224144 0.0357143 
../tests/avg_rr3_576/avg21_0.mtx 2.2 423.257 0.00161155 0.02625 
../tests/avg_rr3_576/avg21_0.mtx 2.3 550.346 0.00103149 0.0177586 
../tests/avg_rr3_576/avg21_0.mtx 2.4 793.476 0.000618395 0.011087 
../tests/avg_rr3_576/avg21_0.mtx 2.5 1256.17 0.000328621 0.00595238 
../tests/avg_rr3_576/avg21_0.mtx 2.6 1925.74 0.000194004 0.00342466 
../tests/avg_rr3_576/avg21_0.mtx 2.7 2601.12 0.000122842 0.00229358 
../tests/avg_rr3_576/avg21_0.mtx 2.8 4347.7 6.54527e-05 0.00121655 
../tests/avg_rr3_576/avg21_0.mtx 2.9 6312.24 3.65268e-05 0.000758725 
../tests/avg_rr3_576/avg21_0.mtx 3 0 -1 -1 
../tests/avg_rr3_576/avg21_0.mtx 3.1 0 -1 -1 
../tests/avg_rr3_576/avg21_0.mtx 3.2 0 -1 -1 
../tests/avg_rr3_576/avg21_0.mtx 3.3 0 -1 -1 
../tests/avg_rr3_576/avg21_0.mtx 3.4 0 -1 -1 
../tests/avg_rr3_576/avg21_0.mtx 3.5 0 -1 -1 
../tests/avg_rr3_576/avg21_0.mtx 3.6 0 -1 -1 
../tests/avg_rr3_576/avg21_0.mtx 3.7 0 -1 -1 
../tests/avg_rr3_576/avg21_0.mtx 3.8 0 -1 -1 
../tests/avg_rr3_576/avg21_0.mtx 3.9 0 -1 -1 
../tests/avg_rr3_576/avg21_0.mtx 4 0 -1 -1 
../tests/avg_rr3_576/avg21_0.mtx 4.1 0 -1 -1 
../tests/avg_rr3_576/avg21_0.mtx 4.2 0 -1 -1 
../tests/avg_rr3_576/avg21_0.mtx 4.3 0 -1 -1 
../tests/avg_rr3_576/avg21_0.mtx 4.4 0 -1 -1 
../tests/avg_rr3_576/avg21_0.mtx 4.5 0 -1 -1 
../tests/avg_rr3_576/avg21_0.mtx 4.6 0 -1 -1 
../tests/avg_rr3_576/avg21_0.mtx 4.7 0 -1 -1 
../tests/avg_rr3_576/avg21_0.mtx 4.8 0 -1 -1 
../tests/avg_rr3_576/avg21_0.mtx 4.9 0 -1 -1 
../tests/avg_rr3_576/avg21_0.mtx 5 0 -1 -1 
../tests/avg_rr3_576/avg22_0.mtx 1 85.5774 0.066033 0.71 
../tests/avg_rr3_576/avg22_0.mtx 1.1 81.098 0.0577865 0.645 
../tests/avg_rr3_576/avg22_0.mtx 1.2 79.2769 0.0470486 0.56 
../tests/avg_rr3_576/avg22_0.mtx 1.3 98.2029 0.0355903 0.456667 
../tests/avg_rr3_576/avg22_0.mtx 1.4 90.5491 0.0269329 0.36 
../tests/avg_rr3_576/avg22_0.mtx 1.5 102.014 0.0203299 0.2825 
../tests/avg_rr3_576/avg22_0.mtx 1.6 129.926 0.0150752 0.206667 
../tests/avg_rr3_576/avg22_0.mtx 1.7 147.92 0.0100326 0.14375 
../tests/avg_rr3_576/avg22_0.mtx 1.8 164.558 0.00759201 0.108 
../tests/avg_rr3_576/avg22_0.mtx 1.9 202.239 0.00514423 0.0784615 
../tests/avg_rr3_576/avg22_0.mtx 2 246.35 0.0035841 0.0555556 
../tests/avg_rr3_576/avg22_0.mtx 2.1 316.113 0.00222029 0.0374074 
../tests/avg_rr3_576/avg22_0.mtx 2.2 405.705 0.00148039 0.027027 
../tests/avg_rr3_576/avg22_0.mtx 2.3 607.054 0.00090332 0.0159375 
../tests/avg_rr3_576/avg22_0.mtx 2.4 777.292 0.000575284 0.0113636 
../tests/avg_rr3_576/avg22_0.mtx 2.5 1103.69 0.000385442 0.00719424 
../tests/avg_rr3_576/avg22_0.mtx 2.6 1527.84 0.000210553 0.00461187 
../tests/avg_rr3_576/avg22_0.mtx 2.7 2430.13 0.000109314 0.00251256 
../tests/avg_rr3_576/avg22_0.mtx 2.8 3695.5 6.50655e-05 0.00148368 
../tests/avg_rr3_576/avg22_0.mtx 2.9 5504.29 3.79424e-05 0.000896057 
../tests/avg_rr3_576/avg22_0.mtx 3 0 -1 -1 
../tests/avg_rr3_576/avg22_0.mtx 3.1 0 -1 -1 
../tests/avg_rr3_576/avg22_0.mtx 3.2 0 -1 -1 
../tests/avg_rr3_576/avg22_0.mtx 3.3 0 -1 -1 
../tests/avg_rr3_576/avg22_0.mtx 3.4 0 -1 -1 
../tests/avg_rr3_576/avg22_0.mtx 3.5 0 -1 -1 
../tests/avg_rr3_576/avg22_0.mtx 3.6 0 -1 -1 
../tests/avg_rr3_576/avg22_0.mtx 3.7 0 -1 -1 
../tests/avg_rr3_576/avg22_0.mtx 3.8 0 -1 -1 
../tests/avg_rr3_576/avg22_0.mtx 3.9 0 -1 -1 
../tests/avg_rr3_576/avg22_0.mtx 4 0 -1 -1 
../tests/avg_rr3_576/avg22_0.mtx 4.1 0 -1 -1 
../tests/avg_rr3_576/avg22_0.mtx 4.2 0 -1 -1 
../tests/avg_rr3_576/avg22_0.mtx 4.3 0 -1 -1 
../tests/avg_rr3_576/avg22_0.mtx 4.4 0 -1 -1 
../tests/avg_rr3_576/avg22_0.mtx 4.5 0 -1 -1 
../tests/avg_rr3_576/avg22_0.mtx 4.6 0 -1 -1 
../tests/avg_rr3_576/avg22_0.mtx 4.7 0 -1 -1 
../tests/avg_rr3_576/avg22_0.mtx 4.8 0 -1 -1 
../tests/avg_rr3_576/avg22_0.mtx 4.9 0 -1 -1 
../tests/avg_rr3_576/avg22_0.mtx 5 0 -1 -1 
../tests/avg_rr3_576/avg23_0.mtx 1 85.5764 0.0587674 0.67 
../tests/avg_rr3_576/avg23_0.mtx 1.1 79.9131 0.0507812 0.595 
../tests/avg_rr3_576/avg23_0.mtx 1.2 76.034 0.0421354 0.51 
../tests/avg_rr3_576/avg23_0.mtx 1.3 98.4651 0.0343287 0.436667 
../tests/avg_rr3_576/avg23_0.mtx 1.4 94.5031 0.0290394 0.38 
../tests/avg_rr3_576/avg23_0.mtx 1.5 105.493 0.0217622 0.3025 
../tests/avg_rr3_576/avg23_0.mtx 1.6 117.409 0.0144861 0.218 
../tests/avg_rr3_576/avg23_0.mtx 1.7 127.45 0.0111256 0.166667 
../tests/avg_rr3_576/avg23_0.mtx 1.8 143.58 0.00790365 0.12625 
../tests/avg_rr3_576/avg23_0.mtx 1.9 185.887 0.00642361 0.0990909 
../tests/avg_rr3_576/avg23_0.mtx 2 228.259 0.00429977 0.068 
../tests/avg_rr3_576/avg23_0.mtx 2.1 255.379 0.00299708 0.0536842 
../tests/avg_rr3_576/avg23_0.mtx 2.2 313.134 0.00200588 0.0392308 
../tests/avg_rr3_576/avg23_0.mtx 2.3 447.207 0.00121007 0.026 
../tests/avg_rr3_576/avg23_0.mtx 2.4 576.027 0.000751317 0.0172414 
../tests/avg_rr3_576/avg23_0.mtx 2.5 720.082 0.000484353 0.0126582 
../tests/avg_rr3_576/avg23_0.mtx 2.6 1029.19 0.000251185 0.00801587 
../tests/avg_rr3_576/avg23_0.mtx 2.7 1314.44 0.000146073 0.00574713 
../tests/avg_rr3_576/avg23_0.mtx 2.8 1343.89 0.000120443 0.00520833 
../tests/avg_rr3_576/avg23_0.mtx 2.9 1578.64 7.43634e-05 0.00416667 
../tests/avg_rr3_576/avg23_0.mtx 3 1682.85 5.42052e-05 0.0037037 
../tests/avg_rr3_576/avg23_0.mtx 3.1 1780.97 3.19239e-05 0.00328947 
../tests/avg_rr3_576/avg23_0.mtx 3.2 1843.99 2.27704e-05 0.00299703 
../tests/avg_rr3_576/avg23_0.mtx 3.3 1804.91 2.11573e-05 0.00291545 
../tests/avg_rr3_576/avg23_0.mtx 3.4 1886.42 1.80921e-05 0.00263158 
../tests/avg_rr3_576/avg23_0.mtx 3.5 1854.44 1.60256e-05 0.0025641 
../tests/avg_rr3_576/avg23_0.mtx 3.6 1828.55 1.55198e-05 0.00252525 
../tests/avg_rr3_576/avg23_0.mtx 3.7 1847.31 1.42045e-05 0.00239234 
../tests/avg_rr3_576/avg23_0.mtx 3.8 1978.72 1.28465e-05 0.00211416 
../tests/avg_rr3_576/avg23_0.mtx 3.9 2043.23 1.05383e-05 0.00194553 
../tests/avg_rr3_576/avg23_0.mtx 4 2034.71 1.01381e-05 0.00186567 
../tests/avg_rr3_576/avg23_0.mtx 4.1 2191.41 8.80926e-06 0.00164745 
../tests/avg_rr3_576/avg23_0.mtx 4.2 2239.9 8.07494e-06 0.00155039 
../tests/avg_rr3_576/avg23_0.mtx 4.3 2427.27 7.11405e-06 0.00135685 
../tests/avg_rr3_576/avg23_0.mtx 4.4 2535.63 6.40861e-06 0.00123457 
../tests/avg_rr3_576/avg23_0.mtx 4.5 2562.78 6.0774e-06 0.00116686 
../tests/avg_rr3_576/avg23_0.mtx 4.6 2711 5.50564e-06 0.00105708 
../tests/avg_rr3_576/avg23_0.mtx 4.7 2830.32 5.02028e-06 0.000967118 
../tests/avg_rr3_576/avg23_0.mtx 4.8 0 -1 -1 
../tests/avg_rr3_576/avg23_0.mtx 4.9 0 -1 -1 
../tests/avg_rr3_576/avg23_0.mtx 5 0 -1 -1 
../tests/avg_rr3_576/avg24_0.mtx 1 89.4459 0.059783 0.71 
../tests/avg_rr3_576/avg24_0.mtx 1.1 79.852 0.051276 0.605 
../tests/avg_rr3_576/avg24_0.mtx 1.2 77.4237 0.0422743 0.52 
../tests/avg_rr3_576/avg24_0.mtx 1.3 97.7251 0.0324942 0.43 
../tests/avg_rr3_576/avg24_0.mtx 1.4 90.5519 0.0255208 0.346667 
../tests/avg_rr3_576/avg24_0.mtx 1.5 102.606 0.0184245 0.26 
../tests/avg_rr3_576/avg24_0.mtx 1.6 128.978 0.0143374 0.2 
../tests/avg_rr3_576/avg24_0.mtx 1.7 135.766 0.0115303 0.158571 
../tests/avg_rr3_576/avg24_0.mtx 1.8 160.252 0.00866319 0.121111 
../tests/avg_rr3_576/avg24_0.mtx 1.9 189.359 0.00590856 0.0891667 
../tests/avg_rr3_576/avg24_0.mtx 2 232.093 0.00377042 0.0617647 
../tests/avg_rr3_576/avg24_0.mtx 2.1 300.655 0.00240162 0.0416667 
../tests/avg_rr3_576/avg24_0.mtx 2.2 423.213 0.0014974 0.0255 
../tests/avg_rr3_576/avg24_0.mtx 2.3 642.896 0.000834099 0.0147059 
../tests/avg_rr3_576/avg24_0.mtx 2.4 913.688 0.000555398 0.00909091 
../tests/avg_rr3_576/avg24_0.mtx 2.5 1194.41 0.000368056 0.00625 
../tests/avg_rr3_576/avg24_0.mtx 2.6 1725.88 0.00021481 0.00384615 
../tests/avg_rr3_576/avg24_0.mtx 2.7 2517.22 0.000118186 0.00234742 
../tests/avg_rr3_576/avg24_0.mtx 2.8 3889.77 6.04037e-05 0.00133869 
../tests/avg_rr3_576/avg24_0.mtx 2.9 5440.89 3.98213e-05 0.000882867 
../tests/avg_rr3_576/avg24_0.mtx 3 0 -1 -1 
../tests/avg_rr3_576/avg24_0.mtx 3.1 0 -1 -1 
../tests/avg_rr3_576/avg24_0.mtx 3.2 0 -1 -1 
../tests/avg_rr3_576/avg24_0.mtx 3.3 0 -1 -1 
../tests/avg_rr3_576/avg24_0.mtx 3.4 0 -1 -1 
../tests/avg_rr3_576/avg24_0.mtx 3.5 0 -1 -1 
../tests/avg_rr3_576/avg24_0.mtx 3.6 0 -1 -1 
../tests/avg_rr3_576/avg24_0.mtx 3.7 0 -1 -1 
../tests/avg_rr3_576/avg24_0.mtx 3.8 0 -1 -1 
../tests/avg_rr3_576/avg24_0.mtx 3.9 0 -1 -1 
../tests/avg_rr3_576/avg24_0.mtx 4 0 -1 -1 
../tests/avg_rr3_576/avg24_0.mtx 4.1 0 -1 -1 
../tests/avg_rr3_576/avg24_0.mtx 4.2 0 -1 -1 
../tests/avg_rr3_576/avg24_0.mtx 4.3 0 -1 -1 
../tests/avg_rr3_576/avg24_0.mtx 4.4 0 -1 -1 
../tests/avg_rr3_576/avg24_0.mtx 4.5 0 -1 -1 
../tests/avg_rr3_576/avg24_0.mtx 4.6 0 -1 -1 
../tests/avg_rr3_576/avg24_0.mtx 4.7 0 -1 -1 
../tests/avg_rr3_576/avg24_0.mtx 4.8 0 -1 -1 
../tests/avg_rr3_576/avg24_0.mtx 4.9 0 -1 -1 
../tests/avg_rr3_576/avg24_0.mtx 5 0 -1 -1 
../tests/avg_rr3_576/avg25_0.mtx 1 91.2873 0.0610938 0.735 
../tests/avg_rr3_576/avg25_0.mtx 1.1 82.1427 0.0504427 0.61 
../tests/avg_rr3_576/avg25_0.mtx 1.2 77.5999 0.0431424 0.535 
../tests/avg_rr3_576/avg25_0.mtx 1.3 98.8857 0.0339873 0.453333 
../tests/avg_rr3_576/avg25_0.mtx 1.4 92.831 0.0272743 0.373333 
../tests/avg_rr3_576/avg25_0.mtx 1.5 105.848 0.0191536 0.2975 
../tests/avg_rr3_576/avg25_0.mtx 1.6 117.628 0.0150347 0.232 
../tests/avg_rr3_576/avg25_0.mtx 1.7 128.818 0.0122164 0.19 
../tests/avg_rr3_576/avg25_0.mtx 1.8 134.008 0.00939732 0.152857 
../tests/avg_rr3_576/avg25_0.mtx 1.9 151.981 0.00741319 0.121111 
../tests/avg_rr3_576/avg25_0.mtx 2 171.155 0.00579545 0.0954545 
../tests/avg_rr3_576/avg25_0.mtx 2.1 200.833 0.00385665 0.075 
../tests/avg_rr3_576/avg25_0.mtx 2.2 234.779 0.00270833 0.0577778 
../tests/avg_rr3_576/avg25_0.mtx 2.3 316.784 0.00147569 0.0381481 
../tests/avg_rr3_576/avg25_0.mtx 2.4 436.868 0.000908151 0.0242857 
../tests/avg_rr3_576/avg25_0.mtx 2.5 481.715 0.000635069 0.02 
../tests/avg_rr3_576/avg25_0.mtx 2.6 658.661 0.000395879 0.0131579 
../tests/avg_rr3_576/avg25_0.mtx 2.7 833.598 0.000288096 0.00962264 
../tests/avg_rr3_576/avg25_0.mtx 2.8 935.53 0.000197567 0.00775194 
../tests/avg_rr3_576/avg25_0.mtx 2.9 1000.75 0.000152707 0.00680272 
../tests/avg_rr3_576/avg25_0.mtx 3 1142.54 0.000114254 0.00558659 
../tests/avg_rr3_576/avg25_0.mtx 3.1 1394.88 7.03967e-05 0.00421941 
../tests/avg_rr3_576/avg25_0.mtx 3.2 1497.71 5.17722e-05 0.00362007 
../tests/avg_rr3_576/avg25_0.mtx 3.3 1526.67 4.10766e-05 0.00326797 
../tests/avg_rr3_576/avg25_0.mtx 3.4 1785.98 2.98197e-05 0.00259067 
../tests/avg_rr3_576/avg25_0.mtx 3.5 2049.33 2.52132e-05 0.00207469 
../tests/avg_rr3_576/avg25_0.mtx 3.6 2145.54 1.89542e-05 0.00187266 
../tests/avg_rr3_576/avg25_0.mtx 3.7 2398.64 1.65435e-05 0.00156986 
../tests/avg_rr3_576/avg25_0.mtx 3.8 2647.21 1.42824e-05 0.00133333 
../tests/avg_rr3_576/avg25_0.mtx 3.9 3037.32 1.17078e-05 0.00110011 
../tests/avg_rr3_576/avg25_0.mtx 4 3366.74 9.66512e-06 0.00094518 
../tests/avg_rr3_576/avg25_0.mtx 4.1 0 -1 -1 
../tests/avg_rr3_576/avg25_0.mtx 4.2 0 -1 -1 
../tests/avg_rr3_576/avg25_0.mtx 4.3 0 -1 -1 
../tests/avg_rr3_576/avg25_0.mtx 4.4 0 -1 -1 
../tests/avg_rr3_576/avg25_0.mtx 4.5 0 -1 -1 
../tests/avg_rr3_576/avg25_0.mtx 4.6 0 -1 -1 
../tests/avg_rr3_576/avg25_0.mtx 4.7 0 -1 -1 
../tests/avg_rr3_576/avg25_0.mtx 4.8 0 -1 -1 
../tests/avg_rr3_576/avg25_0.mtx 4.9 0 -1 -1 
../tests/avg_rr3_576/avg25_0.mtx 5 0 -1 -1 
../tests/avg_rr3_576/avg26_0.mtx 1 78.7381 0.0574306 0.665 
../tests/avg_rr3_576/avg26_0.mtx 1.1 75.599 0.0490538 0.575 
../tests/avg_rr3_576/avg26_0.mtx 1.2 74.9342 0.041276 0.5 
../tests/avg_rr3_576/avg26_0.mtx 1.3 91.296 0.0316956 0.42 
../tests/avg_rr3_576/avg26_0.mtx 1.4 110.997 0.0266146 0.35 
../tests/avg_rr3_576/avg26_0.mtx 1.5 103.556 0.0193446 0.2725 
../tests/avg_rr3_576/avg26_0.mtx 1.6 110.868 0.0153542 0.21 
../tests/avg_rr3_576/avg26_0.mtx 1.7 127.848 0.010692 0.147143 
../tests/avg_rr3_576/avg26_0.mtx 1.8 155.778 0.00803241 0.116667 
../tests/avg_rr3_576/avg26_0.mtx 1.9 190.991 0.00605324 0.0908333 
../tests/avg_rr3_576/avg26_0.mtx 2 231.132 0.00402574 0.0605882 
../tests/avg_rr3_576/avg26_0.mtx 2.1 278.236 0.00271739 0.0434783 
../tests/avg_rr3_576/avg26_0.mtx 2.2 439.469 0.0015067 0.0245238 
../tests/avg_rr3_576/avg26_0.mtx 2.3 656.375 0.000841888 0.0144928 
../tests/avg_rr3_576/avg26_0.mtx 2.4 912.68 0.000556187 0.00909091 
../tests/avg_rr3_576/avg26_0.mtx 2.5 1206.11 0.00031708 0.00613497 
../tests/avg_rr3_576/avg26_0.mtx 2.6 1908.13 0.000193676 0.00346021 
../tests/avg_rr3_576/avg26_0.mtx 2.7 2680.21 0.000109273 0.00217865 
../tests/avg_rr3_576/avg26_0.mtx 2.8 4896.02 5.21197e-05 0.00104603 
../tests/avg_rr3_576/avg26_0.mtx 2.9 7195.04 2.96239e-05 0.000646831 
../tests/avg_rr3_576/avg26_0.mtx 3 0 -1 -1 
../tests/avg_rr3_576/avg26_0.mtx 3.1 0 -1 -1 
../tests/avg_rr3_576/avg26_0.mtx 3.2 0 -1 -1 
../tests/avg_rr3_576/avg26_0.mtx 3.3 0 -1 -1 
../tests/avg_rr3_576/avg26_0.mtx 3.4 0 -1 -1 
../tests/avg_rr3_576/avg26_0.mtx 3.5 0 -1 -1 
../tests/avg_rr3_576/avg26_0.mtx 3.6 0 -1 -1 
../tests/avg_rr3_576/avg26_0.mtx 3.7 0 -1 -1 
../tests/avg_rr3_576/avg26_0.mtx 3.8 0 -1 -1 
../tests/avg_rr3_576/avg26_0.mtx 3.9 0 -1 -1 
../tests/avg_rr3_576/avg26_0.mtx 4 0 -1 -1 
../tests/avg_rr3_576/avg26_0.mtx 4.1 0 -1 -1 
../tests/avg_rr3_576/avg26_0.mtx 4.2 0 -1 -1 
../tests/avg_rr3_576/avg26_0.mtx 4.3 0 -1 -1 
../tests/avg_rr3_576/avg26_0.mtx 4.4 0 -1 -1 
../tests/avg_rr3_576/avg26_0.mtx 4.5 0 -1 -1 
../tests/avg_rr3_576/avg26_0.mtx 4.6 0 -1 -1 
../tests/avg_rr3_576/avg26_0.mtx 4.7 0 -1 -1 
../tests/avg_rr3_576/avg26_0.mtx 4.8 0 -1 -1 
../tests/avg_rr3_576/avg26_0.mtx 4.9 0 -1 -1 
../tests/avg_rr3_576/avg26_0.mtx 5 0 -1 -1 
../tests/avg_rr3_576/avg27_0.mtx 1 78.8472 0.0568924 0.645 
../tests/avg_rr3_576/avg27_0.mtx 1.1 76.2915 0.0497135 0.585 
../tests/avg_rr3_576/avg27_0.mtx 1.2 75.0565 0.043533 0.53 
../tests/avg_rr3_576/avg27_0.mtx 1.3 94.8291 0.0362384 0.45 
../tests/avg_rr3_576/avg27_0.mtx 1.4 90.9997 0.030353 0.383333 
../tests/avg_rr3_576/avg27_0.mtx 1.5 99.6802 0.0223351 0.3 
../tests/avg_rr3_576/avg27_0.mtx 1.6 112.406 0.0169167 0.23 
../tests/avg_rr3_576/avg27_0.mtx 1.7 124.126 0.0136806 0.196667 
../tests/avg_rr3_576/avg27_0.mtx 1.8 145.844 0.00923611 0.12875 
../tests/avg_rr3_576/avg27_0.mtx 1.9 190.127 0.00667679 0.0916667 
../tests/avg_rr3_576/avg27_0.mtx 2 219.974 0.00421766 0.06375 
../tests/avg_rr3_576/avg27_0.mtx 2.1 330.715 0.00237227 0.0364286 
../tests/avg_rr3_576/avg27_0.mtx 2.2 401.282 0.00176192 0.0278378 
../tests/avg_rr3_576/avg27_0.mtx 2.3 599.673 0.00098545 0.015873 
../tests/avg_rr3_576/avg27_0.mtx 2.4 798.385 0.000616873 0.0106383 
../tests/avg_rr3_576/avg27_0.mtx 2.5 1314.98 0.000308426 0.00558659 
../tests/avg_rr3_576/avg27_0.mtx 2.6 1763.19 0.000191362 0.00374532 
../tests/avg_rr3_576/avg27_0.mtx 2.7 2375.63 0.000142014 0.0025 
../tests/avg_rr3_576/avg27_0.mtx 2.8 3556.82 7.61715e-05 0.00149031 
../tests/avg_rr3_576/avg27_0.mtx 2.9 6250.27 3.4775e-05 0.000759301 
../tests/avg_rr3_576/avg27_0.mtx 3 0 -1 -1 
../tests/avg_rr3_576/avg27_0.mtx 3.1 0 -1 -1 
../tests/avg_rr3_576/avg27_0.mtx 3.2 0 -1 -1 
../tests/avg_rr3_576/avg27_0.mtx 3.3 0 -1 -1 
../tests/avg_rr3_576/avg27_0.mtx 3.4 0 -1 -1 
../tests/avg_rr3_576/avg27_0.mtx 3.5 0 -1 -1 
../tests/avg_rr3_576/avg27_0.mtx 3.6 0 -1 -1 
../tests/avg_rr3_576/avg27_0.mtx 3.7 0 -1 -1 
../tests/avg_rr3_576/avg27_0.mtx 3.8 0 -1 -1 
../tests/avg_rr3_576/avg27_0.mtx 3.9 0 -1 -1 
../tests/avg_rr3_576/avg27_0.mtx 4 0 -1 -1 
../tests/avg_rr3_576/avg27_0.mtx 4.1 0 -1 -1 
../tests/avg_rr3_576/avg27_0.mtx 4.2 0 -1 -1 
../tests/avg_rr3_576/avg27_0.mtx 4.3 0 -1 -1 
../tests/avg_rr3_576/avg27_0.mtx 4.4 0 -1 -1 
../tests/avg_rr3_576/avg27_0.mtx 4.5 0 -1 -1 
../tests/avg_rr3_576/avg27_0.mtx 4.6 0 -1 -1 
../tests/avg_rr3_576/avg27_0.mtx 4.7 0 -1 -1 
../tests/avg_rr3_576/avg27_0.mtx 4.8 0 -1 -1 
../tests/avg_rr3_576/avg27_0.mtx 4.9 0 -1 -1 
../tests/avg_rr3_576/avg27_0.mtx 5 0 -1 -1 
../tests/avg_rr3_576/avg28_0.mtx 1 85.1374 0.0588368 0.68 
../tests/avg_rr3_576/avg28_0.mtx 1.1 77.9583 0.0509115 0.615 
../tests/avg_rr3_576/avg28_0.mtx 1.2 75.5297 0.0422569 0.51 
../tests/avg_rr3_576/avg28_0.mtx 1.3 96.9989 0.0368403 0.456667 
../tests/avg_rr3_576/avg28_0.mtx 1.4 94.0603 0.0301968 0.386667 
../tests/avg_rr3_576/avg28_0.mtx 1.5 105.601 0.021454 0.295 
../tests/avg_rr3_576/avg28_0.mtx 1.6 122.695 0.0148681 0.22 
../tests/avg_rr3_576/avg28_0.mtx 1.7 123.097 0.0124971 0.173333 
../tests/avg_rr3_576/avg28_0.mtx 1.8 145.958 0.00900825 0.135 
../tests/avg_rr3_576/avg28_0.mtx 1.9 163.229 0.00682292 0.104 
../tests/avg_rr3_576/avg28_0.mtx 2 253.113 0.00359761 0.0572222 
../tests/avg_rr3_576/avg28_0.mtx 2.1 345.981 0.00230903 0.0371429 
../tests/avg_rr3_576/avg28_0.mtx 2.2 443.349 0.00146003 0.0243902 
../tests/avg_rr3_576/avg28_0.mtx 2.3 565.654 0.00104045 0.0175439 
../tests/avg_rr3_576/avg28_0.mtx 2.4 818.661 0.000602816 0.0111111 
../tests/avg_rr3_576/avg28_0.mtx 2.5 1211.09 0.000335762 0.00653595 
../tests/avg_rr3_576/avg28_0.mtx 2.6 1593.75 0.000214042 0.0045045 
../tests/avg_rr3_576/avg28_0.mtx 2.7 2468.37 0.000131404 0.00255102 
../tests/avg_rr3_576/avg28_0.mtx 2.8 4563.61 5.8011e-05 0.00121507 
../tests/avg_rr3_576/avg28_0.mtx 2.9 6473.79 3.51089e-05 0.000768049 
../tests/avg_rr3_576/avg28_0.mtx 3 0 -1 -1 
../tests/avg_rr3_576/avg28_0.mtx 3.1 0 -1 -1 
../tests/avg_rr3_576/avg28_0.mtx 3.2 0 -1 -1 
../tests/avg_rr3_576/avg28_0.mtx 3.3 0 -1 -1 
../tests/avg_rr3_576/avg28_0.mtx 3.4 0 -1 -1 
../tests/avg_rr3_576/avg28_0.mtx 3.5 0 -1 -1 
../tests/avg_rr3_576/avg28_0.mtx 3.6 0 -1 -1 
../tests/avg_rr3_576/avg28_0.mtx 3.7 0 -1 -1 
../tests/avg_rr3_576/avg28_0.mtx 3.8 0 -1 -1 
../tests/avg_rr3_576/avg28_0.mtx 3.9 0 -1 -1 
../tests/avg_rr3_576/avg28_0.mtx 4 0 -1 -1 
../tests/avg_rr3_576/avg28_0.mtx 4.1 0 -1 -1 
../tests/avg_rr3_576/avg28_0.mtx 4.2 0 -1 -1 
../tests/avg_rr3_576/avg28_0.mtx 4.3 0 -1 -1 
../tests/avg_rr3_576/avg28_0.mtx 4.4 0 -1 -1 
../tests/avg_rr3_576/avg28_0.mtx 4.5 0 -1 -1 
../tests/avg_rr3_576/avg28_0.mtx 4.6 0 -1 -1 
../tests/avg_rr3_576/avg28_0.mtx 4.7 0 -1 -1 
../tests/avg_rr3_576/avg28_0.mtx 4.8 0 -1 -1 
../tests/avg_rr3_576/avg28_0.mtx 4.9 0 -1 -1 
../tests/avg_rr3_576/avg28_0.mtx 5 0 -1 -1 
../tests/avg_rr3_576/avg29_0.mtx 1 83.117 0.0604601 0.675 
../tests/avg_rr3_576/avg29_0.mtx 1.1 80.7145 0.0536806 0.62 
../tests/avg_rr3_576/avg29_0.mtx 1.2 78.1981 0.0447483 0.55 
../tests/avg_rr3_576/avg29_0.mtx 1.3 98.637 0.0357465 0.473333 
../tests/avg_rr3_576/avg29_0.mtx 1.4 92.0678 0.0275289 0.37 
../tests/avg_rr3_576/avg29_0.mtx 1.5 107.123 0.0214106 0.2875 
../tests/avg_rr3_576/avg29_0.mtx 1.6 115.382 0.0160208 0.226 
../tests/avg_rr3_576/avg29_0.mtx 1.7 121.73 0.0118345 0.17 
../tests/avg_rr3_576/avg29_0.mtx 1.8 155.009 0.00868056 0.124444 
../tests/avg_rr3_576/avg29_0.mtx 1.9 174.334 0.00647096 0.0945455 
../tests/avg_rr3_576/avg29_0.mtx 2 235.664 0.00390829 0.0594118 
../tests/avg_rr3_576/avg29_0.mtx 2.1 314.999 0.00238448 0.0392308 
../tests/avg_rr3_576/avg29_0.mtx 2.2 422.087 0.00166164 0.0263158 
../tests/avg_rr3_576/avg29_0.mtx 2.3 651.634 0.00097274 0.0150746 
../tests/avg_rr3_576/avg29_0.mtx 2.4 828.654 0.000608759 0.0108602 
../tests/avg_rr3_576/avg29_0.mtx 2.5 1157.81 0.000367064 0.00680272 
../tests/avg_rr3_576/avg29_0.mtx 2.6 1545.91 0.000230035 0.00454545 
../tests/avg_rr3_576/avg29_0.mtx 2.7 2301.59 0.000134129 0.00268817 
../tests/avg_rr3_576/avg29_0.mtx 2.8 3569.84 7.70066e-05 0.00153374 
../tests/avg_rr3_576/avg29_0.mtx 2.9 5632.18 4.21323e-05 0.000876424 
../tests/avg_rr3_576/avg29_0.mtx 3 0 -1 -1 
../tests/avg_rr3_576/avg29_0.mtx 3.1 0 -1 -1 
../tests/avg_rr3_576/avg29_0.mtx 3.2 0 -1 -1 
../tests/avg_rr3_576/avg29_0.mtx 3.3 0 -1 -1 
../tests/avg_rr3_576/avg29_0.mtx 3.4 0 -1 -1 
../tests/avg_rr3_576/avg29_0.mtx 3.5 0 -1 -1 
../tests/avg_rr3_576/avg29_0.mtx 3.6 0 -1 -1 
../tests/avg_rr3_576/avg29_0.mtx 3.7 0 -1 -1 
../tests/avg_rr3_576/avg29_0.mtx 3.8 0 -1 -1 
../tests/avg_rr3_576/avg29_0.mtx 3.9 0 -1 -1 
../tests/avg_rr3_576/avg29_0.mtx 4 0 -1 -1 
../tests/avg_rr3_576/avg29_0.mtx 4.1 0 -1 -1 
../tests/avg_rr3_576/avg29_0.mtx 4.2 0 -1 -1 
../tests/avg_rr3_576/avg29_0.mtx 4.3 0 -1 -1 
../tests/avg_rr3_576/avg29_0.mtx 4.4 0 -1 -1 
../tests/avg_rr3_576/avg29_0.mtx 4.5 0 -1 -1 
../tests/avg_rr3_576/avg29_0.mtx 4.6 0 -1 -1 
../tests/avg_rr3_576/avg29_0.mtx 4.7 0 -1 -1 
../tests/avg_rr3_576/avg29_0.mtx 4.8 0 -1 -1 
../tests/avg_rr3_576/avg29_0.mtx 4.9 0 -1 -1 
../tests/avg_rr3_576/avg29_0.mtx 5 0 -1 -1 
../tests/avg_rr3_576/avg2_0.mtx 1 82.9445 0.0589583 0.68 
../tests/avg_rr3_576/avg2_0.mtx 1.1 79.7318 0.0492969 0.58 
../tests/avg_rr3_576/avg2_0.mtx 1.2 76.1265 0.0403733 0.5 
../tests/avg_rr3_576/avg2_0.mtx 1.3 97.4694 0.0342477 0.426667 
../tests/avg_rr3_576/avg2_0.mtx 1.4 111.015 0.0236328 0.315 
../tests/avg_rr3_576/avg2_0.mtx 1.5 119.714 0.0185174 0.252 
../tests/avg_rr3_576/avg2_0.mtx 1.6 129.26 0.0135677 0.19 
../tests/avg_rr3_576/avg2_0.mtx 1.7 146.759 0.0102387 0.145 
../tests/avg_rr3_576/avg2_0.mtx 1.8 149.581 0.00780285 0.113333 
../tests/avg_rr3_576/avg2_0.mtx 1.9 189.92 0.00524439 0.0792308 
../tests/avg_rr3_576/avg2_0.mtx 2 256.2 0.00335161 0.0536842 
../tests/avg_rr3_576/avg2_0.mtx 2.1 336.541 0.00229477 0.0371429 
../tests/avg_rr3_576/avg2_0.mtx 2.2 474.352 0.00136521 0.0231818 
../tests/avg_rr3_576/avg2_0.mtx 2.3 667.345 0.000872651 0.015 
../tests/avg_rr3_576/avg2_0.mtx 2.4 918.852 0.000504906 0.00917431 
../tests/avg_rr3_576/avg2_0.mtx 2.5 1464.78 0.000282096 0.00507614 
../tests/avg_rr3_576/avg2_0.mtx 2.6 1952.55 0.000175599 0.003367 
../tests/avg_rr3_576/avg2_0.mtx 2.7 2957.7 9.06182e-05 0.00196078 
../tests/avg_rr3_576/avg2_0.mtx 2.8 5154.06 4.89862e-05 0.00099108 
../tests/avg_rr3_576/avg2_0.mtx 2.9 0 -1 -1 
../tests/avg_rr3_576/avg2_0.mtx 3 0 -1 -1 
../tests/avg_rr3_576/avg2_0.mtx 3.1 0 -1 -1 
../tests/avg_rr3_576/avg2_0.mtx 3.2 0 -1 -1 
../tests/avg_rr3_576/avg2_0.mtx 3.3 0 -1 -1 
../tests/avg_rr3_576/avg2_0.mtx 3.4 0 -1 -1 
../tests/avg_rr3_576/avg2_0.mtx 3.5 0 -1 -1 
../tests/avg_rr3_576/avg2_0.mtx 3.6 0 -1 -1 
../tests/avg_rr3_576/avg2_0.mtx 3.7 0 -1 -1 
../tests/avg_rr3_576/avg2_0.mtx 3.8 0 -1 -1 
../tests/avg_rr3_576/avg2_0.mtx 3.9 0 -1 -1 
../tests/avg_rr3_576/avg2_0.mtx 4 0 -1 -1 
../tests/avg_rr3_576/avg2_0.mtx 4.1 0 -1 -1 
../tests/avg_rr3_576/avg2_0.mtx 4.2 0 -1 -1 
../tests/avg_rr3_576/avg2_0.mtx 4.3 0 -1 -1 
../tests/avg_rr3_576/avg2_0.mtx 4.4 0 -1 -1 
../tests/avg_rr3_576/avg2_0.mtx 4.5 0 -1 -1 
../tests/avg_rr3_576/avg2_0.mtx 4.6 0 -1 -1 
../tests/avg_rr3_576/avg2_0.mtx 4.7 0 -1 -1 
../tests/avg_rr3_576/avg2_0.mtx 4.8 0 -1 -1 
../tests/avg_rr3_576/avg2_0.mtx 4.9 0 -1 -1 
../tests/avg_rr3_576/avg2_0.mtx 5 0 -1 -1 
../tests/avg_rr3_576/avg30_0.mtx 1 84.8735 0.0609201 0.695 
../tests/avg_rr3_576/avg30_0.mtx 1.1 81.6254 0.0527517 0.635 
../tests/avg_rr3_576/avg30_0.mtx 1.2 75.7345 0.0437587 0.555 
../tests/avg_rr3_576/avg30_0.mtx 1.3 97.2807 0.0350984 0.45 
../tests/avg_rr3_576/avg30_0.mtx 1.4 93.1393 0.0284317 0.386667 
../tests/avg_rr3_576/avg30_0.mtx 1.5 108.259 0.0223524 0.3075 
../tests/avg_rr3_576/avg30_0.mtx 1.6 120.521 0.0154618 0.222 
../tests/avg_rr3_576/avg30_0.mtx 1.7 138.235 0.0112996 0.161429 
../tests/avg_rr3_576/avg30_0.mtx 1.8 157.946 0.00860725 0.127778 
../tests/avg_rr3_576/avg30_0.mtx 1.9 170.426 0.00605271 0.0945455 
../tests/avg_rr3_576/avg30_0.mtx 2 255.588 0.00355172 0.0547368 
../tests/avg_rr3_576/avg30_0.mtx 2.1 320.341 0.00232832 0.0381481 
../tests/avg_rr3_576/avg30_0.mtx 2.2 471.747 0.00134154 0.0231818 
../tests/avg_rr3_576/avg30_0.mtx 2.3 655.527 0.000886675 0.0144928 
../tests/avg_rr3_576/avg30_0.mtx 2.4 943.391 0.000552271 0.00900901 
../tests/avg_rr3_576/avg30_0.mtx 2.5 1217.25 0.000334635 0.006375 
../tests/avg_rr3_576/avg30_0.mtx 2.6 1742.92 0.000194363 0.00394531 
../tests/avg_rr3_576/avg30_0.mtx 2.7 2651.6 0.00011663 0.00231651 
../tests/avg_rr3_576/avg30_0.mtx 2.8 4462.79 5.48761e-05 0.00120048 
../tests/avg_rr3_576/avg30_0.mtx 2.9 6820.26 3.45497e-05 0.000709723 
../tests/avg_rr3_576/avg30_0.mtx 3 0 -1 -1 
../tests/avg_rr3_576/avg30_0.mtx 3.1 0 -1 -1 
../tests/avg_rr3_576/avg30_0.mtx 3.2 0 -1 -1 
../tests/avg_rr3_576/avg30_0.mtx 3.3 0 -1 -1 
../tests/avg_rr3_576/avg30_0.mtx 3.4 0 -1 -1 
../tests/avg_rr3_576/avg30_0.mtx 3.5 0 -1 -1 
../tests/avg_rr3_576/avg30_0.mtx 3.6 0 -1 -1 
../tests/avg_rr3_576/avg30_0.mtx 3.7 0 -1 -1 
../tests/avg_rr3_576/avg30_0.mtx 3.8 0 -1 -1 
../tests/avg_rr3_576/avg30_0.mtx 3.9 0 -1 -1 
../tests/avg_rr3_576/avg30_0.mtx 4 0 -1 -1 
../tests/avg_rr3_576/avg30_0.mtx 4.1 0 -1 -1 
../tests/avg_rr3_576/avg30_0.mtx 4.2 0 -1 -1 
../tests/avg_rr3_576/avg30_0.mtx 4.3 0 -1 -1 
../tests/avg_rr3_576/avg30_0.mtx 4.4 0 -1 -1 
../tests/avg_rr3_576/avg30_0.mtx 4.5 0 -1 -1 
../tests/avg_rr3_576/avg30_0.mtx 4.6 0 -1 -1 
../tests/avg_rr3_576/avg30_0.mtx 4.7 0 -1 -1 
../tests/avg_rr3_576/avg30_0.mtx 4.8 0 -1 -1 
../tests/avg_rr3_576/avg30_0.mtx 4.9 0 -1 -1 
../tests/avg_rr3_576/avg30_0.mtx 5 0 -1 -1 
../tests/avg_rr3_576/avg3_0.mtx 1 89.9002 0.060026 0.72 
../tests/avg_rr3_576/avg3_0.mtx 1.1 79.9354 0.0490104 0.615 
../tests/avg_rr3_576/avg3_0.mtx 1.2 75.6769 0.0408941 0.525 
../tests/avg_rr3_576/avg3_0.mtx 1.3 97.5583 0.0336053 0.443333 
../tests/avg_rr3_576/avg3_0.mtx 1.4 88.7972 0.0255093 0.346667 
../tests/avg_rr3_576/avg3_0.mtx 1.5 101.932 0.0185894 0.2675 
../tests/avg_rr3_576/avg3_0.mtx 1.6 130.319 0.014184 0.188333 
../tests/avg_rr3_576/avg3_0.mtx 1.7 138.314 0.00996528 0.144286 
../tests/avg_rr3_576/avg3_0.mtx 1.8 157.644 0.00759838 0.111111 
../tests/avg_rr3_576/avg3_0.mtx 1.9 193.497 0.0055195 0.0815385 
../tests/avg_rr3_576/avg3_0.mtx 2 240.502 0.00365162 0.0577778 
../tests/avg_rr3_576/avg3_0.mtx 2.1 368.745 0.00210909 0.0329032 
../tests/avg_rr3_576/avg3_0.mtx 2.2 473.422 0.0014267 0.0222222 
../tests/avg_rr3_576/avg3_0.mtx 2.3 644.666 0.000853027 0.0150746 
../tests/avg_rr3_576/avg3_0.mtx 2.4 944.459 0.000540562 0.00927273 
../tests/avg_rr3_576/avg3_0.mtx 2.5 1248.28 0.000363642 0.00608434 
../tests/avg_rr3_576/avg3_0.mtx 2.6 1818.12 0.000199203 0.0037037 
../tests/avg_rr3_576/avg3_0.mtx 2.7 2600.46 0.000119197 0.00231481 
../tests/avg_rr3_576/avg3_0.mtx 2.8 4159.96 6.12382e-05 0.00127065 
../tests/avg_rr3_576/avg3_0.mtx 2.9 6116.48 3.57042e-05 0.000793401 
../tests/avg_rr3_576/avg3_0.mtx 3 0 -1 -1 
../tests/avg_rr3_576/avg3_0.mtx 3.1 0 -1 -1 
../tests/avg_rr3_576/avg3_0.mtx 3.2 0 -1 -1 
../tests/avg_rr3_576/avg3_0.mtx 3.3 0 -1 -1 
../tests/avg_rr3_576/avg3_0.mtx 3.4 0 -1 -1 
../tests/avg_rr3_576/avg3_0.mtx 3.5 0 -1 -1 
../tests/avg_rr3_576/avg3_0.mtx 3.6 0 -1 -1 
../tests/avg_rr3_576/avg3_0.mtx 3.7 0 -1 -1 
../tests/avg_rr3_576/avg3_0.mtx 3.8 0 -1 -1 
../tests/avg_rr3_576/avg3_0.mtx 3.9 0 -1 -1 
../tests/avg_rr3_576/avg3_0.mtx 4 0 -1 -1 
../tests/avg_rr3_576/avg3_0.mtx 4.1 0 -1 -1 
../tests/avg_rr3_576/avg3_0.mtx 4.2 0 -1 -1 
../tests/avg_rr3_576/avg3_0.mtx 4.3 0 -1 -1 
../tests/avg_rr3_576/avg3_0.mtx 4.4 0 -1 -1 
../tests/avg_rr3_576/avg3_0.mtx 4.5 0 -1 -1 
../tests/avg_rr3_576/avg3_0.mtx 4.6 0 -1 -1 
../tests/avg_rr3_576/avg3_0.mtx 4.7 0 -1 -1 
../tests/avg_rr3_576/avg3_0.mtx 4.8 0 -1 -1 
../tests/avg_rr3_576/avg3_0.mtx 4.9 0 -1 -1 
../tests/avg_rr3_576/avg3_0.mtx 5 0 -1 -1 
../tests/avg_rr3_576/avg4_0.mtx 1 87.6642 0.0585764 0.7 
../tests/avg_rr3_576/avg4_0.mtx 1.1 80.32 0.0489757 0.62 
../tests/avg_rr3_576/avg4_0.mtx 1.2 76.4201 0.0388542 0.505 
../tests/avg_rr3_576/avg4_0.mtx 1.3 98.7293 0.0323437 0.433333 
../tests/avg_rr3_576/avg4_0.mtx 1.4 92.2071 0.0261806 0.343333 
../tests/avg_rr3_576/avg4_0.mtx 1.5 105.357 0.0197917 0.275 
../tests/avg_rr3_576/avg4_0.mtx 1.6 117.113 0.0145278 0.202 
../tests/avg_rr3_576/avg4_0.mtx 1.7 123.431 0.0115365 0.166667 
../tests/avg_rr3_576/avg4_0.mtx 1.8 144.091 0.00850911 0.13375 
../tests/avg_rr3_576/avg4_0.mtx 1.9 164.723 0.0061684 0.101 
../tests/avg_rr3_576/avg4_0.mtx 2 201.998 0.00454489 0.0735714 
../tests/avg_rr3_576/avg4_0.mtx 2.1 257.063 0.00309896 0.051 
../tests/avg_rr3_576/avg4_0.mtx 2.2 372.856 0.00181098 0.031875 
../tests/avg_rr3_576/avg4_0.mtx 2.3 453.354 0.00134004 0.0234884 
../tests/avg_rr3_576/avg4_0.mtx 2.4 649.506 0.000671045 0.0144928 
../tests/avg_rr3_576/avg4_0.mtx 2.5 923.192 0.000429135 0.00909091 
../tests/avg_rr3_576/avg4_0.mtx 2.6 1394.27 0.000238506 0.00534759 
../tests/avg_rr3_576/avg4_0.mtx 2.7 1773.66 0.000145597 0.00378788 
../tests/avg_rr3_576/avg4_0.mtx 2.8 2549.15 8.38178e-05 0.00232558 
../tests/avg_rr3_576/avg4_0.mtx 2.9 3428.66 5.37791e-05 0.00155039 
../tests/avg_rr3_576/avg4_0.mtx 3 4708.13 3.45264e-05 0.00102564 
../tests/avg_rr3_576/avg4_0.mtx 3.1 6471.95 1.73728e-05 0.000676133 
../tests/avg_rr3_576/avg4_0.mtx 3.2 0 -1 -1 
../tests/avg_rr3_576/avg4_0.mtx 3.3 0 -1 -1 
../tests/avg_rr3_576/avg4_0.mtx 3.4 0 -1 -1 
../tests/avg_rr3_576/avg4_0.mtx 3.5 0 -1 -1 
../tests/avg_rr3_576/avg4_0.mtx 3.6 0 -1 -1 
../tests/avg_rr3_576/avg4_0.mtx 3.7 0 -1 -1 
../tests/avg_rr3_576/avg4_0.mtx 3.8 0 -1 -1 
../tests/avg_rr3_576/avg4_0.mtx 3.9 0 -1 -1 
../tests/avg_rr3_576/avg4_0.mtx 4 0 -1 -1 
../tests/avg_rr3_576/avg4_0.mtx 4.1 0 -1 -1 
../tests/avg_rr3_576/avg4_0.mtx 4.2 0 -1 -1 
../tests/avg_rr3_576/avg4_0.mtx 4.3 0 -1 -1 
../tests/avg_rr3_576/avg4_0.mtx 4.4 0 -1 -1 
../tests/avg_rr3_576/avg4_0.mtx 4.5 0 -1 -1 
../tests/avg_rr3_576/avg4_0.mtx 4.6 0 -1 -1 
../tests/avg_rr3_576/avg4_0.mtx 4.7 0 -1 -1 
../tests/avg_rr3_576/avg4_0.mtx 4.8 0 -1 -1 
../tests/avg_rr3_576/avg4_0.mtx 4.9 0 -1 -1 
../tests/avg_rr3_576/avg4_0.mtx 5 0 -1 -1 
../tests/avg_rr3_576/avg5_0.mtx 1 83.0374 0.0596267 0.69 
../tests/avg_rr3_576/avg5_0.mtx 1.1 79.3277 0.049974 0.61 
../tests/avg_rr3_576/avg5_0.mtx 1.2 76.9489 0.039401 0.5 
../tests/avg_rr3_576/avg5_0.mtx 1.3 95.9558 0.0305266 0.396667 
../tests/avg_rr3_576/avg5_0.mtx 1.4 90.2592 0.0248495 0.333333 
../tests/avg_rr3_576/avg5_0.mtx 1.5 102.316 0.0182899 0.25 
../tests/avg_rr3_576/avg5_0.mtx 1.6 109.706 0.0150313 0.206 
../tests/avg_rr3_576/avg5_0.mtx 1.7 125.201 0.0133218 0.198333 
../tests/avg_rr3_576/avg5_0.mtx 1.8 145.483 0.0085395 0.13625 
../tests/avg_rr3_576/avg5_0.mtx 1.9 179.165 0.0060322 0.0954545 
../tests/avg_rr3_576/avg5_0.mtx 2 212.908 0.00445139 0.07 
../tests/avg_rr3_576/avg5_0.mtx 2.1 279.879 0.00290641 0.0472727 
../tests/avg_rr3_576/avg5_0.mtx 2.2 348.562 0.00189699 0.0333333 
../tests/avg_rr3_576/avg5_0.mtx 2.3 524.902 0.00103889 0.02 
../tests/avg_rr3_576/avg5_0.mtx 2.4 682.105 0.00076817 0.0136986 
../tests/avg_rr3_576/avg5_0.mtx 2.5 900.232 0.000481244 0.00934579 
../tests/avg_rr3_576/avg5_0.mtx 2.6 1257.52 0.000300409 0.00595238 
../tests/avg_rr3_576/avg5_0.mtx 2.7 1767.6 0.000177519 0.00372694 
../tests/avg_rr3_576/avg5_0.mtx 2.8 2501.73 0.000113636 0.002331 
../tests/avg_rr3_576/avg5_0.mtx 2.9 3573.83 6.82314e-05 0.0014556 
../tests/avg_rr3_576/avg5_0.mtx 3 5865.92 3.12528e-05 0.000799361 
../tests/avg_rr3_576/avg5_0.mtx 3.1 0 -1 -1 
../tests/avg_rr3_576/avg5_0.mtx 3.2 0 -1 -1 
../tests/avg_rr3_576/avg5_0.mtx 3.3 0 -1 -1 
../tests/avg_rr3_576/avg5_0.mtx 3.4 0 -1 -1 
../tests/avg_rr3_576/avg5_0.mtx 3.5 0 -1 -1 
../tests/avg_rr3_576/avg5_0.mtx 3.6 0 -1 -1 
../tests/avg_rr3_576/avg5_0.mtx 3.7 0 -1 -1 
../tests/avg_rr3_576/avg5_0.mtx 3.8 0 -1 -1 
../tests/avg_rr3_576/avg5_0.mtx 3.9 0 -1 -1 
../tests/avg_rr3_576/avg5_0.mtx 4 0 -1 -1 
../tests/avg_rr3_576/avg5_0.mtx 4.1 0 -1 -1 
../tests/avg_rr3_576/avg5_0.mtx 4.2 0 -1 -1 
../tests/avg_rr3_576/avg5_0.mtx 4.3 0 -1 -1 
../tests/avg_rr3_576/avg5_0.mtx 4.4 0 -1 -1 
../tests/avg_rr3_576/avg5_0.mtx 4.5 0 -1 -1 
../tests/avg_rr3_576/avg5_0.mtx 4.6 0 -1 -1 
../tests/avg_rr3_576/avg5_0.mtx 4.7 0 -1 -1 
../tests/avg_rr3_576/avg5_0.mtx 4.8 0 -1 -1 
../tests/avg_rr3_576/avg5_0.mtx 4.9 0 -1 -1 
../tests/avg_rr3_576/avg5_0.mtx 5 0 -1 -1 
../tests/avg_rr3_576/avg6_0.mtx 1 85.8447 0.0605382 0.705 
../tests/avg_rr3_576/avg6_0.mtx 1.1 80.9924 0.0503125 0.6 
../tests/avg_rr3_576/avg6_0.mtx 1.2 76.8569 0.0425955 0.51 
../tests/avg_rr3_576/avg6_0.mtx 1.3 92.2548 0.0308623 0.38 
../tests/avg_rr3_576/avg6_0.mtx 1.4 110.398 0.0253342 0.33 
../tests/avg_rr3_576/avg6_0.mtx 1.5 103.463 0.0197743 0.26 
../tests/avg_rr3_576/avg6_0.mtx 1.6 131.177 0.0147338 0.196667 
../tests/avg_rr3_576/avg6_0.mtx 1.7 136.026 0.0113368 0.155714 
../tests/avg_rr3_576/avg6_0.mtx 1.8 153.403 0.00840857 0.118889 
../tests/avg_rr3_576/avg6_0.mtx 1.9 184.589 0.00628328 0.0891667 
../tests/avg_rr3_576/avg6_0.mtx 2 243.46 0.00382523 0.0566667 
../tests/avg_rr3_576/avg6_0.mtx 2.1 304.833 0.00261819 0.0396154 
../tests/avg_rr3_576/avg6_0.mtx 2.2 439.777 0.00163773 0.0245238 
../tests/avg_rr3_576/avg6_0.mtx 2.3 596.123 0.000926202 0.0160317 
../tests/avg_rr3_576/avg6_0.mtx 2.4 1027.11 0.000511667 0.008 
../tests/avg_rr3_576/avg6_0.mtx 2.5 1325.37 0.00029789 0.00546448 
../tests/avg_rr3_576/avg6_0.mtx 2.6 2144.08 0.000151935 0.00298817 
../tests/avg_rr3_576/avg6_0.mtx 2.7 3185.65 9.41802e-05 0.00176991 
../tests/avg_rr3_576/avg6_0.mtx 2.8 5162.35 4.71352e-05 0.000979432 
../tests/avg_rr3_576/avg6_0.mtx 2.9 0 -1 -1 
../tests/avg_rr3_576/avg6_0.mtx 3 0 -1 -1 
../tests/avg_rr3_576/avg6_0.mtx 3.1 0 -1 -1 
../tests/avg_rr3_576/avg6_0.mtx 3.2 0 -1 -1 
../tests/avg_rr3_576/avg6_0.mtx 3.3 0 -1 -1 
../tests/avg_rr3_576/avg6_0.mtx 3.4 0 -1 -1 
../tests/avg_rr3_576/avg6_0.mtx 3.5 0 -1 -1 
../tests/avg_rr3_576/avg6_0.mtx 3.6 0 -1 -1 
../tests/avg_rr3_576/avg6_0.mtx 3.7 0 -1 -1 
../tests/avg_rr3_576/avg6_0.mtx 3.8 0 -1 -1 
../tests/avg_rr3_576/avg6_0.mtx 3.9 0 -1 -1 
../tests/avg_rr3_576/avg6_0.mtx 4 0 -1 -1 
../tests/avg_rr3_576/avg6_0.mtx 4.1 0 -1 -1 
../tests/avg_rr3_576/avg6_0.mtx 4.2 0 -1 -1 
../tests/avg_rr3_576/avg6_0.mtx 4.3 0 -1 -1 
../tests/avg_rr3_576/avg6_0.mtx 4.4 0 -1 -1 
../tests/avg_rr3_576/avg6_0.mtx 4.5 0 -1 -1 
../tests/avg_rr3_576/avg6_0.mtx 4.6 0 -1 -1 
../tests/avg_rr3_576/avg6_0.mtx 4.7 0 -1 -1 
../tests/avg_rr3_576/avg6_0.mtx 4.8 0 -1 -1 
../tests/avg_rr3_576/avg6_0.mtx 4.9 0 -1 -1 
../tests/avg_rr3_576/avg6_0.mtx 5 0 -1 -1 
../tests/avg_rr3_576/avg7_0.mtx 1 78.5308 0.0563021 0.63 
../tests/avg_rr3_576/avg7_0.mtx 1.1 74.7949 0.048342 0.56 
../tests/avg_rr3_576/avg7_0.mtx 1.2 70.4189 0.0411024 0.51 
../tests/avg_rr3_576/avg7_0.mtx 1.3 91.3437 0.033559 0.42 
../tests/avg_rr3_576/avg7_0.mtx 1.4 86.1649 0.0275058 0.35 
../tests/avg_rr3_576/avg7_0.mtx 1.5 99.8167 0.0218273 0.29 
../tests/avg_rr3_576/avg7_0.mtx 1.6 117.961 0.0172778 0.234 
../tests/avg_rr3_576/avg7_0.mtx 1.7 123.589 0.0128241 0.185 
../tests/avg_rr3_576/avg7_0.mtx 1.8 158.484 0.00881944 0.123333 
../tests/avg_rr3_576/avg7_0.mtx 1.9 167.057 0.00626105 0.0918182 
../tests/avg_rr3_576/avg7_0.mtx 2 210.081 0.00469213 0.07 
../tests/avg_rr3_576/avg7_0.mtx 2.1 295.497 0.00269097 0.0433333 
../tests/avg_rr3_576/avg7_0.mtx 2.2 404.581 0.00170608 0.0278378 
../tests/avg_rr3_576/avg7_0.mtx 2.3 646.659 0.000886732 0.015303 
../tests/avg_rr3_576/avg7_0.mtx 2.4 800.259 0.00059375 0.0111111 
../tests/avg_rr3_576/avg7_0.mtx 2.5 1029.58 0.000397287 0.00775194 
../tests/avg_rr3_576/avg7_0.mtx 2.6 1554.18 0.000206589 0.00456621 
../tests/avg_rr3_576/avg7_0.mtx 2.7 2283.3 0.000126689 0.0027027 
../tests/avg_rr3_576/avg7_0.mtx 2.8 3582.45 7.0388e-05 0.0015528 
../tests/avg_rr3_576/avg7_0.mtx 2.9 5061.64 3.90324e-05 0.00098912 
../tests/avg_rr3_576/avg7_0.mtx 3 0 -1 -1 
../tests/avg_rr3_576/avg7_0.mtx 3.1 0 -1 -1 
../tests/avg_rr3_576/avg7_0.mtx 3.2 0 -1 -1 
../tests/avg_rr3_576/avg7_0.mtx 3.3 0 -1 -1 
../tests/avg_rr3_576/avg7_0.mtx 3.4 0 -1 -1 
../tests/avg_rr3_576/avg7_0.mtx 3.5 0 -1 -1 
../tests/avg_rr3_576/avg7_0.mtx 3.6 0 -1 -1 
../tests/avg_rr3_576/avg7_0.mtx 3.7 0 -1 -1 
../tests/avg_rr3_576/avg7_0.mtx 3.8 0 -1 -1 
../tests/avg_rr3_576/avg7_0.mtx 3.9 0 -1 -1 
../tests/avg_rr3_576/avg7_0.mtx 4 0 -1 -1 
../tests/avg_rr3_576/avg7_0.mtx 4.1 0 -1 -1 
../tests/avg_rr3_576/avg7_0.mtx 4.2 0 -1 -1 
../tests/avg_rr3_576/avg7_0.mtx 4.3 0 -1 -1 
../tests/avg_rr3_576/avg7_0.mtx 4.4 0 -1 -1 
../tests/avg_rr3_576/avg7_0.mtx 4.5 0 -1 -1 
../tests/avg_rr3_576/avg7_0.mtx 4.6 0 -1 -1 
../tests/avg_rr3_576/avg7_0.mtx 4.7 0 -1 -1 
../tests/avg_rr3_576/avg7_0.mtx 4.8 0 -1 -1 
../tests/avg_rr3_576/avg7_0.mtx 4.9 0 -1 -1 
../tests/avg_rr3_576/avg7_0.mtx 5 0 -1 -1 
../tests/avg_rr3_576/avg8_0.mtx 1 84.5755 0.0598524 0.68 
../tests/avg_rr3_576/avg8_0.mtx 1.1 80.2891 0.0507986 0.625 
../tests/avg_rr3_576/avg8_0.mtx 1.2 75.0364 0.0431163 0.535 
../tests/avg_rr3_576/avg8_0.mtx 1.3 97.8657 0.0339468 0.45 
../tests/avg_rr3_576/avg8_0.mtx 1.4 90.1561 0.0273495 0.36 
../tests/avg_rr3_576/avg8_0.mtx 1.5 106.191 0.0209245 0.285 
../tests/avg_rr3_576/avg8_0.mtx 1.6 116.532 0.0144306 0.214 
../tests/avg_rr3_576/avg8_0.mtx 1.7 143.782 0.0117039 0.168571 
../tests/avg_rr3_576/avg8_0.mtx 1.8 157.293 0.00750772 0.116667 
../tests/avg_rr3_576/avg8_0.mtx 1.9 190.245 0.00566696 0.09 
../tests/avg_rr3_576/avg8_0.mtx 2 247.413 0.003424 0.0566667 
../tests/avg_rr3_576/avg8_0.mtx 2.1 327.097 0.00230838 0.0381481 
../tests/avg_rr3_576/avg8_0.mtx 2.2 436.706 0.00153082 0.0255 
../tests/avg_rr3_576/avg8_0.mtx 2.3 526.259 0.000994497 0.0188679 
../tests/avg_rr3_576/avg8_0.mtx 2.4 902.135 0.000549258 0.01 
../tests/avg_rr3_576/avg8_0.mtx 2.5 1180.65 0.000345474 0.00677852 
../tests/avg_rr3_576/avg8_0.mtx 2.6 1573.42 0.000221296 0.00444444 
../tests/avg_rr3_576/avg8_0.mtx 2.7 2096.26 0.000145412 0.00295858 
../tests/avg_rr3_576/avg8_0.mtx 2.8 3046.24 7.6275e-05 0.00183971 
../tests/avg_rr3_576/avg8_0.mtx 2.9 4808.99 4.34654e-05 0.00102987 
../tests/avg_rr3_576/avg8_0.mtx 3 9640.31 1.70868e-05 0.000464684 
../tests/avg_rr3_576/avg8_0.mtx 3.1 0 -1 -1 
../tests/avg_rr3_576/avg8_0.mtx 3.2 0 -1 -1 
../tests/avg_rr3_576/avg8_0.mtx 3.3 0 -1 -1 
../tests/avg_rr3_576/avg8_0.mtx 3.4 0 -1 -1 
../tests/avg_rr3_576/avg8_0.mtx 3.5 0 -1 -1 
../tests/avg_rr3_576/avg8_0.mtx 3.6 0 -1 -1 
../tests/avg_rr3_576/avg8_0.mtx 3.7 0 -1 -1 
../tests/avg_rr3_576/avg8_0.mtx 3.8 0 -1 -1 
../tests/avg_rr3_576/avg8_0.mtx 3.9 0 -1 -1 
../tests/avg_rr3_576/avg8_0.mtx 4 0 -1 -1 
../tests/avg_rr3_576/avg8_0.mtx 4.1 0 -1 -1 
../tests/avg_rr3_576/avg8_0.mtx 4.2 0 -1 -1 
../tests/avg_rr3_576/avg8_0.mtx 4.3 0 -1 -1 
../tests/avg_rr3_576/avg8_0.mtx 4.4 0 -1 -1 
../tests/avg_rr3_576/avg8_0.mtx 4.5 0 -1 -1 
../tests/avg_rr3_576/avg8_0.mtx 4.6 0 -1 -1 
../tests/avg_rr3_576/avg8_0.mtx 4.7 0 -1 -1 
../tests/avg_rr3_576/avg8_0.mtx 4.8 0 -1 -1 
../tests/avg_rr3_576/avg8_0.mtx 4.9 0 -1 -1 
../tests/avg_rr3_576/avg8_0.mtx 5 0 -1 -1 
../tests/avg_rr3_576/avg9_0.mtx 1 82.7579 0.0557986 0.645 
../tests/avg_rr3_576/avg9_0.mtx 1.1 77.5105 0.0486372 0.575 
../tests/avg_rr3_576/avg9_0.mtx 1.2 98.4941 0.0386979 0.476667 
../tests/avg_rr3_576/avg9_0.mtx 1.3 95.1647 0.0318924 0.41 
../tests/avg_rr3_576/avg9_0.mtx 1.4 109.617 0.0250434 0.3225 
../tests/avg_rr3_576/avg9_0.mtx 1.5 97.9966 0.0195616 0.2625 
../tests/avg_rr3_576/avg9_0.mtx 1.6 124.742 0.0151852 0.211667 
../tests/avg_rr3_576/avg9_0.mtx 1.7 130.864 0.0117163 0.161429 
../tests/avg_rr3_576/avg9_0.mtx 1.8 155.094 0.00821952 0.117778 
../tests/avg_rr3_576/avg9_0.mtx 1.9 188.001 0.00529247 0.0784615 
../tests/avg_rr3_576/avg9_0.mtx 2 253.647 0.00364035 0.0536842 
../tests/avg_rr3_576/avg9_0.mtx 2.1 348.563 0.00229167 0.034 
../tests/avg_rr3_576/avg9_0.mtx 2.2 470.104 0.00142852 0.0219565 
../tests/avg_rr3_576/avg9_0.mtx 2.3 583.83 0.00093974 0.016129 
../tests/avg_rr3_576/avg9_0.mtx 2.4 868.047 0.000545206 0.00961538 
../tests/avg_rr3_576/avg9_0.mtx 2.5 1476.45 0.0002811 0.00483254 
../tests/avg_rr3_576/avg9_0.mtx 2.6 2299.15 0.00016246 0.00271003 
../tests/avg_rr3_576/avg9_0.mtx 2.7 3379.36 8.90899e-05 0.00164474 
../tests/avg_rr3_576/avg9_0.mtx 2.8 5154.97 4.59412e-05 0.000958773 
../tests/avg_rr3_576/avg9_0.mtx 2.9 0 -1 -1 
../tests/avg_rr3_576/avg9_0.mtx 3 0 -1 -1 
../tests/avg_rr3_576/avg9_0.mtx 3.1 0 -1 -1 
../tests/avg_rr3_576/avg9_0.mtx 3.2 0 -1 -1 
../tests/avg_rr3_576/avg9_0.mtx 3.3 0 -1 -1 
../tests/avg_rr3_576/avg9_0.mtx 3.4 0 -1 -1 
../tests/avg_rr3_576/avg9_0.mtx 3.5 0 -1 -1 
../tests/avg_rr3_576/avg9_0.mtx 3.6 0 -1 -1 
../tests/avg_rr3_576/avg9_0.mtx 3.7 0 -1 -1 
../tests/avg_rr3_576/avg9_0.mtx 3.8 0 -1 -1 
../tests/avg_rr3_576/avg9_0.mtx 3.9 0 -1 -1 
../tests/avg_rr3_576/avg9_0.mtx 4 0 -1 -1 
../tests/avg_rr3_576/avg9_0.mtx 4.1 0 -1 -1 
../tests/avg_rr3_576/avg9_0.mtx 4.2 0 -1 -1 
../tests/avg_rr3_576/avg9_0.mtx 4.3 0 -1 -1 
../tests/avg_rr3_576/avg9_0.mtx 4.4 0 -1 -1 
../tests/avg_rr3_576/avg9_0.mtx 4.5 0 -1 -1 
../tests/avg_rr3_576/avg9_0.mtx 4.6 0 -1 -1 
../tests/avg_rr3_576/avg9_0.mtx 4.7 0 -1 -1 
../tests/avg_rr3_576/avg9_0.mtx 4.8 0 -1 -1 
../tests/avg_rr3_576/avg9_0.mtx 4.9 0 -1 -1 
../tests/avg_rr3_576/avg9_0.mtx 5 0 -1 -1 
