Results
Filename SNR Time(ms) BER FER
../tests/avg_g3_576/avg10_0.mtx 1 106.492 0.0617969 0.905 
../tests/avg_g3_576/avg10_0.mtx 1.1 96.7282 0.052283 0.875 
../tests/avg_g3_576/avg10_0.mtx 1.2 92.5723 0.0452517 0.855 
../tests/avg_g3_576/avg10_0.mtx 1.3 88.93 0.0383507 0.825 
../tests/avg_g3_576/avg10_0.mtx 1.4 86.4974 0.0308854 0.8 
../tests/avg_g3_576/avg10_0.mtx 1.5 86.6162 0.0253819 0.79 
../tests/avg_g3_576/avg10_0.mtx 1.6 85.7942 0.0203646 0.755 
../tests/avg_g3_576/avg10_0.mtx 1.7 78.3073 0.016658 0.7 
../tests/avg_g3_576/avg10_0.mtx 1.8 76.0892 0.0123611 0.67 
../tests/avg_g3_576/avg10_0.mtx 1.9 73.8963 0.0100694 0.64 
../tests/avg_g3_576/avg10_0.mtx 2 70.212 0.00774306 0.625 
../tests/avg_g3_576/avg10_0.mtx 2.1 72.2358 0.00611111 0.6 
../tests/avg_g3_576/avg10_0.mtx 2.2 71.1498 0.00499132 0.58 
../tests/avg_g3_576/avg10_0.mtx 2.3 69.8562 0.00426215 0.57 
../tests/avg_g3_576/avg10_0.mtx 2.4 69.4151 0.00377604 0.565 
../tests/avg_g3_576/avg10_0.mtx 2.5 68.123 0.00324653 0.545 
../tests/avg_g3_576/avg10_0.mtx 2.6 70.0768 0.00302951 0.52 
../tests/avg_g3_576/avg10_0.mtx 2.7 69.4267 0.00350694 0.515 
../tests/avg_g3_576/avg10_0.mtx 2.8 90.2261 0.00251736 0.51 
../tests/avg_g3_576/avg10_0.mtx 2.9 89.93 0.0025 0.5 
../tests/avg_g3_576/avg10_0.mtx 3 87.3364 0.00218171 0.48 
../tests/avg_g3_576/avg10_0.mtx 3.1 84.3623 0.00189236 0.466667 
../tests/avg_g3_576/avg10_0.mtx 3.2 84.2284 0.00191551 0.456667 
../tests/avg_g3_576/avg10_0.mtx 3.3 82.1135 0.00168403 0.45 
../tests/avg_g3_576/avg10_0.mtx 3.4 79.713 0.0015625 0.433333 
../tests/avg_g3_576/avg10_0.mtx 3.5 77.0443 0.00181713 0.41 
../tests/avg_g3_576/avg1_0.mtx 1 79.9595 0.064401 0.69 
../tests/avg_g3_576/avg1_0.mtx 1.1 76.5343 0.0571962 0.65 
../tests/avg_g3_576/avg1_0.mtx 1.2 75.963 0.0498177 0.6 
../tests/avg_g3_576/avg1_0.mtx 1.3 70.9269 0.0401215 0.51 
../tests/avg_g3_576/avg1_0.mtx 1.4 92.1432 0.0336458 0.436667 
../tests/avg_g3_576/avg1_0.mtx 1.5 103.032 0.0220095 0.3075 
../tests/avg_g3_576/avg1_0.mtx 1.6 117.587 0.0162153 0.236 
../tests/avg_g3_576/avg1_0.mtx 1.7 122.08 0.0119387 0.178333 
../tests/avg_g3_576/avg1_0.mtx 1.8 143.362 0.00908854 0.14375 
../tests/avg_g3_576/avg1_0.mtx 1.9 172.408 0.00640941 0.1 
../tests/avg_g3_576/avg1_0.mtx 2 220.502 0.00391819 0.065 
../tests/avg_g3_576/avg1_0.mtx 2.1 260.743 0.00277447 0.047619 
../tests/avg_g3_576/avg1_0.mtx 2.2 339.782 0.00196181 0.0358621 
../tests/avg_g3_576/avg1_0.mtx 2.3 502.419 0.00115728 0.0212766 
../tests/avg_g3_576/avg1_0.mtx 2.4 678.225 0.000748698 0.0138889 
../tests/avg_g3_576/avg1_0.mtx 2.5 1053.21 0.000442083 0.008 
../tests/avg_g3_576/avg1_0.mtx 2.6 1419.79 0.000236399 0.00518135 
../tests/avg_g3_576/avg1_0.mtx 2.7 1823.96 0.000178455 0.00362319 
../tests/avg_g3_576/avg1_0.mtx 2.8 2456.53 9.88477e-05 0.00247549 
../tests/avg_g3_576/avg1_0.mtx 2.9 3828.54 5.63871e-05 0.00140056 
../tests/avg_g3_576/avg1_0.mtx 3 6027.59 2.59928e-05 0.000804505 
../tests/avg_g3_576/avg1_0.mtx 3.1 0 -1 -1 
../tests/avg_g3_576/avg1_0.mtx 3.2 0 -1 -1 
../tests/avg_g3_576/avg1_0.mtx 3.3 0 -1 -1 
../tests/avg_g3_576/avg1_0.mtx 3.4 0 -1 -1 
../tests/avg_g3_576/avg1_0.mtx 3.5 0 -1 -1 
../tests/avg_g3_576/avg2_0.mtx 1 86.2224 0.0650347 0.75 
../tests/avg_g3_576/avg2_0.mtx 1.1 78.5174 0.0554948 0.65 
../tests/avg_g3_576/avg2_0.mtx 1.2 74.2006 0.0455469 0.565 
../tests/avg_g3_576/avg2_0.mtx 1.3 95.3264 0.036331 0.45 
../tests/avg_g3_576/avg2_0.mtx 1.4 91.1726 0.0286516 0.366667 
../tests/avg_g3_576/avg2_0.mtx 1.5 104.919 0.0217882 0.2775 
../tests/avg_g3_576/avg2_0.mtx 1.6 109.959 0.0157951 0.208 
../tests/avg_g3_576/avg2_0.mtx 1.7 144.294 0.0101975 0.14375 
../tests/avg_g3_576/avg2_0.mtx 1.8 162.352 0.00685069 0.102 
../tests/avg_g3_576/avg2_0.mtx 1.9 200.286 0.005 0.0714286 
../tests/avg_g3_576/avg2_0.mtx 2 246.341 0.00336988 0.0531579 
../tests/avg_g3_576/avg2_0.mtx 2.1 356.042 0.00209509 0.0325806 
../tests/avg_g3_576/avg2_0.mtx 2.2 418.268 0.00141406 0.02525 
../tests/avg_g3_576/avg2_0.mtx 2.3 645.941 0.000874008 0.0145714 
../tests/avg_g3_576/avg2_0.mtx 2.4 905.081 0.000584862 0.0093578 
../tests/avg_g3_576/avg2_0.mtx 2.5 1058.64 0.000400689 0.00724638 
../tests/avg_g3_576/avg2_0.mtx 2.6 1639.75 0.000228237 0.0041841 
../tests/avg_g3_576/avg2_0.mtx 2.7 2549.66 0.000122339 0.00233645 
../tests/avg_g3_576/avg2_0.mtx 2.8 4686.88 5.20057e-05 0.00111732 
../tests/avg_g3_576/avg2_0.mtx 2.9 7237.32 3.06879e-05 0.000652742 
../tests/avg_g3_576/avg2_0.mtx 3 0 -1 -1 
../tests/avg_g3_576/avg2_0.mtx 3.1 0 -1 -1 
../tests/avg_g3_576/avg2_0.mtx 3.2 0 -1 -1 
../tests/avg_g3_576/avg2_0.mtx 3.3 0 -1 -1 
../tests/avg_g3_576/avg2_0.mtx 3.4 0 -1 -1 
../tests/avg_g3_576/avg2_0.mtx 3.5 0 -1 -1 
../tests/avg_g3_576/avg3_0.mtx 1 80.4687 0.0637674 0.71 
../tests/avg_g3_576/avg3_0.mtx 1.1 75.9638 0.0535069 0.63 
../tests/avg_g3_576/avg3_0.mtx 1.2 73.227 0.0454688 0.545 
../tests/avg_g3_576/avg3_0.mtx 1.3 93.7724 0.0361632 0.443333 
../tests/avg_g3_576/avg3_0.mtx 1.4 86.5066 0.0273669 0.346667 
../tests/avg_g3_576/avg3_0.mtx 1.5 99.208 0.0211372 0.28 
../tests/avg_g3_576/avg3_0.mtx 1.6 106.873 0.0152014 0.208 
../tests/avg_g3_576/avg3_0.mtx 1.7 145.876 0.0102279 0.14375 
../tests/avg_g3_576/avg3_0.mtx 1.8 150.737 0.00828511 0.115556 
../tests/avg_g3_576/avg3_0.mtx 1.9 184.531 0.00539797 0.0784615 
../tests/avg_g3_576/avg3_0.mtx 2 229.447 0.00406636 0.0572222 
../tests/avg_g3_576/avg3_0.mtx 2.1 327.574 0.00229885 0.0348276 
../tests/avg_g3_576/avg3_0.mtx 2.2 437.121 0.00151042 0.0240476 
../tests/avg_g3_576/avg3_0.mtx 2.3 670.554 0.000865202 0.0139726 
../tests/avg_g3_576/avg3_0.mtx 2.4 1019.74 0.000440179 0.00787402 
../tests/avg_g3_576/avg3_0.mtx 2.5 1497.69 0.000280246 0.00473934 
../tests/avg_g3_576/avg3_0.mtx 2.6 2022.06 0.000171264 0.00314465 
../tests/avg_g3_576/avg3_0.mtx 2.7 3084.95 9.64896e-05 0.00183486 
../tests/avg_g3_576/avg3_0.mtx 2.8 5129.15 5.06664e-05 0.000983284 
../tests/avg_g3_576/avg3_0.mtx 2.9 0 -1 -1 
../tests/avg_g3_576/avg3_0.mtx 3 0 -1 -1 
../tests/avg_g3_576/avg3_0.mtx 3.1 0 -1 -1 
../tests/avg_g3_576/avg3_0.mtx 3.2 0 -1 -1 
../tests/avg_g3_576/avg3_0.mtx 3.3 0 -1 -1 
../tests/avg_g3_576/avg3_0.mtx 3.4 0 -1 -1 
../tests/avg_g3_576/avg3_0.mtx 3.5 0 -1 -1 
../tests/avg_g3_576/avg4_0.mtx 1 83.2178 0.063967 0.72 
../tests/avg_g3_576/avg4_0.mtx 1.1 76.2517 0.0551215 0.64 
../tests/avg_g3_576/avg4_0.mtx 1.2 73.2741 0.0464497 0.58 
../tests/avg_g3_576/avg4_0.mtx 1.3 70.5762 0.0388628 0.5 
../tests/avg_g3_576/avg4_0.mtx 1.4 90.4691 0.0306366 0.393333 
../tests/avg_g3_576/avg4_0.mtx 1.5 102.305 0.0206554 0.275 
../tests/avg_g3_576/avg4_0.mtx 1.6 111.594 0.0173021 0.232 
../tests/avg_g3_576/avg4_0.mtx 1.7 119.434 0.0127025 0.171667 
../tests/avg_g3_576/avg4_0.mtx 1.8 126.012 0.00937996 0.144286 
../tests/avg_g3_576/avg4_0.mtx 1.9 184.689 0.00570747 0.0908333 
../tests/avg_g3_576/avg4_0.mtx 2 234.145 0.00399203 0.0617647 
../tests/avg_g3_576/avg4_0.mtx 2.1 275.378 0.00283144 0.0459091 
../tests/avg_g3_576/avg4_0.mtx 2.2 405.762 0.00168027 0.0281081 
../tests/avg_g3_576/avg4_0.mtx 2.3 517.514 0.00111588 0.02 
../tests/avg_g3_576/avg4_0.mtx 2.4 723.727 0.000732283 0.0129487 
../tests/avg_g3_576/avg4_0.mtx 2.5 1223.72 0.000354167 0.00645161 
../tests/avg_g3_576/avg4_0.mtx 2.6 1378.12 0.000253599 0.0052356 
../tests/avg_g3_576/avg4_0.mtx 2.7 1998.81 0.000153954 0.00322581 
../tests/avg_g3_576/avg4_0.mtx 2.8 3283.9 7.77332e-05 0.00173611 
../tests/avg_g3_576/avg4_0.mtx 2.9 4845.46 4.3421e-05 0.00105042 
../tests/avg_g3_576/avg4_0.mtx 3 7697.12 2.56542e-05 0.000603136 
../tests/avg_g3_576/avg4_0.mtx 3.1 0 -1 -1 
../tests/avg_g3_576/avg4_0.mtx 3.2 0 -1 -1 
../tests/avg_g3_576/avg4_0.mtx 3.3 0 -1 -1 
../tests/avg_g3_576/avg4_0.mtx 3.4 0 -1 -1 
../tests/avg_g3_576/avg4_0.mtx 3.5 0 -1 -1 
../tests/avg_g3_576/avg5_0.mtx 1 79.2821 0.0591493 0.665 
../tests/avg_g3_576/avg5_0.mtx 1.1 74.3119 0.0492622 0.56 
../tests/avg_g3_576/avg5_0.mtx 1.2 72.905 0.0439844 0.505 
../tests/avg_g3_576/avg5_0.mtx 1.3 90.3397 0.034184 0.423333 
../tests/avg_g3_576/avg5_0.mtx 1.4 91.081 0.0278299 0.356667 
../tests/avg_g3_576/avg5_0.mtx 1.5 99.0585 0.0195877 0.26 
../tests/avg_g3_576/avg5_0.mtx 1.6 112.073 0.0144687 0.204 
../tests/avg_g3_576/avg5_0.mtx 1.7 130.848 0.0110392 0.154286 
../tests/avg_g3_576/avg5_0.mtx 1.8 151.546 0.008125 0.122222 
../tests/avg_g3_576/avg5_0.mtx 1.9 197.048 0.00513221 0.0815385 
../tests/avg_g3_576/avg5_0.mtx 2 240.072 0.00380498 0.0572222 
../tests/avg_g3_576/avg5_0.mtx 2.1 339.423 0.00239045 0.0351724 
../tests/avg_g3_576/avg5_0.mtx 2.2 398.855 0.0017087 0.0263158 
../tests/avg_g3_576/avg5_0.mtx 2.3 607.226 0.000921224 0.015625 
../tests/avg_g3_576/avg5_0.mtx 2.4 753.066 0.000704134 0.0117442 
../tests/avg_g3_576/avg5_0.mtx 2.5 1195.72 0.000380376 0.00645161 
../tests/avg_g3_576/avg5_0.mtx 2.6 1579.45 0.000239032 0.00429185 
../tests/avg_g3_576/avg5_0.mtx 2.7 2477.95 0.000125489 0.00242718 
../tests/avg_g3_576/avg5_0.mtx 2.8 3970.87 6.24489e-05 0.00133869 
../tests/avg_g3_576/avg5_0.mtx 2.9 5780.13 3.99029e-05 0.000846605 
../tests/avg_g3_576/avg5_0.mtx 3 0 -1 -1 
../tests/avg_g3_576/avg5_0.mtx 3.1 0 -1 -1 
../tests/avg_g3_576/avg5_0.mtx 3.2 0 -1 -1 
../tests/avg_g3_576/avg5_0.mtx 3.3 0 -1 -1 
../tests/avg_g3_576/avg5_0.mtx 3.4 0 -1 -1 
../tests/avg_g3_576/avg5_0.mtx 3.5 0 -1 -1 
../tests/avg_g3_576/avg6_0.mtx 1 78.2832 0.0605642 0.695 
../tests/avg_g3_576/avg6_0.mtx 1.1 72.971 0.0519618 0.625 
../tests/avg_g3_576/avg6_0.mtx 1.2 71.1486 0.0455816 0.565 
../tests/avg_g3_576/avg6_0.mtx 1.3 69.1528 0.0378038 0.505 
../tests/avg_g3_576/avg6_0.mtx 1.4 84.2257 0.0268981 0.363333 
../tests/avg_g3_576/avg6_0.mtx 1.5 101.649 0.0214019 0.295 
../tests/avg_g3_576/avg6_0.mtx 1.6 110.436 0.0173299 0.242 
../tests/avg_g3_576/avg6_0.mtx 1.7 119.9 0.0128646 0.191667 
../tests/avg_g3_576/avg6_0.mtx 1.8 141.114 0.00946398 0.135 
../tests/avg_g3_576/avg6_0.mtx 1.9 160.466 0.00684375 0.105 
../tests/avg_g3_576/avg6_0.mtx 2 204.941 0.00463294 0.0728571 
../tests/avg_g3_576/avg6_0.mtx 2.1 265.893 0.00300182 0.0480952 
../tests/avg_g3_576/avg6_0.mtx 2.2 356.818 0.00181261 0.0315625 
../tests/avg_g3_576/avg6_0.mtx 2.3 507.622 0.00122639 0.0202 
../tests/avg_g3_576/avg6_0.mtx 2.4 708.14 0.000720486 0.0131579 
../tests/avg_g3_576/avg6_0.mtx 2.5 995 0.000427083 0.00833333 
../tests/avg_g3_576/avg6_0.mtx 2.6 1403.81 0.000249302 0.00529101 
../tests/avg_g3_576/avg6_0.mtx 2.7 1976.98 0.000163158 0.00346021 
../tests/avg_g3_576/avg6_0.mtx 2.8 2828.39 9.04625e-05 0.00212766 
../tests/avg_g3_576/avg6_0.mtx 2.9 4386.29 5.13117e-05 0.00123457 
../tests/avg_g3_576/avg6_0.mtx 3 6399.99 3.14988e-05 0.000770416 
../tests/avg_g3_576/avg6_0.mtx 3.1 0 -1 -1 
../tests/avg_g3_576/avg6_0.mtx 3.2 0 -1 -1 
../tests/avg_g3_576/avg6_0.mtx 3.3 0 -1 -1 
../tests/avg_g3_576/avg6_0.mtx 3.4 0 -1 -1 
../tests/avg_g3_576/avg6_0.mtx 3.5 0 -1 -1 
../tests/avg_g3_576/avg7_0.mtx 1 84.0695 0.0652865 0.76 
../tests/avg_g3_576/avg7_0.mtx 1.1 80.351 0.0555642 0.675 
../tests/avg_g3_576/avg7_0.mtx 1.2 75.2571 0.0476562 0.595 
../tests/avg_g3_576/avg7_0.mtx 1.3 95.7832 0.0371181 0.476667 
../tests/avg_g3_576/avg7_0.mtx 1.4 89.2355 0.0290799 0.376667 
../tests/avg_g3_576/avg7_0.mtx 1.5 103.63 0.0220747 0.295 
../tests/avg_g3_576/avg7_0.mtx 1.6 106.517 0.0156944 0.212 
../tests/avg_g3_576/avg7_0.mtx 1.7 134.627 0.0107986 0.157143 
../tests/avg_g3_576/avg7_0.mtx 1.8 150.157 0.0083777 0.118889 
../tests/avg_g3_576/avg7_0.mtx 1.9 165.872 0.00615215 0.0936364 
../tests/avg_g3_576/avg7_0.mtx 2 218.871 0.00407986 0.06375 
../tests/avg_g3_576/avg7_0.mtx 2.1 314.937 0.00239984 0.0392308 
../tests/avg_g3_576/avg7_0.mtx 2.2 428.466 0.00147656 0.02525 
../tests/avg_g3_576/avg7_0.mtx 2.3 555.884 0.00110593 0.0178947 
../tests/avg_g3_576/avg7_0.mtx 2.4 714.025 0.000723307 0.012625 
../tests/avg_g3_576/avg7_0.mtx 2.5 1029.82 0.000437309 0.00787402 
../tests/avg_g3_576/avg7_0.mtx 2.6 1578.92 0.000218532 0.00448431 
../tests/avg_g3_576/avg7_0.mtx 2.7 2082.19 0.000152398 0.00303951 
../tests/avg_g3_576/avg7_0.mtx 2.8 3350.46 8.36931e-05 0.00164474 
../tests/avg_g3_576/avg7_0.mtx 2.9 5040.2 4.51526e-05 0.000988142 
../tests/avg_g3_576/avg7_0.mtx 3 0 -1 -1 
../tests/avg_g3_576/avg7_0.mtx 3.1 0 -1 -1 
../tests/avg_g3_576/avg7_0.mtx 3.2 0 -1 -1 
../tests/avg_g3_576/avg7_0.mtx 3.3 0 -1 -1 
../tests/avg_g3_576/avg7_0.mtx 3.4 0 -1 -1 
../tests/avg_g3_576/avg7_0.mtx 3.5 0 -1 -1 
../tests/avg_g3_576/avg8_0.mtx 1 84.2641 0.0597135 0.72 
../tests/avg_g3_576/avg8_0.mtx 1.1 78.8684 0.052474 0.65 
../tests/avg_g3_576/avg8_0.mtx 1.2 75.4683 0.0432378 0.59 
../tests/avg_g3_576/avg8_0.mtx 1.3 74.6755 0.0357031 0.51 
../tests/avg_g3_576/avg8_0.mtx 1.4 93.6667 0.029838 0.42 
../tests/avg_g3_576/avg8_0.mtx 1.5 91.3817 0.0245081 0.356667 
../tests/avg_g3_576/avg8_0.mtx 1.6 99.4802 0.0176128 0.2725 
../tests/avg_g3_576/avg8_0.mtx 1.7 111.033 0.0137465 0.206 
../tests/avg_g3_576/avg8_0.mtx 1.8 132.546 0.0100546 0.164286 
../tests/avg_g3_576/avg8_0.mtx 1.9 156.506 0.00721451 0.12 
../tests/avg_g3_576/avg8_0.mtx 2 187.671 0.0050651 0.09 
../tests/avg_g3_576/avg8_0.mtx 2.1 225.898 0.00359049 0.065 
../tests/avg_g3_576/avg8_0.mtx 2.2 293.553 0.00232261 0.0452174 
../tests/avg_g3_576/avg8_0.mtx 2.3 402.286 0.00156399 0.0291429 
../tests/avg_g3_576/avg8_0.mtx 2.4 563.75 0.000917614 0.0183636 
../tests/avg_g3_576/avg8_0.mtx 2.5 787.509 0.000561549 0.0119048 
../tests/avg_g3_576/avg8_0.mtx 2.6 900.722 0.000397302 0.00971154 
../tests/avg_g3_576/avg8_0.mtx 2.7 1279.88 0.000246298 0.0060241 
../tests/avg_g3_576/avg8_0.mtx 2.8 1750.65 0.000161141 0.00400794 
../tests/avg_g3_576/avg8_0.mtx 2.9 2471.19 9.11015e-05 0.00255102 
../tests/avg_g3_576/avg8_0.mtx 3 3729.07 5.30814e-05 0.00151286 
../tests/avg_g3_576/avg8_0.mtx 3.1 5099.36 3.182e-05 0.001001 
../tests/avg_g3_576/avg8_0.mtx 3.2 8016.98 1.82636e-05 0.000589953 
../tests/avg_g3_576/avg8_0.mtx 3.3 0 -1 -1 
../tests/avg_g3_576/avg8_0.mtx 3.4 0 -1 -1 
../tests/avg_g3_576/avg8_0.mtx 3.5 0 -1 -1 
../tests/avg_g3_576/avg9_0.mtx 1 79.7541 0.0619878 0.7 
../tests/avg_g3_576/avg9_0.mtx 1.1 73.8899 0.0530469 0.605 
../tests/avg_g3_576/avg9_0.mtx 1.2 68.8139 0.0436545 0.52 
../tests/avg_g3_576/avg9_0.mtx 1.3 89.6955 0.0360301 0.433333 
../tests/avg_g3_576/avg9_0.mtx 1.4 85.3919 0.0290509 0.37 
../tests/avg_g3_576/avg9_0.mtx 1.5 96.1413 0.0217318 0.28 
../tests/avg_g3_576/avg9_0.mtx 1.6 109.826 0.0170139 0.232 
../tests/avg_g3_576/avg9_0.mtx 1.7 113.884 0.0131568 0.178333 
../tests/avg_g3_576/avg9_0.mtx 1.8 133.345 0.00879557 0.12625 
../tests/avg_g3_576/avg9_0.mtx 1.9 174.319 0.00598669 0.0891667 
../tests/avg_g3_576/avg9_0.mtx 2 223.106 0.0040819 0.0588235 
../tests/avg_g3_576/avg9_0.mtx 2.1 282.67 0.00261285 0.0420833 
../tests/avg_g3_576/avg9_0.mtx 2.2 465.187 0.00141296 0.0231818 
../tests/avg_g3_576/avg9_0.mtx 2.3 587.313 0.000968089 0.015873 
../tests/avg_g3_576/avg9_0.mtx 2.4 1055.82 0.000467014 0.00769231 
../tests/avg_g3_576/avg9_0.mtx 2.5 1414.54 0.000309082 0.00518135 
../tests/avg_g3_576/avg9_0.mtx 2.6 1971.67 0.000181566 0.00334448 
../tests/avg_g3_576/avg9_0.mtx 2.7 2803.45 9.97086e-05 0.00208768 
../tests/avg_g3_576/avg9_0.mtx 2.8 4810.96 4.9215e-05 0.00108696 
../tests/avg_g3_576/avg9_0.mtx 2.9 7271.27 2.67129e-05 0.000649773 
../tests/avg_g3_576/avg9_0.mtx 3 0 -1 -1 
../tests/avg_g3_576/avg9_0.mtx 3.1 0 -1 -1 
../tests/avg_g3_576/avg9_0.mtx 3.2 0 -1 -1 
../tests/avg_g3_576/avg9_0.mtx 3.3 0 -1 -1 
../tests/avg_g3_576/avg9_0.mtx 3.4 0 -1 -1 
../tests/avg_g3_576/avg9_0.mtx 3.5 0 -1 -1 
