Results
Filename SNR Time(ms) BER FER
../tests/avg_rr3_2304/avg10_0.mtx 1 409.958 0.0577604 0.77 
../tests/avg_rr3_2304/avg10_0.mtx 1.1 388.813 0.0444661 0.61 
../tests/avg_rr3_2304/avg10_0.mtx 1.2 466.132 0.0320399 0.475 
../tests/avg_rr3_2304/avg10_0.mtx 1.3 437.085 0.0192079 0.32 
../tests/avg_rr3_2304/avg10_0.mtx 1.4 484.959 0.0109925 0.206667 
../tests/avg_rr3_2304/avg10_0.mtx 1.5 576.368 0.00613628 0.112 
../tests/avg_rr3_2304/avg10_0.mtx 1.6 800.424 0.0026875 0.053 
../tests/avg_rr3_2304/avg10_0.mtx 1.7 1601.84 0.000865811 0.0175862 
../tests/avg_rr3_2304/avg10_0.mtx 1.8 3064.79 0.000362627 0.00704225 
../tests/avg_rr3_2304/avg10_0.mtx 1.9 8254.08 9.67882e-05 0.00217391 
../tests/avg_rr3_2304/avg10_0.mtx 2 25528.1 2.5713e-05 0.000600962 
../tests/avg_rr3_2304/avg10_0.mtx 2.1 0 -1 -1 
../tests/avg_rr3_2304/avg10_0.mtx 2.2 0 -1 -1 
../tests/avg_rr3_2304/avg10_0.mtx 2.3 0 -1 -1 
../tests/avg_rr3_2304/avg10_0.mtx 2.4 0 -1 -1 
../tests/avg_rr3_2304/avg10_0.mtx 2.5 0 -1 -1 
../tests/avg_rr3_2304/avg10_0.mtx 2.6 0 -1 -1 
../tests/avg_rr3_2304/avg10_0.mtx 2.7 0 -1 -1 
../tests/avg_rr3_2304/avg10_0.mtx 2.8 0 -1 -1 
../tests/avg_rr3_2304/avg10_0.mtx 2.9 0 -1 -1 
../tests/avg_rr3_2304/avg10_0.mtx 3 0 -1 -1 
../tests/avg_rr3_2304/avg10_0.mtx 3.1 0 -1 -1 
../tests/avg_rr3_2304/avg10_0.mtx 3.2 0 -1 -1 
../tests/avg_rr3_2304/avg10_0.mtx 3.3 0 -1 -1 
../tests/avg_rr3_2304/avg10_0.mtx 3.4 0 -1 -1 
../tests/avg_rr3_2304/avg10_0.mtx 3.5 0 -1 -1 
../tests/avg_rr3_2304/avg10_0.mtx 3.6 0 -1 -1 
../tests/avg_rr3_2304/avg10_0.mtx 3.7 0 -1 -1 
../tests/avg_rr3_2304/avg10_0.mtx 3.8 0 -1 -1 
../tests/avg_rr3_2304/avg10_0.mtx 3.9 0 -1 -1 
../tests/avg_rr3_2304/avg10_0.mtx 4 0 -1 -1 
../tests/avg_rr3_2304/avg10_0.mtx 4.1 0 -1 -1 
../tests/avg_rr3_2304/avg10_0.mtx 4.2 0 -1 -1 
../tests/avg_rr3_2304/avg10_0.mtx 4.3 0 -1 -1 
../tests/avg_rr3_2304/avg10_0.mtx 4.4 0 -1 -1 
../tests/avg_rr3_2304/avg10_0.mtx 4.5 0 -1 -1 
../tests/avg_rr3_2304/avg10_0.mtx 4.6 0 -1 -1 
../tests/avg_rr3_2304/avg10_0.mtx 4.7 0 -1 -1 
../tests/avg_rr3_2304/avg10_0.mtx 4.8 0 -1 -1 
../tests/avg_rr3_2304/avg10_0.mtx 4.9 0 -1 -1 
../tests/avg_rr3_2304/avg10_0.mtx 5 0 -1 -1 
../tests/avg_rr3_2304/avg11_0.mtx 1 452.73 0.059796 0.83 
../tests/avg_rr3_2304/avg11_0.mtx 1.1 400.751 0.0474175 0.68 
../tests/avg_rr3_2304/avg11_0.mtx 1.2 380.454 0.0340799 0.56 
../tests/avg_rr3_2304/avg11_0.mtx 1.3 452.032 0.0224349 0.37 
../tests/avg_rr3_2304/avg11_0.mtx 1.4 514.509 0.0106916 0.19 
../tests/avg_rr3_2304/avg11_0.mtx 1.5 676.784 0.00490885 0.0866667 
../tests/avg_rr3_2304/avg11_0.mtx 1.6 846.714 0.00250347 0.054 
../tests/avg_rr3_2304/avg11_0.mtx 1.7 1249.43 0.0010204 0.025 
../tests/avg_rr3_2304/avg11_0.mtx 1.8 2332.43 0.000379082 0.0110638 
../tests/avg_rr3_2304/avg11_0.mtx 1.9 3984.29 0.000151194 0.00515464 
../tests/avg_rr3_2304/avg11_0.mtx 2 5403.14 6.75347e-05 0.00333333 
../tests/avg_rr3_2304/avg11_0.mtx 2.1 7841.16 1.79812e-05 0.00204082 
../tests/avg_rr3_2304/avg11_0.mtx 2.2 9352.58 7.06651e-06 0.00159375 
../tests/avg_rr3_2304/avg11_0.mtx 2.3 10262.4 2.74002e-06 0.00132626 
../tests/avg_rr3_2304/avg11_0.mtx 2.4 12357.7 2.12567e-06 0.00102459 
../tests/avg_rr3_2304/avg11_0.mtx 2.5 13880.2 1.80414e-06 0.000851789 
../tests/avg_rr3_2304/avg11_0.mtx 2.6 0 -1 -1 
../tests/avg_rr3_2304/avg11_0.mtx 2.7 0 -1 -1 
../tests/avg_rr3_2304/avg11_0.mtx 2.8 0 -1 -1 
../tests/avg_rr3_2304/avg11_0.mtx 2.9 0 -1 -1 
../tests/avg_rr3_2304/avg11_0.mtx 3 0 -1 -1 
../tests/avg_rr3_2304/avg11_0.mtx 3.1 0 -1 -1 
../tests/avg_rr3_2304/avg11_0.mtx 3.2 0 -1 -1 
../tests/avg_rr3_2304/avg11_0.mtx 3.3 0 -1 -1 
../tests/avg_rr3_2304/avg11_0.mtx 3.4 0 -1 -1 
../tests/avg_rr3_2304/avg11_0.mtx 3.5 0 -1 -1 
../tests/avg_rr3_2304/avg11_0.mtx 3.6 0 -1 -1 
../tests/avg_rr3_2304/avg11_0.mtx 3.7 0 -1 -1 
../tests/avg_rr3_2304/avg11_0.mtx 3.8 0 -1 -1 
../tests/avg_rr3_2304/avg11_0.mtx 3.9 0 -1 -1 
../tests/avg_rr3_2304/avg11_0.mtx 4 0 -1 -1 
../tests/avg_rr3_2304/avg11_0.mtx 4.1 0 -1 -1 
../tests/avg_rr3_2304/avg11_0.mtx 4.2 0 -1 -1 
../tests/avg_rr3_2304/avg11_0.mtx 4.3 0 -1 -1 
../tests/avg_rr3_2304/avg11_0.mtx 4.4 0 -1 -1 
../tests/avg_rr3_2304/avg11_0.mtx 4.5 0 -1 -1 
../tests/avg_rr3_2304/avg11_0.mtx 4.6 0 -1 -1 
../tests/avg_rr3_2304/avg11_0.mtx 4.7 0 -1 -1 
../tests/avg_rr3_2304/avg11_0.mtx 4.8 0 -1 -1 
../tests/avg_rr3_2304/avg11_0.mtx 4.9 0 -1 -1 
../tests/avg_rr3_2304/avg11_0.mtx 5 0 -1 -1 
../tests/avg_rr3_2304/avg12_0.mtx 1 438.387 0.0571832 0.79 
../tests/avg_rr3_2304/avg12_0.mtx 1.1 382.48 0.0453776 0.64 
../tests/avg_rr3_2304/avg12_0.mtx 1.2 473.64 0.0310178 0.48 
../tests/avg_rr3_2304/avg12_0.mtx 1.3 444.219 0.0207031 0.31 
../tests/avg_rr3_2304/avg12_0.mtx 1.4 499.662 0.0115929 0.186667 
../tests/avg_rr3_2304/avg12_0.mtx 1.5 650.361 0.00553819 0.0933333 
../tests/avg_rr3_2304/avg12_0.mtx 1.6 819.928 0.00280339 0.052 
../tests/avg_rr3_2304/avg12_0.mtx 1.7 1638.14 0.000900832 0.0172414 
../tests/avg_rr3_2304/avg12_0.mtx 1.8 3073.15 0.000359803 0.00724638 
../tests/avg_rr3_2304/avg12_0.mtx 1.9 5813.51 0.000133083 0.00324675 
../tests/avg_rr3_2304/avg12_0.mtx 2 21079.4 3.18092e-05 0.000750751 
../tests/avg_rr3_2304/avg12_0.mtx 2.1 0 -1 -1 
../tests/avg_rr3_2304/avg12_0.mtx 2.2 0 -1 -1 
../tests/avg_rr3_2304/avg12_0.mtx 2.3 0 -1 -1 
../tests/avg_rr3_2304/avg12_0.mtx 2.4 0 -1 -1 
../tests/avg_rr3_2304/avg12_0.mtx 2.5 0 -1 -1 
../tests/avg_rr3_2304/avg12_0.mtx 2.6 0 -1 -1 
../tests/avg_rr3_2304/avg12_0.mtx 2.7 0 -1 -1 
../tests/avg_rr3_2304/avg12_0.mtx 2.8 0 -1 -1 
../tests/avg_rr3_2304/avg12_0.mtx 2.9 0 -1 -1 
../tests/avg_rr3_2304/avg12_0.mtx 3 0 -1 -1 
../tests/avg_rr3_2304/avg12_0.mtx 3.1 0 -1 -1 
../tests/avg_rr3_2304/avg12_0.mtx 3.2 0 -1 -1 
../tests/avg_rr3_2304/avg12_0.mtx 3.3 0 -1 -1 
../tests/avg_rr3_2304/avg12_0.mtx 3.4 0 -1 -1 
../tests/avg_rr3_2304/avg12_0.mtx 3.5 0 -1 -1 
../tests/avg_rr3_2304/avg12_0.mtx 3.6 0 -1 -1 
../tests/avg_rr3_2304/avg12_0.mtx 3.7 0 -1 -1 
../tests/avg_rr3_2304/avg12_0.mtx 3.8 0 -1 -1 
../tests/avg_rr3_2304/avg12_0.mtx 3.9 0 -1 -1 
../tests/avg_rr3_2304/avg12_0.mtx 4 0 -1 -1 
../tests/avg_rr3_2304/avg12_0.mtx 4.1 0 -1 -1 
../tests/avg_rr3_2304/avg12_0.mtx 4.2 0 -1 -1 
../tests/avg_rr3_2304/avg12_0.mtx 4.3 0 -1 -1 
../tests/avg_rr3_2304/avg12_0.mtx 4.4 0 -1 -1 
../tests/avg_rr3_2304/avg12_0.mtx 4.5 0 -1 -1 
../tests/avg_rr3_2304/avg12_0.mtx 4.6 0 -1 -1 
../tests/avg_rr3_2304/avg12_0.mtx 4.7 0 -1 -1 
../tests/avg_rr3_2304/avg12_0.mtx 4.8 0 -1 -1 
../tests/avg_rr3_2304/avg12_0.mtx 4.9 0 -1 -1 
../tests/avg_rr3_2304/avg12_0.mtx 5 0 -1 -1 
../tests/avg_rr3_2304/avg13_0.mtx 1 368.517 0.0567925 0.77 
../tests/avg_rr3_2304/avg13_0.mtx 1.1 352.099 0.0434158 0.64 
../tests/avg_rr3_2304/avg13_0.mtx 1.2 443.104 0.0334223 0.505 
../tests/avg_rr3_2304/avg13_0.mtx 1.3 402.34 0.0205317 0.34 
../tests/avg_rr3_2304/avg13_0.mtx 1.4 444.2 0.0102865 0.173333 
../tests/avg_rr3_2304/avg13_0.mtx 1.5 544.98 0.00599913 0.104 
../tests/avg_rr3_2304/avg13_0.mtx 1.6 758.334 0.00287109 0.05 
../tests/avg_rr3_2304/avg13_0.mtx 1.7 1428.19 0.00104033 0.0203846 
../tests/avg_rr3_2304/avg13_0.mtx 1.8 2660.62 0.000433885 0.00819672 
../tests/avg_rr3_2304/avg13_0.mtx 1.9 5779.47 0.000134332 0.003125 
../tests/avg_rr3_2304/avg13_0.mtx 2 20396.4 3.20478e-05 0.000749625 
../tests/avg_rr3_2304/avg13_0.mtx 2.1 0 -1 -1 
../tests/avg_rr3_2304/avg13_0.mtx 2.2 0 -1 -1 
../tests/avg_rr3_2304/avg13_0.mtx 2.3 0 -1 -1 
../tests/avg_rr3_2304/avg13_0.mtx 2.4 0 -1 -1 
../tests/avg_rr3_2304/avg13_0.mtx 2.5 0 -1 -1 
../tests/avg_rr3_2304/avg13_0.mtx 2.6 0 -1 -1 
../tests/avg_rr3_2304/avg13_0.mtx 2.7 0 -1 -1 
../tests/avg_rr3_2304/avg13_0.mtx 2.8 0 -1 -1 
../tests/avg_rr3_2304/avg13_0.mtx 2.9 0 -1 -1 
../tests/avg_rr3_2304/avg13_0.mtx 3 0 -1 -1 
../tests/avg_rr3_2304/avg13_0.mtx 3.1 0 -1 -1 
../tests/avg_rr3_2304/avg13_0.mtx 3.2 0 -1 -1 
../tests/avg_rr3_2304/avg13_0.mtx 3.3 0 -1 -1 
../tests/avg_rr3_2304/avg13_0.mtx 3.4 0 -1 -1 
../tests/avg_rr3_2304/avg13_0.mtx 3.5 0 -1 -1 
../tests/avg_rr3_2304/avg13_0.mtx 3.6 0 -1 -1 
../tests/avg_rr3_2304/avg13_0.mtx 3.7 0 -1 -1 
../tests/avg_rr3_2304/avg13_0.mtx 3.8 0 -1 -1 
../tests/avg_rr3_2304/avg13_0.mtx 3.9 0 -1 -1 
../tests/avg_rr3_2304/avg13_0.mtx 4 0 -1 -1 
../tests/avg_rr3_2304/avg13_0.mtx 4.1 0 -1 -1 
../tests/avg_rr3_2304/avg13_0.mtx 4.2 0 -1 -1 
../tests/avg_rr3_2304/avg13_0.mtx 4.3 0 -1 -1 
../tests/avg_rr3_2304/avg13_0.mtx 4.4 0 -1 -1 
../tests/avg_rr3_2304/avg13_0.mtx 4.5 0 -1 -1 
../tests/avg_rr3_2304/avg13_0.mtx 4.6 0 -1 -1 
../tests/avg_rr3_2304/avg13_0.mtx 4.7 0 -1 -1 
../tests/avg_rr3_2304/avg13_0.mtx 4.8 0 -1 -1 
../tests/avg_rr3_2304/avg13_0.mtx 4.9 0 -1 -1 
../tests/avg_rr3_2304/avg13_0.mtx 5 0 -1 -1 
../tests/avg_rr3_2304/avg14_0.mtx 1 395.123 0.063125 0.82 
../tests/avg_rr3_2304/avg14_0.mtx 1.1 346.18 0.0478212 0.65 
../tests/avg_rr3_2304/avg14_0.mtx 1.2 325.825 0.0327778 0.52 
../tests/avg_rr3_2304/avg14_0.mtx 1.3 405.152 0.0195508 0.325 
../tests/avg_rr3_2304/avg14_0.mtx 1.4 449.987 0.0101649 0.18 
../tests/avg_rr3_2304/avg14_0.mtx 1.5 597.222 0.00496238 0.0916667 
../tests/avg_rr3_2304/avg14_0.mtx 1.6 811.959 0.00251499 0.0454545 
../tests/avg_rr3_2304/avg14_0.mtx 1.7 1375.1 0.00106753 0.0208333 
../tests/avg_rr3_2304/avg14_0.mtx 1.8 2577.28 0.00043066 0.00862069 
../tests/avg_rr3_2304/avg14_0.mtx 1.9 6468.54 0.000133433 0.0027933 
../tests/avg_rr3_2304/avg14_0.mtx 2 16353.4 4.81481e-05 0.000952381 
../tests/avg_rr3_2304/avg14_0.mtx 2.1 0 -1 -1 
../tests/avg_rr3_2304/avg14_0.mtx 2.2 0 -1 -1 
../tests/avg_rr3_2304/avg14_0.mtx 2.3 0 -1 -1 
../tests/avg_rr3_2304/avg14_0.mtx 2.4 0 -1 -1 
../tests/avg_rr3_2304/avg14_0.mtx 2.5 0 -1 -1 
../tests/avg_rr3_2304/avg14_0.mtx 2.6 0 -1 -1 
../tests/avg_rr3_2304/avg14_0.mtx 2.7 0 -1 -1 
../tests/avg_rr3_2304/avg14_0.mtx 2.8 0 -1 -1 
../tests/avg_rr3_2304/avg14_0.mtx 2.9 0 -1 -1 
../tests/avg_rr3_2304/avg14_0.mtx 3 0 -1 -1 
../tests/avg_rr3_2304/avg14_0.mtx 3.1 0 -1 -1 
../tests/avg_rr3_2304/avg14_0.mtx 3.2 0 -1 -1 
../tests/avg_rr3_2304/avg14_0.mtx 3.3 0 -1 -1 
../tests/avg_rr3_2304/avg14_0.mtx 3.4 0 -1 -1 
../tests/avg_rr3_2304/avg14_0.mtx 3.5 0 -1 -1 
../tests/avg_rr3_2304/avg14_0.mtx 3.6 0 -1 -1 
../tests/avg_rr3_2304/avg14_0.mtx 3.7 0 -1 -1 
../tests/avg_rr3_2304/avg14_0.mtx 3.8 0 -1 -1 
../tests/avg_rr3_2304/avg14_0.mtx 3.9 0 -1 -1 
../tests/avg_rr3_2304/avg14_0.mtx 4 0 -1 -1 
../tests/avg_rr3_2304/avg14_0.mtx 4.1 0 -1 -1 
../tests/avg_rr3_2304/avg14_0.mtx 4.2 0 -1 -1 
../tests/avg_rr3_2304/avg14_0.mtx 4.3 0 -1 -1 
../tests/avg_rr3_2304/avg14_0.mtx 4.4 0 -1 -1 
../tests/avg_rr3_2304/avg14_0.mtx 4.5 0 -1 -1 
../tests/avg_rr3_2304/avg14_0.mtx 4.6 0 -1 -1 
../tests/avg_rr3_2304/avg14_0.mtx 4.7 0 -1 -1 
../tests/avg_rr3_2304/avg14_0.mtx 4.8 0 -1 -1 
../tests/avg_rr3_2304/avg14_0.mtx 4.9 0 -1 -1 
../tests/avg_rr3_2304/avg14_0.mtx 5 0 -1 -1 
../tests/avg_rr3_2304/avg15_0.mtx 1 394.819 0.056046 0.77 
../tests/avg_rr3_2304/avg15_0.mtx 1.1 331.843 0.044796 0.65 
../tests/avg_rr3_2304/avg15_0.mtx 1.2 412.45 0.0308681 0.495 
../tests/avg_rr3_2304/avg15_0.mtx 1.3 384.519 0.0179232 0.31 
../tests/avg_rr3_2304/avg15_0.mtx 1.4 443.564 0.0112269 0.2 
../tests/avg_rr3_2304/avg15_0.mtx 1.5 591.066 0.00539207 0.095 
../tests/avg_rr3_2304/avg15_0.mtx 1.6 704.549 0.00299865 0.0566667 
../tests/avg_rr3_2304/avg15_0.mtx 1.7 1507.27 0.000982993 0.0185185 
../tests/avg_rr3_2304/avg15_0.mtx 1.8 3268.43 0.000317842 0.00641026 
../tests/avg_rr3_2304/avg15_0.mtx 1.9 7453.64 0.000101704 0.00240385 
../tests/avg_rr3_2304/avg15_0.mtx 2 23298.7 2.95506e-05 0.000660502 
../tests/avg_rr3_2304/avg15_0.mtx 2.1 0 -1 -1 
../tests/avg_rr3_2304/avg15_0.mtx 2.2 0 -1 -1 
../tests/avg_rr3_2304/avg15_0.mtx 2.3 0 -1 -1 
../tests/avg_rr3_2304/avg15_0.mtx 2.4 0 -1 -1 
../tests/avg_rr3_2304/avg15_0.mtx 2.5 0 -1 -1 
../tests/avg_rr3_2304/avg15_0.mtx 2.6 0 -1 -1 
../tests/avg_rr3_2304/avg15_0.mtx 2.7 0 -1 -1 
../tests/avg_rr3_2304/avg15_0.mtx 2.8 0 -1 -1 
../tests/avg_rr3_2304/avg15_0.mtx 2.9 0 -1 -1 
../tests/avg_rr3_2304/avg15_0.mtx 3 0 -1 -1 
../tests/avg_rr3_2304/avg15_0.mtx 3.1 0 -1 -1 
../tests/avg_rr3_2304/avg15_0.mtx 3.2 0 -1 -1 
../tests/avg_rr3_2304/avg15_0.mtx 3.3 0 -1 -1 
../tests/avg_rr3_2304/avg15_0.mtx 3.4 0 -1 -1 
../tests/avg_rr3_2304/avg15_0.mtx 3.5 0 -1 -1 
../tests/avg_rr3_2304/avg15_0.mtx 3.6 0 -1 -1 
../tests/avg_rr3_2304/avg15_0.mtx 3.7 0 -1 -1 
../tests/avg_rr3_2304/avg15_0.mtx 3.8 0 -1 -1 
../tests/avg_rr3_2304/avg15_0.mtx 3.9 0 -1 -1 
../tests/avg_rr3_2304/avg15_0.mtx 4 0 -1 -1 
../tests/avg_rr3_2304/avg15_0.mtx 4.1 0 -1 -1 
../tests/avg_rr3_2304/avg15_0.mtx 4.2 0 -1 -1 
../tests/avg_rr3_2304/avg15_0.mtx 4.3 0 -1 -1 
../tests/avg_rr3_2304/avg15_0.mtx 4.4 0 -1 -1 
../tests/avg_rr3_2304/avg15_0.mtx 4.5 0 -1 -1 
../tests/avg_rr3_2304/avg15_0.mtx 4.6 0 -1 -1 
../tests/avg_rr3_2304/avg15_0.mtx 4.7 0 -1 -1 
../tests/avg_rr3_2304/avg15_0.mtx 4.8 0 -1 -1 
../tests/avg_rr3_2304/avg15_0.mtx 4.9 0 -1 -1 
../tests/avg_rr3_2304/avg15_0.mtx 5 0 -1 -1 
../tests/avg_rr3_2304/avg16_0.mtx 1 400.303 0.0548785 0.7 
../tests/avg_rr3_2304/avg16_0.mtx 1.1 384.892 0.0434071 0.6 
../tests/avg_rr3_2304/avg16_0.mtx 1.2 479.778 0.0334831 0.505 
../tests/avg_rr3_2304/avg16_0.mtx 1.3 443.855 0.0221398 0.35 
../tests/avg_rr3_2304/avg16_0.mtx 1.4 494.26 0.0124465 0.206667 
../tests/avg_rr3_2304/avg16_0.mtx 1.5 585.626 0.00592014 0.1 
../tests/avg_rr3_2304/avg16_0.mtx 1.6 743.835 0.00311487 0.0622222 
../tests/avg_rr3_2304/avg16_0.mtx 1.7 1197.66 0.00130382 0.025 
../tests/avg_rr3_2304/avg16_0.mtx 1.8 3256.97 0.000360243 0.00657895 
../tests/avg_rr3_2304/avg16_0.mtx 1.9 6586.23 0.000121784 0.00268817 
../tests/avg_rr3_2304/avg16_0.mtx 2 18737.2 3.39164e-05 0.000814332 
../tests/avg_rr3_2304/avg16_0.mtx 2.1 0 -1 -1 
../tests/avg_rr3_2304/avg16_0.mtx 2.2 0 -1 -1 
../tests/avg_rr3_2304/avg16_0.mtx 2.3 0 -1 -1 
../tests/avg_rr3_2304/avg16_0.mtx 2.4 0 -1 -1 
../tests/avg_rr3_2304/avg16_0.mtx 2.5 0 -1 -1 
../tests/avg_rr3_2304/avg16_0.mtx 2.6 0 -1 -1 
../tests/avg_rr3_2304/avg16_0.mtx 2.7 0 -1 -1 
../tests/avg_rr3_2304/avg16_0.mtx 2.8 0 -1 -1 
../tests/avg_rr3_2304/avg16_0.mtx 2.9 0 -1 -1 
../tests/avg_rr3_2304/avg16_0.mtx 3 0 -1 -1 
../tests/avg_rr3_2304/avg16_0.mtx 3.1 0 -1 -1 
../tests/avg_rr3_2304/avg16_0.mtx 3.2 0 -1 -1 
../tests/avg_rr3_2304/avg16_0.mtx 3.3 0 -1 -1 
../tests/avg_rr3_2304/avg16_0.mtx 3.4 0 -1 -1 
../tests/avg_rr3_2304/avg16_0.mtx 3.5 0 -1 -1 
../tests/avg_rr3_2304/avg16_0.mtx 3.6 0 -1 -1 
../tests/avg_rr3_2304/avg16_0.mtx 3.7 0 -1 -1 
../tests/avg_rr3_2304/avg16_0.mtx 3.8 0 -1 -1 
../tests/avg_rr3_2304/avg16_0.mtx 3.9 0 -1 -1 
../tests/avg_rr3_2304/avg16_0.mtx 4 0 -1 -1 
../tests/avg_rr3_2304/avg16_0.mtx 4.1 0 -1 -1 
../tests/avg_rr3_2304/avg16_0.mtx 4.2 0 -1 -1 
../tests/avg_rr3_2304/avg16_0.mtx 4.3 0 -1 -1 
../tests/avg_rr3_2304/avg16_0.mtx 4.4 0 -1 -1 
../tests/avg_rr3_2304/avg16_0.mtx 4.5 0 -1 -1 
../tests/avg_rr3_2304/avg16_0.mtx 4.6 0 -1 -1 
../tests/avg_rr3_2304/avg16_0.mtx 4.7 0 -1 -1 
../tests/avg_rr3_2304/avg16_0.mtx 4.8 0 -1 -1 
../tests/avg_rr3_2304/avg16_0.mtx 4.9 0 -1 -1 
../tests/avg_rr3_2304/avg16_0.mtx 5 0 -1 -1 
../tests/avg_rr3_2304/avg17_0.mtx 1 462.848 0.0576997 0.78 
../tests/avg_rr3_2304/avg17_0.mtx 1.1 407.254 0.0421398 0.58 
../tests/avg_rr3_2304/avg17_0.mtx 1.2 501.543 0.034566 0.515 
../tests/avg_rr3_2304/avg17_0.mtx 1.3 465.17 0.0219727 0.35 
../tests/avg_rr3_2304/avg17_0.mtx 1.4 500.335 0.0112182 0.186667 
../tests/avg_rr3_2304/avg17_0.mtx 1.5 597.166 0.00561024 0.1 
../tests/avg_rr3_2304/avg17_0.mtx 1.6 837.631 0.0027908 0.053 
../tests/avg_rr3_2304/avg17_0.mtx 1.7 1407.76 0.00130907 0.0226087 
../tests/avg_rr3_2304/avg17_0.mtx 1.8 2812.59 0.000364793 0.00806452 
../tests/avg_rr3_2304/avg17_0.mtx 1.9 7669.36 0.000111987 0.00235849 
../tests/avg_rr3_2304/avg17_0.mtx 2 22253.9 2.99879e-05 0.000698324 
../tests/avg_rr3_2304/avg17_0.mtx 2.1 0 -1 -1 
../tests/avg_rr3_2304/avg17_0.mtx 2.2 0 -1 -1 
../tests/avg_rr3_2304/avg17_0.mtx 2.3 0 -1 -1 
../tests/avg_rr3_2304/avg17_0.mtx 2.4 0 -1 -1 
../tests/avg_rr3_2304/avg17_0.mtx 2.5 0 -1 -1 
../tests/avg_rr3_2304/avg17_0.mtx 2.6 0 -1 -1 
../tests/avg_rr3_2304/avg17_0.mtx 2.7 0 -1 -1 
../tests/avg_rr3_2304/avg17_0.mtx 2.8 0 -1 -1 
../tests/avg_rr3_2304/avg17_0.mtx 2.9 0 -1 -1 
../tests/avg_rr3_2304/avg17_0.mtx 3 0 -1 -1 
../tests/avg_rr3_2304/avg17_0.mtx 3.1 0 -1 -1 
../tests/avg_rr3_2304/avg17_0.mtx 3.2 0 -1 -1 
../tests/avg_rr3_2304/avg17_0.mtx 3.3 0 -1 -1 
../tests/avg_rr3_2304/avg17_0.mtx 3.4 0 -1 -1 
../tests/avg_rr3_2304/avg17_0.mtx 3.5 0 -1 -1 
../tests/avg_rr3_2304/avg17_0.mtx 3.6 0 -1 -1 
../tests/avg_rr3_2304/avg17_0.mtx 3.7 0 -1 -1 
../tests/avg_rr3_2304/avg17_0.mtx 3.8 0 -1 -1 
../tests/avg_rr3_2304/avg17_0.mtx 3.9 0 -1 -1 
../tests/avg_rr3_2304/avg17_0.mtx 4 0 -1 -1 
../tests/avg_rr3_2304/avg17_0.mtx 4.1 0 -1 -1 
../tests/avg_rr3_2304/avg17_0.mtx 4.2 0 -1 -1 
../tests/avg_rr3_2304/avg17_0.mtx 4.3 0 -1 -1 
../tests/avg_rr3_2304/avg17_0.mtx 4.4 0 -1 -1 
../tests/avg_rr3_2304/avg17_0.mtx 4.5 0 -1 -1 
../tests/avg_rr3_2304/avg17_0.mtx 4.6 0 -1 -1 
../tests/avg_rr3_2304/avg17_0.mtx 4.7 0 -1 -1 
../tests/avg_rr3_2304/avg17_0.mtx 4.8 0 -1 -1 
../tests/avg_rr3_2304/avg17_0.mtx 4.9 0 -1 -1 
../tests/avg_rr3_2304/avg17_0.mtx 5 0 -1 -1 
../tests/avg_rr3_2304/avg18_0.mtx 1 425.726 0.0633681 0.84 
../tests/avg_rr3_2304/avg18_0.mtx 1.1 376.341 0.0449436 0.67 
../tests/avg_rr3_2304/avg18_0.mtx 1.2 433.877 0.0320378 0.495 
../tests/avg_rr3_2304/avg18_0.mtx 1.3 418.766 0.0198372 0.31 
../tests/avg_rr3_2304/avg18_0.mtx 1.4 465.674 0.010502 0.186667 
../tests/avg_rr3_2304/avg18_0.mtx 1.5 628.094 0.00525969 0.0916667 
../tests/avg_rr3_2304/avg18_0.mtx 1.6 795.211 0.00290365 0.056 
../tests/avg_rr3_2304/avg18_0.mtx 1.7 1668.66 0.000823929 0.017 
../tests/avg_rr3_2304/avg18_0.mtx 1.8 3731.27 0.000274685 0.00574713 
../tests/avg_rr3_2304/avg18_0.mtx 1.9 7507.22 0.000103793 0.00239234 
../tests/avg_rr3_2304/avg18_0.mtx 2 21634.3 3.05812e-05 0.00071736 
../tests/avg_rr3_2304/avg18_0.mtx 2.1 0 -1 -1 
../tests/avg_rr3_2304/avg18_0.mtx 2.2 0 -1 -1 
../tests/avg_rr3_2304/avg18_0.mtx 2.3 0 -1 -1 
../tests/avg_rr3_2304/avg18_0.mtx 2.4 0 -1 -1 
../tests/avg_rr3_2304/avg18_0.mtx 2.5 0 -1 -1 
../tests/avg_rr3_2304/avg18_0.mtx 2.6 0 -1 -1 
../tests/avg_rr3_2304/avg18_0.mtx 2.7 0 -1 -1 
../tests/avg_rr3_2304/avg18_0.mtx 2.8 0 -1 -1 
../tests/avg_rr3_2304/avg18_0.mtx 2.9 0 -1 -1 
../tests/avg_rr3_2304/avg18_0.mtx 3 0 -1 -1 
../tests/avg_rr3_2304/avg18_0.mtx 3.1 0 -1 -1 
../tests/avg_rr3_2304/avg18_0.mtx 3.2 0 -1 -1 
../tests/avg_rr3_2304/avg18_0.mtx 3.3 0 -1 -1 
../tests/avg_rr3_2304/avg18_0.mtx 3.4 0 -1 -1 
../tests/avg_rr3_2304/avg18_0.mtx 3.5 0 -1 -1 
../tests/avg_rr3_2304/avg18_0.mtx 3.6 0 -1 -1 
../tests/avg_rr3_2304/avg18_0.mtx 3.7 0 -1 -1 
../tests/avg_rr3_2304/avg18_0.mtx 3.8 0 -1 -1 
../tests/avg_rr3_2304/avg18_0.mtx 3.9 0 -1 -1 
../tests/avg_rr3_2304/avg18_0.mtx 4 0 -1 -1 
../tests/avg_rr3_2304/avg18_0.mtx 4.1 0 -1 -1 
../tests/avg_rr3_2304/avg18_0.mtx 4.2 0 -1 -1 
../tests/avg_rr3_2304/avg18_0.mtx 4.3 0 -1 -1 
../tests/avg_rr3_2304/avg18_0.mtx 4.4 0 -1 -1 
../tests/avg_rr3_2304/avg18_0.mtx 4.5 0 -1 -1 
../tests/avg_rr3_2304/avg18_0.mtx 4.6 0 -1 -1 
../tests/avg_rr3_2304/avg18_0.mtx 4.7 0 -1 -1 
../tests/avg_rr3_2304/avg18_0.mtx 4.8 0 -1 -1 
../tests/avg_rr3_2304/avg18_0.mtx 4.9 0 -1 -1 
../tests/avg_rr3_2304/avg18_0.mtx 5 0 -1 -1 
../tests/avg_rr3_2304/avg19_0.mtx 1 392.235 0.0577821 0.77 
../tests/avg_rr3_2304/avg19_0.mtx 1.1 344.047 0.0450521 0.66 
../tests/avg_rr3_2304/avg19_0.mtx 1.2 437.047 0.0326259 0.5 
../tests/avg_rr3_2304/avg19_0.mtx 1.3 396.247 0.0184961 0.315 
../tests/avg_rr3_2304/avg19_0.mtx 1.4 433.841 0.0113874 0.18 
../tests/avg_rr3_2304/avg19_0.mtx 1.5 602.098 0.00524884 0.095 
../tests/avg_rr3_2304/avg19_0.mtx 1.6 762.6 0.0027322 0.05 
../tests/avg_rr3_2304/avg19_0.mtx 1.7 1163.31 0.00120334 0.0255 
../tests/avg_rr3_2304/avg19_0.mtx 1.8 3494.53 0.000285294 0.00609756 
../tests/avg_rr3_2304/avg19_0.mtx 1.9 5672.57 0.000154945 0.00326797 
../tests/avg_rr3_2304/avg19_0.mtx 2 18081.9 4.04367e-05 0.000865052 
../tests/avg_rr3_2304/avg19_0.mtx 2.1 0 -1 -1 
../tests/avg_rr3_2304/avg19_0.mtx 2.2 0 -1 -1 
../tests/avg_rr3_2304/avg19_0.mtx 2.3 0 -1 -1 
../tests/avg_rr3_2304/avg19_0.mtx 2.4 0 -1 -1 
../tests/avg_rr3_2304/avg19_0.mtx 2.5 0 -1 -1 
../tests/avg_rr3_2304/avg19_0.mtx 2.6 0 -1 -1 
../tests/avg_rr3_2304/avg19_0.mtx 2.7 0 -1 -1 
../tests/avg_rr3_2304/avg19_0.mtx 2.8 0 -1 -1 
../tests/avg_rr3_2304/avg19_0.mtx 2.9 0 -1 -1 
../tests/avg_rr3_2304/avg19_0.mtx 3 0 -1 -1 
../tests/avg_rr3_2304/avg19_0.mtx 3.1 0 -1 -1 
../tests/avg_rr3_2304/avg19_0.mtx 3.2 0 -1 -1 
../tests/avg_rr3_2304/avg19_0.mtx 3.3 0 -1 -1 
../tests/avg_rr3_2304/avg19_0.mtx 3.4 0 -1 -1 
../tests/avg_rr3_2304/avg19_0.mtx 3.5 0 -1 -1 
../tests/avg_rr3_2304/avg19_0.mtx 3.6 0 -1 -1 
../tests/avg_rr3_2304/avg19_0.mtx 3.7 0 -1 -1 
../tests/avg_rr3_2304/avg19_0.mtx 3.8 0 -1 -1 
../tests/avg_rr3_2304/avg19_0.mtx 3.9 0 -1 -1 
../tests/avg_rr3_2304/avg19_0.mtx 4 0 -1 -1 
../tests/avg_rr3_2304/avg19_0.mtx 4.1 0 -1 -1 
../tests/avg_rr3_2304/avg19_0.mtx 4.2 0 -1 -1 
../tests/avg_rr3_2304/avg19_0.mtx 4.3 0 -1 -1 
../tests/avg_rr3_2304/avg19_0.mtx 4.4 0 -1 -1 
../tests/avg_rr3_2304/avg19_0.mtx 4.5 0 -1 -1 
../tests/avg_rr3_2304/avg19_0.mtx 4.6 0 -1 -1 
../tests/avg_rr3_2304/avg19_0.mtx 4.7 0 -1 -1 
../tests/avg_rr3_2304/avg19_0.mtx 4.8 0 -1 -1 
../tests/avg_rr3_2304/avg19_0.mtx 4.9 0 -1 -1 
../tests/avg_rr3_2304/avg19_0.mtx 5 0 -1 -1 
../tests/avg_rr3_2304/avg1_0.mtx 1 448.996 0.0579991 0.76 
../tests/avg_rr3_2304/avg1_0.mtx 1.1 386.963 0.0451997 0.63 
../tests/avg_rr3_2304/avg1_0.mtx 1.2 492.535 0.0317947 0.48 
../tests/avg_rr3_2304/avg1_0.mtx 1.3 442.278 0.0191276 0.315 
../tests/avg_rr3_2304/avg1_0.mtx 1.4 485.635 0.0105237 0.19 
../tests/avg_rr3_2304/avg1_0.mtx 1.5 583.172 0.00577344 0.1 
../tests/avg_rr3_2304/avg1_0.mtx 1.6 775.026 0.00339169 0.0588889 
../tests/avg_rr3_2304/avg1_0.mtx 1.7 1430.55 0.000970956 0.0208333 
../tests/avg_rr3_2304/avg1_0.mtx 1.8 3327.15 0.00032817 0.00649351 
../tests/avg_rr3_2304/avg1_0.mtx 1.9 7800.57 0.000109921 0.00229358 
../tests/avg_rr3_2304/avg1_0.mtx 2 16472.8 4.20609e-05 0.000954198 
../tests/avg_rr3_2304/avg1_0.mtx 2.1 0 -1 -1 
../tests/avg_rr3_2304/avg1_0.mtx 2.2 0 -1 -1 
../tests/avg_rr3_2304/avg1_0.mtx 2.3 0 -1 -1 
../tests/avg_rr3_2304/avg1_0.mtx 2.4 0 -1 -1 
../tests/avg_rr3_2304/avg1_0.mtx 2.5 0 -1 -1 
../tests/avg_rr3_2304/avg1_0.mtx 2.6 0 -1 -1 
../tests/avg_rr3_2304/avg1_0.mtx 2.7 0 -1 -1 
../tests/avg_rr3_2304/avg1_0.mtx 2.8 0 -1 -1 
../tests/avg_rr3_2304/avg1_0.mtx 2.9 0 -1 -1 
../tests/avg_rr3_2304/avg1_0.mtx 3 0 -1 -1 
../tests/avg_rr3_2304/avg1_0.mtx 3.1 0 -1 -1 
../tests/avg_rr3_2304/avg1_0.mtx 3.2 0 -1 -1 
../tests/avg_rr3_2304/avg1_0.mtx 3.3 0 -1 -1 
../tests/avg_rr3_2304/avg1_0.mtx 3.4 0 -1 -1 
../tests/avg_rr3_2304/avg1_0.mtx 3.5 0 -1 -1 
../tests/avg_rr3_2304/avg1_0.mtx 3.6 0 -1 -1 
../tests/avg_rr3_2304/avg1_0.mtx 3.7 0 -1 -1 
../tests/avg_rr3_2304/avg1_0.mtx 3.8 0 -1 -1 
../tests/avg_rr3_2304/avg1_0.mtx 3.9 0 -1 -1 
../tests/avg_rr3_2304/avg1_0.mtx 4 0 -1 -1 
../tests/avg_rr3_2304/avg1_0.mtx 4.1 0 -1 -1 
../tests/avg_rr3_2304/avg1_0.mtx 4.2 0 -1 -1 
../tests/avg_rr3_2304/avg1_0.mtx 4.3 0 -1 -1 
../tests/avg_rr3_2304/avg1_0.mtx 4.4 0 -1 -1 
../tests/avg_rr3_2304/avg1_0.mtx 4.5 0 -1 -1 
../tests/avg_rr3_2304/avg1_0.mtx 4.6 0 -1 -1 
../tests/avg_rr3_2304/avg1_0.mtx 4.7 0 -1 -1 
../tests/avg_rr3_2304/avg1_0.mtx 4.8 0 -1 -1 
../tests/avg_rr3_2304/avg1_0.mtx 4.9 0 -1 -1 
../tests/avg_rr3_2304/avg1_0.mtx 5 0 -1 -1 
../tests/avg_rr3_2304/avg20_0.mtx 1 371.489 0.0569488 0.74 
../tests/avg_rr3_2304/avg20_0.mtx 1.1 320.118 0.0438194 0.63 
../tests/avg_rr3_2304/avg20_0.mtx 1.2 310.333 0.0329557 0.51 
../tests/avg_rr3_2304/avg20_0.mtx 1.3 394.827 0.0214974 0.36 
../tests/avg_rr3_2304/avg20_0.mtx 1.4 432.841 0.0127908 0.216667 
../tests/avg_rr3_2304/avg20_0.mtx 1.5 509.19 0.00569444 0.102 
../tests/avg_rr3_2304/avg20_0.mtx 1.6 795.66 0.00242819 0.0463636 
../tests/avg_rr3_2304/avg20_0.mtx 1.7 1372.28 0.000906784 0.0196154 
../tests/avg_rr3_2304/avg20_0.mtx 1.8 3439.68 0.000310595 0.00609756 
../tests/avg_rr3_2304/avg20_0.mtx 1.9 7008.38 0.000124092 0.00252525 
../tests/avg_rr3_2304/avg20_0.mtx 2 16939.9 4.55412e-05 0.000912409 
../tests/avg_rr3_2304/avg20_0.mtx 2.1 0 -1 -1 
../tests/avg_rr3_2304/avg20_0.mtx 2.2 0 -1 -1 
../tests/avg_rr3_2304/avg20_0.mtx 2.3 0 -1 -1 
../tests/avg_rr3_2304/avg20_0.mtx 2.4 0 -1 -1 
../tests/avg_rr3_2304/avg20_0.mtx 2.5 0 -1 -1 
../tests/avg_rr3_2304/avg20_0.mtx 2.6 0 -1 -1 
../tests/avg_rr3_2304/avg20_0.mtx 2.7 0 -1 -1 
../tests/avg_rr3_2304/avg20_0.mtx 2.8 0 -1 -1 
../tests/avg_rr3_2304/avg20_0.mtx 2.9 0 -1 -1 
../tests/avg_rr3_2304/avg20_0.mtx 3 0 -1 -1 
../tests/avg_rr3_2304/avg20_0.mtx 3.1 0 -1 -1 
../tests/avg_rr3_2304/avg20_0.mtx 3.2 0 -1 -1 
../tests/avg_rr3_2304/avg20_0.mtx 3.3 0 -1 -1 
../tests/avg_rr3_2304/avg20_0.mtx 3.4 0 -1 -1 
../tests/avg_rr3_2304/avg20_0.mtx 3.5 0 -1 -1 
../tests/avg_rr3_2304/avg20_0.mtx 3.6 0 -1 -1 
../tests/avg_rr3_2304/avg20_0.mtx 3.7 0 -1 -1 
../tests/avg_rr3_2304/avg20_0.mtx 3.8 0 -1 -1 
../tests/avg_rr3_2304/avg20_0.mtx 3.9 0 -1 -1 
../tests/avg_rr3_2304/avg20_0.mtx 4 0 -1 -1 
../tests/avg_rr3_2304/avg20_0.mtx 4.1 0 -1 -1 
../tests/avg_rr3_2304/avg20_0.mtx 4.2 0 -1 -1 
../tests/avg_rr3_2304/avg20_0.mtx 4.3 0 -1 -1 
../tests/avg_rr3_2304/avg20_0.mtx 4.4 0 -1 -1 
../tests/avg_rr3_2304/avg20_0.mtx 4.5 0 -1 -1 
../tests/avg_rr3_2304/avg20_0.mtx 4.6 0 -1 -1 
../tests/avg_rr3_2304/avg20_0.mtx 4.7 0 -1 -1 
../tests/avg_rr3_2304/avg20_0.mtx 4.8 0 -1 -1 
../tests/avg_rr3_2304/avg20_0.mtx 4.9 0 -1 -1 
../tests/avg_rr3_2304/avg20_0.mtx 5 0 -1 -1 
../tests/avg_rr3_2304/avg21_0.mtx 1 364.464 0.0564714 0.77 
../tests/avg_rr3_2304/avg21_0.mtx 1.1 318.034 0.0419792 0.63 
../tests/avg_rr3_2304/avg21_0.mtx 1.2 409.29 0.0293967 0.445 
../tests/avg_rr3_2304/avg21_0.mtx 1.3 362.909 0.0170117 0.275 
../tests/avg_rr3_2304/avg21_0.mtx 1.4 422.318 0.0116594 0.19 
../tests/avg_rr3_2304/avg21_0.mtx 1.5 519.915 0.00581597 0.106 
../tests/avg_rr3_2304/avg21_0.mtx 1.6 763.686 0.00302908 0.054 
../tests/avg_rr3_2304/avg21_0.mtx 1.7 1211.53 0.00127542 0.0238095 
../tests/avg_rr3_2304/avg21_0.mtx 1.8 2930.36 0.000395419 0.00746269 
../tests/avg_rr3_2304/avg21_0.mtx 1.9 8083.19 0.000106996 0.00220264 
../tests/avg_rr3_2304/avg21_0.mtx 2 20472.8 3.179e-05 0.000744048 
../tests/avg_rr3_2304/avg21_0.mtx 2.1 0 -1 -1 
../tests/avg_rr3_2304/avg21_0.mtx 2.2 0 -1 -1 
../tests/avg_rr3_2304/avg21_0.mtx 2.3 0 -1 -1 
../tests/avg_rr3_2304/avg21_0.mtx 2.4 0 -1 -1 
../tests/avg_rr3_2304/avg21_0.mtx 2.5 0 -1 -1 
../tests/avg_rr3_2304/avg21_0.mtx 2.6 0 -1 -1 
../tests/avg_rr3_2304/avg21_0.mtx 2.7 0 -1 -1 
../tests/avg_rr3_2304/avg21_0.mtx 2.8 0 -1 -1 
../tests/avg_rr3_2304/avg21_0.mtx 2.9 0 -1 -1 
../tests/avg_rr3_2304/avg21_0.mtx 3 0 -1 -1 
../tests/avg_rr3_2304/avg21_0.mtx 3.1 0 -1 -1 
../tests/avg_rr3_2304/avg21_0.mtx 3.2 0 -1 -1 
../tests/avg_rr3_2304/avg21_0.mtx 3.3 0 -1 -1 
../tests/avg_rr3_2304/avg21_0.mtx 3.4 0 -1 -1 
../tests/avg_rr3_2304/avg21_0.mtx 3.5 0 -1 -1 
../tests/avg_rr3_2304/avg21_0.mtx 3.6 0 -1 -1 
../tests/avg_rr3_2304/avg21_0.mtx 3.7 0 -1 -1 
../tests/avg_rr3_2304/avg21_0.mtx 3.8 0 -1 -1 
../tests/avg_rr3_2304/avg21_0.mtx 3.9 0 -1 -1 
../tests/avg_rr3_2304/avg21_0.mtx 4 0 -1 -1 
../tests/avg_rr3_2304/avg21_0.mtx 4.1 0 -1 -1 
../tests/avg_rr3_2304/avg21_0.mtx 4.2 0 -1 -1 
../tests/avg_rr3_2304/avg21_0.mtx 4.3 0 -1 -1 
../tests/avg_rr3_2304/avg21_0.mtx 4.4 0 -1 -1 
../tests/avg_rr3_2304/avg21_0.mtx 4.5 0 -1 -1 
../tests/avg_rr3_2304/avg21_0.mtx 4.6 0 -1 -1 
../tests/avg_rr3_2304/avg21_0.mtx 4.7 0 -1 -1 
../tests/avg_rr3_2304/avg21_0.mtx 4.8 0 -1 -1 
../tests/avg_rr3_2304/avg21_0.mtx 4.9 0 -1 -1 
../tests/avg_rr3_2304/avg21_0.mtx 5 0 -1 -1 
../tests/avg_rr3_2304/avg22_0.mtx 1 445.957 0.0606337 0.8 
../tests/avg_rr3_2304/avg22_0.mtx 1.1 411.968 0.0501302 0.73 
../tests/avg_rr3_2304/avg22_0.mtx 1.2 380.042 0.037079 0.57 
../tests/avg_rr3_2304/avg22_0.mtx 1.3 461.219 0.0208181 0.36 
../tests/avg_rr3_2304/avg22_0.mtx 1.4 519.92 0.0120558 0.213333 
../tests/avg_rr3_2304/avg22_0.mtx 1.5 600.231 0.00534115 0.1 
../tests/avg_rr3_2304/avg22_0.mtx 1.6 843.098 0.00265148 0.052 
../tests/avg_rr3_2304/avg22_0.mtx 1.7 1181.37 0.00131607 0.0277778 
../tests/avg_rr3_2304/avg22_0.mtx 1.8 1834.41 0.000557416 0.0142857 
../tests/avg_rr3_2304/avg22_0.mtx 1.9 4073.47 0.000140774 0.00505051 
../tests/avg_rr3_2304/avg22_0.mtx 2 6279.11 5.19126e-05 0.00280899 
../tests/avg_rr3_2304/avg22_0.mtx 2.1 8683.75 1.08427e-05 0.0018315 
../tests/avg_rr3_2304/avg22_0.mtx 2.2 10236.1 3.95695e-06 0.0014245 
../tests/avg_rr3_2304/avg22_0.mtx 2.3 13261.6 2.29677e-06 0.00100604 
../tests/avg_rr3_2304/avg22_0.mtx 2.4 14967.1 1.91059e-06 0.000830565 
../tests/avg_rr3_2304/avg22_0.mtx 2.5 0 -1 -1 
../tests/avg_rr3_2304/avg22_0.mtx 2.6 0 -1 -1 
../tests/avg_rr3_2304/avg22_0.mtx 2.7 0 -1 -1 
../tests/avg_rr3_2304/avg22_0.mtx 2.8 0 -1 -1 
../tests/avg_rr3_2304/avg22_0.mtx 2.9 0 -1 -1 
../tests/avg_rr3_2304/avg22_0.mtx 3 0 -1 -1 
../tests/avg_rr3_2304/avg22_0.mtx 3.1 0 -1 -1 
../tests/avg_rr3_2304/avg22_0.mtx 3.2 0 -1 -1 
../tests/avg_rr3_2304/avg22_0.mtx 3.3 0 -1 -1 
../tests/avg_rr3_2304/avg22_0.mtx 3.4 0 -1 -1 
../tests/avg_rr3_2304/avg22_0.mtx 3.5 0 -1 -1 
../tests/avg_rr3_2304/avg22_0.mtx 3.6 0 -1 -1 
../tests/avg_rr3_2304/avg22_0.mtx 3.7 0 -1 -1 
../tests/avg_rr3_2304/avg22_0.mtx 3.8 0 -1 -1 
../tests/avg_rr3_2304/avg22_0.mtx 3.9 0 -1 -1 
../tests/avg_rr3_2304/avg22_0.mtx 4 0 -1 -1 
../tests/avg_rr3_2304/avg22_0.mtx 4.1 0 -1 -1 
../tests/avg_rr3_2304/avg22_0.mtx 4.2 0 -1 -1 
../tests/avg_rr3_2304/avg22_0.mtx 4.3 0 -1 -1 
../tests/avg_rr3_2304/avg22_0.mtx 4.4 0 -1 -1 
../tests/avg_rr3_2304/avg22_0.mtx 4.5 0 -1 -1 
../tests/avg_rr3_2304/avg22_0.mtx 4.6 0 -1 -1 
../tests/avg_rr3_2304/avg22_0.mtx 4.7 0 -1 -1 
../tests/avg_rr3_2304/avg22_0.mtx 4.8 0 -1 -1 
../tests/avg_rr3_2304/avg22_0.mtx 4.9 0 -1 -1 
../tests/avg_rr3_2304/avg22_0.mtx 5 0 -1 -1 
../tests/avg_rr3_2304/avg23_0.mtx 1 452.062 0.0564106 0.8 
../tests/avg_rr3_2304/avg23_0.mtx 1.1 399.385 0.0465885 0.7 
../tests/avg_rr3_2304/avg23_0.mtx 1.2 385.024 0.0321398 0.5 
../tests/avg_rr3_2304/avg23_0.mtx 1.3 463.13 0.0212261 0.365 
../tests/avg_rr3_2304/avg23_0.mtx 1.4 513.011 0.0125911 0.23 
../tests/avg_rr3_2304/avg23_0.mtx 1.5 636.682 0.00637153 0.114 
../tests/avg_rr3_2304/avg23_0.mtx 1.6 761.47 0.00327799 0.0625 
../tests/avg_rr3_2304/avg23_0.mtx 1.7 1150.57 0.00150403 0.0305882 
../tests/avg_rr3_2304/avg23_0.mtx 1.8 2092.95 0.000564554 0.0121951 
../tests/avg_rr3_2304/avg23_0.mtx 1.9 4475.36 0.000163227 0.0046729 
../tests/avg_rr3_2304/avg23_0.mtx 2 8735.03 5.66938e-05 0.00207469 
../tests/avg_rr3_2304/avg23_0.mtx 2.1 14508.5 1.50798e-05 0.00111359 
../tests/avg_rr3_2304/avg23_0.mtx 2.2 18037.3 8.03413e-06 0.000818331 
../tests/avg_rr3_2304/avg23_0.mtx 2.3 0 -1 -1 
../tests/avg_rr3_2304/avg23_0.mtx 2.4 0 -1 -1 
../tests/avg_rr3_2304/avg23_0.mtx 2.5 0 -1 -1 
../tests/avg_rr3_2304/avg23_0.mtx 2.6 0 -1 -1 
../tests/avg_rr3_2304/avg23_0.mtx 2.7 0 -1 -1 
../tests/avg_rr3_2304/avg23_0.mtx 2.8 0 -1 -1 
../tests/avg_rr3_2304/avg23_0.mtx 2.9 0 -1 -1 
../tests/avg_rr3_2304/avg23_0.mtx 3 0 -1 -1 
../tests/avg_rr3_2304/avg23_0.mtx 3.1 0 -1 -1 
../tests/avg_rr3_2304/avg23_0.mtx 3.2 0 -1 -1 
../tests/avg_rr3_2304/avg23_0.mtx 3.3 0 -1 -1 
../tests/avg_rr3_2304/avg23_0.mtx 3.4 0 -1 -1 
../tests/avg_rr3_2304/avg23_0.mtx 3.5 0 -1 -1 
../tests/avg_rr3_2304/avg23_0.mtx 3.6 0 -1 -1 
../tests/avg_rr3_2304/avg23_0.mtx 3.7 0 -1 -1 
../tests/avg_rr3_2304/avg23_0.mtx 3.8 0 -1 -1 
../tests/avg_rr3_2304/avg23_0.mtx 3.9 0 -1 -1 
../tests/avg_rr3_2304/avg23_0.mtx 4 0 -1 -1 
../tests/avg_rr3_2304/avg23_0.mtx 4.1 0 -1 -1 
../tests/avg_rr3_2304/avg23_0.mtx 4.2 0 -1 -1 
../tests/avg_rr3_2304/avg23_0.mtx 4.3 0 -1 -1 
../tests/avg_rr3_2304/avg23_0.mtx 4.4 0 -1 -1 
../tests/avg_rr3_2304/avg23_0.mtx 4.5 0 -1 -1 
../tests/avg_rr3_2304/avg23_0.mtx 4.6 0 -1 -1 
../tests/avg_rr3_2304/avg23_0.mtx 4.7 0 -1 -1 
../tests/avg_rr3_2304/avg23_0.mtx 4.8 0 -1 -1 
../tests/avg_rr3_2304/avg23_0.mtx 4.9 0 -1 -1 
../tests/avg_rr3_2304/avg23_0.mtx 5 0 -1 -1 
../tests/avg_rr3_2304/avg24_0.mtx 1 464.511 0.0562804 0.77 
../tests/avg_rr3_2304/avg24_0.mtx 1.1 406.53 0.0425 0.62 
../tests/avg_rr3_2304/avg24_0.mtx 1.2 396.022 0.0325694 0.5 
../tests/avg_rr3_2304/avg24_0.mtx 1.3 466.07 0.0218924 0.335 
../tests/avg_rr3_2304/avg24_0.mtx 1.4 508.586 0.0113166 0.193333 
../tests/avg_rr3_2304/avg24_0.mtx 1.5 617.751 0.00631858 0.11 
../tests/avg_rr3_2304/avg24_0.mtx 1.6 941.311 0.00239764 0.0425 
../tests/avg_rr3_2304/avg24_0.mtx 1.7 1492.9 0.00108003 0.02 
../tests/avg_rr3_2304/avg24_0.mtx 1.8 3034.82 0.000349712 0.00735294 
../tests/avg_rr3_2304/avg24_0.mtx 1.9 5670.76 0.000137499 0.00326797 
../tests/avg_rr3_2304/avg24_0.mtx 2 17990.2 3.77432e-05 0.000863558 
../tests/avg_rr3_2304/avg24_0.mtx 2.1 0 -1 -1 
../tests/avg_rr3_2304/avg24_0.mtx 2.2 0 -1 -1 
../tests/avg_rr3_2304/avg24_0.mtx 2.3 0 -1 -1 
../tests/avg_rr3_2304/avg24_0.mtx 2.4 0 -1 -1 
../tests/avg_rr3_2304/avg24_0.mtx 2.5 0 -1 -1 
../tests/avg_rr3_2304/avg24_0.mtx 2.6 0 -1 -1 
../tests/avg_rr3_2304/avg24_0.mtx 2.7 0 -1 -1 
../tests/avg_rr3_2304/avg24_0.mtx 2.8 0 -1 -1 
../tests/avg_rr3_2304/avg24_0.mtx 2.9 0 -1 -1 
../tests/avg_rr3_2304/avg24_0.mtx 3 0 -1 -1 
../tests/avg_rr3_2304/avg24_0.mtx 3.1 0 -1 -1 
../tests/avg_rr3_2304/avg24_0.mtx 3.2 0 -1 -1 
../tests/avg_rr3_2304/avg24_0.mtx 3.3 0 -1 -1 
../tests/avg_rr3_2304/avg24_0.mtx 3.4 0 -1 -1 
../tests/avg_rr3_2304/avg24_0.mtx 3.5 0 -1 -1 
../tests/avg_rr3_2304/avg24_0.mtx 3.6 0 -1 -1 
../tests/avg_rr3_2304/avg24_0.mtx 3.7 0 -1 -1 
../tests/avg_rr3_2304/avg24_0.mtx 3.8 0 -1 -1 
../tests/avg_rr3_2304/avg24_0.mtx 3.9 0 -1 -1 
../tests/avg_rr3_2304/avg24_0.mtx 4 0 -1 -1 
../tests/avg_rr3_2304/avg24_0.mtx 4.1 0 -1 -1 
../tests/avg_rr3_2304/avg24_0.mtx 4.2 0 -1 -1 
../tests/avg_rr3_2304/avg24_0.mtx 4.3 0 -1 -1 
../tests/avg_rr3_2304/avg24_0.mtx 4.4 0 -1 -1 
../tests/avg_rr3_2304/avg24_0.mtx 4.5 0 -1 -1 
../tests/avg_rr3_2304/avg24_0.mtx 4.6 0 -1 -1 
../tests/avg_rr3_2304/avg24_0.mtx 4.7 0 -1 -1 
../tests/avg_rr3_2304/avg24_0.mtx 4.8 0 -1 -1 
../tests/avg_rr3_2304/avg24_0.mtx 4.9 0 -1 -1 
../tests/avg_rr3_2304/avg24_0.mtx 5 0 -1 -1 
../tests/avg_rr3_2304/avg25_0.mtx 1 443.694 0.0609245 0.87 
../tests/avg_rr3_2304/avg25_0.mtx 1.1 414.08 0.0470833 0.76 
../tests/avg_rr3_2304/avg25_0.mtx 1.2 387.868 0.0332769 0.61 
../tests/avg_rr3_2304/avg25_0.mtx 1.3 373.985 0.0228342 0.51 
../tests/avg_rr3_2304/avg25_0.mtx 1.4 446.775 0.0130512 0.33 
../tests/avg_rr3_2304/avg25_0.mtx 1.5 433.232 0.00829644 0.25 
../tests/avg_rr3_2304/avg25_0.mtx 1.6 484.334 0.00500579 0.196667 
../tests/avg_rr3_2304/avg25_0.mtx 1.7 524.278 0.0021951 0.1325 
../tests/avg_rr3_2304/avg25_0.mtx 1.8 604.501 0.000987413 0.1 
../tests/avg_rr3_2304/avg25_0.mtx 1.9 594.608 0.000478154 0.0933333 
../tests/avg_rr3_2304/avg25_0.mtx 2 601.609 0.000351563 0.0771429 
../tests/avg_rr3_2304/avg25_0.mtx 2.1 661.81 0.000353733 0.0675 
../tests/avg_rr3_2304/avg25_0.mtx 2.2 676.564 0.00022473 0.0611111 
../tests/avg_rr3_2304/avg25_0.mtx 2.3 709.71 0.000142795 0.055 
../tests/avg_rr3_2304/avg25_0.mtx 2.4 690.613 0.000123698 0.05 
../tests/avg_rr3_2304/avg25_0.mtx 2.5 756.291 9.71554e-05 0.0392308 
../tests/avg_rr3_2304/avg25_0.mtx 2.6 822.361 8.85417e-05 0.036 
../tests/avg_rr3_2304/avg25_0.mtx 2.7 844.888 7.89388e-05 0.031875 
../tests/avg_rr3_2304/avg25_0.mtx 2.8 882.271 6.70332e-05 0.0277778 
../tests/avg_rr3_2304/avg25_0.mtx 2.9 908.537 6.69317e-05 0.0273684 
../tests/avg_rr3_2304/avg25_0.mtx 3 954.823 6.24173e-05 0.0247619 
../tests/avg_rr3_2304/avg25_0.mtx 3.1 932.972 6.07639e-05 0.0247619 
../tests/avg_rr3_2304/avg25_0.mtx 3.2 1010.37 5.3125e-05 0.0212 
../tests/avg_rr3_2304/avg25_0.mtx 3.3 1108.35 4.35524e-05 0.0172414 
../tests/avg_rr3_2304/avg25_0.mtx 3.4 1151.13 3.82734e-05 0.0151515 
../tests/avg_rr3_2304/avg25_0.mtx 3.5 1297.06 3.12288e-05 0.012439 
../tests/avg_rr3_2304/avg25_0.mtx 3.6 1480.08 2.42054e-05 0.00980769 
../tests/avg_rr3_2304/avg25_0.mtx 3.7 1594.36 1.95312e-05 0.00806452 
../tests/avg_rr3_2304/avg25_0.mtx 3.8 1829.11 1.55481e-05 0.00632911 
../tests/avg_rr3_2304/avg25_0.mtx 3.9 2208.9 1.16822e-05 0.0046729 
../tests/avg_rr3_2304/avg25_0.mtx 4 2366.46 1.01154e-05 0.00413223 
../tests/avg_rr3_2304/avg25_0.mtx 4.1 2948.93 7.45123e-06 0.00294798 
../tests/avg_rr3_2304/avg25_0.mtx 4.2 2971.46 6.91583e-06 0.00274725 
../tests/avg_rr3_2304/avg25_0.mtx 4.3 3229.76 5.98875e-06 0.00240385 
../tests/avg_rr3_2304/avg25_0.mtx 4.4 3546.98 5.22274e-06 0.00207469 
../tests/avg_rr3_2304/avg25_0.mtx 4.5 3679.47 4.87039e-06 0.00194656 
../tests/avg_rr3_2304/avg25_0.mtx 4.6 4007.57 4.06721e-06 0.00165563 
../tests/avg_rr3_2304/avg25_0.mtx 4.7 4616.55 3.36927e-06 0.00134771 
../tests/avg_rr3_2304/avg25_0.mtx 4.8 5816.04 2.4371e-06 0.000992064 
../tests/avg_rr3_2304/avg25_0.mtx 4.9 0 -1 -1 
../tests/avg_rr3_2304/avg25_0.mtx 5 0 -1 -1 
../tests/avg_rr3_2304/avg26_0.mtx 1 411.586 0.0539627 0.76 
../tests/avg_rr3_2304/avg26_0.mtx 1.1 366.152 0.041671 0.63 
../tests/avg_rr3_2304/avg26_0.mtx 1.2 449.561 0.0312652 0.505 
../tests/avg_rr3_2304/avg26_0.mtx 1.3 416.412 0.0175108 0.28 
../tests/avg_rr3_2304/avg26_0.mtx 1.4 464.103 0.011224 0.183333 
../tests/avg_rr3_2304/avg26_0.mtx 1.5 629.862 0.00560909 0.1 
../tests/avg_rr3_2304/avg26_0.mtx 1.6 794.692 0.00263325 0.05 
../tests/avg_rr3_2304/avg26_0.mtx 1.7 1562.38 0.00093409 0.0182143 
../tests/avg_rr3_2304/avg26_0.mtx 1.8 2995.81 0.0003125 0.00735294 
../tests/avg_rr3_2304/avg26_0.mtx 1.9 8924.05 9.7198e-05 0.00199203 
../tests/avg_rr3_2304/avg26_0.mtx 2 22023 3.77708e-05 0.000705219 
../tests/avg_rr3_2304/avg26_0.mtx 2.1 0 -1 -1 
../tests/avg_rr3_2304/avg26_0.mtx 2.2 0 -1 -1 
../tests/avg_rr3_2304/avg26_0.mtx 2.3 0 -1 -1 
../tests/avg_rr3_2304/avg26_0.mtx 2.4 0 -1 -1 
../tests/avg_rr3_2304/avg26_0.mtx 2.5 0 -1 -1 
../tests/avg_rr3_2304/avg26_0.mtx 2.6 0 -1 -1 
../tests/avg_rr3_2304/avg26_0.mtx 2.7 0 -1 -1 
../tests/avg_rr3_2304/avg26_0.mtx 2.8 0 -1 -1 
../tests/avg_rr3_2304/avg26_0.mtx 2.9 0 -1 -1 
../tests/avg_rr3_2304/avg26_0.mtx 3 0 -1 -1 
../tests/avg_rr3_2304/avg26_0.mtx 3.1 0 -1 -1 
../tests/avg_rr3_2304/avg26_0.mtx 3.2 0 -1 -1 
../tests/avg_rr3_2304/avg26_0.mtx 3.3 0 -1 -1 
../tests/avg_rr3_2304/avg26_0.mtx 3.4 0 -1 -1 
../tests/avg_rr3_2304/avg26_0.mtx 3.5 0 -1 -1 
../tests/avg_rr3_2304/avg26_0.mtx 3.6 0 -1 -1 
../tests/avg_rr3_2304/avg26_0.mtx 3.7 0 -1 -1 
../tests/avg_rr3_2304/avg26_0.mtx 3.8 0 -1 -1 
../tests/avg_rr3_2304/avg26_0.mtx 3.9 0 -1 -1 
../tests/avg_rr3_2304/avg26_0.mtx 4 0 -1 -1 
../tests/avg_rr3_2304/avg26_0.mtx 4.1 0 -1 -1 
../tests/avg_rr3_2304/avg26_0.mtx 4.2 0 -1 -1 
../tests/avg_rr3_2304/avg26_0.mtx 4.3 0 -1 -1 
../tests/avg_rr3_2304/avg26_0.mtx 4.4 0 -1 -1 
../tests/avg_rr3_2304/avg26_0.mtx 4.5 0 -1 -1 
../tests/avg_rr3_2304/avg26_0.mtx 4.6 0 -1 -1 
../tests/avg_rr3_2304/avg26_0.mtx 4.7 0 -1 -1 
../tests/avg_rr3_2304/avg26_0.mtx 4.8 0 -1 -1 
../tests/avg_rr3_2304/avg26_0.mtx 4.9 0 -1 -1 
../tests/avg_rr3_2304/avg26_0.mtx 5 0 -1 -1 
../tests/avg_rr3_2304/avg27_0.mtx 1 412.961 0.0610113 0.79 
../tests/avg_rr3_2304/avg27_0.mtx 1.1 373.598 0.0504123 0.7 
../tests/avg_rr3_2304/avg27_0.mtx 1.2 341.237 0.0385547 0.55 
../tests/avg_rr3_2304/avg27_0.mtx 1.3 433.561 0.0246159 0.4 
../tests/avg_rr3_2304/avg27_0.mtx 1.4 472.191 0.0111516 0.196667 
../tests/avg_rr3_2304/avg27_0.mtx 1.5 625.292 0.00592159 0.101667 
../tests/avg_rr3_2304/avg27_0.mtx 1.6 829.952 0.00245778 0.0463636 
../tests/avg_rr3_2304/avg27_0.mtx 1.7 1417.82 0.000993229 0.0204 
../tests/avg_rr3_2304/avg27_0.mtx 1.8 2888.76 0.000378252 0.00776119 
../tests/avg_rr3_2304/avg27_0.mtx 1.9 9357.1 8.23843e-05 0.00186567 
../tests/avg_rr3_2304/avg27_0.mtx 2 14331.5 4.56336e-05 0.00107527 
../tests/avg_rr3_2304/avg27_0.mtx 2.1 78921.3 6.64922e-06 0.000171939 
../tests/avg_rr3_2304/avg27_0.mtx 2.2 0 -1 -1 
../tests/avg_rr3_2304/avg27_0.mtx 2.3 0 -1 -1 
../tests/avg_rr3_2304/avg27_0.mtx 2.4 0 -1 -1 
../tests/avg_rr3_2304/avg27_0.mtx 2.5 0 -1 -1 
../tests/avg_rr3_2304/avg27_0.mtx 2.6 0 -1 -1 
../tests/avg_rr3_2304/avg27_0.mtx 2.7 0 -1 -1 
../tests/avg_rr3_2304/avg27_0.mtx 2.8 0 -1 -1 
../tests/avg_rr3_2304/avg27_0.mtx 2.9 0 -1 -1 
../tests/avg_rr3_2304/avg27_0.mtx 3 0 -1 -1 
../tests/avg_rr3_2304/avg27_0.mtx 3.1 0 -1 -1 
../tests/avg_rr3_2304/avg27_0.mtx 3.2 0 -1 -1 
../tests/avg_rr3_2304/avg27_0.mtx 3.3 0 -1 -1 
../tests/avg_rr3_2304/avg27_0.mtx 3.4 0 -1 -1 
../tests/avg_rr3_2304/avg27_0.mtx 3.5 0 -1 -1 
../tests/avg_rr3_2304/avg27_0.mtx 3.6 0 -1 -1 
../tests/avg_rr3_2304/avg27_0.mtx 3.7 0 -1 -1 
../tests/avg_rr3_2304/avg27_0.mtx 3.8 0 -1 -1 
../tests/avg_rr3_2304/avg27_0.mtx 3.9 0 -1 -1 
../tests/avg_rr3_2304/avg27_0.mtx 4 0 -1 -1 
../tests/avg_rr3_2304/avg27_0.mtx 4.1 0 -1 -1 
../tests/avg_rr3_2304/avg27_0.mtx 4.2 0 -1 -1 
../tests/avg_rr3_2304/avg27_0.mtx 4.3 0 -1 -1 
../tests/avg_rr3_2304/avg27_0.mtx 4.4 0 -1 -1 
../tests/avg_rr3_2304/avg27_0.mtx 4.5 0 -1 -1 
../tests/avg_rr3_2304/avg27_0.mtx 4.6 0 -1 -1 
../tests/avg_rr3_2304/avg27_0.mtx 4.7 0 -1 -1 
../tests/avg_rr3_2304/avg27_0.mtx 4.8 0 -1 -1 
../tests/avg_rr3_2304/avg27_0.mtx 4.9 0 -1 -1 
../tests/avg_rr3_2304/avg27_0.mtx 5 0 -1 -1 
../tests/avg_rr3_2304/avg28_0.mtx 1 436.329 0.0574089 0.73 
../tests/avg_rr3_2304/avg28_0.mtx 1.1 383.811 0.0459115 0.62 
../tests/avg_rr3_2304/avg28_0.mtx 1.2 359.136 0.0336892 0.5 
../tests/avg_rr3_2304/avg28_0.mtx 1.3 445.323 0.0223069 0.36 
../tests/avg_rr3_2304/avg28_0.mtx 1.4 479.878 0.0114656 0.203333 
../tests/avg_rr3_2304/avg28_0.mtx 1.5 592.405 0.0064566 0.118 
../tests/avg_rr3_2304/avg28_0.mtx 1.6 781.005 0.00306906 0.06 
../tests/avg_rr3_2304/avg28_0.mtx 1.7 1249.08 0.00141016 0.026 
../tests/avg_rr3_2304/avg28_0.mtx 1.8 2827.21 0.000370958 0.0078125 
../tests/avg_rr3_2304/avg28_0.mtx 1.9 8639.96 8.96276e-05 0.00205761 
../tests/avg_rr3_2304/avg28_0.mtx 2 24424.3 2.84993e-05 0.000625 
../tests/avg_rr3_2304/avg28_0.mtx 2.1 0 -1 -1 
../tests/avg_rr3_2304/avg28_0.mtx 2.2 0 -1 -1 
../tests/avg_rr3_2304/avg28_0.mtx 2.3 0 -1 -1 
../tests/avg_rr3_2304/avg28_0.mtx 2.4 0 -1 -1 
../tests/avg_rr3_2304/avg28_0.mtx 2.5 0 -1 -1 
../tests/avg_rr3_2304/avg28_0.mtx 2.6 0 -1 -1 
../tests/avg_rr3_2304/avg28_0.mtx 2.7 0 -1 -1 
../tests/avg_rr3_2304/avg28_0.mtx 2.8 0 -1 -1 
../tests/avg_rr3_2304/avg28_0.mtx 2.9 0 -1 -1 
../tests/avg_rr3_2304/avg28_0.mtx 3 0 -1 -1 
../tests/avg_rr3_2304/avg28_0.mtx 3.1 0 -1 -1 
../tests/avg_rr3_2304/avg28_0.mtx 3.2 0 -1 -1 
../tests/avg_rr3_2304/avg28_0.mtx 3.3 0 -1 -1 
../tests/avg_rr3_2304/avg28_0.mtx 3.4 0 -1 -1 
../tests/avg_rr3_2304/avg28_0.mtx 3.5 0 -1 -1 
../tests/avg_rr3_2304/avg28_0.mtx 3.6 0 -1 -1 
../tests/avg_rr3_2304/avg28_0.mtx 3.7 0 -1 -1 
../tests/avg_rr3_2304/avg28_0.mtx 3.8 0 -1 -1 
../tests/avg_rr3_2304/avg28_0.mtx 3.9 0 -1 -1 
../tests/avg_rr3_2304/avg28_0.mtx 4 0 -1 -1 
../tests/avg_rr3_2304/avg28_0.mtx 4.1 0 -1 -1 
../tests/avg_rr3_2304/avg28_0.mtx 4.2 0 -1 -1 
../tests/avg_rr3_2304/avg28_0.mtx 4.3 0 -1 -1 
../tests/avg_rr3_2304/avg28_0.mtx 4.4 0 -1 -1 
../tests/avg_rr3_2304/avg28_0.mtx 4.5 0 -1 -1 
../tests/avg_rr3_2304/avg28_0.mtx 4.6 0 -1 -1 
../tests/avg_rr3_2304/avg28_0.mtx 4.7 0 -1 -1 
../tests/avg_rr3_2304/avg28_0.mtx 4.8 0 -1 -1 
../tests/avg_rr3_2304/avg28_0.mtx 4.9 0 -1 -1 
../tests/avg_rr3_2304/avg28_0.mtx 5 0 -1 -1 
../tests/avg_rr3_2304/avg29_0.mtx 1 442.62 0.0516146 0.71 
../tests/avg_rr3_2304/avg29_0.mtx 1.1 395.433 0.0399826 0.59 
../tests/avg_rr3_2304/avg29_0.mtx 1.2 473.085 0.0291602 0.46 
../tests/avg_rr3_2304/avg29_0.mtx 1.3 447.037 0.0169184 0.27 
../tests/avg_rr3_2304/avg29_0.mtx 1.4 486.685 0.0108333 0.18 
../tests/avg_rr3_2304/avg29_0.mtx 1.5 591.451 0.00572656 0.1 
../tests/avg_rr3_2304/avg29_0.mtx 1.6 884.862 0.00226089 0.0463636 
../tests/avg_rr3_2304/avg29_0.mtx 1.7 1620.59 0.000974702 0.0185714 
../tests/avg_rr3_2304/avg29_0.mtx 1.8 2576.69 0.000432213 0.00909091 
../tests/avg_rr3_2304/avg29_0.mtx 1.9 5383.53 0.000148065 0.00357143 
../tests/avg_rr3_2304/avg29_0.mtx 2 16857.3 3.5778e-05 0.000965251 
../tests/avg_rr3_2304/avg29_0.mtx 2.1 0 -1 -1 
../tests/avg_rr3_2304/avg29_0.mtx 2.2 0 -1 -1 
../tests/avg_rr3_2304/avg29_0.mtx 2.3 0 -1 -1 
../tests/avg_rr3_2304/avg29_0.mtx 2.4 0 -1 -1 
../tests/avg_rr3_2304/avg29_0.mtx 2.5 0 -1 -1 
../tests/avg_rr3_2304/avg29_0.mtx 2.6 0 -1 -1 
../tests/avg_rr3_2304/avg29_0.mtx 2.7 0 -1 -1 
../tests/avg_rr3_2304/avg29_0.mtx 2.8 0 -1 -1 
../tests/avg_rr3_2304/avg29_0.mtx 2.9 0 -1 -1 
../tests/avg_rr3_2304/avg29_0.mtx 3 0 -1 -1 
../tests/avg_rr3_2304/avg29_0.mtx 3.1 0 -1 -1 
../tests/avg_rr3_2304/avg29_0.mtx 3.2 0 -1 -1 
../tests/avg_rr3_2304/avg29_0.mtx 3.3 0 -1 -1 
../tests/avg_rr3_2304/avg29_0.mtx 3.4 0 -1 -1 
../tests/avg_rr3_2304/avg29_0.mtx 3.5 0 -1 -1 
../tests/avg_rr3_2304/avg29_0.mtx 3.6 0 -1 -1 
../tests/avg_rr3_2304/avg29_0.mtx 3.7 0 -1 -1 
../tests/avg_rr3_2304/avg29_0.mtx 3.8 0 -1 -1 
../tests/avg_rr3_2304/avg29_0.mtx 3.9 0 -1 -1 
../tests/avg_rr3_2304/avg29_0.mtx 4 0 -1 -1 
../tests/avg_rr3_2304/avg29_0.mtx 4.1 0 -1 -1 
../tests/avg_rr3_2304/avg29_0.mtx 4.2 0 -1 -1 
../tests/avg_rr3_2304/avg29_0.mtx 4.3 0 -1 -1 
../tests/avg_rr3_2304/avg29_0.mtx 4.4 0 -1 -1 
../tests/avg_rr3_2304/avg29_0.mtx 4.5 0 -1 -1 
../tests/avg_rr3_2304/avg29_0.mtx 4.6 0 -1 -1 
../tests/avg_rr3_2304/avg29_0.mtx 4.7 0 -1 -1 
../tests/avg_rr3_2304/avg29_0.mtx 4.8 0 -1 -1 
../tests/avg_rr3_2304/avg29_0.mtx 4.9 0 -1 -1 
../tests/avg_rr3_2304/avg29_0.mtx 5 0 -1 -1 
../tests/avg_rr3_2304/avg2_0.mtx 1 465.896 0.0593186 0.76 
../tests/avg_rr3_2304/avg2_0.mtx 1.1 405.322 0.0471832 0.66 
../tests/avg_rr3_2304/avg2_0.mtx 1.2 503.42 0.0333702 0.48 
../tests/avg_rr3_2304/avg2_0.mtx 1.3 468.739 0.0234527 0.36 
../tests/avg_rr3_2304/avg2_0.mtx 1.4 515.545 0.0128024 0.213333 
../tests/avg_rr3_2304/avg2_0.mtx 1.5 665.791 0.00614511 0.105 
../tests/avg_rr3_2304/avg2_0.mtx 1.6 784.01 0.00299961 0.0555556 
../tests/avg_rr3_2304/avg2_0.mtx 1.7 1470.62 0.00099184 0.02 
../tests/avg_rr3_2304/avg2_0.mtx 1.8 2744.77 0.000392867 0.00833333 
../tests/avg_rr3_2304/avg2_0.mtx 1.9 6907.33 0.000115921 0.0027027 
../tests/avg_rr3_2304/avg2_0.mtx 2 17136.3 3.55597e-05 0.000927644 
../tests/avg_rr3_2304/avg2_0.mtx 2.1 0 -1 -1 
../tests/avg_rr3_2304/avg2_0.mtx 2.2 0 -1 -1 
../tests/avg_rr3_2304/avg2_0.mtx 2.3 0 -1 -1 
../tests/avg_rr3_2304/avg2_0.mtx 2.4 0 -1 -1 
../tests/avg_rr3_2304/avg2_0.mtx 2.5 0 -1 -1 
../tests/avg_rr3_2304/avg2_0.mtx 2.6 0 -1 -1 
../tests/avg_rr3_2304/avg2_0.mtx 2.7 0 -1 -1 
../tests/avg_rr3_2304/avg2_0.mtx 2.8 0 -1 -1 
../tests/avg_rr3_2304/avg2_0.mtx 2.9 0 -1 -1 
../tests/avg_rr3_2304/avg2_0.mtx 3 0 -1 -1 
../tests/avg_rr3_2304/avg2_0.mtx 3.1 0 -1 -1 
../tests/avg_rr3_2304/avg2_0.mtx 3.2 0 -1 -1 
../tests/avg_rr3_2304/avg2_0.mtx 3.3 0 -1 -1 
../tests/avg_rr3_2304/avg2_0.mtx 3.4 0 -1 -1 
../tests/avg_rr3_2304/avg2_0.mtx 3.5 0 -1 -1 
../tests/avg_rr3_2304/avg2_0.mtx 3.6 0 -1 -1 
../tests/avg_rr3_2304/avg2_0.mtx 3.7 0 -1 -1 
../tests/avg_rr3_2304/avg2_0.mtx 3.8 0 -1 -1 
../tests/avg_rr3_2304/avg2_0.mtx 3.9 0 -1 -1 
../tests/avg_rr3_2304/avg2_0.mtx 4 0 -1 -1 
../tests/avg_rr3_2304/avg2_0.mtx 4.1 0 -1 -1 
../tests/avg_rr3_2304/avg2_0.mtx 4.2 0 -1 -1 
../tests/avg_rr3_2304/avg2_0.mtx 4.3 0 -1 -1 
../tests/avg_rr3_2304/avg2_0.mtx 4.4 0 -1 -1 
../tests/avg_rr3_2304/avg2_0.mtx 4.5 0 -1 -1 
../tests/avg_rr3_2304/avg2_0.mtx 4.6 0 -1 -1 
../tests/avg_rr3_2304/avg2_0.mtx 4.7 0 -1 -1 
../tests/avg_rr3_2304/avg2_0.mtx 4.8 0 -1 -1 
../tests/avg_rr3_2304/avg2_0.mtx 4.9 0 -1 -1 
../tests/avg_rr3_2304/avg2_0.mtx 5 0 -1 -1 
../tests/avg_rr3_2304/avg30_0.mtx 1 450.273 0.0610851 0.81 
../tests/avg_rr3_2304/avg30_0.mtx 1.1 393.571 0.048125 0.68 
../tests/avg_rr3_2304/avg30_0.mtx 1.2 382.452 0.0332943 0.53 
../tests/avg_rr3_2304/avg30_0.mtx 1.3 448.241 0.0214692 0.35 
../tests/avg_rr3_2304/avg30_0.mtx 1.4 494.406 0.0117795 0.206667 
../tests/avg_rr3_2304/avg30_0.mtx 1.5 585.333 0.00632118 0.104 
../tests/avg_rr3_2304/avg30_0.mtx 1.6 801.526 0.00263976 0.054 
../tests/avg_rr3_2304/avg30_0.mtx 1.7 1485.67 0.000931991 0.0192308 
../tests/avg_rr3_2304/avg30_0.mtx 1.8 3681.28 0.000303264 0.00581395 
../tests/avg_rr3_2304/avg30_0.mtx 1.9 7475.12 0.000108257 0.00240385 
../tests/avg_rr3_2304/avg30_0.mtx 2 25529.1 2.67642e-05 0.000603136 
../tests/avg_rr3_2304/avg30_0.mtx 2.1 0 -1 -1 
../tests/avg_rr3_2304/avg30_0.mtx 2.2 0 -1 -1 
../tests/avg_rr3_2304/avg30_0.mtx 2.3 0 -1 -1 
../tests/avg_rr3_2304/avg30_0.mtx 2.4 0 -1 -1 
../tests/avg_rr3_2304/avg30_0.mtx 2.5 0 -1 -1 
../tests/avg_rr3_2304/avg30_0.mtx 2.6 0 -1 -1 
../tests/avg_rr3_2304/avg30_0.mtx 2.7 0 -1 -1 
../tests/avg_rr3_2304/avg30_0.mtx 2.8 0 -1 -1 
../tests/avg_rr3_2304/avg30_0.mtx 2.9 0 -1 -1 
../tests/avg_rr3_2304/avg30_0.mtx 3 0 -1 -1 
../tests/avg_rr3_2304/avg30_0.mtx 3.1 0 -1 -1 
../tests/avg_rr3_2304/avg30_0.mtx 3.2 0 -1 -1 
../tests/avg_rr3_2304/avg30_0.mtx 3.3 0 -1 -1 
../tests/avg_rr3_2304/avg30_0.mtx 3.4 0 -1 -1 
../tests/avg_rr3_2304/avg30_0.mtx 3.5 0 -1 -1 
../tests/avg_rr3_2304/avg30_0.mtx 3.6 0 -1 -1 
../tests/avg_rr3_2304/avg30_0.mtx 3.7 0 -1 -1 
../tests/avg_rr3_2304/avg30_0.mtx 3.8 0 -1 -1 
../tests/avg_rr3_2304/avg30_0.mtx 3.9 0 -1 -1 
../tests/avg_rr3_2304/avg30_0.mtx 4 0 -1 -1 
../tests/avg_rr3_2304/avg30_0.mtx 4.1 0 -1 -1 
../tests/avg_rr3_2304/avg30_0.mtx 4.2 0 -1 -1 
../tests/avg_rr3_2304/avg30_0.mtx 4.3 0 -1 -1 
../tests/avg_rr3_2304/avg30_0.mtx 4.4 0 -1 -1 
../tests/avg_rr3_2304/avg30_0.mtx 4.5 0 -1 -1 
../tests/avg_rr3_2304/avg30_0.mtx 4.6 0 -1 -1 
../tests/avg_rr3_2304/avg30_0.mtx 4.7 0 -1 -1 
../tests/avg_rr3_2304/avg30_0.mtx 4.8 0 -1 -1 
../tests/avg_rr3_2304/avg30_0.mtx 4.9 0 -1 -1 
../tests/avg_rr3_2304/avg30_0.mtx 5 0 -1 -1 
../tests/avg_rr3_2304/avg3_0.mtx 1 451.352 0.0607986 0.82 
../tests/avg_rr3_2304/avg3_0.mtx 1.1 401.306 0.049349 0.72 
../tests/avg_rr3_2304/avg3_0.mtx 1.2 391.857 0.0338021 0.57 
../tests/avg_rr3_2304/avg3_0.mtx 1.3 462.716 0.0198568 0.335 
../tests/avg_rr3_2304/avg3_0.mtx 1.4 500.497 0.0120486 0.213333 
../tests/avg_rr3_2304/avg3_0.mtx 1.5 663.727 0.00560113 0.1 
../tests/avg_rr3_2304/avg3_0.mtx 1.6 961.818 0.0021611 0.0433333 
../tests/avg_rr3_2304/avg3_0.mtx 1.7 1506.8 0.0010566 0.0208 
../tests/avg_rr3_2304/avg3_0.mtx 1.8 2551.93 0.000415274 0.00943396 
../tests/avg_rr3_2304/avg3_0.mtx 1.9 6015.54 0.000128937 0.00318471 
../tests/avg_rr3_2304/avg3_0.mtx 2 14323.2 4.26811e-05 0.00115473 
../tests/avg_rr3_2304/avg3_0.mtx 2.1 54985.2 1.02663e-05 0.000263992 
../tests/avg_rr3_2304/avg3_0.mtx 2.2 0 -1 -1 
../tests/avg_rr3_2304/avg3_0.mtx 2.3 0 -1 -1 
../tests/avg_rr3_2304/avg3_0.mtx 2.4 0 -1 -1 
../tests/avg_rr3_2304/avg3_0.mtx 2.5 0 -1 -1 
../tests/avg_rr3_2304/avg3_0.mtx 2.6 0 -1 -1 
../tests/avg_rr3_2304/avg3_0.mtx 2.7 0 -1 -1 
../tests/avg_rr3_2304/avg3_0.mtx 2.8 0 -1 -1 
../tests/avg_rr3_2304/avg3_0.mtx 2.9 0 -1 -1 
../tests/avg_rr3_2304/avg3_0.mtx 3 0 -1 -1 
../tests/avg_rr3_2304/avg3_0.mtx 3.1 0 -1 -1 
../tests/avg_rr3_2304/avg3_0.mtx 3.2 0 -1 -1 
../tests/avg_rr3_2304/avg3_0.mtx 3.3 0 -1 -1 
../tests/avg_rr3_2304/avg3_0.mtx 3.4 0 -1 -1 
../tests/avg_rr3_2304/avg3_0.mtx 3.5 0 -1 -1 
../tests/avg_rr3_2304/avg3_0.mtx 3.6 0 -1 -1 
../tests/avg_rr3_2304/avg3_0.mtx 3.7 0 -1 -1 
../tests/avg_rr3_2304/avg3_0.mtx 3.8 0 -1 -1 
../tests/avg_rr3_2304/avg3_0.mtx 3.9 0 -1 -1 
../tests/avg_rr3_2304/avg3_0.mtx 4 0 -1 -1 
../tests/avg_rr3_2304/avg3_0.mtx 4.1 0 -1 -1 
../tests/avg_rr3_2304/avg3_0.mtx 4.2 0 -1 -1 
../tests/avg_rr3_2304/avg3_0.mtx 4.3 0 -1 -1 
../tests/avg_rr3_2304/avg3_0.mtx 4.4 0 -1 -1 
../tests/avg_rr3_2304/avg3_0.mtx 4.5 0 -1 -1 
../tests/avg_rr3_2304/avg3_0.mtx 4.6 0 -1 -1 
../tests/avg_rr3_2304/avg3_0.mtx 4.7 0 -1 -1 
../tests/avg_rr3_2304/avg3_0.mtx 4.8 0 -1 -1 
../tests/avg_rr3_2304/avg3_0.mtx 4.9 0 -1 -1 
../tests/avg_rr3_2304/avg3_0.mtx 5 0 -1 -1 
../tests/avg_rr3_2304/avg4_0.mtx 1 462.876 0.0598481 0.8 
../tests/avg_rr3_2304/avg4_0.mtx 1.1 428.265 0.0474132 0.67 
../tests/avg_rr3_2304/avg4_0.mtx 1.2 397.118 0.0327127 0.5 
../tests/avg_rr3_2304/avg4_0.mtx 1.3 479.251 0.0180729 0.315 
../tests/avg_rr3_2304/avg4_0.mtx 1.4 506.414 0.0105729 0.17 
../tests/avg_rr3_2304/avg4_0.mtx 1.5 620.262 0.00592882 0.106 
../tests/avg_rr3_2304/avg4_0.mtx 1.6 961.771 0.00246926 0.045 
../tests/avg_rr3_2304/avg4_0.mtx 1.7 1521.98 0.00113548 0.0207692 
../tests/avg_rr3_2304/avg4_0.mtx 1.8 2638.27 0.000511315 0.00912281 
../tests/avg_rr3_2304/avg4_0.mtx 1.9 6934.76 0.000112342 0.0026455 
../tests/avg_rr3_2304/avg4_0.mtx 2 19386.6 3.16361e-05 0.000811688 
../tests/avg_rr3_2304/avg4_0.mtx 2.1 0 -1 -1 
../tests/avg_rr3_2304/avg4_0.mtx 2.2 0 -1 -1 
../tests/avg_rr3_2304/avg4_0.mtx 2.3 0 -1 -1 
../tests/avg_rr3_2304/avg4_0.mtx 2.4 0 -1 -1 
../tests/avg_rr3_2304/avg4_0.mtx 2.5 0 -1 -1 
../tests/avg_rr3_2304/avg4_0.mtx 2.6 0 -1 -1 
../tests/avg_rr3_2304/avg4_0.mtx 2.7 0 -1 -1 
../tests/avg_rr3_2304/avg4_0.mtx 2.8 0 -1 -1 
../tests/avg_rr3_2304/avg4_0.mtx 2.9 0 -1 -1 
../tests/avg_rr3_2304/avg4_0.mtx 3 0 -1 -1 
../tests/avg_rr3_2304/avg4_0.mtx 3.1 0 -1 -1 
../tests/avg_rr3_2304/avg4_0.mtx 3.2 0 -1 -1 
../tests/avg_rr3_2304/avg4_0.mtx 3.3 0 -1 -1 
../tests/avg_rr3_2304/avg4_0.mtx 3.4 0 -1 -1 
../tests/avg_rr3_2304/avg4_0.mtx 3.5 0 -1 -1 
../tests/avg_rr3_2304/avg4_0.mtx 3.6 0 -1 -1 
../tests/avg_rr3_2304/avg4_0.mtx 3.7 0 -1 -1 
../tests/avg_rr3_2304/avg4_0.mtx 3.8 0 -1 -1 
../tests/avg_rr3_2304/avg4_0.mtx 3.9 0 -1 -1 
../tests/avg_rr3_2304/avg4_0.mtx 4 0 -1 -1 
../tests/avg_rr3_2304/avg4_0.mtx 4.1 0 -1 -1 
../tests/avg_rr3_2304/avg4_0.mtx 4.2 0 -1 -1 
../tests/avg_rr3_2304/avg4_0.mtx 4.3 0 -1 -1 
../tests/avg_rr3_2304/avg4_0.mtx 4.4 0 -1 -1 
../tests/avg_rr3_2304/avg4_0.mtx 4.5 0 -1 -1 
../tests/avg_rr3_2304/avg4_0.mtx 4.6 0 -1 -1 
../tests/avg_rr3_2304/avg4_0.mtx 4.7 0 -1 -1 
../tests/avg_rr3_2304/avg4_0.mtx 4.8 0 -1 -1 
../tests/avg_rr3_2304/avg4_0.mtx 4.9 0 -1 -1 
../tests/avg_rr3_2304/avg4_0.mtx 5 0 -1 -1 
../tests/avg_rr3_2304/avg5_0.mtx 1 433.837 0.0572179 0.76 
../tests/avg_rr3_2304/avg5_0.mtx 1.1 386.212 0.0443142 0.64 
../tests/avg_rr3_2304/avg5_0.mtx 1.2 465.383 0.029579 0.455 
../tests/avg_rr3_2304/avg5_0.mtx 1.3 424.187 0.0174436 0.275 
../tests/avg_rr3_2304/avg5_0.mtx 1.4 548.317 0.00930339 0.155 
../tests/avg_rr3_2304/avg5_0.mtx 1.5 629.225 0.00496672 0.0866667 
../tests/avg_rr3_2304/avg5_0.mtx 1.6 825.043 0.00317231 0.053 
../tests/avg_rr3_2304/avg5_0.mtx 1.7 1371.7 0.00107151 0.02125 
../tests/avg_rr3_2304/avg5_0.mtx 1.8 2265.04 0.000522073 0.0102041 
../tests/avg_rr3_2304/avg5_0.mtx 1.9 7570.2 9.85305e-05 0.00236967 
../tests/avg_rr3_2304/avg5_0.mtx 2 26842.2 2.46591e-05 0.000568828 
../tests/avg_rr3_2304/avg5_0.mtx 2.1 0 -1 -1 
../tests/avg_rr3_2304/avg5_0.mtx 2.2 0 -1 -1 
../tests/avg_rr3_2304/avg5_0.mtx 2.3 0 -1 -1 
../tests/avg_rr3_2304/avg5_0.mtx 2.4 0 -1 -1 
../tests/avg_rr3_2304/avg5_0.mtx 2.5 0 -1 -1 
../tests/avg_rr3_2304/avg5_0.mtx 2.6 0 -1 -1 
../tests/avg_rr3_2304/avg5_0.mtx 2.7 0 -1 -1 
../tests/avg_rr3_2304/avg5_0.mtx 2.8 0 -1 -1 
../tests/avg_rr3_2304/avg5_0.mtx 2.9 0 -1 -1 
../tests/avg_rr3_2304/avg5_0.mtx 3 0 -1 -1 
../tests/avg_rr3_2304/avg5_0.mtx 3.1 0 -1 -1 
../tests/avg_rr3_2304/avg5_0.mtx 3.2 0 -1 -1 
../tests/avg_rr3_2304/avg5_0.mtx 3.3 0 -1 -1 
../tests/avg_rr3_2304/avg5_0.mtx 3.4 0 -1 -1 
../tests/avg_rr3_2304/avg5_0.mtx 3.5 0 -1 -1 
../tests/avg_rr3_2304/avg5_0.mtx 3.6 0 -1 -1 
../tests/avg_rr3_2304/avg5_0.mtx 3.7 0 -1 -1 
../tests/avg_rr3_2304/avg5_0.mtx 3.8 0 -1 -1 
../tests/avg_rr3_2304/avg5_0.mtx 3.9 0 -1 -1 
../tests/avg_rr3_2304/avg5_0.mtx 4 0 -1 -1 
../tests/avg_rr3_2304/avg5_0.mtx 4.1 0 -1 -1 
../tests/avg_rr3_2304/avg5_0.mtx 4.2 0 -1 -1 
../tests/avg_rr3_2304/avg5_0.mtx 4.3 0 -1 -1 
../tests/avg_rr3_2304/avg5_0.mtx 4.4 0 -1 -1 
../tests/avg_rr3_2304/avg5_0.mtx 4.5 0 -1 -1 
../tests/avg_rr3_2304/avg5_0.mtx 4.6 0 -1 -1 
../tests/avg_rr3_2304/avg5_0.mtx 4.7 0 -1 -1 
../tests/avg_rr3_2304/avg5_0.mtx 4.8 0 -1 -1 
../tests/avg_rr3_2304/avg5_0.mtx 4.9 0 -1 -1 
../tests/avg_rr3_2304/avg5_0.mtx 5 0 -1 -1 
../tests/avg_rr3_2304/avg6_0.mtx 1 459.647 0.0543142 0.73 
../tests/avg_rr3_2304/avg6_0.mtx 1.1 419.553 0.0412543 0.59 
../tests/avg_rr3_2304/avg6_0.mtx 1.2 499.739 0.0325282 0.505 
../tests/avg_rr3_2304/avg6_0.mtx 1.3 466.59 0.0193121 0.315 
../tests/avg_rr3_2304/avg6_0.mtx 1.4 516.682 0.0110822 0.186667 
../tests/avg_rr3_2304/avg6_0.mtx 1.5 622.359 0.00521528 0.1 
../tests/avg_rr3_2304/avg6_0.mtx 1.6 895.857 0.00251342 0.0490909 
../tests/avg_rr3_2304/avg6_0.mtx 1.7 1697.43 0.000849537 0.017 
../tests/avg_rr3_2304/avg6_0.mtx 1.8 3375.93 0.000327268 0.00649351 
../tests/avg_rr3_2304/avg6_0.mtx 1.9 9309.56 9.18199e-05 0.00193182 
../tests/avg_rr3_2304/avg6_0.mtx 2 21440.2 3.12587e-05 0.000716332 
../tests/avg_rr3_2304/avg6_0.mtx 2.1 0 -1 -1 
../tests/avg_rr3_2304/avg6_0.mtx 2.2 0 -1 -1 
../tests/avg_rr3_2304/avg6_0.mtx 2.3 0 -1 -1 
../tests/avg_rr3_2304/avg6_0.mtx 2.4 0 -1 -1 
../tests/avg_rr3_2304/avg6_0.mtx 2.5 0 -1 -1 
../tests/avg_rr3_2304/avg6_0.mtx 2.6 0 -1 -1 
../tests/avg_rr3_2304/avg6_0.mtx 2.7 0 -1 -1 
../tests/avg_rr3_2304/avg6_0.mtx 2.8 0 -1 -1 
../tests/avg_rr3_2304/avg6_0.mtx 2.9 0 -1 -1 
../tests/avg_rr3_2304/avg6_0.mtx 3 0 -1 -1 
../tests/avg_rr3_2304/avg6_0.mtx 3.1 0 -1 -1 
../tests/avg_rr3_2304/avg6_0.mtx 3.2 0 -1 -1 
../tests/avg_rr3_2304/avg6_0.mtx 3.3 0 -1 -1 
../tests/avg_rr3_2304/avg6_0.mtx 3.4 0 -1 -1 
../tests/avg_rr3_2304/avg6_0.mtx 3.5 0 -1 -1 
../tests/avg_rr3_2304/avg6_0.mtx 3.6 0 -1 -1 
../tests/avg_rr3_2304/avg6_0.mtx 3.7 0 -1 -1 
../tests/avg_rr3_2304/avg6_0.mtx 3.8 0 -1 -1 
../tests/avg_rr3_2304/avg6_0.mtx 3.9 0 -1 -1 
../tests/avg_rr3_2304/avg6_0.mtx 4 0 -1 -1 
../tests/avg_rr3_2304/avg6_0.mtx 4.1 0 -1 -1 
../tests/avg_rr3_2304/avg6_0.mtx 4.2 0 -1 -1 
../tests/avg_rr3_2304/avg6_0.mtx 4.3 0 -1 -1 
../tests/avg_rr3_2304/avg6_0.mtx 4.4 0 -1 -1 
../tests/avg_rr3_2304/avg6_0.mtx 4.5 0 -1 -1 
../tests/avg_rr3_2304/avg6_0.mtx 4.6 0 -1 -1 
../tests/avg_rr3_2304/avg6_0.mtx 4.7 0 -1 -1 
../tests/avg_rr3_2304/avg6_0.mtx 4.8 0 -1 -1 
../tests/avg_rr3_2304/avg6_0.mtx 4.9 0 -1 -1 
../tests/avg_rr3_2304/avg6_0.mtx 5 0 -1 -1 
../tests/avg_rr3_2304/avg7_0.mtx 1 357.811 0.0590278 0.78 
../tests/avg_rr3_2304/avg7_0.mtx 1.1 335.026 0.0478299 0.69 
../tests/avg_rr3_2304/avg7_0.mtx 1.2 423.373 0.034668 0.55 
../tests/avg_rr3_2304/avg7_0.mtx 1.3 393.263 0.0203255 0.35 
../tests/avg_rr3_2304/avg7_0.mtx 1.4 440.413 0.0113035 0.183333 
../tests/avg_rr3_2304/avg7_0.mtx 1.5 528.988 0.00573785 0.102 
../tests/avg_rr3_2304/avg7_0.mtx 1.6 765.732 0.00253646 0.052 
../tests/avg_rr3_2304/avg7_0.mtx 1.7 1459.53 0.000854701 0.0192308 
../tests/avg_rr3_2304/avg7_0.mtx 1.8 2869.11 0.000349426 0.00769231 
../tests/avg_rr3_2304/avg7_0.mtx 1.9 7019.9 0.000113401 0.00271277 
../tests/avg_rr3_2304/avg7_0.mtx 2 15077.3 4.26856e-05 0.00107296 
../tests/avg_rr3_2304/avg7_0.mtx 2.1 49157.1 1.12441e-05 0.000292398 
../tests/avg_rr3_2304/avg7_0.mtx 2.2 0 -1 -1 
../tests/avg_rr3_2304/avg7_0.mtx 2.3 0 -1 -1 
../tests/avg_rr3_2304/avg7_0.mtx 2.4 0 -1 -1 
../tests/avg_rr3_2304/avg7_0.mtx 2.5 0 -1 -1 
../tests/avg_rr3_2304/avg7_0.mtx 2.6 0 -1 -1 
../tests/avg_rr3_2304/avg7_0.mtx 2.7 0 -1 -1 
../tests/avg_rr3_2304/avg7_0.mtx 2.8 0 -1 -1 
../tests/avg_rr3_2304/avg7_0.mtx 2.9 0 -1 -1 
../tests/avg_rr3_2304/avg7_0.mtx 3 0 -1 -1 
../tests/avg_rr3_2304/avg7_0.mtx 3.1 0 -1 -1 
../tests/avg_rr3_2304/avg7_0.mtx 3.2 0 -1 -1 
../tests/avg_rr3_2304/avg7_0.mtx 3.3 0 -1 -1 
../tests/avg_rr3_2304/avg7_0.mtx 3.4 0 -1 -1 
../tests/avg_rr3_2304/avg7_0.mtx 3.5 0 -1 -1 
../tests/avg_rr3_2304/avg7_0.mtx 3.6 0 -1 -1 
../tests/avg_rr3_2304/avg7_0.mtx 3.7 0 -1 -1 
../tests/avg_rr3_2304/avg7_0.mtx 3.8 0 -1 -1 
../tests/avg_rr3_2304/avg7_0.mtx 3.9 0 -1 -1 
../tests/avg_rr3_2304/avg7_0.mtx 4 0 -1 -1 
../tests/avg_rr3_2304/avg7_0.mtx 4.1 0 -1 -1 
../tests/avg_rr3_2304/avg7_0.mtx 4.2 0 -1 -1 
../tests/avg_rr3_2304/avg7_0.mtx 4.3 0 -1 -1 
../tests/avg_rr3_2304/avg7_0.mtx 4.4 0 -1 -1 
../tests/avg_rr3_2304/avg7_0.mtx 4.5 0 -1 -1 
../tests/avg_rr3_2304/avg7_0.mtx 4.6 0 -1 -1 
../tests/avg_rr3_2304/avg7_0.mtx 4.7 0 -1 -1 
../tests/avg_rr3_2304/avg7_0.mtx 4.8 0 -1 -1 
../tests/avg_rr3_2304/avg7_0.mtx 4.9 0 -1 -1 
../tests/avg_rr3_2304/avg7_0.mtx 5 0 -1 -1 
../tests/avg_rr3_2304/avg8_0.mtx 1 438.545 0.0600911 0.81 
../tests/avg_rr3_2304/avg8_0.mtx 1.1 414.053 0.0467361 0.69 
../tests/avg_rr3_2304/avg8_0.mtx 1.2 380.496 0.031697 0.52 
../tests/avg_rr3_2304/avg8_0.mtx 1.3 458.543 0.0178841 0.295 
../tests/avg_rr3_2304/avg8_0.mtx 1.4 507.814 0.0110012 0.186667 
../tests/avg_rr3_2304/avg8_0.mtx 1.5 610.681 0.00602865 0.106 
../tests/avg_rr3_2304/avg8_0.mtx 1.6 874.056 0.00304818 0.059 
../tests/avg_rr3_2304/avg8_0.mtx 1.7 1316.66 0.00111566 0.0242857 
../tests/avg_rr3_2304/avg8_0.mtx 1.8 2592.24 0.000373746 0.00925926 
../tests/avg_rr3_2304/avg8_0.mtx 1.9 4760.97 0.000143192 0.00435897 
../tests/avg_rr3_2304/avg8_0.mtx 2 9904.55 6.84052e-05 0.00176056 
../tests/avg_rr3_2304/avg8_0.mtx 2.1 35318 1.3868e-05 0.000429923 
../tests/avg_rr3_2304/avg8_0.mtx 2.2 0 -1 -1 
../tests/avg_rr3_2304/avg8_0.mtx 2.3 0 -1 -1 
../tests/avg_rr3_2304/avg8_0.mtx 2.4 0 -1 -1 
../tests/avg_rr3_2304/avg8_0.mtx 2.5 0 -1 -1 
../tests/avg_rr3_2304/avg8_0.mtx 2.6 0 -1 -1 
../tests/avg_rr3_2304/avg8_0.mtx 2.7 0 -1 -1 
../tests/avg_rr3_2304/avg8_0.mtx 2.8 0 -1 -1 
../tests/avg_rr3_2304/avg8_0.mtx 2.9 0 -1 -1 
../tests/avg_rr3_2304/avg8_0.mtx 3 0 -1 -1 
../tests/avg_rr3_2304/avg8_0.mtx 3.1 0 -1 -1 
../tests/avg_rr3_2304/avg8_0.mtx 3.2 0 -1 -1 
../tests/avg_rr3_2304/avg8_0.mtx 3.3 0 -1 -1 
../tests/avg_rr3_2304/avg8_0.mtx 3.4 0 -1 -1 
../tests/avg_rr3_2304/avg8_0.mtx 3.5 0 -1 -1 
../tests/avg_rr3_2304/avg8_0.mtx 3.6 0 -1 -1 
../tests/avg_rr3_2304/avg8_0.mtx 3.7 0 -1 -1 
../tests/avg_rr3_2304/avg8_0.mtx 3.8 0 -1 -1 
../tests/avg_rr3_2304/avg8_0.mtx 3.9 0 -1 -1 
../tests/avg_rr3_2304/avg8_0.mtx 4 0 -1 -1 
../tests/avg_rr3_2304/avg8_0.mtx 4.1 0 -1 -1 
../tests/avg_rr3_2304/avg8_0.mtx 4.2 0 -1 -1 
../tests/avg_rr3_2304/avg8_0.mtx 4.3 0 -1 -1 
../tests/avg_rr3_2304/avg8_0.mtx 4.4 0 -1 -1 
../tests/avg_rr3_2304/avg8_0.mtx 4.5 0 -1 -1 
../tests/avg_rr3_2304/avg8_0.mtx 4.6 0 -1 -1 
../tests/avg_rr3_2304/avg8_0.mtx 4.7 0 -1 -1 
../tests/avg_rr3_2304/avg8_0.mtx 4.8 0 -1 -1 
../tests/avg_rr3_2304/avg8_0.mtx 4.9 0 -1 -1 
../tests/avg_rr3_2304/avg8_0.mtx 5 0 -1 -1 
../tests/avg_rr3_2304/avg9_0.mtx 1 410.762 0.0581467 0.78 
../tests/avg_rr3_2304/avg9_0.mtx 1.1 360.263 0.0442925 0.64 
../tests/avg_rr3_2304/avg9_0.mtx 1.2 442.061 0.0320464 0.495 
../tests/avg_rr3_2304/avg9_0.mtx 1.3 417.187 0.0195095 0.325 
../tests/avg_rr3_2304/avg9_0.mtx 1.4 534.112 0.00991102 0.1575 
../tests/avg_rr3_2304/avg9_0.mtx 1.5 613.612 0.00509042 0.095 
../tests/avg_rr3_2304/avg9_0.mtx 1.6 926.335 0.00221087 0.04 
../tests/avg_rr3_2304/avg9_0.mtx 1.7 1436.68 0.000968717 0.0192308 
../tests/avg_rr3_2304/avg9_0.mtx 1.8 3173.23 0.000324926 0.00684932 
../tests/avg_rr3_2304/avg9_0.mtx 1.9 8462.76 0.00010442 0.00208333 
../tests/avg_rr3_2304/avg9_0.mtx 2 23362.6 2.92347e-05 0.000651042 
../tests/avg_rr3_2304/avg9_0.mtx 2.1 0 -1 -1 
../tests/avg_rr3_2304/avg9_0.mtx 2.2 0 -1 -1 
../tests/avg_rr3_2304/avg9_0.mtx 2.3 0 -1 -1 
../tests/avg_rr3_2304/avg9_0.mtx 2.4 0 -1 -1 
../tests/avg_rr3_2304/avg9_0.mtx 2.5 0 -1 -1 
../tests/avg_rr3_2304/avg9_0.mtx 2.6 0 -1 -1 
../tests/avg_rr3_2304/avg9_0.mtx 2.7 0 -1 -1 
../tests/avg_rr3_2304/avg9_0.mtx 2.8 0 -1 -1 
../tests/avg_rr3_2304/avg9_0.mtx 2.9 0 -1 -1 
../tests/avg_rr3_2304/avg9_0.mtx 3 0 -1 -1 
../tests/avg_rr3_2304/avg9_0.mtx 3.1 0 -1 -1 
../tests/avg_rr3_2304/avg9_0.mtx 3.2 0 -1 -1 
../tests/avg_rr3_2304/avg9_0.mtx 3.3 0 -1 -1 
../tests/avg_rr3_2304/avg9_0.mtx 3.4 0 -1 -1 
../tests/avg_rr3_2304/avg9_0.mtx 3.5 0 -1 -1 
../tests/avg_rr3_2304/avg9_0.mtx 3.6 0 -1 -1 
../tests/avg_rr3_2304/avg9_0.mtx 3.7 0 -1 -1 
../tests/avg_rr3_2304/avg9_0.mtx 3.8 0 -1 -1 
../tests/avg_rr3_2304/avg9_0.mtx 3.9 0 -1 -1 
../tests/avg_rr3_2304/avg9_0.mtx 4 0 -1 -1 
../tests/avg_rr3_2304/avg9_0.mtx 4.1 0 -1 -1 
../tests/avg_rr3_2304/avg9_0.mtx 4.2 0 -1 -1 
../tests/avg_rr3_2304/avg9_0.mtx 4.3 0 -1 -1 
../tests/avg_rr3_2304/avg9_0.mtx 4.4 0 -1 -1 
../tests/avg_rr3_2304/avg9_0.mtx 4.5 0 -1 -1 
../tests/avg_rr3_2304/avg9_0.mtx 4.6 0 -1 -1 
../tests/avg_rr3_2304/avg9_0.mtx 4.7 0 -1 -1 
../tests/avg_rr3_2304/avg9_0.mtx 4.8 0 -1 -1 
../tests/avg_rr3_2304/avg9_0.mtx 4.9 0 -1 -1 
../tests/avg_rr3_2304/avg9_0.mtx 5 0 -1 -1 
