Results
Filename SNR Time(ms) BER FER
../tests/avg_q3_576/avg10_0.mtx 1 102.627 0.0601562 0.71 
../tests/avg_q3_576/avg10_0.mtx 1.1 91.1442 0.0509201 0.615 
../tests/avg_q3_576/avg10_0.mtx 1.2 81.9985 0.0427517 0.53 
../tests/avg_q3_576/avg10_0.mtx 1.3 98.0516 0.0332813 0.42 
../tests/avg_q3_576/avg10_0.mtx 1.4 91.9184 0.0258854 0.34 
../tests/avg_q3_576/avg10_0.mtx 1.5 106.374 0.0216363 0.2975 
../tests/avg_q3_576/avg10_0.mtx 1.6 132.984 0.0148727 0.2 
../tests/avg_q3_576/avg10_0.mtx 1.7 141.41 0.0113467 0.16 
../tests/avg_q3_576/avg10_0.mtx 1.8 166.548 0.00832176 0.13 
../tests/avg_q3_576/avg10_0.mtx 1.9 180.658 0.00583333 0.0927273 
../tests/avg_q3_576/avg10_0.mtx 2 221.196 0.00419676 0.0693333 
../tests/avg_q3_576/avg10_0.mtx 2.1 282.345 0.0026239 0.0459091 
../tests/avg_q3_576/avg10_0.mtx 2.2 426.439 0.00138158 0.0263158 
../tests/avg_q3_576/avg10_0.mtx 2.3 573.26 0.000999162 0.0172414 
../tests/avg_q3_576/avg10_0.mtx 2.4 783.44 0.000619953 0.0117442 
../tests/avg_q3_576/avg10_0.mtx 2.5 1130.81 0.000390253 0.00728571 
../tests/avg_q3_576/avg10_0.mtx 2.6 1602.51 0.000222523 0.00456621 
../tests/avg_q3_576/avg10_0.mtx 2.7 2055.37 0.000143201 0.00325806 
../tests/avg_q3_576/avg10_0.mtx 2.8 3341.7 8.00371e-05 0.00174825 
../tests/avg_q3_576/avg10_0.mtx 2.9 5373.68 3.61606e-05 0.000963391 
../tests/avg_q3_576/avg10_0.mtx 3 0 -1 -1 
../tests/avg_q3_576/avg10_0.mtx 3.1 0 -1 -1 
../tests/avg_q3_576/avg10_0.mtx 3.2 0 -1 -1 
../tests/avg_q3_576/avg10_0.mtx 3.3 0 -1 -1 
../tests/avg_q3_576/avg10_0.mtx 3.4 0 -1 -1 
../tests/avg_q3_576/avg10_0.mtx 3.5 0 -1 -1 
../tests/avg_q3_576/avg1_0.mtx 1 87.5653 0.0606337 0.69 
../tests/avg_q3_576/avg1_0.mtx 1.1 81.7331 0.0533681 0.635 
../tests/avg_q3_576/avg1_0.mtx 1.2 77.2114 0.0430469 0.535 
../tests/avg_q3_576/avg1_0.mtx 1.3 97.0137 0.0323264 0.42 
../tests/avg_q3_576/avg1_0.mtx 1.4 91.88 0.0279225 0.366667 
../tests/avg_q3_576/avg1_0.mtx 1.5 101.082 0.0202517 0.2725 
../tests/avg_q3_576/avg1_0.mtx 1.6 126.71 0.0136892 0.191667 
../tests/avg_q3_576/avg1_0.mtx 1.7 131.99 0.0100248 0.142857 
../tests/avg_q3_576/avg1_0.mtx 1.8 164.816 0.00735764 0.103 
../tests/avg_q3_576/avg1_0.mtx 1.9 199.189 0.00500248 0.0728571 
../tests/avg_q3_576/avg1_0.mtx 2 272.635 0.00310681 0.047619 
../tests/avg_q3_576/avg1_0.mtx 2.1 377.089 0.00186989 0.0294118 
../tests/avg_q3_576/avg1_0.mtx 2.2 502.836 0.00125673 0.0208163 
../tests/avg_q3_576/avg1_0.mtx 2.3 641.443 0.000804811 0.0142857 
../tests/avg_q3_576/avg1_0.mtx 2.4 1149.58 0.000408047 0.00706294 
../tests/avg_q3_576/avg1_0.mtx 2.5 1565.93 0.000277129 0.00471963 
../tests/avg_q3_576/avg1_0.mtx 2.6 2101.67 0.000173235 0.00309598 
../tests/avg_q3_576/avg1_0.mtx 2.7 3135.63 9.34193e-05 0.0018315 
../tests/avg_q3_576/avg1_0.mtx 2.8 4830.54 5.60812e-05 0.0010661 
../tests/avg_q3_576/avg1_0.mtx 2.9 7018.39 3.09496e-05 0.000670691 
../tests/avg_q3_576/avg1_0.mtx 3 0 -1 -1 
../tests/avg_q3_576/avg1_0.mtx 3.1 0 -1 -1 
../tests/avg_q3_576/avg1_0.mtx 3.2 0 -1 -1 
../tests/avg_q3_576/avg1_0.mtx 3.3 0 -1 -1 
../tests/avg_q3_576/avg1_0.mtx 3.4 0 -1 -1 
../tests/avg_q3_576/avg1_0.mtx 3.5 0 -1 -1 
../tests/avg_q3_576/avg2_0.mtx 1 88.9564 0.0592882 0.7 
../tests/avg_q3_576/avg2_0.mtx 1.1 81.5525 0.0509115 0.61 
../tests/avg_q3_576/avg2_0.mtx 1.2 77.1512 0.0411545 0.51 
../tests/avg_q3_576/avg2_0.mtx 1.3 96.8489 0.0337674 0.43 
../tests/avg_q3_576/avg2_0.mtx 1.4 91.6749 0.0253067 0.35 
../tests/avg_q3_576/avg2_0.mtx 1.5 101.963 0.0196007 0.2675 
../tests/avg_q3_576/avg2_0.mtx 1.6 129 0.0131395 0.183333 
../tests/avg_q3_576/avg2_0.mtx 1.7 147.179 0.00873264 0.1325 
../tests/avg_q3_576/avg2_0.mtx 1.8 179.978 0.00682449 0.0972727 
../tests/avg_q3_576/avg2_0.mtx 1.9 210.851 0.00487971 0.0728571 
../tests/avg_q3_576/avg2_0.mtx 2 245.741 0.00365066 0.0572222 
../tests/avg_q3_576/avg2_0.mtx 2.1 349.314 0.00239104 0.0355172 
../tests/avg_q3_576/avg2_0.mtx 2.2 415.346 0.00163697 0.0265789 
../tests/avg_q3_576/avg2_0.mtx 2.3 676.927 0.000856647 0.0142857 
../tests/avg_q3_576/avg2_0.mtx 2.4 1049.48 0.000492361 0.00816 
../tests/avg_q3_576/avg2_0.mtx 2.5 1165.97 0.000378086 0.00653595 
../tests/avg_q3_576/avg2_0.mtx 2.6 1634.12 0.000236601 0.0042735 
../tests/avg_q3_576/avg2_0.mtx 2.7 2572.86 0.000130803 0.00236407 
../tests/avg_q3_576/avg2_0.mtx 2.8 3994.35 6.63725e-05 0.00134048 
../tests/avg_q3_576/avg2_0.mtx 2.9 6556.72 3.61626e-05 0.000734214 
../tests/avg_q3_576/avg2_0.mtx 3 0 -1 -1 
../tests/avg_q3_576/avg2_0.mtx 3.1 0 -1 -1 
../tests/avg_q3_576/avg2_0.mtx 3.2 0 -1 -1 
../tests/avg_q3_576/avg2_0.mtx 3.3 0 -1 -1 
../tests/avg_q3_576/avg2_0.mtx 3.4 0 -1 -1 
../tests/avg_q3_576/avg2_0.mtx 3.5 0 -1 -1 
../tests/avg_q3_576/avg3_0.mtx 1 84.3186 0.0575 0.675 
../tests/avg_q3_576/avg3_0.mtx 1.1 78.2508 0.050651 0.615 
../tests/avg_q3_576/avg3_0.mtx 1.2 75.6158 0.0421354 0.54 
../tests/avg_q3_576/avg3_0.mtx 1.3 96.7845 0.0329398 0.413333 
../tests/avg_q3_576/avg3_0.mtx 1.4 91.3996 0.027147 0.353333 
../tests/avg_q3_576/avg3_0.mtx 1.5 101.843 0.0201476 0.2725 
../tests/avg_q3_576/avg3_0.mtx 1.6 114.812 0.0157014 0.222 
../tests/avg_q3_576/avg3_0.mtx 1.7 143.359 0.0112599 0.162857 
../tests/avg_q3_576/avg3_0.mtx 1.8 144.354 0.00883029 0.135 
../tests/avg_q3_576/avg3_0.mtx 1.9 166.807 0.00727257 0.104 
../tests/avg_q3_576/avg3_0.mtx 2 210.112 0.00420602 0.0666667 
../tests/avg_q3_576/avg3_0.mtx 2.1 319.544 0.00242388 0.0392308 
../tests/avg_q3_576/avg3_0.mtx 2.2 417.656 0.00170702 0.0278378 
../tests/avg_q3_576/avg3_0.mtx 2.3 527.378 0.0010587 0.0192453 
../tests/avg_q3_576/avg3_0.mtx 2.4 760.418 0.000675858 0.0117647 
../tests/avg_q3_576/avg3_0.mtx 2.5 1073.67 0.000401916 0.0075188 
../tests/avg_q3_576/avg3_0.mtx 2.6 1535.74 0.000235707 0.00469767 
../tests/avg_q3_576/avg3_0.mtx 2.7 2355.6 0.000121344 0.0026455 
../tests/avg_q3_576/avg3_0.mtx 2.8 3590.2 6.71474e-05 0.00153846 
../tests/avg_q3_576/avg3_0.mtx 2.9 6011.11 3.37585e-05 0.000816327 
../tests/avg_q3_576/avg3_0.mtx 3 0 -1 -1 
../tests/avg_q3_576/avg3_0.mtx 3.1 0 -1 -1 
../tests/avg_q3_576/avg3_0.mtx 3.2 0 -1 -1 
../tests/avg_q3_576/avg3_0.mtx 3.3 0 -1 -1 
../tests/avg_q3_576/avg3_0.mtx 3.4 0 -1 -1 
../tests/avg_q3_576/avg3_0.mtx 3.5 0 -1 -1 
../tests/avg_q3_576/avg4_0.mtx 1 89.5862 0.0640451 0.73 
../tests/avg_q3_576/avg4_0.mtx 1.1 83.1716 0.0539323 0.635 
../tests/avg_q3_576/avg4_0.mtx 1.2 78.2523 0.0443142 0.535 
../tests/avg_q3_576/avg4_0.mtx 1.3 97.3332 0.0339236 0.433333 
../tests/avg_q3_576/avg4_0.mtx 1.4 91.9262 0.0267303 0.35 
../tests/avg_q3_576/avg4_0.mtx 1.5 102.494 0.0197396 0.2775 
../tests/avg_q3_576/avg4_0.mtx 1.6 135.633 0.0148843 0.203333 
../tests/avg_q3_576/avg4_0.mtx 1.7 138.626 0.011374 0.161429 
../tests/avg_q3_576/avg4_0.mtx 1.8 144.982 0.00870443 0.1275 
../tests/avg_q3_576/avg4_0.mtx 1.9 174.34 0.00634943 0.0927273 
../tests/avg_q3_576/avg4_0.mtx 2 214.036 0.00399074 0.0666667 
../tests/avg_q3_576/avg4_0.mtx 2.1 306.742 0.00237639 0.0412 
../tests/avg_q3_576/avg4_0.mtx 2.2 427.163 0.00137999 0.025641 
../tests/avg_q3_576/avg4_0.mtx 2.3 564.78 0.00105208 0.0185455 
../tests/avg_q3_576/avg4_0.mtx 2.4 715.038 0.000723148 0.0134667 
../tests/avg_q3_576/avg4_0.mtx 2.5 1061.23 0.000423934 0.00782946 
../tests/avg_q3_576/avg4_0.mtx 2.6 1566.81 0.000240439 0.00465753 
../tests/avg_q3_576/avg4_0.mtx 2.7 2289.34 0.000145987 0.00279006 
../tests/avg_q3_576/avg4_0.mtx 2.8 3144.56 8.65553e-05 0.0018018 
../tests/avg_q3_576/avg4_0.mtx 2.9 5053.24 4.27617e-05 0.000998004 
../tests/avg_q3_576/avg4_0.mtx 3 0 -1 -1 
../tests/avg_q3_576/avg4_0.mtx 3.1 0 -1 -1 
../tests/avg_q3_576/avg4_0.mtx 3.2 0 -1 -1 
../tests/avg_q3_576/avg4_0.mtx 3.3 0 -1 -1 
../tests/avg_q3_576/avg4_0.mtx 3.4 0 -1 -1 
../tests/avg_q3_576/avg4_0.mtx 3.5 0 -1 -1 
../tests/avg_q3_576/avg5_0.mtx 1 87.3288 0.0613021 0.7 
../tests/avg_q3_576/avg5_0.mtx 1.1 82.4495 0.0513455 0.625 
../tests/avg_q3_576/avg5_0.mtx 1.2 77.5314 0.0414497 0.525 
../tests/avg_q3_576/avg5_0.mtx 1.3 96.4448 0.0335012 0.443333 
../tests/avg_q3_576/avg5_0.mtx 1.4 93.1826 0.0277951 0.366667 
../tests/avg_q3_576/avg5_0.mtx 1.5 107.548 0.0220616 0.3 
../tests/avg_q3_576/avg5_0.mtx 1.6 116.627 0.0170174 0.236 
../tests/avg_q3_576/avg5_0.mtx 1.7 124.286 0.0128385 0.181667 
../tests/avg_q3_576/avg5_0.mtx 1.8 147.663 0.0100543 0.14375 
../tests/avg_q3_576/avg5_0.mtx 1.9 159.259 0.00778742 0.118889 
../tests/avg_q3_576/avg5_0.mtx 2 183.193 0.00552083 0.0866667 
../tests/avg_q3_576/avg5_0.mtx 2.1 241.215 0.00357253 0.0577778 
../tests/avg_q3_576/avg5_0.mtx 2.2 318.252 0.00242989 0.04 
../tests/avg_q3_576/avg5_0.mtx 2.3 488.622 0.0013179 0.0233333 
../tests/avg_q3_576/avg5_0.mtx 2.4 630.906 0.000775641 0.0155385 
../tests/avg_q3_576/avg5_0.mtx 2.5 937.691 0.000458875 0.00917431 
../tests/avg_q3_576/avg5_0.mtx 2.6 1406.84 0.000257896 0.00537634 
../tests/avg_q3_576/avg5_0.mtx 2.7 1761.28 0.000169187 0.003861 
../tests/avg_q3_576/avg5_0.mtx 2.8 2406.93 0.000119559 0.00257732 
../tests/avg_q3_576/avg5_0.mtx 2.9 3038.04 6.72178e-05 0.00187732 
../tests/avg_q3_576/avg5_0.mtx 3 5012.09 3.54551e-05 0.00100503 
../tests/avg_q3_576/avg5_0.mtx 3.1 6711.37 2.2203e-05 0.000692042 
../tests/avg_q3_576/avg5_0.mtx 3.2 0 -1 -1 
../tests/avg_q3_576/avg5_0.mtx 3.3 0 -1 -1 
../tests/avg_q3_576/avg5_0.mtx 3.4 0 -1 -1 
../tests/avg_q3_576/avg5_0.mtx 3.5 0 -1 -1 
../tests/avg_q3_576/avg6_0.mtx 1 91.2802 0.0614931 0.75 
../tests/avg_q3_576/avg6_0.mtx 1.1 87.5795 0.0545833 0.715 
../tests/avg_q3_576/avg6_0.mtx 1.2 81.2827 0.0455642 0.62 
../tests/avg_q3_576/avg6_0.mtx 1.3 77.3751 0.0366667 0.505 
../tests/avg_q3_576/avg6_0.mtx 1.4 99.5715 0.0307697 0.483333 
../tests/avg_q3_576/avg6_0.mtx 1.5 93.8876 0.024919 0.423333 
../tests/avg_q3_576/avg6_0.mtx 1.6 90.3092 0.0191493 0.336667 
../tests/avg_q3_576/avg6_0.mtx 1.7 104.454 0.0137413 0.285 
../tests/avg_q3_576/avg6_0.mtx 1.8 115.756 0.00976389 0.232 
../tests/avg_q3_576/avg6_0.mtx 1.9 125.235 0.00715567 0.195 
../tests/avg_q3_576/avg6_0.mtx 2 137.933 0.00524306 0.172857 
../tests/avg_q3_576/avg6_0.mtx 2.1 141.514 0.00374783 0.14125 
../tests/avg_q3_576/avg6_0.mtx 2.2 145.955 0.00285494 0.121111 
../tests/avg_q3_576/avg6_0.mtx 2.3 152.298 0.00203819 0.102 
../tests/avg_q3_576/avg6_0.mtx 2.4 170.883 0.00179977 0.0875 
../tests/avg_q3_576/avg6_0.mtx 2.5 184.042 0.00129941 0.0784615 
../tests/avg_q3_576/avg6_0.mtx 2.6 213.861 0.000949755 0.0629412 
../tests/avg_q3_576/avg6_0.mtx 2.7 216.086 0.000706983 0.0555556 
../tests/avg_q3_576/avg6_0.mtx 2.8 235.236 0.000584201 0.0515 
../tests/avg_q3_576/avg6_0.mtx 2.9 246.535 0.000467961 0.0454545 
../tests/avg_q3_576/avg6_0.mtx 3 289.157 0.000346579 0.0403704 
../tests/avg_q3_576/avg6_0.mtx 3.1 281.402 0.000330481 0.0357143 
../tests/avg_q3_576/avg6_0.mtx 3.2 303.989 0.000253136 0.0322581 
../tests/avg_q3_576/avg6_0.mtx 3.3 331.998 0.000231151 0.0297143 
../tests/avg_q3_576/avg6_0.mtx 3.4 336.412 0.000214433 0.027027 
../tests/avg_q3_576/avg6_0.mtx 3.5 392.147 0.00016807 0.0212766 
../tests/avg_q3_576/avg7_0.mtx 1 91.9825 0.0687326 0.775 
../tests/avg_q3_576/avg7_0.mtx 1.1 86.6565 0.0599306 0.71 
../tests/avg_q3_576/avg7_0.mtx 1.2 82.5316 0.0515451 0.64 
../tests/avg_q3_576/avg7_0.mtx 1.3 79.6882 0.0422309 0.525 
../tests/avg_q3_576/avg7_0.mtx 1.4 97.1916 0.0312442 0.406667 
../tests/avg_q3_576/avg7_0.mtx 1.5 91.3897 0.0256019 0.343333 
../tests/avg_q3_576/avg7_0.mtx 1.6 103.512 0.0197352 0.2775 
../tests/avg_q3_576/avg7_0.mtx 1.7 114.231 0.0145868 0.212 
../tests/avg_q3_576/avg7_0.mtx 1.8 141.785 0.0101215 0.161429 
../tests/avg_q3_576/avg7_0.mtx 1.9 157.114 0.00765046 0.12 
../tests/avg_q3_576/avg7_0.mtx 2 187.547 0.00509549 0.0875 
../tests/avg_q3_576/avg7_0.mtx 2.1 237.091 0.00339767 0.0594118 
../tests/avg_q3_576/avg7_0.mtx 2.2 297.471 0.00221716 0.0425 
../tests/avg_q3_576/avg7_0.mtx 2.3 397.414 0.00150347 0.0291429 
../tests/avg_q3_576/avg7_0.mtx 2.4 505.169 0.000935728 0.0206122 
../tests/avg_q3_576/avg7_0.mtx 2.5 691.42 0.000636574 0.0143056 
../tests/avg_q3_576/avg7_0.mtx 2.6 859.155 0.000438457 0.0102041 
../tests/avg_q3_576/avg7_0.mtx 2.7 1181.5 0.000279346 0.00645161 
../tests/avg_q3_576/avg7_0.mtx 2.8 1703.95 0.000152173 0.00404858 
../tests/avg_q3_576/avg7_0.mtx 2.9 2467.93 8.81715e-05 0.00253807 
../tests/avg_q3_576/avg7_0.mtx 3 3567.68 5.37977e-05 0.0015674 
../tests/avg_q3_576/avg7_0.mtx 3.1 5155.13 2.79236e-05 0.000976562 
../tests/avg_q3_576/avg7_0.mtx 3.2 0 -1 -1 
../tests/avg_q3_576/avg7_0.mtx 3.3 0 -1 -1 
../tests/avg_q3_576/avg7_0.mtx 3.4 0 -1 -1 
../tests/avg_q3_576/avg7_0.mtx 3.5 0 -1 -1 
../tests/avg_q3_576/avg8_0.mtx 1 88.5526 0.0607813 0.705 
../tests/avg_q3_576/avg8_0.mtx 1.1 82.7943 0.0523524 0.615 
../tests/avg_q3_576/avg8_0.mtx 1.2 79.2093 0.0442708 0.53 
../tests/avg_q3_576/avg8_0.mtx 1.3 100.435 0.0329919 0.41 
../tests/avg_q3_576/avg8_0.mtx 1.4 89.9701 0.0268634 0.34 
../tests/avg_q3_576/avg8_0.mtx 1.5 105.369 0.0202995 0.2725 
../tests/avg_q3_576/avg8_0.mtx 1.6 128.811 0.0141291 0.198333 
../tests/avg_q3_576/avg8_0.mtx 1.7 134.981 0.0103423 0.151429 
../tests/avg_q3_576/avg8_0.mtx 1.8 152.363 0.00819637 0.12 
../tests/avg_q3_576/avg8_0.mtx 1.9 190.227 0.00596644 0.0858333 
../tests/avg_q3_576/avg8_0.mtx 2 223.782 0.00421332 0.065 
../tests/avg_q3_576/avg8_0.mtx 2.1 308.52 0.00269931 0.0408 
../tests/avg_q3_576/avg8_0.mtx 2.2 396.515 0.0016999 0.0288571 
../tests/avg_q3_576/avg8_0.mtx 2.3 552.744 0.00102278 0.0175439 
../tests/avg_q3_576/avg8_0.mtx 2.4 784.891 0.00063447 0.0114773 
../tests/avg_q3_576/avg8_0.mtx 2.5 1305.32 0.000308109 0.00588235 
../tests/avg_q3_576/avg8_0.mtx 2.6 1806.31 0.000185469 0.00377358 
../tests/avg_q3_576/avg8_0.mtx 2.7 2425.06 0.000128325 0.00249377 
../tests/avg_q3_576/avg8_0.mtx 2.8 4185.26 6.83566e-05 0.00127877 
../tests/avg_q3_576/avg8_0.mtx 2.9 7249 3.13805e-05 0.000659196 
../tests/avg_q3_576/avg8_0.mtx 3 0 -1 -1 
../tests/avg_q3_576/avg8_0.mtx 3.1 0 -1 -1 
../tests/avg_q3_576/avg8_0.mtx 3.2 0 -1 -1 
../tests/avg_q3_576/avg8_0.mtx 3.3 0 -1 -1 
../tests/avg_q3_576/avg8_0.mtx 3.4 0 -1 -1 
../tests/avg_q3_576/avg8_0.mtx 3.5 0 -1 -1 
../tests/avg_q3_576/avg9_0.mtx 1 84.991 0.062066 0.72 
../tests/avg_q3_576/avg9_0.mtx 1.1 81.8452 0.0553299 0.675 
../tests/avg_q3_576/avg9_0.mtx 1.2 78.9177 0.0465191 0.58 
../tests/avg_q3_576/avg9_0.mtx 1.3 76.0961 0.0398611 0.51 
../tests/avg_q3_576/avg9_0.mtx 1.4 93.6105 0.0299537 0.386667 
../tests/avg_q3_576/avg9_0.mtx 1.5 111.516 0.0253299 0.3325 
../tests/avg_q3_576/avg9_0.mtx 1.6 101.631 0.0198481 0.2675 
../tests/avg_q3_576/avg9_0.mtx 1.7 112.266 0.0150417 0.212 
../tests/avg_q3_576/avg9_0.mtx 1.8 133.122 0.0112475 0.158571 
../tests/avg_q3_576/avg9_0.mtx 1.9 167.927 0.00759375 0.107 
../tests/avg_q3_576/avg9_0.mtx 2 218.159 0.00457407 0.07 
../tests/avg_q3_576/avg9_0.mtx 2.1 263.631 0.00292989 0.047619 
../tests/avg_q3_576/avg9_0.mtx 2.2 357.889 0.00194387 0.0336667 
../tests/avg_q3_576/avg9_0.mtx 2.3 478.826 0.00121415 0.0217391 
../tests/avg_q3_576/avg9_0.mtx 2.4 692.138 0.00070899 0.0135135 
../tests/avg_q3_576/avg9_0.mtx 2.5 1144.7 0.000367029 0.00711268 
../tests/avg_q3_576/avg9_0.mtx 2.6 1511.94 0.000226282 0.00483092 
../tests/avg_q3_576/avg9_0.mtx 2.7 1903.58 0.000170758 0.0034965 
../tests/avg_q3_576/avg9_0.mtx 2.8 2361.98 0.000127181 0.00258974 
../tests/avg_q3_576/avg9_0.mtx 2.9 3610.57 6.41026e-05 0.00149408 
../tests/avg_q3_576/avg9_0.mtx 3 7342.38 2.98475e-05 0.000651466 
../tests/avg_q3_576/avg9_0.mtx 3.1 0 -1 -1 
../tests/avg_q3_576/avg9_0.mtx 3.2 0 -1 -1 
../tests/avg_q3_576/avg9_0.mtx 3.3 0 -1 -1 
../tests/avg_q3_576/avg9_0.mtx 3.4 0 -1 -1 
../tests/avg_q3_576/avg9_0.mtx 3.5 0 -1 -1 
