Results
Filename SNR Time(ms) BER FER
../tests/avg_g4_576/avg10_0.mtx 1 157.585 0.103351 0.945 
../tests/avg_g4_576/avg10_0.mtx 1.1 143.553 0.0960503 0.905 
../tests/avg_g4_576/avg10_0.mtx 1.2 130.125 0.0871875 0.855 
../tests/avg_g4_576/avg10_0.mtx 1.3 126.85 0.0775434 0.775 
../tests/avg_g4_576/avg10_0.mtx 1.4 113.924 0.0666927 0.68 
../tests/avg_g4_576/avg10_0.mtx 1.5 107.501 0.0594271 0.615 
../tests/avg_g4_576/avg10_0.mtx 1.6 102.573 0.0501476 0.525 
../tests/avg_g4_576/avg10_0.mtx 1.7 135.55 0.0407407 0.45 
../tests/avg_g4_576/avg10_0.mtx 1.8 129.378 0.0325174 0.37 
../tests/avg_g4_576/avg10_0.mtx 1.9 147.049 0.0247439 0.29 
../tests/avg_g4_576/avg10_0.mtx 2 147.599 0.0179826 0.218 
../tests/avg_g4_576/avg10_0.mtx 2.1 181.073 0.0126538 0.151429 
../tests/avg_g4_576/avg10_0.mtx 2.2 205.432 0.0102469 0.122222 
../tests/avg_g4_576/avg10_0.mtx 2.3 269.193 0.00656918 0.0776923 
../tests/avg_g4_576/avg10_0.mtx 2.4 361.808 0.00411111 0.05 
../tests/avg_g4_576/avg10_0.mtx 2.5 522.2 0.00276378 0.033871 
../tests/avg_g4_576/avg10_0.mtx 2.6 755.247 0.00151828 0.0192453 
../tests/avg_g4_576/avg10_0.mtx 2.7 1168.33 0.000809998 0.0108602 
../tests/avg_g4_576/avg10_0.mtx 2.8 1670.91 0.000509106 0.00662252 
../tests/avg_g4_576/avg10_0.mtx 2.9 2415.96 0.000292051 0.00395257 
../tests/avg_g4_576/avg10_0.mtx 3 3863.55 0.000161668 0.0021978 
../tests/avg_g4_576/avg10_0.mtx 3.1 5689.57 9.16394e-05 0.00130719 
../tests/avg_g4_576/avg10_0.mtx 3.2 10274.8 4.57411e-05 0.000635324 
../tests/avg_g4_576/avg10_0.mtx 3.3 0 -1 -1 
../tests/avg_g4_576/avg10_0.mtx 3.4 0 -1 -1 
../tests/avg_g4_576/avg10_0.mtx 3.5 0 -1 -1 
../tests/avg_g4_576/avg1_0.mtx 1 132.871 0.105278 0.94 
../tests/avg_g4_576/avg1_0.mtx 1.1 132.111 0.0976649 0.905 
../tests/avg_g4_576/avg1_0.mtx 1.2 131.025 0.0894531 0.84 
../tests/avg_g4_576/avg1_0.mtx 1.3 125.068 0.0829427 0.81 
../tests/avg_g4_576/avg1_0.mtx 1.4 121.266 0.0747917 0.76 
../tests/avg_g4_576/avg1_0.mtx 1.5 114.506 0.0678299 0.71 
../tests/avg_g4_576/avg1_0.mtx 1.6 108.13 0.060191 0.655 
../tests/avg_g4_576/avg1_0.mtx 1.7 106.216 0.0474392 0.52 
../tests/avg_g4_576/avg1_0.mtx 1.8 123.678 0.0362326 0.396667 
../tests/avg_g4_576/avg1_0.mtx 1.9 117.38 0.0301852 0.346667 
../tests/avg_g4_576/avg1_0.mtx 2 139.996 0.0214323 0.26 
../tests/avg_g4_576/avg1_0.mtx 2.1 186.52 0.0136062 0.165714 
../tests/avg_g4_576/avg1_0.mtx 2.2 220.819 0.00988426 0.115556 
../tests/avg_g4_576/avg1_0.mtx 2.3 258.389 0.0070327 0.0908333 
../tests/avg_g4_576/avg1_0.mtx 2.4 354.15 0.00429094 0.0531579 
../tests/avg_g4_576/avg1_0.mtx 2.5 490.791 0.00263715 0.034 
../tests/avg_g4_576/avg1_0.mtx 2.6 674.575 0.0016875 0.0222222 
../tests/avg_g4_576/avg1_0.mtx 2.7 1022.21 0.000989132 0.012987 
../tests/avg_g4_576/avg1_0.mtx 2.8 1607.68 0.000542659 0.00728571 
../tests/avg_g4_576/avg1_0.mtx 2.9 2297.85 0.000312059 0.00423729 
../tests/avg_g4_576/avg1_0.mtx 3 3554.44 0.000174851 0.00238095 
../tests/avg_g4_576/avg1_0.mtx 3.1 6133.41 8.30007e-05 0.0011976 
../tests/avg_g4_576/avg1_0.mtx 3.2 10703.9 4.42159e-05 0.000608273 
../tests/avg_g4_576/avg1_0.mtx 3.3 0 -1 -1 
../tests/avg_g4_576/avg1_0.mtx 3.4 0 -1 -1 
../tests/avg_g4_576/avg1_0.mtx 3.5 0 -1 -1 
../tests/avg_g4_576/avg2_0.mtx 1 134.659 0.105972 0.955 
../tests/avg_g4_576/avg2_0.mtx 1.1 135.672 0.0990451 0.92 
../tests/avg_g4_576/avg2_0.mtx 1.2 134.231 0.0904601 0.885 
../tests/avg_g4_576/avg2_0.mtx 1.3 131.764 0.0832031 0.825 
../tests/avg_g4_576/avg2_0.mtx 1.4 121.749 0.0729427 0.74 
../tests/avg_g4_576/avg2_0.mtx 1.5 111.564 0.0589583 0.625 
../tests/avg_g4_576/avg2_0.mtx 1.6 102.935 0.050191 0.53 
../tests/avg_g4_576/avg2_0.mtx 1.7 135.611 0.0404803 0.44 
../tests/avg_g4_576/avg2_0.mtx 1.8 127.652 0.0340509 0.383333 
../tests/avg_g4_576/avg2_0.mtx 1.9 146.063 0.0259418 0.315 
../tests/avg_g4_576/avg2_0.mtx 2 161.266 0.0177361 0.212 
../tests/avg_g4_576/avg2_0.mtx 2.1 188.188 0.0137897 0.165714 
../tests/avg_g4_576/avg2_0.mtx 2.2 231.565 0.00888889 0.106 
../tests/avg_g4_576/avg2_0.mtx 2.3 283.751 0.00604787 0.0764286 
../tests/avg_g4_576/avg2_0.mtx 2.4 408.219 0.00373422 0.0454545 
../tests/avg_g4_576/avg2_0.mtx 2.5 530.591 0.00246752 0.0325806 
../tests/avg_g4_576/avg2_0.mtx 2.6 749.513 0.00152674 0.0204 
../tests/avg_g4_576/avg2_0.mtx 2.7 1240.64 0.000801977 0.0102041 
../tests/avg_g4_576/avg2_0.mtx 2.8 1734.28 0.000491008 0.00653846 
../tests/avg_g4_576/avg2_0.mtx 2.9 2690.68 0.000261549 0.00362319 
../tests/avg_g4_576/avg2_0.mtx 3 3664.89 0.000163876 0.00233645 
../tests/avg_g4_576/avg2_0.mtx 3.1 7748.09 6.4621e-05 0.000951475 
../tests/avg_g4_576/avg2_0.mtx 3.2 0 -1 -1 
../tests/avg_g4_576/avg2_0.mtx 3.3 0 -1 -1 
../tests/avg_g4_576/avg2_0.mtx 3.4 0 -1 -1 
../tests/avg_g4_576/avg2_0.mtx 3.5 0 -1 -1 
../tests/avg_g4_576/avg3_0.mtx 1 135.453 0.103264 0.92 
../tests/avg_g4_576/avg3_0.mtx 1.1 128.917 0.0978038 0.895 
../tests/avg_g4_576/avg3_0.mtx 1.2 130.9 0.0905035 0.865 
../tests/avg_g4_576/avg3_0.mtx 1.3 126.344 0.0833507 0.825 
../tests/avg_g4_576/avg3_0.mtx 1.4 120.536 0.0736111 0.755 
../tests/avg_g4_576/avg3_0.mtx 1.5 109.562 0.0639236 0.665 
../tests/avg_g4_576/avg3_0.mtx 1.6 104.438 0.0551389 0.595 
../tests/avg_g4_576/avg3_0.mtx 1.7 136.049 0.0414641 0.466667 
../tests/avg_g4_576/avg3_0.mtx 1.8 128.634 0.0345833 0.406667 
../tests/avg_g4_576/avg3_0.mtx 1.9 150.067 0.0264627 0.305 
../tests/avg_g4_576/avg3_0.mtx 2 151.388 0.0179028 0.212 
../tests/avg_g4_576/avg3_0.mtx 2.1 170.014 0.0148553 0.178333 
../tests/avg_g4_576/avg3_0.mtx 2.2 205.906 0.0103234 0.1325 
../tests/avg_g4_576/avg3_0.mtx 2.3 260.583 0.00692274 0.085 
../tests/avg_g4_576/avg3_0.mtx 2.4 395.193 0.00386739 0.05 
../tests/avg_g4_576/avg3_0.mtx 2.5 490.294 0.00271065 0.0333333 
../tests/avg_g4_576/avg3_0.mtx 2.6 681.84 0.0017078 0.0226087 
../tests/avg_g4_576/avg3_0.mtx 2.7 1045.05 0.000990885 0.012625 
../tests/avg_g4_576/avg3_0.mtx 2.8 1424 0.000608203 0.00813008 
../tests/avg_g4_576/avg3_0.mtx 2.9 2318.58 0.000316709 0.004329 
../tests/avg_g4_576/avg3_0.mtx 3 3576.82 0.000176428 0.00242131 
../tests/avg_g4_576/avg3_0.mtx 3.1 5840.11 9.07482e-05 0.00129032 
../tests/avg_g4_576/avg3_0.mtx 3.2 10198.2 4.38183e-05 0.000655738 
../tests/avg_g4_576/avg3_0.mtx 3.3 0 -1 -1 
../tests/avg_g4_576/avg3_0.mtx 3.4 0 -1 -1 
../tests/avg_g4_576/avg3_0.mtx 3.5 0 -1 -1 
../tests/avg_g4_576/avg4_0.mtx 1 133.72 0.100017 0.905 
../tests/avg_g4_576/avg4_0.mtx 1.1 134.721 0.0920312 0.865 
../tests/avg_g4_576/avg4_0.mtx 1.2 124.877 0.0853733 0.825 
../tests/avg_g4_576/avg4_0.mtx 1.3 125.901 0.0767187 0.755 
../tests/avg_g4_576/avg4_0.mtx 1.4 114.877 0.0667882 0.67 
../tests/avg_g4_576/avg4_0.mtx 1.5 108.856 0.0575608 0.59 
../tests/avg_g4_576/avg4_0.mtx 1.6 101.682 0.0476215 0.5 
../tests/avg_g4_576/avg4_0.mtx 1.7 133.405 0.0375058 0.42 
../tests/avg_g4_576/avg4_0.mtx 1.8 124.692 0.031059 0.356667 
../tests/avg_g4_576/avg4_0.mtx 1.9 135.905 0.0233116 0.265 
../tests/avg_g4_576/avg4_0.mtx 2 155.14 0.0179931 0.204 
../tests/avg_g4_576/avg4_0.mtx 2.1 186.347 0.0132168 0.16 
../tests/avg_g4_576/avg4_0.mtx 2.2 208.852 0.00995563 0.118889 
../tests/avg_g4_576/avg4_0.mtx 2.3 254.157 0.00681279 0.0841667 
../tests/avg_g4_576/avg4_0.mtx 2.4 374.883 0.00421181 0.053 
../tests/avg_g4_576/avg4_0.mtx 2.5 532.996 0.0024783 0.0315625 
../tests/avg_g4_576/avg4_0.mtx 2.6 726.744 0.0015361 0.0208333 
../tests/avg_g4_576/avg4_0.mtx 2.7 1074.05 0.000884559 0.0123457 
../tests/avg_g4_576/avg4_0.mtx 2.8 1688.46 0.000456091 0.00694444 
../tests/avg_g4_576/avg4_0.mtx 2.9 2256.18 0.000322375 0.00463303 
../tests/avg_g4_576/avg4_0.mtx 3 3805.09 0.000159314 0.00235294 
../tests/avg_g4_576/avg4_0.mtx 3.1 5094.07 0.000107092 0.00157566 
../tests/avg_g4_576/avg4_0.mtx 3.2 7196.63 6.11503e-05 0.00098912 
../tests/avg_g4_576/avg4_0.mtx 3.3 0 -1 -1 
../tests/avg_g4_576/avg4_0.mtx 3.4 0 -1 -1 
../tests/avg_g4_576/avg4_0.mtx 3.5 0 -1 -1 
../tests/avg_g4_576/avg5_0.mtx 1 135.549 0.101858 0.92 
../tests/avg_g4_576/avg5_0.mtx 1.1 129.122 0.0950434 0.885 
../tests/avg_g4_576/avg5_0.mtx 1.2 133.265 0.089592 0.845 
../tests/avg_g4_576/avg5_0.mtx 1.3 125.138 0.0805556 0.795 
../tests/avg_g4_576/avg5_0.mtx 1.4 119.713 0.0723264 0.73 
../tests/avg_g4_576/avg5_0.mtx 1.5 113.631 0.0631771 0.665 
../tests/avg_g4_576/avg5_0.mtx 1.6 103.063 0.0544097 0.58 
../tests/avg_g4_576/avg5_0.mtx 1.7 103.09 0.0472743 0.52 
../tests/avg_g4_576/avg5_0.mtx 1.8 127.257 0.0345139 0.386667 
../tests/avg_g4_576/avg5_0.mtx 1.9 141.918 0.0257161 0.29 
../tests/avg_g4_576/avg5_0.mtx 2 148.867 0.0176007 0.206 
../tests/avg_g4_576/avg5_0.mtx 2.1 163.023 0.0146238 0.178333 
../tests/avg_g4_576/avg5_0.mtx 2.2 212.177 0.00979553 0.118889 
../tests/avg_g4_576/avg5_0.mtx 2.3 253.795 0.00744502 0.0883333 
../tests/avg_g4_576/avg5_0.mtx 2.4 316.461 0.00446283 0.0588235 
../tests/avg_g4_576/avg5_0.mtx 2.5 451.502 0.00270255 0.0377778 
../tests/avg_g4_576/avg5_0.mtx 2.6 666.304 0.00168017 0.0222222 
../tests/avg_g4_576/avg5_0.mtx 2.7 982.832 0.000982076 0.0137838 
../tests/avg_g4_576/avg5_0.mtx 2.8 1582.29 0.000517981 0.00728571 
../tests/avg_g4_576/avg5_0.mtx 2.9 2333.8 0.000315222 0.00427966 
../tests/avg_g4_576/avg5_0.mtx 3 3951.68 0.000153519 0.00215517 
../tests/avg_g4_576/avg5_0.mtx 3.1 6584.17 7.61938e-05 0.00113483 
../tests/avg_g4_576/avg5_0.mtx 3.2 11332.4 3.72024e-05 0.000578369 
../tests/avg_g4_576/avg5_0.mtx 3.3 0 -1 -1 
../tests/avg_g4_576/avg5_0.mtx 3.4 0 -1 -1 
../tests/avg_g4_576/avg5_0.mtx 3.5 0 -1 -1 
../tests/avg_g4_576/avg6_0.mtx 1 131.649 0.103229 0.94 
../tests/avg_g4_576/avg6_0.mtx 1.1 133.15 0.0953819 0.9 
../tests/avg_g4_576/avg6_0.mtx 1.2 128.901 0.0867448 0.845 
../tests/avg_g4_576/avg6_0.mtx 1.3 129.476 0.0792535 0.8 
../tests/avg_g4_576/avg6_0.mtx 1.4 126.016 0.0695573 0.73 
../tests/avg_g4_576/avg6_0.mtx 1.5 109.935 0.0605816 0.64 
../tests/avg_g4_576/avg6_0.mtx 1.6 105.043 0.0509201 0.55 
../tests/avg_g4_576/avg6_0.mtx 1.7 138.633 0.0419329 0.466667 
../tests/avg_g4_576/avg6_0.mtx 1.8 133.24 0.0342419 0.396667 
../tests/avg_g4_576/avg6_0.mtx 1.9 146.204 0.0265408 0.3025 
../tests/avg_g4_576/avg6_0.mtx 2 159.465 0.0183229 0.22 
../tests/avg_g4_576/avg6_0.mtx 2.1 191.122 0.0134921 0.162857 
../tests/avg_g4_576/avg6_0.mtx 2.2 220.771 0.00915123 0.112222 
../tests/avg_g4_576/avg6_0.mtx 2.3 297.654 0.00612847 0.0728571 
../tests/avg_g4_576/avg6_0.mtx 2.4 397.082 0.00385022 0.0472727 
../tests/avg_g4_576/avg6_0.mtx 2.5 485.376 0.00287442 0.0353333 
../tests/avg_g4_576/avg6_0.mtx 2.6 634.71 0.00172704 0.0229545 
../tests/avg_g4_576/avg6_0.mtx 2.7 1050.48 0.000929141 0.0125926 
../tests/avg_g4_576/avg6_0.mtx 2.8 1671.78 0.000471587 0.00666667 
../tests/avg_g4_576/avg6_0.mtx 2.9 2380.01 0.000294859 0.0041129 
../tests/avg_g4_576/avg6_0.mtx 3 3772.87 0.000160898 0.00221239 
../tests/avg_g4_576/avg6_0.mtx 3.1 5722.42 9.63963e-05 0.00127877 
../tests/avg_g4_576/avg6_0.mtx 3.2 9441.84 4.77962e-05 0.000680272 
../tests/avg_g4_576/avg6_0.mtx 3.3 0 -1 -1 
../tests/avg_g4_576/avg6_0.mtx 3.4 0 -1 -1 
../tests/avg_g4_576/avg6_0.mtx 3.5 0 -1 -1 
../tests/avg_g4_576/avg7_0.mtx 1 135.627 0.103785 0.92 
../tests/avg_g4_576/avg7_0.mtx 1.1 133.146 0.0967622 0.89 
../tests/avg_g4_576/avg7_0.mtx 1.2 130.835 0.0910851 0.88 
../tests/avg_g4_576/avg7_0.mtx 1.3 129.409 0.0806163 0.825 
../tests/avg_g4_576/avg7_0.mtx 1.4 124.9 0.0709028 0.755 
../tests/avg_g4_576/avg7_0.mtx 1.5 115.723 0.0621788 0.7 
../tests/avg_g4_576/avg7_0.mtx 1.6 109.839 0.0529601 0.645 
../tests/avg_g4_576/avg7_0.mtx 1.7 103.683 0.0437413 0.56 
../tests/avg_g4_576/avg7_0.mtx 1.8 131.53 0.0333044 0.416667 
../tests/avg_g4_576/avg7_0.mtx 1.9 121.038 0.029184 0.393333 
../tests/avg_g4_576/avg7_0.mtx 2 143.749 0.0222873 0.3175 
../tests/avg_g4_576/avg7_0.mtx 2.1 133.348 0.0166797 0.265 
../tests/avg_g4_576/avg7_0.mtx 2.2 151.78 0.0122986 0.208 
../tests/avg_g4_576/avg7_0.mtx 2.3 161.712 0.00992477 0.18 
../tests/avg_g4_576/avg7_0.mtx 2.4 166.799 0.00702381 0.147143 
../tests/avg_g4_576/avg7_0.mtx 2.5 180.777 0.00484158 0.12875 
../tests/avg_g4_576/avg7_0.mtx 2.6 219.357 0.00262847 0.103 
../tests/avg_g4_576/avg7_0.mtx 2.7 248.595 0.00201534 0.0883333 
../tests/avg_g4_576/avg7_0.mtx 2.8 265.63 0.00143601 0.0742857 
../tests/avg_g4_576/avg7_0.mtx 2.9 286.761 0.000890842 0.0625 
../tests/avg_g4_576/avg7_0.mtx 3 281.578 0.00108864 0.0588235 
../tests/avg_g4_576/avg7_0.mtx 3.1 339.759 0.000476641 0.0472727 
../tests/avg_g4_576/avg7_0.mtx 3.2 347.313 0.000293561 0.0459091 
../tests/avg_g4_576/avg7_0.mtx 3.3 359.824 0.000264034 0.0425 
../tests/avg_g4_576/avg7_0.mtx 3.4 371.521 0.000351896 0.0384615 
../tests/avg_g4_576/avg7_0.mtx 3.5 429.167 0.000297454 0.0343333 
../tests/avg_g4_576/avg8_0.mtx 1 132.648 0.102274 0.93 
../tests/avg_g4_576/avg8_0.mtx 1.1 132.191 0.093941 0.89 
../tests/avg_g4_576/avg8_0.mtx 1.2 129.582 0.0848872 0.82 
../tests/avg_g4_576/avg8_0.mtx 1.3 124.856 0.0765278 0.765 
../tests/avg_g4_576/avg8_0.mtx 1.4 118.655 0.0693142 0.735 
../tests/avg_g4_576/avg8_0.mtx 1.5 113.453 0.0617795 0.675 
../tests/avg_g4_576/avg8_0.mtx 1.6 105.24 0.0512413 0.58 
../tests/avg_g4_576/avg8_0.mtx 1.7 140.823 0.0414583 0.47 
../tests/avg_g4_576/avg8_0.mtx 1.8 122.448 0.0336169 0.376667 
../tests/avg_g4_576/avg8_0.mtx 1.9 143.433 0.0258116 0.295 
../tests/avg_g4_576/avg8_0.mtx 2 154.714 0.0192292 0.224 
../tests/avg_g4_576/avg8_0.mtx 2.1 190.978 0.0129985 0.16 
../tests/avg_g4_576/avg8_0.mtx 2.2 239.215 0.00916667 0.11 
../tests/avg_g4_576/avg8_0.mtx 2.3 293.728 0.00613715 0.0785714 
../tests/avg_g4_576/avg8_0.mtx 2.4 372.487 0.00415022 0.0531579 
../tests/avg_g4_576/avg8_0.mtx 2.5 497.653 0.00246759 0.0336667 
../tests/avg_g4_576/avg8_0.mtx 2.6 726.236 0.00155069 0.02 
../tests/avg_g4_576/avg8_0.mtx 2.7 1048.07 0.000985677 0.013 
../tests/avg_g4_576/avg8_0.mtx 2.8 1700.98 0.000515841 0.00653595 
../tests/avg_g4_576/avg8_0.mtx 2.9 2444.8 0.000282868 0.00401606 
../tests/avg_g4_576/avg8_0.mtx 3 3621.19 0.00017948 0.00237089 
../tests/avg_g4_576/avg8_0.mtx 3.1 6791.25 7.47315e-05 0.00107991 
../tests/avg_g4_576/avg8_0.mtx 3.2 11033.6 4.16027e-05 0.000594177 
../tests/avg_g4_576/avg8_0.mtx 3.3 0 -1 -1 
../tests/avg_g4_576/avg8_0.mtx 3.4 0 -1 -1 
../tests/avg_g4_576/avg8_0.mtx 3.5 0 -1 -1 
../tests/avg_g4_576/avg9_0.mtx 1 134.161 0.106771 0.935 
../tests/avg_g4_576/avg9_0.mtx 1.1 132.83 0.099592 0.91 
../tests/avg_g4_576/avg9_0.mtx 1.2 132.878 0.0918229 0.865 
../tests/avg_g4_576/avg9_0.mtx 1.3 128.948 0.0849653 0.84 
../tests/avg_g4_576/avg9_0.mtx 1.4 132.098 0.0759462 0.78 
../tests/avg_g4_576/avg9_0.mtx 1.5 114.984 0.0639323 0.665 
../tests/avg_g4_576/avg9_0.mtx 1.6 105.744 0.052908 0.555 
../tests/avg_g4_576/avg9_0.mtx 1.7 138.127 0.0425463 0.466667 
../tests/avg_g4_576/avg9_0.mtx 1.8 131.739 0.0349132 0.396667 
../tests/avg_g4_576/avg9_0.mtx 1.9 148.618 0.0286806 0.33 
../tests/avg_g4_576/avg9_0.mtx 2 157.083 0.0197083 0.236 
../tests/avg_g4_576/avg9_0.mtx 2.1 166.79 0.0143953 0.171667 
../tests/avg_g4_576/avg9_0.mtx 2.2 216.908 0.00994985 0.123333 
../tests/avg_g4_576/avg9_0.mtx 2.3 255.43 0.00704572 0.0833333 
../tests/avg_g4_576/avg9_0.mtx 2.4 323.988 0.00467933 0.0588235 
../tests/avg_g4_576/avg9_0.mtx 2.5 457.945 0.00308694 0.0396154 
../tests/avg_g4_576/avg9_0.mtx 2.6 671.324 0.00177833 0.0236364 
../tests/avg_g4_576/avg9_0.mtx 2.7 1024.73 0.000950855 0.0128205 
../tests/avg_g4_576/avg9_0.mtx 2.8 1628.5 0.000473828 0.00680272 
../tests/avg_g4_576/avg9_0.mtx 2.9 2111.3 0.000313535 0.00458716 
../tests/avg_g4_576/avg9_0.mtx 3 3975.62 0.000153139 0.002125 
../tests/avg_g4_576/avg9_0.mtx 3.1 7297.11 6.97307e-05 0.000969932 
../tests/avg_g4_576/avg9_0.mtx 3.2 0 -1 -1 
../tests/avg_g4_576/avg9_0.mtx 3.3 0 -1 -1 
../tests/avg_g4_576/avg9_0.mtx 3.4 0 -1 -1 
../tests/avg_g4_576/avg9_0.mtx 3.5 0 -1 -1 
