Results
Filename SNR Time(ms) BER FER
../tests/avg_r4_576/avg10_0.mtx 1 221.687 0.0967274 0.905 
../tests/avg_r4_576/avg10_0.mtx 1.1 140.953 0.0866146 0.84 
../tests/avg_r4_576/avg10_0.mtx 1.2 125.907 0.0767535 0.75 
../tests/avg_r4_576/avg10_0.mtx 1.3 118.976 0.0694705 0.705 
../tests/avg_r4_576/avg10_0.mtx 1.4 106.905 0.0586458 0.61 
../tests/avg_r4_576/avg10_0.mtx 1.5 104.759 0.0517187 0.545 
../tests/avg_r4_576/avg10_0.mtx 1.6 132.894 0.0395775 0.436667 
../tests/avg_r4_576/avg10_0.mtx 1.7 125.21 0.0318345 0.36 
../tests/avg_r4_576/avg10_0.mtx 1.8 138.471 0.0227257 0.26 
../tests/avg_r4_576/avg10_0.mtx 1.9 149.24 0.0174653 0.208 
../tests/avg_r4_576/avg10_0.mtx 2 180.903 0.0126786 0.147143 
../tests/avg_r4_576/avg10_0.mtx 2.1 227.037 0.00890625 0.107 
../tests/avg_r4_576/avg10_0.mtx 2.2 297.434 0.00596478 0.0735714 
../tests/avg_r4_576/avg10_0.mtx 2.3 396.545 0.0036119 0.0459091 
../tests/avg_r4_576/avg10_0.mtx 2.4 594.263 0.00203399 0.0263158 
../tests/avg_r4_576/avg10_0.mtx 2.5 809.749 0.00128766 0.0171186 
../tests/avg_r4_576/avg10_0.mtx 2.6 1115.55 0.000884844 0.0110989 
../tests/avg_r4_576/avg10_0.mtx 2.7 1687.27 0.000460515 0.00641026 
../tests/avg_r4_576/avg10_0.mtx 2.8 2691.24 0.000262279 0.00346021 
../tests/avg_r4_576/avg10_0.mtx 2.9 4998.84 0.000114948 0.00160828 
../tests/avg_r4_576/avg10_0.mtx 3 7076.88 6.31708e-05 0.001001 
../tests/avg_r4_576/avg10_0.mtx 3.1 13505.6 2.79344e-05 0.0004649 
../tests/avg_r4_576/avg10_0.mtx 3.2 0 -1 -1 
../tests/avg_r4_576/avg10_0.mtx 3.3 0 -1 -1 
../tests/avg_r4_576/avg10_0.mtx 3.4 0 -1 -1 
../tests/avg_r4_576/avg10_0.mtx 3.5 0 -1 -1 
../tests/avg_r4_576/avg10_0.mtx 3.6 0 -1 -1 
../tests/avg_r4_576/avg10_0.mtx 3.7 0 -1 -1 
../tests/avg_r4_576/avg10_0.mtx 3.8 0 -1 -1 
../tests/avg_r4_576/avg10_0.mtx 3.9 0 -1 -1 
../tests/avg_r4_576/avg10_0.mtx 4 0 -1 -1 
../tests/avg_r4_576/avg10_0.mtx 4.1 0 -1 -1 
../tests/avg_r4_576/avg10_0.mtx 4.2 0 -1 -1 
../tests/avg_r4_576/avg10_0.mtx 4.3 0 -1 -1 
../tests/avg_r4_576/avg10_0.mtx 4.4 0 -1 -1 
../tests/avg_r4_576/avg10_0.mtx 4.5 0 -1 -1 
../tests/avg_r4_576/avg10_0.mtx 4.6 0 -1 -1 
../tests/avg_r4_576/avg10_0.mtx 4.7 0 -1 -1 
../tests/avg_r4_576/avg10_0.mtx 4.8 0 -1 -1 
../tests/avg_r4_576/avg10_0.mtx 4.9 0 -1 -1 
../tests/avg_r4_576/avg10_0.mtx 5 0 -1 -1 
../tests/avg_r4_576/avg1_0.mtx 1 111.051 0.0786892 0.82 
../tests/avg_r4_576/avg1_0.mtx 1.1 105.341 0.0681684 0.73 
../tests/avg_r4_576/avg1_0.mtx 1.2 95.384 0.0576563 0.62 
../tests/avg_r4_576/avg1_0.mtx 1.3 90.3194 0.0491667 0.56 
../tests/avg_r4_576/avg1_0.mtx 1.4 116.977 0.0404398 0.47 
../tests/avg_r4_576/avg1_0.mtx 1.5 111.464 0.032662 0.393333 
../tests/avg_r4_576/avg1_0.mtx 1.6 128.12 0.0279384 0.325 
../tests/avg_r4_576/avg1_0.mtx 1.7 118.205 0.0221137 0.2675 
../tests/avg_r4_576/avg1_0.mtx 1.8 150.764 0.0149797 0.188333 
../tests/avg_r4_576/avg1_0.mtx 1.9 154.734 0.011245 0.144286 
../tests/avg_r4_576/avg1_0.mtx 2 218.064 0.00732165 0.0945455 
../tests/avg_r4_576/avg1_0.mtx 2.1 264.721 0.00491102 0.064375 
../tests/avg_r4_576/avg1_0.mtx 2.2 348.719 0.00293764 0.0416667 
../tests/avg_r4_576/avg1_0.mtx 2.3 541.977 0.0017594 0.0243902 
../tests/avg_r4_576/avg1_0.mtx 2.4 740.837 0.00101373 0.015625 
../tests/avg_r4_576/avg1_0.mtx 2.5 1002.31 0.000697988 0.0102041 
../tests/avg_r4_576/avg1_0.mtx 2.6 1572.28 0.000401401 0.00574713 
../tests/avg_r4_576/avg1_0.mtx 2.7 2259.82 0.00023471 0.00350877 
../tests/avg_r4_576/avg1_0.mtx 2.8 2987.99 0.000142246 0.00235849 
../tests/avg_r4_576/avg1_0.mtx 2.9 5666.36 6.52929e-05 0.00108696 
../tests/avg_r4_576/avg1_0.mtx 3 8805.71 3.72999e-05 0.000634518 
../tests/avg_r4_576/avg1_0.mtx 3.1 0 -1 -1 
../tests/avg_r4_576/avg1_0.mtx 3.2 0 -1 -1 
../tests/avg_r4_576/avg1_0.mtx 3.3 0 -1 -1 
../tests/avg_r4_576/avg1_0.mtx 3.4 0 -1 -1 
../tests/avg_r4_576/avg1_0.mtx 3.5 0 -1 -1 
../tests/avg_r4_576/avg1_0.mtx 3.6 0 -1 -1 
../tests/avg_r4_576/avg1_0.mtx 3.7 0 -1 -1 
../tests/avg_r4_576/avg1_0.mtx 3.8 0 -1 -1 
../tests/avg_r4_576/avg1_0.mtx 3.9 0 -1 -1 
../tests/avg_r4_576/avg1_0.mtx 4 0 -1 -1 
../tests/avg_r4_576/avg1_0.mtx 4.1 0 -1 -1 
../tests/avg_r4_576/avg1_0.mtx 4.2 0 -1 -1 
../tests/avg_r4_576/avg1_0.mtx 4.3 0 -1 -1 
../tests/avg_r4_576/avg1_0.mtx 4.4 0 -1 -1 
../tests/avg_r4_576/avg1_0.mtx 4.5 0 -1 -1 
../tests/avg_r4_576/avg1_0.mtx 4.6 0 -1 -1 
../tests/avg_r4_576/avg1_0.mtx 4.7 0 -1 -1 
../tests/avg_r4_576/avg1_0.mtx 4.8 0 -1 -1 
../tests/avg_r4_576/avg1_0.mtx 4.9 0 -1 -1 
../tests/avg_r4_576/avg1_0.mtx 5 0 -1 -1 
../tests/avg_r4_576/avg2_0.mtx 1 101.502 0.0701736 0.715 
../tests/avg_r4_576/avg2_0.mtx 1.1 93.0804 0.0609635 0.645 
../tests/avg_r4_576/avg2_0.mtx 1.2 87.3377 0.0528906 0.57 
../tests/avg_r4_576/avg2_0.mtx 1.3 113.396 0.0464178 0.513333 
../tests/avg_r4_576/avg2_0.mtx 1.4 106.59 0.0376157 0.433333 
../tests/avg_r4_576/avg2_0.mtx 1.5 102.713 0.0306192 0.363333 
../tests/avg_r4_576/avg2_0.mtx 1.6 118.249 0.0233333 0.275 
../tests/avg_r4_576/avg2_0.mtx 1.7 147.268 0.0157697 0.186667 
../tests/avg_r4_576/avg2_0.mtx 1.8 170.174 0.0120074 0.14125 
../tests/avg_r4_576/avg2_0.mtx 1.9 188.214 0.00837847 0.105 
../tests/avg_r4_576/avg2_0.mtx 2 234.434 0.00603547 0.0778571 
../tests/avg_r4_576/avg2_0.mtx 2.1 306.238 0.00365972 0.0505 
../tests/avg_r4_576/avg2_0.mtx 2.2 466.04 0.00215519 0.0280556 
../tests/avg_r4_576/avg2_0.mtx 2.3 651.68 0.001312 0.0180357 
../tests/avg_r4_576/avg2_0.mtx 2.4 924.271 0.000799391 0.0114607 
../tests/avg_r4_576/avg2_0.mtx 2.5 1270.79 0.00047562 0.00719424 
../tests/avg_r4_576/avg2_0.mtx 2.6 2084.31 0.000262443 0.00389105 
../tests/avg_r4_576/avg2_0.mtx 2.7 3288.46 0.000141316 0.00215054 
../tests/avg_r4_576/avg2_0.mtx 2.8 5604.41 6.86361e-05 0.00110865 
../tests/avg_r4_576/avg2_0.mtx 2.9 10527 3.06944e-05 0.000533333 
../tests/avg_r4_576/avg2_0.mtx 3 0 -1 -1 
../tests/avg_r4_576/avg2_0.mtx 3.1 0 -1 -1 
../tests/avg_r4_576/avg2_0.mtx 3.2 0 -1 -1 
../tests/avg_r4_576/avg2_0.mtx 3.3 0 -1 -1 
../tests/avg_r4_576/avg2_0.mtx 3.4 0 -1 -1 
../tests/avg_r4_576/avg2_0.mtx 3.5 0 -1 -1 
../tests/avg_r4_576/avg2_0.mtx 3.6 0 -1 -1 
../tests/avg_r4_576/avg2_0.mtx 3.7 0 -1 -1 
../tests/avg_r4_576/avg2_0.mtx 3.8 0 -1 -1 
../tests/avg_r4_576/avg2_0.mtx 3.9 0 -1 -1 
../tests/avg_r4_576/avg2_0.mtx 4 0 -1 -1 
../tests/avg_r4_576/avg2_0.mtx 4.1 0 -1 -1 
../tests/avg_r4_576/avg2_0.mtx 4.2 0 -1 -1 
../tests/avg_r4_576/avg2_0.mtx 4.3 0 -1 -1 
../tests/avg_r4_576/avg2_0.mtx 4.4 0 -1 -1 
../tests/avg_r4_576/avg2_0.mtx 4.5 0 -1 -1 
../tests/avg_r4_576/avg2_0.mtx 4.6 0 -1 -1 
../tests/avg_r4_576/avg2_0.mtx 4.7 0 -1 -1 
../tests/avg_r4_576/avg2_0.mtx 4.8 0 -1 -1 
../tests/avg_r4_576/avg2_0.mtx 4.9 0 -1 -1 
../tests/avg_r4_576/avg2_0.mtx 5 0 -1 -1 
../tests/avg_r4_576/avg3_0.mtx 1 109.21 0.0792361 0.78 
../tests/avg_r4_576/avg3_0.mtx 1.1 106.492 0.0719097 0.74 
../tests/avg_r4_576/avg3_0.mtx 1.2 96.6996 0.0611806 0.635 
../tests/avg_r4_576/avg3_0.mtx 1.3 90.3335 0.0502951 0.535 
../tests/avg_r4_576/avg3_0.mtx 1.4 114.27 0.0392245 0.413333 
../tests/avg_r4_576/avg3_0.mtx 1.5 105.24 0.0323264 0.353333 
../tests/avg_r4_576/avg3_0.mtx 1.6 123.537 0.0274479 0.3025 
../tests/avg_r4_576/avg3_0.mtx 1.7 134.486 0.0207396 0.238 
../tests/avg_r4_576/avg3_0.mtx 1.8 148.283 0.0163137 0.191667 
../tests/avg_r4_576/avg3_0.mtx 1.9 170.248 0.0106597 0.12875 
../tests/avg_r4_576/avg3_0.mtx 2 196.652 0.00775868 0.101 
../tests/avg_r4_576/avg3_0.mtx 2.1 282.621 0.00458435 0.0594118 
../tests/avg_r4_576/avg3_0.mtx 2.2 414.629 0.00254572 0.034 
../tests/avg_r4_576/avg3_0.mtx 2.3 548.921 0.00170745 0.0232558 
../tests/avg_r4_576/avg3_0.mtx 2.4 785.879 0.00104422 0.0147059 
../tests/avg_r4_576/avg3_0.mtx 2.5 1190.36 0.000626812 0.00869565 
../tests/avg_r4_576/avg3_0.mtx 2.6 2031.62 0.000269358 0.00429185 
../tests/avg_r4_576/avg3_0.mtx 2.7 2887.62 0.000171702 0.0026178 
../tests/avg_r4_576/avg3_0.mtx 2.8 5004.05 8.61422e-05 0.00131752 
../tests/avg_r4_576/avg3_0.mtx 2.9 8383.69 4.52264e-05 0.00070028 
../tests/avg_r4_576/avg3_0.mtx 3 0 -1 -1 
../tests/avg_r4_576/avg3_0.mtx 3.1 0 -1 -1 
../tests/avg_r4_576/avg3_0.mtx 3.2 0 -1 -1 
../tests/avg_r4_576/avg3_0.mtx 3.3 0 -1 -1 
../tests/avg_r4_576/avg3_0.mtx 3.4 0 -1 -1 
../tests/avg_r4_576/avg3_0.mtx 3.5 0 -1 -1 
../tests/avg_r4_576/avg3_0.mtx 3.6 0 -1 -1 
../tests/avg_r4_576/avg3_0.mtx 3.7 0 -1 -1 
../tests/avg_r4_576/avg3_0.mtx 3.8 0 -1 -1 
../tests/avg_r4_576/avg3_0.mtx 3.9 0 -1 -1 
../tests/avg_r4_576/avg3_0.mtx 4 0 -1 -1 
../tests/avg_r4_576/avg3_0.mtx 4.1 0 -1 -1 
../tests/avg_r4_576/avg3_0.mtx 4.2 0 -1 -1 
../tests/avg_r4_576/avg3_0.mtx 4.3 0 -1 -1 
../tests/avg_r4_576/avg3_0.mtx 4.4 0 -1 -1 
../tests/avg_r4_576/avg3_0.mtx 4.5 0 -1 -1 
../tests/avg_r4_576/avg3_0.mtx 4.6 0 -1 -1 
../tests/avg_r4_576/avg3_0.mtx 4.7 0 -1 -1 
../tests/avg_r4_576/avg3_0.mtx 4.8 0 -1 -1 
../tests/avg_r4_576/avg3_0.mtx 4.9 0 -1 -1 
../tests/avg_r4_576/avg3_0.mtx 5 0 -1 -1 
../tests/avg_r4_576/avg4_0.mtx 1 116.405 0.0864583 0.85 
../tests/avg_r4_576/avg4_0.mtx 1.1 116.205 0.0767622 0.795 
../tests/avg_r4_576/avg4_0.mtx 1.2 104.216 0.0659028 0.69 
../tests/avg_r4_576/avg4_0.mtx 1.3 96.2741 0.0557552 0.605 
../tests/avg_r4_576/avg4_0.mtx 1.4 92.7488 0.0453819 0.5 
../tests/avg_r4_576/avg4_0.mtx 1.5 119.777 0.037309 0.426667 
../tests/avg_r4_576/avg4_0.mtx 1.6 110.803 0.029919 0.346667 
../tests/avg_r4_576/avg4_0.mtx 1.7 123.756 0.0203082 0.2525 
../tests/avg_r4_576/avg4_0.mtx 1.8 150.521 0.0158767 0.196667 
../tests/avg_r4_576/avg4_0.mtx 1.9 184.284 0.0106359 0.13125 
../tests/avg_r4_576/avg4_0.mtx 2 197.082 0.00814063 0.106 
../tests/avg_r4_576/avg4_0.mtx 2.1 267.948 0.00572222 0.0733333 
../tests/avg_r4_576/avg4_0.mtx 2.2 350.761 0.00336174 0.0454545 
../tests/avg_r4_576/avg4_0.mtx 2.3 492.898 0.00206404 0.0283333 
../tests/avg_r4_576/avg4_0.mtx 2.4 749.702 0.00113631 0.016129 
../tests/avg_r4_576/avg4_0.mtx 2.5 1095.9 0.000662037 0.00952381 
../tests/avg_r4_576/avg4_0.mtx 2.6 1529.55 0.000421168 0.00617284 
../tests/avg_r4_576/avg4_0.mtx 2.7 2122.78 0.000266642 0.00398406 
../tests/avg_r4_576/avg4_0.mtx 2.8 3211.9 0.000152436 0.00228833 
../tests/avg_r4_576/avg4_0.mtx 2.9 5450.08 7.09622e-05 0.0011976 
../tests/avg_r4_576/avg4_0.mtx 3 10263.1 3.48296e-05 0.000562114 
../tests/avg_r4_576/avg4_0.mtx 3.1 0 -1 -1 
../tests/avg_r4_576/avg4_0.mtx 3.2 0 -1 -1 
../tests/avg_r4_576/avg4_0.mtx 3.3 0 -1 -1 
../tests/avg_r4_576/avg4_0.mtx 3.4 0 -1 -1 
../tests/avg_r4_576/avg4_0.mtx 3.5 0 -1 -1 
../tests/avg_r4_576/avg4_0.mtx 3.6 0 -1 -1 
../tests/avg_r4_576/avg4_0.mtx 3.7 0 -1 -1 
../tests/avg_r4_576/avg4_0.mtx 3.8 0 -1 -1 
../tests/avg_r4_576/avg4_0.mtx 3.9 0 -1 -1 
../tests/avg_r4_576/avg4_0.mtx 4 0 -1 -1 
../tests/avg_r4_576/avg4_0.mtx 4.1 0 -1 -1 
../tests/avg_r4_576/avg4_0.mtx 4.2 0 -1 -1 
../tests/avg_r4_576/avg4_0.mtx 4.3 0 -1 -1 
../tests/avg_r4_576/avg4_0.mtx 4.4 0 -1 -1 
../tests/avg_r4_576/avg4_0.mtx 4.5 0 -1 -1 
../tests/avg_r4_576/avg4_0.mtx 4.6 0 -1 -1 
../tests/avg_r4_576/avg4_0.mtx 4.7 0 -1 -1 
../tests/avg_r4_576/avg4_0.mtx 4.8 0 -1 -1 
../tests/avg_r4_576/avg4_0.mtx 4.9 0 -1 -1 
../tests/avg_r4_576/avg4_0.mtx 5 0 -1 -1 
../tests/avg_r4_576/avg5_0.mtx 1 115.418 0.0818316 0.83 
../tests/avg_r4_576/avg5_0.mtx 1.1 115.702 0.0729948 0.775 
../tests/avg_r4_576/avg5_0.mtx 1.2 102.942 0.0621007 0.67 
../tests/avg_r4_576/avg5_0.mtx 1.3 97.8881 0.0537413 0.59 
../tests/avg_r4_576/avg5_0.mtx 1.4 125.414 0.0445602 0.496667 
../tests/avg_r4_576/avg5_0.mtx 1.5 114.184 0.034265 0.383333 
../tests/avg_r4_576/avg5_0.mtx 1.6 110.649 0.0286343 0.336667 
../tests/avg_r4_576/avg5_0.mtx 1.7 146.251 0.0201285 0.238 
../tests/avg_r4_576/avg5_0.mtx 1.8 151.155 0.0165191 0.201667 
../tests/avg_r4_576/avg5_0.mtx 1.9 163.974 0.0124157 0.148571 
../tests/avg_r4_576/avg5_0.mtx 2 202.029 0.00785417 0.102 
../tests/avg_r4_576/avg5_0.mtx 2.1 258.614 0.00535069 0.0693333 
../tests/avg_r4_576/avg5_0.mtx 2.2 317.087 0.00392535 0.05 
../tests/avg_r4_576/avg5_0.mtx 2.3 473.23 0.00227073 0.0294118 
../tests/avg_r4_576/avg5_0.mtx 2.4 681.23 0.00132285 0.0178571 
../tests/avg_r4_576/avg5_0.mtx 2.5 892.74 0.000852388 0.0121951 
../tests/avg_r4_576/avg5_0.mtx 2.6 1368.84 0.000515565 0.00703448 
../tests/avg_r4_576/avg5_0.mtx 2.7 2028.22 0.000289088 0.00414938 
../tests/avg_r4_576/avg5_0.mtx 2.8 3120.24 0.000171343 0.0023753 
../tests/avg_r4_576/avg5_0.mtx 2.9 5173.25 8.31177e-05 0.00124224 
../tests/avg_r4_576/avg5_0.mtx 3 9125.52 3.9144e-05 0.000625782 
../tests/avg_r4_576/avg5_0.mtx 3.1 0 -1 -1 
../tests/avg_r4_576/avg5_0.mtx 3.2 0 -1 -1 
../tests/avg_r4_576/avg5_0.mtx 3.3 0 -1 -1 
../tests/avg_r4_576/avg5_0.mtx 3.4 0 -1 -1 
../tests/avg_r4_576/avg5_0.mtx 3.5 0 -1 -1 
../tests/avg_r4_576/avg5_0.mtx 3.6 0 -1 -1 
../tests/avg_r4_576/avg5_0.mtx 3.7 0 -1 -1 
../tests/avg_r4_576/avg5_0.mtx 3.8 0 -1 -1 
../tests/avg_r4_576/avg5_0.mtx 3.9 0 -1 -1 
../tests/avg_r4_576/avg5_0.mtx 4 0 -1 -1 
../tests/avg_r4_576/avg5_0.mtx 4.1 0 -1 -1 
../tests/avg_r4_576/avg5_0.mtx 4.2 0 -1 -1 
../tests/avg_r4_576/avg5_0.mtx 4.3 0 -1 -1 
../tests/avg_r4_576/avg5_0.mtx 4.4 0 -1 -1 
../tests/avg_r4_576/avg5_0.mtx 4.5 0 -1 -1 
../tests/avg_r4_576/avg5_0.mtx 4.6 0 -1 -1 
../tests/avg_r4_576/avg5_0.mtx 4.7 0 -1 -1 
../tests/avg_r4_576/avg5_0.mtx 4.8 0 -1 -1 
../tests/avg_r4_576/avg5_0.mtx 4.9 0 -1 -1 
../tests/avg_r4_576/avg5_0.mtx 5 0 -1 -1 
../tests/avg_r4_576/avg6_0.mtx 1 120.047 0.0879514 0.855 
../tests/avg_r4_576/avg6_0.mtx 1.1 115.653 0.078125 0.78 
../tests/avg_r4_576/avg6_0.mtx 1.2 108.985 0.0688715 0.705 
../tests/avg_r4_576/avg6_0.mtx 1.3 103.616 0.0603299 0.63 
../tests/avg_r4_576/avg6_0.mtx 1.4 96.9294 0.0528472 0.585 
../tests/avg_r4_576/avg6_0.mtx 1.5 121.608 0.0398553 0.446667 
../tests/avg_r4_576/avg6_0.mtx 1.6 114.251 0.0319502 0.366667 
../tests/avg_r4_576/avg6_0.mtx 1.7 138.96 0.0249349 0.2925 
../tests/avg_r4_576/avg6_0.mtx 1.8 144.223 0.0184653 0.222 
../tests/avg_r4_576/avg6_0.mtx 1.9 153.968 0.0142014 0.173333 
../tests/avg_r4_576/avg6_0.mtx 2 212.74 0.0101177 0.124444 
../tests/avg_r4_576/avg6_0.mtx 2.1 249.937 0.00716435 0.0891667 
../tests/avg_r4_576/avg6_0.mtx 2.2 297.64 0.00480086 0.0594118 
../tests/avg_r4_576/avg6_0.mtx 2.3 477.653 0.00270945 0.0329032 
../tests/avg_r4_576/avg6_0.mtx 2.4 600.092 0.0017977 0.0238095 
../tests/avg_r4_576/avg6_0.mtx 2.5 921.978 0.00097668 0.0136486 
../tests/avg_r4_576/avg6_0.mtx 2.6 1427.5 0.000540299 0.00757576 
../tests/avg_r4_576/avg6_0.mtx 2.7 1901.99 0.000326562 0.005 
../tests/avg_r4_576/avg6_0.mtx 2.8 2909.4 0.000187888 0.00289398 
../tests/avg_r4_576/avg6_0.mtx 2.9 4750.75 9.6837e-05 0.00154083 
../tests/avg_r4_576/avg6_0.mtx 3 10113.2 4.18658e-05 0.00063012 
../tests/avg_r4_576/avg6_0.mtx 3.1 0 -1 -1 
../tests/avg_r4_576/avg6_0.mtx 3.2 0 -1 -1 
../tests/avg_r4_576/avg6_0.mtx 3.3 0 -1 -1 
../tests/avg_r4_576/avg6_0.mtx 3.4 0 -1 -1 
../tests/avg_r4_576/avg6_0.mtx 3.5 0 -1 -1 
../tests/avg_r4_576/avg6_0.mtx 3.6 0 -1 -1 
../tests/avg_r4_576/avg6_0.mtx 3.7 0 -1 -1 
../tests/avg_r4_576/avg6_0.mtx 3.8 0 -1 -1 
../tests/avg_r4_576/avg6_0.mtx 3.9 0 -1 -1 
../tests/avg_r4_576/avg6_0.mtx 4 0 -1 -1 
../tests/avg_r4_576/avg6_0.mtx 4.1 0 -1 -1 
../tests/avg_r4_576/avg6_0.mtx 4.2 0 -1 -1 
../tests/avg_r4_576/avg6_0.mtx 4.3 0 -1 -1 
../tests/avg_r4_576/avg6_0.mtx 4.4 0 -1 -1 
../tests/avg_r4_576/avg6_0.mtx 4.5 0 -1 -1 
../tests/avg_r4_576/avg6_0.mtx 4.6 0 -1 -1 
../tests/avg_r4_576/avg6_0.mtx 4.7 0 -1 -1 
../tests/avg_r4_576/avg6_0.mtx 4.8 0 -1 -1 
../tests/avg_r4_576/avg6_0.mtx 4.9 0 -1 -1 
../tests/avg_r4_576/avg6_0.mtx 5 0 -1 -1 
../tests/avg_r4_576/avg7_0.mtx 1 124.911 0.0813194 0.815 
../tests/avg_r4_576/avg7_0.mtx 1.1 118.239 0.0718924 0.74 
../tests/avg_r4_576/avg7_0.mtx 1.2 106.02 0.0623611 0.68 
../tests/avg_r4_576/avg7_0.mtx 1.3 100.911 0.0526562 0.56 
../tests/avg_r4_576/avg7_0.mtx 1.4 132.087 0.0429398 0.483333 
../tests/avg_r4_576/avg7_0.mtx 1.5 122.714 0.0332697 0.383333 
../tests/avg_r4_576/avg7_0.mtx 1.6 144.295 0.0284115 0.325 
../tests/avg_r4_576/avg7_0.mtx 1.7 130.046 0.0230816 0.2725 
../tests/avg_r4_576/avg7_0.mtx 1.8 152.268 0.0179653 0.22 
../tests/avg_r4_576/avg7_0.mtx 1.9 179.834 0.0127207 0.157143 
../tests/avg_r4_576/avg7_0.mtx 2 225.046 0.00862153 0.102 
../tests/avg_r4_576/avg7_0.mtx 2.1 246.338 0.00675926 0.0841667 
../tests/avg_r4_576/avg7_0.mtx 2.2 374.216 0.00390129 0.0495238 
../tests/avg_r4_576/avg7_0.mtx 2.3 424.606 0.00303352 0.0403846 
../tests/avg_r4_576/avg7_0.mtx 2.4 594.75 0.0018479 0.0243902 
../tests/avg_r4_576/avg7_0.mtx 2.5 912.836 0.000995129 0.0138889 
../tests/avg_r4_576/avg7_0.mtx 2.6 1448.11 0.000519124 0.00765152 
../tests/avg_r4_576/avg7_0.mtx 2.7 2664.16 0.000243779 0.00347222 
../tests/avg_r4_576/avg7_0.mtx 2.8 3633.99 0.000160453 0.00226244 
../tests/avg_r4_576/avg7_0.mtx 2.9 4720.05 0.000100813 0.00155763 
../tests/avg_r4_576/avg7_0.mtx 3 8844.02 4.76656e-05 0.000744048 
../tests/avg_r4_576/avg7_0.mtx 3.1 0 -1 -1 
../tests/avg_r4_576/avg7_0.mtx 3.2 0 -1 -1 
../tests/avg_r4_576/avg7_0.mtx 3.3 0 -1 -1 
../tests/avg_r4_576/avg7_0.mtx 3.4 0 -1 -1 
../tests/avg_r4_576/avg7_0.mtx 3.5 0 -1 -1 
../tests/avg_r4_576/avg7_0.mtx 3.6 0 -1 -1 
../tests/avg_r4_576/avg7_0.mtx 3.7 0 -1 -1 
../tests/avg_r4_576/avg7_0.mtx 3.8 0 -1 -1 
../tests/avg_r4_576/avg7_0.mtx 3.9 0 -1 -1 
../tests/avg_r4_576/avg7_0.mtx 4 0 -1 -1 
../tests/avg_r4_576/avg7_0.mtx 4.1 0 -1 -1 
../tests/avg_r4_576/avg7_0.mtx 4.2 0 -1 -1 
../tests/avg_r4_576/avg7_0.mtx 4.3 0 -1 -1 
../tests/avg_r4_576/avg7_0.mtx 4.4 0 -1 -1 
../tests/avg_r4_576/avg7_0.mtx 4.5 0 -1 -1 
../tests/avg_r4_576/avg7_0.mtx 4.6 0 -1 -1 
../tests/avg_r4_576/avg7_0.mtx 4.7 0 -1 -1 
../tests/avg_r4_576/avg7_0.mtx 4.8 0 -1 -1 
../tests/avg_r4_576/avg7_0.mtx 4.9 0 -1 -1 
../tests/avg_r4_576/avg7_0.mtx 5 0 -1 -1 
../tests/avg_r4_576/avg8_0.mtx 1 123.042 0.0855556 0.83 
../tests/avg_r4_576/avg8_0.mtx 1.1 120.565 0.0754601 0.775 
../tests/avg_r4_576/avg8_0.mtx 1.2 115.324 0.0662934 0.7 
../tests/avg_r4_576/avg8_0.mtx 1.3 103.81 0.0556684 0.605 
../tests/avg_r4_576/avg8_0.mtx 1.4 102.033 0.0459549 0.51 
../tests/avg_r4_576/avg8_0.mtx 1.5 123.606 0.0378009 0.43 
../tests/avg_r4_576/avg8_0.mtx 1.6 116.216 0.028316 0.336667 
../tests/avg_r4_576/avg8_0.mtx 1.7 160.74 0.0208542 0.252 
../tests/avg_r4_576/avg8_0.mtx 1.8 169.358 0.0149624 0.181667 
../tests/avg_r4_576/avg8_0.mtx 1.9 196.322 0.0112326 0.14 
../tests/avg_r4_576/avg8_0.mtx 2 218.747 0.00855208 0.112 
../tests/avg_r4_576/avg8_0.mtx 2.1 264.225 0.00626603 0.0784615 
../tests/avg_r4_576/avg8_0.mtx 2.2 336.159 0.00419773 0.0552632 
../tests/avg_r4_576/avg8_0.mtx 2.3 456.947 0.0026808 0.0358621 
../tests/avg_r4_576/avg8_0.mtx 2.4 687.77 0.00154653 0.0206 
../tests/avg_r4_576/avg8_0.mtx 2.5 871.607 0.00101711 0.0142857 
../tests/avg_r4_576/avg8_0.mtx 2.6 1371.54 0.000515893 0.00813008 
../tests/avg_r4_576/avg8_0.mtx 2.7 2188.54 0.000293007 0.00438596 
../tests/avg_r4_576/avg8_0.mtx 2.8 3397.02 0.000138417 0.00246914 
../tests/avg_r4_576/avg8_0.mtx 2.9 4901.23 7.70929e-05 0.00152439 
../tests/avg_r4_576/avg8_0.mtx 3 7715.61 4.02248e-05 0.000847458 
../tests/avg_r4_576/avg8_0.mtx 3.1 0 -1 -1 
../tests/avg_r4_576/avg8_0.mtx 3.2 0 -1 -1 
../tests/avg_r4_576/avg8_0.mtx 3.3 0 -1 -1 
../tests/avg_r4_576/avg8_0.mtx 3.4 0 -1 -1 
../tests/avg_r4_576/avg8_0.mtx 3.5 0 -1 -1 
../tests/avg_r4_576/avg8_0.mtx 3.6 0 -1 -1 
../tests/avg_r4_576/avg8_0.mtx 3.7 0 -1 -1 
../tests/avg_r4_576/avg8_0.mtx 3.8 0 -1 -1 
../tests/avg_r4_576/avg8_0.mtx 3.9 0 -1 -1 
../tests/avg_r4_576/avg8_0.mtx 4 0 -1 -1 
../tests/avg_r4_576/avg8_0.mtx 4.1 0 -1 -1 
../tests/avg_r4_576/avg8_0.mtx 4.2 0 -1 -1 
../tests/avg_r4_576/avg8_0.mtx 4.3 0 -1 -1 
../tests/avg_r4_576/avg8_0.mtx 4.4 0 -1 -1 
../tests/avg_r4_576/avg8_0.mtx 4.5 0 -1 -1 
../tests/avg_r4_576/avg8_0.mtx 4.6 0 -1 -1 
../tests/avg_r4_576/avg8_0.mtx 4.7 0 -1 -1 
../tests/avg_r4_576/avg8_0.mtx 4.8 0 -1 -1 
../tests/avg_r4_576/avg8_0.mtx 4.9 0 -1 -1 
../tests/avg_r4_576/avg8_0.mtx 5 0 -1 -1 
../tests/avg_r4_576/avg9_0.mtx 1 122.467 0.080408 0.8 
../tests/avg_r4_576/avg9_0.mtx 1.1 121.424 0.0727778 0.76 
../tests/avg_r4_576/avg9_0.mtx 1.2 110.42 0.0637934 0.71 
../tests/avg_r4_576/avg9_0.mtx 1.3 104.112 0.0551128 0.635 
../tests/avg_r4_576/avg9_0.mtx 1.4 96.4819 0.0445486 0.52 
../tests/avg_r4_576/avg9_0.mtx 1.5 122.16 0.032147 0.376667 
../tests/avg_r4_576/avg9_0.mtx 1.6 146.564 0.0265799 0.3275 
../tests/avg_r4_576/avg9_0.mtx 1.7 152.599 0.0179236 0.208 
../tests/avg_r4_576/avg9_0.mtx 1.8 164.379 0.014945 0.176667 
../tests/avg_r4_576/avg9_0.mtx 1.9 191.785 0.0115386 0.13875 
../tests/avg_r4_576/avg9_0.mtx 2 212.265 0.00823438 0.108 
../tests/avg_r4_576/avg9_0.mtx 2.1 277.048 0.00576885 0.0764286 
../tests/avg_r4_576/avg9_0.mtx 2.2 305.712 0.00429126 0.0594118 
../tests/avg_r4_576/avg9_0.mtx 2.3 436.598 0.00256076 0.0357143 
../tests/avg_r4_576/avg9_0.mtx 2.4 606.914 0.00150678 0.0237209 
../tests/avg_r4_576/avg9_0.mtx 2.5 781.774 0.000827072 0.0165574 
../tests/avg_r4_576/avg9_0.mtx 2.6 953.297 0.000674666 0.0127848 
../tests/avg_r4_576/avg9_0.mtx 2.7 1163.08 0.000360725 0.00944444 
../tests/avg_r4_576/avg9_0.mtx 2.8 1439.01 0.000184447 0.00684564 
../tests/avg_r4_576/avg9_0.mtx 2.9 1780.26 9.32515e-05 0.00495049 
../tests/avg_r4_576/avg9_0.mtx 3 1808.98 7.03047e-05 0.0045045 
../tests/avg_r4_576/avg9_0.mtx 3.1 2050.49 4.3277e-05 0.00362319 
../tests/avg_r4_576/avg9_0.mtx 3.2 2405.78 2.98592e-05 0.00280112 
../tests/avg_r4_576/avg9_0.mtx 3.3 2506.93 1.4906e-05 0.00252525 
../tests/avg_r4_576/avg9_0.mtx 3.4 2692.18 1.17521e-05 0.00221978 
../tests/avg_r4_576/avg9_0.mtx 3.5 3048.31 9.96598e-06 0.00182815 
../tests/avg_r4_576/avg9_0.mtx 3.6 3382.78 7.92806e-06 0.00154799 
../tests/avg_r4_576/avg9_0.mtx 3.7 3618.87 7.05445e-06 0.00137741 
../tests/avg_r4_576/avg9_0.mtx 3.8 4116.97 5.85295e-06 0.00113895 
../tests/avg_r4_576/avg9_0.mtx 3.9 4446.04 5.18216e-06 0.00100503 
../tests/avg_r4_576/avg9_0.mtx 4 4677.75 4.44749e-06 0.000914913 
../tests/avg_r4_576/avg9_0.mtx 4.1 0 -1 -1 
../tests/avg_r4_576/avg9_0.mtx 4.2 0 -1 -1 
../tests/avg_r4_576/avg9_0.mtx 4.3 0 -1 -1 
../tests/avg_r4_576/avg9_0.mtx 4.4 0 -1 -1 
../tests/avg_r4_576/avg9_0.mtx 4.5 0 -1 -1 
../tests/avg_r4_576/avg9_0.mtx 4.6 0 -1 -1 
../tests/avg_r4_576/avg9_0.mtx 4.7 0 -1 -1 
../tests/avg_r4_576/avg9_0.mtx 4.8 0 -1 -1 
../tests/avg_r4_576/avg9_0.mtx 4.9 0 -1 -1 
../tests/avg_r4_576/avg9_0.mtx 5 0 -1 -1 
