Results
Filename SNR Time(ms) BER FER
../tests/avg_q3_2304/avg10_0.mtx 1 440.029 0.0562934 0.76 
../tests/avg_q3_2304/avg10_0.mtx 1.1 408.374 0.0438151 0.65 
../tests/avg_q3_2304/avg10_0.mtx 1.2 488.563 0.0304297 0.485 
../tests/avg_q3_2304/avg10_0.mtx 1.3 458.229 0.0178689 0.285 
../tests/avg_q3_2304/avg10_0.mtx 1.4 514.961 0.0115148 0.196667 
../tests/avg_q3_2304/avg10_0.mtx 1.5 614.867 0.00595573 0.1 
../tests/avg_q3_2304/avg10_0.mtx 1.6 898.563 0.00260811 0.0490909 
../tests/avg_q3_2304/avg10_0.mtx 1.7 1599 0.000876736 0.0178571 
../tests/avg_q3_2304/avg10_0.mtx 1.8 3659.29 0.000327588 0.00619048 
../tests/avg_q3_2304/avg10_0.mtx 1.9 7823.68 0.000110207 0.00230415 
../tests/avg_q3_2304/avg10_0.mtx 2 20688 3.34979e-05 0.000746269 
../tests/avg_q3_2304/avg10_0.mtx 2.1 0 -1 -1 
../tests/avg_q3_2304/avg10_0.mtx 2.2 0 -1 -1 
../tests/avg_q3_2304/avg10_0.mtx 2.3 0 -1 -1 
../tests/avg_q3_2304/avg10_0.mtx 2.4 0 -1 -1 
../tests/avg_q3_2304/avg10_0.mtx 2.5 0 -1 -1 
../tests/avg_q3_2304/avg10_0.mtx 2.6 0 -1 -1 
../tests/avg_q3_2304/avg10_0.mtx 2.7 0 -1 -1 
../tests/avg_q3_2304/avg10_0.mtx 2.8 0 -1 -1 
../tests/avg_q3_2304/avg10_0.mtx 2.9 0 -1 -1 
../tests/avg_q3_2304/avg10_0.mtx 3 0 -1 -1 
../tests/avg_q3_2304/avg10_0.mtx 3.1 0 -1 -1 
../tests/avg_q3_2304/avg10_0.mtx 3.2 0 -1 -1 
../tests/avg_q3_2304/avg10_0.mtx 3.3 0 -1 -1 
../tests/avg_q3_2304/avg10_0.mtx 3.4 0 -1 -1 
../tests/avg_q3_2304/avg10_0.mtx 3.5 0 -1 -1 
../tests/avg_q3_2304/avg1_0.mtx 1 452.248 0.0512847 0.73 
../tests/avg_q3_2304/avg1_0.mtx 1.1 405.854 0.0374696 0.55 
../tests/avg_q3_2304/avg1_0.mtx 1.2 480.512 0.0288498 0.44 
../tests/avg_q3_2304/avg1_0.mtx 1.3 453.174 0.0179644 0.285 
../tests/avg_q3_2304/avg1_0.mtx 1.4 506.698 0.0101837 0.173333 
../tests/avg_q3_2304/avg1_0.mtx 1.5 736.474 0.00509983 0.09 
../tests/avg_q3_2304/avg1_0.mtx 1.6 886.942 0.00256274 0.0490909 
../tests/avg_q3_2304/avg1_0.mtx 1.7 1574.99 0.000892329 0.0192593 
../tests/avg_q3_2304/avg1_0.mtx 1.8 2756.64 0.000394111 0.00819672 
../tests/avg_q3_2304/avg1_0.mtx 1.9 6500.76 0.000125917 0.00280899 
../tests/avg_q3_2304/avg1_0.mtx 2 18162.2 4.13147e-05 0.000859107 
../tests/avg_q3_2304/avg1_0.mtx 2.1 0 -1 -1 
../tests/avg_q3_2304/avg1_0.mtx 2.2 0 -1 -1 
../tests/avg_q3_2304/avg1_0.mtx 2.3 0 -1 -1 
../tests/avg_q3_2304/avg1_0.mtx 2.4 0 -1 -1 
../tests/avg_q3_2304/avg1_0.mtx 2.5 0 -1 -1 
../tests/avg_q3_2304/avg1_0.mtx 2.6 0 -1 -1 
../tests/avg_q3_2304/avg1_0.mtx 2.7 0 -1 -1 
../tests/avg_q3_2304/avg1_0.mtx 2.8 0 -1 -1 
../tests/avg_q3_2304/avg1_0.mtx 2.9 0 -1 -1 
../tests/avg_q3_2304/avg1_0.mtx 3 0 -1 -1 
../tests/avg_q3_2304/avg1_0.mtx 3.1 0 -1 -1 
../tests/avg_q3_2304/avg1_0.mtx 3.2 0 -1 -1 
../tests/avg_q3_2304/avg1_0.mtx 3.3 0 -1 -1 
../tests/avg_q3_2304/avg1_0.mtx 3.4 0 -1 -1 
../tests/avg_q3_2304/avg1_0.mtx 3.5 0 -1 -1 
../tests/avg_q3_2304/avg2_0.mtx 1 458.85 0.0588325 0.78 
../tests/avg_q3_2304/avg2_0.mtx 1.1 400.816 0.0432465 0.62 
../tests/avg_q3_2304/avg2_0.mtx 1.2 493.896 0.0335417 0.495 
../tests/avg_q3_2304/avg2_0.mtx 1.3 461.455 0.0220226 0.33 
../tests/avg_q3_2304/avg2_0.mtx 1.4 523.448 0.0127778 0.206667 
../tests/avg_q3_2304/avg2_0.mtx 1.5 607.409 0.00567882 0.102 
../tests/avg_q3_2304/avg2_0.mtx 1.6 841.575 0.00257552 0.051 
../tests/avg_q3_2304/avg2_0.mtx 1.7 1287.3 0.00119192 0.0247619 
../tests/avg_q3_2304/avg2_0.mtx 1.8 2875.96 0.000434774 0.00796875 
../tests/avg_q3_2304/avg2_0.mtx 1.9 5482.53 0.000178509 0.00337838 
../tests/avg_q3_2304/avg2_0.mtx 2 17934.1 3.05854e-05 0.000868056 
../tests/avg_q3_2304/avg2_0.mtx 2.1 0 -1 -1 
../tests/avg_q3_2304/avg2_0.mtx 2.2 0 -1 -1 
../tests/avg_q3_2304/avg2_0.mtx 2.3 0 -1 -1 
../tests/avg_q3_2304/avg2_0.mtx 2.4 0 -1 -1 
../tests/avg_q3_2304/avg2_0.mtx 2.5 0 -1 -1 
../tests/avg_q3_2304/avg2_0.mtx 2.6 0 -1 -1 
../tests/avg_q3_2304/avg2_0.mtx 2.7 0 -1 -1 
../tests/avg_q3_2304/avg2_0.mtx 2.8 0 -1 -1 
../tests/avg_q3_2304/avg2_0.mtx 2.9 0 -1 -1 
../tests/avg_q3_2304/avg2_0.mtx 3 0 -1 -1 
../tests/avg_q3_2304/avg2_0.mtx 3.1 0 -1 -1 
../tests/avg_q3_2304/avg2_0.mtx 3.2 0 -1 -1 
../tests/avg_q3_2304/avg2_0.mtx 3.3 0 -1 -1 
../tests/avg_q3_2304/avg2_0.mtx 3.4 0 -1 -1 
../tests/avg_q3_2304/avg2_0.mtx 3.5 0 -1 -1 
../tests/avg_q3_2304/avg3_0.mtx 1 448.761 0.0583203 0.76 
../tests/avg_q3_2304/avg3_0.mtx 1.1 426.7 0.0480252 0.67 
../tests/avg_q3_2304/avg3_0.mtx 1.2 393.844 0.0336632 0.53 
../tests/avg_q3_2304/avg3_0.mtx 1.3 475.096 0.0215951 0.335 
../tests/avg_q3_2304/avg3_0.mtx 1.4 513.476 0.0121065 0.203333 
../tests/avg_q3_2304/avg3_0.mtx 1.5 611.784 0.00563976 0.106 
../tests/avg_q3_2304/avg3_0.mtx 1.6 761.674 0.00347493 0.06625 
../tests/avg_q3_2304/avg3_0.mtx 1.7 1192.78 0.00143687 0.0288889 
../tests/avg_q3_2304/avg3_0.mtx 1.8 2676.77 0.000420297 0.00963636 
../tests/avg_q3_2304/avg3_0.mtx 1.9 4768.24 0.000142821 0.0042735 
../tests/avg_q3_2304/avg3_0.mtx 2 9181.08 4.72663e-05 0.00189394 
../tests/avg_q3_2304/avg3_0.mtx 2.1 15948 1.89792e-05 0.000970874 
../tests/avg_q3_2304/avg3_0.mtx 2.2 0 -1 -1 
../tests/avg_q3_2304/avg3_0.mtx 2.3 0 -1 -1 
../tests/avg_q3_2304/avg3_0.mtx 2.4 0 -1 -1 
../tests/avg_q3_2304/avg3_0.mtx 2.5 0 -1 -1 
../tests/avg_q3_2304/avg3_0.mtx 2.6 0 -1 -1 
../tests/avg_q3_2304/avg3_0.mtx 2.7 0 -1 -1 
../tests/avg_q3_2304/avg3_0.mtx 2.8 0 -1 -1 
../tests/avg_q3_2304/avg3_0.mtx 2.9 0 -1 -1 
../tests/avg_q3_2304/avg3_0.mtx 3 0 -1 -1 
../tests/avg_q3_2304/avg3_0.mtx 3.1 0 -1 -1 
../tests/avg_q3_2304/avg3_0.mtx 3.2 0 -1 -1 
../tests/avg_q3_2304/avg3_0.mtx 3.3 0 -1 -1 
../tests/avg_q3_2304/avg3_0.mtx 3.4 0 -1 -1 
../tests/avg_q3_2304/avg3_0.mtx 3.5 0 -1 -1 
../tests/avg_q3_2304/avg4_0.mtx 1 450.285 0.0581207 0.78 
../tests/avg_q3_2304/avg4_0.mtx 1.1 403.639 0.0456944 0.67 
../tests/avg_q3_2304/avg4_0.mtx 1.2 483.899 0.0315516 0.475 
../tests/avg_q3_2304/avg4_0.mtx 1.3 469.37 0.0213694 0.35 
../tests/avg_q3_2304/avg4_0.mtx 1.4 516.988 0.0118186 0.22 
../tests/avg_q3_2304/avg4_0.mtx 1.5 628.112 0.00592535 0.11 
../tests/avg_q3_2304/avg4_0.mtx 1.6 865.722 0.00271137 0.051 
../tests/avg_q3_2304/avg4_0.mtx 1.7 1413.74 0.00116678 0.0221739 
../tests/avg_q3_2304/avg4_0.mtx 1.8 2836.37 0.000356454 0.00793651 
../tests/avg_q3_2304/avg4_0.mtx 1.9 5890.73 0.000154178 0.00335484 
../tests/avg_q3_2304/avg4_0.mtx 2 16796.7 3.88463e-05 0.000957854 
../tests/avg_q3_2304/avg4_0.mtx 2.1 0 -1 -1 
../tests/avg_q3_2304/avg4_0.mtx 2.2 0 -1 -1 
../tests/avg_q3_2304/avg4_0.mtx 2.3 0 -1 -1 
../tests/avg_q3_2304/avg4_0.mtx 2.4 0 -1 -1 
../tests/avg_q3_2304/avg4_0.mtx 2.5 0 -1 -1 
../tests/avg_q3_2304/avg4_0.mtx 2.6 0 -1 -1 
../tests/avg_q3_2304/avg4_0.mtx 2.7 0 -1 -1 
../tests/avg_q3_2304/avg4_0.mtx 2.8 0 -1 -1 
../tests/avg_q3_2304/avg4_0.mtx 2.9 0 -1 -1 
../tests/avg_q3_2304/avg4_0.mtx 3 0 -1 -1 
../tests/avg_q3_2304/avg4_0.mtx 3.1 0 -1 -1 
../tests/avg_q3_2304/avg4_0.mtx 3.2 0 -1 -1 
../tests/avg_q3_2304/avg4_0.mtx 3.3 0 -1 -1 
../tests/avg_q3_2304/avg4_0.mtx 3.4 0 -1 -1 
../tests/avg_q3_2304/avg4_0.mtx 3.5 0 -1 -1 
../tests/avg_q3_2304/avg5_0.mtx 1 463.341 0.0575 0.8 
../tests/avg_q3_2304/avg5_0.mtx 1.1 405.194 0.0469184 0.66 
../tests/avg_q3_2304/avg5_0.mtx 1.2 403.738 0.0360113 0.54 
../tests/avg_q3_2304/avg5_0.mtx 1.3 469.455 0.0222179 0.36 
../tests/avg_q3_2304/avg5_0.mtx 1.4 524.419 0.0124146 0.21 
../tests/avg_q3_2304/avg5_0.mtx 1.5 562.918 0.00624566 0.125 
../tests/avg_q3_2304/avg5_0.mtx 1.6 800.87 0.00292583 0.0577778 
../tests/avg_q3_2304/avg5_0.mtx 1.7 1496.22 0.00100893 0.02125 
../tests/avg_q3_2304/avg5_0.mtx 1.8 2471.06 0.000461285 0.01 
../tests/avg_q3_2304/avg5_0.mtx 1.9 4899.3 0.000168403 0.00416667 
../tests/avg_q3_2304/avg5_0.mtx 2 10970.2 5.96376e-05 0.00158228 
../tests/avg_q3_2304/avg5_0.mtx 2.1 27096.5 1.92268e-05 0.000565611 
../tests/avg_q3_2304/avg5_0.mtx 2.2 0 -1 -1 
../tests/avg_q3_2304/avg5_0.mtx 2.3 0 -1 -1 
../tests/avg_q3_2304/avg5_0.mtx 2.4 0 -1 -1 
../tests/avg_q3_2304/avg5_0.mtx 2.5 0 -1 -1 
../tests/avg_q3_2304/avg5_0.mtx 2.6 0 -1 -1 
../tests/avg_q3_2304/avg5_0.mtx 2.7 0 -1 -1 
../tests/avg_q3_2304/avg5_0.mtx 2.8 0 -1 -1 
../tests/avg_q3_2304/avg5_0.mtx 2.9 0 -1 -1 
../tests/avg_q3_2304/avg5_0.mtx 3 0 -1 -1 
../tests/avg_q3_2304/avg5_0.mtx 3.1 0 -1 -1 
../tests/avg_q3_2304/avg5_0.mtx 3.2 0 -1 -1 
../tests/avg_q3_2304/avg5_0.mtx 3.3 0 -1 -1 
../tests/avg_q3_2304/avg5_0.mtx 3.4 0 -1 -1 
../tests/avg_q3_2304/avg5_0.mtx 3.5 0 -1 -1 
../tests/avg_q3_2304/avg6_0.mtx 1 453.901 0.0570052 0.79 
../tests/avg_q3_2304/avg6_0.mtx 1.1 421.583 0.0431684 0.64 
../tests/avg_q3_2304/avg6_0.mtx 1.2 493.196 0.0307335 0.465 
../tests/avg_q3_2304/avg6_0.mtx 1.3 461.852 0.0183312 0.31 
../tests/avg_q3_2304/avg6_0.mtx 1.4 520.171 0.0107552 0.193333 
../tests/avg_q3_2304/avg6_0.mtx 1.5 682.307 0.00462167 0.0916667 
../tests/avg_q3_2304/avg6_0.mtx 1.6 847.617 0.00239714 0.051 
../tests/avg_q3_2304/avg6_0.mtx 1.7 1167.4 0.0013913 0.0283333 
../tests/avg_q3_2304/avg6_0.mtx 1.8 3138.18 0.000379583 0.00764706 
../tests/avg_q3_2304/avg6_0.mtx 1.9 5062.12 0.000182763 0.00387597 
../tests/avg_q3_2304/avg6_0.mtx 2 10215.6 7.15501e-05 0.00165017 
../tests/avg_q3_2304/avg6_0.mtx 2.1 36948.6 1.18227e-05 0.000397772 
../tests/avg_q3_2304/avg6_0.mtx 2.2 0 -1 -1 
../tests/avg_q3_2304/avg6_0.mtx 2.3 0 -1 -1 
../tests/avg_q3_2304/avg6_0.mtx 2.4 0 -1 -1 
../tests/avg_q3_2304/avg6_0.mtx 2.5 0 -1 -1 
../tests/avg_q3_2304/avg6_0.mtx 2.6 0 -1 -1 
../tests/avg_q3_2304/avg6_0.mtx 2.7 0 -1 -1 
../tests/avg_q3_2304/avg6_0.mtx 2.8 0 -1 -1 
../tests/avg_q3_2304/avg6_0.mtx 2.9 0 -1 -1 
../tests/avg_q3_2304/avg6_0.mtx 3 0 -1 -1 
../tests/avg_q3_2304/avg6_0.mtx 3.1 0 -1 -1 
../tests/avg_q3_2304/avg6_0.mtx 3.2 0 -1 -1 
../tests/avg_q3_2304/avg6_0.mtx 3.3 0 -1 -1 
../tests/avg_q3_2304/avg6_0.mtx 3.4 0 -1 -1 
../tests/avg_q3_2304/avg6_0.mtx 3.5 0 -1 -1 
../tests/avg_q3_2304/avg7_0.mtx 1 460.82 0.0613238 0.82 
../tests/avg_q3_2304/avg7_0.mtx 1.1 408.002 0.0457899 0.65 
../tests/avg_q3_2304/avg7_0.mtx 1.2 387.188 0.0322222 0.53 
../tests/avg_q3_2304/avg7_0.mtx 1.3 462.952 0.0191471 0.305 
../tests/avg_q3_2304/avg7_0.mtx 1.4 516.057 0.013002 0.22 
../tests/avg_q3_2304/avg7_0.mtx 1.5 605.696 0.00539757 0.104 
../tests/avg_q3_2304/avg7_0.mtx 1.6 851.266 0.00226693 0.051 
../tests/avg_q3_2304/avg7_0.mtx 1.7 1239.62 0.00108324 0.0278947 
../tests/avg_q3_2304/avg7_0.mtx 1.8 2258.82 0.000273832 0.0118182 
../tests/avg_q3_2304/avg7_0.mtx 1.9 3354.08 0.000118836 0.00632911 
../tests/avg_q3_2304/avg7_0.mtx 2 4178.63 3.61299e-05 0.0045045 
../tests/avg_q3_2304/avg7_0.mtx 2.1 6283.98 1.57451e-05 0.00265957 
../tests/avg_q3_2304/avg7_0.mtx 2.2 7346.5 8.84197e-06 0.00206612 
../tests/avg_q3_2304/avg7_0.mtx 2.3 7917.21 5.56925e-06 0.00179211 
../tests/avg_q3_2304/avg7_0.mtx 2.4 9781.54 4.18901e-06 0.00134048 
../tests/avg_q3_2304/avg7_0.mtx 2.5 11268.2 4.56575e-06 0.00108225 
../tests/avg_q3_2304/avg7_0.mtx 2.6 15296.1 2.32469e-06 0.00074184 
../tests/avg_q3_2304/avg7_0.mtx 2.7 0 -1 -1 
../tests/avg_q3_2304/avg7_0.mtx 2.8 0 -1 -1 
../tests/avg_q3_2304/avg7_0.mtx 2.9 0 -1 -1 
../tests/avg_q3_2304/avg7_0.mtx 3 0 -1 -1 
../tests/avg_q3_2304/avg7_0.mtx 3.1 0 -1 -1 
../tests/avg_q3_2304/avg7_0.mtx 3.2 0 -1 -1 
../tests/avg_q3_2304/avg7_0.mtx 3.3 0 -1 -1 
../tests/avg_q3_2304/avg7_0.mtx 3.4 0 -1 -1 
../tests/avg_q3_2304/avg7_0.mtx 3.5 0 -1 -1 
../tests/avg_q3_2304/avg8_0.mtx 1 453.514 0.0583984 0.8 
../tests/avg_q3_2304/avg8_0.mtx 1.1 414.139 0.0445312 0.66 
../tests/avg_q3_2304/avg8_0.mtx 1.2 394.249 0.0323611 0.53 
../tests/avg_q3_2304/avg8_0.mtx 1.3 463.029 0.0191884 0.33 
../tests/avg_q3_2304/avg8_0.mtx 1.4 510.91 0.0106539 0.176667 
../tests/avg_q3_2304/avg8_0.mtx 1.5 723.485 0.00453745 0.08 
../tests/avg_q3_2304/avg8_0.mtx 1.6 888.224 0.00228456 0.0463636 
../tests/avg_q3_2304/avg8_0.mtx 1.7 1521.33 0.000931824 0.0192308 
../tests/avg_q3_2304/avg8_0.mtx 1.8 3108.04 0.000364269 0.00724638 
../tests/avg_q3_2304/avg8_0.mtx 1.9 6326.8 0.000137836 0.00295858 
../tests/avg_q3_2304/avg8_0.mtx 2 21690.3 3.09434e-05 0.000726744 
../tests/avg_q3_2304/avg8_0.mtx 2.1 0 -1 -1 
../tests/avg_q3_2304/avg8_0.mtx 2.2 0 -1 -1 
../tests/avg_q3_2304/avg8_0.mtx 2.3 0 -1 -1 
../tests/avg_q3_2304/avg8_0.mtx 2.4 0 -1 -1 
../tests/avg_q3_2304/avg8_0.mtx 2.5 0 -1 -1 
../tests/avg_q3_2304/avg8_0.mtx 2.6 0 -1 -1 
../tests/avg_q3_2304/avg8_0.mtx 2.7 0 -1 -1 
../tests/avg_q3_2304/avg8_0.mtx 2.8 0 -1 -1 
../tests/avg_q3_2304/avg8_0.mtx 2.9 0 -1 -1 
../tests/avg_q3_2304/avg8_0.mtx 3 0 -1 -1 
../tests/avg_q3_2304/avg8_0.mtx 3.1 0 -1 -1 
../tests/avg_q3_2304/avg8_0.mtx 3.2 0 -1 -1 
../tests/avg_q3_2304/avg8_0.mtx 3.3 0 -1 -1 
../tests/avg_q3_2304/avg8_0.mtx 3.4 0 -1 -1 
../tests/avg_q3_2304/avg8_0.mtx 3.5 0 -1 -1 
../tests/avg_q3_2304/avg9_0.mtx 1 466.273 0.0563802 0.79 
../tests/avg_q3_2304/avg9_0.mtx 1.1 397.412 0.03977 0.57 
../tests/avg_q3_2304/avg9_0.mtx 1.2 486.361 0.0276866 0.425 
../tests/avg_q3_2304/avg9_0.mtx 1.3 459.728 0.0169184 0.265 
../tests/avg_q3_2304/avg9_0.mtx 1.4 500.252 0.01091 0.176667 
../tests/avg_q3_2304/avg9_0.mtx 1.5 653.338 0.00528429 0.095 
../tests/avg_q3_2304/avg9_0.mtx 1.6 872.804 0.00272609 0.0481818 
../tests/avg_q3_2304/avg9_0.mtx 1.7 1645.23 0.000992726 0.0182759 
../tests/avg_q3_2304/avg9_0.mtx 1.8 3174.51 0.000337155 0.00694444 
../tests/avg_q3_2304/avg9_0.mtx 1.9 6793.35 0.000132808 0.00272727 
../tests/avg_q3_2304/avg9_0.mtx 2 21308.2 2.96449e-05 0.000725689 
../tests/avg_q3_2304/avg9_0.mtx 2.1 0 -1 -1 
../tests/avg_q3_2304/avg9_0.mtx 2.2 0 -1 -1 
../tests/avg_q3_2304/avg9_0.mtx 2.3 0 -1 -1 
../tests/avg_q3_2304/avg9_0.mtx 2.4 0 -1 -1 
../tests/avg_q3_2304/avg9_0.mtx 2.5 0 -1 -1 
../tests/avg_q3_2304/avg9_0.mtx 2.6 0 -1 -1 
../tests/avg_q3_2304/avg9_0.mtx 2.7 0 -1 -1 
../tests/avg_q3_2304/avg9_0.mtx 2.8 0 -1 -1 
../tests/avg_q3_2304/avg9_0.mtx 2.9 0 -1 -1 
../tests/avg_q3_2304/avg9_0.mtx 3 0 -1 -1 
../tests/avg_q3_2304/avg9_0.mtx 3.1 0 -1 -1 
../tests/avg_q3_2304/avg9_0.mtx 3.2 0 -1 -1 
../tests/avg_q3_2304/avg9_0.mtx 3.3 0 -1 -1 
../tests/avg_q3_2304/avg9_0.mtx 3.4 0 -1 -1 
../tests/avg_q3_2304/avg9_0.mtx 3.5 0 -1 -1 
