Results
Filename SNR Time(ms) BER FER
../tests/avg_q4_576/avg10_0.mtx 1 156.658 0.0985764 0.875 
../tests/avg_q4_576/avg10_0.mtx 1.1 140.166 0.0926215 0.865 
../tests/avg_q4_576/avg10_0.mtx 1.2 129.395 0.0849219 0.83 
../tests/avg_q4_576/avg10_0.mtx 1.3 127.876 0.0756597 0.76 
../tests/avg_q4_576/avg10_0.mtx 1.4 123.832 0.0679601 0.725 
../tests/avg_q4_576/avg10_0.mtx 1.5 113.792 0.0553125 0.61 
../tests/avg_q4_576/avg10_0.mtx 1.6 104.97 0.0457986 0.545 
../tests/avg_q4_576/avg10_0.mtx 1.7 135.207 0.0357812 0.43 
../tests/avg_q4_576/avg10_0.mtx 1.8 123.629 0.0289005 0.346667 
../tests/avg_q4_576/avg10_0.mtx 1.9 146.989 0.0229557 0.3075 
../tests/avg_q4_576/avg10_0.mtx 2 159.546 0.0156806 0.234 
../tests/avg_q4_576/avg10_0.mtx 2.1 174.769 0.0117361 0.195 
../tests/avg_q4_576/avg10_0.mtx 2.2 191.512 0.00908482 0.165714 
../tests/avg_q4_576/avg10_0.mtx 2.3 202.412 0.00573351 0.1275 
../tests/avg_q4_576/avg10_0.mtx 2.4 247.934 0.00399779 0.0945455 
../tests/avg_q4_576/avg10_0.mtx 2.5 279.046 0.00271701 0.0728571 
../tests/avg_q4_576/avg10_0.mtx 2.6 325.419 0.00183721 0.0594118 
../tests/avg_q4_576/avg10_0.mtx 2.7 369.205 0.00104324 0.0463636 
../tests/avg_q4_576/avg10_0.mtx 2.8 387.065 0.000734954 0.0416667 
../tests/avg_q4_576/avg10_0.mtx 2.9 456.296 0.000509259 0.0343333 
../tests/avg_q4_576/avg10_0.mtx 3 487.116 0.000353535 0.0312121 
../tests/avg_q4_576/avg10_0.mtx 3.1 480.331 0.000225694 0.0308824 
../tests/avg_q4_576/avg10_0.mtx 3.2 484.015 0.000179067 0.0294286 
../tests/avg_q4_576/avg10_0.mtx 3.3 526.375 0.000139334 0.0258974 
../tests/avg_q4_576/avg10_0.mtx 3.4 561.837 8.04924e-05 0.0227273 
../tests/avg_q4_576/avg10_0.mtx 3.5 610.522 6.57719e-05 0.0194231 
../tests/avg_q4_576/avg1_0.mtx 1 135.461 0.100095 0.885 
../tests/avg_q4_576/avg1_0.mtx 1.1 136.355 0.0933767 0.855 
../tests/avg_q4_576/avg1_0.mtx 1.2 131.15 0.0877691 0.83 
../tests/avg_q4_576/avg1_0.mtx 1.3 131.928 0.0813889 0.785 
../tests/avg_q4_576/avg1_0.mtx 1.4 125.131 0.0729861 0.72 
../tests/avg_q4_576/avg1_0.mtx 1.5 115.279 0.0640625 0.66 
../tests/avg_q4_576/avg1_0.mtx 1.6 108.7 0.0553646 0.595 
../tests/avg_q4_576/avg1_0.mtx 1.7 102.519 0.0465625 0.51 
../tests/avg_q4_576/avg1_0.mtx 1.8 130.264 0.0330093 0.366667 
../tests/avg_q4_576/avg1_0.mtx 1.9 152.628 0.0257986 0.305 
../tests/avg_q4_576/avg1_0.mtx 2 160.382 0.0186806 0.224 
../tests/avg_q4_576/avg1_0.mtx 2.1 165.064 0.0140394 0.166667 
../tests/avg_q4_576/avg1_0.mtx 2.2 227.289 0.00992863 0.116667 
../tests/avg_q4_576/avg1_0.mtx 2.3 258.592 0.00670573 0.0833333 
../tests/avg_q4_576/avg1_0.mtx 2.4 407.256 0.00360085 0.0454545 
../tests/avg_q4_576/avg1_0.mtx 2.5 512.619 0.00274866 0.0322581 
../tests/avg_q4_576/avg1_0.mtx 2.6 718.564 0.0015965 0.02125 
../tests/avg_q4_576/avg1_0.mtx 2.7 1067.03 0.000940676 0.0121951 
../tests/avg_q4_576/avg1_0.mtx 2.8 1721.49 0.000487246 0.00660131 
../tests/avg_q4_576/avg1_0.mtx 2.9 2483.84 0.000302973 0.00410569 
../tests/avg_q4_576/avg1_0.mtx 3 3665.47 0.000153274 0.00238095 
../tests/avg_q4_576/avg1_0.mtx 3.1 6913.46 7.64636e-05 0.00107527 
../tests/avg_q4_576/avg1_0.mtx 3.2 11525.1 3.85219e-05 0.000593714 
../tests/avg_q4_576/avg1_0.mtx 3.3 0 -1 -1 
../tests/avg_q4_576/avg1_0.mtx 3.4 0 -1 -1 
../tests/avg_q4_576/avg1_0.mtx 3.5 0 -1 -1 
../tests/avg_q4_576/avg2_0.mtx 1 138.903 0.103837 0.945 
../tests/avg_q4_576/avg2_0.mtx 1.1 135.382 0.0969618 0.915 
../tests/avg_q4_576/avg2_0.mtx 1.2 130.196 0.0869878 0.845 
../tests/avg_q4_576/avg2_0.mtx 1.3 132.573 0.077717 0.78 
../tests/avg_q4_576/avg2_0.mtx 1.4 122.918 0.0687934 0.715 
../tests/avg_q4_576/avg2_0.mtx 1.5 114.72 0.0594965 0.635 
../tests/avg_q4_576/avg2_0.mtx 1.6 105.699 0.0489757 0.54 
../tests/avg_q4_576/avg2_0.mtx 1.7 134.56 0.0404225 0.436667 
../tests/avg_q4_576/avg2_0.mtx 1.8 121.017 0.0310706 0.343333 
../tests/avg_q4_576/avg2_0.mtx 1.9 139.25 0.0256033 0.29 
../tests/avg_q4_576/avg2_0.mtx 2 159.445 0.017941 0.214 
../tests/avg_q4_576/avg2_0.mtx 2.1 183.112 0.0140427 0.164286 
../tests/avg_q4_576/avg2_0.mtx 2.2 216.163 0.0101485 0.124444 
../tests/avg_q4_576/avg2_0.mtx 2.3 274.357 0.00610844 0.0792308 
../tests/avg_q4_576/avg2_0.mtx 2.4 400.962 0.00381471 0.0472727 
../tests/avg_q4_576/avg2_0.mtx 2.5 464.272 0.0028156 0.0360714 
../tests/avg_q4_576/avg2_0.mtx 2.6 729.393 0.00170175 0.0208333 
../tests/avg_q4_576/avg2_0.mtx 2.7 1148.02 0.000827038 0.010989 
../tests/avg_q4_576/avg2_0.mtx 2.8 1749.16 0.000511054 0.0064557 
../tests/avg_q4_576/avg2_0.mtx 2.9 1989.21 0.000372061 0.00495049 
../tests/avg_q4_576/avg2_0.mtx 3 3491.87 0.000188541 0.002457 
../tests/avg_q4_576/avg2_0.mtx 3.1 5582.37 9.3666e-05 0.00135753 
../tests/avg_q4_576/avg2_0.mtx 3.2 11542.5 3.90452e-05 0.000568505 
../tests/avg_q4_576/avg2_0.mtx 3.3 0 -1 -1 
../tests/avg_q4_576/avg2_0.mtx 3.4 0 -1 -1 
../tests/avg_q4_576/avg2_0.mtx 3.5 0 -1 -1 
../tests/avg_q4_576/avg3_0.mtx 1 133.388 0.101901 0.925 
../tests/avg_q4_576/avg3_0.mtx 1.1 135.766 0.095651 0.895 
../tests/avg_q4_576/avg3_0.mtx 1.2 129.334 0.0883767 0.835 
../tests/avg_q4_576/avg3_0.mtx 1.3 131.3 0.0786458 0.76 
../tests/avg_q4_576/avg3_0.mtx 1.4 120.512 0.069375 0.705 
../tests/avg_q4_576/avg3_0.mtx 1.5 108.735 0.0593142 0.62 
../tests/avg_q4_576/avg3_0.mtx 1.6 105.38 0.0496267 0.52 
../tests/avg_q4_576/avg3_0.mtx 1.7 135.878 0.0406887 0.446667 
../tests/avg_q4_576/avg3_0.mtx 1.8 126.074 0.0334664 0.37 
../tests/avg_q4_576/avg3_0.mtx 1.9 149.75 0.0260807 0.3 
../tests/avg_q4_576/avg3_0.mtx 2 154.262 0.0199514 0.232 
../tests/avg_q4_576/avg3_0.mtx 2.1 163.819 0.0156829 0.185 
../tests/avg_q4_576/avg3_0.mtx 2.2 218.282 0.0101717 0.125556 
../tests/avg_q4_576/avg3_0.mtx 2.3 275.234 0.00613114 0.0769231 
../tests/avg_q4_576/avg3_0.mtx 2.4 360.612 0.00415799 0.051 
../tests/avg_q4_576/avg3_0.mtx 2.5 523.202 0.00248861 0.0321875 
../tests/avg_q4_576/avg3_0.mtx 2.6 748.471 0.00159589 0.0196154 
../tests/avg_q4_576/avg3_0.mtx 2.7 1029.66 0.00097289 0.0128205 
../tests/avg_q4_576/avg3_0.mtx 2.8 1611.62 0.000534377 0.0070922 
../tests/avg_q4_576/avg3_0.mtx 2.9 2420.18 0.000317196 0.00409836 
../tests/avg_q4_576/avg3_0.mtx 3 3503.74 0.000187474 0.00248756 
../tests/avg_q4_576/avg3_0.mtx 3.1 5773.93 9.29884e-05 0.00129032 
../tests/avg_q4_576/avg3_0.mtx 3.2 10759.5 3.96841e-05 0.000614628 
../tests/avg_q4_576/avg3_0.mtx 3.3 0 -1 -1 
../tests/avg_q4_576/avg3_0.mtx 3.4 0 -1 -1 
../tests/avg_q4_576/avg3_0.mtx 3.5 0 -1 -1 
../tests/avg_q4_576/avg4_0.mtx 1 136.224 0.102257 0.925 
../tests/avg_q4_576/avg4_0.mtx 1.1 132.433 0.0945399 0.885 
../tests/avg_q4_576/avg4_0.mtx 1.2 131.957 0.0860851 0.845 
../tests/avg_q4_576/avg4_0.mtx 1.3 126.738 0.0786198 0.795 
../tests/avg_q4_576/avg4_0.mtx 1.4 120.264 0.068151 0.7 
../tests/avg_q4_576/avg4_0.mtx 1.5 108.657 0.0597483 0.645 
../tests/avg_q4_576/avg4_0.mtx 1.6 104.626 0.0493576 0.545 
../tests/avg_q4_576/avg4_0.mtx 1.7 142.261 0.0403935 0.45 
../tests/avg_q4_576/avg4_0.mtx 1.8 124.59 0.0314178 0.346667 
../tests/avg_q4_576/avg4_0.mtx 1.9 143.311 0.0241753 0.2775 
../tests/avg_q4_576/avg4_0.mtx 2 148.652 0.0181389 0.212 
../tests/avg_q4_576/avg4_0.mtx 2.1 162.484 0.0141377 0.166667 
../tests/avg_q4_576/avg4_0.mtx 2.2 218.184 0.0107157 0.131111 
../tests/avg_q4_576/avg4_0.mtx 2.3 255.302 0.0072822 0.0909091 
../tests/avg_q4_576/avg4_0.mtx 2.4 350.5 0.00431104 0.0526316 
../tests/avg_q4_576/avg4_0.mtx 2.5 535.09 0.00253092 0.03125 
../tests/avg_q4_576/avg4_0.mtx 2.6 708.394 0.00152344 0.0208333 
../tests/avg_q4_576/avg4_0.mtx 2.7 1123.05 0.000859076 0.0114943 
../tests/avg_q4_576/avg4_0.mtx 2.8 1897.13 0.000403596 0.00574713 
../tests/avg_q4_576/avg4_0.mtx 2.9 2585.8 0.000258623 0.00369004 
../tests/avg_q4_576/avg4_0.mtx 3 4352.52 0.000139223 0.00192678 
../tests/avg_q4_576/avg4_0.mtx 3.1 6533.96 8.18811e-05 0.00111235 
../tests/avg_q4_576/avg4_0.mtx 3.2 11435.4 3.87135e-05 0.000566251 
../tests/avg_q4_576/avg4_0.mtx 3.3 0 -1 -1 
../tests/avg_q4_576/avg4_0.mtx 3.4 0 -1 -1 
../tests/avg_q4_576/avg4_0.mtx 3.5 0 -1 -1 
../tests/avg_q4_576/avg5_0.mtx 1 135.658 0.103429 0.92 
../tests/avg_q4_576/avg5_0.mtx 1.1 132.411 0.0978646 0.905 
../tests/avg_q4_576/avg5_0.mtx 1.2 131.95 0.0904948 0.86 
../tests/avg_q4_576/avg5_0.mtx 1.3 129.784 0.0817101 0.805 
../tests/avg_q4_576/avg5_0.mtx 1.4 121.023 0.0727344 0.735 
../tests/avg_q4_576/avg5_0.mtx 1.5 113.604 0.0614149 0.655 
../tests/avg_q4_576/avg5_0.mtx 1.6 109.379 0.0519618 0.555 
../tests/avg_q4_576/avg5_0.mtx 1.7 134.732 0.0392766 0.433333 
../tests/avg_q4_576/avg5_0.mtx 1.8 126.019 0.0320139 0.363333 
../tests/avg_q4_576/avg5_0.mtx 1.9 153.811 0.0262023 0.3075 
../tests/avg_q4_576/avg5_0.mtx 2 181.456 0.0181047 0.206667 
../tests/avg_q4_576/avg5_0.mtx 2.1 194.743 0.0130456 0.158571 
../tests/avg_q4_576/avg5_0.mtx 2.2 221.621 0.0101157 0.122222 
../tests/avg_q4_576/avg5_0.mtx 2.3 266.682 0.00729601 0.0883333 
../tests/avg_q4_576/avg5_0.mtx 2.4 362.164 0.00422972 0.0542105 
../tests/avg_q4_576/avg5_0.mtx 2.5 530.405 0.00278588 0.0356667 
../tests/avg_q4_576/avg5_0.mtx 2.6 705.794 0.00162666 0.0223913 
../tests/avg_q4_576/avg5_0.mtx 2.7 1041.61 0.000947872 0.012987 
../tests/avg_q4_576/avg5_0.mtx 2.8 1601.05 0.000517632 0.0070922 
../tests/avg_q4_576/avg5_0.mtx 2.9 2419.99 0.0002804 0.00408163 
../tests/avg_q4_576/avg5_0.mtx 3 3608.45 0.000176127 0.00241546 
../tests/avg_q4_576/avg5_0.mtx 3.1 5657.65 8.59888e-05 0.00134409 
../tests/avg_q4_576/avg5_0.mtx 3.2 10845.9 3.83351e-05 0.000623053 
../tests/avg_q4_576/avg5_0.mtx 3.3 0 -1 -1 
../tests/avg_q4_576/avg5_0.mtx 3.4 0 -1 -1 
../tests/avg_q4_576/avg5_0.mtx 3.5 0 -1 -1 
../tests/avg_q4_576/avg6_0.mtx 1 134.418 0.102422 0.92 
../tests/avg_q4_576/avg6_0.mtx 1.1 131.031 0.0958941 0.885 
../tests/avg_q4_576/avg6_0.mtx 1.2 130.152 0.0890451 0.855 
../tests/avg_q4_576/avg6_0.mtx 1.3 128.586 0.0811806 0.805 
../tests/avg_q4_576/avg6_0.mtx 1.4 125.326 0.0723524 0.75 
../tests/avg_q4_576/avg6_0.mtx 1.5 110.574 0.0618142 0.65 
../tests/avg_q4_576/avg6_0.mtx 1.6 104.06 0.0539149 0.585 
../tests/avg_q4_576/avg6_0.mtx 1.7 102.827 0.0450608 0.505 
../tests/avg_q4_576/avg6_0.mtx 1.8 128.117 0.0328819 0.373333 
../tests/avg_q4_576/avg6_0.mtx 1.9 147.207 0.023737 0.285 
../tests/avg_q4_576/avg6_0.mtx 2 154.126 0.0173125 0.21 
../tests/avg_q4_576/avg6_0.mtx 2.1 187.994 0.0139583 0.167143 
../tests/avg_q4_576/avg6_0.mtx 2.2 214.901 0.0101601 0.123333 
../tests/avg_q4_576/avg6_0.mtx 2.3 278.339 0.00645566 0.0792308 
../tests/avg_q4_576/avg6_0.mtx 2.4 383.943 0.00390451 0.05 
../tests/avg_q4_576/avg6_0.mtx 2.5 511.441 0.00271671 0.0355172 
../tests/avg_q4_576/avg6_0.mtx 2.6 712.833 0.00160518 0.02125 
../tests/avg_q4_576/avg6_0.mtx 2.7 970.011 0.000968605 0.0140278 
../tests/avg_q4_576/avg6_0.mtx 2.8 1590.4 0.00047061 0.00714286 
../tests/avg_q4_576/avg6_0.mtx 2.9 2305.75 0.000310588 0.00440529 
../tests/avg_q4_576/avg6_0.mtx 3 3578.83 0.000180405 0.00255754 
../tests/avg_q4_576/avg6_0.mtx 3.1 5696.36 8.54128e-05 0.00139696 
../tests/avg_q4_576/avg6_0.mtx 3.2 9493.9 4.3027e-05 0.000733676 
../tests/avg_q4_576/avg6_0.mtx 3.3 0 -1 -1 
../tests/avg_q4_576/avg6_0.mtx 3.4 0 -1 -1 
../tests/avg_q4_576/avg6_0.mtx 3.5 0 -1 -1 
../tests/avg_q4_576/avg7_0.mtx 1 137.578 0.103273 0.93 
../tests/avg_q4_576/avg7_0.mtx 1.1 136.599 0.0953212 0.89 
../tests/avg_q4_576/avg7_0.mtx 1.2 131.272 0.0884896 0.86 
../tests/avg_q4_576/avg7_0.mtx 1.3 133.599 0.0793316 0.775 
../tests/avg_q4_576/avg7_0.mtx 1.4 118.579 0.0688542 0.7 
../tests/avg_q4_576/avg7_0.mtx 1.5 109.001 0.0584115 0.595 
../tests/avg_q4_576/avg7_0.mtx 1.6 105.271 0.0505295 0.545 
../tests/avg_q4_576/avg7_0.mtx 1.7 127.969 0.0399653 0.43 
../tests/avg_q4_576/avg7_0.mtx 1.8 123.132 0.0326447 0.36 
../tests/avg_q4_576/avg7_0.mtx 1.9 151.752 0.0266884 0.31 
../tests/avg_q4_576/avg7_0.mtx 2 161.706 0.0198437 0.236 
../tests/avg_q4_576/avg7_0.mtx 2.1 169.457 0.0155035 0.181667 
../tests/avg_q4_576/avg7_0.mtx 2.2 192.964 0.0107292 0.13125 
../tests/avg_q4_576/avg7_0.mtx 2.3 261.093 0.00708333 0.0841667 
../tests/avg_q4_576/avg7_0.mtx 2.4 346.566 0.00471933 0.0583333 
../tests/avg_q4_576/avg7_0.mtx 2.5 423.563 0.00331806 0.04 
../tests/avg_q4_576/avg7_0.mtx 2.6 644.465 0.00188429 0.0234884 
../tests/avg_q4_576/avg7_0.mtx 2.7 1073.82 0.000955295 0.0125 
../tests/avg_q4_576/avg7_0.mtx 2.8 1619.94 0.000543565 0.00719424 
../tests/avg_q4_576/avg7_0.mtx 2.9 2398.62 0.000303677 0.00409836 
../tests/avg_q4_576/avg7_0.mtx 3 3819.99 0.000156678 0.00224215 
../tests/avg_q4_576/avg7_0.mtx 3.1 6900.19 7.39061e-05 0.00107527 
../tests/avg_q4_576/avg7_0.mtx 3.2 11304 3.95244e-05 0.000584795 
../tests/avg_q4_576/avg7_0.mtx 3.3 0 -1 -1 
../tests/avg_q4_576/avg7_0.mtx 3.4 0 -1 -1 
../tests/avg_q4_576/avg7_0.mtx 3.5 0 -1 -1 
../tests/avg_q4_576/avg8_0.mtx 1 131.022 0.0982639 0.915 
../tests/avg_q4_576/avg8_0.mtx 1.1 134.305 0.0896094 0.855 
../tests/avg_q4_576/avg8_0.mtx 1.2 128.42 0.0830382 0.82 
../tests/avg_q4_576/avg8_0.mtx 1.3 125.362 0.072717 0.74 
../tests/avg_q4_576/avg8_0.mtx 1.4 112.2 0.0636632 0.655 
../tests/avg_q4_576/avg8_0.mtx 1.5 108.924 0.0560677 0.58 
../tests/avg_q4_576/avg8_0.mtx 1.6 100.74 0.0485503 0.515 
../tests/avg_q4_576/avg8_0.mtx 1.7 140.849 0.0420197 0.473333 
../tests/avg_q4_576/avg8_0.mtx 1.8 127.803 0.0329919 0.38 
../tests/avg_q4_576/avg8_0.mtx 1.9 149.043 0.0256467 0.3075 
../tests/avg_q4_576/avg8_0.mtx 2 160.213 0.0188681 0.226 
../tests/avg_q4_576/avg8_0.mtx 2.1 178.265 0.0140191 0.175 
../tests/avg_q4_576/avg8_0.mtx 2.2 198.181 0.0103429 0.12875 
../tests/avg_q4_576/avg8_0.mtx 2.3 261.004 0.00686921 0.0891667 
../tests/avg_q4_576/avg8_0.mtx 2.4 371.971 0.00392708 0.05 
../tests/avg_q4_576/avg8_0.mtx 2.5 509.561 0.0024244 0.0322581 
../tests/avg_q4_576/avg8_0.mtx 2.6 851.062 0.00136165 0.017931 
../tests/avg_q4_576/avg8_0.mtx 2.7 1199.42 0.000798611 0.0106383 
../tests/avg_q4_576/avg8_0.mtx 2.8 1788.98 0.000477808 0.00621118 
../tests/avg_q4_576/avg8_0.mtx 2.9 2567.52 0.000286623 0.00380228 
../tests/avg_q4_576/avg8_0.mtx 3 3715.52 0.000165493 0.00231481 
../tests/avg_q4_576/avg8_0.mtx 3.1 5768.47 9.15753e-05 0.00130208 
../tests/avg_q4_576/avg8_0.mtx 3.2 9686.6 4.22561e-05 0.000684463 
../tests/avg_q4_576/avg8_0.mtx 3.3 0 -1 -1 
../tests/avg_q4_576/avg8_0.mtx 3.4 0 -1 -1 
../tests/avg_q4_576/avg8_0.mtx 3.5 0 -1 -1 
../tests/avg_q4_576/avg9_0.mtx 1 135.937 0.101606 0.92 
../tests/avg_q4_576/avg9_0.mtx 1.1 132.786 0.0939323 0.885 
../tests/avg_q4_576/avg9_0.mtx 1.2 130.664 0.0866146 0.84 
../tests/avg_q4_576/avg9_0.mtx 1.3 129.14 0.0771875 0.765 
../tests/avg_q4_576/avg9_0.mtx 1.4 116.386 0.0677083 0.69 
../tests/avg_q4_576/avg9_0.mtx 1.5 108.579 0.0575955 0.62 
../tests/avg_q4_576/avg9_0.mtx 1.6 103.984 0.0481424 0.515 
../tests/avg_q4_576/avg9_0.mtx 1.7 137.256 0.0400463 0.43 
../tests/avg_q4_576/avg9_0.mtx 1.8 121.54 0.0325 0.35 
../tests/avg_q4_576/avg9_0.mtx 1.9 147.248 0.0257509 0.2875 
../tests/avg_q4_576/avg9_0.mtx 2 155.033 0.0187222 0.214 
../tests/avg_q4_576/avg9_0.mtx 2.1 187.014 0.0140873 0.158571 
../tests/avg_q4_576/avg9_0.mtx 2.2 214.809 0.0107909 0.121111 
../tests/avg_q4_576/avg9_0.mtx 2.3 272.491 0.00744213 0.0891667 
../tests/avg_q4_576/avg9_0.mtx 2.4 349.204 0.00455409 0.0536842 
../tests/avg_q4_576/avg9_0.mtx 2.5 493.911 0.00279398 0.0346667 
../tests/avg_q4_576/avg9_0.mtx 2.6 681.368 0.0017473 0.0222222 
../tests/avg_q4_576/avg9_0.mtx 2.7 1047.13 0.000958767 0.012625 
../tests/avg_q4_576/avg9_0.mtx 2.8 1780.72 0.000483034 0.00632911 
../tests/avg_q4_576/avg9_0.mtx 2.9 2490.26 0.000280189 0.00396825 
../tests/avg_q4_576/avg9_0.mtx 3 4065.71 0.000151562 0.0021097 
../tests/avg_q4_576/avg9_0.mtx 3.1 6452.68 8.02251e-05 0.00116359 
../tests/avg_q4_576/avg9_0.mtx 3.2 12452.8 3.73552e-05 0.000526593 
../tests/avg_q4_576/avg9_0.mtx 3.3 0 -1 -1 
../tests/avg_q4_576/avg9_0.mtx 3.4 0 -1 -1 
../tests/avg_q4_576/avg9_0.mtx 3.5 0 -1 -1 
