Results
Filename SNR Time(ms) BER FER
../tests/avg_g3_2304/avg10_0.mtx 1 340.886 0.0540972 0.73 
../tests/avg_g3_2304/avg10_0.mtx 1.1 320.53 0.0426997 0.64 
../tests/avg_g3_2304/avg10_0.mtx 1.2 408.203 0.0271745 0.445 
../tests/avg_g3_2304/avg10_0.mtx 1.3 373.014 0.0164909 0.28 
../tests/avg_g3_2304/avg10_0.mtx 1.4 427.84 0.0100246 0.19 
../tests/avg_g3_2304/avg10_0.mtx 1.5 592.28 0.00428675 0.0866667 
../tests/avg_g3_2304/avg10_0.mtx 1.6 696.787 0.0025733 0.0555556 
../tests/avg_g3_2304/avg10_0.mtx 1.7 935.831 0.00117043 0.0333333 
../tests/avg_g3_2304/avg10_0.mtx 1.8 1411.76 0.00038427 0.0178571 
../tests/avg_g3_2304/avg10_0.mtx 1.9 1778.54 0.000168754 0.0119048 
../tests/avg_g3_2304/avg10_0.mtx 2 2351.06 6.44041e-05 0.0083871 
../tests/avg_g3_2304/avg10_0.mtx 2.1 2455.64 2.11353e-05 0.00753623 
../tests/avg_g3_2304/avg10_0.mtx 2.2 2511.88 1.87139e-05 0.00675325 
../tests/avg_g3_2304/avg10_0.mtx 2.3 3072.6 1.43146e-05 0.00480769 
../tests/avg_g3_2304/avg10_0.mtx 2.4 3092.27 1.32945e-05 0.0045045 
../tests/avg_g3_2304/avg10_0.mtx 2.5 3291.9 1.14363e-05 0.00396825 
../tests/avg_g3_2304/avg10_0.mtx 2.6 3842.98 9.5596e-06 0.00316456 
../tests/avg_g3_2304/avg10_0.mtx 2.7 3866.37 8.41751e-06 0.0030303 
../tests/avg_g3_2304/avg10_0.mtx 2.8 4259.26 7.0921e-06 0.00257732 
../tests/avg_g3_2304/avg10_0.mtx 2.9 5035.06 5.41217e-06 0.00202429 
../tests/avg_g3_2304/avg10_0.mtx 3 5123.61 4.84801e-06 0.00188679 
../tests/avg_g3_2304/avg10_0.mtx 3.1 6036.42 3.75375e-06 0.0015015 
../tests/avg_g3_2304/avg10_0.mtx 3.2 7105.05 3.16414e-06 0.00119904 
../tests/avg_g3_2304/avg10_0.mtx 3.3 8704.21 2.48016e-06 0.000915751 
../tests/avg_g3_2304/avg10_0.mtx 3.4 0 -1 -1 
../tests/avg_g3_2304/avg10_0.mtx 3.5 0 -1 -1 
../tests/avg_g3_2304/avg1_0.mtx 1 336.055 0.0563108 0.75 
../tests/avg_g3_2304/avg1_0.mtx 1.1 326.461 0.0453776 0.66 
../tests/avg_g3_2304/avg1_0.mtx 1.2 401.496 0.0324067 0.51 
../tests/avg_g3_2304/avg1_0.mtx 1.3 373.706 0.0216211 0.345 
../tests/avg_g3_2304/avg1_0.mtx 1.4 418.482 0.0104282 0.19 
../tests/avg_g3_2304/avg1_0.mtx 1.5 579.67 0.00503834 0.0866667 
../tests/avg_g3_2304/avg1_0.mtx 1.6 878.287 0.00250687 0.0458333 
../tests/avg_g3_2304/avg1_0.mtx 1.7 1261.58 0.00110583 0.0217391 
../tests/avg_g3_2304/avg1_0.mtx 1.8 3001.97 0.000361941 0.0073913 
../tests/avg_g3_2304/avg1_0.mtx 1.9 8159.96 9.69645e-05 0.00218341 
../tests/avg_g3_2304/avg1_0.mtx 2 21298.3 3.31485e-05 0.000719424 
../tests/avg_g3_2304/avg1_0.mtx 2.1 0 -1 -1 
../tests/avg_g3_2304/avg1_0.mtx 2.2 0 -1 -1 
../tests/avg_g3_2304/avg1_0.mtx 2.3 0 -1 -1 
../tests/avg_g3_2304/avg1_0.mtx 2.4 0 -1 -1 
../tests/avg_g3_2304/avg1_0.mtx 2.5 0 -1 -1 
../tests/avg_g3_2304/avg1_0.mtx 2.6 0 -1 -1 
../tests/avg_g3_2304/avg1_0.mtx 2.7 0 -1 -1 
../tests/avg_g3_2304/avg1_0.mtx 2.8 0 -1 -1 
../tests/avg_g3_2304/avg1_0.mtx 2.9 0 -1 -1 
../tests/avg_g3_2304/avg1_0.mtx 3 0 -1 -1 
../tests/avg_g3_2304/avg1_0.mtx 3.1 0 -1 -1 
../tests/avg_g3_2304/avg1_0.mtx 3.2 0 -1 -1 
../tests/avg_g3_2304/avg1_0.mtx 3.3 0 -1 -1 
../tests/avg_g3_2304/avg1_0.mtx 3.4 0 -1 -1 
../tests/avg_g3_2304/avg1_0.mtx 3.5 0 -1 -1 
../tests/avg_g3_2304/avg2_0.mtx 1 361.864 0.0597439 0.78 
../tests/avg_g3_2304/avg2_0.mtx 1.1 350.579 0.0463281 0.67 
../tests/avg_g3_2304/avg2_0.mtx 1.2 323.064 0.0305122 0.5 
../tests/avg_g3_2304/avg2_0.mtx 1.3 398.432 0.0166927 0.285 
../tests/avg_g3_2304/avg2_0.mtx 1.4 430.453 0.0114757 0.19 
../tests/avg_g3_2304/avg2_0.mtx 1.5 592.599 0.00538267 0.0916667 
../tests/avg_g3_2304/avg2_0.mtx 1.6 774.475 0.00324132 0.058 
../tests/avg_g3_2304/avg2_0.mtx 1.7 1306.15 0.00118263 0.0221739 
../tests/avg_g3_2304/avg2_0.mtx 1.8 3023.02 0.0003398 0.0073913 
../tests/avg_g3_2304/avg2_0.mtx 1.9 6824.17 0.00011262 0.0026178 
../tests/avg_g3_2304/avg2_0.mtx 2 16237.2 3.90209e-05 0.000957854 
../tests/avg_g3_2304/avg2_0.mtx 2.1 0 -1 -1 
../tests/avg_g3_2304/avg2_0.mtx 2.2 0 -1 -1 
../tests/avg_g3_2304/avg2_0.mtx 2.3 0 -1 -1 
../tests/avg_g3_2304/avg2_0.mtx 2.4 0 -1 -1 
../tests/avg_g3_2304/avg2_0.mtx 2.5 0 -1 -1 
../tests/avg_g3_2304/avg2_0.mtx 2.6 0 -1 -1 
../tests/avg_g3_2304/avg2_0.mtx 2.7 0 -1 -1 
../tests/avg_g3_2304/avg2_0.mtx 2.8 0 -1 -1 
../tests/avg_g3_2304/avg2_0.mtx 2.9 0 -1 -1 
../tests/avg_g3_2304/avg2_0.mtx 3 0 -1 -1 
../tests/avg_g3_2304/avg2_0.mtx 3.1 0 -1 -1 
../tests/avg_g3_2304/avg2_0.mtx 3.2 0 -1 -1 
../tests/avg_g3_2304/avg2_0.mtx 3.3 0 -1 -1 
../tests/avg_g3_2304/avg2_0.mtx 3.4 0 -1 -1 
../tests/avg_g3_2304/avg2_0.mtx 3.5 0 -1 -1 
../tests/avg_g3_2304/avg3_0.mtx 1 377.731 0.0557639 0.77 
../tests/avg_g3_2304/avg3_0.mtx 1.1 310.08 0.0417795 0.6 
../tests/avg_g3_2304/avg3_0.mtx 1.2 405.47 0.03074 0.485 
../tests/avg_g3_2304/avg3_0.mtx 1.3 366.383 0.0212717 0.35 
../tests/avg_g3_2304/avg3_0.mtx 1.4 420.378 0.0104702 0.186667 
../tests/avg_g3_2304/avg3_0.mtx 1.5 566.387 0.00490017 0.0883333 
../tests/avg_g3_2304/avg3_0.mtx 1.6 1000.6 0.00225434 0.04 
../tests/avg_g3_2304/avg3_0.mtx 1.7 1577.03 0.000823351 0.0173333 
../tests/avg_g3_2304/avg3_0.mtx 1.8 3899.23 0.000258624 0.00543478 
../tests/avg_g3_2304/avg3_0.mtx 1.9 7999.24 0.000102825 0.00227273 
../tests/avg_g3_2304/avg3_0.mtx 2 16701.6 3.7841e-05 0.000938086 
../tests/avg_g3_2304/avg3_0.mtx 2.1 0 -1 -1 
../tests/avg_g3_2304/avg3_0.mtx 2.2 0 -1 -1 
../tests/avg_g3_2304/avg3_0.mtx 2.3 0 -1 -1 
../tests/avg_g3_2304/avg3_0.mtx 2.4 0 -1 -1 
../tests/avg_g3_2304/avg3_0.mtx 2.5 0 -1 -1 
../tests/avg_g3_2304/avg3_0.mtx 2.6 0 -1 -1 
../tests/avg_g3_2304/avg3_0.mtx 2.7 0 -1 -1 
../tests/avg_g3_2304/avg3_0.mtx 2.8 0 -1 -1 
../tests/avg_g3_2304/avg3_0.mtx 2.9 0 -1 -1 
../tests/avg_g3_2304/avg3_0.mtx 3 0 -1 -1 
../tests/avg_g3_2304/avg3_0.mtx 3.1 0 -1 -1 
../tests/avg_g3_2304/avg3_0.mtx 3.2 0 -1 -1 
../tests/avg_g3_2304/avg3_0.mtx 3.3 0 -1 -1 
../tests/avg_g3_2304/avg3_0.mtx 3.4 0 -1 -1 
../tests/avg_g3_2304/avg3_0.mtx 3.5 0 -1 -1 
../tests/avg_g3_2304/avg4_0.mtx 1 363.83 0.0594054 0.79 
../tests/avg_g3_2304/avg4_0.mtx 1.1 338.722 0.0455599 0.65 
../tests/avg_g3_2304/avg4_0.mtx 1.2 311.844 0.0334028 0.51 
../tests/avg_g3_2304/avg4_0.mtx 1.3 399.404 0.0213585 0.325 
../tests/avg_g3_2304/avg4_0.mtx 1.4 438.813 0.0110909 0.18 
../tests/avg_g3_2304/avg4_0.mtx 1.5 590.587 0.00501881 0.09 
../tests/avg_g3_2304/avg4_0.mtx 1.6 877.331 0.00227069 0.0416667 
../tests/avg_g3_2304/avg4_0.mtx 1.7 1421.24 0.000959722 0.02 
../tests/avg_g3_2304/avg4_0.mtx 1.8 2481.8 0.000426057 0.00927273 
../tests/avg_g3_2304/avg4_0.mtx 1.9 6070.49 0.000144327 0.00301205 
../tests/avg_g3_2304/avg4_0.mtx 2 16764.7 3.98021e-05 0.00093633 
../tests/avg_g3_2304/avg4_0.mtx 2.1 0 -1 -1 
../tests/avg_g3_2304/avg4_0.mtx 2.2 0 -1 -1 
../tests/avg_g3_2304/avg4_0.mtx 2.3 0 -1 -1 
../tests/avg_g3_2304/avg4_0.mtx 2.4 0 -1 -1 
../tests/avg_g3_2304/avg4_0.mtx 2.5 0 -1 -1 
../tests/avg_g3_2304/avg4_0.mtx 2.6 0 -1 -1 
../tests/avg_g3_2304/avg4_0.mtx 2.7 0 -1 -1 
../tests/avg_g3_2304/avg4_0.mtx 2.8 0 -1 -1 
../tests/avg_g3_2304/avg4_0.mtx 2.9 0 -1 -1 
../tests/avg_g3_2304/avg4_0.mtx 3 0 -1 -1 
../tests/avg_g3_2304/avg4_0.mtx 3.1 0 -1 -1 
../tests/avg_g3_2304/avg4_0.mtx 3.2 0 -1 -1 
../tests/avg_g3_2304/avg4_0.mtx 3.3 0 -1 -1 
../tests/avg_g3_2304/avg4_0.mtx 3.4 0 -1 -1 
../tests/avg_g3_2304/avg4_0.mtx 3.5 0 -1 -1 
../tests/avg_g3_2304/avg5_0.mtx 1 393.212 0.0590799 0.79 
../tests/avg_g3_2304/avg5_0.mtx 1.1 346.883 0.0477257 0.64 
../tests/avg_g3_2304/avg5_0.mtx 1.2 444.122 0.031658 0.475 
../tests/avg_g3_2304/avg5_0.mtx 1.3 397.413 0.0207943 0.34 
../tests/avg_g3_2304/avg5_0.mtx 1.4 455.965 0.0117202 0.2 
../tests/avg_g3_2304/avg5_0.mtx 1.5 547.137 0.00669618 0.118 
../tests/avg_g3_2304/avg5_0.mtx 1.6 780.217 0.00292274 0.056 
../tests/avg_g3_2304/avg5_0.mtx 1.7 1212.98 0.00121029 0.0265 
../tests/avg_g3_2304/avg5_0.mtx 1.8 2325.46 0.000516408 0.0103922 
../tests/avg_g3_2304/avg5_0.mtx 1.9 5773.05 0.000138021 0.00322581 
../tests/avg_g3_2304/avg5_0.mtx 2 17948.9 3.6081e-05 0.000894454 
../tests/avg_g3_2304/avg5_0.mtx 2.1 0 -1 -1 
../tests/avg_g3_2304/avg5_0.mtx 2.2 0 -1 -1 
../tests/avg_g3_2304/avg5_0.mtx 2.3 0 -1 -1 
../tests/avg_g3_2304/avg5_0.mtx 2.4 0 -1 -1 
../tests/avg_g3_2304/avg5_0.mtx 2.5 0 -1 -1 
../tests/avg_g3_2304/avg5_0.mtx 2.6 0 -1 -1 
../tests/avg_g3_2304/avg5_0.mtx 2.7 0 -1 -1 
../tests/avg_g3_2304/avg5_0.mtx 2.8 0 -1 -1 
../tests/avg_g3_2304/avg5_0.mtx 2.9 0 -1 -1 
../tests/avg_g3_2304/avg5_0.mtx 3 0 -1 -1 
../tests/avg_g3_2304/avg5_0.mtx 3.1 0 -1 -1 
../tests/avg_g3_2304/avg5_0.mtx 3.2 0 -1 -1 
../tests/avg_g3_2304/avg5_0.mtx 3.3 0 -1 -1 
../tests/avg_g3_2304/avg5_0.mtx 3.4 0 -1 -1 
../tests/avg_g3_2304/avg5_0.mtx 3.5 0 -1 -1 
../tests/avg_g3_2304/avg6_0.mtx 1 290.959 0.0557986 0.75 
../tests/avg_g3_2304/avg6_0.mtx 1.1 279.21 0.0424002 0.62 
../tests/avg_g3_2304/avg6_0.mtx 1.2 261.905 0.0315278 0.5 
../tests/avg_g3_2304/avg6_0.mtx 1.3 320.534 0.0166059 0.27 
../tests/avg_g3_2304/avg6_0.mtx 1.4 436.365 0.00995117 0.1675 
../tests/avg_g3_2304/avg6_0.mtx 1.5 594.055 0.00478857 0.0842857 
../tests/avg_g3_2304/avg6_0.mtx 1.6 732.173 0.0025221 0.0463636 
../tests/avg_g3_2304/avg6_0.mtx 1.7 1275.38 0.00100911 0.0208333 
../tests/avg_g3_2304/avg6_0.mtx 1.8 2265.61 0.000417977 0.00943396 
../tests/avg_g3_2304/avg6_0.mtx 1.9 7069.81 0.000111098 0.00248756 
../tests/avg_g3_2304/avg6_0.mtx 2 19380.5 3.43183e-05 0.000788644 
../tests/avg_g3_2304/avg6_0.mtx 2.1 0 -1 -1 
../tests/avg_g3_2304/avg6_0.mtx 2.2 0 -1 -1 
../tests/avg_g3_2304/avg6_0.mtx 2.3 0 -1 -1 
../tests/avg_g3_2304/avg6_0.mtx 2.4 0 -1 -1 
../tests/avg_g3_2304/avg6_0.mtx 2.5 0 -1 -1 
../tests/avg_g3_2304/avg6_0.mtx 2.6 0 -1 -1 
../tests/avg_g3_2304/avg6_0.mtx 2.7 0 -1 -1 
../tests/avg_g3_2304/avg6_0.mtx 2.8 0 -1 -1 
../tests/avg_g3_2304/avg6_0.mtx 2.9 0 -1 -1 
../tests/avg_g3_2304/avg6_0.mtx 3 0 -1 -1 
../tests/avg_g3_2304/avg6_0.mtx 3.1 0 -1 -1 
../tests/avg_g3_2304/avg6_0.mtx 3.2 0 -1 -1 
../tests/avg_g3_2304/avg6_0.mtx 3.3 0 -1 -1 
../tests/avg_g3_2304/avg6_0.mtx 3.4 0 -1 -1 
../tests/avg_g3_2304/avg6_0.mtx 3.5 0 -1 -1 
../tests/avg_g3_2304/avg7_0.mtx 1 342.292 0.0569748 0.79 
../tests/avg_g3_2304/avg7_0.mtx 1.1 318.958 0.0426866 0.62 
../tests/avg_g3_2304/avg7_0.mtx 1.2 306.863 0.032322 0.51 
../tests/avg_g3_2304/avg7_0.mtx 1.3 395.187 0.0184158 0.29 
../tests/avg_g3_2304/avg7_0.mtx 1.4 416.886 0.010204 0.17 
../tests/avg_g3_2304/avg7_0.mtx 1.5 567.724 0.00494502 0.095 
../tests/avg_g3_2304/avg7_0.mtx 1.6 860.446 0.00224248 0.045 
../tests/avg_g3_2304/avg7_0.mtx 1.7 1308.42 0.00103624 0.0208333 
../tests/avg_g3_2304/avg7_0.mtx 1.8 3766.33 0.000285552 0.0056044 
../tests/avg_g3_2304/avg7_0.mtx 1.9 7762.43 9.60582e-05 0.00227273 
../tests/avg_g3_2304/avg7_0.mtx 2 21800.8 2.87528e-05 0.00070028 
../tests/avg_g3_2304/avg7_0.mtx 2.1 0 -1 -1 
../tests/avg_g3_2304/avg7_0.mtx 2.2 0 -1 -1 
../tests/avg_g3_2304/avg7_0.mtx 2.3 0 -1 -1 
../tests/avg_g3_2304/avg7_0.mtx 2.4 0 -1 -1 
../tests/avg_g3_2304/avg7_0.mtx 2.5 0 -1 -1 
../tests/avg_g3_2304/avg7_0.mtx 2.6 0 -1 -1 
../tests/avg_g3_2304/avg7_0.mtx 2.7 0 -1 -1 
../tests/avg_g3_2304/avg7_0.mtx 2.8 0 -1 -1 
../tests/avg_g3_2304/avg7_0.mtx 2.9 0 -1 -1 
../tests/avg_g3_2304/avg7_0.mtx 3 0 -1 -1 
../tests/avg_g3_2304/avg7_0.mtx 3.1 0 -1 -1 
../tests/avg_g3_2304/avg7_0.mtx 3.2 0 -1 -1 
../tests/avg_g3_2304/avg7_0.mtx 3.3 0 -1 -1 
../tests/avg_g3_2304/avg7_0.mtx 3.4 0 -1 -1 
../tests/avg_g3_2304/avg7_0.mtx 3.5 0 -1 -1 
../tests/avg_g3_2304/avg8_0.mtx 1 335.246 0.0586632 0.77 
../tests/avg_g3_2304/avg8_0.mtx 1.1 315.758 0.0468446 0.66 
../tests/avg_g3_2304/avg8_0.mtx 1.2 402.522 0.032105 0.485 
../tests/avg_g3_2304/avg8_0.mtx 1.3 375.626 0.0209961 0.325 
../tests/avg_g3_2304/avg8_0.mtx 1.4 416.2 0.01261 0.203333 
../tests/avg_g3_2304/avg8_0.mtx 1.5 527.766 0.00636632 0.118 
../tests/avg_g3_2304/avg8_0.mtx 1.6 931.065 0.00202758 0.0423077 
../tests/avg_g3_2304/avg8_0.mtx 1.7 1536.87 0.000744823 0.0178571 
../tests/avg_g3_2304/avg8_0.mtx 1.8 2928.81 0.000342619 0.00772727 
../tests/avg_g3_2304/avg8_0.mtx 1.9 6637.56 0.000113255 0.00276243 
../tests/avg_g3_2304/avg8_0.mtx 2 16404.5 3.36309e-05 0.000967118 
../tests/avg_g3_2304/avg8_0.mtx 2.1 0 -1 -1 
../tests/avg_g3_2304/avg8_0.mtx 2.2 0 -1 -1 
../tests/avg_g3_2304/avg8_0.mtx 2.3 0 -1 -1 
../tests/avg_g3_2304/avg8_0.mtx 2.4 0 -1 -1 
../tests/avg_g3_2304/avg8_0.mtx 2.5 0 -1 -1 
../tests/avg_g3_2304/avg8_0.mtx 2.6 0 -1 -1 
../tests/avg_g3_2304/avg8_0.mtx 2.7 0 -1 -1 
../tests/avg_g3_2304/avg8_0.mtx 2.8 0 -1 -1 
../tests/avg_g3_2304/avg8_0.mtx 2.9 0 -1 -1 
../tests/avg_g3_2304/avg8_0.mtx 3 0 -1 -1 
../tests/avg_g3_2304/avg8_0.mtx 3.1 0 -1 -1 
../tests/avg_g3_2304/avg8_0.mtx 3.2 0 -1 -1 
../tests/avg_g3_2304/avg8_0.mtx 3.3 0 -1 -1 
../tests/avg_g3_2304/avg8_0.mtx 3.4 0 -1 -1 
../tests/avg_g3_2304/avg8_0.mtx 3.5 0 -1 -1 
../tests/avg_g3_2304/avg9_0.mtx 1 316.908 0.0548047 0.74 
../tests/avg_g3_2304/avg9_0.mtx 1.1 300.233 0.0455773 0.63 
../tests/avg_g3_2304/avg9_0.mtx 1.2 375.916 0.032105 0.475 
../tests/avg_g3_2304/avg9_0.mtx 1.3 351.367 0.019082 0.295 
../tests/avg_g3_2304/avg9_0.mtx 1.4 397.315 0.0121166 0.196667 
../tests/avg_g3_2304/avg9_0.mtx 1.5 507.218 0.00642535 0.112 
../tests/avg_g3_2304/avg9_0.mtx 1.6 736.401 0.00259592 0.05 
../tests/avg_g3_2304/avg9_0.mtx 1.7 1567.22 0.000965712 0.0176667 
../tests/avg_g3_2304/avg9_0.mtx 1.8 3563.94 0.000292349 0.00595238 
../tests/avg_g3_2304/avg9_0.mtx 1.9 7977.07 8.71528e-05 0.00222222 
../tests/avg_g3_2304/avg9_0.mtx 2 18601.5 3.555e-05 0.000829187 
../tests/avg_g3_2304/avg9_0.mtx 2.1 0 -1 -1 
../tests/avg_g3_2304/avg9_0.mtx 2.2 0 -1 -1 
../tests/avg_g3_2304/avg9_0.mtx 2.3 0 -1 -1 
../tests/avg_g3_2304/avg9_0.mtx 2.4 0 -1 -1 
../tests/avg_g3_2304/avg9_0.mtx 2.5 0 -1 -1 
../tests/avg_g3_2304/avg9_0.mtx 2.6 0 -1 -1 
../tests/avg_g3_2304/avg9_0.mtx 2.7 0 -1 -1 
../tests/avg_g3_2304/avg9_0.mtx 2.8 0 -1 -1 
../tests/avg_g3_2304/avg9_0.mtx 2.9 0 -1 -1 
../tests/avg_g3_2304/avg9_0.mtx 3 0 -1 -1 
../tests/avg_g3_2304/avg9_0.mtx 3.1 0 -1 -1 
../tests/avg_g3_2304/avg9_0.mtx 3.2 0 -1 -1 
../tests/avg_g3_2304/avg9_0.mtx 3.3 0 -1 -1 
../tests/avg_g3_2304/avg9_0.mtx 3.4 0 -1 -1 
../tests/avg_g3_2304/avg9_0.mtx 3.5 0 -1 -1 
