Results
Filename SNR Time(ms) BER FER
/home/antonkov/masterWork/tests/samePrefixMarkedMtx/depth1/node0/test0_0.mtx 1 121.623 0.0723003 0.76 
/home/antonkov/masterWork/tests/samePrefixMarkedMtx/depth1/node0/test0_0.mtx 1.1 96.8984 0.0612847 0.66 
/home/antonkov/masterWork/tests/samePrefixMarkedMtx/depth1/node0/test0_0.mtx 1.2 90.0759 0.0521615 0.58 
/home/antonkov/masterWork/tests/samePrefixMarkedMtx/depth1/node0/test0_0.mtx 1.3 82.6563 0.0458594 0.535 
/home/antonkov/masterWork/tests/samePrefixMarkedMtx/depth1/node0/test0_0.mtx 1.4 109.423 0.0389641 0.473333 
/home/antonkov/masterWork/tests/samePrefixMarkedMtx/depth1/node0/test0_0.mtx 1.5 99.5926 0.0294502 0.373333 
/home/antonkov/masterWork/tests/samePrefixMarkedMtx/depth1/node0/test0_0.mtx 1.6 112.022 0.0208637 0.265 
/home/antonkov/masterWork/tests/samePrefixMarkedMtx/depth1/node0/test0_0.mtx 1.7 144.493 0.0162037 0.208333 
/home/antonkov/masterWork/tests/samePrefixMarkedMtx/depth1/node0/test0_0.mtx 1.8 151.845 0.0121677 0.162857 
/home/antonkov/masterWork/tests/samePrefixMarkedMtx/depth1/node0/test0_0.mtx 1.9 177.629 0.00869599 0.114444 
/home/antonkov/masterWork/tests/samePrefixMarkedMtx/depth1/node0/test0_0.mtx 2 223.194 0.00653713 0.0869231 
/home/antonkov/masterWork/tests/samePrefixMarkedMtx/depth1/node0/test0_0.mtx 2.1 287.641 0.00377558 0.0536842 
/home/antonkov/masterWork/tests/samePrefixMarkedMtx/depth1/node0/test0_0.mtx 2.2 375.449 0.00275013 0.0385185 
/home/antonkov/masterWork/tests/samePrefixMarkedMtx/depth1/node0/test0_0.mtx 2.3 491.614 0.00167665 0.02525 
/home/antonkov/masterWork/tests/samePrefixMarkedMtx/depth1/node0/test0_0.mtx 2.4 704.582 0.000919863 0.015873 
/home/antonkov/masterWork/tests/samePrefixMarkedMtx/depth1/node0/test0_0.mtx 2.5 1089.81 0.000488182 0.00917431 
/home/antonkov/masterWork/tests/samePrefixMarkedMtx/depth1/node0/test0_0.mtx 2.6 1385.7 0.000295477 0.00655844 
/home/antonkov/masterWork/tests/samePrefixMarkedMtx/depth1/node0/test0_0.mtx 2.7 1810.9 0.000179757 0.00442478 
/home/antonkov/masterWork/tests/samePrefixMarkedMtx/depth1/node0/test0_0.mtx 2.8 2711.42 0.000102069 0.00257069 
/home/antonkov/masterWork/tests/samePrefixMarkedMtx/depth1/node0/test0_0.mtx 2.9 3414.59 6.51121e-05 0.00182149 
/home/antonkov/masterWork/tests/samePrefixMarkedMtx/depth1/node0/test0_0.mtx 3 4402.11 3.66885e-05 0.001287 
/home/antonkov/masterWork/tests/samePrefixMarkedMtx/depth1/node0/test0_0.mtx 3.1 5813.25 1.68016e-05 0.000895255 
/home/antonkov/masterWork/tests/samePrefixMarkedMtx/depth1/node0/test0_0.mtx 3.2 0 -1 -1 
/home/antonkov/masterWork/tests/samePrefixMarkedMtx/depth1/node0/test0_0.mtx 3.3 0 -1 -1 
/home/antonkov/masterWork/tests/samePrefixMarkedMtx/depth1/node0/test0_0.mtx 3.4 0 -1 -1 
/home/antonkov/masterWork/tests/samePrefixMarkedMtx/depth1/node0/test0_0.mtx 3.5 0 -1 -1 
/home/antonkov/masterWork/tests/samePrefixMarkedMtx/depth1/node0/test0_1.mtx 1 98.4513 0.0708247 0.745 
/home/antonkov/masterWork/tests/samePrefixMarkedMtx/depth1/node0/test0_1.mtx 1.1 91.0502 0.0607205 0.665 
/home/antonkov/masterWork/tests/samePrefixMarkedMtx/depth1/node0/test0_1.mtx 1.2 87.2643 0.0503212 0.555 
/home/antonkov/masterWork/tests/samePrefixMarkedMtx/depth1/node0/test0_1.mtx 1.3 108.095 0.0396701 0.45 
/home/antonkov/masterWork/tests/samePrefixMarkedMtx/depth1/node0/test0_1.mtx 1.4 105.569 0.0318808 0.37 
/home/antonkov/masterWork/tests/samePrefixMarkedMtx/depth1/node0/test0_1.mtx 1.5 120.661 0.0261892 0.3225 
/home/antonkov/masterWork/tests/samePrefixMarkedMtx/depth1/node0/test0_1.mtx 1.6 110.797 0.0206597 0.2625 
/home/antonkov/masterWork/tests/samePrefixMarkedMtx/depth1/node0/test0_1.mtx 1.7 148.274 0.0169271 0.208333 
/home/antonkov/masterWork/tests/samePrefixMarkedMtx/depth1/node0/test0_1.mtx 1.8 146.252 0.0118527 0.15 
/home/antonkov/masterWork/tests/samePrefixMarkedMtx/depth1/node0/test0_1.mtx 1.9 175.069 0.00901427 0.112222 
/home/antonkov/masterWork/tests/samePrefixMarkedMtx/depth1/node0/test0_1.mtx 2 224.683 0.00666934 0.0823077 
/home/antonkov/masterWork/tests/samePrefixMarkedMtx/depth1/node0/test0_1.mtx 2.1 285.029 0.00428723 0.0555556 
/home/antonkov/masterWork/tests/samePrefixMarkedMtx/depth1/node0/test0_1.mtx 2.2 397.874 0.00256481 0.0343333 
/home/antonkov/masterWork/tests/samePrefixMarkedMtx/depth1/node0/test0_1.mtx 2.3 491.502 0.00181944 0.0255 
/home/antonkov/masterWork/tests/samePrefixMarkedMtx/depth1/node0/test0_1.mtx 2.4 668.398 0.00120048 0.0165574 
/home/antonkov/masterWork/tests/samePrefixMarkedMtx/depth1/node0/test0_1.mtx 2.5 1012.1 0.000661706 0.00952381 
/home/antonkov/masterWork/tests/samePrefixMarkedMtx/depth1/node0/test0_1.mtx 2.6 1644.64 0.00035295 0.00520619 
/home/antonkov/masterWork/tests/samePrefixMarkedMtx/depth1/node0/test0_1.mtx 2.7 2735.59 0.000178801 0.00271739 
/home/antonkov/masterWork/tests/samePrefixMarkedMtx/depth1/node0/test0_1.mtx 2.8 3495.26 0.000121628 0.00191939 
/home/antonkov/masterWork/tests/samePrefixMarkedMtx/depth1/node0/test0_1.mtx 2.9 5904.47 6.00582e-05 0.00101626 
/home/antonkov/masterWork/tests/samePrefixMarkedMtx/depth1/node0/test0_1.mtx 3 10017.9 2.95437e-05 0.000536481 
/home/antonkov/masterWork/tests/samePrefixMarkedMtx/depth1/node0/test0_1.mtx 3.1 0 -1 -1 
/home/antonkov/masterWork/tests/samePrefixMarkedMtx/depth1/node0/test0_1.mtx 3.2 0 -1 -1 
/home/antonkov/masterWork/tests/samePrefixMarkedMtx/depth1/node0/test0_1.mtx 3.3 0 -1 -1 
/home/antonkov/masterWork/tests/samePrefixMarkedMtx/depth1/node0/test0_1.mtx 3.4 0 -1 -1 
/home/antonkov/masterWork/tests/samePrefixMarkedMtx/depth1/node0/test0_1.mtx 3.5 0 -1 -1 
/home/antonkov/masterWork/tests/samePrefixMarkedMtx/depth1/node0/test0_2.mtx 1 104.847 0.0735503 0.755 
/home/antonkov/masterWork/tests/samePrefixMarkedMtx/depth1/node0/test0_2.mtx 1.1 94.1467 0.0640712 0.67 
/home/antonkov/masterWork/tests/samePrefixMarkedMtx/depth1/node0/test0_2.mtx 1.2 86.7931 0.0553385 0.595 
/home/antonkov/masterWork/tests/samePrefixMarkedMtx/depth1/node0/test0_2.mtx 1.3 84.3453 0.0468142 0.535 
/home/antonkov/masterWork/tests/samePrefixMarkedMtx/depth1/node0/test0_2.mtx 1.4 104.904 0.037037 0.423333 
/home/antonkov/masterWork/tests/samePrefixMarkedMtx/depth1/node0/test0_2.mtx 1.5 122.62 0.026875 0.3125 
/home/antonkov/masterWork/tests/samePrefixMarkedMtx/depth1/node0/test0_2.mtx 1.6 115.054 0.0216102 0.2575 
/home/antonkov/masterWork/tests/samePrefixMarkedMtx/depth1/node0/test0_2.mtx 1.7 124.986 0.0160486 0.2 
/home/antonkov/masterWork/tests/samePrefixMarkedMtx/depth1/node0/test0_2.mtx 1.8 155.045 0.0123289 0.158571 
/home/antonkov/masterWork/tests/samePrefixMarkedMtx/depth1/node0/test0_2.mtx 1.9 177.159 0.00906443 0.115556 
/home/antonkov/masterWork/tests/samePrefixMarkedMtx/depth1/node0/test0_2.mtx 2 223.231 0.00587607 0.0776923 
/home/antonkov/masterWork/tests/samePrefixMarkedMtx/depth1/node0/test0_2.mtx 2.1 306.298 0.00354828 0.0480952 
/home/antonkov/masterWork/tests/samePrefixMarkedMtx/depth1/node0/test0_2.mtx 2.2 373.635 0.00263567 0.0377778 
/home/antonkov/masterWork/tests/samePrefixMarkedMtx/depth1/node0/test0_2.mtx 2.3 455.997 0.00180649 0.027027 
/home/antonkov/masterWork/tests/samePrefixMarkedMtx/depth1/node0/test0_2.mtx 2.4 717.753 0.00108387 0.0156923 
/home/antonkov/masterWork/tests/samePrefixMarkedMtx/depth1/node0/test0_2.mtx 2.5 1189.23 0.00052016 0.00775194 
/home/antonkov/masterWork/tests/samePrefixMarkedMtx/depth1/node0/test0_2.mtx 2.6 1754.46 0.000311337 0.00478469 
/home/antonkov/masterWork/tests/samePrefixMarkedMtx/depth1/node0/test0_2.mtx 2.7 2565.49 0.000179615 0.00288184 
/home/antonkov/masterWork/tests/samePrefixMarkedMtx/depth1/node0/test0_2.mtx 2.8 4240.85 9.79986e-05 0.00153139 
/home/antonkov/masterWork/tests/samePrefixMarkedMtx/depth1/node0/test0_2.mtx 2.9 6277.49 5.50683e-05 0.000929368 
/home/antonkov/masterWork/tests/samePrefixMarkedMtx/depth1/node0/test0_2.mtx 3 0 -1 -1 
/home/antonkov/masterWork/tests/samePrefixMarkedMtx/depth1/node0/test0_2.mtx 3.1 0 -1 -1 
/home/antonkov/masterWork/tests/samePrefixMarkedMtx/depth1/node0/test0_2.mtx 3.2 0 -1 -1 
/home/antonkov/masterWork/tests/samePrefixMarkedMtx/depth1/node0/test0_2.mtx 3.3 0 -1 -1 
/home/antonkov/masterWork/tests/samePrefixMarkedMtx/depth1/node0/test0_2.mtx 3.4 0 -1 -1 
/home/antonkov/masterWork/tests/samePrefixMarkedMtx/depth1/node0/test0_2.mtx 3.5 0 -1 -1 
/home/antonkov/masterWork/tests/samePrefixMarkedMtx/depth1/node0/test0_3.mtx 1 102.314 0.0786719 0.805 
/home/antonkov/masterWork/tests/samePrefixMarkedMtx/depth1/node0/test0_3.mtx 1.1 100.509 0.0708247 0.75 
/home/antonkov/masterWork/tests/samePrefixMarkedMtx/depth1/node0/test0_3.mtx 1.2 94.9739 0.0619444 0.665 
/home/antonkov/masterWork/tests/samePrefixMarkedMtx/depth1/node0/test0_3.mtx 1.3 85.4219 0.0542361 0.61 
/home/antonkov/masterWork/tests/samePrefixMarkedMtx/depth1/node0/test0_3.mtx 1.4 81.5891 0.0439931 0.515 
/home/antonkov/masterWork/tests/samePrefixMarkedMtx/depth1/node0/test0_3.mtx 1.5 105.957 0.0320255 0.383333 
/home/antonkov/masterWork/tests/samePrefixMarkedMtx/depth1/node0/test0_3.mtx 1.6 118.771 0.0243186 0.29 
/home/antonkov/masterWork/tests/samePrefixMarkedMtx/depth1/node0/test0_3.mtx 1.7 126.479 0.0177743 0.222 
/home/antonkov/masterWork/tests/samePrefixMarkedMtx/depth1/node0/test0_3.mtx 1.8 132.722 0.0140741 0.178333 
/home/antonkov/masterWork/tests/samePrefixMarkedMtx/depth1/node0/test0_3.mtx 1.9 178.682 0.00868441 0.112222 
/home/antonkov/masterWork/tests/samePrefixMarkedMtx/depth1/node0/test0_3.mtx 2 229.084 0.0053559 0.0714286 
/home/antonkov/masterWork/tests/samePrefixMarkedMtx/depth1/node0/test0_3.mtx 2.1 314.01 0.00374448 0.0481818 
/home/antonkov/masterWork/tests/samePrefixMarkedMtx/depth1/node0/test0_3.mtx 2.2 376.735 0.00257483 0.0344828 
/home/antonkov/masterWork/tests/samePrefixMarkedMtx/depth1/node0/test0_3.mtx 2.3 495.185 0.00184234 0.0242857 
/home/antonkov/masterWork/tests/samePrefixMarkedMtx/depth1/node0/test0_3.mtx 2.4 683.504 0.00116048 0.0160937 
/home/antonkov/masterWork/tests/samePrefixMarkedMtx/depth1/node0/test0_3.mtx 2.5 1147.35 0.000588855 0.00819672 
/home/antonkov/masterWork/tests/samePrefixMarkedMtx/depth1/node0/test0_3.mtx 2.6 1853.01 0.000325578 0.00440529 
/home/antonkov/masterWork/tests/samePrefixMarkedMtx/depth1/node0/test0_3.mtx 2.7 2544.45 0.000180128 0.00280112 
/home/antonkov/masterWork/tests/samePrefixMarkedMtx/depth1/node0/test0_3.mtx 2.8 4453.96 9.62976e-05 0.00141643 
/home/antonkov/masterWork/tests/samePrefixMarkedMtx/depth1/node0/test0_3.mtx 2.9 7577.92 4.60358e-05 0.000738007 
/home/antonkov/masterWork/tests/samePrefixMarkedMtx/depth1/node0/test0_3.mtx 3 0 -1 -1 
/home/antonkov/masterWork/tests/samePrefixMarkedMtx/depth1/node0/test0_3.mtx 3.1 0 -1 -1 
/home/antonkov/masterWork/tests/samePrefixMarkedMtx/depth1/node0/test0_3.mtx 3.2 0 -1 -1 
/home/antonkov/masterWork/tests/samePrefixMarkedMtx/depth1/node0/test0_3.mtx 3.3 0 -1 -1 
/home/antonkov/masterWork/tests/samePrefixMarkedMtx/depth1/node0/test0_3.mtx 3.4 0 -1 -1 
/home/antonkov/masterWork/tests/samePrefixMarkedMtx/depth1/node0/test0_3.mtx 3.5 0 -1 -1 
/home/antonkov/masterWork/tests/samePrefixMarkedMtx/depth1/node0/test0_4.mtx 1 103.021 0.0765017 0.8 
/home/antonkov/masterWork/tests/samePrefixMarkedMtx/depth1/node0/test0_4.mtx 1.1 100.568 0.0657552 0.725 
/home/antonkov/masterWork/tests/samePrefixMarkedMtx/depth1/node0/test0_4.mtx 1.2 88.8778 0.0569184 0.62 
/home/antonkov/masterWork/tests/samePrefixMarkedMtx/depth1/node0/test0_4.mtx 1.3 85.1846 0.046224 0.535 
/home/antonkov/masterWork/tests/samePrefixMarkedMtx/depth1/node0/test0_4.mtx 1.4 105.717 0.0359028 0.43 
/home/antonkov/masterWork/tests/samePrefixMarkedMtx/depth1/node0/test0_4.mtx 1.5 122.963 0.0266146 0.3275 
/home/antonkov/masterWork/tests/samePrefixMarkedMtx/depth1/node0/test0_4.mtx 1.6 131.569 0.0205104 0.25 
/home/antonkov/masterWork/tests/samePrefixMarkedMtx/depth1/node0/test0_4.mtx 1.7 146.239 0.0168953 0.201667 
/home/antonkov/masterWork/tests/samePrefixMarkedMtx/depth1/node0/test0_4.mtx 1.8 150.32 0.0121999 0.15 
/home/antonkov/masterWork/tests/samePrefixMarkedMtx/depth1/node0/test0_4.mtx 1.9 187.126 0.00903299 0.11 
/home/antonkov/masterWork/tests/samePrefixMarkedMtx/depth1/node0/test0_4.mtx 2 212.93 0.00612847 0.0769231 
/home/antonkov/masterWork/tests/samePrefixMarkedMtx/depth1/node0/test0_4.mtx 2.1 298.005 0.00396747 0.0536842 
/home/antonkov/masterWork/tests/samePrefixMarkedMtx/depth1/node0/test0_4.mtx 2.2 387.639 0.00259758 0.0355172 
/home/antonkov/masterWork/tests/samePrefixMarkedMtx/depth1/node0/test0_4.mtx 2.3 518.643 0.0016832 0.0242857 
/home/antonkov/masterWork/tests/samePrefixMarkedMtx/depth1/node0/test0_4.mtx 2.4 741.745 0.00106771 0.0148529 
/home/antonkov/masterWork/tests/samePrefixMarkedMtx/depth1/node0/test0_4.mtx 2.5 1047.54 0.000641063 0.00934579 
/home/antonkov/masterWork/tests/samePrefixMarkedMtx/depth1/node0/test0_4.mtx 2.6 1451.22 0.000413652 0.0060479 
/home/antonkov/masterWork/tests/samePrefixMarkedMtx/depth1/node0/test0_4.mtx 2.7 2418.48 0.000199518 0.00309598 
/home/antonkov/masterWork/tests/samePrefixMarkedMtx/depth1/node0/test0_4.mtx 2.8 3899.71 9.97166e-05 0.00168634 
/home/antonkov/masterWork/tests/samePrefixMarkedMtx/depth1/node0/test0_4.mtx 2.9 5877.81 5.59336e-05 0.00100806 
/home/antonkov/masterWork/tests/samePrefixMarkedMtx/depth1/node0/test0_4.mtx 3 12173.2 2.41177e-05 0.0004363 
/home/antonkov/masterWork/tests/samePrefixMarkedMtx/depth1/node0/test0_4.mtx 3.1 0 -1 -1 
/home/antonkov/masterWork/tests/samePrefixMarkedMtx/depth1/node0/test0_4.mtx 3.2 0 -1 -1 
/home/antonkov/masterWork/tests/samePrefixMarkedMtx/depth1/node0/test0_4.mtx 3.3 0 -1 -1 
/home/antonkov/masterWork/tests/samePrefixMarkedMtx/depth1/node0/test0_4.mtx 3.4 0 -1 -1 
/home/antonkov/masterWork/tests/samePrefixMarkedMtx/depth1/node0/test0_4.mtx 3.5 0 -1 -1 
/home/antonkov/masterWork/tests/samePrefixMarkedMtx/depth1/node0/test1_0.mtx 1 98.0197 0.0707292 0.705 
/home/antonkov/masterWork/tests/samePrefixMarkedMtx/depth1/node0/test1_0.mtx 1.1 92.0596 0.0634549 0.655 
/home/antonkov/masterWork/tests/samePrefixMarkedMtx/depth1/node0/test1_0.mtx 1.2 90.1002 0.054184 0.58 
/home/antonkov/masterWork/tests/samePrefixMarkedMtx/depth1/node0/test1_0.mtx 1.3 86.4675 0.0469531 0.515 
/home/antonkov/masterWork/tests/samePrefixMarkedMtx/depth1/node0/test1_0.mtx 1.4 105.967 0.0384549 0.446667 
/home/antonkov/masterWork/tests/samePrefixMarkedMtx/depth1/node0/test1_0.mtx 1.5 100.974 0.0304688 0.36 
/home/antonkov/masterWork/tests/samePrefixMarkedMtx/depth1/node0/test1_0.mtx 1.6 115.872 0.0221398 0.26 
/home/antonkov/masterWork/tests/samePrefixMarkedMtx/depth1/node0/test1_0.mtx 1.7 126.543 0.0163403 0.2 
/home/antonkov/masterWork/tests/samePrefixMarkedMtx/depth1/node0/test1_0.mtx 1.8 150.093 0.0111756 0.142857 
/home/antonkov/masterWork/tests/samePrefixMarkedMtx/depth1/node0/test1_0.mtx 1.9 184.596 0.00847743 0.106 
/home/antonkov/masterWork/tests/samePrefixMarkedMtx/depth1/node0/test1_0.mtx 2 246.198 0.00520139 0.0666667 
/home/antonkov/masterWork/tests/samePrefixMarkedMtx/depth1/node0/test1_0.mtx 2.1 294.474 0.00365191 0.0505 
/home/antonkov/masterWork/tests/samePrefixMarkedMtx/depth1/node0/test1_0.mtx 2.2 433.062 0.0022359 0.0309091 
/home/antonkov/masterWork/tests/samePrefixMarkedMtx/depth1/node0/test1_0.mtx 2.3 593.851 0.00139093 0.0201961 
/home/antonkov/masterWork/tests/samePrefixMarkedMtx/depth1/node0/test1_0.mtx 2.4 836.483 0.000866555 0.0123457 
/home/antonkov/masterWork/tests/samePrefixMarkedMtx/depth1/node0/test1_0.mtx 2.5 1331.71 0.000446687 0.00694444 
/home/antonkov/masterWork/tests/samePrefixMarkedMtx/depth1/node0/test1_0.mtx 2.6 2054.4 0.000231834 0.00380228 
/home/antonkov/masterWork/tests/samePrefixMarkedMtx/depth1/node0/test1_0.mtx 2.7 2935.66 0.000140273 0.00241546 
/home/antonkov/masterWork/tests/samePrefixMarkedMtx/depth1/node0/test1_0.mtx 2.8 4307.56 7.91174e-05 0.00144718 
/home/antonkov/masterWork/tests/samePrefixMarkedMtx/depth1/node0/test1_0.mtx 2.9 5931.8 4.7163e-05 0.000947867 
/home/antonkov/masterWork/tests/samePrefixMarkedMtx/depth1/node0/test1_0.mtx 3 0 -1 -1 
/home/antonkov/masterWork/tests/samePrefixMarkedMtx/depth1/node0/test1_0.mtx 3.1 0 -1 -1 
/home/antonkov/masterWork/tests/samePrefixMarkedMtx/depth1/node0/test1_0.mtx 3.2 0 -1 -1 
/home/antonkov/masterWork/tests/samePrefixMarkedMtx/depth1/node0/test1_0.mtx 3.3 0 -1 -1 
/home/antonkov/masterWork/tests/samePrefixMarkedMtx/depth1/node0/test1_0.mtx 3.4 0 -1 -1 
/home/antonkov/masterWork/tests/samePrefixMarkedMtx/depth1/node0/test1_0.mtx 3.5 0 -1 -1 
/home/antonkov/masterWork/tests/samePrefixMarkedMtx/depth1/node0/test1_1.mtx 1 102.185 0.0723177 0.745 
/home/antonkov/masterWork/tests/samePrefixMarkedMtx/depth1/node0/test1_1.mtx 1.1 93.7147 0.0628819 0.68 
/home/antonkov/masterWork/tests/samePrefixMarkedMtx/depth1/node0/test1_1.mtx 1.2 90.7141 0.053316 0.6 
/home/antonkov/masterWork/tests/samePrefixMarkedMtx/depth1/node0/test1_1.mtx 1.3 83.7463 0.0429774 0.515 
/home/antonkov/masterWork/tests/samePrefixMarkedMtx/depth1/node0/test1_1.mtx 1.4 111.02 0.0364468 0.45 
/home/antonkov/masterWork/tests/samePrefixMarkedMtx/depth1/node0/test1_1.mtx 1.5 101.002 0.0294039 0.37 
/home/antonkov/masterWork/tests/samePrefixMarkedMtx/depth1/node0/test1_1.mtx 1.6 123.42 0.0230599 0.3175 
/home/antonkov/masterWork/tests/samePrefixMarkedMtx/depth1/node0/test1_1.mtx 1.7 133.785 0.0164965 0.24 
/home/antonkov/masterWork/tests/samePrefixMarkedMtx/depth1/node0/test1_1.mtx 1.8 140.31 0.0130295 0.181667 
/home/antonkov/masterWork/tests/samePrefixMarkedMtx/depth1/node0/test1_1.mtx 1.9 180.96 0.00857446 0.132222 
/home/antonkov/masterWork/tests/samePrefixMarkedMtx/depth1/node0/test1_1.mtx 2 185.913 0.00613021 0.101 
/home/antonkov/masterWork/tests/samePrefixMarkedMtx/depth1/node0/test1_1.mtx 2.1 232.698 0.00446057 0.0764286 
/home/antonkov/masterWork/tests/samePrefixMarkedMtx/depth1/node0/test1_1.mtx 2.2 280.703 0.00288773 0.0566667 
/home/antonkov/masterWork/tests/samePrefixMarkedMtx/depth1/node0/test1_1.mtx 2.3 357.691 0.0017375 0.0404 
/home/antonkov/masterWork/tests/samePrefixMarkedMtx/depth1/node0/test1_1.mtx 2.4 447.467 0.00102679 0.0285714 
/home/antonkov/masterWork/tests/samePrefixMarkedMtx/depth1/node0/test1_1.mtx 2.5 536.292 0.000526117 0.0219565 
/home/antonkov/masterWork/tests/samePrefixMarkedMtx/depth1/node0/test1_1.mtx 2.6 632.06 0.00042864 0.0174138 
/home/antonkov/masterWork/tests/samePrefixMarkedMtx/depth1/node0/test1_1.mtx 2.7 665.507 0.00035016 0.0153846 
/home/antonkov/masterWork/tests/samePrefixMarkedMtx/depth1/node0/test1_1.mtx 2.8 811.423 0.00015563 0.0120238 
/home/antonkov/masterWork/tests/samePrefixMarkedMtx/depth1/node0/test1_1.mtx 2.9 862.733 0.000101635 0.0104167 
/home/antonkov/masterWork/tests/samePrefixMarkedMtx/depth1/node0/test1_1.mtx 3 959.168 8.93945e-05 0.00877193 
/home/antonkov/masterWork/tests/samePrefixMarkedMtx/depth1/node0/test1_1.mtx 3.1 1041.43 5.53467e-05 0.0075188 
/home/antonkov/masterWork/tests/samePrefixMarkedMtx/depth1/node0/test1_1.mtx 3.2 1123.85 4.24383e-05 0.00653595 
/home/antonkov/masterWork/tests/samePrefixMarkedMtx/depth1/node0/test1_1.mtx 3.3 1231.6 3.59973e-05 0.00564972 
/home/antonkov/masterWork/tests/samePrefixMarkedMtx/depth1/node0/test1_1.mtx 3.4 1345.76 3.25946e-05 0.00490196 
/home/antonkov/masterWork/tests/samePrefixMarkedMtx/depth1/node0/test1_1.mtx 3.5 1463.88 2.49032e-05 0.00409836 
/home/antonkov/masterWork/tests/samePrefixMarkedMtx/depth1/node0/test1_2.mtx 1 99.7045 0.0706163 0.715 
/home/antonkov/masterWork/tests/samePrefixMarkedMtx/depth1/node0/test1_2.mtx 1.1 94.2277 0.0614323 0.645 
/home/antonkov/masterWork/tests/samePrefixMarkedMtx/depth1/node0/test1_2.mtx 1.2 87.8761 0.0520573 0.555 
/home/antonkov/masterWork/tests/samePrefixMarkedMtx/depth1/node0/test1_2.mtx 1.3 114.478 0.0443403 0.486667 
/home/antonkov/masterWork/tests/samePrefixMarkedMtx/depth1/node0/test1_2.mtx 1.4 108.454 0.0369618 0.416667 
/home/antonkov/masterWork/tests/samePrefixMarkedMtx/depth1/node0/test1_2.mtx 1.5 99.7641 0.0290451 0.336667 
/home/antonkov/masterWork/tests/samePrefixMarkedMtx/depth1/node0/test1_2.mtx 1.6 134.975 0.0201979 0.24 
/home/antonkov/masterWork/tests/samePrefixMarkedMtx/depth1/node0/test1_2.mtx 1.7 142.174 0.0161777 0.198333 
/home/antonkov/masterWork/tests/samePrefixMarkedMtx/depth1/node0/test1_2.mtx 1.8 149.277 0.011756 0.148571 
/home/antonkov/masterWork/tests/samePrefixMarkedMtx/depth1/node0/test1_2.mtx 1.9 169.959 0.00913387 0.117778 
/home/antonkov/masterWork/tests/samePrefixMarkedMtx/depth1/node0/test1_2.mtx 2 218.655 0.00561031 0.0792308 
/home/antonkov/masterWork/tests/samePrefixMarkedMtx/depth1/node0/test1_2.mtx 2.1 328.662 0.00320199 0.0443478 
/home/antonkov/masterWork/tests/samePrefixMarkedMtx/depth1/node0/test1_2.mtx 2.2 430.492 0.00197548 0.0306061 
/home/antonkov/masterWork/tests/samePrefixMarkedMtx/depth1/node0/test1_2.mtx 2.3 596.92 0.00129514 0.02 
/home/antonkov/masterWork/tests/samePrefixMarkedMtx/depth1/node0/test1_2.mtx 2.4 815.518 0.000760056 0.0131169 
/home/antonkov/masterWork/tests/samePrefixMarkedMtx/depth1/node0/test1_2.mtx 2.5 1189.73 0.000424012 0.00769231 
/home/antonkov/masterWork/tests/samePrefixMarkedMtx/depth1/node0/test1_2.mtx 2.6 1667.81 0.000222514 0.00495049 
/home/antonkov/masterWork/tests/samePrefixMarkedMtx/depth1/node0/test1_2.mtx 2.7 1986.45 0.000147536 0.00380228 
/home/antonkov/masterWork/tests/samePrefixMarkedMtx/depth1/node0/test1_2.mtx 2.8 2575.19 9.97797e-05 0.00268817 
/home/antonkov/masterWork/tests/samePrefixMarkedMtx/depth1/node0/test1_2.mtx 2.9 2818.87 6.0214e-05 0.00226244 
/home/antonkov/masterWork/tests/samePrefixMarkedMtx/depth1/node0/test1_2.mtx 3 4074.67 2.87628e-05 0.00141844 
/home/antonkov/masterWork/tests/samePrefixMarkedMtx/depth1/node0/test1_2.mtx 3.1 4593.74 1.82674e-05 0.00116009 
/home/antonkov/masterWork/tests/samePrefixMarkedMtx/depth1/node0/test1_2.mtx 3.2 5107.08 1.1698e-05 0.00097371 
/home/antonkov/masterWork/tests/samePrefixMarkedMtx/depth1/node0/test1_2.mtx 3.3 0 -1 -1 
/home/antonkov/masterWork/tests/samePrefixMarkedMtx/depth1/node0/test1_2.mtx 3.4 0 -1 -1 
/home/antonkov/masterWork/tests/samePrefixMarkedMtx/depth1/node0/test1_2.mtx 3.5 0 -1 -1 
/home/antonkov/masterWork/tests/samePrefixMarkedMtx/depth1/node0/test1_3.mtx 1 100.838 0.0707118 0.76 
/home/antonkov/masterWork/tests/samePrefixMarkedMtx/depth1/node0/test1_3.mtx 1.1 95.7334 0.0607465 0.675 
/home/antonkov/masterWork/tests/samePrefixMarkedMtx/depth1/node0/test1_3.mtx 1.2 92.057 0.0521441 0.605 
/home/antonkov/masterWork/tests/samePrefixMarkedMtx/depth1/node0/test1_3.mtx 1.3 85.1226 0.0413021 0.515 
/home/antonkov/masterWork/tests/samePrefixMarkedMtx/depth1/node0/test1_3.mtx 1.4 108.392 0.0344734 0.433333 
/home/antonkov/masterWork/tests/samePrefixMarkedMtx/depth1/node0/test1_3.mtx 1.5 103.033 0.0273032 0.346667 
/home/antonkov/masterWork/tests/samePrefixMarkedMtx/depth1/node0/test1_3.mtx 1.6 117.278 0.0199306 0.28 
/home/antonkov/masterWork/tests/samePrefixMarkedMtx/depth1/node0/test1_3.mtx 1.7 125.648 0.0158576 0.222 
/home/antonkov/masterWork/tests/samePrefixMarkedMtx/depth1/node0/test1_3.mtx 1.8 137.56 0.0122367 0.191667 
/home/antonkov/masterWork/tests/samePrefixMarkedMtx/depth1/node0/test1_3.mtx 1.9 183.04 0.00816937 0.134444 
/home/antonkov/masterWork/tests/samePrefixMarkedMtx/depth1/node0/test1_3.mtx 2 185.337 0.00593056 0.103 
/home/antonkov/masterWork/tests/samePrefixMarkedMtx/depth1/node0/test1_3.mtx 2.1 209.164 0.00438513 0.0858333 
/home/antonkov/masterWork/tests/samePrefixMarkedMtx/depth1/node0/test1_3.mtx 2.2 237.235 0.00306481 0.0666667 
/home/antonkov/masterWork/tests/samePrefixMarkedMtx/depth1/node0/test1_3.mtx 2.3 322.759 0.00188988 0.0480952 
/home/antonkov/masterWork/tests/samePrefixMarkedMtx/depth1/node0/test1_3.mtx 2.4 344.62 0.00110043 0.0388462 
/home/antonkov/masterWork/tests/samePrefixMarkedMtx/depth1/node0/test1_3.mtx 2.5 416.86 0.000846486 0.0309091 
/home/antonkov/masterWork/tests/samePrefixMarkedMtx/depth1/node0/test1_3.mtx 2.6 468.162 0.000541393 0.0265789 
/home/antonkov/masterWork/tests/samePrefixMarkedMtx/depth1/node0/test1_3.mtx 2.7 473.766 0.000344682 0.024878 
/home/antonkov/masterWork/tests/samePrefixMarkedMtx/depth1/node0/test1_3.mtx 2.8 547.134 0.000262225 0.0208333 
/home/antonkov/masterWork/tests/samePrefixMarkedMtx/depth1/node0/test1_3.mtx 2.9 505.734 0.000187355 0.0208333 
/home/antonkov/masterWork/tests/samePrefixMarkedMtx/depth1/node0/test1_3.mtx 3 555.4 0.000138889 0.0185185 
/home/antonkov/masterWork/tests/samePrefixMarkedMtx/depth1/node0/test1_3.mtx 3.1 569.86 0.000148467 0.0175862 
/home/antonkov/masterWork/tests/samePrefixMarkedMtx/depth1/node0/test1_3.mtx 3.2 619.482 9.71137e-05 0.0157812 
/home/antonkov/masterWork/tests/samePrefixMarkedMtx/depth1/node0/test1_3.mtx 3.3 626.908 9.21671e-05 0.0147059 
/home/antonkov/masterWork/tests/samePrefixMarkedMtx/depth1/node0/test1_3.mtx 3.4 657.609 9.36092e-05 0.0135135 
/home/antonkov/masterWork/tests/samePrefixMarkedMtx/depth1/node0/test1_3.mtx 3.5 749.761 7.19803e-05 0.0113483 
/home/antonkov/masterWork/tests/samePrefixMarkedMtx/depth1/node0/test1_4.mtx 1 101.422 0.0746354 0.76 
/home/antonkov/masterWork/tests/samePrefixMarkedMtx/depth1/node0/test1_4.mtx 1.1 100.132 0.0651215 0.69 
/home/antonkov/masterWork/tests/samePrefixMarkedMtx/depth1/node0/test1_4.mtx 1.2 88.6085 0.057066 0.62 
/home/antonkov/masterWork/tests/samePrefixMarkedMtx/depth1/node0/test1_4.mtx 1.3 85.4327 0.0483507 0.525 
/home/antonkov/masterWork/tests/samePrefixMarkedMtx/depth1/node0/test1_4.mtx 1.4 109.574 0.0379977 0.443333 
/home/antonkov/masterWork/tests/samePrefixMarkedMtx/depth1/node0/test1_4.mtx 1.5 104.347 0.0289063 0.336667 
/home/antonkov/masterWork/tests/samePrefixMarkedMtx/depth1/node0/test1_4.mtx 1.6 133.687 0.0213646 0.246 
/home/antonkov/masterWork/tests/samePrefixMarkedMtx/depth1/node0/test1_4.mtx 1.7 146.45 0.0161516 0.196667 
/home/antonkov/masterWork/tests/samePrefixMarkedMtx/depth1/node0/test1_4.mtx 1.8 179.667 0.0103279 0.122222 
/home/antonkov/masterWork/tests/samePrefixMarkedMtx/depth1/node0/test1_4.mtx 1.9 216.943 0.00748843 0.0925 
/home/antonkov/masterWork/tests/samePrefixMarkedMtx/depth1/node0/test1_4.mtx 2 244.147 0.00550926 0.068 
/home/antonkov/masterWork/tests/samePrefixMarkedMtx/depth1/node0/test1_4.mtx 2.1 339.512 0.00345335 0.0443478 
/home/antonkov/masterWork/tests/samePrefixMarkedMtx/depth1/node0/test1_4.mtx 2.2 470.477 0.00215808 0.0280556 
/home/antonkov/masterWork/tests/samePrefixMarkedMtx/depth1/node0/test1_4.mtx 2.3 608.28 0.00143737 0.0188679 
/home/antonkov/masterWork/tests/samePrefixMarkedMtx/depth1/node0/test1_4.mtx 2.4 846.69 0.000882812 0.013 
/home/antonkov/masterWork/tests/samePrefixMarkedMtx/depth1/node0/test1_4.mtx 2.5 1258.54 0.000500956 0.00731884 
/home/antonkov/masterWork/tests/samePrefixMarkedMtx/depth1/node0/test1_4.mtx 2.6 1929.35 0.000265984 0.00421941 
/home/antonkov/masterWork/tests/samePrefixMarkedMtx/depth1/node0/test1_4.mtx 2.7 2766.51 0.000169605 0.00265252 
/home/antonkov/masterWork/tests/samePrefixMarkedMtx/depth1/node0/test1_4.mtx 2.8 4272.08 9.36082e-05 0.00151286 
/home/antonkov/masterWork/tests/samePrefixMarkedMtx/depth1/node0/test1_4.mtx 2.9 8018.5 4.01468e-05 0.000719942 
/home/antonkov/masterWork/tests/samePrefixMarkedMtx/depth1/node0/test1_4.mtx 3 0 -1 -1 
/home/antonkov/masterWork/tests/samePrefixMarkedMtx/depth1/node0/test1_4.mtx 3.1 0 -1 -1 
/home/antonkov/masterWork/tests/samePrefixMarkedMtx/depth1/node0/test1_4.mtx 3.2 0 -1 -1 
/home/antonkov/masterWork/tests/samePrefixMarkedMtx/depth1/node0/test1_4.mtx 3.3 0 -1 -1 
/home/antonkov/masterWork/tests/samePrefixMarkedMtx/depth1/node0/test1_4.mtx 3.4 0 -1 -1 
/home/antonkov/masterWork/tests/samePrefixMarkedMtx/depth1/node0/test1_4.mtx 3.5 0 -1 -1 
/home/antonkov/masterWork/tests/samePrefixMarkedMtx/depth1/node0/test2_0.mtx 1 98.8942 0.0712413 0.75 
/home/antonkov/masterWork/tests/samePrefixMarkedMtx/depth1/node0/test2_0.mtx 1.1 88.8077 0.0598785 0.635 
/home/antonkov/masterWork/tests/samePrefixMarkedMtx/depth1/node0/test2_0.mtx 1.2 84.8276 0.0522222 0.565 
/home/antonkov/masterWork/tests/samePrefixMarkedMtx/depth1/node0/test2_0.mtx 1.3 107.767 0.0396354 0.446667 
/home/antonkov/masterWork/tests/samePrefixMarkedMtx/depth1/node0/test2_0.mtx 1.4 103.393 0.0312674 0.36 
/home/antonkov/masterWork/tests/samePrefixMarkedMtx/depth1/node0/test2_0.mtx 1.5 113.024 0.0233724 0.2725 
/home/antonkov/masterWork/tests/samePrefixMarkedMtx/depth1/node0/test2_0.mtx 1.6 127.323 0.0175312 0.216 
/home/antonkov/masterWork/tests/samePrefixMarkedMtx/depth1/node0/test2_0.mtx 1.7 130.612 0.0135909 0.166667 
/home/antonkov/masterWork/tests/samePrefixMarkedMtx/depth1/node0/test2_0.mtx 1.8 171.093 0.00957176 0.121111 
/home/antonkov/masterWork/tests/samePrefixMarkedMtx/depth1/node0/test2_0.mtx 1.9 223.184 0.00596688 0.0792308 
/home/antonkov/masterWork/tests/samePrefixMarkedMtx/depth1/node0/test2_0.mtx 2 295.246 0.00424159 0.0547368 
/home/antonkov/masterWork/tests/samePrefixMarkedMtx/depth1/node0/test2_0.mtx 2.1 328.176 0.00332579 0.0465217 
/home/antonkov/masterWork/tests/samePrefixMarkedMtx/depth1/node0/test2_0.mtx 2.2 458.224 0.00193948 0.0291429 
/home/antonkov/masterWork/tests/samePrefixMarkedMtx/depth1/node0/test2_0.mtx 2.3 669.404 0.00121588 0.0177586 
/home/antonkov/masterWork/tests/samePrefixMarkedMtx/depth1/node0/test2_0.mtx 2.4 1014.05 0.000717361 0.01 
/home/antonkov/masterWork/tests/samePrefixMarkedMtx/depth1/node0/test2_0.mtx 2.5 1483.84 0.000418538 0.00598802 
/home/antonkov/masterWork/tests/samePrefixMarkedMtx/depth1/node0/test2_0.mtx 2.6 2100.92 0.000242862 0.00371747 
/home/antonkov/masterWork/tests/samePrefixMarkedMtx/depth1/node0/test2_0.mtx 2.7 3408.04 0.000132445 0.0020284 
/home/antonkov/masterWork/tests/samePrefixMarkedMtx/depth1/node0/test2_0.mtx 2.8 5403.73 7.41899e-05 0.00112486 
/home/antonkov/masterWork/tests/samePrefixMarkedMtx/depth1/node0/test2_0.mtx 2.9 9250.68 3.69234e-05 0.000595238 
/home/antonkov/masterWork/tests/samePrefixMarkedMtx/depth1/node0/test2_0.mtx 3 0 -1 -1 
/home/antonkov/masterWork/tests/samePrefixMarkedMtx/depth1/node0/test2_0.mtx 3.1 0 -1 -1 
/home/antonkov/masterWork/tests/samePrefixMarkedMtx/depth1/node0/test2_0.mtx 3.2 0 -1 -1 
/home/antonkov/masterWork/tests/samePrefixMarkedMtx/depth1/node0/test2_0.mtx 3.3 0 -1 -1 
/home/antonkov/masterWork/tests/samePrefixMarkedMtx/depth1/node0/test2_0.mtx 3.4 0 -1 -1 
/home/antonkov/masterWork/tests/samePrefixMarkedMtx/depth1/node0/test2_0.mtx 3.5 0 -1 -1 
/home/antonkov/masterWork/tests/samePrefixMarkedMtx/depth1/node0/test2_1.mtx 1 94.3477 0.0680469 0.7 
/home/antonkov/masterWork/tests/samePrefixMarkedMtx/depth1/node0/test2_1.mtx 1.1 86.9636 0.0580642 0.62 
/home/antonkov/masterWork/tests/samePrefixMarkedMtx/depth1/node0/test2_1.mtx 1.2 84.5469 0.0518142 0.575 
/home/antonkov/masterWork/tests/samePrefixMarkedMtx/depth1/node0/test2_1.mtx 1.3 107.767 0.0396238 0.436667 
/home/antonkov/masterWork/tests/samePrefixMarkedMtx/depth1/node0/test2_1.mtx 1.4 97.7948 0.0318287 0.376667 
/home/antonkov/masterWork/tests/samePrefixMarkedMtx/depth1/node0/test2_1.mtx 1.5 118.456 0.0248741 0.2925 
/home/antonkov/masterWork/tests/samePrefixMarkedMtx/depth1/node0/test2_1.mtx 1.6 127.117 0.0194132 0.23 
/home/antonkov/masterWork/tests/samePrefixMarkedMtx/depth1/node0/test2_1.mtx 1.7 134.761 0.0149132 0.173333 
/home/antonkov/masterWork/tests/samePrefixMarkedMtx/depth1/node0/test2_1.mtx 1.8 157.178 0.0106315 0.12875 
/home/antonkov/masterWork/tests/samePrefixMarkedMtx/depth1/node0/test2_1.mtx 1.9 182.029 0.00866146 0.106 
/home/antonkov/masterWork/tests/samePrefixMarkedMtx/depth1/node0/test2_1.mtx 2 214.499 0.00621127 0.0784615 
/home/antonkov/masterWork/tests/samePrefixMarkedMtx/depth1/node0/test2_1.mtx 2.1 310.527 0.00385582 0.0495238 
/home/antonkov/masterWork/tests/samePrefixMarkedMtx/depth1/node0/test2_1.mtx 2.2 373.293 0.0027227 0.0348276 
/home/antonkov/masterWork/tests/samePrefixMarkedMtx/depth1/node0/test2_1.mtx 2.3 634.881 0.00138486 0.0183929 
/home/antonkov/masterWork/tests/samePrefixMarkedMtx/depth1/node0/test2_1.mtx 2.4 809.083 0.000870199 0.0123457 
/home/antonkov/masterWork/tests/samePrefixMarkedMtx/depth1/node0/test2_1.mtx 2.5 1401.17 0.000414749 0.00613497 
/home/antonkov/masterWork/tests/samePrefixMarkedMtx/depth1/node0/test2_1.mtx 2.6 2076.27 0.000262924 0.0037037 
/home/antonkov/masterWork/tests/samePrefixMarkedMtx/depth1/node0/test2_1.mtx 2.7 3403.74 0.000137087 0.00201597 
/home/antonkov/masterWork/tests/samePrefixMarkedMtx/depth1/node0/test2_1.mtx 2.8 5623.18 6.85503e-05 0.00107296 
/home/antonkov/masterWork/tests/samePrefixMarkedMtx/depth1/node0/test2_1.mtx 2.9 9786.3 3.42707e-05 0.000553403 
/home/antonkov/masterWork/tests/samePrefixMarkedMtx/depth1/node0/test2_1.mtx 3 0 -1 -1 
/home/antonkov/masterWork/tests/samePrefixMarkedMtx/depth1/node0/test2_1.mtx 3.1 0 -1 -1 
/home/antonkov/masterWork/tests/samePrefixMarkedMtx/depth1/node0/test2_1.mtx 3.2 0 -1 -1 
/home/antonkov/masterWork/tests/samePrefixMarkedMtx/depth1/node0/test2_1.mtx 3.3 0 -1 -1 
/home/antonkov/masterWork/tests/samePrefixMarkedMtx/depth1/node0/test2_1.mtx 3.4 0 -1 -1 
/home/antonkov/masterWork/tests/samePrefixMarkedMtx/depth1/node0/test2_1.mtx 3.5 0 -1 -1 
/home/antonkov/masterWork/tests/samePrefixMarkedMtx/depth1/node0/test2_2.mtx 1 98.5764 0.0726476 0.745 
/home/antonkov/masterWork/tests/samePrefixMarkedMtx/depth1/node0/test2_2.mtx 1.1 91.6095 0.0623611 0.67 
/home/antonkov/masterWork/tests/samePrefixMarkedMtx/depth1/node0/test2_2.mtx 1.2 86.791 0.0514497 0.545 
/home/antonkov/masterWork/tests/samePrefixMarkedMtx/depth1/node0/test2_2.mtx 1.3 111.582 0.0416551 0.473333 
/home/antonkov/masterWork/tests/samePrefixMarkedMtx/depth1/node0/test2_2.mtx 1.4 103.347 0.0335995 0.39 
/home/antonkov/masterWork/tests/samePrefixMarkedMtx/depth1/node0/test2_2.mtx 1.5 114.801 0.025855 0.3025 
/home/antonkov/masterWork/tests/samePrefixMarkedMtx/depth1/node0/test2_2.mtx 1.6 126.996 0.0186181 0.228 
/home/antonkov/masterWork/tests/samePrefixMarkedMtx/depth1/node0/test2_2.mtx 1.7 133.913 0.0143056 0.17 
/home/antonkov/masterWork/tests/samePrefixMarkedMtx/depth1/node0/test2_2.mtx 1.8 176.935 0.0106848 0.133333 
/home/antonkov/masterWork/tests/samePrefixMarkedMtx/depth1/node0/test2_2.mtx 1.9 180.93 0.00785938 0.1 
/home/antonkov/masterWork/tests/samePrefixMarkedMtx/depth1/node0/test2_2.mtx 2 251.251 0.00507053 0.06375 
/home/antonkov/masterWork/tests/samePrefixMarkedMtx/depth1/node0/test2_2.mtx 2.1 326.55 0.00326842 0.0434783 
/home/antonkov/masterWork/tests/samePrefixMarkedMtx/depth1/node0/test2_2.mtx 2.2 498.673 0.00187023 0.0255 
/home/antonkov/masterWork/tests/samePrefixMarkedMtx/depth1/node0/test2_2.mtx 2.3 687.702 0.00119251 0.0165574 
/home/antonkov/masterWork/tests/samePrefixMarkedMtx/depth1/node0/test2_2.mtx 2.4 922.122 0.000743212 0.011236 
/home/antonkov/masterWork/tests/samePrefixMarkedMtx/depth1/node0/test2_2.mtx 2.5 1412.51 0.000457613 0.00628931 
/home/antonkov/masterWork/tests/samePrefixMarkedMtx/depth1/node0/test2_2.mtx 2.6 2218.45 0.000230872 0.00350877 
/home/antonkov/masterWork/tests/samePrefixMarkedMtx/depth1/node0/test2_2.mtx 2.7 3156.28 0.000131591 0.00221239 
/home/antonkov/masterWork/tests/samePrefixMarkedMtx/depth1/node0/test2_2.mtx 2.8 4174.01 9.10738e-05 0.0015083 
/home/antonkov/masterWork/tests/samePrefixMarkedMtx/depth1/node0/test2_2.mtx 2.9 8072.38 4.0285e-05 0.000692042 
/home/antonkov/masterWork/tests/samePrefixMarkedMtx/depth1/node0/test2_2.mtx 3 0 -1 -1 
/home/antonkov/masterWork/tests/samePrefixMarkedMtx/depth1/node0/test2_2.mtx 3.1 0 -1 -1 
/home/antonkov/masterWork/tests/samePrefixMarkedMtx/depth1/node0/test2_2.mtx 3.2 0 -1 -1 
/home/antonkov/masterWork/tests/samePrefixMarkedMtx/depth1/node0/test2_2.mtx 3.3 0 -1 -1 
/home/antonkov/masterWork/tests/samePrefixMarkedMtx/depth1/node0/test2_2.mtx 3.4 0 -1 -1 
/home/antonkov/masterWork/tests/samePrefixMarkedMtx/depth1/node0/test2_2.mtx 3.5 0 -1 -1 
/home/antonkov/masterWork/tests/samePrefixMarkedMtx/depth1/node0/test2_3.mtx 1 96.9867 0.0718142 0.74 
/home/antonkov/masterWork/tests/samePrefixMarkedMtx/depth1/node0/test2_3.mtx 1.1 92.1251 0.0643229 0.69 
/home/antonkov/masterWork/tests/samePrefixMarkedMtx/depth1/node0/test2_3.mtx 1.2 85.1505 0.0546615 0.62 
/home/antonkov/masterWork/tests/samePrefixMarkedMtx/depth1/node0/test2_3.mtx 1.3 81.8203 0.0458854 0.54 
/home/antonkov/masterWork/tests/samePrefixMarkedMtx/depth1/node0/test2_3.mtx 1.4 109.669 0.0347743 0.41 
/home/antonkov/masterWork/tests/samePrefixMarkedMtx/depth1/node0/test2_3.mtx 1.5 119.529 0.0254991 0.2975 
/home/antonkov/masterWork/tests/samePrefixMarkedMtx/depth1/node0/test2_3.mtx 1.6 129.911 0.0182674 0.22 
/home/antonkov/masterWork/tests/samePrefixMarkedMtx/depth1/node0/test2_3.mtx 1.7 142.229 0.0143113 0.181667 
/home/antonkov/masterWork/tests/samePrefixMarkedMtx/depth1/node0/test2_3.mtx 1.8 160.508 0.0105534 0.13875 
/home/antonkov/masterWork/tests/samePrefixMarkedMtx/depth1/node0/test2_3.mtx 1.9 172.347 0.00885803 0.114444 
/home/antonkov/masterWork/tests/samePrefixMarkedMtx/depth1/node0/test2_3.mtx 2 221.832 0.00594818 0.0769231 
/home/antonkov/masterWork/tests/samePrefixMarkedMtx/depth1/node0/test2_3.mtx 2.1 319.552 0.00348628 0.047619 
/home/antonkov/masterWork/tests/samePrefixMarkedMtx/depth1/node0/test2_3.mtx 2.2 403.142 0.00245602 0.0343333 
/home/antonkov/masterWork/tests/samePrefixMarkedMtx/depth1/node0/test2_3.mtx 2.3 584.422 0.00133889 0.0202 
/home/antonkov/masterWork/tests/samePrefixMarkedMtx/depth1/node0/test2_3.mtx 2.4 778.36 0.000886368 0.0136986 
/home/antonkov/masterWork/tests/samePrefixMarkedMtx/depth1/node0/test2_3.mtx 2.5 1152.86 0.000461777 0.00819672 
/home/antonkov/masterWork/tests/samePrefixMarkedMtx/depth1/node0/test2_3.mtx 2.6 1674.22 0.000274913 0.005 
/home/antonkov/masterWork/tests/samePrefixMarkedMtx/depth1/node0/test2_3.mtx 2.7 2275.28 0.000183154 0.00331126 
/home/antonkov/masterWork/tests/samePrefixMarkedMtx/depth1/node0/test2_3.mtx 2.8 3695.79 7.97245e-05 0.00178891 
/home/antonkov/masterWork/tests/samePrefixMarkedMtx/depth1/node0/test2_3.mtx 2.9 4861.14 5.28521e-05 0.00123001 
/home/antonkov/masterWork/tests/samePrefixMarkedMtx/depth1/node0/test2_3.mtx 3 6840.21 2.46483e-05 0.000802568 
/home/antonkov/masterWork/tests/samePrefixMarkedMtx/depth1/node0/test2_3.mtx 3.1 0 -1 -1 
/home/antonkov/masterWork/tests/samePrefixMarkedMtx/depth1/node0/test2_3.mtx 3.2 0 -1 -1 
/home/antonkov/masterWork/tests/samePrefixMarkedMtx/depth1/node0/test2_3.mtx 3.3 0 -1 -1 
/home/antonkov/masterWork/tests/samePrefixMarkedMtx/depth1/node0/test2_3.mtx 3.4 0 -1 -1 
/home/antonkov/masterWork/tests/samePrefixMarkedMtx/depth1/node0/test2_3.mtx 3.5 0 -1 -1 
/home/antonkov/masterWork/tests/samePrefixMarkedMtx/depth1/node0/test2_4.mtx 1 102.764 0.0738542 0.76 
/home/antonkov/masterWork/tests/samePrefixMarkedMtx/depth1/node0/test2_4.mtx 1.1 92.7984 0.0644271 0.7 
/home/antonkov/masterWork/tests/samePrefixMarkedMtx/depth1/node0/test2_4.mtx 1.2 88.7127 0.0543403 0.605 
/home/antonkov/masterWork/tests/samePrefixMarkedMtx/depth1/node0/test2_4.mtx 1.3 85.4598 0.0463194 0.53 
/home/antonkov/masterWork/tests/samePrefixMarkedMtx/depth1/node0/test2_4.mtx 1.4 103.79 0.0312037 0.366667 
/home/antonkov/masterWork/tests/samePrefixMarkedMtx/depth1/node0/test2_4.mtx 1.5 119.944 0.0251259 0.3025 
/home/antonkov/masterWork/tests/samePrefixMarkedMtx/depth1/node0/test2_4.mtx 1.6 136.568 0.0205521 0.248 
/home/antonkov/masterWork/tests/samePrefixMarkedMtx/depth1/node0/test2_4.mtx 1.7 130.195 0.0158924 0.2 
/home/antonkov/masterWork/tests/samePrefixMarkedMtx/depth1/node0/test2_4.mtx 1.8 151.632 0.0116766 0.147143 
/home/antonkov/masterWork/tests/samePrefixMarkedMtx/depth1/node0/test2_4.mtx 1.9 171.603 0.00847994 0.114444 
/home/antonkov/masterWork/tests/samePrefixMarkedMtx/depth1/node0/test2_4.mtx 2 223.392 0.00573985 0.0769231 
/home/antonkov/masterWork/tests/samePrefixMarkedMtx/depth1/node0/test2_4.mtx 2.1 294.344 0.00344878 0.05 
/home/antonkov/masterWork/tests/samePrefixMarkedMtx/depth1/node0/test2_4.mtx 2.2 366.504 0.00224794 0.0377778 
/home/antonkov/masterWork/tests/samePrefixMarkedMtx/depth1/node0/test2_4.mtx 2.3 605.482 0.00130775 0.0206122 
/home/antonkov/masterWork/tests/samePrefixMarkedMtx/depth1/node0/test2_4.mtx 2.4 797.626 0.000803502 0.0142254 
/home/antonkov/masterWork/tests/samePrefixMarkedMtx/depth1/node0/test2_4.mtx 2.5 1055.95 0.000499967 0.00971154 
/home/antonkov/masterWork/tests/samePrefixMarkedMtx/depth1/node0/test2_4.mtx 2.6 1480.42 0.000273308 0.00598802 
/home/antonkov/masterWork/tests/samePrefixMarkedMtx/depth1/node0/test2_4.mtx 2.7 2248.11 0.000123202 0.00357143 
/home/antonkov/masterWork/tests/samePrefixMarkedMtx/depth1/node0/test2_4.mtx 2.8 2733.47 8.62005e-05 0.00270777 
/home/antonkov/masterWork/tests/samePrefixMarkedMtx/depth1/node0/test2_4.mtx 2.9 3419.79 4.96467e-05 0.00194932 
/home/antonkov/masterWork/tests/samePrefixMarkedMtx/depth1/node0/test2_4.mtx 3 3921.47 2.89625e-05 0.00157233 
/home/antonkov/masterWork/tests/samePrefixMarkedMtx/depth1/node0/test2_4.mtx 3.1 5163.06 2.03721e-05 0.00109769 
/home/antonkov/masterWork/tests/samePrefixMarkedMtx/depth1/node0/test2_4.mtx 3.2 7106.68 9.42789e-06 0.000735835 
/home/antonkov/masterWork/tests/samePrefixMarkedMtx/depth1/node0/test2_4.mtx 3.3 0 -1 -1 
/home/antonkov/masterWork/tests/samePrefixMarkedMtx/depth1/node0/test2_4.mtx 3.4 0 -1 -1 
/home/antonkov/masterWork/tests/samePrefixMarkedMtx/depth1/node0/test2_4.mtx 3.5 0 -1 -1 
/home/antonkov/masterWork/tests/samePrefixMarkedMtx/depth1/node0/test97_0.mtx 1 101.926 0.0702517 0.715 
/home/antonkov/masterWork/tests/samePrefixMarkedMtx/depth1/node0/test97_0.mtx 1.1 95.3503 0.0607118 0.63 
/home/antonkov/masterWork/tests/samePrefixMarkedMtx/depth1/node0/test97_0.mtx 1.2 89.3988 0.0545747 0.58 
/home/antonkov/masterWork/tests/samePrefixMarkedMtx/depth1/node0/test97_0.mtx 1.3 86.3374 0.0459635 0.535 
/home/antonkov/masterWork/tests/samePrefixMarkedMtx/depth1/node0/test97_0.mtx 1.4 114.575 0.0391435 0.453333 
/home/antonkov/masterWork/tests/samePrefixMarkedMtx/depth1/node0/test97_0.mtx 1.5 104.95 0.0311979 0.376667 
/home/antonkov/masterWork/tests/samePrefixMarkedMtx/depth1/node0/test97_0.mtx 1.6 115.467 0.0213542 0.2675 
/home/antonkov/masterWork/tests/samePrefixMarkedMtx/depth1/node0/test97_0.mtx 1.7 134.335 0.017559 0.218 
/home/antonkov/masterWork/tests/samePrefixMarkedMtx/depth1/node0/test97_0.mtx 1.8 141.864 0.0128762 0.168333 
/home/antonkov/masterWork/tests/samePrefixMarkedMtx/depth1/node0/test97_0.mtx 1.9 175.021 0.00873047 0.1275 
/home/antonkov/masterWork/tests/samePrefixMarkedMtx/depth1/node0/test97_0.mtx 2 210.923 0.00621094 0.0841667 
/home/antonkov/masterWork/tests/samePrefixMarkedMtx/depth1/node0/test97_0.mtx 2.1 288.64 0.00404321 0.0566667 
/home/antonkov/masterWork/tests/samePrefixMarkedMtx/depth1/node0/test97_0.mtx 2.2 397.199 0.00237475 0.0371429 
/home/antonkov/masterWork/tests/samePrefixMarkedMtx/depth1/node0/test97_0.mtx 2.3 526.218 0.00158188 0.0239535 
/home/antonkov/masterWork/tests/samePrefixMarkedMtx/depth1/node0/test97_0.mtx 2.4 759.361 0.000894097 0.0151471 
/home/antonkov/masterWork/tests/samePrefixMarkedMtx/depth1/node0/test97_0.mtx 2.5 1092.84 0.000601268 0.00917431 
/home/antonkov/masterWork/tests/samePrefixMarkedMtx/depth1/node0/test97_0.mtx 2.6 1519.29 0.000357495 0.00591716 
/home/antonkov/masterWork/tests/samePrefixMarkedMtx/depth1/node0/test97_0.mtx 2.7 2186.58 0.000208838 0.00363636 
/home/antonkov/masterWork/tests/samePrefixMarkedMtx/depth1/node0/test97_0.mtx 2.8 3450.85 0.000120174 0.002 
/home/antonkov/masterWork/tests/samePrefixMarkedMtx/depth1/node0/test97_0.mtx 2.9 5242.73 6.59436e-05 0.00117925 
/home/antonkov/masterWork/tests/samePrefixMarkedMtx/depth1/node0/test97_0.mtx 3 7620.38 3.73574e-05 0.000744048 
/home/antonkov/masterWork/tests/samePrefixMarkedMtx/depth1/node0/test97_0.mtx 3.1 0 -1 -1 
/home/antonkov/masterWork/tests/samePrefixMarkedMtx/depth1/node0/test97_0.mtx 3.2 0 -1 -1 
/home/antonkov/masterWork/tests/samePrefixMarkedMtx/depth1/node0/test97_0.mtx 3.3 0 -1 -1 
/home/antonkov/masterWork/tests/samePrefixMarkedMtx/depth1/node0/test97_0.mtx 3.4 0 -1 -1 
/home/antonkov/masterWork/tests/samePrefixMarkedMtx/depth1/node0/test97_0.mtx 3.5 0 -1 -1 
/home/antonkov/masterWork/tests/samePrefixMarkedMtx/depth1/node0/test97_1.mtx 1 102.538 0.0728385 0.755 
/home/antonkov/masterWork/tests/samePrefixMarkedMtx/depth1/node0/test97_1.mtx 1.1 94.8833 0.0619531 0.665 
/home/antonkov/masterWork/tests/samePrefixMarkedMtx/depth1/node0/test97_1.mtx 1.2 89.7119 0.0534635 0.58 
/home/antonkov/masterWork/tests/samePrefixMarkedMtx/depth1/node0/test97_1.mtx 1.3 85.8558 0.0471615 0.53 
/home/antonkov/masterWork/tests/samePrefixMarkedMtx/depth1/node0/test97_1.mtx 1.4 109.268 0.0372685 0.45 
/home/antonkov/masterWork/tests/samePrefixMarkedMtx/depth1/node0/test97_1.mtx 1.5 103.176 0.0284317 0.333333 
/home/antonkov/masterWork/tests/samePrefixMarkedMtx/depth1/node0/test97_1.mtx 1.6 114.07 0.0213108 0.26 
/home/antonkov/masterWork/tests/samePrefixMarkedMtx/depth1/node0/test97_1.mtx 1.7 130.229 0.0154201 0.202 
/home/antonkov/masterWork/tests/samePrefixMarkedMtx/depth1/node0/test97_1.mtx 1.8 152.644 0.0116071 0.148571 
/home/antonkov/masterWork/tests/samePrefixMarkedMtx/depth1/node0/test97_1.mtx 1.9 172.584 0.00841628 0.112222 
/home/antonkov/masterWork/tests/samePrefixMarkedMtx/depth1/node0/test97_1.mtx 2 244.376 0.00540427 0.0742857 
/home/antonkov/masterWork/tests/samePrefixMarkedMtx/depth1/node0/test97_1.mtx 2.1 301.807 0.00374566 0.052 
/home/antonkov/masterWork/tests/samePrefixMarkedMtx/depth1/node0/test97_1.mtx 2.2 407.766 0.00225335 0.0348276 
/home/antonkov/masterWork/tests/samePrefixMarkedMtx/depth1/node0/test97_1.mtx 2.3 602.511 0.00134532 0.02 
/home/antonkov/masterWork/tests/samePrefixMarkedMtx/depth1/node0/test97_1.mtx 2.4 848.051 0.000828776 0.0125 
/home/antonkov/masterWork/tests/samePrefixMarkedMtx/depth1/node0/test97_1.mtx 2.5 1336.61 0.000437404 0.00701389 
/home/antonkov/masterWork/tests/samePrefixMarkedMtx/depth1/node0/test97_1.mtx 2.6 2065.11 0.000229812 0.00395257 
/home/antonkov/masterWork/tests/samePrefixMarkedMtx/depth1/node0/test97_1.mtx 2.7 3095.38 0.000140908 0.00232558 
/home/antonkov/masterWork/tests/samePrefixMarkedMtx/depth1/node0/test97_1.mtx 2.8 3889.66 9.2388e-05 0.00170034 
/home/antonkov/masterWork/tests/samePrefixMarkedMtx/depth1/node0/test97_1.mtx 2.9 5464.18 5.59746e-05 0.00107759 
