Results
Filename SNR Time(ms) BER FER
/home/antonkov/masterWork/tests/samePrefixMarkedMtx2304/depth1/node0/test0_0.mtx 1 452.108 0.0755946 0.87 
/home/antonkov/masterWork/tests/samePrefixMarkedMtx2304/depth1/node0/test0_0.mtx 1.1 434.483 0.0636936 0.77 
/home/antonkov/masterWork/tests/samePrefixMarkedMtx2304/depth1/node0/test0_0.mtx 1.2 404.188 0.048967 0.64 
/home/antonkov/masterWork/tests/samePrefixMarkedMtx2304/depth1/node0/test0_0.mtx 1.3 509.957 0.0344813 0.48 
/home/antonkov/masterWork/tests/samePrefixMarkedMtx2304/depth1/node0/test0_0.mtx 1.4 480.578 0.0245291 0.345 
/home/antonkov/masterWork/tests/samePrefixMarkedMtx2304/depth1/node0/test0_0.mtx 1.5 542.939 0.0142882 0.21 
/home/antonkov/masterWork/tests/samePrefixMarkedMtx2304/depth1/node0/test0_0.mtx 1.6 642.494 0.00669097 0.104 
/home/antonkov/masterWork/tests/samePrefixMarkedMtx2304/depth1/node0/test0_0.mtx 1.7 926.038 0.00315755 0.05 
/home/antonkov/masterWork/tests/samePrefixMarkedMtx2304/depth1/node0/test0_0.mtx 1.8 1514.71 0.00137015 0.0227273 
/home/antonkov/masterWork/tests/samePrefixMarkedMtx2304/depth1/node0/test0_0.mtx 1.9 2985.45 0.000549045 0.00862069 
/home/antonkov/masterWork/tests/samePrefixMarkedMtx2304/depth1/node0/test0_0.mtx 2 0 -1 -1 
/home/antonkov/masterWork/tests/samePrefixMarkedMtx2304/depth1/node0/test0_0.mtx 2.1 0 -1 -1 
/home/antonkov/masterWork/tests/samePrefixMarkedMtx2304/depth1/node0/test0_0.mtx 2.2 0 -1 -1 
/home/antonkov/masterWork/tests/samePrefixMarkedMtx2304/depth1/node0/test0_0.mtx 2.3 0 -1 -1 
/home/antonkov/masterWork/tests/samePrefixMarkedMtx2304/depth1/node0/test0_0.mtx 2.4 0 -1 -1 
/home/antonkov/masterWork/tests/samePrefixMarkedMtx2304/depth1/node0/test0_0.mtx 2.5 0 -1 -1 
/home/antonkov/masterWork/tests/samePrefixMarkedMtx2304/depth1/node0/test0_0.mtx 2.6 0 -1 -1 
/home/antonkov/masterWork/tests/samePrefixMarkedMtx2304/depth1/node0/test0_0.mtx 2.7 0 -1 -1 
/home/antonkov/masterWork/tests/samePrefixMarkedMtx2304/depth1/node0/test0_0.mtx 2.8 0 -1 -1 
/home/antonkov/masterWork/tests/samePrefixMarkedMtx2304/depth1/node0/test0_0.mtx 2.9 0 -1 -1 
/home/antonkov/masterWork/tests/samePrefixMarkedMtx2304/depth1/node0/test0_0.mtx 3 0 -1 -1 
/home/antonkov/masterWork/tests/samePrefixMarkedMtx2304/depth1/node0/test0_0.mtx 3.1 0 -1 -1 
/home/antonkov/masterWork/tests/samePrefixMarkedMtx2304/depth1/node0/test0_0.mtx 3.2 0 -1 -1 
/home/antonkov/masterWork/tests/samePrefixMarkedMtx2304/depth1/node0/test0_0.mtx 3.3 0 -1 -1 
/home/antonkov/masterWork/tests/samePrefixMarkedMtx2304/depth1/node0/test0_0.mtx 3.4 0 -1 -1 
/home/antonkov/masterWork/tests/samePrefixMarkedMtx2304/depth1/node0/test0_0.mtx 3.5 0 -1 -1 
/home/antonkov/masterWork/tests/samePrefixMarkedMtx2304/depth1/node0/test0_1.mtx 1 428.123 0.0803168 0.9 
/home/antonkov/masterWork/tests/samePrefixMarkedMtx2304/depth1/node0/test0_1.mtx 1.1 422.431 0.0697526 0.83 
/home/antonkov/masterWork/tests/samePrefixMarkedMtx2304/depth1/node0/test0_1.mtx 1.2 417.811 0.0575955 0.73 
/home/antonkov/masterWork/tests/samePrefixMarkedMtx2304/depth1/node0/test0_1.mtx 1.3 403.331 0.0386979 0.52 
/home/antonkov/masterWork/tests/samePrefixMarkedMtx2304/depth1/node0/test0_1.mtx 1.4 489.396 0.0234657 0.325 
/home/antonkov/masterWork/tests/samePrefixMarkedMtx2304/depth1/node0/test0_1.mtx 1.5 552.466 0.0124146 0.18 
/home/antonkov/masterWork/tests/samePrefixMarkedMtx2304/depth1/node0/test0_1.mtx 1.6 667.035 0.00722743 0.106 
/home/antonkov/masterWork/tests/samePrefixMarkedMtx2304/depth1/node0/test0_1.mtx 1.7 1136.15 0.0026686 0.04 
/home/antonkov/masterWork/tests/samePrefixMarkedMtx2304/depth1/node0/test0_1.mtx 1.8 2056.32 0.00102553 0.01625 
/home/antonkov/masterWork/tests/samePrefixMarkedMtx2304/depth1/node0/test0_1.mtx 1.9 4951.31 0.000277778 0.00505051 
/home/antonkov/masterWork/tests/samePrefixMarkedMtx2304/depth1/node0/test0_1.mtx 2 0 -1 -1 
/home/antonkov/masterWork/tests/samePrefixMarkedMtx2304/depth1/node0/test0_1.mtx 2.1 0 -1 -1 
/home/antonkov/masterWork/tests/samePrefixMarkedMtx2304/depth1/node0/test0_1.mtx 2.2 0 -1 -1 
/home/antonkov/masterWork/tests/samePrefixMarkedMtx2304/depth1/node0/test0_1.mtx 2.3 0 -1 -1 
/home/antonkov/masterWork/tests/samePrefixMarkedMtx2304/depth1/node0/test0_1.mtx 2.4 0 -1 -1 
/home/antonkov/masterWork/tests/samePrefixMarkedMtx2304/depth1/node0/test0_1.mtx 2.5 0 -1 -1 
/home/antonkov/masterWork/tests/samePrefixMarkedMtx2304/depth1/node0/test0_1.mtx 2.6 0 -1 -1 
/home/antonkov/masterWork/tests/samePrefixMarkedMtx2304/depth1/node0/test0_1.mtx 2.7 0 -1 -1 
/home/antonkov/masterWork/tests/samePrefixMarkedMtx2304/depth1/node0/test0_1.mtx 2.8 0 -1 -1 
/home/antonkov/masterWork/tests/samePrefixMarkedMtx2304/depth1/node0/test0_1.mtx 2.9 0 -1 -1 
/home/antonkov/masterWork/tests/samePrefixMarkedMtx2304/depth1/node0/test0_1.mtx 3 0 -1 -1 
/home/antonkov/masterWork/tests/samePrefixMarkedMtx2304/depth1/node0/test0_1.mtx 3.1 0 -1 -1 
/home/antonkov/masterWork/tests/samePrefixMarkedMtx2304/depth1/node0/test0_1.mtx 3.2 0 -1 -1 
/home/antonkov/masterWork/tests/samePrefixMarkedMtx2304/depth1/node0/test0_1.mtx 3.3 0 -1 -1 
/home/antonkov/masterWork/tests/samePrefixMarkedMtx2304/depth1/node0/test0_1.mtx 3.4 0 -1 -1 
/home/antonkov/masterWork/tests/samePrefixMarkedMtx2304/depth1/node0/test0_1.mtx 3.5 0 -1 -1 
/home/antonkov/masterWork/tests/samePrefixMarkedMtx2304/depth1/node0/test0_2.mtx 1 431.615 0.0791667 0.9 
/home/antonkov/masterWork/tests/samePrefixMarkedMtx2304/depth1/node0/test0_2.mtx 1.1 430.529 0.0684201 0.83 
/home/antonkov/masterWork/tests/samePrefixMarkedMtx2304/depth1/node0/test0_2.mtx 1.2 413.539 0.0523134 0.69 
/home/antonkov/masterWork/tests/samePrefixMarkedMtx2304/depth1/node0/test0_2.mtx 1.3 519.429 0.0382856 0.51 
/home/antonkov/masterWork/tests/samePrefixMarkedMtx2304/depth1/node0/test0_2.mtx 1.4 482.611 0.0235851 0.335 
/home/antonkov/masterWork/tests/samePrefixMarkedMtx2304/depth1/node0/test0_2.mtx 1.5 564.105 0.0141464 0.2 
/home/antonkov/masterWork/tests/samePrefixMarkedMtx2304/depth1/node0/test0_2.mtx 1.6 742.645 0.00645978 0.0983333 
/home/antonkov/masterWork/tests/samePrefixMarkedMtx2304/depth1/node0/test0_2.mtx 1.7 1171.38 0.00238033 0.0378571 
/home/antonkov/masterWork/tests/samePrefixMarkedMtx2304/depth1/node0/test0_2.mtx 1.8 2008.76 0.000978383 0.0164516 
/home/antonkov/masterWork/tests/samePrefixMarkedMtx2304/depth1/node0/test0_2.mtx 1.9 4575.06 0.000298601 0.00561798 
/home/antonkov/masterWork/tests/samePrefixMarkedMtx2304/depth1/node0/test0_2.mtx 2 0 -1 -1 
/home/antonkov/masterWork/tests/samePrefixMarkedMtx2304/depth1/node0/test0_2.mtx 2.1 0 -1 -1 
/home/antonkov/masterWork/tests/samePrefixMarkedMtx2304/depth1/node0/test0_2.mtx 2.2 0 -1 -1 
/home/antonkov/masterWork/tests/samePrefixMarkedMtx2304/depth1/node0/test0_2.mtx 2.3 0 -1 -1 
/home/antonkov/masterWork/tests/samePrefixMarkedMtx2304/depth1/node0/test0_2.mtx 2.4 0 -1 -1 
/home/antonkov/masterWork/tests/samePrefixMarkedMtx2304/depth1/node0/test0_2.mtx 2.5 0 -1 -1 
/home/antonkov/masterWork/tests/samePrefixMarkedMtx2304/depth1/node0/test0_2.mtx 2.6 0 -1 -1 
/home/antonkov/masterWork/tests/samePrefixMarkedMtx2304/depth1/node0/test0_2.mtx 2.7 0 -1 -1 
/home/antonkov/masterWork/tests/samePrefixMarkedMtx2304/depth1/node0/test0_2.mtx 2.8 0 -1 -1 
/home/antonkov/masterWork/tests/samePrefixMarkedMtx2304/depth1/node0/test0_2.mtx 2.9 0 -1 -1 
/home/antonkov/masterWork/tests/samePrefixMarkedMtx2304/depth1/node0/test0_2.mtx 3 0 -1 -1 
/home/antonkov/masterWork/tests/samePrefixMarkedMtx2304/depth1/node0/test0_2.mtx 3.1 0 -1 -1 
/home/antonkov/masterWork/tests/samePrefixMarkedMtx2304/depth1/node0/test0_2.mtx 3.2 0 -1 -1 
/home/antonkov/masterWork/tests/samePrefixMarkedMtx2304/depth1/node0/test0_2.mtx 3.3 0 -1 -1 
/home/antonkov/masterWork/tests/samePrefixMarkedMtx2304/depth1/node0/test0_2.mtx 3.4 0 -1 -1 
/home/antonkov/masterWork/tests/samePrefixMarkedMtx2304/depth1/node0/test0_2.mtx 3.5 0 -1 -1 
/home/antonkov/masterWork/tests/samePrefixMarkedMtx2304/depth1/node0/test0_3.mtx 1 429.311 0.0749826 0.86 
/home/antonkov/masterWork/tests/samePrefixMarkedMtx2304/depth1/node0/test0_3.mtx 1.1 420.267 0.0626519 0.74 
/home/antonkov/masterWork/tests/samePrefixMarkedMtx2304/depth1/node0/test0_3.mtx 1.2 404.466 0.0513238 0.64 
/home/antonkov/masterWork/tests/samePrefixMarkedMtx2304/depth1/node0/test0_3.mtx 1.3 385.151 0.0383724 0.52 
/home/antonkov/masterWork/tests/samePrefixMarkedMtx2304/depth1/node0/test0_3.mtx 1.4 483.628 0.0253407 0.35 
/home/antonkov/masterWork/tests/samePrefixMarkedMtx2304/depth1/node0/test0_3.mtx 1.5 539.578 0.0142245 0.22 
/home/antonkov/masterWork/tests/samePrefixMarkedMtx2304/depth1/node0/test0_3.mtx 1.6 724.723 0.00619575 0.0916667 
/home/antonkov/masterWork/tests/samePrefixMarkedMtx2304/depth1/node0/test0_3.mtx 1.7 994.391 0.0028855 0.0463636 
/home/antonkov/masterWork/tests/samePrefixMarkedMtx2304/depth1/node0/test0_3.mtx 1.8 2089.61 0.00101865 0.0160606 
/home/antonkov/masterWork/tests/samePrefixMarkedMtx2304/depth1/node0/test0_3.mtx 1.9 3927.12 0.000418019 0.00649351 
/home/antonkov/masterWork/tests/samePrefixMarkedMtx2304/depth1/node0/test0_3.mtx 2 0 -1 -1 
/home/antonkov/masterWork/tests/samePrefixMarkedMtx2304/depth1/node0/test0_3.mtx 2.1 0 -1 -1 
/home/antonkov/masterWork/tests/samePrefixMarkedMtx2304/depth1/node0/test0_3.mtx 2.2 0 -1 -1 
/home/antonkov/masterWork/tests/samePrefixMarkedMtx2304/depth1/node0/test0_3.mtx 2.3 0 -1 -1 
/home/antonkov/masterWork/tests/samePrefixMarkedMtx2304/depth1/node0/test0_3.mtx 2.4 0 -1 -1 
/home/antonkov/masterWork/tests/samePrefixMarkedMtx2304/depth1/node0/test0_3.mtx 2.5 0 -1 -1 
/home/antonkov/masterWork/tests/samePrefixMarkedMtx2304/depth1/node0/test0_3.mtx 2.6 0 -1 -1 
/home/antonkov/masterWork/tests/samePrefixMarkedMtx2304/depth1/node0/test0_3.mtx 2.7 0 -1 -1 
/home/antonkov/masterWork/tests/samePrefixMarkedMtx2304/depth1/node0/test0_3.mtx 2.8 0 -1 -1 
/home/antonkov/masterWork/tests/samePrefixMarkedMtx2304/depth1/node0/test0_3.mtx 2.9 0 -1 -1 
/home/antonkov/masterWork/tests/samePrefixMarkedMtx2304/depth1/node0/test0_3.mtx 3 0 -1 -1 
/home/antonkov/masterWork/tests/samePrefixMarkedMtx2304/depth1/node0/test0_3.mtx 3.1 0 -1 -1 
/home/antonkov/masterWork/tests/samePrefixMarkedMtx2304/depth1/node0/test0_3.mtx 3.2 0 -1 -1 
/home/antonkov/masterWork/tests/samePrefixMarkedMtx2304/depth1/node0/test0_3.mtx 3.3 0 -1 -1 
/home/antonkov/masterWork/tests/samePrefixMarkedMtx2304/depth1/node0/test0_3.mtx 3.4 0 -1 -1 
/home/antonkov/masterWork/tests/samePrefixMarkedMtx2304/depth1/node0/test0_3.mtx 3.5 0 -1 -1 
/home/antonkov/masterWork/tests/samePrefixMarkedMtx2304/depth1/node0/test0_4.mtx 1 430.912 0.0768924 0.88 
/home/antonkov/masterWork/tests/samePrefixMarkedMtx2304/depth1/node0/test0_4.mtx 1.1 422.058 0.0638108 0.79 
/home/antonkov/masterWork/tests/samePrefixMarkedMtx2304/depth1/node0/test0_4.mtx 1.2 401.434 0.0482682 0.64 
/home/antonkov/masterWork/tests/samePrefixMarkedMtx2304/depth1/node0/test0_4.mtx 1.3 517.052 0.0351562 0.455 
/home/antonkov/masterWork/tests/samePrefixMarkedMtx2304/depth1/node0/test0_4.mtx 1.4 486.916 0.0246441 0.33 
/home/antonkov/masterWork/tests/samePrefixMarkedMtx2304/depth1/node0/test0_4.mtx 1.5 540.131 0.0133941 0.196667 
/home/antonkov/masterWork/tests/samePrefixMarkedMtx2304/depth1/node0/test0_4.mtx 1.6 733.18 0.00783854 0.113333 
/home/antonkov/masterWork/tests/samePrefixMarkedMtx2304/depth1/node0/test0_4.mtx 1.7 957.444 0.00393837 0.057 
/home/antonkov/masterWork/tests/samePrefixMarkedMtx2304/depth1/node0/test0_4.mtx 1.8 1792.69 0.00110983 0.0192593 
/home/antonkov/masterWork/tests/samePrefixMarkedMtx2304/depth1/node0/test0_4.mtx 1.9 3748.1 0.000434503 0.00684932 
/home/antonkov/masterWork/tests/samePrefixMarkedMtx2304/depth1/node0/test0_4.mtx 2 0 -1 -1 
/home/antonkov/masterWork/tests/samePrefixMarkedMtx2304/depth1/node0/test0_4.mtx 2.1 0 -1 -1 
/home/antonkov/masterWork/tests/samePrefixMarkedMtx2304/depth1/node0/test0_4.mtx 2.2 0 -1 -1 
/home/antonkov/masterWork/tests/samePrefixMarkedMtx2304/depth1/node0/test0_4.mtx 2.3 0 -1 -1 
/home/antonkov/masterWork/tests/samePrefixMarkedMtx2304/depth1/node0/test0_4.mtx 2.4 0 -1 -1 
/home/antonkov/masterWork/tests/samePrefixMarkedMtx2304/depth1/node0/test0_4.mtx 2.5 0 -1 -1 
/home/antonkov/masterWork/tests/samePrefixMarkedMtx2304/depth1/node0/test0_4.mtx 2.6 0 -1 -1 
/home/antonkov/masterWork/tests/samePrefixMarkedMtx2304/depth1/node0/test0_4.mtx 2.7 0 -1 -1 
/home/antonkov/masterWork/tests/samePrefixMarkedMtx2304/depth1/node0/test0_4.mtx 2.8 0 -1 -1 
/home/antonkov/masterWork/tests/samePrefixMarkedMtx2304/depth1/node0/test0_4.mtx 2.9 0 -1 -1 
/home/antonkov/masterWork/tests/samePrefixMarkedMtx2304/depth1/node0/test0_4.mtx 3 0 -1 -1 
/home/antonkov/masterWork/tests/samePrefixMarkedMtx2304/depth1/node0/test0_4.mtx 3.1 0 -1 -1 
/home/antonkov/masterWork/tests/samePrefixMarkedMtx2304/depth1/node0/test0_4.mtx 3.2 0 -1 -1 
/home/antonkov/masterWork/tests/samePrefixMarkedMtx2304/depth1/node0/test0_4.mtx 3.3 0 -1 -1 
/home/antonkov/masterWork/tests/samePrefixMarkedMtx2304/depth1/node0/test0_4.mtx 3.4 0 -1 -1 
/home/antonkov/masterWork/tests/samePrefixMarkedMtx2304/depth1/node0/test0_4.mtx 3.5 0 -1 -1 
/home/antonkov/masterWork/tests/samePrefixMarkedMtx2304/depth1/node0/test1_0.mtx 1 453.125 0.0724609 0.85 
/home/antonkov/masterWork/tests/samePrefixMarkedMtx2304/depth1/node0/test1_0.mtx 1.1 444.137 0.0598828 0.74 
/home/antonkov/masterWork/tests/samePrefixMarkedMtx2304/depth1/node0/test1_0.mtx 1.2 420.771 0.0444705 0.56 
/home/antonkov/masterWork/tests/samePrefixMarkedMtx2304/depth1/node0/test1_0.mtx 1.3 524.678 0.0325781 0.45 
/home/antonkov/masterWork/tests/samePrefixMarkedMtx2304/depth1/node0/test1_0.mtx 1.4 491.136 0.0196528 0.27 
/home/antonkov/masterWork/tests/samePrefixMarkedMtx2304/depth1/node0/test1_0.mtx 1.5 545.457 0.0115813 0.17 
/home/antonkov/masterWork/tests/samePrefixMarkedMtx2304/depth1/node0/test1_0.mtx 1.6 804.23 0.00481027 0.0771429 
/home/antonkov/masterWork/tests/samePrefixMarkedMtx2304/depth1/node0/test1_0.mtx 1.7 1343.12 0.002007 0.03 
/home/antonkov/masterWork/tests/samePrefixMarkedMtx2304/depth1/node0/test1_0.mtx 1.8 2421.1 0.000814887 0.013 
/home/antonkov/masterWork/tests/samePrefixMarkedMtx2304/depth1/node0/test1_0.mtx 1.9 5394.67 0.000263597 0.00431034 
/home/antonkov/masterWork/tests/samePrefixMarkedMtx2304/depth1/node0/test1_0.mtx 2 0 -1 -1 
/home/antonkov/masterWork/tests/samePrefixMarkedMtx2304/depth1/node0/test1_0.mtx 2.1 0 -1 -1 
/home/antonkov/masterWork/tests/samePrefixMarkedMtx2304/depth1/node0/test1_0.mtx 2.2 0 -1 -1 
/home/antonkov/masterWork/tests/samePrefixMarkedMtx2304/depth1/node0/test1_0.mtx 2.3 0 -1 -1 
/home/antonkov/masterWork/tests/samePrefixMarkedMtx2304/depth1/node0/test1_0.mtx 2.4 0 -1 -1 
/home/antonkov/masterWork/tests/samePrefixMarkedMtx2304/depth1/node0/test1_0.mtx 2.5 0 -1 -1 
/home/antonkov/masterWork/tests/samePrefixMarkedMtx2304/depth1/node0/test1_0.mtx 2.6 0 -1 -1 
/home/antonkov/masterWork/tests/samePrefixMarkedMtx2304/depth1/node0/test1_0.mtx 2.7 0 -1 -1 
/home/antonkov/masterWork/tests/samePrefixMarkedMtx2304/depth1/node0/test1_0.mtx 2.8 0 -1 -1 
/home/antonkov/masterWork/tests/samePrefixMarkedMtx2304/depth1/node0/test1_0.mtx 2.9 0 -1 -1 
/home/antonkov/masterWork/tests/samePrefixMarkedMtx2304/depth1/node0/test1_0.mtx 3 0 -1 -1 
/home/antonkov/masterWork/tests/samePrefixMarkedMtx2304/depth1/node0/test1_0.mtx 3.1 0 -1 -1 
/home/antonkov/masterWork/tests/samePrefixMarkedMtx2304/depth1/node0/test1_0.mtx 3.2 0 -1 -1 
/home/antonkov/masterWork/tests/samePrefixMarkedMtx2304/depth1/node0/test1_0.mtx 3.3 0 -1 -1 
/home/antonkov/masterWork/tests/samePrefixMarkedMtx2304/depth1/node0/test1_0.mtx 3.4 0 -1 -1 
/home/antonkov/masterWork/tests/samePrefixMarkedMtx2304/depth1/node0/test1_0.mtx 3.5 0 -1 -1 
/home/antonkov/masterWork/tests/samePrefixMarkedMtx2304/depth1/node0/test1_1.mtx 1 455.241 0.0789453 0.92 
/home/antonkov/masterWork/tests/samePrefixMarkedMtx2304/depth1/node0/test1_1.mtx 1.1 451.625 0.0642491 0.81 
/home/antonkov/masterWork/tests/samePrefixMarkedMtx2304/depth1/node0/test1_1.mtx 1.2 429.06 0.0448003 0.6 
/home/antonkov/masterWork/tests/samePrefixMarkedMtx2304/depth1/node0/test1_1.mtx 1.3 527.265 0.0298893 0.41 
/home/antonkov/masterWork/tests/samePrefixMarkedMtx2304/depth1/node0/test1_1.mtx 1.4 487.902 0.0185221 0.27 
/home/antonkov/masterWork/tests/samePrefixMarkedMtx2304/depth1/node0/test1_1.mtx 1.5 637.953 0.00953125 0.145 
/home/antonkov/masterWork/tests/samePrefixMarkedMtx2304/depth1/node0/test1_1.mtx 1.6 814.363 0.00450769 0.0742857 
/home/antonkov/masterWork/tests/samePrefixMarkedMtx2304/depth1/node0/test1_1.mtx 1.7 1210.34 0.00238773 0.0353333 
/home/antonkov/masterWork/tests/samePrefixMarkedMtx2304/depth1/node0/test1_1.mtx 1.8 2314.06 0.000771656 0.0134211 
/home/antonkov/masterWork/tests/samePrefixMarkedMtx2304/depth1/node0/test1_1.mtx 1.9 5324.04 0.00028118 0.00459459 
/home/antonkov/masterWork/tests/samePrefixMarkedMtx2304/depth1/node0/test1_1.mtx 2 0 -1 -1 
/home/antonkov/masterWork/tests/samePrefixMarkedMtx2304/depth1/node0/test1_1.mtx 2.1 0 -1 -1 
/home/antonkov/masterWork/tests/samePrefixMarkedMtx2304/depth1/node0/test1_1.mtx 2.2 0 -1 -1 
/home/antonkov/masterWork/tests/samePrefixMarkedMtx2304/depth1/node0/test1_1.mtx 2.3 0 -1 -1 
/home/antonkov/masterWork/tests/samePrefixMarkedMtx2304/depth1/node0/test1_1.mtx 2.4 0 -1 -1 
/home/antonkov/masterWork/tests/samePrefixMarkedMtx2304/depth1/node0/test1_1.mtx 2.5 0 -1 -1 
/home/antonkov/masterWork/tests/samePrefixMarkedMtx2304/depth1/node0/test1_1.mtx 2.6 0 -1 -1 
/home/antonkov/masterWork/tests/samePrefixMarkedMtx2304/depth1/node0/test1_1.mtx 2.7 0 -1 -1 
/home/antonkov/masterWork/tests/samePrefixMarkedMtx2304/depth1/node0/test1_1.mtx 2.8 0 -1 -1 
/home/antonkov/masterWork/tests/samePrefixMarkedMtx2304/depth1/node0/test1_1.mtx 2.9 0 -1 -1 
/home/antonkov/masterWork/tests/samePrefixMarkedMtx2304/depth1/node0/test1_1.mtx 3 0 -1 -1 
/home/antonkov/masterWork/tests/samePrefixMarkedMtx2304/depth1/node0/test1_1.mtx 3.1 0 -1 -1 
/home/antonkov/masterWork/tests/samePrefixMarkedMtx2304/depth1/node0/test1_1.mtx 3.2 0 -1 -1 
/home/antonkov/masterWork/tests/samePrefixMarkedMtx2304/depth1/node0/test1_1.mtx 3.3 0 -1 -1 
/home/antonkov/masterWork/tests/samePrefixMarkedMtx2304/depth1/node0/test1_1.mtx 3.4 0 -1 -1 
/home/antonkov/masterWork/tests/samePrefixMarkedMtx2304/depth1/node0/test1_1.mtx 3.5 0 -1 -1 
/home/antonkov/masterWork/tests/samePrefixMarkedMtx2304/depth1/node0/test1_2.mtx 1 453.228 0.0784896 0.88 
/home/antonkov/masterWork/tests/samePrefixMarkedMtx2304/depth1/node0/test1_2.mtx 1.1 445.918 0.064796 0.78 
/home/antonkov/masterWork/tests/samePrefixMarkedMtx2304/depth1/node0/test1_2.mtx 1.2 424.365 0.0464844 0.59 
/home/antonkov/masterWork/tests/samePrefixMarkedMtx2304/depth1/node0/test1_2.mtx 1.3 537.697 0.0347895 0.455 
/home/antonkov/masterWork/tests/samePrefixMarkedMtx2304/depth1/node0/test1_2.mtx 1.4 502.712 0.0222287 0.295 
/home/antonkov/masterWork/tests/samePrefixMarkedMtx2304/depth1/node0/test1_2.mtx 1.5 640.671 0.0116515 0.165 
/home/antonkov/masterWork/tests/samePrefixMarkedMtx2304/depth1/node0/test1_2.mtx 1.6 729.354 0.00526548 0.09 
/home/antonkov/masterWork/tests/samePrefixMarkedMtx2304/depth1/node0/test1_2.mtx 1.7 1331.01 0.00197456 0.0325 
/home/antonkov/masterWork/tests/samePrefixMarkedMtx2304/depth1/node0/test1_2.mtx 1.8 2258.92 0.000741953 0.0135135 
/home/antonkov/masterWork/tests/samePrefixMarkedMtx2304/depth1/node0/test1_2.mtx 1.9 5059.1 0.000272895 0.00480769 
/home/antonkov/masterWork/tests/samePrefixMarkedMtx2304/depth1/node0/test1_2.mtx 2 0 -1 -1 
/home/antonkov/masterWork/tests/samePrefixMarkedMtx2304/depth1/node0/test1_2.mtx 2.1 0 -1 -1 
/home/antonkov/masterWork/tests/samePrefixMarkedMtx2304/depth1/node0/test1_2.mtx 2.2 0 -1 -1 
/home/antonkov/masterWork/tests/samePrefixMarkedMtx2304/depth1/node0/test1_2.mtx 2.3 0 -1 -1 
/home/antonkov/masterWork/tests/samePrefixMarkedMtx2304/depth1/node0/test1_2.mtx 2.4 0 -1 -1 
/home/antonkov/masterWork/tests/samePrefixMarkedMtx2304/depth1/node0/test1_2.mtx 2.5 0 -1 -1 
/home/antonkov/masterWork/tests/samePrefixMarkedMtx2304/depth1/node0/test1_2.mtx 2.6 0 -1 -1 
/home/antonkov/masterWork/tests/samePrefixMarkedMtx2304/depth1/node0/test1_2.mtx 2.7 0 -1 -1 
/home/antonkov/masterWork/tests/samePrefixMarkedMtx2304/depth1/node0/test1_2.mtx 2.8 0 -1 -1 
/home/antonkov/masterWork/tests/samePrefixMarkedMtx2304/depth1/node0/test1_2.mtx 2.9 0 -1 -1 
/home/antonkov/masterWork/tests/samePrefixMarkedMtx2304/depth1/node0/test1_2.mtx 3 0 -1 -1 
/home/antonkov/masterWork/tests/samePrefixMarkedMtx2304/depth1/node0/test1_2.mtx 3.1 0 -1 -1 
/home/antonkov/masterWork/tests/samePrefixMarkedMtx2304/depth1/node0/test1_2.mtx 3.2 0 -1 -1 
/home/antonkov/masterWork/tests/samePrefixMarkedMtx2304/depth1/node0/test1_2.mtx 3.3 0 -1 -1 
/home/antonkov/masterWork/tests/samePrefixMarkedMtx2304/depth1/node0/test1_2.mtx 3.4 0 -1 -1 
/home/antonkov/masterWork/tests/samePrefixMarkedMtx2304/depth1/node0/test1_2.mtx 3.5 0 -1 -1 
/home/antonkov/masterWork/tests/samePrefixMarkedMtx2304/depth1/node0/test1_3.mtx 1 448.445 0.0716884 0.82 
/home/antonkov/masterWork/tests/samePrefixMarkedMtx2304/depth1/node0/test1_3.mtx 1.1 434.455 0.0568273 0.7 
/home/antonkov/masterWork/tests/samePrefixMarkedMtx2304/depth1/node0/test1_3.mtx 1.2 412.892 0.0430252 0.54 
/home/antonkov/masterWork/tests/samePrefixMarkedMtx2304/depth1/node0/test1_3.mtx 1.3 524.223 0.0308355 0.425 
/home/antonkov/masterWork/tests/samePrefixMarkedMtx2304/depth1/node0/test1_3.mtx 1.4 492.059 0.01926 0.28 
/home/antonkov/masterWork/tests/samePrefixMarkedMtx2304/depth1/node0/test1_3.mtx 1.5 541.667 0.0119227 0.183333 
/home/antonkov/masterWork/tests/samePrefixMarkedMtx2304/depth1/node0/test1_3.mtx 1.6 791.897 0.0049845 0.0714286 
/home/antonkov/masterWork/tests/samePrefixMarkedMtx2304/depth1/node0/test1_3.mtx 1.7 1145.83 0.00233197 0.0357143 
/home/antonkov/masterWork/tests/samePrefixMarkedMtx2304/depth1/node0/test1_3.mtx 1.8 2159.41 0.000932292 0.0148571 
/home/antonkov/masterWork/tests/samePrefixMarkedMtx2304/depth1/node0/test1_3.mtx 1.9 5201.55 0.000299921 0.00481481 
/home/antonkov/masterWork/tests/samePrefixMarkedMtx2304/depth1/node0/test1_3.mtx 2 0 -1 -1 
/home/antonkov/masterWork/tests/samePrefixMarkedMtx2304/depth1/node0/test1_3.mtx 2.1 0 -1 -1 
/home/antonkov/masterWork/tests/samePrefixMarkedMtx2304/depth1/node0/test1_3.mtx 2.2 0 -1 -1 
/home/antonkov/masterWork/tests/samePrefixMarkedMtx2304/depth1/node0/test1_3.mtx 2.3 0 -1 -1 
/home/antonkov/masterWork/tests/samePrefixMarkedMtx2304/depth1/node0/test1_3.mtx 2.4 0 -1 -1 
/home/antonkov/masterWork/tests/samePrefixMarkedMtx2304/depth1/node0/test1_3.mtx 2.5 0 -1 -1 
/home/antonkov/masterWork/tests/samePrefixMarkedMtx2304/depth1/node0/test1_3.mtx 2.6 0 -1 -1 
/home/antonkov/masterWork/tests/samePrefixMarkedMtx2304/depth1/node0/test1_3.mtx 2.7 0 -1 -1 
/home/antonkov/masterWork/tests/samePrefixMarkedMtx2304/depth1/node0/test1_3.mtx 2.8 0 -1 -1 
/home/antonkov/masterWork/tests/samePrefixMarkedMtx2304/depth1/node0/test1_3.mtx 2.9 0 -1 -1 
/home/antonkov/masterWork/tests/samePrefixMarkedMtx2304/depth1/node0/test1_3.mtx 3 0 -1 -1 
/home/antonkov/masterWork/tests/samePrefixMarkedMtx2304/depth1/node0/test1_3.mtx 3.1 0 -1 -1 
/home/antonkov/masterWork/tests/samePrefixMarkedMtx2304/depth1/node0/test1_3.mtx 3.2 0 -1 -1 
/home/antonkov/masterWork/tests/samePrefixMarkedMtx2304/depth1/node0/test1_3.mtx 3.3 0 -1 -1 
/home/antonkov/masterWork/tests/samePrefixMarkedMtx2304/depth1/node0/test1_3.mtx 3.4 0 -1 -1 
/home/antonkov/masterWork/tests/samePrefixMarkedMtx2304/depth1/node0/test1_3.mtx 3.5 0 -1 -1 
/home/antonkov/masterWork/tests/samePrefixMarkedMtx2304/depth1/node0/test1_4.mtx 1 460.265 0.0750174 0.86 
/home/antonkov/masterWork/tests/samePrefixMarkedMtx2304/depth1/node0/test1_4.mtx 1.1 442.07 0.0634332 0.79 
/home/antonkov/masterWork/tests/samePrefixMarkedMtx2304/depth1/node0/test1_4.mtx 1.2 439.695 0.0457335 0.61 
/home/antonkov/masterWork/tests/samePrefixMarkedMtx2304/depth1/node0/test1_4.mtx 1.3 526.763 0.0281662 0.39 
/home/antonkov/masterWork/tests/samePrefixMarkedMtx2304/depth1/node0/test1_4.mtx 1.4 493.937 0.0188694 0.26 
/home/antonkov/masterWork/tests/samePrefixMarkedMtx2304/depth1/node0/test1_4.mtx 1.5 629.361 0.00931424 0.1275 
/home/antonkov/masterWork/tests/samePrefixMarkedMtx2304/depth1/node0/test1_4.mtx 1.6 890.578 0.00495388 0.07125 
/home/antonkov/masterWork/tests/samePrefixMarkedMtx2304/depth1/node0/test1_4.mtx 1.7 1345.69 0.00195185 0.03 
/home/antonkov/masterWork/tests/samePrefixMarkedMtx2304/depth1/node0/test1_4.mtx 1.8 2281.39 0.000839668 0.0135135 
/home/antonkov/masterWork/tests/samePrefixMarkedMtx2304/depth1/node0/test1_4.mtx 1.9 7112.3 0.000209653 0.00344595 
/home/antonkov/masterWork/tests/samePrefixMarkedMtx2304/depth1/node0/test1_4.mtx 2 0 -1 -1 
/home/antonkov/masterWork/tests/samePrefixMarkedMtx2304/depth1/node0/test1_4.mtx 2.1 0 -1 -1 
/home/antonkov/masterWork/tests/samePrefixMarkedMtx2304/depth1/node0/test1_4.mtx 2.2 0 -1 -1 
/home/antonkov/masterWork/tests/samePrefixMarkedMtx2304/depth1/node0/test1_4.mtx 2.3 0 -1 -1 
/home/antonkov/masterWork/tests/samePrefixMarkedMtx2304/depth1/node0/test1_4.mtx 2.4 0 -1 -1 
/home/antonkov/masterWork/tests/samePrefixMarkedMtx2304/depth1/node0/test1_4.mtx 2.5 0 -1 -1 
/home/antonkov/masterWork/tests/samePrefixMarkedMtx2304/depth1/node0/test1_4.mtx 2.6 0 -1 -1 
/home/antonkov/masterWork/tests/samePrefixMarkedMtx2304/depth1/node0/test1_4.mtx 2.7 0 -1 -1 
/home/antonkov/masterWork/tests/samePrefixMarkedMtx2304/depth1/node0/test1_4.mtx 2.8 0 -1 -1 
/home/antonkov/masterWork/tests/samePrefixMarkedMtx2304/depth1/node0/test1_4.mtx 2.9 0 -1 -1 
/home/antonkov/masterWork/tests/samePrefixMarkedMtx2304/depth1/node0/test1_4.mtx 3 0 -1 -1 
/home/antonkov/masterWork/tests/samePrefixMarkedMtx2304/depth1/node0/test1_4.mtx 3.1 0 -1 -1 
/home/antonkov/masterWork/tests/samePrefixMarkedMtx2304/depth1/node0/test1_4.mtx 3.2 0 -1 -1 
/home/antonkov/masterWork/tests/samePrefixMarkedMtx2304/depth1/node0/test1_4.mtx 3.3 0 -1 -1 
/home/antonkov/masterWork/tests/samePrefixMarkedMtx2304/depth1/node0/test1_4.mtx 3.4 0 -1 -1 
/home/antonkov/masterWork/tests/samePrefixMarkedMtx2304/depth1/node0/test1_4.mtx 3.5 0 -1 -1 
/home/antonkov/masterWork/tests/samePrefixMarkedMtx2304/depth1/node0/test2_0.mtx 1 412.799 0.0719141 0.84 
/home/antonkov/masterWork/tests/samePrefixMarkedMtx2304/depth1/node0/test2_0.mtx 1.1 404.957 0.0582118 0.75 
/home/antonkov/masterWork/tests/samePrefixMarkedMtx2304/depth1/node0/test2_0.mtx 1.2 378.401 0.0401997 0.56 
/home/antonkov/masterWork/tests/samePrefixMarkedMtx2304/depth1/node0/test2_0.mtx 1.3 486.081 0.0274284 0.365 
/home/antonkov/masterWork/tests/samePrefixMarkedMtx2304/depth1/node0/test2_0.mtx 1.4 541.901 0.0180483 0.246667 
/home/antonkov/masterWork/tests/samePrefixMarkedMtx2304/depth1/node0/test2_0.mtx 1.5 569.672 0.00961046 0.1375 
/home/antonkov/masterWork/tests/samePrefixMarkedMtx2304/depth1/node0/test2_0.mtx 1.6 807.449 0.0043023 0.0625 
/home/antonkov/masterWork/tests/samePrefixMarkedMtx2304/depth1/node0/test2_0.mtx 1.7 1207.92 0.00222114 0.0325 
/home/antonkov/masterWork/tests/samePrefixMarkedMtx2304/depth1/node0/test2_0.mtx 1.8 2384.52 0.000761409 0.0119048 
/home/antonkov/masterWork/tests/samePrefixMarkedMtx2304/depth1/node0/test2_0.mtx 1.9 7394.18 0.000169192 0.0030303 
/home/antonkov/masterWork/tests/samePrefixMarkedMtx2304/depth1/node0/test2_0.mtx 2 0 -1 -1 
/home/antonkov/masterWork/tests/samePrefixMarkedMtx2304/depth1/node0/test2_0.mtx 2.1 0 -1 -1 
/home/antonkov/masterWork/tests/samePrefixMarkedMtx2304/depth1/node0/test2_0.mtx 2.2 0 -1 -1 
/home/antonkov/masterWork/tests/samePrefixMarkedMtx2304/depth1/node0/test2_0.mtx 2.3 0 -1 -1 
/home/antonkov/masterWork/tests/samePrefixMarkedMtx2304/depth1/node0/test2_0.mtx 2.4 0 -1 -1 
/home/antonkov/masterWork/tests/samePrefixMarkedMtx2304/depth1/node0/test2_0.mtx 2.5 0 -1 -1 
/home/antonkov/masterWork/tests/samePrefixMarkedMtx2304/depth1/node0/test2_0.mtx 2.6 0 -1 -1 
/home/antonkov/masterWork/tests/samePrefixMarkedMtx2304/depth1/node0/test2_0.mtx 2.7 0 -1 -1 
/home/antonkov/masterWork/tests/samePrefixMarkedMtx2304/depth1/node0/test2_0.mtx 2.8 0 -1 -1 
/home/antonkov/masterWork/tests/samePrefixMarkedMtx2304/depth1/node0/test2_0.mtx 2.9 0 -1 -1 
/home/antonkov/masterWork/tests/samePrefixMarkedMtx2304/depth1/node0/test2_0.mtx 3 0 -1 -1 
/home/antonkov/masterWork/tests/samePrefixMarkedMtx2304/depth1/node0/test2_0.mtx 3.1 0 -1 -1 
/home/antonkov/masterWork/tests/samePrefixMarkedMtx2304/depth1/node0/test2_0.mtx 3.2 0 -1 -1 
/home/antonkov/masterWork/tests/samePrefixMarkedMtx2304/depth1/node0/test2_0.mtx 3.3 0 -1 -1 
/home/antonkov/masterWork/tests/samePrefixMarkedMtx2304/depth1/node0/test2_0.mtx 3.4 0 -1 -1 
/home/antonkov/masterWork/tests/samePrefixMarkedMtx2304/depth1/node0/test2_0.mtx 3.5 0 -1 -1 
/home/antonkov/masterWork/tests/samePrefixMarkedMtx2304/depth1/node0/test2_1.mtx 1 406.284 0.0721875 0.82 
/home/antonkov/masterWork/tests/samePrefixMarkedMtx2304/depth1/node0/test2_1.mtx 1.1 399.962 0.0608637 0.73 
/home/antonkov/masterWork/tests/samePrefixMarkedMtx2304/depth1/node0/test2_1.mtx 1.2 382.952 0.0443403 0.58 
/home/antonkov/masterWork/tests/samePrefixMarkedMtx2304/depth1/node0/test2_1.mtx 1.3 481.684 0.0295291 0.405 
/home/antonkov/masterWork/tests/samePrefixMarkedMtx2304/depth1/node0/test2_1.mtx 1.4 541.07 0.0157161 0.216667 
/home/antonkov/masterWork/tests/samePrefixMarkedMtx2304/depth1/node0/test2_1.mtx 1.5 588.335 0.00946289 0.1325 
/home/antonkov/masterWork/tests/samePrefixMarkedMtx2304/depth1/node0/test2_1.mtx 1.6 810.505 0.0045969 0.0675 
/home/antonkov/masterWork/tests/samePrefixMarkedMtx2304/depth1/node0/test2_1.mtx 1.7 1362.26 0.00183907 0.0283333 
/home/antonkov/masterWork/tests/samePrefixMarkedMtx2304/depth1/node0/test2_1.mtx 1.8 3200.82 0.000551977 0.00894737 
/home/antonkov/masterWork/tests/samePrefixMarkedMtx2304/depth1/node0/test2_1.mtx 1.9 0 -1 -1 
/home/antonkov/masterWork/tests/samePrefixMarkedMtx2304/depth1/node0/test2_1.mtx 2 0 -1 -1 
/home/antonkov/masterWork/tests/samePrefixMarkedMtx2304/depth1/node0/test2_1.mtx 2.1 0 -1 -1 
/home/antonkov/masterWork/tests/samePrefixMarkedMtx2304/depth1/node0/test2_1.mtx 2.2 0 -1 -1 
/home/antonkov/masterWork/tests/samePrefixMarkedMtx2304/depth1/node0/test2_1.mtx 2.3 0 -1 -1 
/home/antonkov/masterWork/tests/samePrefixMarkedMtx2304/depth1/node0/test2_1.mtx 2.4 0 -1 -1 
/home/antonkov/masterWork/tests/samePrefixMarkedMtx2304/depth1/node0/test2_1.mtx 2.5 0 -1 -1 
/home/antonkov/masterWork/tests/samePrefixMarkedMtx2304/depth1/node0/test2_1.mtx 2.6 0 -1 -1 
/home/antonkov/masterWork/tests/samePrefixMarkedMtx2304/depth1/node0/test2_1.mtx 2.7 0 -1 -1 
/home/antonkov/masterWork/tests/samePrefixMarkedMtx2304/depth1/node0/test2_1.mtx 2.8 0 -1 -1 
/home/antonkov/masterWork/tests/samePrefixMarkedMtx2304/depth1/node0/test2_1.mtx 2.9 0 -1 -1 
/home/antonkov/masterWork/tests/samePrefixMarkedMtx2304/depth1/node0/test2_1.mtx 3 0 -1 -1 
/home/antonkov/masterWork/tests/samePrefixMarkedMtx2304/depth1/node0/test2_1.mtx 3.1 0 -1 -1 
/home/antonkov/masterWork/tests/samePrefixMarkedMtx2304/depth1/node0/test2_1.mtx 3.2 0 -1 -1 
/home/antonkov/masterWork/tests/samePrefixMarkedMtx2304/depth1/node0/test2_1.mtx 3.3 0 -1 -1 
/home/antonkov/masterWork/tests/samePrefixMarkedMtx2304/depth1/node0/test2_1.mtx 3.4 0 -1 -1 
/home/antonkov/masterWork/tests/samePrefixMarkedMtx2304/depth1/node0/test2_1.mtx 3.5 0 -1 -1 
/home/antonkov/masterWork/tests/samePrefixMarkedMtx2304/depth1/node0/test2_2.mtx 1 399.93 0.0746311 0.87 
/home/antonkov/masterWork/tests/samePrefixMarkedMtx2304/depth1/node0/test2_2.mtx 1.1 388.281 0.0586068 0.71 
/home/antonkov/masterWork/tests/samePrefixMarkedMtx2304/depth1/node0/test2_2.mtx 1.2 366.925 0.0410286 0.54 
/home/antonkov/masterWork/tests/samePrefixMarkedMtx2304/depth1/node0/test2_2.mtx 1.3 467.973 0.0300391 0.39 
/home/antonkov/masterWork/tests/samePrefixMarkedMtx2304/depth1/node0/test2_2.mtx 1.4 430.673 0.0188715 0.27 
/home/antonkov/masterWork/tests/samePrefixMarkedMtx2304/depth1/node0/test2_2.mtx 1.5 507.298 0.0134549 0.19 
/home/antonkov/masterWork/tests/samePrefixMarkedMtx2304/depth1/node0/test2_2.mtx 1.6 701.498 0.00538339 0.0833333 
/home/antonkov/masterWork/tests/samePrefixMarkedMtx2304/depth1/node0/test2_2.mtx 1.7 1119.34 0.00234034 0.0385714 
/home/antonkov/masterWork/tests/samePrefixMarkedMtx2304/depth1/node0/test2_2.mtx 1.8 2802.05 0.000610119 0.0102041 
/home/antonkov/masterWork/tests/samePrefixMarkedMtx2304/depth1/node0/test2_2.mtx 1.9 7222.64 0.000192133 0.00318471 
/home/antonkov/masterWork/tests/samePrefixMarkedMtx2304/depth1/node0/test2_2.mtx 2 0 -1 -1 
/home/antonkov/masterWork/tests/samePrefixMarkedMtx2304/depth1/node0/test2_2.mtx 2.1 0 -1 -1 
/home/antonkov/masterWork/tests/samePrefixMarkedMtx2304/depth1/node0/test2_2.mtx 2.2 0 -1 -1 
/home/antonkov/masterWork/tests/samePrefixMarkedMtx2304/depth1/node0/test2_2.mtx 2.3 0 -1 -1 
/home/antonkov/masterWork/tests/samePrefixMarkedMtx2304/depth1/node0/test2_2.mtx 2.4 0 -1 -1 
/home/antonkov/masterWork/tests/samePrefixMarkedMtx2304/depth1/node0/test2_2.mtx 2.5 0 -1 -1 
/home/antonkov/masterWork/tests/samePrefixMarkedMtx2304/depth1/node0/test2_2.mtx 2.6 0 -1 -1 
/home/antonkov/masterWork/tests/samePrefixMarkedMtx2304/depth1/node0/test2_2.mtx 2.7 0 -1 -1 
/home/antonkov/masterWork/tests/samePrefixMarkedMtx2304/depth1/node0/test2_2.mtx 2.8 0 -1 -1 
/home/antonkov/masterWork/tests/samePrefixMarkedMtx2304/depth1/node0/test2_2.mtx 2.9 0 -1 -1 
/home/antonkov/masterWork/tests/samePrefixMarkedMtx2304/depth1/node0/test2_2.mtx 3 0 -1 -1 
/home/antonkov/masterWork/tests/samePrefixMarkedMtx2304/depth1/node0/test2_2.mtx 3.1 0 -1 -1 
/home/antonkov/masterWork/tests/samePrefixMarkedMtx2304/depth1/node0/test2_2.mtx 3.2 0 -1 -1 
/home/antonkov/masterWork/tests/samePrefixMarkedMtx2304/depth1/node0/test2_2.mtx 3.3 0 -1 -1 
/home/antonkov/masterWork/tests/samePrefixMarkedMtx2304/depth1/node0/test2_2.mtx 3.4 0 -1 -1 
/home/antonkov/masterWork/tests/samePrefixMarkedMtx2304/depth1/node0/test2_2.mtx 3.5 0 -1 -1 
/home/antonkov/masterWork/tests/samePrefixMarkedMtx2304/depth1/node0/test2_3.mtx 1 401.843 0.076059 0.91 
/home/antonkov/masterWork/tests/samePrefixMarkedMtx2304/depth1/node0/test2_3.mtx 1.1 394.853 0.0571701 0.73 
/home/antonkov/masterWork/tests/samePrefixMarkedMtx2304/depth1/node0/test2_3.mtx 1.2 372.824 0.0409939 0.56 
/home/antonkov/masterWork/tests/samePrefixMarkedMtx2304/depth1/node0/test2_3.mtx 1.3 483.013 0.0291276 0.395 
/home/antonkov/masterWork/tests/samePrefixMarkedMtx2304/depth1/node0/test2_3.mtx 1.4 444.496 0.0176476 0.27 
/home/antonkov/masterWork/tests/samePrefixMarkedMtx2304/depth1/node0/test2_3.mtx 1.5 645.908 0.00828212 0.124 
/home/antonkov/masterWork/tests/samePrefixMarkedMtx2304/depth1/node0/test2_3.mtx 1.6 811.503 0.00450087 0.06875 
/home/antonkov/masterWork/tests/samePrefixMarkedMtx2304/depth1/node0/test2_3.mtx 1.7 1353.19 0.00198857 0.03 
/home/antonkov/masterWork/tests/samePrefixMarkedMtx2304/depth1/node0/test2_3.mtx 1.8 2770.29 0.000681331 0.0110638 
/home/antonkov/masterWork/tests/samePrefixMarkedMtx2304/depth1/node0/test2_3.mtx 1.9 6052.86 0.000228373 0.00390625 
/home/antonkov/masterWork/tests/samePrefixMarkedMtx2304/depth1/node0/test2_3.mtx 2 0 -1 -1 
/home/antonkov/masterWork/tests/samePrefixMarkedMtx2304/depth1/node0/test2_3.mtx 2.1 0 -1 -1 
/home/antonkov/masterWork/tests/samePrefixMarkedMtx2304/depth1/node0/test2_3.mtx 2.2 0 -1 -1 
/home/antonkov/masterWork/tests/samePrefixMarkedMtx2304/depth1/node0/test2_3.mtx 2.3 0 -1 -1 
/home/antonkov/masterWork/tests/samePrefixMarkedMtx2304/depth1/node0/test2_3.mtx 2.4 0 -1 -1 
/home/antonkov/masterWork/tests/samePrefixMarkedMtx2304/depth1/node0/test2_3.mtx 2.5 0 -1 -1 
/home/antonkov/masterWork/tests/samePrefixMarkedMtx2304/depth1/node0/test2_3.mtx 2.6 0 -1 -1 
/home/antonkov/masterWork/tests/samePrefixMarkedMtx2304/depth1/node0/test2_3.mtx 2.7 0 -1 -1 
/home/antonkov/masterWork/tests/samePrefixMarkedMtx2304/depth1/node0/test2_3.mtx 2.8 0 -1 -1 
/home/antonkov/masterWork/tests/samePrefixMarkedMtx2304/depth1/node0/test2_3.mtx 2.9 0 -1 -1 
/home/antonkov/masterWork/tests/samePrefixMarkedMtx2304/depth1/node0/test2_3.mtx 3 0 -1 -1 
/home/antonkov/masterWork/tests/samePrefixMarkedMtx2304/depth1/node0/test2_3.mtx 3.1 0 -1 -1 
/home/antonkov/masterWork/tests/samePrefixMarkedMtx2304/depth1/node0/test2_3.mtx 3.2 0 -1 -1 
/home/antonkov/masterWork/tests/samePrefixMarkedMtx2304/depth1/node0/test2_3.mtx 3.3 0 -1 -1 
/home/antonkov/masterWork/tests/samePrefixMarkedMtx2304/depth1/node0/test2_3.mtx 3.4 0 -1 -1 
/home/antonkov/masterWork/tests/samePrefixMarkedMtx2304/depth1/node0/test2_3.mtx 3.5 0 -1 -1 
/home/antonkov/masterWork/tests/samePrefixMarkedMtx2304/depth1/node0/test2_4.mtx 1 417.425 0.0709462 0.81 
/home/antonkov/masterWork/tests/samePrefixMarkedMtx2304/depth1/node0/test2_4.mtx 1.1 393.346 0.0576128 0.69 
/home/antonkov/masterWork/tests/samePrefixMarkedMtx2304/depth1/node0/test2_4.mtx 1.2 366.985 0.0451128 0.55 
/home/antonkov/masterWork/tests/samePrefixMarkedMtx2304/depth1/node0/test2_4.mtx 1.3 482.913 0.0347352 0.46 
/home/antonkov/masterWork/tests/samePrefixMarkedMtx2304/depth1/node0/test2_4.mtx 1.4 456.069 0.0201454 0.28 
/home/antonkov/masterWork/tests/samePrefixMarkedMtx2304/depth1/node0/test2_4.mtx 1.5 578.128 0.00825629 0.125 
/home/antonkov/masterWork/tests/samePrefixMarkedMtx2304/depth1/node0/test2_4.mtx 1.6 804.808 0.00408257 0.06375 
/home/antonkov/masterWork/tests/samePrefixMarkedMtx2304/depth1/node0/test2_4.mtx 1.7 1269.26 0.00180402 0.0294118 
/home/antonkov/masterWork/tests/samePrefixMarkedMtx2304/depth1/node0/test2_4.mtx 1.8 2412.07 0.00077398 0.0125 
/home/antonkov/masterWork/tests/samePrefixMarkedMtx2304/depth1/node0/test2_4.mtx 1.9 6739.58 0.000193856 0.0034965 
/home/antonkov/masterWork/tests/samePrefixMarkedMtx2304/depth1/node0/test2_4.mtx 2 0 -1 -1 
/home/antonkov/masterWork/tests/samePrefixMarkedMtx2304/depth1/node0/test2_4.mtx 2.1 0 -1 -1 
/home/antonkov/masterWork/tests/samePrefixMarkedMtx2304/depth1/node0/test2_4.mtx 2.2 0 -1 -1 
/home/antonkov/masterWork/tests/samePrefixMarkedMtx2304/depth1/node0/test2_4.mtx 2.3 0 -1 -1 
/home/antonkov/masterWork/tests/samePrefixMarkedMtx2304/depth1/node0/test2_4.mtx 2.4 0 -1 -1 
/home/antonkov/masterWork/tests/samePrefixMarkedMtx2304/depth1/node0/test2_4.mtx 2.5 0 -1 -1 
/home/antonkov/masterWork/tests/samePrefixMarkedMtx2304/depth1/node0/test2_4.mtx 2.6 0 -1 -1 
/home/antonkov/masterWork/tests/samePrefixMarkedMtx2304/depth1/node0/test2_4.mtx 2.7 0 -1 -1 
/home/antonkov/masterWork/tests/samePrefixMarkedMtx2304/depth1/node0/test2_4.mtx 2.8 0 -1 -1 
/home/antonkov/masterWork/tests/samePrefixMarkedMtx2304/depth1/node0/test2_4.mtx 2.9 0 -1 -1 
/home/antonkov/masterWork/tests/samePrefixMarkedMtx2304/depth1/node0/test2_4.mtx 3 0 -1 -1 
/home/antonkov/masterWork/tests/samePrefixMarkedMtx2304/depth1/node0/test2_4.mtx 3.1 0 -1 -1 
/home/antonkov/masterWork/tests/samePrefixMarkedMtx2304/depth1/node0/test2_4.mtx 3.2 0 -1 -1 
/home/antonkov/masterWork/tests/samePrefixMarkedMtx2304/depth1/node0/test2_4.mtx 3.3 0 -1 -1 
/home/antonkov/masterWork/tests/samePrefixMarkedMtx2304/depth1/node0/test2_4.mtx 3.4 0 -1 -1 
/home/antonkov/masterWork/tests/samePrefixMarkedMtx2304/depth1/node0/test2_4.mtx 3.5 0 -1 -1 
/home/antonkov/masterWork/tests/samePrefixMarkedMtx2304/depth1/node0/test97_0.mtx 1 453.457 0.0734852 0.85 
/home/antonkov/masterWork/tests/samePrefixMarkedMtx2304/depth1/node0/test97_0.mtx 1.1 442.783 0.0605642 0.74 
/home/antonkov/masterWork/tests/samePrefixMarkedMtx2304/depth1/node0/test97_0.mtx 1.2 424.294 0.0487891 0.6 
/home/antonkov/masterWork/tests/samePrefixMarkedMtx2304/depth1/node0/test97_0.mtx 1.3 525.006 0.0326693 0.445 
/home/antonkov/masterWork/tests/samePrefixMarkedMtx2304/depth1/node0/test97_0.mtx 1.4 501.608 0.0201628 0.305 
/home/antonkov/masterWork/tests/samePrefixMarkedMtx2304/depth1/node0/test97_0.mtx 1.5 650.544 0.0101682 0.1475 
/home/antonkov/masterWork/tests/samePrefixMarkedMtx2304/depth1/node0/test97_0.mtx 1.6 801.89 0.00507564 0.0742857 
/home/antonkov/masterWork/tests/samePrefixMarkedMtx2304/depth1/node0/test97_0.mtx 1.7 1197.11 0.0023484 0.0364286 
/home/antonkov/masterWork/tests/samePrefixMarkedMtx2304/depth1/node0/test97_0.mtx 1.8 1750.14 0.00114884 0.0192308 
/home/antonkov/masterWork/tests/samePrefixMarkedMtx2304/depth1/node0/test97_0.mtx 1.9 3364.68 0.000441239 0.00769231 
/home/antonkov/masterWork/tests/samePrefixMarkedMtx2304/depth1/node0/test97_0.mtx 2 0 -1 -1 
/home/antonkov/masterWork/tests/samePrefixMarkedMtx2304/depth1/node0/test97_0.mtx 2.1 0 -1 -1 
/home/antonkov/masterWork/tests/samePrefixMarkedMtx2304/depth1/node0/test97_0.mtx 2.2 0 -1 -1 
/home/antonkov/masterWork/tests/samePrefixMarkedMtx2304/depth1/node0/test97_0.mtx 2.3 0 -1 -1 
/home/antonkov/masterWork/tests/samePrefixMarkedMtx2304/depth1/node0/test97_0.mtx 2.4 0 -1 -1 
/home/antonkov/masterWork/tests/samePrefixMarkedMtx2304/depth1/node0/test97_0.mtx 2.5 0 -1 -1 
/home/antonkov/masterWork/tests/samePrefixMarkedMtx2304/depth1/node0/test97_0.mtx 2.6 0 -1 -1 
/home/antonkov/masterWork/tests/samePrefixMarkedMtx2304/depth1/node0/test97_0.mtx 2.7 0 -1 -1 
/home/antonkov/masterWork/tests/samePrefixMarkedMtx2304/depth1/node0/test97_0.mtx 2.8 0 -1 -1 
/home/antonkov/masterWork/tests/samePrefixMarkedMtx2304/depth1/node0/test97_0.mtx 2.9 0 -1 -1 
/home/antonkov/masterWork/tests/samePrefixMarkedMtx2304/depth1/node0/test97_0.mtx 3 0 -1 -1 
/home/antonkov/masterWork/tests/samePrefixMarkedMtx2304/depth1/node0/test97_0.mtx 3.1 0 -1 -1 
/home/antonkov/masterWork/tests/samePrefixMarkedMtx2304/depth1/node0/test97_0.mtx 3.2 0 -1 -1 
/home/antonkov/masterWork/tests/samePrefixMarkedMtx2304/depth1/node0/test97_0.mtx 3.3 0 -1 -1 
/home/antonkov/masterWork/tests/samePrefixMarkedMtx2304/depth1/node0/test97_0.mtx 3.4 0 -1 -1 
/home/antonkov/masterWork/tests/samePrefixMarkedMtx2304/depth1/node0/test97_0.mtx 3.5 0 -1 -1 
/home/antonkov/masterWork/tests/samePrefixMarkedMtx2304/depth1/node0/test97_1.mtx 1 452.913 0.0732769 0.86 
/home/antonkov/masterWork/tests/samePrefixMarkedMtx2304/depth1/node0/test97_1.mtx 1.1 439.585 0.0578038 0.71 
/home/antonkov/masterWork/tests/samePrefixMarkedMtx2304/depth1/node0/test97_1.mtx 1.2 427.789 0.0439627 0.56 
/home/antonkov/masterWork/tests/samePrefixMarkedMtx2304/depth1/node0/test97_1.mtx 1.3 534.987 0.0334614 0.445 
/home/antonkov/masterWork/tests/samePrefixMarkedMtx2304/depth1/node0/test97_1.mtx 1.4 502 0.0216819 0.31 
/home/antonkov/masterWork/tests/samePrefixMarkedMtx2304/depth1/node0/test97_1.mtx 1.5 562.207 0.0116536 0.17 
/home/antonkov/masterWork/tests/samePrefixMarkedMtx2304/depth1/node0/test97_1.mtx 1.6 830.212 0.00518849 0.0814286 
/home/antonkov/masterWork/tests/samePrefixMarkedMtx2304/depth1/node0/test97_1.mtx 1.7 1090.22 0.00243957 0.0392308 
/home/antonkov/masterWork/tests/samePrefixMarkedMtx2304/depth1/node0/test97_1.mtx 1.8 2704.28 0.00066595 0.011087 
/home/antonkov/masterWork/tests/samePrefixMarkedMtx2304/depth1/node0/test97_1.mtx 1.9 5341.59 0.000259211 0.00462963 
/home/antonkov/masterWork/tests/samePrefixMarkedMtx2304/depth1/node0/test97_1.mtx 2 0 -1 -1 
/home/antonkov/masterWork/tests/samePrefixMarkedMtx2304/depth1/node0/test97_1.mtx 2.1 0 -1 -1 
/home/antonkov/masterWork/tests/samePrefixMarkedMtx2304/depth1/node0/test97_1.mtx 2.2 0 -1 -1 
/home/antonkov/masterWork/tests/samePrefixMarkedMtx2304/depth1/node0/test97_1.mtx 2.3 0 -1 -1 
/home/antonkov/masterWork/tests/samePrefixMarkedMtx2304/depth1/node0/test97_1.mtx 2.4 0 -1 -1 
/home/antonkov/masterWork/tests/samePrefixMarkedMtx2304/depth1/node0/test97_1.mtx 2.5 0 -1 -1 
/home/antonkov/masterWork/tests/samePrefixMarkedMtx2304/depth1/node0/test97_1.mtx 2.6 0 -1 -1 
/home/antonkov/masterWork/tests/samePrefixMarkedMtx2304/depth1/node0/test97_1.mtx 2.7 0 -1 -1 
/home/antonkov/masterWork/tests/samePrefixMarkedMtx2304/depth1/node0/test97_1.mtx 2.8 0 -1 -1 
/home/antonkov/masterWork/tests/samePrefixMarkedMtx2304/depth1/node0/test97_1.mtx 2.9 0 -1 -1 
/home/antonkov/masterWork/tests/samePrefixMarkedMtx2304/depth1/node0/test97_1.mtx 3 0 -1 -1 
/home/antonkov/masterWork/tests/samePrefixMarkedMtx2304/depth1/node0/test97_1.mtx 3.1 0 -1 -1 
/home/antonkov/masterWork/tests/samePrefixMarkedMtx2304/depth1/node0/test97_1.mtx 3.2 0 -1 -1 
/home/antonkov/masterWork/tests/samePrefixMarkedMtx2304/depth1/node0/test97_1.mtx 3.3 0 -1 -1 
/home/antonkov/masterWork/tests/samePrefixMarkedMtx2304/depth1/node0/test97_1.mtx 3.4 0 -1 -1 
/home/antonkov/masterWork/tests/samePrefixMarkedMtx2304/depth1/node0/test97_1.mtx 3.5 0 -1 -1 
/home/antonkov/masterWork/tests/samePrefixMarkedMtx2304/depth1/node0/test97_2.mtx 1 447.689 0.0739106 0.85 
/home/antonkov/masterWork/tests/samePrefixMarkedMtx2304/depth1/node0/test97_2.mtx 1.1 437.468 0.0602734 0.72 
/home/antonkov/masterWork/tests/samePrefixMarkedMtx2304/depth1/node0/test97_2.mtx 1.2 435.081 0.0472179 0.61 
/home/antonkov/masterWork/tests/samePrefixMarkedMtx2304/depth1/node0/test97_2.mtx 1.3 536.859 0.0333485 0.455 
/home/antonkov/masterWork/tests/samePrefixMarkedMtx2304/depth1/node0/test97_2.mtx 1.4 503.917 0.0193056 0.275 
/home/antonkov/masterWork/tests/samePrefixMarkedMtx2304/depth1/node0/test97_2.mtx 1.5 643.741 0.0110699 0.16 
/home/antonkov/masterWork/tests/samePrefixMarkedMtx2304/depth1/node0/test97_2.mtx 1.6 809.591 0.00493428 0.0757143 
/home/antonkov/masterWork/tests/samePrefixMarkedMtx2304/depth1/node0/test97_2.mtx 1.7 1100.01 0.00233674 0.0384615 
/home/antonkov/masterWork/tests/samePrefixMarkedMtx2304/depth1/node0/test97_2.mtx 1.8 2491.52 0.0007406 0.0121951 
/home/antonkov/masterWork/tests/samePrefixMarkedMtx2304/depth1/node0/test97_2.mtx 1.9 5246.4 0.000252182 0.0046729 
/home/antonkov/masterWork/tests/samePrefixMarkedMtx2304/depth1/node0/test97_2.mtx 2 0 -1 -1 
/home/antonkov/masterWork/tests/samePrefixMarkedMtx2304/depth1/node0/test97_2.mtx 2.1 0 -1 -1 
/home/antonkov/masterWork/tests/samePrefixMarkedMtx2304/depth1/node0/test97_2.mtx 2.2 0 -1 -1 
/home/antonkov/masterWork/tests/samePrefixMarkedMtx2304/depth1/node0/test97_2.mtx 2.3 0 -1 -1 
/home/antonkov/masterWork/tests/samePrefixMarkedMtx2304/depth1/node0/test97_2.mtx 2.4 0 -1 -1 
/home/antonkov/masterWork/tests/samePrefixMarkedMtx2304/depth1/node0/test97_2.mtx 2.5 0 -1 -1 
/home/antonkov/masterWork/tests/samePrefixMarkedMtx2304/depth1/node0/test97_2.mtx 2.6 0 -1 -1 
/home/antonkov/masterWork/tests/samePrefixMarkedMtx2304/depth1/node0/test97_2.mtx 2.7 0 -1 -1 
/home/antonkov/masterWork/tests/samePrefixMarkedMtx2304/depth1/node0/test97_2.mtx 2.8 0 -1 -1 
/home/antonkov/masterWork/tests/samePrefixMarkedMtx2304/depth1/node0/test97_2.mtx 2.9 0 -1 -1 
/home/antonkov/masterWork/tests/samePrefixMarkedMtx2304/depth1/node0/test97_2.mtx 3 0 -1 -1 
/home/antonkov/masterWork/tests/samePrefixMarkedMtx2304/depth1/node0/test97_2.mtx 3.1 0 -1 -1 
/home/antonkov/masterWork/tests/samePrefixMarkedMtx2304/depth1/node0/test97_2.mtx 3.2 0 -1 -1 
/home/antonkov/masterWork/tests/samePrefixMarkedMtx2304/depth1/node0/test97_2.mtx 3.3 0 -1 -1 
/home/antonkov/masterWork/tests/samePrefixMarkedMtx2304/depth1/node0/test97_2.mtx 3.4 0 -1 -1 
/home/antonkov/masterWork/tests/samePrefixMarkedMtx2304/depth1/node0/test97_2.mtx 3.5 0 -1 -1 
/home/antonkov/masterWork/tests/samePrefixMarkedMtx2304/depth1/node0/test97_3.mtx 1 448.201 0.0731207 0.84 
/home/antonkov/masterWork/tests/samePrefixMarkedMtx2304/depth1/node0/test97_3.mtx 1.1 435.189 0.0587934 0.74 
/home/antonkov/masterWork/tests/samePrefixMarkedMtx2304/depth1/node0/test97_3.mtx 1.2 421.91 0.0411632 0.56 
/home/antonkov/masterWork/tests/samePrefixMarkedMtx2304/depth1/node0/test97_3.mtx 1.3 540.237 0.0311176 0.445 
/home/antonkov/masterWork/tests/samePrefixMarkedMtx2304/depth1/node0/test97_3.mtx 1.4 499.081 0.017717 0.255 
/home/antonkov/masterWork/tests/samePrefixMarkedMtx2304/depth1/node0/test97_3.mtx 1.5 569.547 0.0109635 0.166667 
/home/antonkov/masterWork/tests/samePrefixMarkedMtx2304/depth1/node0/test97_3.mtx 1.6 825.768 0.00490451 0.0757143 
/home/antonkov/masterWork/tests/samePrefixMarkedMtx2304/depth1/node0/test97_3.mtx 1.7 1143.64 0.00226062 0.0384615 
/home/antonkov/masterWork/tests/samePrefixMarkedMtx2304/depth1/node0/test97_3.mtx 1.8 2273.57 0.000807168 0.0142857 
/home/antonkov/masterWork/tests/samePrefixMarkedMtx2304/depth1/node0/test97_3.mtx 1.9 4710.71 0.000311273 0.00543478 
/home/antonkov/masterWork/tests/samePrefixMarkedMtx2304/depth1/node0/test97_3.mtx 2 0 -1 -1 
/home/antonkov/masterWork/tests/samePrefixMarkedMtx2304/depth1/node0/test97_3.mtx 2.1 0 -1 -1 
/home/antonkov/masterWork/tests/samePrefixMarkedMtx2304/depth1/node0/test97_3.mtx 2.2 0 -1 -1 
/home/antonkov/masterWork/tests/samePrefixMarkedMtx2304/depth1/node0/test97_3.mtx 2.3 0 -1 -1 
/home/antonkov/masterWork/tests/samePrefixMarkedMtx2304/depth1/node0/test97_3.mtx 2.4 0 -1 -1 
/home/antonkov/masterWork/tests/samePrefixMarkedMtx2304/depth1/node0/test97_3.mtx 2.5 0 -1 -1 
/home/antonkov/masterWork/tests/samePrefixMarkedMtx2304/depth1/node0/test97_3.mtx 2.6 0 -1 -1 
/home/antonkov/masterWork/tests/samePrefixMarkedMtx2304/depth1/node0/test97_3.mtx 2.7 0 -1 -1 
/home/antonkov/masterWork/tests/samePrefixMarkedMtx2304/depth1/node0/test97_3.mtx 2.8 0 -1 -1 
/home/antonkov/masterWork/tests/samePrefixMarkedMtx2304/depth1/node0/test97_3.mtx 2.9 0 -1 -1 
/home/antonkov/masterWork/tests/samePrefixMarkedMtx2304/depth1/node0/test97_3.mtx 3 0 -1 -1 
/home/antonkov/masterWork/tests/samePrefixMarkedMtx2304/depth1/node0/test97_3.mtx 3.1 0 -1 -1 
/home/antonkov/masterWork/tests/samePrefixMarkedMtx2304/depth1/node0/test97_3.mtx 3.2 0 -1 -1 
/home/antonkov/masterWork/tests/samePrefixMarkedMtx2304/depth1/node0/test97_3.mtx 3.3 0 -1 -1 
/home/antonkov/masterWork/tests/samePrefixMarkedMtx2304/depth1/node0/test97_3.mtx 3.4 0 -1 -1 
/home/antonkov/masterWork/tests/samePrefixMarkedMtx2304/depth1/node0/test97_3.mtx 3.5 0 -1 -1 
/home/antonkov/masterWork/tests/samePrefixMarkedMtx2304/depth1/node0/test97_4.mtx 1 462.549 0.0710938 0.83 
/home/antonkov/masterWork/tests/samePrefixMarkedMtx2304/depth1/node0/test97_4.mtx 1.1 448.851 0.0553776 0.72 
/home/antonkov/masterWork/tests/samePrefixMarkedMtx2304/depth1/node0/test97_4.mtx 1.2 442.696 0.04125 0.55 
/home/antonkov/masterWork/tests/samePrefixMarkedMtx2304/depth1/node0/test97_4.mtx 1.3 558.25 0.0332595 0.45 
/home/antonkov/masterWork/tests/samePrefixMarkedMtx2304/depth1/node0/test97_4.mtx 1.4 539.016 0.0229362 0.345 
/home/antonkov/masterWork/tests/samePrefixMarkedMtx2304/depth1/node0/test97_4.mtx 1.5 596.325 0.0107205 0.193333 
/home/antonkov/masterWork/tests/samePrefixMarkedMtx2304/depth1/node0/test97_4.mtx 1.6 817.894 0.00477286 0.0916667 
/home/antonkov/masterWork/tests/samePrefixMarkedMtx2304/depth1/node0/test97_4.mtx 1.7 1117.76 0.00272846 0.0463636 
/home/antonkov/masterWork/tests/samePrefixMarkedMtx2304/depth1/node0/test97_4.mtx 1.8 2019.73 0.00101659 0.0192593 
/home/antonkov/masterWork/tests/samePrefixMarkedMtx2304/depth1/node0/test97_4.mtx 1.9 3609.53 0.000354211 0.00847458 
/home/antonkov/masterWork/tests/samePrefixMarkedMtx2304/depth1/node0/test97_4.mtx 2 0 -1 -1 
/home/antonkov/masterWork/tests/samePrefixMarkedMtx2304/depth1/node0/test97_4.mtx 2.1 0 -1 -1 
/home/antonkov/masterWork/tests/samePrefixMarkedMtx2304/depth1/node0/test97_4.mtx 2.2 0 -1 -1 
/home/antonkov/masterWork/tests/samePrefixMarkedMtx2304/depth1/node0/test97_4.mtx 2.3 0 -1 -1 
/home/antonkov/masterWork/tests/samePrefixMarkedMtx2304/depth1/node0/test97_4.mtx 2.4 0 -1 -1 
/home/antonkov/masterWork/tests/samePrefixMarkedMtx2304/depth1/node0/test97_4.mtx 2.5 0 -1 -1 
/home/antonkov/masterWork/tests/samePrefixMarkedMtx2304/depth1/node0/test97_4.mtx 2.6 0 -1 -1 
/home/antonkov/masterWork/tests/samePrefixMarkedMtx2304/depth1/node0/test97_4.mtx 2.7 0 -1 -1 
/home/antonkov/masterWork/tests/samePrefixMarkedMtx2304/depth1/node0/test97_4.mtx 2.8 0 -1 -1 
/home/antonkov/masterWork/tests/samePrefixMarkedMtx2304/depth1/node0/test97_4.mtx 2.9 0 -1 -1 
/home/antonkov/masterWork/tests/samePrefixMarkedMtx2304/depth1/node0/test97_4.mtx 3 0 -1 -1 
/home/antonkov/masterWork/tests/samePrefixMarkedMtx2304/depth1/node0/test97_4.mtx 3.1 0 -1 -1 
/home/antonkov/masterWork/tests/samePrefixMarkedMtx2304/depth1/node0/test97_4.mtx 3.2 0 -1 -1 
/home/antonkov/masterWork/tests/samePrefixMarkedMtx2304/depth1/node0/test97_4.mtx 3.3 0 -1 -1 
/home/antonkov/masterWork/tests/samePrefixMarkedMtx2304/depth1/node0/test97_4.mtx 3.4 0 -1 -1 
/home/antonkov/masterWork/tests/samePrefixMarkedMtx2304/depth1/node0/test97_4.mtx 3.5 0 -1 -1 
/home/antonkov/masterWork/tests/samePrefixMarkedMtx2304/depth1/node0/test98_0.mtx 1 465.686 0.0778646 0.88 
/home/antonkov/masterWork/tests/samePrefixMarkedMtx2304/depth1/node0/test98_0.mtx 1.1 456.397 0.0671528 0.82 
/home/antonkov/masterWork/tests/samePrefixMarkedMtx2304/depth1/node0/test98_0.mtx 1.2 450.238 0.0524826 0.66 
/home/antonkov/masterWork/tests/samePrefixMarkedMtx2304/depth1/node0/test98_0.mtx 1.3 423.624 0.0426693 0.55 
/home/antonkov/masterWork/tests/samePrefixMarkedMtx2304/depth1/node0/test98_0.mtx 1.4 526.219 0.0263151 0.345 
/home/antonkov/masterWork/tests/samePrefixMarkedMtx2304/depth1/node0/test98_0.mtx 1.5 571.369 0.0147786 0.2 
/home/antonkov/masterWork/tests/samePrefixMarkedMtx2304/depth1/node0/test98_0.mtx 1.6 713.468 0.00803819 0.122 
/home/antonkov/masterWork/tests/samePrefixMarkedMtx2304/depth1/node0/test98_0.mtx 1.7 907.948 0.00373698 0.0566667 
/home/antonkov/masterWork/tests/samePrefixMarkedMtx2304/depth1/node0/test98_0.mtx 1.8 2087.61 0.000997564 0.0164516 
/home/antonkov/masterWork/tests/samePrefixMarkedMtx2304/depth1/node0/test98_0.mtx 1.9 4105.86 0.000409266 0.00653846 
/home/antonkov/masterWork/tests/samePrefixMarkedMtx2304/depth1/node0/test98_0.mtx 2 0 -1 -1 
/home/antonkov/masterWork/tests/samePrefixMarkedMtx2304/depth1/node0/test98_0.mtx 2.1 0 -1 -1 
/home/antonkov/masterWork/tests/samePrefixMarkedMtx2304/depth1/node0/test98_0.mtx 2.2 0 -1 -1 
/home/antonkov/masterWork/tests/samePrefixMarkedMtx2304/depth1/node0/test98_0.mtx 2.3 0 -1 -1 
/home/antonkov/masterWork/tests/samePrefixMarkedMtx2304/depth1/node0/test98_0.mtx 2.4 0 -1 -1 
/home/antonkov/masterWork/tests/samePrefixMarkedMtx2304/depth1/node0/test98_0.mtx 2.5 0 -1 -1 
/home/antonkov/masterWork/tests/samePrefixMarkedMtx2304/depth1/node0/test98_0.mtx 2.6 0 -1 -1 
/home/antonkov/masterWork/tests/samePrefixMarkedMtx2304/depth1/node0/test98_0.mtx 2.7 0 -1 -1 
/home/antonkov/masterWork/tests/samePrefixMarkedMtx2304/depth1/node0/test98_0.mtx 2.8 0 -1 -1 
/home/antonkov/masterWork/tests/samePrefixMarkedMtx2304/depth1/node0/test98_0.mtx 2.9 0 -1 -1 
/home/antonkov/masterWork/tests/samePrefixMarkedMtx2304/depth1/node0/test98_0.mtx 3 0 -1 -1 
/home/antonkov/masterWork/tests/samePrefixMarkedMtx2304/depth1/node0/test98_0.mtx 3.1 0 -1 -1 
/home/antonkov/masterWork/tests/samePrefixMarkedMtx2304/depth1/node0/test98_0.mtx 3.2 0 -1 -1 
/home/antonkov/masterWork/tests/samePrefixMarkedMtx2304/depth1/node0/test98_0.mtx 3.3 0 -1 -1 
/home/antonkov/masterWork/tests/samePrefixMarkedMtx2304/depth1/node0/test98_0.mtx 3.4 0 -1 -1 
/home/antonkov/masterWork/tests/samePrefixMarkedMtx2304/depth1/node0/test98_0.mtx 3.5 0 -1 -1 
/home/antonkov/masterWork/tests/samePrefixMarkedMtx2304/depth1/node0/test98_1.mtx 1 468.559 0.0785373 0.88 
/home/antonkov/masterWork/tests/samePrefixMarkedMtx2304/depth1/node0/test98_1.mtx 1.1 464.017 0.0654297 0.82 
/home/antonkov/masterWork/tests/samePrefixMarkedMtx2304/depth1/node0/test98_1.mtx 1.2 445.039 0.0496267 0.65 
/home/antonkov/masterWork/tests/samePrefixMarkedMtx2304/depth1/node0/test98_1.mtx 1.3 550.832 0.0350217 0.475 
/home/antonkov/masterWork/tests/samePrefixMarkedMtx2304/depth1/node0/test98_1.mtx 1.4 516.51 0.0224653 0.34 
/home/antonkov/masterWork/tests/samePrefixMarkedMtx2304/depth1/node0/test98_1.mtx 1.5 564.834 0.01193 0.17 
/home/antonkov/masterWork/tests/samePrefixMarkedMtx2304/depth1/node0/test98_1.mtx 1.6 766.123 0.00602792 0.09 
/home/antonkov/masterWork/tests/samePrefixMarkedMtx2304/depth1/node0/test98_1.mtx 1.7 1165.94 0.0027504 0.04 
/home/antonkov/masterWork/tests/samePrefixMarkedMtx2304/depth1/node0/test98_1.mtx 1.8 1908.47 0.00106382 0.0182759 
/home/antonkov/masterWork/tests/samePrefixMarkedMtx2304/depth1/node0/test98_1.mtx 1.9 3224.71 0.000444274 0.00819672 
/home/antonkov/masterWork/tests/samePrefixMarkedMtx2304/depth1/node0/test98_1.mtx 2 0 -1 -1 
/home/antonkov/masterWork/tests/samePrefixMarkedMtx2304/depth1/node0/test98_1.mtx 2.1 0 -1 -1 
/home/antonkov/masterWork/tests/samePrefixMarkedMtx2304/depth1/node0/test98_1.mtx 2.2 0 -1 -1 
/home/antonkov/masterWork/tests/samePrefixMarkedMtx2304/depth1/node0/test98_1.mtx 2.3 0 -1 -1 
/home/antonkov/masterWork/tests/samePrefixMarkedMtx2304/depth1/node0/test98_1.mtx 2.4 0 -1 -1 
/home/antonkov/masterWork/tests/samePrefixMarkedMtx2304/depth1/node0/test98_1.mtx 2.5 0 -1 -1 
/home/antonkov/masterWork/tests/samePrefixMarkedMtx2304/depth1/node0/test98_1.mtx 2.6 0 -1 -1 
/home/antonkov/masterWork/tests/samePrefixMarkedMtx2304/depth1/node0/test98_1.mtx 2.7 0 -1 -1 
/home/antonkov/masterWork/tests/samePrefixMarkedMtx2304/depth1/node0/test98_1.mtx 2.8 0 -1 -1 
/home/antonkov/masterWork/tests/samePrefixMarkedMtx2304/depth1/node0/test98_1.mtx 2.9 0 -1 -1 
/home/antonkov/masterWork/tests/samePrefixMarkedMtx2304/depth1/node0/test98_1.mtx 3 0 -1 -1 
/home/antonkov/masterWork/tests/samePrefixMarkedMtx2304/depth1/node0/test98_1.mtx 3.1 0 -1 -1 
/home/antonkov/masterWork/tests/samePrefixMarkedMtx2304/depth1/node0/test98_1.mtx 3.2 0 -1 -1 
/home/antonkov/masterWork/tests/samePrefixMarkedMtx2304/depth1/node0/test98_1.mtx 3.3 0 -1 -1 
/home/antonkov/masterWork/tests/samePrefixMarkedMtx2304/depth1/node0/test98_1.mtx 3.4 0 -1 -1 
/home/antonkov/masterWork/tests/samePrefixMarkedMtx2304/depth1/node0/test98_1.mtx 3.5 0 -1 -1 
/home/antonkov/masterWork/tests/samePrefixMarkedMtx2304/depth1/node0/test98_2.mtx 1 460.106 0.0777127 0.88 
/home/antonkov/masterWork/tests/samePrefixMarkedMtx2304/depth1/node0/test98_2.mtx 1.1 455.537 0.0643707 0.78 
/home/antonkov/masterWork/tests/samePrefixMarkedMtx2304/depth1/node0/test98_2.mtx 1.2 436.844 0.051454 0.65 
/home/antonkov/masterWork/tests/samePrefixMarkedMtx2304/depth1/node0/test98_2.mtx 1.3 560.664 0.0374132 0.505 
/home/antonkov/masterWork/tests/samePrefixMarkedMtx2304/depth1/node0/test98_2.mtx 1.4 515.801 0.0230773 0.32 
/home/antonkov/masterWork/tests/samePrefixMarkedMtx2304/depth1/node0/test98_2.mtx 1.5 590.108 0.0148611 0.216667 
/home/antonkov/masterWork/tests/samePrefixMarkedMtx2304/depth1/node0/test98_2.mtx 1.6 691.663 0.00735937 0.11 
/home/antonkov/masterWork/tests/samePrefixMarkedMtx2304/depth1/node0/test98_2.mtx 1.7 1040.82 0.00303109 0.0463636 
/home/antonkov/masterWork/tests/samePrefixMarkedMtx2304/depth1/node0/test98_2.mtx 1.8 1782.35 0.0012592 0.0204 
/home/antonkov/masterWork/tests/samePrefixMarkedMtx2304/depth1/node0/test98_2.mtx 1.9 3987.31 0.000411932 0.00662338 
/home/antonkov/masterWork/tests/samePrefixMarkedMtx2304/depth1/node0/test98_2.mtx 2 0 -1 -1 
/home/antonkov/masterWork/tests/samePrefixMarkedMtx2304/depth1/node0/test98_2.mtx 2.1 0 -1 -1 
/home/antonkov/masterWork/tests/samePrefixMarkedMtx2304/depth1/node0/test98_2.mtx 2.2 0 -1 -1 
/home/antonkov/masterWork/tests/samePrefixMarkedMtx2304/depth1/node0/test98_2.mtx 2.3 0 -1 -1 
/home/antonkov/masterWork/tests/samePrefixMarkedMtx2304/depth1/node0/test98_2.mtx 2.4 0 -1 -1 
/home/antonkov/masterWork/tests/samePrefixMarkedMtx2304/depth1/node0/test98_2.mtx 2.5 0 -1 -1 
/home/antonkov/masterWork/tests/samePrefixMarkedMtx2304/depth1/node0/test98_2.mtx 2.6 0 -1 -1 
/home/antonkov/masterWork/tests/samePrefixMarkedMtx2304/depth1/node0/test98_2.mtx 2.7 0 -1 -1 
/home/antonkov/masterWork/tests/samePrefixMarkedMtx2304/depth1/node0/test98_2.mtx 2.8 0 -1 -1 
/home/antonkov/masterWork/tests/samePrefixMarkedMtx2304/depth1/node0/test98_2.mtx 2.9 0 -1 -1 
/home/antonkov/masterWork/tests/samePrefixMarkedMtx2304/depth1/node0/test98_2.mtx 3 0 -1 -1 
/home/antonkov/masterWork/tests/samePrefixMarkedMtx2304/depth1/node0/test98_2.mtx 3.1 0 -1 -1 
/home/antonkov/masterWork/tests/samePrefixMarkedMtx2304/depth1/node0/test98_2.mtx 3.2 0 -1 -1 
/home/antonkov/masterWork/tests/samePrefixMarkedMtx2304/depth1/node0/test98_2.mtx 3.3 0 -1 -1 
/home/antonkov/masterWork/tests/samePrefixMarkedMtx2304/depth1/node0/test98_2.mtx 3.4 0 -1 -1 
/home/antonkov/masterWork/tests/samePrefixMarkedMtx2304/depth1/node0/test98_2.mtx 3.5 0 -1 -1 
/home/antonkov/masterWork/tests/samePrefixMarkedMtx2304/depth1/node0/test98_3.mtx 1 463.878 0.0825911 0.91 
/home/antonkov/masterWork/tests/samePrefixMarkedMtx2304/depth1/node0/test98_3.mtx 1.1 461.831 0.0696094 0.82 
/home/antonkov/masterWork/tests/samePrefixMarkedMtx2304/depth1/node0/test98_3.mtx 1.2 451.003 0.0550521 0.68 
/home/antonkov/masterWork/tests/samePrefixMarkedMtx2304/depth1/node0/test98_3.mtx 1.3 426.679 0.0381076 0.52 
/home/antonkov/masterWork/tests/samePrefixMarkedMtx2304/depth1/node0/test98_3.mtx 1.4 528.259 0.0226237 0.3 
/home/antonkov/masterWork/tests/samePrefixMarkedMtx2304/depth1/node0/test98_3.mtx 1.5 571.941 0.0117795 0.166667 
/home/antonkov/masterWork/tests/samePrefixMarkedMtx2304/depth1/node0/test98_3.mtx 1.6 743.106 0.00566551 0.085 
/home/antonkov/masterWork/tests/samePrefixMarkedMtx2304/depth1/node0/test98_3.mtx 1.7 1045.75 0.00340672 0.0490909 
/home/antonkov/masterWork/tests/samePrefixMarkedMtx2304/depth1/node0/test98_3.mtx 1.8 1449.5 0.00162565 0.025 
/home/antonkov/masterWork/tests/samePrefixMarkedMtx2304/depth1/node0/test98_3.mtx 1.9 3091.43 0.000486499 0.00892857 
/home/antonkov/masterWork/tests/samePrefixMarkedMtx2304/depth1/node0/test98_3.mtx 2 0 -1 -1 
/home/antonkov/masterWork/tests/samePrefixMarkedMtx2304/depth1/node0/test98_3.mtx 2.1 0 -1 -1 
/home/antonkov/masterWork/tests/samePrefixMarkedMtx2304/depth1/node0/test98_3.mtx 2.2 0 -1 -1 
/home/antonkov/masterWork/tests/samePrefixMarkedMtx2304/depth1/node0/test98_3.mtx 2.3 0 -1 -1 
/home/antonkov/masterWork/tests/samePrefixMarkedMtx2304/depth1/node0/test98_3.mtx 2.4 0 -1 -1 
/home/antonkov/masterWork/tests/samePrefixMarkedMtx2304/depth1/node0/test98_3.mtx 2.5 0 -1 -1 
/home/antonkov/masterWork/tests/samePrefixMarkedMtx2304/depth1/node0/test98_3.mtx 2.6 0 -1 -1 
/home/antonkov/masterWork/tests/samePrefixMarkedMtx2304/depth1/node0/test98_3.mtx 2.7 0 -1 -1 
/home/antonkov/masterWork/tests/samePrefixMarkedMtx2304/depth1/node0/test98_3.mtx 2.8 0 -1 -1 
/home/antonkov/masterWork/tests/samePrefixMarkedMtx2304/depth1/node0/test98_3.mtx 2.9 0 -1 -1 
/home/antonkov/masterWork/tests/samePrefixMarkedMtx2304/depth1/node0/test98_3.mtx 3 0 -1 -1 
/home/antonkov/masterWork/tests/samePrefixMarkedMtx2304/depth1/node0/test98_3.mtx 3.1 0 -1 -1 
/home/antonkov/masterWork/tests/samePrefixMarkedMtx2304/depth1/node0/test98_3.mtx 3.2 0 -1 -1 
/home/antonkov/masterWork/tests/samePrefixMarkedMtx2304/depth1/node0/test98_3.mtx 3.3 0 -1 -1 
/home/antonkov/masterWork/tests/samePrefixMarkedMtx2304/depth1/node0/test98_3.mtx 3.4 0 -1 -1 
/home/antonkov/masterWork/tests/samePrefixMarkedMtx2304/depth1/node0/test98_3.mtx 3.5 0 -1 -1 
/home/antonkov/masterWork/tests/samePrefixMarkedMtx2304/depth1/node0/test98_4.mtx 1 458.973 0.0778819 0.88 
/home/antonkov/masterWork/tests/samePrefixMarkedMtx2304/depth1/node0/test98_4.mtx 1.1 456.141 0.0639974 0.75 
/home/antonkov/masterWork/tests/samePrefixMarkedMtx2304/depth1/node0/test98_4.mtx 1.2 435.95 0.0536936 0.66 
/home/antonkov/masterWork/tests/samePrefixMarkedMtx2304/depth1/node0/test98_4.mtx 1.3 547.903 0.0378559 0.49 
/home/antonkov/masterWork/tests/samePrefixMarkedMtx2304/depth1/node0/test98_4.mtx 1.4 517.613 0.0263433 0.36 
/home/antonkov/masterWork/tests/samePrefixMarkedMtx2304/depth1/node0/test98_4.mtx 1.5 576.264 0.0161632 0.23 
/home/antonkov/masterWork/tests/samePrefixMarkedMtx2304/depth1/node0/test98_4.mtx 1.6 696.179 0.00732378 0.106 
/home/antonkov/masterWork/tests/samePrefixMarkedMtx2304/depth1/node0/test98_4.mtx 1.7 894.172 0.00342159 0.0577778 
/home/antonkov/masterWork/tests/samePrefixMarkedMtx2304/depth1/node0/test98_4.mtx 1.8 1655.48 0.00134404 0.0220833 
/home/antonkov/masterWork/tests/samePrefixMarkedMtx2304/depth1/node0/test98_4.mtx 1.9 3518.52 0.000476265 0.00746269 
/home/antonkov/masterWork/tests/samePrefixMarkedMtx2304/depth1/node0/test98_4.mtx 2 0 -1 -1 
/home/antonkov/masterWork/tests/samePrefixMarkedMtx2304/depth1/node0/test98_4.mtx 2.1 0 -1 -1 
/home/antonkov/masterWork/tests/samePrefixMarkedMtx2304/depth1/node0/test98_4.mtx 2.2 0 -1 -1 
/home/antonkov/masterWork/tests/samePrefixMarkedMtx2304/depth1/node0/test98_4.mtx 2.3 0 -1 -1 
/home/antonkov/masterWork/tests/samePrefixMarkedMtx2304/depth1/node0/test98_4.mtx 2.4 0 -1 -1 
/home/antonkov/masterWork/tests/samePrefixMarkedMtx2304/depth1/node0/test98_4.mtx 2.5 0 -1 -1 
/home/antonkov/masterWork/tests/samePrefixMarkedMtx2304/depth1/node0/test98_4.mtx 2.6 0 -1 -1 
/home/antonkov/masterWork/tests/samePrefixMarkedMtx2304/depth1/node0/test98_4.mtx 2.7 0 -1 -1 
/home/antonkov/masterWork/tests/samePrefixMarkedMtx2304/depth1/node0/test98_4.mtx 2.8 0 -1 -1 
/home/antonkov/masterWork/tests/samePrefixMarkedMtx2304/depth1/node0/test98_4.mtx 2.9 0 -1 -1 
/home/antonkov/masterWork/tests/samePrefixMarkedMtx2304/depth1/node0/test98_4.mtx 3 0 -1 -1 
/home/antonkov/masterWork/tests/samePrefixMarkedMtx2304/depth1/node0/test98_4.mtx 3.1 0 -1 -1 
/home/antonkov/masterWork/tests/samePrefixMarkedMtx2304/depth1/node0/test98_4.mtx 3.2 0 -1 -1 
/home/antonkov/masterWork/tests/samePrefixMarkedMtx2304/depth1/node0/test98_4.mtx 3.3 0 -1 -1 
/home/antonkov/masterWork/tests/samePrefixMarkedMtx2304/depth1/node0/test98_4.mtx 3.4 0 -1 -1 
/home/antonkov/masterWork/tests/samePrefixMarkedMtx2304/depth1/node0/test98_4.mtx 3.5 0 -1 -1 
/home/antonkov/masterWork/tests/samePrefixMarkedMtx2304/depth1/node0/test99_0.mtx 1 427.512 0.0785634 0.88 
/home/antonkov/masterWork/tests/samePrefixMarkedMtx2304/depth1/node0/test99_0.mtx 1.1 425.456 0.0662326 0.79 
/home/antonkov/masterWork/tests/samePrefixMarkedMtx2304/depth1/node0/test99_0.mtx 1.2 413.627 0.0529644 0.68 
/home/antonkov/masterWork/tests/samePrefixMarkedMtx2304/depth1/node0/test99_0.mtx 1.3 386.904 0.0359809 0.5 
/home/antonkov/masterWork/tests/samePrefixMarkedMtx2304/depth1/node0/test99_0.mtx 1.4 485.763 0.0215495 0.315 
/home/antonkov/masterWork/tests/samePrefixMarkedMtx2304/depth1/node0/test99_0.mtx 1.5 573.475 0.0141131 0.223333 
/home/antonkov/masterWork/tests/samePrefixMarkedMtx2304/depth1/node0/test99_0.mtx 1.6 672.712 0.00716667 0.112 
/home/antonkov/masterWork/tests/samePrefixMarkedMtx2304/depth1/node0/test99_0.mtx 1.7 923.21 0.00361502 0.055 
/home/antonkov/masterWork/tests/samePrefixMarkedMtx2304/depth1/node0/test99_0.mtx 1.8 1733.82 0.00125573 0.02 
/home/antonkov/masterWork/tests/samePrefixMarkedMtx2304/depth1/node0/test99_0.mtx 1.9 3259.76 0.000478427 0.00819672 
/home/antonkov/masterWork/tests/samePrefixMarkedMtx2304/depth1/node0/test99_0.mtx 2 0 -1 -1 
/home/antonkov/masterWork/tests/samePrefixMarkedMtx2304/depth1/node0/test99_0.mtx 2.1 0 -1 -1 
/home/antonkov/masterWork/tests/samePrefixMarkedMtx2304/depth1/node0/test99_0.mtx 2.2 0 -1 -1 
/home/antonkov/masterWork/tests/samePrefixMarkedMtx2304/depth1/node0/test99_0.mtx 2.3 0 -1 -1 
/home/antonkov/masterWork/tests/samePrefixMarkedMtx2304/depth1/node0/test99_0.mtx 2.4 0 -1 -1 
/home/antonkov/masterWork/tests/samePrefixMarkedMtx2304/depth1/node0/test99_0.mtx 2.5 0 -1 -1 
/home/antonkov/masterWork/tests/samePrefixMarkedMtx2304/depth1/node0/test99_0.mtx 2.6 0 -1 -1 
/home/antonkov/masterWork/tests/samePrefixMarkedMtx2304/depth1/node0/test99_0.mtx 2.7 0 -1 -1 
/home/antonkov/masterWork/tests/samePrefixMarkedMtx2304/depth1/node0/test99_0.mtx 2.8 0 -1 -1 
/home/antonkov/masterWork/tests/samePrefixMarkedMtx2304/depth1/node0/test99_0.mtx 2.9 0 -1 -1 
/home/antonkov/masterWork/tests/samePrefixMarkedMtx2304/depth1/node0/test99_0.mtx 3 0 -1 -1 
/home/antonkov/masterWork/tests/samePrefixMarkedMtx2304/depth1/node0/test99_0.mtx 3.1 0 -1 -1 
/home/antonkov/masterWork/tests/samePrefixMarkedMtx2304/depth1/node0/test99_0.mtx 3.2 0 -1 -1 
/home/antonkov/masterWork/tests/samePrefixMarkedMtx2304/depth1/node0/test99_0.mtx 3.3 0 -1 -1 
/home/antonkov/masterWork/tests/samePrefixMarkedMtx2304/depth1/node0/test99_0.mtx 3.4 0 -1 -1 
/home/antonkov/masterWork/tests/samePrefixMarkedMtx2304/depth1/node0/test99_0.mtx 3.5 0 -1 -1 
/home/antonkov/masterWork/tests/samePrefixMarkedMtx2304/depth1/node0/test99_1.mtx 1 437.946 0.0800347 0.93 
/home/antonkov/masterWork/tests/samePrefixMarkedMtx2304/depth1/node0/test99_1.mtx 1.1 431.625 0.0672656 0.83 
/home/antonkov/masterWork/tests/samePrefixMarkedMtx2304/depth1/node0/test99_1.mtx 1.2 416.028 0.0515408 0.68 
/home/antonkov/masterWork/tests/samePrefixMarkedMtx2304/depth1/node0/test99_1.mtx 1.3 551.147 0.0380208 0.535 
/home/antonkov/masterWork/tests/samePrefixMarkedMtx2304/depth1/node0/test99_1.mtx 1.4 481.954 0.0222765 0.31 
/home/antonkov/masterWork/tests/samePrefixMarkedMtx2304/depth1/node0/test99_1.mtx 1.5 555.714 0.0137818 0.2 
/home/antonkov/masterWork/tests/samePrefixMarkedMtx2304/depth1/node0/test99_1.mtx 1.6 662.79 0.00669705 0.104 
/home/antonkov/masterWork/tests/samePrefixMarkedMtx2304/depth1/node0/test99_1.mtx 1.7 875.356 0.0034973 0.0566667 
/home/antonkov/masterWork/tests/samePrefixMarkedMtx2304/depth1/node0/test99_1.mtx 1.8 1489.62 0.00153729 0.0238095 
/home/antonkov/masterWork/tests/samePrefixMarkedMtx2304/depth1/node0/test99_1.mtx 1.9 2618.1 0.000624723 0.0106383 
/home/antonkov/masterWork/tests/samePrefixMarkedMtx2304/depth1/node0/test99_1.mtx 2 7908.69 0.000162617 0.00274725 
/home/antonkov/masterWork/tests/samePrefixMarkedMtx2304/depth1/node0/test99_1.mtx 2.1 0 -1 -1 
/home/antonkov/masterWork/tests/samePrefixMarkedMtx2304/depth1/node0/test99_1.mtx 2.2 0 -1 -1 
/home/antonkov/masterWork/tests/samePrefixMarkedMtx2304/depth1/node0/test99_1.mtx 2.3 0 -1 -1 
/home/antonkov/masterWork/tests/samePrefixMarkedMtx2304/depth1/node0/test99_1.mtx 2.4 0 -1 -1 
/home/antonkov/masterWork/tests/samePrefixMarkedMtx2304/depth1/node0/test99_1.mtx 2.5 0 -1 -1 
/home/antonkov/masterWork/tests/samePrefixMarkedMtx2304/depth1/node0/test99_1.mtx 2.6 0 -1 -1 
/home/antonkov/masterWork/tests/samePrefixMarkedMtx2304/depth1/node0/test99_1.mtx 2.7 0 -1 -1 
/home/antonkov/masterWork/tests/samePrefixMarkedMtx2304/depth1/node0/test99_1.mtx 2.8 0 -1 -1 
/home/antonkov/masterWork/tests/samePrefixMarkedMtx2304/depth1/node0/test99_1.mtx 2.9 0 -1 -1 
/home/antonkov/masterWork/tests/samePrefixMarkedMtx2304/depth1/node0/test99_1.mtx 3 0 -1 -1 
/home/antonkov/masterWork/tests/samePrefixMarkedMtx2304/depth1/node0/test99_1.mtx 3.1 0 -1 -1 
/home/antonkov/masterWork/tests/samePrefixMarkedMtx2304/depth1/node0/test99_1.mtx 3.2 0 -1 -1 
/home/antonkov/masterWork/tests/samePrefixMarkedMtx2304/depth1/node0/test99_1.mtx 3.3 0 -1 -1 
/home/antonkov/masterWork/tests/samePrefixMarkedMtx2304/depth1/node0/test99_1.mtx 3.4 0 -1 -1 
/home/antonkov/masterWork/tests/samePrefixMarkedMtx2304/depth1/node0/test99_1.mtx 3.5 0 -1 -1 
/home/antonkov/masterWork/tests/samePrefixMarkedMtx2304/depth1/node0/test99_2.mtx 1 429.191 0.0805556 0.92 
/home/antonkov/masterWork/tests/samePrefixMarkedMtx2304/depth1/node0/test99_2.mtx 1.1 427.33 0.070013 0.87 
/home/antonkov/masterWork/tests/samePrefixMarkedMtx2304/depth1/node0/test99_2.mtx 1.2 413.389 0.0525955 0.65 
/home/antonkov/masterWork/tests/samePrefixMarkedMtx2304/depth1/node0/test99_2.mtx 1.3 394.867 0.0385503 0.51 
/home/antonkov/masterWork/tests/samePrefixMarkedMtx2304/depth1/node0/test99_2.mtx 1.4 505.344 0.0268989 0.385 
/home/antonkov/masterWork/tests/samePrefixMarkedMtx2304/depth1/node0/test99_2.mtx 1.5 569.326 0.0151852 0.216667 
/home/antonkov/masterWork/tests/samePrefixMarkedMtx2304/depth1/node0/test99_2.mtx 1.6 673.143 0.00746181 0.11 
/home/antonkov/masterWork/tests/samePrefixMarkedMtx2304/depth1/node0/test99_2.mtx 1.7 935.03 0.00325434 0.051 
/home/antonkov/masterWork/tests/samePrefixMarkedMtx2304/depth1/node0/test99_2.mtx 1.8 1759.77 0.00117822 0.02 
/home/antonkov/masterWork/tests/samePrefixMarkedMtx2304/depth1/node0/test99_2.mtx 1.9 2979.57 0.000510525 0.00892857 
/home/antonkov/masterWork/tests/samePrefixMarkedMtx2304/depth1/node0/test99_2.mtx 2 0 -1 -1 
/home/antonkov/masterWork/tests/samePrefixMarkedMtx2304/depth1/node0/test99_2.mtx 2.1 0 -1 -1 
/home/antonkov/masterWork/tests/samePrefixMarkedMtx2304/depth1/node0/test99_2.mtx 2.2 0 -1 -1 
/home/antonkov/masterWork/tests/samePrefixMarkedMtx2304/depth1/node0/test99_2.mtx 2.3 0 -1 -1 
/home/antonkov/masterWork/tests/samePrefixMarkedMtx2304/depth1/node0/test99_2.mtx 2.4 0 -1 -1 
/home/antonkov/masterWork/tests/samePrefixMarkedMtx2304/depth1/node0/test99_2.mtx 2.5 0 -1 -1 
/home/antonkov/masterWork/tests/samePrefixMarkedMtx2304/depth1/node0/test99_2.mtx 2.6 0 -1 -1 
/home/antonkov/masterWork/tests/samePrefixMarkedMtx2304/depth1/node0/test99_2.mtx 2.7 0 -1 -1 
/home/antonkov/masterWork/tests/samePrefixMarkedMtx2304/depth1/node0/test99_2.mtx 2.8 0 -1 -1 
/home/antonkov/masterWork/tests/samePrefixMarkedMtx2304/depth1/node0/test99_2.mtx 2.9 0 -1 -1 
/home/antonkov/masterWork/tests/samePrefixMarkedMtx2304/depth1/node0/test99_2.mtx 3 0 -1 -1 
/home/antonkov/masterWork/tests/samePrefixMarkedMtx2304/depth1/node0/test99_2.mtx 3.1 0 -1 -1 
/home/antonkov/masterWork/tests/samePrefixMarkedMtx2304/depth1/node0/test99_2.mtx 3.2 0 -1 -1 
/home/antonkov/masterWork/tests/samePrefixMarkedMtx2304/depth1/node0/test99_2.mtx 3.3 0 -1 -1 
/home/antonkov/masterWork/tests/samePrefixMarkedMtx2304/depth1/node0/test99_2.mtx 3.4 0 -1 -1 
/home/antonkov/masterWork/tests/samePrefixMarkedMtx2304/depth1/node0/test99_2.mtx 3.5 0 -1 -1 
/home/antonkov/masterWork/tests/samePrefixMarkedMtx2304/depth1/node0/test99_3.mtx 1 430.703 0.0786632 0.89 
/home/antonkov/masterWork/tests/samePrefixMarkedMtx2304/depth1/node0/test99_3.mtx 1.1 419.815 0.0655642 0.81 
/home/antonkov/masterWork/tests/samePrefixMarkedMtx2304/depth1/node0/test99_3.mtx 1.2 412.563 0.0510156 0.65 
/home/antonkov/masterWork/tests/samePrefixMarkedMtx2304/depth1/node0/test99_3.mtx 1.3 522.082 0.0366385 0.485 
/home/antonkov/masterWork/tests/samePrefixMarkedMtx2304/depth1/node0/test99_3.mtx 1.4 487.615 0.0254622 0.34 
/home/antonkov/masterWork/tests/samePrefixMarkedMtx2304/depth1/node0/test99_3.mtx 1.5 532.675 0.0136777 0.19 
/home/antonkov/masterWork/tests/samePrefixMarkedMtx2304/depth1/node0/test99_3.mtx 1.6 663.72 0.00721962 0.112 
/home/antonkov/masterWork/tests/samePrefixMarkedMtx2304/depth1/node0/test99_3.mtx 1.7 947.881 0.00330295 0.052 
/home/antonkov/masterWork/tests/samePrefixMarkedMtx2304/depth1/node0/test99_3.mtx 1.8 1586.37 0.00137587 0.0227273 
/home/antonkov/masterWork/tests/samePrefixMarkedMtx2304/depth1/node0/test99_3.mtx 1.9 3177.5 0.000473464 0.0087931 
/home/antonkov/masterWork/tests/samePrefixMarkedMtx2304/depth1/node0/test99_3.mtx 2 0 -1 -1 
/home/antonkov/masterWork/tests/samePrefixMarkedMtx2304/depth1/node0/test99_3.mtx 2.1 0 -1 -1 
/home/antonkov/masterWork/tests/samePrefixMarkedMtx2304/depth1/node0/test99_3.mtx 2.2 0 -1 -1 
/home/antonkov/masterWork/tests/samePrefixMarkedMtx2304/depth1/node0/test99_3.mtx 2.3 0 -1 -1 
/home/antonkov/masterWork/tests/samePrefixMarkedMtx2304/depth1/node0/test99_3.mtx 2.4 0 -1 -1 
/home/antonkov/masterWork/tests/samePrefixMarkedMtx2304/depth1/node0/test99_3.mtx 2.5 0 -1 -1 
/home/antonkov/masterWork/tests/samePrefixMarkedMtx2304/depth1/node0/test99_3.mtx 2.6 0 -1 -1 
/home/antonkov/masterWork/tests/samePrefixMarkedMtx2304/depth1/node0/test99_3.mtx 2.7 0 -1 -1 
/home/antonkov/masterWork/tests/samePrefixMarkedMtx2304/depth1/node0/test99_3.mtx 2.8 0 -1 -1 
/home/antonkov/masterWork/tests/samePrefixMarkedMtx2304/depth1/node0/test99_3.mtx 2.9 0 -1 -1 
/home/antonkov/masterWork/tests/samePrefixMarkedMtx2304/depth1/node0/test99_3.mtx 3 0 -1 -1 
/home/antonkov/masterWork/tests/samePrefixMarkedMtx2304/depth1/node0/test99_3.mtx 3.1 0 -1 -1 
/home/antonkov/masterWork/tests/samePrefixMarkedMtx2304/depth1/node0/test99_3.mtx 3.2 0 -1 -1 
/home/antonkov/masterWork/tests/samePrefixMarkedMtx2304/depth1/node0/test99_3.mtx 3.3 0 -1 -1 
/home/antonkov/masterWork/tests/samePrefixMarkedMtx2304/depth1/node0/test99_3.mtx 3.4 0 -1 -1 
/home/antonkov/masterWork/tests/samePrefixMarkedMtx2304/depth1/node0/test99_3.mtx 3.5 0 -1 -1 
/home/antonkov/masterWork/tests/samePrefixMarkedMtx2304/depth1/node0/test99_4.mtx 1 438.056 0.0830208 0.93 
/home/antonkov/masterWork/tests/samePrefixMarkedMtx2304/depth1/node0/test99_4.mtx 1.1 422.869 0.0703776 0.85 
/home/antonkov/masterWork/tests/samePrefixMarkedMtx2304/depth1/node0/test99_4.mtx 1.2 422.075 0.0568099 0.76 
/home/antonkov/masterWork/tests/samePrefixMarkedMtx2304/depth1/node0/test99_4.mtx 1.3 394.943 0.0375521 0.53 
/home/antonkov/masterWork/tests/samePrefixMarkedMtx2304/depth1/node0/test99_4.mtx 1.4 497.752 0.0278168 0.4 
/home/antonkov/masterWork/tests/samePrefixMarkedMtx2304/depth1/node0/test99_4.mtx 1.5 460.755 0.0162977 0.26 
/home/antonkov/masterWork/tests/samePrefixMarkedMtx2304/depth1/node0/test99_4.mtx 1.6 668.723 0.00795052 0.114 
/home/antonkov/masterWork/tests/samePrefixMarkedMtx2304/depth1/node0/test99_4.mtx 1.7 898.069 0.00390818 0.0611111 
/home/antonkov/masterWork/tests/samePrefixMarkedMtx2304/depth1/node0/test99_4.mtx 1.8 1364.15 0.00176505 0.0288889 
/home/antonkov/masterWork/tests/samePrefixMarkedMtx2304/depth1/node0/test99_4.mtx 1.9 2779.42 0.000573437 0.01 
/home/antonkov/masterWork/tests/samePrefixMarkedMtx2304/depth1/node0/test99_4.mtx 2 7059.61 0.000191467 0.00316456 
/home/antonkov/masterWork/tests/samePrefixMarkedMtx2304/depth1/node0/test99_4.mtx 2.1 0 -1 -1 
/home/antonkov/masterWork/tests/samePrefixMarkedMtx2304/depth1/node0/test99_4.mtx 2.2 0 -1 -1 
/home/antonkov/masterWork/tests/samePrefixMarkedMtx2304/depth1/node0/test99_4.mtx 2.3 0 -1 -1 
/home/antonkov/masterWork/tests/samePrefixMarkedMtx2304/depth1/node0/test99_4.mtx 2.4 0 -1 -1 
/home/antonkov/masterWork/tests/samePrefixMarkedMtx2304/depth1/node0/test99_4.mtx 2.5 0 -1 -1 
/home/antonkov/masterWork/tests/samePrefixMarkedMtx2304/depth1/node0/test99_4.mtx 2.6 0 -1 -1 
/home/antonkov/masterWork/tests/samePrefixMarkedMtx2304/depth1/node0/test99_4.mtx 2.7 0 -1 -1 
/home/antonkov/masterWork/tests/samePrefixMarkedMtx2304/depth1/node0/test99_4.mtx 2.8 0 -1 -1 
/home/antonkov/masterWork/tests/samePrefixMarkedMtx2304/depth1/node0/test99_4.mtx 2.9 0 -1 -1 
/home/antonkov/masterWork/tests/samePrefixMarkedMtx2304/depth1/node0/test99_4.mtx 3 0 -1 -1 
/home/antonkov/masterWork/tests/samePrefixMarkedMtx2304/depth1/node0/test99_4.mtx 3.1 0 -1 -1 
/home/antonkov/masterWork/tests/samePrefixMarkedMtx2304/depth1/node0/test99_4.mtx 3.2 0 -1 -1 
/home/antonkov/masterWork/tests/samePrefixMarkedMtx2304/depth1/node0/test99_4.mtx 3.3 0 -1 -1 
/home/antonkov/masterWork/tests/samePrefixMarkedMtx2304/depth1/node0/test99_4.mtx 3.4 0 -1 -1 
/home/antonkov/masterWork/tests/samePrefixMarkedMtx2304/depth1/node0/test99_4.mtx 3.5 0 -1 -1 
