Results
Filename SNR Time(ms) BER FER
/home/antonkov/masterWork/tests/samePrefixMarkedMtx2304/depth1/node1/test0_0.mtx 1 454.791 0.0718707 0.86 
/home/antonkov/masterWork/tests/samePrefixMarkedMtx2304/depth1/node1/test0_0.mtx 1.1 419.026 0.058533 0.73 
/home/antonkov/masterWork/tests/samePrefixMarkedMtx2304/depth1/node1/test0_0.mtx 1.2 399.944 0.0432943 0.55 
/home/antonkov/masterWork/tests/samePrefixMarkedMtx2304/depth1/node1/test0_0.mtx 1.3 498.215 0.0313715 0.42 
/home/antonkov/masterWork/tests/samePrefixMarkedMtx2304/depth1/node1/test0_0.mtx 1.4 476.234 0.0221224 0.315 
/home/antonkov/masterWork/tests/samePrefixMarkedMtx2304/depth1/node1/test0_0.mtx 1.5 526.803 0.0125362 0.183333 
/home/antonkov/masterWork/tests/samePrefixMarkedMtx2304/depth1/node1/test0_0.mtx 1.6 702.399 0.00527416 0.0883333 
/home/antonkov/masterWork/tests/samePrefixMarkedMtx2304/depth1/node1/test0_0.mtx 1.7 1190.86 0.00218721 0.0346667 
/home/antonkov/masterWork/tests/samePrefixMarkedMtx2304/depth1/node1/test0_0.mtx 1.8 2174.31 0.000763185 0.0135135 
/home/antonkov/masterWork/tests/samePrefixMarkedMtx2304/depth1/node1/test0_0.mtx 1.9 5019.55 0.00026423 0.0046729 
/home/antonkov/masterWork/tests/samePrefixMarkedMtx2304/depth1/node1/test0_0.mtx 2 0 -1 -1 
/home/antonkov/masterWork/tests/samePrefixMarkedMtx2304/depth1/node1/test0_0.mtx 2.1 0 -1 -1 
/home/antonkov/masterWork/tests/samePrefixMarkedMtx2304/depth1/node1/test0_0.mtx 2.2 0 -1 -1 
/home/antonkov/masterWork/tests/samePrefixMarkedMtx2304/depth1/node1/test0_0.mtx 2.3 0 -1 -1 
/home/antonkov/masterWork/tests/samePrefixMarkedMtx2304/depth1/node1/test0_0.mtx 2.4 0 -1 -1 
/home/antonkov/masterWork/tests/samePrefixMarkedMtx2304/depth1/node1/test0_0.mtx 2.5 0 -1 -1 
/home/antonkov/masterWork/tests/samePrefixMarkedMtx2304/depth1/node1/test0_0.mtx 2.6 0 -1 -1 
/home/antonkov/masterWork/tests/samePrefixMarkedMtx2304/depth1/node1/test0_0.mtx 2.7 0 -1 -1 
/home/antonkov/masterWork/tests/samePrefixMarkedMtx2304/depth1/node1/test0_0.mtx 2.8 0 -1 -1 
/home/antonkov/masterWork/tests/samePrefixMarkedMtx2304/depth1/node1/test0_0.mtx 2.9 0 -1 -1 
/home/antonkov/masterWork/tests/samePrefixMarkedMtx2304/depth1/node1/test0_0.mtx 3 0 -1 -1 
/home/antonkov/masterWork/tests/samePrefixMarkedMtx2304/depth1/node1/test0_0.mtx 3.1 0 -1 -1 
/home/antonkov/masterWork/tests/samePrefixMarkedMtx2304/depth1/node1/test0_0.mtx 3.2 0 -1 -1 
/home/antonkov/masterWork/tests/samePrefixMarkedMtx2304/depth1/node1/test0_0.mtx 3.3 0 -1 -1 
/home/antonkov/masterWork/tests/samePrefixMarkedMtx2304/depth1/node1/test0_0.mtx 3.4 0 -1 -1 
/home/antonkov/masterWork/tests/samePrefixMarkedMtx2304/depth1/node1/test0_0.mtx 3.5 0 -1 -1 
/home/antonkov/masterWork/tests/samePrefixMarkedMtx2304/depth1/node1/test0_1.mtx 1 430.779 0.074197 0.9 
/home/antonkov/masterWork/tests/samePrefixMarkedMtx2304/depth1/node1/test0_1.mtx 1.1 427.213 0.0608724 0.77 
/home/antonkov/masterWork/tests/samePrefixMarkedMtx2304/depth1/node1/test0_1.mtx 1.2 410.245 0.0442665 0.58 
/home/antonkov/masterWork/tests/samePrefixMarkedMtx2304/depth1/node1/test0_1.mtx 1.3 520.801 0.0291276 0.41 
/home/antonkov/masterWork/tests/samePrefixMarkedMtx2304/depth1/node1/test0_1.mtx 1.4 463.964 0.0166059 0.25 
/home/antonkov/masterWork/tests/samePrefixMarkedMtx2304/depth1/node1/test0_1.mtx 1.5 596.447 0.0100987 0.155 
/home/antonkov/masterWork/tests/samePrefixMarkedMtx2304/depth1/node1/test0_1.mtx 1.6 769.165 0.0046658 0.0728571 
/home/antonkov/masterWork/tests/samePrefixMarkedMtx2304/depth1/node1/test0_1.mtx 1.7 1132.19 0.00226532 0.0371429 
/home/antonkov/masterWork/tests/samePrefixMarkedMtx2304/depth1/node1/test0_1.mtx 1.8 1913.27 0.000922239 0.016129 
/home/antonkov/masterWork/tests/samePrefixMarkedMtx2304/depth1/node1/test0_1.mtx 1.9 4984.22 0.000293951 0.00481132 
/home/antonkov/masterWork/tests/samePrefixMarkedMtx2304/depth1/node1/test0_1.mtx 2 0 -1 -1 
/home/antonkov/masterWork/tests/samePrefixMarkedMtx2304/depth1/node1/test0_1.mtx 2.1 0 -1 -1 
/home/antonkov/masterWork/tests/samePrefixMarkedMtx2304/depth1/node1/test0_1.mtx 2.2 0 -1 -1 
/home/antonkov/masterWork/tests/samePrefixMarkedMtx2304/depth1/node1/test0_1.mtx 2.3 0 -1 -1 
/home/antonkov/masterWork/tests/samePrefixMarkedMtx2304/depth1/node1/test0_1.mtx 2.4 0 -1 -1 
/home/antonkov/masterWork/tests/samePrefixMarkedMtx2304/depth1/node1/test0_1.mtx 2.5 0 -1 -1 
/home/antonkov/masterWork/tests/samePrefixMarkedMtx2304/depth1/node1/test0_1.mtx 2.6 0 -1 -1 
/home/antonkov/masterWork/tests/samePrefixMarkedMtx2304/depth1/node1/test0_1.mtx 2.7 0 -1 -1 
/home/antonkov/masterWork/tests/samePrefixMarkedMtx2304/depth1/node1/test0_1.mtx 2.8 0 -1 -1 
/home/antonkov/masterWork/tests/samePrefixMarkedMtx2304/depth1/node1/test0_1.mtx 2.9 0 -1 -1 
/home/antonkov/masterWork/tests/samePrefixMarkedMtx2304/depth1/node1/test0_1.mtx 3 0 -1 -1 
/home/antonkov/masterWork/tests/samePrefixMarkedMtx2304/depth1/node1/test0_1.mtx 3.1 0 -1 -1 
/home/antonkov/masterWork/tests/samePrefixMarkedMtx2304/depth1/node1/test0_1.mtx 3.2 0 -1 -1 
/home/antonkov/masterWork/tests/samePrefixMarkedMtx2304/depth1/node1/test0_1.mtx 3.3 0 -1 -1 
/home/antonkov/masterWork/tests/samePrefixMarkedMtx2304/depth1/node1/test0_1.mtx 3.4 0 -1 -1 
/home/antonkov/masterWork/tests/samePrefixMarkedMtx2304/depth1/node1/test0_1.mtx 3.5 0 -1 -1 
/home/antonkov/masterWork/tests/samePrefixMarkedMtx2304/depth1/node1/test0_2.mtx 1 430.357 0.0753733 0.87 
/home/antonkov/masterWork/tests/samePrefixMarkedMtx2304/depth1/node1/test0_2.mtx 1.1 424.842 0.0596615 0.75 
/home/antonkov/masterWork/tests/samePrefixMarkedMtx2304/depth1/node1/test0_2.mtx 1.2 410.148 0.0451172 0.6 
/home/antonkov/masterWork/tests/samePrefixMarkedMtx2304/depth1/node1/test0_2.mtx 1.3 501.426 0.0315039 0.415 
/home/antonkov/masterWork/tests/samePrefixMarkedMtx2304/depth1/node1/test0_2.mtx 1.4 472.642 0.0201367 0.285 
/home/antonkov/masterWork/tests/samePrefixMarkedMtx2304/depth1/node1/test0_2.mtx 1.5 607.844 0.00921115 0.1375 
/home/antonkov/masterWork/tests/samePrefixMarkedMtx2304/depth1/node1/test0_2.mtx 1.6 783.243 0.00417349 0.0728571 
/home/antonkov/masterWork/tests/samePrefixMarkedMtx2304/depth1/node1/test0_2.mtx 1.7 1380.87 0.00179374 0.0294444 
/home/antonkov/masterWork/tests/samePrefixMarkedMtx2304/depth1/node1/test0_2.mtx 1.8 2303.12 0.000751536 0.0135897 
/home/antonkov/masterWork/tests/samePrefixMarkedMtx2304/depth1/node1/test0_2.mtx 1.9 5729.53 0.000218764 0.00403226 
/home/antonkov/masterWork/tests/samePrefixMarkedMtx2304/depth1/node1/test0_2.mtx 2 0 -1 -1 
/home/antonkov/masterWork/tests/samePrefixMarkedMtx2304/depth1/node1/test0_2.mtx 2.1 0 -1 -1 
/home/antonkov/masterWork/tests/samePrefixMarkedMtx2304/depth1/node1/test0_2.mtx 2.2 0 -1 -1 
/home/antonkov/masterWork/tests/samePrefixMarkedMtx2304/depth1/node1/test0_2.mtx 2.3 0 -1 -1 
/home/antonkov/masterWork/tests/samePrefixMarkedMtx2304/depth1/node1/test0_2.mtx 2.4 0 -1 -1 
/home/antonkov/masterWork/tests/samePrefixMarkedMtx2304/depth1/node1/test0_2.mtx 2.5 0 -1 -1 
/home/antonkov/masterWork/tests/samePrefixMarkedMtx2304/depth1/node1/test0_2.mtx 2.6 0 -1 -1 
/home/antonkov/masterWork/tests/samePrefixMarkedMtx2304/depth1/node1/test0_2.mtx 2.7 0 -1 -1 
/home/antonkov/masterWork/tests/samePrefixMarkedMtx2304/depth1/node1/test0_2.mtx 2.8 0 -1 -1 
/home/antonkov/masterWork/tests/samePrefixMarkedMtx2304/depth1/node1/test0_2.mtx 2.9 0 -1 -1 
/home/antonkov/masterWork/tests/samePrefixMarkedMtx2304/depth1/node1/test0_2.mtx 3 0 -1 -1 
/home/antonkov/masterWork/tests/samePrefixMarkedMtx2304/depth1/node1/test0_2.mtx 3.1 0 -1 -1 
/home/antonkov/masterWork/tests/samePrefixMarkedMtx2304/depth1/node1/test0_2.mtx 3.2 0 -1 -1 
/home/antonkov/masterWork/tests/samePrefixMarkedMtx2304/depth1/node1/test0_2.mtx 3.3 0 -1 -1 
/home/antonkov/masterWork/tests/samePrefixMarkedMtx2304/depth1/node1/test0_2.mtx 3.4 0 -1 -1 
/home/antonkov/masterWork/tests/samePrefixMarkedMtx2304/depth1/node1/test0_2.mtx 3.5 0 -1 -1 
/home/antonkov/masterWork/tests/samePrefixMarkedMtx2304/depth1/node1/test0_3.mtx 1 422.509 0.0717404 0.85 
/home/antonkov/masterWork/tests/samePrefixMarkedMtx2304/depth1/node1/test0_3.mtx 1.1 414.056 0.0588021 0.76 
/home/antonkov/masterWork/tests/samePrefixMarkedMtx2304/depth1/node1/test0_3.mtx 1.2 396.102 0.0417752 0.54 
/home/antonkov/masterWork/tests/samePrefixMarkedMtx2304/depth1/node1/test0_3.mtx 1.3 499.662 0.0304036 0.395 
/home/antonkov/masterWork/tests/samePrefixMarkedMtx2304/depth1/node1/test0_3.mtx 1.4 465.761 0.0181988 0.25 
/home/antonkov/masterWork/tests/samePrefixMarkedMtx2304/depth1/node1/test0_3.mtx 1.5 606.511 0.00960178 0.1375 
/home/antonkov/masterWork/tests/samePrefixMarkedMtx2304/depth1/node1/test0_3.mtx 1.6 911.478 0.0039077 0.0644444 
/home/antonkov/masterWork/tests/samePrefixMarkedMtx2304/depth1/node1/test0_3.mtx 1.7 1083.98 0.00204327 0.04 
/home/antonkov/masterWork/tests/samePrefixMarkedMtx2304/depth1/node1/test0_3.mtx 1.8 2055.67 0.000731464 0.0147059 
/home/antonkov/masterWork/tests/samePrefixMarkedMtx2304/depth1/node1/test0_3.mtx 1.9 4203.05 0.000225592 0.00588235 
/home/antonkov/masterWork/tests/samePrefixMarkedMtx2304/depth1/node1/test0_3.mtx 2 0 -1 -1 
/home/antonkov/masterWork/tests/samePrefixMarkedMtx2304/depth1/node1/test0_3.mtx 2.1 0 -1 -1 
/home/antonkov/masterWork/tests/samePrefixMarkedMtx2304/depth1/node1/test0_3.mtx 2.2 0 -1 -1 
/home/antonkov/masterWork/tests/samePrefixMarkedMtx2304/depth1/node1/test0_3.mtx 2.3 0 -1 -1 
/home/antonkov/masterWork/tests/samePrefixMarkedMtx2304/depth1/node1/test0_3.mtx 2.4 0 -1 -1 
/home/antonkov/masterWork/tests/samePrefixMarkedMtx2304/depth1/node1/test0_3.mtx 2.5 0 -1 -1 
/home/antonkov/masterWork/tests/samePrefixMarkedMtx2304/depth1/node1/test0_3.mtx 2.6 0 -1 -1 
/home/antonkov/masterWork/tests/samePrefixMarkedMtx2304/depth1/node1/test0_3.mtx 2.7 0 -1 -1 
/home/antonkov/masterWork/tests/samePrefixMarkedMtx2304/depth1/node1/test0_3.mtx 2.8 0 -1 -1 
/home/antonkov/masterWork/tests/samePrefixMarkedMtx2304/depth1/node1/test0_3.mtx 2.9 0 -1 -1 
/home/antonkov/masterWork/tests/samePrefixMarkedMtx2304/depth1/node1/test0_3.mtx 3 0 -1 -1 
/home/antonkov/masterWork/tests/samePrefixMarkedMtx2304/depth1/node1/test0_3.mtx 3.1 0 -1 -1 
/home/antonkov/masterWork/tests/samePrefixMarkedMtx2304/depth1/node1/test0_3.mtx 3.2 0 -1 -1 
/home/antonkov/masterWork/tests/samePrefixMarkedMtx2304/depth1/node1/test0_3.mtx 3.3 0 -1 -1 
/home/antonkov/masterWork/tests/samePrefixMarkedMtx2304/depth1/node1/test0_3.mtx 3.4 0 -1 -1 
/home/antonkov/masterWork/tests/samePrefixMarkedMtx2304/depth1/node1/test0_3.mtx 3.5 0 -1 -1 
/home/antonkov/masterWork/tests/samePrefixMarkedMtx2304/depth1/node1/test0_4.mtx 1 425.168 0.0735286 0.85 
/home/antonkov/masterWork/tests/samePrefixMarkedMtx2304/depth1/node1/test0_4.mtx 1.1 416.104 0.0597135 0.74 
/home/antonkov/masterWork/tests/samePrefixMarkedMtx2304/depth1/node1/test0_4.mtx 1.2 395.723 0.0440799 0.56 
/home/antonkov/masterWork/tests/samePrefixMarkedMtx2304/depth1/node1/test0_4.mtx 1.3 490.731 0.0297873 0.405 
/home/antonkov/masterWork/tests/samePrefixMarkedMtx2304/depth1/node1/test0_4.mtx 1.4 453.634 0.0183963 0.285 
/home/antonkov/masterWork/tests/samePrefixMarkedMtx2304/depth1/node1/test0_4.mtx 1.5 521.527 0.0106843 0.17 
/home/antonkov/masterWork/tests/samePrefixMarkedMtx2304/depth1/node1/test0_4.mtx 1.6 766.408 0.00498946 0.0757143 
/home/antonkov/masterWork/tests/samePrefixMarkedMtx2304/depth1/node1/test0_4.mtx 1.7 1146.19 0.00228154 0.0353333 
/home/antonkov/masterWork/tests/samePrefixMarkedMtx2304/depth1/node1/test0_4.mtx 1.8 2176.05 0.000758024 0.0135135 
/home/antonkov/masterWork/tests/samePrefixMarkedMtx2304/depth1/node1/test0_4.mtx 1.9 3775.39 0.000259415 0.00641026 
/home/antonkov/masterWork/tests/samePrefixMarkedMtx2304/depth1/node1/test0_4.mtx 2 0 -1 -1 
/home/antonkov/masterWork/tests/samePrefixMarkedMtx2304/depth1/node1/test0_4.mtx 2.1 0 -1 -1 
/home/antonkov/masterWork/tests/samePrefixMarkedMtx2304/depth1/node1/test0_4.mtx 2.2 0 -1 -1 
/home/antonkov/masterWork/tests/samePrefixMarkedMtx2304/depth1/node1/test0_4.mtx 2.3 0 -1 -1 
/home/antonkov/masterWork/tests/samePrefixMarkedMtx2304/depth1/node1/test0_4.mtx 2.4 0 -1 -1 
/home/antonkov/masterWork/tests/samePrefixMarkedMtx2304/depth1/node1/test0_4.mtx 2.5 0 -1 -1 
/home/antonkov/masterWork/tests/samePrefixMarkedMtx2304/depth1/node1/test0_4.mtx 2.6 0 -1 -1 
/home/antonkov/masterWork/tests/samePrefixMarkedMtx2304/depth1/node1/test0_4.mtx 2.7 0 -1 -1 
/home/antonkov/masterWork/tests/samePrefixMarkedMtx2304/depth1/node1/test0_4.mtx 2.8 0 -1 -1 
/home/antonkov/masterWork/tests/samePrefixMarkedMtx2304/depth1/node1/test0_4.mtx 2.9 0 -1 -1 
/home/antonkov/masterWork/tests/samePrefixMarkedMtx2304/depth1/node1/test0_4.mtx 3 0 -1 -1 
/home/antonkov/masterWork/tests/samePrefixMarkedMtx2304/depth1/node1/test0_4.mtx 3.1 0 -1 -1 
/home/antonkov/masterWork/tests/samePrefixMarkedMtx2304/depth1/node1/test0_4.mtx 3.2 0 -1 -1 
/home/antonkov/masterWork/tests/samePrefixMarkedMtx2304/depth1/node1/test0_4.mtx 3.3 0 -1 -1 
/home/antonkov/masterWork/tests/samePrefixMarkedMtx2304/depth1/node1/test0_4.mtx 3.4 0 -1 -1 
/home/antonkov/masterWork/tests/samePrefixMarkedMtx2304/depth1/node1/test0_4.mtx 3.5 0 -1 -1 
/home/antonkov/masterWork/tests/samePrefixMarkedMtx2304/depth1/node1/test1_0.mtx 1 400.352 0.0713281 0.84 
/home/antonkov/masterWork/tests/samePrefixMarkedMtx2304/depth1/node1/test1_0.mtx 1.1 393.197 0.0561719 0.69 
/home/antonkov/masterWork/tests/samePrefixMarkedMtx2304/depth1/node1/test1_0.mtx 1.2 367.964 0.0448394 0.58 
/home/antonkov/masterWork/tests/samePrefixMarkedMtx2304/depth1/node1/test1_0.mtx 1.3 482.337 0.0315365 0.435 
/home/antonkov/masterWork/tests/samePrefixMarkedMtx2304/depth1/node1/test1_0.mtx 1.4 435.819 0.0193598 0.29 
/home/antonkov/masterWork/tests/samePrefixMarkedMtx2304/depth1/node1/test1_0.mtx 1.5 514.038 0.0124175 0.18 
/home/antonkov/masterWork/tests/samePrefixMarkedMtx2304/depth1/node1/test1_0.mtx 1.6 674.212 0.00548105 0.0833333 
/home/antonkov/masterWork/tests/samePrefixMarkedMtx2304/depth1/node1/test1_0.mtx 1.7 1171.48 0.00221933 0.0346667 
/home/antonkov/masterWork/tests/samePrefixMarkedMtx2304/depth1/node1/test1_0.mtx 1.8 2047.22 0.000839205 0.015 
/home/antonkov/masterWork/tests/samePrefixMarkedMtx2304/depth1/node1/test1_0.mtx 1.9 4438.5 0.000319529 0.00543478 
/home/antonkov/masterWork/tests/samePrefixMarkedMtx2304/depth1/node1/test1_0.mtx 2 0 -1 -1 
/home/antonkov/masterWork/tests/samePrefixMarkedMtx2304/depth1/node1/test1_0.mtx 2.1 0 -1 -1 
/home/antonkov/masterWork/tests/samePrefixMarkedMtx2304/depth1/node1/test1_0.mtx 2.2 0 -1 -1 
/home/antonkov/masterWork/tests/samePrefixMarkedMtx2304/depth1/node1/test1_0.mtx 2.3 0 -1 -1 
/home/antonkov/masterWork/tests/samePrefixMarkedMtx2304/depth1/node1/test1_0.mtx 2.4 0 -1 -1 
/home/antonkov/masterWork/tests/samePrefixMarkedMtx2304/depth1/node1/test1_0.mtx 2.5 0 -1 -1 
/home/antonkov/masterWork/tests/samePrefixMarkedMtx2304/depth1/node1/test1_0.mtx 2.6 0 -1 -1 
/home/antonkov/masterWork/tests/samePrefixMarkedMtx2304/depth1/node1/test1_0.mtx 2.7 0 -1 -1 
/home/antonkov/masterWork/tests/samePrefixMarkedMtx2304/depth1/node1/test1_0.mtx 2.8 0 -1 -1 
/home/antonkov/masterWork/tests/samePrefixMarkedMtx2304/depth1/node1/test1_0.mtx 2.9 0 -1 -1 
/home/antonkov/masterWork/tests/samePrefixMarkedMtx2304/depth1/node1/test1_0.mtx 3 0 -1 -1 
/home/antonkov/masterWork/tests/samePrefixMarkedMtx2304/depth1/node1/test1_0.mtx 3.1 0 -1 -1 
/home/antonkov/masterWork/tests/samePrefixMarkedMtx2304/depth1/node1/test1_0.mtx 3.2 0 -1 -1 
/home/antonkov/masterWork/tests/samePrefixMarkedMtx2304/depth1/node1/test1_0.mtx 3.3 0 -1 -1 
/home/antonkov/masterWork/tests/samePrefixMarkedMtx2304/depth1/node1/test1_0.mtx 3.4 0 -1 -1 
/home/antonkov/masterWork/tests/samePrefixMarkedMtx2304/depth1/node1/test1_0.mtx 3.5 0 -1 -1 
/home/antonkov/masterWork/tests/samePrefixMarkedMtx2304/depth1/node1/test1_1.mtx 1 399.087 0.0735938 0.9 
/home/antonkov/masterWork/tests/samePrefixMarkedMtx2304/depth1/node1/test1_1.mtx 1.1 394.722 0.0598264 0.74 
/home/antonkov/masterWork/tests/samePrefixMarkedMtx2304/depth1/node1/test1_1.mtx 1.2 378.181 0.0463672 0.59 
/home/antonkov/masterWork/tests/samePrefixMarkedMtx2304/depth1/node1/test1_1.mtx 1.3 473.527 0.0296072 0.4 
/home/antonkov/masterWork/tests/samePrefixMarkedMtx2304/depth1/node1/test1_1.mtx 1.4 542.701 0.0174624 0.25 
/home/antonkov/masterWork/tests/samePrefixMarkedMtx2304/depth1/node1/test1_1.mtx 1.5 584.54 0.0101704 0.14 
/home/antonkov/masterWork/tests/samePrefixMarkedMtx2304/depth1/node1/test1_1.mtx 1.6 726.671 0.00502294 0.0771429 
/home/antonkov/masterWork/tests/samePrefixMarkedMtx2304/depth1/node1/test1_1.mtx 1.7 1082.73 0.00239211 0.0378571 
/home/antonkov/masterWork/tests/samePrefixMarkedMtx2304/depth1/node1/test1_1.mtx 1.8 2082.8 0.0008688 0.0142857 
/home/antonkov/masterWork/tests/samePrefixMarkedMtx2304/depth1/node1/test1_1.mtx 1.9 4187.44 0.000304648 0.00573034 
/home/antonkov/masterWork/tests/samePrefixMarkedMtx2304/depth1/node1/test1_1.mtx 2 0 -1 -1 
/home/antonkov/masterWork/tests/samePrefixMarkedMtx2304/depth1/node1/test1_1.mtx 2.1 0 -1 -1 
/home/antonkov/masterWork/tests/samePrefixMarkedMtx2304/depth1/node1/test1_1.mtx 2.2 0 -1 -1 
/home/antonkov/masterWork/tests/samePrefixMarkedMtx2304/depth1/node1/test1_1.mtx 2.3 0 -1 -1 
/home/antonkov/masterWork/tests/samePrefixMarkedMtx2304/depth1/node1/test1_1.mtx 2.4 0 -1 -1 
/home/antonkov/masterWork/tests/samePrefixMarkedMtx2304/depth1/node1/test1_1.mtx 2.5 0 -1 -1 
/home/antonkov/masterWork/tests/samePrefixMarkedMtx2304/depth1/node1/test1_1.mtx 2.6 0 -1 -1 
/home/antonkov/masterWork/tests/samePrefixMarkedMtx2304/depth1/node1/test1_1.mtx 2.7 0 -1 -1 
/home/antonkov/masterWork/tests/samePrefixMarkedMtx2304/depth1/node1/test1_1.mtx 2.8 0 -1 -1 
/home/antonkov/masterWork/tests/samePrefixMarkedMtx2304/depth1/node1/test1_1.mtx 2.9 0 -1 -1 
/home/antonkov/masterWork/tests/samePrefixMarkedMtx2304/depth1/node1/test1_1.mtx 3 0 -1 -1 
/home/antonkov/masterWork/tests/samePrefixMarkedMtx2304/depth1/node1/test1_1.mtx 3.1 0 -1 -1 
/home/antonkov/masterWork/tests/samePrefixMarkedMtx2304/depth1/node1/test1_1.mtx 3.2 0 -1 -1 
/home/antonkov/masterWork/tests/samePrefixMarkedMtx2304/depth1/node1/test1_1.mtx 3.3 0 -1 -1 
/home/antonkov/masterWork/tests/samePrefixMarkedMtx2304/depth1/node1/test1_1.mtx 3.4 0 -1 -1 
/home/antonkov/masterWork/tests/samePrefixMarkedMtx2304/depth1/node1/test1_1.mtx 3.5 0 -1 -1 
/home/antonkov/masterWork/tests/samePrefixMarkedMtx2304/depth1/node1/test1_2.mtx 1 400.528 0.0731814 0.86 
/home/antonkov/masterWork/tests/samePrefixMarkedMtx2304/depth1/node1/test1_2.mtx 1.1 395.257 0.061645 0.77 
/home/antonkov/masterWork/tests/samePrefixMarkedMtx2304/depth1/node1/test1_2.mtx 1.2 376.72 0.0456293 0.6 
/home/antonkov/masterWork/tests/samePrefixMarkedMtx2304/depth1/node1/test1_2.mtx 1.3 474.065 0.0301606 0.425 
/home/antonkov/masterWork/tests/samePrefixMarkedMtx2304/depth1/node1/test1_2.mtx 1.4 535.053 0.0149349 0.22 
/home/antonkov/masterWork/tests/samePrefixMarkedMtx2304/depth1/node1/test1_2.mtx 1.5 649.945 0.00765625 0.12 
/home/antonkov/masterWork/tests/samePrefixMarkedMtx2304/depth1/node1/test1_2.mtx 1.6 861.612 0.00443432 0.0666667 
/home/antonkov/masterWork/tests/samePrefixMarkedMtx2304/depth1/node1/test1_2.mtx 1.7 1252.49 0.00206342 0.0317647 
/home/antonkov/masterWork/tests/samePrefixMarkedMtx2304/depth1/node1/test1_2.mtx 1.8 2057.92 0.000853051 0.0142857 
/home/antonkov/masterWork/tests/samePrefixMarkedMtx2304/depth1/node1/test1_2.mtx 1.9 4706.81 0.000263281 0.005 
/home/antonkov/masterWork/tests/samePrefixMarkedMtx2304/depth1/node1/test1_2.mtx 2 0 -1 -1 
/home/antonkov/masterWork/tests/samePrefixMarkedMtx2304/depth1/node1/test1_2.mtx 2.1 0 -1 -1 
/home/antonkov/masterWork/tests/samePrefixMarkedMtx2304/depth1/node1/test1_2.mtx 2.2 0 -1 -1 
/home/antonkov/masterWork/tests/samePrefixMarkedMtx2304/depth1/node1/test1_2.mtx 2.3 0 -1 -1 
/home/antonkov/masterWork/tests/samePrefixMarkedMtx2304/depth1/node1/test1_2.mtx 2.4 0 -1 -1 
/home/antonkov/masterWork/tests/samePrefixMarkedMtx2304/depth1/node1/test1_2.mtx 2.5 0 -1 -1 
/home/antonkov/masterWork/tests/samePrefixMarkedMtx2304/depth1/node1/test1_2.mtx 2.6 0 -1 -1 
/home/antonkov/masterWork/tests/samePrefixMarkedMtx2304/depth1/node1/test1_2.mtx 2.7 0 -1 -1 
/home/antonkov/masterWork/tests/samePrefixMarkedMtx2304/depth1/node1/test1_2.mtx 2.8 0 -1 -1 
/home/antonkov/masterWork/tests/samePrefixMarkedMtx2304/depth1/node1/test1_2.mtx 2.9 0 -1 -1 
/home/antonkov/masterWork/tests/samePrefixMarkedMtx2304/depth1/node1/test1_2.mtx 3 0 -1 -1 
/home/antonkov/masterWork/tests/samePrefixMarkedMtx2304/depth1/node1/test1_2.mtx 3.1 0 -1 -1 
/home/antonkov/masterWork/tests/samePrefixMarkedMtx2304/depth1/node1/test1_2.mtx 3.2 0 -1 -1 
/home/antonkov/masterWork/tests/samePrefixMarkedMtx2304/depth1/node1/test1_2.mtx 3.3 0 -1 -1 
/home/antonkov/masterWork/tests/samePrefixMarkedMtx2304/depth1/node1/test1_2.mtx 3.4 0 -1 -1 
/home/antonkov/masterWork/tests/samePrefixMarkedMtx2304/depth1/node1/test1_2.mtx 3.5 0 -1 -1 
/home/antonkov/masterWork/tests/samePrefixMarkedMtx2304/depth1/node1/test1_3.mtx 1 398.241 0.074987 0.88 
/home/antonkov/masterWork/tests/samePrefixMarkedMtx2304/depth1/node1/test1_3.mtx 1.1 396.807 0.0604644 0.76 
/home/antonkov/masterWork/tests/samePrefixMarkedMtx2304/depth1/node1/test1_3.mtx 1.2 376.003 0.0464193 0.61 
/home/antonkov/masterWork/tests/samePrefixMarkedMtx2304/depth1/node1/test1_3.mtx 1.3 472.325 0.0297873 0.395 
/home/antonkov/masterWork/tests/samePrefixMarkedMtx2304/depth1/node1/test1_3.mtx 1.4 440.349 0.0181576 0.255 
/home/antonkov/masterWork/tests/samePrefixMarkedMtx2304/depth1/node1/test1_3.mtx 1.5 591.699 0.0102593 0.155 
/home/antonkov/masterWork/tests/samePrefixMarkedMtx2304/depth1/node1/test1_3.mtx 1.6 804.901 0.00482042 0.0725 
/home/antonkov/masterWork/tests/samePrefixMarkedMtx2304/depth1/node1/test1_3.mtx 1.7 1278.5 0.00191125 0.0305882 
/home/antonkov/masterWork/tests/samePrefixMarkedMtx2304/depth1/node1/test1_3.mtx 1.8 2429.23 0.000676773 0.0119048 
/home/antonkov/masterWork/tests/samePrefixMarkedMtx2304/depth1/node1/test1_3.mtx 1.9 5605.52 0.000228421 0.00413223 
/home/antonkov/masterWork/tests/samePrefixMarkedMtx2304/depth1/node1/test1_3.mtx 2 0 -1 -1 
/home/antonkov/masterWork/tests/samePrefixMarkedMtx2304/depth1/node1/test1_3.mtx 2.1 0 -1 -1 
/home/antonkov/masterWork/tests/samePrefixMarkedMtx2304/depth1/node1/test1_3.mtx 2.2 0 -1 -1 
/home/antonkov/masterWork/tests/samePrefixMarkedMtx2304/depth1/node1/test1_3.mtx 2.3 0 -1 -1 
/home/antonkov/masterWork/tests/samePrefixMarkedMtx2304/depth1/node1/test1_3.mtx 2.4 0 -1 -1 
/home/antonkov/masterWork/tests/samePrefixMarkedMtx2304/depth1/node1/test1_3.mtx 2.5 0 -1 -1 
/home/antonkov/masterWork/tests/samePrefixMarkedMtx2304/depth1/node1/test1_3.mtx 2.6 0 -1 -1 
/home/antonkov/masterWork/tests/samePrefixMarkedMtx2304/depth1/node1/test1_3.mtx 2.7 0 -1 -1 
/home/antonkov/masterWork/tests/samePrefixMarkedMtx2304/depth1/node1/test1_3.mtx 2.8 0 -1 -1 
/home/antonkov/masterWork/tests/samePrefixMarkedMtx2304/depth1/node1/test1_3.mtx 2.9 0 -1 -1 
/home/antonkov/masterWork/tests/samePrefixMarkedMtx2304/depth1/node1/test1_3.mtx 3 0 -1 -1 
/home/antonkov/masterWork/tests/samePrefixMarkedMtx2304/depth1/node1/test1_3.mtx 3.1 0 -1 -1 
/home/antonkov/masterWork/tests/samePrefixMarkedMtx2304/depth1/node1/test1_3.mtx 3.2 0 -1 -1 
/home/antonkov/masterWork/tests/samePrefixMarkedMtx2304/depth1/node1/test1_3.mtx 3.3 0 -1 -1 
/home/antonkov/masterWork/tests/samePrefixMarkedMtx2304/depth1/node1/test1_3.mtx 3.4 0 -1 -1 
/home/antonkov/masterWork/tests/samePrefixMarkedMtx2304/depth1/node1/test1_3.mtx 3.5 0 -1 -1 
/home/antonkov/masterWork/tests/samePrefixMarkedMtx2304/depth1/node1/test1_4.mtx 1 397.324 0.0754123 0.88 
/home/antonkov/masterWork/tests/samePrefixMarkedMtx2304/depth1/node1/test1_4.mtx 1.1 390.523 0.0613672 0.76 
/home/antonkov/masterWork/tests/samePrefixMarkedMtx2304/depth1/node1/test1_4.mtx 1.2 367.892 0.0420703 0.53 
/home/antonkov/masterWork/tests/samePrefixMarkedMtx2304/depth1/node1/test1_4.mtx 1.3 458.705 0.030434 0.405 
/home/antonkov/masterWork/tests/samePrefixMarkedMtx2304/depth1/node1/test1_4.mtx 1.4 451.046 0.0207335 0.3 
/home/antonkov/masterWork/tests/samePrefixMarkedMtx2304/depth1/node1/test1_4.mtx 1.5 505.695 0.0104991 0.166667 
/home/antonkov/masterWork/tests/samePrefixMarkedMtx2304/depth1/node1/test1_4.mtx 1.6 826.759 0.00442329 0.06625 
/home/antonkov/masterWork/tests/samePrefixMarkedMtx2304/depth1/node1/test1_4.mtx 1.7 1256.37 0.00171032 0.0305882 
/home/antonkov/masterWork/tests/samePrefixMarkedMtx2304/depth1/node1/test1_4.mtx 1.8 2632.02 0.000646055 0.0110638 
/home/antonkov/masterWork/tests/samePrefixMarkedMtx2304/depth1/node1/test1_4.mtx 1.9 3846.94 0.000315809 0.00625 
/home/antonkov/masterWork/tests/samePrefixMarkedMtx2304/depth1/node1/test1_4.mtx 2 0 -1 -1 
/home/antonkov/masterWork/tests/samePrefixMarkedMtx2304/depth1/node1/test1_4.mtx 2.1 0 -1 -1 
/home/antonkov/masterWork/tests/samePrefixMarkedMtx2304/depth1/node1/test1_4.mtx 2.2 0 -1 -1 
/home/antonkov/masterWork/tests/samePrefixMarkedMtx2304/depth1/node1/test1_4.mtx 2.3 0 -1 -1 
/home/antonkov/masterWork/tests/samePrefixMarkedMtx2304/depth1/node1/test1_4.mtx 2.4 0 -1 -1 
/home/antonkov/masterWork/tests/samePrefixMarkedMtx2304/depth1/node1/test1_4.mtx 2.5 0 -1 -1 
/home/antonkov/masterWork/tests/samePrefixMarkedMtx2304/depth1/node1/test1_4.mtx 2.6 0 -1 -1 
/home/antonkov/masterWork/tests/samePrefixMarkedMtx2304/depth1/node1/test1_4.mtx 2.7 0 -1 -1 
/home/antonkov/masterWork/tests/samePrefixMarkedMtx2304/depth1/node1/test1_4.mtx 2.8 0 -1 -1 
/home/antonkov/masterWork/tests/samePrefixMarkedMtx2304/depth1/node1/test1_4.mtx 2.9 0 -1 -1 
/home/antonkov/masterWork/tests/samePrefixMarkedMtx2304/depth1/node1/test1_4.mtx 3 0 -1 -1 
/home/antonkov/masterWork/tests/samePrefixMarkedMtx2304/depth1/node1/test1_4.mtx 3.1 0 -1 -1 
/home/antonkov/masterWork/tests/samePrefixMarkedMtx2304/depth1/node1/test1_4.mtx 3.2 0 -1 -1 
/home/antonkov/masterWork/tests/samePrefixMarkedMtx2304/depth1/node1/test1_4.mtx 3.3 0 -1 -1 
/home/antonkov/masterWork/tests/samePrefixMarkedMtx2304/depth1/node1/test1_4.mtx 3.4 0 -1 -1 
/home/antonkov/masterWork/tests/samePrefixMarkedMtx2304/depth1/node1/test1_4.mtx 3.5 0 -1 -1 
/home/antonkov/masterWork/tests/samePrefixMarkedMtx2304/depth1/node1/test2_0.mtx 1 444.275 0.0739019 0.87 
/home/antonkov/masterWork/tests/samePrefixMarkedMtx2304/depth1/node1/test2_0.mtx 1.1 441.086 0.0596094 0.76 
/home/antonkov/masterWork/tests/samePrefixMarkedMtx2304/depth1/node1/test2_0.mtx 1.2 414.371 0.044197 0.59 
/home/antonkov/masterWork/tests/samePrefixMarkedMtx2304/depth1/node1/test2_0.mtx 1.3 521.227 0.031161 0.445 
/home/antonkov/masterWork/tests/samePrefixMarkedMtx2304/depth1/node1/test2_0.mtx 1.4 485.638 0.0180664 0.26 
/home/antonkov/masterWork/tests/samePrefixMarkedMtx2304/depth1/node1/test2_0.mtx 1.5 621.932 0.0101139 0.1475 
/home/antonkov/masterWork/tests/samePrefixMarkedMtx2304/depth1/node1/test2_0.mtx 1.6 858.949 0.00445964 0.06875 
/home/antonkov/masterWork/tests/samePrefixMarkedMtx2304/depth1/node1/test2_0.mtx 1.7 1208.24 0.00210706 0.0333333 
/home/antonkov/masterWork/tests/samePrefixMarkedMtx2304/depth1/node1/test2_0.mtx 1.8 1984.45 0.00093099 0.015625 
/home/antonkov/masterWork/tests/samePrefixMarkedMtx2304/depth1/node1/test2_0.mtx 1.9 4614.14 0.00027927 0.00520833 
/home/antonkov/masterWork/tests/samePrefixMarkedMtx2304/depth1/node1/test2_0.mtx 2 0 -1 -1 
/home/antonkov/masterWork/tests/samePrefixMarkedMtx2304/depth1/node1/test2_0.mtx 2.1 0 -1 -1 
/home/antonkov/masterWork/tests/samePrefixMarkedMtx2304/depth1/node1/test2_0.mtx 2.2 0 -1 -1 
/home/antonkov/masterWork/tests/samePrefixMarkedMtx2304/depth1/node1/test2_0.mtx 2.3 0 -1 -1 
/home/antonkov/masterWork/tests/samePrefixMarkedMtx2304/depth1/node1/test2_0.mtx 2.4 0 -1 -1 
/home/antonkov/masterWork/tests/samePrefixMarkedMtx2304/depth1/node1/test2_0.mtx 2.5 0 -1 -1 
/home/antonkov/masterWork/tests/samePrefixMarkedMtx2304/depth1/node1/test2_0.mtx 2.6 0 -1 -1 
/home/antonkov/masterWork/tests/samePrefixMarkedMtx2304/depth1/node1/test2_0.mtx 2.7 0 -1 -1 
/home/antonkov/masterWork/tests/samePrefixMarkedMtx2304/depth1/node1/test2_0.mtx 2.8 0 -1 -1 
/home/antonkov/masterWork/tests/samePrefixMarkedMtx2304/depth1/node1/test2_0.mtx 2.9 0 -1 -1 
/home/antonkov/masterWork/tests/samePrefixMarkedMtx2304/depth1/node1/test2_0.mtx 3 0 -1 -1 
/home/antonkov/masterWork/tests/samePrefixMarkedMtx2304/depth1/node1/test2_0.mtx 3.1 0 -1 -1 
/home/antonkov/masterWork/tests/samePrefixMarkedMtx2304/depth1/node1/test2_0.mtx 3.2 0 -1 -1 
/home/antonkov/masterWork/tests/samePrefixMarkedMtx2304/depth1/node1/test2_0.mtx 3.3 0 -1 -1 
/home/antonkov/masterWork/tests/samePrefixMarkedMtx2304/depth1/node1/test2_0.mtx 3.4 0 -1 -1 
/home/antonkov/masterWork/tests/samePrefixMarkedMtx2304/depth1/node1/test2_0.mtx 3.5 0 -1 -1 
/home/antonkov/masterWork/tests/samePrefixMarkedMtx2304/depth1/node1/test2_1.mtx 1 448.132 0.0806076 0.93 
/home/antonkov/masterWork/tests/samePrefixMarkedMtx2304/depth1/node1/test2_1.mtx 1.1 448.602 0.0661371 0.82 
/home/antonkov/masterWork/tests/samePrefixMarkedMtx2304/depth1/node1/test2_1.mtx 1.2 427.445 0.0503342 0.64 
/home/antonkov/masterWork/tests/samePrefixMarkedMtx2304/depth1/node1/test2_1.mtx 1.3 524.379 0.0337413 0.435 
/home/antonkov/masterWork/tests/samePrefixMarkedMtx2304/depth1/node1/test2_1.mtx 1.4 515.741 0.0212305 0.295 
/home/antonkov/masterWork/tests/samePrefixMarkedMtx2304/depth1/node1/test2_1.mtx 1.5 625.783 0.0108431 0.16 
/home/antonkov/masterWork/tests/samePrefixMarkedMtx2304/depth1/node1/test2_1.mtx 1.6 837.586 0.0046913 0.06875 
/home/antonkov/masterWork/tests/samePrefixMarkedMtx2304/depth1/node1/test2_1.mtx 1.7 1089.02 0.00220987 0.0384615 
/home/antonkov/masterWork/tests/samePrefixMarkedMtx2304/depth1/node1/test2_1.mtx 1.8 2565.76 0.000674913 0.0115909 
/home/antonkov/masterWork/tests/samePrefixMarkedMtx2304/depth1/node1/test2_1.mtx 1.9 5830.36 0.000206129 0.00396825 
/home/antonkov/masterWork/tests/samePrefixMarkedMtx2304/depth1/node1/test2_1.mtx 2 0 -1 -1 
/home/antonkov/masterWork/tests/samePrefixMarkedMtx2304/depth1/node1/test2_1.mtx 2.1 0 -1 -1 
/home/antonkov/masterWork/tests/samePrefixMarkedMtx2304/depth1/node1/test2_1.mtx 2.2 0 -1 -1 
/home/antonkov/masterWork/tests/samePrefixMarkedMtx2304/depth1/node1/test2_1.mtx 2.3 0 -1 -1 
/home/antonkov/masterWork/tests/samePrefixMarkedMtx2304/depth1/node1/test2_1.mtx 2.4 0 -1 -1 
/home/antonkov/masterWork/tests/samePrefixMarkedMtx2304/depth1/node1/test2_1.mtx 2.5 0 -1 -1 
/home/antonkov/masterWork/tests/samePrefixMarkedMtx2304/depth1/node1/test2_1.mtx 2.6 0 -1 -1 
/home/antonkov/masterWork/tests/samePrefixMarkedMtx2304/depth1/node1/test2_1.mtx 2.7 0 -1 -1 
/home/antonkov/masterWork/tests/samePrefixMarkedMtx2304/depth1/node1/test2_1.mtx 2.8 0 -1 -1 
/home/antonkov/masterWork/tests/samePrefixMarkedMtx2304/depth1/node1/test2_1.mtx 2.9 0 -1 -1 
/home/antonkov/masterWork/tests/samePrefixMarkedMtx2304/depth1/node1/test2_1.mtx 3 0 -1 -1 
/home/antonkov/masterWork/tests/samePrefixMarkedMtx2304/depth1/node1/test2_1.mtx 3.1 0 -1 -1 
/home/antonkov/masterWork/tests/samePrefixMarkedMtx2304/depth1/node1/test2_1.mtx 3.2 0 -1 -1 
/home/antonkov/masterWork/tests/samePrefixMarkedMtx2304/depth1/node1/test2_1.mtx 3.3 0 -1 -1 
/home/antonkov/masterWork/tests/samePrefixMarkedMtx2304/depth1/node1/test2_1.mtx 3.4 0 -1 -1 
/home/antonkov/masterWork/tests/samePrefixMarkedMtx2304/depth1/node1/test2_1.mtx 3.5 0 -1 -1 
/home/antonkov/masterWork/tests/samePrefixMarkedMtx2304/depth1/node1/test2_2.mtx 1 432.055 0.0765712 0.85 
/home/antonkov/masterWork/tests/samePrefixMarkedMtx2304/depth1/node1/test2_2.mtx 1.1 424.226 0.0631033 0.76 
/home/antonkov/masterWork/tests/samePrefixMarkedMtx2304/depth1/node1/test2_2.mtx 1.2 410.53 0.0453906 0.58 
/home/antonkov/masterWork/tests/samePrefixMarkedMtx2304/depth1/node1/test2_2.mtx 1.3 508.953 0.0321832 0.45 
/home/antonkov/masterWork/tests/samePrefixMarkedMtx2304/depth1/node1/test2_2.mtx 1.4 481.567 0.0196593 0.295 
/home/antonkov/masterWork/tests/samePrefixMarkedMtx2304/depth1/node1/test2_2.mtx 1.5 612.596 0.00947483 0.1475 
/home/antonkov/masterWork/tests/samePrefixMarkedMtx2304/depth1/node1/test2_2.mtx 1.6 850.426 0.00446289 0.07 
/home/antonkov/masterWork/tests/samePrefixMarkedMtx2304/depth1/node1/test2_2.mtx 1.7 1274.93 0.00197564 0.031875 
/home/antonkov/masterWork/tests/samePrefixMarkedMtx2304/depth1/node1/test2_2.mtx 1.8 2103.43 0.000913884 0.0147059 
/home/antonkov/masterWork/tests/samePrefixMarkedMtx2304/depth1/node1/test2_2.mtx 1.9 4281.72 0.0003798 0.00588235 
/home/antonkov/masterWork/tests/samePrefixMarkedMtx2304/depth1/node1/test2_2.mtx 2 0 -1 -1 
/home/antonkov/masterWork/tests/samePrefixMarkedMtx2304/depth1/node1/test2_2.mtx 2.1 0 -1 -1 
/home/antonkov/masterWork/tests/samePrefixMarkedMtx2304/depth1/node1/test2_2.mtx 2.2 0 -1 -1 
/home/antonkov/masterWork/tests/samePrefixMarkedMtx2304/depth1/node1/test2_2.mtx 2.3 0 -1 -1 
/home/antonkov/masterWork/tests/samePrefixMarkedMtx2304/depth1/node1/test2_2.mtx 2.4 0 -1 -1 
/home/antonkov/masterWork/tests/samePrefixMarkedMtx2304/depth1/node1/test2_2.mtx 2.5 0 -1 -1 
/home/antonkov/masterWork/tests/samePrefixMarkedMtx2304/depth1/node1/test2_2.mtx 2.6 0 -1 -1 
/home/antonkov/masterWork/tests/samePrefixMarkedMtx2304/depth1/node1/test2_2.mtx 2.7 0 -1 -1 
/home/antonkov/masterWork/tests/samePrefixMarkedMtx2304/depth1/node1/test2_2.mtx 2.8 0 -1 -1 
/home/antonkov/masterWork/tests/samePrefixMarkedMtx2304/depth1/node1/test2_2.mtx 2.9 0 -1 -1 
/home/antonkov/masterWork/tests/samePrefixMarkedMtx2304/depth1/node1/test2_2.mtx 3 0 -1 -1 
/home/antonkov/masterWork/tests/samePrefixMarkedMtx2304/depth1/node1/test2_2.mtx 3.1 0 -1 -1 
/home/antonkov/masterWork/tests/samePrefixMarkedMtx2304/depth1/node1/test2_2.mtx 3.2 0 -1 -1 
/home/antonkov/masterWork/tests/samePrefixMarkedMtx2304/depth1/node1/test2_2.mtx 3.3 0 -1 -1 
/home/antonkov/masterWork/tests/samePrefixMarkedMtx2304/depth1/node1/test2_2.mtx 3.4 0 -1 -1 
/home/antonkov/masterWork/tests/samePrefixMarkedMtx2304/depth1/node1/test2_2.mtx 3.5 0 -1 -1 
/home/antonkov/masterWork/tests/samePrefixMarkedMtx2304/depth1/node1/test2_3.mtx 1 439.55 0.0776259 0.89 
/home/antonkov/masterWork/tests/samePrefixMarkedMtx2304/depth1/node1/test2_3.mtx 1.1 437.148 0.0616276 0.74 
/home/antonkov/masterWork/tests/samePrefixMarkedMtx2304/depth1/node1/test2_3.mtx 1.2 415.114 0.0465842 0.58 
/home/antonkov/masterWork/tests/samePrefixMarkedMtx2304/depth1/node1/test2_3.mtx 1.3 529.697 0.0339453 0.46 
/home/antonkov/masterWork/tests/samePrefixMarkedMtx2304/depth1/node1/test2_3.mtx 1.4 500.451 0.0199002 0.29 
/home/antonkov/masterWork/tests/samePrefixMarkedMtx2304/depth1/node1/test2_3.mtx 1.5 629.922 0.00953451 0.1475 
/home/antonkov/masterWork/tests/samePrefixMarkedMtx2304/depth1/node1/test2_3.mtx 1.6 846.444 0.00423665 0.0675 
/home/antonkov/masterWork/tests/samePrefixMarkedMtx2304/depth1/node1/test2_3.mtx 1.7 1214.35 0.00214641 0.034 
/home/antonkov/masterWork/tests/samePrefixMarkedMtx2304/depth1/node1/test2_3.mtx 1.8 2406.89 0.00077398 0.0125 
/home/antonkov/masterWork/tests/samePrefixMarkedMtx2304/depth1/node1/test2_3.mtx 1.9 5021.17 0.000288144 0.00485437 
/home/antonkov/masterWork/tests/samePrefixMarkedMtx2304/depth1/node1/test2_3.mtx 2 0 -1 -1 
/home/antonkov/masterWork/tests/samePrefixMarkedMtx2304/depth1/node1/test2_3.mtx 2.1 0 -1 -1 
/home/antonkov/masterWork/tests/samePrefixMarkedMtx2304/depth1/node1/test2_3.mtx 2.2 0 -1 -1 
/home/antonkov/masterWork/tests/samePrefixMarkedMtx2304/depth1/node1/test2_3.mtx 2.3 0 -1 -1 
/home/antonkov/masterWork/tests/samePrefixMarkedMtx2304/depth1/node1/test2_3.mtx 2.4 0 -1 -1 
/home/antonkov/masterWork/tests/samePrefixMarkedMtx2304/depth1/node1/test2_3.mtx 2.5 0 -1 -1 
/home/antonkov/masterWork/tests/samePrefixMarkedMtx2304/depth1/node1/test2_3.mtx 2.6 0 -1 -1 
/home/antonkov/masterWork/tests/samePrefixMarkedMtx2304/depth1/node1/test2_3.mtx 2.7 0 -1 -1 
/home/antonkov/masterWork/tests/samePrefixMarkedMtx2304/depth1/node1/test2_3.mtx 2.8 0 -1 -1 
/home/antonkov/masterWork/tests/samePrefixMarkedMtx2304/depth1/node1/test2_3.mtx 2.9 0 -1 -1 
/home/antonkov/masterWork/tests/samePrefixMarkedMtx2304/depth1/node1/test2_3.mtx 3 0 -1 -1 
/home/antonkov/masterWork/tests/samePrefixMarkedMtx2304/depth1/node1/test2_3.mtx 3.1 0 -1 -1 
/home/antonkov/masterWork/tests/samePrefixMarkedMtx2304/depth1/node1/test2_3.mtx 3.2 0 -1 -1 
/home/antonkov/masterWork/tests/samePrefixMarkedMtx2304/depth1/node1/test2_3.mtx 3.3 0 -1 -1 
/home/antonkov/masterWork/tests/samePrefixMarkedMtx2304/depth1/node1/test2_3.mtx 3.4 0 -1 -1 
/home/antonkov/masterWork/tests/samePrefixMarkedMtx2304/depth1/node1/test2_3.mtx 3.5 0 -1 -1 
/home/antonkov/masterWork/tests/samePrefixMarkedMtx2304/depth1/node1/test2_4.mtx 1 446.759 0.0734115 0.86 
/home/antonkov/masterWork/tests/samePrefixMarkedMtx2304/depth1/node1/test2_4.mtx 1.1 430.543 0.0571007 0.71 
/home/antonkov/masterWork/tests/samePrefixMarkedMtx2304/depth1/node1/test2_4.mtx 1.2 416.4 0.0447049 0.59 
/home/antonkov/masterWork/tests/samePrefixMarkedMtx2304/depth1/node1/test2_4.mtx 1.3 513.133 0.0265148 0.365 
/home/antonkov/masterWork/tests/samePrefixMarkedMtx2304/depth1/node1/test2_4.mtx 1.4 575.833 0.0188035 0.246667 
/home/antonkov/masterWork/tests/samePrefixMarkedMtx2304/depth1/node1/test2_4.mtx 1.5 536.188 0.011849 0.173333 
/home/antonkov/masterWork/tests/samePrefixMarkedMtx2304/depth1/node1/test2_4.mtx 1.6 812.236 0.00506572 0.08 
/home/antonkov/masterWork/tests/samePrefixMarkedMtx2304/depth1/node1/test2_4.mtx 1.7 1121.3 0.00224826 0.0384615 
/home/antonkov/masterWork/tests/samePrefixMarkedMtx2304/depth1/node1/test2_4.mtx 1.8 2764.8 0.000675052 0.0106383 
/home/antonkov/masterWork/tests/samePrefixMarkedMtx2304/depth1/node1/test2_4.mtx 1.9 6226.81 0.000225893 0.00389313 
/home/antonkov/masterWork/tests/samePrefixMarkedMtx2304/depth1/node1/test2_4.mtx 2 0 -1 -1 
/home/antonkov/masterWork/tests/samePrefixMarkedMtx2304/depth1/node1/test2_4.mtx 2.1 0 -1 -1 
/home/antonkov/masterWork/tests/samePrefixMarkedMtx2304/depth1/node1/test2_4.mtx 2.2 0 -1 -1 
/home/antonkov/masterWork/tests/samePrefixMarkedMtx2304/depth1/node1/test2_4.mtx 2.3 0 -1 -1 
/home/antonkov/masterWork/tests/samePrefixMarkedMtx2304/depth1/node1/test2_4.mtx 2.4 0 -1 -1 
/home/antonkov/masterWork/tests/samePrefixMarkedMtx2304/depth1/node1/test2_4.mtx 2.5 0 -1 -1 
/home/antonkov/masterWork/tests/samePrefixMarkedMtx2304/depth1/node1/test2_4.mtx 2.6 0 -1 -1 
/home/antonkov/masterWork/tests/samePrefixMarkedMtx2304/depth1/node1/test2_4.mtx 2.7 0 -1 -1 
/home/antonkov/masterWork/tests/samePrefixMarkedMtx2304/depth1/node1/test2_4.mtx 2.8 0 -1 -1 
/home/antonkov/masterWork/tests/samePrefixMarkedMtx2304/depth1/node1/test2_4.mtx 2.9 0 -1 -1 
/home/antonkov/masterWork/tests/samePrefixMarkedMtx2304/depth1/node1/test2_4.mtx 3 0 -1 -1 
/home/antonkov/masterWork/tests/samePrefixMarkedMtx2304/depth1/node1/test2_4.mtx 3.1 0 -1 -1 
/home/antonkov/masterWork/tests/samePrefixMarkedMtx2304/depth1/node1/test2_4.mtx 3.2 0 -1 -1 
/home/antonkov/masterWork/tests/samePrefixMarkedMtx2304/depth1/node1/test2_4.mtx 3.3 0 -1 -1 
/home/antonkov/masterWork/tests/samePrefixMarkedMtx2304/depth1/node1/test2_4.mtx 3.4 0 -1 -1 
/home/antonkov/masterWork/tests/samePrefixMarkedMtx2304/depth1/node1/test2_4.mtx 3.5 0 -1 -1 
/home/antonkov/masterWork/tests/samePrefixMarkedMtx2304/depth1/node1/test97_0.mtx 1 429.491 0.0788498 0.92 
/home/antonkov/masterWork/tests/samePrefixMarkedMtx2304/depth1/node1/test97_0.mtx 1.1 427.366 0.065842 0.8 
/home/antonkov/masterWork/tests/samePrefixMarkedMtx2304/depth1/node1/test97_0.mtx 1.2 410.185 0.0521875 0.66 
/home/antonkov/masterWork/tests/samePrefixMarkedMtx2304/depth1/node1/test97_0.mtx 1.3 394.058 0.0393316 0.54 
/home/antonkov/masterWork/tests/samePrefixMarkedMtx2304/depth1/node1/test97_0.mtx 1.4 489.791 0.0249674 0.36 
/home/antonkov/masterWork/tests/samePrefixMarkedMtx2304/depth1/node1/test97_0.mtx 1.5 545.147 0.0119502 0.176667 
/home/antonkov/masterWork/tests/samePrefixMarkedMtx2304/depth1/node1/test97_0.mtx 1.6 828.622 0.00519593 0.0814286 
/home/antonkov/masterWork/tests/samePrefixMarkedMtx2304/depth1/node1/test97_0.mtx 1.7 1198.21 0.00245691 0.0407143 
/home/antonkov/masterWork/tests/samePrefixMarkedMtx2304/depth1/node1/test97_0.mtx 1.8 1794.28 0.00113924 0.0188889 
/home/antonkov/masterWork/tests/samePrefixMarkedMtx2304/depth1/node1/test97_0.mtx 1.9 4129.72 0.000386889 0.0064557 
/home/antonkov/masterWork/tests/samePrefixMarkedMtx2304/depth1/node1/test97_0.mtx 2 0 -1 -1 
/home/antonkov/masterWork/tests/samePrefixMarkedMtx2304/depth1/node1/test97_0.mtx 2.1 0 -1 -1 
/home/antonkov/masterWork/tests/samePrefixMarkedMtx2304/depth1/node1/test97_0.mtx 2.2 0 -1 -1 
/home/antonkov/masterWork/tests/samePrefixMarkedMtx2304/depth1/node1/test97_0.mtx 2.3 0 -1 -1 
/home/antonkov/masterWork/tests/samePrefixMarkedMtx2304/depth1/node1/test97_0.mtx 2.4 0 -1 -1 
/home/antonkov/masterWork/tests/samePrefixMarkedMtx2304/depth1/node1/test97_0.mtx 2.5 0 -1 -1 
/home/antonkov/masterWork/tests/samePrefixMarkedMtx2304/depth1/node1/test97_0.mtx 2.6 0 -1 -1 
/home/antonkov/masterWork/tests/samePrefixMarkedMtx2304/depth1/node1/test97_0.mtx 2.7 0 -1 -1 
/home/antonkov/masterWork/tests/samePrefixMarkedMtx2304/depth1/node1/test97_0.mtx 2.8 0 -1 -1 
/home/antonkov/masterWork/tests/samePrefixMarkedMtx2304/depth1/node1/test97_0.mtx 2.9 0 -1 -1 
/home/antonkov/masterWork/tests/samePrefixMarkedMtx2304/depth1/node1/test97_0.mtx 3 0 -1 -1 
/home/antonkov/masterWork/tests/samePrefixMarkedMtx2304/depth1/node1/test97_0.mtx 3.1 0 -1 -1 
/home/antonkov/masterWork/tests/samePrefixMarkedMtx2304/depth1/node1/test97_0.mtx 3.2 0 -1 -1 
/home/antonkov/masterWork/tests/samePrefixMarkedMtx2304/depth1/node1/test97_0.mtx 3.3 0 -1 -1 
/home/antonkov/masterWork/tests/samePrefixMarkedMtx2304/depth1/node1/test97_0.mtx 3.4 0 -1 -1 
/home/antonkov/masterWork/tests/samePrefixMarkedMtx2304/depth1/node1/test97_0.mtx 3.5 0 -1 -1 
/home/antonkov/masterWork/tests/samePrefixMarkedMtx2304/depth1/node1/test97_1.mtx 1 428.359 0.0803299 0.9 
/home/antonkov/masterWork/tests/samePrefixMarkedMtx2304/depth1/node1/test97_1.mtx 1.1 425.945 0.0679687 0.79 
/home/antonkov/masterWork/tests/samePrefixMarkedMtx2304/depth1/node1/test97_1.mtx 1.2 408.902 0.0545573 0.67 
/home/antonkov/masterWork/tests/samePrefixMarkedMtx2304/depth1/node1/test97_1.mtx 1.3 392.559 0.0413151 0.54 
/home/antonkov/masterWork/tests/samePrefixMarkedMtx2304/depth1/node1/test97_1.mtx 1.4 493.506 0.0262109 0.355 
/home/antonkov/masterWork/tests/samePrefixMarkedMtx2304/depth1/node1/test97_1.mtx 1.5 540.559 0.0136675 0.193333 
/home/antonkov/masterWork/tests/samePrefixMarkedMtx2304/depth1/node1/test97_1.mtx 1.6 730.724 0.00586227 0.0883333 
/home/antonkov/masterWork/tests/samePrefixMarkedMtx2304/depth1/node1/test97_1.mtx 1.7 983.843 0.0029143 0.0481818 
/home/antonkov/masterWork/tests/samePrefixMarkedMtx2304/depth1/node1/test97_1.mtx 1.8 1850.27 0.00124401 0.0186207 
/home/antonkov/masterWork/tests/samePrefixMarkedMtx2304/depth1/node1/test97_1.mtx 1.9 4308.38 0.000339001 0.006 
/home/antonkov/masterWork/tests/samePrefixMarkedMtx2304/depth1/node1/test97_1.mtx 2 0 -1 -1 
/home/antonkov/masterWork/tests/samePrefixMarkedMtx2304/depth1/node1/test97_1.mtx 2.1 0 -1 -1 
/home/antonkov/masterWork/tests/samePrefixMarkedMtx2304/depth1/node1/test97_1.mtx 2.2 0 -1 -1 
/home/antonkov/masterWork/tests/samePrefixMarkedMtx2304/depth1/node1/test97_1.mtx 2.3 0 -1 -1 
/home/antonkov/masterWork/tests/samePrefixMarkedMtx2304/depth1/node1/test97_1.mtx 2.4 0 -1 -1 
/home/antonkov/masterWork/tests/samePrefixMarkedMtx2304/depth1/node1/test97_1.mtx 2.5 0 -1 -1 
/home/antonkov/masterWork/tests/samePrefixMarkedMtx2304/depth1/node1/test97_1.mtx 2.6 0 -1 -1 
/home/antonkov/masterWork/tests/samePrefixMarkedMtx2304/depth1/node1/test97_1.mtx 2.7 0 -1 -1 
/home/antonkov/masterWork/tests/samePrefixMarkedMtx2304/depth1/node1/test97_1.mtx 2.8 0 -1 -1 
/home/antonkov/masterWork/tests/samePrefixMarkedMtx2304/depth1/node1/test97_1.mtx 2.9 0 -1 -1 
/home/antonkov/masterWork/tests/samePrefixMarkedMtx2304/depth1/node1/test97_1.mtx 3 0 -1 -1 
/home/antonkov/masterWork/tests/samePrefixMarkedMtx2304/depth1/node1/test97_1.mtx 3.1 0 -1 -1 
/home/antonkov/masterWork/tests/samePrefixMarkedMtx2304/depth1/node1/test97_1.mtx 3.2 0 -1 -1 
/home/antonkov/masterWork/tests/samePrefixMarkedMtx2304/depth1/node1/test97_1.mtx 3.3 0 -1 -1 
/home/antonkov/masterWork/tests/samePrefixMarkedMtx2304/depth1/node1/test97_1.mtx 3.4 0 -1 -1 
/home/antonkov/masterWork/tests/samePrefixMarkedMtx2304/depth1/node1/test97_1.mtx 3.5 0 -1 -1 
/home/antonkov/masterWork/tests/samePrefixMarkedMtx2304/depth1/node1/test97_2.mtx 1 434.361 0.0824349 0.93 
/home/antonkov/masterWork/tests/samePrefixMarkedMtx2304/depth1/node1/test97_2.mtx 1.1 426.117 0.0679557 0.8 
/home/antonkov/masterWork/tests/samePrefixMarkedMtx2304/depth1/node1/test97_2.mtx 1.2 419.195 0.0511198 0.66 
/home/antonkov/masterWork/tests/samePrefixMarkedMtx2304/depth1/node1/test97_2.mtx 1.3 391.951 0.0400651 0.52 
/home/antonkov/masterWork/tests/samePrefixMarkedMtx2304/depth1/node1/test97_2.mtx 1.4 504.027 0.0277474 0.385 
/home/antonkov/masterWork/tests/samePrefixMarkedMtx2304/depth1/node1/test97_2.mtx 1.5 555.036 0.0140799 0.196667 
/home/antonkov/masterWork/tests/samePrefixMarkedMtx2304/depth1/node1/test97_2.mtx 1.6 758.184 0.00673828 0.101667 
/home/antonkov/masterWork/tests/samePrefixMarkedMtx2304/depth1/node1/test97_2.mtx 1.7 922.972 0.00323047 0.051 
/home/antonkov/masterWork/tests/samePrefixMarkedMtx2304/depth1/node1/test97_2.mtx 1.8 1715.83 0.00114896 0.02 
/home/antonkov/masterWork/tests/samePrefixMarkedMtx2304/depth1/node1/test97_2.mtx 1.9 4003.88 0.000365147 0.00649351 
/home/antonkov/masterWork/tests/samePrefixMarkedMtx2304/depth1/node1/test97_2.mtx 2 0 -1 -1 
/home/antonkov/masterWork/tests/samePrefixMarkedMtx2304/depth1/node1/test97_2.mtx 2.1 0 -1 -1 
/home/antonkov/masterWork/tests/samePrefixMarkedMtx2304/depth1/node1/test97_2.mtx 2.2 0 -1 -1 
/home/antonkov/masterWork/tests/samePrefixMarkedMtx2304/depth1/node1/test97_2.mtx 2.3 0 -1 -1 
/home/antonkov/masterWork/tests/samePrefixMarkedMtx2304/depth1/node1/test97_2.mtx 2.4 0 -1 -1 
/home/antonkov/masterWork/tests/samePrefixMarkedMtx2304/depth1/node1/test97_2.mtx 2.5 0 -1 -1 
/home/antonkov/masterWork/tests/samePrefixMarkedMtx2304/depth1/node1/test97_2.mtx 2.6 0 -1 -1 
/home/antonkov/masterWork/tests/samePrefixMarkedMtx2304/depth1/node1/test97_2.mtx 2.7 0 -1 -1 
/home/antonkov/masterWork/tests/samePrefixMarkedMtx2304/depth1/node1/test97_2.mtx 2.8 0 -1 -1 
/home/antonkov/masterWork/tests/samePrefixMarkedMtx2304/depth1/node1/test97_2.mtx 2.9 0 -1 -1 
/home/antonkov/masterWork/tests/samePrefixMarkedMtx2304/depth1/node1/test97_2.mtx 3 0 -1 -1 
/home/antonkov/masterWork/tests/samePrefixMarkedMtx2304/depth1/node1/test97_2.mtx 3.1 0 -1 -1 
/home/antonkov/masterWork/tests/samePrefixMarkedMtx2304/depth1/node1/test97_2.mtx 3.2 0 -1 -1 
/home/antonkov/masterWork/tests/samePrefixMarkedMtx2304/depth1/node1/test97_2.mtx 3.3 0 -1 -1 
/home/antonkov/masterWork/tests/samePrefixMarkedMtx2304/depth1/node1/test97_2.mtx 3.4 0 -1 -1 
/home/antonkov/masterWork/tests/samePrefixMarkedMtx2304/depth1/node1/test97_2.mtx 3.5 0 -1 -1 
/home/antonkov/masterWork/tests/samePrefixMarkedMtx2304/depth1/node1/test97_3.mtx 1 429.155 0.0773307 0.9 
/home/antonkov/masterWork/tests/samePrefixMarkedMtx2304/depth1/node1/test97_3.mtx 1.1 432.123 0.0634939 0.83 
/home/antonkov/masterWork/tests/samePrefixMarkedMtx2304/depth1/node1/test97_3.mtx 1.2 401.947 0.0477821 0.62 
/home/antonkov/masterWork/tests/samePrefixMarkedMtx2304/depth1/node1/test97_3.mtx 1.3 528.147 0.0349891 0.485 
/home/antonkov/masterWork/tests/samePrefixMarkedMtx2304/depth1/node1/test97_3.mtx 1.4 491.934 0.021174 0.31 
/home/antonkov/masterWork/tests/samePrefixMarkedMtx2304/depth1/node1/test97_3.mtx 1.5 553.91 0.0119285 0.183333 
/home/antonkov/masterWork/tests/samePrefixMarkedMtx2304/depth1/node1/test97_3.mtx 1.6 660.057 0.00716319 0.108 
/home/antonkov/masterWork/tests/samePrefixMarkedMtx2304/depth1/node1/test97_3.mtx 1.7 994.374 0.00311908 0.0472727 
/home/antonkov/masterWork/tests/samePrefixMarkedMtx2304/depth1/node1/test97_3.mtx 1.8 1760.35 0.00102664 0.0192308 
/home/antonkov/masterWork/tests/samePrefixMarkedMtx2304/depth1/node1/test97_3.mtx 1.9 3846.63 0.000390328 0.00684932 
/home/antonkov/masterWork/tests/samePrefixMarkedMtx2304/depth1/node1/test97_3.mtx 2 0 -1 -1 
/home/antonkov/masterWork/tests/samePrefixMarkedMtx2304/depth1/node1/test97_3.mtx 2.1 0 -1 -1 
/home/antonkov/masterWork/tests/samePrefixMarkedMtx2304/depth1/node1/test97_3.mtx 2.2 0 -1 -1 
/home/antonkov/masterWork/tests/samePrefixMarkedMtx2304/depth1/node1/test97_3.mtx 2.3 0 -1 -1 
/home/antonkov/masterWork/tests/samePrefixMarkedMtx2304/depth1/node1/test97_3.mtx 2.4 0 -1 -1 
/home/antonkov/masterWork/tests/samePrefixMarkedMtx2304/depth1/node1/test97_3.mtx 2.5 0 -1 -1 
/home/antonkov/masterWork/tests/samePrefixMarkedMtx2304/depth1/node1/test97_3.mtx 2.6 0 -1 -1 
/home/antonkov/masterWork/tests/samePrefixMarkedMtx2304/depth1/node1/test97_3.mtx 2.7 0 -1 -1 
/home/antonkov/masterWork/tests/samePrefixMarkedMtx2304/depth1/node1/test97_3.mtx 2.8 0 -1 -1 
/home/antonkov/masterWork/tests/samePrefixMarkedMtx2304/depth1/node1/test97_3.mtx 2.9 0 -1 -1 
/home/antonkov/masterWork/tests/samePrefixMarkedMtx2304/depth1/node1/test97_3.mtx 3 0 -1 -1 
/home/antonkov/masterWork/tests/samePrefixMarkedMtx2304/depth1/node1/test97_3.mtx 3.1 0 -1 -1 
/home/antonkov/masterWork/tests/samePrefixMarkedMtx2304/depth1/node1/test97_3.mtx 3.2 0 -1 -1 
/home/antonkov/masterWork/tests/samePrefixMarkedMtx2304/depth1/node1/test97_3.mtx 3.3 0 -1 -1 
/home/antonkov/masterWork/tests/samePrefixMarkedMtx2304/depth1/node1/test97_3.mtx 3.4 0 -1 -1 
/home/antonkov/masterWork/tests/samePrefixMarkedMtx2304/depth1/node1/test97_3.mtx 3.5 0 -1 -1 
/home/antonkov/masterWork/tests/samePrefixMarkedMtx2304/depth1/node1/test97_4.mtx 1 437.035 0.0784418 0.89 
/home/antonkov/masterWork/tests/samePrefixMarkedMtx2304/depth1/node1/test97_4.mtx 1.1 436.057 0.0660286 0.81 
/home/antonkov/masterWork/tests/samePrefixMarkedMtx2304/depth1/node1/test97_4.mtx 1.2 411.256 0.0487934 0.63 
/home/antonkov/masterWork/tests/samePrefixMarkedMtx2304/depth1/node1/test97_4.mtx 1.3 524.376 0.0343403 0.48 
/home/antonkov/masterWork/tests/samePrefixMarkedMtx2304/depth1/node1/test97_4.mtx 1.4 494.444 0.0215278 0.3 
/home/antonkov/masterWork/tests/samePrefixMarkedMtx2304/depth1/node1/test97_4.mtx 1.5 558.039 0.0120515 0.176667 
/home/antonkov/masterWork/tests/samePrefixMarkedMtx2304/depth1/node1/test97_4.mtx 1.6 740.797 0.00584997 0.0883333 
/home/antonkov/masterWork/tests/samePrefixMarkedMtx2304/depth1/node1/test97_4.mtx 1.7 1125.19 0.0024359 0.04 
/home/antonkov/masterWork/tests/samePrefixMarkedMtx2304/depth1/node1/test97_4.mtx 1.8 1752 0.00119441 0.0192308 
/home/antonkov/masterWork/tests/samePrefixMarkedMtx2304/depth1/node1/test97_4.mtx 1.9 4001.51 0.000382445 0.00641026 
/home/antonkov/masterWork/tests/samePrefixMarkedMtx2304/depth1/node1/test97_4.mtx 2 0 -1 -1 
/home/antonkov/masterWork/tests/samePrefixMarkedMtx2304/depth1/node1/test97_4.mtx 2.1 0 -1 -1 
/home/antonkov/masterWork/tests/samePrefixMarkedMtx2304/depth1/node1/test97_4.mtx 2.2 0 -1 -1 
/home/antonkov/masterWork/tests/samePrefixMarkedMtx2304/depth1/node1/test97_4.mtx 2.3 0 -1 -1 
/home/antonkov/masterWork/tests/samePrefixMarkedMtx2304/depth1/node1/test97_4.mtx 2.4 0 -1 -1 
/home/antonkov/masterWork/tests/samePrefixMarkedMtx2304/depth1/node1/test97_4.mtx 2.5 0 -1 -1 
/home/antonkov/masterWork/tests/samePrefixMarkedMtx2304/depth1/node1/test97_4.mtx 2.6 0 -1 -1 
/home/antonkov/masterWork/tests/samePrefixMarkedMtx2304/depth1/node1/test97_4.mtx 2.7 0 -1 -1 
/home/antonkov/masterWork/tests/samePrefixMarkedMtx2304/depth1/node1/test97_4.mtx 2.8 0 -1 -1 
/home/antonkov/masterWork/tests/samePrefixMarkedMtx2304/depth1/node1/test97_4.mtx 2.9 0 -1 -1 
/home/antonkov/masterWork/tests/samePrefixMarkedMtx2304/depth1/node1/test97_4.mtx 3 0 -1 -1 
/home/antonkov/masterWork/tests/samePrefixMarkedMtx2304/depth1/node1/test97_4.mtx 3.1 0 -1 -1 
/home/antonkov/masterWork/tests/samePrefixMarkedMtx2304/depth1/node1/test97_4.mtx 3.2 0 -1 -1 
/home/antonkov/masterWork/tests/samePrefixMarkedMtx2304/depth1/node1/test97_4.mtx 3.3 0 -1 -1 
/home/antonkov/masterWork/tests/samePrefixMarkedMtx2304/depth1/node1/test97_4.mtx 3.4 0 -1 -1 
/home/antonkov/masterWork/tests/samePrefixMarkedMtx2304/depth1/node1/test97_4.mtx 3.5 0 -1 -1 
/home/antonkov/masterWork/tests/samePrefixMarkedMtx2304/depth1/node1/test98_0.mtx 1 458.742 0.0733767 0.84 
/home/antonkov/masterWork/tests/samePrefixMarkedMtx2304/depth1/node1/test98_0.mtx 1.1 450.096 0.0613021 0.73 
/home/antonkov/masterWork/tests/samePrefixMarkedMtx2304/depth1/node1/test98_0.mtx 1.2 441.286 0.0493663 0.62 
/home/antonkov/masterWork/tests/samePrefixMarkedMtx2304/depth1/node1/test98_0.mtx 1.3 552.867 0.0394293 0.515 
/home/antonkov/masterWork/tests/samePrefixMarkedMtx2304/depth1/node1/test98_0.mtx 1.4 524.013 0.0256489 0.365 
/home/antonkov/masterWork/tests/samePrefixMarkedMtx2304/depth1/node1/test98_0.mtx 1.5 584.343 0.0133825 0.19 
/home/antonkov/masterWork/tests/samePrefixMarkedMtx2304/depth1/node1/test98_0.mtx 1.6 691.094 0.00653733 0.102 
/home/antonkov/masterWork/tests/samePrefixMarkedMtx2304/depth1/node1/test98_0.mtx 1.7 1204.99 0.00234871 0.0378571 
/home/antonkov/masterWork/tests/samePrefixMarkedMtx2304/depth1/node1/test98_0.mtx 1.8 1870.45 0.00112615 0.0178571 
/home/antonkov/masterWork/tests/samePrefixMarkedMtx2304/depth1/node1/test98_0.mtx 1.9 3673.67 0.000441034 0.00714286 
/home/antonkov/masterWork/tests/samePrefixMarkedMtx2304/depth1/node1/test98_0.mtx 2 0 -1 -1 
/home/antonkov/masterWork/tests/samePrefixMarkedMtx2304/depth1/node1/test98_0.mtx 2.1 0 -1 -1 
/home/antonkov/masterWork/tests/samePrefixMarkedMtx2304/depth1/node1/test98_0.mtx 2.2 0 -1 -1 
/home/antonkov/masterWork/tests/samePrefixMarkedMtx2304/depth1/node1/test98_0.mtx 2.3 0 -1 -1 
/home/antonkov/masterWork/tests/samePrefixMarkedMtx2304/depth1/node1/test98_0.mtx 2.4 0 -1 -1 
/home/antonkov/masterWork/tests/samePrefixMarkedMtx2304/depth1/node1/test98_0.mtx 2.5 0 -1 -1 
/home/antonkov/masterWork/tests/samePrefixMarkedMtx2304/depth1/node1/test98_0.mtx 2.6 0 -1 -1 
/home/antonkov/masterWork/tests/samePrefixMarkedMtx2304/depth1/node1/test98_0.mtx 2.7 0 -1 -1 
/home/antonkov/masterWork/tests/samePrefixMarkedMtx2304/depth1/node1/test98_0.mtx 2.8 0 -1 -1 
/home/antonkov/masterWork/tests/samePrefixMarkedMtx2304/depth1/node1/test98_0.mtx 2.9 0 -1 -1 
/home/antonkov/masterWork/tests/samePrefixMarkedMtx2304/depth1/node1/test98_0.mtx 3 0 -1 -1 
/home/antonkov/masterWork/tests/samePrefixMarkedMtx2304/depth1/node1/test98_0.mtx 3.1 0 -1 -1 
/home/antonkov/masterWork/tests/samePrefixMarkedMtx2304/depth1/node1/test98_0.mtx 3.2 0 -1 -1 
/home/antonkov/masterWork/tests/samePrefixMarkedMtx2304/depth1/node1/test98_0.mtx 3.3 0 -1 -1 
/home/antonkov/masterWork/tests/samePrefixMarkedMtx2304/depth1/node1/test98_0.mtx 3.4 0 -1 -1 
/home/antonkov/masterWork/tests/samePrefixMarkedMtx2304/depth1/node1/test98_0.mtx 3.5 0 -1 -1 
/home/antonkov/masterWork/tests/samePrefixMarkedMtx2304/depth1/node1/test98_1.mtx 1 465.418 0.0811372 0.92 
/home/antonkov/masterWork/tests/samePrefixMarkedMtx2304/depth1/node1/test98_1.mtx 1.1 460.61 0.066901 0.81 
/home/antonkov/masterWork/tests/samePrefixMarkedMtx2304/depth1/node1/test98_1.mtx 1.2 433.202 0.049809 0.64 
/home/antonkov/masterWork/tests/samePrefixMarkedMtx2304/depth1/node1/test98_1.mtx 1.3 556.217 0.0357899 0.475 
/home/antonkov/masterWork/tests/samePrefixMarkedMtx2304/depth1/node1/test98_1.mtx 1.4 518.274 0.0233941 0.34 
/home/antonkov/masterWork/tests/samePrefixMarkedMtx2304/depth1/node1/test98_1.mtx 1.5 575.518 0.0129326 0.19 
/home/antonkov/masterWork/tests/samePrefixMarkedMtx2304/depth1/node1/test98_1.mtx 1.6 822.039 0.00592014 0.0828571 
/home/antonkov/masterWork/tests/samePrefixMarkedMtx2304/depth1/node1/test98_1.mtx 1.7 1158.26 0.00282252 0.0430769 
/home/antonkov/masterWork/tests/samePrefixMarkedMtx2304/depth1/node1/test98_1.mtx 1.8 2206.28 0.000901501 0.015 
/home/antonkov/masterWork/tests/samePrefixMarkedMtx2304/depth1/node1/test98_1.mtx 1.9 4306.4 0.00039016 0.00595238 
/home/antonkov/masterWork/tests/samePrefixMarkedMtx2304/depth1/node1/test98_1.mtx 2 0 -1 -1 
/home/antonkov/masterWork/tests/samePrefixMarkedMtx2304/depth1/node1/test98_1.mtx 2.1 0 -1 -1 
/home/antonkov/masterWork/tests/samePrefixMarkedMtx2304/depth1/node1/test98_1.mtx 2.2 0 -1 -1 
/home/antonkov/masterWork/tests/samePrefixMarkedMtx2304/depth1/node1/test98_1.mtx 2.3 0 -1 -1 
/home/antonkov/masterWork/tests/samePrefixMarkedMtx2304/depth1/node1/test98_1.mtx 2.4 0 -1 -1 
/home/antonkov/masterWork/tests/samePrefixMarkedMtx2304/depth1/node1/test98_1.mtx 2.5 0 -1 -1 
/home/antonkov/masterWork/tests/samePrefixMarkedMtx2304/depth1/node1/test98_1.mtx 2.6 0 -1 -1 
/home/antonkov/masterWork/tests/samePrefixMarkedMtx2304/depth1/node1/test98_1.mtx 2.7 0 -1 -1 
/home/antonkov/masterWork/tests/samePrefixMarkedMtx2304/depth1/node1/test98_1.mtx 2.8 0 -1 -1 
/home/antonkov/masterWork/tests/samePrefixMarkedMtx2304/depth1/node1/test98_1.mtx 2.9 0 -1 -1 
/home/antonkov/masterWork/tests/samePrefixMarkedMtx2304/depth1/node1/test98_1.mtx 3 0 -1 -1 
/home/antonkov/masterWork/tests/samePrefixMarkedMtx2304/depth1/node1/test98_1.mtx 3.1 0 -1 -1 
/home/antonkov/masterWork/tests/samePrefixMarkedMtx2304/depth1/node1/test98_1.mtx 3.2 0 -1 -1 
/home/antonkov/masterWork/tests/samePrefixMarkedMtx2304/depth1/node1/test98_1.mtx 3.3 0 -1 -1 
/home/antonkov/masterWork/tests/samePrefixMarkedMtx2304/depth1/node1/test98_1.mtx 3.4 0 -1 -1 
/home/antonkov/masterWork/tests/samePrefixMarkedMtx2304/depth1/node1/test98_1.mtx 3.5 0 -1 -1 
/home/antonkov/masterWork/tests/samePrefixMarkedMtx2304/depth1/node1/test98_2.mtx 1 464.283 0.0813238 0.89 
/home/antonkov/masterWork/tests/samePrefixMarkedMtx2304/depth1/node1/test98_2.mtx 1.1 462.681 0.0686762 0.82 
/home/antonkov/masterWork/tests/samePrefixMarkedMtx2304/depth1/node1/test98_2.mtx 1.2 447.408 0.0540582 0.68 
/home/antonkov/masterWork/tests/samePrefixMarkedMtx2304/depth1/node1/test98_2.mtx 1.3 555.332 0.0393121 0.51 
/home/antonkov/masterWork/tests/samePrefixMarkedMtx2304/depth1/node1/test98_2.mtx 1.4 531.193 0.0263216 0.365 
/home/antonkov/masterWork/tests/samePrefixMarkedMtx2304/depth1/node1/test98_2.mtx 1.5 579.58 0.0158536 0.223333 
/home/antonkov/masterWork/tests/samePrefixMarkedMtx2304/depth1/node1/test98_2.mtx 1.6 675.855 0.00716233 0.108 
/home/antonkov/masterWork/tests/samePrefixMarkedMtx2304/depth1/node1/test98_2.mtx 1.7 897.996 0.00353829 0.06 
/home/antonkov/masterWork/tests/samePrefixMarkedMtx2304/depth1/node1/test98_2.mtx 1.8 1817.02 0.00116464 0.0188889 
/home/antonkov/masterWork/tests/samePrefixMarkedMtx2304/depth1/node1/test98_2.mtx 1.9 3889.15 0.000407639 0.00666667 
/home/antonkov/masterWork/tests/samePrefixMarkedMtx2304/depth1/node1/test98_2.mtx 2 0 -1 -1 
/home/antonkov/masterWork/tests/samePrefixMarkedMtx2304/depth1/node1/test98_2.mtx 2.1 0 -1 -1 
/home/antonkov/masterWork/tests/samePrefixMarkedMtx2304/depth1/node1/test98_2.mtx 2.2 0 -1 -1 
/home/antonkov/masterWork/tests/samePrefixMarkedMtx2304/depth1/node1/test98_2.mtx 2.3 0 -1 -1 
/home/antonkov/masterWork/tests/samePrefixMarkedMtx2304/depth1/node1/test98_2.mtx 2.4 0 -1 -1 
/home/antonkov/masterWork/tests/samePrefixMarkedMtx2304/depth1/node1/test98_2.mtx 2.5 0 -1 -1 
/home/antonkov/masterWork/tests/samePrefixMarkedMtx2304/depth1/node1/test98_2.mtx 2.6 0 -1 -1 
/home/antonkov/masterWork/tests/samePrefixMarkedMtx2304/depth1/node1/test98_2.mtx 2.7 0 -1 -1 
/home/antonkov/masterWork/tests/samePrefixMarkedMtx2304/depth1/node1/test98_2.mtx 2.8 0 -1 -1 
/home/antonkov/masterWork/tests/samePrefixMarkedMtx2304/depth1/node1/test98_2.mtx 2.9 0 -1 -1 
/home/antonkov/masterWork/tests/samePrefixMarkedMtx2304/depth1/node1/test98_2.mtx 3 0 -1 -1 
/home/antonkov/masterWork/tests/samePrefixMarkedMtx2304/depth1/node1/test98_2.mtx 3.1 0 -1 -1 
/home/antonkov/masterWork/tests/samePrefixMarkedMtx2304/depth1/node1/test98_2.mtx 3.2 0 -1 -1 
/home/antonkov/masterWork/tests/samePrefixMarkedMtx2304/depth1/node1/test98_2.mtx 3.3 0 -1 -1 
/home/antonkov/masterWork/tests/samePrefixMarkedMtx2304/depth1/node1/test98_2.mtx 3.4 0 -1 -1 
/home/antonkov/masterWork/tests/samePrefixMarkedMtx2304/depth1/node1/test98_2.mtx 3.5 0 -1 -1 
/home/antonkov/masterWork/tests/samePrefixMarkedMtx2304/depth1/node1/test98_3.mtx 1 458.087 0.0779427 0.9 
/home/antonkov/masterWork/tests/samePrefixMarkedMtx2304/depth1/node1/test98_3.mtx 1.1 457.466 0.0650911 0.81 
/home/antonkov/masterWork/tests/samePrefixMarkedMtx2304/depth1/node1/test98_3.mtx 1.2 455.255 0.0525911 0.69 
/home/antonkov/masterWork/tests/samePrefixMarkedMtx2304/depth1/node1/test98_3.mtx 1.3 556.357 0.0378906 0.5 
/home/antonkov/masterWork/tests/samePrefixMarkedMtx2304/depth1/node1/test98_3.mtx 1.4 519.798 0.0243056 0.335 
/home/antonkov/masterWork/tests/samePrefixMarkedMtx2304/depth1/node1/test98_3.mtx 1.5 590.88 0.0159361 0.223333 
/home/antonkov/masterWork/tests/samePrefixMarkedMtx2304/depth1/node1/test98_3.mtx 1.6 712.999 0.00692274 0.106 
/home/antonkov/masterWork/tests/samePrefixMarkedMtx2304/depth1/node1/test98_3.mtx 1.7 1045.09 0.00322009 0.0490909 
/home/antonkov/masterWork/tests/samePrefixMarkedMtx2304/depth1/node1/test98_3.mtx 1.8 1936.24 0.00105633 0.0175862 
/home/antonkov/masterWork/tests/samePrefixMarkedMtx2304/depth1/node1/test98_3.mtx 1.9 3708.16 0.00043862 0.00724638 
/home/antonkov/masterWork/tests/samePrefixMarkedMtx2304/depth1/node1/test98_3.mtx 2 0 -1 -1 
/home/antonkov/masterWork/tests/samePrefixMarkedMtx2304/depth1/node1/test98_3.mtx 2.1 0 -1 -1 
/home/antonkov/masterWork/tests/samePrefixMarkedMtx2304/depth1/node1/test98_3.mtx 2.2 0 -1 -1 
/home/antonkov/masterWork/tests/samePrefixMarkedMtx2304/depth1/node1/test98_3.mtx 2.3 0 -1 -1 
/home/antonkov/masterWork/tests/samePrefixMarkedMtx2304/depth1/node1/test98_3.mtx 2.4 0 -1 -1 
/home/antonkov/masterWork/tests/samePrefixMarkedMtx2304/depth1/node1/test98_3.mtx 2.5 0 -1 -1 
/home/antonkov/masterWork/tests/samePrefixMarkedMtx2304/depth1/node1/test98_3.mtx 2.6 0 -1 -1 
/home/antonkov/masterWork/tests/samePrefixMarkedMtx2304/depth1/node1/test98_3.mtx 2.7 0 -1 -1 
/home/antonkov/masterWork/tests/samePrefixMarkedMtx2304/depth1/node1/test98_3.mtx 2.8 0 -1 -1 
/home/antonkov/masterWork/tests/samePrefixMarkedMtx2304/depth1/node1/test98_3.mtx 2.9 0 -1 -1 
/home/antonkov/masterWork/tests/samePrefixMarkedMtx2304/depth1/node1/test98_3.mtx 3 0 -1 -1 
/home/antonkov/masterWork/tests/samePrefixMarkedMtx2304/depth1/node1/test98_3.mtx 3.1 0 -1 -1 
/home/antonkov/masterWork/tests/samePrefixMarkedMtx2304/depth1/node1/test98_3.mtx 3.2 0 -1 -1 
/home/antonkov/masterWork/tests/samePrefixMarkedMtx2304/depth1/node1/test98_3.mtx 3.3 0 -1 -1 
/home/antonkov/masterWork/tests/samePrefixMarkedMtx2304/depth1/node1/test98_3.mtx 3.4 0 -1 -1 
/home/antonkov/masterWork/tests/samePrefixMarkedMtx2304/depth1/node1/test98_3.mtx 3.5 0 -1 -1 
/home/antonkov/masterWork/tests/samePrefixMarkedMtx2304/depth1/node1/test98_4.mtx 1 461.52 0.0784115 0.88 
/home/antonkov/masterWork/tests/samePrefixMarkedMtx2304/depth1/node1/test98_4.mtx 1.1 461.532 0.0650217 0.79 
/home/antonkov/masterWork/tests/samePrefixMarkedMtx2304/depth1/node1/test98_4.mtx 1.2 436.612 0.0492144 0.62 
/home/antonkov/masterWork/tests/samePrefixMarkedMtx2304/depth1/node1/test98_4.mtx 1.3 543.202 0.0371376 0.485 
/home/antonkov/masterWork/tests/samePrefixMarkedMtx2304/depth1/node1/test98_4.mtx 1.4 513.089 0.0212066 0.3 
/home/antonkov/masterWork/tests/samePrefixMarkedMtx2304/depth1/node1/test98_4.mtx 1.5 586.486 0.0134823 0.193333 
/home/antonkov/masterWork/tests/samePrefixMarkedMtx2304/depth1/node1/test98_4.mtx 1.6 769.797 0.00604239 0.09 
/home/antonkov/masterWork/tests/samePrefixMarkedMtx2304/depth1/node1/test98_4.mtx 1.7 1139.61 0.00265658 0.0407692 
/home/antonkov/masterWork/tests/samePrefixMarkedMtx2304/depth1/node1/test98_4.mtx 1.8 2316.36 0.000783192 0.0131579 
/home/antonkov/masterWork/tests/samePrefixMarkedMtx2304/depth1/node1/test98_4.mtx 1.9 4406.46 0.000367662 0.00581395 
/home/antonkov/masterWork/tests/samePrefixMarkedMtx2304/depth1/node1/test98_4.mtx 2 0 -1 -1 
/home/antonkov/masterWork/tests/samePrefixMarkedMtx2304/depth1/node1/test98_4.mtx 2.1 0 -1 -1 
/home/antonkov/masterWork/tests/samePrefixMarkedMtx2304/depth1/node1/test98_4.mtx 2.2 0 -1 -1 
/home/antonkov/masterWork/tests/samePrefixMarkedMtx2304/depth1/node1/test98_4.mtx 2.3 0 -1 -1 
/home/antonkov/masterWork/tests/samePrefixMarkedMtx2304/depth1/node1/test98_4.mtx 2.4 0 -1 -1 
/home/antonkov/masterWork/tests/samePrefixMarkedMtx2304/depth1/node1/test98_4.mtx 2.5 0 -1 -1 
/home/antonkov/masterWork/tests/samePrefixMarkedMtx2304/depth1/node1/test98_4.mtx 2.6 0 -1 -1 
/home/antonkov/masterWork/tests/samePrefixMarkedMtx2304/depth1/node1/test98_4.mtx 2.7 0 -1 -1 
/home/antonkov/masterWork/tests/samePrefixMarkedMtx2304/depth1/node1/test98_4.mtx 2.8 0 -1 -1 
/home/antonkov/masterWork/tests/samePrefixMarkedMtx2304/depth1/node1/test98_4.mtx 2.9 0 -1 -1 
/home/antonkov/masterWork/tests/samePrefixMarkedMtx2304/depth1/node1/test98_4.mtx 3 0 -1 -1 
/home/antonkov/masterWork/tests/samePrefixMarkedMtx2304/depth1/node1/test98_4.mtx 3.1 0 -1 -1 
/home/antonkov/masterWork/tests/samePrefixMarkedMtx2304/depth1/node1/test98_4.mtx 3.2 0 -1 -1 
/home/antonkov/masterWork/tests/samePrefixMarkedMtx2304/depth1/node1/test98_4.mtx 3.3 0 -1 -1 
/home/antonkov/masterWork/tests/samePrefixMarkedMtx2304/depth1/node1/test98_4.mtx 3.4 0 -1 -1 
/home/antonkov/masterWork/tests/samePrefixMarkedMtx2304/depth1/node1/test98_4.mtx 3.5 0 -1 -1 
/home/antonkov/masterWork/tests/samePrefixMarkedMtx2304/depth1/node1/test99_0.mtx 1 461.005 0.0728038 0.82 
/home/antonkov/masterWork/tests/samePrefixMarkedMtx2304/depth1/node1/test99_0.mtx 1.1 445.258 0.0621137 0.72 
/home/antonkov/masterWork/tests/samePrefixMarkedMtx2304/depth1/node1/test99_0.mtx 1.2 434.155 0.0510373 0.64 
/home/antonkov/masterWork/tests/samePrefixMarkedMtx2304/depth1/node1/test99_0.mtx 1.3 545.598 0.0374132 0.46 
/home/antonkov/masterWork/tests/samePrefixMarkedMtx2304/depth1/node1/test99_0.mtx 1.4 522.36 0.0232661 0.31 
/home/antonkov/masterWork/tests/samePrefixMarkedMtx2304/depth1/node1/test99_0.mtx 1.5 645.493 0.0106304 0.15 
/home/antonkov/masterWork/tests/samePrefixMarkedMtx2304/depth1/node1/test99_0.mtx 1.6 832.398 0.00496838 0.0742857 
/home/antonkov/masterWork/tests/samePrefixMarkedMtx2304/depth1/node1/test99_0.mtx 1.7 1239.97 0.00227373 0.034 
/home/antonkov/masterWork/tests/samePrefixMarkedMtx2304/depth1/node1/test99_0.mtx 1.8 2250.04 0.000844063 0.0138889 
/home/antonkov/masterWork/tests/samePrefixMarkedMtx2304/depth1/node1/test99_0.mtx 1.9 5706.05 0.00025718 0.00423729 
/home/antonkov/masterWork/tests/samePrefixMarkedMtx2304/depth1/node1/test99_0.mtx 2 0 -1 -1 
/home/antonkov/masterWork/tests/samePrefixMarkedMtx2304/depth1/node1/test99_0.mtx 2.1 0 -1 -1 
/home/antonkov/masterWork/tests/samePrefixMarkedMtx2304/depth1/node1/test99_0.mtx 2.2 0 -1 -1 
/home/antonkov/masterWork/tests/samePrefixMarkedMtx2304/depth1/node1/test99_0.mtx 2.3 0 -1 -1 
/home/antonkov/masterWork/tests/samePrefixMarkedMtx2304/depth1/node1/test99_0.mtx 2.4 0 -1 -1 
/home/antonkov/masterWork/tests/samePrefixMarkedMtx2304/depth1/node1/test99_0.mtx 2.5 0 -1 -1 
/home/antonkov/masterWork/tests/samePrefixMarkedMtx2304/depth1/node1/test99_0.mtx 2.6 0 -1 -1 
/home/antonkov/masterWork/tests/samePrefixMarkedMtx2304/depth1/node1/test99_0.mtx 2.7 0 -1 -1 
/home/antonkov/masterWork/tests/samePrefixMarkedMtx2304/depth1/node1/test99_0.mtx 2.8 0 -1 -1 
/home/antonkov/masterWork/tests/samePrefixMarkedMtx2304/depth1/node1/test99_0.mtx 2.9 0 -1 -1 
/home/antonkov/masterWork/tests/samePrefixMarkedMtx2304/depth1/node1/test99_0.mtx 3 0 -1 -1 
/home/antonkov/masterWork/tests/samePrefixMarkedMtx2304/depth1/node1/test99_0.mtx 3.1 0 -1 -1 
/home/antonkov/masterWork/tests/samePrefixMarkedMtx2304/depth1/node1/test99_0.mtx 3.2 0 -1 -1 
/home/antonkov/masterWork/tests/samePrefixMarkedMtx2304/depth1/node1/test99_0.mtx 3.3 0 -1 -1 
/home/antonkov/masterWork/tests/samePrefixMarkedMtx2304/depth1/node1/test99_0.mtx 3.4 0 -1 -1 
/home/antonkov/masterWork/tests/samePrefixMarkedMtx2304/depth1/node1/test99_0.mtx 3.5 0 -1 -1 
/home/antonkov/masterWork/tests/samePrefixMarkedMtx2304/depth1/node1/test99_1.mtx 1 453.294 0.077704 0.87 
/home/antonkov/masterWork/tests/samePrefixMarkedMtx2304/depth1/node1/test99_1.mtx 1.1 451.925 0.0643924 0.79 
/home/antonkov/masterWork/tests/samePrefixMarkedMtx2304/depth1/node1/test99_1.mtx 1.2 427.876 0.0473264 0.6 
/home/antonkov/masterWork/tests/samePrefixMarkedMtx2304/depth1/node1/test99_1.mtx 1.3 542.342 0.0314453 0.43 
/home/antonkov/masterWork/tests/samePrefixMarkedMtx2304/depth1/node1/test99_1.mtx 1.4 494.62 0.0187609 0.275 
/home/antonkov/masterWork/tests/samePrefixMarkedMtx2304/depth1/node1/test99_1.mtx 1.5 647.276 0.00917318 0.1275 
/home/antonkov/masterWork/tests/samePrefixMarkedMtx2304/depth1/node1/test99_1.mtx 1.6 900.047 0.0051633 0.0775 
/home/antonkov/masterWork/tests/samePrefixMarkedMtx2304/depth1/node1/test99_1.mtx 1.7 1226.39 0.00230376 0.0364286 
/home/antonkov/masterWork/tests/samePrefixMarkedMtx2304/depth1/node1/test99_1.mtx 1.8 2262.25 0.000874949 0.015 
/home/antonkov/masterWork/tests/samePrefixMarkedMtx2304/depth1/node1/test99_1.mtx 1.9 6166.56 0.000231676 0.00428571 
/home/antonkov/masterWork/tests/samePrefixMarkedMtx2304/depth1/node1/test99_1.mtx 2 0 -1 -1 
/home/antonkov/masterWork/tests/samePrefixMarkedMtx2304/depth1/node1/test99_1.mtx 2.1 0 -1 -1 
/home/antonkov/masterWork/tests/samePrefixMarkedMtx2304/depth1/node1/test99_1.mtx 2.2 0 -1 -1 
/home/antonkov/masterWork/tests/samePrefixMarkedMtx2304/depth1/node1/test99_1.mtx 2.3 0 -1 -1 
/home/antonkov/masterWork/tests/samePrefixMarkedMtx2304/depth1/node1/test99_1.mtx 2.4 0 -1 -1 
/home/antonkov/masterWork/tests/samePrefixMarkedMtx2304/depth1/node1/test99_1.mtx 2.5 0 -1 -1 
/home/antonkov/masterWork/tests/samePrefixMarkedMtx2304/depth1/node1/test99_1.mtx 2.6 0 -1 -1 
/home/antonkov/masterWork/tests/samePrefixMarkedMtx2304/depth1/node1/test99_1.mtx 2.7 0 -1 -1 
/home/antonkov/masterWork/tests/samePrefixMarkedMtx2304/depth1/node1/test99_1.mtx 2.8 0 -1 -1 
/home/antonkov/masterWork/tests/samePrefixMarkedMtx2304/depth1/node1/test99_1.mtx 2.9 0 -1 -1 
/home/antonkov/masterWork/tests/samePrefixMarkedMtx2304/depth1/node1/test99_1.mtx 3 0 -1 -1 
/home/antonkov/masterWork/tests/samePrefixMarkedMtx2304/depth1/node1/test99_1.mtx 3.1 0 -1 -1 
/home/antonkov/masterWork/tests/samePrefixMarkedMtx2304/depth1/node1/test99_1.mtx 3.2 0 -1 -1 
/home/antonkov/masterWork/tests/samePrefixMarkedMtx2304/depth1/node1/test99_1.mtx 3.3 0 -1 -1 
/home/antonkov/masterWork/tests/samePrefixMarkedMtx2304/depth1/node1/test99_1.mtx 3.4 0 -1 -1 
/home/antonkov/masterWork/tests/samePrefixMarkedMtx2304/depth1/node1/test99_1.mtx 3.5 0 -1 -1 
/home/antonkov/masterWork/tests/samePrefixMarkedMtx2304/depth1/node1/test99_2.mtx 1 453.907 0.0767839 0.89 
/home/antonkov/masterWork/tests/samePrefixMarkedMtx2304/depth1/node1/test99_2.mtx 1.1 446.8 0.0604036 0.75 
/home/antonkov/masterWork/tests/samePrefixMarkedMtx2304/depth1/node1/test99_2.mtx 1.2 419.331 0.0438715 0.56 
/home/antonkov/masterWork/tests/samePrefixMarkedMtx2304/depth1/node1/test99_2.mtx 1.3 541.662 0.0351845 0.45 
/home/antonkov/masterWork/tests/samePrefixMarkedMtx2304/depth1/node1/test99_2.mtx 1.4 496.462 0.0231141 0.32 
/home/antonkov/masterWork/tests/samePrefixMarkedMtx2304/depth1/node1/test99_2.mtx 1.5 572.533 0.0127416 0.186667 
/home/antonkov/masterWork/tests/samePrefixMarkedMtx2304/depth1/node1/test99_2.mtx 1.6 751.743 0.00552807 0.0866667 
/home/antonkov/masterWork/tests/samePrefixMarkedMtx2304/depth1/node1/test99_2.mtx 1.7 1096.38 0.0028031 0.0441667 
/home/antonkov/masterWork/tests/samePrefixMarkedMtx2304/depth1/node1/test99_2.mtx 1.8 1848.7 0.00113908 0.0192593 
/home/antonkov/masterWork/tests/samePrefixMarkedMtx2304/depth1/node1/test99_2.mtx 1.9 4385.18 0.000341656 0.006 
/home/antonkov/masterWork/tests/samePrefixMarkedMtx2304/depth1/node1/test99_2.mtx 2 0 -1 -1 
/home/antonkov/masterWork/tests/samePrefixMarkedMtx2304/depth1/node1/test99_2.mtx 2.1 0 -1 -1 
/home/antonkov/masterWork/tests/samePrefixMarkedMtx2304/depth1/node1/test99_2.mtx 2.2 0 -1 -1 
/home/antonkov/masterWork/tests/samePrefixMarkedMtx2304/depth1/node1/test99_2.mtx 2.3 0 -1 -1 
/home/antonkov/masterWork/tests/samePrefixMarkedMtx2304/depth1/node1/test99_2.mtx 2.4 0 -1 -1 
/home/antonkov/masterWork/tests/samePrefixMarkedMtx2304/depth1/node1/test99_2.mtx 2.5 0 -1 -1 
/home/antonkov/masterWork/tests/samePrefixMarkedMtx2304/depth1/node1/test99_2.mtx 2.6 0 -1 -1 
/home/antonkov/masterWork/tests/samePrefixMarkedMtx2304/depth1/node1/test99_2.mtx 2.7 0 -1 -1 
/home/antonkov/masterWork/tests/samePrefixMarkedMtx2304/depth1/node1/test99_2.mtx 2.8 0 -1 -1 
/home/antonkov/masterWork/tests/samePrefixMarkedMtx2304/depth1/node1/test99_2.mtx 2.9 0 -1 -1 
/home/antonkov/masterWork/tests/samePrefixMarkedMtx2304/depth1/node1/test99_2.mtx 3 0 -1 -1 
/home/antonkov/masterWork/tests/samePrefixMarkedMtx2304/depth1/node1/test99_2.mtx 3.1 0 -1 -1 
/home/antonkov/masterWork/tests/samePrefixMarkedMtx2304/depth1/node1/test99_2.mtx 3.2 0 -1 -1 
/home/antonkov/masterWork/tests/samePrefixMarkedMtx2304/depth1/node1/test99_2.mtx 3.3 0 -1 -1 
/home/antonkov/masterWork/tests/samePrefixMarkedMtx2304/depth1/node1/test99_2.mtx 3.4 0 -1 -1 
/home/antonkov/masterWork/tests/samePrefixMarkedMtx2304/depth1/node1/test99_2.mtx 3.5 0 -1 -1 
/home/antonkov/masterWork/tests/samePrefixMarkedMtx2304/depth1/node1/test99_3.mtx 1 450.232 0.0754731 0.87 
/home/antonkov/masterWork/tests/samePrefixMarkedMtx2304/depth1/node1/test99_3.mtx 1.1 440.693 0.0617448 0.75 
/home/antonkov/masterWork/tests/samePrefixMarkedMtx2304/depth1/node1/test99_3.mtx 1.2 429.756 0.0459679 0.57 
/home/antonkov/masterWork/tests/samePrefixMarkedMtx2304/depth1/node1/test99_3.mtx 1.3 527.069 0.0325239 0.43 
/home/antonkov/masterWork/tests/samePrefixMarkedMtx2304/depth1/node1/test99_3.mtx 1.4 494.024 0.0178863 0.255 
/home/antonkov/masterWork/tests/samePrefixMarkedMtx2304/depth1/node1/test99_3.mtx 1.5 646.155 0.0104232 0.14 
/home/antonkov/masterWork/tests/samePrefixMarkedMtx2304/depth1/node1/test99_3.mtx 1.6 877.964 0.00452854 0.06875 
/home/antonkov/masterWork/tests/samePrefixMarkedMtx2304/depth1/node1/test99_3.mtx 1.7 1338.08 0.00207567 0.03 
/home/antonkov/masterWork/tests/samePrefixMarkedMtx2304/depth1/node1/test99_3.mtx 1.8 2472.23 0.000665121 0.0121951 
/home/antonkov/masterWork/tests/samePrefixMarkedMtx2304/depth1/node1/test99_3.mtx 1.9 4985.27 0.000281528 0.00485437 
/home/antonkov/masterWork/tests/samePrefixMarkedMtx2304/depth1/node1/test99_3.mtx 2 0 -1 -1 
/home/antonkov/masterWork/tests/samePrefixMarkedMtx2304/depth1/node1/test99_3.mtx 2.1 0 -1 -1 
/home/antonkov/masterWork/tests/samePrefixMarkedMtx2304/depth1/node1/test99_3.mtx 2.2 0 -1 -1 
/home/antonkov/masterWork/tests/samePrefixMarkedMtx2304/depth1/node1/test99_3.mtx 2.3 0 -1 -1 
/home/antonkov/masterWork/tests/samePrefixMarkedMtx2304/depth1/node1/test99_3.mtx 2.4 0 -1 -1 
/home/antonkov/masterWork/tests/samePrefixMarkedMtx2304/depth1/node1/test99_3.mtx 2.5 0 -1 -1 
/home/antonkov/masterWork/tests/samePrefixMarkedMtx2304/depth1/node1/test99_3.mtx 2.6 0 -1 -1 
/home/antonkov/masterWork/tests/samePrefixMarkedMtx2304/depth1/node1/test99_3.mtx 2.7 0 -1 -1 
/home/antonkov/masterWork/tests/samePrefixMarkedMtx2304/depth1/node1/test99_3.mtx 2.8 0 -1 -1 
/home/antonkov/masterWork/tests/samePrefixMarkedMtx2304/depth1/node1/test99_3.mtx 2.9 0 -1 -1 
/home/antonkov/masterWork/tests/samePrefixMarkedMtx2304/depth1/node1/test99_3.mtx 3 0 -1 -1 
/home/antonkov/masterWork/tests/samePrefixMarkedMtx2304/depth1/node1/test99_3.mtx 3.1 0 -1 -1 
/home/antonkov/masterWork/tests/samePrefixMarkedMtx2304/depth1/node1/test99_3.mtx 3.2 0 -1 -1 
/home/antonkov/masterWork/tests/samePrefixMarkedMtx2304/depth1/node1/test99_3.mtx 3.3 0 -1 -1 
/home/antonkov/masterWork/tests/samePrefixMarkedMtx2304/depth1/node1/test99_3.mtx 3.4 0 -1 -1 
/home/antonkov/masterWork/tests/samePrefixMarkedMtx2304/depth1/node1/test99_3.mtx 3.5 0 -1 -1 
/home/antonkov/masterWork/tests/samePrefixMarkedMtx2304/depth1/node1/test99_4.mtx 1 453.301 0.0714366 0.83 
/home/antonkov/masterWork/tests/samePrefixMarkedMtx2304/depth1/node1/test99_4.mtx 1.1 440.284 0.0582639 0.69 
/home/antonkov/masterWork/tests/samePrefixMarkedMtx2304/depth1/node1/test99_4.mtx 1.2 415.186 0.0442144 0.55 
/home/antonkov/masterWork/tests/samePrefixMarkedMtx2304/depth1/node1/test99_4.mtx 1.3 521.709 0.0313824 0.41 
/home/antonkov/masterWork/tests/samePrefixMarkedMtx2304/depth1/node1/test99_4.mtx 1.4 497.749 0.0188759 0.265 
/home/antonkov/masterWork/tests/samePrefixMarkedMtx2304/depth1/node1/test99_4.mtx 1.5 645.659 0.0119835 0.165 
/home/antonkov/masterWork/tests/samePrefixMarkedMtx2304/depth1/node1/test99_4.mtx 1.6 734.286 0.00597656 0.0883333 
/home/antonkov/masterWork/tests/samePrefixMarkedMtx2304/depth1/node1/test99_4.mtx 1.7 1177.45 0.00262804 0.0407143 
/home/antonkov/masterWork/tests/samePrefixMarkedMtx2304/depth1/node1/test99_4.mtx 1.8 1907.61 0.00107459 0.0175862 
/home/antonkov/masterWork/tests/samePrefixMarkedMtx2304/depth1/node1/test99_4.mtx 1.9 5425.15 0.000284631 0.00438596 
/home/antonkov/masterWork/tests/samePrefixMarkedMtx2304/depth1/node1/test99_4.mtx 2 0 -1 -1 
/home/antonkov/masterWork/tests/samePrefixMarkedMtx2304/depth1/node1/test99_4.mtx 2.1 0 -1 -1 
/home/antonkov/masterWork/tests/samePrefixMarkedMtx2304/depth1/node1/test99_4.mtx 2.2 0 -1 -1 
/home/antonkov/masterWork/tests/samePrefixMarkedMtx2304/depth1/node1/test99_4.mtx 2.3 0 -1 -1 
/home/antonkov/masterWork/tests/samePrefixMarkedMtx2304/depth1/node1/test99_4.mtx 2.4 0 -1 -1 
/home/antonkov/masterWork/tests/samePrefixMarkedMtx2304/depth1/node1/test99_4.mtx 2.5 0 -1 -1 
/home/antonkov/masterWork/tests/samePrefixMarkedMtx2304/depth1/node1/test99_4.mtx 2.6 0 -1 -1 
/home/antonkov/masterWork/tests/samePrefixMarkedMtx2304/depth1/node1/test99_4.mtx 2.7 0 -1 -1 
/home/antonkov/masterWork/tests/samePrefixMarkedMtx2304/depth1/node1/test99_4.mtx 2.8 0 -1 -1 
/home/antonkov/masterWork/tests/samePrefixMarkedMtx2304/depth1/node1/test99_4.mtx 2.9 0 -1 -1 
/home/antonkov/masterWork/tests/samePrefixMarkedMtx2304/depth1/node1/test99_4.mtx 3 0 -1 -1 
/home/antonkov/masterWork/tests/samePrefixMarkedMtx2304/depth1/node1/test99_4.mtx 3.1 0 -1 -1 
/home/antonkov/masterWork/tests/samePrefixMarkedMtx2304/depth1/node1/test99_4.mtx 3.2 0 -1 -1 
/home/antonkov/masterWork/tests/samePrefixMarkedMtx2304/depth1/node1/test99_4.mtx 3.3 0 -1 -1 
/home/antonkov/masterWork/tests/samePrefixMarkedMtx2304/depth1/node1/test99_4.mtx 3.4 0 -1 -1 
/home/antonkov/masterWork/tests/samePrefixMarkedMtx2304/depth1/node1/test99_4.mtx 3.5 0 -1 -1 
