Results
Filename SNR Time(ms) BER FER
/home/antonkov/masterWork/tests/samePrefixMarkedMtx2304/depth1/node2/test0_0.mtx 1 474.671 0.069579 0.83 
/home/antonkov/masterWork/tests/samePrefixMarkedMtx2304/depth1/node2/test0_0.mtx 1.1 446.454 0.0564062 0.7 
/home/antonkov/masterWork/tests/samePrefixMarkedMtx2304/depth1/node2/test0_0.mtx 1.2 417.453 0.042474 0.56 
/home/antonkov/masterWork/tests/samePrefixMarkedMtx2304/depth1/node2/test0_0.mtx 1.3 518.754 0.0267882 0.37 
/home/antonkov/masterWork/tests/samePrefixMarkedMtx2304/depth1/node2/test0_0.mtx 1.4 576.369 0.0154282 0.25 
/home/antonkov/masterWork/tests/samePrefixMarkedMtx2304/depth1/node2/test0_0.mtx 1.5 695.628 0.00785156 0.12 
/home/antonkov/masterWork/tests/samePrefixMarkedMtx2304/depth1/node2/test0_0.mtx 1.6 978.25 0.00346875 0.052 
/home/antonkov/masterWork/tests/samePrefixMarkedMtx2304/depth1/node2/test0_0.mtx 1.7 1492.96 0.0015069 0.0238095 
/home/antonkov/masterWork/tests/samePrefixMarkedMtx2304/depth1/node2/test0_0.mtx 1.8 2667.6 0.000624114 0.0102041 
/home/antonkov/masterWork/tests/samePrefixMarkedMtx2304/depth1/node2/test0_0.mtx 1.9 7462.52 0.000174539 0.00294798 
/home/antonkov/masterWork/tests/samePrefixMarkedMtx2304/depth1/node2/test0_0.mtx 2 0 -1 -1 
/home/antonkov/masterWork/tests/samePrefixMarkedMtx2304/depth1/node2/test0_0.mtx 2.1 0 -1 -1 
/home/antonkov/masterWork/tests/samePrefixMarkedMtx2304/depth1/node2/test0_0.mtx 2.2 0 -1 -1 
/home/antonkov/masterWork/tests/samePrefixMarkedMtx2304/depth1/node2/test0_0.mtx 2.3 0 -1 -1 
/home/antonkov/masterWork/tests/samePrefixMarkedMtx2304/depth1/node2/test0_0.mtx 2.4 0 -1 -1 
/home/antonkov/masterWork/tests/samePrefixMarkedMtx2304/depth1/node2/test0_0.mtx 2.5 0 -1 -1 
/home/antonkov/masterWork/tests/samePrefixMarkedMtx2304/depth1/node2/test0_0.mtx 2.6 0 -1 -1 
/home/antonkov/masterWork/tests/samePrefixMarkedMtx2304/depth1/node2/test0_0.mtx 2.7 0 -1 -1 
/home/antonkov/masterWork/tests/samePrefixMarkedMtx2304/depth1/node2/test0_0.mtx 2.8 0 -1 -1 
/home/antonkov/masterWork/tests/samePrefixMarkedMtx2304/depth1/node2/test0_0.mtx 2.9 0 -1 -1 
/home/antonkov/masterWork/tests/samePrefixMarkedMtx2304/depth1/node2/test0_0.mtx 3 0 -1 -1 
/home/antonkov/masterWork/tests/samePrefixMarkedMtx2304/depth1/node2/test0_0.mtx 3.1 0 -1 -1 
/home/antonkov/masterWork/tests/samePrefixMarkedMtx2304/depth1/node2/test0_0.mtx 3.2 0 -1 -1 
/home/antonkov/masterWork/tests/samePrefixMarkedMtx2304/depth1/node2/test0_0.mtx 3.3 0 -1 -1 
/home/antonkov/masterWork/tests/samePrefixMarkedMtx2304/depth1/node2/test0_0.mtx 3.4 0 -1 -1 
/home/antonkov/masterWork/tests/samePrefixMarkedMtx2304/depth1/node2/test0_0.mtx 3.5 0 -1 -1 
/home/antonkov/masterWork/tests/samePrefixMarkedMtx2304/depth1/node2/test0_1.mtx 1 444.243 0.0715191 0.84 
/home/antonkov/masterWork/tests/samePrefixMarkedMtx2304/depth1/node2/test0_1.mtx 1.1 433.864 0.0575043 0.72 
/home/antonkov/masterWork/tests/samePrefixMarkedMtx2304/depth1/node2/test0_1.mtx 1.2 422.308 0.0436372 0.59 
/home/antonkov/masterWork/tests/samePrefixMarkedMtx2304/depth1/node2/test0_1.mtx 1.3 517.719 0.0266645 0.375 
/home/antonkov/masterWork/tests/samePrefixMarkedMtx2304/depth1/node2/test0_1.mtx 1.4 573.11 0.0145399 0.21 
/home/antonkov/masterWork/tests/samePrefixMarkedMtx2304/depth1/node2/test0_1.mtx 1.5 699.537 0.00747743 0.12 
/home/antonkov/masterWork/tests/samePrefixMarkedMtx2304/depth1/node2/test0_1.mtx 1.6 975.63 0.00362196 0.058 
/home/antonkov/masterWork/tests/samePrefixMarkedMtx2304/depth1/node2/test0_1.mtx 1.7 1765.87 0.00119115 0.0208 
/home/antonkov/masterWork/tests/samePrefixMarkedMtx2304/depth1/node2/test0_1.mtx 1.8 2862.43 0.000579299 0.00980392 
/home/antonkov/masterWork/tests/samePrefixMarkedMtx2304/depth1/node2/test0_1.mtx 1.9 0 -1 -1 
/home/antonkov/masterWork/tests/samePrefixMarkedMtx2304/depth1/node2/test0_1.mtx 2 0 -1 -1 
/home/antonkov/masterWork/tests/samePrefixMarkedMtx2304/depth1/node2/test0_1.mtx 2.1 0 -1 -1 
/home/antonkov/masterWork/tests/samePrefixMarkedMtx2304/depth1/node2/test0_1.mtx 2.2 0 -1 -1 
/home/antonkov/masterWork/tests/samePrefixMarkedMtx2304/depth1/node2/test0_1.mtx 2.3 0 -1 -1 
/home/antonkov/masterWork/tests/samePrefixMarkedMtx2304/depth1/node2/test0_1.mtx 2.4 0 -1 -1 
/home/antonkov/masterWork/tests/samePrefixMarkedMtx2304/depth1/node2/test0_1.mtx 2.5 0 -1 -1 
/home/antonkov/masterWork/tests/samePrefixMarkedMtx2304/depth1/node2/test0_1.mtx 2.6 0 -1 -1 
/home/antonkov/masterWork/tests/samePrefixMarkedMtx2304/depth1/node2/test0_1.mtx 2.7 0 -1 -1 
/home/antonkov/masterWork/tests/samePrefixMarkedMtx2304/depth1/node2/test0_1.mtx 2.8 0 -1 -1 
/home/antonkov/masterWork/tests/samePrefixMarkedMtx2304/depth1/node2/test0_1.mtx 2.9 0 -1 -1 
/home/antonkov/masterWork/tests/samePrefixMarkedMtx2304/depth1/node2/test0_1.mtx 3 0 -1 -1 
/home/antonkov/masterWork/tests/samePrefixMarkedMtx2304/depth1/node2/test0_1.mtx 3.1 0 -1 -1 
/home/antonkov/masterWork/tests/samePrefixMarkedMtx2304/depth1/node2/test0_1.mtx 3.2 0 -1 -1 
/home/antonkov/masterWork/tests/samePrefixMarkedMtx2304/depth1/node2/test0_1.mtx 3.3 0 -1 -1 
/home/antonkov/masterWork/tests/samePrefixMarkedMtx2304/depth1/node2/test0_1.mtx 3.4 0 -1 -1 
/home/antonkov/masterWork/tests/samePrefixMarkedMtx2304/depth1/node2/test0_1.mtx 3.5 0 -1 -1 
/home/antonkov/masterWork/tests/samePrefixMarkedMtx2304/depth1/node2/test0_2.mtx 1 440.37 0.0715191 0.82 
/home/antonkov/masterWork/tests/samePrefixMarkedMtx2304/depth1/node2/test0_2.mtx 1.1 437.02 0.0588802 0.74 
/home/antonkov/masterWork/tests/samePrefixMarkedMtx2304/depth1/node2/test0_2.mtx 1.2 424.544 0.0429471 0.58 
/home/antonkov/masterWork/tests/samePrefixMarkedMtx2304/depth1/node2/test0_2.mtx 1.3 513.299 0.0268142 0.355 
/home/antonkov/masterWork/tests/samePrefixMarkedMtx2304/depth1/node2/test0_2.mtx 1.4 576.438 0.0166782 0.253333 
/home/antonkov/masterWork/tests/samePrefixMarkedMtx2304/depth1/node2/test0_2.mtx 1.5 695.696 0.00788368 0.116 
/home/antonkov/masterWork/tests/samePrefixMarkedMtx2304/depth1/node2/test0_2.mtx 1.6 832.949 0.00439507 0.06625 
/home/antonkov/masterWork/tests/samePrefixMarkedMtx2304/depth1/node2/test0_2.mtx 1.7 1267.65 0.00195364 0.0311765 
/home/antonkov/masterWork/tests/samePrefixMarkedMtx2304/depth1/node2/test0_2.mtx 1.8 2259.35 0.00083941 0.01325 
/home/antonkov/masterWork/tests/samePrefixMarkedMtx2304/depth1/node2/test0_2.mtx 1.9 5287.8 0.000247471 0.00439655 
/home/antonkov/masterWork/tests/samePrefixMarkedMtx2304/depth1/node2/test0_2.mtx 2 0 -1 -1 
/home/antonkov/masterWork/tests/samePrefixMarkedMtx2304/depth1/node2/test0_2.mtx 2.1 0 -1 -1 
/home/antonkov/masterWork/tests/samePrefixMarkedMtx2304/depth1/node2/test0_2.mtx 2.2 0 -1 -1 
/home/antonkov/masterWork/tests/samePrefixMarkedMtx2304/depth1/node2/test0_2.mtx 2.3 0 -1 -1 
/home/antonkov/masterWork/tests/samePrefixMarkedMtx2304/depth1/node2/test0_2.mtx 2.4 0 -1 -1 
/home/antonkov/masterWork/tests/samePrefixMarkedMtx2304/depth1/node2/test0_2.mtx 2.5 0 -1 -1 
/home/antonkov/masterWork/tests/samePrefixMarkedMtx2304/depth1/node2/test0_2.mtx 2.6 0 -1 -1 
/home/antonkov/masterWork/tests/samePrefixMarkedMtx2304/depth1/node2/test0_2.mtx 2.7 0 -1 -1 
/home/antonkov/masterWork/tests/samePrefixMarkedMtx2304/depth1/node2/test0_2.mtx 2.8 0 -1 -1 
/home/antonkov/masterWork/tests/samePrefixMarkedMtx2304/depth1/node2/test0_2.mtx 2.9 0 -1 -1 
/home/antonkov/masterWork/tests/samePrefixMarkedMtx2304/depth1/node2/test0_2.mtx 3 0 -1 -1 
/home/antonkov/masterWork/tests/samePrefixMarkedMtx2304/depth1/node2/test0_2.mtx 3.1 0 -1 -1 
/home/antonkov/masterWork/tests/samePrefixMarkedMtx2304/depth1/node2/test0_2.mtx 3.2 0 -1 -1 
/home/antonkov/masterWork/tests/samePrefixMarkedMtx2304/depth1/node2/test0_2.mtx 3.3 0 -1 -1 
/home/antonkov/masterWork/tests/samePrefixMarkedMtx2304/depth1/node2/test0_2.mtx 3.4 0 -1 -1 
/home/antonkov/masterWork/tests/samePrefixMarkedMtx2304/depth1/node2/test0_2.mtx 3.5 0 -1 -1 
/home/antonkov/masterWork/tests/samePrefixMarkedMtx2304/depth1/node2/test0_3.mtx 1 446.956 0.0738411 0.86 
/home/antonkov/masterWork/tests/samePrefixMarkedMtx2304/depth1/node2/test0_3.mtx 1.1 434.346 0.0625955 0.76 
/home/antonkov/masterWork/tests/samePrefixMarkedMtx2304/depth1/node2/test0_3.mtx 1.2 417.501 0.0459028 0.6 
/home/antonkov/masterWork/tests/samePrefixMarkedMtx2304/depth1/node2/test0_3.mtx 1.3 515.996 0.0267209 0.37 
/home/antonkov/masterWork/tests/samePrefixMarkedMtx2304/depth1/node2/test0_3.mtx 1.4 577.242 0.0159303 0.223333 
/home/antonkov/masterWork/tests/samePrefixMarkedMtx2304/depth1/node2/test0_3.mtx 1.5 587.449 0.0088151 0.1275 
/home/antonkov/masterWork/tests/samePrefixMarkedMtx2304/depth1/node2/test0_3.mtx 1.6 825.713 0.00418511 0.0675 
/home/antonkov/masterWork/tests/samePrefixMarkedMtx2304/depth1/node2/test0_3.mtx 1.7 1461.47 0.00152364 0.0242857 
/home/antonkov/masterWork/tests/samePrefixMarkedMtx2304/depth1/node2/test0_3.mtx 1.8 2636.54 0.000619484 0.0104167 
/home/antonkov/masterWork/tests/samePrefixMarkedMtx2304/depth1/node2/test0_3.mtx 1.9 5703.21 0.000224847 0.00390625 
/home/antonkov/masterWork/tests/samePrefixMarkedMtx2304/depth1/node2/test0_3.mtx 2 0 -1 -1 
/home/antonkov/masterWork/tests/samePrefixMarkedMtx2304/depth1/node2/test0_3.mtx 2.1 0 -1 -1 
/home/antonkov/masterWork/tests/samePrefixMarkedMtx2304/depth1/node2/test0_3.mtx 2.2 0 -1 -1 
/home/antonkov/masterWork/tests/samePrefixMarkedMtx2304/depth1/node2/test0_3.mtx 2.3 0 -1 -1 
/home/antonkov/masterWork/tests/samePrefixMarkedMtx2304/depth1/node2/test0_3.mtx 2.4 0 -1 -1 
/home/antonkov/masterWork/tests/samePrefixMarkedMtx2304/depth1/node2/test0_3.mtx 2.5 0 -1 -1 
/home/antonkov/masterWork/tests/samePrefixMarkedMtx2304/depth1/node2/test0_3.mtx 2.6 0 -1 -1 
/home/antonkov/masterWork/tests/samePrefixMarkedMtx2304/depth1/node2/test0_3.mtx 2.7 0 -1 -1 
/home/antonkov/masterWork/tests/samePrefixMarkedMtx2304/depth1/node2/test0_3.mtx 2.8 0 -1 -1 
/home/antonkov/masterWork/tests/samePrefixMarkedMtx2304/depth1/node2/test0_3.mtx 2.9 0 -1 -1 
/home/antonkov/masterWork/tests/samePrefixMarkedMtx2304/depth1/node2/test0_3.mtx 3 0 -1 -1 
/home/antonkov/masterWork/tests/samePrefixMarkedMtx2304/depth1/node2/test0_3.mtx 3.1 0 -1 -1 
/home/antonkov/masterWork/tests/samePrefixMarkedMtx2304/depth1/node2/test0_3.mtx 3.2 0 -1 -1 
/home/antonkov/masterWork/tests/samePrefixMarkedMtx2304/depth1/node2/test0_3.mtx 3.3 0 -1 -1 
/home/antonkov/masterWork/tests/samePrefixMarkedMtx2304/depth1/node2/test0_3.mtx 3.4 0 -1 -1 
/home/antonkov/masterWork/tests/samePrefixMarkedMtx2304/depth1/node2/test0_3.mtx 3.5 0 -1 -1 
/home/antonkov/masterWork/tests/samePrefixMarkedMtx2304/depth1/node2/test0_4.mtx 1 441.475 0.0696484 0.83 
/home/antonkov/masterWork/tests/samePrefixMarkedMtx2304/depth1/node2/test0_4.mtx 1.1 426.412 0.0549566 0.68 
/home/antonkov/masterWork/tests/samePrefixMarkedMtx2304/depth1/node2/test0_4.mtx 1.2 412 0.0401476 0.53 
/home/antonkov/masterWork/tests/samePrefixMarkedMtx2304/depth1/node2/test0_4.mtx 1.3 513.913 0.0289214 0.41 
/home/antonkov/masterWork/tests/samePrefixMarkedMtx2304/depth1/node2/test0_4.mtx 1.4 476.163 0.0171332 0.25 
/home/antonkov/masterWork/tests/samePrefixMarkedMtx2304/depth1/node2/test0_4.mtx 1.5 612.672 0.00947049 0.135 
/home/antonkov/masterWork/tests/samePrefixMarkedMtx2304/depth1/node2/test0_4.mtx 1.6 767.734 0.00452629 0.0714286 
/home/antonkov/masterWork/tests/samePrefixMarkedMtx2304/depth1/node2/test0_4.mtx 1.7 1325.82 0.00167028 0.0283333 
/home/antonkov/masterWork/tests/samePrefixMarkedMtx2304/depth1/node2/test0_4.mtx 1.8 3306.77 0.000502232 0.00809524 
/home/antonkov/masterWork/tests/samePrefixMarkedMtx2304/depth1/node2/test0_4.mtx 1.9 0 -1 -1 
/home/antonkov/masterWork/tests/samePrefixMarkedMtx2304/depth1/node2/test0_4.mtx 2 0 -1 -1 
/home/antonkov/masterWork/tests/samePrefixMarkedMtx2304/depth1/node2/test0_4.mtx 2.1 0 -1 -1 
/home/antonkov/masterWork/tests/samePrefixMarkedMtx2304/depth1/node2/test0_4.mtx 2.2 0 -1 -1 
/home/antonkov/masterWork/tests/samePrefixMarkedMtx2304/depth1/node2/test0_4.mtx 2.3 0 -1 -1 
/home/antonkov/masterWork/tests/samePrefixMarkedMtx2304/depth1/node2/test0_4.mtx 2.4 0 -1 -1 
/home/antonkov/masterWork/tests/samePrefixMarkedMtx2304/depth1/node2/test0_4.mtx 2.5 0 -1 -1 
/home/antonkov/masterWork/tests/samePrefixMarkedMtx2304/depth1/node2/test0_4.mtx 2.6 0 -1 -1 
/home/antonkov/masterWork/tests/samePrefixMarkedMtx2304/depth1/node2/test0_4.mtx 2.7 0 -1 -1 
/home/antonkov/masterWork/tests/samePrefixMarkedMtx2304/depth1/node2/test0_4.mtx 2.8 0 -1 -1 
/home/antonkov/masterWork/tests/samePrefixMarkedMtx2304/depth1/node2/test0_4.mtx 2.9 0 -1 -1 
/home/antonkov/masterWork/tests/samePrefixMarkedMtx2304/depth1/node2/test0_4.mtx 3 0 -1 -1 
/home/antonkov/masterWork/tests/samePrefixMarkedMtx2304/depth1/node2/test0_4.mtx 3.1 0 -1 -1 
/home/antonkov/masterWork/tests/samePrefixMarkedMtx2304/depth1/node2/test0_4.mtx 3.2 0 -1 -1 
/home/antonkov/masterWork/tests/samePrefixMarkedMtx2304/depth1/node2/test0_4.mtx 3.3 0 -1 -1 
/home/antonkov/masterWork/tests/samePrefixMarkedMtx2304/depth1/node2/test0_4.mtx 3.4 0 -1 -1 
/home/antonkov/masterWork/tests/samePrefixMarkedMtx2304/depth1/node2/test0_4.mtx 3.5 0 -1 -1 
/home/antonkov/masterWork/tests/samePrefixMarkedMtx2304/depth1/node2/test1_0.mtx 1 425.713 0.0692969 0.82 
/home/antonkov/masterWork/tests/samePrefixMarkedMtx2304/depth1/node2/test1_0.mtx 1.1 414.505 0.0570139 0.71 
/home/antonkov/masterWork/tests/samePrefixMarkedMtx2304/depth1/node2/test1_0.mtx 1.2 512.958 0.0401584 0.52 
/home/antonkov/masterWork/tests/samePrefixMarkedMtx2304/depth1/node2/test1_0.mtx 1.3 490.406 0.0279709 0.375 
/home/antonkov/masterWork/tests/samePrefixMarkedMtx2304/depth1/node2/test1_0.mtx 1.4 459.081 0.0185026 0.27 
/home/antonkov/masterWork/tests/samePrefixMarkedMtx2304/depth1/node2/test1_0.mtx 1.5 587.188 0.00961914 0.1375 
/home/antonkov/masterWork/tests/samePrefixMarkedMtx2304/depth1/node2/test1_0.mtx 1.6 752.912 0.00470796 0.0728571 
/home/antonkov/masterWork/tests/samePrefixMarkedMtx2304/depth1/node2/test1_0.mtx 1.7 1327.1 0.00179688 0.0283333 
/home/antonkov/masterWork/tests/samePrefixMarkedMtx2304/depth1/node2/test1_0.mtx 1.8 3467.13 0.000463876 0.00769231 
/home/antonkov/masterWork/tests/samePrefixMarkedMtx2304/depth1/node2/test1_0.mtx 1.9 0 -1 -1 
/home/antonkov/masterWork/tests/samePrefixMarkedMtx2304/depth1/node2/test1_0.mtx 2 0 -1 -1 
/home/antonkov/masterWork/tests/samePrefixMarkedMtx2304/depth1/node2/test1_0.mtx 2.1 0 -1 -1 
/home/antonkov/masterWork/tests/samePrefixMarkedMtx2304/depth1/node2/test1_0.mtx 2.2 0 -1 -1 
/home/antonkov/masterWork/tests/samePrefixMarkedMtx2304/depth1/node2/test1_0.mtx 2.3 0 -1 -1 
/home/antonkov/masterWork/tests/samePrefixMarkedMtx2304/depth1/node2/test1_0.mtx 2.4 0 -1 -1 
/home/antonkov/masterWork/tests/samePrefixMarkedMtx2304/depth1/node2/test1_0.mtx 2.5 0 -1 -1 
/home/antonkov/masterWork/tests/samePrefixMarkedMtx2304/depth1/node2/test1_0.mtx 2.6 0 -1 -1 
/home/antonkov/masterWork/tests/samePrefixMarkedMtx2304/depth1/node2/test1_0.mtx 2.7 0 -1 -1 
/home/antonkov/masterWork/tests/samePrefixMarkedMtx2304/depth1/node2/test1_0.mtx 2.8 0 -1 -1 
/home/antonkov/masterWork/tests/samePrefixMarkedMtx2304/depth1/node2/test1_0.mtx 2.9 0 -1 -1 
/home/antonkov/masterWork/tests/samePrefixMarkedMtx2304/depth1/node2/test1_0.mtx 3 0 -1 -1 
/home/antonkov/masterWork/tests/samePrefixMarkedMtx2304/depth1/node2/test1_0.mtx 3.1 0 -1 -1 
/home/antonkov/masterWork/tests/samePrefixMarkedMtx2304/depth1/node2/test1_0.mtx 3.2 0 -1 -1 
/home/antonkov/masterWork/tests/samePrefixMarkedMtx2304/depth1/node2/test1_0.mtx 3.3 0 -1 -1 
/home/antonkov/masterWork/tests/samePrefixMarkedMtx2304/depth1/node2/test1_0.mtx 3.4 0 -1 -1 
/home/antonkov/masterWork/tests/samePrefixMarkedMtx2304/depth1/node2/test1_0.mtx 3.5 0 -1 -1 
/home/antonkov/masterWork/tests/samePrefixMarkedMtx2304/depth1/node2/test1_1.mtx 1 417.575 0.0656597 0.78 
/home/antonkov/masterWork/tests/samePrefixMarkedMtx2304/depth1/node2/test1_1.mtx 1.1 412.484 0.0547049 0.7 
/home/antonkov/masterWork/tests/samePrefixMarkedMtx2304/depth1/node2/test1_1.mtx 1.2 395.471 0.0344748 0.5 
/home/antonkov/masterWork/tests/samePrefixMarkedMtx2304/depth1/node2/test1_1.mtx 1.3 480.055 0.0245595 0.345 
/home/antonkov/masterWork/tests/samePrefixMarkedMtx2304/depth1/node2/test1_1.mtx 1.4 563.246 0.0131814 0.216667 
/home/antonkov/masterWork/tests/samePrefixMarkedMtx2304/depth1/node2/test1_1.mtx 1.5 740.857 0.00694083 0.1 
/home/antonkov/masterWork/tests/samePrefixMarkedMtx2304/depth1/node2/test1_1.mtx 1.6 970.6 0.00360373 0.054 
/home/antonkov/masterWork/tests/samePrefixMarkedMtx2304/depth1/node2/test1_1.mtx 1.7 1645.73 0.00129567 0.0221739 
/home/antonkov/masterWork/tests/samePrefixMarkedMtx2304/depth1/node2/test1_1.mtx 1.8 3135.76 0.000467975 0.00928571 
/home/antonkov/masterWork/tests/samePrefixMarkedMtx2304/depth1/node2/test1_1.mtx 1.9 0 -1 -1 
/home/antonkov/masterWork/tests/samePrefixMarkedMtx2304/depth1/node2/test1_1.mtx 2 0 -1 -1 
/home/antonkov/masterWork/tests/samePrefixMarkedMtx2304/depth1/node2/test1_1.mtx 2.1 0 -1 -1 
/home/antonkov/masterWork/tests/samePrefixMarkedMtx2304/depth1/node2/test1_1.mtx 2.2 0 -1 -1 
/home/antonkov/masterWork/tests/samePrefixMarkedMtx2304/depth1/node2/test1_1.mtx 2.3 0 -1 -1 
/home/antonkov/masterWork/tests/samePrefixMarkedMtx2304/depth1/node2/test1_1.mtx 2.4 0 -1 -1 
/home/antonkov/masterWork/tests/samePrefixMarkedMtx2304/depth1/node2/test1_1.mtx 2.5 0 -1 -1 
/home/antonkov/masterWork/tests/samePrefixMarkedMtx2304/depth1/node2/test1_1.mtx 2.6 0 -1 -1 
/home/antonkov/masterWork/tests/samePrefixMarkedMtx2304/depth1/node2/test1_1.mtx 2.7 0 -1 -1 
/home/antonkov/masterWork/tests/samePrefixMarkedMtx2304/depth1/node2/test1_1.mtx 2.8 0 -1 -1 
/home/antonkov/masterWork/tests/samePrefixMarkedMtx2304/depth1/node2/test1_1.mtx 2.9 0 -1 -1 
/home/antonkov/masterWork/tests/samePrefixMarkedMtx2304/depth1/node2/test1_1.mtx 3 0 -1 -1 
/home/antonkov/masterWork/tests/samePrefixMarkedMtx2304/depth1/node2/test1_1.mtx 3.1 0 -1 -1 
/home/antonkov/masterWork/tests/samePrefixMarkedMtx2304/depth1/node2/test1_1.mtx 3.2 0 -1 -1 
/home/antonkov/masterWork/tests/samePrefixMarkedMtx2304/depth1/node2/test1_1.mtx 3.3 0 -1 -1 
/home/antonkov/masterWork/tests/samePrefixMarkedMtx2304/depth1/node2/test1_1.mtx 3.4 0 -1 -1 
/home/antonkov/masterWork/tests/samePrefixMarkedMtx2304/depth1/node2/test1_1.mtx 3.5 0 -1 -1 
/home/antonkov/masterWork/tests/samePrefixMarkedMtx2304/depth1/node2/test1_2.mtx 1 422.083 0.070434 0.85 
/home/antonkov/masterWork/tests/samePrefixMarkedMtx2304/depth1/node2/test1_2.mtx 1.1 420.63 0.0579123 0.72 
/home/antonkov/masterWork/tests/samePrefixMarkedMtx2304/depth1/node2/test1_2.mtx 1.2 401.77 0.0427778 0.55 
/home/antonkov/masterWork/tests/samePrefixMarkedMtx2304/depth1/node2/test1_2.mtx 1.3 488.969 0.0257292 0.355 
/home/antonkov/masterWork/tests/samePrefixMarkedMtx2304/depth1/node2/test1_2.mtx 1.4 549.03 0.0150492 0.21 
/home/antonkov/masterWork/tests/samePrefixMarkedMtx2304/depth1/node2/test1_2.mtx 1.5 671.944 0.00770747 0.112 
/home/antonkov/masterWork/tests/samePrefixMarkedMtx2304/depth1/node2/test1_2.mtx 1.6 935.557 0.00357639 0.056 
/home/antonkov/masterWork/tests/samePrefixMarkedMtx2304/depth1/node2/test1_2.mtx 1.7 1501.56 0.00152757 0.0238095 
/home/antonkov/masterWork/tests/samePrefixMarkedMtx2304/depth1/node2/test1_2.mtx 1.8 3602.79 0.000415501 0.00746269 
/home/antonkov/masterWork/tests/samePrefixMarkedMtx2304/depth1/node2/test1_2.mtx 1.9 0 -1 -1 
/home/antonkov/masterWork/tests/samePrefixMarkedMtx2304/depth1/node2/test1_2.mtx 2 0 -1 -1 
/home/antonkov/masterWork/tests/samePrefixMarkedMtx2304/depth1/node2/test1_2.mtx 2.1 0 -1 -1 
/home/antonkov/masterWork/tests/samePrefixMarkedMtx2304/depth1/node2/test1_2.mtx 2.2 0 -1 -1 
/home/antonkov/masterWork/tests/samePrefixMarkedMtx2304/depth1/node2/test1_2.mtx 2.3 0 -1 -1 
/home/antonkov/masterWork/tests/samePrefixMarkedMtx2304/depth1/node2/test1_2.mtx 2.4 0 -1 -1 
/home/antonkov/masterWork/tests/samePrefixMarkedMtx2304/depth1/node2/test1_2.mtx 2.5 0 -1 -1 
/home/antonkov/masterWork/tests/samePrefixMarkedMtx2304/depth1/node2/test1_2.mtx 2.6 0 -1 -1 
/home/antonkov/masterWork/tests/samePrefixMarkedMtx2304/depth1/node2/test1_2.mtx 2.7 0 -1 -1 
/home/antonkov/masterWork/tests/samePrefixMarkedMtx2304/depth1/node2/test1_2.mtx 2.8 0 -1 -1 
/home/antonkov/masterWork/tests/samePrefixMarkedMtx2304/depth1/node2/test1_2.mtx 2.9 0 -1 -1 
/home/antonkov/masterWork/tests/samePrefixMarkedMtx2304/depth1/node2/test1_2.mtx 3 0 -1 -1 
/home/antonkov/masterWork/tests/samePrefixMarkedMtx2304/depth1/node2/test1_2.mtx 3.1 0 -1 -1 
/home/antonkov/masterWork/tests/samePrefixMarkedMtx2304/depth1/node2/test1_2.mtx 3.2 0 -1 -1 
/home/antonkov/masterWork/tests/samePrefixMarkedMtx2304/depth1/node2/test1_2.mtx 3.3 0 -1 -1 
/home/antonkov/masterWork/tests/samePrefixMarkedMtx2304/depth1/node2/test1_2.mtx 3.4 0 -1 -1 
/home/antonkov/masterWork/tests/samePrefixMarkedMtx2304/depth1/node2/test1_2.mtx 3.5 0 -1 -1 
/home/antonkov/masterWork/tests/samePrefixMarkedMtx2304/depth1/node2/test1_3.mtx 1 416.754 0.0699783 0.84 
/home/antonkov/masterWork/tests/samePrefixMarkedMtx2304/depth1/node2/test1_3.mtx 1.1 413.63 0.0509418 0.61 
/home/antonkov/masterWork/tests/samePrefixMarkedMtx2304/depth1/node2/test1_3.mtx 1.2 387.067 0.0405035 0.51 
/home/antonkov/masterWork/tests/samePrefixMarkedMtx2304/depth1/node2/test1_3.mtx 1.3 490.952 0.0304015 0.425 
/home/antonkov/masterWork/tests/samePrefixMarkedMtx2304/depth1/node2/test1_3.mtx 1.4 459.87 0.016263 0.25 
/home/antonkov/masterWork/tests/samePrefixMarkedMtx2304/depth1/node2/test1_3.mtx 1.5 597.941 0.00813585 0.1275 
/home/antonkov/masterWork/tests/samePrefixMarkedMtx2304/depth1/node2/test1_3.mtx 1.6 948.358 0.00369184 0.053 
/home/antonkov/masterWork/tests/samePrefixMarkedMtx2304/depth1/node2/test1_3.mtx 1.7 1676.51 0.00125208 0.02 
/home/antonkov/masterWork/tests/samePrefixMarkedMtx2304/depth1/node2/test1_3.mtx 1.8 3101.37 0.000543296 0.00894737 
/home/antonkov/masterWork/tests/samePrefixMarkedMtx2304/depth1/node2/test1_3.mtx 1.9 0 -1 -1 
/home/antonkov/masterWork/tests/samePrefixMarkedMtx2304/depth1/node2/test1_3.mtx 2 0 -1 -1 
/home/antonkov/masterWork/tests/samePrefixMarkedMtx2304/depth1/node2/test1_3.mtx 2.1 0 -1 -1 
/home/antonkov/masterWork/tests/samePrefixMarkedMtx2304/depth1/node2/test1_3.mtx 2.2 0 -1 -1 
/home/antonkov/masterWork/tests/samePrefixMarkedMtx2304/depth1/node2/test1_3.mtx 2.3 0 -1 -1 
/home/antonkov/masterWork/tests/samePrefixMarkedMtx2304/depth1/node2/test1_3.mtx 2.4 0 -1 -1 
/home/antonkov/masterWork/tests/samePrefixMarkedMtx2304/depth1/node2/test1_3.mtx 2.5 0 -1 -1 
/home/antonkov/masterWork/tests/samePrefixMarkedMtx2304/depth1/node2/test1_3.mtx 2.6 0 -1 -1 
/home/antonkov/masterWork/tests/samePrefixMarkedMtx2304/depth1/node2/test1_3.mtx 2.7 0 -1 -1 
/home/antonkov/masterWork/tests/samePrefixMarkedMtx2304/depth1/node2/test1_3.mtx 2.8 0 -1 -1 
/home/antonkov/masterWork/tests/samePrefixMarkedMtx2304/depth1/node2/test1_3.mtx 2.9 0 -1 -1 
/home/antonkov/masterWork/tests/samePrefixMarkedMtx2304/depth1/node2/test1_3.mtx 3 0 -1 -1 
/home/antonkov/masterWork/tests/samePrefixMarkedMtx2304/depth1/node2/test1_3.mtx 3.1 0 -1 -1 
/home/antonkov/masterWork/tests/samePrefixMarkedMtx2304/depth1/node2/test1_3.mtx 3.2 0 -1 -1 
/home/antonkov/masterWork/tests/samePrefixMarkedMtx2304/depth1/node2/test1_3.mtx 3.3 0 -1 -1 
/home/antonkov/masterWork/tests/samePrefixMarkedMtx2304/depth1/node2/test1_3.mtx 3.4 0 -1 -1 
/home/antonkov/masterWork/tests/samePrefixMarkedMtx2304/depth1/node2/test1_3.mtx 3.5 0 -1 -1 
/home/antonkov/masterWork/tests/samePrefixMarkedMtx2304/depth1/node2/test1_4.mtx 1 420.698 0.0703733 0.83 
/home/antonkov/masterWork/tests/samePrefixMarkedMtx2304/depth1/node2/test1_4.mtx 1.1 407.38 0.0555295 0.7 
/home/antonkov/masterWork/tests/samePrefixMarkedMtx2304/depth1/node2/test1_4.mtx 1.2 398.846 0.0396615 0.53 
/home/antonkov/masterWork/tests/samePrefixMarkedMtx2304/depth1/node2/test1_4.mtx 1.3 501.785 0.0304991 0.435 
/home/antonkov/masterWork/tests/samePrefixMarkedMtx2304/depth1/node2/test1_4.mtx 1.4 466.59 0.0165625 0.26 
/home/antonkov/masterWork/tests/samePrefixMarkedMtx2304/depth1/node2/test1_4.mtx 1.5 675.304 0.00750521 0.126 
/home/antonkov/masterWork/tests/samePrefixMarkedMtx2304/depth1/node2/test1_4.mtx 1.6 979.913 0.00336502 0.054 
/home/antonkov/masterWork/tests/samePrefixMarkedMtx2304/depth1/node2/test1_4.mtx 1.7 1317.61 0.00160156 0.0277778 
/home/antonkov/masterWork/tests/samePrefixMarkedMtx2304/depth1/node2/test1_4.mtx 1.8 2699.77 0.000576888 0.0106383 
/home/antonkov/masterWork/tests/samePrefixMarkedMtx2304/depth1/node2/test1_4.mtx 1.9 7338.55 0.000160975 0.00316456 
/home/antonkov/masterWork/tests/samePrefixMarkedMtx2304/depth1/node2/test1_4.mtx 2 0 -1 -1 
/home/antonkov/masterWork/tests/samePrefixMarkedMtx2304/depth1/node2/test1_4.mtx 2.1 0 -1 -1 
/home/antonkov/masterWork/tests/samePrefixMarkedMtx2304/depth1/node2/test1_4.mtx 2.2 0 -1 -1 
/home/antonkov/masterWork/tests/samePrefixMarkedMtx2304/depth1/node2/test1_4.mtx 2.3 0 -1 -1 
/home/antonkov/masterWork/tests/samePrefixMarkedMtx2304/depth1/node2/test1_4.mtx 2.4 0 -1 -1 
/home/antonkov/masterWork/tests/samePrefixMarkedMtx2304/depth1/node2/test1_4.mtx 2.5 0 -1 -1 
/home/antonkov/masterWork/tests/samePrefixMarkedMtx2304/depth1/node2/test1_4.mtx 2.6 0 -1 -1 
/home/antonkov/masterWork/tests/samePrefixMarkedMtx2304/depth1/node2/test1_4.mtx 2.7 0 -1 -1 
/home/antonkov/masterWork/tests/samePrefixMarkedMtx2304/depth1/node2/test1_4.mtx 2.8 0 -1 -1 
/home/antonkov/masterWork/tests/samePrefixMarkedMtx2304/depth1/node2/test1_4.mtx 2.9 0 -1 -1 
/home/antonkov/masterWork/tests/samePrefixMarkedMtx2304/depth1/node2/test1_4.mtx 3 0 -1 -1 
/home/antonkov/masterWork/tests/samePrefixMarkedMtx2304/depth1/node2/test1_4.mtx 3.1 0 -1 -1 
/home/antonkov/masterWork/tests/samePrefixMarkedMtx2304/depth1/node2/test1_4.mtx 3.2 0 -1 -1 
/home/antonkov/masterWork/tests/samePrefixMarkedMtx2304/depth1/node2/test1_4.mtx 3.3 0 -1 -1 
/home/antonkov/masterWork/tests/samePrefixMarkedMtx2304/depth1/node2/test1_4.mtx 3.4 0 -1 -1 
/home/antonkov/masterWork/tests/samePrefixMarkedMtx2304/depth1/node2/test1_4.mtx 3.5 0 -1 -1 
/home/antonkov/masterWork/tests/samePrefixMarkedMtx2304/depth1/node2/test2_0.mtx 1 455.548 0.0782422 0.87 
/home/antonkov/masterWork/tests/samePrefixMarkedMtx2304/depth1/node2/test2_0.mtx 1.1 456.538 0.0686024 0.81 
/home/antonkov/masterWork/tests/samePrefixMarkedMtx2304/depth1/node2/test2_0.mtx 1.2 435.5 0.0569922 0.72 
/home/antonkov/masterWork/tests/samePrefixMarkedMtx2304/depth1/node2/test2_0.mtx 1.3 425.347 0.0455599 0.58 
/home/antonkov/masterWork/tests/samePrefixMarkedMtx2304/depth1/node2/test2_0.mtx 1.4 517.469 0.0301259 0.41 
/home/antonkov/masterWork/tests/samePrefixMarkedMtx2304/depth1/node2/test2_0.mtx 1.5 581.67 0.015787 0.23 
/home/antonkov/masterWork/tests/samePrefixMarkedMtx2304/depth1/node2/test2_0.mtx 1.6 764.293 0.00700593 0.1 
/home/antonkov/masterWork/tests/samePrefixMarkedMtx2304/depth1/node2/test2_0.mtx 1.7 970.101 0.00337934 0.054 
/home/antonkov/masterWork/tests/samePrefixMarkedMtx2304/depth1/node2/test2_0.mtx 1.8 1569.93 0.00141414 0.0227273 
/home/antonkov/masterWork/tests/samePrefixMarkedMtx2304/depth1/node2/test2_0.mtx 1.9 3615.11 0.000413144 0.0073913 
/home/antonkov/masterWork/tests/samePrefixMarkedMtx2304/depth1/node2/test2_0.mtx 2 0 -1 -1 
/home/antonkov/masterWork/tests/samePrefixMarkedMtx2304/depth1/node2/test2_0.mtx 2.1 0 -1 -1 
/home/antonkov/masterWork/tests/samePrefixMarkedMtx2304/depth1/node2/test2_0.mtx 2.2 0 -1 -1 
/home/antonkov/masterWork/tests/samePrefixMarkedMtx2304/depth1/node2/test2_0.mtx 2.3 0 -1 -1 
/home/antonkov/masterWork/tests/samePrefixMarkedMtx2304/depth1/node2/test2_0.mtx 2.4 0 -1 -1 
/home/antonkov/masterWork/tests/samePrefixMarkedMtx2304/depth1/node2/test2_0.mtx 2.5 0 -1 -1 
/home/antonkov/masterWork/tests/samePrefixMarkedMtx2304/depth1/node2/test2_0.mtx 2.6 0 -1 -1 
/home/antonkov/masterWork/tests/samePrefixMarkedMtx2304/depth1/node2/test2_0.mtx 2.7 0 -1 -1 
/home/antonkov/masterWork/tests/samePrefixMarkedMtx2304/depth1/node2/test2_0.mtx 2.8 0 -1 -1 
/home/antonkov/masterWork/tests/samePrefixMarkedMtx2304/depth1/node2/test2_0.mtx 2.9 0 -1 -1 
/home/antonkov/masterWork/tests/samePrefixMarkedMtx2304/depth1/node2/test2_0.mtx 3 0 -1 -1 
/home/antonkov/masterWork/tests/samePrefixMarkedMtx2304/depth1/node2/test2_0.mtx 3.1 0 -1 -1 
/home/antonkov/masterWork/tests/samePrefixMarkedMtx2304/depth1/node2/test2_0.mtx 3.2 0 -1 -1 
/home/antonkov/masterWork/tests/samePrefixMarkedMtx2304/depth1/node2/test2_0.mtx 3.3 0 -1 -1 
/home/antonkov/masterWork/tests/samePrefixMarkedMtx2304/depth1/node2/test2_0.mtx 3.4 0 -1 -1 
/home/antonkov/masterWork/tests/samePrefixMarkedMtx2304/depth1/node2/test2_0.mtx 3.5 0 -1 -1 
/home/antonkov/masterWork/tests/samePrefixMarkedMtx2304/depth1/node2/test2_1.mtx 1 447.169 0.0757595 0.87 
/home/antonkov/masterWork/tests/samePrefixMarkedMtx2304/depth1/node2/test2_1.mtx 1.1 447.339 0.0635894 0.78 
/home/antonkov/masterWork/tests/samePrefixMarkedMtx2304/depth1/node2/test2_1.mtx 1.2 431.626 0.0506901 0.67 
/home/antonkov/masterWork/tests/samePrefixMarkedMtx2304/depth1/node2/test2_1.mtx 1.3 542.435 0.034056 0.46 
/home/antonkov/masterWork/tests/samePrefixMarkedMtx2304/depth1/node2/test2_1.mtx 1.4 504.613 0.0212543 0.29 
/home/antonkov/masterWork/tests/samePrefixMarkedMtx2304/depth1/node2/test2_1.mtx 1.5 563.317 0.011752 0.176667 
/home/antonkov/masterWork/tests/samePrefixMarkedMtx2304/depth1/node2/test2_1.mtx 1.6 758.656 0.00648727 0.0983333 
/home/antonkov/masterWork/tests/samePrefixMarkedMtx2304/depth1/node2/test2_1.mtx 1.7 1084.25 0.00286603 0.0425 
/home/antonkov/masterWork/tests/samePrefixMarkedMtx2304/depth1/node2/test2_1.mtx 1.8 1912.57 0.00110553 0.0182143 
/home/antonkov/masterWork/tests/samePrefixMarkedMtx2304/depth1/node2/test2_1.mtx 1.9 3929.06 0.000373148 0.00666667 
/home/antonkov/masterWork/tests/samePrefixMarkedMtx2304/depth1/node2/test2_1.mtx 2 0 -1 -1 
/home/antonkov/masterWork/tests/samePrefixMarkedMtx2304/depth1/node2/test2_1.mtx 2.1 0 -1 -1 
/home/antonkov/masterWork/tests/samePrefixMarkedMtx2304/depth1/node2/test2_1.mtx 2.2 0 -1 -1 
/home/antonkov/masterWork/tests/samePrefixMarkedMtx2304/depth1/node2/test2_1.mtx 2.3 0 -1 -1 
/home/antonkov/masterWork/tests/samePrefixMarkedMtx2304/depth1/node2/test2_1.mtx 2.4 0 -1 -1 
/home/antonkov/masterWork/tests/samePrefixMarkedMtx2304/depth1/node2/test2_1.mtx 2.5 0 -1 -1 
/home/antonkov/masterWork/tests/samePrefixMarkedMtx2304/depth1/node2/test2_1.mtx 2.6 0 -1 -1 
/home/antonkov/masterWork/tests/samePrefixMarkedMtx2304/depth1/node2/test2_1.mtx 2.7 0 -1 -1 
/home/antonkov/masterWork/tests/samePrefixMarkedMtx2304/depth1/node2/test2_1.mtx 2.8 0 -1 -1 
/home/antonkov/masterWork/tests/samePrefixMarkedMtx2304/depth1/node2/test2_1.mtx 2.9 0 -1 -1 
/home/antonkov/masterWork/tests/samePrefixMarkedMtx2304/depth1/node2/test2_1.mtx 3 0 -1 -1 
/home/antonkov/masterWork/tests/samePrefixMarkedMtx2304/depth1/node2/test2_1.mtx 3.1 0 -1 -1 
/home/antonkov/masterWork/tests/samePrefixMarkedMtx2304/depth1/node2/test2_1.mtx 3.2 0 -1 -1 
/home/antonkov/masterWork/tests/samePrefixMarkedMtx2304/depth1/node2/test2_1.mtx 3.3 0 -1 -1 
/home/antonkov/masterWork/tests/samePrefixMarkedMtx2304/depth1/node2/test2_1.mtx 3.4 0 -1 -1 
/home/antonkov/masterWork/tests/samePrefixMarkedMtx2304/depth1/node2/test2_1.mtx 3.5 0 -1 -1 
/home/antonkov/masterWork/tests/samePrefixMarkedMtx2304/depth1/node2/test2_2.mtx 1 447.753 0.0751128 0.85 
/home/antonkov/masterWork/tests/samePrefixMarkedMtx2304/depth1/node2/test2_2.mtx 1.1 449.085 0.0656641 0.79 
/home/antonkov/masterWork/tests/samePrefixMarkedMtx2304/depth1/node2/test2_2.mtx 1.2 435.946 0.0524523 0.7 
/home/antonkov/masterWork/tests/samePrefixMarkedMtx2304/depth1/node2/test2_2.mtx 1.3 413.855 0.0373307 0.5 
/home/antonkov/masterWork/tests/samePrefixMarkedMtx2304/depth1/node2/test2_2.mtx 1.4 508.534 0.0254622 0.34 
/home/antonkov/masterWork/tests/samePrefixMarkedMtx2304/depth1/node2/test2_2.mtx 1.5 590.242 0.0157972 0.22 
/home/antonkov/masterWork/tests/samePrefixMarkedMtx2304/depth1/node2/test2_2.mtx 1.6 762.743 0.00688874 0.101667 
/home/antonkov/masterWork/tests/samePrefixMarkedMtx2304/depth1/node2/test2_2.mtx 1.7 1059.34 0.00330058 0.0472727 
/home/antonkov/masterWork/tests/samePrefixMarkedMtx2304/depth1/node2/test2_2.mtx 1.8 1518.33 0.00146226 0.0238095 
/home/antonkov/masterWork/tests/samePrefixMarkedMtx2304/depth1/node2/test2_2.mtx 1.9 2994.73 0.000517966 0.00892857 
/home/antonkov/masterWork/tests/samePrefixMarkedMtx2304/depth1/node2/test2_2.mtx 2 0 -1 -1 
/home/antonkov/masterWork/tests/samePrefixMarkedMtx2304/depth1/node2/test2_2.mtx 2.1 0 -1 -1 
/home/antonkov/masterWork/tests/samePrefixMarkedMtx2304/depth1/node2/test2_2.mtx 2.2 0 -1 -1 
/home/antonkov/masterWork/tests/samePrefixMarkedMtx2304/depth1/node2/test2_2.mtx 2.3 0 -1 -1 
/home/antonkov/masterWork/tests/samePrefixMarkedMtx2304/depth1/node2/test2_2.mtx 2.4 0 -1 -1 
/home/antonkov/masterWork/tests/samePrefixMarkedMtx2304/depth1/node2/test2_2.mtx 2.5 0 -1 -1 
/home/antonkov/masterWork/tests/samePrefixMarkedMtx2304/depth1/node2/test2_2.mtx 2.6 0 -1 -1 
/home/antonkov/masterWork/tests/samePrefixMarkedMtx2304/depth1/node2/test2_2.mtx 2.7 0 -1 -1 
/home/antonkov/masterWork/tests/samePrefixMarkedMtx2304/depth1/node2/test2_2.mtx 2.8 0 -1 -1 
/home/antonkov/masterWork/tests/samePrefixMarkedMtx2304/depth1/node2/test2_2.mtx 2.9 0 -1 -1 
/home/antonkov/masterWork/tests/samePrefixMarkedMtx2304/depth1/node2/test2_2.mtx 3 0 -1 -1 
/home/antonkov/masterWork/tests/samePrefixMarkedMtx2304/depth1/node2/test2_2.mtx 3.1 0 -1 -1 
/home/antonkov/masterWork/tests/samePrefixMarkedMtx2304/depth1/node2/test2_2.mtx 3.2 0 -1 -1 
/home/antonkov/masterWork/tests/samePrefixMarkedMtx2304/depth1/node2/test2_2.mtx 3.3 0 -1 -1 
/home/antonkov/masterWork/tests/samePrefixMarkedMtx2304/depth1/node2/test2_2.mtx 3.4 0 -1 -1 
/home/antonkov/masterWork/tests/samePrefixMarkedMtx2304/depth1/node2/test2_2.mtx 3.5 0 -1 -1 
/home/antonkov/masterWork/tests/samePrefixMarkedMtx2304/depth1/node2/test2_3.mtx 1 454.261 0.083546 0.93 
/home/antonkov/masterWork/tests/samePrefixMarkedMtx2304/depth1/node2/test2_3.mtx 1.1 454.289 0.0675434 0.79 
/home/antonkov/masterWork/tests/samePrefixMarkedMtx2304/depth1/node2/test2_3.mtx 1.2 443.864 0.055612 0.69 
/home/antonkov/masterWork/tests/samePrefixMarkedMtx2304/depth1/node2/test2_3.mtx 1.3 548.23 0.0408008 0.535 
/home/antonkov/masterWork/tests/samePrefixMarkedMtx2304/depth1/node2/test2_3.mtx 1.4 516.053 0.026467 0.38 
/home/antonkov/masterWork/tests/samePrefixMarkedMtx2304/depth1/node2/test2_3.mtx 1.5 586.841 0.0139887 0.2 
/home/antonkov/masterWork/tests/samePrefixMarkedMtx2304/depth1/node2/test2_3.mtx 1.6 702.17 0.00678299 0.1 
/home/antonkov/masterWork/tests/samePrefixMarkedMtx2304/depth1/node2/test2_3.mtx 1.7 968.56 0.0034592 0.052 
/home/antonkov/masterWork/tests/samePrefixMarkedMtx2304/depth1/node2/test2_3.mtx 1.8 1897.25 0.00108507 0.0178571 
/home/antonkov/masterWork/tests/samePrefixMarkedMtx2304/depth1/node2/test2_3.mtx 1.9 3784.9 0.000399245 0.00708333 
/home/antonkov/masterWork/tests/samePrefixMarkedMtx2304/depth1/node2/test2_3.mtx 2 0 -1 -1 
/home/antonkov/masterWork/tests/samePrefixMarkedMtx2304/depth1/node2/test2_3.mtx 2.1 0 -1 -1 
/home/antonkov/masterWork/tests/samePrefixMarkedMtx2304/depth1/node2/test2_3.mtx 2.2 0 -1 -1 
/home/antonkov/masterWork/tests/samePrefixMarkedMtx2304/depth1/node2/test2_3.mtx 2.3 0 -1 -1 
/home/antonkov/masterWork/tests/samePrefixMarkedMtx2304/depth1/node2/test2_3.mtx 2.4 0 -1 -1 
/home/antonkov/masterWork/tests/samePrefixMarkedMtx2304/depth1/node2/test2_3.mtx 2.5 0 -1 -1 
/home/antonkov/masterWork/tests/samePrefixMarkedMtx2304/depth1/node2/test2_3.mtx 2.6 0 -1 -1 
/home/antonkov/masterWork/tests/samePrefixMarkedMtx2304/depth1/node2/test2_3.mtx 2.7 0 -1 -1 
/home/antonkov/masterWork/tests/samePrefixMarkedMtx2304/depth1/node2/test2_3.mtx 2.8 0 -1 -1 
/home/antonkov/masterWork/tests/samePrefixMarkedMtx2304/depth1/node2/test2_3.mtx 2.9 0 -1 -1 
/home/antonkov/masterWork/tests/samePrefixMarkedMtx2304/depth1/node2/test2_3.mtx 3 0 -1 -1 
/home/antonkov/masterWork/tests/samePrefixMarkedMtx2304/depth1/node2/test2_3.mtx 3.1 0 -1 -1 
/home/antonkov/masterWork/tests/samePrefixMarkedMtx2304/depth1/node2/test2_3.mtx 3.2 0 -1 -1 
/home/antonkov/masterWork/tests/samePrefixMarkedMtx2304/depth1/node2/test2_3.mtx 3.3 0 -1 -1 
/home/antonkov/masterWork/tests/samePrefixMarkedMtx2304/depth1/node2/test2_3.mtx 3.4 0 -1 -1 
/home/antonkov/masterWork/tests/samePrefixMarkedMtx2304/depth1/node2/test2_3.mtx 3.5 0 -1 -1 
/home/antonkov/masterWork/tests/samePrefixMarkedMtx2304/depth1/node2/test2_4.mtx 1 455.041 0.0817969 0.93 
/home/antonkov/masterWork/tests/samePrefixMarkedMtx2304/depth1/node2/test2_4.mtx 1.1 446.076 0.0668924 0.8 
/home/antonkov/masterWork/tests/samePrefixMarkedMtx2304/depth1/node2/test2_4.mtx 1.2 429.73 0.0505599 0.65 
/home/antonkov/masterWork/tests/samePrefixMarkedMtx2304/depth1/node2/test2_4.mtx 1.3 416.79 0.0373351 0.5 
/home/antonkov/masterWork/tests/samePrefixMarkedMtx2304/depth1/node2/test2_4.mtx 1.4 504.458 0.0257639 0.38 
/home/antonkov/masterWork/tests/samePrefixMarkedMtx2304/depth1/node2/test2_4.mtx 1.5 558.967 0.0129499 0.176667 
/home/antonkov/masterWork/tests/samePrefixMarkedMtx2304/depth1/node2/test2_4.mtx 1.6 674.127 0.0069184 0.102 
/home/antonkov/masterWork/tests/samePrefixMarkedMtx2304/depth1/node2/test2_4.mtx 1.7 970.899 0.00358681 0.052 
/home/antonkov/masterWork/tests/samePrefixMarkedMtx2304/depth1/node2/test2_4.mtx 1.8 1797.18 0.00124933 0.0192308 
/home/antonkov/masterWork/tests/samePrefixMarkedMtx2304/depth1/node2/test2_4.mtx 1.9 4088.2 0.000377229 0.00617284 
/home/antonkov/masterWork/tests/samePrefixMarkedMtx2304/depth1/node2/test2_4.mtx 2 0 -1 -1 
/home/antonkov/masterWork/tests/samePrefixMarkedMtx2304/depth1/node2/test2_4.mtx 2.1 0 -1 -1 
/home/antonkov/masterWork/tests/samePrefixMarkedMtx2304/depth1/node2/test2_4.mtx 2.2 0 -1 -1 
/home/antonkov/masterWork/tests/samePrefixMarkedMtx2304/depth1/node2/test2_4.mtx 2.3 0 -1 -1 
/home/antonkov/masterWork/tests/samePrefixMarkedMtx2304/depth1/node2/test2_4.mtx 2.4 0 -1 -1 
/home/antonkov/masterWork/tests/samePrefixMarkedMtx2304/depth1/node2/test2_4.mtx 2.5 0 -1 -1 
/home/antonkov/masterWork/tests/samePrefixMarkedMtx2304/depth1/node2/test2_4.mtx 2.6 0 -1 -1 
/home/antonkov/masterWork/tests/samePrefixMarkedMtx2304/depth1/node2/test2_4.mtx 2.7 0 -1 -1 
/home/antonkov/masterWork/tests/samePrefixMarkedMtx2304/depth1/node2/test2_4.mtx 2.8 0 -1 -1 
/home/antonkov/masterWork/tests/samePrefixMarkedMtx2304/depth1/node2/test2_4.mtx 2.9 0 -1 -1 
/home/antonkov/masterWork/tests/samePrefixMarkedMtx2304/depth1/node2/test2_4.mtx 3 0 -1 -1 
/home/antonkov/masterWork/tests/samePrefixMarkedMtx2304/depth1/node2/test2_4.mtx 3.1 0 -1 -1 
/home/antonkov/masterWork/tests/samePrefixMarkedMtx2304/depth1/node2/test2_4.mtx 3.2 0 -1 -1 
/home/antonkov/masterWork/tests/samePrefixMarkedMtx2304/depth1/node2/test2_4.mtx 3.3 0 -1 -1 
/home/antonkov/masterWork/tests/samePrefixMarkedMtx2304/depth1/node2/test2_4.mtx 3.4 0 -1 -1 
/home/antonkov/masterWork/tests/samePrefixMarkedMtx2304/depth1/node2/test2_4.mtx 3.5 0 -1 -1 
/home/antonkov/masterWork/tests/samePrefixMarkedMtx2304/depth1/node2/test97_0.mtx 1 453.059 0.0812066 0.91 
/home/antonkov/masterWork/tests/samePrefixMarkedMtx2304/depth1/node2/test97_0.mtx 1.1 445.437 0.0681163 0.8 
/home/antonkov/masterWork/tests/samePrefixMarkedMtx2304/depth1/node2/test97_0.mtx 1.2 446.908 0.0525 0.66 
/home/antonkov/masterWork/tests/samePrefixMarkedMtx2304/depth1/node2/test97_0.mtx 1.3 414.681 0.0390148 0.52 
/home/antonkov/masterWork/tests/samePrefixMarkedMtx2304/depth1/node2/test97_0.mtx 1.4 517.798 0.0276128 0.385 
/home/antonkov/masterWork/tests/samePrefixMarkedMtx2304/depth1/node2/test97_0.mtx 1.5 597.862 0.0158536 0.233333 
/home/antonkov/masterWork/tests/samePrefixMarkedMtx2304/depth1/node2/test97_0.mtx 1.6 684.186 0.0067717 0.1 
/home/antonkov/masterWork/tests/samePrefixMarkedMtx2304/depth1/node2/test97_0.mtx 1.7 1046.97 0.00327178 0.0490909 
/home/antonkov/masterWork/tests/samePrefixMarkedMtx2304/depth1/node2/test97_0.mtx 1.8 1470.18 0.0016135 0.026 
/home/antonkov/masterWork/tests/samePrefixMarkedMtx2304/depth1/node2/test97_0.mtx 1.9 3334.35 0.000509423 0.00822581 
/home/antonkov/masterWork/tests/samePrefixMarkedMtx2304/depth1/node2/test97_0.mtx 2 0 -1 -1 
/home/antonkov/masterWork/tests/samePrefixMarkedMtx2304/depth1/node2/test97_0.mtx 2.1 0 -1 -1 
/home/antonkov/masterWork/tests/samePrefixMarkedMtx2304/depth1/node2/test97_0.mtx 2.2 0 -1 -1 
/home/antonkov/masterWork/tests/samePrefixMarkedMtx2304/depth1/node2/test97_0.mtx 2.3 0 -1 -1 
/home/antonkov/masterWork/tests/samePrefixMarkedMtx2304/depth1/node2/test97_0.mtx 2.4 0 -1 -1 
/home/antonkov/masterWork/tests/samePrefixMarkedMtx2304/depth1/node2/test97_0.mtx 2.5 0 -1 -1 
/home/antonkov/masterWork/tests/samePrefixMarkedMtx2304/depth1/node2/test97_0.mtx 2.6 0 -1 -1 
/home/antonkov/masterWork/tests/samePrefixMarkedMtx2304/depth1/node2/test97_0.mtx 2.7 0 -1 -1 
/home/antonkov/masterWork/tests/samePrefixMarkedMtx2304/depth1/node2/test97_0.mtx 2.8 0 -1 -1 
/home/antonkov/masterWork/tests/samePrefixMarkedMtx2304/depth1/node2/test97_0.mtx 2.9 0 -1 -1 
/home/antonkov/masterWork/tests/samePrefixMarkedMtx2304/depth1/node2/test97_0.mtx 3 0 -1 -1 
/home/antonkov/masterWork/tests/samePrefixMarkedMtx2304/depth1/node2/test97_0.mtx 3.1 0 -1 -1 
/home/antonkov/masterWork/tests/samePrefixMarkedMtx2304/depth1/node2/test97_0.mtx 3.2 0 -1 -1 
/home/antonkov/masterWork/tests/samePrefixMarkedMtx2304/depth1/node2/test97_0.mtx 3.3 0 -1 -1 
/home/antonkov/masterWork/tests/samePrefixMarkedMtx2304/depth1/node2/test97_0.mtx 3.4 0 -1 -1 
/home/antonkov/masterWork/tests/samePrefixMarkedMtx2304/depth1/node2/test97_0.mtx 3.5 0 -1 -1 
/home/antonkov/masterWork/tests/samePrefixMarkedMtx2304/depth1/node2/test97_1.mtx 1 452.05 0.0798003 0.89 
/home/antonkov/masterWork/tests/samePrefixMarkedMtx2304/depth1/node2/test97_1.mtx 1.1 447.633 0.0674566 0.79 
/home/antonkov/masterWork/tests/samePrefixMarkedMtx2304/depth1/node2/test97_1.mtx 1.2 436.363 0.0551476 0.68 
/home/antonkov/masterWork/tests/samePrefixMarkedMtx2304/depth1/node2/test97_1.mtx 1.3 558.089 0.0392491 0.505 
/home/antonkov/masterWork/tests/samePrefixMarkedMtx2304/depth1/node2/test97_1.mtx 1.4 507.585 0.0267426 0.35 
/home/antonkov/masterWork/tests/samePrefixMarkedMtx2304/depth1/node2/test97_1.mtx 1.5 589.992 0.0187109 0.263333 
/home/antonkov/masterWork/tests/samePrefixMarkedMtx2304/depth1/node2/test97_1.mtx 1.6 629.676 0.00974501 0.1425 
/home/antonkov/masterWork/tests/samePrefixMarkedMtx2304/depth1/node2/test97_1.mtx 1.7 801.697 0.00485925 0.0771429 
/home/antonkov/masterWork/tests/samePrefixMarkedMtx2304/depth1/node2/test97_1.mtx 1.8 1202.65 0.00194184 0.0333333 
/home/antonkov/masterWork/tests/samePrefixMarkedMtx2304/depth1/node2/test97_1.mtx 1.9 2512.67 0.000656089 0.0116279 
/home/antonkov/masterWork/tests/samePrefixMarkedMtx2304/depth1/node2/test97_1.mtx 2 7131.77 0.000166791 0.00324675 
/home/antonkov/masterWork/tests/samePrefixMarkedMtx2304/depth1/node2/test97_1.mtx 2.1 0 -1 -1 
/home/antonkov/masterWork/tests/samePrefixMarkedMtx2304/depth1/node2/test97_1.mtx 2.2 0 -1 -1 
/home/antonkov/masterWork/tests/samePrefixMarkedMtx2304/depth1/node2/test97_1.mtx 2.3 0 -1 -1 
/home/antonkov/masterWork/tests/samePrefixMarkedMtx2304/depth1/node2/test97_1.mtx 2.4 0 -1 -1 
/home/antonkov/masterWork/tests/samePrefixMarkedMtx2304/depth1/node2/test97_1.mtx 2.5 0 -1 -1 
/home/antonkov/masterWork/tests/samePrefixMarkedMtx2304/depth1/node2/test97_1.mtx 2.6 0 -1 -1 
/home/antonkov/masterWork/tests/samePrefixMarkedMtx2304/depth1/node2/test97_1.mtx 2.7 0 -1 -1 
/home/antonkov/masterWork/tests/samePrefixMarkedMtx2304/depth1/node2/test97_1.mtx 2.8 0 -1 -1 
/home/antonkov/masterWork/tests/samePrefixMarkedMtx2304/depth1/node2/test97_1.mtx 2.9 0 -1 -1 
/home/antonkov/masterWork/tests/samePrefixMarkedMtx2304/depth1/node2/test97_1.mtx 3 0 -1 -1 
/home/antonkov/masterWork/tests/samePrefixMarkedMtx2304/depth1/node2/test97_1.mtx 3.1 0 -1 -1 
/home/antonkov/masterWork/tests/samePrefixMarkedMtx2304/depth1/node2/test97_1.mtx 3.2 0 -1 -1 
/home/antonkov/masterWork/tests/samePrefixMarkedMtx2304/depth1/node2/test97_1.mtx 3.3 0 -1 -1 
/home/antonkov/masterWork/tests/samePrefixMarkedMtx2304/depth1/node2/test97_1.mtx 3.4 0 -1 -1 
/home/antonkov/masterWork/tests/samePrefixMarkedMtx2304/depth1/node2/test97_1.mtx 3.5 0 -1 -1 
/home/antonkov/masterWork/tests/samePrefixMarkedMtx2304/depth1/node2/test97_2.mtx 1 449.99 0.0785634 0.87 
/home/antonkov/masterWork/tests/samePrefixMarkedMtx2304/depth1/node2/test97_2.mtx 1.1 446.182 0.0651953 0.76 
/home/antonkov/masterWork/tests/samePrefixMarkedMtx2304/depth1/node2/test97_2.mtx 1.2 434.687 0.0522743 0.64 
/home/antonkov/masterWork/tests/samePrefixMarkedMtx2304/depth1/node2/test97_2.mtx 1.3 419.034 0.0381858 0.51 
/home/antonkov/masterWork/tests/samePrefixMarkedMtx2304/depth1/node2/test97_2.mtx 1.4 507.592 0.0252561 0.35 
/home/antonkov/masterWork/tests/samePrefixMarkedMtx2304/depth1/node2/test97_2.mtx 1.5 579.107 0.0165799 0.233333 
/home/antonkov/masterWork/tests/samePrefixMarkedMtx2304/depth1/node2/test97_2.mtx 1.6 629.185 0.00985352 0.1425 
/home/antonkov/masterWork/tests/samePrefixMarkedMtx2304/depth1/node2/test97_2.mtx 1.7 903.445 0.0041874 0.06 
/home/antonkov/masterWork/tests/samePrefixMarkedMtx2304/depth1/node2/test97_2.mtx 1.8 1551.39 0.00158482 0.0242857 
/home/antonkov/masterWork/tests/samePrefixMarkedMtx2304/depth1/node2/test97_2.mtx 1.9 3120.11 0.000605004 0.00892857 
/home/antonkov/masterWork/tests/samePrefixMarkedMtx2304/depth1/node2/test97_2.mtx 2 0 -1 -1 
/home/antonkov/masterWork/tests/samePrefixMarkedMtx2304/depth1/node2/test97_2.mtx 2.1 0 -1 -1 
/home/antonkov/masterWork/tests/samePrefixMarkedMtx2304/depth1/node2/test97_2.mtx 2.2 0 -1 -1 
/home/antonkov/masterWork/tests/samePrefixMarkedMtx2304/depth1/node2/test97_2.mtx 2.3 0 -1 -1 
/home/antonkov/masterWork/tests/samePrefixMarkedMtx2304/depth1/node2/test97_2.mtx 2.4 0 -1 -1 
/home/antonkov/masterWork/tests/samePrefixMarkedMtx2304/depth1/node2/test97_2.mtx 2.5 0 -1 -1 
/home/antonkov/masterWork/tests/samePrefixMarkedMtx2304/depth1/node2/test97_2.mtx 2.6 0 -1 -1 
/home/antonkov/masterWork/tests/samePrefixMarkedMtx2304/depth1/node2/test97_2.mtx 2.7 0 -1 -1 
/home/antonkov/masterWork/tests/samePrefixMarkedMtx2304/depth1/node2/test97_2.mtx 2.8 0 -1 -1 
/home/antonkov/masterWork/tests/samePrefixMarkedMtx2304/depth1/node2/test97_2.mtx 2.9 0 -1 -1 
/home/antonkov/masterWork/tests/samePrefixMarkedMtx2304/depth1/node2/test97_2.mtx 3 0 -1 -1 
/home/antonkov/masterWork/tests/samePrefixMarkedMtx2304/depth1/node2/test97_2.mtx 3.1 0 -1 -1 
/home/antonkov/masterWork/tests/samePrefixMarkedMtx2304/depth1/node2/test97_2.mtx 3.2 0 -1 -1 
/home/antonkov/masterWork/tests/samePrefixMarkedMtx2304/depth1/node2/test97_2.mtx 3.3 0 -1 -1 
/home/antonkov/masterWork/tests/samePrefixMarkedMtx2304/depth1/node2/test97_2.mtx 3.4 0 -1 -1 
/home/antonkov/masterWork/tests/samePrefixMarkedMtx2304/depth1/node2/test97_2.mtx 3.5 0 -1 -1 
/home/antonkov/masterWork/tests/samePrefixMarkedMtx2304/depth1/node2/test97_3.mtx 1 458.047 0.0803429 0.92 
/home/antonkov/masterWork/tests/samePrefixMarkedMtx2304/depth1/node2/test97_3.mtx 1.1 450.653 0.0674175 0.81 
/home/antonkov/masterWork/tests/samePrefixMarkedMtx2304/depth1/node2/test97_3.mtx 1.2 442.975 0.057309 0.74 
/home/antonkov/masterWork/tests/samePrefixMarkedMtx2304/depth1/node2/test97_3.mtx 1.3 416.088 0.0417925 0.54 
/home/antonkov/masterWork/tests/samePrefixMarkedMtx2304/depth1/node2/test97_3.mtx 1.4 535.71 0.0312999 0.46 
/home/antonkov/masterWork/tests/samePrefixMarkedMtx2304/depth1/node2/test97_3.mtx 1.5 595.238 0.0166652 0.243333 
/home/antonkov/masterWork/tests/samePrefixMarkedMtx2304/depth1/node2/test97_3.mtx 1.6 612.733 0.00901584 0.1325 
/home/antonkov/masterWork/tests/samePrefixMarkedMtx2304/depth1/node2/test97_3.mtx 1.7 869.811 0.00437663 0.0675 
/home/antonkov/masterWork/tests/samePrefixMarkedMtx2304/depth1/node2/test97_3.mtx 1.8 1381.4 0.00175395 0.0294444 
/home/antonkov/masterWork/tests/samePrefixMarkedMtx2304/depth1/node2/test97_3.mtx 1.9 2851.35 0.000574619 0.00980392 
/home/antonkov/masterWork/tests/samePrefixMarkedMtx2304/depth1/node2/test97_3.mtx 2 0 -1 -1 
/home/antonkov/masterWork/tests/samePrefixMarkedMtx2304/depth1/node2/test97_3.mtx 2.1 0 -1 -1 
/home/antonkov/masterWork/tests/samePrefixMarkedMtx2304/depth1/node2/test97_3.mtx 2.2 0 -1 -1 
/home/antonkov/masterWork/tests/samePrefixMarkedMtx2304/depth1/node2/test97_3.mtx 2.3 0 -1 -1 
/home/antonkov/masterWork/tests/samePrefixMarkedMtx2304/depth1/node2/test97_3.mtx 2.4 0 -1 -1 
/home/antonkov/masterWork/tests/samePrefixMarkedMtx2304/depth1/node2/test97_3.mtx 2.5 0 -1 -1 
/home/antonkov/masterWork/tests/samePrefixMarkedMtx2304/depth1/node2/test97_3.mtx 2.6 0 -1 -1 
/home/antonkov/masterWork/tests/samePrefixMarkedMtx2304/depth1/node2/test97_3.mtx 2.7 0 -1 -1 
/home/antonkov/masterWork/tests/samePrefixMarkedMtx2304/depth1/node2/test97_3.mtx 2.8 0 -1 -1 
/home/antonkov/masterWork/tests/samePrefixMarkedMtx2304/depth1/node2/test97_3.mtx 2.9 0 -1 -1 
/home/antonkov/masterWork/tests/samePrefixMarkedMtx2304/depth1/node2/test97_3.mtx 3 0 -1 -1 
/home/antonkov/masterWork/tests/samePrefixMarkedMtx2304/depth1/node2/test97_3.mtx 3.1 0 -1 -1 
/home/antonkov/masterWork/tests/samePrefixMarkedMtx2304/depth1/node2/test97_3.mtx 3.2 0 -1 -1 
/home/antonkov/masterWork/tests/samePrefixMarkedMtx2304/depth1/node2/test97_3.mtx 3.3 0 -1 -1 
/home/antonkov/masterWork/tests/samePrefixMarkedMtx2304/depth1/node2/test97_3.mtx 3.4 0 -1 -1 
/home/antonkov/masterWork/tests/samePrefixMarkedMtx2304/depth1/node2/test97_3.mtx 3.5 0 -1 -1 
/home/antonkov/masterWork/tests/samePrefixMarkedMtx2304/depth1/node2/test97_4.mtx 1 459.124 0.0816059 0.91 
/home/antonkov/masterWork/tests/samePrefixMarkedMtx2304/depth1/node2/test97_4.mtx 1.1 458.064 0.0687153 0.82 
/home/antonkov/masterWork/tests/samePrefixMarkedMtx2304/depth1/node2/test97_4.mtx 1.2 446.674 0.0554514 0.71 
/home/antonkov/masterWork/tests/samePrefixMarkedMtx2304/depth1/node2/test97_4.mtx 1.3 414.341 0.0409462 0.53 
/home/antonkov/masterWork/tests/samePrefixMarkedMtx2304/depth1/node2/test97_4.mtx 1.4 528.427 0.0315929 0.425 
/home/antonkov/masterWork/tests/samePrefixMarkedMtx2304/depth1/node2/test97_4.mtx 1.5 486.237 0.0186133 0.255 
/home/antonkov/masterWork/tests/samePrefixMarkedMtx2304/depth1/node2/test97_4.mtx 1.6 619.804 0.00897678 0.13 
/home/antonkov/masterWork/tests/samePrefixMarkedMtx2304/depth1/node2/test97_4.mtx 1.7 923.934 0.00367814 0.0555556 
/home/antonkov/masterWork/tests/samePrefixMarkedMtx2304/depth1/node2/test97_4.mtx 1.8 1443.17 0.00167882 0.0255 
/home/antonkov/masterWork/tests/samePrefixMarkedMtx2304/depth1/node2/test97_4.mtx 1.9 2583.37 0.000662836 0.0108696 
/home/antonkov/masterWork/tests/samePrefixMarkedMtx2304/depth1/node2/test97_4.mtx 2 7677.73 0.000187485 0.00289017 
/home/antonkov/masterWork/tests/samePrefixMarkedMtx2304/depth1/node2/test97_4.mtx 2.1 0 -1 -1 
/home/antonkov/masterWork/tests/samePrefixMarkedMtx2304/depth1/node2/test97_4.mtx 2.2 0 -1 -1 
/home/antonkov/masterWork/tests/samePrefixMarkedMtx2304/depth1/node2/test97_4.mtx 2.3 0 -1 -1 
/home/antonkov/masterWork/tests/samePrefixMarkedMtx2304/depth1/node2/test97_4.mtx 2.4 0 -1 -1 
/home/antonkov/masterWork/tests/samePrefixMarkedMtx2304/depth1/node2/test97_4.mtx 2.5 0 -1 -1 
/home/antonkov/masterWork/tests/samePrefixMarkedMtx2304/depth1/node2/test97_4.mtx 2.6 0 -1 -1 
/home/antonkov/masterWork/tests/samePrefixMarkedMtx2304/depth1/node2/test97_4.mtx 2.7 0 -1 -1 
/home/antonkov/masterWork/tests/samePrefixMarkedMtx2304/depth1/node2/test97_4.mtx 2.8 0 -1 -1 
/home/antonkov/masterWork/tests/samePrefixMarkedMtx2304/depth1/node2/test97_4.mtx 2.9 0 -1 -1 
/home/antonkov/masterWork/tests/samePrefixMarkedMtx2304/depth1/node2/test97_4.mtx 3 0 -1 -1 
/home/antonkov/masterWork/tests/samePrefixMarkedMtx2304/depth1/node2/test97_4.mtx 3.1 0 -1 -1 
/home/antonkov/masterWork/tests/samePrefixMarkedMtx2304/depth1/node2/test97_4.mtx 3.2 0 -1 -1 
/home/antonkov/masterWork/tests/samePrefixMarkedMtx2304/depth1/node2/test97_4.mtx 3.3 0 -1 -1 
/home/antonkov/masterWork/tests/samePrefixMarkedMtx2304/depth1/node2/test97_4.mtx 3.4 0 -1 -1 
/home/antonkov/masterWork/tests/samePrefixMarkedMtx2304/depth1/node2/test97_4.mtx 3.5 0 -1 -1 
/home/antonkov/masterWork/tests/samePrefixMarkedMtx2304/depth1/node2/test98_0.mtx 1 432.529 0.0804123 0.9 
/home/antonkov/masterWork/tests/samePrefixMarkedMtx2304/depth1/node2/test98_0.mtx 1.1 433.265 0.0666146 0.79 
/home/antonkov/masterWork/tests/samePrefixMarkedMtx2304/depth1/node2/test98_0.mtx 1.2 411.933 0.0558811 0.73 
/home/antonkov/masterWork/tests/samePrefixMarkedMtx2304/depth1/node2/test98_0.mtx 1.3 398.951 0.0406424 0.56 
/home/antonkov/masterWork/tests/samePrefixMarkedMtx2304/depth1/node2/test98_0.mtx 1.4 505.807 0.0288411 0.4 
/home/antonkov/masterWork/tests/samePrefixMarkedMtx2304/depth1/node2/test98_0.mtx 1.5 571.013 0.0160807 0.223333 
/home/antonkov/masterWork/tests/samePrefixMarkedMtx2304/depth1/node2/test98_0.mtx 1.6 675.983 0.00753733 0.112 
/home/antonkov/masterWork/tests/samePrefixMarkedMtx2304/depth1/node2/test98_0.mtx 1.7 837.686 0.00469564 0.07375 
/home/antonkov/masterWork/tests/samePrefixMarkedMtx2304/depth1/node2/test98_0.mtx 1.8 1414.62 0.00167603 0.0273684 
/home/antonkov/masterWork/tests/samePrefixMarkedMtx2304/depth1/node2/test98_0.mtx 1.9 2924.41 0.000600023 0.00943396 
/home/antonkov/masterWork/tests/samePrefixMarkedMtx2304/depth1/node2/test98_0.mtx 2 0 -1 -1 
/home/antonkov/masterWork/tests/samePrefixMarkedMtx2304/depth1/node2/test98_0.mtx 2.1 0 -1 -1 
/home/antonkov/masterWork/tests/samePrefixMarkedMtx2304/depth1/node2/test98_0.mtx 2.2 0 -1 -1 
/home/antonkov/masterWork/tests/samePrefixMarkedMtx2304/depth1/node2/test98_0.mtx 2.3 0 -1 -1 
/home/antonkov/masterWork/tests/samePrefixMarkedMtx2304/depth1/node2/test98_0.mtx 2.4 0 -1 -1 
/home/antonkov/masterWork/tests/samePrefixMarkedMtx2304/depth1/node2/test98_0.mtx 2.5 0 -1 -1 
/home/antonkov/masterWork/tests/samePrefixMarkedMtx2304/depth1/node2/test98_0.mtx 2.6 0 -1 -1 
/home/antonkov/masterWork/tests/samePrefixMarkedMtx2304/depth1/node2/test98_0.mtx 2.7 0 -1 -1 
/home/antonkov/masterWork/tests/samePrefixMarkedMtx2304/depth1/node2/test98_0.mtx 2.8 0 -1 -1 
/home/antonkov/masterWork/tests/samePrefixMarkedMtx2304/depth1/node2/test98_0.mtx 2.9 0 -1 -1 
/home/antonkov/masterWork/tests/samePrefixMarkedMtx2304/depth1/node2/test98_0.mtx 3 0 -1 -1 
/home/antonkov/masterWork/tests/samePrefixMarkedMtx2304/depth1/node2/test98_0.mtx 3.1 0 -1 -1 
/home/antonkov/masterWork/tests/samePrefixMarkedMtx2304/depth1/node2/test98_0.mtx 3.2 0 -1 -1 
/home/antonkov/masterWork/tests/samePrefixMarkedMtx2304/depth1/node2/test98_0.mtx 3.3 0 -1 -1 
/home/antonkov/masterWork/tests/samePrefixMarkedMtx2304/depth1/node2/test98_0.mtx 3.4 0 -1 -1 
/home/antonkov/masterWork/tests/samePrefixMarkedMtx2304/depth1/node2/test98_0.mtx 3.5 0 -1 -1 
/home/antonkov/masterWork/tests/samePrefixMarkedMtx2304/depth1/node2/test98_1.mtx 1 436.088 0.084171 0.92 
/home/antonkov/masterWork/tests/samePrefixMarkedMtx2304/depth1/node2/test98_1.mtx 1.1 435.749 0.0748134 0.86 
/home/antonkov/masterWork/tests/samePrefixMarkedMtx2304/depth1/node2/test98_1.mtx 1.2 429.425 0.0595833 0.74 
/home/antonkov/masterWork/tests/samePrefixMarkedMtx2304/depth1/node2/test98_1.mtx 1.3 400.941 0.0444878 0.56 
/home/antonkov/masterWork/tests/samePrefixMarkedMtx2304/depth1/node2/test98_1.mtx 1.4 511.054 0.0297765 0.41 
/home/antonkov/masterWork/tests/samePrefixMarkedMtx2304/depth1/node2/test98_1.mtx 1.5 572.084 0.0149103 0.216667 
/home/antonkov/masterWork/tests/samePrefixMarkedMtx2304/depth1/node2/test98_1.mtx 1.6 597.822 0.00910916 0.135 
/home/antonkov/masterWork/tests/samePrefixMarkedMtx2304/depth1/node2/test98_1.mtx 1.7 898.749 0.00400897 0.0611111 
/home/antonkov/masterWork/tests/samePrefixMarkedMtx2304/depth1/node2/test98_1.mtx 1.8 1400.4 0.0017023 0.0263158 
/home/antonkov/masterWork/tests/samePrefixMarkedMtx2304/depth1/node2/test98_1.mtx 1.9 2998.61 0.00056512 0.00925926 
/home/antonkov/masterWork/tests/samePrefixMarkedMtx2304/depth1/node2/test98_1.mtx 2 0 -1 -1 
/home/antonkov/masterWork/tests/samePrefixMarkedMtx2304/depth1/node2/test98_1.mtx 2.1 0 -1 -1 
/home/antonkov/masterWork/tests/samePrefixMarkedMtx2304/depth1/node2/test98_1.mtx 2.2 0 -1 -1 
/home/antonkov/masterWork/tests/samePrefixMarkedMtx2304/depth1/node2/test98_1.mtx 2.3 0 -1 -1 
/home/antonkov/masterWork/tests/samePrefixMarkedMtx2304/depth1/node2/test98_1.mtx 2.4 0 -1 -1 
/home/antonkov/masterWork/tests/samePrefixMarkedMtx2304/depth1/node2/test98_1.mtx 2.5 0 -1 -1 
/home/antonkov/masterWork/tests/samePrefixMarkedMtx2304/depth1/node2/test98_1.mtx 2.6 0 -1 -1 
/home/antonkov/masterWork/tests/samePrefixMarkedMtx2304/depth1/node2/test98_1.mtx 2.7 0 -1 -1 
/home/antonkov/masterWork/tests/samePrefixMarkedMtx2304/depth1/node2/test98_1.mtx 2.8 0 -1 -1 
/home/antonkov/masterWork/tests/samePrefixMarkedMtx2304/depth1/node2/test98_1.mtx 2.9 0 -1 -1 
/home/antonkov/masterWork/tests/samePrefixMarkedMtx2304/depth1/node2/test98_1.mtx 3 0 -1 -1 
/home/antonkov/masterWork/tests/samePrefixMarkedMtx2304/depth1/node2/test98_1.mtx 3.1 0 -1 -1 
/home/antonkov/masterWork/tests/samePrefixMarkedMtx2304/depth1/node2/test98_1.mtx 3.2 0 -1 -1 
/home/antonkov/masterWork/tests/samePrefixMarkedMtx2304/depth1/node2/test98_1.mtx 3.3 0 -1 -1 
/home/antonkov/masterWork/tests/samePrefixMarkedMtx2304/depth1/node2/test98_1.mtx 3.4 0 -1 -1 
/home/antonkov/masterWork/tests/samePrefixMarkedMtx2304/depth1/node2/test98_1.mtx 3.5 0 -1 -1 
/home/antonkov/masterWork/tests/samePrefixMarkedMtx2304/depth1/node2/test98_2.mtx 1 439.093 0.085395 0.94 
/home/antonkov/masterWork/tests/samePrefixMarkedMtx2304/depth1/node2/test98_2.mtx 1.1 431.08 0.0740929 0.87 
/home/antonkov/masterWork/tests/samePrefixMarkedMtx2304/depth1/node2/test98_2.mtx 1.2 428.171 0.0631424 0.8 
/home/antonkov/masterWork/tests/samePrefixMarkedMtx2304/depth1/node2/test98_2.mtx 1.3 400.503 0.0424696 0.54 
/home/antonkov/masterWork/tests/samePrefixMarkedMtx2304/depth1/node2/test98_2.mtx 1.4 498.133 0.0276736 0.385 
/home/antonkov/masterWork/tests/samePrefixMarkedMtx2304/depth1/node2/test98_2.mtx 1.5 464.521 0.0177083 0.25 
/home/antonkov/masterWork/tests/samePrefixMarkedMtx2304/depth1/node2/test98_2.mtx 1.6 693.559 0.00850521 0.124 
/home/antonkov/masterWork/tests/samePrefixMarkedMtx2304/depth1/node2/test98_2.mtx 1.7 834.294 0.00416016 0.065 
/home/antonkov/masterWork/tests/samePrefixMarkedMtx2304/depth1/node2/test98_2.mtx 1.8 1741.12 0.00128212 0.0204 
/home/antonkov/masterWork/tests/samePrefixMarkedMtx2304/depth1/node2/test98_2.mtx 1.9 2776.52 0.000574219 0.0102 
/home/antonkov/masterWork/tests/samePrefixMarkedMtx2304/depth1/node2/test98_2.mtx 2 6786.88 0.000191543 0.00328947 
/home/antonkov/masterWork/tests/samePrefixMarkedMtx2304/depth1/node2/test98_2.mtx 2.1 0 -1 -1 
/home/antonkov/masterWork/tests/samePrefixMarkedMtx2304/depth1/node2/test98_2.mtx 2.2 0 -1 -1 
/home/antonkov/masterWork/tests/samePrefixMarkedMtx2304/depth1/node2/test98_2.mtx 2.3 0 -1 -1 
/home/antonkov/masterWork/tests/samePrefixMarkedMtx2304/depth1/node2/test98_2.mtx 2.4 0 -1 -1 
/home/antonkov/masterWork/tests/samePrefixMarkedMtx2304/depth1/node2/test98_2.mtx 2.5 0 -1 -1 
/home/antonkov/masterWork/tests/samePrefixMarkedMtx2304/depth1/node2/test98_2.mtx 2.6 0 -1 -1 
/home/antonkov/masterWork/tests/samePrefixMarkedMtx2304/depth1/node2/test98_2.mtx 2.7 0 -1 -1 
/home/antonkov/masterWork/tests/samePrefixMarkedMtx2304/depth1/node2/test98_2.mtx 2.8 0 -1 -1 
/home/antonkov/masterWork/tests/samePrefixMarkedMtx2304/depth1/node2/test98_2.mtx 2.9 0 -1 -1 
/home/antonkov/masterWork/tests/samePrefixMarkedMtx2304/depth1/node2/test98_2.mtx 3 0 -1 -1 
/home/antonkov/masterWork/tests/samePrefixMarkedMtx2304/depth1/node2/test98_2.mtx 3.1 0 -1 -1 
/home/antonkov/masterWork/tests/samePrefixMarkedMtx2304/depth1/node2/test98_2.mtx 3.2 0 -1 -1 
/home/antonkov/masterWork/tests/samePrefixMarkedMtx2304/depth1/node2/test98_2.mtx 3.3 0 -1 -1 
/home/antonkov/masterWork/tests/samePrefixMarkedMtx2304/depth1/node2/test98_2.mtx 3.4 0 -1 -1 
/home/antonkov/masterWork/tests/samePrefixMarkedMtx2304/depth1/node2/test98_2.mtx 3.5 0 -1 -1 
/home/antonkov/masterWork/tests/samePrefixMarkedMtx2304/depth1/node2/test98_3.mtx 1 431.867 0.0826085 0.93 
/home/antonkov/masterWork/tests/samePrefixMarkedMtx2304/depth1/node2/test98_3.mtx 1.1 431.142 0.0700825 0.82 
/home/antonkov/masterWork/tests/samePrefixMarkedMtx2304/depth1/node2/test98_3.mtx 1.2 410.154 0.0547526 0.7 
/home/antonkov/masterWork/tests/samePrefixMarkedMtx2304/depth1/node2/test98_3.mtx 1.3 401.731 0.039783 0.53 
/home/antonkov/masterWork/tests/samePrefixMarkedMtx2304/depth1/node2/test98_3.mtx 1.4 505.64 0.0294683 0.395 
/home/antonkov/masterWork/tests/samePrefixMarkedMtx2304/depth1/node2/test98_3.mtx 1.5 463.322 0.018418 0.27 
/home/antonkov/masterWork/tests/samePrefixMarkedMtx2304/depth1/node2/test98_3.mtx 1.6 608.578 0.0104058 0.1525 
/home/antonkov/masterWork/tests/samePrefixMarkedMtx2304/depth1/node2/test98_3.mtx 1.7 844.704 0.00427138 0.0675 
/home/antonkov/masterWork/tests/samePrefixMarkedMtx2304/depth1/node2/test98_3.mtx 1.8 1326.2 0.00179279 0.0305882 
/home/antonkov/masterWork/tests/samePrefixMarkedMtx2304/depth1/node2/test98_3.mtx 1.9 3292.94 0.000521118 0.00819672 
/home/antonkov/masterWork/tests/samePrefixMarkedMtx2304/depth1/node2/test98_3.mtx 2 0 -1 -1 
/home/antonkov/masterWork/tests/samePrefixMarkedMtx2304/depth1/node2/test98_3.mtx 2.1 0 -1 -1 
/home/antonkov/masterWork/tests/samePrefixMarkedMtx2304/depth1/node2/test98_3.mtx 2.2 0 -1 -1 
/home/antonkov/masterWork/tests/samePrefixMarkedMtx2304/depth1/node2/test98_3.mtx 2.3 0 -1 -1 
/home/antonkov/masterWork/tests/samePrefixMarkedMtx2304/depth1/node2/test98_3.mtx 2.4 0 -1 -1 
/home/antonkov/masterWork/tests/samePrefixMarkedMtx2304/depth1/node2/test98_3.mtx 2.5 0 -1 -1 
/home/antonkov/masterWork/tests/samePrefixMarkedMtx2304/depth1/node2/test98_3.mtx 2.6 0 -1 -1 
/home/antonkov/masterWork/tests/samePrefixMarkedMtx2304/depth1/node2/test98_3.mtx 2.7 0 -1 -1 
/home/antonkov/masterWork/tests/samePrefixMarkedMtx2304/depth1/node2/test98_3.mtx 2.8 0 -1 -1 
/home/antonkov/masterWork/tests/samePrefixMarkedMtx2304/depth1/node2/test98_3.mtx 2.9 0 -1 -1 
/home/antonkov/masterWork/tests/samePrefixMarkedMtx2304/depth1/node2/test98_3.mtx 3 0 -1 -1 
/home/antonkov/masterWork/tests/samePrefixMarkedMtx2304/depth1/node2/test98_3.mtx 3.1 0 -1 -1 
/home/antonkov/masterWork/tests/samePrefixMarkedMtx2304/depth1/node2/test98_3.mtx 3.2 0 -1 -1 
/home/antonkov/masterWork/tests/samePrefixMarkedMtx2304/depth1/node2/test98_3.mtx 3.3 0 -1 -1 
/home/antonkov/masterWork/tests/samePrefixMarkedMtx2304/depth1/node2/test98_3.mtx 3.4 0 -1 -1 
/home/antonkov/masterWork/tests/samePrefixMarkedMtx2304/depth1/node2/test98_3.mtx 3.5 0 -1 -1 
/home/antonkov/masterWork/tests/samePrefixMarkedMtx2304/depth1/node2/test98_4.mtx 1 431.683 0.0837023 0.92 
/home/antonkov/masterWork/tests/samePrefixMarkedMtx2304/depth1/node2/test98_4.mtx 1.1 431.487 0.0701346 0.82 
/home/antonkov/masterWork/tests/samePrefixMarkedMtx2304/depth1/node2/test98_4.mtx 1.2 422.152 0.0577561 0.7 
/home/antonkov/masterWork/tests/samePrefixMarkedMtx2304/depth1/node2/test98_4.mtx 1.3 402.135 0.0463845 0.6 
/home/antonkov/masterWork/tests/samePrefixMarkedMtx2304/depth1/node2/test98_4.mtx 1.4 514.304 0.0288433 0.395 
/home/antonkov/masterWork/tests/samePrefixMarkedMtx2304/depth1/node2/test98_4.mtx 1.5 571.189 0.0178284 0.246667 
/home/antonkov/masterWork/tests/samePrefixMarkedMtx2304/depth1/node2/test98_4.mtx 1.6 591.747 0.0093099 0.1375 
/home/antonkov/masterWork/tests/samePrefixMarkedMtx2304/depth1/node2/test98_4.mtx 1.7 762.776 0.00466456 0.0771429 
/home/antonkov/masterWork/tests/samePrefixMarkedMtx2304/depth1/node2/test98_4.mtx 1.8 1300.02 0.00203993 0.0335294 
/home/antonkov/masterWork/tests/samePrefixMarkedMtx2304/depth1/node2/test98_4.mtx 1.9 2482.93 0.000683846 0.0116279 
/home/antonkov/masterWork/tests/samePrefixMarkedMtx2304/depth1/node2/test98_4.mtx 2 5666.83 0.000247816 0.0041129 
/home/antonkov/masterWork/tests/samePrefixMarkedMtx2304/depth1/node2/test98_4.mtx 2.1 0 -1 -1 
/home/antonkov/masterWork/tests/samePrefixMarkedMtx2304/depth1/node2/test98_4.mtx 2.2 0 -1 -1 
/home/antonkov/masterWork/tests/samePrefixMarkedMtx2304/depth1/node2/test98_4.mtx 2.3 0 -1 -1 
/home/antonkov/masterWork/tests/samePrefixMarkedMtx2304/depth1/node2/test98_4.mtx 2.4 0 -1 -1 
/home/antonkov/masterWork/tests/samePrefixMarkedMtx2304/depth1/node2/test98_4.mtx 2.5 0 -1 -1 
/home/antonkov/masterWork/tests/samePrefixMarkedMtx2304/depth1/node2/test98_4.mtx 2.6 0 -1 -1 
/home/antonkov/masterWork/tests/samePrefixMarkedMtx2304/depth1/node2/test98_4.mtx 2.7 0 -1 -1 
/home/antonkov/masterWork/tests/samePrefixMarkedMtx2304/depth1/node2/test98_4.mtx 2.8 0 -1 -1 
/home/antonkov/masterWork/tests/samePrefixMarkedMtx2304/depth1/node2/test98_4.mtx 2.9 0 -1 -1 
/home/antonkov/masterWork/tests/samePrefixMarkedMtx2304/depth1/node2/test98_4.mtx 3 0 -1 -1 
/home/antonkov/masterWork/tests/samePrefixMarkedMtx2304/depth1/node2/test98_4.mtx 3.1 0 -1 -1 
/home/antonkov/masterWork/tests/samePrefixMarkedMtx2304/depth1/node2/test98_4.mtx 3.2 0 -1 -1 
/home/antonkov/masterWork/tests/samePrefixMarkedMtx2304/depth1/node2/test98_4.mtx 3.3 0 -1 -1 
/home/antonkov/masterWork/tests/samePrefixMarkedMtx2304/depth1/node2/test98_4.mtx 3.4 0 -1 -1 
/home/antonkov/masterWork/tests/samePrefixMarkedMtx2304/depth1/node2/test98_4.mtx 3.5 0 -1 -1 
/home/antonkov/masterWork/tests/samePrefixMarkedMtx2304/depth1/node2/test99_0.mtx 1 456.482 0.0794661 0.9 
/home/antonkov/masterWork/tests/samePrefixMarkedMtx2304/depth1/node2/test99_0.mtx 1.1 450.457 0.0694965 0.81 
/home/antonkov/masterWork/tests/samePrefixMarkedMtx2304/depth1/node2/test99_0.mtx 1.2 437.939 0.0550825 0.7 
/home/antonkov/masterWork/tests/samePrefixMarkedMtx2304/depth1/node2/test99_0.mtx 1.3 546.225 0.041122 0.525 
/home/antonkov/masterWork/tests/samePrefixMarkedMtx2304/depth1/node2/test99_0.mtx 1.4 514.436 0.0285482 0.375 
/home/antonkov/masterWork/tests/samePrefixMarkedMtx2304/depth1/node2/test99_0.mtx 1.5 489.986 0.0179883 0.25 
/home/antonkov/masterWork/tests/samePrefixMarkedMtx2304/depth1/node2/test99_0.mtx 1.6 617.916 0.00801215 0.125 
/home/antonkov/masterWork/tests/samePrefixMarkedMtx2304/depth1/node2/test99_0.mtx 1.7 979.511 0.00336415 0.053 
/home/antonkov/masterWork/tests/samePrefixMarkedMtx2304/depth1/node2/test99_0.mtx 1.8 1469 0.00157697 0.0242857 
/home/antonkov/masterWork/tests/samePrefixMarkedMtx2304/depth1/node2/test99_0.mtx 1.9 3508.45 0.00045711 0.00757576 
/home/antonkov/masterWork/tests/samePrefixMarkedMtx2304/depth1/node2/test99_0.mtx 2 0 -1 -1 
/home/antonkov/masterWork/tests/samePrefixMarkedMtx2304/depth1/node2/test99_0.mtx 2.1 0 -1 -1 
/home/antonkov/masterWork/tests/samePrefixMarkedMtx2304/depth1/node2/test99_0.mtx 2.2 0 -1 -1 
/home/antonkov/masterWork/tests/samePrefixMarkedMtx2304/depth1/node2/test99_0.mtx 2.3 0 -1 -1 
/home/antonkov/masterWork/tests/samePrefixMarkedMtx2304/depth1/node2/test99_0.mtx 2.4 0 -1 -1 
/home/antonkov/masterWork/tests/samePrefixMarkedMtx2304/depth1/node2/test99_0.mtx 2.5 0 -1 -1 
/home/antonkov/masterWork/tests/samePrefixMarkedMtx2304/depth1/node2/test99_0.mtx 2.6 0 -1 -1 
/home/antonkov/masterWork/tests/samePrefixMarkedMtx2304/depth1/node2/test99_0.mtx 2.7 0 -1 -1 
/home/antonkov/masterWork/tests/samePrefixMarkedMtx2304/depth1/node2/test99_0.mtx 2.8 0 -1 -1 
/home/antonkov/masterWork/tests/samePrefixMarkedMtx2304/depth1/node2/test99_0.mtx 2.9 0 -1 -1 
/home/antonkov/masterWork/tests/samePrefixMarkedMtx2304/depth1/node2/test99_0.mtx 3 0 -1 -1 
/home/antonkov/masterWork/tests/samePrefixMarkedMtx2304/depth1/node2/test99_0.mtx 3.1 0 -1 -1 
/home/antonkov/masterWork/tests/samePrefixMarkedMtx2304/depth1/node2/test99_0.mtx 3.2 0 -1 -1 
/home/antonkov/masterWork/tests/samePrefixMarkedMtx2304/depth1/node2/test99_0.mtx 3.3 0 -1 -1 
/home/antonkov/masterWork/tests/samePrefixMarkedMtx2304/depth1/node2/test99_0.mtx 3.4 0 -1 -1 
/home/antonkov/masterWork/tests/samePrefixMarkedMtx2304/depth1/node2/test99_0.mtx 3.5 0 -1 -1 
/home/antonkov/masterWork/tests/samePrefixMarkedMtx2304/depth1/node2/test99_1.mtx 1 454.524 0.0838932 0.95 
/home/antonkov/masterWork/tests/samePrefixMarkedMtx2304/depth1/node2/test99_1.mtx 1.1 449.575 0.0716753 0.83 
/home/antonkov/masterWork/tests/samePrefixMarkedMtx2304/depth1/node2/test99_1.mtx 1.2 446.642 0.054796 0.66 
/home/antonkov/masterWork/tests/samePrefixMarkedMtx2304/depth1/node2/test99_1.mtx 1.3 416.724 0.0418793 0.55 
/home/antonkov/masterWork/tests/samePrefixMarkedMtx2304/depth1/node2/test99_1.mtx 1.4 523.466 0.0229731 0.32 
/home/antonkov/masterWork/tests/samePrefixMarkedMtx2304/depth1/node2/test99_1.mtx 1.5 569.747 0.0137804 0.186667 
/home/antonkov/masterWork/tests/samePrefixMarkedMtx2304/depth1/node2/test99_1.mtx 1.6 687.062 0.00764583 0.11 
/home/antonkov/masterWork/tests/samePrefixMarkedMtx2304/depth1/node2/test99_1.mtx 1.7 845.562 0.00432183 0.065 
/home/antonkov/masterWork/tests/samePrefixMarkedMtx2304/depth1/node2/test99_1.mtx 1.8 1611.45 0.00137625 0.0221739 
/home/antonkov/masterWork/tests/samePrefixMarkedMtx2304/depth1/node2/test99_1.mtx 1.9 3469.88 0.0004869 0.00787879 
/home/antonkov/masterWork/tests/samePrefixMarkedMtx2304/depth1/node2/test99_1.mtx 2 0 -1 -1 
/home/antonkov/masterWork/tests/samePrefixMarkedMtx2304/depth1/node2/test99_1.mtx 2.1 0 -1 -1 
/home/antonkov/masterWork/tests/samePrefixMarkedMtx2304/depth1/node2/test99_1.mtx 2.2 0 -1 -1 
/home/antonkov/masterWork/tests/samePrefixMarkedMtx2304/depth1/node2/test99_1.mtx 2.3 0 -1 -1 
/home/antonkov/masterWork/tests/samePrefixMarkedMtx2304/depth1/node2/test99_1.mtx 2.4 0 -1 -1 
/home/antonkov/masterWork/tests/samePrefixMarkedMtx2304/depth1/node2/test99_1.mtx 2.5 0 -1 -1 
/home/antonkov/masterWork/tests/samePrefixMarkedMtx2304/depth1/node2/test99_1.mtx 2.6 0 -1 -1 
/home/antonkov/masterWork/tests/samePrefixMarkedMtx2304/depth1/node2/test99_1.mtx 2.7 0 -1 -1 
/home/antonkov/masterWork/tests/samePrefixMarkedMtx2304/depth1/node2/test99_1.mtx 2.8 0 -1 -1 
/home/antonkov/masterWork/tests/samePrefixMarkedMtx2304/depth1/node2/test99_1.mtx 2.9 0 -1 -1 
/home/antonkov/masterWork/tests/samePrefixMarkedMtx2304/depth1/node2/test99_1.mtx 3 0 -1 -1 
/home/antonkov/masterWork/tests/samePrefixMarkedMtx2304/depth1/node2/test99_1.mtx 3.1 0 -1 -1 
/home/antonkov/masterWork/tests/samePrefixMarkedMtx2304/depth1/node2/test99_1.mtx 3.2 0 -1 -1 
/home/antonkov/masterWork/tests/samePrefixMarkedMtx2304/depth1/node2/test99_1.mtx 3.3 0 -1 -1 
/home/antonkov/masterWork/tests/samePrefixMarkedMtx2304/depth1/node2/test99_1.mtx 3.4 0 -1 -1 
/home/antonkov/masterWork/tests/samePrefixMarkedMtx2304/depth1/node2/test99_1.mtx 3.5 0 -1 -1 
/home/antonkov/masterWork/tests/samePrefixMarkedMtx2304/depth1/node2/test99_2.mtx 1 453.473 0.0814323 0.91 
/home/antonkov/masterWork/tests/samePrefixMarkedMtx2304/depth1/node2/test99_2.mtx 1.1 455.472 0.0685547 0.78 
/home/antonkov/masterWork/tests/samePrefixMarkedMtx2304/depth1/node2/test99_2.mtx 1.2 433.836 0.0533811 0.65 
/home/antonkov/masterWork/tests/samePrefixMarkedMtx2304/depth1/node2/test99_2.mtx 1.3 415.316 0.0375825 0.5 
/home/antonkov/masterWork/tests/samePrefixMarkedMtx2304/depth1/node2/test99_2.mtx 1.4 511.112 0.0274132 0.375 
/home/antonkov/masterWork/tests/samePrefixMarkedMtx2304/depth1/node2/test99_2.mtx 1.5 581.401 0.015991 0.23 
/home/antonkov/masterWork/tests/samePrefixMarkedMtx2304/depth1/node2/test99_2.mtx 1.6 754.155 0.0066305 0.0966667 
/home/antonkov/masterWork/tests/samePrefixMarkedMtx2304/depth1/node2/test99_2.mtx 1.7 1083.2 0.00321759 0.045 
/home/antonkov/masterWork/tests/samePrefixMarkedMtx2304/depth1/node2/test99_2.mtx 1.8 1568.51 0.00139247 0.0217391 
/home/antonkov/masterWork/tests/samePrefixMarkedMtx2304/depth1/node2/test99_2.mtx 1.9 3367.12 0.000458577 0.00796875 
/home/antonkov/masterWork/tests/samePrefixMarkedMtx2304/depth1/node2/test99_2.mtx 2 0 -1 -1 
/home/antonkov/masterWork/tests/samePrefixMarkedMtx2304/depth1/node2/test99_2.mtx 2.1 0 -1 -1 
/home/antonkov/masterWork/tests/samePrefixMarkedMtx2304/depth1/node2/test99_2.mtx 2.2 0 -1 -1 
/home/antonkov/masterWork/tests/samePrefixMarkedMtx2304/depth1/node2/test99_2.mtx 2.3 0 -1 -1 
/home/antonkov/masterWork/tests/samePrefixMarkedMtx2304/depth1/node2/test99_2.mtx 2.4 0 -1 -1 
/home/antonkov/masterWork/tests/samePrefixMarkedMtx2304/depth1/node2/test99_2.mtx 2.5 0 -1 -1 
/home/antonkov/masterWork/tests/samePrefixMarkedMtx2304/depth1/node2/test99_2.mtx 2.6 0 -1 -1 
/home/antonkov/masterWork/tests/samePrefixMarkedMtx2304/depth1/node2/test99_2.mtx 2.7 0 -1 -1 
/home/antonkov/masterWork/tests/samePrefixMarkedMtx2304/depth1/node2/test99_2.mtx 2.8 0 -1 -1 
/home/antonkov/masterWork/tests/samePrefixMarkedMtx2304/depth1/node2/test99_2.mtx 2.9 0 -1 -1 
/home/antonkov/masterWork/tests/samePrefixMarkedMtx2304/depth1/node2/test99_2.mtx 3 0 -1 -1 
/home/antonkov/masterWork/tests/samePrefixMarkedMtx2304/depth1/node2/test99_2.mtx 3.1 0 -1 -1 
/home/antonkov/masterWork/tests/samePrefixMarkedMtx2304/depth1/node2/test99_2.mtx 3.2 0 -1 -1 
/home/antonkov/masterWork/tests/samePrefixMarkedMtx2304/depth1/node2/test99_2.mtx 3.3 0 -1 -1 
/home/antonkov/masterWork/tests/samePrefixMarkedMtx2304/depth1/node2/test99_2.mtx 3.4 0 -1 -1 
/home/antonkov/masterWork/tests/samePrefixMarkedMtx2304/depth1/node2/test99_2.mtx 3.5 0 -1 -1 
/home/antonkov/masterWork/tests/samePrefixMarkedMtx2304/depth1/node2/test99_3.mtx 1 458.114 0.0762283 0.87 
/home/antonkov/masterWork/tests/samePrefixMarkedMtx2304/depth1/node2/test99_3.mtx 1.1 457.691 0.0657769 0.76 
/home/antonkov/masterWork/tests/samePrefixMarkedMtx2304/depth1/node2/test99_3.mtx 1.2 433.953 0.0528082 0.66 
/home/antonkov/masterWork/tests/samePrefixMarkedMtx2304/depth1/node2/test99_3.mtx 1.3 421.664 0.0392404 0.52 
/home/antonkov/masterWork/tests/samePrefixMarkedMtx2304/depth1/node2/test99_3.mtx 1.4 516.309 0.0266124 0.36 
/home/antonkov/masterWork/tests/samePrefixMarkedMtx2304/depth1/node2/test99_3.mtx 1.5 602.342 0.0157393 0.23 
/home/antonkov/masterWork/tests/samePrefixMarkedMtx2304/depth1/node2/test99_3.mtx 1.6 710.873 0.0077526 0.114 
/home/antonkov/masterWork/tests/samePrefixMarkedMtx2304/depth1/node2/test99_3.mtx 1.7 1060.5 0.00287958 0.0454545 
/home/antonkov/masterWork/tests/samePrefixMarkedMtx2304/depth1/node2/test99_3.mtx 1.8 1908.58 0.0010488 0.0178571 
/home/antonkov/masterWork/tests/samePrefixMarkedMtx2304/depth1/node2/test99_3.mtx 1.9 3655.81 0.000454414 0.00757576 
/home/antonkov/masterWork/tests/samePrefixMarkedMtx2304/depth1/node2/test99_3.mtx 2 0 -1 -1 
/home/antonkov/masterWork/tests/samePrefixMarkedMtx2304/depth1/node2/test99_3.mtx 2.1 0 -1 -1 
/home/antonkov/masterWork/tests/samePrefixMarkedMtx2304/depth1/node2/test99_3.mtx 2.2 0 -1 -1 
/home/antonkov/masterWork/tests/samePrefixMarkedMtx2304/depth1/node2/test99_3.mtx 2.3 0 -1 -1 
/home/antonkov/masterWork/tests/samePrefixMarkedMtx2304/depth1/node2/test99_3.mtx 2.4 0 -1 -1 
/home/antonkov/masterWork/tests/samePrefixMarkedMtx2304/depth1/node2/test99_3.mtx 2.5 0 -1 -1 
/home/antonkov/masterWork/tests/samePrefixMarkedMtx2304/depth1/node2/test99_3.mtx 2.6 0 -1 -1 
/home/antonkov/masterWork/tests/samePrefixMarkedMtx2304/depth1/node2/test99_3.mtx 2.7 0 -1 -1 
/home/antonkov/masterWork/tests/samePrefixMarkedMtx2304/depth1/node2/test99_3.mtx 2.8 0 -1 -1 
/home/antonkov/masterWork/tests/samePrefixMarkedMtx2304/depth1/node2/test99_3.mtx 2.9 0 -1 -1 
/home/antonkov/masterWork/tests/samePrefixMarkedMtx2304/depth1/node2/test99_3.mtx 3 0 -1 -1 
/home/antonkov/masterWork/tests/samePrefixMarkedMtx2304/depth1/node2/test99_3.mtx 3.1 0 -1 -1 
/home/antonkov/masterWork/tests/samePrefixMarkedMtx2304/depth1/node2/test99_3.mtx 3.2 0 -1 -1 
/home/antonkov/masterWork/tests/samePrefixMarkedMtx2304/depth1/node2/test99_3.mtx 3.3 0 -1 -1 
/home/antonkov/masterWork/tests/samePrefixMarkedMtx2304/depth1/node2/test99_3.mtx 3.4 0 -1 -1 
/home/antonkov/masterWork/tests/samePrefixMarkedMtx2304/depth1/node2/test99_3.mtx 3.5 0 -1 -1 
/home/antonkov/masterWork/tests/samePrefixMarkedMtx2304/depth1/node2/test99_4.mtx 1 454.712 0.0833898 0.92 
/home/antonkov/masterWork/tests/samePrefixMarkedMtx2304/depth1/node2/test99_4.mtx 1.1 449.584 0.0704167 0.82 
/home/antonkov/masterWork/tests/samePrefixMarkedMtx2304/depth1/node2/test99_4.mtx 1.2 437.979 0.0547613 0.69 
/home/antonkov/masterWork/tests/samePrefixMarkedMtx2304/depth1/node2/test99_4.mtx 1.3 424.18 0.0420399 0.53 
/home/antonkov/masterWork/tests/samePrefixMarkedMtx2304/depth1/node2/test99_4.mtx 1.4 514.704 0.0267643 0.375 
/home/antonkov/masterWork/tests/samePrefixMarkedMtx2304/depth1/node2/test99_4.mtx 1.5 577.227 0.0150723 0.216667 
/home/antonkov/masterWork/tests/samePrefixMarkedMtx2304/depth1/node2/test99_4.mtx 1.6 672.838 0.00681684 0.104 
/home/antonkov/masterWork/tests/samePrefixMarkedMtx2304/depth1/node2/test99_4.mtx 1.7 1022.77 0.00290207 0.0454545 
/home/antonkov/masterWork/tests/samePrefixMarkedMtx2304/depth1/node2/test99_4.mtx 1.8 1615.71 0.00138455 0.0217391 
/home/antonkov/masterWork/tests/samePrefixMarkedMtx2304/depth1/node2/test99_4.mtx 1.9 3584.15 0.000447432 0.00735294 
/home/antonkov/masterWork/tests/samePrefixMarkedMtx2304/depth1/node2/test99_4.mtx 2 0 -1 -1 
/home/antonkov/masterWork/tests/samePrefixMarkedMtx2304/depth1/node2/test99_4.mtx 2.1 0 -1 -1 
/home/antonkov/masterWork/tests/samePrefixMarkedMtx2304/depth1/node2/test99_4.mtx 2.2 0 -1 -1 
/home/antonkov/masterWork/tests/samePrefixMarkedMtx2304/depth1/node2/test99_4.mtx 2.3 0 -1 -1 
/home/antonkov/masterWork/tests/samePrefixMarkedMtx2304/depth1/node2/test99_4.mtx 2.4 0 -1 -1 
/home/antonkov/masterWork/tests/samePrefixMarkedMtx2304/depth1/node2/test99_4.mtx 2.5 0 -1 -1 
/home/antonkov/masterWork/tests/samePrefixMarkedMtx2304/depth1/node2/test99_4.mtx 2.6 0 -1 -1 
/home/antonkov/masterWork/tests/samePrefixMarkedMtx2304/depth1/node2/test99_4.mtx 2.7 0 -1 -1 
/home/antonkov/masterWork/tests/samePrefixMarkedMtx2304/depth1/node2/test99_4.mtx 2.8 0 -1 -1 
/home/antonkov/masterWork/tests/samePrefixMarkedMtx2304/depth1/node2/test99_4.mtx 2.9 0 -1 -1 
/home/antonkov/masterWork/tests/samePrefixMarkedMtx2304/depth1/node2/test99_4.mtx 3 0 -1 -1 
/home/antonkov/masterWork/tests/samePrefixMarkedMtx2304/depth1/node2/test99_4.mtx 3.1 0 -1 -1 
/home/antonkov/masterWork/tests/samePrefixMarkedMtx2304/depth1/node2/test99_4.mtx 3.2 0 -1 -1 
/home/antonkov/masterWork/tests/samePrefixMarkedMtx2304/depth1/node2/test99_4.mtx 3.3 0 -1 -1 
/home/antonkov/masterWork/tests/samePrefixMarkedMtx2304/depth1/node2/test99_4.mtx 3.4 0 -1 -1 
/home/antonkov/masterWork/tests/samePrefixMarkedMtx2304/depth1/node2/test99_4.mtx 3.5 0 -1 -1 
