Results
Filename SNR Time(ms) BER FER
/home/antonkov/masterWork/tests/samePrefixMarkedMtx2304/depth1/node3/test0_0.mtx 1 434.977 0.0744531 0.88 
/home/antonkov/masterWork/tests/samePrefixMarkedMtx2304/depth1/node3/test0_0.mtx 1.1 419.393 0.0620443 0.77 
/home/antonkov/masterWork/tests/samePrefixMarkedMtx2304/depth1/node3/test0_0.mtx 1.2 387.242 0.0481337 0.65 
/home/antonkov/masterWork/tests/samePrefixMarkedMtx2304/depth1/node3/test0_0.mtx 1.3 493.258 0.0329427 0.46 
/home/antonkov/masterWork/tests/samePrefixMarkedMtx2304/depth1/node3/test0_0.mtx 1.4 457.304 0.0196528 0.305 
/home/antonkov/masterWork/tests/samePrefixMarkedMtx2304/depth1/node3/test0_0.mtx 1.5 503.625 0.0114381 0.17 
/home/antonkov/masterWork/tests/samePrefixMarkedMtx2304/depth1/node3/test0_0.mtx 1.6 675.662 0.00601201 0.09 
/home/antonkov/masterWork/tests/samePrefixMarkedMtx2304/depth1/node3/test0_0.mtx 1.7 981.533 0.00258247 0.0433333 
/home/antonkov/masterWork/tests/samePrefixMarkedMtx2304/depth1/node3/test0_0.mtx 1.8 2128.46 0.000852262 0.0138889 
/home/antonkov/masterWork/tests/samePrefixMarkedMtx2304/depth1/node3/test0_0.mtx 1.9 4496.06 0.000315652 0.00536842 
/home/antonkov/masterWork/tests/samePrefixMarkedMtx2304/depth1/node3/test0_0.mtx 2 0 -1 -1 
/home/antonkov/masterWork/tests/samePrefixMarkedMtx2304/depth1/node3/test0_0.mtx 2.1 0 -1 -1 
/home/antonkov/masterWork/tests/samePrefixMarkedMtx2304/depth1/node3/test0_0.mtx 2.2 0 -1 -1 
/home/antonkov/masterWork/tests/samePrefixMarkedMtx2304/depth1/node3/test0_0.mtx 2.3 0 -1 -1 
/home/antonkov/masterWork/tests/samePrefixMarkedMtx2304/depth1/node3/test0_0.mtx 2.4 0 -1 -1 
/home/antonkov/masterWork/tests/samePrefixMarkedMtx2304/depth1/node3/test0_0.mtx 2.5 0 -1 -1 
/home/antonkov/masterWork/tests/samePrefixMarkedMtx2304/depth1/node3/test0_0.mtx 2.6 0 -1 -1 
/home/antonkov/masterWork/tests/samePrefixMarkedMtx2304/depth1/node3/test0_0.mtx 2.7 0 -1 -1 
/home/antonkov/masterWork/tests/samePrefixMarkedMtx2304/depth1/node3/test0_0.mtx 2.8 0 -1 -1 
/home/antonkov/masterWork/tests/samePrefixMarkedMtx2304/depth1/node3/test0_0.mtx 2.9 0 -1 -1 
/home/antonkov/masterWork/tests/samePrefixMarkedMtx2304/depth1/node3/test0_0.mtx 3 0 -1 -1 
/home/antonkov/masterWork/tests/samePrefixMarkedMtx2304/depth1/node3/test0_0.mtx 3.1 0 -1 -1 
/home/antonkov/masterWork/tests/samePrefixMarkedMtx2304/depth1/node3/test0_0.mtx 3.2 0 -1 -1 
/home/antonkov/masterWork/tests/samePrefixMarkedMtx2304/depth1/node3/test0_0.mtx 3.3 0 -1 -1 
/home/antonkov/masterWork/tests/samePrefixMarkedMtx2304/depth1/node3/test0_0.mtx 3.4 0 -1 -1 
/home/antonkov/masterWork/tests/samePrefixMarkedMtx2304/depth1/node3/test0_0.mtx 3.5 0 -1 -1 
/home/antonkov/masterWork/tests/samePrefixMarkedMtx2304/depth1/node3/test0_1.mtx 1 402.298 0.076645 0.88 
/home/antonkov/masterWork/tests/samePrefixMarkedMtx2304/depth1/node3/test0_1.mtx 1.1 394.208 0.0637066 0.78 
/home/antonkov/masterWork/tests/samePrefixMarkedMtx2304/depth1/node3/test0_1.mtx 1.2 391.981 0.0521962 0.69 
/home/antonkov/masterWork/tests/samePrefixMarkedMtx2304/depth1/node3/test0_1.mtx 1.3 364.599 0.0385938 0.52 
/home/antonkov/masterWork/tests/samePrefixMarkedMtx2304/depth1/node3/test0_1.mtx 1.4 452.759 0.0239084 0.35 
/home/antonkov/masterWork/tests/samePrefixMarkedMtx2304/depth1/node3/test0_1.mtx 1.5 523.107 0.0127662 0.186667 
/home/antonkov/masterWork/tests/samePrefixMarkedMtx2304/depth1/node3/test0_1.mtx 1.6 668.417 0.00547888 0.0866667 
/home/antonkov/masterWork/tests/samePrefixMarkedMtx2304/depth1/node3/test0_1.mtx 1.7 1096.93 0.00225136 0.0378571 
/home/antonkov/masterWork/tests/samePrefixMarkedMtx2304/depth1/node3/test0_1.mtx 1.8 1682.38 0.00110838 0.02 
/home/antonkov/masterWork/tests/samePrefixMarkedMtx2304/depth1/node3/test0_1.mtx 1.9 4449.92 0.000287197 0.00531915 
/home/antonkov/masterWork/tests/samePrefixMarkedMtx2304/depth1/node3/test0_1.mtx 2 0 -1 -1 
/home/antonkov/masterWork/tests/samePrefixMarkedMtx2304/depth1/node3/test0_1.mtx 2.1 0 -1 -1 
/home/antonkov/masterWork/tests/samePrefixMarkedMtx2304/depth1/node3/test0_1.mtx 2.2 0 -1 -1 
/home/antonkov/masterWork/tests/samePrefixMarkedMtx2304/depth1/node3/test0_1.mtx 2.3 0 -1 -1 
/home/antonkov/masterWork/tests/samePrefixMarkedMtx2304/depth1/node3/test0_1.mtx 2.4 0 -1 -1 
/home/antonkov/masterWork/tests/samePrefixMarkedMtx2304/depth1/node3/test0_1.mtx 2.5 0 -1 -1 
/home/antonkov/masterWork/tests/samePrefixMarkedMtx2304/depth1/node3/test0_1.mtx 2.6 0 -1 -1 
/home/antonkov/masterWork/tests/samePrefixMarkedMtx2304/depth1/node3/test0_1.mtx 2.7 0 -1 -1 
/home/antonkov/masterWork/tests/samePrefixMarkedMtx2304/depth1/node3/test0_1.mtx 2.8 0 -1 -1 
/home/antonkov/masterWork/tests/samePrefixMarkedMtx2304/depth1/node3/test0_1.mtx 2.9 0 -1 -1 
/home/antonkov/masterWork/tests/samePrefixMarkedMtx2304/depth1/node3/test0_1.mtx 3 0 -1 -1 
/home/antonkov/masterWork/tests/samePrefixMarkedMtx2304/depth1/node3/test0_1.mtx 3.1 0 -1 -1 
/home/antonkov/masterWork/tests/samePrefixMarkedMtx2304/depth1/node3/test0_1.mtx 3.2 0 -1 -1 
/home/antonkov/masterWork/tests/samePrefixMarkedMtx2304/depth1/node3/test0_1.mtx 3.3 0 -1 -1 
/home/antonkov/masterWork/tests/samePrefixMarkedMtx2304/depth1/node3/test0_1.mtx 3.4 0 -1 -1 
/home/antonkov/masterWork/tests/samePrefixMarkedMtx2304/depth1/node3/test0_1.mtx 3.5 0 -1 -1 
/home/antonkov/masterWork/tests/samePrefixMarkedMtx2304/depth1/node3/test0_2.mtx 1 396.888 0.0729123 0.88 
/home/antonkov/masterWork/tests/samePrefixMarkedMtx2304/depth1/node3/test0_2.mtx 1.1 400.027 0.0582639 0.75 
/home/antonkov/masterWork/tests/samePrefixMarkedMtx2304/depth1/node3/test0_2.mtx 1.2 372.855 0.0428733 0.59 
/home/antonkov/masterWork/tests/samePrefixMarkedMtx2304/depth1/node3/test0_2.mtx 1.3 477.84 0.0304253 0.435 
/home/antonkov/masterWork/tests/samePrefixMarkedMtx2304/depth1/node3/test0_2.mtx 1.4 444.334 0.0156923 0.26 
/home/antonkov/masterWork/tests/samePrefixMarkedMtx2304/depth1/node3/test0_2.mtx 1.5 662.67 0.00865799 0.13 
/home/antonkov/masterWork/tests/samePrefixMarkedMtx2304/depth1/node3/test0_2.mtx 1.6 743.232 0.00493614 0.0828571 
/home/antonkov/masterWork/tests/samePrefixMarkedMtx2304/depth1/node3/test0_2.mtx 1.7 1141.53 0.00223669 0.036 
/home/antonkov/masterWork/tests/samePrefixMarkedMtx2304/depth1/node3/test0_2.mtx 1.8 2066.41 0.000841022 0.0148571 
/home/antonkov/masterWork/tests/samePrefixMarkedMtx2304/depth1/node3/test0_2.mtx 1.9 4465.51 0.000271062 0.00526316 
/home/antonkov/masterWork/tests/samePrefixMarkedMtx2304/depth1/node3/test0_2.mtx 2 0 -1 -1 
/home/antonkov/masterWork/tests/samePrefixMarkedMtx2304/depth1/node3/test0_2.mtx 2.1 0 -1 -1 
/home/antonkov/masterWork/tests/samePrefixMarkedMtx2304/depth1/node3/test0_2.mtx 2.2 0 -1 -1 
/home/antonkov/masterWork/tests/samePrefixMarkedMtx2304/depth1/node3/test0_2.mtx 2.3 0 -1 -1 
/home/antonkov/masterWork/tests/samePrefixMarkedMtx2304/depth1/node3/test0_2.mtx 2.4 0 -1 -1 
/home/antonkov/masterWork/tests/samePrefixMarkedMtx2304/depth1/node3/test0_2.mtx 2.5 0 -1 -1 
/home/antonkov/masterWork/tests/samePrefixMarkedMtx2304/depth1/node3/test0_2.mtx 2.6 0 -1 -1 
/home/antonkov/masterWork/tests/samePrefixMarkedMtx2304/depth1/node3/test0_2.mtx 2.7 0 -1 -1 
/home/antonkov/masterWork/tests/samePrefixMarkedMtx2304/depth1/node3/test0_2.mtx 2.8 0 -1 -1 
/home/antonkov/masterWork/tests/samePrefixMarkedMtx2304/depth1/node3/test0_2.mtx 2.9 0 -1 -1 
/home/antonkov/masterWork/tests/samePrefixMarkedMtx2304/depth1/node3/test0_2.mtx 3 0 -1 -1 
/home/antonkov/masterWork/tests/samePrefixMarkedMtx2304/depth1/node3/test0_2.mtx 3.1 0 -1 -1 
/home/antonkov/masterWork/tests/samePrefixMarkedMtx2304/depth1/node3/test0_2.mtx 3.2 0 -1 -1 
/home/antonkov/masterWork/tests/samePrefixMarkedMtx2304/depth1/node3/test0_2.mtx 3.3 0 -1 -1 
/home/antonkov/masterWork/tests/samePrefixMarkedMtx2304/depth1/node3/test0_2.mtx 3.4 0 -1 -1 
/home/antonkov/masterWork/tests/samePrefixMarkedMtx2304/depth1/node3/test0_2.mtx 3.5 0 -1 -1 
/home/antonkov/masterWork/tests/samePrefixMarkedMtx2304/depth1/node3/test0_3.mtx 1 400.197 0.0731293 0.89 
/home/antonkov/masterWork/tests/samePrefixMarkedMtx2304/depth1/node3/test0_3.mtx 1.1 394.301 0.0602083 0.76 
/home/antonkov/masterWork/tests/samePrefixMarkedMtx2304/depth1/node3/test0_3.mtx 1.2 373.921 0.0464844 0.62 
/home/antonkov/masterWork/tests/samePrefixMarkedMtx2304/depth1/node3/test0_3.mtx 1.3 473.24 0.030447 0.415 
/home/antonkov/masterWork/tests/samePrefixMarkedMtx2304/depth1/node3/test0_3.mtx 1.4 446.678 0.0203581 0.285 
/home/antonkov/masterWork/tests/samePrefixMarkedMtx2304/depth1/node3/test0_3.mtx 1.5 502.092 0.0114771 0.17 
/home/antonkov/masterWork/tests/samePrefixMarkedMtx2304/depth1/node3/test0_3.mtx 1.6 679.827 0.00522642 0.0833333 
/home/antonkov/masterWork/tests/samePrefixMarkedMtx2304/depth1/node3/test0_3.mtx 1.7 878.729 0.00312196 0.05 
/home/antonkov/masterWork/tests/samePrefixMarkedMtx2304/depth1/node3/test0_3.mtx 1.8 2294.56 0.000797092 0.0125 
/home/antonkov/masterWork/tests/samePrefixMarkedMtx2304/depth1/node3/test0_3.mtx 1.9 3865.42 0.000345454 0.00617284 
/home/antonkov/masterWork/tests/samePrefixMarkedMtx2304/depth1/node3/test0_3.mtx 2 0 -1 -1 
/home/antonkov/masterWork/tests/samePrefixMarkedMtx2304/depth1/node3/test0_3.mtx 2.1 0 -1 -1 
/home/antonkov/masterWork/tests/samePrefixMarkedMtx2304/depth1/node3/test0_3.mtx 2.2 0 -1 -1 
/home/antonkov/masterWork/tests/samePrefixMarkedMtx2304/depth1/node3/test0_3.mtx 2.3 0 -1 -1 
/home/antonkov/masterWork/tests/samePrefixMarkedMtx2304/depth1/node3/test0_3.mtx 2.4 0 -1 -1 
/home/antonkov/masterWork/tests/samePrefixMarkedMtx2304/depth1/node3/test0_3.mtx 2.5 0 -1 -1 
/home/antonkov/masterWork/tests/samePrefixMarkedMtx2304/depth1/node3/test0_3.mtx 2.6 0 -1 -1 
/home/antonkov/masterWork/tests/samePrefixMarkedMtx2304/depth1/node3/test0_3.mtx 2.7 0 -1 -1 
/home/antonkov/masterWork/tests/samePrefixMarkedMtx2304/depth1/node3/test0_3.mtx 2.8 0 -1 -1 
/home/antonkov/masterWork/tests/samePrefixMarkedMtx2304/depth1/node3/test0_3.mtx 2.9 0 -1 -1 
/home/antonkov/masterWork/tests/samePrefixMarkedMtx2304/depth1/node3/test0_3.mtx 3 0 -1 -1 
/home/antonkov/masterWork/tests/samePrefixMarkedMtx2304/depth1/node3/test0_3.mtx 3.1 0 -1 -1 
/home/antonkov/masterWork/tests/samePrefixMarkedMtx2304/depth1/node3/test0_3.mtx 3.2 0 -1 -1 
/home/antonkov/masterWork/tests/samePrefixMarkedMtx2304/depth1/node3/test0_3.mtx 3.3 0 -1 -1 
/home/antonkov/masterWork/tests/samePrefixMarkedMtx2304/depth1/node3/test0_3.mtx 3.4 0 -1 -1 
/home/antonkov/masterWork/tests/samePrefixMarkedMtx2304/depth1/node3/test0_3.mtx 3.5 0 -1 -1 
/home/antonkov/masterWork/tests/samePrefixMarkedMtx2304/depth1/node3/test0_4.mtx 1 400.018 0.0736241 0.9 
/home/antonkov/masterWork/tests/samePrefixMarkedMtx2304/depth1/node3/test0_4.mtx 1.1 394.62 0.0573438 0.76 
/home/antonkov/masterWork/tests/samePrefixMarkedMtx2304/depth1/node3/test0_4.mtx 1.2 369.089 0.0388151 0.55 
/home/antonkov/masterWork/tests/samePrefixMarkedMtx2304/depth1/node3/test0_4.mtx 1.3 474.654 0.0278776 0.395 
/home/antonkov/masterWork/tests/samePrefixMarkedMtx2304/depth1/node3/test0_4.mtx 1.4 436.284 0.0181185 0.28 
/home/antonkov/masterWork/tests/samePrefixMarkedMtx2304/depth1/node3/test0_4.mtx 1.5 581.216 0.0100228 0.1475 
/home/antonkov/masterWork/tests/samePrefixMarkedMtx2304/depth1/node3/test0_4.mtx 1.6 668.332 0.005489 0.0883333 
/home/antonkov/masterWork/tests/samePrefixMarkedMtx2304/depth1/node3/test0_4.mtx 1.7 1035.57 0.00240518 0.0392308 
/home/antonkov/masterWork/tests/samePrefixMarkedMtx2304/depth1/node3/test0_4.mtx 1.8 2226.25 0.000754866 0.0131579 
/home/antonkov/masterWork/tests/samePrefixMarkedMtx2304/depth1/node3/test0_4.mtx 1.9 5595.38 0.000230613 0.00416667 
/home/antonkov/masterWork/tests/samePrefixMarkedMtx2304/depth1/node3/test0_4.mtx 2 0 -1 -1 
/home/antonkov/masterWork/tests/samePrefixMarkedMtx2304/depth1/node3/test0_4.mtx 2.1 0 -1 -1 
/home/antonkov/masterWork/tests/samePrefixMarkedMtx2304/depth1/node3/test0_4.mtx 2.2 0 -1 -1 
/home/antonkov/masterWork/tests/samePrefixMarkedMtx2304/depth1/node3/test0_4.mtx 2.3 0 -1 -1 
/home/antonkov/masterWork/tests/samePrefixMarkedMtx2304/depth1/node3/test0_4.mtx 2.4 0 -1 -1 
/home/antonkov/masterWork/tests/samePrefixMarkedMtx2304/depth1/node3/test0_4.mtx 2.5 0 -1 -1 
/home/antonkov/masterWork/tests/samePrefixMarkedMtx2304/depth1/node3/test0_4.mtx 2.6 0 -1 -1 
/home/antonkov/masterWork/tests/samePrefixMarkedMtx2304/depth1/node3/test0_4.mtx 2.7 0 -1 -1 
/home/antonkov/masterWork/tests/samePrefixMarkedMtx2304/depth1/node3/test0_4.mtx 2.8 0 -1 -1 
/home/antonkov/masterWork/tests/samePrefixMarkedMtx2304/depth1/node3/test0_4.mtx 2.9 0 -1 -1 
/home/antonkov/masterWork/tests/samePrefixMarkedMtx2304/depth1/node3/test0_4.mtx 3 0 -1 -1 
/home/antonkov/masterWork/tests/samePrefixMarkedMtx2304/depth1/node3/test0_4.mtx 3.1 0 -1 -1 
/home/antonkov/masterWork/tests/samePrefixMarkedMtx2304/depth1/node3/test0_4.mtx 3.2 0 -1 -1 
/home/antonkov/masterWork/tests/samePrefixMarkedMtx2304/depth1/node3/test0_4.mtx 3.3 0 -1 -1 
/home/antonkov/masterWork/tests/samePrefixMarkedMtx2304/depth1/node3/test0_4.mtx 3.4 0 -1 -1 
/home/antonkov/masterWork/tests/samePrefixMarkedMtx2304/depth1/node3/test0_4.mtx 3.5 0 -1 -1 
/home/antonkov/masterWork/tests/samePrefixMarkedMtx2304/depth1/node3/test1_0.mtx 1 391.489 0.0792404 0.88 
/home/antonkov/masterWork/tests/samePrefixMarkedMtx2304/depth1/node3/test1_0.mtx 1.1 385.109 0.0707509 0.86 
/home/antonkov/masterWork/tests/samePrefixMarkedMtx2304/depth1/node3/test1_0.mtx 1.2 379.492 0.0529991 0.68 
/home/antonkov/masterWork/tests/samePrefixMarkedMtx2304/depth1/node3/test1_0.mtx 1.3 357.523 0.0403993 0.52 
/home/antonkov/masterWork/tests/samePrefixMarkedMtx2304/depth1/node3/test1_0.mtx 1.4 459.673 0.0264236 0.365 
/home/antonkov/masterWork/tests/samePrefixMarkedMtx2304/depth1/node3/test1_0.mtx 1.5 506.941 0.0149595 0.213333 
/home/antonkov/masterWork/tests/samePrefixMarkedMtx2304/depth1/node3/test1_0.mtx 1.6 623.97 0.00728385 0.11 
/home/antonkov/masterWork/tests/samePrefixMarkedMtx2304/depth1/node3/test1_0.mtx 1.7 828.177 0.00332417 0.0577778 
/home/antonkov/masterWork/tests/samePrefixMarkedMtx2304/depth1/node3/test1_0.mtx 1.8 1597.39 0.0011688 0.0208333 
/home/antonkov/masterWork/tests/samePrefixMarkedMtx2304/depth1/node3/test1_0.mtx 1.9 3751.79 0.000387177 0.00684932 
/home/antonkov/masterWork/tests/samePrefixMarkedMtx2304/depth1/node3/test1_0.mtx 2 0 -1 -1 
/home/antonkov/masterWork/tests/samePrefixMarkedMtx2304/depth1/node3/test1_0.mtx 2.1 0 -1 -1 
/home/antonkov/masterWork/tests/samePrefixMarkedMtx2304/depth1/node3/test1_0.mtx 2.2 0 -1 -1 
/home/antonkov/masterWork/tests/samePrefixMarkedMtx2304/depth1/node3/test1_0.mtx 2.3 0 -1 -1 
/home/antonkov/masterWork/tests/samePrefixMarkedMtx2304/depth1/node3/test1_0.mtx 2.4 0 -1 -1 
/home/antonkov/masterWork/tests/samePrefixMarkedMtx2304/depth1/node3/test1_0.mtx 2.5 0 -1 -1 
/home/antonkov/masterWork/tests/samePrefixMarkedMtx2304/depth1/node3/test1_0.mtx 2.6 0 -1 -1 
/home/antonkov/masterWork/tests/samePrefixMarkedMtx2304/depth1/node3/test1_0.mtx 2.7 0 -1 -1 
/home/antonkov/masterWork/tests/samePrefixMarkedMtx2304/depth1/node3/test1_0.mtx 2.8 0 -1 -1 
/home/antonkov/masterWork/tests/samePrefixMarkedMtx2304/depth1/node3/test1_0.mtx 2.9 0 -1 -1 
/home/antonkov/masterWork/tests/samePrefixMarkedMtx2304/depth1/node3/test1_0.mtx 3 0 -1 -1 
/home/antonkov/masterWork/tests/samePrefixMarkedMtx2304/depth1/node3/test1_0.mtx 3.1 0 -1 -1 
/home/antonkov/masterWork/tests/samePrefixMarkedMtx2304/depth1/node3/test1_0.mtx 3.2 0 -1 -1 
/home/antonkov/masterWork/tests/samePrefixMarkedMtx2304/depth1/node3/test1_0.mtx 3.3 0 -1 -1 
/home/antonkov/masterWork/tests/samePrefixMarkedMtx2304/depth1/node3/test1_0.mtx 3.4 0 -1 -1 
/home/antonkov/masterWork/tests/samePrefixMarkedMtx2304/depth1/node3/test1_0.mtx 3.5 0 -1 -1 
/home/antonkov/masterWork/tests/samePrefixMarkedMtx2304/depth1/node3/test1_1.mtx 1 413.184 0.0759288 0.89 
/home/antonkov/masterWork/tests/samePrefixMarkedMtx2304/depth1/node3/test1_1.mtx 1.1 400.651 0.0651085 0.84 
/home/antonkov/masterWork/tests/samePrefixMarkedMtx2304/depth1/node3/test1_1.mtx 1.2 387.011 0.0435026 0.57 
/home/antonkov/masterWork/tests/samePrefixMarkedMtx2304/depth1/node3/test1_1.mtx 1.3 491.67 0.0349219 0.475 
/home/antonkov/masterWork/tests/samePrefixMarkedMtx2304/depth1/node3/test1_1.mtx 1.4 461.503 0.0222743 0.29 
/home/antonkov/masterWork/tests/samePrefixMarkedMtx2304/depth1/node3/test1_1.mtx 1.5 513.301 0.0145804 0.203333 
/home/antonkov/masterWork/tests/samePrefixMarkedMtx2304/depth1/node3/test1_1.mtx 1.6 557.1 0.00854275 0.1275 
/home/antonkov/masterWork/tests/samePrefixMarkedMtx2304/depth1/node3/test1_1.mtx 1.7 800.266 0.00380859 0.06375 
/home/antonkov/masterWork/tests/samePrefixMarkedMtx2304/depth1/node3/test1_1.mtx 1.8 1645.92 0.00117795 0.0204 
/home/antonkov/masterWork/tests/samePrefixMarkedMtx2304/depth1/node3/test1_1.mtx 1.9 3547.49 0.000391865 0.00714286 
/home/antonkov/masterWork/tests/samePrefixMarkedMtx2304/depth1/node3/test1_1.mtx 2 0 -1 -1 
/home/antonkov/masterWork/tests/samePrefixMarkedMtx2304/depth1/node3/test1_1.mtx 2.1 0 -1 -1 
/home/antonkov/masterWork/tests/samePrefixMarkedMtx2304/depth1/node3/test1_1.mtx 2.2 0 -1 -1 
/home/antonkov/masterWork/tests/samePrefixMarkedMtx2304/depth1/node3/test1_1.mtx 2.3 0 -1 -1 
/home/antonkov/masterWork/tests/samePrefixMarkedMtx2304/depth1/node3/test1_1.mtx 2.4 0 -1 -1 
/home/antonkov/masterWork/tests/samePrefixMarkedMtx2304/depth1/node3/test1_1.mtx 2.5 0 -1 -1 
/home/antonkov/masterWork/tests/samePrefixMarkedMtx2304/depth1/node3/test1_1.mtx 2.6 0 -1 -1 
/home/antonkov/masterWork/tests/samePrefixMarkedMtx2304/depth1/node3/test1_1.mtx 2.7 0 -1 -1 
/home/antonkov/masterWork/tests/samePrefixMarkedMtx2304/depth1/node3/test1_1.mtx 2.8 0 -1 -1 
/home/antonkov/masterWork/tests/samePrefixMarkedMtx2304/depth1/node3/test1_1.mtx 2.9 0 -1 -1 
/home/antonkov/masterWork/tests/samePrefixMarkedMtx2304/depth1/node3/test1_1.mtx 3 0 -1 -1 
/home/antonkov/masterWork/tests/samePrefixMarkedMtx2304/depth1/node3/test1_1.mtx 3.1 0 -1 -1 
/home/antonkov/masterWork/tests/samePrefixMarkedMtx2304/depth1/node3/test1_1.mtx 3.2 0 -1 -1 
/home/antonkov/masterWork/tests/samePrefixMarkedMtx2304/depth1/node3/test1_1.mtx 3.3 0 -1 -1 
/home/antonkov/masterWork/tests/samePrefixMarkedMtx2304/depth1/node3/test1_1.mtx 3.4 0 -1 -1 
/home/antonkov/masterWork/tests/samePrefixMarkedMtx2304/depth1/node3/test1_1.mtx 3.5 0 -1 -1 
/home/antonkov/masterWork/tests/samePrefixMarkedMtx2304/depth1/node3/test1_2.mtx 1 403.903 0.0800304 0.91 
/home/antonkov/masterWork/tests/samePrefixMarkedMtx2304/depth1/node3/test1_2.mtx 1.1 409.417 0.0675217 0.83 
/home/antonkov/masterWork/tests/samePrefixMarkedMtx2304/depth1/node3/test1_2.mtx 1.2 387.573 0.0531684 0.71 
/home/antonkov/masterWork/tests/samePrefixMarkedMtx2304/depth1/node3/test1_2.mtx 1.3 372.988 0.0354514 0.5 
/home/antonkov/masterWork/tests/samePrefixMarkedMtx2304/depth1/node3/test1_2.mtx 1.4 451.476 0.0208116 0.295 
/home/antonkov/masterWork/tests/samePrefixMarkedMtx2304/depth1/node3/test1_2.mtx 1.5 511.642 0.0117593 0.18 
/home/antonkov/masterWork/tests/samePrefixMarkedMtx2304/depth1/node3/test1_2.mtx 1.6 780.412 0.00500124 0.0771429 
/home/antonkov/masterWork/tests/samePrefixMarkedMtx2304/depth1/node3/test1_2.mtx 1.7 912.498 0.00298741 0.05 
/home/antonkov/masterWork/tests/samePrefixMarkedMtx2304/depth1/node3/test1_2.mtx 1.8 1636.9 0.00123951 0.02125 
/home/antonkov/masterWork/tests/samePrefixMarkedMtx2304/depth1/node3/test1_2.mtx 1.9 3510.09 0.000382333 0.00746269 
/home/antonkov/masterWork/tests/samePrefixMarkedMtx2304/depth1/node3/test1_2.mtx 2 0 -1 -1 
/home/antonkov/masterWork/tests/samePrefixMarkedMtx2304/depth1/node3/test1_2.mtx 2.1 0 -1 -1 
/home/antonkov/masterWork/tests/samePrefixMarkedMtx2304/depth1/node3/test1_2.mtx 2.2 0 -1 -1 
/home/antonkov/masterWork/tests/samePrefixMarkedMtx2304/depth1/node3/test1_2.mtx 2.3 0 -1 -1 
/home/antonkov/masterWork/tests/samePrefixMarkedMtx2304/depth1/node3/test1_2.mtx 2.4 0 -1 -1 
/home/antonkov/masterWork/tests/samePrefixMarkedMtx2304/depth1/node3/test1_2.mtx 2.5 0 -1 -1 
/home/antonkov/masterWork/tests/samePrefixMarkedMtx2304/depth1/node3/test1_2.mtx 2.6 0 -1 -1 
/home/antonkov/masterWork/tests/samePrefixMarkedMtx2304/depth1/node3/test1_2.mtx 2.7 0 -1 -1 
/home/antonkov/masterWork/tests/samePrefixMarkedMtx2304/depth1/node3/test1_2.mtx 2.8 0 -1 -1 
/home/antonkov/masterWork/tests/samePrefixMarkedMtx2304/depth1/node3/test1_2.mtx 2.9 0 -1 -1 
/home/antonkov/masterWork/tests/samePrefixMarkedMtx2304/depth1/node3/test1_2.mtx 3 0 -1 -1 
/home/antonkov/masterWork/tests/samePrefixMarkedMtx2304/depth1/node3/test1_2.mtx 3.1 0 -1 -1 
/home/antonkov/masterWork/tests/samePrefixMarkedMtx2304/depth1/node3/test1_2.mtx 3.2 0 -1 -1 
/home/antonkov/masterWork/tests/samePrefixMarkedMtx2304/depth1/node3/test1_2.mtx 3.3 0 -1 -1 
/home/antonkov/masterWork/tests/samePrefixMarkedMtx2304/depth1/node3/test1_2.mtx 3.4 0 -1 -1 
/home/antonkov/masterWork/tests/samePrefixMarkedMtx2304/depth1/node3/test1_2.mtx 3.5 0 -1 -1 
/home/antonkov/masterWork/tests/samePrefixMarkedMtx2304/depth1/node3/test1_3.mtx 1 401.47 0.0780078 0.89 
/home/antonkov/masterWork/tests/samePrefixMarkedMtx2304/depth1/node3/test1_3.mtx 1.1 397.347 0.0669922 0.83 
/home/antonkov/masterWork/tests/samePrefixMarkedMtx2304/depth1/node3/test1_3.mtx 1.2 391.991 0.046645 0.61 
/home/antonkov/masterWork/tests/samePrefixMarkedMtx2304/depth1/node3/test1_3.mtx 1.3 494.996 0.0332118 0.445 
/home/antonkov/masterWork/tests/samePrefixMarkedMtx2304/depth1/node3/test1_3.mtx 1.4 455.294 0.0209549 0.305 
/home/antonkov/masterWork/tests/samePrefixMarkedMtx2304/depth1/node3/test1_3.mtx 1.5 523.132 0.0136227 0.19 
/home/antonkov/masterWork/tests/samePrefixMarkedMtx2304/depth1/node3/test1_3.mtx 1.6 692.631 0.00584997 0.0883333 
/home/antonkov/masterWork/tests/samePrefixMarkedMtx2304/depth1/node3/test1_3.mtx 1.7 1163.43 0.0026237 0.0392857 
/home/antonkov/masterWork/tests/samePrefixMarkedMtx2304/depth1/node3/test1_3.mtx 1.8 1667.1 0.00120226 0.0196154 
/home/antonkov/masterWork/tests/samePrefixMarkedMtx2304/depth1/node3/test1_3.mtx 1.9 3380.91 0.000442644 0.00761194 
/home/antonkov/masterWork/tests/samePrefixMarkedMtx2304/depth1/node3/test1_3.mtx 2 0 -1 -1 
/home/antonkov/masterWork/tests/samePrefixMarkedMtx2304/depth1/node3/test1_3.mtx 2.1 0 -1 -1 
/home/antonkov/masterWork/tests/samePrefixMarkedMtx2304/depth1/node3/test1_3.mtx 2.2 0 -1 -1 
/home/antonkov/masterWork/tests/samePrefixMarkedMtx2304/depth1/node3/test1_3.mtx 2.3 0 -1 -1 
/home/antonkov/masterWork/tests/samePrefixMarkedMtx2304/depth1/node3/test1_3.mtx 2.4 0 -1 -1 
/home/antonkov/masterWork/tests/samePrefixMarkedMtx2304/depth1/node3/test1_3.mtx 2.5 0 -1 -1 
/home/antonkov/masterWork/tests/samePrefixMarkedMtx2304/depth1/node3/test1_3.mtx 2.6 0 -1 -1 
/home/antonkov/masterWork/tests/samePrefixMarkedMtx2304/depth1/node3/test1_3.mtx 2.7 0 -1 -1 
/home/antonkov/masterWork/tests/samePrefixMarkedMtx2304/depth1/node3/test1_3.mtx 2.8 0 -1 -1 
/home/antonkov/masterWork/tests/samePrefixMarkedMtx2304/depth1/node3/test1_3.mtx 2.9 0 -1 -1 
/home/antonkov/masterWork/tests/samePrefixMarkedMtx2304/depth1/node3/test1_3.mtx 3 0 -1 -1 
/home/antonkov/masterWork/tests/samePrefixMarkedMtx2304/depth1/node3/test1_3.mtx 3.1 0 -1 -1 
/home/antonkov/masterWork/tests/samePrefixMarkedMtx2304/depth1/node3/test1_3.mtx 3.2 0 -1 -1 
/home/antonkov/masterWork/tests/samePrefixMarkedMtx2304/depth1/node3/test1_3.mtx 3.3 0 -1 -1 
/home/antonkov/masterWork/tests/samePrefixMarkedMtx2304/depth1/node3/test1_3.mtx 3.4 0 -1 -1 
/home/antonkov/masterWork/tests/samePrefixMarkedMtx2304/depth1/node3/test1_3.mtx 3.5 0 -1 -1 
/home/antonkov/masterWork/tests/samePrefixMarkedMtx2304/depth1/node3/test1_4.mtx 1 386.611 0.0776215 0.88 
/home/antonkov/masterWork/tests/samePrefixMarkedMtx2304/depth1/node3/test1_4.mtx 1.1 376.558 0.067717 0.83 
/home/antonkov/masterWork/tests/samePrefixMarkedMtx2304/depth1/node3/test1_4.mtx 1.2 363.792 0.049566 0.63 
/home/antonkov/masterWork/tests/samePrefixMarkedMtx2304/depth1/node3/test1_4.mtx 1.3 343.349 0.0367839 0.5 
/home/antonkov/masterWork/tests/samePrefixMarkedMtx2304/depth1/node3/test1_4.mtx 1.4 446.393 0.0241949 0.37 
/home/antonkov/masterWork/tests/samePrefixMarkedMtx2304/depth1/node3/test1_4.mtx 1.5 508.072 0.0135532 0.2 
/home/antonkov/masterWork/tests/samePrefixMarkedMtx2304/depth1/node3/test1_4.mtx 1.6 610.483 0.00653385 0.104 
/home/antonkov/masterWork/tests/samePrefixMarkedMtx2304/depth1/node3/test1_4.mtx 1.7 974.616 0.00291982 0.0463636 
/home/antonkov/masterWork/tests/samePrefixMarkedMtx2304/depth1/node3/test1_4.mtx 1.8 1430.22 0.0014809 0.0255 
/home/antonkov/masterWork/tests/samePrefixMarkedMtx2304/depth1/node3/test1_4.mtx 1.9 2873.22 0.00057164 0.00980392 
/home/antonkov/masterWork/tests/samePrefixMarkedMtx2304/depth1/node3/test1_4.mtx 2 0 -1 -1 
/home/antonkov/masterWork/tests/samePrefixMarkedMtx2304/depth1/node3/test1_4.mtx 2.1 0 -1 -1 
/home/antonkov/masterWork/tests/samePrefixMarkedMtx2304/depth1/node3/test1_4.mtx 2.2 0 -1 -1 
/home/antonkov/masterWork/tests/samePrefixMarkedMtx2304/depth1/node3/test1_4.mtx 2.3 0 -1 -1 
/home/antonkov/masterWork/tests/samePrefixMarkedMtx2304/depth1/node3/test1_4.mtx 2.4 0 -1 -1 
/home/antonkov/masterWork/tests/samePrefixMarkedMtx2304/depth1/node3/test1_4.mtx 2.5 0 -1 -1 
/home/antonkov/masterWork/tests/samePrefixMarkedMtx2304/depth1/node3/test1_4.mtx 2.6 0 -1 -1 
/home/antonkov/masterWork/tests/samePrefixMarkedMtx2304/depth1/node3/test1_4.mtx 2.7 0 -1 -1 
/home/antonkov/masterWork/tests/samePrefixMarkedMtx2304/depth1/node3/test1_4.mtx 2.8 0 -1 -1 
/home/antonkov/masterWork/tests/samePrefixMarkedMtx2304/depth1/node3/test1_4.mtx 2.9 0 -1 -1 
/home/antonkov/masterWork/tests/samePrefixMarkedMtx2304/depth1/node3/test1_4.mtx 3 0 -1 -1 
/home/antonkov/masterWork/tests/samePrefixMarkedMtx2304/depth1/node3/test1_4.mtx 3.1 0 -1 -1 
/home/antonkov/masterWork/tests/samePrefixMarkedMtx2304/depth1/node3/test1_4.mtx 3.2 0 -1 -1 
/home/antonkov/masterWork/tests/samePrefixMarkedMtx2304/depth1/node3/test1_4.mtx 3.3 0 -1 -1 
/home/antonkov/masterWork/tests/samePrefixMarkedMtx2304/depth1/node3/test1_4.mtx 3.4 0 -1 -1 
/home/antonkov/masterWork/tests/samePrefixMarkedMtx2304/depth1/node3/test1_4.mtx 3.5 0 -1 -1 
/home/antonkov/masterWork/tests/samePrefixMarkedMtx2304/depth1/node3/test2_0.mtx 1 420.792 0.0734115 0.83 
/home/antonkov/masterWork/tests/samePrefixMarkedMtx2304/depth1/node3/test2_0.mtx 1.1 419.227 0.0607639 0.75 
/home/antonkov/masterWork/tests/samePrefixMarkedMtx2304/depth1/node3/test2_0.mtx 1.2 392.358 0.0462847 0.62 
/home/antonkov/masterWork/tests/samePrefixMarkedMtx2304/depth1/node3/test2_0.mtx 1.3 497.912 0.0284852 0.39 
/home/antonkov/masterWork/tests/samePrefixMarkedMtx2304/depth1/node3/test2_0.mtx 1.4 467.309 0.0173069 0.26 
/home/antonkov/masterWork/tests/samePrefixMarkedMtx2304/depth1/node3/test2_0.mtx 1.5 590.788 0.00791884 0.13 
/home/antonkov/masterWork/tests/samePrefixMarkedMtx2304/depth1/node3/test2_0.mtx 1.6 808.09 0.0041276 0.065 
/home/antonkov/masterWork/tests/samePrefixMarkedMtx2304/depth1/node3/test2_0.mtx 1.7 1159.67 0.00208218 0.0353333 
/home/antonkov/masterWork/tests/samePrefixMarkedMtx2304/depth1/node3/test2_0.mtx 1.8 2210.19 0.000835503 0.0136842 
/home/antonkov/masterWork/tests/samePrefixMarkedMtx2304/depth1/node3/test2_0.mtx 1.9 5913.11 0.000216948 0.00381679 
/home/antonkov/masterWork/tests/samePrefixMarkedMtx2304/depth1/node3/test2_0.mtx 2 0 -1 -1 
/home/antonkov/masterWork/tests/samePrefixMarkedMtx2304/depth1/node3/test2_0.mtx 2.1 0 -1 -1 
/home/antonkov/masterWork/tests/samePrefixMarkedMtx2304/depth1/node3/test2_0.mtx 2.2 0 -1 -1 
/home/antonkov/masterWork/tests/samePrefixMarkedMtx2304/depth1/node3/test2_0.mtx 2.3 0 -1 -1 
/home/antonkov/masterWork/tests/samePrefixMarkedMtx2304/depth1/node3/test2_0.mtx 2.4 0 -1 -1 
/home/antonkov/masterWork/tests/samePrefixMarkedMtx2304/depth1/node3/test2_0.mtx 2.5 0 -1 -1 
/home/antonkov/masterWork/tests/samePrefixMarkedMtx2304/depth1/node3/test2_0.mtx 2.6 0 -1 -1 
/home/antonkov/masterWork/tests/samePrefixMarkedMtx2304/depth1/node3/test2_0.mtx 2.7 0 -1 -1 
/home/antonkov/masterWork/tests/samePrefixMarkedMtx2304/depth1/node3/test2_0.mtx 2.8 0 -1 -1 
/home/antonkov/masterWork/tests/samePrefixMarkedMtx2304/depth1/node3/test2_0.mtx 2.9 0 -1 -1 
/home/antonkov/masterWork/tests/samePrefixMarkedMtx2304/depth1/node3/test2_0.mtx 3 0 -1 -1 
/home/antonkov/masterWork/tests/samePrefixMarkedMtx2304/depth1/node3/test2_0.mtx 3.1 0 -1 -1 
/home/antonkov/masterWork/tests/samePrefixMarkedMtx2304/depth1/node3/test2_0.mtx 3.2 0 -1 -1 
/home/antonkov/masterWork/tests/samePrefixMarkedMtx2304/depth1/node3/test2_0.mtx 3.3 0 -1 -1 
/home/antonkov/masterWork/tests/samePrefixMarkedMtx2304/depth1/node3/test2_0.mtx 3.4 0 -1 -1 
/home/antonkov/masterWork/tests/samePrefixMarkedMtx2304/depth1/node3/test2_0.mtx 3.5 0 -1 -1 
/home/antonkov/masterWork/tests/samePrefixMarkedMtx2304/depth1/node3/test2_1.mtx 1 418.867 0.070816 0.81 
/home/antonkov/masterWork/tests/samePrefixMarkedMtx2304/depth1/node3/test2_1.mtx 1.1 404.672 0.058151 0.72 
/home/antonkov/masterWork/tests/samePrefixMarkedMtx2304/depth1/node3/test2_1.mtx 1.2 383.361 0.0434896 0.55 
/home/antonkov/masterWork/tests/samePrefixMarkedMtx2304/depth1/node3/test2_1.mtx 1.3 477.198 0.0280165 0.385 
/home/antonkov/masterWork/tests/samePrefixMarkedMtx2304/depth1/node3/test2_1.mtx 1.4 557.193 0.0193229 0.27 
/home/antonkov/masterWork/tests/samePrefixMarkedMtx2304/depth1/node3/test2_1.mtx 1.5 587.055 0.00980903 0.14 
/home/antonkov/masterWork/tests/samePrefixMarkedMtx2304/depth1/node3/test2_1.mtx 1.6 698.842 0.00608652 0.0916667 
/home/antonkov/masterWork/tests/samePrefixMarkedMtx2304/depth1/node3/test2_1.mtx 1.7 990.229 0.00253508 0.0416667 
/home/antonkov/masterWork/tests/samePrefixMarkedMtx2304/depth1/node3/test2_1.mtx 1.8 1954.83 0.0010555 0.016875 
/home/antonkov/masterWork/tests/samePrefixMarkedMtx2304/depth1/node3/test2_1.mtx 1.9 4220.55 0.000314196 0.00574713 
/home/antonkov/masterWork/tests/samePrefixMarkedMtx2304/depth1/node3/test2_1.mtx 2 0 -1 -1 
/home/antonkov/masterWork/tests/samePrefixMarkedMtx2304/depth1/node3/test2_1.mtx 2.1 0 -1 -1 
/home/antonkov/masterWork/tests/samePrefixMarkedMtx2304/depth1/node3/test2_1.mtx 2.2 0 -1 -1 
/home/antonkov/masterWork/tests/samePrefixMarkedMtx2304/depth1/node3/test2_1.mtx 2.3 0 -1 -1 
/home/antonkov/masterWork/tests/samePrefixMarkedMtx2304/depth1/node3/test2_1.mtx 2.4 0 -1 -1 
/home/antonkov/masterWork/tests/samePrefixMarkedMtx2304/depth1/node3/test2_1.mtx 2.5 0 -1 -1 
/home/antonkov/masterWork/tests/samePrefixMarkedMtx2304/depth1/node3/test2_1.mtx 2.6 0 -1 -1 
/home/antonkov/masterWork/tests/samePrefixMarkedMtx2304/depth1/node3/test2_1.mtx 2.7 0 -1 -1 
/home/antonkov/masterWork/tests/samePrefixMarkedMtx2304/depth1/node3/test2_1.mtx 2.8 0 -1 -1 
/home/antonkov/masterWork/tests/samePrefixMarkedMtx2304/depth1/node3/test2_1.mtx 2.9 0 -1 -1 
/home/antonkov/masterWork/tests/samePrefixMarkedMtx2304/depth1/node3/test2_1.mtx 3 0 -1 -1 
/home/antonkov/masterWork/tests/samePrefixMarkedMtx2304/depth1/node3/test2_1.mtx 3.1 0 -1 -1 
/home/antonkov/masterWork/tests/samePrefixMarkedMtx2304/depth1/node3/test2_1.mtx 3.2 0 -1 -1 
/home/antonkov/masterWork/tests/samePrefixMarkedMtx2304/depth1/node3/test2_1.mtx 3.3 0 -1 -1 
/home/antonkov/masterWork/tests/samePrefixMarkedMtx2304/depth1/node3/test2_1.mtx 3.4 0 -1 -1 
/home/antonkov/masterWork/tests/samePrefixMarkedMtx2304/depth1/node3/test2_1.mtx 3.5 0 -1 -1 
/home/antonkov/masterWork/tests/samePrefixMarkedMtx2304/depth1/node3/test2_2.mtx 1 420.963 0.0733073 0.83 
/home/antonkov/masterWork/tests/samePrefixMarkedMtx2304/depth1/node3/test2_2.mtx 1.1 419.848 0.0609983 0.74 
/home/antonkov/masterWork/tests/samePrefixMarkedMtx2304/depth1/node3/test2_2.mtx 1.2 397.355 0.0466059 0.6 
/home/antonkov/masterWork/tests/samePrefixMarkedMtx2304/depth1/node3/test2_2.mtx 1.3 498.327 0.0340017 0.465 
/home/antonkov/masterWork/tests/samePrefixMarkedMtx2304/depth1/node3/test2_2.mtx 1.4 468.586 0.0183594 0.26 
/home/antonkov/masterWork/tests/samePrefixMarkedMtx2304/depth1/node3/test2_2.mtx 1.5 588.049 0.00968099 0.15 
/home/antonkov/masterWork/tests/samePrefixMarkedMtx2304/depth1/node3/test2_2.mtx 1.6 891.862 0.00424624 0.0611111 
/home/antonkov/masterWork/tests/samePrefixMarkedMtx2304/depth1/node3/test2_2.mtx 1.7 1095.86 0.00223989 0.0357143 
/home/antonkov/masterWork/tests/samePrefixMarkedMtx2304/depth1/node3/test2_2.mtx 1.8 2309.95 0.000823568 0.0125 
/home/antonkov/masterWork/tests/samePrefixMarkedMtx2304/depth1/node3/test2_2.mtx 1.9 4700.55 0.000285405 0.00485437 
/home/antonkov/masterWork/tests/samePrefixMarkedMtx2304/depth1/node3/test2_2.mtx 2 0 -1 -1 
/home/antonkov/masterWork/tests/samePrefixMarkedMtx2304/depth1/node3/test2_2.mtx 2.1 0 -1 -1 
/home/antonkov/masterWork/tests/samePrefixMarkedMtx2304/depth1/node3/test2_2.mtx 2.2 0 -1 -1 
/home/antonkov/masterWork/tests/samePrefixMarkedMtx2304/depth1/node3/test2_2.mtx 2.3 0 -1 -1 
/home/antonkov/masterWork/tests/samePrefixMarkedMtx2304/depth1/node3/test2_2.mtx 2.4 0 -1 -1 
/home/antonkov/masterWork/tests/samePrefixMarkedMtx2304/depth1/node3/test2_2.mtx 2.5 0 -1 -1 
/home/antonkov/masterWork/tests/samePrefixMarkedMtx2304/depth1/node3/test2_2.mtx 2.6 0 -1 -1 
/home/antonkov/masterWork/tests/samePrefixMarkedMtx2304/depth1/node3/test2_2.mtx 2.7 0 -1 -1 
/home/antonkov/masterWork/tests/samePrefixMarkedMtx2304/depth1/node3/test2_2.mtx 2.8 0 -1 -1 
/home/antonkov/masterWork/tests/samePrefixMarkedMtx2304/depth1/node3/test2_2.mtx 2.9 0 -1 -1 
/home/antonkov/masterWork/tests/samePrefixMarkedMtx2304/depth1/node3/test2_2.mtx 3 0 -1 -1 
/home/antonkov/masterWork/tests/samePrefixMarkedMtx2304/depth1/node3/test2_2.mtx 3.1 0 -1 -1 
/home/antonkov/masterWork/tests/samePrefixMarkedMtx2304/depth1/node3/test2_2.mtx 3.2 0 -1 -1 
/home/antonkov/masterWork/tests/samePrefixMarkedMtx2304/depth1/node3/test2_2.mtx 3.3 0 -1 -1 
/home/antonkov/masterWork/tests/samePrefixMarkedMtx2304/depth1/node3/test2_2.mtx 3.4 0 -1 -1 
/home/antonkov/masterWork/tests/samePrefixMarkedMtx2304/depth1/node3/test2_2.mtx 3.5 0 -1 -1 
/home/antonkov/masterWork/tests/samePrefixMarkedMtx2304/depth1/node3/test2_3.mtx 1 427.019 0.069605 0.82 
/home/antonkov/masterWork/tests/samePrefixMarkedMtx2304/depth1/node3/test2_3.mtx 1.1 411.882 0.0538151 0.68 
/home/antonkov/masterWork/tests/samePrefixMarkedMtx2304/depth1/node3/test2_3.mtx 1.2 390.185 0.0399262 0.53 
/home/antonkov/masterWork/tests/samePrefixMarkedMtx2304/depth1/node3/test2_3.mtx 1.3 503.902 0.0304601 0.43 
/home/antonkov/masterWork/tests/samePrefixMarkedMtx2304/depth1/node3/test2_3.mtx 1.4 459.738 0.0175065 0.25 
/home/antonkov/masterWork/tests/samePrefixMarkedMtx2304/depth1/node3/test2_3.mtx 1.5 608.198 0.0100445 0.1425 
/home/antonkov/masterWork/tests/samePrefixMarkedMtx2304/depth1/node3/test2_3.mtx 1.6 765.782 0.00516617 0.0785714 
/home/antonkov/masterWork/tests/samePrefixMarkedMtx2304/depth1/node3/test2_3.mtx 1.7 1241.49 0.00196723 0.031875 
/home/antonkov/masterWork/tests/samePrefixMarkedMtx2304/depth1/node3/test2_3.mtx 1.8 2256.95 0.000781806 0.0133333 
/home/antonkov/masterWork/tests/samePrefixMarkedMtx2304/depth1/node3/test2_3.mtx 1.9 4372.23 0.000275844 0.00565217 
/home/antonkov/masterWork/tests/samePrefixMarkedMtx2304/depth1/node3/test2_3.mtx 2 0 -1 -1 
/home/antonkov/masterWork/tests/samePrefixMarkedMtx2304/depth1/node3/test2_3.mtx 2.1 0 -1 -1 
/home/antonkov/masterWork/tests/samePrefixMarkedMtx2304/depth1/node3/test2_3.mtx 2.2 0 -1 -1 
/home/antonkov/masterWork/tests/samePrefixMarkedMtx2304/depth1/node3/test2_3.mtx 2.3 0 -1 -1 
/home/antonkov/masterWork/tests/samePrefixMarkedMtx2304/depth1/node3/test2_3.mtx 2.4 0 -1 -1 
/home/antonkov/masterWork/tests/samePrefixMarkedMtx2304/depth1/node3/test2_3.mtx 2.5 0 -1 -1 
/home/antonkov/masterWork/tests/samePrefixMarkedMtx2304/depth1/node3/test2_3.mtx 2.6 0 -1 -1 
/home/antonkov/masterWork/tests/samePrefixMarkedMtx2304/depth1/node3/test2_3.mtx 2.7 0 -1 -1 
/home/antonkov/masterWork/tests/samePrefixMarkedMtx2304/depth1/node3/test2_3.mtx 2.8 0 -1 -1 
/home/antonkov/masterWork/tests/samePrefixMarkedMtx2304/depth1/node3/test2_3.mtx 2.9 0 -1 -1 
/home/antonkov/masterWork/tests/samePrefixMarkedMtx2304/depth1/node3/test2_3.mtx 3 0 -1 -1 
/home/antonkov/masterWork/tests/samePrefixMarkedMtx2304/depth1/node3/test2_3.mtx 3.1 0 -1 -1 
/home/antonkov/masterWork/tests/samePrefixMarkedMtx2304/depth1/node3/test2_3.mtx 3.2 0 -1 -1 
/home/antonkov/masterWork/tests/samePrefixMarkedMtx2304/depth1/node3/test2_3.mtx 3.3 0 -1 -1 
/home/antonkov/masterWork/tests/samePrefixMarkedMtx2304/depth1/node3/test2_3.mtx 3.4 0 -1 -1 
/home/antonkov/masterWork/tests/samePrefixMarkedMtx2304/depth1/node3/test2_3.mtx 3.5 0 -1 -1 
/home/antonkov/masterWork/tests/samePrefixMarkedMtx2304/depth1/node3/test2_4.mtx 1 408.124 0.0703602 0.84 
/home/antonkov/masterWork/tests/samePrefixMarkedMtx2304/depth1/node3/test2_4.mtx 1.1 401.867 0.0553472 0.7 
/home/antonkov/masterWork/tests/samePrefixMarkedMtx2304/depth1/node3/test2_4.mtx 1.2 383.68 0.0450087 0.6 
/home/antonkov/masterWork/tests/samePrefixMarkedMtx2304/depth1/node3/test2_4.mtx 1.3 484.711 0.0324306 0.45 
/home/antonkov/masterWork/tests/samePrefixMarkedMtx2304/depth1/node3/test2_4.mtx 1.4 556.268 0.0188137 0.273333 
/home/antonkov/masterWork/tests/samePrefixMarkedMtx2304/depth1/node3/test2_4.mtx 1.5 588.646 0.0100271 0.1475 
/home/antonkov/masterWork/tests/samePrefixMarkedMtx2304/depth1/node3/test2_4.mtx 1.6 747.551 0.00467944 0.0714286 
/home/antonkov/masterWork/tests/samePrefixMarkedMtx2304/depth1/node3/test2_4.mtx 1.7 1267.33 0.0020624 0.0311765 
/home/antonkov/masterWork/tests/samePrefixMarkedMtx2304/depth1/node3/test2_4.mtx 1.8 1928.77 0.000981166 0.0151515 
/home/antonkov/masterWork/tests/samePrefixMarkedMtx2304/depth1/node3/test2_4.mtx 1.9 5363.82 0.000237256 0.00420168 
/home/antonkov/masterWork/tests/samePrefixMarkedMtx2304/depth1/node3/test2_4.mtx 2 0 -1 -1 
/home/antonkov/masterWork/tests/samePrefixMarkedMtx2304/depth1/node3/test2_4.mtx 2.1 0 -1 -1 
/home/antonkov/masterWork/tests/samePrefixMarkedMtx2304/depth1/node3/test2_4.mtx 2.2 0 -1 -1 
/home/antonkov/masterWork/tests/samePrefixMarkedMtx2304/depth1/node3/test2_4.mtx 2.3 0 -1 -1 
/home/antonkov/masterWork/tests/samePrefixMarkedMtx2304/depth1/node3/test2_4.mtx 2.4 0 -1 -1 
/home/antonkov/masterWork/tests/samePrefixMarkedMtx2304/depth1/node3/test2_4.mtx 2.5 0 -1 -1 
/home/antonkov/masterWork/tests/samePrefixMarkedMtx2304/depth1/node3/test2_4.mtx 2.6 0 -1 -1 
/home/antonkov/masterWork/tests/samePrefixMarkedMtx2304/depth1/node3/test2_4.mtx 2.7 0 -1 -1 
/home/antonkov/masterWork/tests/samePrefixMarkedMtx2304/depth1/node3/test2_4.mtx 2.8 0 -1 -1 
/home/antonkov/masterWork/tests/samePrefixMarkedMtx2304/depth1/node3/test2_4.mtx 2.9 0 -1 -1 
/home/antonkov/masterWork/tests/samePrefixMarkedMtx2304/depth1/node3/test2_4.mtx 3 0 -1 -1 
/home/antonkov/masterWork/tests/samePrefixMarkedMtx2304/depth1/node3/test2_4.mtx 3.1 0 -1 -1 
/home/antonkov/masterWork/tests/samePrefixMarkedMtx2304/depth1/node3/test2_4.mtx 3.2 0 -1 -1 
/home/antonkov/masterWork/tests/samePrefixMarkedMtx2304/depth1/node3/test2_4.mtx 3.3 0 -1 -1 
/home/antonkov/masterWork/tests/samePrefixMarkedMtx2304/depth1/node3/test2_4.mtx 3.4 0 -1 -1 
/home/antonkov/masterWork/tests/samePrefixMarkedMtx2304/depth1/node3/test2_4.mtx 3.5 0 -1 -1 
/home/antonkov/masterWork/tests/samePrefixMarkedMtx2304/depth1/node3/test97_0.mtx 1 451.062 0.0813672 0.91 
/home/antonkov/masterWork/tests/samePrefixMarkedMtx2304/depth1/node3/test97_0.mtx 1.1 452.703 0.0689366 0.81 
/home/antonkov/masterWork/tests/samePrefixMarkedMtx2304/depth1/node3/test97_0.mtx 1.2 446.01 0.0535851 0.66 
/home/antonkov/masterWork/tests/samePrefixMarkedMtx2304/depth1/node3/test97_0.mtx 1.3 547.519 0.0404167 0.525 
/home/antonkov/masterWork/tests/samePrefixMarkedMtx2304/depth1/node3/test97_0.mtx 1.4 526.581 0.0291558 0.405 
/home/antonkov/masterWork/tests/samePrefixMarkedMtx2304/depth1/node3/test97_0.mtx 1.5 480.67 0.0185851 0.25 
/home/antonkov/masterWork/tests/samePrefixMarkedMtx2304/depth1/node3/test97_0.mtx 1.6 616.085 0.00921658 0.135 
/home/antonkov/masterWork/tests/samePrefixMarkedMtx2304/depth1/node3/test97_0.mtx 1.7 901.147 0.00373264 0.0577778 
/home/antonkov/masterWork/tests/samePrefixMarkedMtx2304/depth1/node3/test97_0.mtx 1.8 1774.39 0.0013276 0.0204 
/home/antonkov/masterWork/tests/samePrefixMarkedMtx2304/depth1/node3/test97_0.mtx 1.9 3659.24 0.000490005 0.0075 
/home/antonkov/masterWork/tests/samePrefixMarkedMtx2304/depth1/node3/test97_0.mtx 2 0 -1 -1 
/home/antonkov/masterWork/tests/samePrefixMarkedMtx2304/depth1/node3/test97_0.mtx 2.1 0 -1 -1 
/home/antonkov/masterWork/tests/samePrefixMarkedMtx2304/depth1/node3/test97_0.mtx 2.2 0 -1 -1 
/home/antonkov/masterWork/tests/samePrefixMarkedMtx2304/depth1/node3/test97_0.mtx 2.3 0 -1 -1 
/home/antonkov/masterWork/tests/samePrefixMarkedMtx2304/depth1/node3/test97_0.mtx 2.4 0 -1 -1 
/home/antonkov/masterWork/tests/samePrefixMarkedMtx2304/depth1/node3/test97_0.mtx 2.5 0 -1 -1 
/home/antonkov/masterWork/tests/samePrefixMarkedMtx2304/depth1/node3/test97_0.mtx 2.6 0 -1 -1 
/home/antonkov/masterWork/tests/samePrefixMarkedMtx2304/depth1/node3/test97_0.mtx 2.7 0 -1 -1 
/home/antonkov/masterWork/tests/samePrefixMarkedMtx2304/depth1/node3/test97_0.mtx 2.8 0 -1 -1 
/home/antonkov/masterWork/tests/samePrefixMarkedMtx2304/depth1/node3/test97_0.mtx 2.9 0 -1 -1 
/home/antonkov/masterWork/tests/samePrefixMarkedMtx2304/depth1/node3/test97_0.mtx 3 0 -1 -1 
/home/antonkov/masterWork/tests/samePrefixMarkedMtx2304/depth1/node3/test97_0.mtx 3.1 0 -1 -1 
/home/antonkov/masterWork/tests/samePrefixMarkedMtx2304/depth1/node3/test97_0.mtx 3.2 0 -1 -1 
/home/antonkov/masterWork/tests/samePrefixMarkedMtx2304/depth1/node3/test97_0.mtx 3.3 0 -1 -1 
/home/antonkov/masterWork/tests/samePrefixMarkedMtx2304/depth1/node3/test97_0.mtx 3.4 0 -1 -1 
/home/antonkov/masterWork/tests/samePrefixMarkedMtx2304/depth1/node3/test97_0.mtx 3.5 0 -1 -1 
/home/antonkov/masterWork/tests/samePrefixMarkedMtx2304/depth1/node3/test97_1.mtx 1 452.466 0.0849262 0.91 
/home/antonkov/masterWork/tests/samePrefixMarkedMtx2304/depth1/node3/test97_1.mtx 1.1 449.004 0.0744618 0.86 
/home/antonkov/masterWork/tests/samePrefixMarkedMtx2304/depth1/node3/test97_1.mtx 1.2 451.528 0.059388 0.72 
/home/antonkov/masterWork/tests/samePrefixMarkedMtx2304/depth1/node3/test97_1.mtx 1.3 417.256 0.0408247 0.54 
/home/antonkov/masterWork/tests/samePrefixMarkedMtx2304/depth1/node3/test97_1.mtx 1.4 512.911 0.0269922 0.38 
/home/antonkov/masterWork/tests/samePrefixMarkedMtx2304/depth1/node3/test97_1.mtx 1.5 578.12 0.0163657 0.23 
/home/antonkov/masterWork/tests/samePrefixMarkedMtx2304/depth1/node3/test97_1.mtx 1.6 711.056 0.00713628 0.108 
/home/antonkov/masterWork/tests/samePrefixMarkedMtx2304/depth1/node3/test97_1.mtx 1.7 972.699 0.00366146 0.056 
/home/antonkov/masterWork/tests/samePrefixMarkedMtx2304/depth1/node3/test97_1.mtx 1.8 1632.2 0.00145211 0.0226087 
/home/antonkov/masterWork/tests/samePrefixMarkedMtx2304/depth1/node3/test97_1.mtx 1.9 2843.84 0.000653212 0.00961538 
/home/antonkov/masterWork/tests/samePrefixMarkedMtx2304/depth1/node3/test97_1.mtx 2 0 -1 -1 
/home/antonkov/masterWork/tests/samePrefixMarkedMtx2304/depth1/node3/test97_1.mtx 2.1 0 -1 -1 
/home/antonkov/masterWork/tests/samePrefixMarkedMtx2304/depth1/node3/test97_1.mtx 2.2 0 -1 -1 
/home/antonkov/masterWork/tests/samePrefixMarkedMtx2304/depth1/node3/test97_1.mtx 2.3 0 -1 -1 
/home/antonkov/masterWork/tests/samePrefixMarkedMtx2304/depth1/node3/test97_1.mtx 2.4 0 -1 -1 
/home/antonkov/masterWork/tests/samePrefixMarkedMtx2304/depth1/node3/test97_1.mtx 2.5 0 -1 -1 
/home/antonkov/masterWork/tests/samePrefixMarkedMtx2304/depth1/node3/test97_1.mtx 2.6 0 -1 -1 
/home/antonkov/masterWork/tests/samePrefixMarkedMtx2304/depth1/node3/test97_1.mtx 2.7 0 -1 -1 
/home/antonkov/masterWork/tests/samePrefixMarkedMtx2304/depth1/node3/test97_1.mtx 2.8 0 -1 -1 
/home/antonkov/masterWork/tests/samePrefixMarkedMtx2304/depth1/node3/test97_1.mtx 2.9 0 -1 -1 
/home/antonkov/masterWork/tests/samePrefixMarkedMtx2304/depth1/node3/test97_1.mtx 3 0 -1 -1 
/home/antonkov/masterWork/tests/samePrefixMarkedMtx2304/depth1/node3/test97_1.mtx 3.1 0 -1 -1 
/home/antonkov/masterWork/tests/samePrefixMarkedMtx2304/depth1/node3/test97_1.mtx 3.2 0 -1 -1 
/home/antonkov/masterWork/tests/samePrefixMarkedMtx2304/depth1/node3/test97_1.mtx 3.3 0 -1 -1 
/home/antonkov/masterWork/tests/samePrefixMarkedMtx2304/depth1/node3/test97_1.mtx 3.4 0 -1 -1 
/home/antonkov/masterWork/tests/samePrefixMarkedMtx2304/depth1/node3/test97_1.mtx 3.5 0 -1 -1 
/home/antonkov/masterWork/tests/samePrefixMarkedMtx2304/depth1/node3/test97_2.mtx 1 454.273 0.0804601 0.89 
/home/antonkov/masterWork/tests/samePrefixMarkedMtx2304/depth1/node3/test97_2.mtx 1.1 449.796 0.0663889 0.77 
/home/antonkov/masterWork/tests/samePrefixMarkedMtx2304/depth1/node3/test97_2.mtx 1.2 441.005 0.0552821 0.67 
/home/antonkov/masterWork/tests/samePrefixMarkedMtx2304/depth1/node3/test97_2.mtx 1.3 423.913 0.0414931 0.5 
/home/antonkov/masterWork/tests/samePrefixMarkedMtx2304/depth1/node3/test97_2.mtx 1.4 530.831 0.0324718 0.435 
/home/antonkov/masterWork/tests/samePrefixMarkedMtx2304/depth1/node3/test97_2.mtx 1.5 497.297 0.0181185 0.26 
/home/antonkov/masterWork/tests/samePrefixMarkedMtx2304/depth1/node3/test97_2.mtx 1.6 638.69 0.0086339 0.14 
/home/antonkov/masterWork/tests/samePrefixMarkedMtx2304/depth1/node3/test97_2.mtx 1.7 934.523 0.00358025 0.0577778 
/home/antonkov/masterWork/tests/samePrefixMarkedMtx2304/depth1/node3/test97_2.mtx 1.8 1491.33 0.00177148 0.0285 
/home/antonkov/masterWork/tests/samePrefixMarkedMtx2304/depth1/node3/test97_2.mtx 1.9 2373.93 0.000726237 0.0125 
/home/antonkov/masterWork/tests/samePrefixMarkedMtx2304/depth1/node3/test97_2.mtx 2 5766.28 0.000251948 0.00406504 
/home/antonkov/masterWork/tests/samePrefixMarkedMtx2304/depth1/node3/test97_2.mtx 2.1 0 -1 -1 
/home/antonkov/masterWork/tests/samePrefixMarkedMtx2304/depth1/node3/test97_2.mtx 2.2 0 -1 -1 
/home/antonkov/masterWork/tests/samePrefixMarkedMtx2304/depth1/node3/test97_2.mtx 2.3 0 -1 -1 
/home/antonkov/masterWork/tests/samePrefixMarkedMtx2304/depth1/node3/test97_2.mtx 2.4 0 -1 -1 
/home/antonkov/masterWork/tests/samePrefixMarkedMtx2304/depth1/node3/test97_2.mtx 2.5 0 -1 -1 
/home/antonkov/masterWork/tests/samePrefixMarkedMtx2304/depth1/node3/test97_2.mtx 2.6 0 -1 -1 
/home/antonkov/masterWork/tests/samePrefixMarkedMtx2304/depth1/node3/test97_2.mtx 2.7 0 -1 -1 
/home/antonkov/masterWork/tests/samePrefixMarkedMtx2304/depth1/node3/test97_2.mtx 2.8 0 -1 -1 
/home/antonkov/masterWork/tests/samePrefixMarkedMtx2304/depth1/node3/test97_2.mtx 2.9 0 -1 -1 
/home/antonkov/masterWork/tests/samePrefixMarkedMtx2304/depth1/node3/test97_2.mtx 3 0 -1 -1 
/home/antonkov/masterWork/tests/samePrefixMarkedMtx2304/depth1/node3/test97_2.mtx 3.1 0 -1 -1 
/home/antonkov/masterWork/tests/samePrefixMarkedMtx2304/depth1/node3/test97_2.mtx 3.2 0 -1 -1 
/home/antonkov/masterWork/tests/samePrefixMarkedMtx2304/depth1/node3/test97_2.mtx 3.3 0 -1 -1 
/home/antonkov/masterWork/tests/samePrefixMarkedMtx2304/depth1/node3/test97_2.mtx 3.4 0 -1 -1 
/home/antonkov/masterWork/tests/samePrefixMarkedMtx2304/depth1/node3/test97_2.mtx 3.5 0 -1 -1 
/home/antonkov/masterWork/tests/samePrefixMarkedMtx2304/depth1/node3/test97_3.mtx 1 456.1 0.0830729 0.93 
/home/antonkov/masterWork/tests/samePrefixMarkedMtx2304/depth1/node3/test97_3.mtx 1.1 449.474 0.0692535 0.79 
/home/antonkov/masterWork/tests/samePrefixMarkedMtx2304/depth1/node3/test97_3.mtx 1.2 434.688 0.0526693 0.64 
/home/antonkov/masterWork/tests/samePrefixMarkedMtx2304/depth1/node3/test97_3.mtx 1.3 546.968 0.041059 0.525 
/home/antonkov/masterWork/tests/samePrefixMarkedMtx2304/depth1/node3/test97_3.mtx 1.4 509.987 0.027576 0.375 
/home/antonkov/masterWork/tests/samePrefixMarkedMtx2304/depth1/node3/test97_3.mtx 1.5 582.486 0.0166291 0.24 
/home/antonkov/masterWork/tests/samePrefixMarkedMtx2304/depth1/node3/test97_3.mtx 1.6 695.202 0.00756684 0.114 
/home/antonkov/masterWork/tests/samePrefixMarkedMtx2304/depth1/node3/test97_3.mtx 1.7 907.222 0.00396267 0.0577778 
/home/antonkov/masterWork/tests/samePrefixMarkedMtx2304/depth1/node3/test97_3.mtx 1.8 1463.47 0.0014822 0.025 
/home/antonkov/masterWork/tests/samePrefixMarkedMtx2304/depth1/node3/test97_3.mtx 1.9 2716.88 0.000606222 0.0102041 
/home/antonkov/masterWork/tests/samePrefixMarkedMtx2304/depth1/node3/test97_3.mtx 2 7819.97 0.000165367 0.0027933 
/home/antonkov/masterWork/tests/samePrefixMarkedMtx2304/depth1/node3/test97_3.mtx 2.1 0 -1 -1 
/home/antonkov/masterWork/tests/samePrefixMarkedMtx2304/depth1/node3/test97_3.mtx 2.2 0 -1 -1 
/home/antonkov/masterWork/tests/samePrefixMarkedMtx2304/depth1/node3/test97_3.mtx 2.3 0 -1 -1 
/home/antonkov/masterWork/tests/samePrefixMarkedMtx2304/depth1/node3/test97_3.mtx 2.4 0 -1 -1 
/home/antonkov/masterWork/tests/samePrefixMarkedMtx2304/depth1/node3/test97_3.mtx 2.5 0 -1 -1 
/home/antonkov/masterWork/tests/samePrefixMarkedMtx2304/depth1/node3/test97_3.mtx 2.6 0 -1 -1 
/home/antonkov/masterWork/tests/samePrefixMarkedMtx2304/depth1/node3/test97_3.mtx 2.7 0 -1 -1 
/home/antonkov/masterWork/tests/samePrefixMarkedMtx2304/depth1/node3/test97_3.mtx 2.8 0 -1 -1 
/home/antonkov/masterWork/tests/samePrefixMarkedMtx2304/depth1/node3/test97_3.mtx 2.9 0 -1 -1 
/home/antonkov/masterWork/tests/samePrefixMarkedMtx2304/depth1/node3/test97_3.mtx 3 0 -1 -1 
/home/antonkov/masterWork/tests/samePrefixMarkedMtx2304/depth1/node3/test97_3.mtx 3.1 0 -1 -1 
/home/antonkov/masterWork/tests/samePrefixMarkedMtx2304/depth1/node3/test97_3.mtx 3.2 0 -1 -1 
/home/antonkov/masterWork/tests/samePrefixMarkedMtx2304/depth1/node3/test97_3.mtx 3.3 0 -1 -1 
/home/antonkov/masterWork/tests/samePrefixMarkedMtx2304/depth1/node3/test97_3.mtx 3.4 0 -1 -1 
/home/antonkov/masterWork/tests/samePrefixMarkedMtx2304/depth1/node3/test97_3.mtx 3.5 0 -1 -1 
/home/antonkov/masterWork/tests/samePrefixMarkedMtx2304/depth1/node3/test97_4.mtx 1 453.932 0.0823655 0.93 
/home/antonkov/masterWork/tests/samePrefixMarkedMtx2304/depth1/node3/test97_4.mtx 1.1 448.595 0.0715712 0.86 
/home/antonkov/masterWork/tests/samePrefixMarkedMtx2304/depth1/node3/test97_4.mtx 1.2 448.63 0.0573915 0.75 
/home/antonkov/masterWork/tests/samePrefixMarkedMtx2304/depth1/node3/test97_4.mtx 1.3 425.72 0.0397483 0.53 
/home/antonkov/masterWork/tests/samePrefixMarkedMtx2304/depth1/node3/test97_4.mtx 1.4 526.172 0.0270291 0.36 
/home/antonkov/masterWork/tests/samePrefixMarkedMtx2304/depth1/node3/test97_4.mtx 1.5 604.855 0.0155556 0.226667 
/home/antonkov/masterWork/tests/samePrefixMarkedMtx2304/depth1/node3/test97_4.mtx 1.6 707.228 0.00764583 0.112 
/home/antonkov/masterWork/tests/samePrefixMarkedMtx2304/depth1/node3/test97_4.mtx 1.7 917.231 0.00367139 0.0555556 
/home/antonkov/masterWork/tests/samePrefixMarkedMtx2304/depth1/node3/test97_4.mtx 1.8 1602.01 0.00145123 0.0227273 
/home/antonkov/masterWork/tests/samePrefixMarkedMtx2304/depth1/node3/test97_4.mtx 1.9 3256.34 0.000518065 0.0087931 
/home/antonkov/masterWork/tests/samePrefixMarkedMtx2304/depth1/node3/test97_4.mtx 2 0 -1 -1 
/home/antonkov/masterWork/tests/samePrefixMarkedMtx2304/depth1/node3/test97_4.mtx 2.1 0 -1 -1 
/home/antonkov/masterWork/tests/samePrefixMarkedMtx2304/depth1/node3/test97_4.mtx 2.2 0 -1 -1 
/home/antonkov/masterWork/tests/samePrefixMarkedMtx2304/depth1/node3/test97_4.mtx 2.3 0 -1 -1 
/home/antonkov/masterWork/tests/samePrefixMarkedMtx2304/depth1/node3/test97_4.mtx 2.4 0 -1 -1 
/home/antonkov/masterWork/tests/samePrefixMarkedMtx2304/depth1/node3/test97_4.mtx 2.5 0 -1 -1 
/home/antonkov/masterWork/tests/samePrefixMarkedMtx2304/depth1/node3/test97_4.mtx 2.6 0 -1 -1 
/home/antonkov/masterWork/tests/samePrefixMarkedMtx2304/depth1/node3/test97_4.mtx 2.7 0 -1 -1 
/home/antonkov/masterWork/tests/samePrefixMarkedMtx2304/depth1/node3/test97_4.mtx 2.8 0 -1 -1 
/home/antonkov/masterWork/tests/samePrefixMarkedMtx2304/depth1/node3/test97_4.mtx 2.9 0 -1 -1 
/home/antonkov/masterWork/tests/samePrefixMarkedMtx2304/depth1/node3/test97_4.mtx 3 0 -1 -1 
/home/antonkov/masterWork/tests/samePrefixMarkedMtx2304/depth1/node3/test97_4.mtx 3.1 0 -1 -1 
/home/antonkov/masterWork/tests/samePrefixMarkedMtx2304/depth1/node3/test97_4.mtx 3.2 0 -1 -1 
/home/antonkov/masterWork/tests/samePrefixMarkedMtx2304/depth1/node3/test97_4.mtx 3.3 0 -1 -1 
/home/antonkov/masterWork/tests/samePrefixMarkedMtx2304/depth1/node3/test97_4.mtx 3.4 0 -1 -1 
/home/antonkov/masterWork/tests/samePrefixMarkedMtx2304/depth1/node3/test97_4.mtx 3.5 0 -1 -1 
/home/antonkov/masterWork/tests/samePrefixMarkedMtx2304/depth1/node3/test98_0.mtx 1 430.197 0.0807378 0.91 
/home/antonkov/masterWork/tests/samePrefixMarkedMtx2304/depth1/node3/test98_0.mtx 1.1 429.48 0.068329 0.84 
/home/antonkov/masterWork/tests/samePrefixMarkedMtx2304/depth1/node3/test98_0.mtx 1.2 421.49 0.0522873 0.67 
/home/antonkov/masterWork/tests/samePrefixMarkedMtx2304/depth1/node3/test98_0.mtx 1.3 400.131 0.0378863 0.53 
/home/antonkov/masterWork/tests/samePrefixMarkedMtx2304/depth1/node3/test98_0.mtx 1.4 514.532 0.0268685 0.375 
/home/antonkov/masterWork/tests/samePrefixMarkedMtx2304/depth1/node3/test98_0.mtx 1.5 560.606 0.0148452 0.213333 
/home/antonkov/masterWork/tests/samePrefixMarkedMtx2304/depth1/node3/test98_0.mtx 1.6 665.037 0.006875 0.102 
/home/antonkov/masterWork/tests/samePrefixMarkedMtx2304/depth1/node3/test98_0.mtx 1.7 960.271 0.00362587 0.058 
/home/antonkov/masterWork/tests/samePrefixMarkedMtx2304/depth1/node3/test98_0.mtx 1.8 1453.1 0.0016276 0.026 
/home/antonkov/masterWork/tests/samePrefixMarkedMtx2304/depth1/node3/test98_0.mtx 1.9 3097.68 0.000550606 0.00894737 
/home/antonkov/masterWork/tests/samePrefixMarkedMtx2304/depth1/node3/test98_0.mtx 2 0 -1 -1 
/home/antonkov/masterWork/tests/samePrefixMarkedMtx2304/depth1/node3/test98_0.mtx 2.1 0 -1 -1 
/home/antonkov/masterWork/tests/samePrefixMarkedMtx2304/depth1/node3/test98_0.mtx 2.2 0 -1 -1 
/home/antonkov/masterWork/tests/samePrefixMarkedMtx2304/depth1/node3/test98_0.mtx 2.3 0 -1 -1 
/home/antonkov/masterWork/tests/samePrefixMarkedMtx2304/depth1/node3/test98_0.mtx 2.4 0 -1 -1 
/home/antonkov/masterWork/tests/samePrefixMarkedMtx2304/depth1/node3/test98_0.mtx 2.5 0 -1 -1 
/home/antonkov/masterWork/tests/samePrefixMarkedMtx2304/depth1/node3/test98_0.mtx 2.6 0 -1 -1 
/home/antonkov/masterWork/tests/samePrefixMarkedMtx2304/depth1/node3/test98_0.mtx 2.7 0 -1 -1 
/home/antonkov/masterWork/tests/samePrefixMarkedMtx2304/depth1/node3/test98_0.mtx 2.8 0 -1 -1 
/home/antonkov/masterWork/tests/samePrefixMarkedMtx2304/depth1/node3/test98_0.mtx 2.9 0 -1 -1 
/home/antonkov/masterWork/tests/samePrefixMarkedMtx2304/depth1/node3/test98_0.mtx 3 0 -1 -1 
/home/antonkov/masterWork/tests/samePrefixMarkedMtx2304/depth1/node3/test98_0.mtx 3.1 0 -1 -1 
/home/antonkov/masterWork/tests/samePrefixMarkedMtx2304/depth1/node3/test98_0.mtx 3.2 0 -1 -1 
/home/antonkov/masterWork/tests/samePrefixMarkedMtx2304/depth1/node3/test98_0.mtx 3.3 0 -1 -1 
/home/antonkov/masterWork/tests/samePrefixMarkedMtx2304/depth1/node3/test98_0.mtx 3.4 0 -1 -1 
/home/antonkov/masterWork/tests/samePrefixMarkedMtx2304/depth1/node3/test98_0.mtx 3.5 0 -1 -1 
/home/antonkov/masterWork/tests/samePrefixMarkedMtx2304/depth1/node3/test98_1.mtx 1 432.603 0.0797222 0.91 
/home/antonkov/masterWork/tests/samePrefixMarkedMtx2304/depth1/node3/test98_1.mtx 1.1 426.164 0.0649175 0.81 
/home/antonkov/masterWork/tests/samePrefixMarkedMtx2304/depth1/node3/test98_1.mtx 1.2 411.233 0.0458724 0.6 
/home/antonkov/masterWork/tests/samePrefixMarkedMtx2304/depth1/node3/test98_1.mtx 1.3 510.995 0.0356988 0.48 
/home/antonkov/masterWork/tests/samePrefixMarkedMtx2304/depth1/node3/test98_1.mtx 1.4 480.445 0.0211068 0.305 
/home/antonkov/masterWork/tests/samePrefixMarkedMtx2304/depth1/node3/test98_1.mtx 1.5 642.738 0.0116048 0.165 
/home/antonkov/masterWork/tests/samePrefixMarkedMtx2304/depth1/node3/test98_1.mtx 1.6 739.507 0.00661892 0.0966667 
/home/antonkov/masterWork/tests/samePrefixMarkedMtx2304/depth1/node3/test98_1.mtx 1.7 1015.07 0.00334478 0.05 
/home/antonkov/masterWork/tests/samePrefixMarkedMtx2304/depth1/node3/test98_1.mtx 1.8 1733.25 0.00123802 0.02 
/home/antonkov/masterWork/tests/samePrefixMarkedMtx2304/depth1/node3/test98_1.mtx 1.9 3767.76 0.000443931 0.0071831 
/home/antonkov/masterWork/tests/samePrefixMarkedMtx2304/depth1/node3/test98_1.mtx 2 0 -1 -1 
/home/antonkov/masterWork/tests/samePrefixMarkedMtx2304/depth1/node3/test98_1.mtx 2.1 0 -1 -1 
/home/antonkov/masterWork/tests/samePrefixMarkedMtx2304/depth1/node3/test98_1.mtx 2.2 0 -1 -1 
/home/antonkov/masterWork/tests/samePrefixMarkedMtx2304/depth1/node3/test98_1.mtx 2.3 0 -1 -1 
/home/antonkov/masterWork/tests/samePrefixMarkedMtx2304/depth1/node3/test98_1.mtx 2.4 0 -1 -1 
/home/antonkov/masterWork/tests/samePrefixMarkedMtx2304/depth1/node3/test98_1.mtx 2.5 0 -1 -1 
/home/antonkov/masterWork/tests/samePrefixMarkedMtx2304/depth1/node3/test98_1.mtx 2.6 0 -1 -1 
/home/antonkov/masterWork/tests/samePrefixMarkedMtx2304/depth1/node3/test98_1.mtx 2.7 0 -1 -1 
/home/antonkov/masterWork/tests/samePrefixMarkedMtx2304/depth1/node3/test98_1.mtx 2.8 0 -1 -1 
/home/antonkov/masterWork/tests/samePrefixMarkedMtx2304/depth1/node3/test98_1.mtx 2.9 0 -1 -1 
/home/antonkov/masterWork/tests/samePrefixMarkedMtx2304/depth1/node3/test98_1.mtx 3 0 -1 -1 
/home/antonkov/masterWork/tests/samePrefixMarkedMtx2304/depth1/node3/test98_1.mtx 3.1 0 -1 -1 
/home/antonkov/masterWork/tests/samePrefixMarkedMtx2304/depth1/node3/test98_1.mtx 3.2 0 -1 -1 
/home/antonkov/masterWork/tests/samePrefixMarkedMtx2304/depth1/node3/test98_1.mtx 3.3 0 -1 -1 
/home/antonkov/masterWork/tests/samePrefixMarkedMtx2304/depth1/node3/test98_1.mtx 3.4 0 -1 -1 
/home/antonkov/masterWork/tests/samePrefixMarkedMtx2304/depth1/node3/test98_1.mtx 3.5 0 -1 -1 
/home/antonkov/masterWork/tests/samePrefixMarkedMtx2304/depth1/node3/test98_2.mtx 1 429.005 0.0765668 0.85 
/home/antonkov/masterWork/tests/samePrefixMarkedMtx2304/depth1/node3/test98_2.mtx 1.1 432.089 0.0625521 0.74 
/home/antonkov/masterWork/tests/samePrefixMarkedMtx2304/depth1/node3/test98_2.mtx 1.2 414.615 0.0488281 0.59 
/home/antonkov/masterWork/tests/samePrefixMarkedMtx2304/depth1/node3/test98_2.mtx 1.3 391.511 0.0393403 0.51 
/home/antonkov/masterWork/tests/samePrefixMarkedMtx2304/depth1/node3/test98_2.mtx 1.4 481.048 0.0211176 0.31 
/home/antonkov/masterWork/tests/samePrefixMarkedMtx2304/depth1/node3/test98_2.mtx 1.5 541.673 0.0120428 0.166667 
/home/antonkov/masterWork/tests/samePrefixMarkedMtx2304/depth1/node3/test98_2.mtx 1.6 735.585 0.0064048 0.0966667 
/home/antonkov/masterWork/tests/samePrefixMarkedMtx2304/depth1/node3/test98_2.mtx 1.7 964.107 0.00373698 0.061 
/home/antonkov/masterWork/tests/samePrefixMarkedMtx2304/depth1/node3/test98_2.mtx 1.8 1343.38 0.00170187 0.0283333 
/home/antonkov/masterWork/tests/samePrefixMarkedMtx2304/depth1/node3/test98_2.mtx 1.9 3144.02 0.000516119 0.00862069 
/home/antonkov/masterWork/tests/samePrefixMarkedMtx2304/depth1/node3/test98_2.mtx 2 0 -1 -1 
/home/antonkov/masterWork/tests/samePrefixMarkedMtx2304/depth1/node3/test98_2.mtx 2.1 0 -1 -1 
/home/antonkov/masterWork/tests/samePrefixMarkedMtx2304/depth1/node3/test98_2.mtx 2.2 0 -1 -1 
/home/antonkov/masterWork/tests/samePrefixMarkedMtx2304/depth1/node3/test98_2.mtx 2.3 0 -1 -1 
/home/antonkov/masterWork/tests/samePrefixMarkedMtx2304/depth1/node3/test98_2.mtx 2.4 0 -1 -1 
/home/antonkov/masterWork/tests/samePrefixMarkedMtx2304/depth1/node3/test98_2.mtx 2.5 0 -1 -1 
/home/antonkov/masterWork/tests/samePrefixMarkedMtx2304/depth1/node3/test98_2.mtx 2.6 0 -1 -1 
/home/antonkov/masterWork/tests/samePrefixMarkedMtx2304/depth1/node3/test98_2.mtx 2.7 0 -1 -1 
/home/antonkov/masterWork/tests/samePrefixMarkedMtx2304/depth1/node3/test98_2.mtx 2.8 0 -1 -1 
/home/antonkov/masterWork/tests/samePrefixMarkedMtx2304/depth1/node3/test98_2.mtx 2.9 0 -1 -1 
/home/antonkov/masterWork/tests/samePrefixMarkedMtx2304/depth1/node3/test98_2.mtx 3 0 -1 -1 
/home/antonkov/masterWork/tests/samePrefixMarkedMtx2304/depth1/node3/test98_2.mtx 3.1 0 -1 -1 
/home/antonkov/masterWork/tests/samePrefixMarkedMtx2304/depth1/node3/test98_2.mtx 3.2 0 -1 -1 
/home/antonkov/masterWork/tests/samePrefixMarkedMtx2304/depth1/node3/test98_2.mtx 3.3 0 -1 -1 
/home/antonkov/masterWork/tests/samePrefixMarkedMtx2304/depth1/node3/test98_2.mtx 3.4 0 -1 -1 
/home/antonkov/masterWork/tests/samePrefixMarkedMtx2304/depth1/node3/test98_2.mtx 3.5 0 -1 -1 
/home/antonkov/masterWork/tests/samePrefixMarkedMtx2304/depth1/node3/test98_3.mtx 1 437.418 0.0800391 0.91 
/home/antonkov/masterWork/tests/samePrefixMarkedMtx2304/depth1/node3/test98_3.mtx 1.1 427.172 0.0652865 0.76 
/home/antonkov/masterWork/tests/samePrefixMarkedMtx2304/depth1/node3/test98_3.mtx 1.2 414.502 0.0532552 0.66 
/home/antonkov/masterWork/tests/samePrefixMarkedMtx2304/depth1/node3/test98_3.mtx 1.3 522.21 0.0370334 0.475 
/home/antonkov/masterWork/tests/samePrefixMarkedMtx2304/depth1/node3/test98_3.mtx 1.4 480.725 0.0238802 0.33 
/home/antonkov/masterWork/tests/samePrefixMarkedMtx2304/depth1/node3/test98_3.mtx 1.5 549.236 0.0154225 0.22 
/home/antonkov/masterWork/tests/samePrefixMarkedMtx2304/depth1/node3/test98_3.mtx 1.6 679.615 0.00786979 0.11 
/home/antonkov/masterWork/tests/samePrefixMarkedMtx2304/depth1/node3/test98_3.mtx 1.7 871.085 0.00355228 0.0577778 
/home/antonkov/masterWork/tests/samePrefixMarkedMtx2304/depth1/node3/test98_3.mtx 1.8 1803.22 0.00111658 0.0185185 
/home/antonkov/masterWork/tests/samePrefixMarkedMtx2304/depth1/node3/test98_3.mtx 1.9 4507.17 0.000308738 0.00555556 
/home/antonkov/masterWork/tests/samePrefixMarkedMtx2304/depth1/node3/test98_3.mtx 2 0 -1 -1 
/home/antonkov/masterWork/tests/samePrefixMarkedMtx2304/depth1/node3/test98_3.mtx 2.1 0 -1 -1 
/home/antonkov/masterWork/tests/samePrefixMarkedMtx2304/depth1/node3/test98_3.mtx 2.2 0 -1 -1 
/home/antonkov/masterWork/tests/samePrefixMarkedMtx2304/depth1/node3/test98_3.mtx 2.3 0 -1 -1 
/home/antonkov/masterWork/tests/samePrefixMarkedMtx2304/depth1/node3/test98_3.mtx 2.4 0 -1 -1 
/home/antonkov/masterWork/tests/samePrefixMarkedMtx2304/depth1/node3/test98_3.mtx 2.5 0 -1 -1 
/home/antonkov/masterWork/tests/samePrefixMarkedMtx2304/depth1/node3/test98_3.mtx 2.6 0 -1 -1 
/home/antonkov/masterWork/tests/samePrefixMarkedMtx2304/depth1/node3/test98_3.mtx 2.7 0 -1 -1 
/home/antonkov/masterWork/tests/samePrefixMarkedMtx2304/depth1/node3/test98_3.mtx 2.8 0 -1 -1 
/home/antonkov/masterWork/tests/samePrefixMarkedMtx2304/depth1/node3/test98_3.mtx 2.9 0 -1 -1 
/home/antonkov/masterWork/tests/samePrefixMarkedMtx2304/depth1/node3/test98_3.mtx 3 0 -1 -1 
/home/antonkov/masterWork/tests/samePrefixMarkedMtx2304/depth1/node3/test98_3.mtx 3.1 0 -1 -1 
/home/antonkov/masterWork/tests/samePrefixMarkedMtx2304/depth1/node3/test98_3.mtx 3.2 0 -1 -1 
/home/antonkov/masterWork/tests/samePrefixMarkedMtx2304/depth1/node3/test98_3.mtx 3.3 0 -1 -1 
/home/antonkov/masterWork/tests/samePrefixMarkedMtx2304/depth1/node3/test98_3.mtx 3.4 0 -1 -1 
/home/antonkov/masterWork/tests/samePrefixMarkedMtx2304/depth1/node3/test98_3.mtx 3.5 0 -1 -1 
/home/antonkov/masterWork/tests/samePrefixMarkedMtx2304/depth1/node3/test98_4.mtx 1 426.21 0.078316 0.9 
/home/antonkov/masterWork/tests/samePrefixMarkedMtx2304/depth1/node3/test98_4.mtx 1.1 428.84 0.0648047 0.77 
/home/antonkov/masterWork/tests/samePrefixMarkedMtx2304/depth1/node3/test98_4.mtx 1.2 404.138 0.0501215 0.61 
/home/antonkov/masterWork/tests/samePrefixMarkedMtx2304/depth1/node3/test98_4.mtx 1.3 531.783 0.0416493 0.535 
/home/antonkov/masterWork/tests/samePrefixMarkedMtx2304/depth1/node3/test98_4.mtx 1.4 509.011 0.0269249 0.37 
/home/antonkov/masterWork/tests/samePrefixMarkedMtx2304/depth1/node3/test98_4.mtx 1.5 551.263 0.0139034 0.196667 
/home/antonkov/masterWork/tests/samePrefixMarkedMtx2304/depth1/node3/test98_4.mtx 1.6 773.142 0.00665871 0.0933333 
/home/antonkov/masterWork/tests/samePrefixMarkedMtx2304/depth1/node3/test98_4.mtx 1.7 946.374 0.00332335 0.05 
/home/antonkov/masterWork/tests/samePrefixMarkedMtx2304/depth1/node3/test98_4.mtx 1.8 1801.53 0.00118747 0.0188889 
/home/antonkov/masterWork/tests/samePrefixMarkedMtx2304/depth1/node3/test98_4.mtx 1.9 3450.24 0.000476912 0.00776119 
/home/antonkov/masterWork/tests/samePrefixMarkedMtx2304/depth1/node3/test98_4.mtx 2 0 -1 -1 
/home/antonkov/masterWork/tests/samePrefixMarkedMtx2304/depth1/node3/test98_4.mtx 2.1 0 -1 -1 
/home/antonkov/masterWork/tests/samePrefixMarkedMtx2304/depth1/node3/test98_4.mtx 2.2 0 -1 -1 
/home/antonkov/masterWork/tests/samePrefixMarkedMtx2304/depth1/node3/test98_4.mtx 2.3 0 -1 -1 
/home/antonkov/masterWork/tests/samePrefixMarkedMtx2304/depth1/node3/test98_4.mtx 2.4 0 -1 -1 
/home/antonkov/masterWork/tests/samePrefixMarkedMtx2304/depth1/node3/test98_4.mtx 2.5 0 -1 -1 
/home/antonkov/masterWork/tests/samePrefixMarkedMtx2304/depth1/node3/test98_4.mtx 2.6 0 -1 -1 
/home/antonkov/masterWork/tests/samePrefixMarkedMtx2304/depth1/node3/test98_4.mtx 2.7 0 -1 -1 
/home/antonkov/masterWork/tests/samePrefixMarkedMtx2304/depth1/node3/test98_4.mtx 2.8 0 -1 -1 
/home/antonkov/masterWork/tests/samePrefixMarkedMtx2304/depth1/node3/test98_4.mtx 2.9 0 -1 -1 
/home/antonkov/masterWork/tests/samePrefixMarkedMtx2304/depth1/node3/test98_4.mtx 3 0 -1 -1 
/home/antonkov/masterWork/tests/samePrefixMarkedMtx2304/depth1/node3/test98_4.mtx 3.1 0 -1 -1 
/home/antonkov/masterWork/tests/samePrefixMarkedMtx2304/depth1/node3/test98_4.mtx 3.2 0 -1 -1 
/home/antonkov/masterWork/tests/samePrefixMarkedMtx2304/depth1/node3/test98_4.mtx 3.3 0 -1 -1 
/home/antonkov/masterWork/tests/samePrefixMarkedMtx2304/depth1/node3/test98_4.mtx 3.4 0 -1 -1 
/home/antonkov/masterWork/tests/samePrefixMarkedMtx2304/depth1/node3/test98_4.mtx 3.5 0 -1 -1 
/home/antonkov/masterWork/tests/samePrefixMarkedMtx2304/depth1/node3/test99_0.mtx 1 457.974 0.0805252 0.91 
/home/antonkov/masterWork/tests/samePrefixMarkedMtx2304/depth1/node3/test99_0.mtx 1.1 458.121 0.0711458 0.86 
/home/antonkov/masterWork/tests/samePrefixMarkedMtx2304/depth1/node3/test99_0.mtx 1.2 440.704 0.0559679 0.72 
/home/antonkov/masterWork/tests/samePrefixMarkedMtx2304/depth1/node3/test99_0.mtx 1.3 422.561 0.0390755 0.53 
/home/antonkov/masterWork/tests/samePrefixMarkedMtx2304/depth1/node3/test99_0.mtx 1.4 527.7 0.0262782 0.36 
/home/antonkov/masterWork/tests/samePrefixMarkedMtx2304/depth1/node3/test99_0.mtx 1.5 592.927 0.0129528 0.196667 
/home/antonkov/masterWork/tests/samePrefixMarkedMtx2304/depth1/node3/test99_0.mtx 1.6 700.12 0.00696181 0.11 
/home/antonkov/masterWork/tests/samePrefixMarkedMtx2304/depth1/node3/test99_0.mtx 1.7 905.681 0.00359616 0.06 
/home/antonkov/masterWork/tests/samePrefixMarkedMtx2304/depth1/node3/test99_0.mtx 1.8 1734.04 0.00134241 0.0216667 
/home/antonkov/masterWork/tests/samePrefixMarkedMtx2304/depth1/node3/test99_0.mtx 1.9 2979.22 0.000490042 0.00943396 
/home/antonkov/masterWork/tests/samePrefixMarkedMtx2304/depth1/node3/test99_0.mtx 2 0 -1 -1 
/home/antonkov/masterWork/tests/samePrefixMarkedMtx2304/depth1/node3/test99_0.mtx 2.1 0 -1 -1 
/home/antonkov/masterWork/tests/samePrefixMarkedMtx2304/depth1/node3/test99_0.mtx 2.2 0 -1 -1 
/home/antonkov/masterWork/tests/samePrefixMarkedMtx2304/depth1/node3/test99_0.mtx 2.3 0 -1 -1 
/home/antonkov/masterWork/tests/samePrefixMarkedMtx2304/depth1/node3/test99_0.mtx 2.4 0 -1 -1 
/home/antonkov/masterWork/tests/samePrefixMarkedMtx2304/depth1/node3/test99_0.mtx 2.5 0 -1 -1 
/home/antonkov/masterWork/tests/samePrefixMarkedMtx2304/depth1/node3/test99_0.mtx 2.6 0 -1 -1 
/home/antonkov/masterWork/tests/samePrefixMarkedMtx2304/depth1/node3/test99_0.mtx 2.7 0 -1 -1 
/home/antonkov/masterWork/tests/samePrefixMarkedMtx2304/depth1/node3/test99_0.mtx 2.8 0 -1 -1 
/home/antonkov/masterWork/tests/samePrefixMarkedMtx2304/depth1/node3/test99_0.mtx 2.9 0 -1 -1 
/home/antonkov/masterWork/tests/samePrefixMarkedMtx2304/depth1/node3/test99_0.mtx 3 0 -1 -1 
/home/antonkov/masterWork/tests/samePrefixMarkedMtx2304/depth1/node3/test99_0.mtx 3.1 0 -1 -1 
/home/antonkov/masterWork/tests/samePrefixMarkedMtx2304/depth1/node3/test99_0.mtx 3.2 0 -1 -1 
/home/antonkov/masterWork/tests/samePrefixMarkedMtx2304/depth1/node3/test99_0.mtx 3.3 0 -1 -1 
/home/antonkov/masterWork/tests/samePrefixMarkedMtx2304/depth1/node3/test99_0.mtx 3.4 0 -1 -1 
/home/antonkov/masterWork/tests/samePrefixMarkedMtx2304/depth1/node3/test99_0.mtx 3.5 0 -1 -1 
/home/antonkov/masterWork/tests/samePrefixMarkedMtx2304/depth1/node3/test99_1.mtx 1 455.591 0.0841059 0.95 
/home/antonkov/masterWork/tests/samePrefixMarkedMtx2304/depth1/node3/test99_1.mtx 1.1 457.871 0.071237 0.86 
/home/antonkov/masterWork/tests/samePrefixMarkedMtx2304/depth1/node3/test99_1.mtx 1.2 441.441 0.0565712 0.7 
/home/antonkov/masterWork/tests/samePrefixMarkedMtx2304/depth1/node3/test99_1.mtx 1.3 431.692 0.0429253 0.58 
/home/antonkov/masterWork/tests/samePrefixMarkedMtx2304/depth1/node3/test99_1.mtx 1.4 531.928 0.0307921 0.415 
/home/antonkov/masterWork/tests/samePrefixMarkedMtx2304/depth1/node3/test99_1.mtx 1.5 504.462 0.0180729 0.265 
/home/antonkov/masterWork/tests/samePrefixMarkedMtx2304/depth1/node3/test99_1.mtx 1.6 709.539 0.00743229 0.114 
/home/antonkov/masterWork/tests/samePrefixMarkedMtx2304/depth1/node3/test99_1.mtx 1.7 978.86 0.0030204 0.05 
/home/antonkov/masterWork/tests/samePrefixMarkedMtx2304/depth1/node3/test99_1.mtx 1.8 1843.96 0.00115051 0.0203846 
/home/antonkov/masterWork/tests/samePrefixMarkedMtx2304/depth1/node3/test99_1.mtx 1.9 3012.63 0.000535656 0.00943396 
/home/antonkov/masterWork/tests/samePrefixMarkedMtx2304/depth1/node3/test99_1.mtx 2 0 -1 -1 
/home/antonkov/masterWork/tests/samePrefixMarkedMtx2304/depth1/node3/test99_1.mtx 2.1 0 -1 -1 
/home/antonkov/masterWork/tests/samePrefixMarkedMtx2304/depth1/node3/test99_1.mtx 2.2 0 -1 -1 
/home/antonkov/masterWork/tests/samePrefixMarkedMtx2304/depth1/node3/test99_1.mtx 2.3 0 -1 -1 
/home/antonkov/masterWork/tests/samePrefixMarkedMtx2304/depth1/node3/test99_1.mtx 2.4 0 -1 -1 
/home/antonkov/masterWork/tests/samePrefixMarkedMtx2304/depth1/node3/test99_1.mtx 2.5 0 -1 -1 
/home/antonkov/masterWork/tests/samePrefixMarkedMtx2304/depth1/node3/test99_1.mtx 2.6 0 -1 -1 
/home/antonkov/masterWork/tests/samePrefixMarkedMtx2304/depth1/node3/test99_1.mtx 2.7 0 -1 -1 
/home/antonkov/masterWork/tests/samePrefixMarkedMtx2304/depth1/node3/test99_1.mtx 2.8 0 -1 -1 
/home/antonkov/masterWork/tests/samePrefixMarkedMtx2304/depth1/node3/test99_1.mtx 2.9 0 -1 -1 
/home/antonkov/masterWork/tests/samePrefixMarkedMtx2304/depth1/node3/test99_1.mtx 3 0 -1 -1 
/home/antonkov/masterWork/tests/samePrefixMarkedMtx2304/depth1/node3/test99_1.mtx 3.1 0 -1 -1 
/home/antonkov/masterWork/tests/samePrefixMarkedMtx2304/depth1/node3/test99_1.mtx 3.2 0 -1 -1 
/home/antonkov/masterWork/tests/samePrefixMarkedMtx2304/depth1/node3/test99_1.mtx 3.3 0 -1 -1 
/home/antonkov/masterWork/tests/samePrefixMarkedMtx2304/depth1/node3/test99_1.mtx 3.4 0 -1 -1 
/home/antonkov/masterWork/tests/samePrefixMarkedMtx2304/depth1/node3/test99_1.mtx 3.5 0 -1 -1 
/home/antonkov/masterWork/tests/samePrefixMarkedMtx2304/depth1/node3/test99_2.mtx 1 456.02 0.07602 0.87 
/home/antonkov/masterWork/tests/samePrefixMarkedMtx2304/depth1/node3/test99_2.mtx 1.1 450.404 0.0633681 0.77 
/home/antonkov/masterWork/tests/samePrefixMarkedMtx2304/depth1/node3/test99_2.mtx 1.2 435.589 0.049401 0.64 
/home/antonkov/masterWork/tests/samePrefixMarkedMtx2304/depth1/node3/test99_2.mtx 1.3 545.644 0.0366558 0.505 
/home/antonkov/masterWork/tests/samePrefixMarkedMtx2304/depth1/node3/test99_2.mtx 1.4 510.351 0.0224957 0.335 
/home/antonkov/masterWork/tests/samePrefixMarkedMtx2304/depth1/node3/test99_2.mtx 1.5 572.803 0.0153241 0.223333 
/home/antonkov/masterWork/tests/samePrefixMarkedMtx2304/depth1/node3/test99_2.mtx 1.6 692.968 0.00679427 0.104 
/home/antonkov/masterWork/tests/samePrefixMarkedMtx2304/depth1/node3/test99_2.mtx 1.7 921.153 0.00379196 0.0588889 
/home/antonkov/masterWork/tests/samePrefixMarkedMtx2304/depth1/node3/test99_2.mtx 1.8 1560.77 0.0014852 0.0242857 
/home/antonkov/masterWork/tests/samePrefixMarkedMtx2304/depth1/node3/test99_2.mtx 1.9 3850.14 0.000426673 0.00708333 
/home/antonkov/masterWork/tests/samePrefixMarkedMtx2304/depth1/node3/test99_2.mtx 2 0 -1 -1 
/home/antonkov/masterWork/tests/samePrefixMarkedMtx2304/depth1/node3/test99_2.mtx 2.1 0 -1 -1 
/home/antonkov/masterWork/tests/samePrefixMarkedMtx2304/depth1/node3/test99_2.mtx 2.2 0 -1 -1 
/home/antonkov/masterWork/tests/samePrefixMarkedMtx2304/depth1/node3/test99_2.mtx 2.3 0 -1 -1 
/home/antonkov/masterWork/tests/samePrefixMarkedMtx2304/depth1/node3/test99_2.mtx 2.4 0 -1 -1 
/home/antonkov/masterWork/tests/samePrefixMarkedMtx2304/depth1/node3/test99_2.mtx 2.5 0 -1 -1 
/home/antonkov/masterWork/tests/samePrefixMarkedMtx2304/depth1/node3/test99_2.mtx 2.6 0 -1 -1 
/home/antonkov/masterWork/tests/samePrefixMarkedMtx2304/depth1/node3/test99_2.mtx 2.7 0 -1 -1 
/home/antonkov/masterWork/tests/samePrefixMarkedMtx2304/depth1/node3/test99_2.mtx 2.8 0 -1 -1 
/home/antonkov/masterWork/tests/samePrefixMarkedMtx2304/depth1/node3/test99_2.mtx 2.9 0 -1 -1 
/home/antonkov/masterWork/tests/samePrefixMarkedMtx2304/depth1/node3/test99_2.mtx 3 0 -1 -1 
/home/antonkov/masterWork/tests/samePrefixMarkedMtx2304/depth1/node3/test99_2.mtx 3.1 0 -1 -1 
/home/antonkov/masterWork/tests/samePrefixMarkedMtx2304/depth1/node3/test99_2.mtx 3.2 0 -1 -1 
/home/antonkov/masterWork/tests/samePrefixMarkedMtx2304/depth1/node3/test99_2.mtx 3.3 0 -1 -1 
/home/antonkov/masterWork/tests/samePrefixMarkedMtx2304/depth1/node3/test99_2.mtx 3.4 0 -1 -1 
/home/antonkov/masterWork/tests/samePrefixMarkedMtx2304/depth1/node3/test99_2.mtx 3.5 0 -1 -1 
/home/antonkov/masterWork/tests/samePrefixMarkedMtx2304/depth1/node3/test99_3.mtx 1 456.858 0.080395 0.9 
/home/antonkov/masterWork/tests/samePrefixMarkedMtx2304/depth1/node3/test99_3.mtx 1.1 450.068 0.0672613 0.81 
/home/antonkov/masterWork/tests/samePrefixMarkedMtx2304/depth1/node3/test99_3.mtx 1.2 447.028 0.0567448 0.72 
/home/antonkov/masterWork/tests/samePrefixMarkedMtx2304/depth1/node3/test99_3.mtx 1.3 424.641 0.0412196 0.54 
/home/antonkov/masterWork/tests/samePrefixMarkedMtx2304/depth1/node3/test99_3.mtx 1.4 520.152 0.0274414 0.395 
/home/antonkov/masterWork/tests/samePrefixMarkedMtx2304/depth1/node3/test99_3.mtx 1.5 585.652 0.0155035 0.236667 
/home/antonkov/masterWork/tests/samePrefixMarkedMtx2304/depth1/node3/test99_3.mtx 1.6 721.388 0.00769271 0.116 
/home/antonkov/masterWork/tests/samePrefixMarkedMtx2304/depth1/node3/test99_3.mtx 1.7 828.171 0.00420302 0.06375 
/home/antonkov/masterWork/tests/samePrefixMarkedMtx2304/depth1/node3/test99_3.mtx 1.8 1686.99 0.00134375 0.0208 
/home/antonkov/masterWork/tests/samePrefixMarkedMtx2304/depth1/node3/test99_3.mtx 1.9 2870.15 0.000579468 0.00962264 
/home/antonkov/masterWork/tests/samePrefixMarkedMtx2304/depth1/node3/test99_3.mtx 2 0 -1 -1 
/home/antonkov/masterWork/tests/samePrefixMarkedMtx2304/depth1/node3/test99_3.mtx 2.1 0 -1 -1 
/home/antonkov/masterWork/tests/samePrefixMarkedMtx2304/depth1/node3/test99_3.mtx 2.2 0 -1 -1 
/home/antonkov/masterWork/tests/samePrefixMarkedMtx2304/depth1/node3/test99_3.mtx 2.3 0 -1 -1 
/home/antonkov/masterWork/tests/samePrefixMarkedMtx2304/depth1/node3/test99_3.mtx 2.4 0 -1 -1 
/home/antonkov/masterWork/tests/samePrefixMarkedMtx2304/depth1/node3/test99_3.mtx 2.5 0 -1 -1 
/home/antonkov/masterWork/tests/samePrefixMarkedMtx2304/depth1/node3/test99_3.mtx 2.6 0 -1 -1 
/home/antonkov/masterWork/tests/samePrefixMarkedMtx2304/depth1/node3/test99_3.mtx 2.7 0 -1 -1 
/home/antonkov/masterWork/tests/samePrefixMarkedMtx2304/depth1/node3/test99_3.mtx 2.8 0 -1 -1 
/home/antonkov/masterWork/tests/samePrefixMarkedMtx2304/depth1/node3/test99_3.mtx 2.9 0 -1 -1 
/home/antonkov/masterWork/tests/samePrefixMarkedMtx2304/depth1/node3/test99_3.mtx 3 0 -1 -1 
/home/antonkov/masterWork/tests/samePrefixMarkedMtx2304/depth1/node3/test99_3.mtx 3.1 0 -1 -1 
/home/antonkov/masterWork/tests/samePrefixMarkedMtx2304/depth1/node3/test99_3.mtx 3.2 0 -1 -1 
/home/antonkov/masterWork/tests/samePrefixMarkedMtx2304/depth1/node3/test99_3.mtx 3.3 0 -1 -1 
/home/antonkov/masterWork/tests/samePrefixMarkedMtx2304/depth1/node3/test99_3.mtx 3.4 0 -1 -1 
/home/antonkov/masterWork/tests/samePrefixMarkedMtx2304/depth1/node3/test99_3.mtx 3.5 0 -1 -1 
/home/antonkov/masterWork/tests/samePrefixMarkedMtx2304/depth1/node3/test99_4.mtx 1 455.641 0.0781293 0.91 
/home/antonkov/masterWork/tests/samePrefixMarkedMtx2304/depth1/node3/test99_4.mtx 1.1 455.593 0.0644227 0.79 
/home/antonkov/masterWork/tests/samePrefixMarkedMtx2304/depth1/node3/test99_4.mtx 1.2 437.411 0.0509983 0.67 
/home/antonkov/masterWork/tests/samePrefixMarkedMtx2304/depth1/node3/test99_4.mtx 1.3 423.121 0.0385547 0.53 
/home/antonkov/masterWork/tests/samePrefixMarkedMtx2304/depth1/node3/test99_4.mtx 1.4 533.215 0.0241406 0.345 
/home/antonkov/masterWork/tests/samePrefixMarkedMtx2304/depth1/node3/test99_4.mtx 1.5 580.322 0.0158666 0.24 
/home/antonkov/masterWork/tests/samePrefixMarkedMtx2304/depth1/node3/test99_4.mtx 1.6 628.227 0.00835395 0.125 
/home/antonkov/masterWork/tests/samePrefixMarkedMtx2304/depth1/node3/test99_4.mtx 1.7 886.349 0.00444607 0.07 
/home/antonkov/masterWork/tests/samePrefixMarkedMtx2304/depth1/node3/test99_4.mtx 1.8 1383.53 0.00174786 0.0294118 
/home/antonkov/masterWork/tests/samePrefixMarkedMtx2304/depth1/node3/test99_4.mtx 1.9 2856.67 0.000568486 0.0104167 
/home/antonkov/masterWork/tests/samePrefixMarkedMtx2304/depth1/node3/test99_4.mtx 2 5354.74 0.000207736 0.0046789 
/home/antonkov/masterWork/tests/samePrefixMarkedMtx2304/depth1/node3/test99_4.mtx 2.1 0 -1 -1 
/home/antonkov/masterWork/tests/samePrefixMarkedMtx2304/depth1/node3/test99_4.mtx 2.2 0 -1 -1 
/home/antonkov/masterWork/tests/samePrefixMarkedMtx2304/depth1/node3/test99_4.mtx 2.3 0 -1 -1 
/home/antonkov/masterWork/tests/samePrefixMarkedMtx2304/depth1/node3/test99_4.mtx 2.4 0 -1 -1 
/home/antonkov/masterWork/tests/samePrefixMarkedMtx2304/depth1/node3/test99_4.mtx 2.5 0 -1 -1 
/home/antonkov/masterWork/tests/samePrefixMarkedMtx2304/depth1/node3/test99_4.mtx 2.6 0 -1 -1 
/home/antonkov/masterWork/tests/samePrefixMarkedMtx2304/depth1/node3/test99_4.mtx 2.7 0 -1 -1 
/home/antonkov/masterWork/tests/samePrefixMarkedMtx2304/depth1/node3/test99_4.mtx 2.8 0 -1 -1 
/home/antonkov/masterWork/tests/samePrefixMarkedMtx2304/depth1/node3/test99_4.mtx 2.9 0 -1 -1 
/home/antonkov/masterWork/tests/samePrefixMarkedMtx2304/depth1/node3/test99_4.mtx 3 0 -1 -1 
/home/antonkov/masterWork/tests/samePrefixMarkedMtx2304/depth1/node3/test99_4.mtx 3.1 0 -1 -1 
/home/antonkov/masterWork/tests/samePrefixMarkedMtx2304/depth1/node3/test99_4.mtx 3.2 0 -1 -1 
/home/antonkov/masterWork/tests/samePrefixMarkedMtx2304/depth1/node3/test99_4.mtx 3.3 0 -1 -1 
/home/antonkov/masterWork/tests/samePrefixMarkedMtx2304/depth1/node3/test99_4.mtx 3.4 0 -1 -1 
/home/antonkov/masterWork/tests/samePrefixMarkedMtx2304/depth1/node3/test99_4.mtx 3.5 0 -1 -1 
