Results
Filename SNR Time(ms) BER FER
/home/antonkov/masterWork/tests/samePrefixMarkedMtx2304/depth1/node4/test0_0.mtx 1 450.978 0.0717231 0.83 
/home/antonkov/masterWork/tests/samePrefixMarkedMtx2304/depth1/node4/test0_0.mtx 1.1 416.155 0.0580382 0.71 
/home/antonkov/masterWork/tests/samePrefixMarkedMtx2304/depth1/node4/test0_0.mtx 1.2 388.676 0.0445139 0.57 
/home/antonkov/masterWork/tests/samePrefixMarkedMtx2304/depth1/node4/test0_0.mtx 1.3 495.106 0.0312934 0.42 
/home/antonkov/masterWork/tests/samePrefixMarkedMtx2304/depth1/node4/test0_0.mtx 1.4 465.152 0.0183746 0.255 
/home/antonkov/masterWork/tests/samePrefixMarkedMtx2304/depth1/node4/test0_0.mtx 1.5 601.112 0.0106934 0.15 
/home/antonkov/masterWork/tests/samePrefixMarkedMtx2304/depth1/node4/test0_0.mtx 1.6 770.742 0.00459697 0.0714286 
/home/antonkov/masterWork/tests/samePrefixMarkedMtx2304/depth1/node4/test0_0.mtx 1.7 1127.51 0.00235956 0.0371429 
/home/antonkov/masterWork/tests/samePrefixMarkedMtx2304/depth1/node4/test0_0.mtx 1.8 2639.08 0.00065178 0.0106383 
/home/antonkov/masterWork/tests/samePrefixMarkedMtx2304/depth1/node4/test0_0.mtx 1.9 6618.56 0.000211256 0.00340136 
/home/antonkov/masterWork/tests/samePrefixMarkedMtx2304/depth1/node4/test0_0.mtx 2 0 -1 -1 
/home/antonkov/masterWork/tests/samePrefixMarkedMtx2304/depth1/node4/test0_0.mtx 2.1 0 -1 -1 
/home/antonkov/masterWork/tests/samePrefixMarkedMtx2304/depth1/node4/test0_0.mtx 2.2 0 -1 -1 
/home/antonkov/masterWork/tests/samePrefixMarkedMtx2304/depth1/node4/test0_0.mtx 2.3 0 -1 -1 
/home/antonkov/masterWork/tests/samePrefixMarkedMtx2304/depth1/node4/test0_0.mtx 2.4 0 -1 -1 
/home/antonkov/masterWork/tests/samePrefixMarkedMtx2304/depth1/node4/test0_0.mtx 2.5 0 -1 -1 
/home/antonkov/masterWork/tests/samePrefixMarkedMtx2304/depth1/node4/test0_0.mtx 2.6 0 -1 -1 
/home/antonkov/masterWork/tests/samePrefixMarkedMtx2304/depth1/node4/test0_0.mtx 2.7 0 -1 -1 
/home/antonkov/masterWork/tests/samePrefixMarkedMtx2304/depth1/node4/test0_0.mtx 2.8 0 -1 -1 
/home/antonkov/masterWork/tests/samePrefixMarkedMtx2304/depth1/node4/test0_0.mtx 2.9 0 -1 -1 
/home/antonkov/masterWork/tests/samePrefixMarkedMtx2304/depth1/node4/test0_0.mtx 3 0 -1 -1 
/home/antonkov/masterWork/tests/samePrefixMarkedMtx2304/depth1/node4/test0_0.mtx 3.1 0 -1 -1 
/home/antonkov/masterWork/tests/samePrefixMarkedMtx2304/depth1/node4/test0_0.mtx 3.2 0 -1 -1 
/home/antonkov/masterWork/tests/samePrefixMarkedMtx2304/depth1/node4/test0_0.mtx 3.3 0 -1 -1 
/home/antonkov/masterWork/tests/samePrefixMarkedMtx2304/depth1/node4/test0_0.mtx 3.4 0 -1 -1 
/home/antonkov/masterWork/tests/samePrefixMarkedMtx2304/depth1/node4/test0_0.mtx 3.5 0 -1 -1 
/home/antonkov/masterWork/tests/samePrefixMarkedMtx2304/depth1/node4/test0_1.mtx 1 415.902 0.0696267 0.83 
/home/antonkov/masterWork/tests/samePrefixMarkedMtx2304/depth1/node4/test0_1.mtx 1.1 412.737 0.0574566 0.72 
/home/antonkov/masterWork/tests/samePrefixMarkedMtx2304/depth1/node4/test0_1.mtx 1.2 389.037 0.0399783 0.51 
/home/antonkov/masterWork/tests/samePrefixMarkedMtx2304/depth1/node4/test0_1.mtx 1.3 487.436 0.0297982 0.4 
/home/antonkov/masterWork/tests/samePrefixMarkedMtx2304/depth1/node4/test0_1.mtx 1.4 543.348 0.0188267 0.27 
/home/antonkov/masterWork/tests/samePrefixMarkedMtx2304/depth1/node4/test0_1.mtx 1.5 657.051 0.00777604 0.11 
/home/antonkov/masterWork/tests/samePrefixMarkedMtx2304/depth1/node4/test0_1.mtx 1.6 800.595 0.0041748 0.0625 
/home/antonkov/masterWork/tests/samePrefixMarkedMtx2304/depth1/node4/test0_1.mtx 1.7 1310.83 0.0017595 0.0283333 
/home/antonkov/masterWork/tests/samePrefixMarkedMtx2304/depth1/node4/test0_1.mtx 1.8 2524.76 0.000656829 0.0115556 
/home/antonkov/masterWork/tests/samePrefixMarkedMtx2304/depth1/node4/test0_1.mtx 1.9 5003.4 0.000257093 0.0045045 
/home/antonkov/masterWork/tests/samePrefixMarkedMtx2304/depth1/node4/test0_1.mtx 2 0 -1 -1 
/home/antonkov/masterWork/tests/samePrefixMarkedMtx2304/depth1/node4/test0_1.mtx 2.1 0 -1 -1 
/home/antonkov/masterWork/tests/samePrefixMarkedMtx2304/depth1/node4/test0_1.mtx 2.2 0 -1 -1 
/home/antonkov/masterWork/tests/samePrefixMarkedMtx2304/depth1/node4/test0_1.mtx 2.3 0 -1 -1 
/home/antonkov/masterWork/tests/samePrefixMarkedMtx2304/depth1/node4/test0_1.mtx 2.4 0 -1 -1 
/home/antonkov/masterWork/tests/samePrefixMarkedMtx2304/depth1/node4/test0_1.mtx 2.5 0 -1 -1 
/home/antonkov/masterWork/tests/samePrefixMarkedMtx2304/depth1/node4/test0_1.mtx 2.6 0 -1 -1 
/home/antonkov/masterWork/tests/samePrefixMarkedMtx2304/depth1/node4/test0_1.mtx 2.7 0 -1 -1 
/home/antonkov/masterWork/tests/samePrefixMarkedMtx2304/depth1/node4/test0_1.mtx 2.8 0 -1 -1 
/home/antonkov/masterWork/tests/samePrefixMarkedMtx2304/depth1/node4/test0_1.mtx 2.9 0 -1 -1 
/home/antonkov/masterWork/tests/samePrefixMarkedMtx2304/depth1/node4/test0_1.mtx 3 0 -1 -1 
/home/antonkov/masterWork/tests/samePrefixMarkedMtx2304/depth1/node4/test0_1.mtx 3.1 0 -1 -1 
/home/antonkov/masterWork/tests/samePrefixMarkedMtx2304/depth1/node4/test0_1.mtx 3.2 0 -1 -1 
/home/antonkov/masterWork/tests/samePrefixMarkedMtx2304/depth1/node4/test0_1.mtx 3.3 0 -1 -1 
/home/antonkov/masterWork/tests/samePrefixMarkedMtx2304/depth1/node4/test0_1.mtx 3.4 0 -1 -1 
/home/antonkov/masterWork/tests/samePrefixMarkedMtx2304/depth1/node4/test0_1.mtx 3.5 0 -1 -1 
/home/antonkov/masterWork/tests/samePrefixMarkedMtx2304/depth1/node4/test0_2.mtx 1 418.264 0.070191 0.83 
/home/antonkov/masterWork/tests/samePrefixMarkedMtx2304/depth1/node4/test0_2.mtx 1.1 411.612 0.0525391 0.7 
/home/antonkov/masterWork/tests/samePrefixMarkedMtx2304/depth1/node4/test0_2.mtx 1.2 522.189 0.043763 0.57 
/home/antonkov/masterWork/tests/samePrefixMarkedMtx2304/depth1/node4/test0_2.mtx 1.3 487.405 0.0294792 0.4 
/home/antonkov/masterWork/tests/samePrefixMarkedMtx2304/depth1/node4/test0_2.mtx 1.4 466.553 0.0198589 0.305 
/home/antonkov/masterWork/tests/samePrefixMarkedMtx2304/depth1/node4/test0_2.mtx 1.5 588.739 0.010357 0.1475 
/home/antonkov/masterWork/tests/samePrefixMarkedMtx2304/depth1/node4/test0_2.mtx 1.6 697.581 0.0056373 0.085 
/home/antonkov/masterWork/tests/samePrefixMarkedMtx2304/depth1/node4/test0_2.mtx 1.7 1066.9 0.00253572 0.0407692 
/home/antonkov/masterWork/tests/samePrefixMarkedMtx2304/depth1/node4/test0_2.mtx 1.8 2064.09 0.000969158 0.0152941 
/home/antonkov/masterWork/tests/samePrefixMarkedMtx2304/depth1/node4/test0_2.mtx 1.9 4876.33 0.000278946 0.00480769 
/home/antonkov/masterWork/tests/samePrefixMarkedMtx2304/depth1/node4/test0_2.mtx 2 0 -1 -1 
/home/antonkov/masterWork/tests/samePrefixMarkedMtx2304/depth1/node4/test0_2.mtx 2.1 0 -1 -1 
/home/antonkov/masterWork/tests/samePrefixMarkedMtx2304/depth1/node4/test0_2.mtx 2.2 0 -1 -1 
/home/antonkov/masterWork/tests/samePrefixMarkedMtx2304/depth1/node4/test0_2.mtx 2.3 0 -1 -1 
/home/antonkov/masterWork/tests/samePrefixMarkedMtx2304/depth1/node4/test0_2.mtx 2.4 0 -1 -1 
/home/antonkov/masterWork/tests/samePrefixMarkedMtx2304/depth1/node4/test0_2.mtx 2.5 0 -1 -1 
/home/antonkov/masterWork/tests/samePrefixMarkedMtx2304/depth1/node4/test0_2.mtx 2.6 0 -1 -1 
/home/antonkov/masterWork/tests/samePrefixMarkedMtx2304/depth1/node4/test0_2.mtx 2.7 0 -1 -1 
/home/antonkov/masterWork/tests/samePrefixMarkedMtx2304/depth1/node4/test0_2.mtx 2.8 0 -1 -1 
/home/antonkov/masterWork/tests/samePrefixMarkedMtx2304/depth1/node4/test0_2.mtx 2.9 0 -1 -1 
/home/antonkov/masterWork/tests/samePrefixMarkedMtx2304/depth1/node4/test0_2.mtx 3 0 -1 -1 
/home/antonkov/masterWork/tests/samePrefixMarkedMtx2304/depth1/node4/test0_2.mtx 3.1 0 -1 -1 
/home/antonkov/masterWork/tests/samePrefixMarkedMtx2304/depth1/node4/test0_2.mtx 3.2 0 -1 -1 
/home/antonkov/masterWork/tests/samePrefixMarkedMtx2304/depth1/node4/test0_2.mtx 3.3 0 -1 -1 
/home/antonkov/masterWork/tests/samePrefixMarkedMtx2304/depth1/node4/test0_2.mtx 3.4 0 -1 -1 
/home/antonkov/masterWork/tests/samePrefixMarkedMtx2304/depth1/node4/test0_2.mtx 3.5 0 -1 -1 
/home/antonkov/masterWork/tests/samePrefixMarkedMtx2304/depth1/node4/test0_3.mtx 1 420.387 0.0724002 0.83 
/home/antonkov/masterWork/tests/samePrefixMarkedMtx2304/depth1/node4/test0_3.mtx 1.1 410.909 0.0583507 0.72 
/home/antonkov/masterWork/tests/samePrefixMarkedMtx2304/depth1/node4/test0_3.mtx 1.2 393.554 0.047296 0.6 
/home/antonkov/masterWork/tests/samePrefixMarkedMtx2304/depth1/node4/test0_3.mtx 1.3 490.536 0.0308876 0.435 
/home/antonkov/masterWork/tests/samePrefixMarkedMtx2304/depth1/node4/test0_3.mtx 1.4 464.001 0.0188498 0.28 
/home/antonkov/masterWork/tests/samePrefixMarkedMtx2304/depth1/node4/test0_3.mtx 1.5 665.362 0.00818316 0.12 
/home/antonkov/masterWork/tests/samePrefixMarkedMtx2304/depth1/node4/test0_3.mtx 1.6 806.182 0.00431858 0.0625 
/home/antonkov/masterWork/tests/samePrefixMarkedMtx2304/depth1/node4/test0_3.mtx 1.7 1165.45 0.00211719 0.0353333 
/home/antonkov/masterWork/tests/samePrefixMarkedMtx2304/depth1/node4/test0_3.mtx 1.8 2543.68 0.000659336 0.0111111 
/home/antonkov/masterWork/tests/samePrefixMarkedMtx2304/depth1/node4/test0_3.mtx 1.9 4825.26 0.000259665 0.00480769 
/home/antonkov/masterWork/tests/samePrefixMarkedMtx2304/depth1/node4/test0_3.mtx 2 0 -1 -1 
/home/antonkov/masterWork/tests/samePrefixMarkedMtx2304/depth1/node4/test0_3.mtx 2.1 0 -1 -1 
/home/antonkov/masterWork/tests/samePrefixMarkedMtx2304/depth1/node4/test0_3.mtx 2.2 0 -1 -1 
/home/antonkov/masterWork/tests/samePrefixMarkedMtx2304/depth1/node4/test0_3.mtx 2.3 0 -1 -1 
/home/antonkov/masterWork/tests/samePrefixMarkedMtx2304/depth1/node4/test0_3.mtx 2.4 0 -1 -1 
/home/antonkov/masterWork/tests/samePrefixMarkedMtx2304/depth1/node4/test0_3.mtx 2.5 0 -1 -1 
/home/antonkov/masterWork/tests/samePrefixMarkedMtx2304/depth1/node4/test0_3.mtx 2.6 0 -1 -1 
/home/antonkov/masterWork/tests/samePrefixMarkedMtx2304/depth1/node4/test0_3.mtx 2.7 0 -1 -1 
/home/antonkov/masterWork/tests/samePrefixMarkedMtx2304/depth1/node4/test0_3.mtx 2.8 0 -1 -1 
/home/antonkov/masterWork/tests/samePrefixMarkedMtx2304/depth1/node4/test0_3.mtx 2.9 0 -1 -1 
/home/antonkov/masterWork/tests/samePrefixMarkedMtx2304/depth1/node4/test0_3.mtx 3 0 -1 -1 
/home/antonkov/masterWork/tests/samePrefixMarkedMtx2304/depth1/node4/test0_3.mtx 3.1 0 -1 -1 
/home/antonkov/masterWork/tests/samePrefixMarkedMtx2304/depth1/node4/test0_3.mtx 3.2 0 -1 -1 
/home/antonkov/masterWork/tests/samePrefixMarkedMtx2304/depth1/node4/test0_3.mtx 3.3 0 -1 -1 
/home/antonkov/masterWork/tests/samePrefixMarkedMtx2304/depth1/node4/test0_3.mtx 3.4 0 -1 -1 
/home/antonkov/masterWork/tests/samePrefixMarkedMtx2304/depth1/node4/test0_3.mtx 3.5 0 -1 -1 
/home/antonkov/masterWork/tests/samePrefixMarkedMtx2304/depth1/node4/test0_4.mtx 1 417.578 0.0730339 0.85 
/home/antonkov/masterWork/tests/samePrefixMarkedMtx2304/depth1/node4/test0_4.mtx 1.1 416.115 0.060651 0.74 
/home/antonkov/masterWork/tests/samePrefixMarkedMtx2304/depth1/node4/test0_4.mtx 1.2 396.697 0.0445747 0.58 
/home/antonkov/masterWork/tests/samePrefixMarkedMtx2304/depth1/node4/test0_4.mtx 1.3 490.864 0.0313585 0.435 
/home/antonkov/masterWork/tests/samePrefixMarkedMtx2304/depth1/node4/test0_4.mtx 1.4 559.873 0.0158955 0.24 
/home/antonkov/masterWork/tests/samePrefixMarkedMtx2304/depth1/node4/test0_4.mtx 1.5 679.307 0.00745486 0.116 
/home/antonkov/masterWork/tests/samePrefixMarkedMtx2304/depth1/node4/test0_4.mtx 1.6 817.928 0.0040918 0.065 
/home/antonkov/masterWork/tests/samePrefixMarkedMtx2304/depth1/node4/test0_4.mtx 1.7 1208.47 0.00205512 0.03125 
/home/antonkov/masterWork/tests/samePrefixMarkedMtx2304/depth1/node4/test0_4.mtx 1.8 1790.58 0.00109674 0.0175862 
/home/antonkov/masterWork/tests/samePrefixMarkedMtx2304/depth1/node4/test0_4.mtx 1.9 4691.44 0.000296041 0.00495049 
/home/antonkov/masterWork/tests/samePrefixMarkedMtx2304/depth1/node4/test0_4.mtx 2 0 -1 -1 
/home/antonkov/masterWork/tests/samePrefixMarkedMtx2304/depth1/node4/test0_4.mtx 2.1 0 -1 -1 
/home/antonkov/masterWork/tests/samePrefixMarkedMtx2304/depth1/node4/test0_4.mtx 2.2 0 -1 -1 
/home/antonkov/masterWork/tests/samePrefixMarkedMtx2304/depth1/node4/test0_4.mtx 2.3 0 -1 -1 
/home/antonkov/masterWork/tests/samePrefixMarkedMtx2304/depth1/node4/test0_4.mtx 2.4 0 -1 -1 
/home/antonkov/masterWork/tests/samePrefixMarkedMtx2304/depth1/node4/test0_4.mtx 2.5 0 -1 -1 
/home/antonkov/masterWork/tests/samePrefixMarkedMtx2304/depth1/node4/test0_4.mtx 2.6 0 -1 -1 
/home/antonkov/masterWork/tests/samePrefixMarkedMtx2304/depth1/node4/test0_4.mtx 2.7 0 -1 -1 
/home/antonkov/masterWork/tests/samePrefixMarkedMtx2304/depth1/node4/test0_4.mtx 2.8 0 -1 -1 
/home/antonkov/masterWork/tests/samePrefixMarkedMtx2304/depth1/node4/test0_4.mtx 2.9 0 -1 -1 
/home/antonkov/masterWork/tests/samePrefixMarkedMtx2304/depth1/node4/test0_4.mtx 3 0 -1 -1 
/home/antonkov/masterWork/tests/samePrefixMarkedMtx2304/depth1/node4/test0_4.mtx 3.1 0 -1 -1 
/home/antonkov/masterWork/tests/samePrefixMarkedMtx2304/depth1/node4/test0_4.mtx 3.2 0 -1 -1 
/home/antonkov/masterWork/tests/samePrefixMarkedMtx2304/depth1/node4/test0_4.mtx 3.3 0 -1 -1 
/home/antonkov/masterWork/tests/samePrefixMarkedMtx2304/depth1/node4/test0_4.mtx 3.4 0 -1 -1 
/home/antonkov/masterWork/tests/samePrefixMarkedMtx2304/depth1/node4/test0_4.mtx 3.5 0 -1 -1 
/home/antonkov/masterWork/tests/samePrefixMarkedMtx2304/depth1/node4/test1_0.mtx 1 395.02 0.0741363 0.9 
/home/antonkov/masterWork/tests/samePrefixMarkedMtx2304/depth1/node4/test1_0.mtx 1.1 391.215 0.0632726 0.81 
/home/antonkov/masterWork/tests/samePrefixMarkedMtx2304/depth1/node4/test1_0.mtx 1.2 378.653 0.0437543 0.63 
/home/antonkov/masterWork/tests/samePrefixMarkedMtx2304/depth1/node4/test1_0.mtx 1.3 477.542 0.0310872 0.43 
/home/antonkov/masterWork/tests/samePrefixMarkedMtx2304/depth1/node4/test1_0.mtx 1.4 446.641 0.0192339 0.28 
/home/antonkov/masterWork/tests/samePrefixMarkedMtx2304/depth1/node4/test1_0.mtx 1.5 575.588 0.00950304 0.145 
/home/antonkov/masterWork/tests/samePrefixMarkedMtx2304/depth1/node4/test1_0.mtx 1.6 794.865 0.00453179 0.07 
/home/antonkov/masterWork/tests/samePrefixMarkedMtx2304/depth1/node4/test1_0.mtx 1.7 1078.15 0.0021937 0.0385714 
/home/antonkov/masterWork/tests/samePrefixMarkedMtx2304/depth1/node4/test1_0.mtx 1.8 2072.98 0.000833092 0.0141667 
/home/antonkov/masterWork/tests/samePrefixMarkedMtx2304/depth1/node4/test1_0.mtx 1.9 5629.28 0.000220059 0.00403226 
/home/antonkov/masterWork/tests/samePrefixMarkedMtx2304/depth1/node4/test1_0.mtx 2 0 -1 -1 
/home/antonkov/masterWork/tests/samePrefixMarkedMtx2304/depth1/node4/test1_0.mtx 2.1 0 -1 -1 
/home/antonkov/masterWork/tests/samePrefixMarkedMtx2304/depth1/node4/test1_0.mtx 2.2 0 -1 -1 
/home/antonkov/masterWork/tests/samePrefixMarkedMtx2304/depth1/node4/test1_0.mtx 2.3 0 -1 -1 
/home/antonkov/masterWork/tests/samePrefixMarkedMtx2304/depth1/node4/test1_0.mtx 2.4 0 -1 -1 
/home/antonkov/masterWork/tests/samePrefixMarkedMtx2304/depth1/node4/test1_0.mtx 2.5 0 -1 -1 
/home/antonkov/masterWork/tests/samePrefixMarkedMtx2304/depth1/node4/test1_0.mtx 2.6 0 -1 -1 
/home/antonkov/masterWork/tests/samePrefixMarkedMtx2304/depth1/node4/test1_0.mtx 2.7 0 -1 -1 
/home/antonkov/masterWork/tests/samePrefixMarkedMtx2304/depth1/node4/test1_0.mtx 2.8 0 -1 -1 
/home/antonkov/masterWork/tests/samePrefixMarkedMtx2304/depth1/node4/test1_0.mtx 2.9 0 -1 -1 
/home/antonkov/masterWork/tests/samePrefixMarkedMtx2304/depth1/node4/test1_0.mtx 3 0 -1 -1 
/home/antonkov/masterWork/tests/samePrefixMarkedMtx2304/depth1/node4/test1_0.mtx 3.1 0 -1 -1 
/home/antonkov/masterWork/tests/samePrefixMarkedMtx2304/depth1/node4/test1_0.mtx 3.2 0 -1 -1 
/home/antonkov/masterWork/tests/samePrefixMarkedMtx2304/depth1/node4/test1_0.mtx 3.3 0 -1 -1 
/home/antonkov/masterWork/tests/samePrefixMarkedMtx2304/depth1/node4/test1_0.mtx 3.4 0 -1 -1 
/home/antonkov/masterWork/tests/samePrefixMarkedMtx2304/depth1/node4/test1_0.mtx 3.5 0 -1 -1 
/home/antonkov/masterWork/tests/samePrefixMarkedMtx2304/depth1/node4/test1_1.mtx 1 400.013 0.071237 0.82 
/home/antonkov/masterWork/tests/samePrefixMarkedMtx2304/depth1/node4/test1_1.mtx 1.1 399.171 0.0586198 0.72 
/home/antonkov/masterWork/tests/samePrefixMarkedMtx2304/depth1/node4/test1_1.mtx 1.2 378.424 0.0438889 0.56 
/home/antonkov/masterWork/tests/samePrefixMarkedMtx2304/depth1/node4/test1_1.mtx 1.3 483.642 0.0289236 0.405 
/home/antonkov/masterWork/tests/samePrefixMarkedMtx2304/depth1/node4/test1_1.mtx 1.4 453.237 0.0175803 0.255 
/home/antonkov/masterWork/tests/samePrefixMarkedMtx2304/depth1/node4/test1_1.mtx 1.5 593.06 0.00913954 0.1375 
/home/antonkov/masterWork/tests/samePrefixMarkedMtx2304/depth1/node4/test1_1.mtx 1.6 785.17 0.00425967 0.0757143 
/home/antonkov/masterWork/tests/samePrefixMarkedMtx2304/depth1/node4/test1_1.mtx 1.7 1056.63 0.00203726 0.0384615 
/home/antonkov/masterWork/tests/samePrefixMarkedMtx2304/depth1/node4/test1_1.mtx 1.8 1990.99 0.000715603 0.015625 
/home/antonkov/masterWork/tests/samePrefixMarkedMtx2304/depth1/node4/test1_1.mtx 1.9 3907.1 0.000251569 0.00641026 
/home/antonkov/masterWork/tests/samePrefixMarkedMtx2304/depth1/node4/test1_1.mtx 2 0 -1 -1 
/home/antonkov/masterWork/tests/samePrefixMarkedMtx2304/depth1/node4/test1_1.mtx 2.1 0 -1 -1 
/home/antonkov/masterWork/tests/samePrefixMarkedMtx2304/depth1/node4/test1_1.mtx 2.2 0 -1 -1 
/home/antonkov/masterWork/tests/samePrefixMarkedMtx2304/depth1/node4/test1_1.mtx 2.3 0 -1 -1 
/home/antonkov/masterWork/tests/samePrefixMarkedMtx2304/depth1/node4/test1_1.mtx 2.4 0 -1 -1 
/home/antonkov/masterWork/tests/samePrefixMarkedMtx2304/depth1/node4/test1_1.mtx 2.5 0 -1 -1 
/home/antonkov/masterWork/tests/samePrefixMarkedMtx2304/depth1/node4/test1_1.mtx 2.6 0 -1 -1 
/home/antonkov/masterWork/tests/samePrefixMarkedMtx2304/depth1/node4/test1_1.mtx 2.7 0 -1 -1 
/home/antonkov/masterWork/tests/samePrefixMarkedMtx2304/depth1/node4/test1_1.mtx 2.8 0 -1 -1 
/home/antonkov/masterWork/tests/samePrefixMarkedMtx2304/depth1/node4/test1_1.mtx 2.9 0 -1 -1 
/home/antonkov/masterWork/tests/samePrefixMarkedMtx2304/depth1/node4/test1_1.mtx 3 0 -1 -1 
/home/antonkov/masterWork/tests/samePrefixMarkedMtx2304/depth1/node4/test1_1.mtx 3.1 0 -1 -1 
/home/antonkov/masterWork/tests/samePrefixMarkedMtx2304/depth1/node4/test1_1.mtx 3.2 0 -1 -1 
/home/antonkov/masterWork/tests/samePrefixMarkedMtx2304/depth1/node4/test1_1.mtx 3.3 0 -1 -1 
/home/antonkov/masterWork/tests/samePrefixMarkedMtx2304/depth1/node4/test1_1.mtx 3.4 0 -1 -1 
/home/antonkov/masterWork/tests/samePrefixMarkedMtx2304/depth1/node4/test1_1.mtx 3.5 0 -1 -1 
/home/antonkov/masterWork/tests/samePrefixMarkedMtx2304/depth1/node4/test1_2.mtx 1 430.764 0.0716016 0.85 
/home/antonkov/masterWork/tests/samePrefixMarkedMtx2304/depth1/node4/test1_2.mtx 1.1 412.231 0.0571571 0.74 
/home/antonkov/masterWork/tests/samePrefixMarkedMtx2304/depth1/node4/test1_2.mtx 1.2 405.448 0.0435937 0.59 
/home/antonkov/masterWork/tests/samePrefixMarkedMtx2304/depth1/node4/test1_2.mtx 1.3 509.675 0.0320703 0.435 
/home/antonkov/masterWork/tests/samePrefixMarkedMtx2304/depth1/node4/test1_2.mtx 1.4 474.489 0.0193837 0.27 
/home/antonkov/masterWork/tests/samePrefixMarkedMtx2304/depth1/node4/test1_2.mtx 1.5 621.038 0.00959852 0.1425 
/home/antonkov/masterWork/tests/samePrefixMarkedMtx2304/depth1/node4/test1_2.mtx 1.6 789.527 0.00486545 0.0785714 
/home/antonkov/masterWork/tests/samePrefixMarkedMtx2304/depth1/node4/test1_2.mtx 1.7 1146.9 0.00228237 0.0385714 
/home/antonkov/masterWork/tests/samePrefixMarkedMtx2304/depth1/node4/test1_2.mtx 1.8 1798.21 0.000992839 0.0178571 
/home/antonkov/masterWork/tests/samePrefixMarkedMtx2304/depth1/node4/test1_2.mtx 1.9 4112.68 0.00029999 0.00588235 
/home/antonkov/masterWork/tests/samePrefixMarkedMtx2304/depth1/node4/test1_2.mtx 2 0 -1 -1 
/home/antonkov/masterWork/tests/samePrefixMarkedMtx2304/depth1/node4/test1_2.mtx 2.1 0 -1 -1 
/home/antonkov/masterWork/tests/samePrefixMarkedMtx2304/depth1/node4/test1_2.mtx 2.2 0 -1 -1 
/home/antonkov/masterWork/tests/samePrefixMarkedMtx2304/depth1/node4/test1_2.mtx 2.3 0 -1 -1 
/home/antonkov/masterWork/tests/samePrefixMarkedMtx2304/depth1/node4/test1_2.mtx 2.4 0 -1 -1 
/home/antonkov/masterWork/tests/samePrefixMarkedMtx2304/depth1/node4/test1_2.mtx 2.5 0 -1 -1 
/home/antonkov/masterWork/tests/samePrefixMarkedMtx2304/depth1/node4/test1_2.mtx 2.6 0 -1 -1 
/home/antonkov/masterWork/tests/samePrefixMarkedMtx2304/depth1/node4/test1_2.mtx 2.7 0 -1 -1 
/home/antonkov/masterWork/tests/samePrefixMarkedMtx2304/depth1/node4/test1_2.mtx 2.8 0 -1 -1 
/home/antonkov/masterWork/tests/samePrefixMarkedMtx2304/depth1/node4/test1_2.mtx 2.9 0 -1 -1 
/home/antonkov/masterWork/tests/samePrefixMarkedMtx2304/depth1/node4/test1_2.mtx 3 0 -1 -1 
/home/antonkov/masterWork/tests/samePrefixMarkedMtx2304/depth1/node4/test1_2.mtx 3.1 0 -1 -1 
/home/antonkov/masterWork/tests/samePrefixMarkedMtx2304/depth1/node4/test1_2.mtx 3.2 0 -1 -1 
/home/antonkov/masterWork/tests/samePrefixMarkedMtx2304/depth1/node4/test1_2.mtx 3.3 0 -1 -1 
/home/antonkov/masterWork/tests/samePrefixMarkedMtx2304/depth1/node4/test1_2.mtx 3.4 0 -1 -1 
/home/antonkov/masterWork/tests/samePrefixMarkedMtx2304/depth1/node4/test1_2.mtx 3.5 0 -1 -1 
/home/antonkov/masterWork/tests/samePrefixMarkedMtx2304/depth1/node4/test1_3.mtx 1 408.899 0.0723003 0.84 
/home/antonkov/masterWork/tests/samePrefixMarkedMtx2304/depth1/node4/test1_3.mtx 1.1 409.092 0.0594878 0.73 
/home/antonkov/masterWork/tests/samePrefixMarkedMtx2304/depth1/node4/test1_3.mtx 1.2 383.225 0.0460634 0.59 
/home/antonkov/masterWork/tests/samePrefixMarkedMtx2304/depth1/node4/test1_3.mtx 1.3 477.365 0.0315451 0.44 
/home/antonkov/masterWork/tests/samePrefixMarkedMtx2304/depth1/node4/test1_3.mtx 1.4 457.556 0.0182248 0.26 
/home/antonkov/masterWork/tests/samePrefixMarkedMtx2304/depth1/node4/test1_3.mtx 1.5 593.497 0.0101617 0.145 
/home/antonkov/masterWork/tests/samePrefixMarkedMtx2304/depth1/node4/test1_3.mtx 1.6 717.497 0.00437252 0.0742857 
/home/antonkov/masterWork/tests/samePrefixMarkedMtx2304/depth1/node4/test1_3.mtx 1.7 1247.3 0.00196181 0.0311765 
/home/antonkov/masterWork/tests/samePrefixMarkedMtx2304/depth1/node4/test1_3.mtx 1.8 2278.94 0.000754883 0.0125 
/home/antonkov/masterWork/tests/samePrefixMarkedMtx2304/depth1/node4/test1_3.mtx 1.9 4999.71 0.000255795 0.00462963 
/home/antonkov/masterWork/tests/samePrefixMarkedMtx2304/depth1/node4/test1_3.mtx 2 0 -1 -1 
/home/antonkov/masterWork/tests/samePrefixMarkedMtx2304/depth1/node4/test1_3.mtx 2.1 0 -1 -1 
/home/antonkov/masterWork/tests/samePrefixMarkedMtx2304/depth1/node4/test1_3.mtx 2.2 0 -1 -1 
/home/antonkov/masterWork/tests/samePrefixMarkedMtx2304/depth1/node4/test1_3.mtx 2.3 0 -1 -1 
/home/antonkov/masterWork/tests/samePrefixMarkedMtx2304/depth1/node4/test1_3.mtx 2.4 0 -1 -1 
/home/antonkov/masterWork/tests/samePrefixMarkedMtx2304/depth1/node4/test1_3.mtx 2.5 0 -1 -1 
/home/antonkov/masterWork/tests/samePrefixMarkedMtx2304/depth1/node4/test1_3.mtx 2.6 0 -1 -1 
/home/antonkov/masterWork/tests/samePrefixMarkedMtx2304/depth1/node4/test1_3.mtx 2.7 0 -1 -1 
/home/antonkov/masterWork/tests/samePrefixMarkedMtx2304/depth1/node4/test1_3.mtx 2.8 0 -1 -1 
/home/antonkov/masterWork/tests/samePrefixMarkedMtx2304/depth1/node4/test1_3.mtx 2.9 0 -1 -1 
/home/antonkov/masterWork/tests/samePrefixMarkedMtx2304/depth1/node4/test1_3.mtx 3 0 -1 -1 
/home/antonkov/masterWork/tests/samePrefixMarkedMtx2304/depth1/node4/test1_3.mtx 3.1 0 -1 -1 
/home/antonkov/masterWork/tests/samePrefixMarkedMtx2304/depth1/node4/test1_3.mtx 3.2 0 -1 -1 
/home/antonkov/masterWork/tests/samePrefixMarkedMtx2304/depth1/node4/test1_3.mtx 3.3 0 -1 -1 
/home/antonkov/masterWork/tests/samePrefixMarkedMtx2304/depth1/node4/test1_3.mtx 3.4 0 -1 -1 
/home/antonkov/masterWork/tests/samePrefixMarkedMtx2304/depth1/node4/test1_3.mtx 3.5 0 -1 -1 
/home/antonkov/masterWork/tests/samePrefixMarkedMtx2304/depth1/node4/test1_4.mtx 1 421.699 0.0755773 0.89 
/home/antonkov/masterWork/tests/samePrefixMarkedMtx2304/depth1/node4/test1_4.mtx 1.1 414.852 0.061849 0.78 
/home/antonkov/masterWork/tests/samePrefixMarkedMtx2304/depth1/node4/test1_4.mtx 1.2 404.473 0.0466102 0.61 
/home/antonkov/masterWork/tests/samePrefixMarkedMtx2304/depth1/node4/test1_4.mtx 1.3 506.997 0.0312717 0.435 
/home/antonkov/masterWork/tests/samePrefixMarkedMtx2304/depth1/node4/test1_4.mtx 1.4 466.556 0.0198568 0.305 
/home/antonkov/masterWork/tests/samePrefixMarkedMtx2304/depth1/node4/test1_4.mtx 1.5 524.349 0.0125101 0.2 
/home/antonkov/masterWork/tests/samePrefixMarkedMtx2304/depth1/node4/test1_4.mtx 1.6 638.953 0.00626823 0.1 
/home/antonkov/masterWork/tests/samePrefixMarkedMtx2304/depth1/node4/test1_4.mtx 1.7 1026.61 0.00268229 0.0416667 
/home/antonkov/masterWork/tests/samePrefixMarkedMtx2304/depth1/node4/test1_4.mtx 1.8 1942.22 0.00104369 0.0173333 
/home/antonkov/masterWork/tests/samePrefixMarkedMtx2304/depth1/node4/test1_4.mtx 1.9 4141.44 0.000314322 0.00617284 
/home/antonkov/masterWork/tests/samePrefixMarkedMtx2304/depth1/node4/test1_4.mtx 2 0 -1 -1 
/home/antonkov/masterWork/tests/samePrefixMarkedMtx2304/depth1/node4/test1_4.mtx 2.1 0 -1 -1 
/home/antonkov/masterWork/tests/samePrefixMarkedMtx2304/depth1/node4/test1_4.mtx 2.2 0 -1 -1 
/home/antonkov/masterWork/tests/samePrefixMarkedMtx2304/depth1/node4/test1_4.mtx 2.3 0 -1 -1 
/home/antonkov/masterWork/tests/samePrefixMarkedMtx2304/depth1/node4/test1_4.mtx 2.4 0 -1 -1 
/home/antonkov/masterWork/tests/samePrefixMarkedMtx2304/depth1/node4/test1_4.mtx 2.5 0 -1 -1 
/home/antonkov/masterWork/tests/samePrefixMarkedMtx2304/depth1/node4/test1_4.mtx 2.6 0 -1 -1 
/home/antonkov/masterWork/tests/samePrefixMarkedMtx2304/depth1/node4/test1_4.mtx 2.7 0 -1 -1 
/home/antonkov/masterWork/tests/samePrefixMarkedMtx2304/depth1/node4/test1_4.mtx 2.8 0 -1 -1 
/home/antonkov/masterWork/tests/samePrefixMarkedMtx2304/depth1/node4/test1_4.mtx 2.9 0 -1 -1 
/home/antonkov/masterWork/tests/samePrefixMarkedMtx2304/depth1/node4/test1_4.mtx 3 0 -1 -1 
/home/antonkov/masterWork/tests/samePrefixMarkedMtx2304/depth1/node4/test1_4.mtx 3.1 0 -1 -1 
/home/antonkov/masterWork/tests/samePrefixMarkedMtx2304/depth1/node4/test1_4.mtx 3.2 0 -1 -1 
/home/antonkov/masterWork/tests/samePrefixMarkedMtx2304/depth1/node4/test1_4.mtx 3.3 0 -1 -1 
/home/antonkov/masterWork/tests/samePrefixMarkedMtx2304/depth1/node4/test1_4.mtx 3.4 0 -1 -1 
/home/antonkov/masterWork/tests/samePrefixMarkedMtx2304/depth1/node4/test1_4.mtx 3.5 0 -1 -1 
/home/antonkov/masterWork/tests/samePrefixMarkedMtx2304/depth1/node4/test2_0.mtx 1 432.05 0.0786024 0.91 
/home/antonkov/masterWork/tests/samePrefixMarkedMtx2304/depth1/node4/test2_0.mtx 1.1 423.834 0.0654384 0.78 
/home/antonkov/masterWork/tests/samePrefixMarkedMtx2304/depth1/node4/test2_0.mtx 1.2 404.694 0.0505903 0.64 
/home/antonkov/masterWork/tests/samePrefixMarkedMtx2304/depth1/node4/test2_0.mtx 1.3 516.246 0.0352626 0.465 
/home/antonkov/masterWork/tests/samePrefixMarkedMtx2304/depth1/node4/test2_0.mtx 1.4 493.959 0.0222786 0.315 
/home/antonkov/masterWork/tests/samePrefixMarkedMtx2304/depth1/node4/test2_0.mtx 1.5 542.234 0.0123524 0.18 
/home/antonkov/masterWork/tests/samePrefixMarkedMtx2304/depth1/node4/test2_0.mtx 1.6 717.203 0.00657986 0.101667 
/home/antonkov/masterWork/tests/samePrefixMarkedMtx2304/depth1/node4/test2_0.mtx 1.7 1014.69 0.00313723 0.0481818 
/home/antonkov/masterWork/tests/samePrefixMarkedMtx2304/depth1/node4/test2_0.mtx 1.8 1789.24 0.00115741 0.0185185 
/home/antonkov/masterWork/tests/samePrefixMarkedMtx2304/depth1/node4/test2_0.mtx 1.9 4194.4 0.000370074 0.0060241 
/home/antonkov/masterWork/tests/samePrefixMarkedMtx2304/depth1/node4/test2_0.mtx 2 0 -1 -1 
/home/antonkov/masterWork/tests/samePrefixMarkedMtx2304/depth1/node4/test2_0.mtx 2.1 0 -1 -1 
/home/antonkov/masterWork/tests/samePrefixMarkedMtx2304/depth1/node4/test2_0.mtx 2.2 0 -1 -1 
/home/antonkov/masterWork/tests/samePrefixMarkedMtx2304/depth1/node4/test2_0.mtx 2.3 0 -1 -1 
/home/antonkov/masterWork/tests/samePrefixMarkedMtx2304/depth1/node4/test2_0.mtx 2.4 0 -1 -1 
/home/antonkov/masterWork/tests/samePrefixMarkedMtx2304/depth1/node4/test2_0.mtx 2.5 0 -1 -1 
/home/antonkov/masterWork/tests/samePrefixMarkedMtx2304/depth1/node4/test2_0.mtx 2.6 0 -1 -1 
/home/antonkov/masterWork/tests/samePrefixMarkedMtx2304/depth1/node4/test2_0.mtx 2.7 0 -1 -1 
/home/antonkov/masterWork/tests/samePrefixMarkedMtx2304/depth1/node4/test2_0.mtx 2.8 0 -1 -1 
/home/antonkov/masterWork/tests/samePrefixMarkedMtx2304/depth1/node4/test2_0.mtx 2.9 0 -1 -1 
/home/antonkov/masterWork/tests/samePrefixMarkedMtx2304/depth1/node4/test2_0.mtx 3 0 -1 -1 
/home/antonkov/masterWork/tests/samePrefixMarkedMtx2304/depth1/node4/test2_0.mtx 3.1 0 -1 -1 
/home/antonkov/masterWork/tests/samePrefixMarkedMtx2304/depth1/node4/test2_0.mtx 3.2 0 -1 -1 
/home/antonkov/masterWork/tests/samePrefixMarkedMtx2304/depth1/node4/test2_0.mtx 3.3 0 -1 -1 
/home/antonkov/masterWork/tests/samePrefixMarkedMtx2304/depth1/node4/test2_0.mtx 3.4 0 -1 -1 
/home/antonkov/masterWork/tests/samePrefixMarkedMtx2304/depth1/node4/test2_0.mtx 3.5 0 -1 -1 
/home/antonkov/masterWork/tests/samePrefixMarkedMtx2304/depth1/node4/test2_1.mtx 1 434.997 0.0744141 0.88 
/home/antonkov/masterWork/tests/samePrefixMarkedMtx2304/depth1/node4/test2_1.mtx 1.1 423.674 0.06 0.75 
/home/antonkov/masterWork/tests/samePrefixMarkedMtx2304/depth1/node4/test2_1.mtx 1.2 403.992 0.0476302 0.6 
/home/antonkov/masterWork/tests/samePrefixMarkedMtx2304/depth1/node4/test2_1.mtx 1.3 520.289 0.0357639 0.485 
/home/antonkov/masterWork/tests/samePrefixMarkedMtx2304/depth1/node4/test2_1.mtx 1.4 497.305 0.0230946 0.33 
/home/antonkov/masterWork/tests/samePrefixMarkedMtx2304/depth1/node4/test2_1.mtx 1.5 551.732 0.0140625 0.21 
/home/antonkov/masterWork/tests/samePrefixMarkedMtx2304/depth1/node4/test2_1.mtx 1.6 738.266 0.00645472 0.0916667 
/home/antonkov/masterWork/tests/samePrefixMarkedMtx2304/depth1/node4/test2_1.mtx 1.7 1012.7 0.00312816 0.0463636 
/home/antonkov/masterWork/tests/samePrefixMarkedMtx2304/depth1/node4/test2_1.mtx 1.8 1815.06 0.00110436 0.0192593 
/home/antonkov/masterWork/tests/samePrefixMarkedMtx2304/depth1/node4/test2_1.mtx 1.9 4312.74 0.000353445 0.0060241 
/home/antonkov/masterWork/tests/samePrefixMarkedMtx2304/depth1/node4/test2_1.mtx 2 0 -1 -1 
/home/antonkov/masterWork/tests/samePrefixMarkedMtx2304/depth1/node4/test2_1.mtx 2.1 0 -1 -1 
/home/antonkov/masterWork/tests/samePrefixMarkedMtx2304/depth1/node4/test2_1.mtx 2.2 0 -1 -1 
/home/antonkov/masterWork/tests/samePrefixMarkedMtx2304/depth1/node4/test2_1.mtx 2.3 0 -1 -1 
/home/antonkov/masterWork/tests/samePrefixMarkedMtx2304/depth1/node4/test2_1.mtx 2.4 0 -1 -1 
/home/antonkov/masterWork/tests/samePrefixMarkedMtx2304/depth1/node4/test2_1.mtx 2.5 0 -1 -1 
/home/antonkov/masterWork/tests/samePrefixMarkedMtx2304/depth1/node4/test2_1.mtx 2.6 0 -1 -1 
/home/antonkov/masterWork/tests/samePrefixMarkedMtx2304/depth1/node4/test2_1.mtx 2.7 0 -1 -1 
/home/antonkov/masterWork/tests/samePrefixMarkedMtx2304/depth1/node4/test2_1.mtx 2.8 0 -1 -1 
/home/antonkov/masterWork/tests/samePrefixMarkedMtx2304/depth1/node4/test2_1.mtx 2.9 0 -1 -1 
/home/antonkov/masterWork/tests/samePrefixMarkedMtx2304/depth1/node4/test2_1.mtx 3 0 -1 -1 
/home/antonkov/masterWork/tests/samePrefixMarkedMtx2304/depth1/node4/test2_1.mtx 3.1 0 -1 -1 
/home/antonkov/masterWork/tests/samePrefixMarkedMtx2304/depth1/node4/test2_1.mtx 3.2 0 -1 -1 
/home/antonkov/masterWork/tests/samePrefixMarkedMtx2304/depth1/node4/test2_1.mtx 3.3 0 -1 -1 
/home/antonkov/masterWork/tests/samePrefixMarkedMtx2304/depth1/node4/test2_1.mtx 3.4 0 -1 -1 
/home/antonkov/masterWork/tests/samePrefixMarkedMtx2304/depth1/node4/test2_1.mtx 3.5 0 -1 -1 
/home/antonkov/masterWork/tests/samePrefixMarkedMtx2304/depth1/node4/test2_2.mtx 1 427.733 0.0770052 0.87 
/home/antonkov/masterWork/tests/samePrefixMarkedMtx2304/depth1/node4/test2_2.mtx 1.1 433.346 0.0671441 0.8 
/home/antonkov/masterWork/tests/samePrefixMarkedMtx2304/depth1/node4/test2_2.mtx 1.2 416.264 0.053125 0.68 
/home/antonkov/masterWork/tests/samePrefixMarkedMtx2304/depth1/node4/test2_2.mtx 1.3 525.161 0.0355773 0.485 
/home/antonkov/masterWork/tests/samePrefixMarkedMtx2304/depth1/node4/test2_2.mtx 1.4 486.993 0.0220095 0.3 
/home/antonkov/masterWork/tests/samePrefixMarkedMtx2304/depth1/node4/test2_2.mtx 1.5 541.949 0.0118128 0.173333 
/home/antonkov/masterWork/tests/samePrefixMarkedMtx2304/depth1/node4/test2_2.mtx 1.6 725.779 0.00631583 0.0983333 
/home/antonkov/masterWork/tests/samePrefixMarkedMtx2304/depth1/node4/test2_2.mtx 1.7 1001.16 0.00299124 0.0472727 
/home/antonkov/masterWork/tests/samePrefixMarkedMtx2304/depth1/node4/test2_2.mtx 1.8 2078.07 0.00106581 0.0159375 
/home/antonkov/masterWork/tests/samePrefixMarkedMtx2304/depth1/node4/test2_2.mtx 1.9 4305.34 0.000368665 0.00595238 
/home/antonkov/masterWork/tests/samePrefixMarkedMtx2304/depth1/node4/test2_2.mtx 2 0 -1 -1 
/home/antonkov/masterWork/tests/samePrefixMarkedMtx2304/depth1/node4/test2_2.mtx 2.1 0 -1 -1 
/home/antonkov/masterWork/tests/samePrefixMarkedMtx2304/depth1/node4/test2_2.mtx 2.2 0 -1 -1 
/home/antonkov/masterWork/tests/samePrefixMarkedMtx2304/depth1/node4/test2_2.mtx 2.3 0 -1 -1 
/home/antonkov/masterWork/tests/samePrefixMarkedMtx2304/depth1/node4/test2_2.mtx 2.4 0 -1 -1 
/home/antonkov/masterWork/tests/samePrefixMarkedMtx2304/depth1/node4/test2_2.mtx 2.5 0 -1 -1 
/home/antonkov/masterWork/tests/samePrefixMarkedMtx2304/depth1/node4/test2_2.mtx 2.6 0 -1 -1 
/home/antonkov/masterWork/tests/samePrefixMarkedMtx2304/depth1/node4/test2_2.mtx 2.7 0 -1 -1 
/home/antonkov/masterWork/tests/samePrefixMarkedMtx2304/depth1/node4/test2_2.mtx 2.8 0 -1 -1 
/home/antonkov/masterWork/tests/samePrefixMarkedMtx2304/depth1/node4/test2_2.mtx 2.9 0 -1 -1 
/home/antonkov/masterWork/tests/samePrefixMarkedMtx2304/depth1/node4/test2_2.mtx 3 0 -1 -1 
/home/antonkov/masterWork/tests/samePrefixMarkedMtx2304/depth1/node4/test2_2.mtx 3.1 0 -1 -1 
/home/antonkov/masterWork/tests/samePrefixMarkedMtx2304/depth1/node4/test2_2.mtx 3.2 0 -1 -1 
/home/antonkov/masterWork/tests/samePrefixMarkedMtx2304/depth1/node4/test2_2.mtx 3.3 0 -1 -1 
/home/antonkov/masterWork/tests/samePrefixMarkedMtx2304/depth1/node4/test2_2.mtx 3.4 0 -1 -1 
/home/antonkov/masterWork/tests/samePrefixMarkedMtx2304/depth1/node4/test2_2.mtx 3.5 0 -1 -1 
/home/antonkov/masterWork/tests/samePrefixMarkedMtx2304/depth1/node4/test2_3.mtx 1 439.385 0.0765712 0.87 
/home/antonkov/masterWork/tests/samePrefixMarkedMtx2304/depth1/node4/test2_3.mtx 1.1 429.893 0.0631337 0.74 
/home/antonkov/masterWork/tests/samePrefixMarkedMtx2304/depth1/node4/test2_3.mtx 1.2 414.366 0.0498351 0.61 
/home/antonkov/masterWork/tests/samePrefixMarkedMtx2304/depth1/node4/test2_3.mtx 1.3 530.549 0.0362174 0.46 
/home/antonkov/masterWork/tests/samePrefixMarkedMtx2304/depth1/node4/test2_3.mtx 1.4 502.037 0.0244857 0.34 
/home/antonkov/masterWork/tests/samePrefixMarkedMtx2304/depth1/node4/test2_3.mtx 1.5 545.19 0.0121137 0.18 
/home/antonkov/masterWork/tests/samePrefixMarkedMtx2304/depth1/node4/test2_3.mtx 1.6 733.219 0.00544126 0.085 
/home/antonkov/masterWork/tests/samePrefixMarkedMtx2304/depth1/node4/test2_3.mtx 1.7 1227.37 0.0022364 0.0333333 
/home/antonkov/masterWork/tests/samePrefixMarkedMtx2304/depth1/node4/test2_3.mtx 1.8 2214.38 0.000950266 0.015 
/home/antonkov/masterWork/tests/samePrefixMarkedMtx2304/depth1/node4/test2_3.mtx 1.9 4526.8 0.000355903 0.00561798 
/home/antonkov/masterWork/tests/samePrefixMarkedMtx2304/depth1/node4/test2_3.mtx 2 0 -1 -1 
/home/antonkov/masterWork/tests/samePrefixMarkedMtx2304/depth1/node4/test2_3.mtx 2.1 0 -1 -1 
/home/antonkov/masterWork/tests/samePrefixMarkedMtx2304/depth1/node4/test2_3.mtx 2.2 0 -1 -1 
/home/antonkov/masterWork/tests/samePrefixMarkedMtx2304/depth1/node4/test2_3.mtx 2.3 0 -1 -1 
/home/antonkov/masterWork/tests/samePrefixMarkedMtx2304/depth1/node4/test2_3.mtx 2.4 0 -1 -1 
/home/antonkov/masterWork/tests/samePrefixMarkedMtx2304/depth1/node4/test2_3.mtx 2.5 0 -1 -1 
/home/antonkov/masterWork/tests/samePrefixMarkedMtx2304/depth1/node4/test2_3.mtx 2.6 0 -1 -1 
/home/antonkov/masterWork/tests/samePrefixMarkedMtx2304/depth1/node4/test2_3.mtx 2.7 0 -1 -1 
/home/antonkov/masterWork/tests/samePrefixMarkedMtx2304/depth1/node4/test2_3.mtx 2.8 0 -1 -1 
/home/antonkov/masterWork/tests/samePrefixMarkedMtx2304/depth1/node4/test2_3.mtx 2.9 0 -1 -1 
/home/antonkov/masterWork/tests/samePrefixMarkedMtx2304/depth1/node4/test2_3.mtx 3 0 -1 -1 
/home/antonkov/masterWork/tests/samePrefixMarkedMtx2304/depth1/node4/test2_3.mtx 3.1 0 -1 -1 
/home/antonkov/masterWork/tests/samePrefixMarkedMtx2304/depth1/node4/test2_3.mtx 3.2 0 -1 -1 
/home/antonkov/masterWork/tests/samePrefixMarkedMtx2304/depth1/node4/test2_3.mtx 3.3 0 -1 -1 
/home/antonkov/masterWork/tests/samePrefixMarkedMtx2304/depth1/node4/test2_3.mtx 3.4 0 -1 -1 
/home/antonkov/masterWork/tests/samePrefixMarkedMtx2304/depth1/node4/test2_3.mtx 3.5 0 -1 -1 
/home/antonkov/masterWork/tests/samePrefixMarkedMtx2304/depth1/node4/test2_4.mtx 1 433.043 0.0780035 0.88 
/home/antonkov/masterWork/tests/samePrefixMarkedMtx2304/depth1/node4/test2_4.mtx 1.1 427.612 0.0653299 0.78 
/home/antonkov/masterWork/tests/samePrefixMarkedMtx2304/depth1/node4/test2_4.mtx 1.2 414.432 0.0528689 0.66 
/home/antonkov/masterWork/tests/samePrefixMarkedMtx2304/depth1/node4/test2_4.mtx 1.3 519.61 0.0385438 0.495 
/home/antonkov/masterWork/tests/samePrefixMarkedMtx2304/depth1/node4/test2_4.mtx 1.4 491.764 0.0258637 0.355 
/home/antonkov/masterWork/tests/samePrefixMarkedMtx2304/depth1/node4/test2_4.mtx 1.5 555.859 0.0145689 0.21 
/home/antonkov/masterWork/tests/samePrefixMarkedMtx2304/depth1/node4/test2_4.mtx 1.6 607.991 0.00868273 0.1275 
/home/antonkov/masterWork/tests/samePrefixMarkedMtx2304/depth1/node4/test2_4.mtx 1.7 1104.36 0.00269423 0.0425 
/home/antonkov/masterWork/tests/samePrefixMarkedMtx2304/depth1/node4/test2_4.mtx 1.8 1527.45 0.00152302 0.0238095 
/home/antonkov/masterWork/tests/samePrefixMarkedMtx2304/depth1/node4/test2_4.mtx 1.9 3829.08 0.000422152 0.00694444 
/home/antonkov/masterWork/tests/samePrefixMarkedMtx2304/depth1/node4/test2_4.mtx 2 0 -1 -1 
/home/antonkov/masterWork/tests/samePrefixMarkedMtx2304/depth1/node4/test2_4.mtx 2.1 0 -1 -1 
/home/antonkov/masterWork/tests/samePrefixMarkedMtx2304/depth1/node4/test2_4.mtx 2.2 0 -1 -1 
/home/antonkov/masterWork/tests/samePrefixMarkedMtx2304/depth1/node4/test2_4.mtx 2.3 0 -1 -1 
/home/antonkov/masterWork/tests/samePrefixMarkedMtx2304/depth1/node4/test2_4.mtx 2.4 0 -1 -1 
/home/antonkov/masterWork/tests/samePrefixMarkedMtx2304/depth1/node4/test2_4.mtx 2.5 0 -1 -1 
/home/antonkov/masterWork/tests/samePrefixMarkedMtx2304/depth1/node4/test2_4.mtx 2.6 0 -1 -1 
/home/antonkov/masterWork/tests/samePrefixMarkedMtx2304/depth1/node4/test2_4.mtx 2.7 0 -1 -1 
/home/antonkov/masterWork/tests/samePrefixMarkedMtx2304/depth1/node4/test2_4.mtx 2.8 0 -1 -1 
/home/antonkov/masterWork/tests/samePrefixMarkedMtx2304/depth1/node4/test2_4.mtx 2.9 0 -1 -1 
/home/antonkov/masterWork/tests/samePrefixMarkedMtx2304/depth1/node4/test2_4.mtx 3 0 -1 -1 
/home/antonkov/masterWork/tests/samePrefixMarkedMtx2304/depth1/node4/test2_4.mtx 3.1 0 -1 -1 
/home/antonkov/masterWork/tests/samePrefixMarkedMtx2304/depth1/node4/test2_4.mtx 3.2 0 -1 -1 
/home/antonkov/masterWork/tests/samePrefixMarkedMtx2304/depth1/node4/test2_4.mtx 3.3 0 -1 -1 
/home/antonkov/masterWork/tests/samePrefixMarkedMtx2304/depth1/node4/test2_4.mtx 3.4 0 -1 -1 
/home/antonkov/masterWork/tests/samePrefixMarkedMtx2304/depth1/node4/test2_4.mtx 3.5 0 -1 -1 
/home/antonkov/masterWork/tests/samePrefixMarkedMtx2304/depth1/node4/test97_0.mtx 1 433.697 0.079349 0.89 
/home/antonkov/masterWork/tests/samePrefixMarkedMtx2304/depth1/node4/test97_0.mtx 1.1 426.158 0.0650087 0.76 
/home/antonkov/masterWork/tests/samePrefixMarkedMtx2304/depth1/node4/test97_0.mtx 1.2 418.347 0.0504036 0.64 
/home/antonkov/masterWork/tests/samePrefixMarkedMtx2304/depth1/node4/test97_0.mtx 1.3 519.923 0.0368273 0.47 
/home/antonkov/masterWork/tests/samePrefixMarkedMtx2304/depth1/node4/test97_0.mtx 1.4 482.581 0.0262999 0.345 
/home/antonkov/masterWork/tests/samePrefixMarkedMtx2304/depth1/node4/test97_0.mtx 1.5 547.696 0.0142549 0.21 
/home/antonkov/masterWork/tests/samePrefixMarkedMtx2304/depth1/node4/test97_0.mtx 1.6 682.082 0.00713455 0.1 
/home/antonkov/masterWork/tests/samePrefixMarkedMtx2304/depth1/node4/test97_0.mtx 1.7 803.376 0.0041097 0.0625 
/home/antonkov/masterWork/tests/samePrefixMarkedMtx2304/depth1/node4/test97_0.mtx 1.8 1819.61 0.00120322 0.0185185 
/home/antonkov/masterWork/tests/samePrefixMarkedMtx2304/depth1/node4/test97_0.mtx 1.9 3570.88 0.000440311 0.00746269 
/home/antonkov/masterWork/tests/samePrefixMarkedMtx2304/depth1/node4/test97_0.mtx 2 0 -1 -1 
/home/antonkov/masterWork/tests/samePrefixMarkedMtx2304/depth1/node4/test97_0.mtx 2.1 0 -1 -1 
/home/antonkov/masterWork/tests/samePrefixMarkedMtx2304/depth1/node4/test97_0.mtx 2.2 0 -1 -1 
/home/antonkov/masterWork/tests/samePrefixMarkedMtx2304/depth1/node4/test97_0.mtx 2.3 0 -1 -1 
/home/antonkov/masterWork/tests/samePrefixMarkedMtx2304/depth1/node4/test97_0.mtx 2.4 0 -1 -1 
/home/antonkov/masterWork/tests/samePrefixMarkedMtx2304/depth1/node4/test97_0.mtx 2.5 0 -1 -1 
/home/antonkov/masterWork/tests/samePrefixMarkedMtx2304/depth1/node4/test97_0.mtx 2.6 0 -1 -1 
/home/antonkov/masterWork/tests/samePrefixMarkedMtx2304/depth1/node4/test97_0.mtx 2.7 0 -1 -1 
/home/antonkov/masterWork/tests/samePrefixMarkedMtx2304/depth1/node4/test97_0.mtx 2.8 0 -1 -1 
/home/antonkov/masterWork/tests/samePrefixMarkedMtx2304/depth1/node4/test97_0.mtx 2.9 0 -1 -1 
/home/antonkov/masterWork/tests/samePrefixMarkedMtx2304/depth1/node4/test97_0.mtx 3 0 -1 -1 
/home/antonkov/masterWork/tests/samePrefixMarkedMtx2304/depth1/node4/test97_0.mtx 3.1 0 -1 -1 
/home/antonkov/masterWork/tests/samePrefixMarkedMtx2304/depth1/node4/test97_0.mtx 3.2 0 -1 -1 
/home/antonkov/masterWork/tests/samePrefixMarkedMtx2304/depth1/node4/test97_0.mtx 3.3 0 -1 -1 
/home/antonkov/masterWork/tests/samePrefixMarkedMtx2304/depth1/node4/test97_0.mtx 3.4 0 -1 -1 
/home/antonkov/masterWork/tests/samePrefixMarkedMtx2304/depth1/node4/test97_0.mtx 3.5 0 -1 -1 
/home/antonkov/masterWork/tests/samePrefixMarkedMtx2304/depth1/node4/test97_1.mtx 1 433.373 0.0804123 0.89 
/home/antonkov/masterWork/tests/samePrefixMarkedMtx2304/depth1/node4/test97_1.mtx 1.1 432.242 0.0669097 0.78 
/home/antonkov/masterWork/tests/samePrefixMarkedMtx2304/depth1/node4/test97_1.mtx 1.2 430.024 0.0594444 0.73 
/home/antonkov/masterWork/tests/samePrefixMarkedMtx2304/depth1/node4/test97_1.mtx 1.3 402.184 0.0411068 0.53 
/home/antonkov/masterWork/tests/samePrefixMarkedMtx2304/depth1/node4/test97_1.mtx 1.4 492.105 0.0283095 0.385 
/home/antonkov/masterWork/tests/samePrefixMarkedMtx2304/depth1/node4/test97_1.mtx 1.5 568.777 0.0166667 0.24 
/home/antonkov/masterWork/tests/samePrefixMarkedMtx2304/depth1/node4/test97_1.mtx 1.6 671.003 0.006875 0.104 
/home/antonkov/masterWork/tests/samePrefixMarkedMtx2304/depth1/node4/test97_1.mtx 1.7 966.784 0.00375825 0.054 
/home/antonkov/masterWork/tests/samePrefixMarkedMtx2304/depth1/node4/test97_1.mtx 1.8 1779.77 0.00128339 0.0196154 
/home/antonkov/masterWork/tests/samePrefixMarkedMtx2304/depth1/node4/test97_1.mtx 1.9 3891.04 0.000422196 0.00684932 
/home/antonkov/masterWork/tests/samePrefixMarkedMtx2304/depth1/node4/test97_1.mtx 2 0 -1 -1 
/home/antonkov/masterWork/tests/samePrefixMarkedMtx2304/depth1/node4/test97_1.mtx 2.1 0 -1 -1 
/home/antonkov/masterWork/tests/samePrefixMarkedMtx2304/depth1/node4/test97_1.mtx 2.2 0 -1 -1 
/home/antonkov/masterWork/tests/samePrefixMarkedMtx2304/depth1/node4/test97_1.mtx 2.3 0 -1 -1 
/home/antonkov/masterWork/tests/samePrefixMarkedMtx2304/depth1/node4/test97_1.mtx 2.4 0 -1 -1 
/home/antonkov/masterWork/tests/samePrefixMarkedMtx2304/depth1/node4/test97_1.mtx 2.5 0 -1 -1 
/home/antonkov/masterWork/tests/samePrefixMarkedMtx2304/depth1/node4/test97_1.mtx 2.6 0 -1 -1 
/home/antonkov/masterWork/tests/samePrefixMarkedMtx2304/depth1/node4/test97_1.mtx 2.7 0 -1 -1 
/home/antonkov/masterWork/tests/samePrefixMarkedMtx2304/depth1/node4/test97_1.mtx 2.8 0 -1 -1 
/home/antonkov/masterWork/tests/samePrefixMarkedMtx2304/depth1/node4/test97_1.mtx 2.9 0 -1 -1 
/home/antonkov/masterWork/tests/samePrefixMarkedMtx2304/depth1/node4/test97_1.mtx 3 0 -1 -1 
/home/antonkov/masterWork/tests/samePrefixMarkedMtx2304/depth1/node4/test97_1.mtx 3.1 0 -1 -1 
/home/antonkov/masterWork/tests/samePrefixMarkedMtx2304/depth1/node4/test97_1.mtx 3.2 0 -1 -1 
/home/antonkov/masterWork/tests/samePrefixMarkedMtx2304/depth1/node4/test97_1.mtx 3.3 0 -1 -1 
/home/antonkov/masterWork/tests/samePrefixMarkedMtx2304/depth1/node4/test97_1.mtx 3.4 0 -1 -1 
/home/antonkov/masterWork/tests/samePrefixMarkedMtx2304/depth1/node4/test97_1.mtx 3.5 0 -1 -1 
/home/antonkov/masterWork/tests/samePrefixMarkedMtx2304/depth1/node4/test97_2.mtx 1 432.136 0.0793533 0.88 
/home/antonkov/masterWork/tests/samePrefixMarkedMtx2304/depth1/node4/test97_2.mtx 1.1 426.516 0.0686024 0.82 
/home/antonkov/masterWork/tests/samePrefixMarkedMtx2304/depth1/node4/test97_2.mtx 1.2 416.853 0.0545616 0.71 
/home/antonkov/masterWork/tests/samePrefixMarkedMtx2304/depth1/node4/test97_2.mtx 1.3 393.698 0.0379948 0.52 
/home/antonkov/masterWork/tests/samePrefixMarkedMtx2304/depth1/node4/test97_2.mtx 1.4 496.645 0.0303624 0.395 
/home/antonkov/masterWork/tests/samePrefixMarkedMtx2304/depth1/node4/test97_2.mtx 1.5 560.089 0.0132104 0.196667 
/home/antonkov/masterWork/tests/samePrefixMarkedMtx2304/depth1/node4/test97_2.mtx 1.6 756.743 0.00640263 0.0966667 
/home/antonkov/masterWork/tests/samePrefixMarkedMtx2304/depth1/node4/test97_2.mtx 1.7 1133.95 0.00239416 0.0407692 
/home/antonkov/masterWork/tests/samePrefixMarkedMtx2304/depth1/node4/test97_2.mtx 1.8 1499.75 0.00156601 0.0247619 
/home/antonkov/masterWork/tests/samePrefixMarkedMtx2304/depth1/node4/test97_2.mtx 1.9 2862.52 0.0005016 0.00980392 
/home/antonkov/masterWork/tests/samePrefixMarkedMtx2304/depth1/node4/test97_2.mtx 2 0 -1 -1 
/home/antonkov/masterWork/tests/samePrefixMarkedMtx2304/depth1/node4/test97_2.mtx 2.1 0 -1 -1 
/home/antonkov/masterWork/tests/samePrefixMarkedMtx2304/depth1/node4/test97_2.mtx 2.2 0 -1 -1 
/home/antonkov/masterWork/tests/samePrefixMarkedMtx2304/depth1/node4/test97_2.mtx 2.3 0 -1 -1 
/home/antonkov/masterWork/tests/samePrefixMarkedMtx2304/depth1/node4/test97_2.mtx 2.4 0 -1 -1 
/home/antonkov/masterWork/tests/samePrefixMarkedMtx2304/depth1/node4/test97_2.mtx 2.5 0 -1 -1 
/home/antonkov/masterWork/tests/samePrefixMarkedMtx2304/depth1/node4/test97_2.mtx 2.6 0 -1 -1 
/home/antonkov/masterWork/tests/samePrefixMarkedMtx2304/depth1/node4/test97_2.mtx 2.7 0 -1 -1 
/home/antonkov/masterWork/tests/samePrefixMarkedMtx2304/depth1/node4/test97_2.mtx 2.8 0 -1 -1 
/home/antonkov/masterWork/tests/samePrefixMarkedMtx2304/depth1/node4/test97_2.mtx 2.9 0 -1 -1 
/home/antonkov/masterWork/tests/samePrefixMarkedMtx2304/depth1/node4/test97_2.mtx 3 0 -1 -1 
/home/antonkov/masterWork/tests/samePrefixMarkedMtx2304/depth1/node4/test97_2.mtx 3.1 0 -1 -1 
/home/antonkov/masterWork/tests/samePrefixMarkedMtx2304/depth1/node4/test97_2.mtx 3.2 0 -1 -1 
/home/antonkov/masterWork/tests/samePrefixMarkedMtx2304/depth1/node4/test97_2.mtx 3.3 0 -1 -1 
/home/antonkov/masterWork/tests/samePrefixMarkedMtx2304/depth1/node4/test97_2.mtx 3.4 0 -1 -1 
/home/antonkov/masterWork/tests/samePrefixMarkedMtx2304/depth1/node4/test97_2.mtx 3.5 0 -1 -1 
/home/antonkov/masterWork/tests/samePrefixMarkedMtx2304/depth1/node4/test97_3.mtx 1 437.103 0.080855 0.92 
/home/antonkov/masterWork/tests/samePrefixMarkedMtx2304/depth1/node4/test97_3.mtx 1.1 429.485 0.0685243 0.82 
/home/antonkov/masterWork/tests/samePrefixMarkedMtx2304/depth1/node4/test97_3.mtx 1.2 417.816 0.0550564 0.68 
/home/antonkov/masterWork/tests/samePrefixMarkedMtx2304/depth1/node4/test97_3.mtx 1.3 400.829 0.0395833 0.52 
/home/antonkov/masterWork/tests/samePrefixMarkedMtx2304/depth1/node4/test97_3.mtx 1.4 510.072 0.023151 0.33 
/home/antonkov/masterWork/tests/samePrefixMarkedMtx2304/depth1/node4/test97_3.mtx 1.5 553.913 0.0134071 0.206667 
/home/antonkov/masterWork/tests/samePrefixMarkedMtx2304/depth1/node4/test97_3.mtx 1.6 661.433 0.00668837 0.1 
/home/antonkov/masterWork/tests/samePrefixMarkedMtx2304/depth1/node4/test97_3.mtx 1.7 1116.92 0.00261819 0.04 
/home/antonkov/masterWork/tests/samePrefixMarkedMtx2304/depth1/node4/test97_3.mtx 1.8 1872.98 0.00119575 0.0182143 
/home/antonkov/masterWork/tests/samePrefixMarkedMtx2304/depth1/node4/test97_3.mtx 1.9 4293.01 0.00035859 0.00595238 
/home/antonkov/masterWork/tests/samePrefixMarkedMtx2304/depth1/node4/test97_3.mtx 2 0 -1 -1 
/home/antonkov/masterWork/tests/samePrefixMarkedMtx2304/depth1/node4/test97_3.mtx 2.1 0 -1 -1 
/home/antonkov/masterWork/tests/samePrefixMarkedMtx2304/depth1/node4/test97_3.mtx 2.2 0 -1 -1 
/home/antonkov/masterWork/tests/samePrefixMarkedMtx2304/depth1/node4/test97_3.mtx 2.3 0 -1 -1 
/home/antonkov/masterWork/tests/samePrefixMarkedMtx2304/depth1/node4/test97_3.mtx 2.4 0 -1 -1 
/home/antonkov/masterWork/tests/samePrefixMarkedMtx2304/depth1/node4/test97_3.mtx 2.5 0 -1 -1 
/home/antonkov/masterWork/tests/samePrefixMarkedMtx2304/depth1/node4/test97_3.mtx 2.6 0 -1 -1 
/home/antonkov/masterWork/tests/samePrefixMarkedMtx2304/depth1/node4/test97_3.mtx 2.7 0 -1 -1 
/home/antonkov/masterWork/tests/samePrefixMarkedMtx2304/depth1/node4/test97_3.mtx 2.8 0 -1 -1 
/home/antonkov/masterWork/tests/samePrefixMarkedMtx2304/depth1/node4/test97_3.mtx 2.9 0 -1 -1 
/home/antonkov/masterWork/tests/samePrefixMarkedMtx2304/depth1/node4/test97_3.mtx 3 0 -1 -1 
/home/antonkov/masterWork/tests/samePrefixMarkedMtx2304/depth1/node4/test97_3.mtx 3.1 0 -1 -1 
/home/antonkov/masterWork/tests/samePrefixMarkedMtx2304/depth1/node4/test97_3.mtx 3.2 0 -1 -1 
/home/antonkov/masterWork/tests/samePrefixMarkedMtx2304/depth1/node4/test97_3.mtx 3.3 0 -1 -1 
/home/antonkov/masterWork/tests/samePrefixMarkedMtx2304/depth1/node4/test97_3.mtx 3.4 0 -1 -1 
/home/antonkov/masterWork/tests/samePrefixMarkedMtx2304/depth1/node4/test97_3.mtx 3.5 0 -1 -1 
/home/antonkov/masterWork/tests/samePrefixMarkedMtx2304/depth1/node4/test97_4.mtx 1 435.469 0.0817925 0.9 
/home/antonkov/masterWork/tests/samePrefixMarkedMtx2304/depth1/node4/test97_4.mtx 1.1 430.24 0.0721701 0.84 
/home/antonkov/masterWork/tests/samePrefixMarkedMtx2304/depth1/node4/test97_4.mtx 1.2 419.058 0.0605122 0.74 
/home/antonkov/masterWork/tests/samePrefixMarkedMtx2304/depth1/node4/test97_4.mtx 1.3 403.037 0.0433116 0.58 
/home/antonkov/masterWork/tests/samePrefixMarkedMtx2304/depth1/node4/test97_4.mtx 1.4 490.91 0.0230642 0.3 
/home/antonkov/masterWork/tests/samePrefixMarkedMtx2304/depth1/node4/test97_4.mtx 1.5 558.757 0.0150637 0.203333 
/home/antonkov/masterWork/tests/samePrefixMarkedMtx2304/depth1/node4/test97_4.mtx 1.6 687.158 0.00744444 0.112 
/home/antonkov/masterWork/tests/samePrefixMarkedMtx2304/depth1/node4/test97_4.mtx 1.7 881.908 0.0035055 0.0555556 
/home/antonkov/masterWork/tests/samePrefixMarkedMtx2304/depth1/node4/test97_4.mtx 1.8 1936.08 0.00108238 0.0182759 
/home/antonkov/masterWork/tests/samePrefixMarkedMtx2304/depth1/node4/test97_4.mtx 1.9 3893.5 0.000425005 0.00657895 
/home/antonkov/masterWork/tests/samePrefixMarkedMtx2304/depth1/node4/test97_4.mtx 2 0 -1 -1 
/home/antonkov/masterWork/tests/samePrefixMarkedMtx2304/depth1/node4/test97_4.mtx 2.1 0 -1 -1 
/home/antonkov/masterWork/tests/samePrefixMarkedMtx2304/depth1/node4/test97_4.mtx 2.2 0 -1 -1 
/home/antonkov/masterWork/tests/samePrefixMarkedMtx2304/depth1/node4/test97_4.mtx 2.3 0 -1 -1 
/home/antonkov/masterWork/tests/samePrefixMarkedMtx2304/depth1/node4/test97_4.mtx 2.4 0 -1 -1 
/home/antonkov/masterWork/tests/samePrefixMarkedMtx2304/depth1/node4/test97_4.mtx 2.5 0 -1 -1 
/home/antonkov/masterWork/tests/samePrefixMarkedMtx2304/depth1/node4/test97_4.mtx 2.6 0 -1 -1 
/home/antonkov/masterWork/tests/samePrefixMarkedMtx2304/depth1/node4/test97_4.mtx 2.7 0 -1 -1 
/home/antonkov/masterWork/tests/samePrefixMarkedMtx2304/depth1/node4/test97_4.mtx 2.8 0 -1 -1 
/home/antonkov/masterWork/tests/samePrefixMarkedMtx2304/depth1/node4/test97_4.mtx 2.9 0 -1 -1 
/home/antonkov/masterWork/tests/samePrefixMarkedMtx2304/depth1/node4/test97_4.mtx 3 0 -1 -1 
/home/antonkov/masterWork/tests/samePrefixMarkedMtx2304/depth1/node4/test97_4.mtx 3.1 0 -1 -1 
/home/antonkov/masterWork/tests/samePrefixMarkedMtx2304/depth1/node4/test97_4.mtx 3.2 0 -1 -1 
/home/antonkov/masterWork/tests/samePrefixMarkedMtx2304/depth1/node4/test97_4.mtx 3.3 0 -1 -1 
/home/antonkov/masterWork/tests/samePrefixMarkedMtx2304/depth1/node4/test97_4.mtx 3.4 0 -1 -1 
/home/antonkov/masterWork/tests/samePrefixMarkedMtx2304/depth1/node4/test97_4.mtx 3.5 0 -1 -1 
/home/antonkov/masterWork/tests/samePrefixMarkedMtx2304/depth1/node4/test98_0.mtx 1 434.05 0.0699653 0.79 
/home/antonkov/masterWork/tests/samePrefixMarkedMtx2304/depth1/node4/test98_0.mtx 1.1 414.503 0.0557465 0.65 
/home/antonkov/masterWork/tests/samePrefixMarkedMtx2304/depth1/node4/test98_0.mtx 1.2 400.462 0.0414193 0.53 
/home/antonkov/masterWork/tests/samePrefixMarkedMtx2304/depth1/node4/test98_0.mtx 1.3 505.723 0.0297374 0.395 
/home/antonkov/masterWork/tests/samePrefixMarkedMtx2304/depth1/node4/test98_0.mtx 1.4 567.474 0.0193837 0.253333 
/home/antonkov/masterWork/tests/samePrefixMarkedMtx2304/depth1/node4/test98_0.mtx 1.5 606.851 0.0100911 0.1475 
/home/antonkov/masterWork/tests/samePrefixMarkedMtx2304/depth1/node4/test98_0.mtx 1.6 841.283 0.0045931 0.07125 
/home/antonkov/masterWork/tests/samePrefixMarkedMtx2304/depth1/node4/test98_0.mtx 1.7 1414.74 0.00157027 0.0263158 
/home/antonkov/masterWork/tests/samePrefixMarkedMtx2304/depth1/node4/test98_0.mtx 1.8 3780.2 0.000458623 0.00724638 
/home/antonkov/masterWork/tests/samePrefixMarkedMtx2304/depth1/node4/test98_0.mtx 1.9 0 -1 -1 
/home/antonkov/masterWork/tests/samePrefixMarkedMtx2304/depth1/node4/test98_0.mtx 2 0 -1 -1 
/home/antonkov/masterWork/tests/samePrefixMarkedMtx2304/depth1/node4/test98_0.mtx 2.1 0 -1 -1 
/home/antonkov/masterWork/tests/samePrefixMarkedMtx2304/depth1/node4/test98_0.mtx 2.2 0 -1 -1 
/home/antonkov/masterWork/tests/samePrefixMarkedMtx2304/depth1/node4/test98_0.mtx 2.3 0 -1 -1 
/home/antonkov/masterWork/tests/samePrefixMarkedMtx2304/depth1/node4/test98_0.mtx 2.4 0 -1 -1 
/home/antonkov/masterWork/tests/samePrefixMarkedMtx2304/depth1/node4/test98_0.mtx 2.5 0 -1 -1 
/home/antonkov/masterWork/tests/samePrefixMarkedMtx2304/depth1/node4/test98_0.mtx 2.6 0 -1 -1 
/home/antonkov/masterWork/tests/samePrefixMarkedMtx2304/depth1/node4/test98_0.mtx 2.7 0 -1 -1 
/home/antonkov/masterWork/tests/samePrefixMarkedMtx2304/depth1/node4/test98_0.mtx 2.8 0 -1 -1 
/home/antonkov/masterWork/tests/samePrefixMarkedMtx2304/depth1/node4/test98_0.mtx 2.9 0 -1 -1 
/home/antonkov/masterWork/tests/samePrefixMarkedMtx2304/depth1/node4/test98_0.mtx 3 0 -1 -1 
/home/antonkov/masterWork/tests/samePrefixMarkedMtx2304/depth1/node4/test98_0.mtx 3.1 0 -1 -1 
/home/antonkov/masterWork/tests/samePrefixMarkedMtx2304/depth1/node4/test98_0.mtx 3.2 0 -1 -1 
/home/antonkov/masterWork/tests/samePrefixMarkedMtx2304/depth1/node4/test98_0.mtx 3.3 0 -1 -1 
/home/antonkov/masterWork/tests/samePrefixMarkedMtx2304/depth1/node4/test98_0.mtx 3.4 0 -1 -1 
/home/antonkov/masterWork/tests/samePrefixMarkedMtx2304/depth1/node4/test98_0.mtx 3.5 0 -1 -1 
/home/antonkov/masterWork/tests/samePrefixMarkedMtx2304/depth1/node4/test98_1.mtx 1 419.631 0.0711979 0.8 
/home/antonkov/masterWork/tests/samePrefixMarkedMtx2304/depth1/node4/test98_1.mtx 1.1 412.429 0.0587283 0.7 
/home/antonkov/masterWork/tests/samePrefixMarkedMtx2304/depth1/node4/test98_1.mtx 1.2 403.392 0.0442622 0.58 
/home/antonkov/masterWork/tests/samePrefixMarkedMtx2304/depth1/node4/test98_1.mtx 1.3 495.525 0.0297852 0.41 
/home/antonkov/masterWork/tests/samePrefixMarkedMtx2304/depth1/node4/test98_1.mtx 1.4 553.168 0.0145732 0.213333 
/home/antonkov/masterWork/tests/samePrefixMarkedMtx2304/depth1/node4/test98_1.mtx 1.5 676.883 0.00742274 0.108 
/home/antonkov/masterWork/tests/samePrefixMarkedMtx2304/depth1/node4/test98_1.mtx 1.6 982.631 0.00400347 0.058 
/home/antonkov/masterWork/tests/samePrefixMarkedMtx2304/depth1/node4/test98_1.mtx 1.7 1515.75 0.0016212 0.0242857 
/home/antonkov/masterWork/tests/samePrefixMarkedMtx2304/depth1/node4/test98_1.mtx 1.8 2819.69 0.000632899 0.01 
/home/antonkov/masterWork/tests/samePrefixMarkedMtx2304/depth1/node4/test98_1.mtx 1.9 7280.9 0.000169408 0.00316456 
/home/antonkov/masterWork/tests/samePrefixMarkedMtx2304/depth1/node4/test98_1.mtx 2 0 -1 -1 
/home/antonkov/masterWork/tests/samePrefixMarkedMtx2304/depth1/node4/test98_1.mtx 2.1 0 -1 -1 
/home/antonkov/masterWork/tests/samePrefixMarkedMtx2304/depth1/node4/test98_1.mtx 2.2 0 -1 -1 
/home/antonkov/masterWork/tests/samePrefixMarkedMtx2304/depth1/node4/test98_1.mtx 2.3 0 -1 -1 
/home/antonkov/masterWork/tests/samePrefixMarkedMtx2304/depth1/node4/test98_1.mtx 2.4 0 -1 -1 
/home/antonkov/masterWork/tests/samePrefixMarkedMtx2304/depth1/node4/test98_1.mtx 2.5 0 -1 -1 
/home/antonkov/masterWork/tests/samePrefixMarkedMtx2304/depth1/node4/test98_1.mtx 2.6 0 -1 -1 
/home/antonkov/masterWork/tests/samePrefixMarkedMtx2304/depth1/node4/test98_1.mtx 2.7 0 -1 -1 
/home/antonkov/masterWork/tests/samePrefixMarkedMtx2304/depth1/node4/test98_1.mtx 2.8 0 -1 -1 
/home/antonkov/masterWork/tests/samePrefixMarkedMtx2304/depth1/node4/test98_1.mtx 2.9 0 -1 -1 
/home/antonkov/masterWork/tests/samePrefixMarkedMtx2304/depth1/node4/test98_1.mtx 3 0 -1 -1 
/home/antonkov/masterWork/tests/samePrefixMarkedMtx2304/depth1/node4/test98_1.mtx 3.1 0 -1 -1 
/home/antonkov/masterWork/tests/samePrefixMarkedMtx2304/depth1/node4/test98_1.mtx 3.2 0 -1 -1 
/home/antonkov/masterWork/tests/samePrefixMarkedMtx2304/depth1/node4/test98_1.mtx 3.3 0 -1 -1 
/home/antonkov/masterWork/tests/samePrefixMarkedMtx2304/depth1/node4/test98_1.mtx 3.4 0 -1 -1 
/home/antonkov/masterWork/tests/samePrefixMarkedMtx2304/depth1/node4/test98_1.mtx 3.5 0 -1 -1 
/home/antonkov/masterWork/tests/samePrefixMarkedMtx2304/depth1/node4/test98_2.mtx 1 423.756 0.072908 0.84 
/home/antonkov/masterWork/tests/samePrefixMarkedMtx2304/depth1/node4/test98_2.mtx 1.1 415.784 0.0600998 0.74 
/home/antonkov/masterWork/tests/samePrefixMarkedMtx2304/depth1/node4/test98_2.mtx 1.2 393.925 0.0438455 0.6 
/home/antonkov/masterWork/tests/samePrefixMarkedMtx2304/depth1/node4/test98_2.mtx 1.3 491.591 0.026263 0.37 
/home/antonkov/masterWork/tests/samePrefixMarkedMtx2304/depth1/node4/test98_2.mtx 1.4 548.44 0.015651 0.22 
/home/antonkov/masterWork/tests/samePrefixMarkedMtx2304/depth1/node4/test98_2.mtx 1.5 676.363 0.00693056 0.11 
/home/antonkov/masterWork/tests/samePrefixMarkedMtx2304/depth1/node4/test98_2.mtx 1.6 980.07 0.00348698 0.053 
/home/antonkov/masterWork/tests/samePrefixMarkedMtx2304/depth1/node4/test98_2.mtx 1.7 1692.24 0.00132939 0.0208333 
/home/antonkov/masterWork/tests/samePrefixMarkedMtx2304/depth1/node4/test98_2.mtx 1.8 3498.39 0.000463376 0.00809524 
/home/antonkov/masterWork/tests/samePrefixMarkedMtx2304/depth1/node4/test98_2.mtx 1.9 0 -1 -1 
/home/antonkov/masterWork/tests/samePrefixMarkedMtx2304/depth1/node4/test98_2.mtx 2 0 -1 -1 
/home/antonkov/masterWork/tests/samePrefixMarkedMtx2304/depth1/node4/test98_2.mtx 2.1 0 -1 -1 
/home/antonkov/masterWork/tests/samePrefixMarkedMtx2304/depth1/node4/test98_2.mtx 2.2 0 -1 -1 
/home/antonkov/masterWork/tests/samePrefixMarkedMtx2304/depth1/node4/test98_2.mtx 2.3 0 -1 -1 
/home/antonkov/masterWork/tests/samePrefixMarkedMtx2304/depth1/node4/test98_2.mtx 2.4 0 -1 -1 
/home/antonkov/masterWork/tests/samePrefixMarkedMtx2304/depth1/node4/test98_2.mtx 2.5 0 -1 -1 
/home/antonkov/masterWork/tests/samePrefixMarkedMtx2304/depth1/node4/test98_2.mtx 2.6 0 -1 -1 
/home/antonkov/masterWork/tests/samePrefixMarkedMtx2304/depth1/node4/test98_2.mtx 2.7 0 -1 -1 
/home/antonkov/masterWork/tests/samePrefixMarkedMtx2304/depth1/node4/test98_2.mtx 2.8 0 -1 -1 
/home/antonkov/masterWork/tests/samePrefixMarkedMtx2304/depth1/node4/test98_2.mtx 2.9 0 -1 -1 
/home/antonkov/masterWork/tests/samePrefixMarkedMtx2304/depth1/node4/test98_2.mtx 3 0 -1 -1 
/home/antonkov/masterWork/tests/samePrefixMarkedMtx2304/depth1/node4/test98_2.mtx 3.1 0 -1 -1 
/home/antonkov/masterWork/tests/samePrefixMarkedMtx2304/depth1/node4/test98_2.mtx 3.2 0 -1 -1 
/home/antonkov/masterWork/tests/samePrefixMarkedMtx2304/depth1/node4/test98_2.mtx 3.3 0 -1 -1 
/home/antonkov/masterWork/tests/samePrefixMarkedMtx2304/depth1/node4/test98_2.mtx 3.4 0 -1 -1 
/home/antonkov/masterWork/tests/samePrefixMarkedMtx2304/depth1/node4/test98_2.mtx 3.5 0 -1 -1 
/home/antonkov/masterWork/tests/samePrefixMarkedMtx2304/depth1/node4/test98_3.mtx 1 434.492 0.0745139 0.88 
/home/antonkov/masterWork/tests/samePrefixMarkedMtx2304/depth1/node4/test98_3.mtx 1.1 419.823 0.0565582 0.71 
/home/antonkov/masterWork/tests/samePrefixMarkedMtx2304/depth1/node4/test98_3.mtx 1.2 533.744 0.038214 0.48 
/home/antonkov/masterWork/tests/samePrefixMarkedMtx2304/depth1/node4/test98_3.mtx 1.3 493.276 0.025523 0.36 
/home/antonkov/masterWork/tests/samePrefixMarkedMtx2304/depth1/node4/test98_3.mtx 1.4 549.807 0.0141204 0.2 
/home/antonkov/masterWork/tests/samePrefixMarkedMtx2304/depth1/node4/test98_3.mtx 1.5 672.464 0.00719184 0.104 
/home/antonkov/masterWork/tests/samePrefixMarkedMtx2304/depth1/node4/test98_3.mtx 1.6 950.716 0.0035395 0.051 
/home/antonkov/masterWork/tests/samePrefixMarkedMtx2304/depth1/node4/test98_3.mtx 1.7 1761.71 0.00124028 0.0212 
/home/antonkov/masterWork/tests/samePrefixMarkedMtx2304/depth1/node4/test98_3.mtx 1.8 3224.8 0.000521918 0.00833333 
/home/antonkov/masterWork/tests/samePrefixMarkedMtx2304/depth1/node4/test98_3.mtx 1.9 0 -1 -1 
/home/antonkov/masterWork/tests/samePrefixMarkedMtx2304/depth1/node4/test98_3.mtx 2 0 -1 -1 
/home/antonkov/masterWork/tests/samePrefixMarkedMtx2304/depth1/node4/test98_3.mtx 2.1 0 -1 -1 
/home/antonkov/masterWork/tests/samePrefixMarkedMtx2304/depth1/node4/test98_3.mtx 2.2 0 -1 -1 
/home/antonkov/masterWork/tests/samePrefixMarkedMtx2304/depth1/node4/test98_3.mtx 2.3 0 -1 -1 
/home/antonkov/masterWork/tests/samePrefixMarkedMtx2304/depth1/node4/test98_3.mtx 2.4 0 -1 -1 
/home/antonkov/masterWork/tests/samePrefixMarkedMtx2304/depth1/node4/test98_3.mtx 2.5 0 -1 -1 
/home/antonkov/masterWork/tests/samePrefixMarkedMtx2304/depth1/node4/test98_3.mtx 2.6 0 -1 -1 
/home/antonkov/masterWork/tests/samePrefixMarkedMtx2304/depth1/node4/test98_3.mtx 2.7 0 -1 -1 
/home/antonkov/masterWork/tests/samePrefixMarkedMtx2304/depth1/node4/test98_3.mtx 2.8 0 -1 -1 
/home/antonkov/masterWork/tests/samePrefixMarkedMtx2304/depth1/node4/test98_3.mtx 2.9 0 -1 -1 
/home/antonkov/masterWork/tests/samePrefixMarkedMtx2304/depth1/node4/test98_3.mtx 3 0 -1 -1 
/home/antonkov/masterWork/tests/samePrefixMarkedMtx2304/depth1/node4/test98_3.mtx 3.1 0 -1 -1 
/home/antonkov/masterWork/tests/samePrefixMarkedMtx2304/depth1/node4/test98_3.mtx 3.2 0 -1 -1 
/home/antonkov/masterWork/tests/samePrefixMarkedMtx2304/depth1/node4/test98_3.mtx 3.3 0 -1 -1 
/home/antonkov/masterWork/tests/samePrefixMarkedMtx2304/depth1/node4/test98_3.mtx 3.4 0 -1 -1 
/home/antonkov/masterWork/tests/samePrefixMarkedMtx2304/depth1/node4/test98_3.mtx 3.5 0 -1 -1 
/home/antonkov/masterWork/tests/samePrefixMarkedMtx2304/depth1/node4/test98_4.mtx 1 426.631 0.0644488 0.75 
/home/antonkov/masterWork/tests/samePrefixMarkedMtx2304/depth1/node4/test98_4.mtx 1.1 400.33 0.0485634 0.6 
/home/antonkov/masterWork/tests/samePrefixMarkedMtx2304/depth1/node4/test98_4.mtx 1.2 516.708 0.0386502 0.51 
/home/antonkov/masterWork/tests/samePrefixMarkedMtx2304/depth1/node4/test98_4.mtx 1.3 496.468 0.0262739 0.38 
/home/antonkov/masterWork/tests/samePrefixMarkedMtx2304/depth1/node4/test98_4.mtx 1.4 565.138 0.0145313 0.196667 
/home/antonkov/masterWork/tests/samePrefixMarkedMtx2304/depth1/node4/test98_4.mtx 1.5 742.686 0.00685909 0.095 
/home/antonkov/masterWork/tests/samePrefixMarkedMtx2304/depth1/node4/test98_4.mtx 1.6 911.581 0.00419608 0.0611111 
/home/antonkov/masterWork/tests/samePrefixMarkedMtx2304/depth1/node4/test98_4.mtx 1.7 1818.87 0.00133299 0.0208 
/home/antonkov/masterWork/tests/samePrefixMarkedMtx2304/depth1/node4/test98_4.mtx 1.8 3303.12 0.000566368 0.00894737 
/home/antonkov/masterWork/tests/samePrefixMarkedMtx2304/depth1/node4/test98_4.mtx 1.9 0 -1 -1 
/home/antonkov/masterWork/tests/samePrefixMarkedMtx2304/depth1/node4/test98_4.mtx 2 0 -1 -1 
/home/antonkov/masterWork/tests/samePrefixMarkedMtx2304/depth1/node4/test98_4.mtx 2.1 0 -1 -1 
/home/antonkov/masterWork/tests/samePrefixMarkedMtx2304/depth1/node4/test98_4.mtx 2.2 0 -1 -1 
/home/antonkov/masterWork/tests/samePrefixMarkedMtx2304/depth1/node4/test98_4.mtx 2.3 0 -1 -1 
/home/antonkov/masterWork/tests/samePrefixMarkedMtx2304/depth1/node4/test98_4.mtx 2.4 0 -1 -1 
/home/antonkov/masterWork/tests/samePrefixMarkedMtx2304/depth1/node4/test98_4.mtx 2.5 0 -1 -1 
/home/antonkov/masterWork/tests/samePrefixMarkedMtx2304/depth1/node4/test98_4.mtx 2.6 0 -1 -1 
/home/antonkov/masterWork/tests/samePrefixMarkedMtx2304/depth1/node4/test98_4.mtx 2.7 0 -1 -1 
/home/antonkov/masterWork/tests/samePrefixMarkedMtx2304/depth1/node4/test98_4.mtx 2.8 0 -1 -1 
/home/antonkov/masterWork/tests/samePrefixMarkedMtx2304/depth1/node4/test98_4.mtx 2.9 0 -1 -1 
/home/antonkov/masterWork/tests/samePrefixMarkedMtx2304/depth1/node4/test98_4.mtx 3 0 -1 -1 
/home/antonkov/masterWork/tests/samePrefixMarkedMtx2304/depth1/node4/test98_4.mtx 3.1 0 -1 -1 
/home/antonkov/masterWork/tests/samePrefixMarkedMtx2304/depth1/node4/test98_4.mtx 3.2 0 -1 -1 
/home/antonkov/masterWork/tests/samePrefixMarkedMtx2304/depth1/node4/test98_4.mtx 3.3 0 -1 -1 
/home/antonkov/masterWork/tests/samePrefixMarkedMtx2304/depth1/node4/test98_4.mtx 3.4 0 -1 -1 
/home/antonkov/masterWork/tests/samePrefixMarkedMtx2304/depth1/node4/test98_4.mtx 3.5 0 -1 -1 
/home/antonkov/masterWork/tests/samePrefixMarkedMtx2304/depth1/node4/test99_0.mtx 1 432.942 0.0821224 0.93 
/home/antonkov/masterWork/tests/samePrefixMarkedMtx2304/depth1/node4/test99_0.mtx 1.1 429.866 0.0671571 0.8 
/home/antonkov/masterWork/tests/samePrefixMarkedMtx2304/depth1/node4/test99_0.mtx 1.2 434.228 0.0512153 0.65 
/home/antonkov/masterWork/tests/samePrefixMarkedMtx2304/depth1/node4/test99_0.mtx 1.3 536.789 0.0397005 0.525 
/home/antonkov/masterWork/tests/samePrefixMarkedMtx2304/depth1/node4/test99_0.mtx 1.4 496.469 0.0276237 0.385 
/home/antonkov/masterWork/tests/samePrefixMarkedMtx2304/depth1/node4/test99_0.mtx 1.5 557.746 0.0155613 0.21 
/home/antonkov/masterWork/tests/samePrefixMarkedMtx2304/depth1/node4/test99_0.mtx 1.6 661.104 0.00710677 0.11 
/home/antonkov/masterWork/tests/samePrefixMarkedMtx2304/depth1/node4/test99_0.mtx 1.7 870.388 0.0035706 0.0555556 
/home/antonkov/masterWork/tests/samePrefixMarkedMtx2304/depth1/node4/test99_0.mtx 1.8 1447.76 0.00158615 0.026 
/home/antonkov/masterWork/tests/samePrefixMarkedMtx2304/depth1/node4/test99_0.mtx 1.9 3180.64 0.000549845 0.00877193 
/home/antonkov/masterWork/tests/samePrefixMarkedMtx2304/depth1/node4/test99_0.mtx 2 0 -1 -1 
/home/antonkov/masterWork/tests/samePrefixMarkedMtx2304/depth1/node4/test99_0.mtx 2.1 0 -1 -1 
/home/antonkov/masterWork/tests/samePrefixMarkedMtx2304/depth1/node4/test99_0.mtx 2.2 0 -1 -1 
/home/antonkov/masterWork/tests/samePrefixMarkedMtx2304/depth1/node4/test99_0.mtx 2.3 0 -1 -1 
/home/antonkov/masterWork/tests/samePrefixMarkedMtx2304/depth1/node4/test99_0.mtx 2.4 0 -1 -1 
/home/antonkov/masterWork/tests/samePrefixMarkedMtx2304/depth1/node4/test99_0.mtx 2.5 0 -1 -1 
/home/antonkov/masterWork/tests/samePrefixMarkedMtx2304/depth1/node4/test99_0.mtx 2.6 0 -1 -1 
/home/antonkov/masterWork/tests/samePrefixMarkedMtx2304/depth1/node4/test99_0.mtx 2.7 0 -1 -1 
/home/antonkov/masterWork/tests/samePrefixMarkedMtx2304/depth1/node4/test99_0.mtx 2.8 0 -1 -1 
/home/antonkov/masterWork/tests/samePrefixMarkedMtx2304/depth1/node4/test99_0.mtx 2.9 0 -1 -1 
/home/antonkov/masterWork/tests/samePrefixMarkedMtx2304/depth1/node4/test99_0.mtx 3 0 -1 -1 
/home/antonkov/masterWork/tests/samePrefixMarkedMtx2304/depth1/node4/test99_0.mtx 3.1 0 -1 -1 
/home/antonkov/masterWork/tests/samePrefixMarkedMtx2304/depth1/node4/test99_0.mtx 3.2 0 -1 -1 
/home/antonkov/masterWork/tests/samePrefixMarkedMtx2304/depth1/node4/test99_0.mtx 3.3 0 -1 -1 
/home/antonkov/masterWork/tests/samePrefixMarkedMtx2304/depth1/node4/test99_0.mtx 3.4 0 -1 -1 
/home/antonkov/masterWork/tests/samePrefixMarkedMtx2304/depth1/node4/test99_0.mtx 3.5 0 -1 -1 
/home/antonkov/masterWork/tests/samePrefixMarkedMtx2304/depth1/node4/test99_1.mtx 1 431.538 0.0819314 0.92 
/home/antonkov/masterWork/tests/samePrefixMarkedMtx2304/depth1/node4/test99_1.mtx 1.1 430.001 0.0665321 0.81 
/home/antonkov/masterWork/tests/samePrefixMarkedMtx2304/depth1/node4/test99_1.mtx 1.2 399.52 0.0507986 0.62 
/home/antonkov/masterWork/tests/samePrefixMarkedMtx2304/depth1/node4/test99_1.mtx 1.3 536.27 0.0409245 0.54 
/home/antonkov/masterWork/tests/samePrefixMarkedMtx2304/depth1/node4/test99_1.mtx 1.4 501.597 0.0268793 0.365 
/home/antonkov/masterWork/tests/samePrefixMarkedMtx2304/depth1/node4/test99_1.mtx 1.5 461.706 0.0173872 0.25 
/home/antonkov/masterWork/tests/samePrefixMarkedMtx2304/depth1/node4/test99_1.mtx 1.6 600.354 0.0085026 0.1275 
/home/antonkov/masterWork/tests/samePrefixMarkedMtx2304/depth1/node4/test99_1.mtx 1.7 868.802 0.0037963 0.0566667 
/home/antonkov/masterWork/tests/samePrefixMarkedMtx2304/depth1/node4/test99_1.mtx 1.8 1599.79 0.0015257 0.0221739 
/home/antonkov/masterWork/tests/samePrefixMarkedMtx2304/depth1/node4/test99_1.mtx 1.9 2989.72 0.000578463 0.00925926 
/home/antonkov/masterWork/tests/samePrefixMarkedMtx2304/depth1/node4/test99_1.mtx 2 0 -1 -1 
/home/antonkov/masterWork/tests/samePrefixMarkedMtx2304/depth1/node4/test99_1.mtx 2.1 0 -1 -1 
/home/antonkov/masterWork/tests/samePrefixMarkedMtx2304/depth1/node4/test99_1.mtx 2.2 0 -1 -1 
/home/antonkov/masterWork/tests/samePrefixMarkedMtx2304/depth1/node4/test99_1.mtx 2.3 0 -1 -1 
/home/antonkov/masterWork/tests/samePrefixMarkedMtx2304/depth1/node4/test99_1.mtx 2.4 0 -1 -1 
/home/antonkov/masterWork/tests/samePrefixMarkedMtx2304/depth1/node4/test99_1.mtx 2.5 0 -1 -1 
/home/antonkov/masterWork/tests/samePrefixMarkedMtx2304/depth1/node4/test99_1.mtx 2.6 0 -1 -1 
/home/antonkov/masterWork/tests/samePrefixMarkedMtx2304/depth1/node4/test99_1.mtx 2.7 0 -1 -1 
/home/antonkov/masterWork/tests/samePrefixMarkedMtx2304/depth1/node4/test99_1.mtx 2.8 0 -1 -1 
/home/antonkov/masterWork/tests/samePrefixMarkedMtx2304/depth1/node4/test99_1.mtx 2.9 0 -1 -1 
/home/antonkov/masterWork/tests/samePrefixMarkedMtx2304/depth1/node4/test99_1.mtx 3 0 -1 -1 
/home/antonkov/masterWork/tests/samePrefixMarkedMtx2304/depth1/node4/test99_1.mtx 3.1 0 -1 -1 
/home/antonkov/masterWork/tests/samePrefixMarkedMtx2304/depth1/node4/test99_1.mtx 3.2 0 -1 -1 
/home/antonkov/masterWork/tests/samePrefixMarkedMtx2304/depth1/node4/test99_1.mtx 3.3 0 -1 -1 
/home/antonkov/masterWork/tests/samePrefixMarkedMtx2304/depth1/node4/test99_1.mtx 3.4 0 -1 -1 
/home/antonkov/masterWork/tests/samePrefixMarkedMtx2304/depth1/node4/test99_1.mtx 3.5 0 -1 -1 
/home/antonkov/masterWork/tests/samePrefixMarkedMtx2304/depth1/node4/test99_2.mtx 1 430.991 0.078954 0.9 
/home/antonkov/masterWork/tests/samePrefixMarkedMtx2304/depth1/node4/test99_2.mtx 1.1 433.073 0.0700825 0.86 
/home/antonkov/masterWork/tests/samePrefixMarkedMtx2304/depth1/node4/test99_2.mtx 1.2 427.587 0.0532248 0.7 
/home/antonkov/masterWork/tests/samePrefixMarkedMtx2304/depth1/node4/test99_2.mtx 1.3 405.443 0.0390842 0.54 
/home/antonkov/masterWork/tests/samePrefixMarkedMtx2304/depth1/node4/test99_2.mtx 1.4 499.891 0.0253646 0.345 
/home/antonkov/masterWork/tests/samePrefixMarkedMtx2304/depth1/node4/test99_2.mtx 1.5 549.828 0.0143432 0.196667 
/home/antonkov/masterWork/tests/samePrefixMarkedMtx2304/depth1/node4/test99_2.mtx 1.6 678.621 0.00707378 0.104 
/home/antonkov/masterWork/tests/samePrefixMarkedMtx2304/depth1/node4/test99_2.mtx 1.7 872.815 0.0039347 0.0577778 
/home/antonkov/masterWork/tests/samePrefixMarkedMtx2304/depth1/node4/test99_2.mtx 1.8 1404.65 0.00171304 0.0268421 
/home/antonkov/masterWork/tests/samePrefixMarkedMtx2304/depth1/node4/test99_2.mtx 1.9 2774.62 0.000601256 0.00980392 
/home/antonkov/masterWork/tests/samePrefixMarkedMtx2304/depth1/node4/test99_2.mtx 2 0 -1 -1 
/home/antonkov/masterWork/tests/samePrefixMarkedMtx2304/depth1/node4/test99_2.mtx 2.1 0 -1 -1 
/home/antonkov/masterWork/tests/samePrefixMarkedMtx2304/depth1/node4/test99_2.mtx 2.2 0 -1 -1 
/home/antonkov/masterWork/tests/samePrefixMarkedMtx2304/depth1/node4/test99_2.mtx 2.3 0 -1 -1 
/home/antonkov/masterWork/tests/samePrefixMarkedMtx2304/depth1/node4/test99_2.mtx 2.4 0 -1 -1 
/home/antonkov/masterWork/tests/samePrefixMarkedMtx2304/depth1/node4/test99_2.mtx 2.5 0 -1 -1 
/home/antonkov/masterWork/tests/samePrefixMarkedMtx2304/depth1/node4/test99_2.mtx 2.6 0 -1 -1 
/home/antonkov/masterWork/tests/samePrefixMarkedMtx2304/depth1/node4/test99_2.mtx 2.7 0 -1 -1 
/home/antonkov/masterWork/tests/samePrefixMarkedMtx2304/depth1/node4/test99_2.mtx 2.8 0 -1 -1 
/home/antonkov/masterWork/tests/samePrefixMarkedMtx2304/depth1/node4/test99_2.mtx 2.9 0 -1 -1 
/home/antonkov/masterWork/tests/samePrefixMarkedMtx2304/depth1/node4/test99_2.mtx 3 0 -1 -1 
/home/antonkov/masterWork/tests/samePrefixMarkedMtx2304/depth1/node4/test99_2.mtx 3.1 0 -1 -1 
/home/antonkov/masterWork/tests/samePrefixMarkedMtx2304/depth1/node4/test99_2.mtx 3.2 0 -1 -1 
/home/antonkov/masterWork/tests/samePrefixMarkedMtx2304/depth1/node4/test99_2.mtx 3.3 0 -1 -1 
/home/antonkov/masterWork/tests/samePrefixMarkedMtx2304/depth1/node4/test99_2.mtx 3.4 0 -1 -1 
/home/antonkov/masterWork/tests/samePrefixMarkedMtx2304/depth1/node4/test99_2.mtx 3.5 0 -1 -1 
/home/antonkov/masterWork/tests/samePrefixMarkedMtx2304/depth1/node4/test99_3.mtx 1 432.08 0.0831163 0.94 
/home/antonkov/masterWork/tests/samePrefixMarkedMtx2304/depth1/node4/test99_3.mtx 1.1 425.661 0.0685113 0.78 
/home/antonkov/masterWork/tests/samePrefixMarkedMtx2304/depth1/node4/test99_3.mtx 1.2 414.64 0.0557422 0.66 
/home/antonkov/masterWork/tests/samePrefixMarkedMtx2304/depth1/node4/test99_3.mtx 1.3 399.351 0.0446007 0.56 
/home/antonkov/masterWork/tests/samePrefixMarkedMtx2304/depth1/node4/test99_3.mtx 1.4 516.612 0.0339974 0.475 
/home/antonkov/masterWork/tests/samePrefixMarkedMtx2304/depth1/node4/test99_3.mtx 1.5 474.016 0.0195182 0.295 
/home/antonkov/masterWork/tests/samePrefixMarkedMtx2304/depth1/node4/test99_3.mtx 1.6 701.497 0.00823524 0.12 
/home/antonkov/masterWork/tests/samePrefixMarkedMtx2304/depth1/node4/test99_3.mtx 1.7 824.701 0.00455404 0.0625 
/home/antonkov/masterWork/tests/samePrefixMarkedMtx2304/depth1/node4/test99_3.mtx 1.8 1386.92 0.00169339 0.0263158 
/home/antonkov/masterWork/tests/samePrefixMarkedMtx2304/depth1/node4/test99_3.mtx 1.9 2503.69 0.000728157 0.0118605 
/home/antonkov/masterWork/tests/samePrefixMarkedMtx2304/depth1/node4/test99_3.mtx 2 5699.3 0.000243966 0.00403226 
/home/antonkov/masterWork/tests/samePrefixMarkedMtx2304/depth1/node4/test99_3.mtx 2.1 0 -1 -1 
/home/antonkov/masterWork/tests/samePrefixMarkedMtx2304/depth1/node4/test99_3.mtx 2.2 0 -1 -1 
/home/antonkov/masterWork/tests/samePrefixMarkedMtx2304/depth1/node4/test99_3.mtx 2.3 0 -1 -1 
/home/antonkov/masterWork/tests/samePrefixMarkedMtx2304/depth1/node4/test99_3.mtx 2.4 0 -1 -1 
/home/antonkov/masterWork/tests/samePrefixMarkedMtx2304/depth1/node4/test99_3.mtx 2.5 0 -1 -1 
/home/antonkov/masterWork/tests/samePrefixMarkedMtx2304/depth1/node4/test99_3.mtx 2.6 0 -1 -1 
/home/antonkov/masterWork/tests/samePrefixMarkedMtx2304/depth1/node4/test99_3.mtx 2.7 0 -1 -1 
/home/antonkov/masterWork/tests/samePrefixMarkedMtx2304/depth1/node4/test99_3.mtx 2.8 0 -1 -1 
/home/antonkov/masterWork/tests/samePrefixMarkedMtx2304/depth1/node4/test99_3.mtx 2.9 0 -1 -1 
/home/antonkov/masterWork/tests/samePrefixMarkedMtx2304/depth1/node4/test99_3.mtx 3 0 -1 -1 
/home/antonkov/masterWork/tests/samePrefixMarkedMtx2304/depth1/node4/test99_3.mtx 3.1 0 -1 -1 
/home/antonkov/masterWork/tests/samePrefixMarkedMtx2304/depth1/node4/test99_3.mtx 3.2 0 -1 -1 
/home/antonkov/masterWork/tests/samePrefixMarkedMtx2304/depth1/node4/test99_3.mtx 3.3 0 -1 -1 
/home/antonkov/masterWork/tests/samePrefixMarkedMtx2304/depth1/node4/test99_3.mtx 3.4 0 -1 -1 
/home/antonkov/masterWork/tests/samePrefixMarkedMtx2304/depth1/node4/test99_3.mtx 3.5 0 -1 -1 
/home/antonkov/masterWork/tests/samePrefixMarkedMtx2304/depth1/node4/test99_4.mtx 1 426.996 0.0811024 0.92 
/home/antonkov/masterWork/tests/samePrefixMarkedMtx2304/depth1/node4/test99_4.mtx 1.1 430.77 0.0699132 0.85 
/home/antonkov/masterWork/tests/samePrefixMarkedMtx2304/depth1/node4/test99_4.mtx 1.2 426.086 0.0556814 0.71 
/home/antonkov/masterWork/tests/samePrefixMarkedMtx2304/depth1/node4/test99_4.mtx 1.3 390.409 0.0387066 0.51 
/home/antonkov/masterWork/tests/samePrefixMarkedMtx2304/depth1/node4/test99_4.mtx 1.4 492.378 0.0251758 0.355 
/home/antonkov/masterWork/tests/samePrefixMarkedMtx2304/depth1/node4/test99_4.mtx 1.5 556.354 0.0155527 0.22 
/home/antonkov/masterWork/tests/samePrefixMarkedMtx2304/depth1/node4/test99_4.mtx 1.6 661.666 0.00784288 0.114 
/home/antonkov/masterWork/tests/samePrefixMarkedMtx2304/depth1/node4/test99_4.mtx 1.7 930.166 0.003523 0.053 
/home/antonkov/masterWork/tests/samePrefixMarkedMtx2304/depth1/node4/test99_4.mtx 1.8 1426.67 0.00162847 0.0255 
/home/antonkov/masterWork/tests/samePrefixMarkedMtx2304/depth1/node4/test99_4.mtx 1.9 2803.92 0.000598791 0.00961538 
/home/antonkov/masterWork/tests/samePrefixMarkedMtx2304/depth1/node4/test99_4.mtx 2 0 -1 -1 
/home/antonkov/masterWork/tests/samePrefixMarkedMtx2304/depth1/node4/test99_4.mtx 2.1 0 -1 -1 
/home/antonkov/masterWork/tests/samePrefixMarkedMtx2304/depth1/node4/test99_4.mtx 2.2 0 -1 -1 
/home/antonkov/masterWork/tests/samePrefixMarkedMtx2304/depth1/node4/test99_4.mtx 2.3 0 -1 -1 
/home/antonkov/masterWork/tests/samePrefixMarkedMtx2304/depth1/node4/test99_4.mtx 2.4 0 -1 -1 
/home/antonkov/masterWork/tests/samePrefixMarkedMtx2304/depth1/node4/test99_4.mtx 2.5 0 -1 -1 
/home/antonkov/masterWork/tests/samePrefixMarkedMtx2304/depth1/node4/test99_4.mtx 2.6 0 -1 -1 
/home/antonkov/masterWork/tests/samePrefixMarkedMtx2304/depth1/node4/test99_4.mtx 2.7 0 -1 -1 
/home/antonkov/masterWork/tests/samePrefixMarkedMtx2304/depth1/node4/test99_4.mtx 2.8 0 -1 -1 
/home/antonkov/masterWork/tests/samePrefixMarkedMtx2304/depth1/node4/test99_4.mtx 2.9 0 -1 -1 
/home/antonkov/masterWork/tests/samePrefixMarkedMtx2304/depth1/node4/test99_4.mtx 3 0 -1 -1 
/home/antonkov/masterWork/tests/samePrefixMarkedMtx2304/depth1/node4/test99_4.mtx 3.1 0 -1 -1 
/home/antonkov/masterWork/tests/samePrefixMarkedMtx2304/depth1/node4/test99_4.mtx 3.2 0 -1 -1 
/home/antonkov/masterWork/tests/samePrefixMarkedMtx2304/depth1/node4/test99_4.mtx 3.3 0 -1 -1 
/home/antonkov/masterWork/tests/samePrefixMarkedMtx2304/depth1/node4/test99_4.mtx 3.4 0 -1 -1 
/home/antonkov/masterWork/tests/samePrefixMarkedMtx2304/depth1/node4/test99_4.mtx 3.5 0 -1 -1 
