Results
Filename SNR Time(ms) BER FER
/home/antonkov/masterWork/tests/samePrefixMarkedMtx2304/depth1/node5/test0_0.mtx 1 426.469 0.0596528 0.76 
/home/antonkov/masterWork/tests/samePrefixMarkedMtx2304/depth1/node5/test0_0.mtx 1.1 411.212 0.0480773 0.68 
/home/antonkov/masterWork/tests/samePrefixMarkedMtx2304/depth1/node5/test0_0.mtx 1.2 500.698 0.0320052 0.455 
/home/antonkov/masterWork/tests/samePrefixMarkedMtx2304/depth1/node5/test0_0.mtx 1.3 461.405 0.0185894 0.28 
/home/antonkov/masterWork/tests/samePrefixMarkedMtx2304/depth1/node5/test0_0.mtx 1.4 506.817 0.0114497 0.18 
/home/antonkov/masterWork/tests/samePrefixMarkedMtx2304/depth1/node5/test0_0.mtx 1.5 620.631 0.00654948 0.112 
/home/antonkov/masterWork/tests/samePrefixMarkedMtx2304/depth1/node5/test0_0.mtx 1.6 923.223 0.00249842 0.0454545 
/home/antonkov/masterWork/tests/samePrefixMarkedMtx2304/depth1/node5/test0_0.mtx 1.7 1954.46 0.000912116 0.0154545 
/home/antonkov/masterWork/tests/samePrefixMarkedMtx2304/depth1/node5/test0_0.mtx 1.8 3870.46 0.000282383 0.00609756 
/home/antonkov/masterWork/tests/samePrefixMarkedMtx2304/depth1/node5/test0_0.mtx 1.9 0 -1 -1 
/home/antonkov/masterWork/tests/samePrefixMarkedMtx2304/depth1/node5/test0_0.mtx 2 0 -1 -1 
/home/antonkov/masterWork/tests/samePrefixMarkedMtx2304/depth1/node5/test0_0.mtx 2.1 0 -1 -1 
/home/antonkov/masterWork/tests/samePrefixMarkedMtx2304/depth1/node5/test0_0.mtx 2.2 0 -1 -1 
/home/antonkov/masterWork/tests/samePrefixMarkedMtx2304/depth1/node5/test0_0.mtx 2.3 0 -1 -1 
/home/antonkov/masterWork/tests/samePrefixMarkedMtx2304/depth1/node5/test0_0.mtx 2.4 0 -1 -1 
/home/antonkov/masterWork/tests/samePrefixMarkedMtx2304/depth1/node5/test0_0.mtx 2.5 0 -1 -1 
/home/antonkov/masterWork/tests/samePrefixMarkedMtx2304/depth1/node5/test0_0.mtx 2.6 0 -1 -1 
/home/antonkov/masterWork/tests/samePrefixMarkedMtx2304/depth1/node5/test0_0.mtx 2.7 0 -1 -1 
/home/antonkov/masterWork/tests/samePrefixMarkedMtx2304/depth1/node5/test0_0.mtx 2.8 0 -1 -1 
/home/antonkov/masterWork/tests/samePrefixMarkedMtx2304/depth1/node5/test0_0.mtx 2.9 0 -1 -1 
/home/antonkov/masterWork/tests/samePrefixMarkedMtx2304/depth1/node5/test0_0.mtx 3 0 -1 -1 
/home/antonkov/masterWork/tests/samePrefixMarkedMtx2304/depth1/node5/test0_0.mtx 3.1 0 -1 -1 
/home/antonkov/masterWork/tests/samePrefixMarkedMtx2304/depth1/node5/test0_0.mtx 3.2 0 -1 -1 
/home/antonkov/masterWork/tests/samePrefixMarkedMtx2304/depth1/node5/test0_0.mtx 3.3 0 -1 -1 
/home/antonkov/masterWork/tests/samePrefixMarkedMtx2304/depth1/node5/test0_0.mtx 3.4 0 -1 -1 
/home/antonkov/masterWork/tests/samePrefixMarkedMtx2304/depth1/node5/test0_0.mtx 3.5 0 -1 -1 
/home/antonkov/masterWork/tests/samePrefixMarkedMtx2304/depth1/node5/test0_1.mtx 1 410.016 0.0597917 0.77 
/home/antonkov/masterWork/tests/samePrefixMarkedMtx2304/depth1/node5/test0_1.mtx 1.1 394.607 0.0460417 0.58 
/home/antonkov/masterWork/tests/samePrefixMarkedMtx2304/depth1/node5/test0_1.mtx 1.2 487.619 0.0355295 0.485 
/home/antonkov/masterWork/tests/samePrefixMarkedMtx2304/depth1/node5/test0_1.mtx 1.3 461.058 0.0249175 0.36 
/home/antonkov/masterWork/tests/samePrefixMarkedMtx2304/depth1/node5/test0_1.mtx 1.4 515.431 0.0110793 0.183333 
/home/antonkov/masterWork/tests/samePrefixMarkedMtx2304/depth1/node5/test0_1.mtx 1.5 732.46 0.00513021 0.0857143 
/home/antonkov/masterWork/tests/samePrefixMarkedMtx2304/depth1/node5/test0_1.mtx 1.6 1123.43 0.00219091 0.0385714 
/home/antonkov/masterWork/tests/samePrefixMarkedMtx2304/depth1/node5/test0_1.mtx 1.7 1566.11 0.00105694 0.02 
/home/antonkov/masterWork/tests/samePrefixMarkedMtx2304/depth1/node5/test0_1.mtx 1.8 3767.64 0.000359694 0.00632911 
/home/antonkov/masterWork/tests/samePrefixMarkedMtx2304/depth1/node5/test0_1.mtx 1.9 0 -1 -1 
/home/antonkov/masterWork/tests/samePrefixMarkedMtx2304/depth1/node5/test0_1.mtx 2 0 -1 -1 
/home/antonkov/masterWork/tests/samePrefixMarkedMtx2304/depth1/node5/test0_1.mtx 2.1 0 -1 -1 
/home/antonkov/masterWork/tests/samePrefixMarkedMtx2304/depth1/node5/test0_1.mtx 2.2 0 -1 -1 
/home/antonkov/masterWork/tests/samePrefixMarkedMtx2304/depth1/node5/test0_1.mtx 2.3 0 -1 -1 
/home/antonkov/masterWork/tests/samePrefixMarkedMtx2304/depth1/node5/test0_1.mtx 2.4 0 -1 -1 
/home/antonkov/masterWork/tests/samePrefixMarkedMtx2304/depth1/node5/test0_1.mtx 2.5 0 -1 -1 
/home/antonkov/masterWork/tests/samePrefixMarkedMtx2304/depth1/node5/test0_1.mtx 2.6 0 -1 -1 
/home/antonkov/masterWork/tests/samePrefixMarkedMtx2304/depth1/node5/test0_1.mtx 2.7 0 -1 -1 
/home/antonkov/masterWork/tests/samePrefixMarkedMtx2304/depth1/node5/test0_1.mtx 2.8 0 -1 -1 
/home/antonkov/masterWork/tests/samePrefixMarkedMtx2304/depth1/node5/test0_1.mtx 2.9 0 -1 -1 
/home/antonkov/masterWork/tests/samePrefixMarkedMtx2304/depth1/node5/test0_1.mtx 3 0 -1 -1 
/home/antonkov/masterWork/tests/samePrefixMarkedMtx2304/depth1/node5/test0_1.mtx 3.1 0 -1 -1 
/home/antonkov/masterWork/tests/samePrefixMarkedMtx2304/depth1/node5/test0_1.mtx 3.2 0 -1 -1 
/home/antonkov/masterWork/tests/samePrefixMarkedMtx2304/depth1/node5/test0_1.mtx 3.3 0 -1 -1 
/home/antonkov/masterWork/tests/samePrefixMarkedMtx2304/depth1/node5/test0_1.mtx 3.4 0 -1 -1 
/home/antonkov/masterWork/tests/samePrefixMarkedMtx2304/depth1/node5/test0_1.mtx 3.5 0 -1 -1 
/home/antonkov/masterWork/tests/samePrefixMarkedMtx2304/depth1/node5/test0_2.mtx 1 401.816 0.0576432 0.74 
/home/antonkov/masterWork/tests/samePrefixMarkedMtx2304/depth1/node5/test0_2.mtx 1.1 389.24 0.0442795 0.6 
/home/antonkov/masterWork/tests/samePrefixMarkedMtx2304/depth1/node5/test0_2.mtx 1.2 487.99 0.0320551 0.475 
/home/antonkov/masterWork/tests/samePrefixMarkedMtx2304/depth1/node5/test0_2.mtx 1.3 451.449 0.0171984 0.285 
/home/antonkov/masterWork/tests/samePrefixMarkedMtx2304/depth1/node5/test0_2.mtx 1.4 661.198 0.00799653 0.138 
/home/antonkov/masterWork/tests/samePrefixMarkedMtx2304/depth1/node5/test0_2.mtx 1.5 749.352 0.00436818 0.0742857 
/home/antonkov/masterWork/tests/samePrefixMarkedMtx2304/depth1/node5/test0_2.mtx 1.6 996.902 0.002398 0.0416667 
/home/antonkov/masterWork/tests/samePrefixMarkedMtx2304/depth1/node5/test0_2.mtx 1.7 1700.15 0.00102276 0.0178571 
/home/antonkov/masterWork/tests/samePrefixMarkedMtx2304/depth1/node5/test0_2.mtx 1.8 3710.56 0.000337457 0.00625 
/home/antonkov/masterWork/tests/samePrefixMarkedMtx2304/depth1/node5/test0_2.mtx 1.9 0 -1 -1 
/home/antonkov/masterWork/tests/samePrefixMarkedMtx2304/depth1/node5/test0_2.mtx 2 0 -1 -1 
/home/antonkov/masterWork/tests/samePrefixMarkedMtx2304/depth1/node5/test0_2.mtx 2.1 0 -1 -1 
/home/antonkov/masterWork/tests/samePrefixMarkedMtx2304/depth1/node5/test0_2.mtx 2.2 0 -1 -1 
/home/antonkov/masterWork/tests/samePrefixMarkedMtx2304/depth1/node5/test0_2.mtx 2.3 0 -1 -1 
/home/antonkov/masterWork/tests/samePrefixMarkedMtx2304/depth1/node5/test0_2.mtx 2.4 0 -1 -1 
/home/antonkov/masterWork/tests/samePrefixMarkedMtx2304/depth1/node5/test0_2.mtx 2.5 0 -1 -1 
/home/antonkov/masterWork/tests/samePrefixMarkedMtx2304/depth1/node5/test0_2.mtx 2.6 0 -1 -1 
/home/antonkov/masterWork/tests/samePrefixMarkedMtx2304/depth1/node5/test0_2.mtx 2.7 0 -1 -1 
/home/antonkov/masterWork/tests/samePrefixMarkedMtx2304/depth1/node5/test0_2.mtx 2.8 0 -1 -1 
/home/antonkov/masterWork/tests/samePrefixMarkedMtx2304/depth1/node5/test0_2.mtx 2.9 0 -1 -1 
/home/antonkov/masterWork/tests/samePrefixMarkedMtx2304/depth1/node5/test0_2.mtx 3 0 -1 -1 
/home/antonkov/masterWork/tests/samePrefixMarkedMtx2304/depth1/node5/test0_2.mtx 3.1 0 -1 -1 
/home/antonkov/masterWork/tests/samePrefixMarkedMtx2304/depth1/node5/test0_2.mtx 3.2 0 -1 -1 
/home/antonkov/masterWork/tests/samePrefixMarkedMtx2304/depth1/node5/test0_2.mtx 3.3 0 -1 -1 
/home/antonkov/masterWork/tests/samePrefixMarkedMtx2304/depth1/node5/test0_2.mtx 3.4 0 -1 -1 
/home/antonkov/masterWork/tests/samePrefixMarkedMtx2304/depth1/node5/test0_2.mtx 3.5 0 -1 -1 
/home/antonkov/masterWork/tests/samePrefixMarkedMtx2304/depth1/node5/test0_3.mtx 1 405.634 0.0588325 0.73 
/home/antonkov/masterWork/tests/samePrefixMarkedMtx2304/depth1/node5/test0_3.mtx 1.1 391.914 0.0477908 0.64 
/home/antonkov/masterWork/tests/samePrefixMarkedMtx2304/depth1/node5/test0_3.mtx 1.2 490.996 0.0325499 0.46 
/home/antonkov/masterWork/tests/samePrefixMarkedMtx2304/depth1/node5/test0_3.mtx 1.3 458.038 0.0194466 0.29 
/home/antonkov/masterWork/tests/samePrefixMarkedMtx2304/depth1/node5/test0_3.mtx 1.4 518.795 0.0105324 0.166667 
/home/antonkov/masterWork/tests/samePrefixMarkedMtx2304/depth1/node5/test0_3.mtx 1.5 759.621 0.00447917 0.08 
/home/antonkov/masterWork/tests/samePrefixMarkedMtx2304/depth1/node5/test0_3.mtx 1.6 898.373 0.0028967 0.054 
/home/antonkov/masterWork/tests/samePrefixMarkedMtx2304/depth1/node5/test0_3.mtx 1.7 1388.34 0.00120102 0.0242857 
/home/antonkov/masterWork/tests/samePrefixMarkedMtx2304/depth1/node5/test0_3.mtx 1.8 2850.68 0.000321181 0.00877193 
/home/antonkov/masterWork/tests/samePrefixMarkedMtx2304/depth1/node5/test0_3.mtx 1.9 0 -1 -1 
/home/antonkov/masterWork/tests/samePrefixMarkedMtx2304/depth1/node5/test0_3.mtx 2 0 -1 -1 
/home/antonkov/masterWork/tests/samePrefixMarkedMtx2304/depth1/node5/test0_3.mtx 2.1 0 -1 -1 
/home/antonkov/masterWork/tests/samePrefixMarkedMtx2304/depth1/node5/test0_3.mtx 2.2 0 -1 -1 
/home/antonkov/masterWork/tests/samePrefixMarkedMtx2304/depth1/node5/test0_3.mtx 2.3 0 -1 -1 
/home/antonkov/masterWork/tests/samePrefixMarkedMtx2304/depth1/node5/test0_3.mtx 2.4 0 -1 -1 
/home/antonkov/masterWork/tests/samePrefixMarkedMtx2304/depth1/node5/test0_3.mtx 2.5 0 -1 -1 
/home/antonkov/masterWork/tests/samePrefixMarkedMtx2304/depth1/node5/test0_3.mtx 2.6 0 -1 -1 
/home/antonkov/masterWork/tests/samePrefixMarkedMtx2304/depth1/node5/test0_3.mtx 2.7 0 -1 -1 
/home/antonkov/masterWork/tests/samePrefixMarkedMtx2304/depth1/node5/test0_3.mtx 2.8 0 -1 -1 
/home/antonkov/masterWork/tests/samePrefixMarkedMtx2304/depth1/node5/test0_3.mtx 2.9 0 -1 -1 
/home/antonkov/masterWork/tests/samePrefixMarkedMtx2304/depth1/node5/test0_3.mtx 3 0 -1 -1 
/home/antonkov/masterWork/tests/samePrefixMarkedMtx2304/depth1/node5/test0_3.mtx 3.1 0 -1 -1 
/home/antonkov/masterWork/tests/samePrefixMarkedMtx2304/depth1/node5/test0_3.mtx 3.2 0 -1 -1 
/home/antonkov/masterWork/tests/samePrefixMarkedMtx2304/depth1/node5/test0_3.mtx 3.3 0 -1 -1 
/home/antonkov/masterWork/tests/samePrefixMarkedMtx2304/depth1/node5/test0_3.mtx 3.4 0 -1 -1 
/home/antonkov/masterWork/tests/samePrefixMarkedMtx2304/depth1/node5/test0_3.mtx 3.5 0 -1 -1 
/home/antonkov/masterWork/tests/samePrefixMarkedMtx2304/depth1/node5/test0_4.mtx 1 405.04 0.0578602 0.75 
/home/antonkov/masterWork/tests/samePrefixMarkedMtx2304/depth1/node5/test0_4.mtx 1.1 385.887 0.0427995 0.57 
/home/antonkov/masterWork/tests/samePrefixMarkedMtx2304/depth1/node5/test0_4.mtx 1.2 474.144 0.0318142 0.44 
/home/antonkov/masterWork/tests/samePrefixMarkedMtx2304/depth1/node5/test0_4.mtx 1.3 455.112 0.0199154 0.3 
/home/antonkov/masterWork/tests/samePrefixMarkedMtx2304/depth1/node5/test0_4.mtx 1.4 580.277 0.00865777 0.135 
/home/antonkov/masterWork/tests/samePrefixMarkedMtx2304/depth1/node5/test0_4.mtx 1.5 717.947 0.00475942 0.0757143 
/home/antonkov/masterWork/tests/samePrefixMarkedMtx2304/depth1/node5/test0_4.mtx 1.6 1207.4 0.00177671 0.0311765 
/home/antonkov/masterWork/tests/samePrefixMarkedMtx2304/depth1/node5/test0_4.mtx 1.7 2216.72 0.000703559 0.01275 
/home/antonkov/masterWork/tests/samePrefixMarkedMtx2304/depth1/node5/test0_4.mtx 1.8 4693.61 0.000246941 0.00485714 
/home/antonkov/masterWork/tests/samePrefixMarkedMtx2304/depth1/node5/test0_4.mtx 1.9 0 -1 -1 
/home/antonkov/masterWork/tests/samePrefixMarkedMtx2304/depth1/node5/test0_4.mtx 2 0 -1 -1 
/home/antonkov/masterWork/tests/samePrefixMarkedMtx2304/depth1/node5/test0_4.mtx 2.1 0 -1 -1 
/home/antonkov/masterWork/tests/samePrefixMarkedMtx2304/depth1/node5/test0_4.mtx 2.2 0 -1 -1 
/home/antonkov/masterWork/tests/samePrefixMarkedMtx2304/depth1/node5/test0_4.mtx 2.3 0 -1 -1 
/home/antonkov/masterWork/tests/samePrefixMarkedMtx2304/depth1/node5/test0_4.mtx 2.4 0 -1 -1 
/home/antonkov/masterWork/tests/samePrefixMarkedMtx2304/depth1/node5/test0_4.mtx 2.5 0 -1 -1 
/home/antonkov/masterWork/tests/samePrefixMarkedMtx2304/depth1/node5/test0_4.mtx 2.6 0 -1 -1 
/home/antonkov/masterWork/tests/samePrefixMarkedMtx2304/depth1/node5/test0_4.mtx 2.7 0 -1 -1 
/home/antonkov/masterWork/tests/samePrefixMarkedMtx2304/depth1/node5/test0_4.mtx 2.8 0 -1 -1 
/home/antonkov/masterWork/tests/samePrefixMarkedMtx2304/depth1/node5/test0_4.mtx 2.9 0 -1 -1 
/home/antonkov/masterWork/tests/samePrefixMarkedMtx2304/depth1/node5/test0_4.mtx 3 0 -1 -1 
/home/antonkov/masterWork/tests/samePrefixMarkedMtx2304/depth1/node5/test0_4.mtx 3.1 0 -1 -1 
/home/antonkov/masterWork/tests/samePrefixMarkedMtx2304/depth1/node5/test0_4.mtx 3.2 0 -1 -1 
/home/antonkov/masterWork/tests/samePrefixMarkedMtx2304/depth1/node5/test0_4.mtx 3.3 0 -1 -1 
/home/antonkov/masterWork/tests/samePrefixMarkedMtx2304/depth1/node5/test0_4.mtx 3.4 0 -1 -1 
/home/antonkov/masterWork/tests/samePrefixMarkedMtx2304/depth1/node5/test0_4.mtx 3.5 0 -1 -1 
/home/antonkov/masterWork/tests/samePrefixMarkedMtx2304/depth1/node5/test1_0.mtx 1 419.363 0.0751215 0.87 
/home/antonkov/masterWork/tests/samePrefixMarkedMtx2304/depth1/node5/test1_0.mtx 1.1 408.717 0.0630512 0.79 
/home/antonkov/masterWork/tests/samePrefixMarkedMtx2304/depth1/node5/test1_0.mtx 1.2 395.089 0.0512109 0.67 
/home/antonkov/masterWork/tests/samePrefixMarkedMtx2304/depth1/node5/test1_0.mtx 1.3 486.869 0.0316602 0.425 
/home/antonkov/masterWork/tests/samePrefixMarkedMtx2304/depth1/node5/test1_0.mtx 1.4 463.491 0.0205968 0.285 
/home/antonkov/masterWork/tests/samePrefixMarkedMtx2304/depth1/node5/test1_0.mtx 1.5 575.928 0.00937392 0.1375 
/home/antonkov/masterWork/tests/samePrefixMarkedMtx2304/depth1/node5/test1_0.mtx 1.6 798.899 0.00460883 0.0725 
/home/antonkov/masterWork/tests/samePrefixMarkedMtx2304/depth1/node5/test1_0.mtx 1.7 1131.98 0.00208073 0.0333333 
/home/antonkov/masterWork/tests/samePrefixMarkedMtx2304/depth1/node5/test1_0.mtx 1.8 2541.98 0.000624631 0.0106383 
/home/antonkov/masterWork/tests/samePrefixMarkedMtx2304/depth1/node5/test1_0.mtx 1.9 6446.83 0.000191116 0.00331126 
/home/antonkov/masterWork/tests/samePrefixMarkedMtx2304/depth1/node5/test1_0.mtx 2 0 -1 -1 
/home/antonkov/masterWork/tests/samePrefixMarkedMtx2304/depth1/node5/test1_0.mtx 2.1 0 -1 -1 
/home/antonkov/masterWork/tests/samePrefixMarkedMtx2304/depth1/node5/test1_0.mtx 2.2 0 -1 -1 
/home/antonkov/masterWork/tests/samePrefixMarkedMtx2304/depth1/node5/test1_0.mtx 2.3 0 -1 -1 
/home/antonkov/masterWork/tests/samePrefixMarkedMtx2304/depth1/node5/test1_0.mtx 2.4 0 -1 -1 
/home/antonkov/masterWork/tests/samePrefixMarkedMtx2304/depth1/node5/test1_0.mtx 2.5 0 -1 -1 
/home/antonkov/masterWork/tests/samePrefixMarkedMtx2304/depth1/node5/test1_0.mtx 2.6 0 -1 -1 
/home/antonkov/masterWork/tests/samePrefixMarkedMtx2304/depth1/node5/test1_0.mtx 2.7 0 -1 -1 
/home/antonkov/masterWork/tests/samePrefixMarkedMtx2304/depth1/node5/test1_0.mtx 2.8 0 -1 -1 
/home/antonkov/masterWork/tests/samePrefixMarkedMtx2304/depth1/node5/test1_0.mtx 2.9 0 -1 -1 
/home/antonkov/masterWork/tests/samePrefixMarkedMtx2304/depth1/node5/test1_0.mtx 3 0 -1 -1 
/home/antonkov/masterWork/tests/samePrefixMarkedMtx2304/depth1/node5/test1_0.mtx 3.1 0 -1 -1 
/home/antonkov/masterWork/tests/samePrefixMarkedMtx2304/depth1/node5/test1_0.mtx 3.2 0 -1 -1 
/home/antonkov/masterWork/tests/samePrefixMarkedMtx2304/depth1/node5/test1_0.mtx 3.3 0 -1 -1 
/home/antonkov/masterWork/tests/samePrefixMarkedMtx2304/depth1/node5/test1_0.mtx 3.4 0 -1 -1 
/home/antonkov/masterWork/tests/samePrefixMarkedMtx2304/depth1/node5/test1_0.mtx 3.5 0 -1 -1 
/home/antonkov/masterWork/tests/samePrefixMarkedMtx2304/depth1/node5/test1_1.mtx 1 423.166 0.0694922 0.83 
/home/antonkov/masterWork/tests/samePrefixMarkedMtx2304/depth1/node5/test1_1.mtx 1.1 405.656 0.0572092 0.72 
/home/antonkov/masterWork/tests/samePrefixMarkedMtx2304/depth1/node5/test1_1.mtx 1.2 522.773 0.0414063 0.525 
/home/antonkov/masterWork/tests/samePrefixMarkedMtx2304/depth1/node5/test1_1.mtx 1.3 492.631 0.0285026 0.38 
/home/antonkov/masterWork/tests/samePrefixMarkedMtx2304/depth1/node5/test1_1.mtx 1.4 454.695 0.0174588 0.25 
/home/antonkov/masterWork/tests/samePrefixMarkedMtx2304/depth1/node5/test1_1.mtx 1.5 593.012 0.0105566 0.15 
/home/antonkov/masterWork/tests/samePrefixMarkedMtx2304/depth1/node5/test1_1.mtx 1.6 736.842 0.0056126 0.0814286 
/home/antonkov/masterWork/tests/samePrefixMarkedMtx2304/depth1/node5/test1_1.mtx 1.7 1118.34 0.00213449 0.0378571 
/home/antonkov/masterWork/tests/samePrefixMarkedMtx2304/depth1/node5/test1_1.mtx 1.8 2636.42 0.000560258 0.0104167 
/home/antonkov/masterWork/tests/samePrefixMarkedMtx2304/depth1/node5/test1_1.mtx 1.9 5977.73 0.000209041 0.0037037 
/home/antonkov/masterWork/tests/samePrefixMarkedMtx2304/depth1/node5/test1_1.mtx 2 0 -1 -1 
/home/antonkov/masterWork/tests/samePrefixMarkedMtx2304/depth1/node5/test1_1.mtx 2.1 0 -1 -1 
/home/antonkov/masterWork/tests/samePrefixMarkedMtx2304/depth1/node5/test1_1.mtx 2.2 0 -1 -1 
/home/antonkov/masterWork/tests/samePrefixMarkedMtx2304/depth1/node5/test1_1.mtx 2.3 0 -1 -1 
/home/antonkov/masterWork/tests/samePrefixMarkedMtx2304/depth1/node5/test1_1.mtx 2.4 0 -1 -1 
/home/antonkov/masterWork/tests/samePrefixMarkedMtx2304/depth1/node5/test1_1.mtx 2.5 0 -1 -1 
/home/antonkov/masterWork/tests/samePrefixMarkedMtx2304/depth1/node5/test1_1.mtx 2.6 0 -1 -1 
/home/antonkov/masterWork/tests/samePrefixMarkedMtx2304/depth1/node5/test1_1.mtx 2.7 0 -1 -1 
/home/antonkov/masterWork/tests/samePrefixMarkedMtx2304/depth1/node5/test1_1.mtx 2.8 0 -1 -1 
/home/antonkov/masterWork/tests/samePrefixMarkedMtx2304/depth1/node5/test1_1.mtx 2.9 0 -1 -1 
/home/antonkov/masterWork/tests/samePrefixMarkedMtx2304/depth1/node5/test1_1.mtx 3 0 -1 -1 
/home/antonkov/masterWork/tests/samePrefixMarkedMtx2304/depth1/node5/test1_1.mtx 3.1 0 -1 -1 
/home/antonkov/masterWork/tests/samePrefixMarkedMtx2304/depth1/node5/test1_1.mtx 3.2 0 -1 -1 
/home/antonkov/masterWork/tests/samePrefixMarkedMtx2304/depth1/node5/test1_1.mtx 3.3 0 -1 -1 
/home/antonkov/masterWork/tests/samePrefixMarkedMtx2304/depth1/node5/test1_1.mtx 3.4 0 -1 -1 
/home/antonkov/masterWork/tests/samePrefixMarkedMtx2304/depth1/node5/test1_1.mtx 3.5 0 -1 -1 
/home/antonkov/masterWork/tests/samePrefixMarkedMtx2304/depth1/node5/test1_2.mtx 1 424.539 0.0714497 0.83 
/home/antonkov/masterWork/tests/samePrefixMarkedMtx2304/depth1/node5/test1_2.mtx 1.1 408.426 0.0605903 0.74 
/home/antonkov/masterWork/tests/samePrefixMarkedMtx2304/depth1/node5/test1_2.mtx 1.2 396.871 0.0477995 0.64 
/home/antonkov/masterWork/tests/samePrefixMarkedMtx2304/depth1/node5/test1_2.mtx 1.3 496.092 0.0318403 0.435 
/home/antonkov/masterWork/tests/samePrefixMarkedMtx2304/depth1/node5/test1_2.mtx 1.4 464.735 0.0176628 0.255 
/home/antonkov/masterWork/tests/samePrefixMarkedMtx2304/depth1/node5/test1_2.mtx 1.5 602.877 0.00797635 0.125 
/home/antonkov/masterWork/tests/samePrefixMarkedMtx2304/depth1/node5/test1_2.mtx 1.6 822.955 0.00380805 0.0625 
/home/antonkov/masterWork/tests/samePrefixMarkedMtx2304/depth1/node5/test1_2.mtx 1.7 1286.46 0.00196921 0.0305882 
/home/antonkov/masterWork/tests/samePrefixMarkedMtx2304/depth1/node5/test1_2.mtx 1.8 2212.68 0.000749155 0.0131579 
/home/antonkov/masterWork/tests/samePrefixMarkedMtx2304/depth1/node5/test1_2.mtx 1.9 5438 0.000230758 0.00425 
/home/antonkov/masterWork/tests/samePrefixMarkedMtx2304/depth1/node5/test1_2.mtx 2 0 -1 -1 
/home/antonkov/masterWork/tests/samePrefixMarkedMtx2304/depth1/node5/test1_2.mtx 2.1 0 -1 -1 
/home/antonkov/masterWork/tests/samePrefixMarkedMtx2304/depth1/node5/test1_2.mtx 2.2 0 -1 -1 
/home/antonkov/masterWork/tests/samePrefixMarkedMtx2304/depth1/node5/test1_2.mtx 2.3 0 -1 -1 
/home/antonkov/masterWork/tests/samePrefixMarkedMtx2304/depth1/node5/test1_2.mtx 2.4 0 -1 -1 
/home/antonkov/masterWork/tests/samePrefixMarkedMtx2304/depth1/node5/test1_2.mtx 2.5 0 -1 -1 
/home/antonkov/masterWork/tests/samePrefixMarkedMtx2304/depth1/node5/test1_2.mtx 2.6 0 -1 -1 
/home/antonkov/masterWork/tests/samePrefixMarkedMtx2304/depth1/node5/test1_2.mtx 2.7 0 -1 -1 
/home/antonkov/masterWork/tests/samePrefixMarkedMtx2304/depth1/node5/test1_2.mtx 2.8 0 -1 -1 
/home/antonkov/masterWork/tests/samePrefixMarkedMtx2304/depth1/node5/test1_2.mtx 2.9 0 -1 -1 
/home/antonkov/masterWork/tests/samePrefixMarkedMtx2304/depth1/node5/test1_2.mtx 3 0 -1 -1 
/home/antonkov/masterWork/tests/samePrefixMarkedMtx2304/depth1/node5/test1_2.mtx 3.1 0 -1 -1 
/home/antonkov/masterWork/tests/samePrefixMarkedMtx2304/depth1/node5/test1_2.mtx 3.2 0 -1 -1 
/home/antonkov/masterWork/tests/samePrefixMarkedMtx2304/depth1/node5/test1_2.mtx 3.3 0 -1 -1 
/home/antonkov/masterWork/tests/samePrefixMarkedMtx2304/depth1/node5/test1_2.mtx 3.4 0 -1 -1 
/home/antonkov/masterWork/tests/samePrefixMarkedMtx2304/depth1/node5/test1_2.mtx 3.5 0 -1 -1 
/home/antonkov/masterWork/tests/samePrefixMarkedMtx2304/depth1/node5/test1_3.mtx 1 421.697 0.0718142 0.85 
/home/antonkov/masterWork/tests/samePrefixMarkedMtx2304/depth1/node5/test1_3.mtx 1.1 412.389 0.0536892 0.66 
/home/antonkov/masterWork/tests/samePrefixMarkedMtx2304/depth1/node5/test1_3.mtx 1.2 385.372 0.0423003 0.55 
/home/antonkov/masterWork/tests/samePrefixMarkedMtx2304/depth1/node5/test1_3.mtx 1.3 486.095 0.0311241 0.425 
/home/antonkov/masterWork/tests/samePrefixMarkedMtx2304/depth1/node5/test1_3.mtx 1.4 463.223 0.019056 0.28 
/home/antonkov/masterWork/tests/samePrefixMarkedMtx2304/depth1/node5/test1_3.mtx 1.5 586.09 0.0110482 0.155 
/home/antonkov/masterWork/tests/samePrefixMarkedMtx2304/depth1/node5/test1_3.mtx 1.6 776.118 0.00447591 0.06625 
/home/antonkov/masterWork/tests/samePrefixMarkedMtx2304/depth1/node5/test1_3.mtx 1.7 1078.33 0.00258309 0.0378571 
/home/antonkov/masterWork/tests/samePrefixMarkedMtx2304/depth1/node5/test1_3.mtx 1.8 2477.74 0.000679253 0.011087 
/home/antonkov/masterWork/tests/samePrefixMarkedMtx2304/depth1/node5/test1_3.mtx 1.9 5200.82 0.000267274 0.00420168 
/home/antonkov/masterWork/tests/samePrefixMarkedMtx2304/depth1/node5/test1_3.mtx 2 0 -1 -1 
/home/antonkov/masterWork/tests/samePrefixMarkedMtx2304/depth1/node5/test1_3.mtx 2.1 0 -1 -1 
/home/antonkov/masterWork/tests/samePrefixMarkedMtx2304/depth1/node5/test1_3.mtx 2.2 0 -1 -1 
/home/antonkov/masterWork/tests/samePrefixMarkedMtx2304/depth1/node5/test1_3.mtx 2.3 0 -1 -1 
/home/antonkov/masterWork/tests/samePrefixMarkedMtx2304/depth1/node5/test1_3.mtx 2.4 0 -1 -1 
/home/antonkov/masterWork/tests/samePrefixMarkedMtx2304/depth1/node5/test1_3.mtx 2.5 0 -1 -1 
/home/antonkov/masterWork/tests/samePrefixMarkedMtx2304/depth1/node5/test1_3.mtx 2.6 0 -1 -1 
/home/antonkov/masterWork/tests/samePrefixMarkedMtx2304/depth1/node5/test1_3.mtx 2.7 0 -1 -1 
/home/antonkov/masterWork/tests/samePrefixMarkedMtx2304/depth1/node5/test1_3.mtx 2.8 0 -1 -1 
/home/antonkov/masterWork/tests/samePrefixMarkedMtx2304/depth1/node5/test1_3.mtx 2.9 0 -1 -1 
/home/antonkov/masterWork/tests/samePrefixMarkedMtx2304/depth1/node5/test1_3.mtx 3 0 -1 -1 
/home/antonkov/masterWork/tests/samePrefixMarkedMtx2304/depth1/node5/test1_3.mtx 3.1 0 -1 -1 
/home/antonkov/masterWork/tests/samePrefixMarkedMtx2304/depth1/node5/test1_3.mtx 3.2 0 -1 -1 
/home/antonkov/masterWork/tests/samePrefixMarkedMtx2304/depth1/node5/test1_3.mtx 3.3 0 -1 -1 
/home/antonkov/masterWork/tests/samePrefixMarkedMtx2304/depth1/node5/test1_3.mtx 3.4 0 -1 -1 
/home/antonkov/masterWork/tests/samePrefixMarkedMtx2304/depth1/node5/test1_3.mtx 3.5 0 -1 -1 
/home/antonkov/masterWork/tests/samePrefixMarkedMtx2304/depth1/node5/test1_4.mtx 1 418.727 0.0713281 0.82 
/home/antonkov/masterWork/tests/samePrefixMarkedMtx2304/depth1/node5/test1_4.mtx 1.1 414.214 0.0594618 0.71 
/home/antonkov/masterWork/tests/samePrefixMarkedMtx2304/depth1/node5/test1_4.mtx 1.2 405.931 0.0449045 0.58 
/home/antonkov/masterWork/tests/samePrefixMarkedMtx2304/depth1/node5/test1_4.mtx 1.3 491.19 0.0283898 0.405 
/home/antonkov/masterWork/tests/samePrefixMarkedMtx2304/depth1/node5/test1_4.mtx 1.4 542.346 0.0146759 0.2 
/home/antonkov/masterWork/tests/samePrefixMarkedMtx2304/depth1/node5/test1_4.mtx 1.5 652.05 0.00893229 0.128 
/home/antonkov/masterWork/tests/samePrefixMarkedMtx2304/depth1/node5/test1_4.mtx 1.6 879.555 0.00437259 0.0622222 
/home/antonkov/masterWork/tests/samePrefixMarkedMtx2304/depth1/node5/test1_4.mtx 1.7 1402.54 0.00187543 0.027 
/home/antonkov/masterWork/tests/samePrefixMarkedMtx2304/depth1/node5/test1_4.mtx 1.8 2896.27 0.000545712 0.00892857 
/home/antonkov/masterWork/tests/samePrefixMarkedMtx2304/depth1/node5/test1_4.mtx 1.9 0 -1 -1 
/home/antonkov/masterWork/tests/samePrefixMarkedMtx2304/depth1/node5/test1_4.mtx 2 0 -1 -1 
/home/antonkov/masterWork/tests/samePrefixMarkedMtx2304/depth1/node5/test1_4.mtx 2.1 0 -1 -1 
/home/antonkov/masterWork/tests/samePrefixMarkedMtx2304/depth1/node5/test1_4.mtx 2.2 0 -1 -1 
/home/antonkov/masterWork/tests/samePrefixMarkedMtx2304/depth1/node5/test1_4.mtx 2.3 0 -1 -1 
/home/antonkov/masterWork/tests/samePrefixMarkedMtx2304/depth1/node5/test1_4.mtx 2.4 0 -1 -1 
/home/antonkov/masterWork/tests/samePrefixMarkedMtx2304/depth1/node5/test1_4.mtx 2.5 0 -1 -1 
/home/antonkov/masterWork/tests/samePrefixMarkedMtx2304/depth1/node5/test1_4.mtx 2.6 0 -1 -1 
/home/antonkov/masterWork/tests/samePrefixMarkedMtx2304/depth1/node5/test1_4.mtx 2.7 0 -1 -1 
/home/antonkov/masterWork/tests/samePrefixMarkedMtx2304/depth1/node5/test1_4.mtx 2.8 0 -1 -1 
/home/antonkov/masterWork/tests/samePrefixMarkedMtx2304/depth1/node5/test1_4.mtx 2.9 0 -1 -1 
/home/antonkov/masterWork/tests/samePrefixMarkedMtx2304/depth1/node5/test1_4.mtx 3 0 -1 -1 
/home/antonkov/masterWork/tests/samePrefixMarkedMtx2304/depth1/node5/test1_4.mtx 3.1 0 -1 -1 
/home/antonkov/masterWork/tests/samePrefixMarkedMtx2304/depth1/node5/test1_4.mtx 3.2 0 -1 -1 
/home/antonkov/masterWork/tests/samePrefixMarkedMtx2304/depth1/node5/test1_4.mtx 3.3 0 -1 -1 
/home/antonkov/masterWork/tests/samePrefixMarkedMtx2304/depth1/node5/test1_4.mtx 3.4 0 -1 -1 
/home/antonkov/masterWork/tests/samePrefixMarkedMtx2304/depth1/node5/test1_4.mtx 3.5 0 -1 -1 
/home/antonkov/masterWork/tests/samePrefixMarkedMtx2304/depth1/node5/test2_0.mtx 1 458.62 0.0705295 0.83 
/home/antonkov/masterWork/tests/samePrefixMarkedMtx2304/depth1/node5/test2_0.mtx 1.1 436.449 0.0564497 0.7 
/home/antonkov/masterWork/tests/samePrefixMarkedMtx2304/depth1/node5/test2_0.mtx 1.2 422.342 0.0449479 0.59 
/home/antonkov/masterWork/tests/samePrefixMarkedMtx2304/depth1/node5/test2_0.mtx 1.3 543.983 0.033865 0.445 
/home/antonkov/masterWork/tests/samePrefixMarkedMtx2304/depth1/node5/test2_0.mtx 1.4 507.604 0.0208746 0.31 
/home/antonkov/masterWork/tests/samePrefixMarkedMtx2304/depth1/node5/test2_0.mtx 1.5 555.414 0.0130888 0.196667 
/home/antonkov/masterWork/tests/samePrefixMarkedMtx2304/depth1/node5/test2_0.mtx 1.6 689.482 0.00669878 0.11 
/home/antonkov/masterWork/tests/samePrefixMarkedMtx2304/depth1/node5/test2_0.mtx 1.7 1048.61 0.00257142 0.0454545 
/home/antonkov/masterWork/tests/samePrefixMarkedMtx2304/depth1/node5/test2_0.mtx 1.8 2234.82 0.000897416 0.015 
/home/antonkov/masterWork/tests/samePrefixMarkedMtx2304/depth1/node5/test2_0.mtx 1.9 3486.73 0.000441759 0.0078125 
/home/antonkov/masterWork/tests/samePrefixMarkedMtx2304/depth1/node5/test2_0.mtx 2 0 -1 -1 
/home/antonkov/masterWork/tests/samePrefixMarkedMtx2304/depth1/node5/test2_0.mtx 2.1 0 -1 -1 
/home/antonkov/masterWork/tests/samePrefixMarkedMtx2304/depth1/node5/test2_0.mtx 2.2 0 -1 -1 
/home/antonkov/masterWork/tests/samePrefixMarkedMtx2304/depth1/node5/test2_0.mtx 2.3 0 -1 -1 
/home/antonkov/masterWork/tests/samePrefixMarkedMtx2304/depth1/node5/test2_0.mtx 2.4 0 -1 -1 
/home/antonkov/masterWork/tests/samePrefixMarkedMtx2304/depth1/node5/test2_0.mtx 2.5 0 -1 -1 
/home/antonkov/masterWork/tests/samePrefixMarkedMtx2304/depth1/node5/test2_0.mtx 2.6 0 -1 -1 
/home/antonkov/masterWork/tests/samePrefixMarkedMtx2304/depth1/node5/test2_0.mtx 2.7 0 -1 -1 
/home/antonkov/masterWork/tests/samePrefixMarkedMtx2304/depth1/node5/test2_0.mtx 2.8 0 -1 -1 
/home/antonkov/masterWork/tests/samePrefixMarkedMtx2304/depth1/node5/test2_0.mtx 2.9 0 -1 -1 
/home/antonkov/masterWork/tests/samePrefixMarkedMtx2304/depth1/node5/test2_0.mtx 3 0 -1 -1 
/home/antonkov/masterWork/tests/samePrefixMarkedMtx2304/depth1/node5/test2_0.mtx 3.1 0 -1 -1 
/home/antonkov/masterWork/tests/samePrefixMarkedMtx2304/depth1/node5/test2_0.mtx 3.2 0 -1 -1 
/home/antonkov/masterWork/tests/samePrefixMarkedMtx2304/depth1/node5/test2_0.mtx 3.3 0 -1 -1 
/home/antonkov/masterWork/tests/samePrefixMarkedMtx2304/depth1/node5/test2_0.mtx 3.4 0 -1 -1 
/home/antonkov/masterWork/tests/samePrefixMarkedMtx2304/depth1/node5/test2_0.mtx 3.5 0 -1 -1 
/home/antonkov/masterWork/tests/samePrefixMarkedMtx2304/depth1/node5/test2_1.mtx 1 457.677 0.0724479 0.84 
/home/antonkov/masterWork/tests/samePrefixMarkedMtx2304/depth1/node5/test2_1.mtx 1.1 440.27 0.0600781 0.74 
/home/antonkov/masterWork/tests/samePrefixMarkedMtx2304/depth1/node5/test2_1.mtx 1.2 424.735 0.0471137 0.6 
/home/antonkov/masterWork/tests/samePrefixMarkedMtx2304/depth1/node5/test2_1.mtx 1.3 524.434 0.0329622 0.46 
/home/antonkov/masterWork/tests/samePrefixMarkedMtx2304/depth1/node5/test2_1.mtx 1.4 496.45 0.0223307 0.315 
/home/antonkov/masterWork/tests/samePrefixMarkedMtx2304/depth1/node5/test2_1.mtx 1.5 550.831 0.0111285 0.166667 
/home/antonkov/masterWork/tests/samePrefixMarkedMtx2304/depth1/node5/test2_1.mtx 1.6 727.225 0.0061697 0.09 
/home/antonkov/masterWork/tests/samePrefixMarkedMtx2304/depth1/node5/test2_1.mtx 1.7 1054.27 0.00273076 0.0416667 
/home/antonkov/masterWork/tests/samePrefixMarkedMtx2304/depth1/node5/test2_1.mtx 1.8 1979.32 0.000905018 0.016129 
/home/antonkov/masterWork/tests/samePrefixMarkedMtx2304/depth1/node5/test2_1.mtx 1.9 4000.59 0.000369575 0.00625 
/home/antonkov/masterWork/tests/samePrefixMarkedMtx2304/depth1/node5/test2_1.mtx 2 0 -1 -1 
/home/antonkov/masterWork/tests/samePrefixMarkedMtx2304/depth1/node5/test2_1.mtx 2.1 0 -1 -1 
/home/antonkov/masterWork/tests/samePrefixMarkedMtx2304/depth1/node5/test2_1.mtx 2.2 0 -1 -1 
/home/antonkov/masterWork/tests/samePrefixMarkedMtx2304/depth1/node5/test2_1.mtx 2.3 0 -1 -1 
/home/antonkov/masterWork/tests/samePrefixMarkedMtx2304/depth1/node5/test2_1.mtx 2.4 0 -1 -1 
/home/antonkov/masterWork/tests/samePrefixMarkedMtx2304/depth1/node5/test2_1.mtx 2.5 0 -1 -1 
/home/antonkov/masterWork/tests/samePrefixMarkedMtx2304/depth1/node5/test2_1.mtx 2.6 0 -1 -1 
/home/antonkov/masterWork/tests/samePrefixMarkedMtx2304/depth1/node5/test2_1.mtx 2.7 0 -1 -1 
/home/antonkov/masterWork/tests/samePrefixMarkedMtx2304/depth1/node5/test2_1.mtx 2.8 0 -1 -1 
/home/antonkov/masterWork/tests/samePrefixMarkedMtx2304/depth1/node5/test2_1.mtx 2.9 0 -1 -1 
/home/antonkov/masterWork/tests/samePrefixMarkedMtx2304/depth1/node5/test2_1.mtx 3 0 -1 -1 
/home/antonkov/masterWork/tests/samePrefixMarkedMtx2304/depth1/node5/test2_1.mtx 3.1 0 -1 -1 
/home/antonkov/masterWork/tests/samePrefixMarkedMtx2304/depth1/node5/test2_1.mtx 3.2 0 -1 -1 
/home/antonkov/masterWork/tests/samePrefixMarkedMtx2304/depth1/node5/test2_1.mtx 3.3 0 -1 -1 
/home/antonkov/masterWork/tests/samePrefixMarkedMtx2304/depth1/node5/test2_1.mtx 3.4 0 -1 -1 
/home/antonkov/masterWork/tests/samePrefixMarkedMtx2304/depth1/node5/test2_1.mtx 3.5 0 -1 -1 
/home/antonkov/masterWork/tests/samePrefixMarkedMtx2304/depth1/node5/test2_2.mtx 1 459.826 0.0775434 0.91 
/home/antonkov/masterWork/tests/samePrefixMarkedMtx2304/depth1/node5/test2_2.mtx 1.1 450.992 0.0642188 0.83 
/home/antonkov/masterWork/tests/samePrefixMarkedMtx2304/depth1/node5/test2_2.mtx 1.2 437.927 0.045434 0.63 
/home/antonkov/masterWork/tests/samePrefixMarkedMtx2304/depth1/node5/test2_2.mtx 1.3 556.052 0.0342122 0.465 
/home/antonkov/masterWork/tests/samePrefixMarkedMtx2304/depth1/node5/test2_2.mtx 1.4 507.911 0.023253 0.33 
/home/antonkov/masterWork/tests/samePrefixMarkedMtx2304/depth1/node5/test2_2.mtx 1.5 570.487 0.012976 0.193333 
/home/antonkov/masterWork/tests/samePrefixMarkedMtx2304/depth1/node5/test2_2.mtx 1.6 766.44 0.00545284 0.09 
/home/antonkov/masterWork/tests/samePrefixMarkedMtx2304/depth1/node5/test2_2.mtx 1.7 1033.01 0.00277265 0.0463636 
/home/antonkov/masterWork/tests/samePrefixMarkedMtx2304/depth1/node5/test2_2.mtx 1.8 1934.5 0.00100198 0.0178571 
/home/antonkov/masterWork/tests/samePrefixMarkedMtx2304/depth1/node5/test2_2.mtx 1.9 3117.62 0.000508665 0.00892857 
/home/antonkov/masterWork/tests/samePrefixMarkedMtx2304/depth1/node5/test2_2.mtx 2 0 -1 -1 
/home/antonkov/masterWork/tests/samePrefixMarkedMtx2304/depth1/node5/test2_2.mtx 2.1 0 -1 -1 
/home/antonkov/masterWork/tests/samePrefixMarkedMtx2304/depth1/node5/test2_2.mtx 2.2 0 -1 -1 
/home/antonkov/masterWork/tests/samePrefixMarkedMtx2304/depth1/node5/test2_2.mtx 2.3 0 -1 -1 
/home/antonkov/masterWork/tests/samePrefixMarkedMtx2304/depth1/node5/test2_2.mtx 2.4 0 -1 -1 
/home/antonkov/masterWork/tests/samePrefixMarkedMtx2304/depth1/node5/test2_2.mtx 2.5 0 -1 -1 
/home/antonkov/masterWork/tests/samePrefixMarkedMtx2304/depth1/node5/test2_2.mtx 2.6 0 -1 -1 
/home/antonkov/masterWork/tests/samePrefixMarkedMtx2304/depth1/node5/test2_2.mtx 2.7 0 -1 -1 
/home/antonkov/masterWork/tests/samePrefixMarkedMtx2304/depth1/node5/test2_2.mtx 2.8 0 -1 -1 
/home/antonkov/masterWork/tests/samePrefixMarkedMtx2304/depth1/node5/test2_2.mtx 2.9 0 -1 -1 
/home/antonkov/masterWork/tests/samePrefixMarkedMtx2304/depth1/node5/test2_2.mtx 3 0 -1 -1 
/home/antonkov/masterWork/tests/samePrefixMarkedMtx2304/depth1/node5/test2_2.mtx 3.1 0 -1 -1 
/home/antonkov/masterWork/tests/samePrefixMarkedMtx2304/depth1/node5/test2_2.mtx 3.2 0 -1 -1 
/home/antonkov/masterWork/tests/samePrefixMarkedMtx2304/depth1/node5/test2_2.mtx 3.3 0 -1 -1 
/home/antonkov/masterWork/tests/samePrefixMarkedMtx2304/depth1/node5/test2_2.mtx 3.4 0 -1 -1 
/home/antonkov/masterWork/tests/samePrefixMarkedMtx2304/depth1/node5/test2_2.mtx 3.5 0 -1 -1 
/home/antonkov/masterWork/tests/samePrefixMarkedMtx2304/depth1/node5/test2_3.mtx 1 454.265 0.0763802 0.88 
/home/antonkov/masterWork/tests/samePrefixMarkedMtx2304/depth1/node5/test2_3.mtx 1.1 448.524 0.0651997 0.8 
/home/antonkov/masterWork/tests/samePrefixMarkedMtx2304/depth1/node5/test2_3.mtx 1.2 428.539 0.0520139 0.66 
/home/antonkov/masterWork/tests/samePrefixMarkedMtx2304/depth1/node5/test2_3.mtx 1.3 542.755 0.0369857 0.515 
/home/antonkov/masterWork/tests/samePrefixMarkedMtx2304/depth1/node5/test2_3.mtx 1.4 510.719 0.0215712 0.31 
/home/antonkov/masterWork/tests/samePrefixMarkedMtx2304/depth1/node5/test2_3.mtx 1.5 552.992 0.0124074 0.19 
/home/antonkov/masterWork/tests/samePrefixMarkedMtx2304/depth1/node5/test2_3.mtx 1.6 762.461 0.00604384 0.09 
/home/antonkov/masterWork/tests/samePrefixMarkedMtx2304/depth1/node5/test2_3.mtx 1.7 1021.88 0.0030816 0.0472727 
/home/antonkov/masterWork/tests/samePrefixMarkedMtx2304/depth1/node5/test2_3.mtx 1.8 1990.93 0.000964802 0.016129 
/home/antonkov/masterWork/tests/samePrefixMarkedMtx2304/depth1/node5/test2_3.mtx 1.9 3940.9 0.000430601 0.00657895 
/home/antonkov/masterWork/tests/samePrefixMarkedMtx2304/depth1/node5/test2_3.mtx 2 0 -1 -1 
/home/antonkov/masterWork/tests/samePrefixMarkedMtx2304/depth1/node5/test2_3.mtx 2.1 0 -1 -1 
/home/antonkov/masterWork/tests/samePrefixMarkedMtx2304/depth1/node5/test2_3.mtx 2.2 0 -1 -1 
/home/antonkov/masterWork/tests/samePrefixMarkedMtx2304/depth1/node5/test2_3.mtx 2.3 0 -1 -1 
/home/antonkov/masterWork/tests/samePrefixMarkedMtx2304/depth1/node5/test2_3.mtx 2.4 0 -1 -1 
/home/antonkov/masterWork/tests/samePrefixMarkedMtx2304/depth1/node5/test2_3.mtx 2.5 0 -1 -1 
/home/antonkov/masterWork/tests/samePrefixMarkedMtx2304/depth1/node5/test2_3.mtx 2.6 0 -1 -1 
/home/antonkov/masterWork/tests/samePrefixMarkedMtx2304/depth1/node5/test2_3.mtx 2.7 0 -1 -1 
/home/antonkov/masterWork/tests/samePrefixMarkedMtx2304/depth1/node5/test2_3.mtx 2.8 0 -1 -1 
/home/antonkov/masterWork/tests/samePrefixMarkedMtx2304/depth1/node5/test2_3.mtx 2.9 0 -1 -1 
/home/antonkov/masterWork/tests/samePrefixMarkedMtx2304/depth1/node5/test2_3.mtx 3 0 -1 -1 
/home/antonkov/masterWork/tests/samePrefixMarkedMtx2304/depth1/node5/test2_3.mtx 3.1 0 -1 -1 
/home/antonkov/masterWork/tests/samePrefixMarkedMtx2304/depth1/node5/test2_3.mtx 3.2 0 -1 -1 
/home/antonkov/masterWork/tests/samePrefixMarkedMtx2304/depth1/node5/test2_3.mtx 3.3 0 -1 -1 
/home/antonkov/masterWork/tests/samePrefixMarkedMtx2304/depth1/node5/test2_3.mtx 3.4 0 -1 -1 
/home/antonkov/masterWork/tests/samePrefixMarkedMtx2304/depth1/node5/test2_3.mtx 3.5 0 -1 -1 
/home/antonkov/masterWork/tests/samePrefixMarkedMtx2304/depth1/node5/test2_4.mtx 1 466.872 0.0783507 0.89 
/home/antonkov/masterWork/tests/samePrefixMarkedMtx2304/depth1/node5/test2_4.mtx 1.1 450.382 0.0652127 0.78 
/home/antonkov/masterWork/tests/samePrefixMarkedMtx2304/depth1/node5/test2_4.mtx 1.2 432.012 0.0508637 0.67 
/home/antonkov/masterWork/tests/samePrefixMarkedMtx2304/depth1/node5/test2_4.mtx 1.3 539.844 0.0359939 0.48 
/home/antonkov/masterWork/tests/samePrefixMarkedMtx2304/depth1/node5/test2_4.mtx 1.4 498.791 0.0230425 0.33 
/home/antonkov/masterWork/tests/samePrefixMarkedMtx2304/depth1/node5/test2_4.mtx 1.5 574.5 0.0127763 0.193333 
/home/antonkov/masterWork/tests/samePrefixMarkedMtx2304/depth1/node5/test2_4.mtx 1.6 812.546 0.0059003 0.09 
/home/antonkov/masterWork/tests/samePrefixMarkedMtx2304/depth1/node5/test2_4.mtx 1.7 1130.57 0.00241019 0.0392308 
/home/antonkov/masterWork/tests/samePrefixMarkedMtx2304/depth1/node5/test2_4.mtx 1.8 1751.14 0.00124449 0.02 
/home/antonkov/masterWork/tests/samePrefixMarkedMtx2304/depth1/node5/test2_4.mtx 1.9 3754.49 0.000379091 0.00684932 
/home/antonkov/masterWork/tests/samePrefixMarkedMtx2304/depth1/node5/test2_4.mtx 2 0 -1 -1 
/home/antonkov/masterWork/tests/samePrefixMarkedMtx2304/depth1/node5/test2_4.mtx 2.1 0 -1 -1 
/home/antonkov/masterWork/tests/samePrefixMarkedMtx2304/depth1/node5/test2_4.mtx 2.2 0 -1 -1 
/home/antonkov/masterWork/tests/samePrefixMarkedMtx2304/depth1/node5/test2_4.mtx 2.3 0 -1 -1 
/home/antonkov/masterWork/tests/samePrefixMarkedMtx2304/depth1/node5/test2_4.mtx 2.4 0 -1 -1 
/home/antonkov/masterWork/tests/samePrefixMarkedMtx2304/depth1/node5/test2_4.mtx 2.5 0 -1 -1 
/home/antonkov/masterWork/tests/samePrefixMarkedMtx2304/depth1/node5/test2_4.mtx 2.6 0 -1 -1 
/home/antonkov/masterWork/tests/samePrefixMarkedMtx2304/depth1/node5/test2_4.mtx 2.7 0 -1 -1 
/home/antonkov/masterWork/tests/samePrefixMarkedMtx2304/depth1/node5/test2_4.mtx 2.8 0 -1 -1 
/home/antonkov/masterWork/tests/samePrefixMarkedMtx2304/depth1/node5/test2_4.mtx 2.9 0 -1 -1 
/home/antonkov/masterWork/tests/samePrefixMarkedMtx2304/depth1/node5/test2_4.mtx 3 0 -1 -1 
/home/antonkov/masterWork/tests/samePrefixMarkedMtx2304/depth1/node5/test2_4.mtx 3.1 0 -1 -1 
/home/antonkov/masterWork/tests/samePrefixMarkedMtx2304/depth1/node5/test2_4.mtx 3.2 0 -1 -1 
/home/antonkov/masterWork/tests/samePrefixMarkedMtx2304/depth1/node5/test2_4.mtx 3.3 0 -1 -1 
/home/antonkov/masterWork/tests/samePrefixMarkedMtx2304/depth1/node5/test2_4.mtx 3.4 0 -1 -1 
/home/antonkov/masterWork/tests/samePrefixMarkedMtx2304/depth1/node5/test2_4.mtx 3.5 0 -1 -1 
/home/antonkov/masterWork/tests/samePrefixMarkedMtx2304/depth1/node5/test97_0.mtx 1 405.294 0.0763108 0.89 
/home/antonkov/masterWork/tests/samePrefixMarkedMtx2304/depth1/node5/test97_0.mtx 1.1 403.326 0.0637891 0.81 
/home/antonkov/masterWork/tests/samePrefixMarkedMtx2304/depth1/node5/test97_0.mtx 1.2 386.727 0.0477127 0.66 
/home/antonkov/masterWork/tests/samePrefixMarkedMtx2304/depth1/node5/test97_0.mtx 1.3 501.214 0.0349978 0.49 
/home/antonkov/masterWork/tests/samePrefixMarkedMtx2304/depth1/node5/test97_0.mtx 1.4 465.999 0.0212261 0.305 
/home/antonkov/masterWork/tests/samePrefixMarkedMtx2304/depth1/node5/test97_0.mtx 1.5 526.711 0.0131785 0.19 
/home/antonkov/masterWork/tests/samePrefixMarkedMtx2304/depth1/node5/test97_0.mtx 1.6 631.393 0.00685764 0.108 
/home/antonkov/masterWork/tests/samePrefixMarkedMtx2304/depth1/node5/test97_0.mtx 1.7 1018.89 0.00299045 0.0472727 
/home/antonkov/masterWork/tests/samePrefixMarkedMtx2304/depth1/node5/test97_0.mtx 1.8 1824.98 0.00100662 0.0185185 
/home/antonkov/masterWork/tests/samePrefixMarkedMtx2304/depth1/node5/test97_0.mtx 1.9 4122.62 0.000367965 0.00688312 
/home/antonkov/masterWork/tests/samePrefixMarkedMtx2304/depth1/node5/test97_0.mtx 2 0 -1 -1 
/home/antonkov/masterWork/tests/samePrefixMarkedMtx2304/depth1/node5/test97_0.mtx 2.1 0 -1 -1 
/home/antonkov/masterWork/tests/samePrefixMarkedMtx2304/depth1/node5/test97_0.mtx 2.2 0 -1 -1 
/home/antonkov/masterWork/tests/samePrefixMarkedMtx2304/depth1/node5/test97_0.mtx 2.3 0 -1 -1 
/home/antonkov/masterWork/tests/samePrefixMarkedMtx2304/depth1/node5/test97_0.mtx 2.4 0 -1 -1 
/home/antonkov/masterWork/tests/samePrefixMarkedMtx2304/depth1/node5/test97_0.mtx 2.5 0 -1 -1 
/home/antonkov/masterWork/tests/samePrefixMarkedMtx2304/depth1/node5/test97_0.mtx 2.6 0 -1 -1 
/home/antonkov/masterWork/tests/samePrefixMarkedMtx2304/depth1/node5/test97_0.mtx 2.7 0 -1 -1 
/home/antonkov/masterWork/tests/samePrefixMarkedMtx2304/depth1/node5/test97_0.mtx 2.8 0 -1 -1 
/home/antonkov/masterWork/tests/samePrefixMarkedMtx2304/depth1/node5/test97_0.mtx 2.9 0 -1 -1 
/home/antonkov/masterWork/tests/samePrefixMarkedMtx2304/depth1/node5/test97_0.mtx 3 0 -1 -1 
/home/antonkov/masterWork/tests/samePrefixMarkedMtx2304/depth1/node5/test97_0.mtx 3.1 0 -1 -1 
/home/antonkov/masterWork/tests/samePrefixMarkedMtx2304/depth1/node5/test97_0.mtx 3.2 0 -1 -1 
/home/antonkov/masterWork/tests/samePrefixMarkedMtx2304/depth1/node5/test97_0.mtx 3.3 0 -1 -1 
/home/antonkov/masterWork/tests/samePrefixMarkedMtx2304/depth1/node5/test97_0.mtx 3.4 0 -1 -1 
/home/antonkov/masterWork/tests/samePrefixMarkedMtx2304/depth1/node5/test97_0.mtx 3.5 0 -1 -1 
/home/antonkov/masterWork/tests/samePrefixMarkedMtx2304/depth1/node5/test97_1.mtx 1 411.691 0.0774523 0.9 
/home/antonkov/masterWork/tests/samePrefixMarkedMtx2304/depth1/node5/test97_1.mtx 1.1 404.197 0.064579 0.77 
/home/antonkov/masterWork/tests/samePrefixMarkedMtx2304/depth1/node5/test97_1.mtx 1.2 389.679 0.0502821 0.65 
/home/antonkov/masterWork/tests/samePrefixMarkedMtx2304/depth1/node5/test97_1.mtx 1.3 502.671 0.0351628 0.47 
/home/antonkov/masterWork/tests/samePrefixMarkedMtx2304/depth1/node5/test97_1.mtx 1.4 465.87 0.0248937 0.34 
/home/antonkov/masterWork/tests/samePrefixMarkedMtx2304/depth1/node5/test97_1.mtx 1.5 529.4 0.014566 0.206667 
/home/antonkov/masterWork/tests/samePrefixMarkedMtx2304/depth1/node5/test97_1.mtx 1.6 631.399 0.00700955 0.104 
/home/antonkov/masterWork/tests/samePrefixMarkedMtx2304/depth1/node5/test97_1.mtx 1.7 1142.07 0.00258309 0.0378571 
/home/antonkov/masterWork/tests/samePrefixMarkedMtx2304/depth1/node5/test97_1.mtx 1.8 1732.84 0.00112638 0.0185185 
/home/antonkov/masterWork/tests/samePrefixMarkedMtx2304/depth1/node5/test97_1.mtx 1.9 3491.75 0.000455282 0.00735294 
/home/antonkov/masterWork/tests/samePrefixMarkedMtx2304/depth1/node5/test97_1.mtx 2 0 -1 -1 
/home/antonkov/masterWork/tests/samePrefixMarkedMtx2304/depth1/node5/test97_1.mtx 2.1 0 -1 -1 
/home/antonkov/masterWork/tests/samePrefixMarkedMtx2304/depth1/node5/test97_1.mtx 2.2 0 -1 -1 
/home/antonkov/masterWork/tests/samePrefixMarkedMtx2304/depth1/node5/test97_1.mtx 2.3 0 -1 -1 
/home/antonkov/masterWork/tests/samePrefixMarkedMtx2304/depth1/node5/test97_1.mtx 2.4 0 -1 -1 
/home/antonkov/masterWork/tests/samePrefixMarkedMtx2304/depth1/node5/test97_1.mtx 2.5 0 -1 -1 
/home/antonkov/masterWork/tests/samePrefixMarkedMtx2304/depth1/node5/test97_1.mtx 2.6 0 -1 -1 
/home/antonkov/masterWork/tests/samePrefixMarkedMtx2304/depth1/node5/test97_1.mtx 2.7 0 -1 -1 
/home/antonkov/masterWork/tests/samePrefixMarkedMtx2304/depth1/node5/test97_1.mtx 2.8 0 -1 -1 
/home/antonkov/masterWork/tests/samePrefixMarkedMtx2304/depth1/node5/test97_1.mtx 2.9 0 -1 -1 
/home/antonkov/masterWork/tests/samePrefixMarkedMtx2304/depth1/node5/test97_1.mtx 3 0 -1 -1 
/home/antonkov/masterWork/tests/samePrefixMarkedMtx2304/depth1/node5/test97_1.mtx 3.1 0 -1 -1 
/home/antonkov/masterWork/tests/samePrefixMarkedMtx2304/depth1/node5/test97_1.mtx 3.2 0 -1 -1 
/home/antonkov/masterWork/tests/samePrefixMarkedMtx2304/depth1/node5/test97_1.mtx 3.3 0 -1 -1 
/home/antonkov/masterWork/tests/samePrefixMarkedMtx2304/depth1/node5/test97_1.mtx 3.4 0 -1 -1 
/home/antonkov/masterWork/tests/samePrefixMarkedMtx2304/depth1/node5/test97_1.mtx 3.5 0 -1 -1 
/home/antonkov/masterWork/tests/samePrefixMarkedMtx2304/depth1/node5/test97_2.mtx 1 398.752 0.0797309 0.91 
/home/antonkov/masterWork/tests/samePrefixMarkedMtx2304/depth1/node5/test97_2.mtx 1.1 398.559 0.0670009 0.82 
/home/antonkov/masterWork/tests/samePrefixMarkedMtx2304/depth1/node5/test97_2.mtx 1.2 393.46 0.0518099 0.67 
/home/antonkov/masterWork/tests/samePrefixMarkedMtx2304/depth1/node5/test97_2.mtx 1.3 364.115 0.0386806 0.54 
/home/antonkov/masterWork/tests/samePrefixMarkedMtx2304/depth1/node5/test97_2.mtx 1.4 469.464 0.0230013 0.33 
/home/antonkov/masterWork/tests/samePrefixMarkedMtx2304/depth1/node5/test97_2.mtx 1.5 513.134 0.0115307 0.166667 
/home/antonkov/masterWork/tests/samePrefixMarkedMtx2304/depth1/node5/test97_2.mtx 1.6 690.718 0.00603371 0.09 
/home/antonkov/masterWork/tests/samePrefixMarkedMtx2304/depth1/node5/test97_2.mtx 1.7 907.697 0.00336502 0.054 
/home/antonkov/masterWork/tests/samePrefixMarkedMtx2304/depth1/node5/test97_2.mtx 1.8 1710.33 0.00113448 0.0192308 
/home/antonkov/masterWork/tests/samePrefixMarkedMtx2304/depth1/node5/test97_2.mtx 1.9 3519.21 0.000412135 0.00735294 
/home/antonkov/masterWork/tests/samePrefixMarkedMtx2304/depth1/node5/test97_2.mtx 2 0 -1 -1 
/home/antonkov/masterWork/tests/samePrefixMarkedMtx2304/depth1/node5/test97_2.mtx 2.1 0 -1 -1 
/home/antonkov/masterWork/tests/samePrefixMarkedMtx2304/depth1/node5/test97_2.mtx 2.2 0 -1 -1 
/home/antonkov/masterWork/tests/samePrefixMarkedMtx2304/depth1/node5/test97_2.mtx 2.3 0 -1 -1 
/home/antonkov/masterWork/tests/samePrefixMarkedMtx2304/depth1/node5/test97_2.mtx 2.4 0 -1 -1 
/home/antonkov/masterWork/tests/samePrefixMarkedMtx2304/depth1/node5/test97_2.mtx 2.5 0 -1 -1 
/home/antonkov/masterWork/tests/samePrefixMarkedMtx2304/depth1/node5/test97_2.mtx 2.6 0 -1 -1 
/home/antonkov/masterWork/tests/samePrefixMarkedMtx2304/depth1/node5/test97_2.mtx 2.7 0 -1 -1 
/home/antonkov/masterWork/tests/samePrefixMarkedMtx2304/depth1/node5/test97_2.mtx 2.8 0 -1 -1 
/home/antonkov/masterWork/tests/samePrefixMarkedMtx2304/depth1/node5/test97_2.mtx 2.9 0 -1 -1 
/home/antonkov/masterWork/tests/samePrefixMarkedMtx2304/depth1/node5/test97_2.mtx 3 0 -1 -1 
/home/antonkov/masterWork/tests/samePrefixMarkedMtx2304/depth1/node5/test97_2.mtx 3.1 0 -1 -1 
/home/antonkov/masterWork/tests/samePrefixMarkedMtx2304/depth1/node5/test97_2.mtx 3.2 0 -1 -1 
/home/antonkov/masterWork/tests/samePrefixMarkedMtx2304/depth1/node5/test97_2.mtx 3.3 0 -1 -1 
/home/antonkov/masterWork/tests/samePrefixMarkedMtx2304/depth1/node5/test97_2.mtx 3.4 0 -1 -1 
/home/antonkov/masterWork/tests/samePrefixMarkedMtx2304/depth1/node5/test97_2.mtx 3.5 0 -1 -1 
/home/antonkov/masterWork/tests/samePrefixMarkedMtx2304/depth1/node5/test97_3.mtx 1 403.945 0.0795573 0.91 
/home/antonkov/masterWork/tests/samePrefixMarkedMtx2304/depth1/node5/test97_3.mtx 1.1 403.549 0.0665234 0.81 
/home/antonkov/masterWork/tests/samePrefixMarkedMtx2304/depth1/node5/test97_3.mtx 1.2 382.865 0.0489453 0.63 
/home/antonkov/masterWork/tests/samePrefixMarkedMtx2304/depth1/node5/test97_3.mtx 1.3 498.211 0.0371159 0.495 
/home/antonkov/masterWork/tests/samePrefixMarkedMtx2304/depth1/node5/test97_3.mtx 1.4 453.687 0.0222201 0.305 
/home/antonkov/masterWork/tests/samePrefixMarkedMtx2304/depth1/node5/test97_3.mtx 1.5 515.198 0.0120139 0.173333 
/home/antonkov/masterWork/tests/samePrefixMarkedMtx2304/depth1/node5/test97_3.mtx 1.6 712.977 0.00533637 0.0833333 
/home/antonkov/masterWork/tests/samePrefixMarkedMtx2304/depth1/node5/test97_3.mtx 1.7 957.903 0.00294468 0.0463636 
/home/antonkov/masterWork/tests/samePrefixMarkedMtx2304/depth1/node5/test97_3.mtx 1.8 1815.74 0.00113538 0.0196296 
/home/antonkov/masterWork/tests/samePrefixMarkedMtx2304/depth1/node5/test97_3.mtx 1.9 3264.45 0.00046255 0.00809524 
/home/antonkov/masterWork/tests/samePrefixMarkedMtx2304/depth1/node5/test97_3.mtx 2 0 -1 -1 
/home/antonkov/masterWork/tests/samePrefixMarkedMtx2304/depth1/node5/test97_3.mtx 2.1 0 -1 -1 
/home/antonkov/masterWork/tests/samePrefixMarkedMtx2304/depth1/node5/test97_3.mtx 2.2 0 -1 -1 
/home/antonkov/masterWork/tests/samePrefixMarkedMtx2304/depth1/node5/test97_3.mtx 2.3 0 -1 -1 
/home/antonkov/masterWork/tests/samePrefixMarkedMtx2304/depth1/node5/test97_3.mtx 2.4 0 -1 -1 
/home/antonkov/masterWork/tests/samePrefixMarkedMtx2304/depth1/node5/test97_3.mtx 2.5 0 -1 -1 
/home/antonkov/masterWork/tests/samePrefixMarkedMtx2304/depth1/node5/test97_3.mtx 2.6 0 -1 -1 
/home/antonkov/masterWork/tests/samePrefixMarkedMtx2304/depth1/node5/test97_3.mtx 2.7 0 -1 -1 
/home/antonkov/masterWork/tests/samePrefixMarkedMtx2304/depth1/node5/test97_3.mtx 2.8 0 -1 -1 
/home/antonkov/masterWork/tests/samePrefixMarkedMtx2304/depth1/node5/test97_3.mtx 2.9 0 -1 -1 
/home/antonkov/masterWork/tests/samePrefixMarkedMtx2304/depth1/node5/test97_3.mtx 3 0 -1 -1 
/home/antonkov/masterWork/tests/samePrefixMarkedMtx2304/depth1/node5/test97_3.mtx 3.1 0 -1 -1 
/home/antonkov/masterWork/tests/samePrefixMarkedMtx2304/depth1/node5/test97_3.mtx 3.2 0 -1 -1 
/home/antonkov/masterWork/tests/samePrefixMarkedMtx2304/depth1/node5/test97_3.mtx 3.3 0 -1 -1 
/home/antonkov/masterWork/tests/samePrefixMarkedMtx2304/depth1/node5/test97_3.mtx 3.4 0 -1 -1 
/home/antonkov/masterWork/tests/samePrefixMarkedMtx2304/depth1/node5/test97_3.mtx 3.5 0 -1 -1 
/home/antonkov/masterWork/tests/samePrefixMarkedMtx2304/depth1/node5/test97_4.mtx 1 405.104 0.0746137 0.85 
/home/antonkov/masterWork/tests/samePrefixMarkedMtx2304/depth1/node5/test97_4.mtx 1.1 391.387 0.0622569 0.73 
/home/antonkov/masterWork/tests/samePrefixMarkedMtx2304/depth1/node5/test97_4.mtx 1.2 375.221 0.0479644 0.6 
/home/antonkov/masterWork/tests/samePrefixMarkedMtx2304/depth1/node5/test97_4.mtx 1.3 496.95 0.0383876 0.52 
/home/antonkov/masterWork/tests/samePrefixMarkedMtx2304/depth1/node5/test97_4.mtx 1.4 456.439 0.0231923 0.315 
/home/antonkov/masterWork/tests/samePrefixMarkedMtx2304/depth1/node5/test97_4.mtx 1.5 523.502 0.0137804 0.193333 
/home/antonkov/masterWork/tests/samePrefixMarkedMtx2304/depth1/node5/test97_4.mtx 1.6 639.193 0.0060217 0.1 
/home/antonkov/masterWork/tests/samePrefixMarkedMtx2304/depth1/node5/test97_4.mtx 1.7 1095.67 0.00256143 0.0392308 
/home/antonkov/masterWork/tests/samePrefixMarkedMtx2304/depth1/node5/test97_4.mtx 1.8 1879.27 0.00113221 0.0172414 
/home/antonkov/masterWork/tests/samePrefixMarkedMtx2304/depth1/node5/test97_4.mtx 1.9 3522.24 0.000466644 0.00735294 
/home/antonkov/masterWork/tests/samePrefixMarkedMtx2304/depth1/node5/test97_4.mtx 2 0 -1 -1 
/home/antonkov/masterWork/tests/samePrefixMarkedMtx2304/depth1/node5/test97_4.mtx 2.1 0 -1 -1 
/home/antonkov/masterWork/tests/samePrefixMarkedMtx2304/depth1/node5/test97_4.mtx 2.2 0 -1 -1 
/home/antonkov/masterWork/tests/samePrefixMarkedMtx2304/depth1/node5/test97_4.mtx 2.3 0 -1 -1 
/home/antonkov/masterWork/tests/samePrefixMarkedMtx2304/depth1/node5/test97_4.mtx 2.4 0 -1 -1 
/home/antonkov/masterWork/tests/samePrefixMarkedMtx2304/depth1/node5/test97_4.mtx 2.5 0 -1 -1 
/home/antonkov/masterWork/tests/samePrefixMarkedMtx2304/depth1/node5/test97_4.mtx 2.6 0 -1 -1 
/home/antonkov/masterWork/tests/samePrefixMarkedMtx2304/depth1/node5/test97_4.mtx 2.7 0 -1 -1 
/home/antonkov/masterWork/tests/samePrefixMarkedMtx2304/depth1/node5/test97_4.mtx 2.8 0 -1 -1 
/home/antonkov/masterWork/tests/samePrefixMarkedMtx2304/depth1/node5/test97_4.mtx 2.9 0 -1 -1 
/home/antonkov/masterWork/tests/samePrefixMarkedMtx2304/depth1/node5/test97_4.mtx 3 0 -1 -1 
/home/antonkov/masterWork/tests/samePrefixMarkedMtx2304/depth1/node5/test97_4.mtx 3.1 0 -1 -1 
/home/antonkov/masterWork/tests/samePrefixMarkedMtx2304/depth1/node5/test97_4.mtx 3.2 0 -1 -1 
/home/antonkov/masterWork/tests/samePrefixMarkedMtx2304/depth1/node5/test97_4.mtx 3.3 0 -1 -1 
/home/antonkov/masterWork/tests/samePrefixMarkedMtx2304/depth1/node5/test97_4.mtx 3.4 0 -1 -1 
/home/antonkov/masterWork/tests/samePrefixMarkedMtx2304/depth1/node5/test97_4.mtx 3.5 0 -1 -1 
/home/antonkov/masterWork/tests/samePrefixMarkedMtx2304/depth1/node5/test98_0.mtx 1 365.657 0.0740972 0.85 
/home/antonkov/masterWork/tests/samePrefixMarkedMtx2304/depth1/node5/test98_0.mtx 1.1 352.957 0.0569444 0.69 
/home/antonkov/masterWork/tests/samePrefixMarkedMtx2304/depth1/node5/test98_0.mtx 1.2 338.6 0.0439583 0.56 
/home/antonkov/masterWork/tests/samePrefixMarkedMtx2304/depth1/node5/test98_0.mtx 1.3 449.366 0.0327539 0.44 
/home/antonkov/masterWork/tests/samePrefixMarkedMtx2304/depth1/node5/test98_0.mtx 1.4 409.825 0.0189171 0.28 
/home/antonkov/masterWork/tests/samePrefixMarkedMtx2304/depth1/node5/test98_0.mtx 1.5 552.132 0.0101801 0.1475 
/home/antonkov/masterWork/tests/samePrefixMarkedMtx2304/depth1/node5/test98_0.mtx 1.6 696.963 0.00478485 0.0728571 
/home/antonkov/masterWork/tests/samePrefixMarkedMtx2304/depth1/node5/test98_0.mtx 1.7 982.318 0.00290509 0.0441667 
/home/antonkov/masterWork/tests/samePrefixMarkedMtx2304/depth1/node5/test98_0.mtx 1.8 2070.55 0.000848524 0.0147059 
/home/antonkov/masterWork/tests/samePrefixMarkedMtx2304/depth1/node5/test98_0.mtx 1.9 6173.4 0.00021688 0.00384615 
/home/antonkov/masterWork/tests/samePrefixMarkedMtx2304/depth1/node5/test98_0.mtx 2 0 -1 -1 
/home/antonkov/masterWork/tests/samePrefixMarkedMtx2304/depth1/node5/test98_0.mtx 2.1 0 -1 -1 
/home/antonkov/masterWork/tests/samePrefixMarkedMtx2304/depth1/node5/test98_0.mtx 2.2 0 -1 -1 
/home/antonkov/masterWork/tests/samePrefixMarkedMtx2304/depth1/node5/test98_0.mtx 2.3 0 -1 -1 
/home/antonkov/masterWork/tests/samePrefixMarkedMtx2304/depth1/node5/test98_0.mtx 2.4 0 -1 -1 
/home/antonkov/masterWork/tests/samePrefixMarkedMtx2304/depth1/node5/test98_0.mtx 2.5 0 -1 -1 
/home/antonkov/masterWork/tests/samePrefixMarkedMtx2304/depth1/node5/test98_0.mtx 2.6 0 -1 -1 
/home/antonkov/masterWork/tests/samePrefixMarkedMtx2304/depth1/node5/test98_0.mtx 2.7 0 -1 -1 
/home/antonkov/masterWork/tests/samePrefixMarkedMtx2304/depth1/node5/test98_0.mtx 2.8 0 -1 -1 
/home/antonkov/masterWork/tests/samePrefixMarkedMtx2304/depth1/node5/test98_0.mtx 2.9 0 -1 -1 
/home/antonkov/masterWork/tests/samePrefixMarkedMtx2304/depth1/node5/test98_0.mtx 3 0 -1 -1 
/home/antonkov/masterWork/tests/samePrefixMarkedMtx2304/depth1/node5/test98_0.mtx 3.1 0 -1 -1 
/home/antonkov/masterWork/tests/samePrefixMarkedMtx2304/depth1/node5/test98_0.mtx 3.2 0 -1 -1 
/home/antonkov/masterWork/tests/samePrefixMarkedMtx2304/depth1/node5/test98_0.mtx 3.3 0 -1 -1 
/home/antonkov/masterWork/tests/samePrefixMarkedMtx2304/depth1/node5/test98_0.mtx 3.4 0 -1 -1 
/home/antonkov/masterWork/tests/samePrefixMarkedMtx2304/depth1/node5/test98_0.mtx 3.5 0 -1 -1 
/home/antonkov/masterWork/tests/samePrefixMarkedMtx2304/depth1/node5/test98_1.mtx 1 364.522 0.0747266 0.83 
/home/antonkov/masterWork/tests/samePrefixMarkedMtx2304/depth1/node5/test98_1.mtx 1.1 353.107 0.0632161 0.75 
/home/antonkov/masterWork/tests/samePrefixMarkedMtx2304/depth1/node5/test98_1.mtx 1.2 343.258 0.0487196 0.61 
/home/antonkov/masterWork/tests/samePrefixMarkedMtx2304/depth1/node5/test98_1.mtx 1.3 458.71 0.0370443 0.48 
/home/antonkov/masterWork/tests/samePrefixMarkedMtx2304/depth1/node5/test98_1.mtx 1.4 425.187 0.0245551 0.33 
/home/antonkov/masterWork/tests/samePrefixMarkedMtx2304/depth1/node5/test98_1.mtx 1.5 470.516 0.0121759 0.166667 
/home/antonkov/masterWork/tests/samePrefixMarkedMtx2304/depth1/node5/test98_1.mtx 1.6 659.042 0.00639395 0.0916667 
/home/antonkov/masterWork/tests/samePrefixMarkedMtx2304/depth1/node5/test98_1.mtx 1.7 1110.33 0.00247551 0.0385714 
/home/antonkov/masterWork/tests/samePrefixMarkedMtx2304/depth1/node5/test98_1.mtx 1.8 2322.57 0.000742187 0.0130769 
/home/antonkov/masterWork/tests/samePrefixMarkedMtx2304/depth1/node5/test98_1.mtx 1.9 4661.7 0.000311957 0.00520833 
/home/antonkov/masterWork/tests/samePrefixMarkedMtx2304/depth1/node5/test98_1.mtx 2 0 -1 -1 
/home/antonkov/masterWork/tests/samePrefixMarkedMtx2304/depth1/node5/test98_1.mtx 2.1 0 -1 -1 
/home/antonkov/masterWork/tests/samePrefixMarkedMtx2304/depth1/node5/test98_1.mtx 2.2 0 -1 -1 
/home/antonkov/masterWork/tests/samePrefixMarkedMtx2304/depth1/node5/test98_1.mtx 2.3 0 -1 -1 
/home/antonkov/masterWork/tests/samePrefixMarkedMtx2304/depth1/node5/test98_1.mtx 2.4 0 -1 -1 
/home/antonkov/masterWork/tests/samePrefixMarkedMtx2304/depth1/node5/test98_1.mtx 2.5 0 -1 -1 
/home/antonkov/masterWork/tests/samePrefixMarkedMtx2304/depth1/node5/test98_1.mtx 2.6 0 -1 -1 
/home/antonkov/masterWork/tests/samePrefixMarkedMtx2304/depth1/node5/test98_1.mtx 2.7 0 -1 -1 
/home/antonkov/masterWork/tests/samePrefixMarkedMtx2304/depth1/node5/test98_1.mtx 2.8 0 -1 -1 
/home/antonkov/masterWork/tests/samePrefixMarkedMtx2304/depth1/node5/test98_1.mtx 2.9 0 -1 -1 
/home/antonkov/masterWork/tests/samePrefixMarkedMtx2304/depth1/node5/test98_1.mtx 3 0 -1 -1 
/home/antonkov/masterWork/tests/samePrefixMarkedMtx2304/depth1/node5/test98_1.mtx 3.1 0 -1 -1 
/home/antonkov/masterWork/tests/samePrefixMarkedMtx2304/depth1/node5/test98_1.mtx 3.2 0 -1 -1 
/home/antonkov/masterWork/tests/samePrefixMarkedMtx2304/depth1/node5/test98_1.mtx 3.3 0 -1 -1 
/home/antonkov/masterWork/tests/samePrefixMarkedMtx2304/depth1/node5/test98_1.mtx 3.4 0 -1 -1 
/home/antonkov/masterWork/tests/samePrefixMarkedMtx2304/depth1/node5/test98_1.mtx 3.5 0 -1 -1 
/home/antonkov/masterWork/tests/samePrefixMarkedMtx2304/depth1/node5/test98_2.mtx 1 365.883 0.0767752 0.9 
/home/antonkov/masterWork/tests/samePrefixMarkedMtx2304/depth1/node5/test98_2.mtx 1.1 354.731 0.0591623 0.75 
/home/antonkov/masterWork/tests/samePrefixMarkedMtx2304/depth1/node5/test98_2.mtx 1.2 333.755 0.0427257 0.57 
/home/antonkov/masterWork/tests/samePrefixMarkedMtx2304/depth1/node5/test98_2.mtx 1.3 449.022 0.0299957 0.405 
/home/antonkov/masterWork/tests/samePrefixMarkedMtx2304/depth1/node5/test98_2.mtx 1.4 401.024 0.0179861 0.25 
/home/antonkov/masterWork/tests/samePrefixMarkedMtx2304/depth1/node5/test98_2.mtx 1.5 557.371 0.0102355 0.1475 
/home/antonkov/masterWork/tests/samePrefixMarkedMtx2304/depth1/node5/test98_2.mtx 1.6 725.918 0.00487537 0.08 
/home/antonkov/masterWork/tests/samePrefixMarkedMtx2304/depth1/node5/test98_2.mtx 1.7 1277.93 0.001755 0.0294118 
/home/antonkov/masterWork/tests/samePrefixMarkedMtx2304/depth1/node5/test98_2.mtx 1.8 2691.9 0.000702559 0.0108696 
/home/antonkov/masterWork/tests/samePrefixMarkedMtx2304/depth1/node5/test98_2.mtx 1.9 6930.33 0.000210652 0.00342466 
/home/antonkov/masterWork/tests/samePrefixMarkedMtx2304/depth1/node5/test98_2.mtx 2 0 -1 -1 
/home/antonkov/masterWork/tests/samePrefixMarkedMtx2304/depth1/node5/test98_2.mtx 2.1 0 -1 -1 
/home/antonkov/masterWork/tests/samePrefixMarkedMtx2304/depth1/node5/test98_2.mtx 2.2 0 -1 -1 
/home/antonkov/masterWork/tests/samePrefixMarkedMtx2304/depth1/node5/test98_2.mtx 2.3 0 -1 -1 
/home/antonkov/masterWork/tests/samePrefixMarkedMtx2304/depth1/node5/test98_2.mtx 2.4 0 -1 -1 
/home/antonkov/masterWork/tests/samePrefixMarkedMtx2304/depth1/node5/test98_2.mtx 2.5 0 -1 -1 
/home/antonkov/masterWork/tests/samePrefixMarkedMtx2304/depth1/node5/test98_2.mtx 2.6 0 -1 -1 
/home/antonkov/masterWork/tests/samePrefixMarkedMtx2304/depth1/node5/test98_2.mtx 2.7 0 -1 -1 
/home/antonkov/masterWork/tests/samePrefixMarkedMtx2304/depth1/node5/test98_2.mtx 2.8 0 -1 -1 
/home/antonkov/masterWork/tests/samePrefixMarkedMtx2304/depth1/node5/test98_2.mtx 2.9 0 -1 -1 
/home/antonkov/masterWork/tests/samePrefixMarkedMtx2304/depth1/node5/test98_2.mtx 3 0 -1 -1 
/home/antonkov/masterWork/tests/samePrefixMarkedMtx2304/depth1/node5/test98_2.mtx 3.1 0 -1 -1 
/home/antonkov/masterWork/tests/samePrefixMarkedMtx2304/depth1/node5/test98_2.mtx 3.2 0 -1 -1 
/home/antonkov/masterWork/tests/samePrefixMarkedMtx2304/depth1/node5/test98_2.mtx 3.3 0 -1 -1 
/home/antonkov/masterWork/tests/samePrefixMarkedMtx2304/depth1/node5/test98_2.mtx 3.4 0 -1 -1 
/home/antonkov/masterWork/tests/samePrefixMarkedMtx2304/depth1/node5/test98_2.mtx 3.5 0 -1 -1 
/home/antonkov/masterWork/tests/samePrefixMarkedMtx2304/depth1/node5/test98_3.mtx 1 364.412 0.0748351 0.83 
/home/antonkov/masterWork/tests/samePrefixMarkedMtx2304/depth1/node5/test98_3.mtx 1.1 353.744 0.0613585 0.73 
/home/antonkov/masterWork/tests/samePrefixMarkedMtx2304/depth1/node5/test98_3.mtx 1.2 342.781 0.0467665 0.6 
/home/antonkov/masterWork/tests/samePrefixMarkedMtx2304/depth1/node5/test98_3.mtx 1.3 456.959 0.0341168 0.44 
/home/antonkov/masterWork/tests/samePrefixMarkedMtx2304/depth1/node5/test98_3.mtx 1.4 417.867 0.0219922 0.29 
/home/antonkov/masterWork/tests/samePrefixMarkedMtx2304/depth1/node5/test98_3.mtx 1.5 472.901 0.0121513 0.17 
/home/antonkov/masterWork/tests/samePrefixMarkedMtx2304/depth1/node5/test98_3.mtx 1.6 788.054 0.00444444 0.07125 
/home/antonkov/masterWork/tests/samePrefixMarkedMtx2304/depth1/node5/test98_3.mtx 1.7 1318.83 0.0017132 0.0283333 
/home/antonkov/masterWork/tests/samePrefixMarkedMtx2304/depth1/node5/test98_3.mtx 1.8 2286.26 0.000831775 0.0130769 
/home/antonkov/masterWork/tests/samePrefixMarkedMtx2304/depth1/node5/test98_3.mtx 1.9 5709.19 0.000243056 0.00416667 
/home/antonkov/masterWork/tests/samePrefixMarkedMtx2304/depth1/node5/test98_3.mtx 2 0 -1 -1 
/home/antonkov/masterWork/tests/samePrefixMarkedMtx2304/depth1/node5/test98_3.mtx 2.1 0 -1 -1 
/home/antonkov/masterWork/tests/samePrefixMarkedMtx2304/depth1/node5/test98_3.mtx 2.2 0 -1 -1 
/home/antonkov/masterWork/tests/samePrefixMarkedMtx2304/depth1/node5/test98_3.mtx 2.3 0 -1 -1 
/home/antonkov/masterWork/tests/samePrefixMarkedMtx2304/depth1/node5/test98_3.mtx 2.4 0 -1 -1 
/home/antonkov/masterWork/tests/samePrefixMarkedMtx2304/depth1/node5/test98_3.mtx 2.5 0 -1 -1 
/home/antonkov/masterWork/tests/samePrefixMarkedMtx2304/depth1/node5/test98_3.mtx 2.6 0 -1 -1 
/home/antonkov/masterWork/tests/samePrefixMarkedMtx2304/depth1/node5/test98_3.mtx 2.7 0 -1 -1 
/home/antonkov/masterWork/tests/samePrefixMarkedMtx2304/depth1/node5/test98_3.mtx 2.8 0 -1 -1 
/home/antonkov/masterWork/tests/samePrefixMarkedMtx2304/depth1/node5/test98_3.mtx 2.9 0 -1 -1 
/home/antonkov/masterWork/tests/samePrefixMarkedMtx2304/depth1/node5/test98_3.mtx 3 0 -1 -1 
/home/antonkov/masterWork/tests/samePrefixMarkedMtx2304/depth1/node5/test98_3.mtx 3.1 0 -1 -1 
/home/antonkov/masterWork/tests/samePrefixMarkedMtx2304/depth1/node5/test98_3.mtx 3.2 0 -1 -1 
/home/antonkov/masterWork/tests/samePrefixMarkedMtx2304/depth1/node5/test98_3.mtx 3.3 0 -1 -1 
/home/antonkov/masterWork/tests/samePrefixMarkedMtx2304/depth1/node5/test98_3.mtx 3.4 0 -1 -1 
/home/antonkov/masterWork/tests/samePrefixMarkedMtx2304/depth1/node5/test98_3.mtx 3.5 0 -1 -1 
/home/antonkov/masterWork/tests/samePrefixMarkedMtx2304/depth1/node5/test98_4.mtx 1 365.403 0.0789106 0.89 
/home/antonkov/masterWork/tests/samePrefixMarkedMtx2304/depth1/node5/test98_4.mtx 1.1 349.685 0.0635026 0.74 
/home/antonkov/masterWork/tests/samePrefixMarkedMtx2304/depth1/node5/test98_4.mtx 1.2 328.95 0.0482248 0.62 
/home/antonkov/masterWork/tests/samePrefixMarkedMtx2304/depth1/node5/test98_4.mtx 1.3 446.988 0.0354687 0.495 
/home/antonkov/masterWork/tests/samePrefixMarkedMtx2304/depth1/node5/test98_4.mtx 1.4 422.394 0.0180859 0.265 
/home/antonkov/masterWork/tests/samePrefixMarkedMtx2304/depth1/node5/test98_4.mtx 1.5 546.461 0.0107161 0.1575 
/home/antonkov/masterWork/tests/samePrefixMarkedMtx2304/depth1/node5/test98_4.mtx 1.6 725.968 0.00599702 0.0842857 
/home/antonkov/masterWork/tests/samePrefixMarkedMtx2304/depth1/node5/test98_4.mtx 1.7 1055.56 0.00253305 0.0384615 
/home/antonkov/masterWork/tests/samePrefixMarkedMtx2304/depth1/node5/test98_4.mtx 1.8 2407.9 0.000741129 0.0121951 
/home/antonkov/masterWork/tests/samePrefixMarkedMtx2304/depth1/node5/test98_4.mtx 1.9 4383.86 0.000340545 0.00549451 
/home/antonkov/masterWork/tests/samePrefixMarkedMtx2304/depth1/node5/test98_4.mtx 2 0 -1 -1 
/home/antonkov/masterWork/tests/samePrefixMarkedMtx2304/depth1/node5/test98_4.mtx 2.1 0 -1 -1 
/home/antonkov/masterWork/tests/samePrefixMarkedMtx2304/depth1/node5/test98_4.mtx 2.2 0 -1 -1 
/home/antonkov/masterWork/tests/samePrefixMarkedMtx2304/depth1/node5/test98_4.mtx 2.3 0 -1 -1 
/home/antonkov/masterWork/tests/samePrefixMarkedMtx2304/depth1/node5/test98_4.mtx 2.4 0 -1 -1 
/home/antonkov/masterWork/tests/samePrefixMarkedMtx2304/depth1/node5/test98_4.mtx 2.5 0 -1 -1 
/home/antonkov/masterWork/tests/samePrefixMarkedMtx2304/depth1/node5/test98_4.mtx 2.6 0 -1 -1 
/home/antonkov/masterWork/tests/samePrefixMarkedMtx2304/depth1/node5/test98_4.mtx 2.7 0 -1 -1 
/home/antonkov/masterWork/tests/samePrefixMarkedMtx2304/depth1/node5/test98_4.mtx 2.8 0 -1 -1 
/home/antonkov/masterWork/tests/samePrefixMarkedMtx2304/depth1/node5/test98_4.mtx 2.9 0 -1 -1 
/home/antonkov/masterWork/tests/samePrefixMarkedMtx2304/depth1/node5/test98_4.mtx 3 0 -1 -1 
/home/antonkov/masterWork/tests/samePrefixMarkedMtx2304/depth1/node5/test98_4.mtx 3.1 0 -1 -1 
/home/antonkov/masterWork/tests/samePrefixMarkedMtx2304/depth1/node5/test98_4.mtx 3.2 0 -1 -1 
/home/antonkov/masterWork/tests/samePrefixMarkedMtx2304/depth1/node5/test98_4.mtx 3.3 0 -1 -1 
/home/antonkov/masterWork/tests/samePrefixMarkedMtx2304/depth1/node5/test98_4.mtx 3.4 0 -1 -1 
/home/antonkov/masterWork/tests/samePrefixMarkedMtx2304/depth1/node5/test98_4.mtx 3.5 0 -1 -1 
/home/antonkov/masterWork/tests/samePrefixMarkedMtx2304/depth1/node5/test99_0.mtx 1 456.978 0.0781944 0.89 
/home/antonkov/masterWork/tests/samePrefixMarkedMtx2304/depth1/node5/test99_0.mtx 1.1 451.483 0.064987 0.8 
/home/antonkov/masterWork/tests/samePrefixMarkedMtx2304/depth1/node5/test99_0.mtx 1.2 433.808 0.051224 0.64 
/home/antonkov/masterWork/tests/samePrefixMarkedMtx2304/depth1/node5/test99_0.mtx 1.3 427.033 0.0372005 0.5 
/home/antonkov/masterWork/tests/samePrefixMarkedMtx2304/depth1/node5/test99_0.mtx 1.4 526.355 0.0255165 0.37 
/home/antonkov/masterWork/tests/samePrefixMarkedMtx2304/depth1/node5/test99_0.mtx 1.5 592.79 0.0138759 0.213333 
/home/antonkov/masterWork/tests/samePrefixMarkedMtx2304/depth1/node5/test99_0.mtx 1.6 687.572 0.00701649 0.106 
/home/antonkov/masterWork/tests/samePrefixMarkedMtx2304/depth1/node5/test99_0.mtx 1.7 962.757 0.00352821 0.055 
/home/antonkov/masterWork/tests/samePrefixMarkedMtx2304/depth1/node5/test99_0.mtx 1.8 1604.83 0.00149365 0.0236364 
/home/antonkov/masterWork/tests/samePrefixMarkedMtx2304/depth1/node5/test99_0.mtx 1.9 3601.49 0.000448963 0.00735294 
/home/antonkov/masterWork/tests/samePrefixMarkedMtx2304/depth1/node5/test99_0.mtx 2 0 -1 -1 
/home/antonkov/masterWork/tests/samePrefixMarkedMtx2304/depth1/node5/test99_0.mtx 2.1 0 -1 -1 
/home/antonkov/masterWork/tests/samePrefixMarkedMtx2304/depth1/node5/test99_0.mtx 2.2 0 -1 -1 
/home/antonkov/masterWork/tests/samePrefixMarkedMtx2304/depth1/node5/test99_0.mtx 2.3 0 -1 -1 
/home/antonkov/masterWork/tests/samePrefixMarkedMtx2304/depth1/node5/test99_0.mtx 2.4 0 -1 -1 
/home/antonkov/masterWork/tests/samePrefixMarkedMtx2304/depth1/node5/test99_0.mtx 2.5 0 -1 -1 
/home/antonkov/masterWork/tests/samePrefixMarkedMtx2304/depth1/node5/test99_0.mtx 2.6 0 -1 -1 
/home/antonkov/masterWork/tests/samePrefixMarkedMtx2304/depth1/node5/test99_0.mtx 2.7 0 -1 -1 
/home/antonkov/masterWork/tests/samePrefixMarkedMtx2304/depth1/node5/test99_0.mtx 2.8 0 -1 -1 
/home/antonkov/masterWork/tests/samePrefixMarkedMtx2304/depth1/node5/test99_0.mtx 2.9 0 -1 -1 
/home/antonkov/masterWork/tests/samePrefixMarkedMtx2304/depth1/node5/test99_0.mtx 3 0 -1 -1 
/home/antonkov/masterWork/tests/samePrefixMarkedMtx2304/depth1/node5/test99_0.mtx 3.1 0 -1 -1 
/home/antonkov/masterWork/tests/samePrefixMarkedMtx2304/depth1/node5/test99_0.mtx 3.2 0 -1 -1 
/home/antonkov/masterWork/tests/samePrefixMarkedMtx2304/depth1/node5/test99_0.mtx 3.3 0 -1 -1 
/home/antonkov/masterWork/tests/samePrefixMarkedMtx2304/depth1/node5/test99_0.mtx 3.4 0 -1 -1 
/home/antonkov/masterWork/tests/samePrefixMarkedMtx2304/depth1/node5/test99_0.mtx 3.5 0 -1 -1 
/home/antonkov/masterWork/tests/samePrefixMarkedMtx2304/depth1/node5/test99_1.mtx 1 460.67 0.0853429 0.93 
/home/antonkov/masterWork/tests/samePrefixMarkedMtx2304/depth1/node5/test99_1.mtx 1.1 451.062 0.0746267 0.87 
/home/antonkov/masterWork/tests/samePrefixMarkedMtx2304/depth1/node5/test99_1.mtx 1.2 446.166 0.057921 0.7 
/home/antonkov/masterWork/tests/samePrefixMarkedMtx2304/depth1/node5/test99_1.mtx 1.3 427.771 0.0449696 0.56 
/home/antonkov/masterWork/tests/samePrefixMarkedMtx2304/depth1/node5/test99_1.mtx 1.4 529.963 0.0286784 0.385 
/home/antonkov/masterWork/tests/samePrefixMarkedMtx2304/depth1/node5/test99_1.mtx 1.5 489.482 0.0177886 0.255 
/home/antonkov/masterWork/tests/samePrefixMarkedMtx2304/depth1/node5/test99_1.mtx 1.6 699.56 0.0077474 0.12 
/home/antonkov/masterWork/tests/samePrefixMarkedMtx2304/depth1/node5/test99_1.mtx 1.7 960.94 0.00362196 0.055 
/home/antonkov/masterWork/tests/samePrefixMarkedMtx2304/depth1/node5/test99_1.mtx 1.8 1752.23 0.00126753 0.0192308 
/home/antonkov/masterWork/tests/samePrefixMarkedMtx2304/depth1/node5/test99_1.mtx 1.9 3490.25 0.000482626 0.00757576 
/home/antonkov/masterWork/tests/samePrefixMarkedMtx2304/depth1/node5/test99_1.mtx 2 0 -1 -1 
/home/antonkov/masterWork/tests/samePrefixMarkedMtx2304/depth1/node5/test99_1.mtx 2.1 0 -1 -1 
/home/antonkov/masterWork/tests/samePrefixMarkedMtx2304/depth1/node5/test99_1.mtx 2.2 0 -1 -1 
/home/antonkov/masterWork/tests/samePrefixMarkedMtx2304/depth1/node5/test99_1.mtx 2.3 0 -1 -1 
/home/antonkov/masterWork/tests/samePrefixMarkedMtx2304/depth1/node5/test99_1.mtx 2.4 0 -1 -1 
/home/antonkov/masterWork/tests/samePrefixMarkedMtx2304/depth1/node5/test99_1.mtx 2.5 0 -1 -1 
/home/antonkov/masterWork/tests/samePrefixMarkedMtx2304/depth1/node5/test99_1.mtx 2.6 0 -1 -1 
/home/antonkov/masterWork/tests/samePrefixMarkedMtx2304/depth1/node5/test99_1.mtx 2.7 0 -1 -1 
/home/antonkov/masterWork/tests/samePrefixMarkedMtx2304/depth1/node5/test99_1.mtx 2.8 0 -1 -1 
/home/antonkov/masterWork/tests/samePrefixMarkedMtx2304/depth1/node5/test99_1.mtx 2.9 0 -1 -1 
/home/antonkov/masterWork/tests/samePrefixMarkedMtx2304/depth1/node5/test99_1.mtx 3 0 -1 -1 
/home/antonkov/masterWork/tests/samePrefixMarkedMtx2304/depth1/node5/test99_1.mtx 3.1 0 -1 -1 
/home/antonkov/masterWork/tests/samePrefixMarkedMtx2304/depth1/node5/test99_1.mtx 3.2 0 -1 -1 
/home/antonkov/masterWork/tests/samePrefixMarkedMtx2304/depth1/node5/test99_1.mtx 3.3 0 -1 -1 
/home/antonkov/masterWork/tests/samePrefixMarkedMtx2304/depth1/node5/test99_1.mtx 3.4 0 -1 -1 
/home/antonkov/masterWork/tests/samePrefixMarkedMtx2304/depth1/node5/test99_1.mtx 3.5 0 -1 -1 
/home/antonkov/masterWork/tests/samePrefixMarkedMtx2304/depth1/node5/test99_2.mtx 1 453.739 0.0824262 0.91 
/home/antonkov/masterWork/tests/samePrefixMarkedMtx2304/depth1/node5/test99_2.mtx 1.1 454.631 0.0689497 0.8 
/home/antonkov/masterWork/tests/samePrefixMarkedMtx2304/depth1/node5/test99_2.mtx 1.2 430.315 0.053967 0.65 
/home/antonkov/masterWork/tests/samePrefixMarkedMtx2304/depth1/node5/test99_2.mtx 1.3 424.379 0.0390495 0.5 
/home/antonkov/masterWork/tests/samePrefixMarkedMtx2304/depth1/node5/test99_2.mtx 1.4 520.364 0.0228255 0.315 
/home/antonkov/masterWork/tests/samePrefixMarkedMtx2304/depth1/node5/test99_2.mtx 1.5 575.481 0.0131105 0.19 
/home/antonkov/masterWork/tests/samePrefixMarkedMtx2304/depth1/node5/test99_2.mtx 1.6 680.587 0.00762326 0.11 
/home/antonkov/masterWork/tests/samePrefixMarkedMtx2304/depth1/node5/test99_2.mtx 1.7 899.362 0.00357157 0.0566667 
/home/antonkov/masterWork/tests/samePrefixMarkedMtx2304/depth1/node5/test99_2.mtx 1.8 1576.29 0.00133325 0.0227273 
/home/antonkov/masterWork/tests/samePrefixMarkedMtx2304/depth1/node5/test99_2.mtx 1.9 3540.64 0.000433963 0.00746269 
/home/antonkov/masterWork/tests/samePrefixMarkedMtx2304/depth1/node5/test99_2.mtx 2 0 -1 -1 
/home/antonkov/masterWork/tests/samePrefixMarkedMtx2304/depth1/node5/test99_2.mtx 2.1 0 -1 -1 
/home/antonkov/masterWork/tests/samePrefixMarkedMtx2304/depth1/node5/test99_2.mtx 2.2 0 -1 -1 
/home/antonkov/masterWork/tests/samePrefixMarkedMtx2304/depth1/node5/test99_2.mtx 2.3 0 -1 -1 
/home/antonkov/masterWork/tests/samePrefixMarkedMtx2304/depth1/node5/test99_2.mtx 2.4 0 -1 -1 
/home/antonkov/masterWork/tests/samePrefixMarkedMtx2304/depth1/node5/test99_2.mtx 2.5 0 -1 -1 
/home/antonkov/masterWork/tests/samePrefixMarkedMtx2304/depth1/node5/test99_2.mtx 2.6 0 -1 -1 
/home/antonkov/masterWork/tests/samePrefixMarkedMtx2304/depth1/node5/test99_2.mtx 2.7 0 -1 -1 
/home/antonkov/masterWork/tests/samePrefixMarkedMtx2304/depth1/node5/test99_2.mtx 2.8 0 -1 -1 
/home/antonkov/masterWork/tests/samePrefixMarkedMtx2304/depth1/node5/test99_2.mtx 2.9 0 -1 -1 
/home/antonkov/masterWork/tests/samePrefixMarkedMtx2304/depth1/node5/test99_2.mtx 3 0 -1 -1 
/home/antonkov/masterWork/tests/samePrefixMarkedMtx2304/depth1/node5/test99_2.mtx 3.1 0 -1 -1 
/home/antonkov/masterWork/tests/samePrefixMarkedMtx2304/depth1/node5/test99_2.mtx 3.2 0 -1 -1 
/home/antonkov/masterWork/tests/samePrefixMarkedMtx2304/depth1/node5/test99_2.mtx 3.3 0 -1 -1 
/home/antonkov/masterWork/tests/samePrefixMarkedMtx2304/depth1/node5/test99_2.mtx 3.4 0 -1 -1 
/home/antonkov/masterWork/tests/samePrefixMarkedMtx2304/depth1/node5/test99_2.mtx 3.5 0 -1 -1 
/home/antonkov/masterWork/tests/samePrefixMarkedMtx2304/depth1/node5/test99_3.mtx 1 458.334 0.0824262 0.91 
/home/antonkov/masterWork/tests/samePrefixMarkedMtx2304/depth1/node5/test99_3.mtx 1.1 460.618 0.0726997 0.85 
/home/antonkov/masterWork/tests/samePrefixMarkedMtx2304/depth1/node5/test99_3.mtx 1.2 454.299 0.0595877 0.75 
/home/antonkov/masterWork/tests/samePrefixMarkedMtx2304/depth1/node5/test99_3.mtx 1.3 548.513 0.0388563 0.485 
/home/antonkov/masterWork/tests/samePrefixMarkedMtx2304/depth1/node5/test99_3.mtx 1.4 518.445 0.0263672 0.355 
/home/antonkov/masterWork/tests/samePrefixMarkedMtx2304/depth1/node5/test99_3.mtx 1.5 587.572 0.0144285 0.213333 
/home/antonkov/masterWork/tests/samePrefixMarkedMtx2304/depth1/node5/test99_3.mtx 1.6 698.737 0.00711806 0.11 
/home/antonkov/masterWork/tests/samePrefixMarkedMtx2304/depth1/node5/test99_3.mtx 1.7 977.448 0.00362891 0.057 
/home/antonkov/masterWork/tests/samePrefixMarkedMtx2304/depth1/node5/test99_3.mtx 1.8 1532.83 0.00154163 0.0242857 
/home/antonkov/masterWork/tests/samePrefixMarkedMtx2304/depth1/node5/test99_3.mtx 1.9 3165.93 0.000554393 0.00928571 
/home/antonkov/masterWork/tests/samePrefixMarkedMtx2304/depth1/node5/test99_3.mtx 2 0 -1 -1 
/home/antonkov/masterWork/tests/samePrefixMarkedMtx2304/depth1/node5/test99_3.mtx 2.1 0 -1 -1 
/home/antonkov/masterWork/tests/samePrefixMarkedMtx2304/depth1/node5/test99_3.mtx 2.2 0 -1 -1 
/home/antonkov/masterWork/tests/samePrefixMarkedMtx2304/depth1/node5/test99_3.mtx 2.3 0 -1 -1 
/home/antonkov/masterWork/tests/samePrefixMarkedMtx2304/depth1/node5/test99_3.mtx 2.4 0 -1 -1 
/home/antonkov/masterWork/tests/samePrefixMarkedMtx2304/depth1/node5/test99_3.mtx 2.5 0 -1 -1 
/home/antonkov/masterWork/tests/samePrefixMarkedMtx2304/depth1/node5/test99_3.mtx 2.6 0 -1 -1 
/home/antonkov/masterWork/tests/samePrefixMarkedMtx2304/depth1/node5/test99_3.mtx 2.7 0 -1 -1 
/home/antonkov/masterWork/tests/samePrefixMarkedMtx2304/depth1/node5/test99_3.mtx 2.8 0 -1 -1 
/home/antonkov/masterWork/tests/samePrefixMarkedMtx2304/depth1/node5/test99_3.mtx 2.9 0 -1 -1 
/home/antonkov/masterWork/tests/samePrefixMarkedMtx2304/depth1/node5/test99_3.mtx 3 0 -1 -1 
/home/antonkov/masterWork/tests/samePrefixMarkedMtx2304/depth1/node5/test99_3.mtx 3.1 0 -1 -1 
/home/antonkov/masterWork/tests/samePrefixMarkedMtx2304/depth1/node5/test99_3.mtx 3.2 0 -1 -1 
/home/antonkov/masterWork/tests/samePrefixMarkedMtx2304/depth1/node5/test99_3.mtx 3.3 0 -1 -1 
/home/antonkov/masterWork/tests/samePrefixMarkedMtx2304/depth1/node5/test99_3.mtx 3.4 0 -1 -1 
/home/antonkov/masterWork/tests/samePrefixMarkedMtx2304/depth1/node5/test99_3.mtx 3.5 0 -1 -1 
/home/antonkov/masterWork/tests/samePrefixMarkedMtx2304/depth1/node5/test99_4.mtx 1 462.209 0.0793142 0.92 
/home/antonkov/masterWork/tests/samePrefixMarkedMtx2304/depth1/node5/test99_4.mtx 1.1 459.255 0.0640321 0.73 
/home/antonkov/masterWork/tests/samePrefixMarkedMtx2304/depth1/node5/test99_4.mtx 1.2 435.185 0.0527908 0.65 
/home/antonkov/masterWork/tests/samePrefixMarkedMtx2304/depth1/node5/test99_4.mtx 1.3 547.868 0.0366298 0.49 
/home/antonkov/masterWork/tests/samePrefixMarkedMtx2304/depth1/node5/test99_4.mtx 1.4 519.067 0.0243902 0.33 
/home/antonkov/masterWork/tests/samePrefixMarkedMtx2304/depth1/node5/test99_4.mtx 1.5 594.666 0.0154355 0.226667 
/home/antonkov/masterWork/tests/samePrefixMarkedMtx2304/depth1/node5/test99_4.mtx 1.6 698.334 0.00758507 0.11 
/home/antonkov/masterWork/tests/samePrefixMarkedMtx2304/depth1/node5/test99_4.mtx 1.7 979.097 0.00351432 0.053 
/home/antonkov/masterWork/tests/samePrefixMarkedMtx2304/depth1/node5/test99_4.mtx 1.8 1767.55 0.00117905 0.0196154 
/home/antonkov/masterWork/tests/samePrefixMarkedMtx2304/depth1/node5/test99_4.mtx 1.9 3040.02 0.000587643 0.00910714 
/home/antonkov/masterWork/tests/samePrefixMarkedMtx2304/depth1/node5/test99_4.mtx 2 0 -1 -1 
/home/antonkov/masterWork/tests/samePrefixMarkedMtx2304/depth1/node5/test99_4.mtx 2.1 0 -1 -1 
/home/antonkov/masterWork/tests/samePrefixMarkedMtx2304/depth1/node5/test99_4.mtx 2.2 0 -1 -1 
/home/antonkov/masterWork/tests/samePrefixMarkedMtx2304/depth1/node5/test99_4.mtx 2.3 0 -1 -1 
/home/antonkov/masterWork/tests/samePrefixMarkedMtx2304/depth1/node5/test99_4.mtx 2.4 0 -1 -1 
/home/antonkov/masterWork/tests/samePrefixMarkedMtx2304/depth1/node5/test99_4.mtx 2.5 0 -1 -1 
/home/antonkov/masterWork/tests/samePrefixMarkedMtx2304/depth1/node5/test99_4.mtx 2.6 0 -1 -1 
/home/antonkov/masterWork/tests/samePrefixMarkedMtx2304/depth1/node5/test99_4.mtx 2.7 0 -1 -1 
/home/antonkov/masterWork/tests/samePrefixMarkedMtx2304/depth1/node5/test99_4.mtx 2.8 0 -1 -1 
/home/antonkov/masterWork/tests/samePrefixMarkedMtx2304/depth1/node5/test99_4.mtx 2.9 0 -1 -1 
/home/antonkov/masterWork/tests/samePrefixMarkedMtx2304/depth1/node5/test99_4.mtx 3 0 -1 -1 
/home/antonkov/masterWork/tests/samePrefixMarkedMtx2304/depth1/node5/test99_4.mtx 3.1 0 -1 -1 
/home/antonkov/masterWork/tests/samePrefixMarkedMtx2304/depth1/node5/test99_4.mtx 3.2 0 -1 -1 
/home/antonkov/masterWork/tests/samePrefixMarkedMtx2304/depth1/node5/test99_4.mtx 3.3 0 -1 -1 
/home/antonkov/masterWork/tests/samePrefixMarkedMtx2304/depth1/node5/test99_4.mtx 3.4 0 -1 -1 
/home/antonkov/masterWork/tests/samePrefixMarkedMtx2304/depth1/node5/test99_4.mtx 3.5 0 -1 -1 
