Results
Filename SNR Time(ms) BER FER
/home/antonkov/masterWork/tests/samePrefixMarkedMtx2304/depth1/node6/test0_0.mtx 1 430.312 0.0773481 0.89 
/home/antonkov/masterWork/tests/samePrefixMarkedMtx2304/depth1/node6/test0_0.mtx 1.1 412.145 0.0644488 0.8 
/home/antonkov/masterWork/tests/samePrefixMarkedMtx2304/depth1/node6/test0_0.mtx 1.2 373.27 0.0458724 0.57 
/home/antonkov/masterWork/tests/samePrefixMarkedMtx2304/depth1/node6/test0_0.mtx 1.3 478.854 0.0323416 0.44 
/home/antonkov/masterWork/tests/samePrefixMarkedMtx2304/depth1/node6/test0_0.mtx 1.4 427.485 0.0193403 0.255 
/home/antonkov/masterWork/tests/samePrefixMarkedMtx2304/depth1/node6/test0_0.mtx 1.5 563.154 0.011263 0.1525 
/home/antonkov/masterWork/tests/samePrefixMarkedMtx2304/depth1/node6/test0_0.mtx 1.6 714.002 0.0056033 0.08 
/home/antonkov/masterWork/tests/samePrefixMarkedMtx2304/depth1/node6/test0_0.mtx 1.7 1052.86 0.00227121 0.0364286 
/home/antonkov/masterWork/tests/samePrefixMarkedMtx2304/depth1/node6/test0_0.mtx 1.8 2326.46 0.000799318 0.0118605 
/home/antonkov/masterWork/tests/samePrefixMarkedMtx2304/depth1/node6/test0_0.mtx 1.9 4804.81 0.00029972 0.00462963 
/home/antonkov/masterWork/tests/samePrefixMarkedMtx2304/depth1/node6/test0_0.mtx 2 0 -1 -1 
/home/antonkov/masterWork/tests/samePrefixMarkedMtx2304/depth1/node6/test0_0.mtx 2.1 0 -1 -1 
/home/antonkov/masterWork/tests/samePrefixMarkedMtx2304/depth1/node6/test0_0.mtx 2.2 0 -1 -1 
/home/antonkov/masterWork/tests/samePrefixMarkedMtx2304/depth1/node6/test0_0.mtx 2.3 0 -1 -1 
/home/antonkov/masterWork/tests/samePrefixMarkedMtx2304/depth1/node6/test0_0.mtx 2.4 0 -1 -1 
/home/antonkov/masterWork/tests/samePrefixMarkedMtx2304/depth1/node6/test0_0.mtx 2.5 0 -1 -1 
/home/antonkov/masterWork/tests/samePrefixMarkedMtx2304/depth1/node6/test0_0.mtx 2.6 0 -1 -1 
/home/antonkov/masterWork/tests/samePrefixMarkedMtx2304/depth1/node6/test0_0.mtx 2.7 0 -1 -1 
/home/antonkov/masterWork/tests/samePrefixMarkedMtx2304/depth1/node6/test0_0.mtx 2.8 0 -1 -1 
/home/antonkov/masterWork/tests/samePrefixMarkedMtx2304/depth1/node6/test0_0.mtx 2.9 0 -1 -1 
/home/antonkov/masterWork/tests/samePrefixMarkedMtx2304/depth1/node6/test0_0.mtx 3 0 -1 -1 
/home/antonkov/masterWork/tests/samePrefixMarkedMtx2304/depth1/node6/test0_0.mtx 3.1 0 -1 -1 
/home/antonkov/masterWork/tests/samePrefixMarkedMtx2304/depth1/node6/test0_0.mtx 3.2 0 -1 -1 
/home/antonkov/masterWork/tests/samePrefixMarkedMtx2304/depth1/node6/test0_0.mtx 3.3 0 -1 -1 
/home/antonkov/masterWork/tests/samePrefixMarkedMtx2304/depth1/node6/test0_0.mtx 3.4 0 -1 -1 
/home/antonkov/masterWork/tests/samePrefixMarkedMtx2304/depth1/node6/test0_0.mtx 3.5 0 -1 -1 
/home/antonkov/masterWork/tests/samePrefixMarkedMtx2304/depth1/node6/test0_1.mtx 1 404.737 0.0744358 0.87 
/home/antonkov/masterWork/tests/samePrefixMarkedMtx2304/depth1/node6/test0_1.mtx 1.1 396.816 0.0623611 0.75 
/home/antonkov/masterWork/tests/samePrefixMarkedMtx2304/depth1/node6/test0_1.mtx 1.2 384.658 0.0499002 0.65 
/home/antonkov/masterWork/tests/samePrefixMarkedMtx2304/depth1/node6/test0_1.mtx 1.3 485.306 0.0310938 0.43 
/home/antonkov/masterWork/tests/samePrefixMarkedMtx2304/depth1/node6/test0_1.mtx 1.4 453.616 0.0209093 0.28 
/home/antonkov/masterWork/tests/samePrefixMarkedMtx2304/depth1/node6/test0_1.mtx 1.5 573.62 0.00991753 0.145 
/home/antonkov/masterWork/tests/samePrefixMarkedMtx2304/depth1/node6/test0_1.mtx 1.6 796.748 0.00498644 0.07 
/home/antonkov/masterWork/tests/samePrefixMarkedMtx2304/depth1/node6/test0_1.mtx 1.7 1291.81 0.00168572 0.0283333 
/home/antonkov/masterWork/tests/samePrefixMarkedMtx2304/depth1/node6/test0_1.mtx 1.8 2726.58 0.000636372 0.01 
/home/antonkov/masterWork/tests/samePrefixMarkedMtx2304/depth1/node6/test0_1.mtx 1.9 4692.39 0.000292092 0.00490385 
/home/antonkov/masterWork/tests/samePrefixMarkedMtx2304/depth1/node6/test0_1.mtx 2 0 -1 -1 
/home/antonkov/masterWork/tests/samePrefixMarkedMtx2304/depth1/node6/test0_1.mtx 2.1 0 -1 -1 
/home/antonkov/masterWork/tests/samePrefixMarkedMtx2304/depth1/node6/test0_1.mtx 2.2 0 -1 -1 
/home/antonkov/masterWork/tests/samePrefixMarkedMtx2304/depth1/node6/test0_1.mtx 2.3 0 -1 -1 
/home/antonkov/masterWork/tests/samePrefixMarkedMtx2304/depth1/node6/test0_1.mtx 2.4 0 -1 -1 
/home/antonkov/masterWork/tests/samePrefixMarkedMtx2304/depth1/node6/test0_1.mtx 2.5 0 -1 -1 
/home/antonkov/masterWork/tests/samePrefixMarkedMtx2304/depth1/node6/test0_1.mtx 2.6 0 -1 -1 
/home/antonkov/masterWork/tests/samePrefixMarkedMtx2304/depth1/node6/test0_1.mtx 2.7 0 -1 -1 
/home/antonkov/masterWork/tests/samePrefixMarkedMtx2304/depth1/node6/test0_1.mtx 2.8 0 -1 -1 
/home/antonkov/masterWork/tests/samePrefixMarkedMtx2304/depth1/node6/test0_1.mtx 2.9 0 -1 -1 
/home/antonkov/masterWork/tests/samePrefixMarkedMtx2304/depth1/node6/test0_1.mtx 3 0 -1 -1 
/home/antonkov/masterWork/tests/samePrefixMarkedMtx2304/depth1/node6/test0_1.mtx 3.1 0 -1 -1 
/home/antonkov/masterWork/tests/samePrefixMarkedMtx2304/depth1/node6/test0_1.mtx 3.2 0 -1 -1 
/home/antonkov/masterWork/tests/samePrefixMarkedMtx2304/depth1/node6/test0_1.mtx 3.3 0 -1 -1 
/home/antonkov/masterWork/tests/samePrefixMarkedMtx2304/depth1/node6/test0_1.mtx 3.4 0 -1 -1 
/home/antonkov/masterWork/tests/samePrefixMarkedMtx2304/depth1/node6/test0_1.mtx 3.5 0 -1 -1 
/home/antonkov/masterWork/tests/samePrefixMarkedMtx2304/depth1/node6/test0_2.mtx 1 351.487 0.0692491 0.83 
/home/antonkov/masterWork/tests/samePrefixMarkedMtx2304/depth1/node6/test0_2.mtx 1.1 347.28 0.0585894 0.77 
/home/antonkov/masterWork/tests/samePrefixMarkedMtx2304/depth1/node6/test0_2.mtx 1.2 326.453 0.0417318 0.57 
/home/antonkov/masterWork/tests/samePrefixMarkedMtx2304/depth1/node6/test0_2.mtx 1.3 418.803 0.0304492 0.41 
/home/antonkov/masterWork/tests/samePrefixMarkedMtx2304/depth1/node6/test0_2.mtx 1.4 398.447 0.0184939 0.275 
/home/antonkov/masterWork/tests/samePrefixMarkedMtx2304/depth1/node6/test0_2.mtx 1.5 526.334 0.00982639 0.1575 
/home/antonkov/masterWork/tests/samePrefixMarkedMtx2304/depth1/node6/test0_2.mtx 1.6 743.055 0.00424262 0.07 
/home/antonkov/masterWork/tests/samePrefixMarkedMtx2304/depth1/node6/test0_2.mtx 1.7 1001.94 0.00230345 0.0357143 
/home/antonkov/masterWork/tests/samePrefixMarkedMtx2304/depth1/node6/test0_2.mtx 1.8 2550.27 0.000674732 0.0110417 
/home/antonkov/masterWork/tests/samePrefixMarkedMtx2304/depth1/node6/test0_2.mtx 1.9 4529.71 0.000303862 0.00495049 
/home/antonkov/masterWork/tests/samePrefixMarkedMtx2304/depth1/node6/test0_2.mtx 2 0 -1 -1 
/home/antonkov/masterWork/tests/samePrefixMarkedMtx2304/depth1/node6/test0_2.mtx 2.1 0 -1 -1 
/home/antonkov/masterWork/tests/samePrefixMarkedMtx2304/depth1/node6/test0_2.mtx 2.2 0 -1 -1 
/home/antonkov/masterWork/tests/samePrefixMarkedMtx2304/depth1/node6/test0_2.mtx 2.3 0 -1 -1 
/home/antonkov/masterWork/tests/samePrefixMarkedMtx2304/depth1/node6/test0_2.mtx 2.4 0 -1 -1 
/home/antonkov/masterWork/tests/samePrefixMarkedMtx2304/depth1/node6/test0_2.mtx 2.5 0 -1 -1 
/home/antonkov/masterWork/tests/samePrefixMarkedMtx2304/depth1/node6/test0_2.mtx 2.6 0 -1 -1 
/home/antonkov/masterWork/tests/samePrefixMarkedMtx2304/depth1/node6/test0_2.mtx 2.7 0 -1 -1 
/home/antonkov/masterWork/tests/samePrefixMarkedMtx2304/depth1/node6/test0_2.mtx 2.8 0 -1 -1 
/home/antonkov/masterWork/tests/samePrefixMarkedMtx2304/depth1/node6/test0_2.mtx 2.9 0 -1 -1 
/home/antonkov/masterWork/tests/samePrefixMarkedMtx2304/depth1/node6/test0_2.mtx 3 0 -1 -1 
/home/antonkov/masterWork/tests/samePrefixMarkedMtx2304/depth1/node6/test0_2.mtx 3.1 0 -1 -1 
/home/antonkov/masterWork/tests/samePrefixMarkedMtx2304/depth1/node6/test0_2.mtx 3.2 0 -1 -1 
/home/antonkov/masterWork/tests/samePrefixMarkedMtx2304/depth1/node6/test0_2.mtx 3.3 0 -1 -1 
/home/antonkov/masterWork/tests/samePrefixMarkedMtx2304/depth1/node6/test0_2.mtx 3.4 0 -1 -1 
/home/antonkov/masterWork/tests/samePrefixMarkedMtx2304/depth1/node6/test0_2.mtx 3.5 0 -1 -1 
/home/antonkov/masterWork/tests/samePrefixMarkedMtx2304/depth1/node6/test0_3.mtx 1 389.67 0.0788281 0.93 
/home/antonkov/masterWork/tests/samePrefixMarkedMtx2304/depth1/node6/test0_3.mtx 1.1 388.737 0.0632943 0.78 
/home/antonkov/masterWork/tests/samePrefixMarkedMtx2304/depth1/node6/test0_3.mtx 1.2 367.972 0.0449783 0.61 
/home/antonkov/masterWork/tests/samePrefixMarkedMtx2304/depth1/node6/test0_3.mtx 1.3 463.17 0.0323698 0.44 
/home/antonkov/masterWork/tests/samePrefixMarkedMtx2304/depth1/node6/test0_3.mtx 1.4 438.634 0.0195378 0.275 
/home/antonkov/masterWork/tests/samePrefixMarkedMtx2304/depth1/node6/test0_3.mtx 1.5 545.427 0.00940647 0.1375 
/home/antonkov/masterWork/tests/samePrefixMarkedMtx2304/depth1/node6/test0_3.mtx 1.6 755.837 0.004037 0.06625 
/home/antonkov/masterWork/tests/samePrefixMarkedMtx2304/depth1/node6/test0_3.mtx 1.7 1038.13 0.00229198 0.0364286 
/home/antonkov/masterWork/tests/samePrefixMarkedMtx2304/depth1/node6/test0_3.mtx 1.8 2179.5 0.000693576 0.0125 
/home/antonkov/masterWork/tests/samePrefixMarkedMtx2304/depth1/node6/test0_3.mtx 1.9 4221.36 0.000303773 0.00531915 
/home/antonkov/masterWork/tests/samePrefixMarkedMtx2304/depth1/node6/test0_3.mtx 2 0 -1 -1 
/home/antonkov/masterWork/tests/samePrefixMarkedMtx2304/depth1/node6/test0_3.mtx 2.1 0 -1 -1 
/home/antonkov/masterWork/tests/samePrefixMarkedMtx2304/depth1/node6/test0_3.mtx 2.2 0 -1 -1 
/home/antonkov/masterWork/tests/samePrefixMarkedMtx2304/depth1/node6/test0_3.mtx 2.3 0 -1 -1 
/home/antonkov/masterWork/tests/samePrefixMarkedMtx2304/depth1/node6/test0_3.mtx 2.4 0 -1 -1 
/home/antonkov/masterWork/tests/samePrefixMarkedMtx2304/depth1/node6/test0_3.mtx 2.5 0 -1 -1 
/home/antonkov/masterWork/tests/samePrefixMarkedMtx2304/depth1/node6/test0_3.mtx 2.6 0 -1 -1 
/home/antonkov/masterWork/tests/samePrefixMarkedMtx2304/depth1/node6/test0_3.mtx 2.7 0 -1 -1 
/home/antonkov/masterWork/tests/samePrefixMarkedMtx2304/depth1/node6/test0_3.mtx 2.8 0 -1 -1 
/home/antonkov/masterWork/tests/samePrefixMarkedMtx2304/depth1/node6/test0_3.mtx 2.9 0 -1 -1 
/home/antonkov/masterWork/tests/samePrefixMarkedMtx2304/depth1/node6/test0_3.mtx 3 0 -1 -1 
/home/antonkov/masterWork/tests/samePrefixMarkedMtx2304/depth1/node6/test0_3.mtx 3.1 0 -1 -1 
/home/antonkov/masterWork/tests/samePrefixMarkedMtx2304/depth1/node6/test0_3.mtx 3.2 0 -1 -1 
/home/antonkov/masterWork/tests/samePrefixMarkedMtx2304/depth1/node6/test0_3.mtx 3.3 0 -1 -1 
/home/antonkov/masterWork/tests/samePrefixMarkedMtx2304/depth1/node6/test0_3.mtx 3.4 0 -1 -1 
/home/antonkov/masterWork/tests/samePrefixMarkedMtx2304/depth1/node6/test0_3.mtx 3.5 0 -1 -1 
/home/antonkov/masterWork/tests/samePrefixMarkedMtx2304/depth1/node6/test0_4.mtx 1 368.725 0.0779774 0.87 
/home/antonkov/masterWork/tests/samePrefixMarkedMtx2304/depth1/node6/test0_4.mtx 1.1 370.034 0.0640495 0.78 
/home/antonkov/masterWork/tests/samePrefixMarkedMtx2304/depth1/node6/test0_4.mtx 1.2 341.869 0.047092 0.61 
/home/antonkov/masterWork/tests/samePrefixMarkedMtx2304/depth1/node6/test0_4.mtx 1.3 439.858 0.0325825 0.44 
/home/antonkov/masterWork/tests/samePrefixMarkedMtx2304/depth1/node6/test0_4.mtx 1.4 415.464 0.0225152 0.315 
/home/antonkov/masterWork/tests/samePrefixMarkedMtx2304/depth1/node6/test0_4.mtx 1.5 466.693 0.0116392 0.166667 
/home/antonkov/masterWork/tests/samePrefixMarkedMtx2304/depth1/node6/test0_4.mtx 1.6 792.828 0.00451877 0.07 
/home/antonkov/masterWork/tests/samePrefixMarkedMtx2304/depth1/node6/test0_4.mtx 1.7 1099.14 0.00235272 0.0346667 
/home/antonkov/masterWork/tests/samePrefixMarkedMtx2304/depth1/node6/test0_4.mtx 1.8 1778.82 0.000908378 0.016129 
/home/antonkov/masterWork/tests/samePrefixMarkedMtx2304/depth1/node6/test0_4.mtx 1.9 4571.62 0.000281504 0.00505051 
/home/antonkov/masterWork/tests/samePrefixMarkedMtx2304/depth1/node6/test0_4.mtx 2 0 -1 -1 
/home/antonkov/masterWork/tests/samePrefixMarkedMtx2304/depth1/node6/test0_4.mtx 2.1 0 -1 -1 
/home/antonkov/masterWork/tests/samePrefixMarkedMtx2304/depth1/node6/test0_4.mtx 2.2 0 -1 -1 
/home/antonkov/masterWork/tests/samePrefixMarkedMtx2304/depth1/node6/test0_4.mtx 2.3 0 -1 -1 
/home/antonkov/masterWork/tests/samePrefixMarkedMtx2304/depth1/node6/test0_4.mtx 2.4 0 -1 -1 
/home/antonkov/masterWork/tests/samePrefixMarkedMtx2304/depth1/node6/test0_4.mtx 2.5 0 -1 -1 
/home/antonkov/masterWork/tests/samePrefixMarkedMtx2304/depth1/node6/test0_4.mtx 2.6 0 -1 -1 
/home/antonkov/masterWork/tests/samePrefixMarkedMtx2304/depth1/node6/test0_4.mtx 2.7 0 -1 -1 
/home/antonkov/masterWork/tests/samePrefixMarkedMtx2304/depth1/node6/test0_4.mtx 2.8 0 -1 -1 
/home/antonkov/masterWork/tests/samePrefixMarkedMtx2304/depth1/node6/test0_4.mtx 2.9 0 -1 -1 
/home/antonkov/masterWork/tests/samePrefixMarkedMtx2304/depth1/node6/test0_4.mtx 3 0 -1 -1 
/home/antonkov/masterWork/tests/samePrefixMarkedMtx2304/depth1/node6/test0_4.mtx 3.1 0 -1 -1 
/home/antonkov/masterWork/tests/samePrefixMarkedMtx2304/depth1/node6/test0_4.mtx 3.2 0 -1 -1 
/home/antonkov/masterWork/tests/samePrefixMarkedMtx2304/depth1/node6/test0_4.mtx 3.3 0 -1 -1 
/home/antonkov/masterWork/tests/samePrefixMarkedMtx2304/depth1/node6/test0_4.mtx 3.4 0 -1 -1 
/home/antonkov/masterWork/tests/samePrefixMarkedMtx2304/depth1/node6/test0_4.mtx 3.5 0 -1 -1 
/home/antonkov/masterWork/tests/samePrefixMarkedMtx2304/depth1/node6/test1_0.mtx 1 388.221 0.0682552 0.83 
/home/antonkov/masterWork/tests/samePrefixMarkedMtx2304/depth1/node6/test1_0.mtx 1.1 379.873 0.0569401 0.75 
/home/antonkov/masterWork/tests/samePrefixMarkedMtx2304/depth1/node6/test1_0.mtx 1.2 372.595 0.0392925 0.53 
/home/antonkov/masterWork/tests/samePrefixMarkedMtx2304/depth1/node6/test1_0.mtx 1.3 459.785 0.0277452 0.395 
/home/antonkov/masterWork/tests/samePrefixMarkedMtx2304/depth1/node6/test1_0.mtx 1.4 439.546 0.0161089 0.26 
/home/antonkov/masterWork/tests/samePrefixMarkedMtx2304/depth1/node6/test1_0.mtx 1.5 565.571 0.00887804 0.1375 
/home/antonkov/masterWork/tests/samePrefixMarkedMtx2304/depth1/node6/test1_0.mtx 1.6 799.46 0.00358181 0.06625 
/home/antonkov/masterWork/tests/samePrefixMarkedMtx2304/depth1/node6/test1_0.mtx 1.7 1608.95 0.00118417 0.02125 
/home/antonkov/masterWork/tests/samePrefixMarkedMtx2304/depth1/node6/test1_0.mtx 1.8 2735.48 0.000548407 0.00980392 
/home/antonkov/masterWork/tests/samePrefixMarkedMtx2304/depth1/node6/test1_0.mtx 1.9 0 -1 -1 
/home/antonkov/masterWork/tests/samePrefixMarkedMtx2304/depth1/node6/test1_0.mtx 2 0 -1 -1 
/home/antonkov/masterWork/tests/samePrefixMarkedMtx2304/depth1/node6/test1_0.mtx 2.1 0 -1 -1 
/home/antonkov/masterWork/tests/samePrefixMarkedMtx2304/depth1/node6/test1_0.mtx 2.2 0 -1 -1 
/home/antonkov/masterWork/tests/samePrefixMarkedMtx2304/depth1/node6/test1_0.mtx 2.3 0 -1 -1 
/home/antonkov/masterWork/tests/samePrefixMarkedMtx2304/depth1/node6/test1_0.mtx 2.4 0 -1 -1 
/home/antonkov/masterWork/tests/samePrefixMarkedMtx2304/depth1/node6/test1_0.mtx 2.5 0 -1 -1 
/home/antonkov/masterWork/tests/samePrefixMarkedMtx2304/depth1/node6/test1_0.mtx 2.6 0 -1 -1 
/home/antonkov/masterWork/tests/samePrefixMarkedMtx2304/depth1/node6/test1_0.mtx 2.7 0 -1 -1 
/home/antonkov/masterWork/tests/samePrefixMarkedMtx2304/depth1/node6/test1_0.mtx 2.8 0 -1 -1 
/home/antonkov/masterWork/tests/samePrefixMarkedMtx2304/depth1/node6/test1_0.mtx 2.9 0 -1 -1 
/home/antonkov/masterWork/tests/samePrefixMarkedMtx2304/depth1/node6/test1_0.mtx 3 0 -1 -1 
/home/antonkov/masterWork/tests/samePrefixMarkedMtx2304/depth1/node6/test1_0.mtx 3.1 0 -1 -1 
/home/antonkov/masterWork/tests/samePrefixMarkedMtx2304/depth1/node6/test1_0.mtx 3.2 0 -1 -1 
/home/antonkov/masterWork/tests/samePrefixMarkedMtx2304/depth1/node6/test1_0.mtx 3.3 0 -1 -1 
/home/antonkov/masterWork/tests/samePrefixMarkedMtx2304/depth1/node6/test1_0.mtx 3.4 0 -1 -1 
/home/antonkov/masterWork/tests/samePrefixMarkedMtx2304/depth1/node6/test1_0.mtx 3.5 0 -1 -1 
/home/antonkov/masterWork/tests/samePrefixMarkedMtx2304/depth1/node6/test1_1.mtx 1 387.233 0.0632682 0.79 
/home/antonkov/masterWork/tests/samePrefixMarkedMtx2304/depth1/node6/test1_1.mtx 1.1 368.525 0.0474002 0.62 
/home/antonkov/masterWork/tests/samePrefixMarkedMtx2304/depth1/node6/test1_1.mtx 1.2 470.282 0.035957 0.49 
/home/antonkov/masterWork/tests/samePrefixMarkedMtx2304/depth1/node6/test1_1.mtx 1.3 451.111 0.0212153 0.285 
/home/antonkov/masterWork/tests/samePrefixMarkedMtx2304/depth1/node6/test1_1.mtx 1.4 503.412 0.0137153 0.206667 
/home/antonkov/masterWork/tests/samePrefixMarkedMtx2304/depth1/node6/test1_1.mtx 1.5 606.903 0.00671267 0.102 
/home/antonkov/masterWork/tests/samePrefixMarkedMtx2304/depth1/node6/test1_1.mtx 1.6 865.992 0.00338021 0.05 
/home/antonkov/masterWork/tests/samePrefixMarkedMtx2304/depth1/node6/test1_1.mtx 1.7 1354.84 0.00166276 0.0255 
/home/antonkov/masterWork/tests/samePrefixMarkedMtx2304/depth1/node6/test1_1.mtx 1.8 2446.22 0.000581782 0.0106383 
/home/antonkov/masterWork/tests/samePrefixMarkedMtx2304/depth1/node6/test1_1.mtx 1.9 6528.19 0.000208362 0.00337748 
/home/antonkov/masterWork/tests/samePrefixMarkedMtx2304/depth1/node6/test1_1.mtx 2 0 -1 -1 
/home/antonkov/masterWork/tests/samePrefixMarkedMtx2304/depth1/node6/test1_1.mtx 2.1 0 -1 -1 
/home/antonkov/masterWork/tests/samePrefixMarkedMtx2304/depth1/node6/test1_1.mtx 2.2 0 -1 -1 
/home/antonkov/masterWork/tests/samePrefixMarkedMtx2304/depth1/node6/test1_1.mtx 2.3 0 -1 -1 
/home/antonkov/masterWork/tests/samePrefixMarkedMtx2304/depth1/node6/test1_1.mtx 2.4 0 -1 -1 
/home/antonkov/masterWork/tests/samePrefixMarkedMtx2304/depth1/node6/test1_1.mtx 2.5 0 -1 -1 
/home/antonkov/masterWork/tests/samePrefixMarkedMtx2304/depth1/node6/test1_1.mtx 2.6 0 -1 -1 
/home/antonkov/masterWork/tests/samePrefixMarkedMtx2304/depth1/node6/test1_1.mtx 2.7 0 -1 -1 
/home/antonkov/masterWork/tests/samePrefixMarkedMtx2304/depth1/node6/test1_1.mtx 2.8 0 -1 -1 
/home/antonkov/masterWork/tests/samePrefixMarkedMtx2304/depth1/node6/test1_1.mtx 2.9 0 -1 -1 
/home/antonkov/masterWork/tests/samePrefixMarkedMtx2304/depth1/node6/test1_1.mtx 3 0 -1 -1 
/home/antonkov/masterWork/tests/samePrefixMarkedMtx2304/depth1/node6/test1_1.mtx 3.1 0 -1 -1 
/home/antonkov/masterWork/tests/samePrefixMarkedMtx2304/depth1/node6/test1_1.mtx 3.2 0 -1 -1 
/home/antonkov/masterWork/tests/samePrefixMarkedMtx2304/depth1/node6/test1_1.mtx 3.3 0 -1 -1 
/home/antonkov/masterWork/tests/samePrefixMarkedMtx2304/depth1/node6/test1_1.mtx 3.4 0 -1 -1 
/home/antonkov/masterWork/tests/samePrefixMarkedMtx2304/depth1/node6/test1_1.mtx 3.5 0 -1 -1 
/home/antonkov/masterWork/tests/samePrefixMarkedMtx2304/depth1/node6/test1_2.mtx 1 387.084 0.0649826 0.82 
/home/antonkov/masterWork/tests/samePrefixMarkedMtx2304/depth1/node6/test1_2.mtx 1.1 381.045 0.0511675 0.69 
/home/antonkov/masterWork/tests/samePrefixMarkedMtx2304/depth1/node6/test1_2.mtx 1.2 371.855 0.0360243 0.52 
/home/antonkov/masterWork/tests/samePrefixMarkedMtx2304/depth1/node6/test1_2.mtx 1.3 459.285 0.0272352 0.39 
/home/antonkov/masterWork/tests/samePrefixMarkedMtx2304/depth1/node6/test1_2.mtx 1.4 515.191 0.0155613 0.233333 
/home/antonkov/masterWork/tests/samePrefixMarkedMtx2304/depth1/node6/test1_2.mtx 1.5 557.473 0.00750434 0.125 
/home/antonkov/masterWork/tests/samePrefixMarkedMtx2304/depth1/node6/test1_2.mtx 1.6 862.64 0.00351755 0.0588889 
/home/antonkov/masterWork/tests/samePrefixMarkedMtx2304/depth1/node6/test1_2.mtx 1.7 1175.37 0.00164768 0.03125 
/home/antonkov/masterWork/tests/samePrefixMarkedMtx2304/depth1/node6/test1_2.mtx 1.8 2500.77 0.000499698 0.0108696 
/home/antonkov/masterWork/tests/samePrefixMarkedMtx2304/depth1/node6/test1_2.mtx 1.9 4923.88 0.000153589 0.00471698 
/home/antonkov/masterWork/tests/samePrefixMarkedMtx2304/depth1/node6/test1_2.mtx 2 0 -1 -1 
/home/antonkov/masterWork/tests/samePrefixMarkedMtx2304/depth1/node6/test1_2.mtx 2.1 0 -1 -1 
/home/antonkov/masterWork/tests/samePrefixMarkedMtx2304/depth1/node6/test1_2.mtx 2.2 0 -1 -1 
/home/antonkov/masterWork/tests/samePrefixMarkedMtx2304/depth1/node6/test1_2.mtx 2.3 0 -1 -1 
/home/antonkov/masterWork/tests/samePrefixMarkedMtx2304/depth1/node6/test1_2.mtx 2.4 0 -1 -1 
/home/antonkov/masterWork/tests/samePrefixMarkedMtx2304/depth1/node6/test1_2.mtx 2.5 0 -1 -1 
/home/antonkov/masterWork/tests/samePrefixMarkedMtx2304/depth1/node6/test1_2.mtx 2.6 0 -1 -1 
/home/antonkov/masterWork/tests/samePrefixMarkedMtx2304/depth1/node6/test1_2.mtx 2.7 0 -1 -1 
/home/antonkov/masterWork/tests/samePrefixMarkedMtx2304/depth1/node6/test1_2.mtx 2.8 0 -1 -1 
/home/antonkov/masterWork/tests/samePrefixMarkedMtx2304/depth1/node6/test1_2.mtx 2.9 0 -1 -1 
/home/antonkov/masterWork/tests/samePrefixMarkedMtx2304/depth1/node6/test1_2.mtx 3 0 -1 -1 
/home/antonkov/masterWork/tests/samePrefixMarkedMtx2304/depth1/node6/test1_2.mtx 3.1 0 -1 -1 
/home/antonkov/masterWork/tests/samePrefixMarkedMtx2304/depth1/node6/test1_2.mtx 3.2 0 -1 -1 
/home/antonkov/masterWork/tests/samePrefixMarkedMtx2304/depth1/node6/test1_2.mtx 3.3 0 -1 -1 
/home/antonkov/masterWork/tests/samePrefixMarkedMtx2304/depth1/node6/test1_2.mtx 3.4 0 -1 -1 
/home/antonkov/masterWork/tests/samePrefixMarkedMtx2304/depth1/node6/test1_2.mtx 3.5 0 -1 -1 
/home/antonkov/masterWork/tests/samePrefixMarkedMtx2304/depth1/node6/test1_3.mtx 1 388.855 0.0652431 0.8 
/home/antonkov/masterWork/tests/samePrefixMarkedMtx2304/depth1/node6/test1_3.mtx 1.1 372.379 0.0507378 0.65 
/home/antonkov/masterWork/tests/samePrefixMarkedMtx2304/depth1/node6/test1_3.mtx 1.2 471.496 0.0402886 0.535 
/home/antonkov/masterWork/tests/samePrefixMarkedMtx2304/depth1/node6/test1_3.mtx 1.3 453.078 0.0274631 0.385 
/home/antonkov/masterWork/tests/samePrefixMarkedMtx2304/depth1/node6/test1_3.mtx 1.4 503.654 0.0137384 0.216667 
/home/antonkov/masterWork/tests/samePrefixMarkedMtx2304/depth1/node6/test1_3.mtx 1.5 613.313 0.00709896 0.104 
/home/antonkov/masterWork/tests/samePrefixMarkedMtx2304/depth1/node6/test1_3.mtx 1.6 748.26 0.00398709 0.07 
/home/antonkov/masterWork/tests/samePrefixMarkedMtx2304/depth1/node6/test1_3.mtx 1.7 1191.56 0.00184896 0.0305882 
/home/antonkov/masterWork/tests/samePrefixMarkedMtx2304/depth1/node6/test1_3.mtx 1.8 2308.18 0.000668504 0.0118605 
/home/antonkov/masterWork/tests/samePrefixMarkedMtx2304/depth1/node6/test1_3.mtx 1.9 6529.63 0.000155074 0.00322581 
/home/antonkov/masterWork/tests/samePrefixMarkedMtx2304/depth1/node6/test1_3.mtx 2 0 -1 -1 
/home/antonkov/masterWork/tests/samePrefixMarkedMtx2304/depth1/node6/test1_3.mtx 2.1 0 -1 -1 
/home/antonkov/masterWork/tests/samePrefixMarkedMtx2304/depth1/node6/test1_3.mtx 2.2 0 -1 -1 
/home/antonkov/masterWork/tests/samePrefixMarkedMtx2304/depth1/node6/test1_3.mtx 2.3 0 -1 -1 
/home/antonkov/masterWork/tests/samePrefixMarkedMtx2304/depth1/node6/test1_3.mtx 2.4 0 -1 -1 
/home/antonkov/masterWork/tests/samePrefixMarkedMtx2304/depth1/node6/test1_3.mtx 2.5 0 -1 -1 
/home/antonkov/masterWork/tests/samePrefixMarkedMtx2304/depth1/node6/test1_3.mtx 2.6 0 -1 -1 
/home/antonkov/masterWork/tests/samePrefixMarkedMtx2304/depth1/node6/test1_3.mtx 2.7 0 -1 -1 
/home/antonkov/masterWork/tests/samePrefixMarkedMtx2304/depth1/node6/test1_3.mtx 2.8 0 -1 -1 
/home/antonkov/masterWork/tests/samePrefixMarkedMtx2304/depth1/node6/test1_3.mtx 2.9 0 -1 -1 
/home/antonkov/masterWork/tests/samePrefixMarkedMtx2304/depth1/node6/test1_3.mtx 3 0 -1 -1 
/home/antonkov/masterWork/tests/samePrefixMarkedMtx2304/depth1/node6/test1_3.mtx 3.1 0 -1 -1 
/home/antonkov/masterWork/tests/samePrefixMarkedMtx2304/depth1/node6/test1_3.mtx 3.2 0 -1 -1 
/home/antonkov/masterWork/tests/samePrefixMarkedMtx2304/depth1/node6/test1_3.mtx 3.3 0 -1 -1 
/home/antonkov/masterWork/tests/samePrefixMarkedMtx2304/depth1/node6/test1_3.mtx 3.4 0 -1 -1 
/home/antonkov/masterWork/tests/samePrefixMarkedMtx2304/depth1/node6/test1_3.mtx 3.5 0 -1 -1 
/home/antonkov/masterWork/tests/samePrefixMarkedMtx2304/depth1/node6/test1_4.mtx 1 389.46 0.0658333 0.78 
/home/antonkov/masterWork/tests/samePrefixMarkedMtx2304/depth1/node6/test1_4.mtx 1.1 378.158 0.0502083 0.64 
/home/antonkov/masterWork/tests/samePrefixMarkedMtx2304/depth1/node6/test1_4.mtx 1.2 474.477 0.0385503 0.53 
/home/antonkov/masterWork/tests/samePrefixMarkedMtx2304/depth1/node6/test1_4.mtx 1.3 449.026 0.0250217 0.355 
/home/antonkov/masterWork/tests/samePrefixMarkedMtx2304/depth1/node6/test1_4.mtx 1.4 516.147 0.0148481 0.226667 
/home/antonkov/masterWork/tests/samePrefixMarkedMtx2304/depth1/node6/test1_4.mtx 1.5 609.923 0.00743229 0.116 
/home/antonkov/masterWork/tests/samePrefixMarkedMtx2304/depth1/node6/test1_4.mtx 1.6 811.609 0.00344136 0.0555556 
/home/antonkov/masterWork/tests/samePrefixMarkedMtx2304/depth1/node6/test1_4.mtx 1.7 1509.89 0.00133152 0.0217391 
/home/antonkov/masterWork/tests/samePrefixMarkedMtx2304/depth1/node6/test1_4.mtx 1.8 3081.33 0.000494719 0.00833333 
/home/antonkov/masterWork/tests/samePrefixMarkedMtx2304/depth1/node6/test1_4.mtx 1.9 0 -1 -1 
/home/antonkov/masterWork/tests/samePrefixMarkedMtx2304/depth1/node6/test1_4.mtx 2 0 -1 -1 
/home/antonkov/masterWork/tests/samePrefixMarkedMtx2304/depth1/node6/test1_4.mtx 2.1 0 -1 -1 
/home/antonkov/masterWork/tests/samePrefixMarkedMtx2304/depth1/node6/test1_4.mtx 2.2 0 -1 -1 
/home/antonkov/masterWork/tests/samePrefixMarkedMtx2304/depth1/node6/test1_4.mtx 2.3 0 -1 -1 
/home/antonkov/masterWork/tests/samePrefixMarkedMtx2304/depth1/node6/test1_4.mtx 2.4 0 -1 -1 
/home/antonkov/masterWork/tests/samePrefixMarkedMtx2304/depth1/node6/test1_4.mtx 2.5 0 -1 -1 
/home/antonkov/masterWork/tests/samePrefixMarkedMtx2304/depth1/node6/test1_4.mtx 2.6 0 -1 -1 
/home/antonkov/masterWork/tests/samePrefixMarkedMtx2304/depth1/node6/test1_4.mtx 2.7 0 -1 -1 
/home/antonkov/masterWork/tests/samePrefixMarkedMtx2304/depth1/node6/test1_4.mtx 2.8 0 -1 -1 
/home/antonkov/masterWork/tests/samePrefixMarkedMtx2304/depth1/node6/test1_4.mtx 2.9 0 -1 -1 
/home/antonkov/masterWork/tests/samePrefixMarkedMtx2304/depth1/node6/test1_4.mtx 3 0 -1 -1 
/home/antonkov/masterWork/tests/samePrefixMarkedMtx2304/depth1/node6/test1_4.mtx 3.1 0 -1 -1 
/home/antonkov/masterWork/tests/samePrefixMarkedMtx2304/depth1/node6/test1_4.mtx 3.2 0 -1 -1 
/home/antonkov/masterWork/tests/samePrefixMarkedMtx2304/depth1/node6/test1_4.mtx 3.3 0 -1 -1 
/home/antonkov/masterWork/tests/samePrefixMarkedMtx2304/depth1/node6/test1_4.mtx 3.4 0 -1 -1 
/home/antonkov/masterWork/tests/samePrefixMarkedMtx2304/depth1/node6/test1_4.mtx 3.5 0 -1 -1 
/home/antonkov/masterWork/tests/samePrefixMarkedMtx2304/depth1/node6/test2_0.mtx 1 371.519 0.0724175 0.86 
/home/antonkov/masterWork/tests/samePrefixMarkedMtx2304/depth1/node6/test2_0.mtx 1.1 370.087 0.0589062 0.77 
/home/antonkov/masterWork/tests/samePrefixMarkedMtx2304/depth1/node6/test2_0.mtx 1.2 346.311 0.0418186 0.56 
/home/antonkov/masterWork/tests/samePrefixMarkedMtx2304/depth1/node6/test2_0.mtx 1.3 451.272 0.0288216 0.42 
/home/antonkov/masterWork/tests/samePrefixMarkedMtx2304/depth1/node6/test2_0.mtx 1.4 526.362 0.0156236 0.233333 
/home/antonkov/masterWork/tests/samePrefixMarkedMtx2304/depth1/node6/test2_0.mtx 1.5 567.513 0.00901476 0.1375 
/home/antonkov/masterWork/tests/samePrefixMarkedMtx2304/depth1/node6/test2_0.mtx 1.6 721.342 0.00486111 0.0842857 
/home/antonkov/masterWork/tests/samePrefixMarkedMtx2304/depth1/node6/test2_0.mtx 1.7 1246.52 0.00160131 0.0294118 
/home/antonkov/masterWork/tests/samePrefixMarkedMtx2304/depth1/node6/test2_0.mtx 1.8 2437.24 0.000673551 0.0116279 
/home/antonkov/masterWork/tests/samePrefixMarkedMtx2304/depth1/node6/test2_0.mtx 1.9 5125.46 0.000280645 0.00477064 
/home/antonkov/masterWork/tests/samePrefixMarkedMtx2304/depth1/node6/test2_0.mtx 2 0 -1 -1 
/home/antonkov/masterWork/tests/samePrefixMarkedMtx2304/depth1/node6/test2_0.mtx 2.1 0 -1 -1 
/home/antonkov/masterWork/tests/samePrefixMarkedMtx2304/depth1/node6/test2_0.mtx 2.2 0 -1 -1 
/home/antonkov/masterWork/tests/samePrefixMarkedMtx2304/depth1/node6/test2_0.mtx 2.3 0 -1 -1 
/home/antonkov/masterWork/tests/samePrefixMarkedMtx2304/depth1/node6/test2_0.mtx 2.4 0 -1 -1 
/home/antonkov/masterWork/tests/samePrefixMarkedMtx2304/depth1/node6/test2_0.mtx 2.5 0 -1 -1 
/home/antonkov/masterWork/tests/samePrefixMarkedMtx2304/depth1/node6/test2_0.mtx 2.6 0 -1 -1 
/home/antonkov/masterWork/tests/samePrefixMarkedMtx2304/depth1/node6/test2_0.mtx 2.7 0 -1 -1 
/home/antonkov/masterWork/tests/samePrefixMarkedMtx2304/depth1/node6/test2_0.mtx 2.8 0 -1 -1 
/home/antonkov/masterWork/tests/samePrefixMarkedMtx2304/depth1/node6/test2_0.mtx 2.9 0 -1 -1 
/home/antonkov/masterWork/tests/samePrefixMarkedMtx2304/depth1/node6/test2_0.mtx 3 0 -1 -1 
/home/antonkov/masterWork/tests/samePrefixMarkedMtx2304/depth1/node6/test2_0.mtx 3.1 0 -1 -1 
/home/antonkov/masterWork/tests/samePrefixMarkedMtx2304/depth1/node6/test2_0.mtx 3.2 0 -1 -1 
/home/antonkov/masterWork/tests/samePrefixMarkedMtx2304/depth1/node6/test2_0.mtx 3.3 0 -1 -1 
/home/antonkov/masterWork/tests/samePrefixMarkedMtx2304/depth1/node6/test2_0.mtx 3.4 0 -1 -1 
/home/antonkov/masterWork/tests/samePrefixMarkedMtx2304/depth1/node6/test2_0.mtx 3.5 0 -1 -1 
/home/antonkov/masterWork/tests/samePrefixMarkedMtx2304/depth1/node6/test2_1.mtx 1 371.85 0.0692057 0.8 
/home/antonkov/masterWork/tests/samePrefixMarkedMtx2304/depth1/node6/test2_1.mtx 1.1 370.168 0.0592578 0.75 
/home/antonkov/masterWork/tests/samePrefixMarkedMtx2304/depth1/node6/test2_1.mtx 1.2 349.461 0.0451085 0.61 
/home/antonkov/masterWork/tests/samePrefixMarkedMtx2304/depth1/node6/test2_1.mtx 1.3 455.642 0.0322852 0.435 
/home/antonkov/masterWork/tests/samePrefixMarkedMtx2304/depth1/node6/test2_1.mtx 1.4 414.578 0.0217817 0.3 
/home/antonkov/masterWork/tests/samePrefixMarkedMtx2304/depth1/node6/test2_1.mtx 1.5 473.774 0.0122917 0.193333 
/home/antonkov/masterWork/tests/samePrefixMarkedMtx2304/depth1/node6/test2_1.mtx 1.6 667.945 0.00579644 0.0933333 
/home/antonkov/masterWork/tests/samePrefixMarkedMtx2304/depth1/node6/test2_1.mtx 1.7 958.583 0.00259585 0.0416667 
/home/antonkov/masterWork/tests/samePrefixMarkedMtx2304/depth1/node6/test2_1.mtx 1.8 1709.35 0.00112043 0.0185185 
/home/antonkov/masterWork/tests/samePrefixMarkedMtx2304/depth1/node6/test2_1.mtx 1.9 4132.31 0.000302685 0.00568182 
/home/antonkov/masterWork/tests/samePrefixMarkedMtx2304/depth1/node6/test2_1.mtx 2 0 -1 -1 
/home/antonkov/masterWork/tests/samePrefixMarkedMtx2304/depth1/node6/test2_1.mtx 2.1 0 -1 -1 
/home/antonkov/masterWork/tests/samePrefixMarkedMtx2304/depth1/node6/test2_1.mtx 2.2 0 -1 -1 
/home/antonkov/masterWork/tests/samePrefixMarkedMtx2304/depth1/node6/test2_1.mtx 2.3 0 -1 -1 
/home/antonkov/masterWork/tests/samePrefixMarkedMtx2304/depth1/node6/test2_1.mtx 2.4 0 -1 -1 
/home/antonkov/masterWork/tests/samePrefixMarkedMtx2304/depth1/node6/test2_1.mtx 2.5 0 -1 -1 
/home/antonkov/masterWork/tests/samePrefixMarkedMtx2304/depth1/node6/test2_1.mtx 2.6 0 -1 -1 
/home/antonkov/masterWork/tests/samePrefixMarkedMtx2304/depth1/node6/test2_1.mtx 2.7 0 -1 -1 
/home/antonkov/masterWork/tests/samePrefixMarkedMtx2304/depth1/node6/test2_1.mtx 2.8 0 -1 -1 
/home/antonkov/masterWork/tests/samePrefixMarkedMtx2304/depth1/node6/test2_1.mtx 2.9 0 -1 -1 
/home/antonkov/masterWork/tests/samePrefixMarkedMtx2304/depth1/node6/test2_1.mtx 3 0 -1 -1 
/home/antonkov/masterWork/tests/samePrefixMarkedMtx2304/depth1/node6/test2_1.mtx 3.1 0 -1 -1 
/home/antonkov/masterWork/tests/samePrefixMarkedMtx2304/depth1/node6/test2_1.mtx 3.2 0 -1 -1 
/home/antonkov/masterWork/tests/samePrefixMarkedMtx2304/depth1/node6/test2_1.mtx 3.3 0 -1 -1 
/home/antonkov/masterWork/tests/samePrefixMarkedMtx2304/depth1/node6/test2_1.mtx 3.4 0 -1 -1 
/home/antonkov/masterWork/tests/samePrefixMarkedMtx2304/depth1/node6/test2_1.mtx 3.5 0 -1 -1 
/home/antonkov/masterWork/tests/samePrefixMarkedMtx2304/depth1/node6/test2_2.mtx 1 377.471 0.0792188 0.94 
/home/antonkov/masterWork/tests/samePrefixMarkedMtx2304/depth1/node6/test2_2.mtx 1.1 372.055 0.06477 0.83 
/home/antonkov/masterWork/tests/samePrefixMarkedMtx2304/depth1/node6/test2_2.mtx 1.2 357.992 0.0488672 0.65 
/home/antonkov/masterWork/tests/samePrefixMarkedMtx2304/depth1/node6/test2_2.mtx 1.3 455.787 0.0356684 0.48 
/home/antonkov/masterWork/tests/samePrefixMarkedMtx2304/depth1/node6/test2_2.mtx 1.4 429.47 0.0243989 0.35 
/home/antonkov/masterWork/tests/samePrefixMarkedMtx2304/depth1/node6/test2_2.mtx 1.5 479.017 0.0120312 0.18 
/home/antonkov/masterWork/tests/samePrefixMarkedMtx2304/depth1/node6/test2_2.mtx 1.6 789.791 0.00506185 0.07875 
/home/antonkov/masterWork/tests/samePrefixMarkedMtx2304/depth1/node6/test2_2.mtx 1.7 1146.35 0.00192084 0.031875 
/home/antonkov/masterWork/tests/samePrefixMarkedMtx2304/depth1/node6/test2_2.mtx 1.8 2057.83 0.000791136 0.0138889 
/home/antonkov/masterWork/tests/samePrefixMarkedMtx2304/depth1/node6/test2_2.mtx 1.9 4844.67 0.00027266 0.00471698 
/home/antonkov/masterWork/tests/samePrefixMarkedMtx2304/depth1/node6/test2_2.mtx 2 0 -1 -1 
/home/antonkov/masterWork/tests/samePrefixMarkedMtx2304/depth1/node6/test2_2.mtx 2.1 0 -1 -1 
/home/antonkov/masterWork/tests/samePrefixMarkedMtx2304/depth1/node6/test2_2.mtx 2.2 0 -1 -1 
/home/antonkov/masterWork/tests/samePrefixMarkedMtx2304/depth1/node6/test2_2.mtx 2.3 0 -1 -1 
/home/antonkov/masterWork/tests/samePrefixMarkedMtx2304/depth1/node6/test2_2.mtx 2.4 0 -1 -1 
/home/antonkov/masterWork/tests/samePrefixMarkedMtx2304/depth1/node6/test2_2.mtx 2.5 0 -1 -1 
/home/antonkov/masterWork/tests/samePrefixMarkedMtx2304/depth1/node6/test2_2.mtx 2.6 0 -1 -1 
/home/antonkov/masterWork/tests/samePrefixMarkedMtx2304/depth1/node6/test2_2.mtx 2.7 0 -1 -1 
/home/antonkov/masterWork/tests/samePrefixMarkedMtx2304/depth1/node6/test2_2.mtx 2.8 0 -1 -1 
/home/antonkov/masterWork/tests/samePrefixMarkedMtx2304/depth1/node6/test2_2.mtx 2.9 0 -1 -1 
/home/antonkov/masterWork/tests/samePrefixMarkedMtx2304/depth1/node6/test2_2.mtx 3 0 -1 -1 
/home/antonkov/masterWork/tests/samePrefixMarkedMtx2304/depth1/node6/test2_2.mtx 3.1 0 -1 -1 
/home/antonkov/masterWork/tests/samePrefixMarkedMtx2304/depth1/node6/test2_2.mtx 3.2 0 -1 -1 
/home/antonkov/masterWork/tests/samePrefixMarkedMtx2304/depth1/node6/test2_2.mtx 3.3 0 -1 -1 
/home/antonkov/masterWork/tests/samePrefixMarkedMtx2304/depth1/node6/test2_2.mtx 3.4 0 -1 -1 
/home/antonkov/masterWork/tests/samePrefixMarkedMtx2304/depth1/node6/test2_2.mtx 3.5 0 -1 -1 
/home/antonkov/masterWork/tests/samePrefixMarkedMtx2304/depth1/node6/test2_3.mtx 1 372.645 0.072947 0.85 
/home/antonkov/masterWork/tests/samePrefixMarkedMtx2304/depth1/node6/test2_3.mtx 1.1 371.812 0.0615234 0.77 
/home/antonkov/masterWork/tests/samePrefixMarkedMtx2304/depth1/node6/test2_3.mtx 1.2 355.14 0.0464019 0.64 
/home/antonkov/masterWork/tests/samePrefixMarkedMtx2304/depth1/node6/test2_3.mtx 1.3 461.851 0.0318121 0.46 
/home/antonkov/masterWork/tests/samePrefixMarkedMtx2304/depth1/node6/test2_3.mtx 1.4 416.876 0.0182096 0.27 
/home/antonkov/masterWork/tests/samePrefixMarkedMtx2304/depth1/node6/test2_3.mtx 1.5 481.701 0.0110503 0.18 
/home/antonkov/masterWork/tests/samePrefixMarkedMtx2304/depth1/node6/test2_3.mtx 1.6 779.988 0.00435927 0.0675 
/home/antonkov/masterWork/tests/samePrefixMarkedMtx2304/depth1/node6/test2_3.mtx 1.7 1264.51 0.00195236 0.0311765 
/home/antonkov/masterWork/tests/samePrefixMarkedMtx2304/depth1/node6/test2_3.mtx 1.8 2248.39 0.000714588 0.0133333 
/home/antonkov/masterWork/tests/samePrefixMarkedMtx2304/depth1/node6/test2_3.mtx 1.9 5511.72 0.000241451 0.00420168 
/home/antonkov/masterWork/tests/samePrefixMarkedMtx2304/depth1/node6/test2_3.mtx 2 0 -1 -1 
/home/antonkov/masterWork/tests/samePrefixMarkedMtx2304/depth1/node6/test2_3.mtx 2.1 0 -1 -1 
/home/antonkov/masterWork/tests/samePrefixMarkedMtx2304/depth1/node6/test2_3.mtx 2.2 0 -1 -1 
/home/antonkov/masterWork/tests/samePrefixMarkedMtx2304/depth1/node6/test2_3.mtx 2.3 0 -1 -1 
/home/antonkov/masterWork/tests/samePrefixMarkedMtx2304/depth1/node6/test2_3.mtx 2.4 0 -1 -1 
/home/antonkov/masterWork/tests/samePrefixMarkedMtx2304/depth1/node6/test2_3.mtx 2.5 0 -1 -1 
/home/antonkov/masterWork/tests/samePrefixMarkedMtx2304/depth1/node6/test2_3.mtx 2.6 0 -1 -1 
/home/antonkov/masterWork/tests/samePrefixMarkedMtx2304/depth1/node6/test2_3.mtx 2.7 0 -1 -1 
/home/antonkov/masterWork/tests/samePrefixMarkedMtx2304/depth1/node6/test2_3.mtx 2.8 0 -1 -1 
/home/antonkov/masterWork/tests/samePrefixMarkedMtx2304/depth1/node6/test2_3.mtx 2.9 0 -1 -1 
/home/antonkov/masterWork/tests/samePrefixMarkedMtx2304/depth1/node6/test2_3.mtx 3 0 -1 -1 
/home/antonkov/masterWork/tests/samePrefixMarkedMtx2304/depth1/node6/test2_3.mtx 3.1 0 -1 -1 
/home/antonkov/masterWork/tests/samePrefixMarkedMtx2304/depth1/node6/test2_3.mtx 3.2 0 -1 -1 
/home/antonkov/masterWork/tests/samePrefixMarkedMtx2304/depth1/node6/test2_3.mtx 3.3 0 -1 -1 
/home/antonkov/masterWork/tests/samePrefixMarkedMtx2304/depth1/node6/test2_3.mtx 3.4 0 -1 -1 
/home/antonkov/masterWork/tests/samePrefixMarkedMtx2304/depth1/node6/test2_3.mtx 3.5 0 -1 -1 
/home/antonkov/masterWork/tests/samePrefixMarkedMtx2304/depth1/node6/test2_4.mtx 1 377.022 0.074796 0.87 
/home/antonkov/masterWork/tests/samePrefixMarkedMtx2304/depth1/node6/test2_4.mtx 1.1 370.709 0.0643012 0.81 
/home/antonkov/masterWork/tests/samePrefixMarkedMtx2304/depth1/node6/test2_4.mtx 1.2 363.546 0.05023 0.67 
/home/antonkov/masterWork/tests/samePrefixMarkedMtx2304/depth1/node6/test2_4.mtx 1.3 348.774 0.0370356 0.52 
/home/antonkov/masterWork/tests/samePrefixMarkedMtx2304/depth1/node6/test2_4.mtx 1.4 433.472 0.0219835 0.325 
/home/antonkov/masterWork/tests/samePrefixMarkedMtx2304/depth1/node6/test2_4.mtx 1.5 490.925 0.0112789 0.18 
/home/antonkov/masterWork/tests/samePrefixMarkedMtx2304/depth1/node6/test2_4.mtx 1.6 771.034 0.00483127 0.0725 
/home/antonkov/masterWork/tests/samePrefixMarkedMtx2304/depth1/node6/test2_4.mtx 1.7 1110.59 0.00212384 0.0346667 
/home/antonkov/masterWork/tests/samePrefixMarkedMtx2304/depth1/node6/test2_4.mtx 1.8 1909.83 0.000915141 0.0151515 
/home/antonkov/masterWork/tests/samePrefixMarkedMtx2304/depth1/node6/test2_4.mtx 1.9 4498.93 0.000308603 0.00520408 
/home/antonkov/masterWork/tests/samePrefixMarkedMtx2304/depth1/node6/test2_4.mtx 2 0 -1 -1 
/home/antonkov/masterWork/tests/samePrefixMarkedMtx2304/depth1/node6/test2_4.mtx 2.1 0 -1 -1 
/home/antonkov/masterWork/tests/samePrefixMarkedMtx2304/depth1/node6/test2_4.mtx 2.2 0 -1 -1 
/home/antonkov/masterWork/tests/samePrefixMarkedMtx2304/depth1/node6/test2_4.mtx 2.3 0 -1 -1 
/home/antonkov/masterWork/tests/samePrefixMarkedMtx2304/depth1/node6/test2_4.mtx 2.4 0 -1 -1 
/home/antonkov/masterWork/tests/samePrefixMarkedMtx2304/depth1/node6/test2_4.mtx 2.5 0 -1 -1 
/home/antonkov/masterWork/tests/samePrefixMarkedMtx2304/depth1/node6/test2_4.mtx 2.6 0 -1 -1 
/home/antonkov/masterWork/tests/samePrefixMarkedMtx2304/depth1/node6/test2_4.mtx 2.7 0 -1 -1 
/home/antonkov/masterWork/tests/samePrefixMarkedMtx2304/depth1/node6/test2_4.mtx 2.8 0 -1 -1 
/home/antonkov/masterWork/tests/samePrefixMarkedMtx2304/depth1/node6/test2_4.mtx 2.9 0 -1 -1 
/home/antonkov/masterWork/tests/samePrefixMarkedMtx2304/depth1/node6/test2_4.mtx 3 0 -1 -1 
/home/antonkov/masterWork/tests/samePrefixMarkedMtx2304/depth1/node6/test2_4.mtx 3.1 0 -1 -1 
/home/antonkov/masterWork/tests/samePrefixMarkedMtx2304/depth1/node6/test2_4.mtx 3.2 0 -1 -1 
/home/antonkov/masterWork/tests/samePrefixMarkedMtx2304/depth1/node6/test2_4.mtx 3.3 0 -1 -1 
/home/antonkov/masterWork/tests/samePrefixMarkedMtx2304/depth1/node6/test2_4.mtx 3.4 0 -1 -1 
/home/antonkov/masterWork/tests/samePrefixMarkedMtx2304/depth1/node6/test2_4.mtx 3.5 0 -1 -1 
/home/antonkov/masterWork/tests/samePrefixMarkedMtx2304/depth1/node6/test97_0.mtx 1 418.671 0.0649523 0.77 
/home/antonkov/masterWork/tests/samePrefixMarkedMtx2304/depth1/node6/test97_0.mtx 1.1 401.236 0.0545269 0.68 
/home/antonkov/masterWork/tests/samePrefixMarkedMtx2304/depth1/node6/test97_0.mtx 1.2 520.973 0.0407313 0.545 
/home/antonkov/masterWork/tests/samePrefixMarkedMtx2304/depth1/node6/test97_0.mtx 1.3 485.984 0.0261241 0.36 
/home/antonkov/masterWork/tests/samePrefixMarkedMtx2304/depth1/node6/test97_0.mtx 1.4 559.061 0.0158825 0.236667 
/home/antonkov/masterWork/tests/samePrefixMarkedMtx2304/depth1/node6/test97_0.mtx 1.5 668.053 0.00760243 0.114 
/home/antonkov/masterWork/tests/samePrefixMarkedMtx2304/depth1/node6/test97_0.mtx 1.6 879.093 0.00358555 0.0577778 
/home/antonkov/masterWork/tests/samePrefixMarkedMtx2304/depth1/node6/test97_0.mtx 1.7 1593.42 0.00140927 0.0221739 
/home/antonkov/masterWork/tests/samePrefixMarkedMtx2304/depth1/node6/test97_0.mtx 1.8 3173.51 0.000553984 0.00862069 
/home/antonkov/masterWork/tests/samePrefixMarkedMtx2304/depth1/node6/test97_0.mtx 1.9 0 -1 -1 
/home/antonkov/masterWork/tests/samePrefixMarkedMtx2304/depth1/node6/test97_0.mtx 2 0 -1 -1 
/home/antonkov/masterWork/tests/samePrefixMarkedMtx2304/depth1/node6/test97_0.mtx 2.1 0 -1 -1 
/home/antonkov/masterWork/tests/samePrefixMarkedMtx2304/depth1/node6/test97_0.mtx 2.2 0 -1 -1 
/home/antonkov/masterWork/tests/samePrefixMarkedMtx2304/depth1/node6/test97_0.mtx 2.3 0 -1 -1 
/home/antonkov/masterWork/tests/samePrefixMarkedMtx2304/depth1/node6/test97_0.mtx 2.4 0 -1 -1 
/home/antonkov/masterWork/tests/samePrefixMarkedMtx2304/depth1/node6/test97_0.mtx 2.5 0 -1 -1 
/home/antonkov/masterWork/tests/samePrefixMarkedMtx2304/depth1/node6/test97_0.mtx 2.6 0 -1 -1 
/home/antonkov/masterWork/tests/samePrefixMarkedMtx2304/depth1/node6/test97_0.mtx 2.7 0 -1 -1 
/home/antonkov/masterWork/tests/samePrefixMarkedMtx2304/depth1/node6/test97_0.mtx 2.8 0 -1 -1 
/home/antonkov/masterWork/tests/samePrefixMarkedMtx2304/depth1/node6/test97_0.mtx 2.9 0 -1 -1 
/home/antonkov/masterWork/tests/samePrefixMarkedMtx2304/depth1/node6/test97_0.mtx 3 0 -1 -1 
/home/antonkov/masterWork/tests/samePrefixMarkedMtx2304/depth1/node6/test97_0.mtx 3.1 0 -1 -1 
/home/antonkov/masterWork/tests/samePrefixMarkedMtx2304/depth1/node6/test97_0.mtx 3.2 0 -1 -1 
/home/antonkov/masterWork/tests/samePrefixMarkedMtx2304/depth1/node6/test97_0.mtx 3.3 0 -1 -1 
/home/antonkov/masterWork/tests/samePrefixMarkedMtx2304/depth1/node6/test97_0.mtx 3.4 0 -1 -1 
/home/antonkov/masterWork/tests/samePrefixMarkedMtx2304/depth1/node6/test97_0.mtx 3.5 0 -1 -1 
/home/antonkov/masterWork/tests/samePrefixMarkedMtx2304/depth1/node6/test97_1.mtx 1 420.256 0.0647005 0.78 
/home/antonkov/masterWork/tests/samePrefixMarkedMtx2304/depth1/node6/test97_1.mtx 1.1 404.158 0.0509201 0.65 
/home/antonkov/masterWork/tests/samePrefixMarkedMtx2304/depth1/node6/test97_1.mtx 1.2 510.605 0.0409635 0.53 
/home/antonkov/masterWork/tests/samePrefixMarkedMtx2304/depth1/node6/test97_1.mtx 1.3 493.316 0.026684 0.36 
/home/antonkov/masterWork/tests/samePrefixMarkedMtx2304/depth1/node6/test97_1.mtx 1.4 542.703 0.0159028 0.24 
/home/antonkov/masterWork/tests/samePrefixMarkedMtx2304/depth1/node6/test97_1.mtx 1.5 682.957 0.00745052 0.11 
/home/antonkov/masterWork/tests/samePrefixMarkedMtx2304/depth1/node6/test97_1.mtx 1.6 1039.6 0.00283637 0.045 
/home/antonkov/masterWork/tests/samePrefixMarkedMtx2304/depth1/node6/test97_1.mtx 1.7 1522.35 0.00131234 0.0227273 
/home/antonkov/masterWork/tests/samePrefixMarkedMtx2304/depth1/node6/test97_1.mtx 1.8 3120.58 0.000547316 0.00847458 
/home/antonkov/masterWork/tests/samePrefixMarkedMtx2304/depth1/node6/test97_1.mtx 1.9 0 -1 -1 
/home/antonkov/masterWork/tests/samePrefixMarkedMtx2304/depth1/node6/test97_1.mtx 2 0 -1 -1 
/home/antonkov/masterWork/tests/samePrefixMarkedMtx2304/depth1/node6/test97_1.mtx 2.1 0 -1 -1 
/home/antonkov/masterWork/tests/samePrefixMarkedMtx2304/depth1/node6/test97_1.mtx 2.2 0 -1 -1 
/home/antonkov/masterWork/tests/samePrefixMarkedMtx2304/depth1/node6/test97_1.mtx 2.3 0 -1 -1 
/home/antonkov/masterWork/tests/samePrefixMarkedMtx2304/depth1/node6/test97_1.mtx 2.4 0 -1 -1 
/home/antonkov/masterWork/tests/samePrefixMarkedMtx2304/depth1/node6/test97_1.mtx 2.5 0 -1 -1 
/home/antonkov/masterWork/tests/samePrefixMarkedMtx2304/depth1/node6/test97_1.mtx 2.6 0 -1 -1 
/home/antonkov/masterWork/tests/samePrefixMarkedMtx2304/depth1/node6/test97_1.mtx 2.7 0 -1 -1 
/home/antonkov/masterWork/tests/samePrefixMarkedMtx2304/depth1/node6/test97_1.mtx 2.8 0 -1 -1 
/home/antonkov/masterWork/tests/samePrefixMarkedMtx2304/depth1/node6/test97_1.mtx 2.9 0 -1 -1 
/home/antonkov/masterWork/tests/samePrefixMarkedMtx2304/depth1/node6/test97_1.mtx 3 0 -1 -1 
/home/antonkov/masterWork/tests/samePrefixMarkedMtx2304/depth1/node6/test97_1.mtx 3.1 0 -1 -1 
/home/antonkov/masterWork/tests/samePrefixMarkedMtx2304/depth1/node6/test97_1.mtx 3.2 0 -1 -1 
/home/antonkov/masterWork/tests/samePrefixMarkedMtx2304/depth1/node6/test97_1.mtx 3.3 0 -1 -1 
/home/antonkov/masterWork/tests/samePrefixMarkedMtx2304/depth1/node6/test97_1.mtx 3.4 0 -1 -1 
/home/antonkov/masterWork/tests/samePrefixMarkedMtx2304/depth1/node6/test97_1.mtx 3.5 0 -1 -1 
/home/antonkov/masterWork/tests/samePrefixMarkedMtx2304/depth1/node6/test97_2.mtx 1 420.757 0.0691016 0.81 
/home/antonkov/masterWork/tests/samePrefixMarkedMtx2304/depth1/node6/test97_2.mtx 1.1 404.271 0.0562326 0.68 
/home/antonkov/masterWork/tests/samePrefixMarkedMtx2304/depth1/node6/test97_2.mtx 1.2 515.529 0.036072 0.485 
/home/antonkov/masterWork/tests/samePrefixMarkedMtx2304/depth1/node6/test97_2.mtx 1.3 482.928 0.0200456 0.29 
/home/antonkov/masterWork/tests/samePrefixMarkedMtx2304/depth1/node6/test97_2.mtx 1.4 542.487 0.0122656 0.176667 
/home/antonkov/masterWork/tests/samePrefixMarkedMtx2304/depth1/node6/test97_2.mtx 1.5 652.394 0.00726476 0.112 
/home/antonkov/masterWork/tests/samePrefixMarkedMtx2304/depth1/node6/test97_2.mtx 1.6 952.552 0.0030651 0.051 
/home/antonkov/masterWork/tests/samePrefixMarkedMtx2304/depth1/node6/test97_2.mtx 1.7 1491.31 0.0014728 0.0238095 
/home/antonkov/masterWork/tests/samePrefixMarkedMtx2304/depth1/node6/test97_2.mtx 1.8 3551.95 0.000421599 0.00757576 
/home/antonkov/masterWork/tests/samePrefixMarkedMtx2304/depth1/node6/test97_2.mtx 1.9 0 -1 -1 
/home/antonkov/masterWork/tests/samePrefixMarkedMtx2304/depth1/node6/test97_2.mtx 2 0 -1 -1 
/home/antonkov/masterWork/tests/samePrefixMarkedMtx2304/depth1/node6/test97_2.mtx 2.1 0 -1 -1 
/home/antonkov/masterWork/tests/samePrefixMarkedMtx2304/depth1/node6/test97_2.mtx 2.2 0 -1 -1 
/home/antonkov/masterWork/tests/samePrefixMarkedMtx2304/depth1/node6/test97_2.mtx 2.3 0 -1 -1 
/home/antonkov/masterWork/tests/samePrefixMarkedMtx2304/depth1/node6/test97_2.mtx 2.4 0 -1 -1 
/home/antonkov/masterWork/tests/samePrefixMarkedMtx2304/depth1/node6/test97_2.mtx 2.5 0 -1 -1 
/home/antonkov/masterWork/tests/samePrefixMarkedMtx2304/depth1/node6/test97_2.mtx 2.6 0 -1 -1 
/home/antonkov/masterWork/tests/samePrefixMarkedMtx2304/depth1/node6/test97_2.mtx 2.7 0 -1 -1 
/home/antonkov/masterWork/tests/samePrefixMarkedMtx2304/depth1/node6/test97_2.mtx 2.8 0 -1 -1 
/home/antonkov/masterWork/tests/samePrefixMarkedMtx2304/depth1/node6/test97_2.mtx 2.9 0 -1 -1 
/home/antonkov/masterWork/tests/samePrefixMarkedMtx2304/depth1/node6/test97_2.mtx 3 0 -1 -1 
/home/antonkov/masterWork/tests/samePrefixMarkedMtx2304/depth1/node6/test97_2.mtx 3.1 0 -1 -1 
/home/antonkov/masterWork/tests/samePrefixMarkedMtx2304/depth1/node6/test97_2.mtx 3.2 0 -1 -1 
/home/antonkov/masterWork/tests/samePrefixMarkedMtx2304/depth1/node6/test97_2.mtx 3.3 0 -1 -1 
/home/antonkov/masterWork/tests/samePrefixMarkedMtx2304/depth1/node6/test97_2.mtx 3.4 0 -1 -1 
/home/antonkov/masterWork/tests/samePrefixMarkedMtx2304/depth1/node6/test97_2.mtx 3.5 0 -1 -1 
/home/antonkov/masterWork/tests/samePrefixMarkedMtx2304/depth1/node6/test97_3.mtx 1 421.726 0.0675304 0.83 
/home/antonkov/masterWork/tests/samePrefixMarkedMtx2304/depth1/node6/test97_3.mtx 1.1 418.491 0.0522873 0.67 
/home/antonkov/masterWork/tests/samePrefixMarkedMtx2304/depth1/node6/test97_3.mtx 1.2 514.503 0.0378754 0.49 
/home/antonkov/masterWork/tests/samePrefixMarkedMtx2304/depth1/node6/test97_3.mtx 1.3 492.1 0.0260373 0.365 
/home/antonkov/masterWork/tests/samePrefixMarkedMtx2304/depth1/node6/test97_3.mtx 1.4 539.118 0.0143113 0.21 
/home/antonkov/masterWork/tests/samePrefixMarkedMtx2304/depth1/node6/test97_3.mtx 1.5 646.768 0.00665885 0.1 
/home/antonkov/masterWork/tests/samePrefixMarkedMtx2304/depth1/node6/test97_3.mtx 1.6 995.562 0.00320628 0.0481818 
/home/antonkov/masterWork/tests/samePrefixMarkedMtx2304/depth1/node6/test97_3.mtx 1.7 1683.93 0.0013816 0.0208 
/home/antonkov/masterWork/tests/samePrefixMarkedMtx2304/depth1/node6/test97_3.mtx 1.8 2747.14 0.000561428 0.00980392 
/home/antonkov/masterWork/tests/samePrefixMarkedMtx2304/depth1/node6/test97_3.mtx 1.9 0 -1 -1 
/home/antonkov/masterWork/tests/samePrefixMarkedMtx2304/depth1/node6/test97_3.mtx 2 0 -1 -1 
/home/antonkov/masterWork/tests/samePrefixMarkedMtx2304/depth1/node6/test97_3.mtx 2.1 0 -1 -1 
/home/antonkov/masterWork/tests/samePrefixMarkedMtx2304/depth1/node6/test97_3.mtx 2.2 0 -1 -1 
/home/antonkov/masterWork/tests/samePrefixMarkedMtx2304/depth1/node6/test97_3.mtx 2.3 0 -1 -1 
/home/antonkov/masterWork/tests/samePrefixMarkedMtx2304/depth1/node6/test97_3.mtx 2.4 0 -1 -1 
/home/antonkov/masterWork/tests/samePrefixMarkedMtx2304/depth1/node6/test97_3.mtx 2.5 0 -1 -1 
/home/antonkov/masterWork/tests/samePrefixMarkedMtx2304/depth1/node6/test97_3.mtx 2.6 0 -1 -1 
/home/antonkov/masterWork/tests/samePrefixMarkedMtx2304/depth1/node6/test97_3.mtx 2.7 0 -1 -1 
/home/antonkov/masterWork/tests/samePrefixMarkedMtx2304/depth1/node6/test97_3.mtx 2.8 0 -1 -1 
/home/antonkov/masterWork/tests/samePrefixMarkedMtx2304/depth1/node6/test97_3.mtx 2.9 0 -1 -1 
/home/antonkov/masterWork/tests/samePrefixMarkedMtx2304/depth1/node6/test97_3.mtx 3 0 -1 -1 
/home/antonkov/masterWork/tests/samePrefixMarkedMtx2304/depth1/node6/test97_3.mtx 3.1 0 -1 -1 
/home/antonkov/masterWork/tests/samePrefixMarkedMtx2304/depth1/node6/test97_3.mtx 3.2 0 -1 -1 
/home/antonkov/masterWork/tests/samePrefixMarkedMtx2304/depth1/node6/test97_3.mtx 3.3 0 -1 -1 
/home/antonkov/masterWork/tests/samePrefixMarkedMtx2304/depth1/node6/test97_3.mtx 3.4 0 -1 -1 
/home/antonkov/masterWork/tests/samePrefixMarkedMtx2304/depth1/node6/test97_3.mtx 3.5 0 -1 -1 
/home/antonkov/masterWork/tests/samePrefixMarkedMtx2304/depth1/node6/test97_4.mtx 1 422.802 0.071875 0.87 
/home/antonkov/masterWork/tests/samePrefixMarkedMtx2304/depth1/node6/test97_4.mtx 1.1 416.433 0.0538368 0.68 
/home/antonkov/masterWork/tests/samePrefixMarkedMtx2304/depth1/node6/test97_4.mtx 1.2 400.329 0.037309 0.53 
/home/antonkov/masterWork/tests/samePrefixMarkedMtx2304/depth1/node6/test97_4.mtx 1.3 511.781 0.0256228 0.375 
/home/antonkov/masterWork/tests/samePrefixMarkedMtx2304/depth1/node6/test97_4.mtx 1.4 554.206 0.0129803 0.23 
/home/antonkov/masterWork/tests/samePrefixMarkedMtx2304/depth1/node6/test97_4.mtx 1.5 673.128 0.00701042 0.118 
/home/antonkov/masterWork/tests/samePrefixMarkedMtx2304/depth1/node6/test97_4.mtx 1.6 876.55 0.00285735 0.0566667 
/home/antonkov/masterWork/tests/samePrefixMarkedMtx2304/depth1/node6/test97_4.mtx 1.7 1332.63 0.00122589 0.0277778 
/home/antonkov/masterWork/tests/samePrefixMarkedMtx2304/depth1/node6/test97_4.mtx 1.8 1908.52 0.000529803 0.0166667 
/home/antonkov/masterWork/tests/samePrefixMarkedMtx2304/depth1/node6/test97_4.mtx 1.9 2643.26 0.000151733 0.0106122 
/home/antonkov/masterWork/tests/samePrefixMarkedMtx2304/depth1/node6/test97_4.mtx 2 2922.52 6.70573e-05 0.00833333 
/home/antonkov/masterWork/tests/samePrefixMarkedMtx2304/depth1/node6/test97_4.mtx 2.1 0 -1 -1 
/home/antonkov/masterWork/tests/samePrefixMarkedMtx2304/depth1/node6/test97_4.mtx 2.2 0 -1 -1 
/home/antonkov/masterWork/tests/samePrefixMarkedMtx2304/depth1/node6/test97_4.mtx 2.3 0 -1 -1 
/home/antonkov/masterWork/tests/samePrefixMarkedMtx2304/depth1/node6/test97_4.mtx 2.4 0 -1 -1 
/home/antonkov/masterWork/tests/samePrefixMarkedMtx2304/depth1/node6/test97_4.mtx 2.5 0 -1 -1 
/home/antonkov/masterWork/tests/samePrefixMarkedMtx2304/depth1/node6/test97_4.mtx 2.6 0 -1 -1 
/home/antonkov/masterWork/tests/samePrefixMarkedMtx2304/depth1/node6/test97_4.mtx 2.7 0 -1 -1 
/home/antonkov/masterWork/tests/samePrefixMarkedMtx2304/depth1/node6/test97_4.mtx 2.8 0 -1 -1 
/home/antonkov/masterWork/tests/samePrefixMarkedMtx2304/depth1/node6/test97_4.mtx 2.9 0 -1 -1 
/home/antonkov/masterWork/tests/samePrefixMarkedMtx2304/depth1/node6/test97_4.mtx 3 0 -1 -1 
/home/antonkov/masterWork/tests/samePrefixMarkedMtx2304/depth1/node6/test97_4.mtx 3.1 0 -1 -1 
/home/antonkov/masterWork/tests/samePrefixMarkedMtx2304/depth1/node6/test97_4.mtx 3.2 0 -1 -1 
/home/antonkov/masterWork/tests/samePrefixMarkedMtx2304/depth1/node6/test97_4.mtx 3.3 0 -1 -1 
/home/antonkov/masterWork/tests/samePrefixMarkedMtx2304/depth1/node6/test97_4.mtx 3.4 0 -1 -1 
/home/antonkov/masterWork/tests/samePrefixMarkedMtx2304/depth1/node6/test97_4.mtx 3.5 0 -1 -1 
/home/antonkov/masterWork/tests/samePrefixMarkedMtx2304/depth1/node6/test98_0.mtx 1 407.421 0.0747266 0.85 
/home/antonkov/masterWork/tests/samePrefixMarkedMtx2304/depth1/node6/test98_0.mtx 1.1 403.646 0.0646007 0.77 
/home/antonkov/masterWork/tests/samePrefixMarkedMtx2304/depth1/node6/test98_0.mtx 1.2 390.792 0.0532161 0.67 
/home/antonkov/masterWork/tests/samePrefixMarkedMtx2304/depth1/node6/test98_0.mtx 1.3 504.193 0.0374761 0.485 
/home/antonkov/masterWork/tests/samePrefixMarkedMtx2304/depth1/node6/test98_0.mtx 1.4 484.802 0.0267925 0.365 
/home/antonkov/masterWork/tests/samePrefixMarkedMtx2304/depth1/node6/test98_0.mtx 1.5 536.002 0.0151114 0.206667 
/home/antonkov/masterWork/tests/samePrefixMarkedMtx2304/depth1/node6/test98_0.mtx 1.6 577.573 0.00880751 0.1325 
/home/antonkov/masterWork/tests/samePrefixMarkedMtx2304/depth1/node6/test98_0.mtx 1.7 929.229 0.00346007 0.055 
/home/antonkov/masterWork/tests/samePrefixMarkedMtx2304/depth1/node6/test98_0.mtx 1.8 1673.83 0.00113056 0.0204 
/home/antonkov/masterWork/tests/samePrefixMarkedMtx2304/depth1/node6/test98_0.mtx 1.9 3573.16 0.00044764 0.00772727 
/home/antonkov/masterWork/tests/samePrefixMarkedMtx2304/depth1/node6/test98_0.mtx 2 0 -1 -1 
/home/antonkov/masterWork/tests/samePrefixMarkedMtx2304/depth1/node6/test98_0.mtx 2.1 0 -1 -1 
/home/antonkov/masterWork/tests/samePrefixMarkedMtx2304/depth1/node6/test98_0.mtx 2.2 0 -1 -1 
/home/antonkov/masterWork/tests/samePrefixMarkedMtx2304/depth1/node6/test98_0.mtx 2.3 0 -1 -1 
/home/antonkov/masterWork/tests/samePrefixMarkedMtx2304/depth1/node6/test98_0.mtx 2.4 0 -1 -1 
/home/antonkov/masterWork/tests/samePrefixMarkedMtx2304/depth1/node6/test98_0.mtx 2.5 0 -1 -1 
/home/antonkov/masterWork/tests/samePrefixMarkedMtx2304/depth1/node6/test98_0.mtx 2.6 0 -1 -1 
/home/antonkov/masterWork/tests/samePrefixMarkedMtx2304/depth1/node6/test98_0.mtx 2.7 0 -1 -1 
/home/antonkov/masterWork/tests/samePrefixMarkedMtx2304/depth1/node6/test98_0.mtx 2.8 0 -1 -1 
/home/antonkov/masterWork/tests/samePrefixMarkedMtx2304/depth1/node6/test98_0.mtx 2.9 0 -1 -1 
/home/antonkov/masterWork/tests/samePrefixMarkedMtx2304/depth1/node6/test98_0.mtx 3 0 -1 -1 
/home/antonkov/masterWork/tests/samePrefixMarkedMtx2304/depth1/node6/test98_0.mtx 3.1 0 -1 -1 
/home/antonkov/masterWork/tests/samePrefixMarkedMtx2304/depth1/node6/test98_0.mtx 3.2 0 -1 -1 
/home/antonkov/masterWork/tests/samePrefixMarkedMtx2304/depth1/node6/test98_0.mtx 3.3 0 -1 -1 
/home/antonkov/masterWork/tests/samePrefixMarkedMtx2304/depth1/node6/test98_0.mtx 3.4 0 -1 -1 
/home/antonkov/masterWork/tests/samePrefixMarkedMtx2304/depth1/node6/test98_0.mtx 3.5 0 -1 -1 
/home/antonkov/masterWork/tests/samePrefixMarkedMtx2304/depth1/node6/test98_1.mtx 1 412.949 0.0799696 0.9 
/home/antonkov/masterWork/tests/samePrefixMarkedMtx2304/depth1/node6/test98_1.mtx 1.1 409.336 0.0658116 0.81 
/home/antonkov/masterWork/tests/samePrefixMarkedMtx2304/depth1/node6/test98_1.mtx 1.2 382.239 0.0492795 0.62 
/home/antonkov/masterWork/tests/samePrefixMarkedMtx2304/depth1/node6/test98_1.mtx 1.3 496.384 0.0376519 0.495 
/home/antonkov/masterWork/tests/samePrefixMarkedMtx2304/depth1/node6/test98_1.mtx 1.4 463.549 0.0240191 0.335 
/home/antonkov/masterWork/tests/samePrefixMarkedMtx2304/depth1/node6/test98_1.mtx 1.5 529.23 0.0129586 0.186667 
/home/antonkov/masterWork/tests/samePrefixMarkedMtx2304/depth1/node6/test98_1.mtx 1.6 691.698 0.00558087 0.0866667 
/home/antonkov/masterWork/tests/samePrefixMarkedMtx2304/depth1/node6/test98_1.mtx 1.7 953.048 0.00278133 0.0454545 
/home/antonkov/masterWork/tests/samePrefixMarkedMtx2304/depth1/node6/test98_1.mtx 1.8 1605.57 0.00129485 0.0208333 
/home/antonkov/masterWork/tests/samePrefixMarkedMtx2304/depth1/node6/test98_1.mtx 1.9 3282.27 0.000469232 0.00793651 
/home/antonkov/masterWork/tests/samePrefixMarkedMtx2304/depth1/node6/test98_1.mtx 2 0 -1 -1 
/home/antonkov/masterWork/tests/samePrefixMarkedMtx2304/depth1/node6/test98_1.mtx 2.1 0 -1 -1 
/home/antonkov/masterWork/tests/samePrefixMarkedMtx2304/depth1/node6/test98_1.mtx 2.2 0 -1 -1 
/home/antonkov/masterWork/tests/samePrefixMarkedMtx2304/depth1/node6/test98_1.mtx 2.3 0 -1 -1 
/home/antonkov/masterWork/tests/samePrefixMarkedMtx2304/depth1/node6/test98_1.mtx 2.4 0 -1 -1 
/home/antonkov/masterWork/tests/samePrefixMarkedMtx2304/depth1/node6/test98_1.mtx 2.5 0 -1 -1 
/home/antonkov/masterWork/tests/samePrefixMarkedMtx2304/depth1/node6/test98_1.mtx 2.6 0 -1 -1 
/home/antonkov/masterWork/tests/samePrefixMarkedMtx2304/depth1/node6/test98_1.mtx 2.7 0 -1 -1 
/home/antonkov/masterWork/tests/samePrefixMarkedMtx2304/depth1/node6/test98_1.mtx 2.8 0 -1 -1 
/home/antonkov/masterWork/tests/samePrefixMarkedMtx2304/depth1/node6/test98_1.mtx 2.9 0 -1 -1 
/home/antonkov/masterWork/tests/samePrefixMarkedMtx2304/depth1/node6/test98_1.mtx 3 0 -1 -1 
/home/antonkov/masterWork/tests/samePrefixMarkedMtx2304/depth1/node6/test98_1.mtx 3.1 0 -1 -1 
/home/antonkov/masterWork/tests/samePrefixMarkedMtx2304/depth1/node6/test98_1.mtx 3.2 0 -1 -1 
/home/antonkov/masterWork/tests/samePrefixMarkedMtx2304/depth1/node6/test98_1.mtx 3.3 0 -1 -1 
/home/antonkov/masterWork/tests/samePrefixMarkedMtx2304/depth1/node6/test98_1.mtx 3.4 0 -1 -1 
/home/antonkov/masterWork/tests/samePrefixMarkedMtx2304/depth1/node6/test98_1.mtx 3.5 0 -1 -1 
/home/antonkov/masterWork/tests/samePrefixMarkedMtx2304/depth1/node6/test98_2.mtx 1 412.685 0.078941 0.9 
/home/antonkov/masterWork/tests/samePrefixMarkedMtx2304/depth1/node6/test98_2.mtx 1.1 404.218 0.0677648 0.82 
/home/antonkov/masterWork/tests/samePrefixMarkedMtx2304/depth1/node6/test98_2.mtx 1.2 381.31 0.0516667 0.65 
/home/antonkov/masterWork/tests/samePrefixMarkedMtx2304/depth1/node6/test98_2.mtx 1.3 376.556 0.0387283 0.53 
/home/antonkov/masterWork/tests/samePrefixMarkedMtx2304/depth1/node6/test98_2.mtx 1.4 472.276 0.0267296 0.365 
/home/antonkov/masterWork/tests/samePrefixMarkedMtx2304/depth1/node6/test98_2.mtx 1.5 535.758 0.0141942 0.196667 
/home/antonkov/masterWork/tests/samePrefixMarkedMtx2304/depth1/node6/test98_2.mtx 1.6 654.987 0.00720052 0.116 
/home/antonkov/masterWork/tests/samePrefixMarkedMtx2304/depth1/node6/test98_2.mtx 1.7 905.232 0.00317144 0.05 
/home/antonkov/masterWork/tests/samePrefixMarkedMtx2304/depth1/node6/test98_2.mtx 1.8 1706.01 0.00108741 0.0192308 
/home/antonkov/masterWork/tests/samePrefixMarkedMtx2304/depth1/node6/test98_2.mtx 1.9 4185.65 0.000366204 0.0060241 
/home/antonkov/masterWork/tests/samePrefixMarkedMtx2304/depth1/node6/test98_2.mtx 2 0 -1 -1 
/home/antonkov/masterWork/tests/samePrefixMarkedMtx2304/depth1/node6/test98_2.mtx 2.1 0 -1 -1 
/home/antonkov/masterWork/tests/samePrefixMarkedMtx2304/depth1/node6/test98_2.mtx 2.2 0 -1 -1 
/home/antonkov/masterWork/tests/samePrefixMarkedMtx2304/depth1/node6/test98_2.mtx 2.3 0 -1 -1 
/home/antonkov/masterWork/tests/samePrefixMarkedMtx2304/depth1/node6/test98_2.mtx 2.4 0 -1 -1 
/home/antonkov/masterWork/tests/samePrefixMarkedMtx2304/depth1/node6/test98_2.mtx 2.5 0 -1 -1 
/home/antonkov/masterWork/tests/samePrefixMarkedMtx2304/depth1/node6/test98_2.mtx 2.6 0 -1 -1 
/home/antonkov/masterWork/tests/samePrefixMarkedMtx2304/depth1/node6/test98_2.mtx 2.7 0 -1 -1 
/home/antonkov/masterWork/tests/samePrefixMarkedMtx2304/depth1/node6/test98_2.mtx 2.8 0 -1 -1 
/home/antonkov/masterWork/tests/samePrefixMarkedMtx2304/depth1/node6/test98_2.mtx 2.9 0 -1 -1 
/home/antonkov/masterWork/tests/samePrefixMarkedMtx2304/depth1/node6/test98_2.mtx 3 0 -1 -1 
/home/antonkov/masterWork/tests/samePrefixMarkedMtx2304/depth1/node6/test98_2.mtx 3.1 0 -1 -1 
/home/antonkov/masterWork/tests/samePrefixMarkedMtx2304/depth1/node6/test98_2.mtx 3.2 0 -1 -1 
/home/antonkov/masterWork/tests/samePrefixMarkedMtx2304/depth1/node6/test98_2.mtx 3.3 0 -1 -1 
/home/antonkov/masterWork/tests/samePrefixMarkedMtx2304/depth1/node6/test98_2.mtx 3.4 0 -1 -1 
/home/antonkov/masterWork/tests/samePrefixMarkedMtx2304/depth1/node6/test98_2.mtx 3.5 0 -1 -1 
/home/antonkov/masterWork/tests/samePrefixMarkedMtx2304/depth1/node6/test98_3.mtx 1 407.024 0.0777778 0.88 
/home/antonkov/masterWork/tests/samePrefixMarkedMtx2304/depth1/node6/test98_3.mtx 1.1 407.067 0.0628038 0.78 
/home/antonkov/masterWork/tests/samePrefixMarkedMtx2304/depth1/node6/test98_3.mtx 1.2 389.078 0.0473741 0.6 
/home/antonkov/masterWork/tests/samePrefixMarkedMtx2304/depth1/node6/test98_3.mtx 1.3 485.794 0.0343707 0.45 
/home/antonkov/masterWork/tests/samePrefixMarkedMtx2304/depth1/node6/test98_3.mtx 1.4 458.138 0.0222027 0.295 
/home/antonkov/masterWork/tests/samePrefixMarkedMtx2304/depth1/node6/test98_3.mtx 1.5 519.917 0.0130339 0.18 
/home/antonkov/masterWork/tests/samePrefixMarkedMtx2304/depth1/node6/test98_3.mtx 1.6 712.595 0.00583767 0.0866667 
/home/antonkov/masterWork/tests/samePrefixMarkedMtx2304/depth1/node6/test98_3.mtx 1.7 976.633 0.00312066 0.0481818 
/home/antonkov/masterWork/tests/samePrefixMarkedMtx2304/depth1/node6/test98_3.mtx 1.8 1739.41 0.00120643 0.02 
/home/antonkov/masterWork/tests/samePrefixMarkedMtx2304/depth1/node6/test98_3.mtx 1.9 3694.47 0.000408951 0.00694444 
/home/antonkov/masterWork/tests/samePrefixMarkedMtx2304/depth1/node6/test98_3.mtx 2 0 -1 -1 
/home/antonkov/masterWork/tests/samePrefixMarkedMtx2304/depth1/node6/test98_3.mtx 2.1 0 -1 -1 
/home/antonkov/masterWork/tests/samePrefixMarkedMtx2304/depth1/node6/test98_3.mtx 2.2 0 -1 -1 
/home/antonkov/masterWork/tests/samePrefixMarkedMtx2304/depth1/node6/test98_3.mtx 2.3 0 -1 -1 
/home/antonkov/masterWork/tests/samePrefixMarkedMtx2304/depth1/node6/test98_3.mtx 2.4 0 -1 -1 
/home/antonkov/masterWork/tests/samePrefixMarkedMtx2304/depth1/node6/test98_3.mtx 2.5 0 -1 -1 
/home/antonkov/masterWork/tests/samePrefixMarkedMtx2304/depth1/node6/test98_3.mtx 2.6 0 -1 -1 
/home/antonkov/masterWork/tests/samePrefixMarkedMtx2304/depth1/node6/test98_3.mtx 2.7 0 -1 -1 
/home/antonkov/masterWork/tests/samePrefixMarkedMtx2304/depth1/node6/test98_3.mtx 2.8 0 -1 -1 
/home/antonkov/masterWork/tests/samePrefixMarkedMtx2304/depth1/node6/test98_3.mtx 2.9 0 -1 -1 
/home/antonkov/masterWork/tests/samePrefixMarkedMtx2304/depth1/node6/test98_3.mtx 3 0 -1 -1 
/home/antonkov/masterWork/tests/samePrefixMarkedMtx2304/depth1/node6/test98_3.mtx 3.1 0 -1 -1 
/home/antonkov/masterWork/tests/samePrefixMarkedMtx2304/depth1/node6/test98_3.mtx 3.2 0 -1 -1 
/home/antonkov/masterWork/tests/samePrefixMarkedMtx2304/depth1/node6/test98_3.mtx 3.3 0 -1 -1 
/home/antonkov/masterWork/tests/samePrefixMarkedMtx2304/depth1/node6/test98_3.mtx 3.4 0 -1 -1 
/home/antonkov/masterWork/tests/samePrefixMarkedMtx2304/depth1/node6/test98_3.mtx 3.5 0 -1 -1 
/home/antonkov/masterWork/tests/samePrefixMarkedMtx2304/depth1/node6/test98_4.mtx 1 402.77 0.0795052 0.86 
/home/antonkov/masterWork/tests/samePrefixMarkedMtx2304/depth1/node6/test98_4.mtx 1.1 401.895 0.0696528 0.8 
/home/antonkov/masterWork/tests/samePrefixMarkedMtx2304/depth1/node6/test98_4.mtx 1.2 387.921 0.0543142 0.67 
/home/antonkov/masterWork/tests/samePrefixMarkedMtx2304/depth1/node6/test98_4.mtx 1.3 498.824 0.0368012 0.48 
/home/antonkov/masterWork/tests/samePrefixMarkedMtx2304/depth1/node6/test98_4.mtx 1.4 468.066 0.0229557 0.325 
/home/antonkov/masterWork/tests/samePrefixMarkedMtx2304/depth1/node6/test98_4.mtx 1.5 516.039 0.0129427 0.186667 
/home/antonkov/masterWork/tests/samePrefixMarkedMtx2304/depth1/node6/test98_4.mtx 1.6 728.276 0.0066616 0.1 
/home/antonkov/masterWork/tests/samePrefixMarkedMtx2304/depth1/node6/test98_4.mtx 1.7 821.562 0.00380642 0.0588889 
/home/antonkov/masterWork/tests/samePrefixMarkedMtx2304/depth1/node6/test98_4.mtx 1.8 1732.08 0.00123087 0.0192593 
/home/antonkov/masterWork/tests/samePrefixMarkedMtx2304/depth1/node6/test98_4.mtx 1.9 4606.25 0.000310073 0.00537634 
/home/antonkov/masterWork/tests/samePrefixMarkedMtx2304/depth1/node6/test98_4.mtx 2 0 -1 -1 
/home/antonkov/masterWork/tests/samePrefixMarkedMtx2304/depth1/node6/test98_4.mtx 2.1 0 -1 -1 
/home/antonkov/masterWork/tests/samePrefixMarkedMtx2304/depth1/node6/test98_4.mtx 2.2 0 -1 -1 
/home/antonkov/masterWork/tests/samePrefixMarkedMtx2304/depth1/node6/test98_4.mtx 2.3 0 -1 -1 
/home/antonkov/masterWork/tests/samePrefixMarkedMtx2304/depth1/node6/test98_4.mtx 2.4 0 -1 -1 
/home/antonkov/masterWork/tests/samePrefixMarkedMtx2304/depth1/node6/test98_4.mtx 2.5 0 -1 -1 
/home/antonkov/masterWork/tests/samePrefixMarkedMtx2304/depth1/node6/test98_4.mtx 2.6 0 -1 -1 
/home/antonkov/masterWork/tests/samePrefixMarkedMtx2304/depth1/node6/test98_4.mtx 2.7 0 -1 -1 
/home/antonkov/masterWork/tests/samePrefixMarkedMtx2304/depth1/node6/test98_4.mtx 2.8 0 -1 -1 
/home/antonkov/masterWork/tests/samePrefixMarkedMtx2304/depth1/node6/test98_4.mtx 2.9 0 -1 -1 
/home/antonkov/masterWork/tests/samePrefixMarkedMtx2304/depth1/node6/test98_4.mtx 3 0 -1 -1 
/home/antonkov/masterWork/tests/samePrefixMarkedMtx2304/depth1/node6/test98_4.mtx 3.1 0 -1 -1 
/home/antonkov/masterWork/tests/samePrefixMarkedMtx2304/depth1/node6/test98_4.mtx 3.2 0 -1 -1 
/home/antonkov/masterWork/tests/samePrefixMarkedMtx2304/depth1/node6/test98_4.mtx 3.3 0 -1 -1 
/home/antonkov/masterWork/tests/samePrefixMarkedMtx2304/depth1/node6/test98_4.mtx 3.4 0 -1 -1 
/home/antonkov/masterWork/tests/samePrefixMarkedMtx2304/depth1/node6/test98_4.mtx 3.5 0 -1 -1 
/home/antonkov/masterWork/tests/samePrefixMarkedMtx2304/depth1/node6/test99_0.mtx 1 450.936 0.0794488 0.91 
/home/antonkov/masterWork/tests/samePrefixMarkedMtx2304/depth1/node6/test99_0.mtx 1.1 450.38 0.0664019 0.8 
/home/antonkov/masterWork/tests/samePrefixMarkedMtx2304/depth1/node6/test99_0.mtx 1.2 449.425 0.0533594 0.7 
/home/antonkov/masterWork/tests/samePrefixMarkedMtx2304/depth1/node6/test99_0.mtx 1.3 566.417 0.0381424 0.515 
/home/antonkov/masterWork/tests/samePrefixMarkedMtx2304/depth1/node6/test99_0.mtx 1.4 520.52 0.023355 0.325 
/home/antonkov/masterWork/tests/samePrefixMarkedMtx2304/depth1/node6/test99_0.mtx 1.5 579.581 0.0142506 0.22 
/home/antonkov/masterWork/tests/samePrefixMarkedMtx2304/depth1/node6/test99_0.mtx 1.6 712.317 0.00619444 0.102 
/home/antonkov/masterWork/tests/samePrefixMarkedMtx2304/depth1/node6/test99_0.mtx 1.7 906.018 0.00350743 0.0555556 
/home/antonkov/masterWork/tests/samePrefixMarkedMtx2304/depth1/node6/test99_0.mtx 1.8 1547.39 0.00134797 0.0242857 
/home/antonkov/masterWork/tests/samePrefixMarkedMtx2304/depth1/node6/test99_0.mtx 1.9 3460.12 0.000360853 0.00796875 
/home/antonkov/masterWork/tests/samePrefixMarkedMtx2304/depth1/node6/test99_0.mtx 2 0 -1 -1 
/home/antonkov/masterWork/tests/samePrefixMarkedMtx2304/depth1/node6/test99_0.mtx 2.1 0 -1 -1 
/home/antonkov/masterWork/tests/samePrefixMarkedMtx2304/depth1/node6/test99_0.mtx 2.2 0 -1 -1 
/home/antonkov/masterWork/tests/samePrefixMarkedMtx2304/depth1/node6/test99_0.mtx 2.3 0 -1 -1 
/home/antonkov/masterWork/tests/samePrefixMarkedMtx2304/depth1/node6/test99_0.mtx 2.4 0 -1 -1 
/home/antonkov/masterWork/tests/samePrefixMarkedMtx2304/depth1/node6/test99_0.mtx 2.5 0 -1 -1 
/home/antonkov/masterWork/tests/samePrefixMarkedMtx2304/depth1/node6/test99_0.mtx 2.6 0 -1 -1 
/home/antonkov/masterWork/tests/samePrefixMarkedMtx2304/depth1/node6/test99_0.mtx 2.7 0 -1 -1 
/home/antonkov/masterWork/tests/samePrefixMarkedMtx2304/depth1/node6/test99_0.mtx 2.8 0 -1 -1 
/home/antonkov/masterWork/tests/samePrefixMarkedMtx2304/depth1/node6/test99_0.mtx 2.9 0 -1 -1 
/home/antonkov/masterWork/tests/samePrefixMarkedMtx2304/depth1/node6/test99_0.mtx 3 0 -1 -1 
/home/antonkov/masterWork/tests/samePrefixMarkedMtx2304/depth1/node6/test99_0.mtx 3.1 0 -1 -1 
/home/antonkov/masterWork/tests/samePrefixMarkedMtx2304/depth1/node6/test99_0.mtx 3.2 0 -1 -1 
/home/antonkov/masterWork/tests/samePrefixMarkedMtx2304/depth1/node6/test99_0.mtx 3.3 0 -1 -1 
/home/antonkov/masterWork/tests/samePrefixMarkedMtx2304/depth1/node6/test99_0.mtx 3.4 0 -1 -1 
/home/antonkov/masterWork/tests/samePrefixMarkedMtx2304/depth1/node6/test99_0.mtx 3.5 0 -1 -1 
/home/antonkov/masterWork/tests/samePrefixMarkedMtx2304/depth1/node6/test99_1.mtx 1 453.19 0.080395 0.89 
/home/antonkov/masterWork/tests/samePrefixMarkedMtx2304/depth1/node6/test99_1.mtx 1.1 452.236 0.0672266 0.78 
/home/antonkov/masterWork/tests/samePrefixMarkedMtx2304/depth1/node6/test99_1.mtx 1.2 436.093 0.0527995 0.68 
/home/antonkov/masterWork/tests/samePrefixMarkedMtx2304/depth1/node6/test99_1.mtx 1.3 543.825 0.0410547 0.53 
/home/antonkov/masterWork/tests/samePrefixMarkedMtx2304/depth1/node6/test99_1.mtx 1.4 524.106 0.0262999 0.345 
/home/antonkov/masterWork/tests/samePrefixMarkedMtx2304/depth1/node6/test99_1.mtx 1.5 589.007 0.0163513 0.23 
/home/antonkov/masterWork/tests/samePrefixMarkedMtx2304/depth1/node6/test99_1.mtx 1.6 764.867 0.00629991 0.0883333 
/home/antonkov/masterWork/tests/samePrefixMarkedMtx2304/depth1/node6/test99_1.mtx 1.7 1081.89 0.00292426 0.0425 
/home/antonkov/masterWork/tests/samePrefixMarkedMtx2304/depth1/node6/test99_1.mtx 1.8 2045.97 0.00106435 0.016129 
/home/antonkov/masterWork/tests/samePrefixMarkedMtx2304/depth1/node6/test99_1.mtx 1.9 3371.61 0.00047456 0.00806452 
/home/antonkov/masterWork/tests/samePrefixMarkedMtx2304/depth1/node6/test99_1.mtx 2 0 -1 -1 
/home/antonkov/masterWork/tests/samePrefixMarkedMtx2304/depth1/node6/test99_1.mtx 2.1 0 -1 -1 
/home/antonkov/masterWork/tests/samePrefixMarkedMtx2304/depth1/node6/test99_1.mtx 2.2 0 -1 -1 
/home/antonkov/masterWork/tests/samePrefixMarkedMtx2304/depth1/node6/test99_1.mtx 2.3 0 -1 -1 
/home/antonkov/masterWork/tests/samePrefixMarkedMtx2304/depth1/node6/test99_1.mtx 2.4 0 -1 -1 
/home/antonkov/masterWork/tests/samePrefixMarkedMtx2304/depth1/node6/test99_1.mtx 2.5 0 -1 -1 
/home/antonkov/masterWork/tests/samePrefixMarkedMtx2304/depth1/node6/test99_1.mtx 2.6 0 -1 -1 
/home/antonkov/masterWork/tests/samePrefixMarkedMtx2304/depth1/node6/test99_1.mtx 2.7 0 -1 -1 
/home/antonkov/masterWork/tests/samePrefixMarkedMtx2304/depth1/node6/test99_1.mtx 2.8 0 -1 -1 
/home/antonkov/masterWork/tests/samePrefixMarkedMtx2304/depth1/node6/test99_1.mtx 2.9 0 -1 -1 
/home/antonkov/masterWork/tests/samePrefixMarkedMtx2304/depth1/node6/test99_1.mtx 3 0 -1 -1 
/home/antonkov/masterWork/tests/samePrefixMarkedMtx2304/depth1/node6/test99_1.mtx 3.1 0 -1 -1 
/home/antonkov/masterWork/tests/samePrefixMarkedMtx2304/depth1/node6/test99_1.mtx 3.2 0 -1 -1 
/home/antonkov/masterWork/tests/samePrefixMarkedMtx2304/depth1/node6/test99_1.mtx 3.3 0 -1 -1 
/home/antonkov/masterWork/tests/samePrefixMarkedMtx2304/depth1/node6/test99_1.mtx 3.4 0 -1 -1 
/home/antonkov/masterWork/tests/samePrefixMarkedMtx2304/depth1/node6/test99_1.mtx 3.5 0 -1 -1 
/home/antonkov/masterWork/tests/samePrefixMarkedMtx2304/depth1/node6/test99_2.mtx 1 450.435 0.0769401 0.88 
/home/antonkov/masterWork/tests/samePrefixMarkedMtx2304/depth1/node6/test99_2.mtx 1.1 455.927 0.0643186 0.77 
/home/antonkov/masterWork/tests/samePrefixMarkedMtx2304/depth1/node6/test99_2.mtx 1.2 438.086 0.0476259 0.62 
/home/antonkov/masterWork/tests/samePrefixMarkedMtx2304/depth1/node6/test99_2.mtx 1.3 539.014 0.0380122 0.505 
/home/antonkov/masterWork/tests/samePrefixMarkedMtx2304/depth1/node6/test99_2.mtx 1.4 499.157 0.0215755 0.295 
/home/antonkov/masterWork/tests/samePrefixMarkedMtx2304/depth1/node6/test99_2.mtx 1.5 559.88 0.0121296 0.186667 
/home/antonkov/masterWork/tests/samePrefixMarkedMtx2304/depth1/node6/test99_2.mtx 1.6 752.824 0.00560402 0.085 
/home/antonkov/masterWork/tests/samePrefixMarkedMtx2304/depth1/node6/test99_2.mtx 1.7 1032.87 0.00298887 0.0472727 
/home/antonkov/masterWork/tests/samePrefixMarkedMtx2304/depth1/node6/test99_2.mtx 1.8 1842.43 0.00114664 0.0192593 
/home/antonkov/masterWork/tests/samePrefixMarkedMtx2304/depth1/node6/test99_2.mtx 1.9 3830.74 0.000409235 0.00684932 
/home/antonkov/masterWork/tests/samePrefixMarkedMtx2304/depth1/node6/test99_2.mtx 2 0 -1 -1 
/home/antonkov/masterWork/tests/samePrefixMarkedMtx2304/depth1/node6/test99_2.mtx 2.1 0 -1 -1 
/home/antonkov/masterWork/tests/samePrefixMarkedMtx2304/depth1/node6/test99_2.mtx 2.2 0 -1 -1 
/home/antonkov/masterWork/tests/samePrefixMarkedMtx2304/depth1/node6/test99_2.mtx 2.3 0 -1 -1 
/home/antonkov/masterWork/tests/samePrefixMarkedMtx2304/depth1/node6/test99_2.mtx 2.4 0 -1 -1 
/home/antonkov/masterWork/tests/samePrefixMarkedMtx2304/depth1/node6/test99_2.mtx 2.5 0 -1 -1 
/home/antonkov/masterWork/tests/samePrefixMarkedMtx2304/depth1/node6/test99_2.mtx 2.6 0 -1 -1 
/home/antonkov/masterWork/tests/samePrefixMarkedMtx2304/depth1/node6/test99_2.mtx 2.7 0 -1 -1 
/home/antonkov/masterWork/tests/samePrefixMarkedMtx2304/depth1/node6/test99_2.mtx 2.8 0 -1 -1 
/home/antonkov/masterWork/tests/samePrefixMarkedMtx2304/depth1/node6/test99_2.mtx 2.9 0 -1 -1 
/home/antonkov/masterWork/tests/samePrefixMarkedMtx2304/depth1/node6/test99_2.mtx 3 0 -1 -1 
/home/antonkov/masterWork/tests/samePrefixMarkedMtx2304/depth1/node6/test99_2.mtx 3.1 0 -1 -1 
/home/antonkov/masterWork/tests/samePrefixMarkedMtx2304/depth1/node6/test99_2.mtx 3.2 0 -1 -1 
/home/antonkov/masterWork/tests/samePrefixMarkedMtx2304/depth1/node6/test99_2.mtx 3.3 0 -1 -1 
/home/antonkov/masterWork/tests/samePrefixMarkedMtx2304/depth1/node6/test99_2.mtx 3.4 0 -1 -1 
/home/antonkov/masterWork/tests/samePrefixMarkedMtx2304/depth1/node6/test99_2.mtx 3.5 0 -1 -1 
/home/antonkov/masterWork/tests/samePrefixMarkedMtx2304/depth1/node6/test99_3.mtx 1 447.872 0.0773394 0.86 
/home/antonkov/masterWork/tests/samePrefixMarkedMtx2304/depth1/node6/test99_3.mtx 1.1 448.213 0.0624175 0.74 
/home/antonkov/masterWork/tests/samePrefixMarkedMtx2304/depth1/node6/test99_3.mtx 1.2 428.685 0.0461241 0.58 
/home/antonkov/masterWork/tests/samePrefixMarkedMtx2304/depth1/node6/test99_3.mtx 1.3 535.869 0.0338238 0.47 
/home/antonkov/masterWork/tests/samePrefixMarkedMtx2304/depth1/node6/test99_3.mtx 1.4 506.775 0.0224349 0.31 
/home/antonkov/masterWork/tests/samePrefixMarkedMtx2304/depth1/node6/test99_3.mtx 1.5 568.958 0.013546 0.206667 
/home/antonkov/masterWork/tests/samePrefixMarkedMtx2304/depth1/node6/test99_3.mtx 1.6 757.986 0.0058044 0.0883333 
/home/antonkov/masterWork/tests/samePrefixMarkedMtx2304/depth1/node6/test99_3.mtx 1.7 1022.16 0.00325324 0.0481818 
/home/antonkov/masterWork/tests/samePrefixMarkedMtx2304/depth1/node6/test99_3.mtx 1.8 1813.63 0.00118313 0.0185185 
/home/antonkov/masterWork/tests/samePrefixMarkedMtx2304/depth1/node6/test99_3.mtx 1.9 3873.35 0.000408338 0.00675676 
/home/antonkov/masterWork/tests/samePrefixMarkedMtx2304/depth1/node6/test99_3.mtx 2 0 -1 -1 
/home/antonkov/masterWork/tests/samePrefixMarkedMtx2304/depth1/node6/test99_3.mtx 2.1 0 -1 -1 
/home/antonkov/masterWork/tests/samePrefixMarkedMtx2304/depth1/node6/test99_3.mtx 2.2 0 -1 -1 
/home/antonkov/masterWork/tests/samePrefixMarkedMtx2304/depth1/node6/test99_3.mtx 2.3 0 -1 -1 
/home/antonkov/masterWork/tests/samePrefixMarkedMtx2304/depth1/node6/test99_3.mtx 2.4 0 -1 -1 
/home/antonkov/masterWork/tests/samePrefixMarkedMtx2304/depth1/node6/test99_3.mtx 2.5 0 -1 -1 
/home/antonkov/masterWork/tests/samePrefixMarkedMtx2304/depth1/node6/test99_3.mtx 2.6 0 -1 -1 
/home/antonkov/masterWork/tests/samePrefixMarkedMtx2304/depth1/node6/test99_3.mtx 2.7 0 -1 -1 
/home/antonkov/masterWork/tests/samePrefixMarkedMtx2304/depth1/node6/test99_3.mtx 2.8 0 -1 -1 
/home/antonkov/masterWork/tests/samePrefixMarkedMtx2304/depth1/node6/test99_3.mtx 2.9 0 -1 -1 
/home/antonkov/masterWork/tests/samePrefixMarkedMtx2304/depth1/node6/test99_3.mtx 3 0 -1 -1 
/home/antonkov/masterWork/tests/samePrefixMarkedMtx2304/depth1/node6/test99_3.mtx 3.1 0 -1 -1 
/home/antonkov/masterWork/tests/samePrefixMarkedMtx2304/depth1/node6/test99_3.mtx 3.2 0 -1 -1 
/home/antonkov/masterWork/tests/samePrefixMarkedMtx2304/depth1/node6/test99_3.mtx 3.3 0 -1 -1 
/home/antonkov/masterWork/tests/samePrefixMarkedMtx2304/depth1/node6/test99_3.mtx 3.4 0 -1 -1 
/home/antonkov/masterWork/tests/samePrefixMarkedMtx2304/depth1/node6/test99_3.mtx 3.5 0 -1 -1 
/home/antonkov/masterWork/tests/samePrefixMarkedMtx2304/depth1/node6/test99_4.mtx 1 432.801 0.0773655 0.94 
/home/antonkov/masterWork/tests/samePrefixMarkedMtx2304/depth1/node6/test99_4.mtx 1.1 432.041 0.068928 0.89 
/home/antonkov/masterWork/tests/samePrefixMarkedMtx2304/depth1/node6/test99_4.mtx 1.2 427.256 0.0523134 0.79 
/home/antonkov/masterWork/tests/samePrefixMarkedMtx2304/depth1/node6/test99_4.mtx 1.3 420.363 0.0381901 0.72 
/home/antonkov/masterWork/tests/samePrefixMarkedMtx2304/depth1/node6/test99_4.mtx 1.4 395.724 0.0261241 0.58 
/home/antonkov/masterWork/tests/samePrefixMarkedMtx2304/depth1/node6/test99_4.mtx 1.5 527.236 0.0133203 0.475 
/home/antonkov/masterWork/tests/samePrefixMarkedMtx2304/depth1/node6/test99_4.mtx 1.6 509.571 0.0060178 0.4 
/home/antonkov/masterWork/tests/samePrefixMarkedMtx2304/depth1/node6/test99_4.mtx 1.7 472.144 0.00213325 0.305 
/home/antonkov/masterWork/tests/samePrefixMarkedMtx2304/depth1/node6/test99_4.mtx 1.8 463.079 0.00127387 0.265 
/home/antonkov/masterWork/tests/samePrefixMarkedMtx2304/depth1/node6/test99_4.mtx 1.9 522.931 0.000704572 0.22 
/home/antonkov/masterWork/tests/samePrefixMarkedMtx2304/depth1/node6/test99_4.mtx 2 510.966 0.000642361 0.203333 
/home/antonkov/masterWork/tests/samePrefixMarkedMtx2304/depth1/node6/test99_4.mtx 2.1 493.099 0.000559896 0.183333 
/home/antonkov/masterWork/tests/samePrefixMarkedMtx2304/depth1/node6/test99_4.mtx 2.2 538.319 0.000517578 0.1575 
/home/antonkov/masterWork/tests/samePrefixMarkedMtx2304/depth1/node6/test99_4.mtx 2.3 534.152 0.000401476 0.135 
/home/antonkov/masterWork/tests/samePrefixMarkedMtx2304/depth1/node6/test99_4.mtx 2.4 590.998 0.000361979 0.12 
/home/antonkov/masterWork/tests/samePrefixMarkedMtx2304/depth1/node6/test99_4.mtx 2.5 581.057 0.000313368 0.108 
/home/antonkov/masterWork/tests/samePrefixMarkedMtx2304/depth1/node6/test99_4.mtx 2.6 630.464 0.000285012 0.095 
/home/antonkov/masterWork/tests/samePrefixMarkedMtx2304/depth1/node6/test99_4.mtx 2.7 608.024 0.000260417 0.09 
/home/antonkov/masterWork/tests/samePrefixMarkedMtx2304/depth1/node6/test99_4.mtx 2.8 628.835 0.000210193 0.0757143 
/home/antonkov/masterWork/tests/samePrefixMarkedMtx2304/depth1/node6/test99_4.mtx 2.9 693.521 0.000198025 0.06875 
/home/antonkov/masterWork/tests/samePrefixMarkedMtx2304/depth1/node6/test99_4.mtx 3 692.815 0.000152392 0.0566667 
/home/antonkov/masterWork/tests/samePrefixMarkedMtx2304/depth1/node6/test99_4.mtx 3.1 731.466 0.000148872 0.054 
/home/antonkov/masterWork/tests/samePrefixMarkedMtx2304/depth1/node6/test99_4.mtx 3.2 797.118 0.000129814 0.0509091 
/home/antonkov/masterWork/tests/samePrefixMarkedMtx2304/depth1/node6/test99_4.mtx 3.3 821.481 0.000110315 0.0441667 
/home/antonkov/masterWork/tests/samePrefixMarkedMtx2304/depth1/node6/test99_4.mtx 3.4 848.491 9.51761e-05 0.0357143 
/home/antonkov/masterWork/tests/samePrefixMarkedMtx2304/depth1/node6/test99_4.mtx 3.5 960.941 7.45507e-05 0.03 
