Results
Filename SNR Time(ms) BER FER
/home/antonkov/masterWork/tests/samePrefixMarkedMtx2304/depth2/node0/test0_0.mtx 1 484.543 0.0823264 0.91 
/home/antonkov/masterWork/tests/samePrefixMarkedMtx2304/depth2/node0/test0_0.mtx 1.1 445.159 0.0713368 0.83 
/home/antonkov/masterWork/tests/samePrefixMarkedMtx2304/depth2/node0/test0_0.mtx 1.2 435.47 0.0544531 0.66 
/home/antonkov/masterWork/tests/samePrefixMarkedMtx2304/depth2/node0/test0_0.mtx 1.3 411.69 0.0422743 0.54 
/home/antonkov/masterWork/tests/samePrefixMarkedMtx2304/depth2/node0/test0_0.mtx 1.4 526.374 0.0334115 0.445 
/home/antonkov/masterWork/tests/samePrefixMarkedMtx2304/depth2/node0/test0_0.mtx 1.5 490.942 0.0208529 0.3 
/home/antonkov/masterWork/tests/samePrefixMarkedMtx2304/depth2/node0/test0_0.mtx 1.6 628.997 0.00987088 0.1475 
/home/antonkov/masterWork/tests/samePrefixMarkedMtx2304/depth2/node0/test0_0.mtx 1.7 811.985 0.00487165 0.0757143 
/home/antonkov/masterWork/tests/samePrefixMarkedMtx2304/depth2/node0/test0_0.mtx 1.8 1198.58 0.00234158 0.0357143 
/home/antonkov/masterWork/tests/samePrefixMarkedMtx2304/depth2/node0/test0_0.mtx 1.9 2501.66 0.000919916 0.0133333 
/home/antonkov/masterWork/tests/samePrefixMarkedMtx2304/depth2/node0/test0_0.mtx 2 4308.14 0.000374659 0.00595238 
/home/antonkov/masterWork/tests/samePrefixMarkedMtx2304/depth2/node0/test0_0.mtx 2.1 0 -1 -1 
/home/antonkov/masterWork/tests/samePrefixMarkedMtx2304/depth2/node0/test0_0.mtx 2.2 0 -1 -1 
/home/antonkov/masterWork/tests/samePrefixMarkedMtx2304/depth2/node0/test0_0.mtx 2.3 0 -1 -1 
/home/antonkov/masterWork/tests/samePrefixMarkedMtx2304/depth2/node0/test0_0.mtx 2.4 0 -1 -1 
/home/antonkov/masterWork/tests/samePrefixMarkedMtx2304/depth2/node0/test0_0.mtx 2.5 0 -1 -1 
/home/antonkov/masterWork/tests/samePrefixMarkedMtx2304/depth2/node0/test0_0.mtx 2.6 0 -1 -1 
/home/antonkov/masterWork/tests/samePrefixMarkedMtx2304/depth2/node0/test0_0.mtx 2.7 0 -1 -1 
/home/antonkov/masterWork/tests/samePrefixMarkedMtx2304/depth2/node0/test0_0.mtx 2.8 0 -1 -1 
/home/antonkov/masterWork/tests/samePrefixMarkedMtx2304/depth2/node0/test0_0.mtx 2.9 0 -1 -1 
/home/antonkov/masterWork/tests/samePrefixMarkedMtx2304/depth2/node0/test0_0.mtx 3 0 -1 -1 
/home/antonkov/masterWork/tests/samePrefixMarkedMtx2304/depth2/node0/test0_0.mtx 3.1 0 -1 -1 
/home/antonkov/masterWork/tests/samePrefixMarkedMtx2304/depth2/node0/test0_0.mtx 3.2 0 -1 -1 
/home/antonkov/masterWork/tests/samePrefixMarkedMtx2304/depth2/node0/test0_0.mtx 3.3 0 -1 -1 
/home/antonkov/masterWork/tests/samePrefixMarkedMtx2304/depth2/node0/test0_0.mtx 3.4 0 -1 -1 
/home/antonkov/masterWork/tests/samePrefixMarkedMtx2304/depth2/node0/test0_0.mtx 3.5 0 -1 -1 
/home/antonkov/masterWork/tests/samePrefixMarkedMtx2304/depth2/node0/test0_1.mtx 1 440.381 0.087309 0.93 
/home/antonkov/masterWork/tests/samePrefixMarkedMtx2304/depth2/node0/test0_1.mtx 1.1 442.531 0.0759505 0.87 
/home/antonkov/masterWork/tests/samePrefixMarkedMtx2304/depth2/node0/test0_1.mtx 1.2 431.694 0.062934 0.75 
/home/antonkov/masterWork/tests/samePrefixMarkedMtx2304/depth2/node0/test0_1.mtx 1.3 411.519 0.0502257 0.64 
/home/antonkov/masterWork/tests/samePrefixMarkedMtx2304/depth2/node0/test0_1.mtx 1.4 521.744 0.0330013 0.445 
/home/antonkov/masterWork/tests/samePrefixMarkedMtx2304/depth2/node0/test0_1.mtx 1.5 490.472 0.022895 0.315 
/home/antonkov/masterWork/tests/samePrefixMarkedMtx2304/depth2/node0/test0_1.mtx 1.6 635.867 0.0118674 0.1675 
/home/antonkov/masterWork/tests/samePrefixMarkedMtx2304/depth2/node0/test0_1.mtx 1.7 820.518 0.00502232 0.0742857 
/home/antonkov/masterWork/tests/samePrefixMarkedMtx2304/depth2/node0/test0_1.mtx 1.8 1465.25 0.00187524 0.03 
/home/antonkov/masterWork/tests/samePrefixMarkedMtx2304/depth2/node0/test0_1.mtx 1.9 3280.65 0.000537652 0.00928571 
/home/antonkov/masterWork/tests/samePrefixMarkedMtx2304/depth2/node0/test0_1.mtx 2 0 -1 -1 
/home/antonkov/masterWork/tests/samePrefixMarkedMtx2304/depth2/node0/test0_1.mtx 2.1 0 -1 -1 
/home/antonkov/masterWork/tests/samePrefixMarkedMtx2304/depth2/node0/test0_1.mtx 2.2 0 -1 -1 
/home/antonkov/masterWork/tests/samePrefixMarkedMtx2304/depth2/node0/test0_1.mtx 2.3 0 -1 -1 
/home/antonkov/masterWork/tests/samePrefixMarkedMtx2304/depth2/node0/test0_1.mtx 2.4 0 -1 -1 
/home/antonkov/masterWork/tests/samePrefixMarkedMtx2304/depth2/node0/test0_1.mtx 2.5 0 -1 -1 
/home/antonkov/masterWork/tests/samePrefixMarkedMtx2304/depth2/node0/test0_1.mtx 2.6 0 -1 -1 
/home/antonkov/masterWork/tests/samePrefixMarkedMtx2304/depth2/node0/test0_1.mtx 2.7 0 -1 -1 
/home/antonkov/masterWork/tests/samePrefixMarkedMtx2304/depth2/node0/test0_1.mtx 2.8 0 -1 -1 
/home/antonkov/masterWork/tests/samePrefixMarkedMtx2304/depth2/node0/test0_1.mtx 2.9 0 -1 -1 
/home/antonkov/masterWork/tests/samePrefixMarkedMtx2304/depth2/node0/test0_1.mtx 3 0 -1 -1 
/home/antonkov/masterWork/tests/samePrefixMarkedMtx2304/depth2/node0/test0_1.mtx 3.1 0 -1 -1 
/home/antonkov/masterWork/tests/samePrefixMarkedMtx2304/depth2/node0/test0_1.mtx 3.2 0 -1 -1 
/home/antonkov/masterWork/tests/samePrefixMarkedMtx2304/depth2/node0/test0_1.mtx 3.3 0 -1 -1 
/home/antonkov/masterWork/tests/samePrefixMarkedMtx2304/depth2/node0/test0_1.mtx 3.4 0 -1 -1 
/home/antonkov/masterWork/tests/samePrefixMarkedMtx2304/depth2/node0/test0_1.mtx 3.5 0 -1 -1 
/home/antonkov/masterWork/tests/samePrefixMarkedMtx2304/depth2/node0/test0_2.mtx 1 445.836 0.0866797 0.93 
/home/antonkov/masterWork/tests/samePrefixMarkedMtx2304/depth2/node0/test0_2.mtx 1.1 435.896 0.0768012 0.87 
/home/antonkov/masterWork/tests/samePrefixMarkedMtx2304/depth2/node0/test0_2.mtx 1.2 432.547 0.0615582 0.73 
/home/antonkov/masterWork/tests/samePrefixMarkedMtx2304/depth2/node0/test0_2.mtx 1.3 405.293 0.0472483 0.58 
/home/antonkov/masterWork/tests/samePrefixMarkedMtx2304/depth2/node0/test0_2.mtx 1.4 525.425 0.035651 0.475 
/home/antonkov/masterWork/tests/samePrefixMarkedMtx2304/depth2/node0/test0_2.mtx 1.5 498.069 0.0224306 0.31 
/home/antonkov/masterWork/tests/samePrefixMarkedMtx2304/depth2/node0/test0_2.mtx 1.6 548.878 0.012406 0.18 
/home/antonkov/masterWork/tests/samePrefixMarkedMtx2304/depth2/node0/test0_2.mtx 1.7 803.715 0.00531188 0.0785714 
/home/antonkov/masterWork/tests/samePrefixMarkedMtx2304/depth2/node0/test0_2.mtx 1.8 1318.59 0.00215061 0.033125 
/home/antonkov/masterWork/tests/samePrefixMarkedMtx2304/depth2/node0/test0_2.mtx 1.9 2018.02 0.00094114 0.0164516 
/home/antonkov/masterWork/tests/samePrefixMarkedMtx2304/depth2/node0/test0_2.mtx 2 5013.43 0.00031912 0.00505051 
/home/antonkov/masterWork/tests/samePrefixMarkedMtx2304/depth2/node0/test0_2.mtx 2.1 0 -1 -1 
/home/antonkov/masterWork/tests/samePrefixMarkedMtx2304/depth2/node0/test0_2.mtx 2.2 0 -1 -1 
/home/antonkov/masterWork/tests/samePrefixMarkedMtx2304/depth2/node0/test0_2.mtx 2.3 0 -1 -1 
/home/antonkov/masterWork/tests/samePrefixMarkedMtx2304/depth2/node0/test0_2.mtx 2.4 0 -1 -1 
/home/antonkov/masterWork/tests/samePrefixMarkedMtx2304/depth2/node0/test0_2.mtx 2.5 0 -1 -1 
/home/antonkov/masterWork/tests/samePrefixMarkedMtx2304/depth2/node0/test0_2.mtx 2.6 0 -1 -1 
/home/antonkov/masterWork/tests/samePrefixMarkedMtx2304/depth2/node0/test0_2.mtx 2.7 0 -1 -1 
/home/antonkov/masterWork/tests/samePrefixMarkedMtx2304/depth2/node0/test0_2.mtx 2.8 0 -1 -1 
/home/antonkov/masterWork/tests/samePrefixMarkedMtx2304/depth2/node0/test0_2.mtx 2.9 0 -1 -1 
/home/antonkov/masterWork/tests/samePrefixMarkedMtx2304/depth2/node0/test0_2.mtx 3 0 -1 -1 
/home/antonkov/masterWork/tests/samePrefixMarkedMtx2304/depth2/node0/test0_2.mtx 3.1 0 -1 -1 
/home/antonkov/masterWork/tests/samePrefixMarkedMtx2304/depth2/node0/test0_2.mtx 3.2 0 -1 -1 
/home/antonkov/masterWork/tests/samePrefixMarkedMtx2304/depth2/node0/test0_2.mtx 3.3 0 -1 -1 
/home/antonkov/masterWork/tests/samePrefixMarkedMtx2304/depth2/node0/test0_2.mtx 3.4 0 -1 -1 
/home/antonkov/masterWork/tests/samePrefixMarkedMtx2304/depth2/node0/test0_2.mtx 3.5 0 -1 -1 
/home/antonkov/masterWork/tests/samePrefixMarkedMtx2304/depth2/node0/test0_3.mtx 1 445.311 0.0852734 0.91 
/home/antonkov/masterWork/tests/samePrefixMarkedMtx2304/depth2/node0/test0_3.mtx 1.1 443.807 0.0745052 0.86 
/home/antonkov/masterWork/tests/samePrefixMarkedMtx2304/depth2/node0/test0_3.mtx 1.2 435.434 0.0616884 0.74 
/home/antonkov/masterWork/tests/samePrefixMarkedMtx2304/depth2/node0/test0_3.mtx 1.3 419.734 0.0472656 0.59 
/home/antonkov/masterWork/tests/samePrefixMarkedMtx2304/depth2/node0/test0_3.mtx 1.4 533.87 0.0355512 0.465 
/home/antonkov/masterWork/tests/samePrefixMarkedMtx2304/depth2/node0/test0_3.mtx 1.5 487.192 0.0225152 0.305 
/home/antonkov/masterWork/tests/samePrefixMarkedMtx2304/depth2/node0/test0_3.mtx 1.6 557.842 0.0122367 0.176667 
/home/antonkov/masterWork/tests/samePrefixMarkedMtx2304/depth2/node0/test0_3.mtx 1.7 728.966 0.00596282 0.0866667 
/home/antonkov/masterWork/tests/samePrefixMarkedMtx2304/depth2/node0/test0_3.mtx 1.8 1202.29 0.00250217 0.0378571 
/home/antonkov/masterWork/tests/samePrefixMarkedMtx2304/depth2/node0/test0_3.mtx 1.9 2001.93 0.000967322 0.016129 
/home/antonkov/masterWork/tests/samePrefixMarkedMtx2304/depth2/node0/test0_3.mtx 2 5612.37 0.00026242 0.0042735 
/home/antonkov/masterWork/tests/samePrefixMarkedMtx2304/depth2/node0/test0_3.mtx 2.1 0 -1 -1 
/home/antonkov/masterWork/tests/samePrefixMarkedMtx2304/depth2/node0/test0_3.mtx 2.2 0 -1 -1 
/home/antonkov/masterWork/tests/samePrefixMarkedMtx2304/depth2/node0/test0_3.mtx 2.3 0 -1 -1 
/home/antonkov/masterWork/tests/samePrefixMarkedMtx2304/depth2/node0/test0_3.mtx 2.4 0 -1 -1 
/home/antonkov/masterWork/tests/samePrefixMarkedMtx2304/depth2/node0/test0_3.mtx 2.5 0 -1 -1 
/home/antonkov/masterWork/tests/samePrefixMarkedMtx2304/depth2/node0/test0_3.mtx 2.6 0 -1 -1 
/home/antonkov/masterWork/tests/samePrefixMarkedMtx2304/depth2/node0/test0_3.mtx 2.7 0 -1 -1 
/home/antonkov/masterWork/tests/samePrefixMarkedMtx2304/depth2/node0/test0_3.mtx 2.8 0 -1 -1 
/home/antonkov/masterWork/tests/samePrefixMarkedMtx2304/depth2/node0/test0_3.mtx 2.9 0 -1 -1 
/home/antonkov/masterWork/tests/samePrefixMarkedMtx2304/depth2/node0/test0_3.mtx 3 0 -1 -1 
/home/antonkov/masterWork/tests/samePrefixMarkedMtx2304/depth2/node0/test0_3.mtx 3.1 0 -1 -1 
/home/antonkov/masterWork/tests/samePrefixMarkedMtx2304/depth2/node0/test0_3.mtx 3.2 0 -1 -1 
/home/antonkov/masterWork/tests/samePrefixMarkedMtx2304/depth2/node0/test0_3.mtx 3.3 0 -1 -1 
/home/antonkov/masterWork/tests/samePrefixMarkedMtx2304/depth2/node0/test0_3.mtx 3.4 0 -1 -1 
/home/antonkov/masterWork/tests/samePrefixMarkedMtx2304/depth2/node0/test0_3.mtx 3.5 0 -1 -1 
/home/antonkov/masterWork/tests/samePrefixMarkedMtx2304/depth2/node0/test0_4.mtx 1 442.247 0.0858377 0.92 
/home/antonkov/masterWork/tests/samePrefixMarkedMtx2304/depth2/node0/test0_4.mtx 1.1 445.175 0.0757422 0.86 
/home/antonkov/masterWork/tests/samePrefixMarkedMtx2304/depth2/node0/test0_4.mtx 1.2 435.242 0.0627387 0.74 
/home/antonkov/masterWork/tests/samePrefixMarkedMtx2304/depth2/node0/test0_4.mtx 1.3 414.729 0.0499175 0.64 
/home/antonkov/masterWork/tests/samePrefixMarkedMtx2304/depth2/node0/test0_4.mtx 1.4 531.874 0.0386437 0.51 
/home/antonkov/masterWork/tests/samePrefixMarkedMtx2304/depth2/node0/test0_4.mtx 1.5 484.953 0.023559 0.335 
/home/antonkov/masterWork/tests/samePrefixMarkedMtx2304/depth2/node0/test0_4.mtx 1.6 557.358 0.0131481 0.186667 
/home/antonkov/masterWork/tests/samePrefixMarkedMtx2304/depth2/node0/test0_4.mtx 1.7 812.211 0.00484189 0.0714286 
/home/antonkov/masterWork/tests/samePrefixMarkedMtx2304/depth2/node0/test0_4.mtx 1.8 1319.09 0.00202881 0.031875 
/home/antonkov/masterWork/tests/samePrefixMarkedMtx2304/depth2/node0/test0_4.mtx 1.9 2215.55 0.000948165 0.0142857 
/home/antonkov/masterWork/tests/samePrefixMarkedMtx2304/depth2/node0/test0_4.mtx 2 4271.73 0.00036975 0.00595238 
/home/antonkov/masterWork/tests/samePrefixMarkedMtx2304/depth2/node0/test0_4.mtx 2.1 0 -1 -1 
/home/antonkov/masterWork/tests/samePrefixMarkedMtx2304/depth2/node0/test0_4.mtx 2.2 0 -1 -1 
/home/antonkov/masterWork/tests/samePrefixMarkedMtx2304/depth2/node0/test0_4.mtx 2.3 0 -1 -1 
/home/antonkov/masterWork/tests/samePrefixMarkedMtx2304/depth2/node0/test0_4.mtx 2.4 0 -1 -1 
/home/antonkov/masterWork/tests/samePrefixMarkedMtx2304/depth2/node0/test0_4.mtx 2.5 0 -1 -1 
/home/antonkov/masterWork/tests/samePrefixMarkedMtx2304/depth2/node0/test0_4.mtx 2.6 0 -1 -1 
/home/antonkov/masterWork/tests/samePrefixMarkedMtx2304/depth2/node0/test0_4.mtx 2.7 0 -1 -1 
/home/antonkov/masterWork/tests/samePrefixMarkedMtx2304/depth2/node0/test0_4.mtx 2.8 0 -1 -1 
/home/antonkov/masterWork/tests/samePrefixMarkedMtx2304/depth2/node0/test0_4.mtx 2.9 0 -1 -1 
/home/antonkov/masterWork/tests/samePrefixMarkedMtx2304/depth2/node0/test0_4.mtx 3 0 -1 -1 
/home/antonkov/masterWork/tests/samePrefixMarkedMtx2304/depth2/node0/test0_4.mtx 3.1 0 -1 -1 
/home/antonkov/masterWork/tests/samePrefixMarkedMtx2304/depth2/node0/test0_4.mtx 3.2 0 -1 -1 
/home/antonkov/masterWork/tests/samePrefixMarkedMtx2304/depth2/node0/test0_4.mtx 3.3 0 -1 -1 
/home/antonkov/masterWork/tests/samePrefixMarkedMtx2304/depth2/node0/test0_4.mtx 3.4 0 -1 -1 
/home/antonkov/masterWork/tests/samePrefixMarkedMtx2304/depth2/node0/test0_4.mtx 3.5 0 -1 -1 
/home/antonkov/masterWork/tests/samePrefixMarkedMtx2304/depth2/node0/test1_0.mtx 1 443.722 0.0791536 0.86 
/home/antonkov/masterWork/tests/samePrefixMarkedMtx2304/depth2/node0/test1_0.mtx 1.1 436.332 0.0689453 0.81 
/home/antonkov/masterWork/tests/samePrefixMarkedMtx2304/depth2/node0/test1_0.mtx 1.2 427.134 0.0564627 0.7 
/home/antonkov/masterWork/tests/samePrefixMarkedMtx2304/depth2/node0/test1_0.mtx 1.3 398.301 0.0381337 0.5 
/home/antonkov/masterWork/tests/samePrefixMarkedMtx2304/depth2/node0/test1_0.mtx 1.4 516.526 0.0307813 0.41 
/home/antonkov/masterWork/tests/samePrefixMarkedMtx2304/depth2/node0/test1_0.mtx 1.5 576.578 0.0181163 0.243333 
/home/antonkov/masterWork/tests/samePrefixMarkedMtx2304/depth2/node0/test1_0.mtx 1.6 617.798 0.00984918 0.14 
/home/antonkov/masterWork/tests/samePrefixMarkedMtx2304/depth2/node0/test1_0.mtx 1.7 870.216 0.00482368 0.07125 
/home/antonkov/masterWork/tests/samePrefixMarkedMtx2304/depth2/node0/test1_0.mtx 1.8 1373.02 0.00191406 0.0288889 
/home/antonkov/masterWork/tests/samePrefixMarkedMtx2304/depth2/node0/test1_0.mtx 1.9 2871.61 0.000631732 0.0102041 
/home/antonkov/masterWork/tests/samePrefixMarkedMtx2304/depth2/node0/test1_0.mtx 2 6161.54 0.00022287 0.00396825 
/home/antonkov/masterWork/tests/samePrefixMarkedMtx2304/depth2/node0/test1_0.mtx 2.1 0 -1 -1 
/home/antonkov/masterWork/tests/samePrefixMarkedMtx2304/depth2/node0/test1_0.mtx 2.2 0 -1 -1 
/home/antonkov/masterWork/tests/samePrefixMarkedMtx2304/depth2/node0/test1_0.mtx 2.3 0 -1 -1 
/home/antonkov/masterWork/tests/samePrefixMarkedMtx2304/depth2/node0/test1_0.mtx 2.4 0 -1 -1 
/home/antonkov/masterWork/tests/samePrefixMarkedMtx2304/depth2/node0/test1_0.mtx 2.5 0 -1 -1 
/home/antonkov/masterWork/tests/samePrefixMarkedMtx2304/depth2/node0/test1_0.mtx 2.6 0 -1 -1 
/home/antonkov/masterWork/tests/samePrefixMarkedMtx2304/depth2/node0/test1_0.mtx 2.7 0 -1 -1 
/home/antonkov/masterWork/tests/samePrefixMarkedMtx2304/depth2/node0/test1_0.mtx 2.8 0 -1 -1 
/home/antonkov/masterWork/tests/samePrefixMarkedMtx2304/depth2/node0/test1_0.mtx 2.9 0 -1 -1 
/home/antonkov/masterWork/tests/samePrefixMarkedMtx2304/depth2/node0/test1_0.mtx 3 0 -1 -1 
/home/antonkov/masterWork/tests/samePrefixMarkedMtx2304/depth2/node0/test1_0.mtx 3.1 0 -1 -1 
/home/antonkov/masterWork/tests/samePrefixMarkedMtx2304/depth2/node0/test1_0.mtx 3.2 0 -1 -1 
/home/antonkov/masterWork/tests/samePrefixMarkedMtx2304/depth2/node0/test1_0.mtx 3.3 0 -1 -1 
/home/antonkov/masterWork/tests/samePrefixMarkedMtx2304/depth2/node0/test1_0.mtx 3.4 0 -1 -1 
/home/antonkov/masterWork/tests/samePrefixMarkedMtx2304/depth2/node0/test1_0.mtx 3.5 0 -1 -1 
/home/antonkov/masterWork/tests/samePrefixMarkedMtx2304/depth2/node0/test1_1.mtx 1 443.54 0.0847656 0.9 
/home/antonkov/masterWork/tests/samePrefixMarkedMtx2304/depth2/node0/test1_1.mtx 1.1 441.519 0.0740408 0.84 
/home/antonkov/masterWork/tests/samePrefixMarkedMtx2304/depth2/node0/test1_1.mtx 1.2 432.902 0.0605252 0.73 
/home/antonkov/masterWork/tests/samePrefixMarkedMtx2304/depth2/node0/test1_1.mtx 1.3 403.129 0.0432682 0.54 
/home/antonkov/masterWork/tests/samePrefixMarkedMtx2304/depth2/node0/test1_1.mtx 1.4 526.621 0.0340733 0.44 
/home/antonkov/masterWork/tests/samePrefixMarkedMtx2304/depth2/node0/test1_1.mtx 1.5 497.773 0.0214714 0.3 
/home/antonkov/masterWork/tests/samePrefixMarkedMtx2304/depth2/node0/test1_1.mtx 1.6 636.285 0.0107368 0.1525 
/home/antonkov/masterWork/tests/samePrefixMarkedMtx2304/depth2/node0/test1_1.mtx 1.7 860.49 0.00448296 0.06375 
/home/antonkov/masterWork/tests/samePrefixMarkedMtx2304/depth2/node0/test1_1.mtx 1.8 1426.18 0.00187042 0.0277778 
/home/antonkov/masterWork/tests/samePrefixMarkedMtx2304/depth2/node0/test1_1.mtx 1.9 2397.39 0.000732856 0.0125 
/home/antonkov/masterWork/tests/samePrefixMarkedMtx2304/depth2/node0/test1_1.mtx 2 4517.64 0.000341715 0.00537634 
/home/antonkov/masterWork/tests/samePrefixMarkedMtx2304/depth2/node0/test1_1.mtx 2.1 0 -1 -1 
/home/antonkov/masterWork/tests/samePrefixMarkedMtx2304/depth2/node0/test1_1.mtx 2.2 0 -1 -1 
/home/antonkov/masterWork/tests/samePrefixMarkedMtx2304/depth2/node0/test1_1.mtx 2.3 0 -1 -1 
/home/antonkov/masterWork/tests/samePrefixMarkedMtx2304/depth2/node0/test1_1.mtx 2.4 0 -1 -1 
/home/antonkov/masterWork/tests/samePrefixMarkedMtx2304/depth2/node0/test1_1.mtx 2.5 0 -1 -1 
/home/antonkov/masterWork/tests/samePrefixMarkedMtx2304/depth2/node0/test1_1.mtx 2.6 0 -1 -1 
/home/antonkov/masterWork/tests/samePrefixMarkedMtx2304/depth2/node0/test1_1.mtx 2.7 0 -1 -1 
/home/antonkov/masterWork/tests/samePrefixMarkedMtx2304/depth2/node0/test1_1.mtx 2.8 0 -1 -1 
/home/antonkov/masterWork/tests/samePrefixMarkedMtx2304/depth2/node0/test1_1.mtx 2.9 0 -1 -1 
/home/antonkov/masterWork/tests/samePrefixMarkedMtx2304/depth2/node0/test1_1.mtx 3 0 -1 -1 
/home/antonkov/masterWork/tests/samePrefixMarkedMtx2304/depth2/node0/test1_1.mtx 3.1 0 -1 -1 
/home/antonkov/masterWork/tests/samePrefixMarkedMtx2304/depth2/node0/test1_1.mtx 3.2 0 -1 -1 
/home/antonkov/masterWork/tests/samePrefixMarkedMtx2304/depth2/node0/test1_1.mtx 3.3 0 -1 -1 
/home/antonkov/masterWork/tests/samePrefixMarkedMtx2304/depth2/node0/test1_1.mtx 3.4 0 -1 -1 
/home/antonkov/masterWork/tests/samePrefixMarkedMtx2304/depth2/node0/test1_1.mtx 3.5 0 -1 -1 
/home/antonkov/masterWork/tests/samePrefixMarkedMtx2304/depth2/node0/test1_2.mtx 1 449.743 0.0857943 0.94 
/home/antonkov/masterWork/tests/samePrefixMarkedMtx2304/depth2/node0/test1_2.mtx 1.1 440.367 0.0720573 0.85 
/home/antonkov/masterWork/tests/samePrefixMarkedMtx2304/depth2/node0/test1_2.mtx 1.2 414.023 0.0551215 0.66 
/home/antonkov/masterWork/tests/samePrefixMarkedMtx2304/depth2/node0/test1_2.mtx 1.3 539.714 0.0430773 0.525 
/home/antonkov/masterWork/tests/samePrefixMarkedMtx2304/depth2/node0/test1_2.mtx 1.4 514.587 0.0308724 0.4 
/home/antonkov/masterWork/tests/samePrefixMarkedMtx2304/depth2/node0/test1_2.mtx 1.5 472.397 0.0191233 0.255 
/home/antonkov/masterWork/tests/samePrefixMarkedMtx2304/depth2/node0/test1_2.mtx 1.6 622.582 0.0103451 0.145 
/home/antonkov/masterWork/tests/samePrefixMarkedMtx2304/depth2/node0/test1_2.mtx 1.7 858.701 0.00467448 0.0675 
/home/antonkov/masterWork/tests/samePrefixMarkedMtx2304/depth2/node0/test1_2.mtx 1.8 1144.86 0.00254309 0.0392857 
/home/antonkov/masterWork/tests/samePrefixMarkedMtx2304/depth2/node0/test1_2.mtx 1.9 2830.05 0.000689652 0.0104167 
/home/antonkov/masterWork/tests/samePrefixMarkedMtx2304/depth2/node0/test1_2.mtx 2 6730.66 0.000223145 0.00356643 
/home/antonkov/masterWork/tests/samePrefixMarkedMtx2304/depth2/node0/test1_2.mtx 2.1 0 -1 -1 
/home/antonkov/masterWork/tests/samePrefixMarkedMtx2304/depth2/node0/test1_2.mtx 2.2 0 -1 -1 
/home/antonkov/masterWork/tests/samePrefixMarkedMtx2304/depth2/node0/test1_2.mtx 2.3 0 -1 -1 
/home/antonkov/masterWork/tests/samePrefixMarkedMtx2304/depth2/node0/test1_2.mtx 2.4 0 -1 -1 
/home/antonkov/masterWork/tests/samePrefixMarkedMtx2304/depth2/node0/test1_2.mtx 2.5 0 -1 -1 
/home/antonkov/masterWork/tests/samePrefixMarkedMtx2304/depth2/node0/test1_2.mtx 2.6 0 -1 -1 
/home/antonkov/masterWork/tests/samePrefixMarkedMtx2304/depth2/node0/test1_2.mtx 2.7 0 -1 -1 
/home/antonkov/masterWork/tests/samePrefixMarkedMtx2304/depth2/node0/test1_2.mtx 2.8 0 -1 -1 
/home/antonkov/masterWork/tests/samePrefixMarkedMtx2304/depth2/node0/test1_2.mtx 2.9 0 -1 -1 
/home/antonkov/masterWork/tests/samePrefixMarkedMtx2304/depth2/node0/test1_2.mtx 3 0 -1 -1 
/home/antonkov/masterWork/tests/samePrefixMarkedMtx2304/depth2/node0/test1_2.mtx 3.1 0 -1 -1 
/home/antonkov/masterWork/tests/samePrefixMarkedMtx2304/depth2/node0/test1_2.mtx 3.2 0 -1 -1 
/home/antonkov/masterWork/tests/samePrefixMarkedMtx2304/depth2/node0/test1_2.mtx 3.3 0 -1 -1 
/home/antonkov/masterWork/tests/samePrefixMarkedMtx2304/depth2/node0/test1_2.mtx 3.4 0 -1 -1 
/home/antonkov/masterWork/tests/samePrefixMarkedMtx2304/depth2/node0/test1_2.mtx 3.5 0 -1 -1 
/home/antonkov/masterWork/tests/samePrefixMarkedMtx2304/depth2/node0/test1_3.mtx 1 436.072 0.0815929 0.89 
/home/antonkov/masterWork/tests/samePrefixMarkedMtx2304/depth2/node0/test1_3.mtx 1.1 435.433 0.0702344 0.78 
/home/antonkov/masterWork/tests/samePrefixMarkedMtx2304/depth2/node0/test1_3.mtx 1.2 430.109 0.0586762 0.69 
/home/antonkov/masterWork/tests/samePrefixMarkedMtx2304/depth2/node0/test1_3.mtx 1.3 403.18 0.0420269 0.55 
/home/antonkov/masterWork/tests/samePrefixMarkedMtx2304/depth2/node0/test1_3.mtx 1.4 524.543 0.0269618 0.38 
/home/antonkov/masterWork/tests/samePrefixMarkedMtx2304/depth2/node0/test1_3.mtx 1.5 597.094 0.0134447 0.206667 
/home/antonkov/masterWork/tests/samePrefixMarkedMtx2304/depth2/node0/test1_3.mtx 1.6 711.892 0.0072283 0.122 
/home/antonkov/masterWork/tests/samePrefixMarkedMtx2304/depth2/node0/test1_3.mtx 1.7 812.174 0.0036818 0.08 
/home/antonkov/masterWork/tests/samePrefixMarkedMtx2304/depth2/node0/test1_3.mtx 1.8 1207.39 0.00161892 0.0364286 
/home/antonkov/masterWork/tests/samePrefixMarkedMtx2304/depth2/node0/test1_3.mtx 1.9 1589.4 0.00083866 0.0231818 
/home/antonkov/masterWork/tests/samePrefixMarkedMtx2304/depth2/node0/test1_3.mtx 2 2480.67 0.0001509 0.0118605 
/home/antonkov/masterWork/tests/samePrefixMarkedMtx2304/depth2/node0/test1_3.mtx 2.1 2833.42 5.80808e-05 0.00909091 
/home/antonkov/masterWork/tests/samePrefixMarkedMtx2304/depth2/node0/test1_3.mtx 2.2 0 -1 -1 
/home/antonkov/masterWork/tests/samePrefixMarkedMtx2304/depth2/node0/test1_3.mtx 2.3 0 -1 -1 
/home/antonkov/masterWork/tests/samePrefixMarkedMtx2304/depth2/node0/test1_3.mtx 2.4 0 -1 -1 
/home/antonkov/masterWork/tests/samePrefixMarkedMtx2304/depth2/node0/test1_3.mtx 2.5 0 -1 -1 
/home/antonkov/masterWork/tests/samePrefixMarkedMtx2304/depth2/node0/test1_3.mtx 2.6 0 -1 -1 
/home/antonkov/masterWork/tests/samePrefixMarkedMtx2304/depth2/node0/test1_3.mtx 2.7 0 -1 -1 
/home/antonkov/masterWork/tests/samePrefixMarkedMtx2304/depth2/node0/test1_3.mtx 2.8 0 -1 -1 
/home/antonkov/masterWork/tests/samePrefixMarkedMtx2304/depth2/node0/test1_3.mtx 2.9 0 -1 -1 
/home/antonkov/masterWork/tests/samePrefixMarkedMtx2304/depth2/node0/test1_3.mtx 3 0 -1 -1 
/home/antonkov/masterWork/tests/samePrefixMarkedMtx2304/depth2/node0/test1_3.mtx 3.1 0 -1 -1 
/home/antonkov/masterWork/tests/samePrefixMarkedMtx2304/depth2/node0/test1_3.mtx 3.2 0 -1 -1 
/home/antonkov/masterWork/tests/samePrefixMarkedMtx2304/depth2/node0/test1_3.mtx 3.3 0 -1 -1 
/home/antonkov/masterWork/tests/samePrefixMarkedMtx2304/depth2/node0/test1_3.mtx 3.4 0 -1 -1 
/home/antonkov/masterWork/tests/samePrefixMarkedMtx2304/depth2/node0/test1_3.mtx 3.5 0 -1 -1 
/home/antonkov/masterWork/tests/samePrefixMarkedMtx2304/depth2/node0/test1_4.mtx 1 442.867 0.0859332 0.91 
/home/antonkov/masterWork/tests/samePrefixMarkedMtx2304/depth2/node0/test1_4.mtx 1.1 442.767 0.0746918 0.82 
/home/antonkov/masterWork/tests/samePrefixMarkedMtx2304/depth2/node0/test1_4.mtx 1.2 428.037 0.061862 0.71 
/home/antonkov/masterWork/tests/samePrefixMarkedMtx2304/depth2/node0/test1_4.mtx 1.3 409.291 0.0498915 0.61 
/home/antonkov/masterWork/tests/samePrefixMarkedMtx2304/depth2/node0/test1_4.mtx 1.4 520.069 0.034783 0.46 
/home/antonkov/masterWork/tests/samePrefixMarkedMtx2304/depth2/node0/test1_4.mtx 1.5 484.868 0.0207552 0.28 
/home/antonkov/masterWork/tests/samePrefixMarkedMtx2304/depth2/node0/test1_4.mtx 1.6 543.645 0.0126591 0.18 
/home/antonkov/masterWork/tests/samePrefixMarkedMtx2304/depth2/node0/test1_4.mtx 1.7 720.353 0.00572555 0.085 
/home/antonkov/masterWork/tests/samePrefixMarkedMtx2304/depth2/node0/test1_4.mtx 1.8 1414.3 0.00189116 0.0288889 
/home/antonkov/masterWork/tests/samePrefixMarkedMtx2304/depth2/node0/test1_4.mtx 1.9 2555.05 0.000788416 0.0116279 
/home/antonkov/masterWork/tests/samePrefixMarkedMtx2304/depth2/node0/test1_4.mtx 2 7109.14 0.000207934 0.00328947 
/home/antonkov/masterWork/tests/samePrefixMarkedMtx2304/depth2/node0/test1_4.mtx 2.1 0 -1 -1 
/home/antonkov/masterWork/tests/samePrefixMarkedMtx2304/depth2/node0/test1_4.mtx 2.2 0 -1 -1 
/home/antonkov/masterWork/tests/samePrefixMarkedMtx2304/depth2/node0/test1_4.mtx 2.3 0 -1 -1 
/home/antonkov/masterWork/tests/samePrefixMarkedMtx2304/depth2/node0/test1_4.mtx 2.4 0 -1 -1 
/home/antonkov/masterWork/tests/samePrefixMarkedMtx2304/depth2/node0/test1_4.mtx 2.5 0 -1 -1 
/home/antonkov/masterWork/tests/samePrefixMarkedMtx2304/depth2/node0/test1_4.mtx 2.6 0 -1 -1 
/home/antonkov/masterWork/tests/samePrefixMarkedMtx2304/depth2/node0/test1_4.mtx 2.7 0 -1 -1 
/home/antonkov/masterWork/tests/samePrefixMarkedMtx2304/depth2/node0/test1_4.mtx 2.8 0 -1 -1 
/home/antonkov/masterWork/tests/samePrefixMarkedMtx2304/depth2/node0/test1_4.mtx 2.9 0 -1 -1 
/home/antonkov/masterWork/tests/samePrefixMarkedMtx2304/depth2/node0/test1_4.mtx 3 0 -1 -1 
/home/antonkov/masterWork/tests/samePrefixMarkedMtx2304/depth2/node0/test1_4.mtx 3.1 0 -1 -1 
/home/antonkov/masterWork/tests/samePrefixMarkedMtx2304/depth2/node0/test1_4.mtx 3.2 0 -1 -1 
/home/antonkov/masterWork/tests/samePrefixMarkedMtx2304/depth2/node0/test1_4.mtx 3.3 0 -1 -1 
/home/antonkov/masterWork/tests/samePrefixMarkedMtx2304/depth2/node0/test1_4.mtx 3.4 0 -1 -1 
/home/antonkov/masterWork/tests/samePrefixMarkedMtx2304/depth2/node0/test1_4.mtx 3.5 0 -1 -1 
/home/antonkov/masterWork/tests/samePrefixMarkedMtx2304/depth2/node0/test2_0.mtx 1 440.542 0.0895052 0.95 
/home/antonkov/masterWork/tests/samePrefixMarkedMtx2304/depth2/node0/test2_0.mtx 1.1 436.254 0.0795269 0.9 
/home/antonkov/masterWork/tests/samePrefixMarkedMtx2304/depth2/node0/test2_0.mtx 1.2 430.524 0.0643707 0.77 
/home/antonkov/masterWork/tests/samePrefixMarkedMtx2304/depth2/node0/test2_0.mtx 1.3 420.366 0.0476389 0.61 
/home/antonkov/masterWork/tests/samePrefixMarkedMtx2304/depth2/node0/test2_0.mtx 1.4 513.953 0.0331098 0.42 
/home/antonkov/masterWork/tests/samePrefixMarkedMtx2304/depth2/node0/test2_0.mtx 1.5 481.305 0.0225933 0.305 
/home/antonkov/masterWork/tests/samePrefixMarkedMtx2304/depth2/node0/test2_0.mtx 1.6 554.688 0.0113918 0.166667 
/home/antonkov/masterWork/tests/samePrefixMarkedMtx2304/depth2/node0/test2_0.mtx 1.7 927.905 0.00409722 0.0555556 
/home/antonkov/masterWork/tests/samePrefixMarkedMtx2304/depth2/node0/test2_0.mtx 1.8 1420.91 0.00202619 0.0294444 
/home/antonkov/masterWork/tests/samePrefixMarkedMtx2304/depth2/node0/test2_0.mtx 1.9 2659.09 0.000695332 0.0113636 
/home/antonkov/masterWork/tests/samePrefixMarkedMtx2304/depth2/node0/test2_0.mtx 2 5711.61 0.000252255 0.00435897 
/home/antonkov/masterWork/tests/samePrefixMarkedMtx2304/depth2/node0/test2_0.mtx 2.1 0 -1 -1 
/home/antonkov/masterWork/tests/samePrefixMarkedMtx2304/depth2/node0/test2_0.mtx 2.2 0 -1 -1 
/home/antonkov/masterWork/tests/samePrefixMarkedMtx2304/depth2/node0/test2_0.mtx 2.3 0 -1 -1 
/home/antonkov/masterWork/tests/samePrefixMarkedMtx2304/depth2/node0/test2_0.mtx 2.4 0 -1 -1 
/home/antonkov/masterWork/tests/samePrefixMarkedMtx2304/depth2/node0/test2_0.mtx 2.5 0 -1 -1 
/home/antonkov/masterWork/tests/samePrefixMarkedMtx2304/depth2/node0/test2_0.mtx 2.6 0 -1 -1 
/home/antonkov/masterWork/tests/samePrefixMarkedMtx2304/depth2/node0/test2_0.mtx 2.7 0 -1 -1 
/home/antonkov/masterWork/tests/samePrefixMarkedMtx2304/depth2/node0/test2_0.mtx 2.8 0 -1 -1 
/home/antonkov/masterWork/tests/samePrefixMarkedMtx2304/depth2/node0/test2_0.mtx 2.9 0 -1 -1 
/home/antonkov/masterWork/tests/samePrefixMarkedMtx2304/depth2/node0/test2_0.mtx 3 0 -1 -1 
/home/antonkov/masterWork/tests/samePrefixMarkedMtx2304/depth2/node0/test2_0.mtx 3.1 0 -1 -1 
/home/antonkov/masterWork/tests/samePrefixMarkedMtx2304/depth2/node0/test2_0.mtx 3.2 0 -1 -1 
/home/antonkov/masterWork/tests/samePrefixMarkedMtx2304/depth2/node0/test2_0.mtx 3.3 0 -1 -1 
/home/antonkov/masterWork/tests/samePrefixMarkedMtx2304/depth2/node0/test2_0.mtx 3.4 0 -1 -1 
/home/antonkov/masterWork/tests/samePrefixMarkedMtx2304/depth2/node0/test2_0.mtx 3.5 0 -1 -1 
/home/antonkov/masterWork/tests/samePrefixMarkedMtx2304/depth2/node0/test2_1.mtx 1 439.598 0.0867318 0.93 
/home/antonkov/masterWork/tests/samePrefixMarkedMtx2304/depth2/node0/test2_1.mtx 1.1 437.089 0.0745703 0.84 
/home/antonkov/masterWork/tests/samePrefixMarkedMtx2304/depth2/node0/test2_1.mtx 1.2 429.799 0.0624219 0.72 
/home/antonkov/masterWork/tests/samePrefixMarkedMtx2304/depth2/node0/test2_1.mtx 1.3 414.545 0.0508247 0.64 
/home/antonkov/masterWork/tests/samePrefixMarkedMtx2304/depth2/node0/test2_1.mtx 1.4 534.469 0.0350955 0.45 
/home/antonkov/masterWork/tests/samePrefixMarkedMtx2304/depth2/node0/test2_1.mtx 1.5 490.826 0.0212218 0.295 
/home/antonkov/masterWork/tests/samePrefixMarkedMtx2304/depth2/node0/test2_1.mtx 1.6 632.782 0.00998806 0.1425 
/home/antonkov/masterWork/tests/samePrefixMarkedMtx2304/depth2/node0/test2_1.mtx 1.7 833.398 0.00517547 0.0742857 
/home/antonkov/masterWork/tests/samePrefixMarkedMtx2304/depth2/node0/test2_1.mtx 1.8 1344.04 0.00185815 0.0294118 
/home/antonkov/masterWork/tests/samePrefixMarkedMtx2304/depth2/node0/test2_1.mtx 1.9 3171.06 0.000583254 0.00909091 
/home/antonkov/masterWork/tests/samePrefixMarkedMtx2304/depth2/node0/test2_1.mtx 2 0 -1 -1 
/home/antonkov/masterWork/tests/samePrefixMarkedMtx2304/depth2/node0/test2_1.mtx 2.1 0 -1 -1 
/home/antonkov/masterWork/tests/samePrefixMarkedMtx2304/depth2/node0/test2_1.mtx 2.2 0 -1 -1 
/home/antonkov/masterWork/tests/samePrefixMarkedMtx2304/depth2/node0/test2_1.mtx 2.3 0 -1 -1 
/home/antonkov/masterWork/tests/samePrefixMarkedMtx2304/depth2/node0/test2_1.mtx 2.4 0 -1 -1 
/home/antonkov/masterWork/tests/samePrefixMarkedMtx2304/depth2/node0/test2_1.mtx 2.5 0 -1 -1 
/home/antonkov/masterWork/tests/samePrefixMarkedMtx2304/depth2/node0/test2_1.mtx 2.6 0 -1 -1 
/home/antonkov/masterWork/tests/samePrefixMarkedMtx2304/depth2/node0/test2_1.mtx 2.7 0 -1 -1 
/home/antonkov/masterWork/tests/samePrefixMarkedMtx2304/depth2/node0/test2_1.mtx 2.8 0 -1 -1 
/home/antonkov/masterWork/tests/samePrefixMarkedMtx2304/depth2/node0/test2_1.mtx 2.9 0 -1 -1 
/home/antonkov/masterWork/tests/samePrefixMarkedMtx2304/depth2/node0/test2_1.mtx 3 0 -1 -1 
/home/antonkov/masterWork/tests/samePrefixMarkedMtx2304/depth2/node0/test2_1.mtx 3.1 0 -1 -1 
/home/antonkov/masterWork/tests/samePrefixMarkedMtx2304/depth2/node0/test2_1.mtx 3.2 0 -1 -1 
/home/antonkov/masterWork/tests/samePrefixMarkedMtx2304/depth2/node0/test2_1.mtx 3.3 0 -1 -1 
/home/antonkov/masterWork/tests/samePrefixMarkedMtx2304/depth2/node0/test2_1.mtx 3.4 0 -1 -1 
/home/antonkov/masterWork/tests/samePrefixMarkedMtx2304/depth2/node0/test2_1.mtx 3.5 0 -1 -1 
/home/antonkov/masterWork/tests/samePrefixMarkedMtx2304/depth2/node0/test2_2.mtx 1 440.3 0.0869792 0.96 
/home/antonkov/masterWork/tests/samePrefixMarkedMtx2304/depth2/node0/test2_2.mtx 1.1 440.825 0.0744271 0.87 
/home/antonkov/masterWork/tests/samePrefixMarkedMtx2304/depth2/node0/test2_2.mtx 1.2 434.412 0.0599349 0.76 
/home/antonkov/masterWork/tests/samePrefixMarkedMtx2304/depth2/node0/test2_2.mtx 1.3 405.496 0.0424392 0.54 
/home/antonkov/masterWork/tests/samePrefixMarkedMtx2304/depth2/node0/test2_2.mtx 1.4 510.489 0.0320898 0.435 
/home/antonkov/masterWork/tests/samePrefixMarkedMtx2304/depth2/node0/test2_2.mtx 1.5 580.419 0.0176881 0.246667 
/home/antonkov/masterWork/tests/samePrefixMarkedMtx2304/depth2/node0/test2_2.mtx 1.6 622.936 0.00866536 0.1275 
/home/antonkov/masterWork/tests/samePrefixMarkedMtx2304/depth2/node0/test2_2.mtx 1.7 794.264 0.00502232 0.0742857 
/home/antonkov/masterWork/tests/samePrefixMarkedMtx2304/depth2/node0/test2_2.mtx 1.8 1218.65 0.00217824 0.0333333 
/home/antonkov/masterWork/tests/samePrefixMarkedMtx2304/depth2/node0/test2_2.mtx 1.9 2910.01 0.00067691 0.01 
/home/antonkov/masterWork/tests/samePrefixMarkedMtx2304/depth2/node0/test2_2.mtx 2 4629.23 0.000353355 0.00554348 
/home/antonkov/masterWork/tests/samePrefixMarkedMtx2304/depth2/node0/test2_2.mtx 2.1 0 -1 -1 
/home/antonkov/masterWork/tests/samePrefixMarkedMtx2304/depth2/node0/test2_2.mtx 2.2 0 -1 -1 
/home/antonkov/masterWork/tests/samePrefixMarkedMtx2304/depth2/node0/test2_2.mtx 2.3 0 -1 -1 
/home/antonkov/masterWork/tests/samePrefixMarkedMtx2304/depth2/node0/test2_2.mtx 2.4 0 -1 -1 
/home/antonkov/masterWork/tests/samePrefixMarkedMtx2304/depth2/node0/test2_2.mtx 2.5 0 -1 -1 
/home/antonkov/masterWork/tests/samePrefixMarkedMtx2304/depth2/node0/test2_2.mtx 2.6 0 -1 -1 
/home/antonkov/masterWork/tests/samePrefixMarkedMtx2304/depth2/node0/test2_2.mtx 2.7 0 -1 -1 
/home/antonkov/masterWork/tests/samePrefixMarkedMtx2304/depth2/node0/test2_2.mtx 2.8 0 -1 -1 
/home/antonkov/masterWork/tests/samePrefixMarkedMtx2304/depth2/node0/test2_2.mtx 2.9 0 -1 -1 
/home/antonkov/masterWork/tests/samePrefixMarkedMtx2304/depth2/node0/test2_2.mtx 3 0 -1 -1 
/home/antonkov/masterWork/tests/samePrefixMarkedMtx2304/depth2/node0/test2_2.mtx 3.1 0 -1 -1 
/home/antonkov/masterWork/tests/samePrefixMarkedMtx2304/depth2/node0/test2_2.mtx 3.2 0 -1 -1 
/home/antonkov/masterWork/tests/samePrefixMarkedMtx2304/depth2/node0/test2_2.mtx 3.3 0 -1 -1 
/home/antonkov/masterWork/tests/samePrefixMarkedMtx2304/depth2/node0/test2_2.mtx 3.4 0 -1 -1 
/home/antonkov/masterWork/tests/samePrefixMarkedMtx2304/depth2/node0/test2_2.mtx 3.5 0 -1 -1 
/home/antonkov/masterWork/tests/samePrefixMarkedMtx2304/depth2/node0/test2_3.mtx 1 438.86 0.083151 0.88 
/home/antonkov/masterWork/tests/samePrefixMarkedMtx2304/depth2/node0/test2_3.mtx 1.1 440.694 0.0736372 0.84 
/home/antonkov/masterWork/tests/samePrefixMarkedMtx2304/depth2/node0/test2_3.mtx 1.2 423.739 0.0627734 0.76 
/home/antonkov/masterWork/tests/samePrefixMarkedMtx2304/depth2/node0/test2_3.mtx 1.3 415.352 0.0445443 0.56 
/home/antonkov/masterWork/tests/samePrefixMarkedMtx2304/depth2/node0/test2_3.mtx 1.4 511.816 0.0320898 0.42 
/home/antonkov/masterWork/tests/samePrefixMarkedMtx2304/depth2/node0/test2_3.mtx 1.5 472.58 0.0189214 0.265 
/home/antonkov/masterWork/tests/samePrefixMarkedMtx2304/depth2/node0/test2_3.mtx 1.6 634.055 0.011186 0.1525 
/home/antonkov/masterWork/tests/samePrefixMarkedMtx2304/depth2/node0/test2_3.mtx 1.7 791.761 0.0052908 0.0757143 
/home/antonkov/masterWork/tests/samePrefixMarkedMtx2304/depth2/node0/test2_3.mtx 1.8 1389.87 0.00183329 0.0283333 
/home/antonkov/masterWork/tests/samePrefixMarkedMtx2304/depth2/node0/test2_3.mtx 1.9 3295.95 0.000596141 0.00894737 
/home/antonkov/masterWork/tests/samePrefixMarkedMtx2304/depth2/node0/test2_3.mtx 2 0 -1 -1 
/home/antonkov/masterWork/tests/samePrefixMarkedMtx2304/depth2/node0/test2_3.mtx 2.1 0 -1 -1 
/home/antonkov/masterWork/tests/samePrefixMarkedMtx2304/depth2/node0/test2_3.mtx 2.2 0 -1 -1 
/home/antonkov/masterWork/tests/samePrefixMarkedMtx2304/depth2/node0/test2_3.mtx 2.3 0 -1 -1 
/home/antonkov/masterWork/tests/samePrefixMarkedMtx2304/depth2/node0/test2_3.mtx 2.4 0 -1 -1 
/home/antonkov/masterWork/tests/samePrefixMarkedMtx2304/depth2/node0/test2_3.mtx 2.5 0 -1 -1 
/home/antonkov/masterWork/tests/samePrefixMarkedMtx2304/depth2/node0/test2_3.mtx 2.6 0 -1 -1 
/home/antonkov/masterWork/tests/samePrefixMarkedMtx2304/depth2/node0/test2_3.mtx 2.7 0 -1 -1 
/home/antonkov/masterWork/tests/samePrefixMarkedMtx2304/depth2/node0/test2_3.mtx 2.8 0 -1 -1 
/home/antonkov/masterWork/tests/samePrefixMarkedMtx2304/depth2/node0/test2_3.mtx 2.9 0 -1 -1 
/home/antonkov/masterWork/tests/samePrefixMarkedMtx2304/depth2/node0/test2_3.mtx 3 0 -1 -1 
/home/antonkov/masterWork/tests/samePrefixMarkedMtx2304/depth2/node0/test2_3.mtx 3.1 0 -1 -1 
/home/antonkov/masterWork/tests/samePrefixMarkedMtx2304/depth2/node0/test2_3.mtx 3.2 0 -1 -1 
/home/antonkov/masterWork/tests/samePrefixMarkedMtx2304/depth2/node0/test2_3.mtx 3.3 0 -1 -1 
/home/antonkov/masterWork/tests/samePrefixMarkedMtx2304/depth2/node0/test2_3.mtx 3.4 0 -1 -1 
/home/antonkov/masterWork/tests/samePrefixMarkedMtx2304/depth2/node0/test2_3.mtx 3.5 0 -1 -1 
/home/antonkov/masterWork/tests/samePrefixMarkedMtx2304/depth2/node0/test2_4.mtx 1 439.115 0.085638 0.94 
/home/antonkov/masterWork/tests/samePrefixMarkedMtx2304/depth2/node0/test2_4.mtx 1.1 434.06 0.0719184 0.81 
/home/antonkov/masterWork/tests/samePrefixMarkedMtx2304/depth2/node0/test2_4.mtx 1.2 415.947 0.0562109 0.67 
/home/antonkov/masterWork/tests/samePrefixMarkedMtx2304/depth2/node0/test2_4.mtx 1.3 410.373 0.0444792 0.55 
/home/antonkov/masterWork/tests/samePrefixMarkedMtx2304/depth2/node0/test2_4.mtx 1.4 516.757 0.0343294 0.44 
/home/antonkov/masterWork/tests/samePrefixMarkedMtx2304/depth2/node0/test2_4.mtx 1.5 498.334 0.0224197 0.305 
/home/antonkov/masterWork/tests/samePrefixMarkedMtx2304/depth2/node0/test2_4.mtx 1.6 654.495 0.010587 0.1425 
/home/antonkov/masterWork/tests/samePrefixMarkedMtx2304/depth2/node0/test2_4.mtx 1.7 799.111 0.00555246 0.0757143 
/home/antonkov/masterWork/tests/samePrefixMarkedMtx2304/depth2/node0/test2_4.mtx 1.8 1165.7 0.00240327 0.0357143 
/home/antonkov/masterWork/tests/samePrefixMarkedMtx2304/depth2/node0/test2_4.mtx 1.9 2829.62 0.000679073 0.010625 
/home/antonkov/masterWork/tests/samePrefixMarkedMtx2304/depth2/node0/test2_4.mtx 2 6083.95 0.000236771 0.004 
/home/antonkov/masterWork/tests/samePrefixMarkedMtx2304/depth2/node0/test2_4.mtx 2.1 0 -1 -1 
/home/antonkov/masterWork/tests/samePrefixMarkedMtx2304/depth2/node0/test2_4.mtx 2.2 0 -1 -1 
/home/antonkov/masterWork/tests/samePrefixMarkedMtx2304/depth2/node0/test2_4.mtx 2.3 0 -1 -1 
/home/antonkov/masterWork/tests/samePrefixMarkedMtx2304/depth2/node0/test2_4.mtx 2.4 0 -1 -1 
/home/antonkov/masterWork/tests/samePrefixMarkedMtx2304/depth2/node0/test2_4.mtx 2.5 0 -1 -1 
/home/antonkov/masterWork/tests/samePrefixMarkedMtx2304/depth2/node0/test2_4.mtx 2.6 0 -1 -1 
/home/antonkov/masterWork/tests/samePrefixMarkedMtx2304/depth2/node0/test2_4.mtx 2.7 0 -1 -1 
/home/antonkov/masterWork/tests/samePrefixMarkedMtx2304/depth2/node0/test2_4.mtx 2.8 0 -1 -1 
/home/antonkov/masterWork/tests/samePrefixMarkedMtx2304/depth2/node0/test2_4.mtx 2.9 0 -1 -1 
/home/antonkov/masterWork/tests/samePrefixMarkedMtx2304/depth2/node0/test2_4.mtx 3 0 -1 -1 
/home/antonkov/masterWork/tests/samePrefixMarkedMtx2304/depth2/node0/test2_4.mtx 3.1 0 -1 -1 
/home/antonkov/masterWork/tests/samePrefixMarkedMtx2304/depth2/node0/test2_4.mtx 3.2 0 -1 -1 
/home/antonkov/masterWork/tests/samePrefixMarkedMtx2304/depth2/node0/test2_4.mtx 3.3 0 -1 -1 
/home/antonkov/masterWork/tests/samePrefixMarkedMtx2304/depth2/node0/test2_4.mtx 3.4 0 -1 -1 
/home/antonkov/masterWork/tests/samePrefixMarkedMtx2304/depth2/node0/test2_4.mtx 3.5 0 -1 -1 
/home/antonkov/masterWork/tests/samePrefixMarkedMtx2304/depth2/node0/test97_0.mtx 1 479.69 0.0915538 0.98 
/home/antonkov/masterWork/tests/samePrefixMarkedMtx2304/depth2/node0/test97_0.mtx 1.1 468.002 0.0808767 0.9 
/home/antonkov/masterWork/tests/samePrefixMarkedMtx2304/depth2/node0/test97_0.mtx 1.2 465.256 0.0700434 0.83 
/home/antonkov/masterWork/tests/samePrefixMarkedMtx2304/depth2/node0/test97_0.mtx 1.3 446.508 0.0528559 0.65 
/home/antonkov/masterWork/tests/samePrefixMarkedMtx2304/depth2/node0/test97_0.mtx 1.4 566.399 0.0350499 0.47 
/home/antonkov/masterWork/tests/samePrefixMarkedMtx2304/depth2/node0/test97_0.mtx 1.5 520.823 0.0215907 0.285 
/home/antonkov/masterWork/tests/samePrefixMarkedMtx2304/depth2/node0/test97_0.mtx 1.6 606.9 0.013303 0.19 
/home/antonkov/masterWork/tests/samePrefixMarkedMtx2304/depth2/node0/test97_0.mtx 1.7 789.452 0.00637876 0.0883333 
/home/antonkov/masterWork/tests/samePrefixMarkedMtx2304/depth2/node0/test97_0.mtx 1.8 1173.29 0.00283654 0.0415385 
/home/antonkov/masterWork/tests/samePrefixMarkedMtx2304/depth2/node0/test97_0.mtx 1.9 2030.05 0.00099349 0.0166667 
/home/antonkov/masterWork/tests/samePrefixMarkedMtx2304/depth2/node0/test97_0.mtx 2 5017.59 0.000339974 0.00515464 
/home/antonkov/masterWork/tests/samePrefixMarkedMtx2304/depth2/node0/test97_0.mtx 2.1 0 -1 -1 
/home/antonkov/masterWork/tests/samePrefixMarkedMtx2304/depth2/node0/test97_0.mtx 2.2 0 -1 -1 
/home/antonkov/masterWork/tests/samePrefixMarkedMtx2304/depth2/node0/test97_0.mtx 2.3 0 -1 -1 
/home/antonkov/masterWork/tests/samePrefixMarkedMtx2304/depth2/node0/test97_0.mtx 2.4 0 -1 -1 
/home/antonkov/masterWork/tests/samePrefixMarkedMtx2304/depth2/node0/test97_0.mtx 2.5 0 -1 -1 
/home/antonkov/masterWork/tests/samePrefixMarkedMtx2304/depth2/node0/test97_0.mtx 2.6 0 -1 -1 
/home/antonkov/masterWork/tests/samePrefixMarkedMtx2304/depth2/node0/test97_0.mtx 2.7 0 -1 -1 
/home/antonkov/masterWork/tests/samePrefixMarkedMtx2304/depth2/node0/test97_0.mtx 2.8 0 -1 -1 
/home/antonkov/masterWork/tests/samePrefixMarkedMtx2304/depth2/node0/test97_0.mtx 2.9 0 -1 -1 
/home/antonkov/masterWork/tests/samePrefixMarkedMtx2304/depth2/node0/test97_0.mtx 3 0 -1 -1 
/home/antonkov/masterWork/tests/samePrefixMarkedMtx2304/depth2/node0/test97_0.mtx 3.1 0 -1 -1 
/home/antonkov/masterWork/tests/samePrefixMarkedMtx2304/depth2/node0/test97_0.mtx 3.2 0 -1 -1 
/home/antonkov/masterWork/tests/samePrefixMarkedMtx2304/depth2/node0/test97_0.mtx 3.3 0 -1 -1 
/home/antonkov/masterWork/tests/samePrefixMarkedMtx2304/depth2/node0/test97_0.mtx 3.4 0 -1 -1 
/home/antonkov/masterWork/tests/samePrefixMarkedMtx2304/depth2/node0/test97_0.mtx 3.5 0 -1 -1 
/home/antonkov/masterWork/tests/samePrefixMarkedMtx2304/depth2/node0/test97_1.mtx 1 481.559 0.0892925 0.96 
/home/antonkov/masterWork/tests/samePrefixMarkedMtx2304/depth2/node0/test97_1.mtx 1.1 478.338 0.079566 0.89 
/home/antonkov/masterWork/tests/samePrefixMarkedMtx2304/depth2/node0/test97_1.mtx 1.2 467.256 0.0657031 0.79 
/home/antonkov/masterWork/tests/samePrefixMarkedMtx2304/depth2/node0/test97_1.mtx 1.3 434.991 0.0468056 0.59 
/home/antonkov/masterWork/tests/samePrefixMarkedMtx2304/depth2/node0/test97_1.mtx 1.4 555.078 0.0339128 0.44 
/home/antonkov/masterWork/tests/samePrefixMarkedMtx2304/depth2/node0/test97_1.mtx 1.5 523.056 0.0194336 0.265 
/home/antonkov/masterWork/tests/samePrefixMarkedMtx2304/depth2/node0/test97_1.mtx 1.6 585.972 0.0115567 0.176667 
/home/antonkov/masterWork/tests/samePrefixMarkedMtx2304/depth2/node0/test97_1.mtx 1.7 769.519 0.00598163 0.0883333 
/home/antonkov/masterWork/tests/samePrefixMarkedMtx2304/depth2/node0/test97_1.mtx 1.8 1189.66 0.00258914 0.0392308 
/home/antonkov/masterWork/tests/samePrefixMarkedMtx2304/depth2/node0/test97_1.mtx 1.9 2355.04 0.000964946 0.0152941 
/home/antonkov/masterWork/tests/samePrefixMarkedMtx2304/depth2/node0/test97_1.mtx 2 5164.57 0.000314449 0.00530612 
/home/antonkov/masterWork/tests/samePrefixMarkedMtx2304/depth2/node0/test97_1.mtx 2.1 0 -1 -1 
/home/antonkov/masterWork/tests/samePrefixMarkedMtx2304/depth2/node0/test97_1.mtx 2.2 0 -1 -1 
/home/antonkov/masterWork/tests/samePrefixMarkedMtx2304/depth2/node0/test97_1.mtx 2.3 0 -1 -1 
/home/antonkov/masterWork/tests/samePrefixMarkedMtx2304/depth2/node0/test97_1.mtx 2.4 0 -1 -1 
/home/antonkov/masterWork/tests/samePrefixMarkedMtx2304/depth2/node0/test97_1.mtx 2.5 0 -1 -1 
/home/antonkov/masterWork/tests/samePrefixMarkedMtx2304/depth2/node0/test97_1.mtx 2.6 0 -1 -1 
/home/antonkov/masterWork/tests/samePrefixMarkedMtx2304/depth2/node0/test97_1.mtx 2.7 0 -1 -1 
/home/antonkov/masterWork/tests/samePrefixMarkedMtx2304/depth2/node0/test97_1.mtx 2.8 0 -1 -1 
/home/antonkov/masterWork/tests/samePrefixMarkedMtx2304/depth2/node0/test97_1.mtx 2.9 0 -1 -1 
/home/antonkov/masterWork/tests/samePrefixMarkedMtx2304/depth2/node0/test97_1.mtx 3 0 -1 -1 
/home/antonkov/masterWork/tests/samePrefixMarkedMtx2304/depth2/node0/test97_1.mtx 3.1 0 -1 -1 
/home/antonkov/masterWork/tests/samePrefixMarkedMtx2304/depth2/node0/test97_1.mtx 3.2 0 -1 -1 
/home/antonkov/masterWork/tests/samePrefixMarkedMtx2304/depth2/node0/test97_1.mtx 3.3 0 -1 -1 
/home/antonkov/masterWork/tests/samePrefixMarkedMtx2304/depth2/node0/test97_1.mtx 3.4 0 -1 -1 
/home/antonkov/masterWork/tests/samePrefixMarkedMtx2304/depth2/node0/test97_1.mtx 3.5 0 -1 -1 
/home/antonkov/masterWork/tests/samePrefixMarkedMtx2304/depth2/node0/test97_2.mtx 1 475.469 0.0876736 0.94 
/home/antonkov/masterWork/tests/samePrefixMarkedMtx2304/depth2/node0/test97_2.mtx 1.1 469.413 0.0746398 0.84 
/home/antonkov/masterWork/tests/samePrefixMarkedMtx2304/depth2/node0/test97_2.mtx 1.2 463.414 0.0597743 0.72 
/home/antonkov/masterWork/tests/samePrefixMarkedMtx2304/depth2/node0/test97_2.mtx 1.3 445.16 0.0464844 0.6 
/home/antonkov/masterWork/tests/samePrefixMarkedMtx2304/depth2/node0/test97_2.mtx 1.4 561.931 0.0372049 0.48 
/home/antonkov/masterWork/tests/samePrefixMarkedMtx2304/depth2/node0/test97_2.mtx 1.5 536.836 0.0242817 0.325 
/home/antonkov/masterWork/tests/samePrefixMarkedMtx2304/depth2/node0/test97_2.mtx 1.6 598.791 0.0127532 0.18 
/home/antonkov/masterWork/tests/samePrefixMarkedMtx2304/depth2/node0/test97_2.mtx 1.7 850.014 0.00499628 0.0757143 
/home/antonkov/masterWork/tests/samePrefixMarkedMtx2304/depth2/node0/test97_2.mtx 1.8 1190.96 0.00254607 0.04 
/home/antonkov/masterWork/tests/samePrefixMarkedMtx2304/depth2/node0/test97_2.mtx 1.9 2331.03 0.000942443 0.0144444 
/home/antonkov/masterWork/tests/samePrefixMarkedMtx2304/depth2/node0/test97_2.mtx 2 6795.89 0.000218731 0.00373134 
/home/antonkov/masterWork/tests/samePrefixMarkedMtx2304/depth2/node0/test97_2.mtx 2.1 0 -1 -1 
/home/antonkov/masterWork/tests/samePrefixMarkedMtx2304/depth2/node0/test97_2.mtx 2.2 0 -1 -1 
/home/antonkov/masterWork/tests/samePrefixMarkedMtx2304/depth2/node0/test97_2.mtx 2.3 0 -1 -1 
/home/antonkov/masterWork/tests/samePrefixMarkedMtx2304/depth2/node0/test97_2.mtx 2.4 0 -1 -1 
/home/antonkov/masterWork/tests/samePrefixMarkedMtx2304/depth2/node0/test97_2.mtx 2.5 0 -1 -1 
/home/antonkov/masterWork/tests/samePrefixMarkedMtx2304/depth2/node0/test97_2.mtx 2.6 0 -1 -1 
/home/antonkov/masterWork/tests/samePrefixMarkedMtx2304/depth2/node0/test97_2.mtx 2.7 0 -1 -1 
/home/antonkov/masterWork/tests/samePrefixMarkedMtx2304/depth2/node0/test97_2.mtx 2.8 0 -1 -1 
/home/antonkov/masterWork/tests/samePrefixMarkedMtx2304/depth2/node0/test97_2.mtx 2.9 0 -1 -1 
/home/antonkov/masterWork/tests/samePrefixMarkedMtx2304/depth2/node0/test97_2.mtx 3 0 -1 -1 
/home/antonkov/masterWork/tests/samePrefixMarkedMtx2304/depth2/node0/test97_2.mtx 3.1 0 -1 -1 
/home/antonkov/masterWork/tests/samePrefixMarkedMtx2304/depth2/node0/test97_2.mtx 3.2 0 -1 -1 
/home/antonkov/masterWork/tests/samePrefixMarkedMtx2304/depth2/node0/test97_2.mtx 3.3 0 -1 -1 
/home/antonkov/masterWork/tests/samePrefixMarkedMtx2304/depth2/node0/test97_2.mtx 3.4 0 -1 -1 
/home/antonkov/masterWork/tests/samePrefixMarkedMtx2304/depth2/node0/test97_2.mtx 3.5 0 -1 -1 
/home/antonkov/masterWork/tests/samePrefixMarkedMtx2304/depth2/node0/test97_3.mtx 1 483.21 0.0896571 0.95 
/home/antonkov/masterWork/tests/samePrefixMarkedMtx2304/depth2/node0/test97_3.mtx 1.1 465.918 0.0796311 0.88 
/home/antonkov/masterWork/tests/samePrefixMarkedMtx2304/depth2/node0/test97_3.mtx 1.2 466.225 0.0707682 0.83 
/home/antonkov/masterWork/tests/samePrefixMarkedMtx2304/depth2/node0/test97_3.mtx 1.3 445.776 0.0551997 0.7 
/home/antonkov/masterWork/tests/samePrefixMarkedMtx2304/depth2/node0/test97_3.mtx 1.4 560.688 0.03676 0.495 
/home/antonkov/masterWork/tests/samePrefixMarkedMtx2304/depth2/node0/test97_3.mtx 1.5 511.292 0.0210352 0.295 
/home/antonkov/masterWork/tests/samePrefixMarkedMtx2304/depth2/node0/test97_3.mtx 1.6 681.31 0.0120074 0.16 
/home/antonkov/masterWork/tests/samePrefixMarkedMtx2304/depth2/node0/test97_3.mtx 1.7 749.095 0.00611979 0.09 
/home/antonkov/masterWork/tests/samePrefixMarkedMtx2304/depth2/node0/test97_3.mtx 1.8 1242.85 0.00248078 0.0371429 
/home/antonkov/masterWork/tests/samePrefixMarkedMtx2304/depth2/node0/test97_3.mtx 1.9 2293.66 0.00094122 0.0145714 
/home/antonkov/masterWork/tests/samePrefixMarkedMtx2304/depth2/node0/test97_3.mtx 2 4382.71 0.000381638 0.00588235 
/home/antonkov/masterWork/tests/samePrefixMarkedMtx2304/depth2/node0/test97_3.mtx 2.1 0 -1 -1 
/home/antonkov/masterWork/tests/samePrefixMarkedMtx2304/depth2/node0/test97_3.mtx 2.2 0 -1 -1 
/home/antonkov/masterWork/tests/samePrefixMarkedMtx2304/depth2/node0/test97_3.mtx 2.3 0 -1 -1 
/home/antonkov/masterWork/tests/samePrefixMarkedMtx2304/depth2/node0/test97_3.mtx 2.4 0 -1 -1 
/home/antonkov/masterWork/tests/samePrefixMarkedMtx2304/depth2/node0/test97_3.mtx 2.5 0 -1 -1 
/home/antonkov/masterWork/tests/samePrefixMarkedMtx2304/depth2/node0/test97_3.mtx 2.6 0 -1 -1 
/home/antonkov/masterWork/tests/samePrefixMarkedMtx2304/depth2/node0/test97_3.mtx 2.7 0 -1 -1 
/home/antonkov/masterWork/tests/samePrefixMarkedMtx2304/depth2/node0/test97_3.mtx 2.8 0 -1 -1 
/home/antonkov/masterWork/tests/samePrefixMarkedMtx2304/depth2/node0/test97_3.mtx 2.9 0 -1 -1 
/home/antonkov/masterWork/tests/samePrefixMarkedMtx2304/depth2/node0/test97_3.mtx 3 0 -1 -1 
/home/antonkov/masterWork/tests/samePrefixMarkedMtx2304/depth2/node0/test97_3.mtx 3.1 0 -1 -1 
/home/antonkov/masterWork/tests/samePrefixMarkedMtx2304/depth2/node0/test97_3.mtx 3.2 0 -1 -1 
/home/antonkov/masterWork/tests/samePrefixMarkedMtx2304/depth2/node0/test97_3.mtx 3.3 0 -1 -1 
/home/antonkov/masterWork/tests/samePrefixMarkedMtx2304/depth2/node0/test97_3.mtx 3.4 0 -1 -1 
/home/antonkov/masterWork/tests/samePrefixMarkedMtx2304/depth2/node0/test97_3.mtx 3.5 0 -1 -1 
/home/antonkov/masterWork/tests/samePrefixMarkedMtx2304/depth2/node0/test97_4.mtx 1 465.036 0.0888542 0.96 
/home/antonkov/masterWork/tests/samePrefixMarkedMtx2304/depth2/node0/test97_4.mtx 1.1 468.395 0.0801649 0.9 
/home/antonkov/masterWork/tests/samePrefixMarkedMtx2304/depth2/node0/test97_4.mtx 1.2 450.576 0.0659201 0.76 
/home/antonkov/masterWork/tests/samePrefixMarkedMtx2304/depth2/node0/test97_4.mtx 1.3 435.511 0.0523481 0.64 
/home/antonkov/masterWork/tests/samePrefixMarkedMtx2304/depth2/node0/test97_4.mtx 1.4 540.445 0.0358789 0.455 
/home/antonkov/masterWork/tests/samePrefixMarkedMtx2304/depth2/node0/test97_4.mtx 1.5 518.134 0.02375 0.32 
/home/antonkov/masterWork/tests/samePrefixMarkedMtx2304/depth2/node0/test97_4.mtx 1.6 604.803 0.0145558 0.206667 
/home/antonkov/masterWork/tests/samePrefixMarkedMtx2304/depth2/node0/test97_4.mtx 1.7 773.229 0.00561849 0.0866667 
/home/antonkov/masterWork/tests/samePrefixMarkedMtx2304/depth2/node0/test97_4.mtx 1.8 1489.2 0.00178458 0.0294444 
/home/antonkov/masterWork/tests/samePrefixMarkedMtx2304/depth2/node0/test97_4.mtx 1.9 2810.23 0.000718075 0.0115556 
/home/antonkov/masterWork/tests/samePrefixMarkedMtx2304/depth2/node0/test97_4.mtx 2 5991.19 0.000280732 0.00428571 
/home/antonkov/masterWork/tests/samePrefixMarkedMtx2304/depth2/node0/test97_4.mtx 2.1 0 -1 -1 
/home/antonkov/masterWork/tests/samePrefixMarkedMtx2304/depth2/node0/test97_4.mtx 2.2 0 -1 -1 
/home/antonkov/masterWork/tests/samePrefixMarkedMtx2304/depth2/node0/test97_4.mtx 2.3 0 -1 -1 
/home/antonkov/masterWork/tests/samePrefixMarkedMtx2304/depth2/node0/test97_4.mtx 2.4 0 -1 -1 
/home/antonkov/masterWork/tests/samePrefixMarkedMtx2304/depth2/node0/test97_4.mtx 2.5 0 -1 -1 
/home/antonkov/masterWork/tests/samePrefixMarkedMtx2304/depth2/node0/test97_4.mtx 2.6 0 -1 -1 
/home/antonkov/masterWork/tests/samePrefixMarkedMtx2304/depth2/node0/test97_4.mtx 2.7 0 -1 -1 
/home/antonkov/masterWork/tests/samePrefixMarkedMtx2304/depth2/node0/test97_4.mtx 2.8 0 -1 -1 
/home/antonkov/masterWork/tests/samePrefixMarkedMtx2304/depth2/node0/test97_4.mtx 2.9 0 -1 -1 
/home/antonkov/masterWork/tests/samePrefixMarkedMtx2304/depth2/node0/test97_4.mtx 3 0 -1 -1 
/home/antonkov/masterWork/tests/samePrefixMarkedMtx2304/depth2/node0/test97_4.mtx 3.1 0 -1 -1 
/home/antonkov/masterWork/tests/samePrefixMarkedMtx2304/depth2/node0/test97_4.mtx 3.2 0 -1 -1 
/home/antonkov/masterWork/tests/samePrefixMarkedMtx2304/depth2/node0/test97_4.mtx 3.3 0 -1 -1 
/home/antonkov/masterWork/tests/samePrefixMarkedMtx2304/depth2/node0/test97_4.mtx 3.4 0 -1 -1 
/home/antonkov/masterWork/tests/samePrefixMarkedMtx2304/depth2/node0/test97_4.mtx 3.5 0 -1 -1 
/home/antonkov/masterWork/tests/samePrefixMarkedMtx2304/depth2/node0/test98_0.mtx 1 489.493 0.090829 0.96 
/home/antonkov/masterWork/tests/samePrefixMarkedMtx2304/depth2/node0/test98_0.mtx 1.1 479.556 0.0820226 0.92 
/home/antonkov/masterWork/tests/samePrefixMarkedMtx2304/depth2/node0/test98_0.mtx 1.2 463.754 0.0673134 0.79 
/home/antonkov/masterWork/tests/samePrefixMarkedMtx2304/depth2/node0/test98_0.mtx 1.3 453.033 0.0532639 0.67 
/home/antonkov/masterWork/tests/samePrefixMarkedMtx2304/depth2/node0/test98_0.mtx 1.4 427.184 0.0386285 0.51 
/home/antonkov/masterWork/tests/samePrefixMarkedMtx2304/depth2/node0/test98_0.mtx 1.5 532.317 0.0212478 0.3 
/home/antonkov/masterWork/tests/samePrefixMarkedMtx2304/depth2/node0/test98_0.mtx 1.6 679.159 0.0114941 0.1625 
/home/antonkov/masterWork/tests/samePrefixMarkedMtx2304/depth2/node0/test98_0.mtx 1.7 783.493 0.00607639 0.09 
/home/antonkov/masterWork/tests/samePrefixMarkedMtx2304/depth2/node0/test98_0.mtx 1.8 1321.82 0.00236053 0.036 
/home/antonkov/masterWork/tests/samePrefixMarkedMtx2304/depth2/node0/test98_0.mtx 1.9 2477.89 0.000792268 0.0128205 
/home/antonkov/masterWork/tests/samePrefixMarkedMtx2304/depth2/node0/test98_0.mtx 2 5461.97 0.000284106 0.0046729 
/home/antonkov/masterWork/tests/samePrefixMarkedMtx2304/depth2/node0/test98_0.mtx 2.1 0 -1 -1 
/home/antonkov/masterWork/tests/samePrefixMarkedMtx2304/depth2/node0/test98_0.mtx 2.2 0 -1 -1 
/home/antonkov/masterWork/tests/samePrefixMarkedMtx2304/depth2/node0/test98_0.mtx 2.3 0 -1 -1 
/home/antonkov/masterWork/tests/samePrefixMarkedMtx2304/depth2/node0/test98_0.mtx 2.4 0 -1 -1 
/home/antonkov/masterWork/tests/samePrefixMarkedMtx2304/depth2/node0/test98_0.mtx 2.5 0 -1 -1 
/home/antonkov/masterWork/tests/samePrefixMarkedMtx2304/depth2/node0/test98_0.mtx 2.6 0 -1 -1 
/home/antonkov/masterWork/tests/samePrefixMarkedMtx2304/depth2/node0/test98_0.mtx 2.7 0 -1 -1 
/home/antonkov/masterWork/tests/samePrefixMarkedMtx2304/depth2/node0/test98_0.mtx 2.8 0 -1 -1 
/home/antonkov/masterWork/tests/samePrefixMarkedMtx2304/depth2/node0/test98_0.mtx 2.9 0 -1 -1 
/home/antonkov/masterWork/tests/samePrefixMarkedMtx2304/depth2/node0/test98_0.mtx 3 0 -1 -1 
/home/antonkov/masterWork/tests/samePrefixMarkedMtx2304/depth2/node0/test98_0.mtx 3.1 0 -1 -1 
/home/antonkov/masterWork/tests/samePrefixMarkedMtx2304/depth2/node0/test98_0.mtx 3.2 0 -1 -1 
/home/antonkov/masterWork/tests/samePrefixMarkedMtx2304/depth2/node0/test98_0.mtx 3.3 0 -1 -1 
/home/antonkov/masterWork/tests/samePrefixMarkedMtx2304/depth2/node0/test98_0.mtx 3.4 0 -1 -1 
/home/antonkov/masterWork/tests/samePrefixMarkedMtx2304/depth2/node0/test98_0.mtx 3.5 0 -1 -1 
/home/antonkov/masterWork/tests/samePrefixMarkedMtx2304/depth2/node0/test98_1.mtx 1 491.481 0.0885156 0.96 
/home/antonkov/masterWork/tests/samePrefixMarkedMtx2304/depth2/node0/test98_1.mtx 1.1 473.188 0.0796354 0.89 
/home/antonkov/masterWork/tests/samePrefixMarkedMtx2304/depth2/node0/test98_1.mtx 1.2 464.409 0.0621658 0.74 
/home/antonkov/masterWork/tests/samePrefixMarkedMtx2304/depth2/node0/test98_1.mtx 1.3 439.431 0.046059 0.59 
/home/antonkov/masterWork/tests/samePrefixMarkedMtx2304/depth2/node0/test98_1.mtx 1.4 550.796 0.0343598 0.465 
/home/antonkov/masterWork/tests/samePrefixMarkedMtx2304/depth2/node0/test98_1.mtx 1.5 512.525 0.0189735 0.265 
/home/antonkov/masterWork/tests/samePrefixMarkedMtx2304/depth2/node0/test98_1.mtx 1.6 658.943 0.011186 0.1575 
/home/antonkov/masterWork/tests/samePrefixMarkedMtx2304/depth2/node0/test98_1.mtx 1.7 850.14 0.00552455 0.0828571 
/home/antonkov/masterWork/tests/samePrefixMarkedMtx2304/depth2/node0/test98_1.mtx 1.8 1123.2 0.00270218 0.0416667 
/home/antonkov/masterWork/tests/samePrefixMarkedMtx2304/depth2/node0/test98_1.mtx 1.9 2214.16 0.000957229 0.0154545 
/home/antonkov/masterWork/tests/samePrefixMarkedMtx2304/depth2/node0/test98_1.mtx 2 4776.21 0.000344647 0.00549451 
/home/antonkov/masterWork/tests/samePrefixMarkedMtx2304/depth2/node0/test98_1.mtx 2.1 0 -1 -1 
/home/antonkov/masterWork/tests/samePrefixMarkedMtx2304/depth2/node0/test98_1.mtx 2.2 0 -1 -1 
/home/antonkov/masterWork/tests/samePrefixMarkedMtx2304/depth2/node0/test98_1.mtx 2.3 0 -1 -1 
/home/antonkov/masterWork/tests/samePrefixMarkedMtx2304/depth2/node0/test98_1.mtx 2.4 0 -1 -1 
/home/antonkov/masterWork/tests/samePrefixMarkedMtx2304/depth2/node0/test98_1.mtx 2.5 0 -1 -1 
/home/antonkov/masterWork/tests/samePrefixMarkedMtx2304/depth2/node0/test98_1.mtx 2.6 0 -1 -1 
/home/antonkov/masterWork/tests/samePrefixMarkedMtx2304/depth2/node0/test98_1.mtx 2.7 0 -1 -1 
/home/antonkov/masterWork/tests/samePrefixMarkedMtx2304/depth2/node0/test98_1.mtx 2.8 0 -1 -1 
/home/antonkov/masterWork/tests/samePrefixMarkedMtx2304/depth2/node0/test98_1.mtx 2.9 0 -1 -1 
/home/antonkov/masterWork/tests/samePrefixMarkedMtx2304/depth2/node0/test98_1.mtx 3 0 -1 -1 
/home/antonkov/masterWork/tests/samePrefixMarkedMtx2304/depth2/node0/test98_1.mtx 3.1 0 -1 -1 
/home/antonkov/masterWork/tests/samePrefixMarkedMtx2304/depth2/node0/test98_1.mtx 3.2 0 -1 -1 
/home/antonkov/masterWork/tests/samePrefixMarkedMtx2304/depth2/node0/test98_1.mtx 3.3 0 -1 -1 
/home/antonkov/masterWork/tests/samePrefixMarkedMtx2304/depth2/node0/test98_1.mtx 3.4 0 -1 -1 
/home/antonkov/masterWork/tests/samePrefixMarkedMtx2304/depth2/node0/test98_1.mtx 3.5 0 -1 -1 
/home/antonkov/masterWork/tests/samePrefixMarkedMtx2304/depth2/node0/test98_2.mtx 1 493.109 0.0882986 0.94 
/home/antonkov/masterWork/tests/samePrefixMarkedMtx2304/depth2/node0/test98_2.mtx 1.1 479.354 0.0773221 0.87 
/home/antonkov/masterWork/tests/samePrefixMarkedMtx2304/depth2/node0/test98_2.mtx 1.2 468.327 0.0630729 0.74 
/home/antonkov/masterWork/tests/samePrefixMarkedMtx2304/depth2/node0/test98_2.mtx 1.3 453.79 0.0484939 0.63 
/home/antonkov/masterWork/tests/samePrefixMarkedMtx2304/depth2/node0/test98_2.mtx 1.4 568.105 0.0320356 0.42 
/home/antonkov/masterWork/tests/samePrefixMarkedMtx2304/depth2/node0/test98_2.mtx 1.5 530.77 0.0182031 0.26 
/home/antonkov/masterWork/tests/samePrefixMarkedMtx2304/depth2/node0/test98_2.mtx 1.6 689.375 0.011607 0.1625 
/home/antonkov/masterWork/tests/samePrefixMarkedMtx2304/depth2/node0/test98_2.mtx 1.7 867.377 0.00524864 0.0742857 
/home/antonkov/masterWork/tests/samePrefixMarkedMtx2304/depth2/node0/test98_2.mtx 1.8 1293.94 0.0025155 0.0371429 
/home/antonkov/masterWork/tests/samePrefixMarkedMtx2304/depth2/node0/test98_2.mtx 1.9 2311.92 0.00100458 0.0151515 
/home/antonkov/masterWork/tests/samePrefixMarkedMtx2304/depth2/node0/test98_2.mtx 2 5370.05 0.000316536 0.005 
/home/antonkov/masterWork/tests/samePrefixMarkedMtx2304/depth2/node0/test98_2.mtx 2.1 0 -1 -1 
/home/antonkov/masterWork/tests/samePrefixMarkedMtx2304/depth2/node0/test98_2.mtx 2.2 0 -1 -1 
/home/antonkov/masterWork/tests/samePrefixMarkedMtx2304/depth2/node0/test98_2.mtx 2.3 0 -1 -1 
/home/antonkov/masterWork/tests/samePrefixMarkedMtx2304/depth2/node0/test98_2.mtx 2.4 0 -1 -1 
/home/antonkov/masterWork/tests/samePrefixMarkedMtx2304/depth2/node0/test98_2.mtx 2.5 0 -1 -1 
/home/antonkov/masterWork/tests/samePrefixMarkedMtx2304/depth2/node0/test98_2.mtx 2.6 0 -1 -1 
/home/antonkov/masterWork/tests/samePrefixMarkedMtx2304/depth2/node0/test98_2.mtx 2.7 0 -1 -1 
/home/antonkov/masterWork/tests/samePrefixMarkedMtx2304/depth2/node0/test98_2.mtx 2.8 0 -1 -1 
/home/antonkov/masterWork/tests/samePrefixMarkedMtx2304/depth2/node0/test98_2.mtx 2.9 0 -1 -1 
/home/antonkov/masterWork/tests/samePrefixMarkedMtx2304/depth2/node0/test98_2.mtx 3 0 -1 -1 
/home/antonkov/masterWork/tests/samePrefixMarkedMtx2304/depth2/node0/test98_2.mtx 3.1 0 -1 -1 
/home/antonkov/masterWork/tests/samePrefixMarkedMtx2304/depth2/node0/test98_2.mtx 3.2 0 -1 -1 
/home/antonkov/masterWork/tests/samePrefixMarkedMtx2304/depth2/node0/test98_2.mtx 3.3 0 -1 -1 
/home/antonkov/masterWork/tests/samePrefixMarkedMtx2304/depth2/node0/test98_2.mtx 3.4 0 -1 -1 
/home/antonkov/masterWork/tests/samePrefixMarkedMtx2304/depth2/node0/test98_2.mtx 3.5 0 -1 -1 
/home/antonkov/masterWork/tests/samePrefixMarkedMtx2304/depth2/node0/test98_3.mtx 1 500.659 0.0896962 0.97 
/home/antonkov/masterWork/tests/samePrefixMarkedMtx2304/depth2/node0/test98_3.mtx 1.1 487.983 0.0781641 0.89 
/home/antonkov/masterWork/tests/samePrefixMarkedMtx2304/depth2/node0/test98_3.mtx 1.2 474.451 0.0630165 0.78 
/home/antonkov/masterWork/tests/samePrefixMarkedMtx2304/depth2/node0/test98_3.mtx 1.3 458.018 0.0462543 0.6 
/home/antonkov/masterWork/tests/samePrefixMarkedMtx2304/depth2/node0/test98_3.mtx 1.4 567.006 0.0364996 0.47 
/home/antonkov/masterWork/tests/samePrefixMarkedMtx2304/depth2/node0/test98_3.mtx 1.5 537.156 0.024592 0.32 
/home/antonkov/masterWork/tests/samePrefixMarkedMtx2304/depth2/node0/test98_3.mtx 1.6 600.341 0.0131944 0.193333 
/home/antonkov/masterWork/tests/samePrefixMarkedMtx2304/depth2/node0/test98_3.mtx 1.7 770.334 0.00635055 0.0883333 
/home/antonkov/masterWork/tests/samePrefixMarkedMtx2304/depth2/node0/test98_3.mtx 1.8 1077.51 0.00324416 0.0472727 
/home/antonkov/masterWork/tests/samePrefixMarkedMtx2304/depth2/node0/test98_3.mtx 1.9 2309.56 0.000917039 0.0142857 
/home/antonkov/masterWork/tests/samePrefixMarkedMtx2304/depth2/node0/test98_3.mtx 2 5393.01 0.000280053 0.00485437 
/home/antonkov/masterWork/tests/samePrefixMarkedMtx2304/depth2/node0/test98_3.mtx 2.1 0 -1 -1 
/home/antonkov/masterWork/tests/samePrefixMarkedMtx2304/depth2/node0/test98_3.mtx 2.2 0 -1 -1 
/home/antonkov/masterWork/tests/samePrefixMarkedMtx2304/depth2/node0/test98_3.mtx 2.3 0 -1 -1 
/home/antonkov/masterWork/tests/samePrefixMarkedMtx2304/depth2/node0/test98_3.mtx 2.4 0 -1 -1 
/home/antonkov/masterWork/tests/samePrefixMarkedMtx2304/depth2/node0/test98_3.mtx 2.5 0 -1 -1 
/home/antonkov/masterWork/tests/samePrefixMarkedMtx2304/depth2/node0/test98_3.mtx 2.6 0 -1 -1 
/home/antonkov/masterWork/tests/samePrefixMarkedMtx2304/depth2/node0/test98_3.mtx 2.7 0 -1 -1 
/home/antonkov/masterWork/tests/samePrefixMarkedMtx2304/depth2/node0/test98_3.mtx 2.8 0 -1 -1 
/home/antonkov/masterWork/tests/samePrefixMarkedMtx2304/depth2/node0/test98_3.mtx 2.9 0 -1 -1 
/home/antonkov/masterWork/tests/samePrefixMarkedMtx2304/depth2/node0/test98_3.mtx 3 0 -1 -1 
/home/antonkov/masterWork/tests/samePrefixMarkedMtx2304/depth2/node0/test98_3.mtx 3.1 0 -1 -1 
/home/antonkov/masterWork/tests/samePrefixMarkedMtx2304/depth2/node0/test98_3.mtx 3.2 0 -1 -1 
/home/antonkov/masterWork/tests/samePrefixMarkedMtx2304/depth2/node0/test98_3.mtx 3.3 0 -1 -1 
/home/antonkov/masterWork/tests/samePrefixMarkedMtx2304/depth2/node0/test98_3.mtx 3.4 0 -1 -1 
/home/antonkov/masterWork/tests/samePrefixMarkedMtx2304/depth2/node0/test98_3.mtx 3.5 0 -1 -1 
/home/antonkov/masterWork/tests/samePrefixMarkedMtx2304/depth2/node0/test98_4.mtx 1 485.597 0.0894922 0.96 
/home/antonkov/masterWork/tests/samePrefixMarkedMtx2304/depth2/node0/test98_4.mtx 1.1 482.687 0.0777734 0.86 
/home/antonkov/masterWork/tests/samePrefixMarkedMtx2304/depth2/node0/test98_4.mtx 1.2 477.7 0.0666406 0.79 
/home/antonkov/masterWork/tests/samePrefixMarkedMtx2304/depth2/node0/test98_4.mtx 1.3 459.478 0.0497439 0.63 
/home/antonkov/masterWork/tests/samePrefixMarkedMtx2304/depth2/node0/test98_4.mtx 1.4 587.3 0.0371332 0.48 
/home/antonkov/masterWork/tests/samePrefixMarkedMtx2304/depth2/node0/test98_4.mtx 1.5 530.658 0.022385 0.3 
/home/antonkov/masterWork/tests/samePrefixMarkedMtx2304/depth2/node0/test98_4.mtx 1.6 676.367 0.0107053 0.155 
/home/antonkov/masterWork/tests/samePrefixMarkedMtx2304/depth2/node0/test98_4.mtx 1.7 874.961 0.00488405 0.0728571 
/home/antonkov/masterWork/tests/samePrefixMarkedMtx2304/depth2/node0/test98_4.mtx 1.8 1397.31 0.00230469 0.0325 
/home/antonkov/masterWork/tests/samePrefixMarkedMtx2304/depth2/node0/test98_4.mtx 1.9 2365.52 0.000964906 0.0145714 
/home/antonkov/masterWork/tests/samePrefixMarkedMtx2304/depth2/node0/test98_4.mtx 2 5989.34 0.000279798 0.00456897 
/home/antonkov/masterWork/tests/samePrefixMarkedMtx2304/depth2/node0/test98_4.mtx 2.1 0 -1 -1 
/home/antonkov/masterWork/tests/samePrefixMarkedMtx2304/depth2/node0/test98_4.mtx 2.2 0 -1 -1 
/home/antonkov/masterWork/tests/samePrefixMarkedMtx2304/depth2/node0/test98_4.mtx 2.3 0 -1 -1 
/home/antonkov/masterWork/tests/samePrefixMarkedMtx2304/depth2/node0/test98_4.mtx 2.4 0 -1 -1 
/home/antonkov/masterWork/tests/samePrefixMarkedMtx2304/depth2/node0/test98_4.mtx 2.5 0 -1 -1 
/home/antonkov/masterWork/tests/samePrefixMarkedMtx2304/depth2/node0/test98_4.mtx 2.6 0 -1 -1 
/home/antonkov/masterWork/tests/samePrefixMarkedMtx2304/depth2/node0/test98_4.mtx 2.7 0 -1 -1 
/home/antonkov/masterWork/tests/samePrefixMarkedMtx2304/depth2/node0/test98_4.mtx 2.8 0 -1 -1 
/home/antonkov/masterWork/tests/samePrefixMarkedMtx2304/depth2/node0/test98_4.mtx 2.9 0 -1 -1 
/home/antonkov/masterWork/tests/samePrefixMarkedMtx2304/depth2/node0/test98_4.mtx 3 0 -1 -1 
/home/antonkov/masterWork/tests/samePrefixMarkedMtx2304/depth2/node0/test98_4.mtx 3.1 0 -1 -1 
/home/antonkov/masterWork/tests/samePrefixMarkedMtx2304/depth2/node0/test98_4.mtx 3.2 0 -1 -1 
/home/antonkov/masterWork/tests/samePrefixMarkedMtx2304/depth2/node0/test98_4.mtx 3.3 0 -1 -1 
/home/antonkov/masterWork/tests/samePrefixMarkedMtx2304/depth2/node0/test98_4.mtx 3.4 0 -1 -1 
/home/antonkov/masterWork/tests/samePrefixMarkedMtx2304/depth2/node0/test98_4.mtx 3.5 0 -1 -1 
/home/antonkov/masterWork/tests/samePrefixMarkedMtx2304/depth2/node0/test99_0.mtx 1 498.871 0.0893359 0.94 
/home/antonkov/masterWork/tests/samePrefixMarkedMtx2304/depth2/node0/test99_0.mtx 1.1 491.631 0.0789497 0.92 
/home/antonkov/masterWork/tests/samePrefixMarkedMtx2304/depth2/node0/test99_0.mtx 1.2 460.328 0.0621137 0.74 
/home/antonkov/masterWork/tests/samePrefixMarkedMtx2304/depth2/node0/test99_0.mtx 1.3 449.502 0.0468142 0.6 
/home/antonkov/masterWork/tests/samePrefixMarkedMtx2304/depth2/node0/test99_0.mtx 1.4 569.686 0.0334397 0.44 
/home/antonkov/masterWork/tests/samePrefixMarkedMtx2304/depth2/node0/test99_0.mtx 1.5 512.87 0.0209375 0.3 
/home/antonkov/masterWork/tests/samePrefixMarkedMtx2304/depth2/node0/test99_0.mtx 1.6 675.603 0.0105154 0.1475 
/home/antonkov/masterWork/tests/samePrefixMarkedMtx2304/depth2/node0/test99_0.mtx 1.7 775.22 0.00623698 0.0866667 
/home/antonkov/masterWork/tests/samePrefixMarkedMtx2304/depth2/node0/test99_0.mtx 1.8 1170.47 0.00300748 0.0430769 
/home/antonkov/masterWork/tests/samePrefixMarkedMtx2304/depth2/node0/test99_0.mtx 1.9 2443.01 0.000851867 0.0135135 
/home/antonkov/masterWork/tests/samePrefixMarkedMtx2304/depth2/node0/test99_0.mtx 2 4957.16 0.000340689 0.00526316 
/home/antonkov/masterWork/tests/samePrefixMarkedMtx2304/depth2/node0/test99_0.mtx 2.1 0 -1 -1 
/home/antonkov/masterWork/tests/samePrefixMarkedMtx2304/depth2/node0/test99_0.mtx 2.2 0 -1 -1 
/home/antonkov/masterWork/tests/samePrefixMarkedMtx2304/depth2/node0/test99_0.mtx 2.3 0 -1 -1 
/home/antonkov/masterWork/tests/samePrefixMarkedMtx2304/depth2/node0/test99_0.mtx 2.4 0 -1 -1 
/home/antonkov/masterWork/tests/samePrefixMarkedMtx2304/depth2/node0/test99_0.mtx 2.5 0 -1 -1 
/home/antonkov/masterWork/tests/samePrefixMarkedMtx2304/depth2/node0/test99_0.mtx 2.6 0 -1 -1 
/home/antonkov/masterWork/tests/samePrefixMarkedMtx2304/depth2/node0/test99_0.mtx 2.7 0 -1 -1 
/home/antonkov/masterWork/tests/samePrefixMarkedMtx2304/depth2/node0/test99_0.mtx 2.8 0 -1 -1 
/home/antonkov/masterWork/tests/samePrefixMarkedMtx2304/depth2/node0/test99_0.mtx 2.9 0 -1 -1 
/home/antonkov/masterWork/tests/samePrefixMarkedMtx2304/depth2/node0/test99_0.mtx 3 0 -1 -1 
/home/antonkov/masterWork/tests/samePrefixMarkedMtx2304/depth2/node0/test99_0.mtx 3.1 0 -1 -1 
/home/antonkov/masterWork/tests/samePrefixMarkedMtx2304/depth2/node0/test99_0.mtx 3.2 0 -1 -1 
/home/antonkov/masterWork/tests/samePrefixMarkedMtx2304/depth2/node0/test99_0.mtx 3.3 0 -1 -1 
/home/antonkov/masterWork/tests/samePrefixMarkedMtx2304/depth2/node0/test99_0.mtx 3.4 0 -1 -1 
/home/antonkov/masterWork/tests/samePrefixMarkedMtx2304/depth2/node0/test99_0.mtx 3.5 0 -1 -1 
/home/antonkov/masterWork/tests/samePrefixMarkedMtx2304/depth2/node0/test99_1.mtx 1 486.7 0.0910113 0.94 
/home/antonkov/masterWork/tests/samePrefixMarkedMtx2304/depth2/node0/test99_1.mtx 1.1 477.984 0.08 0.87 
/home/antonkov/masterWork/tests/samePrefixMarkedMtx2304/depth2/node0/test99_1.mtx 1.2 461.206 0.0668359 0.77 
/home/antonkov/masterWork/tests/samePrefixMarkedMtx2304/depth2/node0/test99_1.mtx 1.3 443.012 0.0513542 0.61 
/home/antonkov/masterWork/tests/samePrefixMarkedMtx2304/depth2/node0/test99_1.mtx 1.4 567.751 0.0382943 0.49 
/home/antonkov/masterWork/tests/samePrefixMarkedMtx2304/depth2/node0/test99_1.mtx 1.5 528.078 0.0227734 0.305 
/home/antonkov/masterWork/tests/samePrefixMarkedMtx2304/depth2/node0/test99_1.mtx 1.6 600.767 0.0130975 0.186667 
/home/antonkov/masterWork/tests/samePrefixMarkedMtx2304/depth2/node0/test99_1.mtx 1.7 786.423 0.00688657 0.0983333 
/home/antonkov/masterWork/tests/samePrefixMarkedMtx2304/depth2/node0/test99_1.mtx 1.8 1149.16 0.00284216 0.045 
/home/antonkov/masterWork/tests/samePrefixMarkedMtx2304/depth2/node0/test99_1.mtx 1.9 2161.99 0.00101913 0.016129 
/home/antonkov/masterWork/tests/samePrefixMarkedMtx2304/depth2/node0/test99_1.mtx 2 4434.98 0.000367316 0.00617284 
/home/antonkov/masterWork/tests/samePrefixMarkedMtx2304/depth2/node0/test99_1.mtx 2.1 0 -1 -1 
/home/antonkov/masterWork/tests/samePrefixMarkedMtx2304/depth2/node0/test99_1.mtx 2.2 0 -1 -1 
/home/antonkov/masterWork/tests/samePrefixMarkedMtx2304/depth2/node0/test99_1.mtx 2.3 0 -1 -1 
/home/antonkov/masterWork/tests/samePrefixMarkedMtx2304/depth2/node0/test99_1.mtx 2.4 0 -1 -1 
/home/antonkov/masterWork/tests/samePrefixMarkedMtx2304/depth2/node0/test99_1.mtx 2.5 0 -1 -1 
/home/antonkov/masterWork/tests/samePrefixMarkedMtx2304/depth2/node0/test99_1.mtx 2.6 0 -1 -1 
/home/antonkov/masterWork/tests/samePrefixMarkedMtx2304/depth2/node0/test99_1.mtx 2.7 0 -1 -1 
/home/antonkov/masterWork/tests/samePrefixMarkedMtx2304/depth2/node0/test99_1.mtx 2.8 0 -1 -1 
/home/antonkov/masterWork/tests/samePrefixMarkedMtx2304/depth2/node0/test99_1.mtx 2.9 0 -1 -1 
/home/antonkov/masterWork/tests/samePrefixMarkedMtx2304/depth2/node0/test99_1.mtx 3 0 -1 -1 
/home/antonkov/masterWork/tests/samePrefixMarkedMtx2304/depth2/node0/test99_1.mtx 3.1 0 -1 -1 
/home/antonkov/masterWork/tests/samePrefixMarkedMtx2304/depth2/node0/test99_1.mtx 3.2 0 -1 -1 
/home/antonkov/masterWork/tests/samePrefixMarkedMtx2304/depth2/node0/test99_1.mtx 3.3 0 -1 -1 
/home/antonkov/masterWork/tests/samePrefixMarkedMtx2304/depth2/node0/test99_1.mtx 3.4 0 -1 -1 
/home/antonkov/masterWork/tests/samePrefixMarkedMtx2304/depth2/node0/test99_1.mtx 3.5 0 -1 -1 
/home/antonkov/masterWork/tests/samePrefixMarkedMtx2304/depth2/node0/test99_2.mtx 1 490.815 0.0909332 0.97 
/home/antonkov/masterWork/tests/samePrefixMarkedMtx2304/depth2/node0/test99_2.mtx 1.1 469.776 0.0820573 0.94 
/home/antonkov/masterWork/tests/samePrefixMarkedMtx2304/depth2/node0/test99_2.mtx 1.2 464.537 0.0654731 0.78 
/home/antonkov/masterWork/tests/samePrefixMarkedMtx2304/depth2/node0/test99_2.mtx 1.3 440.624 0.0453429 0.57 
/home/antonkov/masterWork/tests/samePrefixMarkedMtx2304/depth2/node0/test99_2.mtx 1.4 555.615 0.0321267 0.41 
/home/antonkov/masterWork/tests/samePrefixMarkedMtx2304/depth2/node0/test99_2.mtx 1.5 536.038 0.0224523 0.3 
/home/antonkov/masterWork/tests/samePrefixMarkedMtx2304/depth2/node0/test99_2.mtx 1.6 589.651 0.0139381 0.186667 
/home/antonkov/masterWork/tests/samePrefixMarkedMtx2304/depth2/node0/test99_2.mtx 1.7 783.51 0.00570819 0.0833333 
/home/antonkov/masterWork/tests/samePrefixMarkedMtx2304/depth2/node0/test99_2.mtx 1.8 1012.86 0.00328125 0.051 
/home/antonkov/masterWork/tests/samePrefixMarkedMtx2304/depth2/node0/test99_2.mtx 1.9 2143.12 0.000955141 0.0164516 
/home/antonkov/masterWork/tests/samePrefixMarkedMtx2304/depth2/node0/test99_2.mtx 2 4446.34 0.000400893 0.00621951 
/home/antonkov/masterWork/tests/samePrefixMarkedMtx2304/depth2/node0/test99_2.mtx 2.1 0 -1 -1 
/home/antonkov/masterWork/tests/samePrefixMarkedMtx2304/depth2/node0/test99_2.mtx 2.2 0 -1 -1 
/home/antonkov/masterWork/tests/samePrefixMarkedMtx2304/depth2/node0/test99_2.mtx 2.3 0 -1 -1 
/home/antonkov/masterWork/tests/samePrefixMarkedMtx2304/depth2/node0/test99_2.mtx 2.4 0 -1 -1 
/home/antonkov/masterWork/tests/samePrefixMarkedMtx2304/depth2/node0/test99_2.mtx 2.5 0 -1 -1 
/home/antonkov/masterWork/tests/samePrefixMarkedMtx2304/depth2/node0/test99_2.mtx 2.6 0 -1 -1 
/home/antonkov/masterWork/tests/samePrefixMarkedMtx2304/depth2/node0/test99_2.mtx 2.7 0 -1 -1 
/home/antonkov/masterWork/tests/samePrefixMarkedMtx2304/depth2/node0/test99_2.mtx 2.8 0 -1 -1 
/home/antonkov/masterWork/tests/samePrefixMarkedMtx2304/depth2/node0/test99_2.mtx 2.9 0 -1 -1 
/home/antonkov/masterWork/tests/samePrefixMarkedMtx2304/depth2/node0/test99_2.mtx 3 0 -1 -1 
/home/antonkov/masterWork/tests/samePrefixMarkedMtx2304/depth2/node0/test99_2.mtx 3.1 0 -1 -1 
/home/antonkov/masterWork/tests/samePrefixMarkedMtx2304/depth2/node0/test99_2.mtx 3.2 0 -1 -1 
/home/antonkov/masterWork/tests/samePrefixMarkedMtx2304/depth2/node0/test99_2.mtx 3.3 0 -1 -1 
/home/antonkov/masterWork/tests/samePrefixMarkedMtx2304/depth2/node0/test99_2.mtx 3.4 0 -1 -1 
/home/antonkov/masterWork/tests/samePrefixMarkedMtx2304/depth2/node0/test99_2.mtx 3.5 0 -1 -1 
/home/antonkov/masterWork/tests/samePrefixMarkedMtx2304/depth2/node0/test99_3.mtx 1 485.932 0.0891233 0.93 
/home/antonkov/masterWork/tests/samePrefixMarkedMtx2304/depth2/node0/test99_3.mtx 1.1 480.829 0.0779644 0.87 
/home/antonkov/masterWork/tests/samePrefixMarkedMtx2304/depth2/node0/test99_3.mtx 1.2 467.05 0.0638368 0.75 
/home/antonkov/masterWork/tests/samePrefixMarkedMtx2304/depth2/node0/test99_3.mtx 1.3 453.217 0.0475825 0.6 
/home/antonkov/masterWork/tests/samePrefixMarkedMtx2304/depth2/node0/test99_3.mtx 1.4 557.318 0.0359136 0.465 
/home/antonkov/masterWork/tests/samePrefixMarkedMtx2304/depth2/node0/test99_3.mtx 1.5 517.657 0.0219358 0.305 
/home/antonkov/masterWork/tests/samePrefixMarkedMtx2304/depth2/node0/test99_3.mtx 1.6 563.064 0.0122758 0.173333 
/home/antonkov/masterWork/tests/samePrefixMarkedMtx2304/depth2/node0/test99_3.mtx 1.7 766.39 0.00540437 0.0866667 
/home/antonkov/masterWork/tests/samePrefixMarkedMtx2304/depth2/node0/test99_3.mtx 1.8 1236.27 0.00247706 0.0385714 
/home/antonkov/masterWork/tests/samePrefixMarkedMtx2304/depth2/node0/test99_3.mtx 1.9 2318.7 0.000882225 0.0147059 
/home/antonkov/masterWork/tests/samePrefixMarkedMtx2304/depth2/node0/test99_3.mtx 2 4813.84 0.000346595 0.00555556 
/home/antonkov/masterWork/tests/samePrefixMarkedMtx2304/depth2/node0/test99_3.mtx 2.1 0 -1 -1 
/home/antonkov/masterWork/tests/samePrefixMarkedMtx2304/depth2/node0/test99_3.mtx 2.2 0 -1 -1 
/home/antonkov/masterWork/tests/samePrefixMarkedMtx2304/depth2/node0/test99_3.mtx 2.3 0 -1 -1 
/home/antonkov/masterWork/tests/samePrefixMarkedMtx2304/depth2/node0/test99_3.mtx 2.4 0 -1 -1 
/home/antonkov/masterWork/tests/samePrefixMarkedMtx2304/depth2/node0/test99_3.mtx 2.5 0 -1 -1 
/home/antonkov/masterWork/tests/samePrefixMarkedMtx2304/depth2/node0/test99_3.mtx 2.6 0 -1 -1 
/home/antonkov/masterWork/tests/samePrefixMarkedMtx2304/depth2/node0/test99_3.mtx 2.7 0 -1 -1 
/home/antonkov/masterWork/tests/samePrefixMarkedMtx2304/depth2/node0/test99_3.mtx 2.8 0 -1 -1 
/home/antonkov/masterWork/tests/samePrefixMarkedMtx2304/depth2/node0/test99_3.mtx 2.9 0 -1 -1 
/home/antonkov/masterWork/tests/samePrefixMarkedMtx2304/depth2/node0/test99_3.mtx 3 0 -1 -1 
/home/antonkov/masterWork/tests/samePrefixMarkedMtx2304/depth2/node0/test99_3.mtx 3.1 0 -1 -1 
/home/antonkov/masterWork/tests/samePrefixMarkedMtx2304/depth2/node0/test99_3.mtx 3.2 0 -1 -1 
/home/antonkov/masterWork/tests/samePrefixMarkedMtx2304/depth2/node0/test99_3.mtx 3.3 0 -1 -1 
/home/antonkov/masterWork/tests/samePrefixMarkedMtx2304/depth2/node0/test99_3.mtx 3.4 0 -1 -1 
/home/antonkov/masterWork/tests/samePrefixMarkedMtx2304/depth2/node0/test99_3.mtx 3.5 0 -1 -1 
/home/antonkov/masterWork/tests/samePrefixMarkedMtx2304/depth2/node0/test99_4.mtx 1 488.863 0.0871094 0.93 
/home/antonkov/masterWork/tests/samePrefixMarkedMtx2304/depth2/node0/test99_4.mtx 1.1 481.024 0.0773481 0.89 
/home/antonkov/masterWork/tests/samePrefixMarkedMtx2304/depth2/node0/test99_4.mtx 1.2 463.407 0.0635764 0.77 
/home/antonkov/masterWork/tests/samePrefixMarkedMtx2304/depth2/node0/test99_4.mtx 1.3 450.909 0.0485937 0.59 
/home/antonkov/masterWork/tests/samePrefixMarkedMtx2304/depth2/node0/test99_4.mtx 1.4 562.916 0.0353559 0.46 
/home/antonkov/masterWork/tests/samePrefixMarkedMtx2304/depth2/node0/test99_4.mtx 1.5 511.435 0.0204687 0.275 
/home/antonkov/masterWork/tests/samePrefixMarkedMtx2304/depth2/node0/test99_4.mtx 1.6 579.851 0.0130295 0.19 
/home/antonkov/masterWork/tests/samePrefixMarkedMtx2304/depth2/node0/test99_4.mtx 1.7 770.792 0.00655527 0.0933333 
/home/antonkov/masterWork/tests/samePrefixMarkedMtx2304/depth2/node0/test99_4.mtx 1.8 1267.06 0.00259549 0.0385714 
/home/antonkov/masterWork/tests/samePrefixMarkedMtx2304/depth2/node0/test99_4.mtx 1.9 2643.04 0.000759019 0.012439 
/home/antonkov/masterWork/tests/samePrefixMarkedMtx2304/depth2/node0/test99_4.mtx 2 5577.04 0.000305492 0.00458716 
/home/antonkov/masterWork/tests/samePrefixMarkedMtx2304/depth2/node0/test99_4.mtx 2.1 0 -1 -1 
/home/antonkov/masterWork/tests/samePrefixMarkedMtx2304/depth2/node0/test99_4.mtx 2.2 0 -1 -1 
/home/antonkov/masterWork/tests/samePrefixMarkedMtx2304/depth2/node0/test99_4.mtx 2.3 0 -1 -1 
/home/antonkov/masterWork/tests/samePrefixMarkedMtx2304/depth2/node0/test99_4.mtx 2.4 0 -1 -1 
/home/antonkov/masterWork/tests/samePrefixMarkedMtx2304/depth2/node0/test99_4.mtx 2.5 0 -1 -1 
/home/antonkov/masterWork/tests/samePrefixMarkedMtx2304/depth2/node0/test99_4.mtx 2.6 0 -1 -1 
/home/antonkov/masterWork/tests/samePrefixMarkedMtx2304/depth2/node0/test99_4.mtx 2.7 0 -1 -1 
/home/antonkov/masterWork/tests/samePrefixMarkedMtx2304/depth2/node0/test99_4.mtx 2.8 0 -1 -1 
/home/antonkov/masterWork/tests/samePrefixMarkedMtx2304/depth2/node0/test99_4.mtx 2.9 0 -1 -1 
/home/antonkov/masterWork/tests/samePrefixMarkedMtx2304/depth2/node0/test99_4.mtx 3 0 -1 -1 
/home/antonkov/masterWork/tests/samePrefixMarkedMtx2304/depth2/node0/test99_4.mtx 3.1 0 -1 -1 
/home/antonkov/masterWork/tests/samePrefixMarkedMtx2304/depth2/node0/test99_4.mtx 3.2 0 -1 -1 
/home/antonkov/masterWork/tests/samePrefixMarkedMtx2304/depth2/node0/test99_4.mtx 3.3 0 -1 -1 
/home/antonkov/masterWork/tests/samePrefixMarkedMtx2304/depth2/node0/test99_4.mtx 3.4 0 -1 -1 
/home/antonkov/masterWork/tests/samePrefixMarkedMtx2304/depth2/node0/test99_4.mtx 3.5 0 -1 -1 
