Results
Filename SNR Time(ms) BER FER
/home/antonkov/masterWork/tests/samePrefixMarkedMtx/depth2/node0/test0_0.mtx 1 131.033 0.081849 0.815 
/home/antonkov/masterWork/tests/samePrefixMarkedMtx/depth2/node0/test0_0.mtx 1.1 118.6 0.0753646 0.79 
/home/antonkov/masterWork/tests/samePrefixMarkedMtx/depth2/node0/test0_0.mtx 1.2 106.978 0.0661458 0.72 
/home/antonkov/masterWork/tests/samePrefixMarkedMtx/depth2/node0/test0_0.mtx 1.3 94.8042 0.0542014 0.61 
/home/antonkov/masterWork/tests/samePrefixMarkedMtx/depth2/node0/test0_0.mtx 1.4 95.0657 0.0460417 0.52 
/home/antonkov/masterWork/tests/samePrefixMarkedMtx/depth2/node0/test0_0.mtx 1.5 121.901 0.0373785 0.446667 
/home/antonkov/masterWork/tests/samePrefixMarkedMtx/depth2/node0/test0_0.mtx 1.6 107.569 0.0274653 0.333333 
/home/antonkov/masterWork/tests/samePrefixMarkedMtx/depth2/node0/test0_0.mtx 1.7 124.3 0.0206771 0.26 
/home/antonkov/masterWork/tests/samePrefixMarkedMtx/depth2/node0/test0_0.mtx 1.8 161.319 0.0165856 0.211667 
/home/antonkov/masterWork/tests/samePrefixMarkedMtx/depth2/node0/test0_0.mtx 1.9 161.744 0.0117684 0.158571 
/home/antonkov/masterWork/tests/samePrefixMarkedMtx/depth2/node0/test0_0.mtx 2 190.057 0.00842207 0.12 
/home/antonkov/masterWork/tests/samePrefixMarkedMtx/depth2/node0/test0_0.mtx 2.1 216.625 0.00633681 0.0916667 
/home/antonkov/masterWork/tests/samePrefixMarkedMtx/depth2/node0/test0_0.mtx 2.2 274.183 0.00370609 0.0594118 
/home/antonkov/masterWork/tests/samePrefixMarkedMtx/depth2/node0/test0_0.mtx 2.3 404.402 0.002172 0.0364286 
/home/antonkov/masterWork/tests/samePrefixMarkedMtx/depth2/node0/test0_0.mtx 2.4 564.562 0.00131581 0.024186 
/home/antonkov/masterWork/tests/samePrefixMarkedMtx/depth2/node0/test0_0.mtx 2.5 690.227 0.000948875 0.0177586 
/home/antonkov/masterWork/tests/samePrefixMarkedMtx/depth2/node0/test0_0.mtx 2.6 857.287 0.000519976 0.0123457 
/home/antonkov/masterWork/tests/samePrefixMarkedMtx/depth2/node0/test0_0.mtx 2.7 1131.76 0.000293642 0.00887931 
/home/antonkov/masterWork/tests/samePrefixMarkedMtx/depth2/node0/test0_0.mtx 2.8 1295.78 0.000168171 0.00673333 
/home/antonkov/masterWork/tests/samePrefixMarkedMtx/depth2/node0/test0_0.mtx 2.9 1590.25 9.07787e-05 0.00497512 
/home/antonkov/masterWork/tests/samePrefixMarkedMtx/depth2/node0/test0_0.mtx 3 1831.61 6.60269e-05 0.00393701 
/home/antonkov/masterWork/tests/samePrefixMarkedMtx/depth2/node0/test0_0.mtx 3.1 1868.63 3.92512e-05 0.00362319 
/home/antonkov/masterWork/tests/samePrefixMarkedMtx/depth2/node0/test0_0.mtx 3.2 2141.62 2.74548e-05 0.00290698 
/home/antonkov/masterWork/tests/samePrefixMarkedMtx/depth2/node0/test0_0.mtx 3.3 2238.87 2.19727e-05 0.00260417 
/home/antonkov/masterWork/tests/samePrefixMarkedMtx/depth2/node0/test0_0.mtx 3.4 2566.1 1.80585e-05 0.00211416 
/home/antonkov/masterWork/tests/samePrefixMarkedMtx/depth2/node0/test0_0.mtx 3.5 2916.87 1.28857e-05 0.0017301 
/home/antonkov/masterWork/tests/samePrefixMarkedMtx/depth2/node0/test0_1.mtx 1 108.302 0.0761458 0.755 
/home/antonkov/masterWork/tests/samePrefixMarkedMtx/depth2/node0/test0_1.mtx 1.1 103.354 0.068559 0.695 
/home/antonkov/masterWork/tests/samePrefixMarkedMtx/depth2/node0/test0_1.mtx 1.2 96.3701 0.0631424 0.65 
/home/antonkov/masterWork/tests/samePrefixMarkedMtx/depth2/node0/test0_1.mtx 1.3 94.8766 0.0554601 0.605 
/home/antonkov/masterWork/tests/samePrefixMarkedMtx/depth2/node0/test0_1.mtx 1.4 89.472 0.0463194 0.52 
/home/antonkov/masterWork/tests/samePrefixMarkedMtx/depth2/node0/test0_1.mtx 1.5 115.775 0.0383333 0.446667 
/home/antonkov/masterWork/tests/samePrefixMarkedMtx/depth2/node0/test0_1.mtx 1.6 106.512 0.0286111 0.333333 
/home/antonkov/masterWork/tests/samePrefixMarkedMtx/depth2/node0/test0_1.mtx 1.7 120.221 0.0204818 0.2525 
/home/antonkov/masterWork/tests/samePrefixMarkedMtx/depth2/node0/test0_1.mtx 1.8 147.974 0.016603 0.2 
/home/antonkov/masterWork/tests/samePrefixMarkedMtx/depth2/node0/test0_1.mtx 1.9 159.364 0.0121949 0.144286 
/home/antonkov/masterWork/tests/samePrefixMarkedMtx/depth2/node0/test0_1.mtx 2 189.017 0.0100752 0.123333 
/home/antonkov/masterWork/tests/samePrefixMarkedMtx/depth2/node0/test0_1.mtx 2.1 233.426 0.0064294 0.0833333 
/home/antonkov/masterWork/tests/samePrefixMarkedMtx/depth2/node0/test0_1.mtx 2.2 332.924 0.00394878 0.05 
/home/antonkov/masterWork/tests/samePrefixMarkedMtx/depth2/node0/test0_1.mtx 2.3 497.893 0.00204345 0.0278378 
/home/antonkov/masterWork/tests/samePrefixMarkedMtx/depth2/node0/test0_1.mtx 2.4 675.867 0.00133775 0.0181818 
/home/antonkov/masterWork/tests/samePrefixMarkedMtx/depth2/node0/test0_1.mtx 2.5 927.866 0.000859273 0.0117647 
/home/antonkov/masterWork/tests/samePrefixMarkedMtx/depth2/node0/test0_1.mtx 2.6 1570.28 0.0004146 0.0060119 
/home/antonkov/masterWork/tests/samePrefixMarkedMtx/depth2/node0/test0_1.mtx 2.7 2445.55 0.000234896 0.00333333 
/home/antonkov/masterWork/tests/samePrefixMarkedMtx/depth2/node0/test0_1.mtx 2.8 3745.21 0.000131429 0.00192678 
/home/antonkov/masterWork/tests/samePrefixMarkedMtx/depth2/node0/test0_1.mtx 2.9 6313.52 6.62863e-05 0.00100503 
/home/antonkov/masterWork/tests/samePrefixMarkedMtx/depth2/node0/test0_1.mtx 3 11044.7 3.29023e-05 0.000513875 
/home/antonkov/masterWork/tests/samePrefixMarkedMtx/depth2/node0/test0_1.mtx 3.1 0 -1 -1 
/home/antonkov/masterWork/tests/samePrefixMarkedMtx/depth2/node0/test0_1.mtx 3.2 0 -1 -1 
/home/antonkov/masterWork/tests/samePrefixMarkedMtx/depth2/node0/test0_1.mtx 3.3 0 -1 -1 
/home/antonkov/masterWork/tests/samePrefixMarkedMtx/depth2/node0/test0_1.mtx 3.4 0 -1 -1 
/home/antonkov/masterWork/tests/samePrefixMarkedMtx/depth2/node0/test0_1.mtx 3.5 0 -1 -1 
/home/antonkov/masterWork/tests/samePrefixMarkedMtx/depth2/node0/test0_2.mtx 1 114.987 0.0800174 0.805 
/home/antonkov/masterWork/tests/samePrefixMarkedMtx/depth2/node0/test0_2.mtx 1.1 108.364 0.0720226 0.735 
/home/antonkov/masterWork/tests/samePrefixMarkedMtx/depth2/node0/test0_2.mtx 1.2 102.31 0.0633941 0.685 
/home/antonkov/masterWork/tests/samePrefixMarkedMtx/depth2/node0/test0_2.mtx 1.3 96.3805 0.0544184 0.6 
/home/antonkov/masterWork/tests/samePrefixMarkedMtx/depth2/node0/test0_2.mtx 1.4 90.7124 0.0445312 0.505 
/home/antonkov/masterWork/tests/samePrefixMarkedMtx/depth2/node0/test0_2.mtx 1.5 116.312 0.0362963 0.43 
/home/antonkov/masterWork/tests/samePrefixMarkedMtx/depth2/node0/test0_2.mtx 1.6 109.719 0.0290336 0.343333 
/home/antonkov/masterWork/tests/samePrefixMarkedMtx/depth2/node0/test0_2.mtx 1.7 124.855 0.0230035 0.2875 
/home/antonkov/masterWork/tests/samePrefixMarkedMtx/depth2/node0/test0_2.mtx 1.8 138.778 0.0162639 0.212 
/home/antonkov/masterWork/tests/samePrefixMarkedMtx/depth2/node0/test0_2.mtx 1.9 163.141 0.0116567 0.154286 
/home/antonkov/masterWork/tests/samePrefixMarkedMtx/depth2/node0/test0_2.mtx 2 187.696 0.00843364 0.111111 
/home/antonkov/masterWork/tests/samePrefixMarkedMtx/depth2/node0/test0_2.mtx 2.1 242.431 0.00602831 0.0815385 
/home/antonkov/masterWork/tests/samePrefixMarkedMtx/depth2/node0/test0_2.mtx 2.2 343.349 0.00365245 0.0490476 
/home/antonkov/masterWork/tests/samePrefixMarkedMtx/depth2/node0/test0_2.mtx 2.3 427.797 0.00252215 0.0344828 
/home/antonkov/masterWork/tests/samePrefixMarkedMtx/depth2/node0/test0_2.mtx 2.4 673.866 0.00126179 0.0188679 
/home/antonkov/masterWork/tests/samePrefixMarkedMtx/depth2/node0/test0_2.mtx 2.5 913.126 0.000878255 0.01275 
/home/antonkov/masterWork/tests/samePrefixMarkedMtx/depth2/node0/test0_2.mtx 2.6 1365.36 0.000490419 0.0075188 
/home/antonkov/masterWork/tests/samePrefixMarkedMtx/depth2/node0/test0_2.mtx 2.7 2291 0.000247041 0.00389105 
/home/antonkov/masterWork/tests/samePrefixMarkedMtx/depth2/node0/test0_2.mtx 2.8 3341.44 0.000135063 0.00236967 
/home/antonkov/masterWork/tests/samePrefixMarkedMtx/depth2/node0/test0_2.mtx 2.9 5032.51 7.9478e-05 0.00137931 
/home/antonkov/masterWork/tests/samePrefixMarkedMtx/depth2/node0/test0_2.mtx 3 8370.04 4.05394e-05 0.000744602 
/home/antonkov/masterWork/tests/samePrefixMarkedMtx/depth2/node0/test0_2.mtx 3.1 0 -1 -1 
/home/antonkov/masterWork/tests/samePrefixMarkedMtx/depth2/node0/test0_2.mtx 3.2 0 -1 -1 
/home/antonkov/masterWork/tests/samePrefixMarkedMtx/depth2/node0/test0_2.mtx 3.3 0 -1 -1 
/home/antonkov/masterWork/tests/samePrefixMarkedMtx/depth2/node0/test0_2.mtx 3.4 0 -1 -1 
/home/antonkov/masterWork/tests/samePrefixMarkedMtx/depth2/node0/test0_2.mtx 3.5 0 -1 -1 
/home/antonkov/masterWork/tests/samePrefixMarkedMtx/depth2/node0/test0_3.mtx 1 113.836 0.0810156 0.805 
/home/antonkov/masterWork/tests/samePrefixMarkedMtx/depth2/node0/test0_3.mtx 1.1 108.815 0.0708681 0.725 
/home/antonkov/masterWork/tests/samePrefixMarkedMtx/depth2/node0/test0_3.mtx 1.2 99.9532 0.0615538 0.645 
/home/antonkov/masterWork/tests/samePrefixMarkedMtx/depth2/node0/test0_3.mtx 1.3 96.4118 0.0528385 0.585 
/home/antonkov/masterWork/tests/samePrefixMarkedMtx/depth2/node0/test0_3.mtx 1.4 125.123 0.0428935 0.486667 
/home/antonkov/masterWork/tests/samePrefixMarkedMtx/depth2/node0/test0_3.mtx 1.5 113.658 0.0345255 0.396667 
/home/antonkov/masterWork/tests/samePrefixMarkedMtx/depth2/node0/test0_3.mtx 1.6 135.782 0.0274262 0.3175 
/home/antonkov/masterWork/tests/samePrefixMarkedMtx/depth2/node0/test0_3.mtx 1.7 117.241 0.0215017 0.26 
/home/antonkov/masterWork/tests/samePrefixMarkedMtx/depth2/node0/test0_3.mtx 1.8 157.969 0.0170081 0.203333 
/home/antonkov/masterWork/tests/samePrefixMarkedMtx/depth2/node0/test0_3.mtx 1.9 157.873 0.0118378 0.148571 
/home/antonkov/masterWork/tests/samePrefixMarkedMtx/depth2/node0/test0_3.mtx 2 218.542 0.00800821 0.0972727 
/home/antonkov/masterWork/tests/samePrefixMarkedMtx/depth2/node0/test0_3.mtx 2.1 268.819 0.00560764 0.0713333 
/home/antonkov/masterWork/tests/samePrefixMarkedMtx/depth2/node0/test0_3.mtx 2.2 321.511 0.00402691 0.052 
/home/antonkov/masterWork/tests/samePrefixMarkedMtx/depth2/node0/test0_3.mtx 2.3 437.668 0.00239639 0.0322581 
/home/antonkov/masterWork/tests/samePrefixMarkedMtx/depth2/node0/test0_3.mtx 2.4 671.505 0.00138594 0.0190566 
/home/antonkov/masterWork/tests/samePrefixMarkedMtx/depth2/node0/test0_3.mtx 2.5 875.386 0.000868924 0.0125 
/home/antonkov/masterWork/tests/samePrefixMarkedMtx/depth2/node0/test0_3.mtx 2.6 1417.68 0.00047108 0.00671141 
/home/antonkov/masterWork/tests/samePrefixMarkedMtx/depth2/node0/test0_3.mtx 2.7 2354.96 0.000235164 0.0034965 
/home/antonkov/masterWork/tests/samePrefixMarkedMtx/depth2/node0/test0_3.mtx 2.8 3458.72 0.000141649 0.00209205 
/home/antonkov/masterWork/tests/samePrefixMarkedMtx/depth2/node0/test0_3.mtx 2.9 5891.64 7.02198e-05 0.00108932 
/home/antonkov/masterWork/tests/samePrefixMarkedMtx/depth2/node0/test0_3.mtx 3 9839.31 3.59262e-05 0.000582751 
/home/antonkov/masterWork/tests/samePrefixMarkedMtx/depth2/node0/test0_3.mtx 3.1 0 -1 -1 
/home/antonkov/masterWork/tests/samePrefixMarkedMtx/depth2/node0/test0_3.mtx 3.2 0 -1 -1 
/home/antonkov/masterWork/tests/samePrefixMarkedMtx/depth2/node0/test0_3.mtx 3.3 0 -1 -1 
/home/antonkov/masterWork/tests/samePrefixMarkedMtx/depth2/node0/test0_3.mtx 3.4 0 -1 -1 
/home/antonkov/masterWork/tests/samePrefixMarkedMtx/depth2/node0/test0_3.mtx 3.5 0 -1 -1 
/home/antonkov/masterWork/tests/samePrefixMarkedMtx/depth2/node0/test0_4.mtx 1 114.935 0.0796788 0.8 
/home/antonkov/masterWork/tests/samePrefixMarkedMtx/depth2/node0/test0_4.mtx 1.1 109.158 0.0722569 0.75 
/home/antonkov/masterWork/tests/samePrefixMarkedMtx/depth2/node0/test0_4.mtx 1.2 100.814 0.0612587 0.665 
/home/antonkov/masterWork/tests/samePrefixMarkedMtx/depth2/node0/test0_4.mtx 1.3 98.134 0.0535243 0.59 
/home/antonkov/masterWork/tests/samePrefixMarkedMtx/depth2/node0/test0_4.mtx 1.4 92.3473 0.0452778 0.515 
/home/antonkov/masterWork/tests/samePrefixMarkedMtx/depth2/node0/test0_4.mtx 1.5 115.72 0.0349421 0.403333 
/home/antonkov/masterWork/tests/samePrefixMarkedMtx/depth2/node0/test0_4.mtx 1.6 106.486 0.027066 0.34 
/home/antonkov/masterWork/tests/samePrefixMarkedMtx/depth2/node0/test0_4.mtx 1.7 141.37 0.0199028 0.248 
/home/antonkov/masterWork/tests/samePrefixMarkedMtx/depth2/node0/test0_4.mtx 1.8 159.871 0.0162789 0.201667 
/home/antonkov/masterWork/tests/samePrefixMarkedMtx/depth2/node0/test0_4.mtx 1.9 161.988 0.0116741 0.148571 
/home/antonkov/masterWork/tests/samePrefixMarkedMtx/depth2/node0/test0_4.mtx 2 186.493 0.00907215 0.112222 
/home/antonkov/masterWork/tests/samePrefixMarkedMtx/depth2/node0/test0_4.mtx 2.1 243.576 0.00634348 0.0815385 
/home/antonkov/masterWork/tests/samePrefixMarkedMtx/depth2/node0/test0_4.mtx 2.2 311.188 0.00386879 0.0531579 
/home/antonkov/masterWork/tests/samePrefixMarkedMtx/depth2/node0/test0_4.mtx 2.3 395.238 0.00243248 0.037037 
/home/antonkov/masterWork/tests/samePrefixMarkedMtx/depth2/node0/test0_4.mtx 2.4 583.918 0.00157039 0.0236364 
/home/antonkov/masterWork/tests/samePrefixMarkedMtx/depth2/node0/test0_4.mtx 2.5 751.306 0.0010376 0.0159375 
/home/antonkov/masterWork/tests/samePrefixMarkedMtx/depth2/node0/test0_4.mtx 2.6 1173.13 0.000481695 0.00877193 
/home/antonkov/masterWork/tests/samePrefixMarkedMtx/depth2/node0/test0_4.mtx 2.7 1809.21 0.000274015 0.00492611 
/home/antonkov/masterWork/tests/samePrefixMarkedMtx/depth2/node0/test0_4.mtx 2.8 2546.89 0.000167842 0.00310559 
/home/antonkov/masterWork/tests/samePrefixMarkedMtx/depth2/node0/test0_4.mtx 2.9 3191.1 0.000103273 0.00223714 
/home/antonkov/masterWork/tests/samePrefixMarkedMtx/depth2/node0/test0_4.mtx 3 4660.85 5.6042e-05 0.00137363 
/home/antonkov/masterWork/tests/samePrefixMarkedMtx/depth2/node0/test0_4.mtx 3.1 6653.37 2.66214e-05 0.000867303 
/home/antonkov/masterWork/tests/samePrefixMarkedMtx/depth2/node0/test0_4.mtx 3.2 0 -1 -1 
/home/antonkov/masterWork/tests/samePrefixMarkedMtx/depth2/node0/test0_4.mtx 3.3 0 -1 -1 
/home/antonkov/masterWork/tests/samePrefixMarkedMtx/depth2/node0/test0_4.mtx 3.4 0 -1 -1 
/home/antonkov/masterWork/tests/samePrefixMarkedMtx/depth2/node0/test0_4.mtx 3.5 0 -1 -1 
/home/antonkov/masterWork/tests/samePrefixMarkedMtx/depth2/node0/test1_0.mtx 1 120.2 0.0826042 0.83 
/home/antonkov/masterWork/tests/samePrefixMarkedMtx/depth2/node0/test1_0.mtx 1.1 114.034 0.0741754 0.755 
/home/antonkov/masterWork/tests/samePrefixMarkedMtx/depth2/node0/test1_0.mtx 1.2 106.346 0.0648177 0.665 
/home/antonkov/masterWork/tests/samePrefixMarkedMtx/depth2/node0/test1_0.mtx 1.3 97.1229 0.0554687 0.585 
/home/antonkov/masterWork/tests/samePrefixMarkedMtx/depth2/node0/test1_0.mtx 1.4 119.462 0.0429688 0.456667 
/home/antonkov/masterWork/tests/samePrefixMarkedMtx/depth2/node0/test1_0.mtx 1.5 113.373 0.0354282 0.396667 
/home/antonkov/masterWork/tests/samePrefixMarkedMtx/depth2/node0/test1_0.mtx 1.6 138.458 0.0277083 0.325 
/home/antonkov/masterWork/tests/samePrefixMarkedMtx/depth2/node0/test1_0.mtx 1.7 123.938 0.0206033 0.2575 
/home/antonkov/masterWork/tests/samePrefixMarkedMtx/depth2/node0/test1_0.mtx 1.8 153.698 0.0153819 0.198333 
/home/antonkov/masterWork/tests/samePrefixMarkedMtx/depth2/node0/test1_0.mtx 1.9 185.357 0.0104427 0.13375 
/home/antonkov/masterWork/tests/samePrefixMarkedMtx/depth2/node0/test1_0.mtx 2 219.052 0.00747317 0.0954545 
/home/antonkov/masterWork/tests/samePrefixMarkedMtx/depth2/node0/test1_0.mtx 2.1 270.428 0.00556134 0.07 
/home/antonkov/masterWork/tests/samePrefixMarkedMtx/depth2/node0/test1_0.mtx 2.2 365.6 0.00330993 0.0434783 
/home/antonkov/masterWork/tests/samePrefixMarkedMtx/depth2/node0/test1_0.mtx 2.3 528.146 0.0020214 0.0275676 
/home/antonkov/masterWork/tests/samePrefixMarkedMtx/depth2/node0/test1_0.mtx 2.4 711.739 0.00129011 0.0174138 
/home/antonkov/masterWork/tests/samePrefixMarkedMtx/depth2/node0/test1_0.mtx 2.5 998.649 0.000789644 0.010989 
/home/antonkov/masterWork/tests/samePrefixMarkedMtx/depth2/node0/test1_0.mtx 2.6 1566.24 0.000415488 0.00623457 
/home/antonkov/masterWork/tests/samePrefixMarkedMtx/depth2/node0/test1_0.mtx 2.7 2470.64 0.000221173 0.00347222 
/home/antonkov/masterWork/tests/samePrefixMarkedMtx/depth2/node0/test1_0.mtx 2.8 3803.89 0.000126381 0.0019685 
/home/antonkov/masterWork/tests/samePrefixMarkedMtx/depth2/node0/test1_0.mtx 2.9 6793.93 6.42395e-05 0.000976562 
/home/antonkov/masterWork/tests/samePrefixMarkedMtx/depth2/node0/test1_0.mtx 3 0 -1 -1 
/home/antonkov/masterWork/tests/samePrefixMarkedMtx/depth2/node0/test1_0.mtx 3.1 0 -1 -1 
/home/antonkov/masterWork/tests/samePrefixMarkedMtx/depth2/node0/test1_0.mtx 3.2 0 -1 -1 
/home/antonkov/masterWork/tests/samePrefixMarkedMtx/depth2/node0/test1_0.mtx 3.3 0 -1 -1 
/home/antonkov/masterWork/tests/samePrefixMarkedMtx/depth2/node0/test1_0.mtx 3.4 0 -1 -1 
/home/antonkov/masterWork/tests/samePrefixMarkedMtx/depth2/node0/test1_0.mtx 3.5 0 -1 -1 
/home/antonkov/masterWork/tests/samePrefixMarkedMtx/depth2/node0/test1_1.mtx 1 118.627 0.0809549 0.81 
/home/antonkov/masterWork/tests/samePrefixMarkedMtx/depth2/node0/test1_1.mtx 1.1 107.662 0.0711198 0.74 
/home/antonkov/masterWork/tests/samePrefixMarkedMtx/depth2/node0/test1_1.mtx 1.2 97.6479 0.06125 0.65 
/home/antonkov/masterWork/tests/samePrefixMarkedMtx/depth2/node0/test1_1.mtx 1.3 95.9374 0.0522743 0.575 
/home/antonkov/masterWork/tests/samePrefixMarkedMtx/depth2/node0/test1_1.mtx 1.4 122.782 0.0428183 0.476667 
/home/antonkov/masterWork/tests/samePrefixMarkedMtx/depth2/node0/test1_1.mtx 1.5 113.161 0.0327025 0.383333 
/home/antonkov/masterWork/tests/samePrefixMarkedMtx/depth2/node0/test1_1.mtx 1.6 131.218 0.0261068 0.3 
/home/antonkov/masterWork/tests/samePrefixMarkedMtx/depth2/node0/test1_1.mtx 1.7 143.847 0.0189826 0.224 
/home/antonkov/masterWork/tests/samePrefixMarkedMtx/depth2/node0/test1_1.mtx 1.8 150.787 0.0147309 0.183333 
/home/antonkov/masterWork/tests/samePrefixMarkedMtx/depth2/node0/test1_1.mtx 1.9 194.25 0.0101659 0.122222 
/home/antonkov/masterWork/tests/samePrefixMarkedMtx/depth2/node0/test1_1.mtx 2 224.159 0.00710385 0.0909091 
/home/antonkov/masterWork/tests/samePrefixMarkedMtx/depth2/node0/test1_1.mtx 2.1 266.01 0.00560764 0.0666667 
/home/antonkov/masterWork/tests/samePrefixMarkedMtx/depth2/node0/test1_1.mtx 2.2 390.812 0.00313168 0.0396154 
/home/antonkov/masterWork/tests/samePrefixMarkedMtx/depth2/node0/test1_1.mtx 2.3 515.372 0.0022119 0.0272973 
/home/antonkov/masterWork/tests/samePrefixMarkedMtx/depth2/node0/test1_1.mtx 2.4 705.277 0.00128868 0.0175439 
/home/antonkov/masterWork/tests/samePrefixMarkedMtx/depth2/node0/test1_1.mtx 2.5 1031.98 0.000766265 0.0105263 
/home/antonkov/masterWork/tests/samePrefixMarkedMtx/depth2/node0/test1_1.mtx 2.6 1598.1 0.000413807 0.00588235 
/home/antonkov/masterWork/tests/samePrefixMarkedMtx/depth2/node0/test1_1.mtx 2.7 2366.71 0.000251554 0.0034965 
/home/antonkov/masterWork/tests/samePrefixMarkedMtx/depth2/node0/test1_1.mtx 2.8 3678.46 0.000131404 0.00199601 
/home/antonkov/masterWork/tests/samePrefixMarkedMtx/depth2/node0/test1_1.mtx 2.9 6710.06 6.3502e-05 0.000958773 
/home/antonkov/masterWork/tests/samePrefixMarkedMtx/depth2/node0/test1_1.mtx 3 0 -1 -1 
/home/antonkov/masterWork/tests/samePrefixMarkedMtx/depth2/node0/test1_1.mtx 3.1 0 -1 -1 
/home/antonkov/masterWork/tests/samePrefixMarkedMtx/depth2/node0/test1_1.mtx 3.2 0 -1 -1 
/home/antonkov/masterWork/tests/samePrefixMarkedMtx/depth2/node0/test1_1.mtx 3.3 0 -1 -1 
/home/antonkov/masterWork/tests/samePrefixMarkedMtx/depth2/node0/test1_1.mtx 3.4 0 -1 -1 
/home/antonkov/masterWork/tests/samePrefixMarkedMtx/depth2/node0/test1_1.mtx 3.5 0 -1 -1 
/home/antonkov/masterWork/tests/samePrefixMarkedMtx/depth2/node0/test1_2.mtx 1 115.339 0.0780642 0.795 
/home/antonkov/masterWork/tests/samePrefixMarkedMtx/depth2/node0/test1_2.mtx 1.1 107.323 0.0691233 0.725 
/home/antonkov/masterWork/tests/samePrefixMarkedMtx/depth2/node0/test1_2.mtx 1.2 98.3176 0.0614931 0.64 
/home/antonkov/masterWork/tests/samePrefixMarkedMtx/depth2/node0/test1_2.mtx 1.3 96.7973 0.0527344 0.565 
/home/antonkov/masterWork/tests/samePrefixMarkedMtx/depth2/node0/test1_2.mtx 1.4 125.72 0.0442187 0.483333 
/home/antonkov/masterWork/tests/samePrefixMarkedMtx/depth2/node0/test1_2.mtx 1.5 111.406 0.0363021 0.393333 
/home/antonkov/masterWork/tests/samePrefixMarkedMtx/depth2/node0/test1_2.mtx 1.6 128.907 0.0285851 0.3125 
/home/antonkov/masterWork/tests/samePrefixMarkedMtx/depth2/node0/test1_2.mtx 1.7 118.726 0.022092 0.255 
/home/antonkov/masterWork/tests/samePrefixMarkedMtx/depth2/node0/test1_2.mtx 1.8 153.729 0.0175839 0.201667 
/home/antonkov/masterWork/tests/samePrefixMarkedMtx/depth2/node0/test1_2.mtx 1.9 162.393 0.0125769 0.15 
/home/antonkov/masterWork/tests/samePrefixMarkedMtx/depth2/node0/test1_2.mtx 2 179.751 0.00928627 0.112222 
/home/antonkov/masterWork/tests/samePrefixMarkedMtx/depth2/node0/test1_2.mtx 2.1 244.655 0.00581473 0.0721429 
/home/antonkov/masterWork/tests/samePrefixMarkedMtx/depth2/node0/test1_2.mtx 2.2 314.673 0.00388889 0.05 
/home/antonkov/masterWork/tests/samePrefixMarkedMtx/depth2/node0/test1_2.mtx 2.3 522.879 0.00201567 0.0261538 
/home/antonkov/masterWork/tests/samePrefixMarkedMtx/depth2/node0/test1_2.mtx 2.4 737.676 0.00123179 0.0163934 
/home/antonkov/masterWork/tests/samePrefixMarkedMtx/depth2/node0/test1_2.mtx 2.5 1004.69 0.000780336 0.0106316 
/home/antonkov/masterWork/tests/samePrefixMarkedMtx/depth2/node0/test1_2.mtx 2.6 1480.14 0.000440483 0.00641026 
/home/antonkov/masterWork/tests/samePrefixMarkedMtx/depth2/node0/test1_2.mtx 2.7 2140.57 0.000267617 0.00387597 
/home/antonkov/masterWork/tests/samePrefixMarkedMtx/depth2/node0/test1_2.mtx 2.8 3581.44 0.00013164 0.00203666 
/home/antonkov/masterWork/tests/samePrefixMarkedMtx/depth2/node0/test1_2.mtx 2.9 6255.07 6.92134e-05 0.00102354 
/home/antonkov/masterWork/tests/samePrefixMarkedMtx/depth2/node0/test1_2.mtx 3 10170.4 2.85063e-05 0.000570125 
/home/antonkov/masterWork/tests/samePrefixMarkedMtx/depth2/node0/test1_2.mtx 3.1 0 -1 -1 
/home/antonkov/masterWork/tests/samePrefixMarkedMtx/depth2/node0/test1_2.mtx 3.2 0 -1 -1 
/home/antonkov/masterWork/tests/samePrefixMarkedMtx/depth2/node0/test1_2.mtx 3.3 0 -1 -1 
/home/antonkov/masterWork/tests/samePrefixMarkedMtx/depth2/node0/test1_2.mtx 3.4 0 -1 -1 
/home/antonkov/masterWork/tests/samePrefixMarkedMtx/depth2/node0/test1_2.mtx 3.5 0 -1 -1 
/home/antonkov/masterWork/tests/samePrefixMarkedMtx/depth2/node0/test1_3.mtx 1 117.752 0.0794705 0.8 
/home/antonkov/masterWork/tests/samePrefixMarkedMtx/depth2/node0/test1_3.mtx 1.1 108.527 0.0701823 0.715 
/home/antonkov/masterWork/tests/samePrefixMarkedMtx/depth2/node0/test1_3.mtx 1.2 101.25 0.0610938 0.635 
/home/antonkov/masterWork/tests/samePrefixMarkedMtx/depth2/node0/test1_3.mtx 1.3 96.3096 0.0527691 0.57 
/home/antonkov/masterWork/tests/samePrefixMarkedMtx/depth2/node0/test1_3.mtx 1.4 122.39 0.0421412 0.473333 
/home/antonkov/masterWork/tests/samePrefixMarkedMtx/depth2/node0/test1_3.mtx 1.5 118.738 0.0328704 0.373333 
/home/antonkov/masterWork/tests/samePrefixMarkedMtx/depth2/node0/test1_3.mtx 1.6 133.92 0.025178 0.285 
/home/antonkov/masterWork/tests/samePrefixMarkedMtx/depth2/node0/test1_3.mtx 1.7 141.007 0.02 0.228 
/home/antonkov/masterWork/tests/samePrefixMarkedMtx/depth2/node0/test1_3.mtx 1.8 153.522 0.0149855 0.178333 
/home/antonkov/masterWork/tests/samePrefixMarkedMtx/depth2/node0/test1_3.mtx 1.9 200.065 0.0103935 0.127778 
/home/antonkov/masterWork/tests/samePrefixMarkedMtx/depth2/node0/test1_3.mtx 2 239.922 0.00736979 0.095 
/home/antonkov/masterWork/tests/samePrefixMarkedMtx/depth2/node0/test1_3.mtx 2.1 261.857 0.00559144 0.0686667 
/home/antonkov/masterWork/tests/samePrefixMarkedMtx/depth2/node0/test1_3.mtx 2.2 317.73 0.0036224 0.051 
/home/antonkov/masterWork/tests/samePrefixMarkedMtx/depth2/node0/test1_3.mtx 2.3 450.194 0.00230791 0.033871 
/home/antonkov/masterWork/tests/samePrefixMarkedMtx/depth2/node0/test1_3.mtx 2.4 662.478 0.0012785 0.0190566 
/home/antonkov/masterWork/tests/samePrefixMarkedMtx/depth2/node0/test1_3.mtx 2.5 1084.96 0.00061553 0.010101 
/home/antonkov/masterWork/tests/samePrefixMarkedMtx/depth2/node0/test1_3.mtx 2.6 1562.06 0.000376736 0.00625 
/home/antonkov/masterWork/tests/samePrefixMarkedMtx/depth2/node0/test1_3.mtx 2.7 2076.31 0.000243277 0.00429787 
/home/antonkov/masterWork/tests/samePrefixMarkedMtx/depth2/node0/test1_3.mtx 2.8 2684.07 0.000147466 0.00300595 
/home/antonkov/masterWork/tests/samePrefixMarkedMtx/depth2/node0/test1_3.mtx 2.9 3560.13 8.05052e-05 0.00203629 
/home/antonkov/masterWork/tests/samePrefixMarkedMtx/depth2/node0/test1_3.mtx 3 4584 3.98915e-05 0.00140449 
/home/antonkov/masterWork/tests/samePrefixMarkedMtx/depth2/node0/test1_3.mtx 3.1 6299.24 1.99061e-05 0.000933707 
/home/antonkov/masterWork/tests/samePrefixMarkedMtx/depth2/node0/test1_3.mtx 3.2 0 -1 -1 
/home/antonkov/masterWork/tests/samePrefixMarkedMtx/depth2/node0/test1_3.mtx 3.3 0 -1 -1 
/home/antonkov/masterWork/tests/samePrefixMarkedMtx/depth2/node0/test1_3.mtx 3.4 0 -1 -1 
/home/antonkov/masterWork/tests/samePrefixMarkedMtx/depth2/node0/test1_3.mtx 3.5 0 -1 -1 
/home/antonkov/masterWork/tests/samePrefixMarkedMtx/depth2/node0/test1_4.mtx 1 113.943 0.0817361 0.805 
/home/antonkov/masterWork/tests/samePrefixMarkedMtx/depth2/node0/test1_4.mtx 1.1 107.47 0.0729861 0.745 
/home/antonkov/masterWork/tests/samePrefixMarkedMtx/depth2/node0/test1_4.mtx 1.2 99.9964 0.0644618 0.67 
/home/antonkov/masterWork/tests/samePrefixMarkedMtx/depth2/node0/test1_4.mtx 1.3 96.3348 0.054809 0.595 
/home/antonkov/masterWork/tests/samePrefixMarkedMtx/depth2/node0/test1_4.mtx 1.4 91.023 0.047474 0.535 
/home/antonkov/masterWork/tests/samePrefixMarkedMtx/depth2/node0/test1_4.mtx 1.5 117.155 0.0382523 0.446667 
/home/antonkov/masterWork/tests/samePrefixMarkedMtx/depth2/node0/test1_4.mtx 1.6 134.899 0.0285373 0.3375 
/home/antonkov/masterWork/tests/samePrefixMarkedMtx/depth2/node0/test1_4.mtx 1.7 122.783 0.0211589 0.26 
/home/antonkov/masterWork/tests/samePrefixMarkedMtx/depth2/node0/test1_4.mtx 1.8 154.143 0.0154745 0.188333 
/home/antonkov/masterWork/tests/samePrefixMarkedMtx/depth2/node0/test1_4.mtx 1.9 183.231 0.0101497 0.1275 
/home/antonkov/masterWork/tests/samePrefixMarkedMtx/depth2/node0/test1_4.mtx 2 236.361 0.00695747 0.0891667 
/home/antonkov/masterWork/tests/samePrefixMarkedMtx/depth2/node0/test1_4.mtx 2.1 287.948 0.00508885 0.0611765 
/home/antonkov/masterWork/tests/samePrefixMarkedMtx/depth2/node0/test1_4.mtx 2.2 353.817 0.0032186 0.0434783 
/home/antonkov/masterWork/tests/samePrefixMarkedMtx/depth2/node0/test1_4.mtx 2.3 531.116 0.00188791 0.025641 
/home/antonkov/masterWork/tests/samePrefixMarkedMtx/depth2/node0/test1_4.mtx 2.4 798.491 0.00116004 0.0151515 
/home/antonkov/masterWork/tests/samePrefixMarkedMtx/depth2/node0/test1_4.mtx 2.5 1113.09 0.000673971 0.00943396 
/home/antonkov/masterWork/tests/samePrefixMarkedMtx/depth2/node0/test1_4.mtx 2.6 1799.02 0.000371335 0.00505051 
/home/antonkov/masterWork/tests/samePrefixMarkedMtx/depth2/node0/test1_4.mtx 2.7 2420.83 0.000246318 0.0033557 
/home/antonkov/masterWork/tests/samePrefixMarkedMtx/depth2/node0/test1_4.mtx 2.8 3274.49 0.000158621 0.00220264 
/home/antonkov/masterWork/tests/samePrefixMarkedMtx/depth2/node0/test1_4.mtx 2.9 6145.55 7.25113e-05 0.00103306 
/home/antonkov/masterWork/tests/samePrefixMarkedMtx/depth2/node0/test1_4.mtx 3 11093.6 3.47752e-05 0.000508647 
/home/antonkov/masterWork/tests/samePrefixMarkedMtx/depth2/node0/test1_4.mtx 3.1 0 -1 -1 
/home/antonkov/masterWork/tests/samePrefixMarkedMtx/depth2/node0/test1_4.mtx 3.2 0 -1 -1 
/home/antonkov/masterWork/tests/samePrefixMarkedMtx/depth2/node0/test1_4.mtx 3.3 0 -1 -1 
/home/antonkov/masterWork/tests/samePrefixMarkedMtx/depth2/node0/test1_4.mtx 3.4 0 -1 -1 
/home/antonkov/masterWork/tests/samePrefixMarkedMtx/depth2/node0/test1_4.mtx 3.5 0 -1 -1 
/home/antonkov/masterWork/tests/samePrefixMarkedMtx/depth2/node0/test2_0.mtx 1 114.578 0.0789063 0.78 
/home/antonkov/masterWork/tests/samePrefixMarkedMtx/depth2/node0/test2_0.mtx 1.1 104.621 0.0714063 0.72 
/home/antonkov/masterWork/tests/samePrefixMarkedMtx/depth2/node0/test2_0.mtx 1.2 100.485 0.0594271 0.625 
/home/antonkov/masterWork/tests/samePrefixMarkedMtx/depth2/node0/test2_0.mtx 1.3 93.0011 0.0503385 0.555 
/home/antonkov/masterWork/tests/samePrefixMarkedMtx/depth2/node0/test2_0.mtx 1.4 118.474 0.0421875 0.47 
/home/antonkov/masterWork/tests/samePrefixMarkedMtx/depth2/node0/test2_0.mtx 1.5 116.3 0.0356076 0.416667 
/home/antonkov/masterWork/tests/samePrefixMarkedMtx/depth2/node0/test2_0.mtx 1.6 134.615 0.028342 0.3325 
/home/antonkov/masterWork/tests/samePrefixMarkedMtx/depth2/node0/test2_0.mtx 1.7 140.946 0.0194306 0.234 
/home/antonkov/masterWork/tests/samePrefixMarkedMtx/depth2/node0/test2_0.mtx 1.8 153.142 0.0146036 0.181667 
/home/antonkov/masterWork/tests/samePrefixMarkedMtx/depth2/node0/test2_0.mtx 1.9 192.138 0.0100347 0.126667 
/home/antonkov/masterWork/tests/samePrefixMarkedMtx/depth2/node0/test2_0.mtx 2 231.624 0.00679398 0.0883333 
/home/antonkov/masterWork/tests/samePrefixMarkedMtx/depth2/node0/test2_0.mtx 2.1 301.751 0.00430845 0.0561111 
/home/antonkov/masterWork/tests/samePrefixMarkedMtx/depth2/node0/test2_0.mtx 2.2 403.321 0.00312033 0.0392308 
/home/antonkov/masterWork/tests/samePrefixMarkedMtx/depth2/node0/test2_0.mtx 2.3 540.571 0.00202214 0.025 
/home/antonkov/masterWork/tests/samePrefixMarkedMtx/depth2/node0/test2_0.mtx 2.4 678.411 0.00132702 0.0181818 
/home/antonkov/masterWork/tests/samePrefixMarkedMtx/depth2/node0/test2_0.mtx 2.5 1096.56 0.000686098 0.00971154 
/home/antonkov/masterWork/tests/samePrefixMarkedMtx/depth2/node0/test2_0.mtx 2.6 1761.34 0.000337988 0.00531915 
/home/antonkov/masterWork/tests/samePrefixMarkedMtx/depth2/node0/test2_0.mtx 2.7 2708.81 0.000194091 0.00299401 
/home/antonkov/masterWork/tests/samePrefixMarkedMtx/depth2/node0/test2_0.mtx 2.8 3655.44 0.000130919 0.00199601 
/home/antonkov/masterWork/tests/samePrefixMarkedMtx/depth2/node0/test2_0.mtx 2.9 5146.92 7.79144e-05 0.00127714 
/home/antonkov/masterWork/tests/samePrefixMarkedMtx/depth2/node0/test2_0.mtx 3 10086.7 3.22624e-05 0.00058548 
/home/antonkov/masterWork/tests/samePrefixMarkedMtx/depth2/node0/test2_0.mtx 3.1 0 -1 -1 
/home/antonkov/masterWork/tests/samePrefixMarkedMtx/depth2/node0/test2_0.mtx 3.2 0 -1 -1 
/home/antonkov/masterWork/tests/samePrefixMarkedMtx/depth2/node0/test2_0.mtx 3.3 0 -1 -1 
/home/antonkov/masterWork/tests/samePrefixMarkedMtx/depth2/node0/test2_0.mtx 3.4 0 -1 -1 
/home/antonkov/masterWork/tests/samePrefixMarkedMtx/depth2/node0/test2_0.mtx 3.5 0 -1 -1 
/home/antonkov/masterWork/tests/samePrefixMarkedMtx/depth2/node0/test2_1.mtx 1 119.317 0.080599 0.825 
/home/antonkov/masterWork/tests/samePrefixMarkedMtx/depth2/node0/test2_1.mtx 1.1 112.878 0.0724566 0.765 
/home/antonkov/masterWork/tests/samePrefixMarkedMtx/depth2/node0/test2_1.mtx 1.2 100.04 0.0609375 0.66 
/home/antonkov/masterWork/tests/samePrefixMarkedMtx/depth2/node0/test2_1.mtx 1.3 92.0396 0.0518837 0.575 
/home/antonkov/masterWork/tests/samePrefixMarkedMtx/depth2/node0/test2_1.mtx 1.4 124.837 0.0442593 0.506667 
/home/antonkov/masterWork/tests/samePrefixMarkedMtx/depth2/node0/test2_1.mtx 1.5 116.727 0.0334954 0.4 
/home/antonkov/masterWork/tests/samePrefixMarkedMtx/depth2/node0/test2_1.mtx 1.6 135.083 0.0248438 0.3 
/home/antonkov/masterWork/tests/samePrefixMarkedMtx/depth2/node0/test2_1.mtx 1.7 142.598 0.0177326 0.222 
/home/antonkov/masterWork/tests/samePrefixMarkedMtx/depth2/node0/test2_1.mtx 1.8 152.777 0.0147859 0.185 
/home/antonkov/masterWork/tests/samePrefixMarkedMtx/depth2/node0/test2_1.mtx 1.9 172.936 0.00979818 0.12875 
/home/antonkov/masterWork/tests/samePrefixMarkedMtx/depth2/node0/test2_1.mtx 2 232.495 0.00670718 0.0875 
/home/antonkov/masterWork/tests/samePrefixMarkedMtx/depth2/node0/test2_1.mtx 2.1 289.724 0.0045384 0.0605882 
/home/antonkov/masterWork/tests/samePrefixMarkedMtx/depth2/node0/test2_1.mtx 2.2 397.899 0.00275841 0.0388462 
/home/antonkov/masterWork/tests/samePrefixMarkedMtx/depth2/node0/test2_1.mtx 2.3 515.11 0.00192069 0.0263158 
/home/antonkov/masterWork/tests/samePrefixMarkedMtx/depth2/node0/test2_1.mtx 2.4 718.328 0.00116406 0.0166667 
/home/antonkov/masterWork/tests/samePrefixMarkedMtx/depth2/node0/test2_1.mtx 2.5 1014.44 0.000726332 0.0103061 
/home/antonkov/masterWork/tests/samePrefixMarkedMtx/depth2/node0/test2_1.mtx 2.6 1488.98 0.00044783 0.00621118 
/home/antonkov/masterWork/tests/samePrefixMarkedMtx/depth2/node0/test2_1.mtx 2.7 2254.61 0.000254248 0.003663 
/home/antonkov/masterWork/tests/samePrefixMarkedMtx/depth2/node0/test2_1.mtx 2.8 3295.99 0.000149537 0.00222222 
/home/antonkov/masterWork/tests/samePrefixMarkedMtx/depth2/node0/test2_1.mtx 2.9 5537 7.87974e-05 0.00115607 
/home/antonkov/masterWork/tests/samePrefixMarkedMtx/depth2/node0/test2_1.mtx 3 10576.1 3.6942e-05 0.00054407 
/home/antonkov/masterWork/tests/samePrefixMarkedMtx/depth2/node0/test2_1.mtx 3.1 0 -1 -1 
/home/antonkov/masterWork/tests/samePrefixMarkedMtx/depth2/node0/test2_1.mtx 3.2 0 -1 -1 
/home/antonkov/masterWork/tests/samePrefixMarkedMtx/depth2/node0/test2_1.mtx 3.3 0 -1 -1 
/home/antonkov/masterWork/tests/samePrefixMarkedMtx/depth2/node0/test2_1.mtx 3.4 0 -1 -1 
/home/antonkov/masterWork/tests/samePrefixMarkedMtx/depth2/node0/test2_1.mtx 3.5 0 -1 -1 
/home/antonkov/masterWork/tests/samePrefixMarkedMtx/depth2/node0/test2_2.mtx 1 113.614 0.0802431 0.81 
/home/antonkov/masterWork/tests/samePrefixMarkedMtx/depth2/node0/test2_2.mtx 1.1 108.539 0.070625 0.735 
/home/antonkov/masterWork/tests/samePrefixMarkedMtx/depth2/node0/test2_2.mtx 1.2 96.077 0.0601389 0.645 
/home/antonkov/masterWork/tests/samePrefixMarkedMtx/depth2/node0/test2_2.mtx 1.3 93.5882 0.0519878 0.57 
/home/antonkov/masterWork/tests/samePrefixMarkedMtx/depth2/node0/test2_2.mtx 1.4 121.947 0.041331 0.476667 
/home/antonkov/masterWork/tests/samePrefixMarkedMtx/depth2/node0/test2_2.mtx 1.5 114.985 0.0320197 0.373333 
/home/antonkov/masterWork/tests/samePrefixMarkedMtx/depth2/node0/test2_2.mtx 1.6 128.843 0.0243793 0.29 
/home/antonkov/masterWork/tests/samePrefixMarkedMtx/depth2/node0/test2_2.mtx 1.7 143.52 0.0186285 0.226 
/home/antonkov/masterWork/tests/samePrefixMarkedMtx/depth2/node0/test2_2.mtx 1.8 147.625 0.0148756 0.17 
/home/antonkov/masterWork/tests/samePrefixMarkedMtx/depth2/node0/test2_2.mtx 1.9 177.674 0.0107878 0.12625 
/home/antonkov/masterWork/tests/samePrefixMarkedMtx/depth2/node0/test2_2.mtx 2 212.103 0.00771307 0.0963636 
/home/antonkov/masterWork/tests/samePrefixMarkedMtx/depth2/node0/test2_2.mtx 2.1 300.518 0.00440104 0.0566667 
/home/antonkov/masterWork/tests/samePrefixMarkedMtx/depth2/node0/test2_2.mtx 2.2 395.911 0.0030836 0.0396154 
/home/antonkov/masterWork/tests/samePrefixMarkedMtx/depth2/node0/test2_2.mtx 2.3 498.88 0.0020655 0.0272973 
/home/antonkov/masterWork/tests/samePrefixMarkedMtx/depth2/node0/test2_2.mtx 2.4 660.768 0.00135669 0.0189091 
/home/antonkov/masterWork/tests/samePrefixMarkedMtx/depth2/node0/test2_2.mtx 2.5 922.53 0.000856145 0.0116279 
/home/antonkov/masterWork/tests/samePrefixMarkedMtx/depth2/node0/test2_2.mtx 2.6 1317.74 0.000514706 0.00735294 
/home/antonkov/masterWork/tests/samePrefixMarkedMtx/depth2/node0/test2_2.mtx 2.7 2151.16 0.000288002 0.00395257 
/home/antonkov/masterWork/tests/samePrefixMarkedMtx/depth2/node0/test2_2.mtx 2.8 3219.12 0.000160779 0.00228833 
/home/antonkov/masterWork/tests/samePrefixMarkedMtx/depth2/node0/test2_2.mtx 2.9 5034.73 8.59521e-05 0.00129366 
/home/antonkov/masterWork/tests/samePrefixMarkedMtx/depth2/node0/test2_2.mtx 3 10809 3.42859e-05 0.000534759 
/home/antonkov/masterWork/tests/samePrefixMarkedMtx/depth2/node0/test2_2.mtx 3.1 0 -1 -1 
/home/antonkov/masterWork/tests/samePrefixMarkedMtx/depth2/node0/test2_2.mtx 3.2 0 -1 -1 
/home/antonkov/masterWork/tests/samePrefixMarkedMtx/depth2/node0/test2_2.mtx 3.3 0 -1 -1 
/home/antonkov/masterWork/tests/samePrefixMarkedMtx/depth2/node0/test2_2.mtx 3.4 0 -1 -1 
/home/antonkov/masterWork/tests/samePrefixMarkedMtx/depth2/node0/test2_2.mtx 3.5 0 -1 -1 
/home/antonkov/masterWork/tests/samePrefixMarkedMtx/depth2/node0/test2_3.mtx 1 112.893 0.0818229 0.82 
/home/antonkov/masterWork/tests/samePrefixMarkedMtx/depth2/node0/test2_3.mtx 1.1 111.672 0.0734722 0.76 
/home/antonkov/masterWork/tests/samePrefixMarkedMtx/depth2/node0/test2_3.mtx 1.2 110.548 0.0648177 0.69 
/home/antonkov/masterWork/tests/samePrefixMarkedMtx/depth2/node0/test2_3.mtx 1.3 97.7892 0.0556337 0.6 
/home/antonkov/masterWork/tests/samePrefixMarkedMtx/depth2/node0/test2_3.mtx 1.4 92.0184 0.0479774 0.535 
/home/antonkov/masterWork/tests/samePrefixMarkedMtx/depth2/node0/test2_3.mtx 1.5 114.255 0.036794 0.42 
/home/antonkov/masterWork/tests/samePrefixMarkedMtx/depth2/node0/test2_3.mtx 1.6 105.121 0.030706 0.35 
/home/antonkov/masterWork/tests/samePrefixMarkedMtx/depth2/node0/test2_3.mtx 1.7 128.986 0.0231901 0.2675 
/home/antonkov/masterWork/tests/samePrefixMarkedMtx/depth2/node0/test2_3.mtx 1.8 157.433 0.0173524 0.21 
/home/antonkov/masterWork/tests/samePrefixMarkedMtx/depth2/node0/test2_3.mtx 1.9 187.257 0.0112652 0.14 
/home/antonkov/masterWork/tests/samePrefixMarkedMtx/depth2/node0/test2_3.mtx 2 205.046 0.00864062 0.11 
/home/antonkov/masterWork/tests/samePrefixMarkedMtx/depth2/node0/test2_3.mtx 2.1 258.922 0.00570809 0.0735714 
/home/antonkov/masterWork/tests/samePrefixMarkedMtx/depth2/node0/test2_3.mtx 2.2 372.348 0.00330078 0.0429167 
/home/antonkov/masterWork/tests/samePrefixMarkedMtx/depth2/node0/test2_3.mtx 2.3 505.739 0.00203125 0.0281081 
/home/antonkov/masterWork/tests/samePrefixMarkedMtx/depth2/node0/test2_3.mtx 2.4 804.98 0.0009952 0.0147059 
/home/antonkov/masterWork/tests/samePrefixMarkedMtx/depth2/node0/test2_3.mtx 2.5 1163.92 0.000638731 0.00909091 
/home/antonkov/masterWork/tests/samePrefixMarkedMtx/depth2/node0/test2_3.mtx 2.6 1584.24 0.000424348 0.00606061 
/home/antonkov/masterWork/tests/samePrefixMarkedMtx/depth2/node0/test2_3.mtx 2.7 2539.98 0.000216873 0.00323625 
/home/antonkov/masterWork/tests/samePrefixMarkedMtx/depth2/node0/test2_3.mtx 2.8 3783.61 0.000126034 0.00192748 
/home/antonkov/masterWork/tests/samePrefixMarkedMtx/depth2/node0/test2_3.mtx 2.9 6991.95 5.5546e-05 0.000914913 
/home/antonkov/masterWork/tests/samePrefixMarkedMtx/depth2/node0/test2_3.mtx 3 0 -1 -1 
/home/antonkov/masterWork/tests/samePrefixMarkedMtx/depth2/node0/test2_3.mtx 3.1 0 -1 -1 
/home/antonkov/masterWork/tests/samePrefixMarkedMtx/depth2/node0/test2_3.mtx 3.2 0 -1 -1 
/home/antonkov/masterWork/tests/samePrefixMarkedMtx/depth2/node0/test2_3.mtx 3.3 0 -1 -1 
/home/antonkov/masterWork/tests/samePrefixMarkedMtx/depth2/node0/test2_3.mtx 3.4 0 -1 -1 
/home/antonkov/masterWork/tests/samePrefixMarkedMtx/depth2/node0/test2_3.mtx 3.5 0 -1 -1 
/home/antonkov/masterWork/tests/samePrefixMarkedMtx/depth2/node0/test2_4.mtx 1 117.356 0.0804167 0.8 
/home/antonkov/masterWork/tests/samePrefixMarkedMtx/depth2/node0/test2_4.mtx 1.1 109.152 0.0719792 0.76 
/home/antonkov/masterWork/tests/samePrefixMarkedMtx/depth2/node0/test2_4.mtx 1.2 98.8116 0.0605903 0.64 
/home/antonkov/masterWork/tests/samePrefixMarkedMtx/depth2/node0/test2_4.mtx 1.3 94.2332 0.0527431 0.56 
/home/antonkov/masterWork/tests/samePrefixMarkedMtx/depth2/node0/test2_4.mtx 1.4 91.8962 0.0452604 0.505 
/home/antonkov/masterWork/tests/samePrefixMarkedMtx/depth2/node0/test2_4.mtx 1.5 113.569 0.0373206 0.42 
/home/antonkov/masterWork/tests/samePrefixMarkedMtx/depth2/node0/test2_4.mtx 1.6 108.259 0.0305208 0.356667 
/home/antonkov/masterWork/tests/samePrefixMarkedMtx/depth2/node0/test2_4.mtx 1.7 119.121 0.0222483 0.255 
/home/antonkov/masterWork/tests/samePrefixMarkedMtx/depth2/node0/test2_4.mtx 1.8 131.827 0.0164201 0.202 
/home/antonkov/masterWork/tests/samePrefixMarkedMtx/depth2/node0/test2_4.mtx 1.9 169.668 0.0127059 0.158571 
/home/antonkov/masterWork/tests/samePrefixMarkedMtx/depth2/node0/test2_4.mtx 2 202.955 0.00913889 0.11 
/home/antonkov/masterWork/tests/samePrefixMarkedMtx/depth2/node0/test2_4.mtx 2.1 251.414 0.00593254 0.0742857 
/home/antonkov/masterWork/tests/samePrefixMarkedMtx/depth2/node0/test2_4.mtx 2.2 309.958 0.00372917 0.05 
/home/antonkov/masterWork/tests/samePrefixMarkedMtx/depth2/node0/test2_4.mtx 2.3 466.607 0.00227124 0.0297059 
/home/antonkov/masterWork/tests/samePrefixMarkedMtx/depth2/node0/test2_4.mtx 2.4 702.441 0.00131795 0.0172414 
/home/antonkov/masterWork/tests/samePrefixMarkedMtx/depth2/node0/test2_4.mtx 2.5 1009.9 0.000794878 0.0109677 
/home/antonkov/masterWork/tests/samePrefixMarkedMtx/depth2/node0/test2_4.mtx 2.6 1616.25 0.000433725 0.00581395 
/home/antonkov/masterWork/tests/samePrefixMarkedMtx/depth2/node0/test2_4.mtx 2.7 2525.45 0.000217213 0.00327869 
/home/antonkov/masterWork/tests/samePrefixMarkedMtx/depth2/node0/test2_4.mtx 2.8 3816.14 0.000125131 0.00188679 
/home/antonkov/masterWork/tests/samePrefixMarkedMtx/depth2/node0/test2_4.mtx 2.9 6939.84 6.10357e-05 0.00092081 
/home/antonkov/masterWork/tests/samePrefixMarkedMtx/depth2/node0/test2_4.mtx 3 0 -1 -1 
/home/antonkov/masterWork/tests/samePrefixMarkedMtx/depth2/node0/test2_4.mtx 3.1 0 -1 -1 
/home/antonkov/masterWork/tests/samePrefixMarkedMtx/depth2/node0/test2_4.mtx 3.2 0 -1 -1 
/home/antonkov/masterWork/tests/samePrefixMarkedMtx/depth2/node0/test2_4.mtx 3.3 0 -1 -1 
/home/antonkov/masterWork/tests/samePrefixMarkedMtx/depth2/node0/test2_4.mtx 3.4 0 -1 -1 
/home/antonkov/masterWork/tests/samePrefixMarkedMtx/depth2/node0/test2_4.mtx 3.5 0 -1 -1 
/home/antonkov/masterWork/tests/samePrefixMarkedMtx/depth2/node0/test97_0.mtx 1 117.474 0.0788281 0.8 
/home/antonkov/masterWork/tests/samePrefixMarkedMtx/depth2/node0/test97_0.mtx 1.1 114.21 0.0696007 0.73 
/home/antonkov/masterWork/tests/samePrefixMarkedMtx/depth2/node0/test97_0.mtx 1.2 106.626 0.0590104 0.63 
/home/antonkov/masterWork/tests/samePrefixMarkedMtx/depth2/node0/test97_0.mtx 1.3 98.1765 0.0502604 0.555 
/home/antonkov/masterWork/tests/samePrefixMarkedMtx/depth2/node0/test97_0.mtx 1.4 127.198 0.0436053 0.49 
/home/antonkov/masterWork/tests/samePrefixMarkedMtx/depth2/node0/test97_0.mtx 1.5 124.126 0.0358796 0.423333 
/home/antonkov/masterWork/tests/samePrefixMarkedMtx/depth2/node0/test97_0.mtx 1.6 137.518 0.0268142 0.315 
/home/antonkov/masterWork/tests/samePrefixMarkedMtx/depth2/node0/test97_0.mtx 1.7 128.387 0.020447 0.255 
/home/antonkov/masterWork/tests/samePrefixMarkedMtx/depth2/node0/test97_0.mtx 1.8 164.806 0.0156163 0.19 
/home/antonkov/masterWork/tests/samePrefixMarkedMtx/depth2/node0/test97_0.mtx 1.9 194.897 0.0113737 0.13625 
/home/antonkov/masterWork/tests/samePrefixMarkedMtx/depth2/node0/test97_0.mtx 2 207.543 0.00876042 0.104 
/home/antonkov/masterWork/tests/samePrefixMarkedMtx/depth2/node0/test97_0.mtx 2.1 253.004 0.00635283 0.08 
/home/antonkov/masterWork/tests/samePrefixMarkedMtx/depth2/node0/test97_0.mtx 2.2 304.822 0.00448529 0.0588235 
/home/antonkov/masterWork/tests/samePrefixMarkedMtx/depth2/node0/test97_0.mtx 2.3 451.761 0.0025904 0.0355172 
/home/antonkov/masterWork/tests/samePrefixMarkedMtx/depth2/node0/test97_0.mtx 2.4 612.238 0.00158218 0.0222222 
/home/antonkov/masterWork/tests/samePrefixMarkedMtx/depth2/node0/test97_0.mtx 2.5 844.222 0.00105651 0.0146377 
/home/antonkov/masterWork/tests/samePrefixMarkedMtx/depth2/node0/test97_0.mtx 2.6 1193.99 0.00063282 0.00900901 
/home/antonkov/masterWork/tests/samePrefixMarkedMtx/depth2/node0/test97_0.mtx 2.7 2088.89 0.000316143 0.00446429 
/home/antonkov/masterWork/tests/samePrefixMarkedMtx/depth2/node0/test97_0.mtx 2.8 3167.12 0.000160623 0.00254453 
/home/antonkov/masterWork/tests/samePrefixMarkedMtx/depth2/node0/test97_0.mtx 2.9 4997.25 8.69034e-05 0.00140845 
/home/antonkov/masterWork/tests/samePrefixMarkedMtx/depth2/node0/test97_0.mtx 3 7854.08 4.7163e-05 0.000805153 
/home/antonkov/masterWork/tests/samePrefixMarkedMtx/depth2/node0/test97_0.mtx 3.1 0 -1 -1 
/home/antonkov/masterWork/tests/samePrefixMarkedMtx/depth2/node0/test97_0.mtx 3.2 0 -1 -1 
/home/antonkov/masterWork/tests/samePrefixMarkedMtx/depth2/node0/test97_0.mtx 3.3 0 -1 -1 
/home/antonkov/masterWork/tests/samePrefixMarkedMtx/depth2/node0/test97_0.mtx 3.4 0 -1 -1 
/home/antonkov/masterWork/tests/samePrefixMarkedMtx/depth2/node0/test97_0.mtx 3.5 0 -1 -1 
/home/antonkov/masterWork/tests/samePrefixMarkedMtx/depth2/node0/test97_1.mtx 1 121.424 0.0801302 0.795 
/home/antonkov/masterWork/tests/samePrefixMarkedMtx/depth2/node0/test97_1.mtx 1.1 118.005 0.0718663 0.735 
/home/antonkov/masterWork/tests/samePrefixMarkedMtx/depth2/node0/test97_1.mtx 1.2 107.095 0.0635243 0.665 
/home/antonkov/masterWork/tests/samePrefixMarkedMtx/depth2/node0/test97_1.mtx 1.3 99.7289 0.0543316 0.59 
/home/antonkov/masterWork/tests/samePrefixMarkedMtx/depth2/node0/test97_1.mtx 1.4 132.01 0.0432118 0.49 
/home/antonkov/masterWork/tests/samePrefixMarkedMtx/depth2/node0/test97_1.mtx 1.5 119.235 0.0340799 0.393333 
/home/antonkov/masterWork/tests/samePrefixMarkedMtx/depth2/node0/test97_1.mtx 1.6 139.187 0.0264627 0.3075 
/home/antonkov/masterWork/tests/samePrefixMarkedMtx/depth2/node0/test97_1.mtx 1.7 156.188 0.0203125 0.242 
/home/antonkov/masterWork/tests/samePrefixMarkedMtx/depth2/node0/test97_1.mtx 1.8 162.561 0.0166753 0.206667 
/home/antonkov/masterWork/tests/samePrefixMarkedMtx/depth2/node0/test97_1.mtx 1.9 170.547 0.0128596 0.158571 
/home/antonkov/masterWork/tests/samePrefixMarkedMtx/depth2/node0/test97_1.mtx 2 201.106 0.00917245 0.114444 
/home/antonkov/masterWork/tests/samePrefixMarkedMtx/depth2/node0/test97_1.mtx 2.1 276.75 0.0058755 0.0757143 
/home/antonkov/masterWork/tests/samePrefixMarkedMtx/depth2/node0/test97_1.mtx 2.2 349.832 0.00352927 0.047619 
/home/antonkov/masterWork/tests/samePrefixMarkedMtx/depth2/node0/test97_1.mtx 2.3 460.469 0.00246416 0.0325806 
/home/antonkov/masterWork/tests/samePrefixMarkedMtx/depth2/node0/test97_1.mtx 2.4 725.932 0.00130859 0.0178571 
/home/antonkov/masterWork/tests/samePrefixMarkedMtx/depth2/node0/test97_1.mtx 2.5 1137.34 0.000765306 0.0102041 
/home/antonkov/masterWork/tests/samePrefixMarkedMtx/depth2/node0/test97_1.mtx 2.6 1573.24 0.00044564 0.00662252 
/home/antonkov/masterWork/tests/samePrefixMarkedMtx/depth2/node0/test97_1.mtx 2.7 2445.02 0.000240205 0.00373134 
/home/antonkov/masterWork/tests/samePrefixMarkedMtx/depth2/node0/test97_1.mtx 2.8 3794.79 0.000137906 0.00209644 
/home/antonkov/masterWork/tests/samePrefixMarkedMtx/depth2/node0/test97_1.mtx 2.9 5879.24 7.63807e-05 0.00118203 
/home/antonkov/masterWork/tests/samePrefixMarkedMtx/depth2/node0/test97_1.mtx 3 9388.15 4.3275e-05 0.000669344 
/home/antonkov/masterWork/tests/samePrefixMarkedMtx/depth2/node0/test97_1.mtx 3.1 0 -1 -1 
/home/antonkov/masterWork/tests/samePrefixMarkedMtx/depth2/node0/test97_1.mtx 3.2 0 -1 -1 
/home/antonkov/masterWork/tests/samePrefixMarkedMtx/depth2/node0/test97_1.mtx 3.3 0 -1 -1 
/home/antonkov/masterWork/tests/samePrefixMarkedMtx/depth2/node0/test97_1.mtx 3.4 0 -1 -1 
/home/antonkov/masterWork/tests/samePrefixMarkedMtx/depth2/node0/test97_1.mtx 3.5 0 -1 -1 
/home/antonkov/masterWork/tests/samePrefixMarkedMtx/depth2/node0/test97_2.mtx 1 120.135 0.0826823 0.83 
/home/antonkov/masterWork/tests/samePrefixMarkedMtx/depth2/node0/test97_2.mtx 1.1 123.447 0.0733333 0.77 
/home/antonkov/masterWork/tests/samePrefixMarkedMtx/depth2/node0/test97_2.mtx 1.2 108.997 0.0653472 0.705 
/home/antonkov/masterWork/tests/samePrefixMarkedMtx/depth2/node0/test97_2.mtx 1.3 99.5591 0.0559722 0.625 
/home/antonkov/masterWork/tests/samePrefixMarkedMtx/depth2/node0/test97_2.mtx 1.4 93.7764 0.0443403 0.51 
/home/antonkov/masterWork/tests/samePrefixMarkedMtx/depth2/node0/test97_2.mtx 1.5 124.112 0.0344907 0.403333 
/home/antonkov/masterWork/tests/samePrefixMarkedMtx/depth2/node0/test97_2.mtx 1.6 142.383 0.0276736 0.3225 
/home/antonkov/masterWork/tests/samePrefixMarkedMtx/depth2/node0/test97_2.mtx 1.7 135.187 0.0215451 0.2725 
/home/antonkov/masterWork/tests/samePrefixMarkedMtx/depth2/node0/test97_2.mtx 1.8 168.91 0.0165509 0.201667 
/home/antonkov/masterWork/tests/samePrefixMarkedMtx/depth2/node0/test97_2.mtx 1.9 174.665 0.0118775 0.152857 
/home/antonkov/masterWork/tests/samePrefixMarkedMtx/depth2/node0/test97_2.mtx 2 201.13 0.00892554 0.111111 
/home/antonkov/masterWork/tests/samePrefixMarkedMtx/depth2/node0/test97_2.mtx 2.1 265.917 0.0063929 0.0823077 
/home/antonkov/masterWork/tests/samePrefixMarkedMtx/depth2/node0/test97_2.mtx 2.2 312.307 0.00400463 0.0561111 
/home/antonkov/masterWork/tests/samePrefixMarkedMtx/depth2/node0/test97_2.mtx 2.3 483.682 0.00237522 0.0325 
/home/antonkov/masterWork/tests/samePrefixMarkedMtx/depth2/node0/test97_2.mtx 2.4 614.208 0.00163944 0.0236364 
/home/antonkov/masterWork/tests/samePrefixMarkedMtx/depth2/node0/test97_2.mtx 2.5 854.982 0.00101047 0.0144928 
/home/antonkov/masterWork/tests/samePrefixMarkedMtx/depth2/node0/test97_2.mtx 2.6 1168.77 0.000646417 0.00934579 
/home/antonkov/masterWork/tests/samePrefixMarkedMtx/depth2/node0/test97_2.mtx 2.7 1695.18 0.000365382 0.00574713 
/home/antonkov/masterWork/tests/samePrefixMarkedMtx/depth2/node0/test97_2.mtx 2.8 3126.17 0.000176738 0.00268817 
/home/antonkov/masterWork/tests/samePrefixMarkedMtx/depth2/node0/test97_2.mtx 2.9 4659.27 0.000103283 0.00158983 
/home/antonkov/masterWork/tests/samePrefixMarkedMtx/depth2/node0/test97_2.mtx 3 6685.46 6.00277e-05 0.000986193 
/home/antonkov/masterWork/tests/samePrefixMarkedMtx/depth2/node0/test97_2.mtx 3.1 0 -1 -1 
/home/antonkov/masterWork/tests/samePrefixMarkedMtx/depth2/node0/test97_2.mtx 3.2 0 -1 -1 
/home/antonkov/masterWork/tests/samePrefixMarkedMtx/depth2/node0/test97_2.mtx 3.3 0 -1 -1 
/home/antonkov/masterWork/tests/samePrefixMarkedMtx/depth2/node0/test97_2.mtx 3.4 0 -1 -1 
/home/antonkov/masterWork/tests/samePrefixMarkedMtx/depth2/node0/test97_2.mtx 3.5 0 -1 -1 
/home/antonkov/masterWork/tests/samePrefixMarkedMtx/depth2/node0/test97_3.mtx 1 124.341 0.0848264 0.845 
/home/antonkov/masterWork/tests/samePrefixMarkedMtx/depth2/node0/test97_3.mtx 1.1 118.301 0.0753385 0.785 
/home/antonkov/masterWork/tests/samePrefixMarkedMtx/depth2/node0/test97_3.mtx 1.2 110.517 0.0653906 0.695 
/home/antonkov/masterWork/tests/samePrefixMarkedMtx/depth2/node0/test97_3.mtx 1.3 102.684 0.0575347 0.64 
/home/antonkov/masterWork/tests/samePrefixMarkedMtx/depth2/node0/test97_3.mtx 1.4 95.5948 0.0477344 0.555 
/home/antonkov/masterWork/tests/samePrefixMarkedMtx/depth2/node0/test97_3.mtx 1.5 126.872 0.0381887 0.44 
/home/antonkov/masterWork/tests/samePrefixMarkedMtx/depth2/node0/test97_3.mtx 1.6 119.204 0.0302025 0.366667 
/home/antonkov/masterWork/tests/samePrefixMarkedMtx/depth2/node0/test97_3.mtx 1.7 133.577 0.0230339 0.27 
/home/antonkov/masterWork/tests/samePrefixMarkedMtx/depth2/node0/test97_3.mtx 1.8 146.046 0.0166528 0.2 
/home/antonkov/masterWork/tests/samePrefixMarkedMtx/depth2/node0/test97_3.mtx 1.9 173.2 0.0124306 0.157143 
/home/antonkov/masterWork/tests/samePrefixMarkedMtx/depth2/node0/test97_3.mtx 2 191.209 0.00895255 0.112222 
/home/antonkov/masterWork/tests/samePrefixMarkedMtx/depth2/node0/test97_3.mtx 2.1 241.429 0.0069184 0.085 
/home/antonkov/masterWork/tests/samePrefixMarkedMtx/depth2/node0/test97_3.mtx 2.2 323.745 0.00412829 0.0542105 
/home/antonkov/masterWork/tests/samePrefixMarkedMtx/depth2/node0/test97_3.mtx 2.3 499.584 0.00232428 0.030303 
/home/antonkov/masterWork/tests/samePrefixMarkedMtx/depth2/node0/test97_3.mtx 2.4 681.05 0.0015979 0.0203922 
/home/antonkov/masterWork/tests/samePrefixMarkedMtx/depth2/node0/test97_3.mtx 2.5 903.951 0.0010107 0.0135135 
/home/antonkov/masterWork/tests/samePrefixMarkedMtx/depth2/node0/test97_3.mtx 2.6 1273.98 0.00062283 0.00841667 
/home/antonkov/masterWork/tests/samePrefixMarkedMtx/depth2/node0/test97_3.mtx 2.7 2103 0.000307582 0.00429185 
/home/antonkov/masterWork/tests/samePrefixMarkedMtx/depth2/node0/test97_3.mtx 2.8 3178.67 0.000168411 0.00247525 
/home/antonkov/masterWork/tests/samePrefixMarkedMtx/depth2/node0/test97_3.mtx 2.9 6163.5 6.94252e-05 0.00110865 
/home/antonkov/masterWork/tests/samePrefixMarkedMtx/depth2/node0/test97_3.mtx 3 10723.9 3.90328e-05 0.000570776 
/home/antonkov/masterWork/tests/samePrefixMarkedMtx/depth2/node0/test97_3.mtx 3.1 0 -1 -1 
/home/antonkov/masterWork/tests/samePrefixMarkedMtx/depth2/node0/test97_3.mtx 3.2 0 -1 -1 
/home/antonkov/masterWork/tests/samePrefixMarkedMtx/depth2/node0/test97_3.mtx 3.3 0 -1 -1 
/home/antonkov/masterWork/tests/samePrefixMarkedMtx/depth2/node0/test97_3.mtx 3.4 0 -1 -1 
/home/antonkov/masterWork/tests/samePrefixMarkedMtx/depth2/node0/test97_3.mtx 3.5 0 -1 -1 
/home/antonkov/masterWork/tests/samePrefixMarkedMtx/depth2/node0/test97_4.mtx 1 123.165 0.0874306 0.84 
/home/antonkov/masterWork/tests/samePrefixMarkedMtx/depth2/node0/test97_4.mtx 1.1 122.231 0.080408 0.795 
/home/antonkov/masterWork/tests/samePrefixMarkedMtx/depth2/node0/test97_4.mtx 1.2 115.493 0.0715451 0.74 
/home/antonkov/masterWork/tests/samePrefixMarkedMtx/depth2/node0/test97_4.mtx 1.3 107.861 0.062283 0.675 
/home/antonkov/masterWork/tests/samePrefixMarkedMtx/depth2/node0/test97_4.mtx 1.4 101.91 0.0540451 0.605 
/home/antonkov/masterWork/tests/samePrefixMarkedMtx/depth2/node0/test97_4.mtx 1.5 98.6354 0.0453819 0.54 
/home/antonkov/masterWork/tests/samePrefixMarkedMtx/depth2/node0/test97_4.mtx 1.6 120.832 0.0295775 0.353333 
/home/antonkov/masterWork/tests/samePrefixMarkedMtx/depth2/node0/test97_4.mtx 1.7 132.6 0.0215321 0.265 
/home/antonkov/masterWork/tests/samePrefixMarkedMtx/depth2/node0/test97_4.mtx 1.8 165.474 0.0171701 0.2 
/home/antonkov/masterWork/tests/samePrefixMarkedMtx/depth2/node0/test97_4.mtx 1.9 169.307 0.0115476 0.145714 
/home/antonkov/masterWork/tests/samePrefixMarkedMtx/depth2/node0/test97_4.mtx 2 235.115 0.00848801 0.0972727 
/home/antonkov/masterWork/tests/samePrefixMarkedMtx/depth2/node0/test97_4.mtx 2.1 248.924 0.00617788 0.0769231 
/home/antonkov/masterWork/tests/samePrefixMarkedMtx/depth2/node0/test97_4.mtx 2.2 338.986 0.00405122 0.0505 
/home/antonkov/masterWork/tests/samePrefixMarkedMtx/depth2/node0/test97_4.mtx 2.3 487.796 0.00234266 0.0315625 
/home/antonkov/masterWork/tests/samePrefixMarkedMtx/depth2/node0/test97_4.mtx 2.4 775.501 0.0012931 0.0172414 
/home/antonkov/masterWork/tests/samePrefixMarkedMtx/depth2/node0/test97_4.mtx 2.5 980.572 0.000891345 0.0121951 
/home/antonkov/masterWork/tests/samePrefixMarkedMtx/depth2/node0/test97_4.mtx 2.6 1672.55 0.00043881 0.00598802 
/home/antonkov/masterWork/tests/samePrefixMarkedMtx/depth2/node0/test97_4.mtx 2.7 2260.91 0.000276212 0.00396078 
/home/antonkov/masterWork/tests/samePrefixMarkedMtx/depth2/node0/test97_4.mtx 2.8 3419.69 0.000148565 0.00229358 
/home/antonkov/masterWork/tests/samePrefixMarkedMtx/depth2/node0/test97_4.mtx 2.9 5587.56 7.94605e-05 0.00124069 
/home/antonkov/masterWork/tests/samePrefixMarkedMtx/depth2/node0/test97_4.mtx 3 9130.85 4.15865e-05 0.000679348 
/home/antonkov/masterWork/tests/samePrefixMarkedMtx/depth2/node0/test97_4.mtx 3.1 0 -1 -1 
/home/antonkov/masterWork/tests/samePrefixMarkedMtx/depth2/node0/test97_4.mtx 3.2 0 -1 -1 
/home/antonkov/masterWork/tests/samePrefixMarkedMtx/depth2/node0/test97_4.mtx 3.3 0 -1 -1 
/home/antonkov/masterWork/tests/samePrefixMarkedMtx/depth2/node0/test97_4.mtx 3.4 0 -1 -1 
/home/antonkov/masterWork/tests/samePrefixMarkedMtx/depth2/node0/test97_4.mtx 3.5 0 -1 -1 
/home/antonkov/masterWork/tests/samePrefixMarkedMtx/depth2/node0/test98_0.mtx 1 123.613 0.081875 0.825 
/home/antonkov/masterWork/tests/samePrefixMarkedMtx/depth2/node0/test98_0.mtx 1.1 119.885 0.0723264 0.74 
/home/antonkov/masterWork/tests/samePrefixMarkedMtx/depth2/node0/test98_0.mtx 1.2 108.064 0.0624392 0.665 
/home/antonkov/masterWork/tests/samePrefixMarkedMtx/depth2/node0/test98_0.mtx 1.3 99.2786 0.0529688 0.58 
/home/antonkov/masterWork/tests/samePrefixMarkedMtx/depth2/node0/test98_0.mtx 1.4 135.217 0.0421644 0.466667 
/home/antonkov/masterWork/tests/samePrefixMarkedMtx/depth2/node0/test98_0.mtx 1.5 119.35 0.0334722 0.386667 
/home/antonkov/masterWork/tests/samePrefixMarkedMtx/depth2/node0/test98_0.mtx 1.6 148.087 0.0292318 0.3425 
/home/antonkov/masterWork/tests/samePrefixMarkedMtx/depth2/node0/test98_0.mtx 1.7 133.757 0.0228255 0.27 
/home/antonkov/masterWork/tests/samePrefixMarkedMtx/depth2/node0/test98_0.mtx 1.8 147.438 0.0167639 0.206 
/home/antonkov/masterWork/tests/samePrefixMarkedMtx/depth2/node0/test98_0.mtx 1.9 174.558 0.0122297 0.15 
/home/antonkov/masterWork/tests/samePrefixMarkedMtx/depth2/node0/test98_0.mtx 2 220.945 0.00863889 0.109 
/home/antonkov/masterWork/tests/samePrefixMarkedMtx/depth2/node0/test98_0.mtx 2.1 270.553 0.0059065 0.0714286 
/home/antonkov/masterWork/tests/samePrefixMarkedMtx/depth2/node0/test98_0.mtx 2.2 336.857 0.00413651 0.0526316 
/home/antonkov/masterWork/tests/samePrefixMarkedMtx/depth2/node0/test98_0.mtx 2.3 449.989 0.00286892 0.0367857 
/home/antonkov/masterWork/tests/samePrefixMarkedMtx/depth2/node0/test98_0.mtx 2.4 640.135 0.00166975 0.0226667 
/home/antonkov/masterWork/tests/samePrefixMarkedMtx/depth2/node0/test98_0.mtx 2.5 890.124 0.000967087 0.0142254 
/home/antonkov/masterWork/tests/samePrefixMarkedMtx/depth2/node0/test98_0.mtx 2.6 1175.62 0.000591446 0.00961538 
/home/antonkov/masterWork/tests/samePrefixMarkedMtx/depth2/node0/test98_0.mtx 2.7 1642.65 0.000332204 0.00613497 
/home/antonkov/masterWork/tests/samePrefixMarkedMtx/depth2/node0/test98_0.mtx 2.8 2372.09 0.000187184 0.00367273 
/home/antonkov/masterWork/tests/samePrefixMarkedMtx/depth2/node0/test98_0.mtx 2.9 3431.48 9.57735e-05 0.00220751 
/home/antonkov/masterWork/tests/samePrefixMarkedMtx/depth2/node0/test98_0.mtx 3 5006.65 5.03827e-05 0.00136054 
/home/antonkov/masterWork/tests/samePrefixMarkedMtx/depth2/node0/test98_0.mtx 3.1 6516.77 2.13738e-05 0.000943396 
/home/antonkov/masterWork/tests/samePrefixMarkedMtx/depth2/node0/test98_0.mtx 3.2 0 -1 -1 
/home/antonkov/masterWork/tests/samePrefixMarkedMtx/depth2/node0/test98_0.mtx 3.3 0 -1 -1 
/home/antonkov/masterWork/tests/samePrefixMarkedMtx/depth2/node0/test98_0.mtx 3.4 0 -1 -1 
/home/antonkov/masterWork/tests/samePrefixMarkedMtx/depth2/node0/test98_0.mtx 3.5 0 -1 -1 
/home/antonkov/masterWork/tests/samePrefixMarkedMtx/depth2/node0/test98_1.mtx 1 125.585 0.0865538 0.835 
/home/antonkov/masterWork/tests/samePrefixMarkedMtx/depth2/node0/test98_1.mtx 1.1 122.252 0.0759722 0.755 
/home/antonkov/masterWork/tests/samePrefixMarkedMtx/depth2/node0/test98_1.mtx 1.2 115.02 0.0683767 0.705 
/home/antonkov/masterWork/tests/samePrefixMarkedMtx/depth2/node0/test98_1.mtx 1.3 106.111 0.058151 0.63 
/home/antonkov/masterWork/tests/samePrefixMarkedMtx/depth2/node0/test98_1.mtx 1.4 100.969 0.0479774 0.515 
/home/antonkov/masterWork/tests/samePrefixMarkedMtx/depth2/node0/test98_1.mtx 1.5 129.552 0.0408854 0.453333 
/home/antonkov/masterWork/tests/samePrefixMarkedMtx/depth2/node0/test98_1.mtx 1.6 116.419 0.0308449 0.35 
/home/antonkov/masterWork/tests/samePrefixMarkedMtx/depth2/node0/test98_1.mtx 1.7 133.881 0.0230859 0.2675 
/home/antonkov/masterWork/tests/samePrefixMarkedMtx/depth2/node0/test98_1.mtx 1.8 145.444 0.0163646 0.2 
/home/antonkov/masterWork/tests/samePrefixMarkedMtx/depth2/node0/test98_1.mtx 1.9 173.176 0.0130456 0.158571 
/home/antonkov/masterWork/tests/samePrefixMarkedMtx/depth2/node0/test98_1.mtx 2 195.692 0.00937886 0.117778 
/home/antonkov/masterWork/tests/samePrefixMarkedMtx/depth2/node0/test98_1.mtx 2.1 249.414 0.00641348 0.0875 
/home/antonkov/masterWork/tests/samePrefixMarkedMtx/depth2/node0/test98_1.mtx 2.2 330.821 0.00400859 0.0536842 
/home/antonkov/masterWork/tests/samePrefixMarkedMtx/depth2/node0/test98_1.mtx 2.3 451.291 0.00264323 0.0360714 
/home/antonkov/masterWork/tests/samePrefixMarkedMtx/depth2/node0/test98_1.mtx 2.4 633.837 0.00168363 0.0229545 
/home/antonkov/masterWork/tests/samePrefixMarkedMtx/depth2/node0/test98_1.mtx 2.5 864.603 0.00103078 0.0149254 
/home/antonkov/masterWork/tests/samePrefixMarkedMtx/depth2/node0/test98_1.mtx 2.6 1268.49 0.00064538 0.00886957 
/home/antonkov/masterWork/tests/samePrefixMarkedMtx/depth2/node0/test98_1.mtx 2.7 2069.3 0.000320942 0.00458716 
/home/antonkov/masterWork/tests/samePrefixMarkedMtx/depth2/node0/test98_1.mtx 2.8 3149.25 0.000179474 0.00263852 
/home/antonkov/masterWork/tests/samePrefixMarkedMtx/depth2/node0/test98_1.mtx 2.9 5271.3 9.09414e-05 0.00138504 
/home/antonkov/masterWork/tests/samePrefixMarkedMtx/depth2/node0/test98_1.mtx 3 9429.98 4.36171e-05 0.000685871 
/home/antonkov/masterWork/tests/samePrefixMarkedMtx/depth2/node0/test98_1.mtx 3.1 0 -1 -1 
/home/antonkov/masterWork/tests/samePrefixMarkedMtx/depth2/node0/test98_1.mtx 3.2 0 -1 -1 
/home/antonkov/masterWork/tests/samePrefixMarkedMtx/depth2/node0/test98_1.mtx 3.3 0 -1 -1 
/home/antonkov/masterWork/tests/samePrefixMarkedMtx/depth2/node0/test98_1.mtx 3.4 0 -1 -1 
/home/antonkov/masterWork/tests/samePrefixMarkedMtx/depth2/node0/test98_1.mtx 3.5 0 -1 -1 
/home/antonkov/masterWork/tests/samePrefixMarkedMtx/depth2/node0/test98_2.mtx 1 122.975 0.0774045 0.785 
/home/antonkov/masterWork/tests/samePrefixMarkedMtx/depth2/node0/test98_2.mtx 1.1 112.912 0.0689149 0.71 
/home/antonkov/masterWork/tests/samePrefixMarkedMtx/depth2/node0/test98_2.mtx 1.2 104.542 0.0616059 0.655 
/home/antonkov/masterWork/tests/samePrefixMarkedMtx/depth2/node0/test98_2.mtx 1.3 100.315 0.0519358 0.58 
/home/antonkov/masterWork/tests/samePrefixMarkedMtx/depth2/node0/test98_2.mtx 1.4 96.4452 0.0452344 0.515 
/home/antonkov/masterWork/tests/samePrefixMarkedMtx/depth2/node0/test98_2.mtx 1.5 126.586 0.0358507 0.416667 
/home/antonkov/masterWork/tests/samePrefixMarkedMtx/depth2/node0/test98_2.mtx 1.6 114.732 0.0279861 0.336667 
/home/antonkov/masterWork/tests/samePrefixMarkedMtx/depth2/node0/test98_2.mtx 1.7 157.784 0.021184 0.258 
/home/antonkov/masterWork/tests/samePrefixMarkedMtx/depth2/node0/test98_2.mtx 1.8 143.003 0.0167986 0.202 
/home/antonkov/masterWork/tests/samePrefixMarkedMtx/depth2/node0/test98_2.mtx 1.9 196.031 0.0114453 0.14125 
/home/antonkov/masterWork/tests/samePrefixMarkedMtx/depth2/node0/test98_2.mtx 2 217.647 0.00872222 0.107 
/home/antonkov/masterWork/tests/samePrefixMarkedMtx/depth2/node0/test98_2.mtx 2.1 286.23 0.00566344 0.075 
/home/antonkov/masterWork/tests/samePrefixMarkedMtx/depth2/node0/test98_2.mtx 2.2 397.564 0.00334164 0.0456522 
/home/antonkov/masterWork/tests/samePrefixMarkedMtx/depth2/node0/test98_2.mtx 2.3 561.739 0.00214386 0.0272973 
/home/antonkov/masterWork/tests/samePrefixMarkedMtx/depth2/node0/test98_2.mtx 2.4 821.795 0.00118596 0.0163934 
/home/antonkov/masterWork/tests/samePrefixMarkedMtx/depth2/node0/test98_2.mtx 2.5 1100.98 0.00077392 0.0111111 
/home/antonkov/masterWork/tests/samePrefixMarkedMtx/depth2/node0/test98_2.mtx 2.6 1497.06 0.000457759 0.00726619 
/home/antonkov/masterWork/tests/samePrefixMarkedMtx/depth2/node0/test98_2.mtx 2.7 2495.2 0.00021395 0.00367647 
/home/antonkov/masterWork/tests/samePrefixMarkedMtx/depth2/node0/test98_2.mtx 2.8 3451.47 0.000126084 0.00236407 
/home/antonkov/masterWork/tests/samePrefixMarkedMtx/depth2/node0/test98_2.mtx 2.9 4586.56 8.36365e-05 0.00160317 
/home/antonkov/masterWork/tests/samePrefixMarkedMtx/depth2/node0/test98_2.mtx 3 7568.77 3.7144e-05 0.00087184 
/home/antonkov/masterWork/tests/samePrefixMarkedMtx/depth2/node0/test98_2.mtx 3.1 0 -1 -1 
/home/antonkov/masterWork/tests/samePrefixMarkedMtx/depth2/node0/test98_2.mtx 3.2 0 -1 -1 
/home/antonkov/masterWork/tests/samePrefixMarkedMtx/depth2/node0/test98_2.mtx 3.3 0 -1 -1 
/home/antonkov/masterWork/tests/samePrefixMarkedMtx/depth2/node0/test98_2.mtx 3.4 0 -1 -1 
/home/antonkov/masterWork/tests/samePrefixMarkedMtx/depth2/node0/test98_2.mtx 3.5 0 -1 -1 
/home/antonkov/masterWork/tests/samePrefixMarkedMtx/depth2/node0/test98_3.mtx 1 127.323 0.0866319 0.855 
/home/antonkov/masterWork/tests/samePrefixMarkedMtx/depth2/node0/test98_3.mtx 1.1 121.855 0.0776128 0.805 
/home/antonkov/masterWork/tests/samePrefixMarkedMtx/depth2/node0/test98_3.mtx 1.2 113.904 0.0662674 0.71 
/home/antonkov/masterWork/tests/samePrefixMarkedMtx/depth2/node0/test98_3.mtx 1.3 102.627 0.054349 0.575 
/home/antonkov/masterWork/tests/samePrefixMarkedMtx/depth2/node0/test98_3.mtx 1.4 128.569 0.0415972 0.453333 
/home/antonkov/masterWork/tests/samePrefixMarkedMtx/depth2/node0/test98_3.mtx 1.5 120.95 0.0355324 0.39 
/home/antonkov/masterWork/tests/samePrefixMarkedMtx/depth2/node0/test98_3.mtx 1.6 143.362 0.0275434 0.315 
/home/antonkov/masterWork/tests/samePrefixMarkedMtx/depth2/node0/test98_3.mtx 1.7 154.979 0.0218646 0.25 
/home/antonkov/masterWork/tests/samePrefixMarkedMtx/depth2/node0/test98_3.mtx 1.8 167.241 0.0173438 0.201667 
/home/antonkov/masterWork/tests/samePrefixMarkedMtx/depth2/node0/test98_3.mtx 1.9 175.962 0.01312 0.151429 
/home/antonkov/masterWork/tests/samePrefixMarkedMtx/depth2/node0/test98_3.mtx 2 202.752 0.00958333 0.114444 
/home/antonkov/masterWork/tests/samePrefixMarkedMtx/depth2/node0/test98_3.mtx 2.1 246.165 0.00719618 0.0891667 
/home/antonkov/masterWork/tests/samePrefixMarkedMtx/depth2/node0/test98_3.mtx 2.2 327.694 0.00413377 0.0526316 
/home/antonkov/masterWork/tests/samePrefixMarkedMtx/depth2/node0/test98_3.mtx 2.3 465.693 0.00267245 0.0346667 
/home/antonkov/masterWork/tests/samePrefixMarkedMtx/depth2/node0/test98_3.mtx 2.4 692.035 0.00158993 0.02 
/home/antonkov/masterWork/tests/samePrefixMarkedMtx/depth2/node0/test98_3.mtx 2.5 989.566 0.000917101 0.0125 
/home/antonkov/masterWork/tests/samePrefixMarkedMtx/depth2/node0/test98_3.mtx 2.6 1505.92 0.000527453 0.00719424 
/home/antonkov/masterWork/tests/samePrefixMarkedMtx/depth2/node0/test98_3.mtx 2.7 2270.98 0.000280842 0.00420168 
/home/antonkov/masterWork/tests/samePrefixMarkedMtx/depth2/node0/test98_3.mtx 2.8 3782.91 0.000142503 0.00214592 
/home/antonkov/masterWork/tests/samePrefixMarkedMtx/depth2/node0/test98_3.mtx 2.9 6026.3 7.55719e-05 0.00117647 
/home/antonkov/masterWork/tests/samePrefixMarkedMtx/depth2/node0/test98_3.mtx 3 9184.48 4.35295e-05 0.000694927 
/home/antonkov/masterWork/tests/samePrefixMarkedMtx/depth2/node0/test98_3.mtx 3.1 0 -1 -1 
/home/antonkov/masterWork/tests/samePrefixMarkedMtx/depth2/node0/test98_3.mtx 3.2 0 -1 -1 
/home/antonkov/masterWork/tests/samePrefixMarkedMtx/depth2/node0/test98_3.mtx 3.3 0 -1 -1 
/home/antonkov/masterWork/tests/samePrefixMarkedMtx/depth2/node0/test98_3.mtx 3.4 0 -1 -1 
/home/antonkov/masterWork/tests/samePrefixMarkedMtx/depth2/node0/test98_3.mtx 3.5 0 -1 -1 
/home/antonkov/masterWork/tests/samePrefixMarkedMtx/depth2/node0/test98_4.mtx 1 124.037 0.0854514 0.855 
/home/antonkov/masterWork/tests/samePrefixMarkedMtx/depth2/node0/test98_4.mtx 1.1 119.505 0.0759375 0.78 
/home/antonkov/masterWork/tests/samePrefixMarkedMtx/depth2/node0/test98_4.mtx 1.2 114.851 0.0643924 0.695 
/home/antonkov/masterWork/tests/samePrefixMarkedMtx/depth2/node0/test98_4.mtx 1.3 101.026 0.0550781 0.605 
/home/antonkov/masterWork/tests/samePrefixMarkedMtx/depth2/node0/test98_4.mtx 1.4 98.2413 0.046901 0.525 
/home/antonkov/masterWork/tests/samePrefixMarkedMtx/depth2/node0/test98_4.mtx 1.5 127.168 0.0371412 0.42 
/home/antonkov/masterWork/tests/samePrefixMarkedMtx/depth2/node0/test98_4.mtx 1.6 115.654 0.0290856 0.333333 
/home/antonkov/masterWork/tests/samePrefixMarkedMtx/depth2/node0/test98_4.mtx 1.7 154.511 0.0205104 0.238 
/home/antonkov/masterWork/tests/samePrefixMarkedMtx/depth2/node0/test98_4.mtx 1.8 163.388 0.0159028 0.19 
/home/antonkov/masterWork/tests/samePrefixMarkedMtx/depth2/node0/test98_4.mtx 1.9 191.693 0.0109028 0.12625 
/home/antonkov/masterWork/tests/samePrefixMarkedMtx/depth2/node0/test98_4.mtx 2 235.765 0.00845802 0.0990909 
/home/antonkov/masterWork/tests/samePrefixMarkedMtx/depth2/node0/test98_4.mtx 2.1 255.574 0.00616052 0.0784615 
/home/antonkov/masterWork/tests/samePrefixMarkedMtx/depth2/node0/test98_4.mtx 2.2 312.205 0.00474163 0.0605882 
/home/antonkov/masterWork/tests/samePrefixMarkedMtx/depth2/node0/test98_4.mtx 2.3 460.514 0.00258681 0.0348276 
/home/antonkov/masterWork/tests/samePrefixMarkedMtx/depth2/node0/test98_4.mtx 2.4 652.937 0.00160202 0.0214894 
/home/antonkov/masterWork/tests/samePrefixMarkedMtx/depth2/node0/test98_4.mtx 2.5 988.943 0.000906784 0.0128205 
/home/antonkov/masterWork/tests/samePrefixMarkedMtx/depth2/node0/test98_4.mtx 2.6 1703.63 0.000433057 0.00621118 
/home/antonkov/masterWork/tests/samePrefixMarkedMtx/depth2/node0/test98_4.mtx 2.7 2294.72 0.000275188 0.00403226 
/home/antonkov/masterWork/tests/samePrefixMarkedMtx/depth2/node0/test98_4.mtx 2.8 3408.91 0.000171172 0.00240476 
/home/antonkov/masterWork/tests/samePrefixMarkedMtx/depth2/node0/test98_4.mtx 2.9 4885.54 9.7653e-05 0.0014771 
/home/antonkov/masterWork/tests/samePrefixMarkedMtx/depth2/node0/test98_4.mtx 3 9779.48 4.14965e-05 0.000653595 
/home/antonkov/masterWork/tests/samePrefixMarkedMtx/depth2/node0/test98_4.mtx 3.1 0 -1 -1 
/home/antonkov/masterWork/tests/samePrefixMarkedMtx/depth2/node0/test98_4.mtx 3.2 0 -1 -1 
/home/antonkov/masterWork/tests/samePrefixMarkedMtx/depth2/node0/test98_4.mtx 3.3 0 -1 -1 
/home/antonkov/masterWork/tests/samePrefixMarkedMtx/depth2/node0/test98_4.mtx 3.4 0 -1 -1 
/home/antonkov/masterWork/tests/samePrefixMarkedMtx/depth2/node0/test98_4.mtx 3.5 0 -1 -1 
/home/antonkov/masterWork/tests/samePrefixMarkedMtx/depth2/node0/test99_0.mtx 1 125.812 0.0842448 0.83 
/home/antonkov/masterWork/tests/samePrefixMarkedMtx/depth2/node0/test99_0.mtx 1.1 120.703 0.074809 0.765 
/home/antonkov/masterWork/tests/samePrefixMarkedMtx/depth2/node0/test99_0.mtx 1.2 111.172 0.067908 0.71 
/home/antonkov/masterWork/tests/samePrefixMarkedMtx/depth2/node0/test99_0.mtx 1.3 102.814 0.0573698 0.625 
/home/antonkov/masterWork/tests/samePrefixMarkedMtx/depth2/node0/test99_0.mtx 1.4 100.419 0.0476823 0.53 
/home/antonkov/masterWork/tests/samePrefixMarkedMtx/depth2/node0/test99_0.mtx 1.5 128.247 0.0377315 0.43 
/home/antonkov/masterWork/tests/samePrefixMarkedMtx/depth2/node0/test99_0.mtx 1.6 114.68 0.029919 0.346667 
/home/antonkov/masterWork/tests/samePrefixMarkedMtx/depth2/node0/test99_0.mtx 1.7 129.344 0.0225521 0.2725 
/home/antonkov/masterWork/tests/samePrefixMarkedMtx/depth2/node0/test99_0.mtx 1.8 170.298 0.0171499 0.21 
/home/antonkov/masterWork/tests/samePrefixMarkedMtx/depth2/node0/test99_0.mtx 1.9 177.815 0.0122495 0.155714 
/home/antonkov/masterWork/tests/samePrefixMarkedMtx/depth2/node0/test99_0.mtx 2 200.202 0.00931327 0.121111 
/home/antonkov/masterWork/tests/samePrefixMarkedMtx/depth2/node0/test99_0.mtx 2.1 260.828 0.00669872 0.0846154 
/home/antonkov/masterWork/tests/samePrefixMarkedMtx/depth2/node0/test99_0.mtx 2.2 323.333 0.00438754 0.0561111 
/home/antonkov/masterWork/tests/samePrefixMarkedMtx/depth2/node0/test99_0.mtx 2.3 466.476 0.00252315 0.034 
/home/antonkov/masterWork/tests/samePrefixMarkedMtx/depth2/node0/test99_0.mtx 2.4 689.038 0.00161246 0.0208163 
/home/antonkov/masterWork/tests/samePrefixMarkedMtx/depth2/node0/test99_0.mtx 2.5 913.219 0.00107496 0.0139726 
/home/antonkov/masterWork/tests/samePrefixMarkedMtx/depth2/node0/test99_0.mtx 2.6 1478.96 0.00054301 0.00729927 
/home/antonkov/masterWork/tests/samePrefixMarkedMtx/depth2/node0/test99_0.mtx 2.7 2336.54 0.000268994 0.00395257 
/home/antonkov/masterWork/tests/samePrefixMarkedMtx/depth2/node0/test99_0.mtx 2.8 3480.32 0.000163186 0.00233645 
/home/antonkov/masterWork/tests/samePrefixMarkedMtx/depth2/node0/test99_0.mtx 2.9 5885.08 7.8104e-05 0.00120773 
/home/antonkov/masterWork/tests/samePrefixMarkedMtx/depth2/node0/test99_0.mtx 3 9666.02 4.41517e-05 0.000653595 
/home/antonkov/masterWork/tests/samePrefixMarkedMtx/depth2/node0/test99_0.mtx 3.1 0 -1 -1 
/home/antonkov/masterWork/tests/samePrefixMarkedMtx/depth2/node0/test99_0.mtx 3.2 0 -1 -1 
/home/antonkov/masterWork/tests/samePrefixMarkedMtx/depth2/node0/test99_0.mtx 3.3 0 -1 -1 
/home/antonkov/masterWork/tests/samePrefixMarkedMtx/depth2/node0/test99_0.mtx 3.4 0 -1 -1 
/home/antonkov/masterWork/tests/samePrefixMarkedMtx/depth2/node0/test99_0.mtx 3.5 0 -1 -1 
/home/antonkov/masterWork/tests/samePrefixMarkedMtx/depth2/node0/test99_1.mtx 1 120.759 0.0854514 0.84 
/home/antonkov/masterWork/tests/samePrefixMarkedMtx/depth2/node0/test99_1.mtx 1.1 120.899 0.0757205 0.79 
/home/antonkov/masterWork/tests/samePrefixMarkedMtx/depth2/node0/test99_1.mtx 1.2 113.697 0.0667795 0.705 
/home/antonkov/masterWork/tests/samePrefixMarkedMtx/depth2/node0/test99_1.mtx 1.3 105.348 0.0572222 0.63 
/home/antonkov/masterWork/tests/samePrefixMarkedMtx/depth2/node0/test99_1.mtx 1.4 99.5695 0.0459549 0.51 
/home/antonkov/masterWork/tests/samePrefixMarkedMtx/depth2/node0/test99_1.mtx 1.5 124.392 0.0371238 0.413333 
/home/antonkov/masterWork/tests/samePrefixMarkedMtx/depth2/node0/test99_1.mtx 1.6 117.936 0.0310995 0.343333 
/home/antonkov/masterWork/tests/samePrefixMarkedMtx/depth2/node0/test99_1.mtx 1.7 133.9 0.0240712 0.2725 
/home/antonkov/masterWork/tests/samePrefixMarkedMtx/depth2/node0/test99_1.mtx 1.8 147.536 0.018934 0.228 
/home/antonkov/masterWork/tests/samePrefixMarkedMtx/depth2/node0/test99_1.mtx 1.9 161.392 0.0151447 0.181667 
/home/antonkov/masterWork/tests/samePrefixMarkedMtx/depth2/node0/test99_1.mtx 2 179.625 0.010089 0.13 
/home/antonkov/masterWork/tests/samePrefixMarkedMtx/depth2/node0/test99_1.mtx 2.1 253.737 0.00685764 0.0858333 
/home/antonkov/masterWork/tests/samePrefixMarkedMtx/depth2/node0/test99_1.mtx 2.2 338.51 0.00421779 0.0555556 
/home/antonkov/masterWork/tests/samePrefixMarkedMtx/depth2/node0/test99_1.mtx 2.3 482.133 0.00240046 0.0346667 
/home/antonkov/masterWork/tests/samePrefixMarkedMtx/depth2/node0/test99_1.mtx 2.4 777.759 0.00132923 0.0181818 
/home/antonkov/masterWork/tests/samePrefixMarkedMtx/depth2/node0/test99_1.mtx 2.5 1080.57 0.000852124 0.0121176 
/home/antonkov/masterWork/tests/samePrefixMarkedMtx/depth2/node0/test99_1.mtx 2.6 1533.46 0.000510592 0.00726619 
/home/antonkov/masterWork/tests/samePrefixMarkedMtx/depth2/node0/test99_1.mtx 2.7 1954.37 0.000340261 0.005 
/home/antonkov/masterWork/tests/samePrefixMarkedMtx/depth2/node0/test99_1.mtx 2.8 3497.13 0.000163666 0.00242718 
/home/antonkov/masterWork/tests/samePrefixMarkedMtx/depth2/node0/test99_1.mtx 2.9 5811.31 8.32767e-05 0.00126725 
/home/antonkov/masterWork/tests/samePrefixMarkedMtx/depth2/node0/test99_1.mtx 3 9638.04 4.18149e-05 0.000677507 
/home/antonkov/masterWork/tests/samePrefixMarkedMtx/depth2/node0/test99_1.mtx 3.1 0 -1 -1 
/home/antonkov/masterWork/tests/samePrefixMarkedMtx/depth2/node0/test99_1.mtx 3.2 0 -1 -1 
/home/antonkov/masterWork/tests/samePrefixMarkedMtx/depth2/node0/test99_1.mtx 3.3 0 -1 -1 
/home/antonkov/masterWork/tests/samePrefixMarkedMtx/depth2/node0/test99_1.mtx 3.4 0 -1 -1 
/home/antonkov/masterWork/tests/samePrefixMarkedMtx/depth2/node0/test99_1.mtx 3.5 0 -1 -1 
/home/antonkov/masterWork/tests/samePrefixMarkedMtx/depth2/node0/test99_2.mtx 1 120.587 0.087092 0.845 
/home/antonkov/masterWork/tests/samePrefixMarkedMtx/depth2/node0/test99_2.mtx 1.1 120.489 0.0785069 0.795 
/home/antonkov/masterWork/tests/samePrefixMarkedMtx/depth2/node0/test99_2.mtx 1.2 116.129 0.0678212 0.71 
/home/antonkov/masterWork/tests/samePrefixMarkedMtx/depth2/node0/test99_2.mtx 1.3 104.637 0.060026 0.645 
/home/antonkov/masterWork/tests/samePrefixMarkedMtx/depth2/node0/test99_2.mtx 1.4 99.8826 0.047474 0.525 
/home/antonkov/masterWork/tests/samePrefixMarkedMtx/depth2/node0/test99_2.mtx 1.5 127.476 0.0387442 0.44 
/home/antonkov/masterWork/tests/samePrefixMarkedMtx/depth2/node0/test99_2.mtx 1.6 118.882 0.0317072 0.363333 
/home/antonkov/masterWork/tests/samePrefixMarkedMtx/depth2/node0/test99_2.mtx 1.7 137.303 0.0236415 0.2875 
/home/antonkov/masterWork/tests/samePrefixMarkedMtx/depth2/node0/test99_2.mtx 1.8 167.51 0.0156337 0.188333 
/home/antonkov/masterWork/tests/samePrefixMarkedMtx/depth2/node0/test99_2.mtx 1.9 191.683 0.010395 0.13125 
/home/antonkov/masterWork/tests/samePrefixMarkedMtx/depth2/node0/test99_2.mtx 2 238.096 0.00811869 0.102727 
/home/antonkov/masterWork/tests/samePrefixMarkedMtx/depth2/node0/test99_2.mtx 2.1 271.037 0.00587674 0.0742857 
/home/antonkov/masterWork/tests/samePrefixMarkedMtx/depth2/node0/test99_2.mtx 2.2 378.311 0.00365294 0.0486364 
/home/antonkov/masterWork/tests/samePrefixMarkedMtx/depth2/node0/test99_2.mtx 2.3 455.246 0.00259399 0.0348276 
/home/antonkov/masterWork/tests/samePrefixMarkedMtx/depth2/node0/test99_2.mtx 2.4 640.167 0.00155401 0.0226667 
/home/antonkov/masterWork/tests/samePrefixMarkedMtx/depth2/node0/test99_2.mtx 2.5 919.737 0.0010014 0.0138889 
/home/antonkov/masterWork/tests/samePrefixMarkedMtx/depth2/node0/test99_2.mtx 2.6 1426.88 0.000510118 0.0078125 
/home/antonkov/masterWork/tests/samePrefixMarkedMtx/depth2/node0/test99_2.mtx 2.7 2233.53 0.000283983 0.00425532 
/home/antonkov/masterWork/tests/samePrefixMarkedMtx/depth2/node0/test99_2.mtx 2.8 2945.72 0.000167144 0.00286533 
/home/antonkov/masterWork/tests/samePrefixMarkedMtx/depth2/node0/test99_2.mtx 2.9 5049.23 9.23591e-05 0.00144092 
/home/antonkov/masterWork/tests/samePrefixMarkedMtx/depth2/node0/test99_2.mtx 3 8126.73 5.49653e-05 0.000798085 
/home/antonkov/masterWork/tests/samePrefixMarkedMtx/depth2/node0/test99_2.mtx 3.1 0 -1 -1 
/home/antonkov/masterWork/tests/samePrefixMarkedMtx/depth2/node0/test99_2.mtx 3.2 0 -1 -1 
/home/antonkov/masterWork/tests/samePrefixMarkedMtx/depth2/node0/test99_2.mtx 3.3 0 -1 -1 
/home/antonkov/masterWork/tests/samePrefixMarkedMtx/depth2/node0/test99_2.mtx 3.4 0 -1 -1 
/home/antonkov/masterWork/tests/samePrefixMarkedMtx/depth2/node0/test99_2.mtx 3.5 0 -1 -1 
/home/antonkov/masterWork/tests/samePrefixMarkedMtx/depth2/node0/test99_3.mtx 1 121.7 0.0863108 0.855 
/home/antonkov/masterWork/tests/samePrefixMarkedMtx/depth2/node0/test99_3.mtx 1.1 124.812 0.0781597 0.8 
/home/antonkov/masterWork/tests/samePrefixMarkedMtx/depth2/node0/test99_3.mtx 1.2 111.822 0.0675347 0.705 
/home/antonkov/masterWork/tests/samePrefixMarkedMtx/depth2/node0/test99_3.mtx 1.3 103.027 0.0578646 0.615 
/home/antonkov/masterWork/tests/samePrefixMarkedMtx/depth2/node0/test99_3.mtx 1.4 99.1522 0.0483507 0.515 
/home/antonkov/masterWork/tests/samePrefixMarkedMtx/depth2/node0/test99_3.mtx 1.5 129.581 0.038669 0.46 
/home/antonkov/masterWork/tests/samePrefixMarkedMtx/depth2/node0/test99_3.mtx 1.6 121.249 0.0316956 0.373333 
/home/antonkov/masterWork/tests/samePrefixMarkedMtx/depth2/node0/test99_3.mtx 1.7 140.411 0.0229818 0.27 
/home/antonkov/masterWork/tests/samePrefixMarkedMtx/depth2/node0/test99_3.mtx 1.8 168.822 0.0169878 0.208333 
/home/antonkov/masterWork/tests/samePrefixMarkedMtx/depth2/node0/test99_3.mtx 1.9 180.443 0.0129712 0.154286 
/home/antonkov/masterWork/tests/samePrefixMarkedMtx/depth2/node0/test99_3.mtx 2 226.825 0.00902431 0.111 
/home/antonkov/masterWork/tests/samePrefixMarkedMtx/depth2/node0/test99_3.mtx 2.1 259.564 0.0056891 0.0784615 
/home/antonkov/masterWork/tests/samePrefixMarkedMtx/depth2/node0/test99_3.mtx 2.2 326.658 0.00423129 0.0566667 
/home/antonkov/masterWork/tests/samePrefixMarkedMtx/depth2/node0/test99_3.mtx 2.3 412.94 0.00286191 0.04 
/home/antonkov/masterWork/tests/samePrefixMarkedMtx/depth2/node0/test99_3.mtx 2.4 539.474 0.00191395 0.0275676 
/home/antonkov/masterWork/tests/samePrefixMarkedMtx/depth2/node0/test99_3.mtx 2.5 845.995 0.00099745 0.015625 
/home/antonkov/masterWork/tests/samePrefixMarkedMtx/depth2/node0/test99_3.mtx 2.6 1383.82 0.000495568 0.00813008 
/home/antonkov/masterWork/tests/samePrefixMarkedMtx/depth2/node0/test99_3.mtx 2.7 2071.89 0.0002917 0.00483092 
/home/antonkov/masterWork/tests/samePrefixMarkedMtx/depth2/node0/test99_3.mtx 2.8 2914.79 0.000162964 0.00302115 
/home/antonkov/masterWork/tests/samePrefixMarkedMtx/depth2/node0/test99_3.mtx 2.9 4174.73 8.2506e-05 0.00187617 
/home/antonkov/masterWork/tests/samePrefixMarkedMtx/depth2/node0/test99_3.mtx 3 5325.88 5.63948e-05 0.00132802 
/home/antonkov/masterWork/tests/samePrefixMarkedMtx/depth2/node0/test99_3.mtx 3.1 8467.39 2.68534e-05 0.000754148 
/home/antonkov/masterWork/tests/samePrefixMarkedMtx/depth2/node0/test99_3.mtx 3.2 0 -1 -1 
/home/antonkov/masterWork/tests/samePrefixMarkedMtx/depth2/node0/test99_3.mtx 3.3 0 -1 -1 
/home/antonkov/masterWork/tests/samePrefixMarkedMtx/depth2/node0/test99_3.mtx 3.4 0 -1 -1 
/home/antonkov/masterWork/tests/samePrefixMarkedMtx/depth2/node0/test99_3.mtx 3.5 0 -1 -1 
/home/antonkov/masterWork/tests/samePrefixMarkedMtx/depth2/node0/test99_4.mtx 1 124.397 0.0872483 0.845 
/home/antonkov/masterWork/tests/samePrefixMarkedMtx/depth2/node0/test99_4.mtx 1.1 123.173 0.0775868 0.785 
/home/antonkov/masterWork/tests/samePrefixMarkedMtx/depth2/node0/test99_4.mtx 1.2 116.986 0.068342 0.715 
/home/antonkov/masterWork/tests/samePrefixMarkedMtx/depth2/node0/test99_4.mtx 1.3 104.225 0.0602865 0.66 
/home/antonkov/masterWork/tests/samePrefixMarkedMtx/depth2/node0/test99_4.mtx 1.4 100.338 0.0516319 0.585 
/home/antonkov/masterWork/tests/samePrefixMarkedMtx/depth2/node0/test99_4.mtx 1.5 125.596 0.0395312 0.446667 
/home/antonkov/masterWork/tests/samePrefixMarkedMtx/depth2/node0/test99_4.mtx 1.6 116.609 0.0308912 0.353333 
/home/antonkov/masterWork/tests/samePrefixMarkedMtx/depth2/node0/test99_4.mtx 1.7 128.425 0.0222222 0.2575 
/home/antonkov/masterWork/tests/samePrefixMarkedMtx/depth2/node0/test99_4.mtx 1.8 170.736 0.0176678 0.215 
/home/antonkov/masterWork/tests/samePrefixMarkedMtx/depth2/node0/test99_4.mtx 1.9 177.902 0.0132515 0.157143 
/home/antonkov/masterWork/tests/samePrefixMarkedMtx/depth2/node0/test99_4.mtx 2 213.77 0.0096142 0.122222 
/home/antonkov/masterWork/tests/samePrefixMarkedMtx/depth2/node0/test99_4.mtx 2.1 239.946 0.00728877 0.0908333 
/home/antonkov/masterWork/tests/samePrefixMarkedMtx/depth2/node0/test99_4.mtx 2.2 317.514 0.00435089 0.0566667 
/home/antonkov/masterWork/tests/samePrefixMarkedMtx/depth2/node0/test99_4.mtx 2.3 429.391 0.00269841 0.0357143 
/home/antonkov/masterWork/tests/samePrefixMarkedMtx/depth2/node0/test99_4.mtx 2.4 622.339 0.00169907 0.0222222 
/home/antonkov/masterWork/tests/samePrefixMarkedMtx/depth2/node0/test99_4.mtx 2.5 925.544 0.00103627 0.0135135 
/home/antonkov/masterWork/tests/samePrefixMarkedMtx/depth2/node0/test99_4.mtx 2.6 1183.58 0.000691468 0.00952381 
/home/antonkov/masterWork/tests/samePrefixMarkedMtx/depth2/node0/test99_4.mtx 2.7 1982.08 0.000355778 0.00478469 
/home/antonkov/masterWork/tests/samePrefixMarkedMtx/depth2/node0/test99_4.mtx 2.8 3281.3 0.000175119 0.00248139 
/home/antonkov/masterWork/tests/samePrefixMarkedMtx/depth2/node0/test99_4.mtx 2.9 5288.13 9.3287e-05 0.00133333 
/home/antonkov/masterWork/tests/samePrefixMarkedMtx/depth2/node0/test99_4.mtx 3 9008.58 4.44985e-05 0.000701262 
/home/antonkov/masterWork/tests/samePrefixMarkedMtx/depth2/node0/test99_4.mtx 3.1 0 -1 -1 
/home/antonkov/masterWork/tests/samePrefixMarkedMtx/depth2/node0/test99_4.mtx 3.2 0 -1 -1 
/home/antonkov/masterWork/tests/samePrefixMarkedMtx/depth2/node0/test99_4.mtx 3.3 0 -1 -1 
/home/antonkov/masterWork/tests/samePrefixMarkedMtx/depth2/node0/test99_4.mtx 3.4 0 -1 -1 
/home/antonkov/masterWork/tests/samePrefixMarkedMtx/depth2/node0/test99_4.mtx 3.5 0 -1 -1 
