Results
Filename SNR Time(ms) BER FER
/home/antonkov/masterWork/tests/samePrefixMarkedMtx2304/depth2/node1/test0_0.mtx 1 469.644 0.0844748 0.94 
/home/antonkov/masterWork/tests/samePrefixMarkedMtx2304/depth2/node1/test0_0.mtx 1.1 449.818 0.07352 0.86 
/home/antonkov/masterWork/tests/samePrefixMarkedMtx2304/depth2/node1/test0_0.mtx 1.2 440.561 0.0608333 0.76 
/home/antonkov/masterWork/tests/samePrefixMarkedMtx2304/depth2/node1/test0_0.mtx 1.3 399.574 0.0411155 0.53 
/home/antonkov/masterWork/tests/samePrefixMarkedMtx2304/depth2/node1/test0_0.mtx 1.4 510.431 0.0330859 0.435 
/home/antonkov/masterWork/tests/samePrefixMarkedMtx2304/depth2/node1/test0_0.mtx 1.5 473.414 0.0198828 0.29 
/home/antonkov/masterWork/tests/samePrefixMarkedMtx2304/depth2/node1/test0_0.mtx 1.6 613.7 0.0101259 0.145 
/home/antonkov/masterWork/tests/samePrefixMarkedMtx2304/depth2/node1/test0_0.mtx 1.7 856.869 0.00426053 0.06375 
/home/antonkov/masterWork/tests/samePrefixMarkedMtx2304/depth2/node1/test0_0.mtx 1.8 1617.93 0.00145557 0.0231818 
/home/antonkov/masterWork/tests/samePrefixMarkedMtx2304/depth2/node1/test0_0.mtx 1.9 2954.3 0.000562817 0.00961538 
/home/antonkov/masterWork/tests/samePrefixMarkedMtx2304/depth2/node1/test0_0.mtx 2 0 -1 -1 
/home/antonkov/masterWork/tests/samePrefixMarkedMtx2304/depth2/node1/test0_0.mtx 2.1 0 -1 -1 
/home/antonkov/masterWork/tests/samePrefixMarkedMtx2304/depth2/node1/test0_0.mtx 2.2 0 -1 -1 
/home/antonkov/masterWork/tests/samePrefixMarkedMtx2304/depth2/node1/test0_0.mtx 2.3 0 -1 -1 
/home/antonkov/masterWork/tests/samePrefixMarkedMtx2304/depth2/node1/test0_0.mtx 2.4 0 -1 -1 
/home/antonkov/masterWork/tests/samePrefixMarkedMtx2304/depth2/node1/test0_0.mtx 2.5 0 -1 -1 
/home/antonkov/masterWork/tests/samePrefixMarkedMtx2304/depth2/node1/test0_0.mtx 2.6 0 -1 -1 
/home/antonkov/masterWork/tests/samePrefixMarkedMtx2304/depth2/node1/test0_0.mtx 2.7 0 -1 -1 
/home/antonkov/masterWork/tests/samePrefixMarkedMtx2304/depth2/node1/test0_0.mtx 2.8 0 -1 -1 
/home/antonkov/masterWork/tests/samePrefixMarkedMtx2304/depth2/node1/test0_0.mtx 2.9 0 -1 -1 
/home/antonkov/masterWork/tests/samePrefixMarkedMtx2304/depth2/node1/test0_0.mtx 3 0 -1 -1 
/home/antonkov/masterWork/tests/samePrefixMarkedMtx2304/depth2/node1/test0_0.mtx 3.1 0 -1 -1 
/home/antonkov/masterWork/tests/samePrefixMarkedMtx2304/depth2/node1/test0_0.mtx 3.2 0 -1 -1 
/home/antonkov/masterWork/tests/samePrefixMarkedMtx2304/depth2/node1/test0_0.mtx 3.3 0 -1 -1 
/home/antonkov/masterWork/tests/samePrefixMarkedMtx2304/depth2/node1/test0_0.mtx 3.4 0 -1 -1 
/home/antonkov/masterWork/tests/samePrefixMarkedMtx2304/depth2/node1/test0_0.mtx 3.5 0 -1 -1 
/home/antonkov/masterWork/tests/samePrefixMarkedMtx2304/depth2/node1/test0_1.mtx 1 433.069 0.0817361 0.9 
/home/antonkov/masterWork/tests/samePrefixMarkedMtx2304/depth2/node1/test0_1.mtx 1.1 432.824 0.0695573 0.8 
/home/antonkov/masterWork/tests/samePrefixMarkedMtx2304/depth2/node1/test0_1.mtx 1.2 416.589 0.0563368 0.69 
/home/antonkov/masterWork/tests/samePrefixMarkedMtx2304/depth2/node1/test0_1.mtx 1.3 401.133 0.0411589 0.54 
/home/antonkov/masterWork/tests/samePrefixMarkedMtx2304/depth2/node1/test0_1.mtx 1.4 502.577 0.0274023 0.365 
/home/antonkov/masterWork/tests/samePrefixMarkedMtx2304/depth2/node1/test0_1.mtx 1.5 577.462 0.0183232 0.256667 
/home/antonkov/masterWork/tests/samePrefixMarkedMtx2304/depth2/node1/test0_1.mtx 1.6 605.454 0.00843967 0.125 
/home/antonkov/masterWork/tests/samePrefixMarkedMtx2304/depth2/node1/test0_1.mtx 1.7 899.719 0.00445361 0.0655556 
/home/antonkov/masterWork/tests/samePrefixMarkedMtx2304/depth2/node1/test0_1.mtx 1.8 1341.52 0.00184028 0.0277778 
/home/antonkov/masterWork/tests/samePrefixMarkedMtx2304/depth2/node1/test0_1.mtx 1.9 2981.2 0.00058258 0.00962264 
/home/antonkov/masterWork/tests/samePrefixMarkedMtx2304/depth2/node1/test0_1.mtx 2 0 -1 -1 
/home/antonkov/masterWork/tests/samePrefixMarkedMtx2304/depth2/node1/test0_1.mtx 2.1 0 -1 -1 
/home/antonkov/masterWork/tests/samePrefixMarkedMtx2304/depth2/node1/test0_1.mtx 2.2 0 -1 -1 
/home/antonkov/masterWork/tests/samePrefixMarkedMtx2304/depth2/node1/test0_1.mtx 2.3 0 -1 -1 
/home/antonkov/masterWork/tests/samePrefixMarkedMtx2304/depth2/node1/test0_1.mtx 2.4 0 -1 -1 
/home/antonkov/masterWork/tests/samePrefixMarkedMtx2304/depth2/node1/test0_1.mtx 2.5 0 -1 -1 
/home/antonkov/masterWork/tests/samePrefixMarkedMtx2304/depth2/node1/test0_1.mtx 2.6 0 -1 -1 
/home/antonkov/masterWork/tests/samePrefixMarkedMtx2304/depth2/node1/test0_1.mtx 2.7 0 -1 -1 
/home/antonkov/masterWork/tests/samePrefixMarkedMtx2304/depth2/node1/test0_1.mtx 2.8 0 -1 -1 
/home/antonkov/masterWork/tests/samePrefixMarkedMtx2304/depth2/node1/test0_1.mtx 2.9 0 -1 -1 
/home/antonkov/masterWork/tests/samePrefixMarkedMtx2304/depth2/node1/test0_1.mtx 3 0 -1 -1 
/home/antonkov/masterWork/tests/samePrefixMarkedMtx2304/depth2/node1/test0_1.mtx 3.1 0 -1 -1 
/home/antonkov/masterWork/tests/samePrefixMarkedMtx2304/depth2/node1/test0_1.mtx 3.2 0 -1 -1 
/home/antonkov/masterWork/tests/samePrefixMarkedMtx2304/depth2/node1/test0_1.mtx 3.3 0 -1 -1 
/home/antonkov/masterWork/tests/samePrefixMarkedMtx2304/depth2/node1/test0_1.mtx 3.4 0 -1 -1 
/home/antonkov/masterWork/tests/samePrefixMarkedMtx2304/depth2/node1/test0_1.mtx 3.5 0 -1 -1 
/home/antonkov/masterWork/tests/samePrefixMarkedMtx2304/depth2/node1/test0_2.mtx 1 437.267 0.0832075 0.93 
/home/antonkov/masterWork/tests/samePrefixMarkedMtx2304/depth2/node1/test0_2.mtx 1.1 438.993 0.0713238 0.86 
/home/antonkov/masterWork/tests/samePrefixMarkedMtx2304/depth2/node1/test0_2.mtx 1.2 440.476 0.0592708 0.75 
/home/antonkov/masterWork/tests/samePrefixMarkedMtx2304/depth2/node1/test0_2.mtx 1.3 400.531 0.0400087 0.54 
/home/antonkov/masterWork/tests/samePrefixMarkedMtx2304/depth2/node1/test0_2.mtx 1.4 515.933 0.031161 0.415 
/home/antonkov/masterWork/tests/samePrefixMarkedMtx2304/depth2/node1/test0_2.mtx 1.5 480.967 0.0192014 0.28 
/home/antonkov/masterWork/tests/samePrefixMarkedMtx2304/depth2/node1/test0_2.mtx 1.6 625.662 0.0103624 0.145 
/home/antonkov/masterWork/tests/samePrefixMarkedMtx2304/depth2/node1/test0_2.mtx 1.7 850.243 0.00454481 0.0675 
/home/antonkov/masterWork/tests/samePrefixMarkedMtx2304/depth2/node1/test0_2.mtx 1.8 1408.31 0.0016862 0.0277778 
/home/antonkov/masterWork/tests/samePrefixMarkedMtx2304/depth2/node1/test0_2.mtx 1.9 3284.58 0.000480841 0.00910714 
/home/antonkov/masterWork/tests/samePrefixMarkedMtx2304/depth2/node1/test0_2.mtx 2 0 -1 -1 
/home/antonkov/masterWork/tests/samePrefixMarkedMtx2304/depth2/node1/test0_2.mtx 2.1 0 -1 -1 
/home/antonkov/masterWork/tests/samePrefixMarkedMtx2304/depth2/node1/test0_2.mtx 2.2 0 -1 -1 
/home/antonkov/masterWork/tests/samePrefixMarkedMtx2304/depth2/node1/test0_2.mtx 2.3 0 -1 -1 
/home/antonkov/masterWork/tests/samePrefixMarkedMtx2304/depth2/node1/test0_2.mtx 2.4 0 -1 -1 
/home/antonkov/masterWork/tests/samePrefixMarkedMtx2304/depth2/node1/test0_2.mtx 2.5 0 -1 -1 
/home/antonkov/masterWork/tests/samePrefixMarkedMtx2304/depth2/node1/test0_2.mtx 2.6 0 -1 -1 
/home/antonkov/masterWork/tests/samePrefixMarkedMtx2304/depth2/node1/test0_2.mtx 2.7 0 -1 -1 
/home/antonkov/masterWork/tests/samePrefixMarkedMtx2304/depth2/node1/test0_2.mtx 2.8 0 -1 -1 
/home/antonkov/masterWork/tests/samePrefixMarkedMtx2304/depth2/node1/test0_2.mtx 2.9 0 -1 -1 
/home/antonkov/masterWork/tests/samePrefixMarkedMtx2304/depth2/node1/test0_2.mtx 3 0 -1 -1 
/home/antonkov/masterWork/tests/samePrefixMarkedMtx2304/depth2/node1/test0_2.mtx 3.1 0 -1 -1 
/home/antonkov/masterWork/tests/samePrefixMarkedMtx2304/depth2/node1/test0_2.mtx 3.2 0 -1 -1 
/home/antonkov/masterWork/tests/samePrefixMarkedMtx2304/depth2/node1/test0_2.mtx 3.3 0 -1 -1 
/home/antonkov/masterWork/tests/samePrefixMarkedMtx2304/depth2/node1/test0_2.mtx 3.4 0 -1 -1 
/home/antonkov/masterWork/tests/samePrefixMarkedMtx2304/depth2/node1/test0_2.mtx 3.5 0 -1 -1 
/home/antonkov/masterWork/tests/samePrefixMarkedMtx2304/depth2/node1/test0_3.mtx 1 438.87 0.0844141 0.94 
/home/antonkov/masterWork/tests/samePrefixMarkedMtx2304/depth2/node1/test0_3.mtx 1.1 432.049 0.0717578 0.84 
/home/antonkov/masterWork/tests/samePrefixMarkedMtx2304/depth2/node1/test0_3.mtx 1.2 423.628 0.0582248 0.72 
/home/antonkov/masterWork/tests/samePrefixMarkedMtx2304/depth2/node1/test0_3.mtx 1.3 397.919 0.0453602 0.57 
/home/antonkov/masterWork/tests/samePrefixMarkedMtx2304/depth2/node1/test0_3.mtx 1.4 521.207 0.0326345 0.44 
/home/antonkov/masterWork/tests/samePrefixMarkedMtx2304/depth2/node1/test0_3.mtx 1.5 490.714 0.0204362 0.28 
/home/antonkov/masterWork/tests/samePrefixMarkedMtx2304/depth2/node1/test0_3.mtx 1.6 597.1 0.0099707 0.135 
/home/antonkov/masterWork/tests/samePrefixMarkedMtx2304/depth2/node1/test0_3.mtx 1.7 900.105 0.00408034 0.0588889 
/home/antonkov/masterWork/tests/samePrefixMarkedMtx2304/depth2/node1/test0_3.mtx 1.8 1430.74 0.00168426 0.0263158 
/home/antonkov/masterWork/tests/samePrefixMarkedMtx2304/depth2/node1/test0_3.mtx 1.9 3016.82 0.000595341 0.00925926 
/home/antonkov/masterWork/tests/samePrefixMarkedMtx2304/depth2/node1/test0_3.mtx 2 0 -1 -1 
/home/antonkov/masterWork/tests/samePrefixMarkedMtx2304/depth2/node1/test0_3.mtx 2.1 0 -1 -1 
/home/antonkov/masterWork/tests/samePrefixMarkedMtx2304/depth2/node1/test0_3.mtx 2.2 0 -1 -1 
/home/antonkov/masterWork/tests/samePrefixMarkedMtx2304/depth2/node1/test0_3.mtx 2.3 0 -1 -1 
/home/antonkov/masterWork/tests/samePrefixMarkedMtx2304/depth2/node1/test0_3.mtx 2.4 0 -1 -1 
/home/antonkov/masterWork/tests/samePrefixMarkedMtx2304/depth2/node1/test0_3.mtx 2.5 0 -1 -1 
/home/antonkov/masterWork/tests/samePrefixMarkedMtx2304/depth2/node1/test0_3.mtx 2.6 0 -1 -1 
/home/antonkov/masterWork/tests/samePrefixMarkedMtx2304/depth2/node1/test0_3.mtx 2.7 0 -1 -1 
/home/antonkov/masterWork/tests/samePrefixMarkedMtx2304/depth2/node1/test0_3.mtx 2.8 0 -1 -1 
/home/antonkov/masterWork/tests/samePrefixMarkedMtx2304/depth2/node1/test0_3.mtx 2.9 0 -1 -1 
/home/antonkov/masterWork/tests/samePrefixMarkedMtx2304/depth2/node1/test0_3.mtx 3 0 -1 -1 
/home/antonkov/masterWork/tests/samePrefixMarkedMtx2304/depth2/node1/test0_3.mtx 3.1 0 -1 -1 
/home/antonkov/masterWork/tests/samePrefixMarkedMtx2304/depth2/node1/test0_3.mtx 3.2 0 -1 -1 
/home/antonkov/masterWork/tests/samePrefixMarkedMtx2304/depth2/node1/test0_3.mtx 3.3 0 -1 -1 
/home/antonkov/masterWork/tests/samePrefixMarkedMtx2304/depth2/node1/test0_3.mtx 3.4 0 -1 -1 
/home/antonkov/masterWork/tests/samePrefixMarkedMtx2304/depth2/node1/test0_3.mtx 3.5 0 -1 -1 
/home/antonkov/masterWork/tests/samePrefixMarkedMtx2304/depth2/node1/test0_4.mtx 1 432.709 0.0814714 0.89 
/home/antonkov/masterWork/tests/samePrefixMarkedMtx2304/depth2/node1/test0_4.mtx 1.1 435.928 0.0693446 0.8 
/home/antonkov/masterWork/tests/samePrefixMarkedMtx2304/depth2/node1/test0_4.mtx 1.2 422.628 0.0557465 0.68 
/home/antonkov/masterWork/tests/samePrefixMarkedMtx2304/depth2/node1/test0_4.mtx 1.3 394.381 0.0386328 0.51 
/home/antonkov/masterWork/tests/samePrefixMarkedMtx2304/depth2/node1/test0_4.mtx 1.4 501.677 0.0270117 0.355 
/home/antonkov/masterWork/tests/samePrefixMarkedMtx2304/depth2/node1/test0_4.mtx 1.5 574.769 0.0154962 0.213333 
/home/antonkov/masterWork/tests/samePrefixMarkedMtx2304/depth2/node1/test0_4.mtx 1.6 698.713 0.00867101 0.12 
/home/antonkov/masterWork/tests/samePrefixMarkedMtx2304/depth2/node1/test0_4.mtx 1.7 885.523 0.00408758 0.0588889 
/home/antonkov/masterWork/tests/samePrefixMarkedMtx2304/depth2/node1/test0_4.mtx 1.8 1378.48 0.0018574 0.0283333 
/home/antonkov/masterWork/tests/samePrefixMarkedMtx2304/depth2/node1/test0_4.mtx 1.9 2949.62 0.000602881 0.00961538 
/home/antonkov/masterWork/tests/samePrefixMarkedMtx2304/depth2/node1/test0_4.mtx 2 0 -1 -1 
/home/antonkov/masterWork/tests/samePrefixMarkedMtx2304/depth2/node1/test0_4.mtx 2.1 0 -1 -1 
/home/antonkov/masterWork/tests/samePrefixMarkedMtx2304/depth2/node1/test0_4.mtx 2.2 0 -1 -1 
/home/antonkov/masterWork/tests/samePrefixMarkedMtx2304/depth2/node1/test0_4.mtx 2.3 0 -1 -1 
/home/antonkov/masterWork/tests/samePrefixMarkedMtx2304/depth2/node1/test0_4.mtx 2.4 0 -1 -1 
/home/antonkov/masterWork/tests/samePrefixMarkedMtx2304/depth2/node1/test0_4.mtx 2.5 0 -1 -1 
/home/antonkov/masterWork/tests/samePrefixMarkedMtx2304/depth2/node1/test0_4.mtx 2.6 0 -1 -1 
/home/antonkov/masterWork/tests/samePrefixMarkedMtx2304/depth2/node1/test0_4.mtx 2.7 0 -1 -1 
/home/antonkov/masterWork/tests/samePrefixMarkedMtx2304/depth2/node1/test0_4.mtx 2.8 0 -1 -1 
/home/antonkov/masterWork/tests/samePrefixMarkedMtx2304/depth2/node1/test0_4.mtx 2.9 0 -1 -1 
/home/antonkov/masterWork/tests/samePrefixMarkedMtx2304/depth2/node1/test0_4.mtx 3 0 -1 -1 
/home/antonkov/masterWork/tests/samePrefixMarkedMtx2304/depth2/node1/test0_4.mtx 3.1 0 -1 -1 
/home/antonkov/masterWork/tests/samePrefixMarkedMtx2304/depth2/node1/test0_4.mtx 3.2 0 -1 -1 
/home/antonkov/masterWork/tests/samePrefixMarkedMtx2304/depth2/node1/test0_4.mtx 3.3 0 -1 -1 
/home/antonkov/masterWork/tests/samePrefixMarkedMtx2304/depth2/node1/test0_4.mtx 3.4 0 -1 -1 
/home/antonkov/masterWork/tests/samePrefixMarkedMtx2304/depth2/node1/test0_4.mtx 3.5 0 -1 -1 
/home/antonkov/masterWork/tests/samePrefixMarkedMtx2304/depth2/node1/test1_0.mtx 1 439.242 0.0865885 0.93 
/home/antonkov/masterWork/tests/samePrefixMarkedMtx2304/depth2/node1/test1_0.mtx 1.1 433.166 0.0770269 0.89 
/home/antonkov/masterWork/tests/samePrefixMarkedMtx2304/depth2/node1/test1_0.mtx 1.2 431.035 0.060816 0.75 
/home/antonkov/masterWork/tests/samePrefixMarkedMtx2304/depth2/node1/test1_0.mtx 1.3 401.298 0.0468142 0.6 
/home/antonkov/masterWork/tests/samePrefixMarkedMtx2304/depth2/node1/test1_0.mtx 1.4 513.137 0.033878 0.445 
/home/antonkov/masterWork/tests/samePrefixMarkedMtx2304/depth2/node1/test1_0.mtx 1.5 476.423 0.0218316 0.31 
/home/antonkov/masterWork/tests/samePrefixMarkedMtx2304/depth2/node1/test1_0.mtx 1.6 528.704 0.0117925 0.173333 
/home/antonkov/masterWork/tests/samePrefixMarkedMtx2304/depth2/node1/test1_0.mtx 1.7 765.904 0.00461992 0.0714286 
/home/antonkov/masterWork/tests/samePrefixMarkedMtx2304/depth2/node1/test1_0.mtx 1.8 1293.49 0.0018127 0.0294118 
/home/antonkov/masterWork/tests/samePrefixMarkedMtx2304/depth2/node1/test1_0.mtx 1.9 2684.27 0.000632077 0.0113043 
/home/antonkov/masterWork/tests/samePrefixMarkedMtx2304/depth2/node1/test1_0.mtx 2 5639.13 0.000260887 0.00416667 
/home/antonkov/masterWork/tests/samePrefixMarkedMtx2304/depth2/node1/test1_0.mtx 2.1 0 -1 -1 
/home/antonkov/masterWork/tests/samePrefixMarkedMtx2304/depth2/node1/test1_0.mtx 2.2 0 -1 -1 
/home/antonkov/masterWork/tests/samePrefixMarkedMtx2304/depth2/node1/test1_0.mtx 2.3 0 -1 -1 
/home/antonkov/masterWork/tests/samePrefixMarkedMtx2304/depth2/node1/test1_0.mtx 2.4 0 -1 -1 
/home/antonkov/masterWork/tests/samePrefixMarkedMtx2304/depth2/node1/test1_0.mtx 2.5 0 -1 -1 
/home/antonkov/masterWork/tests/samePrefixMarkedMtx2304/depth2/node1/test1_0.mtx 2.6 0 -1 -1 
/home/antonkov/masterWork/tests/samePrefixMarkedMtx2304/depth2/node1/test1_0.mtx 2.7 0 -1 -1 
/home/antonkov/masterWork/tests/samePrefixMarkedMtx2304/depth2/node1/test1_0.mtx 2.8 0 -1 -1 
/home/antonkov/masterWork/tests/samePrefixMarkedMtx2304/depth2/node1/test1_0.mtx 2.9 0 -1 -1 
/home/antonkov/masterWork/tests/samePrefixMarkedMtx2304/depth2/node1/test1_0.mtx 3 0 -1 -1 
/home/antonkov/masterWork/tests/samePrefixMarkedMtx2304/depth2/node1/test1_0.mtx 3.1 0 -1 -1 
/home/antonkov/masterWork/tests/samePrefixMarkedMtx2304/depth2/node1/test1_0.mtx 3.2 0 -1 -1 
/home/antonkov/masterWork/tests/samePrefixMarkedMtx2304/depth2/node1/test1_0.mtx 3.3 0 -1 -1 
/home/antonkov/masterWork/tests/samePrefixMarkedMtx2304/depth2/node1/test1_0.mtx 3.4 0 -1 -1 
/home/antonkov/masterWork/tests/samePrefixMarkedMtx2304/depth2/node1/test1_0.mtx 3.5 0 -1 -1 
/home/antonkov/masterWork/tests/samePrefixMarkedMtx2304/depth2/node1/test1_1.mtx 1 438.908 0.0833854 0.9 
/home/antonkov/masterWork/tests/samePrefixMarkedMtx2304/depth2/node1/test1_1.mtx 1.1 440.263 0.0749436 0.86 
/home/antonkov/masterWork/tests/samePrefixMarkedMtx2304/depth2/node1/test1_1.mtx 1.2 427.679 0.0621528 0.72 
/home/antonkov/masterWork/tests/samePrefixMarkedMtx2304/depth2/node1/test1_1.mtx 1.3 410.272 0.051454 0.64 
/home/antonkov/masterWork/tests/samePrefixMarkedMtx2304/depth2/node1/test1_1.mtx 1.4 515.055 0.0340625 0.445 
/home/antonkov/masterWork/tests/samePrefixMarkedMtx2304/depth2/node1/test1_1.mtx 1.5 485.471 0.0216168 0.295 
/home/antonkov/masterWork/tests/samePrefixMarkedMtx2304/depth2/node1/test1_1.mtx 1.6 545.301 0.0117347 0.166667 
/home/antonkov/masterWork/tests/samePrefixMarkedMtx2304/depth2/node1/test1_1.mtx 1.7 841.559 0.00462836 0.07375 
/home/antonkov/masterWork/tests/samePrefixMarkedMtx2304/depth2/node1/test1_1.mtx 1.8 1287.16 0.00219238 0.03375 
/home/antonkov/masterWork/tests/samePrefixMarkedMtx2304/depth2/node1/test1_1.mtx 1.9 2065.96 0.000821972 0.0147059 
/home/antonkov/masterWork/tests/samePrefixMarkedMtx2304/depth2/node1/test1_1.mtx 2 6902.94 0.000202187 0.00342282 
/home/antonkov/masterWork/tests/samePrefixMarkedMtx2304/depth2/node1/test1_1.mtx 2.1 0 -1 -1 
/home/antonkov/masterWork/tests/samePrefixMarkedMtx2304/depth2/node1/test1_1.mtx 2.2 0 -1 -1 
/home/antonkov/masterWork/tests/samePrefixMarkedMtx2304/depth2/node1/test1_1.mtx 2.3 0 -1 -1 
/home/antonkov/masterWork/tests/samePrefixMarkedMtx2304/depth2/node1/test1_1.mtx 2.4 0 -1 -1 
/home/antonkov/masterWork/tests/samePrefixMarkedMtx2304/depth2/node1/test1_1.mtx 2.5 0 -1 -1 
/home/antonkov/masterWork/tests/samePrefixMarkedMtx2304/depth2/node1/test1_1.mtx 2.6 0 -1 -1 
/home/antonkov/masterWork/tests/samePrefixMarkedMtx2304/depth2/node1/test1_1.mtx 2.7 0 -1 -1 
/home/antonkov/masterWork/tests/samePrefixMarkedMtx2304/depth2/node1/test1_1.mtx 2.8 0 -1 -1 
/home/antonkov/masterWork/tests/samePrefixMarkedMtx2304/depth2/node1/test1_1.mtx 2.9 0 -1 -1 
/home/antonkov/masterWork/tests/samePrefixMarkedMtx2304/depth2/node1/test1_1.mtx 3 0 -1 -1 
/home/antonkov/masterWork/tests/samePrefixMarkedMtx2304/depth2/node1/test1_1.mtx 3.1 0 -1 -1 
/home/antonkov/masterWork/tests/samePrefixMarkedMtx2304/depth2/node1/test1_1.mtx 3.2 0 -1 -1 
/home/antonkov/masterWork/tests/samePrefixMarkedMtx2304/depth2/node1/test1_1.mtx 3.3 0 -1 -1 
/home/antonkov/masterWork/tests/samePrefixMarkedMtx2304/depth2/node1/test1_1.mtx 3.4 0 -1 -1 
/home/antonkov/masterWork/tests/samePrefixMarkedMtx2304/depth2/node1/test1_1.mtx 3.5 0 -1 -1 
/home/antonkov/masterWork/tests/samePrefixMarkedMtx2304/depth2/node1/test1_2.mtx 1 445.691 0.0854905 0.95 
/home/antonkov/masterWork/tests/samePrefixMarkedMtx2304/depth2/node1/test1_2.mtx 1.1 440.794 0.0748134 0.9 
/home/antonkov/masterWork/tests/samePrefixMarkedMtx2304/depth2/node1/test1_2.mtx 1.2 426.145 0.053329 0.7 
/home/antonkov/masterWork/tests/samePrefixMarkedMtx2304/depth2/node1/test1_2.mtx 1.3 405.539 0.0392925 0.53 
/home/antonkov/masterWork/tests/samePrefixMarkedMtx2304/depth2/node1/test1_2.mtx 1.4 519.346 0.0335395 0.44 
/home/antonkov/masterWork/tests/samePrefixMarkedMtx2304/depth2/node1/test1_2.mtx 1.5 482.966 0.0214366 0.3 
/home/antonkov/masterWork/tests/samePrefixMarkedMtx2304/depth2/node1/test1_2.mtx 1.6 640.017 0.0100629 0.155 
/home/antonkov/masterWork/tests/samePrefixMarkedMtx2304/depth2/node1/test1_2.mtx 1.7 879.428 0.0044949 0.07125 
/home/antonkov/masterWork/tests/samePrefixMarkedMtx2304/depth2/node1/test1_2.mtx 1.8 1533.81 0.00171115 0.027 
/home/antonkov/masterWork/tests/samePrefixMarkedMtx2304/depth2/node1/test1_2.mtx 1.9 2462.8 0.000775933 0.01275 
/home/antonkov/masterWork/tests/samePrefixMarkedMtx2304/depth2/node1/test1_2.mtx 2 5461.5 0.000273053 0.00442478 
/home/antonkov/masterWork/tests/samePrefixMarkedMtx2304/depth2/node1/test1_2.mtx 2.1 0 -1 -1 
/home/antonkov/masterWork/tests/samePrefixMarkedMtx2304/depth2/node1/test1_2.mtx 2.2 0 -1 -1 
/home/antonkov/masterWork/tests/samePrefixMarkedMtx2304/depth2/node1/test1_2.mtx 2.3 0 -1 -1 
/home/antonkov/masterWork/tests/samePrefixMarkedMtx2304/depth2/node1/test1_2.mtx 2.4 0 -1 -1 
/home/antonkov/masterWork/tests/samePrefixMarkedMtx2304/depth2/node1/test1_2.mtx 2.5 0 -1 -1 
/home/antonkov/masterWork/tests/samePrefixMarkedMtx2304/depth2/node1/test1_2.mtx 2.6 0 -1 -1 
/home/antonkov/masterWork/tests/samePrefixMarkedMtx2304/depth2/node1/test1_2.mtx 2.7 0 -1 -1 
/home/antonkov/masterWork/tests/samePrefixMarkedMtx2304/depth2/node1/test1_2.mtx 2.8 0 -1 -1 
/home/antonkov/masterWork/tests/samePrefixMarkedMtx2304/depth2/node1/test1_2.mtx 2.9 0 -1 -1 
/home/antonkov/masterWork/tests/samePrefixMarkedMtx2304/depth2/node1/test1_2.mtx 3 0 -1 -1 
/home/antonkov/masterWork/tests/samePrefixMarkedMtx2304/depth2/node1/test1_2.mtx 3.1 0 -1 -1 
/home/antonkov/masterWork/tests/samePrefixMarkedMtx2304/depth2/node1/test1_2.mtx 3.2 0 -1 -1 
/home/antonkov/masterWork/tests/samePrefixMarkedMtx2304/depth2/node1/test1_2.mtx 3.3 0 -1 -1 
/home/antonkov/masterWork/tests/samePrefixMarkedMtx2304/depth2/node1/test1_2.mtx 3.4 0 -1 -1 
/home/antonkov/masterWork/tests/samePrefixMarkedMtx2304/depth2/node1/test1_2.mtx 3.5 0 -1 -1 
/home/antonkov/masterWork/tests/samePrefixMarkedMtx2304/depth2/node1/test1_3.mtx 1 433.619 0.0862587 0.96 
/home/antonkov/masterWork/tests/samePrefixMarkedMtx2304/depth2/node1/test1_3.mtx 1.1 434.738 0.0712066 0.84 
/home/antonkov/masterWork/tests/samePrefixMarkedMtx2304/depth2/node1/test1_3.mtx 1.2 418.662 0.0565451 0.69 
/home/antonkov/masterWork/tests/samePrefixMarkedMtx2304/depth2/node1/test1_3.mtx 1.3 401.004 0.0443533 0.57 
/home/antonkov/masterWork/tests/samePrefixMarkedMtx2304/depth2/node1/test1_3.mtx 1.4 513.573 0.0282943 0.395 
/home/antonkov/masterWork/tests/samePrefixMarkedMtx2304/depth2/node1/test1_3.mtx 1.5 571.929 0.0176505 0.253333 
/home/antonkov/masterWork/tests/samePrefixMarkedMtx2304/depth2/node1/test1_3.mtx 1.6 600.534 0.010102 0.135 
/home/antonkov/masterWork/tests/samePrefixMarkedMtx2304/depth2/node1/test1_3.mtx 1.7 867.856 0.00445801 0.06875 
/home/antonkov/masterWork/tests/samePrefixMarkedMtx2304/depth2/node1/test1_3.mtx 1.8 1191.72 0.0022037 0.034 
/home/antonkov/masterWork/tests/samePrefixMarkedMtx2304/depth2/node1/test1_3.mtx 1.9 2129.09 0.00087438 0.0145714 
/home/antonkov/masterWork/tests/samePrefixMarkedMtx2304/depth2/node1/test1_3.mtx 2 6563.08 0.000207666 0.0034965 
/home/antonkov/masterWork/tests/samePrefixMarkedMtx2304/depth2/node1/test1_3.mtx 2.1 0 -1 -1 
/home/antonkov/masterWork/tests/samePrefixMarkedMtx2304/depth2/node1/test1_3.mtx 2.2 0 -1 -1 
/home/antonkov/masterWork/tests/samePrefixMarkedMtx2304/depth2/node1/test1_3.mtx 2.3 0 -1 -1 
/home/antonkov/masterWork/tests/samePrefixMarkedMtx2304/depth2/node1/test1_3.mtx 2.4 0 -1 -1 
/home/antonkov/masterWork/tests/samePrefixMarkedMtx2304/depth2/node1/test1_3.mtx 2.5 0 -1 -1 
/home/antonkov/masterWork/tests/samePrefixMarkedMtx2304/depth2/node1/test1_3.mtx 2.6 0 -1 -1 
/home/antonkov/masterWork/tests/samePrefixMarkedMtx2304/depth2/node1/test1_3.mtx 2.7 0 -1 -1 
/home/antonkov/masterWork/tests/samePrefixMarkedMtx2304/depth2/node1/test1_3.mtx 2.8 0 -1 -1 
/home/antonkov/masterWork/tests/samePrefixMarkedMtx2304/depth2/node1/test1_3.mtx 2.9 0 -1 -1 
/home/antonkov/masterWork/tests/samePrefixMarkedMtx2304/depth2/node1/test1_3.mtx 3 0 -1 -1 
/home/antonkov/masterWork/tests/samePrefixMarkedMtx2304/depth2/node1/test1_3.mtx 3.1 0 -1 -1 
/home/antonkov/masterWork/tests/samePrefixMarkedMtx2304/depth2/node1/test1_3.mtx 3.2 0 -1 -1 
/home/antonkov/masterWork/tests/samePrefixMarkedMtx2304/depth2/node1/test1_3.mtx 3.3 0 -1 -1 
/home/antonkov/masterWork/tests/samePrefixMarkedMtx2304/depth2/node1/test1_3.mtx 3.4 0 -1 -1 
/home/antonkov/masterWork/tests/samePrefixMarkedMtx2304/depth2/node1/test1_3.mtx 3.5 0 -1 -1 
/home/antonkov/masterWork/tests/samePrefixMarkedMtx2304/depth2/node1/test1_4.mtx 1 436.957 0.083546 0.94 
/home/antonkov/masterWork/tests/samePrefixMarkedMtx2304/depth2/node1/test1_4.mtx 1.1 431.693 0.0696571 0.83 
/home/antonkov/masterWork/tests/samePrefixMarkedMtx2304/depth2/node1/test1_4.mtx 1.2 414.848 0.0569575 0.69 
/home/antonkov/masterWork/tests/samePrefixMarkedMtx2304/depth2/node1/test1_4.mtx 1.3 395.903 0.0428863 0.53 
/home/antonkov/masterWork/tests/samePrefixMarkedMtx2304/depth2/node1/test1_4.mtx 1.4 511.475 0.0334614 0.455 
/home/antonkov/masterWork/tests/samePrefixMarkedMtx2304/depth2/node1/test1_4.mtx 1.5 472.437 0.0203255 0.28 
/home/antonkov/masterWork/tests/samePrefixMarkedMtx2304/depth2/node1/test1_4.mtx 1.6 617.279 0.0105349 0.16 
/home/antonkov/masterWork/tests/samePrefixMarkedMtx2304/depth2/node1/test1_4.mtx 1.7 791.295 0.00482019 0.0714286 
/home/antonkov/masterWork/tests/samePrefixMarkedMtx2304/depth2/node1/test1_4.mtx 1.8 1261.91 0.0019892 0.0325 
/home/antonkov/masterWork/tests/samePrefixMarkedMtx2304/depth2/node1/test1_4.mtx 1.9 2788.05 0.000682147 0.0108333 
/home/antonkov/masterWork/tests/samePrefixMarkedMtx2304/depth2/node1/test1_4.mtx 2 5349.31 0.0002479 0.00446429 
/home/antonkov/masterWork/tests/samePrefixMarkedMtx2304/depth2/node1/test1_4.mtx 2.1 0 -1 -1 
/home/antonkov/masterWork/tests/samePrefixMarkedMtx2304/depth2/node1/test1_4.mtx 2.2 0 -1 -1 
/home/antonkov/masterWork/tests/samePrefixMarkedMtx2304/depth2/node1/test1_4.mtx 2.3 0 -1 -1 
/home/antonkov/masterWork/tests/samePrefixMarkedMtx2304/depth2/node1/test1_4.mtx 2.4 0 -1 -1 
/home/antonkov/masterWork/tests/samePrefixMarkedMtx2304/depth2/node1/test1_4.mtx 2.5 0 -1 -1 
/home/antonkov/masterWork/tests/samePrefixMarkedMtx2304/depth2/node1/test1_4.mtx 2.6 0 -1 -1 
/home/antonkov/masterWork/tests/samePrefixMarkedMtx2304/depth2/node1/test1_4.mtx 2.7 0 -1 -1 
/home/antonkov/masterWork/tests/samePrefixMarkedMtx2304/depth2/node1/test1_4.mtx 2.8 0 -1 -1 
/home/antonkov/masterWork/tests/samePrefixMarkedMtx2304/depth2/node1/test1_4.mtx 2.9 0 -1 -1 
/home/antonkov/masterWork/tests/samePrefixMarkedMtx2304/depth2/node1/test1_4.mtx 3 0 -1 -1 
/home/antonkov/masterWork/tests/samePrefixMarkedMtx2304/depth2/node1/test1_4.mtx 3.1 0 -1 -1 
/home/antonkov/masterWork/tests/samePrefixMarkedMtx2304/depth2/node1/test1_4.mtx 3.2 0 -1 -1 
/home/antonkov/masterWork/tests/samePrefixMarkedMtx2304/depth2/node1/test1_4.mtx 3.3 0 -1 -1 
/home/antonkov/masterWork/tests/samePrefixMarkedMtx2304/depth2/node1/test1_4.mtx 3.4 0 -1 -1 
/home/antonkov/masterWork/tests/samePrefixMarkedMtx2304/depth2/node1/test1_4.mtx 3.5 0 -1 -1 
/home/antonkov/masterWork/tests/samePrefixMarkedMtx2304/depth2/node1/test2_0.mtx 1 431.239 0.0828342 0.92 
/home/antonkov/masterWork/tests/samePrefixMarkedMtx2304/depth2/node1/test2_0.mtx 1.1 431.222 0.0686632 0.82 
/home/antonkov/masterWork/tests/samePrefixMarkedMtx2304/depth2/node1/test2_0.mtx 1.2 412.274 0.0502344 0.61 
/home/antonkov/masterWork/tests/samePrefixMarkedMtx2304/depth2/node1/test2_0.mtx 1.3 520.574 0.0376302 0.485 
/home/antonkov/masterWork/tests/samePrefixMarkedMtx2304/depth2/node1/test2_0.mtx 1.4 486.47 0.0274501 0.355 
/home/antonkov/masterWork/tests/samePrefixMarkedMtx2304/depth2/node1/test2_0.mtx 1.5 461.97 0.0183529 0.25 
/home/antonkov/masterWork/tests/samePrefixMarkedMtx2304/depth2/node1/test2_0.mtx 1.6 584.506 0.00938151 0.1325 
/home/antonkov/masterWork/tests/samePrefixMarkedMtx2304/depth2/node1/test2_0.mtx 1.7 973.696 0.00328125 0.0481818 
/home/antonkov/masterWork/tests/samePrefixMarkedMtx2304/depth2/node1/test2_0.mtx 1.8 1830.88 0.00125868 0.0182143 
/home/antonkov/masterWork/tests/samePrefixMarkedMtx2304/depth2/node1/test2_0.mtx 1.9 3271.22 0.00051918 0.00793651 
/home/antonkov/masterWork/tests/samePrefixMarkedMtx2304/depth2/node1/test2_0.mtx 2 0 -1 -1 
/home/antonkov/masterWork/tests/samePrefixMarkedMtx2304/depth2/node1/test2_0.mtx 2.1 0 -1 -1 
/home/antonkov/masterWork/tests/samePrefixMarkedMtx2304/depth2/node1/test2_0.mtx 2.2 0 -1 -1 
/home/antonkov/masterWork/tests/samePrefixMarkedMtx2304/depth2/node1/test2_0.mtx 2.3 0 -1 -1 
/home/antonkov/masterWork/tests/samePrefixMarkedMtx2304/depth2/node1/test2_0.mtx 2.4 0 -1 -1 
/home/antonkov/masterWork/tests/samePrefixMarkedMtx2304/depth2/node1/test2_0.mtx 2.5 0 -1 -1 
/home/antonkov/masterWork/tests/samePrefixMarkedMtx2304/depth2/node1/test2_0.mtx 2.6 0 -1 -1 
/home/antonkov/masterWork/tests/samePrefixMarkedMtx2304/depth2/node1/test2_0.mtx 2.7 0 -1 -1 
/home/antonkov/masterWork/tests/samePrefixMarkedMtx2304/depth2/node1/test2_0.mtx 2.8 0 -1 -1 
/home/antonkov/masterWork/tests/samePrefixMarkedMtx2304/depth2/node1/test2_0.mtx 2.9 0 -1 -1 
/home/antonkov/masterWork/tests/samePrefixMarkedMtx2304/depth2/node1/test2_0.mtx 3 0 -1 -1 
/home/antonkov/masterWork/tests/samePrefixMarkedMtx2304/depth2/node1/test2_0.mtx 3.1 0 -1 -1 
/home/antonkov/masterWork/tests/samePrefixMarkedMtx2304/depth2/node1/test2_0.mtx 3.2 0 -1 -1 
/home/antonkov/masterWork/tests/samePrefixMarkedMtx2304/depth2/node1/test2_0.mtx 3.3 0 -1 -1 
/home/antonkov/masterWork/tests/samePrefixMarkedMtx2304/depth2/node1/test2_0.mtx 3.4 0 -1 -1 
/home/antonkov/masterWork/tests/samePrefixMarkedMtx2304/depth2/node1/test2_0.mtx 3.5 0 -1 -1 
/home/antonkov/masterWork/tests/samePrefixMarkedMtx2304/depth2/node1/test2_1.mtx 1 432.208 0.0756424 0.84 
/home/antonkov/masterWork/tests/samePrefixMarkedMtx2304/depth2/node1/test2_1.mtx 1.1 427.101 0.0650608 0.78 
/home/antonkov/masterWork/tests/samePrefixMarkedMtx2304/depth2/node1/test2_1.mtx 1.2 413.257 0.0481424 0.62 
/home/antonkov/masterWork/tests/samePrefixMarkedMtx2304/depth2/node1/test2_1.mtx 1.3 517.276 0.0380686 0.495 
/home/antonkov/masterWork/tests/samePrefixMarkedMtx2304/depth2/node1/test2_1.mtx 1.4 499.71 0.0249501 0.34 
/home/antonkov/masterWork/tests/samePrefixMarkedMtx2304/depth2/node1/test2_1.mtx 1.5 564.924 0.0152083 0.216667 
/home/antonkov/masterWork/tests/samePrefixMarkedMtx2304/depth2/node1/test2_1.mtx 1.6 590.506 0.00818902 0.125 
/home/antonkov/masterWork/tests/samePrefixMarkedMtx2304/depth2/node1/test2_1.mtx 1.7 775.55 0.00490513 0.0771429 
/home/antonkov/masterWork/tests/samePrefixMarkedMtx2304/depth2/node1/test2_1.mtx 1.8 1499.27 0.00145771 0.0238095 
/home/antonkov/masterWork/tests/samePrefixMarkedMtx2304/depth2/node1/test2_1.mtx 1.9 3437.83 0.000473228 0.00793651 
/home/antonkov/masterWork/tests/samePrefixMarkedMtx2304/depth2/node1/test2_1.mtx 2 0 -1 -1 
/home/antonkov/masterWork/tests/samePrefixMarkedMtx2304/depth2/node1/test2_1.mtx 2.1 0 -1 -1 
/home/antonkov/masterWork/tests/samePrefixMarkedMtx2304/depth2/node1/test2_1.mtx 2.2 0 -1 -1 
/home/antonkov/masterWork/tests/samePrefixMarkedMtx2304/depth2/node1/test2_1.mtx 2.3 0 -1 -1 
/home/antonkov/masterWork/tests/samePrefixMarkedMtx2304/depth2/node1/test2_1.mtx 2.4 0 -1 -1 
/home/antonkov/masterWork/tests/samePrefixMarkedMtx2304/depth2/node1/test2_1.mtx 2.5 0 -1 -1 
/home/antonkov/masterWork/tests/samePrefixMarkedMtx2304/depth2/node1/test2_1.mtx 2.6 0 -1 -1 
/home/antonkov/masterWork/tests/samePrefixMarkedMtx2304/depth2/node1/test2_1.mtx 2.7 0 -1 -1 
/home/antonkov/masterWork/tests/samePrefixMarkedMtx2304/depth2/node1/test2_1.mtx 2.8 0 -1 -1 
/home/antonkov/masterWork/tests/samePrefixMarkedMtx2304/depth2/node1/test2_1.mtx 2.9 0 -1 -1 
/home/antonkov/masterWork/tests/samePrefixMarkedMtx2304/depth2/node1/test2_1.mtx 3 0 -1 -1 
/home/antonkov/masterWork/tests/samePrefixMarkedMtx2304/depth2/node1/test2_1.mtx 3.1 0 -1 -1 
/home/antonkov/masterWork/tests/samePrefixMarkedMtx2304/depth2/node1/test2_1.mtx 3.2 0 -1 -1 
/home/antonkov/masterWork/tests/samePrefixMarkedMtx2304/depth2/node1/test2_1.mtx 3.3 0 -1 -1 
/home/antonkov/masterWork/tests/samePrefixMarkedMtx2304/depth2/node1/test2_1.mtx 3.4 0 -1 -1 
/home/antonkov/masterWork/tests/samePrefixMarkedMtx2304/depth2/node1/test2_1.mtx 3.5 0 -1 -1 
/home/antonkov/masterWork/tests/samePrefixMarkedMtx2304/depth2/node1/test2_2.mtx 1 434.084 0.0824913 0.88 
/home/antonkov/masterWork/tests/samePrefixMarkedMtx2304/depth2/node1/test2_2.mtx 1.1 427.555 0.0704948 0.83 
/home/antonkov/masterWork/tests/samePrefixMarkedMtx2304/depth2/node1/test2_2.mtx 1.2 428.239 0.0552517 0.66 
/home/antonkov/masterWork/tests/samePrefixMarkedMtx2304/depth2/node1/test2_2.mtx 1.3 405.464 0.0379514 0.5 
/home/antonkov/masterWork/tests/samePrefixMarkedMtx2304/depth2/node1/test2_2.mtx 1.4 481.773 0.0215191 0.295 
/home/antonkov/masterWork/tests/samePrefixMarkedMtx2304/depth2/node1/test2_2.mtx 1.5 546.062 0.0121166 0.166667 
/home/antonkov/masterWork/tests/samePrefixMarkedMtx2304/depth2/node1/test2_2.mtx 1.6 734.346 0.00701751 0.0966667 
/home/antonkov/masterWork/tests/samePrefixMarkedMtx2304/depth2/node1/test2_2.mtx 1.7 1027.55 0.00315183 0.0463636 
/home/antonkov/masterWork/tests/samePrefixMarkedMtx2304/depth2/node1/test2_2.mtx 1.8 1513.43 0.00152344 0.0238095 
/home/antonkov/masterWork/tests/samePrefixMarkedMtx2304/depth2/node1/test2_2.mtx 1.9 3426.27 0.00044888 0.0078125 
/home/antonkov/masterWork/tests/samePrefixMarkedMtx2304/depth2/node1/test2_2.mtx 2 0 -1 -1 
/home/antonkov/masterWork/tests/samePrefixMarkedMtx2304/depth2/node1/test2_2.mtx 2.1 0 -1 -1 
/home/antonkov/masterWork/tests/samePrefixMarkedMtx2304/depth2/node1/test2_2.mtx 2.2 0 -1 -1 
/home/antonkov/masterWork/tests/samePrefixMarkedMtx2304/depth2/node1/test2_2.mtx 2.3 0 -1 -1 
/home/antonkov/masterWork/tests/samePrefixMarkedMtx2304/depth2/node1/test2_2.mtx 2.4 0 -1 -1 
/home/antonkov/masterWork/tests/samePrefixMarkedMtx2304/depth2/node1/test2_2.mtx 2.5 0 -1 -1 
/home/antonkov/masterWork/tests/samePrefixMarkedMtx2304/depth2/node1/test2_2.mtx 2.6 0 -1 -1 
/home/antonkov/masterWork/tests/samePrefixMarkedMtx2304/depth2/node1/test2_2.mtx 2.7 0 -1 -1 
/home/antonkov/masterWork/tests/samePrefixMarkedMtx2304/depth2/node1/test2_2.mtx 2.8 0 -1 -1 
/home/antonkov/masterWork/tests/samePrefixMarkedMtx2304/depth2/node1/test2_2.mtx 2.9 0 -1 -1 
/home/antonkov/masterWork/tests/samePrefixMarkedMtx2304/depth2/node1/test2_2.mtx 3 0 -1 -1 
/home/antonkov/masterWork/tests/samePrefixMarkedMtx2304/depth2/node1/test2_2.mtx 3.1 0 -1 -1 
/home/antonkov/masterWork/tests/samePrefixMarkedMtx2304/depth2/node1/test2_2.mtx 3.2 0 -1 -1 
/home/antonkov/masterWork/tests/samePrefixMarkedMtx2304/depth2/node1/test2_2.mtx 3.3 0 -1 -1 
/home/antonkov/masterWork/tests/samePrefixMarkedMtx2304/depth2/node1/test2_2.mtx 3.4 0 -1 -1 
/home/antonkov/masterWork/tests/samePrefixMarkedMtx2304/depth2/node1/test2_2.mtx 3.5 0 -1 -1 
/home/antonkov/masterWork/tests/samePrefixMarkedMtx2304/depth2/node1/test2_3.mtx 1 434.822 0.0823915 0.91 
/home/antonkov/masterWork/tests/samePrefixMarkedMtx2304/depth2/node1/test2_3.mtx 1.1 427.656 0.0707248 0.83 
/home/antonkov/masterWork/tests/samePrefixMarkedMtx2304/depth2/node1/test2_3.mtx 1.2 425.675 0.0561806 0.72 
/home/antonkov/masterWork/tests/samePrefixMarkedMtx2304/depth2/node1/test2_3.mtx 1.3 397.732 0.0427691 0.58 
/home/antonkov/masterWork/tests/samePrefixMarkedMtx2304/depth2/node1/test2_3.mtx 1.4 503.109 0.0275694 0.38 
/home/antonkov/masterWork/tests/samePrefixMarkedMtx2304/depth2/node1/test2_3.mtx 1.5 557.246 0.0157046 0.22 
/home/antonkov/masterWork/tests/samePrefixMarkedMtx2304/depth2/node1/test2_3.mtx 1.6 725.307 0.00703414 0.0983333 
/home/antonkov/masterWork/tests/samePrefixMarkedMtx2304/depth2/node1/test2_3.mtx 1.7 970.821 0.00385981 0.056 
/home/antonkov/masterWork/tests/samePrefixMarkedMtx2304/depth2/node1/test2_3.mtx 1.8 1834.15 0.00130128 0.0188889 
/home/antonkov/masterWork/tests/samePrefixMarkedMtx2304/depth2/node1/test2_3.mtx 1.9 3964.67 0.000388483 0.00662338 
/home/antonkov/masterWork/tests/samePrefixMarkedMtx2304/depth2/node1/test2_3.mtx 2 0 -1 -1 
/home/antonkov/masterWork/tests/samePrefixMarkedMtx2304/depth2/node1/test2_3.mtx 2.1 0 -1 -1 
/home/antonkov/masterWork/tests/samePrefixMarkedMtx2304/depth2/node1/test2_3.mtx 2.2 0 -1 -1 
/home/antonkov/masterWork/tests/samePrefixMarkedMtx2304/depth2/node1/test2_3.mtx 2.3 0 -1 -1 
/home/antonkov/masterWork/tests/samePrefixMarkedMtx2304/depth2/node1/test2_3.mtx 2.4 0 -1 -1 
/home/antonkov/masterWork/tests/samePrefixMarkedMtx2304/depth2/node1/test2_3.mtx 2.5 0 -1 -1 
/home/antonkov/masterWork/tests/samePrefixMarkedMtx2304/depth2/node1/test2_3.mtx 2.6 0 -1 -1 
/home/antonkov/masterWork/tests/samePrefixMarkedMtx2304/depth2/node1/test2_3.mtx 2.7 0 -1 -1 
/home/antonkov/masterWork/tests/samePrefixMarkedMtx2304/depth2/node1/test2_3.mtx 2.8 0 -1 -1 
/home/antonkov/masterWork/tests/samePrefixMarkedMtx2304/depth2/node1/test2_3.mtx 2.9 0 -1 -1 
/home/antonkov/masterWork/tests/samePrefixMarkedMtx2304/depth2/node1/test2_3.mtx 3 0 -1 -1 
/home/antonkov/masterWork/tests/samePrefixMarkedMtx2304/depth2/node1/test2_3.mtx 3.1 0 -1 -1 
/home/antonkov/masterWork/tests/samePrefixMarkedMtx2304/depth2/node1/test2_3.mtx 3.2 0 -1 -1 
/home/antonkov/masterWork/tests/samePrefixMarkedMtx2304/depth2/node1/test2_3.mtx 3.3 0 -1 -1 
/home/antonkov/masterWork/tests/samePrefixMarkedMtx2304/depth2/node1/test2_3.mtx 3.4 0 -1 -1 
/home/antonkov/masterWork/tests/samePrefixMarkedMtx2304/depth2/node1/test2_3.mtx 3.5 0 -1 -1 
/home/antonkov/masterWork/tests/samePrefixMarkedMtx2304/depth2/node1/test2_4.mtx 1 432.469 0.0795443 0.88 
/home/antonkov/masterWork/tests/samePrefixMarkedMtx2304/depth2/node1/test2_4.mtx 1.1 427.854 0.0661111 0.77 
/home/antonkov/masterWork/tests/samePrefixMarkedMtx2304/depth2/node1/test2_4.mtx 1.2 405.638 0.0509418 0.64 
/home/antonkov/masterWork/tests/samePrefixMarkedMtx2304/depth2/node1/test2_4.mtx 1.3 389.656 0.0377691 0.51 
/home/antonkov/masterWork/tests/samePrefixMarkedMtx2304/depth2/node1/test2_4.mtx 1.4 491.414 0.0254188 0.355 
/home/antonkov/masterWork/tests/samePrefixMarkedMtx2304/depth2/node1/test2_4.mtx 1.5 552.704 0.0139844 0.193333 
/home/antonkov/masterWork/tests/samePrefixMarkedMtx2304/depth2/node1/test2_4.mtx 1.6 727.776 0.00665726 0.1 
/home/antonkov/masterWork/tests/samePrefixMarkedMtx2304/depth2/node1/test2_4.mtx 1.7 950.986 0.00372309 0.06 
/home/antonkov/masterWork/tests/samePrefixMarkedMtx2304/depth2/node1/test2_4.mtx 1.8 1816.6 0.00123 0.0182143 
/home/antonkov/masterWork/tests/samePrefixMarkedMtx2304/depth2/node1/test2_4.mtx 1.9 3794.75 0.000453148 0.00675676 
/home/antonkov/masterWork/tests/samePrefixMarkedMtx2304/depth2/node1/test2_4.mtx 2 0 -1 -1 
/home/antonkov/masterWork/tests/samePrefixMarkedMtx2304/depth2/node1/test2_4.mtx 2.1 0 -1 -1 
/home/antonkov/masterWork/tests/samePrefixMarkedMtx2304/depth2/node1/test2_4.mtx 2.2 0 -1 -1 
/home/antonkov/masterWork/tests/samePrefixMarkedMtx2304/depth2/node1/test2_4.mtx 2.3 0 -1 -1 
/home/antonkov/masterWork/tests/samePrefixMarkedMtx2304/depth2/node1/test2_4.mtx 2.4 0 -1 -1 
/home/antonkov/masterWork/tests/samePrefixMarkedMtx2304/depth2/node1/test2_4.mtx 2.5 0 -1 -1 
/home/antonkov/masterWork/tests/samePrefixMarkedMtx2304/depth2/node1/test2_4.mtx 2.6 0 -1 -1 
/home/antonkov/masterWork/tests/samePrefixMarkedMtx2304/depth2/node1/test2_4.mtx 2.7 0 -1 -1 
/home/antonkov/masterWork/tests/samePrefixMarkedMtx2304/depth2/node1/test2_4.mtx 2.8 0 -1 -1 
/home/antonkov/masterWork/tests/samePrefixMarkedMtx2304/depth2/node1/test2_4.mtx 2.9 0 -1 -1 
/home/antonkov/masterWork/tests/samePrefixMarkedMtx2304/depth2/node1/test2_4.mtx 3 0 -1 -1 
/home/antonkov/masterWork/tests/samePrefixMarkedMtx2304/depth2/node1/test2_4.mtx 3.1 0 -1 -1 
/home/antonkov/masterWork/tests/samePrefixMarkedMtx2304/depth2/node1/test2_4.mtx 3.2 0 -1 -1 
/home/antonkov/masterWork/tests/samePrefixMarkedMtx2304/depth2/node1/test2_4.mtx 3.3 0 -1 -1 
/home/antonkov/masterWork/tests/samePrefixMarkedMtx2304/depth2/node1/test2_4.mtx 3.4 0 -1 -1 
/home/antonkov/masterWork/tests/samePrefixMarkedMtx2304/depth2/node1/test2_4.mtx 3.5 0 -1 -1 
/home/antonkov/masterWork/tests/samePrefixMarkedMtx2304/depth2/node1/test97_0.mtx 1 439.2 0.0838585 0.95 
/home/antonkov/masterWork/tests/samePrefixMarkedMtx2304/depth2/node1/test97_0.mtx 1.1 436.631 0.0736979 0.87 
/home/antonkov/masterWork/tests/samePrefixMarkedMtx2304/depth2/node1/test97_0.mtx 1.2 427.741 0.0596918 0.76 
/home/antonkov/masterWork/tests/samePrefixMarkedMtx2304/depth2/node1/test97_0.mtx 1.3 404.752 0.0402344 0.54 
/home/antonkov/masterWork/tests/samePrefixMarkedMtx2304/depth2/node1/test97_0.mtx 1.4 514.582 0.029681 0.395 
/home/antonkov/masterWork/tests/samePrefixMarkedMtx2304/depth2/node1/test97_0.mtx 1.5 466.821 0.0178711 0.25 
/home/antonkov/masterWork/tests/samePrefixMarkedMtx2304/depth2/node1/test97_0.mtx 1.6 611.416 0.0104286 0.1525 
/home/antonkov/masterWork/tests/samePrefixMarkedMtx2304/depth2/node1/test97_0.mtx 1.7 749.307 0.00624855 0.0933333 
/home/antonkov/masterWork/tests/samePrefixMarkedMtx2304/depth2/node1/test97_0.mtx 1.8 1181.17 0.00240265 0.0364286 
/home/antonkov/masterWork/tests/samePrefixMarkedMtx2304/depth2/node1/test97_0.mtx 1.9 2324.34 0.000882719 0.0137838 
/home/antonkov/masterWork/tests/samePrefixMarkedMtx2304/depth2/node1/test97_0.mtx 2 4788.48 0.000308294 0.00515464 
/home/antonkov/masterWork/tests/samePrefixMarkedMtx2304/depth2/node1/test97_0.mtx 2.1 0 -1 -1 
/home/antonkov/masterWork/tests/samePrefixMarkedMtx2304/depth2/node1/test97_0.mtx 2.2 0 -1 -1 
/home/antonkov/masterWork/tests/samePrefixMarkedMtx2304/depth2/node1/test97_0.mtx 2.3 0 -1 -1 
/home/antonkov/masterWork/tests/samePrefixMarkedMtx2304/depth2/node1/test97_0.mtx 2.4 0 -1 -1 
/home/antonkov/masterWork/tests/samePrefixMarkedMtx2304/depth2/node1/test97_0.mtx 2.5 0 -1 -1 
/home/antonkov/masterWork/tests/samePrefixMarkedMtx2304/depth2/node1/test97_0.mtx 2.6 0 -1 -1 
/home/antonkov/masterWork/tests/samePrefixMarkedMtx2304/depth2/node1/test97_0.mtx 2.7 0 -1 -1 
/home/antonkov/masterWork/tests/samePrefixMarkedMtx2304/depth2/node1/test97_0.mtx 2.8 0 -1 -1 
/home/antonkov/masterWork/tests/samePrefixMarkedMtx2304/depth2/node1/test97_0.mtx 2.9 0 -1 -1 
/home/antonkov/masterWork/tests/samePrefixMarkedMtx2304/depth2/node1/test97_0.mtx 3 0 -1 -1 
/home/antonkov/masterWork/tests/samePrefixMarkedMtx2304/depth2/node1/test97_0.mtx 3.1 0 -1 -1 
/home/antonkov/masterWork/tests/samePrefixMarkedMtx2304/depth2/node1/test97_0.mtx 3.2 0 -1 -1 
/home/antonkov/masterWork/tests/samePrefixMarkedMtx2304/depth2/node1/test97_0.mtx 3.3 0 -1 -1 
/home/antonkov/masterWork/tests/samePrefixMarkedMtx2304/depth2/node1/test97_0.mtx 3.4 0 -1 -1 
/home/antonkov/masterWork/tests/samePrefixMarkedMtx2304/depth2/node1/test97_0.mtx 3.5 0 -1 -1 
/home/antonkov/masterWork/tests/samePrefixMarkedMtx2304/depth2/node1/test97_1.mtx 1 441.43 0.0860807 0.94 
/home/antonkov/masterWork/tests/samePrefixMarkedMtx2304/depth2/node1/test97_1.mtx 1.1 435.503 0.077053 0.87 
/home/antonkov/masterWork/tests/samePrefixMarkedMtx2304/depth2/node1/test97_1.mtx 1.2 441.708 0.0638759 0.77 
/home/antonkov/masterWork/tests/samePrefixMarkedMtx2304/depth2/node1/test97_1.mtx 1.3 406.026 0.047947 0.61 
/home/antonkov/masterWork/tests/samePrefixMarkedMtx2304/depth2/node1/test97_1.mtx 1.4 528.773 0.0348611 0.455 
/home/antonkov/masterWork/tests/samePrefixMarkedMtx2304/depth2/node1/test97_1.mtx 1.5 491.157 0.0199544 0.265 
/home/antonkov/masterWork/tests/samePrefixMarkedMtx2304/depth2/node1/test97_1.mtx 1.6 635.236 0.00976454 0.14 
/home/antonkov/masterWork/tests/samePrefixMarkedMtx2304/depth2/node1/test97_1.mtx 1.7 887.108 0.00497776 0.0725 
/home/antonkov/masterWork/tests/samePrefixMarkedMtx2304/depth2/node1/test97_1.mtx 1.8 1219.44 0.00222483 0.0333333 
/home/antonkov/masterWork/tests/samePrefixMarkedMtx2304/depth2/node1/test97_1.mtx 1.9 2164.8 0.000969031 0.0147059 
/home/antonkov/masterWork/tests/samePrefixMarkedMtx2304/depth2/node1/test97_1.mtx 2 5960.84 0.000255467 0.00413223 
/home/antonkov/masterWork/tests/samePrefixMarkedMtx2304/depth2/node1/test97_1.mtx 2.1 0 -1 -1 
/home/antonkov/masterWork/tests/samePrefixMarkedMtx2304/depth2/node1/test97_1.mtx 2.2 0 -1 -1 
/home/antonkov/masterWork/tests/samePrefixMarkedMtx2304/depth2/node1/test97_1.mtx 2.3 0 -1 -1 
/home/antonkov/masterWork/tests/samePrefixMarkedMtx2304/depth2/node1/test97_1.mtx 2.4 0 -1 -1 
/home/antonkov/masterWork/tests/samePrefixMarkedMtx2304/depth2/node1/test97_1.mtx 2.5 0 -1 -1 
/home/antonkov/masterWork/tests/samePrefixMarkedMtx2304/depth2/node1/test97_1.mtx 2.6 0 -1 -1 
/home/antonkov/masterWork/tests/samePrefixMarkedMtx2304/depth2/node1/test97_1.mtx 2.7 0 -1 -1 
/home/antonkov/masterWork/tests/samePrefixMarkedMtx2304/depth2/node1/test97_1.mtx 2.8 0 -1 -1 
/home/antonkov/masterWork/tests/samePrefixMarkedMtx2304/depth2/node1/test97_1.mtx 2.9 0 -1 -1 
/home/antonkov/masterWork/tests/samePrefixMarkedMtx2304/depth2/node1/test97_1.mtx 3 0 -1 -1 
/home/antonkov/masterWork/tests/samePrefixMarkedMtx2304/depth2/node1/test97_1.mtx 3.1 0 -1 -1 
/home/antonkov/masterWork/tests/samePrefixMarkedMtx2304/depth2/node1/test97_1.mtx 3.2 0 -1 -1 
/home/antonkov/masterWork/tests/samePrefixMarkedMtx2304/depth2/node1/test97_1.mtx 3.3 0 -1 -1 
/home/antonkov/masterWork/tests/samePrefixMarkedMtx2304/depth2/node1/test97_1.mtx 3.4 0 -1 -1 
/home/antonkov/masterWork/tests/samePrefixMarkedMtx2304/depth2/node1/test97_1.mtx 3.5 0 -1 -1 
/home/antonkov/masterWork/tests/samePrefixMarkedMtx2304/depth2/node1/test97_2.mtx 1 439.752 0.0855556 0.93 
/home/antonkov/masterWork/tests/samePrefixMarkedMtx2304/depth2/node1/test97_2.mtx 1.1 434.572 0.0725651 0.81 
/home/antonkov/masterWork/tests/samePrefixMarkedMtx2304/depth2/node1/test97_2.mtx 1.2 431.916 0.0619748 0.75 
/home/antonkov/masterWork/tests/samePrefixMarkedMtx2304/depth2/node1/test97_2.mtx 1.3 410.012 0.0465842 0.59 
/home/antonkov/masterWork/tests/samePrefixMarkedMtx2304/depth2/node1/test97_2.mtx 1.4 524.956 0.0329905 0.43 
/home/antonkov/masterWork/tests/samePrefixMarkedMtx2304/depth2/node1/test97_2.mtx 1.5 483.669 0.0199631 0.27 
/home/antonkov/masterWork/tests/samePrefixMarkedMtx2304/depth2/node1/test97_2.mtx 1.6 629.775 0.0113845 0.155 
/home/antonkov/masterWork/tests/samePrefixMarkedMtx2304/depth2/node1/test97_2.mtx 1.7 802.638 0.00519035 0.0742857 
/home/antonkov/masterWork/tests/samePrefixMarkedMtx2304/depth2/node1/test97_2.mtx 1.8 1135.99 0.00244858 0.0392308 
/home/antonkov/masterWork/tests/samePrefixMarkedMtx2304/depth2/node1/test97_2.mtx 1.9 2591.72 0.000704675 0.0119048 
/home/antonkov/masterWork/tests/samePrefixMarkedMtx2304/depth2/node1/test97_2.mtx 2 4963.43 0.000299128 0.00505051 
/home/antonkov/masterWork/tests/samePrefixMarkedMtx2304/depth2/node1/test97_2.mtx 2.1 0 -1 -1 
/home/antonkov/masterWork/tests/samePrefixMarkedMtx2304/depth2/node1/test97_2.mtx 2.2 0 -1 -1 
/home/antonkov/masterWork/tests/samePrefixMarkedMtx2304/depth2/node1/test97_2.mtx 2.3 0 -1 -1 
/home/antonkov/masterWork/tests/samePrefixMarkedMtx2304/depth2/node1/test97_2.mtx 2.4 0 -1 -1 
/home/antonkov/masterWork/tests/samePrefixMarkedMtx2304/depth2/node1/test97_2.mtx 2.5 0 -1 -1 
/home/antonkov/masterWork/tests/samePrefixMarkedMtx2304/depth2/node1/test97_2.mtx 2.6 0 -1 -1 
/home/antonkov/masterWork/tests/samePrefixMarkedMtx2304/depth2/node1/test97_2.mtx 2.7 0 -1 -1 
/home/antonkov/masterWork/tests/samePrefixMarkedMtx2304/depth2/node1/test97_2.mtx 2.8 0 -1 -1 
/home/antonkov/masterWork/tests/samePrefixMarkedMtx2304/depth2/node1/test97_2.mtx 2.9 0 -1 -1 
/home/antonkov/masterWork/tests/samePrefixMarkedMtx2304/depth2/node1/test97_2.mtx 3 0 -1 -1 
/home/antonkov/masterWork/tests/samePrefixMarkedMtx2304/depth2/node1/test97_2.mtx 3.1 0 -1 -1 
/home/antonkov/masterWork/tests/samePrefixMarkedMtx2304/depth2/node1/test97_2.mtx 3.2 0 -1 -1 
/home/antonkov/masterWork/tests/samePrefixMarkedMtx2304/depth2/node1/test97_2.mtx 3.3 0 -1 -1 
/home/antonkov/masterWork/tests/samePrefixMarkedMtx2304/depth2/node1/test97_2.mtx 3.4 0 -1 -1 
/home/antonkov/masterWork/tests/samePrefixMarkedMtx2304/depth2/node1/test97_2.mtx 3.5 0 -1 -1 
/home/antonkov/masterWork/tests/samePrefixMarkedMtx2304/depth2/node1/test97_3.mtx 1 446.483 0.08898 0.97 
/home/antonkov/masterWork/tests/samePrefixMarkedMtx2304/depth2/node1/test97_3.mtx 1.1 443.497 0.0748741 0.84 
/home/antonkov/masterWork/tests/samePrefixMarkedMtx2304/depth2/node1/test97_3.mtx 1.2 431.904 0.0634635 0.75 
/home/antonkov/masterWork/tests/samePrefixMarkedMtx2304/depth2/node1/test97_3.mtx 1.3 420.786 0.0536892 0.68 
/home/antonkov/masterWork/tests/samePrefixMarkedMtx2304/depth2/node1/test97_3.mtx 1.4 517.932 0.0331076 0.435 
/home/antonkov/masterWork/tests/samePrefixMarkedMtx2304/depth2/node1/test97_3.mtx 1.5 489.71 0.0209223 0.295 
/home/antonkov/masterWork/tests/samePrefixMarkedMtx2304/depth2/node1/test97_3.mtx 1.6 629.369 0.0112413 0.155 
/home/antonkov/masterWork/tests/samePrefixMarkedMtx2304/depth2/node1/test97_3.mtx 1.7 807.003 0.00617498 0.0871429 
/home/antonkov/masterWork/tests/samePrefixMarkedMtx2304/depth2/node1/test97_3.mtx 1.8 1199.32 0.00264416 0.0371429 
/home/antonkov/masterWork/tests/samePrefixMarkedMtx2304/depth2/node1/test97_3.mtx 1.9 2185.3 0.000886055 0.0147059 
/home/antonkov/masterWork/tests/samePrefixMarkedMtx2304/depth2/node1/test97_3.mtx 2 4420.92 0.000340662 0.00568182 
/home/antonkov/masterWork/tests/samePrefixMarkedMtx2304/depth2/node1/test97_3.mtx 2.1 0 -1 -1 
/home/antonkov/masterWork/tests/samePrefixMarkedMtx2304/depth2/node1/test97_3.mtx 2.2 0 -1 -1 
/home/antonkov/masterWork/tests/samePrefixMarkedMtx2304/depth2/node1/test97_3.mtx 2.3 0 -1 -1 
/home/antonkov/masterWork/tests/samePrefixMarkedMtx2304/depth2/node1/test97_3.mtx 2.4 0 -1 -1 
/home/antonkov/masterWork/tests/samePrefixMarkedMtx2304/depth2/node1/test97_3.mtx 2.5 0 -1 -1 
/home/antonkov/masterWork/tests/samePrefixMarkedMtx2304/depth2/node1/test97_3.mtx 2.6 0 -1 -1 
/home/antonkov/masterWork/tests/samePrefixMarkedMtx2304/depth2/node1/test97_3.mtx 2.7 0 -1 -1 
/home/antonkov/masterWork/tests/samePrefixMarkedMtx2304/depth2/node1/test97_3.mtx 2.8 0 -1 -1 
/home/antonkov/masterWork/tests/samePrefixMarkedMtx2304/depth2/node1/test97_3.mtx 2.9 0 -1 -1 
/home/antonkov/masterWork/tests/samePrefixMarkedMtx2304/depth2/node1/test97_3.mtx 3 0 -1 -1 
/home/antonkov/masterWork/tests/samePrefixMarkedMtx2304/depth2/node1/test97_3.mtx 3.1 0 -1 -1 
/home/antonkov/masterWork/tests/samePrefixMarkedMtx2304/depth2/node1/test97_3.mtx 3.2 0 -1 -1 
/home/antonkov/masterWork/tests/samePrefixMarkedMtx2304/depth2/node1/test97_3.mtx 3.3 0 -1 -1 
/home/antonkov/masterWork/tests/samePrefixMarkedMtx2304/depth2/node1/test97_3.mtx 3.4 0 -1 -1 
/home/antonkov/masterWork/tests/samePrefixMarkedMtx2304/depth2/node1/test97_3.mtx 3.5 0 -1 -1 
/home/antonkov/masterWork/tests/samePrefixMarkedMtx2304/depth2/node1/test97_4.mtx 1 452.394 0.0871094 0.95 
/home/antonkov/masterWork/tests/samePrefixMarkedMtx2304/depth2/node1/test97_4.mtx 1.1 437.484 0.0742231 0.86 
/home/antonkov/masterWork/tests/samePrefixMarkedMtx2304/depth2/node1/test97_4.mtx 1.2 436.59 0.0618446 0.76 
/home/antonkov/masterWork/tests/samePrefixMarkedMtx2304/depth2/node1/test97_4.mtx 1.3 413.767 0.0460113 0.6 
/home/antonkov/masterWork/tests/samePrefixMarkedMtx2304/depth2/node1/test97_4.mtx 1.4 510.227 0.0316992 0.425 
/home/antonkov/masterWork/tests/samePrefixMarkedMtx2304/depth2/node1/test97_4.mtx 1.5 473.873 0.0190951 0.27 
/home/antonkov/masterWork/tests/samePrefixMarkedMtx2304/depth2/node1/test97_4.mtx 1.6 639.547 0.0093826 0.1375 
/home/antonkov/masterWork/tests/samePrefixMarkedMtx2304/depth2/node1/test97_4.mtx 1.7 868.719 0.00472222 0.07 
/home/antonkov/masterWork/tests/samePrefixMarkedMtx2304/depth2/node1/test97_4.mtx 1.8 1221.83 0.0023941 0.0346667 
/home/antonkov/masterWork/tests/samePrefixMarkedMtx2304/depth2/node1/test97_4.mtx 1.9 2150.15 0.000946436 0.015 
/home/antonkov/masterWork/tests/samePrefixMarkedMtx2304/depth2/node1/test97_4.mtx 2 6555.94 0.00024597 0.00372263 
/home/antonkov/masterWork/tests/samePrefixMarkedMtx2304/depth2/node1/test97_4.mtx 2.1 0 -1 -1 
/home/antonkov/masterWork/tests/samePrefixMarkedMtx2304/depth2/node1/test97_4.mtx 2.2 0 -1 -1 
/home/antonkov/masterWork/tests/samePrefixMarkedMtx2304/depth2/node1/test97_4.mtx 2.3 0 -1 -1 
/home/antonkov/masterWork/tests/samePrefixMarkedMtx2304/depth2/node1/test97_4.mtx 2.4 0 -1 -1 
/home/antonkov/masterWork/tests/samePrefixMarkedMtx2304/depth2/node1/test97_4.mtx 2.5 0 -1 -1 
/home/antonkov/masterWork/tests/samePrefixMarkedMtx2304/depth2/node1/test97_4.mtx 2.6 0 -1 -1 
/home/antonkov/masterWork/tests/samePrefixMarkedMtx2304/depth2/node1/test97_4.mtx 2.7 0 -1 -1 
/home/antonkov/masterWork/tests/samePrefixMarkedMtx2304/depth2/node1/test97_4.mtx 2.8 0 -1 -1 
/home/antonkov/masterWork/tests/samePrefixMarkedMtx2304/depth2/node1/test97_4.mtx 2.9 0 -1 -1 
/home/antonkov/masterWork/tests/samePrefixMarkedMtx2304/depth2/node1/test97_4.mtx 3 0 -1 -1 
/home/antonkov/masterWork/tests/samePrefixMarkedMtx2304/depth2/node1/test97_4.mtx 3.1 0 -1 -1 
/home/antonkov/masterWork/tests/samePrefixMarkedMtx2304/depth2/node1/test97_4.mtx 3.2 0 -1 -1 
/home/antonkov/masterWork/tests/samePrefixMarkedMtx2304/depth2/node1/test97_4.mtx 3.3 0 -1 -1 
/home/antonkov/masterWork/tests/samePrefixMarkedMtx2304/depth2/node1/test97_4.mtx 3.4 0 -1 -1 
/home/antonkov/masterWork/tests/samePrefixMarkedMtx2304/depth2/node1/test97_4.mtx 3.5 0 -1 -1 
/home/antonkov/masterWork/tests/samePrefixMarkedMtx2304/depth2/node1/test98_0.mtx 1 408.434 0.0811589 0.92 
/home/antonkov/masterWork/tests/samePrefixMarkedMtx2304/depth2/node1/test98_0.mtx 1.1 404.908 0.0674349 0.8 
/home/antonkov/masterWork/tests/samePrefixMarkedMtx2304/depth2/node1/test98_0.mtx 1.2 389.697 0.0537543 0.66 
/home/antonkov/masterWork/tests/samePrefixMarkedMtx2304/depth2/node1/test98_0.mtx 1.3 380.213 0.0405339 0.52 
/home/antonkov/masterWork/tests/samePrefixMarkedMtx2304/depth2/node1/test98_0.mtx 1.4 485.709 0.028023 0.37 
/home/antonkov/masterWork/tests/samePrefixMarkedMtx2304/depth2/node1/test98_0.mtx 1.5 448.163 0.0184874 0.27 
/home/antonkov/masterWork/tests/samePrefixMarkedMtx2304/depth2/node1/test98_0.mtx 1.6 569.934 0.00868381 0.125 
/home/antonkov/masterWork/tests/samePrefixMarkedMtx2304/depth2/node1/test98_0.mtx 1.7 944.275 0.003977 0.06 
/home/antonkov/masterWork/tests/samePrefixMarkedMtx2304/depth2/node1/test98_0.mtx 1.8 1440.19 0.00173264 0.0255 
/home/antonkov/masterWork/tests/samePrefixMarkedMtx2304/depth2/node1/test98_0.mtx 1.9 2870.87 0.000663977 0.00980392 
/home/antonkov/masterWork/tests/samePrefixMarkedMtx2304/depth2/node1/test98_0.mtx 2 0 -1 -1 
/home/antonkov/masterWork/tests/samePrefixMarkedMtx2304/depth2/node1/test98_0.mtx 2.1 0 -1 -1 
/home/antonkov/masterWork/tests/samePrefixMarkedMtx2304/depth2/node1/test98_0.mtx 2.2 0 -1 -1 
/home/antonkov/masterWork/tests/samePrefixMarkedMtx2304/depth2/node1/test98_0.mtx 2.3 0 -1 -1 
/home/antonkov/masterWork/tests/samePrefixMarkedMtx2304/depth2/node1/test98_0.mtx 2.4 0 -1 -1 
/home/antonkov/masterWork/tests/samePrefixMarkedMtx2304/depth2/node1/test98_0.mtx 2.5 0 -1 -1 
/home/antonkov/masterWork/tests/samePrefixMarkedMtx2304/depth2/node1/test98_0.mtx 2.6 0 -1 -1 
/home/antonkov/masterWork/tests/samePrefixMarkedMtx2304/depth2/node1/test98_0.mtx 2.7 0 -1 -1 
/home/antonkov/masterWork/tests/samePrefixMarkedMtx2304/depth2/node1/test98_0.mtx 2.8 0 -1 -1 
/home/antonkov/masterWork/tests/samePrefixMarkedMtx2304/depth2/node1/test98_0.mtx 2.9 0 -1 -1 
/home/antonkov/masterWork/tests/samePrefixMarkedMtx2304/depth2/node1/test98_0.mtx 3 0 -1 -1 
/home/antonkov/masterWork/tests/samePrefixMarkedMtx2304/depth2/node1/test98_0.mtx 3.1 0 -1 -1 
/home/antonkov/masterWork/tests/samePrefixMarkedMtx2304/depth2/node1/test98_0.mtx 3.2 0 -1 -1 
/home/antonkov/masterWork/tests/samePrefixMarkedMtx2304/depth2/node1/test98_0.mtx 3.3 0 -1 -1 
/home/antonkov/masterWork/tests/samePrefixMarkedMtx2304/depth2/node1/test98_0.mtx 3.4 0 -1 -1 
/home/antonkov/masterWork/tests/samePrefixMarkedMtx2304/depth2/node1/test98_0.mtx 3.5 0 -1 -1 
/home/antonkov/masterWork/tests/samePrefixMarkedMtx2304/depth2/node1/test98_1.mtx 1 414.231 0.0819618 0.91 
/home/antonkov/masterWork/tests/samePrefixMarkedMtx2304/depth2/node1/test98_1.mtx 1.1 415.475 0.0696267 0.81 
/home/antonkov/masterWork/tests/samePrefixMarkedMtx2304/depth2/node1/test98_1.mtx 1.2 392.635 0.0569878 0.7 
/home/antonkov/masterWork/tests/samePrefixMarkedMtx2304/depth2/node1/test98_1.mtx 1.3 375.652 0.0423003 0.53 
/home/antonkov/masterWork/tests/samePrefixMarkedMtx2304/depth2/node1/test98_1.mtx 1.4 499.339 0.0282096 0.385 
/home/antonkov/masterWork/tests/samePrefixMarkedMtx2304/depth2/node1/test98_1.mtx 1.5 540.755 0.0162616 0.236667 
/home/antonkov/masterWork/tests/samePrefixMarkedMtx2304/depth2/node1/test98_1.mtx 1.6 663.884 0.00711892 0.108 
/home/antonkov/masterWork/tests/samePrefixMarkedMtx2304/depth2/node1/test98_1.mtx 1.7 960.82 0.00371484 0.056 
/home/antonkov/masterWork/tests/samePrefixMarkedMtx2304/depth2/node1/test98_1.mtx 1.8 1811.86 0.00147753 0.0215385 
/home/antonkov/masterWork/tests/samePrefixMarkedMtx2304/depth2/node1/test98_1.mtx 1.9 3149.75 0.000502425 0.00862069 
/home/antonkov/masterWork/tests/samePrefixMarkedMtx2304/depth2/node1/test98_1.mtx 2 0 -1 -1 
/home/antonkov/masterWork/tests/samePrefixMarkedMtx2304/depth2/node1/test98_1.mtx 2.1 0 -1 -1 
/home/antonkov/masterWork/tests/samePrefixMarkedMtx2304/depth2/node1/test98_1.mtx 2.2 0 -1 -1 
/home/antonkov/masterWork/tests/samePrefixMarkedMtx2304/depth2/node1/test98_1.mtx 2.3 0 -1 -1 
/home/antonkov/masterWork/tests/samePrefixMarkedMtx2304/depth2/node1/test98_1.mtx 2.4 0 -1 -1 
/home/antonkov/masterWork/tests/samePrefixMarkedMtx2304/depth2/node1/test98_1.mtx 2.5 0 -1 -1 
/home/antonkov/masterWork/tests/samePrefixMarkedMtx2304/depth2/node1/test98_1.mtx 2.6 0 -1 -1 
/home/antonkov/masterWork/tests/samePrefixMarkedMtx2304/depth2/node1/test98_1.mtx 2.7 0 -1 -1 
/home/antonkov/masterWork/tests/samePrefixMarkedMtx2304/depth2/node1/test98_1.mtx 2.8 0 -1 -1 
/home/antonkov/masterWork/tests/samePrefixMarkedMtx2304/depth2/node1/test98_1.mtx 2.9 0 -1 -1 
/home/antonkov/masterWork/tests/samePrefixMarkedMtx2304/depth2/node1/test98_1.mtx 3 0 -1 -1 
/home/antonkov/masterWork/tests/samePrefixMarkedMtx2304/depth2/node1/test98_1.mtx 3.1 0 -1 -1 
/home/antonkov/masterWork/tests/samePrefixMarkedMtx2304/depth2/node1/test98_1.mtx 3.2 0 -1 -1 
/home/antonkov/masterWork/tests/samePrefixMarkedMtx2304/depth2/node1/test98_1.mtx 3.3 0 -1 -1 
/home/antonkov/masterWork/tests/samePrefixMarkedMtx2304/depth2/node1/test98_1.mtx 3.4 0 -1 -1 
/home/antonkov/masterWork/tests/samePrefixMarkedMtx2304/depth2/node1/test98_1.mtx 3.5 0 -1 -1 
/home/antonkov/masterWork/tests/samePrefixMarkedMtx2304/depth2/node1/test98_2.mtx 1 408.752 0.0822092 0.91 
/home/antonkov/masterWork/tests/samePrefixMarkedMtx2304/depth2/node1/test98_2.mtx 1.1 412.133 0.0716016 0.84 
/home/antonkov/masterWork/tests/samePrefixMarkedMtx2304/depth2/node1/test98_2.mtx 1.2 398.201 0.0586024 0.73 
/home/antonkov/masterWork/tests/samePrefixMarkedMtx2304/depth2/node1/test98_2.mtx 1.3 375.099 0.0420964 0.54 
/home/antonkov/masterWork/tests/samePrefixMarkedMtx2304/depth2/node1/test98_2.mtx 1.4 474.201 0.0265299 0.355 
/home/antonkov/masterWork/tests/samePrefixMarkedMtx2304/depth2/node1/test98_2.mtx 1.5 546.911 0.012895 0.173333 
/home/antonkov/masterWork/tests/samePrefixMarkedMtx2304/depth2/node1/test98_2.mtx 1.6 652.925 0.00711198 0.1 
/home/antonkov/masterWork/tests/samePrefixMarkedMtx2304/depth2/node1/test98_2.mtx 1.7 938.081 0.00384418 0.054 
/home/antonkov/masterWork/tests/samePrefixMarkedMtx2304/depth2/node1/test98_2.mtx 1.8 1382.72 0.00168152 0.0268421 
/home/antonkov/masterWork/tests/samePrefixMarkedMtx2304/depth2/node1/test98_2.mtx 1.9 3586.91 0.000492749 0.00735294 
/home/antonkov/masterWork/tests/samePrefixMarkedMtx2304/depth2/node1/test98_2.mtx 2 0 -1 -1 
/home/antonkov/masterWork/tests/samePrefixMarkedMtx2304/depth2/node1/test98_2.mtx 2.1 0 -1 -1 
/home/antonkov/masterWork/tests/samePrefixMarkedMtx2304/depth2/node1/test98_2.mtx 2.2 0 -1 -1 
/home/antonkov/masterWork/tests/samePrefixMarkedMtx2304/depth2/node1/test98_2.mtx 2.3 0 -1 -1 
/home/antonkov/masterWork/tests/samePrefixMarkedMtx2304/depth2/node1/test98_2.mtx 2.4 0 -1 -1 
/home/antonkov/masterWork/tests/samePrefixMarkedMtx2304/depth2/node1/test98_2.mtx 2.5 0 -1 -1 
/home/antonkov/masterWork/tests/samePrefixMarkedMtx2304/depth2/node1/test98_2.mtx 2.6 0 -1 -1 
/home/antonkov/masterWork/tests/samePrefixMarkedMtx2304/depth2/node1/test98_2.mtx 2.7 0 -1 -1 
/home/antonkov/masterWork/tests/samePrefixMarkedMtx2304/depth2/node1/test98_2.mtx 2.8 0 -1 -1 
/home/antonkov/masterWork/tests/samePrefixMarkedMtx2304/depth2/node1/test98_2.mtx 2.9 0 -1 -1 
/home/antonkov/masterWork/tests/samePrefixMarkedMtx2304/depth2/node1/test98_2.mtx 3 0 -1 -1 
/home/antonkov/masterWork/tests/samePrefixMarkedMtx2304/depth2/node1/test98_2.mtx 3.1 0 -1 -1 
/home/antonkov/masterWork/tests/samePrefixMarkedMtx2304/depth2/node1/test98_2.mtx 3.2 0 -1 -1 
/home/antonkov/masterWork/tests/samePrefixMarkedMtx2304/depth2/node1/test98_2.mtx 3.3 0 -1 -1 
/home/antonkov/masterWork/tests/samePrefixMarkedMtx2304/depth2/node1/test98_2.mtx 3.4 0 -1 -1 
/home/antonkov/masterWork/tests/samePrefixMarkedMtx2304/depth2/node1/test98_2.mtx 3.5 0 -1 -1 
/home/antonkov/masterWork/tests/samePrefixMarkedMtx2304/depth2/node1/test98_3.mtx 1 421.016 0.081684 0.9 
/home/antonkov/masterWork/tests/samePrefixMarkedMtx2304/depth2/node1/test98_3.mtx 1.1 413.622 0.0684809 0.8 
/home/antonkov/masterWork/tests/samePrefixMarkedMtx2304/depth2/node1/test98_3.mtx 1.2 407.633 0.0564583 0.69 
/home/antonkov/masterWork/tests/samePrefixMarkedMtx2304/depth2/node1/test98_3.mtx 1.3 379.845 0.0435417 0.57 
/home/antonkov/masterWork/tests/samePrefixMarkedMtx2304/depth2/node1/test98_3.mtx 1.4 482.169 0.026747 0.355 
/home/antonkov/masterWork/tests/samePrefixMarkedMtx2304/depth2/node1/test98_3.mtx 1.5 544.829 0.0160547 0.223333 
/home/antonkov/masterWork/tests/samePrefixMarkedMtx2304/depth2/node1/test98_3.mtx 1.6 583.812 0.00880317 0.1275 
/home/antonkov/masterWork/tests/samePrefixMarkedMtx2304/depth2/node1/test98_3.mtx 1.7 898.059 0.0041522 0.0611111 
/home/antonkov/masterWork/tests/samePrefixMarkedMtx2304/depth2/node1/test98_3.mtx 1.8 1330.5 0.00185595 0.0294444 
/home/antonkov/masterWork/tests/samePrefixMarkedMtx2304/depth2/node1/test98_3.mtx 1.9 3254.43 0.000508608 0.00833333 
/home/antonkov/masterWork/tests/samePrefixMarkedMtx2304/depth2/node1/test98_3.mtx 2 0 -1 -1 
/home/antonkov/masterWork/tests/samePrefixMarkedMtx2304/depth2/node1/test98_3.mtx 2.1 0 -1 -1 
/home/antonkov/masterWork/tests/samePrefixMarkedMtx2304/depth2/node1/test98_3.mtx 2.2 0 -1 -1 
/home/antonkov/masterWork/tests/samePrefixMarkedMtx2304/depth2/node1/test98_3.mtx 2.3 0 -1 -1 
/home/antonkov/masterWork/tests/samePrefixMarkedMtx2304/depth2/node1/test98_3.mtx 2.4 0 -1 -1 
/home/antonkov/masterWork/tests/samePrefixMarkedMtx2304/depth2/node1/test98_3.mtx 2.5 0 -1 -1 
/home/antonkov/masterWork/tests/samePrefixMarkedMtx2304/depth2/node1/test98_3.mtx 2.6 0 -1 -1 
/home/antonkov/masterWork/tests/samePrefixMarkedMtx2304/depth2/node1/test98_3.mtx 2.7 0 -1 -1 
/home/antonkov/masterWork/tests/samePrefixMarkedMtx2304/depth2/node1/test98_3.mtx 2.8 0 -1 -1 
/home/antonkov/masterWork/tests/samePrefixMarkedMtx2304/depth2/node1/test98_3.mtx 2.9 0 -1 -1 
/home/antonkov/masterWork/tests/samePrefixMarkedMtx2304/depth2/node1/test98_3.mtx 3 0 -1 -1 
/home/antonkov/masterWork/tests/samePrefixMarkedMtx2304/depth2/node1/test98_3.mtx 3.1 0 -1 -1 
/home/antonkov/masterWork/tests/samePrefixMarkedMtx2304/depth2/node1/test98_3.mtx 3.2 0 -1 -1 
/home/antonkov/masterWork/tests/samePrefixMarkedMtx2304/depth2/node1/test98_3.mtx 3.3 0 -1 -1 
/home/antonkov/masterWork/tests/samePrefixMarkedMtx2304/depth2/node1/test98_3.mtx 3.4 0 -1 -1 
/home/antonkov/masterWork/tests/samePrefixMarkedMtx2304/depth2/node1/test98_3.mtx 3.5 0 -1 -1 
/home/antonkov/masterWork/tests/samePrefixMarkedMtx2304/depth2/node1/test98_4.mtx 1 413.16 0.0796398 0.9 
/home/antonkov/masterWork/tests/samePrefixMarkedMtx2304/depth2/node1/test98_4.mtx 1.1 417.798 0.0655165 0.77 
/home/antonkov/masterWork/tests/samePrefixMarkedMtx2304/depth2/node1/test98_4.mtx 1.2 399.174 0.0535417 0.65 
/home/antonkov/masterWork/tests/samePrefixMarkedMtx2304/depth2/node1/test98_4.mtx 1.3 511.368 0.0423958 0.535 
/home/antonkov/masterWork/tests/samePrefixMarkedMtx2304/depth2/node1/test98_4.mtx 1.4 482.686 0.0299327 0.395 
/home/antonkov/masterWork/tests/samePrefixMarkedMtx2304/depth2/node1/test98_4.mtx 1.5 565.657 0.0154977 0.213333 
/home/antonkov/masterWork/tests/samePrefixMarkedMtx2304/depth2/node1/test98_4.mtx 1.6 701.39 0.00892622 0.126 
/home/antonkov/masterWork/tests/samePrefixMarkedMtx2304/depth2/node1/test98_4.mtx 1.7 893.7 0.00379485 0.0588889 
/home/antonkov/masterWork/tests/samePrefixMarkedMtx2304/depth2/node1/test98_4.mtx 1.8 1670.68 0.00118212 0.02 
/home/antonkov/masterWork/tests/samePrefixMarkedMtx2304/depth2/node1/test98_4.mtx 1.9 4057.65 0.000390512 0.00662338 
/home/antonkov/masterWork/tests/samePrefixMarkedMtx2304/depth2/node1/test98_4.mtx 2 0 -1 -1 
/home/antonkov/masterWork/tests/samePrefixMarkedMtx2304/depth2/node1/test98_4.mtx 2.1 0 -1 -1 
/home/antonkov/masterWork/tests/samePrefixMarkedMtx2304/depth2/node1/test98_4.mtx 2.2 0 -1 -1 
/home/antonkov/masterWork/tests/samePrefixMarkedMtx2304/depth2/node1/test98_4.mtx 2.3 0 -1 -1 
/home/antonkov/masterWork/tests/samePrefixMarkedMtx2304/depth2/node1/test98_4.mtx 2.4 0 -1 -1 
/home/antonkov/masterWork/tests/samePrefixMarkedMtx2304/depth2/node1/test98_4.mtx 2.5 0 -1 -1 
/home/antonkov/masterWork/tests/samePrefixMarkedMtx2304/depth2/node1/test98_4.mtx 2.6 0 -1 -1 
/home/antonkov/masterWork/tests/samePrefixMarkedMtx2304/depth2/node1/test98_4.mtx 2.7 0 -1 -1 
/home/antonkov/masterWork/tests/samePrefixMarkedMtx2304/depth2/node1/test98_4.mtx 2.8 0 -1 -1 
/home/antonkov/masterWork/tests/samePrefixMarkedMtx2304/depth2/node1/test98_4.mtx 2.9 0 -1 -1 
/home/antonkov/masterWork/tests/samePrefixMarkedMtx2304/depth2/node1/test98_4.mtx 3 0 -1 -1 
/home/antonkov/masterWork/tests/samePrefixMarkedMtx2304/depth2/node1/test98_4.mtx 3.1 0 -1 -1 
/home/antonkov/masterWork/tests/samePrefixMarkedMtx2304/depth2/node1/test98_4.mtx 3.2 0 -1 -1 
/home/antonkov/masterWork/tests/samePrefixMarkedMtx2304/depth2/node1/test98_4.mtx 3.3 0 -1 -1 
/home/antonkov/masterWork/tests/samePrefixMarkedMtx2304/depth2/node1/test98_4.mtx 3.4 0 -1 -1 
/home/antonkov/masterWork/tests/samePrefixMarkedMtx2304/depth2/node1/test98_4.mtx 3.5 0 -1 -1 
/home/antonkov/masterWork/tests/samePrefixMarkedMtx2304/depth2/node1/test99_0.mtx 1 462.626 0.081684 0.88 
/home/antonkov/masterWork/tests/samePrefixMarkedMtx2304/depth2/node1/test99_0.mtx 1.1 450.728 0.0729253 0.83 
/home/antonkov/masterWork/tests/samePrefixMarkedMtx2304/depth2/node1/test99_0.mtx 1.2 439.313 0.053546 0.66 
/home/antonkov/masterWork/tests/samePrefixMarkedMtx2304/depth2/node1/test99_0.mtx 1.3 422.45 0.0405295 0.5 
/home/antonkov/masterWork/tests/samePrefixMarkedMtx2304/depth2/node1/test99_0.mtx 1.4 525.185 0.027181 0.36 
/home/antonkov/masterWork/tests/samePrefixMarkedMtx2304/depth2/node1/test99_0.mtx 1.5 580.944 0.0144676 0.196667 
/home/antonkov/masterWork/tests/samePrefixMarkedMtx2304/depth2/node1/test99_0.mtx 1.6 771.155 0.00695312 0.0983333 
/home/antonkov/masterWork/tests/samePrefixMarkedMtx2304/depth2/node1/test99_0.mtx 1.7 987.364 0.00383984 0.058 
/home/antonkov/masterWork/tests/samePrefixMarkedMtx2304/depth2/node1/test99_0.mtx 1.8 1725.02 0.00133717 0.0208333 
/home/antonkov/masterWork/tests/samePrefixMarkedMtx2304/depth2/node1/test99_0.mtx 1.9 4025.81 0.000400752 0.00666667 
/home/antonkov/masterWork/tests/samePrefixMarkedMtx2304/depth2/node1/test99_0.mtx 2 0 -1 -1 
/home/antonkov/masterWork/tests/samePrefixMarkedMtx2304/depth2/node1/test99_0.mtx 2.1 0 -1 -1 
/home/antonkov/masterWork/tests/samePrefixMarkedMtx2304/depth2/node1/test99_0.mtx 2.2 0 -1 -1 
/home/antonkov/masterWork/tests/samePrefixMarkedMtx2304/depth2/node1/test99_0.mtx 2.3 0 -1 -1 
/home/antonkov/masterWork/tests/samePrefixMarkedMtx2304/depth2/node1/test99_0.mtx 2.4 0 -1 -1 
/home/antonkov/masterWork/tests/samePrefixMarkedMtx2304/depth2/node1/test99_0.mtx 2.5 0 -1 -1 
/home/antonkov/masterWork/tests/samePrefixMarkedMtx2304/depth2/node1/test99_0.mtx 2.6 0 -1 -1 
/home/antonkov/masterWork/tests/samePrefixMarkedMtx2304/depth2/node1/test99_0.mtx 2.7 0 -1 -1 
/home/antonkov/masterWork/tests/samePrefixMarkedMtx2304/depth2/node1/test99_0.mtx 2.8 0 -1 -1 
/home/antonkov/masterWork/tests/samePrefixMarkedMtx2304/depth2/node1/test99_0.mtx 2.9 0 -1 -1 
/home/antonkov/masterWork/tests/samePrefixMarkedMtx2304/depth2/node1/test99_0.mtx 3 0 -1 -1 
/home/antonkov/masterWork/tests/samePrefixMarkedMtx2304/depth2/node1/test99_0.mtx 3.1 0 -1 -1 
/home/antonkov/masterWork/tests/samePrefixMarkedMtx2304/depth2/node1/test99_0.mtx 3.2 0 -1 -1 
/home/antonkov/masterWork/tests/samePrefixMarkedMtx2304/depth2/node1/test99_0.mtx 3.3 0 -1 -1 
/home/antonkov/masterWork/tests/samePrefixMarkedMtx2304/depth2/node1/test99_0.mtx 3.4 0 -1 -1 
/home/antonkov/masterWork/tests/samePrefixMarkedMtx2304/depth2/node1/test99_0.mtx 3.5 0 -1 -1 
/home/antonkov/masterWork/tests/samePrefixMarkedMtx2304/depth2/node1/test99_1.mtx 1 456.586 0.0812283 0.89 
/home/antonkov/masterWork/tests/samePrefixMarkedMtx2304/depth2/node1/test99_1.mtx 1.1 453.304 0.0706163 0.83 
/home/antonkov/masterWork/tests/samePrefixMarkedMtx2304/depth2/node1/test99_1.mtx 1.2 451.173 0.051658 0.66 
/home/antonkov/masterWork/tests/samePrefixMarkedMtx2304/depth2/node1/test99_1.mtx 1.3 426.454 0.0413889 0.54 
/home/antonkov/masterWork/tests/samePrefixMarkedMtx2304/depth2/node1/test99_1.mtx 1.4 524.292 0.0277517 0.375 
/home/antonkov/masterWork/tests/samePrefixMarkedMtx2304/depth2/node1/test99_1.mtx 1.5 594.011 0.0148235 0.216667 
/home/antonkov/masterWork/tests/samePrefixMarkedMtx2304/depth2/node1/test99_1.mtx 1.6 777.007 0.00621528 0.0966667 
/home/antonkov/masterWork/tests/samePrefixMarkedMtx2304/depth2/node1/test99_1.mtx 1.7 1051.27 0.00314276 0.0472727 
/home/antonkov/masterWork/tests/samePrefixMarkedMtx2304/depth2/node1/test99_1.mtx 1.8 1998.12 0.00113191 0.017931 
/home/antonkov/masterWork/tests/samePrefixMarkedMtx2304/depth2/node1/test99_1.mtx 1.9 4186.63 0.000380164 0.00641026 
/home/antonkov/masterWork/tests/samePrefixMarkedMtx2304/depth2/node1/test99_1.mtx 2 0 -1 -1 
/home/antonkov/masterWork/tests/samePrefixMarkedMtx2304/depth2/node1/test99_1.mtx 2.1 0 -1 -1 
/home/antonkov/masterWork/tests/samePrefixMarkedMtx2304/depth2/node1/test99_1.mtx 2.2 0 -1 -1 
/home/antonkov/masterWork/tests/samePrefixMarkedMtx2304/depth2/node1/test99_1.mtx 2.3 0 -1 -1 
/home/antonkov/masterWork/tests/samePrefixMarkedMtx2304/depth2/node1/test99_1.mtx 2.4 0 -1 -1 
/home/antonkov/masterWork/tests/samePrefixMarkedMtx2304/depth2/node1/test99_1.mtx 2.5 0 -1 -1 
/home/antonkov/masterWork/tests/samePrefixMarkedMtx2304/depth2/node1/test99_1.mtx 2.6 0 -1 -1 
/home/antonkov/masterWork/tests/samePrefixMarkedMtx2304/depth2/node1/test99_1.mtx 2.7 0 -1 -1 
/home/antonkov/masterWork/tests/samePrefixMarkedMtx2304/depth2/node1/test99_1.mtx 2.8 0 -1 -1 
/home/antonkov/masterWork/tests/samePrefixMarkedMtx2304/depth2/node1/test99_1.mtx 2.9 0 -1 -1 
/home/antonkov/masterWork/tests/samePrefixMarkedMtx2304/depth2/node1/test99_1.mtx 3 0 -1 -1 
/home/antonkov/masterWork/tests/samePrefixMarkedMtx2304/depth2/node1/test99_1.mtx 3.1 0 -1 -1 
/home/antonkov/masterWork/tests/samePrefixMarkedMtx2304/depth2/node1/test99_1.mtx 3.2 0 -1 -1 
/home/antonkov/masterWork/tests/samePrefixMarkedMtx2304/depth2/node1/test99_1.mtx 3.3 0 -1 -1 
/home/antonkov/masterWork/tests/samePrefixMarkedMtx2304/depth2/node1/test99_1.mtx 3.4 0 -1 -1 
/home/antonkov/masterWork/tests/samePrefixMarkedMtx2304/depth2/node1/test99_1.mtx 3.5 0 -1 -1 
/home/antonkov/masterWork/tests/samePrefixMarkedMtx2304/depth2/node1/test99_2.mtx 1 464.19 0.0834592 0.91 
/home/antonkov/masterWork/tests/samePrefixMarkedMtx2304/depth2/node1/test99_2.mtx 1.1 461.362 0.0677431 0.79 
/home/antonkov/masterWork/tests/samePrefixMarkedMtx2304/depth2/node1/test99_2.mtx 1.2 436.697 0.0519965 0.62 
/home/antonkov/masterWork/tests/samePrefixMarkedMtx2304/depth2/node1/test99_2.mtx 1.3 552.816 0.0393967 0.505 
/home/antonkov/masterWork/tests/samePrefixMarkedMtx2304/depth2/node1/test99_2.mtx 1.4 517.648 0.0273025 0.36 
/home/antonkov/masterWork/tests/samePrefixMarkedMtx2304/depth2/node1/test99_2.mtx 1.5 586.578 0.0152431 0.203333 
/home/antonkov/masterWork/tests/samePrefixMarkedMtx2304/depth2/node1/test99_2.mtx 1.6 705.798 0.00840712 0.118 
/home/antonkov/masterWork/tests/samePrefixMarkedMtx2304/depth2/node1/test99_2.mtx 1.7 923.808 0.00390143 0.0555556 
/home/antonkov/masterWork/tests/samePrefixMarkedMtx2304/depth2/node1/test99_2.mtx 1.8 1842.16 0.00127974 0.0185185 
/home/antonkov/masterWork/tests/samePrefixMarkedMtx2304/depth2/node1/test99_2.mtx 1.9 3478 0.000442909 0.00769231 
/home/antonkov/masterWork/tests/samePrefixMarkedMtx2304/depth2/node1/test99_2.mtx 2 0 -1 -1 
/home/antonkov/masterWork/tests/samePrefixMarkedMtx2304/depth2/node1/test99_2.mtx 2.1 0 -1 -1 
/home/antonkov/masterWork/tests/samePrefixMarkedMtx2304/depth2/node1/test99_2.mtx 2.2 0 -1 -1 
/home/antonkov/masterWork/tests/samePrefixMarkedMtx2304/depth2/node1/test99_2.mtx 2.3 0 -1 -1 
/home/antonkov/masterWork/tests/samePrefixMarkedMtx2304/depth2/node1/test99_2.mtx 2.4 0 -1 -1 
/home/antonkov/masterWork/tests/samePrefixMarkedMtx2304/depth2/node1/test99_2.mtx 2.5 0 -1 -1 
/home/antonkov/masterWork/tests/samePrefixMarkedMtx2304/depth2/node1/test99_2.mtx 2.6 0 -1 -1 
/home/antonkov/masterWork/tests/samePrefixMarkedMtx2304/depth2/node1/test99_2.mtx 2.7 0 -1 -1 
/home/antonkov/masterWork/tests/samePrefixMarkedMtx2304/depth2/node1/test99_2.mtx 2.8 0 -1 -1 
/home/antonkov/masterWork/tests/samePrefixMarkedMtx2304/depth2/node1/test99_2.mtx 2.9 0 -1 -1 
/home/antonkov/masterWork/tests/samePrefixMarkedMtx2304/depth2/node1/test99_2.mtx 3 0 -1 -1 
/home/antonkov/masterWork/tests/samePrefixMarkedMtx2304/depth2/node1/test99_2.mtx 3.1 0 -1 -1 
/home/antonkov/masterWork/tests/samePrefixMarkedMtx2304/depth2/node1/test99_2.mtx 3.2 0 -1 -1 
/home/antonkov/masterWork/tests/samePrefixMarkedMtx2304/depth2/node1/test99_2.mtx 3.3 0 -1 -1 
/home/antonkov/masterWork/tests/samePrefixMarkedMtx2304/depth2/node1/test99_2.mtx 3.4 0 -1 -1 
/home/antonkov/masterWork/tests/samePrefixMarkedMtx2304/depth2/node1/test99_2.mtx 3.5 0 -1 -1 
/home/antonkov/masterWork/tests/samePrefixMarkedMtx2304/depth2/node1/test99_3.mtx 1 460.653 0.0824783 0.89 
/home/antonkov/masterWork/tests/samePrefixMarkedMtx2304/depth2/node1/test99_3.mtx 1.1 458.699 0.071072 0.8 
/home/antonkov/masterWork/tests/samePrefixMarkedMtx2304/depth2/node1/test99_3.mtx 1.2 444.283 0.0567448 0.7 
/home/antonkov/masterWork/tests/samePrefixMarkedMtx2304/depth2/node1/test99_3.mtx 1.3 417.839 0.042105 0.52 
/home/antonkov/masterWork/tests/samePrefixMarkedMtx2304/depth2/node1/test99_3.mtx 1.4 533.933 0.026378 0.335 
/home/antonkov/masterWork/tests/samePrefixMarkedMtx2304/depth2/node1/test99_3.mtx 1.5 576.013 0.0133666 0.183333 
/home/antonkov/masterWork/tests/samePrefixMarkedMtx2304/depth2/node1/test99_3.mtx 1.6 770.96 0.00679543 0.0933333 
/home/antonkov/masterWork/tests/samePrefixMarkedMtx2304/depth2/node1/test99_3.mtx 1.7 1060.79 0.0033795 0.0481818 
/home/antonkov/masterWork/tests/samePrefixMarkedMtx2304/depth2/node1/test99_3.mtx 1.8 1873.8 0.00127921 0.0207692 
/home/antonkov/masterWork/tests/samePrefixMarkedMtx2304/depth2/node1/test99_3.mtx 1.9 4003.21 0.000417722 0.00675676 
/home/antonkov/masterWork/tests/samePrefixMarkedMtx2304/depth2/node1/test99_3.mtx 2 0 -1 -1 
/home/antonkov/masterWork/tests/samePrefixMarkedMtx2304/depth2/node1/test99_3.mtx 2.1 0 -1 -1 
/home/antonkov/masterWork/tests/samePrefixMarkedMtx2304/depth2/node1/test99_3.mtx 2.2 0 -1 -1 
/home/antonkov/masterWork/tests/samePrefixMarkedMtx2304/depth2/node1/test99_3.mtx 2.3 0 -1 -1 
/home/antonkov/masterWork/tests/samePrefixMarkedMtx2304/depth2/node1/test99_3.mtx 2.4 0 -1 -1 
/home/antonkov/masterWork/tests/samePrefixMarkedMtx2304/depth2/node1/test99_3.mtx 2.5 0 -1 -1 
/home/antonkov/masterWork/tests/samePrefixMarkedMtx2304/depth2/node1/test99_3.mtx 2.6 0 -1 -1 
/home/antonkov/masterWork/tests/samePrefixMarkedMtx2304/depth2/node1/test99_3.mtx 2.7 0 -1 -1 
/home/antonkov/masterWork/tests/samePrefixMarkedMtx2304/depth2/node1/test99_3.mtx 2.8 0 -1 -1 
/home/antonkov/masterWork/tests/samePrefixMarkedMtx2304/depth2/node1/test99_3.mtx 2.9 0 -1 -1 
/home/antonkov/masterWork/tests/samePrefixMarkedMtx2304/depth2/node1/test99_3.mtx 3 0 -1 -1 
/home/antonkov/masterWork/tests/samePrefixMarkedMtx2304/depth2/node1/test99_3.mtx 3.1 0 -1 -1 
/home/antonkov/masterWork/tests/samePrefixMarkedMtx2304/depth2/node1/test99_3.mtx 3.2 0 -1 -1 
/home/antonkov/masterWork/tests/samePrefixMarkedMtx2304/depth2/node1/test99_3.mtx 3.3 0 -1 -1 
/home/antonkov/masterWork/tests/samePrefixMarkedMtx2304/depth2/node1/test99_3.mtx 3.4 0 -1 -1 
/home/antonkov/masterWork/tests/samePrefixMarkedMtx2304/depth2/node1/test99_3.mtx 3.5 0 -1 -1 
/home/antonkov/masterWork/tests/samePrefixMarkedMtx2304/depth2/node1/test99_4.mtx 1 459.533 0.0807552 0.9 
/home/antonkov/masterWork/tests/samePrefixMarkedMtx2304/depth2/node1/test99_4.mtx 1.1 449.697 0.0689106 0.79 
/home/antonkov/masterWork/tests/samePrefixMarkedMtx2304/depth2/node1/test99_4.mtx 1.2 441.996 0.0550955 0.68 
/home/antonkov/masterWork/tests/samePrefixMarkedMtx2304/depth2/node1/test99_4.mtx 1.3 422.856 0.0405512 0.52 
/home/antonkov/masterWork/tests/samePrefixMarkedMtx2304/depth2/node1/test99_4.mtx 1.4 532.722 0.0298741 0.4 
/home/antonkov/masterWork/tests/samePrefixMarkedMtx2304/depth2/node1/test99_4.mtx 1.5 588.731 0.0176505 0.246667 
/home/antonkov/masterWork/tests/samePrefixMarkedMtx2304/depth2/node1/test99_4.mtx 1.6 623.477 0.00928277 0.13 
/home/antonkov/masterWork/tests/samePrefixMarkedMtx2304/depth2/node1/test99_4.mtx 1.7 1057.98 0.00328835 0.0490909 
/home/antonkov/masterWork/tests/samePrefixMarkedMtx2304/depth2/node1/test99_4.mtx 1.8 1818.47 0.00127638 0.0192308 
/home/antonkov/masterWork/tests/samePrefixMarkedMtx2304/depth2/node1/test99_4.mtx 1.9 3603.6 0.000462634 0.00757576 
/home/antonkov/masterWork/tests/samePrefixMarkedMtx2304/depth2/node1/test99_4.mtx 2 0 -1 -1 
/home/antonkov/masterWork/tests/samePrefixMarkedMtx2304/depth2/node1/test99_4.mtx 2.1 0 -1 -1 
/home/antonkov/masterWork/tests/samePrefixMarkedMtx2304/depth2/node1/test99_4.mtx 2.2 0 -1 -1 
/home/antonkov/masterWork/tests/samePrefixMarkedMtx2304/depth2/node1/test99_4.mtx 2.3 0 -1 -1 
/home/antonkov/masterWork/tests/samePrefixMarkedMtx2304/depth2/node1/test99_4.mtx 2.4 0 -1 -1 
/home/antonkov/masterWork/tests/samePrefixMarkedMtx2304/depth2/node1/test99_4.mtx 2.5 0 -1 -1 
/home/antonkov/masterWork/tests/samePrefixMarkedMtx2304/depth2/node1/test99_4.mtx 2.6 0 -1 -1 
/home/antonkov/masterWork/tests/samePrefixMarkedMtx2304/depth2/node1/test99_4.mtx 2.7 0 -1 -1 
/home/antonkov/masterWork/tests/samePrefixMarkedMtx2304/depth2/node1/test99_4.mtx 2.8 0 -1 -1 
/home/antonkov/masterWork/tests/samePrefixMarkedMtx2304/depth2/node1/test99_4.mtx 2.9 0 -1 -1 
/home/antonkov/masterWork/tests/samePrefixMarkedMtx2304/depth2/node1/test99_4.mtx 3 0 -1 -1 
/home/antonkov/masterWork/tests/samePrefixMarkedMtx2304/depth2/node1/test99_4.mtx 3.1 0 -1 -1 
/home/antonkov/masterWork/tests/samePrefixMarkedMtx2304/depth2/node1/test99_4.mtx 3.2 0 -1 -1 
/home/antonkov/masterWork/tests/samePrefixMarkedMtx2304/depth2/node1/test99_4.mtx 3.3 0 -1 -1 
/home/antonkov/masterWork/tests/samePrefixMarkedMtx2304/depth2/node1/test99_4.mtx 3.4 0 -1 -1 
/home/antonkov/masterWork/tests/samePrefixMarkedMtx2304/depth2/node1/test99_4.mtx 3.5 0 -1 -1 
