Results
Filename SNR Time(ms) BER FER
/home/antonkov/masterWork/tests/samePrefixMarkedMtx/depth2/node1/test0_0.mtx 1 135.418 0.0817361 0.805 
/home/antonkov/masterWork/tests/samePrefixMarkedMtx/depth2/node1/test0_0.mtx 1.1 114.043 0.0729167 0.74 
/home/antonkov/masterWork/tests/samePrefixMarkedMtx/depth2/node1/test0_0.mtx 1.2 103.278 0.0655295 0.69 
/home/antonkov/masterWork/tests/samePrefixMarkedMtx/depth2/node1/test0_0.mtx 1.3 93.8226 0.0544878 0.59 
/home/antonkov/masterWork/tests/samePrefixMarkedMtx/depth2/node1/test0_0.mtx 1.4 119.36 0.0432523 0.48 
/home/antonkov/masterWork/tests/samePrefixMarkedMtx/depth2/node1/test0_0.mtx 1.5 110.467 0.0341146 0.396667 
/home/antonkov/masterWork/tests/samePrefixMarkedMtx/depth2/node1/test0_0.mtx 1.6 130.889 0.025638 0.31 
/home/antonkov/masterWork/tests/samePrefixMarkedMtx/depth2/node1/test0_0.mtx 1.7 138.72 0.0196563 0.232 
/home/antonkov/masterWork/tests/samePrefixMarkedMtx/depth2/node1/test0_0.mtx 1.8 150.936 0.0141985 0.181667 
/home/antonkov/masterWork/tests/samePrefixMarkedMtx/depth2/node1/test0_0.mtx 1.9 173.985 0.0108507 0.135 
/home/antonkov/masterWork/tests/samePrefixMarkedMtx/depth2/node1/test0_0.mtx 2 214.898 0.00747317 0.0945455 
/home/antonkov/masterWork/tests/samePrefixMarkedMtx/depth2/node1/test0_0.mtx 2.1 295.957 0.00442033 0.0572222 
/home/antonkov/masterWork/tests/samePrefixMarkedMtx/depth2/node1/test0_0.mtx 2.2 405.443 0.00265935 0.0367857 
/home/antonkov/masterWork/tests/samePrefixMarkedMtx/depth2/node1/test0_0.mtx 2.3 549.641 0.00175855 0.0243902 
/home/antonkov/masterWork/tests/samePrefixMarkedMtx/depth2/node1/test0_0.mtx 2.4 801.316 0.00107714 0.0144928 
/home/antonkov/masterWork/tests/samePrefixMarkedMtx/depth2/node1/test0_0.mtx 2.5 1165.49 0.000653367 0.00901786 
/home/antonkov/masterWork/tests/samePrefixMarkedMtx/depth2/node1/test0_0.mtx 2.6 1775.96 0.000353365 0.00517949 
/home/antonkov/masterWork/tests/samePrefixMarkedMtx/depth2/node1/test0_0.mtx 2.7 2653.77 0.000202369 0.00309816 
/home/antonkov/masterWork/tests/samePrefixMarkedMtx/depth2/node1/test0_0.mtx 2.8 3847.23 0.000109675 0.00185529 
/home/antonkov/masterWork/tests/samePrefixMarkedMtx/depth2/node1/test0_0.mtx 2.9 6770.95 5.84409e-05 0.000938967 
/home/antonkov/masterWork/tests/samePrefixMarkedMtx/depth2/node1/test0_0.mtx 3 0 -1 -1 
/home/antonkov/masterWork/tests/samePrefixMarkedMtx/depth2/node1/test0_0.mtx 3.1 0 -1 -1 
/home/antonkov/masterWork/tests/samePrefixMarkedMtx/depth2/node1/test0_0.mtx 3.2 0 -1 -1 
/home/antonkov/masterWork/tests/samePrefixMarkedMtx/depth2/node1/test0_0.mtx 3.3 0 -1 -1 
/home/antonkov/masterWork/tests/samePrefixMarkedMtx/depth2/node1/test0_0.mtx 3.4 0 -1 -1 
/home/antonkov/masterWork/tests/samePrefixMarkedMtx/depth2/node1/test0_0.mtx 3.5 0 -1 -1 
/home/antonkov/masterWork/tests/samePrefixMarkedMtx/depth2/node1/test0_1.mtx 1 113.602 0.0822396 0.81 
/home/antonkov/masterWork/tests/samePrefixMarkedMtx/depth2/node1/test0_1.mtx 1.1 110.107 0.0756684 0.775 
/home/antonkov/masterWork/tests/samePrefixMarkedMtx/depth2/node1/test0_1.mtx 1.2 102.759 0.0653212 0.685 
/home/antonkov/masterWork/tests/samePrefixMarkedMtx/depth2/node1/test0_1.mtx 1.3 92.9315 0.0552691 0.59 
/home/antonkov/masterWork/tests/samePrefixMarkedMtx/depth2/node1/test0_1.mtx 1.4 93.0402 0.0463021 0.515 
/home/antonkov/masterWork/tests/samePrefixMarkedMtx/depth2/node1/test0_1.mtx 1.5 115.814 0.0366609 0.42 
/home/antonkov/masterWork/tests/samePrefixMarkedMtx/depth2/node1/test0_1.mtx 1.6 105.719 0.030272 0.356667 
/home/antonkov/masterWork/tests/samePrefixMarkedMtx/depth2/node1/test0_1.mtx 1.7 141.579 0.0202326 0.234 
/home/antonkov/masterWork/tests/samePrefixMarkedMtx/depth2/node1/test0_1.mtx 1.8 147.933 0.0151389 0.185 
/home/antonkov/masterWork/tests/samePrefixMarkedMtx/depth2/node1/test0_1.mtx 1.9 165.71 0.00979818 0.125 
/home/antonkov/masterWork/tests/samePrefixMarkedMtx/depth2/node1/test0_1.mtx 2 205.629 0.00760732 0.0972727 
/home/antonkov/masterWork/tests/samePrefixMarkedMtx/depth2/node1/test0_1.mtx 2.1 268.73 0.00509983 0.065625 
/home/antonkov/masterWork/tests/samePrefixMarkedMtx/depth2/node1/test0_1.mtx 2.2 346.616 0.00338315 0.0434783 
/home/antonkov/masterWork/tests/samePrefixMarkedMtx/depth2/node1/test0_1.mtx 2.3 490.449 0.00213964 0.0278378 
/home/antonkov/masterWork/tests/samePrefixMarkedMtx/depth2/node1/test0_1.mtx 2.4 676.017 0.00128533 0.0177193 
/home/antonkov/masterWork/tests/samePrefixMarkedMtx/depth2/node1/test0_1.mtx 2.5 947.425 0.000828796 0.0114773 
/home/antonkov/masterWork/tests/samePrefixMarkedMtx/depth2/node1/test0_1.mtx 2.6 1587.45 0.00038322 0.00564972 
/home/antonkov/masterWork/tests/samePrefixMarkedMtx/depth2/node1/test0_1.mtx 2.7 2091.74 0.000248158 0.00381679 
/home/antonkov/masterWork/tests/samePrefixMarkedMtx/depth2/node1/test0_1.mtx 2.8 3786.83 0.00011686 0.00184162 
/home/antonkov/masterWork/tests/samePrefixMarkedMtx/depth2/node1/test0_1.mtx 2.9 6125.76 6.12971e-05 0.00100705 
/home/antonkov/masterWork/tests/samePrefixMarkedMtx/depth2/node1/test0_1.mtx 3 11237.8 3.03392e-05 0.000492126 
/home/antonkov/masterWork/tests/samePrefixMarkedMtx/depth2/node1/test0_1.mtx 3.1 0 -1 -1 
/home/antonkov/masterWork/tests/samePrefixMarkedMtx/depth2/node1/test0_1.mtx 3.2 0 -1 -1 
/home/antonkov/masterWork/tests/samePrefixMarkedMtx/depth2/node1/test0_1.mtx 3.3 0 -1 -1 
/home/antonkov/masterWork/tests/samePrefixMarkedMtx/depth2/node1/test0_1.mtx 3.4 0 -1 -1 
/home/antonkov/masterWork/tests/samePrefixMarkedMtx/depth2/node1/test0_1.mtx 3.5 0 -1 -1 
/home/antonkov/masterWork/tests/samePrefixMarkedMtx/depth2/node1/test0_2.mtx 1 106.26 0.0769271 0.755 
/home/antonkov/masterWork/tests/samePrefixMarkedMtx/depth2/node1/test0_2.mtx 1.1 104.42 0.0714063 0.74 
/home/antonkov/masterWork/tests/samePrefixMarkedMtx/depth2/node1/test0_2.mtx 1.2 99.2798 0.0605035 0.665 
/home/antonkov/masterWork/tests/samePrefixMarkedMtx/depth2/node1/test0_2.mtx 1.3 91.8888 0.0526649 0.575 
/home/antonkov/masterWork/tests/samePrefixMarkedMtx/depth2/node1/test0_2.mtx 1.4 124.513 0.0440104 0.483333 
/home/antonkov/masterWork/tests/samePrefixMarkedMtx/depth2/node1/test0_2.mtx 1.5 116.244 0.0355729 0.41 
/home/antonkov/masterWork/tests/samePrefixMarkedMtx/depth2/node1/test0_2.mtx 1.6 104.503 0.0288368 0.34 
/home/antonkov/masterWork/tests/samePrefixMarkedMtx/depth2/node1/test0_2.mtx 1.7 119.199 0.0215278 0.2525 
/home/antonkov/masterWork/tests/samePrefixMarkedMtx/depth2/node1/test0_2.mtx 1.8 151.541 0.014485 0.175 
/home/antonkov/masterWork/tests/samePrefixMarkedMtx/depth2/node1/test0_2.mtx 1.9 179.349 0.0108724 0.13125 
/home/antonkov/masterWork/tests/samePrefixMarkedMtx/depth2/node1/test0_2.mtx 2 223.381 0.00764902 0.0908333 
/home/antonkov/masterWork/tests/samePrefixMarkedMtx/depth2/node1/test0_2.mtx 2.1 265.173 0.00514757 0.065 
/home/antonkov/masterWork/tests/samePrefixMarkedMtx/depth2/node1/test0_2.mtx 2.2 333.076 0.00338068 0.0459091 
/home/antonkov/masterWork/tests/samePrefixMarkedMtx/depth2/node1/test0_2.mtx 2.3 474.885 0.00219107 0.0294118 
/home/antonkov/masterWork/tests/samePrefixMarkedMtx/depth2/node1/test0_2.mtx 2.4 685.36 0.0013047 0.0190566 
/home/antonkov/masterWork/tests/samePrefixMarkedMtx/depth2/node1/test0_2.mtx 2.5 1060.4 0.000657951 0.0102041 
/home/antonkov/masterWork/tests/samePrefixMarkedMtx/depth2/node1/test0_2.mtx 2.6 1525.89 0.000377955 0.00621118 
/home/antonkov/masterWork/tests/samePrefixMarkedMtx/depth2/node1/test0_2.mtx 2.7 1986.08 0.000268288 0.00423729 
/home/antonkov/masterWork/tests/samePrefixMarkedMtx/depth2/node1/test0_2.mtx 2.8 3153.68 0.000140961 0.00238663 
/home/antonkov/masterWork/tests/samePrefixMarkedMtx/depth2/node1/test0_2.mtx 2.9 5542.25 7.20301e-05 0.00119385 
/home/antonkov/masterWork/tests/samePrefixMarkedMtx/depth2/node1/test0_2.mtx 3 7860.93 4.54425e-05 0.000760456 
/home/antonkov/masterWork/tests/samePrefixMarkedMtx/depth2/node1/test0_2.mtx 3.1 0 -1 -1 
/home/antonkov/masterWork/tests/samePrefixMarkedMtx/depth2/node1/test0_2.mtx 3.2 0 -1 -1 
/home/antonkov/masterWork/tests/samePrefixMarkedMtx/depth2/node1/test0_2.mtx 3.3 0 -1 -1 
/home/antonkov/masterWork/tests/samePrefixMarkedMtx/depth2/node1/test0_2.mtx 3.4 0 -1 -1 
/home/antonkov/masterWork/tests/samePrefixMarkedMtx/depth2/node1/test0_2.mtx 3.5 0 -1 -1 
/home/antonkov/masterWork/tests/samePrefixMarkedMtx/depth2/node1/test0_3.mtx 1 106.886 0.0737934 0.755 
/home/antonkov/masterWork/tests/samePrefixMarkedMtx/depth2/node1/test0_3.mtx 1.1 96.7548 0.0653472 0.69 
/home/antonkov/masterWork/tests/samePrefixMarkedMtx/depth2/node1/test0_3.mtx 1.2 94.6893 0.05875 0.625 
/home/antonkov/masterWork/tests/samePrefixMarkedMtx/depth2/node1/test0_3.mtx 1.3 90.5626 0.0478559 0.51 
/home/antonkov/masterWork/tests/samePrefixMarkedMtx/depth2/node1/test0_3.mtx 1.4 119.29 0.0431713 0.493333 
/home/antonkov/masterWork/tests/samePrefixMarkedMtx/depth2/node1/test0_3.mtx 1.5 111.413 0.0340278 0.4 
/home/antonkov/masterWork/tests/samePrefixMarkedMtx/depth2/node1/test0_3.mtx 1.6 132.073 0.0267665 0.31 
/home/antonkov/masterWork/tests/samePrefixMarkedMtx/depth2/node1/test0_3.mtx 1.7 139.077 0.0194444 0.236 
/home/antonkov/masterWork/tests/samePrefixMarkedMtx/depth2/node1/test0_3.mtx 1.8 155.819 0.0168895 0.206667 
/home/antonkov/masterWork/tests/samePrefixMarkedMtx/depth2/node1/test0_3.mtx 1.9 178.279 0.0108789 0.13125 
/home/antonkov/masterWork/tests/samePrefixMarkedMtx/depth2/node1/test0_3.mtx 2 190.074 0.00819097 0.103 
/home/antonkov/masterWork/tests/samePrefixMarkedMtx/depth2/node1/test0_3.mtx 2.1 229.66 0.00548344 0.0776923 
/home/antonkov/masterWork/tests/samePrefixMarkedMtx/depth2/node1/test0_3.mtx 2.2 353.953 0.00307364 0.0416667 
/home/antonkov/masterWork/tests/samePrefixMarkedMtx/depth2/node1/test0_3.mtx 2.3 516.39 0.00196537 0.025641 
/home/antonkov/masterWork/tests/samePrefixMarkedMtx/depth2/node1/test0_3.mtx 2.4 722.453 0.00123065 0.0163934 
/home/antonkov/masterWork/tests/samePrefixMarkedMtx/depth2/node1/test0_3.mtx 2.5 1050.99 0.000706464 0.00971154 
/home/antonkov/masterWork/tests/samePrefixMarkedMtx/depth2/node1/test0_3.mtx 2.6 1548.22 0.000385193 0.00584795 
/home/antonkov/masterWork/tests/samePrefixMarkedMtx/depth2/node1/test0_3.mtx 2.7 2043.06 0.00026116 0.00389105 
/home/antonkov/masterWork/tests/samePrefixMarkedMtx/depth2/node1/test0_3.mtx 2.8 4040.91 0.000115404 0.00171233 
/home/antonkov/masterWork/tests/samePrefixMarkedMtx/depth2/node1/test0_3.mtx 2.9 5990.03 6.68394e-05 0.00102775 
/home/antonkov/masterWork/tests/samePrefixMarkedMtx/depth2/node1/test0_3.mtx 3 10962.3 3.1684e-05 0.000510204 
/home/antonkov/masterWork/tests/samePrefixMarkedMtx/depth2/node1/test0_3.mtx 3.1 0 -1 -1 
/home/antonkov/masterWork/tests/samePrefixMarkedMtx/depth2/node1/test0_3.mtx 3.2 0 -1 -1 
/home/antonkov/masterWork/tests/samePrefixMarkedMtx/depth2/node1/test0_3.mtx 3.3 0 -1 -1 
/home/antonkov/masterWork/tests/samePrefixMarkedMtx/depth2/node1/test0_3.mtx 3.4 0 -1 -1 
/home/antonkov/masterWork/tests/samePrefixMarkedMtx/depth2/node1/test0_3.mtx 3.5 0 -1 -1 
/home/antonkov/masterWork/tests/samePrefixMarkedMtx/depth2/node1/test0_4.mtx 1 107.755 0.0755816 0.77 
/home/antonkov/masterWork/tests/samePrefixMarkedMtx/depth2/node1/test0_4.mtx 1.1 101.39 0.0671875 0.705 
/home/antonkov/masterWork/tests/samePrefixMarkedMtx/depth2/node1/test0_4.mtx 1.2 97.0111 0.0567274 0.62 
/home/antonkov/masterWork/tests/samePrefixMarkedMtx/depth2/node1/test0_4.mtx 1.3 89.3089 0.0478906 0.55 
/home/antonkov/masterWork/tests/samePrefixMarkedMtx/depth2/node1/test0_4.mtx 1.4 113.115 0.0402488 0.483333 
/home/antonkov/masterWork/tests/samePrefixMarkedMtx/depth2/node1/test0_4.mtx 1.5 109.814 0.0315046 0.383333 
/home/antonkov/masterWork/tests/samePrefixMarkedMtx/depth2/node1/test0_4.mtx 1.6 127.231 0.0232205 0.285 
/home/antonkov/masterWork/tests/samePrefixMarkedMtx/depth2/node1/test0_4.mtx 1.7 135.052 0.0166944 0.21 
/home/antonkov/masterWork/tests/samePrefixMarkedMtx/depth2/node1/test0_4.mtx 1.8 148.25 0.0136979 0.17 
/home/antonkov/masterWork/tests/samePrefixMarkedMtx/depth2/node1/test0_4.mtx 1.9 188.266 0.00958912 0.123333 
/home/antonkov/masterWork/tests/samePrefixMarkedMtx/depth2/node1/test0_4.mtx 2 218.664 0.00716725 0.0883333 
/home/antonkov/masterWork/tests/samePrefixMarkedMtx/depth2/node1/test0_4.mtx 2.1 263.173 0.00486437 0.0625 
/home/antonkov/masterWork/tests/samePrefixMarkedMtx/depth2/node1/test0_4.mtx 2.2 366.278 0.00304583 0.0404 
/home/antonkov/masterWork/tests/samePrefixMarkedMtx/depth2/node1/test0_4.mtx 2.3 543.137 0.00176155 0.0232558 
/home/antonkov/masterWork/tests/samePrefixMarkedMtx/depth2/node1/test0_4.mtx 2.4 815.3 0.00108805 0.0142857 
/home/antonkov/masterWork/tests/samePrefixMarkedMtx/depth2/node1/test0_4.mtx 2.5 1001.94 0.0007364 0.0104167 
/home/antonkov/masterWork/tests/samePrefixMarkedMtx/depth2/node1/test0_4.mtx 2.6 1505.93 0.000416875 0.00610778 
/home/antonkov/masterWork/tests/samePrefixMarkedMtx/depth2/node1/test0_4.mtx 2.7 2283.92 0.000250048 0.00347222 
/home/antonkov/masterWork/tests/samePrefixMarkedMtx/depth2/node1/test0_4.mtx 2.8 2807.06 0.000172808 0.00257069 
/home/antonkov/masterWork/tests/samePrefixMarkedMtx/depth2/node1/test0_4.mtx 2.9 5925.57 6.91155e-05 0.00105263 
/home/antonkov/masterWork/tests/samePrefixMarkedMtx/depth2/node1/test0_4.mtx 3 10961.7 2.85575e-05 0.000513875 
/home/antonkov/masterWork/tests/samePrefixMarkedMtx/depth2/node1/test0_4.mtx 3.1 0 -1 -1 
/home/antonkov/masterWork/tests/samePrefixMarkedMtx/depth2/node1/test0_4.mtx 3.2 0 -1 -1 
/home/antonkov/masterWork/tests/samePrefixMarkedMtx/depth2/node1/test0_4.mtx 3.3 0 -1 -1 
/home/antonkov/masterWork/tests/samePrefixMarkedMtx/depth2/node1/test0_4.mtx 3.4 0 -1 -1 
/home/antonkov/masterWork/tests/samePrefixMarkedMtx/depth2/node1/test0_4.mtx 3.5 0 -1 -1 
/home/antonkov/masterWork/tests/samePrefixMarkedMtx/depth2/node1/test1_0.mtx 1 110.691 0.0805729 0.795 
/home/antonkov/masterWork/tests/samePrefixMarkedMtx/depth2/node1/test1_0.mtx 1.1 103.958 0.0705469 0.715 
/home/antonkov/masterWork/tests/samePrefixMarkedMtx/depth2/node1/test1_0.mtx 1.2 94.6417 0.0609549 0.655 
/home/antonkov/masterWork/tests/samePrefixMarkedMtx/depth2/node1/test1_0.mtx 1.3 91.9167 0.0527431 0.575 
/home/antonkov/masterWork/tests/samePrefixMarkedMtx/depth2/node1/test1_0.mtx 1.4 116.743 0.0425405 0.473333 
/home/antonkov/masterWork/tests/samePrefixMarkedMtx/depth2/node1/test1_0.mtx 1.5 108.608 0.0331887 0.373333 
/home/antonkov/masterWork/tests/samePrefixMarkedMtx/depth2/node1/test1_0.mtx 1.6 123.909 0.0251649 0.2875 
/home/antonkov/masterWork/tests/samePrefixMarkedMtx/depth2/node1/test1_0.mtx 1.7 140.417 0.019309 0.23 
/home/antonkov/masterWork/tests/samePrefixMarkedMtx/depth2/node1/test1_0.mtx 1.8 152.394 0.0154832 0.193333 
/home/antonkov/masterWork/tests/samePrefixMarkedMtx/depth2/node1/test1_0.mtx 1.9 164.547 0.0120064 0.161429 
/home/antonkov/masterWork/tests/samePrefixMarkedMtx/depth2/node1/test1_0.mtx 2 196.375 0.00888542 0.113 
/home/antonkov/masterWork/tests/samePrefixMarkedMtx/depth2/node1/test1_0.mtx 2.1 242.987 0.00578373 0.075 
/home/antonkov/masterWork/tests/samePrefixMarkedMtx/depth2/node1/test1_0.mtx 2.2 289.897 0.00418789 0.0566667 
/home/antonkov/masterWork/tests/samePrefixMarkedMtx/depth2/node1/test1_0.mtx 2.3 467.3 0.00211595 0.030303 
/home/antonkov/masterWork/tests/samePrefixMarkedMtx/depth2/node1/test1_0.mtx 2.4 654.969 0.00129488 0.0188679 
/home/antonkov/masterWork/tests/samePrefixMarkedMtx/depth2/node1/test1_0.mtx 2.5 931.182 0.000779412 0.0117647 
/home/antonkov/masterWork/tests/samePrefixMarkedMtx/depth2/node1/test1_0.mtx 2.6 1445.18 0.000439424 0.00702703 
/home/antonkov/masterWork/tests/samePrefixMarkedMtx/depth2/node1/test1_0.mtx 2.7 1971.81 0.000267814 0.00434783 
/home/antonkov/masterWork/tests/samePrefixMarkedMtx/depth2/node1/test1_0.mtx 2.8 2937.66 0.000160952 0.00260417 
/home/antonkov/masterWork/tests/samePrefixMarkedMtx/depth2/node1/test1_0.mtx 2.9 5120.68 8.15187e-05 0.00134309 
/home/antonkov/masterWork/tests/samePrefixMarkedMtx/depth2/node1/test1_0.mtx 3 8636.19 4.27098e-05 0.00070028 
/home/antonkov/masterWork/tests/samePrefixMarkedMtx/depth2/node1/test1_0.mtx 3.1 0 -1 -1 
/home/antonkov/masterWork/tests/samePrefixMarkedMtx/depth2/node1/test1_0.mtx 3.2 0 -1 -1 
/home/antonkov/masterWork/tests/samePrefixMarkedMtx/depth2/node1/test1_0.mtx 3.3 0 -1 -1 
/home/antonkov/masterWork/tests/samePrefixMarkedMtx/depth2/node1/test1_0.mtx 3.4 0 -1 -1 
/home/antonkov/masterWork/tests/samePrefixMarkedMtx/depth2/node1/test1_0.mtx 3.5 0 -1 -1 
/home/antonkov/masterWork/tests/samePrefixMarkedMtx/depth2/node1/test1_1.mtx 1 113.137 0.0795486 0.82 
/home/antonkov/masterWork/tests/samePrefixMarkedMtx/depth2/node1/test1_1.mtx 1.1 106.009 0.0700781 0.74 
/home/antonkov/masterWork/tests/samePrefixMarkedMtx/depth2/node1/test1_1.mtx 1.2 100.804 0.0613628 0.685 
/home/antonkov/masterWork/tests/samePrefixMarkedMtx/depth2/node1/test1_1.mtx 1.3 90.8891 0.0485503 0.55 
/home/antonkov/masterWork/tests/samePrefixMarkedMtx/depth2/node1/test1_1.mtx 1.4 119.245 0.043287 0.483333 
/home/antonkov/masterWork/tests/samePrefixMarkedMtx/depth2/node1/test1_1.mtx 1.5 108.861 0.0322917 0.376667 
/home/antonkov/masterWork/tests/samePrefixMarkedMtx/depth2/node1/test1_1.mtx 1.6 125.463 0.0274219 0.3125 
/home/antonkov/masterWork/tests/samePrefixMarkedMtx/depth2/node1/test1_1.mtx 1.7 114.404 0.0209375 0.25 
/home/antonkov/masterWork/tests/samePrefixMarkedMtx/depth2/node1/test1_1.mtx 1.8 147.405 0.0150405 0.181667 
/home/antonkov/masterWork/tests/samePrefixMarkedMtx/depth2/node1/test1_1.mtx 1.9 184.622 0.0100984 0.123333 
/home/antonkov/masterWork/tests/samePrefixMarkedMtx/depth2/node1/test1_1.mtx 2 213.24 0.00736742 0.0936364 
/home/antonkov/masterWork/tests/samePrefixMarkedMtx/depth2/node1/test1_1.mtx 2.1 277.98 0.00500817 0.0629412 
/home/antonkov/masterWork/tests/samePrefixMarkedMtx/depth2/node1/test1_1.mtx 2.2 359.926 0.00329933 0.0416667 
/home/antonkov/masterWork/tests/samePrefixMarkedMtx/depth2/node1/test1_1.mtx 2.3 483.671 0.00216357 0.027027 
/home/antonkov/masterWork/tests/samePrefixMarkedMtx/depth2/node1/test1_1.mtx 2.4 639.614 0.00137513 0.0188679 
/home/antonkov/masterWork/tests/samePrefixMarkedMtx/depth2/node1/test1_1.mtx 2.5 1083.56 0.000696737 0.00943396 
/home/antonkov/masterWork/tests/samePrefixMarkedMtx/depth2/node1/test1_1.mtx 2.6 1551.26 0.000397792 0.00581395 
/home/antonkov/masterWork/tests/samePrefixMarkedMtx/depth2/node1/test1_1.mtx 2.7 2387.28 0.00021393 0.00328947 
/home/antonkov/masterWork/tests/samePrefixMarkedMtx/depth2/node1/test1_1.mtx 2.8 4073.35 0.000113198 0.0016835 
/home/antonkov/masterWork/tests/samePrefixMarkedMtx/depth2/node1/test1_1.mtx 2.9 6523.5 5.83093e-05 0.00093633 
/home/antonkov/masterWork/tests/samePrefixMarkedMtx/depth2/node1/test1_1.mtx 3 0 -1 -1 
/home/antonkov/masterWork/tests/samePrefixMarkedMtx/depth2/node1/test1_1.mtx 3.1 0 -1 -1 
/home/antonkov/masterWork/tests/samePrefixMarkedMtx/depth2/node1/test1_1.mtx 3.2 0 -1 -1 
/home/antonkov/masterWork/tests/samePrefixMarkedMtx/depth2/node1/test1_1.mtx 3.3 0 -1 -1 
/home/antonkov/masterWork/tests/samePrefixMarkedMtx/depth2/node1/test1_1.mtx 3.4 0 -1 -1 
/home/antonkov/masterWork/tests/samePrefixMarkedMtx/depth2/node1/test1_1.mtx 3.5 0 -1 -1 
/home/antonkov/masterWork/tests/samePrefixMarkedMtx/depth2/node1/test1_2.mtx 1 111.329 0.0818056 0.81 
/home/antonkov/masterWork/tests/samePrefixMarkedMtx/depth2/node1/test1_2.mtx 1.1 107.052 0.0738802 0.775 
/home/antonkov/masterWork/tests/samePrefixMarkedMtx/depth2/node1/test1_2.mtx 1.2 103.593 0.0648264 0.715 
/home/antonkov/masterWork/tests/samePrefixMarkedMtx/depth2/node1/test1_2.mtx 1.3 94.2111 0.0539497 0.61 
/home/antonkov/masterWork/tests/samePrefixMarkedMtx/depth2/node1/test1_2.mtx 1.4 117.711 0.042853 0.48 
/home/antonkov/masterWork/tests/samePrefixMarkedMtx/depth2/node1/test1_2.mtx 1.5 109.74 0.0330498 0.376667 
/home/antonkov/masterWork/tests/samePrefixMarkedMtx/depth2/node1/test1_2.mtx 1.6 125.72 0.0280599 0.3375 
/home/antonkov/masterWork/tests/samePrefixMarkedMtx/depth2/node1/test1_2.mtx 1.7 119.035 0.0210156 0.2625 
/home/antonkov/masterWork/tests/samePrefixMarkedMtx/depth2/node1/test1_2.mtx 1.8 149.009 0.0167477 0.206667 
/home/antonkov/masterWork/tests/samePrefixMarkedMtx/depth2/node1/test1_2.mtx 1.9 156.667 0.0116245 0.15 
/home/antonkov/masterWork/tests/samePrefixMarkedMtx/depth2/node1/test1_2.mtx 2 204.9 0.0075584 0.0963636 
/home/antonkov/masterWork/tests/samePrefixMarkedMtx/depth2/node1/test1_2.mtx 2.1 246.224 0.00540675 0.0714286 
/home/antonkov/masterWork/tests/samePrefixMarkedMtx/depth2/node1/test1_2.mtx 2.2 352.717 0.00326993 0.0443478 
/home/antonkov/masterWork/tests/samePrefixMarkedMtx/depth2/node1/test1_2.mtx 2.3 438.353 0.00229221 0.03125 
/home/antonkov/masterWork/tests/samePrefixMarkedMtx/depth2/node1/test1_2.mtx 2.4 702.07 0.00126078 0.017931 
/home/antonkov/masterWork/tests/samePrefixMarkedMtx/depth2/node1/test1_2.mtx 2.5 871.328 0.000852838 0.0123457 
/home/antonkov/masterWork/tests/samePrefixMarkedMtx/depth2/node1/test1_2.mtx 2.6 1475.67 0.000417551 0.00636943 
/home/antonkov/masterWork/tests/samePrefixMarkedMtx/depth2/node1/test1_2.mtx 2.7 2202.93 0.000236279 0.00375465 
/home/antonkov/masterWork/tests/samePrefixMarkedMtx/depth2/node1/test1_2.mtx 2.8 3637.3 0.000121189 0.00197266 
/home/antonkov/masterWork/tests/samePrefixMarkedMtx/depth2/node1/test1_2.mtx 2.9 5176.48 7.43124e-05 0.00124069 
/home/antonkov/masterWork/tests/samePrefixMarkedMtx/depth2/node1/test1_2.mtx 3 9594.27 3.31327e-05 0.00059453 
/home/antonkov/masterWork/tests/samePrefixMarkedMtx/depth2/node1/test1_2.mtx 3.1 0 -1 -1 
/home/antonkov/masterWork/tests/samePrefixMarkedMtx/depth2/node1/test1_2.mtx 3.2 0 -1 -1 
/home/antonkov/masterWork/tests/samePrefixMarkedMtx/depth2/node1/test1_2.mtx 3.3 0 -1 -1 
/home/antonkov/masterWork/tests/samePrefixMarkedMtx/depth2/node1/test1_2.mtx 3.4 0 -1 -1 
/home/antonkov/masterWork/tests/samePrefixMarkedMtx/depth2/node1/test1_2.mtx 3.5 0 -1 -1 
/home/antonkov/masterWork/tests/samePrefixMarkedMtx/depth2/node1/test1_3.mtx 1 112.064 0.0788194 0.815 
/home/antonkov/masterWork/tests/samePrefixMarkedMtx/depth2/node1/test1_3.mtx 1.1 101.646 0.0674653 0.715 
/home/antonkov/masterWork/tests/samePrefixMarkedMtx/depth2/node1/test1_3.mtx 1.2 95.4492 0.0581684 0.645 
/home/antonkov/masterWork/tests/samePrefixMarkedMtx/depth2/node1/test1_3.mtx 1.3 90.441 0.0484288 0.545 
/home/antonkov/masterWork/tests/samePrefixMarkedMtx/depth2/node1/test1_3.mtx 1.4 116.754 0.040735 0.473333 
/home/antonkov/masterWork/tests/samePrefixMarkedMtx/depth2/node1/test1_3.mtx 1.5 108.601 0.0329282 0.386667 
/home/antonkov/masterWork/tests/samePrefixMarkedMtx/depth2/node1/test1_3.mtx 1.6 104.057 0.0281829 0.34 
/home/antonkov/masterWork/tests/samePrefixMarkedMtx/depth2/node1/test1_3.mtx 1.7 117.71 0.0208898 0.25 
/home/antonkov/masterWork/tests/samePrefixMarkedMtx/depth2/node1/test1_3.mtx 1.8 148.594 0.0166667 0.205 
/home/antonkov/masterWork/tests/samePrefixMarkedMtx/depth2/node1/test1_3.mtx 1.9 173.884 0.0116688 0.1475 
/home/antonkov/masterWork/tests/samePrefixMarkedMtx/depth2/node1/test1_3.mtx 2 214.386 0.00763889 0.0954545 
/home/antonkov/masterWork/tests/samePrefixMarkedMtx/depth2/node1/test1_3.mtx 2.1 252.048 0.00563988 0.0728571 
/home/antonkov/masterWork/tests/samePrefixMarkedMtx/depth2/node1/test1_3.mtx 2.2 341.361 0.00368608 0.0472727 
/home/antonkov/masterWork/tests/samePrefixMarkedMtx/depth2/node1/test1_3.mtx 2.3 399.547 0.00255687 0.0344828 
/home/antonkov/masterWork/tests/samePrefixMarkedMtx/depth2/node1/test1_3.mtx 2.4 671.8 0.00120939 0.0178571 
/home/antonkov/masterWork/tests/samePrefixMarkedMtx/depth2/node1/test1_3.mtx 2.5 990.189 0.000754368 0.0107527 
/home/antonkov/masterWork/tests/samePrefixMarkedMtx/depth2/node1/test1_3.mtx 2.6 1720.28 0.000363599 0.00515464 
/home/antonkov/masterWork/tests/samePrefixMarkedMtx/depth2/node1/test1_3.mtx 2.7 2440.94 0.000227816 0.00321543 
/home/antonkov/masterWork/tests/samePrefixMarkedMtx/depth2/node1/test1_3.mtx 2.8 3505.94 0.00013566 0.002 
/home/antonkov/masterWork/tests/samePrefixMarkedMtx/depth2/node1/test1_3.mtx 2.9 5735.42 7.16828e-05 0.00109426 
/home/antonkov/masterWork/tests/samePrefixMarkedMtx/depth2/node1/test1_3.mtx 3 9308.63 3.88134e-05 0.00060423 
/home/antonkov/masterWork/tests/samePrefixMarkedMtx/depth2/node1/test1_3.mtx 3.1 0 -1 -1 
/home/antonkov/masterWork/tests/samePrefixMarkedMtx/depth2/node1/test1_3.mtx 3.2 0 -1 -1 
/home/antonkov/masterWork/tests/samePrefixMarkedMtx/depth2/node1/test1_3.mtx 3.3 0 -1 -1 
/home/antonkov/masterWork/tests/samePrefixMarkedMtx/depth2/node1/test1_3.mtx 3.4 0 -1 -1 
/home/antonkov/masterWork/tests/samePrefixMarkedMtx/depth2/node1/test1_3.mtx 3.5 0 -1 -1 
/home/antonkov/masterWork/tests/samePrefixMarkedMtx/depth2/node1/test1_4.mtx 1 109.651 0.0798177 0.82 
/home/antonkov/masterWork/tests/samePrefixMarkedMtx/depth2/node1/test1_4.mtx 1.1 106.558 0.0708247 0.75 
/home/antonkov/masterWork/tests/samePrefixMarkedMtx/depth2/node1/test1_4.mtx 1.2 99.5495 0.0616319 0.67 
/home/antonkov/masterWork/tests/samePrefixMarkedMtx/depth2/node1/test1_4.mtx 1.3 95.9533 0.0512934 0.585 
/home/antonkov/masterWork/tests/samePrefixMarkedMtx/depth2/node1/test1_4.mtx 1.4 122.869 0.0406134 0.463333 
/home/antonkov/masterWork/tests/samePrefixMarkedMtx/depth2/node1/test1_4.mtx 1.5 115.102 0.0336979 0.4 
/home/antonkov/masterWork/tests/samePrefixMarkedMtx/depth2/node1/test1_4.mtx 1.6 127.965 0.0274826 0.32 
/home/antonkov/masterWork/tests/samePrefixMarkedMtx/depth2/node1/test1_4.mtx 1.7 116.745 0.0207335 0.25 
/home/antonkov/masterWork/tests/samePrefixMarkedMtx/depth2/node1/test1_4.mtx 1.8 147.184 0.015489 0.19 
/home/antonkov/masterWork/tests/samePrefixMarkedMtx/depth2/node1/test1_4.mtx 1.9 155.81 0.0118304 0.151429 
/home/antonkov/masterWork/tests/samePrefixMarkedMtx/depth2/node1/test1_4.mtx 2 203.821 0.00772222 0.101 
/home/antonkov/masterWork/tests/samePrefixMarkedMtx/depth2/node1/test1_4.mtx 2.1 242.726 0.00547619 0.0714286 
/home/antonkov/masterWork/tests/samePrefixMarkedMtx/depth2/node1/test1_4.mtx 2.2 360.851 0.00321482 0.0434783 
/home/antonkov/masterWork/tests/samePrefixMarkedMtx/depth2/node1/test1_4.mtx 2.3 516.26 0.00196546 0.0268421 
/home/antonkov/masterWork/tests/samePrefixMarkedMtx/depth2/node1/test1_4.mtx 2.4 765.031 0.00112033 0.0159375 
/home/antonkov/masterWork/tests/samePrefixMarkedMtx/depth2/node1/test1_4.mtx 2.5 1078.72 0.000723099 0.00980583 
/home/antonkov/masterWork/tests/samePrefixMarkedMtx/depth2/node1/test1_4.mtx 2.6 1516.59 0.000413987 0.00617284 
/home/antonkov/masterWork/tests/samePrefixMarkedMtx/depth2/node1/test1_4.mtx 2.7 2262.5 0.000240331 0.00364964 
/home/antonkov/masterWork/tests/samePrefixMarkedMtx/depth2/node1/test1_4.mtx 2.8 3239.33 0.000138535 0.00226757 
/home/antonkov/masterWork/tests/samePrefixMarkedMtx/depth2/node1/test1_4.mtx 2.9 5055.39 7.73988e-05 0.001287 
/home/antonkov/masterWork/tests/samePrefixMarkedMtx/depth2/node1/test1_4.mtx 3 8387.5 3.84399e-05 0.00069979 
/home/antonkov/masterWork/tests/samePrefixMarkedMtx/depth2/node1/test1_4.mtx 3.1 0 -1 -1 
/home/antonkov/masterWork/tests/samePrefixMarkedMtx/depth2/node1/test1_4.mtx 3.2 0 -1 -1 
/home/antonkov/masterWork/tests/samePrefixMarkedMtx/depth2/node1/test1_4.mtx 3.3 0 -1 -1 
/home/antonkov/masterWork/tests/samePrefixMarkedMtx/depth2/node1/test1_4.mtx 3.4 0 -1 -1 
/home/antonkov/masterWork/tests/samePrefixMarkedMtx/depth2/node1/test1_4.mtx 3.5 0 -1 -1 
/home/antonkov/masterWork/tests/samePrefixMarkedMtx/depth2/node1/test2_0.mtx 1 104.554 0.0760851 0.755 
/home/antonkov/masterWork/tests/samePrefixMarkedMtx/depth2/node1/test2_0.mtx 1.1 100.536 0.0671007 0.685 
/home/antonkov/masterWork/tests/samePrefixMarkedMtx/depth2/node1/test2_0.mtx 1.2 90.854 0.0580642 0.615 
/home/antonkov/masterWork/tests/samePrefixMarkedMtx/depth2/node1/test2_0.mtx 1.3 86.5234 0.0490017 0.53 
/home/antonkov/masterWork/tests/samePrefixMarkedMtx/depth2/node1/test2_0.mtx 1.4 114.453 0.0393519 0.436667 
/home/antonkov/masterWork/tests/samePrefixMarkedMtx/depth2/node1/test2_0.mtx 1.5 103.944 0.0312847 0.36 
/home/antonkov/masterWork/tests/samePrefixMarkedMtx/depth2/node1/test2_0.mtx 1.6 129.008 0.0250564 0.305 
/home/antonkov/masterWork/tests/samePrefixMarkedMtx/depth2/node1/test2_0.mtx 1.7 134.267 0.0172396 0.208 
/home/antonkov/masterWork/tests/samePrefixMarkedMtx/depth2/node1/test2_0.mtx 1.8 143.998 0.0138368 0.171667 
/home/antonkov/masterWork/tests/samePrefixMarkedMtx/depth2/node1/test2_0.mtx 1.9 189.014 0.00931327 0.12 
/home/antonkov/masterWork/tests/samePrefixMarkedMtx/depth2/node1/test2_0.mtx 2 226.485 0.00672309 0.0933333 
/home/antonkov/masterWork/tests/samePrefixMarkedMtx/depth2/node1/test2_0.mtx 2.1 287.578 0.00451695 0.0629412 
/home/antonkov/masterWork/tests/samePrefixMarkedMtx/depth2/node1/test2_0.mtx 2.2 382.235 0.00270278 0.0404 
/home/antonkov/masterWork/tests/samePrefixMarkedMtx/depth2/node1/test2_0.mtx 2.3 491.635 0.00165625 0.0285714 
/home/antonkov/masterWork/tests/samePrefixMarkedMtx/depth2/node1/test2_0.mtx 2.4 682.926 0.000957341 0.0178571 
/home/antonkov/masterWork/tests/samePrefixMarkedMtx/depth2/node1/test2_0.mtx 2.5 971.729 0.000586962 0.0114607 
/home/antonkov/masterWork/tests/samePrefixMarkedMtx/depth2/node1/test2_0.mtx 2.6 1091.01 0.000392876 0.00925926 
/home/antonkov/masterWork/tests/samePrefixMarkedMtx/depth2/node1/test2_0.mtx 2.7 1350.28 0.000281911 0.00680272 
/home/antonkov/masterWork/tests/samePrefixMarkedMtx/depth2/node1/test2_0.mtx 2.8 1753.97 0.000195082 0.00483092 
/home/antonkov/masterWork/tests/samePrefixMarkedMtx/depth2/node1/test2_0.mtx 2.9 2451.19 0.000105403 0.00309598 
/home/antonkov/masterWork/tests/samePrefixMarkedMtx/depth2/node1/test2_0.mtx 3 2643.35 8.78133e-05 0.00263852 
/home/antonkov/masterWork/tests/samePrefixMarkedMtx/depth2/node1/test2_0.mtx 3.1 3373.22 6.09772e-05 0.00189036 
/home/antonkov/masterWork/tests/samePrefixMarkedMtx/depth2/node1/test2_0.mtx 3.2 3704.03 4.26571e-05 0.00162075 
/home/antonkov/masterWork/tests/samePrefixMarkedMtx/depth2/node1/test2_0.mtx 3.3 4001.61 3.39938e-05 0.0013986 
/home/antonkov/masterWork/tests/samePrefixMarkedMtx/depth2/node1/test2_0.mtx 3.4 5074.17 2.41523e-05 0.00102669 
/home/antonkov/masterWork/tests/samePrefixMarkedMtx/depth2/node1/test2_0.mtx 3.5 5823.43 1.46664e-05 0.000848176 
/home/antonkov/masterWork/tests/samePrefixMarkedMtx/depth2/node1/test2_1.mtx 1 109.637 0.0775608 0.785 
/home/antonkov/masterWork/tests/samePrefixMarkedMtx/depth2/node1/test2_1.mtx 1.1 104.943 0.0690799 0.735 
/home/antonkov/masterWork/tests/samePrefixMarkedMtx/depth2/node1/test2_1.mtx 1.2 95.1849 0.0574566 0.615 
/home/antonkov/masterWork/tests/samePrefixMarkedMtx/depth2/node1/test2_1.mtx 1.3 86.5915 0.0478646 0.52 
/home/antonkov/masterWork/tests/samePrefixMarkedMtx/depth2/node1/test2_1.mtx 1.4 114.03 0.0378588 0.423333 
/home/antonkov/masterWork/tests/samePrefixMarkedMtx/depth2/node1/test2_1.mtx 1.5 102.32 0.0299074 0.34 
/home/antonkov/masterWork/tests/samePrefixMarkedMtx/depth2/node1/test2_1.mtx 1.6 119.665 0.0229948 0.26 
/home/antonkov/masterWork/tests/samePrefixMarkedMtx/depth2/node1/test2_1.mtx 1.7 131.899 0.0187465 0.22 
/home/antonkov/masterWork/tests/samePrefixMarkedMtx/depth2/node1/test2_1.mtx 1.8 149.622 0.0147888 0.18 
/home/antonkov/masterWork/tests/samePrefixMarkedMtx/depth2/node1/test2_1.mtx 1.9 167.162 0.010293 0.1275 
/home/antonkov/masterWork/tests/samePrefixMarkedMtx/depth2/node1/test2_1.mtx 2 205.78 0.00724432 0.0945455 
/home/antonkov/masterWork/tests/samePrefixMarkedMtx/depth2/node1/test2_1.mtx 2.1 286.578 0.00467729 0.0611765 
/home/antonkov/masterWork/tests/samePrefixMarkedMtx/depth2/node1/test2_1.mtx 2.2 346.537 0.00311632 0.0420833 
/home/antonkov/masterWork/tests/samePrefixMarkedMtx/depth2/node1/test2_1.mtx 2.3 477.9 0.00189959 0.0277778 
/home/antonkov/masterWork/tests/samePrefixMarkedMtx/depth2/node1/test2_1.mtx 2.4 716.877 0.00102627 0.0167742 
/home/antonkov/masterWork/tests/samePrefixMarkedMtx/depth2/node1/test2_1.mtx 2.5 984.135 0.000623892 0.0106383 
/home/antonkov/masterWork/tests/samePrefixMarkedMtx/depth2/node1/test2_1.mtx 2.6 1261.03 0.000381155 0.00757576 
/home/antonkov/masterWork/tests/samePrefixMarkedMtx/depth2/node1/test2_1.mtx 2.7 1684.47 0.000250979 0.00512821 
/home/antonkov/masterWork/tests/samePrefixMarkedMtx/depth2/node1/test2_1.mtx 2.8 2531.68 0.000127954 0.00298507 
/home/antonkov/masterWork/tests/samePrefixMarkedMtx/depth2/node1/test2_1.mtx 2.9 3387.95 8.06865e-05 0.00204918 
/home/antonkov/masterWork/tests/samePrefixMarkedMtx/depth2/node1/test2_1.mtx 3 4160.11 5.14237e-05 0.00151976 
/home/antonkov/masterWork/tests/samePrefixMarkedMtx/depth2/node1/test2_1.mtx 3.1 4741 3.76879e-05 0.00124688 
/home/antonkov/masterWork/tests/samePrefixMarkedMtx/depth2/node1/test2_1.mtx 3.2 5386.59 2.03563e-05 0.00103306 
/home/antonkov/masterWork/tests/samePrefixMarkedMtx/depth2/node1/test2_1.mtx 3.3 5951.73 1.41674e-05 0.00087184 
/home/antonkov/masterWork/tests/samePrefixMarkedMtx/depth2/node1/test2_1.mtx 3.4 0 -1 -1 
/home/antonkov/masterWork/tests/samePrefixMarkedMtx/depth2/node1/test2_1.mtx 3.5 0 -1 -1 
/home/antonkov/masterWork/tests/samePrefixMarkedMtx/depth2/node1/test2_2.mtx 1 109.417 0.0794878 0.805 
/home/antonkov/masterWork/tests/samePrefixMarkedMtx/depth2/node1/test2_2.mtx 1.1 107.174 0.0705382 0.745 
/home/antonkov/masterWork/tests/samePrefixMarkedMtx/depth2/node1/test2_2.mtx 1.2 94.9776 0.0569878 0.615 
/home/antonkov/masterWork/tests/samePrefixMarkedMtx/depth2/node1/test2_2.mtx 1.3 91.0816 0.0512847 0.57 
/home/antonkov/masterWork/tests/samePrefixMarkedMtx/depth2/node1/test2_2.mtx 1.4 86.0318 0.0439931 0.52 
/home/antonkov/masterWork/tests/samePrefixMarkedMtx/depth2/node1/test2_2.mtx 1.5 108.624 0.03239 0.393333 
/home/antonkov/masterWork/tests/samePrefixMarkedMtx/depth2/node1/test2_2.mtx 1.6 124.227 0.0233681 0.2875 
/home/antonkov/masterWork/tests/samePrefixMarkedMtx/depth2/node1/test2_2.mtx 1.7 153.463 0.0171209 0.203333 
/home/antonkov/masterWork/tests/samePrefixMarkedMtx/depth2/node1/test2_2.mtx 1.8 165.373 0.012562 0.154286 
/home/antonkov/masterWork/tests/samePrefixMarkedMtx/depth2/node1/test2_2.mtx 1.9 190.676 0.0095679 0.117778 
/home/antonkov/masterWork/tests/samePrefixMarkedMtx/depth2/node1/test2_2.mtx 2 221.245 0.00706597 0.0916667 
/home/antonkov/masterWork/tests/samePrefixMarkedMtx/depth2/node1/test2_2.mtx 2.1 299.012 0.00441262 0.0583333 
/home/antonkov/masterWork/tests/samePrefixMarkedMtx/depth2/node1/test2_2.mtx 2.2 407.406 0.00266617 0.0360714 
/home/antonkov/masterWork/tests/samePrefixMarkedMtx/depth2/node1/test2_2.mtx 2.3 547.347 0.00170015 0.0242857 
/home/antonkov/masterWork/tests/samePrefixMarkedMtx/depth2/node1/test2_2.mtx 2.4 738.035 0.00103326 0.015625 
/home/antonkov/masterWork/tests/samePrefixMarkedMtx/depth2/node1/test2_2.mtx 2.5 1035.61 0.000699004 0.010101 
/home/antonkov/masterWork/tests/samePrefixMarkedMtx/depth2/node1/test2_2.mtx 2.6 1552.35 0.000415202 0.0060241 
/home/antonkov/masterWork/tests/samePrefixMarkedMtx/depth2/node1/test2_2.mtx 2.7 2365.39 0.0002269 0.00347222 
/home/antonkov/masterWork/tests/samePrefixMarkedMtx/depth2/node1/test2_2.mtx 2.8 4488.72 0.000105245 0.00159236 
/home/antonkov/masterWork/tests/samePrefixMarkedMtx/depth2/node1/test2_2.mtx 2.9 7466.1 5.60579e-05 0.000851064 
/home/antonkov/masterWork/tests/samePrefixMarkedMtx/depth2/node1/test2_2.mtx 3 0 -1 -1 
/home/antonkov/masterWork/tests/samePrefixMarkedMtx/depth2/node1/test2_2.mtx 3.1 0 -1 -1 
/home/antonkov/masterWork/tests/samePrefixMarkedMtx/depth2/node1/test2_2.mtx 3.2 0 -1 -1 
/home/antonkov/masterWork/tests/samePrefixMarkedMtx/depth2/node1/test2_2.mtx 3.3 0 -1 -1 
/home/antonkov/masterWork/tests/samePrefixMarkedMtx/depth2/node1/test2_2.mtx 3.4 0 -1 -1 
/home/antonkov/masterWork/tests/samePrefixMarkedMtx/depth2/node1/test2_2.mtx 3.5 0 -1 -1 
/home/antonkov/masterWork/tests/samePrefixMarkedMtx/depth2/node1/test2_3.mtx 1 107.22 0.0775434 0.8 
/home/antonkov/masterWork/tests/samePrefixMarkedMtx/depth2/node1/test2_3.mtx 1.1 102.773 0.0678299 0.725 
/home/antonkov/masterWork/tests/samePrefixMarkedMtx/depth2/node1/test2_3.mtx 1.2 95.3822 0.0567014 0.615 
/home/antonkov/masterWork/tests/samePrefixMarkedMtx/depth2/node1/test2_3.mtx 1.3 90.4938 0.0461198 0.51 
/home/antonkov/masterWork/tests/samePrefixMarkedMtx/depth2/node1/test2_3.mtx 1.4 110.311 0.0377836 0.423333 
/home/antonkov/masterWork/tests/samePrefixMarkedMtx/depth2/node1/test2_3.mtx 1.5 105.326 0.0298843 0.346667 
/home/antonkov/masterWork/tests/samePrefixMarkedMtx/depth2/node1/test2_3.mtx 1.6 125.834 0.0230946 0.2775 
/home/antonkov/masterWork/tests/samePrefixMarkedMtx/depth2/node1/test2_3.mtx 1.7 134.734 0.0177535 0.218 
/home/antonkov/masterWork/tests/samePrefixMarkedMtx/depth2/node1/test2_3.mtx 1.8 144.666 0.0137529 0.171667 
/home/antonkov/masterWork/tests/samePrefixMarkedMtx/depth2/node1/test2_3.mtx 1.9 184.944 0.0101389 0.127778 
/home/antonkov/masterWork/tests/samePrefixMarkedMtx/depth2/node1/test2_3.mtx 2 224.542 0.00681424 0.0883333 
/home/antonkov/masterWork/tests/samePrefixMarkedMtx/depth2/node1/test2_3.mtx 2.1 293.851 0.0043615 0.0566667 
/home/antonkov/masterWork/tests/samePrefixMarkedMtx/depth2/node1/test2_3.mtx 2.2 399.931 0.00271453 0.0357143 
/home/antonkov/masterWork/tests/samePrefixMarkedMtx/depth2/node1/test2_3.mtx 2.3 549.333 0.00174136 0.0232558 
/home/antonkov/masterWork/tests/samePrefixMarkedMtx/depth2/node1/test2_3.mtx 2.4 793.955 0.00100543 0.0144928 
/home/antonkov/masterWork/tests/samePrefixMarkedMtx/depth2/node1/test2_3.mtx 2.5 1087.87 0.000653725 0.00927273 
/home/antonkov/masterWork/tests/samePrefixMarkedMtx/depth2/node1/test2_3.mtx 2.6 1559.79 0.000397442 0.00576271 
/home/antonkov/masterWork/tests/samePrefixMarkedMtx/depth2/node1/test2_3.mtx 2.7 2406.17 0.000222165 0.00331148 
/home/antonkov/masterWork/tests/samePrefixMarkedMtx/depth2/node1/test2_3.mtx 2.8 3741.51 0.000126166 0.00185529 
/home/antonkov/masterWork/tests/samePrefixMarkedMtx/depth2/node1/test2_3.mtx 2.9 6692.06 6.38818e-05 0.000923361 
/home/antonkov/masterWork/tests/samePrefixMarkedMtx/depth2/node1/test2_3.mtx 3 0 -1 -1 
/home/antonkov/masterWork/tests/samePrefixMarkedMtx/depth2/node1/test2_3.mtx 3.1 0 -1 -1 
/home/antonkov/masterWork/tests/samePrefixMarkedMtx/depth2/node1/test2_3.mtx 3.2 0 -1 -1 
/home/antonkov/masterWork/tests/samePrefixMarkedMtx/depth2/node1/test2_3.mtx 3.3 0 -1 -1 
/home/antonkov/masterWork/tests/samePrefixMarkedMtx/depth2/node1/test2_3.mtx 3.4 0 -1 -1 
/home/antonkov/masterWork/tests/samePrefixMarkedMtx/depth2/node1/test2_3.mtx 3.5 0 -1 -1 
/home/antonkov/masterWork/tests/samePrefixMarkedMtx/depth2/node1/test2_4.mtx 1 107.691 0.0792101 0.79 
/home/antonkov/masterWork/tests/samePrefixMarkedMtx/depth2/node1/test2_4.mtx 1.1 105.4 0.0703646 0.735 
/home/antonkov/masterWork/tests/samePrefixMarkedMtx/depth2/node1/test2_4.mtx 1.2 96.1101 0.0621615 0.665 
/home/antonkov/masterWork/tests/samePrefixMarkedMtx/depth2/node1/test2_4.mtx 1.3 91.9497 0.0518663 0.58 
/home/antonkov/masterWork/tests/samePrefixMarkedMtx/depth2/node1/test2_4.mtx 1.4 113.13 0.040081 0.453333 
/home/antonkov/masterWork/tests/samePrefixMarkedMtx/depth2/node1/test2_4.mtx 1.5 105.917 0.0310243 0.373333 
/home/antonkov/masterWork/tests/samePrefixMarkedMtx/depth2/node1/test2_4.mtx 1.6 124.072 0.0248307 0.2975 
/home/antonkov/masterWork/tests/samePrefixMarkedMtx/depth2/node1/test2_4.mtx 1.7 134.067 0.017184 0.218 
/home/antonkov/masterWork/tests/samePrefixMarkedMtx/depth2/node1/test2_4.mtx 1.8 164.467 0.0128671 0.161429 
/home/antonkov/masterWork/tests/samePrefixMarkedMtx/depth2/node1/test2_4.mtx 1.9 192.902 0.00938079 0.113333 
/home/antonkov/masterWork/tests/samePrefixMarkedMtx/depth2/node1/test2_4.mtx 2 225.382 0.00681568 0.085 
/home/antonkov/masterWork/tests/samePrefixMarkedMtx/depth2/node1/test2_4.mtx 2.1 293.267 0.00451292 0.0572222 
/home/antonkov/masterWork/tests/samePrefixMarkedMtx/depth2/node1/test2_4.mtx 2.2 433.099 0.00260243 0.034 
/home/antonkov/masterWork/tests/samePrefixMarkedMtx/depth2/node1/test2_4.mtx 2.3 595.528 0.00165669 0.0217021 
/home/antonkov/masterWork/tests/samePrefixMarkedMtx/depth2/node1/test2_4.mtx 2.4 855.309 0.000963657 0.0133333 
/home/antonkov/masterWork/tests/samePrefixMarkedMtx/depth2/node1/test2_4.mtx 2.5 1240.44 0.000507055 0.00793651 
/home/antonkov/masterWork/tests/samePrefixMarkedMtx/depth2/node1/test2_4.mtx 2.6 1947.87 0.000326942 0.00442478 
/home/antonkov/masterWork/tests/samePrefixMarkedMtx/depth2/node1/test2_4.mtx 2.7 2653.09 0.000203562 0.00292398 
/home/antonkov/masterWork/tests/samePrefixMarkedMtx/depth2/node1/test2_4.mtx 2.8 4083.08 0.000113412 0.00166945 
/home/antonkov/masterWork/tests/samePrefixMarkedMtx/depth2/node1/test2_4.mtx 2.9 8051.87 5.09528e-05 0.000748503 
/home/antonkov/masterWork/tests/samePrefixMarkedMtx/depth2/node1/test2_4.mtx 3 0 -1 -1 
/home/antonkov/masterWork/tests/samePrefixMarkedMtx/depth2/node1/test2_4.mtx 3.1 0 -1 -1 
/home/antonkov/masterWork/tests/samePrefixMarkedMtx/depth2/node1/test2_4.mtx 3.2 0 -1 -1 
/home/antonkov/masterWork/tests/samePrefixMarkedMtx/depth2/node1/test2_4.mtx 3.3 0 -1 -1 
/home/antonkov/masterWork/tests/samePrefixMarkedMtx/depth2/node1/test2_4.mtx 3.4 0 -1 -1 
/home/antonkov/masterWork/tests/samePrefixMarkedMtx/depth2/node1/test2_4.mtx 3.5 0 -1 -1 
/home/antonkov/masterWork/tests/samePrefixMarkedMtx/depth2/node1/test97_0.mtx 1 113.324 0.0826128 0.83 
/home/antonkov/masterWork/tests/samePrefixMarkedMtx/depth2/node1/test97_0.mtx 1.1 112.349 0.0710503 0.72 
/home/antonkov/masterWork/tests/samePrefixMarkedMtx/depth2/node1/test97_0.mtx 1.2 98.2044 0.0623958 0.65 
/home/antonkov/masterWork/tests/samePrefixMarkedMtx/depth2/node1/test97_0.mtx 1.3 94.483 0.0536632 0.58 
/home/antonkov/masterWork/tests/samePrefixMarkedMtx/depth2/node1/test97_0.mtx 1.4 91.3411 0.04625 0.515 
/home/antonkov/masterWork/tests/samePrefixMarkedMtx/depth2/node1/test97_0.mtx 1.5 116.593 0.0392303 0.453333 
/home/antonkov/masterWork/tests/samePrefixMarkedMtx/depth2/node1/test97_0.mtx 1.6 108.281 0.0300231 0.36 
/home/antonkov/masterWork/tests/samePrefixMarkedMtx/depth2/node1/test97_0.mtx 1.7 121.338 0.0224436 0.2675 
/home/antonkov/masterWork/tests/samePrefixMarkedMtx/depth2/node1/test97_0.mtx 1.8 150.181 0.0166667 0.201667 
/home/antonkov/masterWork/tests/samePrefixMarkedMtx/depth2/node1/test97_0.mtx 1.9 163.235 0.012438 0.151429 
/home/antonkov/masterWork/tests/samePrefixMarkedMtx/depth2/node1/test97_0.mtx 2 193.187 0.00924383 0.116667 
/home/antonkov/masterWork/tests/samePrefixMarkedMtx/depth2/node1/test97_0.mtx 2.1 246.017 0.00604701 0.08 
/home/antonkov/masterWork/tests/samePrefixMarkedMtx/depth2/node1/test97_0.mtx 2.2 311.525 0.0037902 0.0526316 
/home/antonkov/masterWork/tests/samePrefixMarkedMtx/depth2/node1/test97_0.mtx 2.3 452.929 0.00241095 0.0332258 
/home/antonkov/masterWork/tests/samePrefixMarkedMtx/depth2/node1/test97_0.mtx 2.4 611.497 0.00147823 0.02125 
/home/antonkov/masterWork/tests/samePrefixMarkedMtx/depth2/node1/test97_0.mtx 2.5 864.465 0.000945007 0.0137838 
/home/antonkov/masterWork/tests/samePrefixMarkedMtx/depth2/node1/test97_0.mtx 2.6 1367.33 0.00051209 0.00733813 
/home/antonkov/masterWork/tests/samePrefixMarkedMtx/depth2/node1/test97_0.mtx 2.7 2034.95 0.000278071 0.00421941 
/home/antonkov/masterWork/tests/samePrefixMarkedMtx/depth2/node1/test97_0.mtx 2.8 3029.47 0.000161044 0.00248756 
/home/antonkov/masterWork/tests/samePrefixMarkedMtx/depth2/node1/test97_0.mtx 2.9 4714.3 8.40721e-05 0.00141844 
/home/antonkov/masterWork/tests/samePrefixMarkedMtx/depth2/node1/test97_0.mtx 3 7720.6 4.48835e-05 0.000782473 
/home/antonkov/masterWork/tests/samePrefixMarkedMtx/depth2/node1/test97_0.mtx 3.1 0 -1 -1 
/home/antonkov/masterWork/tests/samePrefixMarkedMtx/depth2/node1/test97_0.mtx 3.2 0 -1 -1 
/home/antonkov/masterWork/tests/samePrefixMarkedMtx/depth2/node1/test97_0.mtx 3.3 0 -1 -1 
/home/antonkov/masterWork/tests/samePrefixMarkedMtx/depth2/node1/test97_0.mtx 3.4 0 -1 -1 
/home/antonkov/masterWork/tests/samePrefixMarkedMtx/depth2/node1/test97_0.mtx 3.5 0 -1 -1 
/home/antonkov/masterWork/tests/samePrefixMarkedMtx/depth2/node1/test97_1.mtx 1 115.926 0.0828299 0.825 
/home/antonkov/masterWork/tests/samePrefixMarkedMtx/depth2/node1/test97_1.mtx 1.1 107.327 0.0745399 0.745 
/home/antonkov/masterWork/tests/samePrefixMarkedMtx/depth2/node1/test97_1.mtx 1.2 100.751 0.0665104 0.7 
/home/antonkov/masterWork/tests/samePrefixMarkedMtx/depth2/node1/test97_1.mtx 1.3 93.5376 0.058125 0.64 
/home/antonkov/masterWork/tests/samePrefixMarkedMtx/depth2/node1/test97_1.mtx 1.4 93.564 0.0487587 0.555 
/home/antonkov/masterWork/tests/samePrefixMarkedMtx/depth2/node1/test97_1.mtx 1.5 116.972 0.036875 0.433333 
/home/antonkov/masterWork/tests/samePrefixMarkedMtx/depth2/node1/test97_1.mtx 1.6 110.676 0.027772 0.343333 
/home/antonkov/masterWork/tests/samePrefixMarkedMtx/depth2/node1/test97_1.mtx 1.7 146.361 0.0198056 0.246 
/home/antonkov/masterWork/tests/samePrefixMarkedMtx/depth2/node1/test97_1.mtx 1.8 162.151 0.0151476 0.19 
/home/antonkov/masterWork/tests/samePrefixMarkedMtx/depth2/node1/test97_1.mtx 1.9 181.38 0.0111567 0.14125 
/home/antonkov/masterWork/tests/samePrefixMarkedMtx/depth2/node1/test97_1.mtx 2 209.651 0.00824653 0.106 
/home/antonkov/masterWork/tests/samePrefixMarkedMtx/depth2/node1/test97_1.mtx 2.1 274.079 0.00540393 0.0666667 
/home/antonkov/masterWork/tests/samePrefixMarkedMtx/depth2/node1/test97_1.mtx 2.2 349.564 0.00333003 0.047619 
/home/antonkov/masterWork/tests/samePrefixMarkedMtx/depth2/node1/test97_1.mtx 2.3 457.237 0.00232964 0.0321875 
/home/antonkov/masterWork/tests/samePrefixMarkedMtx/depth2/node1/test97_1.mtx 2.4 677.862 0.00125386 0.0188889 
/home/antonkov/masterWork/tests/samePrefixMarkedMtx/depth2/node1/test97_1.mtx 2.5 1005.76 0.000800952 0.011236 
/home/antonkov/masterWork/tests/samePrefixMarkedMtx/depth2/node1/test97_1.mtx 2.6 1600.35 0.000432734 0.00621118 
/home/antonkov/masterWork/tests/samePrefixMarkedMtx/depth2/node1/test97_1.mtx 2.7 2106.37 0.000283662 0.0041841 
/home/antonkov/masterWork/tests/samePrefixMarkedMtx/depth2/node1/test97_1.mtx 2.8 3609.03 0.000139001 0.00215054 
/home/antonkov/masterWork/tests/samePrefixMarkedMtx/depth2/node1/test97_1.mtx 2.9 5607.64 7.4908e-05 0.00121507 
/home/antonkov/masterWork/tests/samePrefixMarkedMtx/depth2/node1/test97_1.mtx 3 9695.68 3.83593e-05 0.000632911 
/home/antonkov/masterWork/tests/samePrefixMarkedMtx/depth2/node1/test97_1.mtx 3.1 0 -1 -1 
/home/antonkov/masterWork/tests/samePrefixMarkedMtx/depth2/node1/test97_1.mtx 3.2 0 -1 -1 
/home/antonkov/masterWork/tests/samePrefixMarkedMtx/depth2/node1/test97_1.mtx 3.3 0 -1 -1 
/home/antonkov/masterWork/tests/samePrefixMarkedMtx/depth2/node1/test97_1.mtx 3.4 0 -1 -1 
/home/antonkov/masterWork/tests/samePrefixMarkedMtx/depth2/node1/test97_1.mtx 3.5 0 -1 -1 
/home/antonkov/masterWork/tests/samePrefixMarkedMtx/depth2/node1/test97_2.mtx 1 113.346 0.0809983 0.8 
/home/antonkov/masterWork/tests/samePrefixMarkedMtx/depth2/node1/test97_2.mtx 1.1 108.451 0.0717188 0.725 
/home/antonkov/masterWork/tests/samePrefixMarkedMtx/depth2/node1/test97_2.mtx 1.2 100.248 0.0643142 0.67 
/home/antonkov/masterWork/tests/samePrefixMarkedMtx/depth2/node1/test97_2.mtx 1.3 95.7755 0.053941 0.6 
/home/antonkov/masterWork/tests/samePrefixMarkedMtx/depth2/node1/test97_2.mtx 1.4 91.5812 0.044184 0.51 
/home/antonkov/masterWork/tests/samePrefixMarkedMtx/depth2/node1/test97_2.mtx 1.5 111.49 0.0342361 0.39 
/home/antonkov/masterWork/tests/samePrefixMarkedMtx/depth2/node1/test97_2.mtx 1.6 129.601 0.0287066 0.33 
/home/antonkov/masterWork/tests/samePrefixMarkedMtx/depth2/node1/test97_2.mtx 1.7 148.755 0.0215729 0.246 
/home/antonkov/masterWork/tests/samePrefixMarkedMtx/depth2/node1/test97_2.mtx 1.8 155.601 0.016794 0.198333 
/home/antonkov/masterWork/tests/samePrefixMarkedMtx/depth2/node1/test97_2.mtx 1.9 163.496 0.0126761 0.154286 
/home/antonkov/masterWork/tests/samePrefixMarkedMtx/depth2/node1/test97_2.mtx 2 203.882 0.00882812 0.109 
/home/antonkov/masterWork/tests/samePrefixMarkedMtx/depth2/node1/test97_2.mtx 2.1 267.956 0.00535532 0.07 
/home/antonkov/masterWork/tests/samePrefixMarkedMtx/depth2/node1/test97_2.mtx 2.2 336.798 0.00351356 0.047619 
/home/antonkov/masterWork/tests/samePrefixMarkedMtx/depth2/node1/test97_2.mtx 2.3 442.639 0.00235775 0.0325806 
/home/antonkov/masterWork/tests/samePrefixMarkedMtx/depth2/node1/test97_2.mtx 2.4 686.917 0.0012963 0.0185185 
/home/antonkov/masterWork/tests/samePrefixMarkedMtx/depth2/node1/test97_2.mtx 2.5 977.701 0.000796189 0.0116279 
/home/antonkov/masterWork/tests/samePrefixMarkedMtx/depth2/node1/test97_2.mtx 2.6 1504.11 0.000447871 0.00660131 
/home/antonkov/masterWork/tests/samePrefixMarkedMtx/depth2/node1/test97_2.mtx 2.7 2116.09 0.000252023 0.00417355 
/home/antonkov/masterWork/tests/samePrefixMarkedMtx/depth2/node1/test97_2.mtx 2.8 3248.08 0.000148603 0.00238095 
/home/antonkov/masterWork/tests/samePrefixMarkedMtx/depth2/node1/test97_2.mtx 2.9 5178.92 8.07689e-05 0.00130719 
/home/antonkov/masterWork/tests/samePrefixMarkedMtx/depth2/node1/test97_2.mtx 3 9586.12 3.70827e-05 0.000626566 
/home/antonkov/masterWork/tests/samePrefixMarkedMtx/depth2/node1/test97_2.mtx 3.1 0 -1 -1 
/home/antonkov/masterWork/tests/samePrefixMarkedMtx/depth2/node1/test97_2.mtx 3.2 0 -1 -1 
/home/antonkov/masterWork/tests/samePrefixMarkedMtx/depth2/node1/test97_2.mtx 3.3 0 -1 -1 
/home/antonkov/masterWork/tests/samePrefixMarkedMtx/depth2/node1/test97_2.mtx 3.4 0 -1 -1 
/home/antonkov/masterWork/tests/samePrefixMarkedMtx/depth2/node1/test97_2.mtx 3.5 0 -1 -1 
/home/antonkov/masterWork/tests/samePrefixMarkedMtx/depth2/node1/test97_3.mtx 1 111.947 0.0814497 0.81 
/home/antonkov/masterWork/tests/samePrefixMarkedMtx/depth2/node1/test97_3.mtx 1.1 108.814 0.0722309 0.745 
/home/antonkov/masterWork/tests/samePrefixMarkedMtx/depth2/node1/test97_3.mtx 1.2 100.682 0.0634201 0.67 
/home/antonkov/masterWork/tests/samePrefixMarkedMtx/depth2/node1/test97_3.mtx 1.3 93.0159 0.0556337 0.605 
/home/antonkov/masterWork/tests/samePrefixMarkedMtx/depth2/node1/test97_3.mtx 1.4 91.5648 0.0469358 0.525 
/home/antonkov/masterWork/tests/samePrefixMarkedMtx/depth2/node1/test97_3.mtx 1.5 113.908 0.0360301 0.406667 
/home/antonkov/masterWork/tests/samePrefixMarkedMtx/depth2/node1/test97_3.mtx 1.6 133.761 0.0283507 0.3175 
/home/antonkov/masterWork/tests/samePrefixMarkedMtx/depth2/node1/test97_3.mtx 1.7 139.567 0.0212917 0.242 
/home/antonkov/masterWork/tests/samePrefixMarkedMtx/depth2/node1/test97_3.mtx 1.8 155.602 0.0175174 0.213333 
/home/antonkov/masterWork/tests/samePrefixMarkedMtx/depth2/node1/test97_3.mtx 1.9 155.989 0.0126116 0.151429 
/home/antonkov/masterWork/tests/samePrefixMarkedMtx/depth2/node1/test97_3.mtx 2 207.941 0.00854861 0.105 
/home/antonkov/masterWork/tests/samePrefixMarkedMtx/depth2/node1/test97_3.mtx 2.1 262.229 0.00558565 0.0693333 
/home/antonkov/masterWork/tests/samePrefixMarkedMtx/depth2/node1/test97_3.mtx 2.2 317.438 0.00377865 0.0505 
/home/antonkov/masterWork/tests/samePrefixMarkedMtx/depth2/node1/test97_3.mtx 2.3 475.622 0.00226484 0.0306061 
/home/antonkov/masterWork/tests/samePrefixMarkedMtx/depth2/node1/test97_3.mtx 2.4 727.411 0.00122067 0.0174138 
/home/antonkov/masterWork/tests/samePrefixMarkedMtx/depth2/node1/test97_3.mtx 2.5 1005.55 0.000787855 0.0108696 
/home/antonkov/masterWork/tests/samePrefixMarkedMtx/depth2/node1/test97_3.mtx 2.6 1533.31 0.000403592 0.00617284 
/home/antonkov/masterWork/tests/samePrefixMarkedMtx/depth2/node1/test97_3.mtx 2.7 2241.83 0.000259242 0.0037594 
/home/antonkov/masterWork/tests/samePrefixMarkedMtx/depth2/node1/test97_3.mtx 2.8 3187.04 0.000159609 0.002331 
/home/antonkov/masterWork/tests/samePrefixMarkedMtx/depth2/node1/test97_3.mtx 2.9 5837.5 7.22038e-05 0.00110375 
/home/antonkov/masterWork/tests/samePrefixMarkedMtx/depth2/node1/test97_3.mtx 3 10689.1 3.54664e-05 0.000542594 
/home/antonkov/masterWork/tests/samePrefixMarkedMtx/depth2/node1/test97_3.mtx 3.1 0 -1 -1 
/home/antonkov/masterWork/tests/samePrefixMarkedMtx/depth2/node1/test97_3.mtx 3.2 0 -1 -1 
/home/antonkov/masterWork/tests/samePrefixMarkedMtx/depth2/node1/test97_3.mtx 3.3 0 -1 -1 
/home/antonkov/masterWork/tests/samePrefixMarkedMtx/depth2/node1/test97_3.mtx 3.4 0 -1 -1 
/home/antonkov/masterWork/tests/samePrefixMarkedMtx/depth2/node1/test97_3.mtx 3.5 0 -1 -1 
/home/antonkov/masterWork/tests/samePrefixMarkedMtx/depth2/node1/test97_4.mtx 1 114.136 0.0831076 0.855 
/home/antonkov/masterWork/tests/samePrefixMarkedMtx/depth2/node1/test97_4.mtx 1.1 113.89 0.0738802 0.76 
/home/antonkov/masterWork/tests/samePrefixMarkedMtx/depth2/node1/test97_4.mtx 1.2 100.505 0.0628559 0.67 
/home/antonkov/masterWork/tests/samePrefixMarkedMtx/depth2/node1/test97_4.mtx 1.3 96.5932 0.0560156 0.6 
/home/antonkov/masterWork/tests/samePrefixMarkedMtx/depth2/node1/test97_4.mtx 1.4 92.0841 0.0446007 0.5 
/home/antonkov/masterWork/tests/samePrefixMarkedMtx/depth2/node1/test97_4.mtx 1.5 118.981 0.0361285 0.416667 
/home/antonkov/masterWork/tests/samePrefixMarkedMtx/depth2/node1/test97_4.mtx 1.6 106.495 0.0288368 0.353333 
/home/antonkov/masterWork/tests/samePrefixMarkedMtx/depth2/node1/test97_4.mtx 1.7 125.289 0.021697 0.265 
/home/antonkov/masterWork/tests/samePrefixMarkedMtx/depth2/node1/test97_4.mtx 1.8 133.537 0.0168125 0.206 
/home/antonkov/masterWork/tests/samePrefixMarkedMtx/depth2/node1/test97_4.mtx 1.9 162.072 0.0121329 0.15 
/home/antonkov/masterWork/tests/samePrefixMarkedMtx/depth2/node1/test97_4.mtx 2 181.786 0.00864005 0.111111 
/home/antonkov/masterWork/tests/samePrefixMarkedMtx/depth2/node1/test97_4.mtx 2.1 255.583 0.00618428 0.0778571 
/home/antonkov/masterWork/tests/samePrefixMarkedMtx/depth2/node1/test97_4.mtx 2.2 348.381 0.00345644 0.0454545 
/home/antonkov/masterWork/tests/samePrefixMarkedMtx/depth2/node1/test97_4.mtx 2.3 502.974 0.00206163 0.0277778 
/home/antonkov/masterWork/tests/samePrefixMarkedMtx/depth2/node1/test97_4.mtx 2.4 707.773 0.00123743 0.0174138 
/home/antonkov/masterWork/tests/samePrefixMarkedMtx/depth2/node1/test97_4.mtx 2.5 1064.5 0.000702948 0.0102041 
/home/antonkov/masterWork/tests/samePrefixMarkedMtx/depth2/node1/test97_4.mtx 2.6 1539.42 0.000401271 0.00628931 
/home/antonkov/masterWork/tests/samePrefixMarkedMtx/depth2/node1/test97_4.mtx 2.7 2334.59 0.000247268 0.00367647 
/home/antonkov/masterWork/tests/samePrefixMarkedMtx/depth2/node1/test97_4.mtx 2.8 3143.82 0.000155253 0.00239234 
/home/antonkov/masterWork/tests/samePrefixMarkedMtx/depth2/node1/test97_4.mtx 2.9 5132.68 8.14431e-05 0.001287 
/home/antonkov/masterWork/tests/samePrefixMarkedMtx/depth2/node1/test97_4.mtx 3 8190.31 4.41908e-05 0.000720461 
/home/antonkov/masterWork/tests/samePrefixMarkedMtx/depth2/node1/test97_4.mtx 3.1 0 -1 -1 
/home/antonkov/masterWork/tests/samePrefixMarkedMtx/depth2/node1/test97_4.mtx 3.2 0 -1 -1 
/home/antonkov/masterWork/tests/samePrefixMarkedMtx/depth2/node1/test97_4.mtx 3.3 0 -1 -1 
/home/antonkov/masterWork/tests/samePrefixMarkedMtx/depth2/node1/test97_4.mtx 3.4 0 -1 -1 
/home/antonkov/masterWork/tests/samePrefixMarkedMtx/depth2/node1/test97_4.mtx 3.5 0 -1 -1 
/home/antonkov/masterWork/tests/samePrefixMarkedMtx/depth2/node1/test98_0.mtx 1 109.356 0.0782726 0.785 
/home/antonkov/masterWork/tests/samePrefixMarkedMtx/depth2/node1/test98_0.mtx 1.1 103.248 0.0694965 0.715 
/home/antonkov/masterWork/tests/samePrefixMarkedMtx/depth2/node1/test98_0.mtx 1.2 93.3172 0.0606771 0.65 
/home/antonkov/masterWork/tests/samePrefixMarkedMtx/depth2/node1/test98_0.mtx 1.3 88.7598 0.0500868 0.57 
/home/antonkov/masterWork/tests/samePrefixMarkedMtx/depth2/node1/test98_0.mtx 1.4 113.427 0.0396817 0.446667 
/home/antonkov/masterWork/tests/samePrefixMarkedMtx/depth2/node1/test98_0.mtx 1.5 106.02 0.0315394 0.366667 
/home/antonkov/masterWork/tests/samePrefixMarkedMtx/depth2/node1/test98_0.mtx 1.6 123.398 0.0253559 0.3 
/home/antonkov/masterWork/tests/samePrefixMarkedMtx/depth2/node1/test98_0.mtx 1.7 134.14 0.0175694 0.22 
/home/antonkov/masterWork/tests/samePrefixMarkedMtx/depth2/node1/test98_0.mtx 1.8 140.821 0.0133681 0.168333 
/home/antonkov/masterWork/tests/samePrefixMarkedMtx/depth2/node1/test98_0.mtx 1.9 171.631 0.0104015 0.1325 
/home/antonkov/masterWork/tests/samePrefixMarkedMtx/depth2/node1/test98_0.mtx 2 198.878 0.00840278 0.104 
/home/antonkov/masterWork/tests/samePrefixMarkedMtx/depth2/node1/test98_0.mtx 2.1 256.646 0.00537153 0.068 
/home/antonkov/masterWork/tests/samePrefixMarkedMtx/depth2/node1/test98_0.mtx 2.2 428.817 0.00271612 0.0355172 
/home/antonkov/masterWork/tests/samePrefixMarkedMtx/depth2/node1/test98_0.mtx 2.3 514.043 0.00197516 0.0266667 
/home/antonkov/masterWork/tests/samePrefixMarkedMtx/depth2/node1/test98_0.mtx 2.4 682.495 0.00125239 0.0172414 
/home/antonkov/masterWork/tests/samePrefixMarkedMtx/depth2/node1/test98_0.mtx 2.5 892.107 0.000855987 0.0121951 
/home/antonkov/masterWork/tests/samePrefixMarkedMtx/depth2/node1/test98_0.mtx 2.6 1291.36 0.000507147 0.00729927 
/home/antonkov/masterWork/tests/samePrefixMarkedMtx/depth2/node1/test98_0.mtx 2.7 2260.51 0.000237141 0.00369963 
/home/antonkov/masterWork/tests/samePrefixMarkedMtx/depth2/node1/test98_0.mtx 2.8 3194.93 0.000150463 0.00230594 
/home/antonkov/masterWork/tests/samePrefixMarkedMtx/depth2/node1/test98_0.mtx 2.9 4777.69 7.97325e-05 0.00137174 
/home/antonkov/masterWork/tests/samePrefixMarkedMtx/depth2/node1/test98_0.mtx 3 9300.82 3.61218e-05 0.000615385 
/home/antonkov/masterWork/tests/samePrefixMarkedMtx/depth2/node1/test98_0.mtx 3.1 0 -1 -1 
/home/antonkov/masterWork/tests/samePrefixMarkedMtx/depth2/node1/test98_0.mtx 3.2 0 -1 -1 
/home/antonkov/masterWork/tests/samePrefixMarkedMtx/depth2/node1/test98_0.mtx 3.3 0 -1 -1 
/home/antonkov/masterWork/tests/samePrefixMarkedMtx/depth2/node1/test98_0.mtx 3.4 0 -1 -1 
/home/antonkov/masterWork/tests/samePrefixMarkedMtx/depth2/node1/test98_0.mtx 3.5 0 -1 -1 
/home/antonkov/masterWork/tests/samePrefixMarkedMtx/depth2/node1/test98_1.mtx 1 109.665 0.0780382 0.795 
/home/antonkov/masterWork/tests/samePrefixMarkedMtx/depth2/node1/test98_1.mtx 1.1 103.889 0.0680295 0.705 
/home/antonkov/masterWork/tests/samePrefixMarkedMtx/depth2/node1/test98_1.mtx 1.2 94.0369 0.0574219 0.62 
/home/antonkov/masterWork/tests/samePrefixMarkedMtx/depth2/node1/test98_1.mtx 1.3 91.8114 0.0485417 0.54 
/home/antonkov/masterWork/tests/samePrefixMarkedMtx/depth2/node1/test98_1.mtx 1.4 112.841 0.0402546 0.456667 
/home/antonkov/masterWork/tests/samePrefixMarkedMtx/depth2/node1/test98_1.mtx 1.5 106.001 0.0322801 0.37 
/home/antonkov/masterWork/tests/samePrefixMarkedMtx/depth2/node1/test98_1.mtx 1.6 125.916 0.0247526 0.2975 
/home/antonkov/masterWork/tests/samePrefixMarkedMtx/depth2/node1/test98_1.mtx 1.7 132.977 0.0173542 0.214 
/home/antonkov/masterWork/tests/samePrefixMarkedMtx/depth2/node1/test98_1.mtx 1.8 146.346 0.0146181 0.176667 
/home/antonkov/masterWork/tests/samePrefixMarkedMtx/depth2/node1/test98_1.mtx 1.9 175.101 0.010115 0.125 
/home/antonkov/masterWork/tests/samePrefixMarkedMtx/depth2/node1/test98_1.mtx 2 228.85 0.00723524 0.0933333 
/home/antonkov/masterWork/tests/samePrefixMarkedMtx/depth2/node1/test98_1.mtx 2.1 256.734 0.00529167 0.068 
/home/antonkov/masterWork/tests/samePrefixMarkedMtx/depth2/node1/test98_1.mtx 2.2 330.47 0.00357474 0.0485714 
/home/antonkov/masterWork/tests/samePrefixMarkedMtx/depth2/node1/test98_1.mtx 2.3 497.167 0.00205236 0.0283784 
/home/antonkov/masterWork/tests/samePrefixMarkedMtx/depth2/node1/test98_1.mtx 2.4 615.55 0.00142531 0.0198039 
/home/antonkov/masterWork/tests/samePrefixMarkedMtx/depth2/node1/test98_1.mtx 2.5 1008.83 0.000814479 0.0108602 
/home/antonkov/masterWork/tests/samePrefixMarkedMtx/depth2/node1/test98_1.mtx 2.6 1548.02 0.000435283 0.0060241 
/home/antonkov/masterWork/tests/samePrefixMarkedMtx/depth2/node1/test98_1.mtx 2.7 2247.73 0.000243891 0.0037037 
/home/antonkov/masterWork/tests/samePrefixMarkedMtx/depth2/node1/test98_1.mtx 2.8 3562.68 0.000133219 0.0020284 
/home/antonkov/masterWork/tests/samePrefixMarkedMtx/depth2/node1/test98_1.mtx 2.9 5742.83 6.57793e-05 0.00111111 
/home/antonkov/masterWork/tests/samePrefixMarkedMtx/depth2/node1/test98_1.mtx 3 9090.06 3.4052e-05 0.000632911 
/home/antonkov/masterWork/tests/samePrefixMarkedMtx/depth2/node1/test98_1.mtx 3.1 0 -1 -1 
/home/antonkov/masterWork/tests/samePrefixMarkedMtx/depth2/node1/test98_1.mtx 3.2 0 -1 -1 
/home/antonkov/masterWork/tests/samePrefixMarkedMtx/depth2/node1/test98_1.mtx 3.3 0 -1 -1 
/home/antonkov/masterWork/tests/samePrefixMarkedMtx/depth2/node1/test98_1.mtx 3.4 0 -1 -1 
/home/antonkov/masterWork/tests/samePrefixMarkedMtx/depth2/node1/test98_1.mtx 3.5 0 -1 -1 
/home/antonkov/masterWork/tests/samePrefixMarkedMtx/depth2/node1/test98_2.mtx 1 109.517 0.0831597 0.845 
/home/antonkov/masterWork/tests/samePrefixMarkedMtx/depth2/node1/test98_2.mtx 1.1 107.893 0.0736024 0.755 
/home/antonkov/masterWork/tests/samePrefixMarkedMtx/depth2/node1/test98_2.mtx 1.2 98.9292 0.0661892 0.71 
/home/antonkov/masterWork/tests/samePrefixMarkedMtx/depth2/node1/test98_2.mtx 1.3 92.3891 0.0552604 0.6 
/home/antonkov/masterWork/tests/samePrefixMarkedMtx/depth2/node1/test98_2.mtx 1.4 88.3664 0.0478733 0.545 
/home/antonkov/masterWork/tests/samePrefixMarkedMtx/depth2/node1/test98_2.mtx 1.5 113.237 0.0371528 0.433333 
/home/antonkov/masterWork/tests/samePrefixMarkedMtx/depth2/node1/test98_2.mtx 1.6 125.564 0.0247439 0.2875 
/home/antonkov/masterWork/tests/samePrefixMarkedMtx/depth2/node1/test98_2.mtx 1.7 136.316 0.018441 0.214 
/home/antonkov/masterWork/tests/samePrefixMarkedMtx/depth2/node1/test98_2.mtx 1.8 163.003 0.0134251 0.158571 
/home/antonkov/masterWork/tests/samePrefixMarkedMtx/depth2/node1/test98_2.mtx 1.9 197.509 0.0106404 0.124444 
/home/antonkov/masterWork/tests/samePrefixMarkedMtx/depth2/node1/test98_2.mtx 2 210.838 0.00797506 0.0972727 
/home/antonkov/masterWork/tests/samePrefixMarkedMtx/depth2/node1/test98_2.mtx 2.1 264.935 0.0053125 0.0686667 
/home/antonkov/masterWork/tests/samePrefixMarkedMtx/depth2/node1/test98_2.mtx 2.2 337.238 0.00360638 0.0459091 
/home/antonkov/masterWork/tests/samePrefixMarkedMtx/depth2/node1/test98_2.mtx 2.3 489.509 0.00209882 0.0283784 
/home/antonkov/masterWork/tests/samePrefixMarkedMtx/depth2/node1/test98_2.mtx 2.4 682.274 0.0012896 0.0175439 
/home/antonkov/masterWork/tests/samePrefixMarkedMtx/depth2/node1/test98_2.mtx 2.5 964.973 0.000845293 0.0111111 
/home/antonkov/masterWork/tests/samePrefixMarkedMtx/depth2/node1/test98_2.mtx 2.6 1389.99 0.000492725 0.00680272 
/home/antonkov/masterWork/tests/samePrefixMarkedMtx/depth2/node1/test98_2.mtx 2.7 2232.63 0.000261314 0.00372694 
/home/antonkov/masterWork/tests/samePrefixMarkedMtx/depth2/node1/test98_2.mtx 2.8 3493.1 0.000139178 0.00208333 
/home/antonkov/masterWork/tests/samePrefixMarkedMtx/depth2/node1/test98_2.mtx 2.9 6189.09 6.32274e-05 0.00103199 
/home/antonkov/masterWork/tests/samePrefixMarkedMtx/depth2/node1/test98_2.mtx 3 8705.19 4.12182e-05 0.000665779 
/home/antonkov/masterWork/tests/samePrefixMarkedMtx/depth2/node1/test98_2.mtx 3.1 0 -1 -1 
/home/antonkov/masterWork/tests/samePrefixMarkedMtx/depth2/node1/test98_2.mtx 3.2 0 -1 -1 
/home/antonkov/masterWork/tests/samePrefixMarkedMtx/depth2/node1/test98_2.mtx 3.3 0 -1 -1 
/home/antonkov/masterWork/tests/samePrefixMarkedMtx/depth2/node1/test98_2.mtx 3.4 0 -1 -1 
/home/antonkov/masterWork/tests/samePrefixMarkedMtx/depth2/node1/test98_2.mtx 3.5 0 -1 -1 
/home/antonkov/masterWork/tests/samePrefixMarkedMtx/depth2/node1/test98_3.mtx 1 112.174 0.0815885 0.81 
/home/antonkov/masterWork/tests/samePrefixMarkedMtx/depth2/node1/test98_3.mtx 1.1 107.582 0.0721354 0.75 
/home/antonkov/masterWork/tests/samePrefixMarkedMtx/depth2/node1/test98_3.mtx 1.2 94.7073 0.0599479 0.62 
/home/antonkov/masterWork/tests/samePrefixMarkedMtx/depth2/node1/test98_3.mtx 1.3 90.0544 0.0500694 0.535 
/home/antonkov/masterWork/tests/samePrefixMarkedMtx/depth2/node1/test98_3.mtx 1.4 115.791 0.0391204 0.436667 
/home/antonkov/masterWork/tests/samePrefixMarkedMtx/depth2/node1/test98_3.mtx 1.5 107.684 0.0322627 0.36 
/home/antonkov/masterWork/tests/samePrefixMarkedMtx/depth2/node1/test98_3.mtx 1.6 122.964 0.0244792 0.2875 
/home/antonkov/masterWork/tests/samePrefixMarkedMtx/depth2/node1/test98_3.mtx 1.7 134.173 0.0188472 0.222 
/home/antonkov/masterWork/tests/samePrefixMarkedMtx/depth2/node1/test98_3.mtx 1.8 142.756 0.0149537 0.178333 
/home/antonkov/masterWork/tests/samePrefixMarkedMtx/depth2/node1/test98_3.mtx 1.9 170.276 0.0111458 0.13625 
/home/antonkov/masterWork/tests/samePrefixMarkedMtx/depth2/node1/test98_3.mtx 2 206.633 0.0073327 0.0918182 
/home/antonkov/masterWork/tests/samePrefixMarkedMtx/depth2/node1/test98_3.mtx 2.1 286.989 0.00451871 0.0583333 
/home/antonkov/masterWork/tests/samePrefixMarkedMtx/depth2/node1/test98_3.mtx 2.2 394.728 0.00297197 0.0374074 
/home/antonkov/masterWork/tests/samePrefixMarkedMtx/depth2/node1/test98_3.mtx 2.3 576.713 0.00178819 0.0231818 
/home/antonkov/masterWork/tests/samePrefixMarkedMtx/depth2/node1/test98_3.mtx 2.4 754.358 0.00104087 0.0153846 
/home/antonkov/masterWork/tests/samePrefixMarkedMtx/depth2/node1/test98_3.mtx 2.5 1159.84 0.000613121 0.00885965 
/home/antonkov/masterWork/tests/samePrefixMarkedMtx/depth2/node1/test98_3.mtx 2.6 1662.44 0.00037744 0.00540541 
/home/antonkov/masterWork/tests/samePrefixMarkedMtx/depth2/node1/test98_3.mtx 2.7 2666.3 0.000191181 0.003003 
/home/antonkov/masterWork/tests/samePrefixMarkedMtx/depth2/node1/test98_3.mtx 2.8 4329.88 0.000103071 0.00161812 
/home/antonkov/masterWork/tests/samePrefixMarkedMtx/depth2/node1/test98_3.mtx 2.9 7146.01 5.45721e-05 0.00086881 
/home/antonkov/masterWork/tests/samePrefixMarkedMtx/depth2/node1/test98_3.mtx 3 0 -1 -1 
/home/antonkov/masterWork/tests/samePrefixMarkedMtx/depth2/node1/test98_3.mtx 3.1 0 -1 -1 
/home/antonkov/masterWork/tests/samePrefixMarkedMtx/depth2/node1/test98_3.mtx 3.2 0 -1 -1 
/home/antonkov/masterWork/tests/samePrefixMarkedMtx/depth2/node1/test98_3.mtx 3.3 0 -1 -1 
/home/antonkov/masterWork/tests/samePrefixMarkedMtx/depth2/node1/test98_3.mtx 3.4 0 -1 -1 
/home/antonkov/masterWork/tests/samePrefixMarkedMtx/depth2/node1/test98_3.mtx 3.5 0 -1 -1 
/home/antonkov/masterWork/tests/samePrefixMarkedMtx/depth2/node1/test98_4.mtx 1 107.876 0.0776476 0.775 
/home/antonkov/masterWork/tests/samePrefixMarkedMtx/depth2/node1/test98_4.mtx 1.1 106.244 0.0665017 0.69 
/home/antonkov/masterWork/tests/samePrefixMarkedMtx/depth2/node1/test98_4.mtx 1.2 90.5489 0.0585156 0.62 
/home/antonkov/masterWork/tests/samePrefixMarkedMtx/depth2/node1/test98_4.mtx 1.3 87.3736 0.0495486 0.535 
/home/antonkov/masterWork/tests/samePrefixMarkedMtx/depth2/node1/test98_4.mtx 1.4 114.889 0.0393692 0.453333 
/home/antonkov/masterWork/tests/samePrefixMarkedMtx/depth2/node1/test98_4.mtx 1.5 110.989 0.0307118 0.36 
/home/antonkov/masterWork/tests/samePrefixMarkedMtx/depth2/node1/test98_4.mtx 1.6 123.869 0.0245964 0.2875 
/home/antonkov/masterWork/tests/samePrefixMarkedMtx/depth2/node1/test98_4.mtx 1.7 131.921 0.0178507 0.216 
/home/antonkov/masterWork/tests/samePrefixMarkedMtx/depth2/node1/test98_4.mtx 1.8 164.083 0.0131944 0.165714 
/home/antonkov/masterWork/tests/samePrefixMarkedMtx/depth2/node1/test98_4.mtx 1.9 185.81 0.0103337 0.13 
/home/antonkov/masterWork/tests/samePrefixMarkedMtx/depth2/node1/test98_4.mtx 2 227.557 0.00738426 0.0958333 
/home/antonkov/masterWork/tests/samePrefixMarkedMtx/depth2/node1/test98_4.mtx 2.1 306.954 0.00424068 0.0542105 
/home/antonkov/masterWork/tests/samePrefixMarkedMtx/depth2/node1/test98_4.mtx 2.2 388.548 0.00312166 0.0392308 
/home/antonkov/masterWork/tests/samePrefixMarkedMtx/depth2/node1/test98_4.mtx 2.3 579.57 0.00171296 0.0224444 
/home/antonkov/masterWork/tests/samePrefixMarkedMtx/depth2/node1/test98_4.mtx 2.4 805.266 0.00104415 0.0144286 
/home/antonkov/masterWork/tests/samePrefixMarkedMtx/depth2/node1/test98_4.mtx 2.5 1237.77 0.0006226 0.00813008 
/home/antonkov/masterWork/tests/samePrefixMarkedMtx/depth2/node1/test98_4.mtx 2.6 1768.89 0.000367434 0.00502488 
/home/antonkov/masterWork/tests/samePrefixMarkedMtx/depth2/node1/test98_4.mtx 2.7 2504.31 0.000234293 0.00315457 
/home/antonkov/masterWork/tests/samePrefixMarkedMtx/depth2/node1/test98_4.mtx 2.8 4896.12 9.5797e-05 0.00137741 
/home/antonkov/masterWork/tests/samePrefixMarkedMtx/depth2/node1/test98_4.mtx 2.9 7969.6 4.84401e-05 0.000757576 
/home/antonkov/masterWork/tests/samePrefixMarkedMtx/depth2/node1/test98_4.mtx 3 0 -1 -1 
/home/antonkov/masterWork/tests/samePrefixMarkedMtx/depth2/node1/test98_4.mtx 3.1 0 -1 -1 
/home/antonkov/masterWork/tests/samePrefixMarkedMtx/depth2/node1/test98_4.mtx 3.2 0 -1 -1 
/home/antonkov/masterWork/tests/samePrefixMarkedMtx/depth2/node1/test98_4.mtx 3.3 0 -1 -1 
/home/antonkov/masterWork/tests/samePrefixMarkedMtx/depth2/node1/test98_4.mtx 3.4 0 -1 -1 
/home/antonkov/masterWork/tests/samePrefixMarkedMtx/depth2/node1/test98_4.mtx 3.5 0 -1 -1 
/home/antonkov/masterWork/tests/samePrefixMarkedMtx/depth2/node1/test99_0.mtx 1 110.375 0.0737066 0.755 
/home/antonkov/masterWork/tests/samePrefixMarkedMtx/depth2/node1/test99_0.mtx 1.1 100.202 0.0640017 0.67 
/home/antonkov/masterWork/tests/samePrefixMarkedMtx/depth2/node1/test99_0.mtx 1.2 93.78 0.0578212 0.62 
/home/antonkov/masterWork/tests/samePrefixMarkedMtx/depth2/node1/test99_0.mtx 1.3 92.9881 0.0499392 0.555 
/home/antonkov/masterWork/tests/samePrefixMarkedMtx/depth2/node1/test99_0.mtx 1.4 117.2 0.0399074 0.45 
/home/antonkov/masterWork/tests/samePrefixMarkedMtx/depth2/node1/test99_0.mtx 1.5 110.217 0.0331134 0.363333 
/home/antonkov/masterWork/tests/samePrefixMarkedMtx/depth2/node1/test99_0.mtx 1.6 120.926 0.0236415 0.26 
/home/antonkov/masterWork/tests/samePrefixMarkedMtx/depth2/node1/test99_0.mtx 1.7 133.082 0.0194132 0.216 
/home/antonkov/masterWork/tests/samePrefixMarkedMtx/depth2/node1/test99_0.mtx 1.8 147.421 0.0157118 0.178333 
/home/antonkov/masterWork/tests/samePrefixMarkedMtx/depth2/node1/test99_0.mtx 1.9 189.202 0.00999035 0.117778 
/home/antonkov/masterWork/tests/samePrefixMarkedMtx/depth2/node1/test99_0.mtx 2 232.437 0.00757089 0.0933333 
/home/antonkov/masterWork/tests/samePrefixMarkedMtx/depth2/node1/test99_0.mtx 2.1 293.694 0.00468035 0.0588235 
/home/antonkov/masterWork/tests/samePrefixMarkedMtx/depth2/node1/test99_0.mtx 2.2 431.469 0.00273108 0.0351724 
/home/antonkov/masterWork/tests/samePrefixMarkedMtx/depth2/node1/test99_0.mtx 2.3 496.573 0.00195952 0.0263158 
/home/antonkov/masterWork/tests/samePrefixMarkedMtx/depth2/node1/test99_0.mtx 2.4 842.548 0.00109448 0.0142254 
/home/antonkov/masterWork/tests/samePrefixMarkedMtx/depth2/node1/test99_0.mtx 2.5 1202.59 0.000652023 0.00878261 
/home/antonkov/masterWork/tests/samePrefixMarkedMtx/depth2/node1/test99_0.mtx 2.6 1939.8 0.000322694 0.00458716 
/home/antonkov/masterWork/tests/samePrefixMarkedMtx/depth2/node1/test99_0.mtx 2.7 3242.62 0.000165076 0.00238663 
/home/antonkov/masterWork/tests/samePrefixMarkedMtx/depth2/node1/test99_0.mtx 2.8 4947.38 9.8195e-05 0.00138696 
/home/antonkov/masterWork/tests/samePrefixMarkedMtx/depth2/node1/test99_0.mtx 2.9 6925.89 5.90247e-05 0.000894454 
/home/antonkov/masterWork/tests/samePrefixMarkedMtx/depth2/node1/test99_0.mtx 3 0 -1 -1 
/home/antonkov/masterWork/tests/samePrefixMarkedMtx/depth2/node1/test99_0.mtx 3.1 0 -1 -1 
/home/antonkov/masterWork/tests/samePrefixMarkedMtx/depth2/node1/test99_0.mtx 3.2 0 -1 -1 
/home/antonkov/masterWork/tests/samePrefixMarkedMtx/depth2/node1/test99_0.mtx 3.3 0 -1 -1 
/home/antonkov/masterWork/tests/samePrefixMarkedMtx/depth2/node1/test99_0.mtx 3.4 0 -1 -1 
/home/antonkov/masterWork/tests/samePrefixMarkedMtx/depth2/node1/test99_0.mtx 3.5 0 -1 -1 
/home/antonkov/masterWork/tests/samePrefixMarkedMtx/depth2/node1/test99_1.mtx 1 108.826 0.076849 0.77 
/home/antonkov/masterWork/tests/samePrefixMarkedMtx/depth2/node1/test99_1.mtx 1.1 100.975 0.0686892 0.7 
/home/antonkov/masterWork/tests/samePrefixMarkedMtx/depth2/node1/test99_1.mtx 1.2 97.49 0.0630295 0.655 
/home/antonkov/masterWork/tests/samePrefixMarkedMtx/depth2/node1/test99_1.mtx 1.3 92.7311 0.0547743 0.605 
/home/antonkov/masterWork/tests/samePrefixMarkedMtx/depth2/node1/test99_1.mtx 1.4 91.0634 0.046276 0.545 
/home/antonkov/masterWork/tests/samePrefixMarkedMtx/depth2/node1/test99_1.mtx 1.5 118.396 0.0371875 0.44 
/home/antonkov/masterWork/tests/samePrefixMarkedMtx/depth2/node1/test99_1.mtx 1.6 111.267 0.0297917 0.353333 
/home/antonkov/masterWork/tests/samePrefixMarkedMtx/depth2/node1/test99_1.mtx 1.7 124.338 0.0216102 0.275 
/home/antonkov/masterWork/tests/samePrefixMarkedMtx/depth2/node1/test99_1.mtx 1.8 163.914 0.0164352 0.201667 
/home/antonkov/masterWork/tests/samePrefixMarkedMtx/depth2/node1/test99_1.mtx 1.9 161.953 0.0121255 0.16 
/home/antonkov/masterWork/tests/samePrefixMarkedMtx/depth2/node1/test99_1.mtx 2 207.45 0.00783681 0.103 
/home/antonkov/masterWork/tests/samePrefixMarkedMtx/depth2/node1/test99_1.mtx 2.1 272.488 0.00526852 0.07 
/home/antonkov/masterWork/tests/samePrefixMarkedMtx/depth2/node1/test99_1.mtx 2.2 295.892 0.00370467 0.0561111 
/home/antonkov/masterWork/tests/samePrefixMarkedMtx/depth2/node1/test99_1.mtx 2.3 471.199 0.00188763 0.0309091 
/home/antonkov/masterWork/tests/samePrefixMarkedMtx/depth2/node1/test99_1.mtx 2.4 668.704 0.00119104 0.0188679 
/home/antonkov/masterWork/tests/samePrefixMarkedMtx/depth2/node1/test99_1.mtx 2.5 895.61 0.000874733 0.0129487 
/home/antonkov/masterWork/tests/samePrefixMarkedMtx/depth2/node1/test99_1.mtx 2.6 1188.61 0.00057174 0.00847458 
/home/antonkov/masterWork/tests/samePrefixMarkedMtx/depth2/node1/test99_1.mtx 2.7 1735.63 0.000322771 0.0052356 
/home/antonkov/masterWork/tests/samePrefixMarkedMtx/depth2/node1/test99_1.mtx 2.8 2417.26 0.00018007 0.00341297 
/home/antonkov/masterWork/tests/samePrefixMarkedMtx/depth2/node1/test99_1.mtx 2.9 3169.16 0.000126558 0.00235981 
/home/antonkov/masterWork/tests/samePrefixMarkedMtx/depth2/node1/test99_1.mtx 3 5493.46 6.40978e-05 0.00118906 
/home/antonkov/masterWork/tests/samePrefixMarkedMtx/depth2/node1/test99_1.mtx 3.1 8371.04 3.6096e-05 0.00070028 
/home/antonkov/masterWork/tests/samePrefixMarkedMtx/depth2/node1/test99_1.mtx 3.2 0 -1 -1 
/home/antonkov/masterWork/tests/samePrefixMarkedMtx/depth2/node1/test99_1.mtx 3.3 0 -1 -1 
/home/antonkov/masterWork/tests/samePrefixMarkedMtx/depth2/node1/test99_1.mtx 3.4 0 -1 -1 
/home/antonkov/masterWork/tests/samePrefixMarkedMtx/depth2/node1/test99_1.mtx 3.5 0 -1 -1 
/home/antonkov/masterWork/tests/samePrefixMarkedMtx/depth2/node1/test99_2.mtx 1 109.788 0.0813802 0.825 
/home/antonkov/masterWork/tests/samePrefixMarkedMtx/depth2/node1/test99_2.mtx 1.1 108.931 0.0722917 0.755 
/home/antonkov/masterWork/tests/samePrefixMarkedMtx/depth2/node1/test99_2.mtx 1.2 101.751 0.0626563 0.685 
/home/antonkov/masterWork/tests/samePrefixMarkedMtx/depth2/node1/test99_2.mtx 1.3 94.574 0.0519097 0.6 
/home/antonkov/masterWork/tests/samePrefixMarkedMtx/depth2/node1/test99_2.mtx 1.4 91.1007 0.0432378 0.515 
/home/antonkov/masterWork/tests/samePrefixMarkedMtx/depth2/node1/test99_2.mtx 1.5 109.136 0.0298553 0.353333 
/home/antonkov/masterWork/tests/samePrefixMarkedMtx/depth2/node1/test99_2.mtx 1.6 124.122 0.0229818 0.28 
/home/antonkov/masterWork/tests/samePrefixMarkedMtx/depth2/node1/test99_2.mtx 1.7 131.956 0.0170625 0.208 
/home/antonkov/masterWork/tests/samePrefixMarkedMtx/depth2/node1/test99_2.mtx 1.8 162.246 0.0131994 0.155714 
/home/antonkov/masterWork/tests/samePrefixMarkedMtx/depth2/node1/test99_2.mtx 1.9 192.95 0.00984568 0.122222 
/home/antonkov/masterWork/tests/samePrefixMarkedMtx/depth2/node1/test99_2.mtx 2 229.057 0.00737413 0.0941667 
/home/antonkov/masterWork/tests/samePrefixMarkedMtx/depth2/node1/test99_2.mtx 2.1 277.938 0.00478962 0.0588235 
/home/antonkov/masterWork/tests/samePrefixMarkedMtx/depth2/node1/test99_2.mtx 2.2 372.687 0.00321759 0.0433333 
/home/antonkov/masterWork/tests/samePrefixMarkedMtx/depth2/node1/test99_2.mtx 2.3 517.045 0.00189592 0.0261538 
/home/antonkov/masterWork/tests/samePrefixMarkedMtx/depth2/node1/test99_2.mtx 2.4 679.278 0.00115601 0.0172414 
/home/antonkov/masterWork/tests/samePrefixMarkedMtx/depth2/node1/test99_2.mtx 2.5 1016.08 0.000720486 0.0107447 
/home/antonkov/masterWork/tests/samePrefixMarkedMtx/depth2/node1/test99_2.mtx 2.6 1555.04 0.000400979 0.0060241 
/home/antonkov/masterWork/tests/samePrefixMarkedMtx/depth2/node1/test99_2.mtx 2.7 2300.79 0.000217667 0.00362007 
/home/antonkov/masterWork/tests/samePrefixMarkedMtx/depth2/node1/test99_2.mtx 2.8 3767.7 0.000118423 0.00192308 
/home/antonkov/masterWork/tests/samePrefixMarkedMtx/depth2/node1/test99_2.mtx 2.9 5699.81 6.89478e-05 0.00114416 
/home/antonkov/masterWork/tests/samePrefixMarkedMtx/depth2/node1/test99_2.mtx 3 10284.2 3.50185e-05 0.000568828 
/home/antonkov/masterWork/tests/samePrefixMarkedMtx/depth2/node1/test99_2.mtx 3.1 0 -1 -1 
/home/antonkov/masterWork/tests/samePrefixMarkedMtx/depth2/node1/test99_2.mtx 3.2 0 -1 -1 
/home/antonkov/masterWork/tests/samePrefixMarkedMtx/depth2/node1/test99_2.mtx 3.3 0 -1 -1 
/home/antonkov/masterWork/tests/samePrefixMarkedMtx/depth2/node1/test99_2.mtx 3.4 0 -1 -1 
/home/antonkov/masterWork/tests/samePrefixMarkedMtx/depth2/node1/test99_2.mtx 3.5 0 -1 -1 
/home/antonkov/masterWork/tests/samePrefixMarkedMtx/depth2/node1/test99_3.mtx 1 111.619 0.0797049 0.81 
/home/antonkov/masterWork/tests/samePrefixMarkedMtx/depth2/node1/test99_3.mtx 1.1 105.402 0.070191 0.72 
/home/antonkov/masterWork/tests/samePrefixMarkedMtx/depth2/node1/test99_3.mtx 1.2 98.8306 0.060625 0.645 
/home/antonkov/masterWork/tests/samePrefixMarkedMtx/depth2/node1/test99_3.mtx 1.3 94.2725 0.0493403 0.545 
/home/antonkov/masterWork/tests/samePrefixMarkedMtx/depth2/node1/test99_3.mtx 1.4 118.145 0.0404051 0.456667 
/home/antonkov/masterWork/tests/samePrefixMarkedMtx/depth2/node1/test99_3.mtx 1.5 107.85 0.0327604 0.37 
/home/antonkov/masterWork/tests/samePrefixMarkedMtx/depth2/node1/test99_3.mtx 1.6 120.637 0.0235503 0.2625 
/home/antonkov/masterWork/tests/samePrefixMarkedMtx/depth2/node1/test99_3.mtx 1.7 154.019 0.0169763 0.196667 
/home/antonkov/masterWork/tests/samePrefixMarkedMtx/depth2/node1/test99_3.mtx 1.8 165.522 0.0137103 0.158571 
/home/antonkov/masterWork/tests/samePrefixMarkedMtx/depth2/node1/test99_3.mtx 1.9 185.606 0.00998457 0.115556 
/home/antonkov/masterWork/tests/samePrefixMarkedMtx/depth2/node1/test99_3.mtx 2 228.561 0.00736545 0.0875 
/home/antonkov/masterWork/tests/samePrefixMarkedMtx/depth2/node1/test99_3.mtx 2.1 253.713 0.00541898 0.0666667 
/home/antonkov/masterWork/tests/samePrefixMarkedMtx/depth2/node1/test99_3.mtx 2.2 379.833 0.00292134 0.0388462 
/home/antonkov/masterWork/tests/samePrefixMarkedMtx/depth2/node1/test99_3.mtx 2.3 543.449 0.00174077 0.024878 
/home/antonkov/masterWork/tests/samePrefixMarkedMtx/depth2/node1/test99_3.mtx 2.4 784.763 0.00101352 0.0151515 
/home/antonkov/masterWork/tests/samePrefixMarkedMtx/depth2/node1/test99_3.mtx 2.5 1157.29 0.000596478 0.00901786 
/home/antonkov/masterWork/tests/samePrefixMarkedMtx/depth2/node1/test99_3.mtx 2.6 1761.11 0.000321492 0.00512821 
/home/antonkov/masterWork/tests/samePrefixMarkedMtx/depth2/node1/test99_3.mtx 2.7 2470.22 0.000204962 0.00323625 
/home/antonkov/masterWork/tests/samePrefixMarkedMtx/depth2/node1/test99_3.mtx 2.8 3227.09 0.000125984 0.00223214 
/home/antonkov/masterWork/tests/samePrefixMarkedMtx/depth2/node1/test99_3.mtx 2.9 5796.25 5.452e-05 0.00109649 
/home/antonkov/masterWork/tests/samePrefixMarkedMtx/depth2/node1/test99_3.mtx 3 9967.17 2.70667e-05 0.000570451 
/home/antonkov/masterWork/tests/samePrefixMarkedMtx/depth2/node1/test99_3.mtx 3.1 0 -1 -1 
/home/antonkov/masterWork/tests/samePrefixMarkedMtx/depth2/node1/test99_3.mtx 3.2 0 -1 -1 
/home/antonkov/masterWork/tests/samePrefixMarkedMtx/depth2/node1/test99_3.mtx 3.3 0 -1 -1 
/home/antonkov/masterWork/tests/samePrefixMarkedMtx/depth2/node1/test99_3.mtx 3.4 0 -1 -1 
/home/antonkov/masterWork/tests/samePrefixMarkedMtx/depth2/node1/test99_3.mtx 3.5 0 -1 -1 
/home/antonkov/masterWork/tests/samePrefixMarkedMtx/depth2/node1/test99_4.mtx 1 111.727 0.0801563 0.785 
/home/antonkov/masterWork/tests/samePrefixMarkedMtx/depth2/node1/test99_4.mtx 1.1 104.08 0.0724045 0.715 
/home/antonkov/masterWork/tests/samePrefixMarkedMtx/depth2/node1/test99_4.mtx 1.2 105.634 0.0646354 0.665 
/home/antonkov/masterWork/tests/samePrefixMarkedMtx/depth2/node1/test99_4.mtx 1.3 92.8703 0.0533767 0.57 
/home/antonkov/masterWork/tests/samePrefixMarkedMtx/depth2/node1/test99_4.mtx 1.4 116.624 0.0414641 0.463333 
/home/antonkov/masterWork/tests/samePrefixMarkedMtx/depth2/node1/test99_4.mtx 1.5 110.648 0.0340451 0.38 
/home/antonkov/masterWork/tests/samePrefixMarkedMtx/depth2/node1/test99_4.mtx 1.6 129.603 0.0249479 0.2975 
/home/antonkov/masterWork/tests/samePrefixMarkedMtx/depth2/node1/test99_4.mtx 1.7 142.061 0.0176979 0.22 
/home/antonkov/masterWork/tests/samePrefixMarkedMtx/depth2/node1/test99_4.mtx 1.8 165.978 0.013063 0.161429 
/home/antonkov/masterWork/tests/samePrefixMarkedMtx/depth2/node1/test99_4.mtx 1.9 189.985 0.00920139 0.116667 
/home/antonkov/masterWork/tests/samePrefixMarkedMtx/depth2/node1/test99_4.mtx 2 208.384 0.0070565 0.0972727 
/home/antonkov/masterWork/tests/samePrefixMarkedMtx/depth2/node1/test99_4.mtx 2.1 250.815 0.00488889 0.07 
/home/antonkov/masterWork/tests/samePrefixMarkedMtx/depth2/node1/test99_4.mtx 2.2 285.585 0.00362944 0.0566667 
/home/antonkov/masterWork/tests/samePrefixMarkedMtx/depth2/node1/test99_4.mtx 2.3 373.851 0.00242388 0.0407692 
/home/antonkov/masterWork/tests/samePrefixMarkedMtx/depth2/node1/test99_4.mtx 2.4 449.436 0.00156148 0.0294118 
/home/antonkov/masterWork/tests/samePrefixMarkedMtx/depth2/node1/test99_4.mtx 2.5 672.077 0.000819072 0.0180357 
/home/antonkov/masterWork/tests/samePrefixMarkedMtx/depth2/node1/test99_4.mtx 2.6 948.011 0.000392088 0.011236 
/home/antonkov/masterWork/tests/samePrefixMarkedMtx/depth2/node1/test99_4.mtx 2.7 1213.22 0.000223291 0.00769231 
/home/antonkov/masterWork/tests/samePrefixMarkedMtx/depth2/node1/test99_4.mtx 2.8 1531.24 0.000133457 0.00558659 
/home/antonkov/masterWork/tests/samePrefixMarkedMtx/depth2/node1/test99_4.mtx 2.9 1800.95 8.52204e-05 0.00443478 
/home/antonkov/masterWork/tests/samePrefixMarkedMtx/depth2/node1/test99_4.mtx 3 2004.68 6.4386e-05 0.00363309 
/home/antonkov/masterWork/tests/samePrefixMarkedMtx/depth2/node1/test99_4.mtx 3.1 2300.95 3.54684e-05 0.00286533 
/home/antonkov/masterWork/tests/samePrefixMarkedMtx/depth2/node1/test99_4.mtx 3.2 2303.27 2.99232e-05 0.00271003 
/home/antonkov/masterWork/tests/samePrefixMarkedMtx/depth2/node1/test99_4.mtx 3.3 2508.35 1.99511e-05 0.002331 
/home/antonkov/masterWork/tests/samePrefixMarkedMtx/depth2/node1/test99_4.mtx 3.4 2831.71 1.42076e-05 0.00191205 
/home/antonkov/masterWork/tests/samePrefixMarkedMtx/depth2/node1/test99_4.mtx 3.5 2955.75 1.48463e-05 0.0017452 
