Results
Filename SNR Time(ms) BER FER
/home/antonkov/masterWork/tests/samePrefixMarkedMtx2304/depth2/node2/test0_0.mtx 1 453.275 0.0876172 0.93 
/home/antonkov/masterWork/tests/samePrefixMarkedMtx2304/depth2/node2/test0_0.mtx 1.1 425.388 0.0787066 0.88 
/home/antonkov/masterWork/tests/samePrefixMarkedMtx2304/depth2/node2/test0_0.mtx 1.2 412.74 0.0603472 0.76 
/home/antonkov/masterWork/tests/samePrefixMarkedMtx2304/depth2/node2/test0_0.mtx 1.3 390.095 0.0447526 0.56 
/home/antonkov/masterWork/tests/samePrefixMarkedMtx2304/depth2/node2/test0_0.mtx 1.4 494.729 0.0335221 0.43 
/home/antonkov/masterWork/tests/samePrefixMarkedMtx2304/depth2/node2/test0_0.mtx 1.5 455.226 0.0191016 0.27 
/home/antonkov/masterWork/tests/samePrefixMarkedMtx2304/depth2/node2/test0_0.mtx 1.6 597.503 0.00961155 0.135 
/home/antonkov/masterWork/tests/samePrefixMarkedMtx2304/depth2/node2/test0_0.mtx 1.7 911.351 0.00428144 0.06 
/home/antonkov/masterWork/tests/samePrefixMarkedMtx2304/depth2/node2/test0_0.mtx 1.8 1413.01 0.00182177 0.0273684 
/home/antonkov/masterWork/tests/samePrefixMarkedMtx2304/depth2/node2/test0_0.mtx 1.9 3261.71 0.000583468 0.0087931 
/home/antonkov/masterWork/tests/samePrefixMarkedMtx2304/depth2/node2/test0_0.mtx 2 0 -1 -1 
/home/antonkov/masterWork/tests/samePrefixMarkedMtx2304/depth2/node2/test0_0.mtx 2.1 0 -1 -1 
/home/antonkov/masterWork/tests/samePrefixMarkedMtx2304/depth2/node2/test0_0.mtx 2.2 0 -1 -1 
/home/antonkov/masterWork/tests/samePrefixMarkedMtx2304/depth2/node2/test0_0.mtx 2.3 0 -1 -1 
/home/antonkov/masterWork/tests/samePrefixMarkedMtx2304/depth2/node2/test0_0.mtx 2.4 0 -1 -1 
/home/antonkov/masterWork/tests/samePrefixMarkedMtx2304/depth2/node2/test0_0.mtx 2.5 0 -1 -1 
/home/antonkov/masterWork/tests/samePrefixMarkedMtx2304/depth2/node2/test0_0.mtx 2.6 0 -1 -1 
/home/antonkov/masterWork/tests/samePrefixMarkedMtx2304/depth2/node2/test0_0.mtx 2.7 0 -1 -1 
/home/antonkov/masterWork/tests/samePrefixMarkedMtx2304/depth2/node2/test0_0.mtx 2.8 0 -1 -1 
/home/antonkov/masterWork/tests/samePrefixMarkedMtx2304/depth2/node2/test0_0.mtx 2.9 0 -1 -1 
/home/antonkov/masterWork/tests/samePrefixMarkedMtx2304/depth2/node2/test0_0.mtx 3 0 -1 -1 
/home/antonkov/masterWork/tests/samePrefixMarkedMtx2304/depth2/node2/test0_0.mtx 3.1 0 -1 -1 
/home/antonkov/masterWork/tests/samePrefixMarkedMtx2304/depth2/node2/test0_0.mtx 3.2 0 -1 -1 
/home/antonkov/masterWork/tests/samePrefixMarkedMtx2304/depth2/node2/test0_0.mtx 3.3 0 -1 -1 
/home/antonkov/masterWork/tests/samePrefixMarkedMtx2304/depth2/node2/test0_0.mtx 3.4 0 -1 -1 
/home/antonkov/masterWork/tests/samePrefixMarkedMtx2304/depth2/node2/test0_0.mtx 3.5 0 -1 -1 
/home/antonkov/masterWork/tests/samePrefixMarkedMtx2304/depth2/node2/test0_1.mtx 1 430.813 0.0906988 0.96 
/home/antonkov/masterWork/tests/samePrefixMarkedMtx2304/depth2/node2/test0_1.mtx 1.1 419.439 0.0786285 0.9 
/home/antonkov/masterWork/tests/samePrefixMarkedMtx2304/depth2/node2/test0_1.mtx 1.2 418.477 0.0633594 0.77 
/home/antonkov/masterWork/tests/samePrefixMarkedMtx2304/depth2/node2/test0_1.mtx 1.3 396.615 0.0479297 0.6 
/home/antonkov/masterWork/tests/samePrefixMarkedMtx2304/depth2/node2/test0_1.mtx 1.4 499.684 0.0316949 0.41 
/home/antonkov/masterWork/tests/samePrefixMarkedMtx2304/depth2/node2/test0_1.mtx 1.5 468.462 0.0206272 0.285 
/home/antonkov/masterWork/tests/samePrefixMarkedMtx2304/depth2/node2/test0_1.mtx 1.6 610.804 0.00900391 0.135 
/home/antonkov/masterWork/tests/samePrefixMarkedMtx2304/depth2/node2/test0_1.mtx 1.7 898.027 0.00404417 0.0588889 
/home/antonkov/masterWork/tests/samePrefixMarkedMtx2304/depth2/node2/test0_1.mtx 1.8 1317.85 0.00203993 0.03 
/home/antonkov/masterWork/tests/samePrefixMarkedMtx2304/depth2/node2/test0_1.mtx 1.9 2984.18 0.000634002 0.00925926 
/home/antonkov/masterWork/tests/samePrefixMarkedMtx2304/depth2/node2/test0_1.mtx 2 0 -1 -1 
/home/antonkov/masterWork/tests/samePrefixMarkedMtx2304/depth2/node2/test0_1.mtx 2.1 0 -1 -1 
/home/antonkov/masterWork/tests/samePrefixMarkedMtx2304/depth2/node2/test0_1.mtx 2.2 0 -1 -1 
/home/antonkov/masterWork/tests/samePrefixMarkedMtx2304/depth2/node2/test0_1.mtx 2.3 0 -1 -1 
/home/antonkov/masterWork/tests/samePrefixMarkedMtx2304/depth2/node2/test0_1.mtx 2.4 0 -1 -1 
/home/antonkov/masterWork/tests/samePrefixMarkedMtx2304/depth2/node2/test0_1.mtx 2.5 0 -1 -1 
/home/antonkov/masterWork/tests/samePrefixMarkedMtx2304/depth2/node2/test0_1.mtx 2.6 0 -1 -1 
/home/antonkov/masterWork/tests/samePrefixMarkedMtx2304/depth2/node2/test0_1.mtx 2.7 0 -1 -1 
/home/antonkov/masterWork/tests/samePrefixMarkedMtx2304/depth2/node2/test0_1.mtx 2.8 0 -1 -1 
/home/antonkov/masterWork/tests/samePrefixMarkedMtx2304/depth2/node2/test0_1.mtx 2.9 0 -1 -1 
/home/antonkov/masterWork/tests/samePrefixMarkedMtx2304/depth2/node2/test0_1.mtx 3 0 -1 -1 
/home/antonkov/masterWork/tests/samePrefixMarkedMtx2304/depth2/node2/test0_1.mtx 3.1 0 -1 -1 
/home/antonkov/masterWork/tests/samePrefixMarkedMtx2304/depth2/node2/test0_1.mtx 3.2 0 -1 -1 
/home/antonkov/masterWork/tests/samePrefixMarkedMtx2304/depth2/node2/test0_1.mtx 3.3 0 -1 -1 
/home/antonkov/masterWork/tests/samePrefixMarkedMtx2304/depth2/node2/test0_1.mtx 3.4 0 -1 -1 
/home/antonkov/masterWork/tests/samePrefixMarkedMtx2304/depth2/node2/test0_1.mtx 3.5 0 -1 -1 
/home/antonkov/masterWork/tests/samePrefixMarkedMtx2304/depth2/node2/test0_2.mtx 1 414.3 0.086849 0.95 
/home/antonkov/masterWork/tests/samePrefixMarkedMtx2304/depth2/node2/test0_2.mtx 1.1 415.883 0.0761415 0.87 
/home/antonkov/masterWork/tests/samePrefixMarkedMtx2304/depth2/node2/test0_2.mtx 1.2 402.734 0.0580903 0.71 
/home/antonkov/masterWork/tests/samePrefixMarkedMtx2304/depth2/node2/test0_2.mtx 1.3 383.469 0.0448915 0.57 
/home/antonkov/masterWork/tests/samePrefixMarkedMtx2304/depth2/node2/test0_2.mtx 1.4 500.891 0.0348633 0.45 
/home/antonkov/masterWork/tests/samePrefixMarkedMtx2304/depth2/node2/test0_2.mtx 1.5 452.013 0.0203451 0.285 
/home/antonkov/masterWork/tests/samePrefixMarkedMtx2304/depth2/node2/test0_2.mtx 1.6 595.213 0.00990777 0.1475 
/home/antonkov/masterWork/tests/samePrefixMarkedMtx2304/depth2/node2/test0_2.mtx 1.7 902.171 0.00373987 0.0566667 
/home/antonkov/masterWork/tests/samePrefixMarkedMtx2304/depth2/node2/test0_2.mtx 1.8 1533.59 0.00159578 0.0242857 
/home/antonkov/masterWork/tests/samePrefixMarkedMtx2304/depth2/node2/test0_2.mtx 1.9 3163.09 0.000571575 0.00909091 
/home/antonkov/masterWork/tests/samePrefixMarkedMtx2304/depth2/node2/test0_2.mtx 2 0 -1 -1 
/home/antonkov/masterWork/tests/samePrefixMarkedMtx2304/depth2/node2/test0_2.mtx 2.1 0 -1 -1 
/home/antonkov/masterWork/tests/samePrefixMarkedMtx2304/depth2/node2/test0_2.mtx 2.2 0 -1 -1 
/home/antonkov/masterWork/tests/samePrefixMarkedMtx2304/depth2/node2/test0_2.mtx 2.3 0 -1 -1 
/home/antonkov/masterWork/tests/samePrefixMarkedMtx2304/depth2/node2/test0_2.mtx 2.4 0 -1 -1 
/home/antonkov/masterWork/tests/samePrefixMarkedMtx2304/depth2/node2/test0_2.mtx 2.5 0 -1 -1 
/home/antonkov/masterWork/tests/samePrefixMarkedMtx2304/depth2/node2/test0_2.mtx 2.6 0 -1 -1 
/home/antonkov/masterWork/tests/samePrefixMarkedMtx2304/depth2/node2/test0_2.mtx 2.7 0 -1 -1 
/home/antonkov/masterWork/tests/samePrefixMarkedMtx2304/depth2/node2/test0_2.mtx 2.8 0 -1 -1 
/home/antonkov/masterWork/tests/samePrefixMarkedMtx2304/depth2/node2/test0_2.mtx 2.9 0 -1 -1 
/home/antonkov/masterWork/tests/samePrefixMarkedMtx2304/depth2/node2/test0_2.mtx 3 0 -1 -1 
/home/antonkov/masterWork/tests/samePrefixMarkedMtx2304/depth2/node2/test0_2.mtx 3.1 0 -1 -1 
/home/antonkov/masterWork/tests/samePrefixMarkedMtx2304/depth2/node2/test0_2.mtx 3.2 0 -1 -1 
/home/antonkov/masterWork/tests/samePrefixMarkedMtx2304/depth2/node2/test0_2.mtx 3.3 0 -1 -1 
/home/antonkov/masterWork/tests/samePrefixMarkedMtx2304/depth2/node2/test0_2.mtx 3.4 0 -1 -1 
/home/antonkov/masterWork/tests/samePrefixMarkedMtx2304/depth2/node2/test0_2.mtx 3.5 0 -1 -1 
/home/antonkov/masterWork/tests/samePrefixMarkedMtx2304/depth2/node2/test0_3.mtx 1 410.874 0.0842839 0.93 
/home/antonkov/masterWork/tests/samePrefixMarkedMtx2304/depth2/node2/test0_3.mtx 1.1 408.164 0.0709635 0.81 
/home/antonkov/masterWork/tests/samePrefixMarkedMtx2304/depth2/node2/test0_3.mtx 1.2 392.838 0.0605773 0.73 
/home/antonkov/masterWork/tests/samePrefixMarkedMtx2304/depth2/node2/test0_3.mtx 1.3 381.592 0.0448047 0.58 
/home/antonkov/masterWork/tests/samePrefixMarkedMtx2304/depth2/node2/test0_3.mtx 1.4 492.814 0.0303928 0.41 
/home/antonkov/masterWork/tests/samePrefixMarkedMtx2304/depth2/node2/test0_3.mtx 1.5 457.33 0.0193034 0.27 
/home/antonkov/masterWork/tests/samePrefixMarkedMtx2304/depth2/node2/test0_3.mtx 1.6 608.186 0.009528 0.13 
/home/antonkov/masterWork/tests/samePrefixMarkedMtx2304/depth2/node2/test0_3.mtx 1.7 819.728 0.00444065 0.0675 
/home/antonkov/masterWork/tests/samePrefixMarkedMtx2304/depth2/node2/test0_3.mtx 1.8 1262.61 0.00210503 0.031875 
/home/antonkov/masterWork/tests/samePrefixMarkedMtx2304/depth2/node2/test0_3.mtx 1.9 2416.06 0.000722286 0.0121951 
/home/antonkov/masterWork/tests/samePrefixMarkedMtx2304/depth2/node2/test0_3.mtx 2 7112.48 0.000213673 0.00328947 
/home/antonkov/masterWork/tests/samePrefixMarkedMtx2304/depth2/node2/test0_3.mtx 2.1 0 -1 -1 
/home/antonkov/masterWork/tests/samePrefixMarkedMtx2304/depth2/node2/test0_3.mtx 2.2 0 -1 -1 
/home/antonkov/masterWork/tests/samePrefixMarkedMtx2304/depth2/node2/test0_3.mtx 2.3 0 -1 -1 
/home/antonkov/masterWork/tests/samePrefixMarkedMtx2304/depth2/node2/test0_3.mtx 2.4 0 -1 -1 
/home/antonkov/masterWork/tests/samePrefixMarkedMtx2304/depth2/node2/test0_3.mtx 2.5 0 -1 -1 
/home/antonkov/masterWork/tests/samePrefixMarkedMtx2304/depth2/node2/test0_3.mtx 2.6 0 -1 -1 
/home/antonkov/masterWork/tests/samePrefixMarkedMtx2304/depth2/node2/test0_3.mtx 2.7 0 -1 -1 
/home/antonkov/masterWork/tests/samePrefixMarkedMtx2304/depth2/node2/test0_3.mtx 2.8 0 -1 -1 
/home/antonkov/masterWork/tests/samePrefixMarkedMtx2304/depth2/node2/test0_3.mtx 2.9 0 -1 -1 
/home/antonkov/masterWork/tests/samePrefixMarkedMtx2304/depth2/node2/test0_3.mtx 3 0 -1 -1 
/home/antonkov/masterWork/tests/samePrefixMarkedMtx2304/depth2/node2/test0_3.mtx 3.1 0 -1 -1 
/home/antonkov/masterWork/tests/samePrefixMarkedMtx2304/depth2/node2/test0_3.mtx 3.2 0 -1 -1 
/home/antonkov/masterWork/tests/samePrefixMarkedMtx2304/depth2/node2/test0_3.mtx 3.3 0 -1 -1 
/home/antonkov/masterWork/tests/samePrefixMarkedMtx2304/depth2/node2/test0_3.mtx 3.4 0 -1 -1 
/home/antonkov/masterWork/tests/samePrefixMarkedMtx2304/depth2/node2/test0_3.mtx 3.5 0 -1 -1 
/home/antonkov/masterWork/tests/samePrefixMarkedMtx2304/depth2/node2/test0_4.mtx 1 413.512 0.0901562 0.97 
/home/antonkov/masterWork/tests/samePrefixMarkedMtx2304/depth2/node2/test0_4.mtx 1.1 409.626 0.0795877 0.9 
/home/antonkov/masterWork/tests/samePrefixMarkedMtx2304/depth2/node2/test0_4.mtx 1.2 408.053 0.0654514 0.79 
/home/antonkov/masterWork/tests/samePrefixMarkedMtx2304/depth2/node2/test0_4.mtx 1.3 382.739 0.0463021 0.6 
/home/antonkov/masterWork/tests/samePrefixMarkedMtx2304/depth2/node2/test0_4.mtx 1.4 488.599 0.030408 0.41 
/home/antonkov/masterWork/tests/samePrefixMarkedMtx2304/depth2/node2/test0_4.mtx 1.5 544.357 0.0161198 0.233333 
/home/antonkov/masterWork/tests/samePrefixMarkedMtx2304/depth2/node2/test0_4.mtx 1.6 655.468 0.00792969 0.118 
/home/antonkov/masterWork/tests/samePrefixMarkedMtx2304/depth2/node2/test0_4.mtx 1.7 944.618 0.00351693 0.053 
/home/antonkov/masterWork/tests/samePrefixMarkedMtx2304/depth2/node2/test0_4.mtx 1.8 1487.72 0.0014172 0.0238095 
/home/antonkov/masterWork/tests/samePrefixMarkedMtx2304/depth2/node2/test0_4.mtx 1.9 3494.67 0.00049238 0.00793651 
/home/antonkov/masterWork/tests/samePrefixMarkedMtx2304/depth2/node2/test0_4.mtx 2 0 -1 -1 
/home/antonkov/masterWork/tests/samePrefixMarkedMtx2304/depth2/node2/test0_4.mtx 2.1 0 -1 -1 
/home/antonkov/masterWork/tests/samePrefixMarkedMtx2304/depth2/node2/test0_4.mtx 2.2 0 -1 -1 
/home/antonkov/masterWork/tests/samePrefixMarkedMtx2304/depth2/node2/test0_4.mtx 2.3 0 -1 -1 
/home/antonkov/masterWork/tests/samePrefixMarkedMtx2304/depth2/node2/test0_4.mtx 2.4 0 -1 -1 
/home/antonkov/masterWork/tests/samePrefixMarkedMtx2304/depth2/node2/test0_4.mtx 2.5 0 -1 -1 
/home/antonkov/masterWork/tests/samePrefixMarkedMtx2304/depth2/node2/test0_4.mtx 2.6 0 -1 -1 
/home/antonkov/masterWork/tests/samePrefixMarkedMtx2304/depth2/node2/test0_4.mtx 2.7 0 -1 -1 
/home/antonkov/masterWork/tests/samePrefixMarkedMtx2304/depth2/node2/test0_4.mtx 2.8 0 -1 -1 
/home/antonkov/masterWork/tests/samePrefixMarkedMtx2304/depth2/node2/test0_4.mtx 2.9 0 -1 -1 
/home/antonkov/masterWork/tests/samePrefixMarkedMtx2304/depth2/node2/test0_4.mtx 3 0 -1 -1 
/home/antonkov/masterWork/tests/samePrefixMarkedMtx2304/depth2/node2/test0_4.mtx 3.1 0 -1 -1 
/home/antonkov/masterWork/tests/samePrefixMarkedMtx2304/depth2/node2/test0_4.mtx 3.2 0 -1 -1 
/home/antonkov/masterWork/tests/samePrefixMarkedMtx2304/depth2/node2/test0_4.mtx 3.3 0 -1 -1 
/home/antonkov/masterWork/tests/samePrefixMarkedMtx2304/depth2/node2/test0_4.mtx 3.4 0 -1 -1 
/home/antonkov/masterWork/tests/samePrefixMarkedMtx2304/depth2/node2/test0_4.mtx 3.5 0 -1 -1 
/home/antonkov/masterWork/tests/samePrefixMarkedMtx2304/depth2/node2/test1_0.mtx 1 462.882 0.0859418 0.93 
/home/antonkov/masterWork/tests/samePrefixMarkedMtx2304/depth2/node2/test1_0.mtx 1.1 458.26 0.0756467 0.88 
/home/antonkov/masterWork/tests/samePrefixMarkedMtx2304/depth2/node2/test1_0.mtx 1.2 449.226 0.0594661 0.72 
/home/antonkov/masterWork/tests/samePrefixMarkedMtx2304/depth2/node2/test1_0.mtx 1.3 430.182 0.0435677 0.55 
/home/antonkov/masterWork/tests/samePrefixMarkedMtx2304/depth2/node2/test1_0.mtx 1.4 539.484 0.0339128 0.45 
/home/antonkov/masterWork/tests/samePrefixMarkedMtx2304/depth2/node2/test1_0.mtx 1.5 504.709 0.0184071 0.275 
/home/antonkov/masterWork/tests/samePrefixMarkedMtx2304/depth2/node2/test1_0.mtx 1.6 646.115 0.00863824 0.125 
/home/antonkov/masterWork/tests/samePrefixMarkedMtx2304/depth2/node2/test1_0.mtx 1.7 902.508 0.00520779 0.0725 
/home/antonkov/masterWork/tests/samePrefixMarkedMtx2304/depth2/node2/test1_0.mtx 1.8 1195.02 0.00252759 0.0378571 
/home/antonkov/masterWork/tests/samePrefixMarkedMtx2304/depth2/node2/test1_0.mtx 1.9 2514.51 0.000909341 0.0126829 
/home/antonkov/masterWork/tests/samePrefixMarkedMtx2304/depth2/node2/test1_0.mtx 2 5703.71 0.000236823 0.0042735 
/home/antonkov/masterWork/tests/samePrefixMarkedMtx2304/depth2/node2/test1_0.mtx 2.1 0 -1 -1 
/home/antonkov/masterWork/tests/samePrefixMarkedMtx2304/depth2/node2/test1_0.mtx 2.2 0 -1 -1 
/home/antonkov/masterWork/tests/samePrefixMarkedMtx2304/depth2/node2/test1_0.mtx 2.3 0 -1 -1 
/home/antonkov/masterWork/tests/samePrefixMarkedMtx2304/depth2/node2/test1_0.mtx 2.4 0 -1 -1 
/home/antonkov/masterWork/tests/samePrefixMarkedMtx2304/depth2/node2/test1_0.mtx 2.5 0 -1 -1 
/home/antonkov/masterWork/tests/samePrefixMarkedMtx2304/depth2/node2/test1_0.mtx 2.6 0 -1 -1 
/home/antonkov/masterWork/tests/samePrefixMarkedMtx2304/depth2/node2/test1_0.mtx 2.7 0 -1 -1 
/home/antonkov/masterWork/tests/samePrefixMarkedMtx2304/depth2/node2/test1_0.mtx 2.8 0 -1 -1 
/home/antonkov/masterWork/tests/samePrefixMarkedMtx2304/depth2/node2/test1_0.mtx 2.9 0 -1 -1 
/home/antonkov/masterWork/tests/samePrefixMarkedMtx2304/depth2/node2/test1_0.mtx 3 0 -1 -1 
/home/antonkov/masterWork/tests/samePrefixMarkedMtx2304/depth2/node2/test1_0.mtx 3.1 0 -1 -1 
/home/antonkov/masterWork/tests/samePrefixMarkedMtx2304/depth2/node2/test1_0.mtx 3.2 0 -1 -1 
/home/antonkov/masterWork/tests/samePrefixMarkedMtx2304/depth2/node2/test1_0.mtx 3.3 0 -1 -1 
/home/antonkov/masterWork/tests/samePrefixMarkedMtx2304/depth2/node2/test1_0.mtx 3.4 0 -1 -1 
/home/antonkov/masterWork/tests/samePrefixMarkedMtx2304/depth2/node2/test1_0.mtx 3.5 0 -1 -1 
/home/antonkov/masterWork/tests/samePrefixMarkedMtx2304/depth2/node2/test1_1.mtx 1 471.792 0.0874826 0.94 
/home/antonkov/masterWork/tests/samePrefixMarkedMtx2304/depth2/node2/test1_1.mtx 1.1 470.549 0.073967 0.82 
/home/antonkov/masterWork/tests/samePrefixMarkedMtx2304/depth2/node2/test1_1.mtx 1.2 459.313 0.061428 0.72 
/home/antonkov/masterWork/tests/samePrefixMarkedMtx2304/depth2/node2/test1_1.mtx 1.3 432.607 0.0446788 0.55 
/home/antonkov/masterWork/tests/samePrefixMarkedMtx2304/depth2/node2/test1_1.mtx 1.4 547.806 0.0351562 0.465 
/home/antonkov/masterWork/tests/samePrefixMarkedMtx2304/depth2/node2/test1_1.mtx 1.5 525.369 0.0232552 0.32 
/home/antonkov/masterWork/tests/samePrefixMarkedMtx2304/depth2/node2/test1_1.mtx 1.6 573.588 0.0116927 0.176667 
/home/antonkov/masterWork/tests/samePrefixMarkedMtx2304/depth2/node2/test1_1.mtx 1.7 820.301 0.00488529 0.0728571 
/home/antonkov/masterWork/tests/samePrefixMarkedMtx2304/depth2/node2/test1_1.mtx 1.8 1361.73 0.00192274 0.0305882 
/home/antonkov/masterWork/tests/samePrefixMarkedMtx2304/depth2/node2/test1_1.mtx 1.9 2986.91 0.000636063 0.00980392 
/home/antonkov/masterWork/tests/samePrefixMarkedMtx2304/depth2/node2/test1_1.mtx 2 0 -1 -1 
/home/antonkov/masterWork/tests/samePrefixMarkedMtx2304/depth2/node2/test1_1.mtx 2.1 0 -1 -1 
/home/antonkov/masterWork/tests/samePrefixMarkedMtx2304/depth2/node2/test1_1.mtx 2.2 0 -1 -1 
/home/antonkov/masterWork/tests/samePrefixMarkedMtx2304/depth2/node2/test1_1.mtx 2.3 0 -1 -1 
/home/antonkov/masterWork/tests/samePrefixMarkedMtx2304/depth2/node2/test1_1.mtx 2.4 0 -1 -1 
/home/antonkov/masterWork/tests/samePrefixMarkedMtx2304/depth2/node2/test1_1.mtx 2.5 0 -1 -1 
/home/antonkov/masterWork/tests/samePrefixMarkedMtx2304/depth2/node2/test1_1.mtx 2.6 0 -1 -1 
/home/antonkov/masterWork/tests/samePrefixMarkedMtx2304/depth2/node2/test1_1.mtx 2.7 0 -1 -1 
/home/antonkov/masterWork/tests/samePrefixMarkedMtx2304/depth2/node2/test1_1.mtx 2.8 0 -1 -1 
/home/antonkov/masterWork/tests/samePrefixMarkedMtx2304/depth2/node2/test1_1.mtx 2.9 0 -1 -1 
/home/antonkov/masterWork/tests/samePrefixMarkedMtx2304/depth2/node2/test1_1.mtx 3 0 -1 -1 
/home/antonkov/masterWork/tests/samePrefixMarkedMtx2304/depth2/node2/test1_1.mtx 3.1 0 -1 -1 
/home/antonkov/masterWork/tests/samePrefixMarkedMtx2304/depth2/node2/test1_1.mtx 3.2 0 -1 -1 
/home/antonkov/masterWork/tests/samePrefixMarkedMtx2304/depth2/node2/test1_1.mtx 3.3 0 -1 -1 
/home/antonkov/masterWork/tests/samePrefixMarkedMtx2304/depth2/node2/test1_1.mtx 3.4 0 -1 -1 
/home/antonkov/masterWork/tests/samePrefixMarkedMtx2304/depth2/node2/test1_1.mtx 3.5 0 -1 -1 
/home/antonkov/masterWork/tests/samePrefixMarkedMtx2304/depth2/node2/test1_2.mtx 1 463.462 0.0869271 0.95 
/home/antonkov/masterWork/tests/samePrefixMarkedMtx2304/depth2/node2/test1_2.mtx 1.1 462.287 0.0733637 0.84 
/home/antonkov/masterWork/tests/samePrefixMarkedMtx2304/depth2/node2/test1_2.mtx 1.2 459.897 0.058928 0.71 
/home/antonkov/masterWork/tests/samePrefixMarkedMtx2304/depth2/node2/test1_2.mtx 1.3 429.954 0.0437804 0.55 
/home/antonkov/masterWork/tests/samePrefixMarkedMtx2304/depth2/node2/test1_2.mtx 1.4 541.834 0.0298307 0.41 
/home/antonkov/masterWork/tests/samePrefixMarkedMtx2304/depth2/node2/test1_2.mtx 1.5 601.902 0.0180628 0.25 
/home/antonkov/masterWork/tests/samePrefixMarkedMtx2304/depth2/node2/test1_2.mtx 1.6 635.283 0.00912218 0.14 
/home/antonkov/masterWork/tests/samePrefixMarkedMtx2304/depth2/node2/test1_2.mtx 1.7 960.131 0.00434558 0.0633333 
/home/antonkov/masterWork/tests/samePrefixMarkedMtx2304/depth2/node2/test1_2.mtx 1.8 1330.41 0.00223307 0.033125 
/home/antonkov/masterWork/tests/samePrefixMarkedMtx2304/depth2/node2/test1_2.mtx 1.9 2912.86 0.000671568 0.010625 
/home/antonkov/masterWork/tests/samePrefixMarkedMtx2304/depth2/node2/test1_2.mtx 2 6275.42 0.000216219 0.00381679 
/home/antonkov/masterWork/tests/samePrefixMarkedMtx2304/depth2/node2/test1_2.mtx 2.1 0 -1 -1 
/home/antonkov/masterWork/tests/samePrefixMarkedMtx2304/depth2/node2/test1_2.mtx 2.2 0 -1 -1 
/home/antonkov/masterWork/tests/samePrefixMarkedMtx2304/depth2/node2/test1_2.mtx 2.3 0 -1 -1 
/home/antonkov/masterWork/tests/samePrefixMarkedMtx2304/depth2/node2/test1_2.mtx 2.4 0 -1 -1 
/home/antonkov/masterWork/tests/samePrefixMarkedMtx2304/depth2/node2/test1_2.mtx 2.5 0 -1 -1 
/home/antonkov/masterWork/tests/samePrefixMarkedMtx2304/depth2/node2/test1_2.mtx 2.6 0 -1 -1 
/home/antonkov/masterWork/tests/samePrefixMarkedMtx2304/depth2/node2/test1_2.mtx 2.7 0 -1 -1 
/home/antonkov/masterWork/tests/samePrefixMarkedMtx2304/depth2/node2/test1_2.mtx 2.8 0 -1 -1 
/home/antonkov/masterWork/tests/samePrefixMarkedMtx2304/depth2/node2/test1_2.mtx 2.9 0 -1 -1 
/home/antonkov/masterWork/tests/samePrefixMarkedMtx2304/depth2/node2/test1_2.mtx 3 0 -1 -1 
/home/antonkov/masterWork/tests/samePrefixMarkedMtx2304/depth2/node2/test1_2.mtx 3.1 0 -1 -1 
/home/antonkov/masterWork/tests/samePrefixMarkedMtx2304/depth2/node2/test1_2.mtx 3.2 0 -1 -1 
/home/antonkov/masterWork/tests/samePrefixMarkedMtx2304/depth2/node2/test1_2.mtx 3.3 0 -1 -1 
/home/antonkov/masterWork/tests/samePrefixMarkedMtx2304/depth2/node2/test1_2.mtx 3.4 0 -1 -1 
/home/antonkov/masterWork/tests/samePrefixMarkedMtx2304/depth2/node2/test1_2.mtx 3.5 0 -1 -1 
/home/antonkov/masterWork/tests/samePrefixMarkedMtx2304/depth2/node2/test1_3.mtx 1 476.008 0.0881554 0.94 
/home/antonkov/masterWork/tests/samePrefixMarkedMtx2304/depth2/node2/test1_3.mtx 1.1 463.394 0.0777083 0.89 
/home/antonkov/masterWork/tests/samePrefixMarkedMtx2304/depth2/node2/test1_3.mtx 1.2 456.775 0.0624045 0.74 
/home/antonkov/masterWork/tests/samePrefixMarkedMtx2304/depth2/node2/test1_3.mtx 1.3 440.081 0.0475781 0.6 
/home/antonkov/masterWork/tests/samePrefixMarkedMtx2304/depth2/node2/test1_3.mtx 1.4 537.42 0.0345855 0.445 
/home/antonkov/masterWork/tests/samePrefixMarkedMtx2304/depth2/node2/test1_3.mtx 1.5 507.852 0.0214605 0.285 
/home/antonkov/masterWork/tests/samePrefixMarkedMtx2304/depth2/node2/test1_3.mtx 1.6 572.639 0.0122584 0.173333 
/home/antonkov/masterWork/tests/samePrefixMarkedMtx2304/depth2/node2/test1_3.mtx 1.7 823.07 0.00584263 0.0828571 
/home/antonkov/masterWork/tests/samePrefixMarkedMtx2304/depth2/node2/test1_3.mtx 1.8 1279 0.00211024 0.0346667 
/home/antonkov/masterWork/tests/samePrefixMarkedMtx2304/depth2/node2/test1_3.mtx 1.9 2926.95 0.000650687 0.0102041 
/home/antonkov/masterWork/tests/samePrefixMarkedMtx2304/depth2/node2/test1_3.mtx 2 7163.43 0.000204336 0.00328947 
/home/antonkov/masterWork/tests/samePrefixMarkedMtx2304/depth2/node2/test1_3.mtx 2.1 0 -1 -1 
/home/antonkov/masterWork/tests/samePrefixMarkedMtx2304/depth2/node2/test1_3.mtx 2.2 0 -1 -1 
/home/antonkov/masterWork/tests/samePrefixMarkedMtx2304/depth2/node2/test1_3.mtx 2.3 0 -1 -1 
/home/antonkov/masterWork/tests/samePrefixMarkedMtx2304/depth2/node2/test1_3.mtx 2.4 0 -1 -1 
/home/antonkov/masterWork/tests/samePrefixMarkedMtx2304/depth2/node2/test1_3.mtx 2.5 0 -1 -1 
/home/antonkov/masterWork/tests/samePrefixMarkedMtx2304/depth2/node2/test1_3.mtx 2.6 0 -1 -1 
/home/antonkov/masterWork/tests/samePrefixMarkedMtx2304/depth2/node2/test1_3.mtx 2.7 0 -1 -1 
/home/antonkov/masterWork/tests/samePrefixMarkedMtx2304/depth2/node2/test1_3.mtx 2.8 0 -1 -1 
/home/antonkov/masterWork/tests/samePrefixMarkedMtx2304/depth2/node2/test1_3.mtx 2.9 0 -1 -1 
/home/antonkov/masterWork/tests/samePrefixMarkedMtx2304/depth2/node2/test1_3.mtx 3 0 -1 -1 
/home/antonkov/masterWork/tests/samePrefixMarkedMtx2304/depth2/node2/test1_3.mtx 3.1 0 -1 -1 
/home/antonkov/masterWork/tests/samePrefixMarkedMtx2304/depth2/node2/test1_3.mtx 3.2 0 -1 -1 
/home/antonkov/masterWork/tests/samePrefixMarkedMtx2304/depth2/node2/test1_3.mtx 3.3 0 -1 -1 
/home/antonkov/masterWork/tests/samePrefixMarkedMtx2304/depth2/node2/test1_3.mtx 3.4 0 -1 -1 
/home/antonkov/masterWork/tests/samePrefixMarkedMtx2304/depth2/node2/test1_3.mtx 3.5 0 -1 -1 
/home/antonkov/masterWork/tests/samePrefixMarkedMtx2304/depth2/node2/test1_4.mtx 1 469.21 0.0819054 0.91 
/home/antonkov/masterWork/tests/samePrefixMarkedMtx2304/depth2/node2/test1_4.mtx 1.1 460.532 0.072092 0.83 
/home/antonkov/masterWork/tests/samePrefixMarkedMtx2304/depth2/node2/test1_4.mtx 1.2 452.829 0.0575477 0.7 
/home/antonkov/masterWork/tests/samePrefixMarkedMtx2304/depth2/node2/test1_4.mtx 1.3 428.181 0.0465842 0.57 
/home/antonkov/masterWork/tests/samePrefixMarkedMtx2304/depth2/node2/test1_4.mtx 1.4 546.587 0.0278212 0.38 
/home/antonkov/masterWork/tests/samePrefixMarkedMtx2304/depth2/node2/test1_4.mtx 1.5 513.063 0.0173676 0.255 
/home/antonkov/masterWork/tests/samePrefixMarkedMtx2304/depth2/node2/test1_4.mtx 1.6 668.415 0.0093457 0.1375 
/home/antonkov/masterWork/tests/samePrefixMarkedMtx2304/depth2/node2/test1_4.mtx 1.7 927.988 0.00400065 0.065 
/home/antonkov/masterWork/tests/samePrefixMarkedMtx2304/depth2/node2/test1_4.mtx 1.8 1474.68 0.0017284 0.0277778 
/home/antonkov/masterWork/tests/samePrefixMarkedMtx2304/depth2/node2/test1_4.mtx 1.9 3224.06 0.00058425 0.00925926 
/home/antonkov/masterWork/tests/samePrefixMarkedMtx2304/depth2/node2/test1_4.mtx 2 0 -1 -1 
/home/antonkov/masterWork/tests/samePrefixMarkedMtx2304/depth2/node2/test1_4.mtx 2.1 0 -1 -1 
/home/antonkov/masterWork/tests/samePrefixMarkedMtx2304/depth2/node2/test1_4.mtx 2.2 0 -1 -1 
/home/antonkov/masterWork/tests/samePrefixMarkedMtx2304/depth2/node2/test1_4.mtx 2.3 0 -1 -1 
/home/antonkov/masterWork/tests/samePrefixMarkedMtx2304/depth2/node2/test1_4.mtx 2.4 0 -1 -1 
/home/antonkov/masterWork/tests/samePrefixMarkedMtx2304/depth2/node2/test1_4.mtx 2.5 0 -1 -1 
/home/antonkov/masterWork/tests/samePrefixMarkedMtx2304/depth2/node2/test1_4.mtx 2.6 0 -1 -1 
/home/antonkov/masterWork/tests/samePrefixMarkedMtx2304/depth2/node2/test1_4.mtx 2.7 0 -1 -1 
/home/antonkov/masterWork/tests/samePrefixMarkedMtx2304/depth2/node2/test1_4.mtx 2.8 0 -1 -1 
/home/antonkov/masterWork/tests/samePrefixMarkedMtx2304/depth2/node2/test1_4.mtx 2.9 0 -1 -1 
/home/antonkov/masterWork/tests/samePrefixMarkedMtx2304/depth2/node2/test1_4.mtx 3 0 -1 -1 
/home/antonkov/masterWork/tests/samePrefixMarkedMtx2304/depth2/node2/test1_4.mtx 3.1 0 -1 -1 
/home/antonkov/masterWork/tests/samePrefixMarkedMtx2304/depth2/node2/test1_4.mtx 3.2 0 -1 -1 
/home/antonkov/masterWork/tests/samePrefixMarkedMtx2304/depth2/node2/test1_4.mtx 3.3 0 -1 -1 
/home/antonkov/masterWork/tests/samePrefixMarkedMtx2304/depth2/node2/test1_4.mtx 3.4 0 -1 -1 
/home/antonkov/masterWork/tests/samePrefixMarkedMtx2304/depth2/node2/test1_4.mtx 3.5 0 -1 -1 
/home/antonkov/masterWork/tests/samePrefixMarkedMtx2304/depth2/node2/test2_0.mtx 1 471.915 0.0862977 0.92 
/home/antonkov/masterWork/tests/samePrefixMarkedMtx2304/depth2/node2/test2_0.mtx 1.1 463.3 0.0740148 0.84 
/home/antonkov/masterWork/tests/samePrefixMarkedMtx2304/depth2/node2/test2_0.mtx 1.2 464.165 0.0613108 0.74 
/home/antonkov/masterWork/tests/samePrefixMarkedMtx2304/depth2/node2/test2_0.mtx 1.3 432.111 0.0479687 0.63 
/home/antonkov/masterWork/tests/samePrefixMarkedMtx2304/depth2/node2/test2_0.mtx 1.4 537.199 0.0307053 0.415 
/home/antonkov/masterWork/tests/samePrefixMarkedMtx2304/depth2/node2/test2_0.mtx 1.5 510.286 0.0191124 0.255 
/home/antonkov/masterWork/tests/samePrefixMarkedMtx2304/depth2/node2/test2_0.mtx 1.6 637.777 0.00920898 0.1275 
/home/antonkov/masterWork/tests/samePrefixMarkedMtx2304/depth2/node2/test2_0.mtx 1.7 888.966 0.00466417 0.07 
/home/antonkov/masterWork/tests/samePrefixMarkedMtx2304/depth2/node2/test2_0.mtx 1.8 1280.7 0.00214468 0.0333333 
/home/antonkov/masterWork/tests/samePrefixMarkedMtx2304/depth2/node2/test2_0.mtx 1.9 2331.71 0.000852065 0.0134211 
/home/antonkov/masterWork/tests/samePrefixMarkedMtx2304/depth2/node2/test2_0.mtx 2 7376.84 0.000209179 0.00331169 
/home/antonkov/masterWork/tests/samePrefixMarkedMtx2304/depth2/node2/test2_0.mtx 2.1 0 -1 -1 
/home/antonkov/masterWork/tests/samePrefixMarkedMtx2304/depth2/node2/test2_0.mtx 2.2 0 -1 -1 
/home/antonkov/masterWork/tests/samePrefixMarkedMtx2304/depth2/node2/test2_0.mtx 2.3 0 -1 -1 
/home/antonkov/masterWork/tests/samePrefixMarkedMtx2304/depth2/node2/test2_0.mtx 2.4 0 -1 -1 
/home/antonkov/masterWork/tests/samePrefixMarkedMtx2304/depth2/node2/test2_0.mtx 2.5 0 -1 -1 
/home/antonkov/masterWork/tests/samePrefixMarkedMtx2304/depth2/node2/test2_0.mtx 2.6 0 -1 -1 
/home/antonkov/masterWork/tests/samePrefixMarkedMtx2304/depth2/node2/test2_0.mtx 2.7 0 -1 -1 
/home/antonkov/masterWork/tests/samePrefixMarkedMtx2304/depth2/node2/test2_0.mtx 2.8 0 -1 -1 
/home/antonkov/masterWork/tests/samePrefixMarkedMtx2304/depth2/node2/test2_0.mtx 2.9 0 -1 -1 
/home/antonkov/masterWork/tests/samePrefixMarkedMtx2304/depth2/node2/test2_0.mtx 3 0 -1 -1 
/home/antonkov/masterWork/tests/samePrefixMarkedMtx2304/depth2/node2/test2_0.mtx 3.1 0 -1 -1 
/home/antonkov/masterWork/tests/samePrefixMarkedMtx2304/depth2/node2/test2_0.mtx 3.2 0 -1 -1 
/home/antonkov/masterWork/tests/samePrefixMarkedMtx2304/depth2/node2/test2_0.mtx 3.3 0 -1 -1 
/home/antonkov/masterWork/tests/samePrefixMarkedMtx2304/depth2/node2/test2_0.mtx 3.4 0 -1 -1 
/home/antonkov/masterWork/tests/samePrefixMarkedMtx2304/depth2/node2/test2_0.mtx 3.5 0 -1 -1 
/home/antonkov/masterWork/tests/samePrefixMarkedMtx2304/depth2/node2/test2_1.mtx 1 468.973 0.086441 0.94 
/home/antonkov/masterWork/tests/samePrefixMarkedMtx2304/depth2/node2/test2_1.mtx 1.1 460.426 0.0702127 0.79 
/home/antonkov/masterWork/tests/samePrefixMarkedMtx2304/depth2/node2/test2_1.mtx 1.2 454.05 0.0589062 0.71 
/home/antonkov/masterWork/tests/samePrefixMarkedMtx2304/depth2/node2/test2_1.mtx 1.3 428.598 0.0491276 0.63 
/home/antonkov/masterWork/tests/samePrefixMarkedMtx2304/depth2/node2/test2_1.mtx 1.4 536.384 0.0311697 0.405 
/home/antonkov/masterWork/tests/samePrefixMarkedMtx2304/depth2/node2/test2_1.mtx 1.5 510.288 0.0184852 0.26 
/home/antonkov/masterWork/tests/samePrefixMarkedMtx2304/depth2/node2/test2_1.mtx 1.6 645.526 0.00976346 0.135 
/home/antonkov/masterWork/tests/samePrefixMarkedMtx2304/depth2/node2/test2_1.mtx 1.7 820.801 0.00494668 0.0714286 
/home/antonkov/masterWork/tests/samePrefixMarkedMtx2304/depth2/node2/test2_1.mtx 1.8 1244.27 0.00222743 0.0333333 
/home/antonkov/masterWork/tests/samePrefixMarkedMtx2304/depth2/node2/test2_1.mtx 1.9 2898.82 0.000677349 0.0104082 
/home/antonkov/masterWork/tests/samePrefixMarkedMtx2304/depth2/node2/test2_1.mtx 2 5149.64 0.000232737 0.00471698 
/home/antonkov/masterWork/tests/samePrefixMarkedMtx2304/depth2/node2/test2_1.mtx 2.1 0 -1 -1 
/home/antonkov/masterWork/tests/samePrefixMarkedMtx2304/depth2/node2/test2_1.mtx 2.2 0 -1 -1 
/home/antonkov/masterWork/tests/samePrefixMarkedMtx2304/depth2/node2/test2_1.mtx 2.3 0 -1 -1 
/home/antonkov/masterWork/tests/samePrefixMarkedMtx2304/depth2/node2/test2_1.mtx 2.4 0 -1 -1 
/home/antonkov/masterWork/tests/samePrefixMarkedMtx2304/depth2/node2/test2_1.mtx 2.5 0 -1 -1 
/home/antonkov/masterWork/tests/samePrefixMarkedMtx2304/depth2/node2/test2_1.mtx 2.6 0 -1 -1 
/home/antonkov/masterWork/tests/samePrefixMarkedMtx2304/depth2/node2/test2_1.mtx 2.7 0 -1 -1 
/home/antonkov/masterWork/tests/samePrefixMarkedMtx2304/depth2/node2/test2_1.mtx 2.8 0 -1 -1 
/home/antonkov/masterWork/tests/samePrefixMarkedMtx2304/depth2/node2/test2_1.mtx 2.9 0 -1 -1 
/home/antonkov/masterWork/tests/samePrefixMarkedMtx2304/depth2/node2/test2_1.mtx 3 0 -1 -1 
/home/antonkov/masterWork/tests/samePrefixMarkedMtx2304/depth2/node2/test2_1.mtx 3.1 0 -1 -1 
/home/antonkov/masterWork/tests/samePrefixMarkedMtx2304/depth2/node2/test2_1.mtx 3.2 0 -1 -1 
/home/antonkov/masterWork/tests/samePrefixMarkedMtx2304/depth2/node2/test2_1.mtx 3.3 0 -1 -1 
/home/antonkov/masterWork/tests/samePrefixMarkedMtx2304/depth2/node2/test2_1.mtx 3.4 0 -1 -1 
/home/antonkov/masterWork/tests/samePrefixMarkedMtx2304/depth2/node2/test2_1.mtx 3.5 0 -1 -1 
/home/antonkov/masterWork/tests/samePrefixMarkedMtx2304/depth2/node2/test2_2.mtx 1 461.465 0.0851389 0.93 
/home/antonkov/masterWork/tests/samePrefixMarkedMtx2304/depth2/node2/test2_2.mtx 1.1 459.783 0.0748134 0.86 
/home/antonkov/masterWork/tests/samePrefixMarkedMtx2304/depth2/node2/test2_2.mtx 1.2 453.991 0.0566146 0.68 
/home/antonkov/masterWork/tests/samePrefixMarkedMtx2304/depth2/node2/test2_2.mtx 1.3 427.128 0.0442839 0.56 
/home/antonkov/masterWork/tests/samePrefixMarkedMtx2304/depth2/node2/test2_2.mtx 1.4 534.753 0.0304753 0.41 
/home/antonkov/masterWork/tests/samePrefixMarkedMtx2304/depth2/node2/test2_2.mtx 1.5 494.884 0.0168902 0.255 
/home/antonkov/masterWork/tests/samePrefixMarkedMtx2304/depth2/node2/test2_2.mtx 1.6 633.443 0.00936306 0.1375 
/home/antonkov/masterWork/tests/samePrefixMarkedMtx2304/depth2/node2/test2_2.mtx 1.7 959.598 0.00388696 0.0577778 
/home/antonkov/masterWork/tests/samePrefixMarkedMtx2304/depth2/node2/test2_2.mtx 1.8 1640.32 0.00163155 0.0236364 
/home/antonkov/masterWork/tests/samePrefixMarkedMtx2304/depth2/node2/test2_2.mtx 1.9 2526.63 0.000737343 0.0116279 
/home/antonkov/masterWork/tests/samePrefixMarkedMtx2304/depth2/node2/test2_2.mtx 2 6827.61 0.000229402 0.00347222 
/home/antonkov/masterWork/tests/samePrefixMarkedMtx2304/depth2/node2/test2_2.mtx 2.1 0 -1 -1 
/home/antonkov/masterWork/tests/samePrefixMarkedMtx2304/depth2/node2/test2_2.mtx 2.2 0 -1 -1 
/home/antonkov/masterWork/tests/samePrefixMarkedMtx2304/depth2/node2/test2_2.mtx 2.3 0 -1 -1 
/home/antonkov/masterWork/tests/samePrefixMarkedMtx2304/depth2/node2/test2_2.mtx 2.4 0 -1 -1 
/home/antonkov/masterWork/tests/samePrefixMarkedMtx2304/depth2/node2/test2_2.mtx 2.5 0 -1 -1 
/home/antonkov/masterWork/tests/samePrefixMarkedMtx2304/depth2/node2/test2_2.mtx 2.6 0 -1 -1 
/home/antonkov/masterWork/tests/samePrefixMarkedMtx2304/depth2/node2/test2_2.mtx 2.7 0 -1 -1 
/home/antonkov/masterWork/tests/samePrefixMarkedMtx2304/depth2/node2/test2_2.mtx 2.8 0 -1 -1 
/home/antonkov/masterWork/tests/samePrefixMarkedMtx2304/depth2/node2/test2_2.mtx 2.9 0 -1 -1 
/home/antonkov/masterWork/tests/samePrefixMarkedMtx2304/depth2/node2/test2_2.mtx 3 0 -1 -1 
/home/antonkov/masterWork/tests/samePrefixMarkedMtx2304/depth2/node2/test2_2.mtx 3.1 0 -1 -1 
/home/antonkov/masterWork/tests/samePrefixMarkedMtx2304/depth2/node2/test2_2.mtx 3.2 0 -1 -1 
/home/antonkov/masterWork/tests/samePrefixMarkedMtx2304/depth2/node2/test2_2.mtx 3.3 0 -1 -1 
/home/antonkov/masterWork/tests/samePrefixMarkedMtx2304/depth2/node2/test2_2.mtx 3.4 0 -1 -1 
/home/antonkov/masterWork/tests/samePrefixMarkedMtx2304/depth2/node2/test2_2.mtx 3.5 0 -1 -1 
/home/antonkov/masterWork/tests/samePrefixMarkedMtx2304/depth2/node2/test2_3.mtx 1 462.821 0.0858637 0.91 
/home/antonkov/masterWork/tests/samePrefixMarkedMtx2304/depth2/node2/test2_3.mtx 1.1 462.92 0.0744835 0.84 
/home/antonkov/masterWork/tests/samePrefixMarkedMtx2304/depth2/node2/test2_3.mtx 1.2 464.065 0.0631207 0.77 
/home/antonkov/masterWork/tests/samePrefixMarkedMtx2304/depth2/node2/test2_3.mtx 1.3 434.373 0.0432856 0.55 
/home/antonkov/masterWork/tests/samePrefixMarkedMtx2304/depth2/node2/test2_3.mtx 1.4 531.989 0.0300521 0.39 
/home/antonkov/masterWork/tests/samePrefixMarkedMtx2304/depth2/node2/test2_3.mtx 1.5 610.176 0.0183261 0.26 
/home/antonkov/masterWork/tests/samePrefixMarkedMtx2304/depth2/node2/test2_3.mtx 1.6 644.457 0.00894314 0.1275 
/home/antonkov/masterWork/tests/samePrefixMarkedMtx2304/depth2/node2/test2_3.mtx 1.7 825.123 0.00549479 0.0771429 
/home/antonkov/masterWork/tests/samePrefixMarkedMtx2304/depth2/node2/test2_3.mtx 1.8 1261.37 0.00243345 0.036 
/home/antonkov/masterWork/tests/samePrefixMarkedMtx2304/depth2/node2/test2_3.mtx 1.9 2225.61 0.000871404 0.0142857 
/home/antonkov/masterWork/tests/samePrefixMarkedMtx2304/depth2/node2/test2_3.mtx 2 5782.4 0.000228306 0.00423729 
/home/antonkov/masterWork/tests/samePrefixMarkedMtx2304/depth2/node2/test2_3.mtx 2.1 0 -1 -1 
/home/antonkov/masterWork/tests/samePrefixMarkedMtx2304/depth2/node2/test2_3.mtx 2.2 0 -1 -1 
/home/antonkov/masterWork/tests/samePrefixMarkedMtx2304/depth2/node2/test2_3.mtx 2.3 0 -1 -1 
/home/antonkov/masterWork/tests/samePrefixMarkedMtx2304/depth2/node2/test2_3.mtx 2.4 0 -1 -1 
/home/antonkov/masterWork/tests/samePrefixMarkedMtx2304/depth2/node2/test2_3.mtx 2.5 0 -1 -1 
/home/antonkov/masterWork/tests/samePrefixMarkedMtx2304/depth2/node2/test2_3.mtx 2.6 0 -1 -1 
/home/antonkov/masterWork/tests/samePrefixMarkedMtx2304/depth2/node2/test2_3.mtx 2.7 0 -1 -1 
/home/antonkov/masterWork/tests/samePrefixMarkedMtx2304/depth2/node2/test2_3.mtx 2.8 0 -1 -1 
/home/antonkov/masterWork/tests/samePrefixMarkedMtx2304/depth2/node2/test2_3.mtx 2.9 0 -1 -1 
/home/antonkov/masterWork/tests/samePrefixMarkedMtx2304/depth2/node2/test2_3.mtx 3 0 -1 -1 
/home/antonkov/masterWork/tests/samePrefixMarkedMtx2304/depth2/node2/test2_3.mtx 3.1 0 -1 -1 
/home/antonkov/masterWork/tests/samePrefixMarkedMtx2304/depth2/node2/test2_3.mtx 3.2 0 -1 -1 
/home/antonkov/masterWork/tests/samePrefixMarkedMtx2304/depth2/node2/test2_3.mtx 3.3 0 -1 -1 
/home/antonkov/masterWork/tests/samePrefixMarkedMtx2304/depth2/node2/test2_3.mtx 3.4 0 -1 -1 
/home/antonkov/masterWork/tests/samePrefixMarkedMtx2304/depth2/node2/test2_3.mtx 3.5 0 -1 -1 
/home/antonkov/masterWork/tests/samePrefixMarkedMtx2304/depth2/node2/test2_4.mtx 1 470.261 0.090625 0.94 
/home/antonkov/masterWork/tests/samePrefixMarkedMtx2304/depth2/node2/test2_4.mtx 1.1 470.024 0.0797396 0.88 
/home/antonkov/masterWork/tests/samePrefixMarkedMtx2304/depth2/node2/test2_4.mtx 1.2 460.667 0.0680816 0.82 
/home/antonkov/masterWork/tests/samePrefixMarkedMtx2304/depth2/node2/test2_4.mtx 1.3 445.725 0.0524957 0.68 
/home/antonkov/masterWork/tests/samePrefixMarkedMtx2304/depth2/node2/test2_4.mtx 1.4 543.443 0.0318663 0.43 
/home/antonkov/masterWork/tests/samePrefixMarkedMtx2304/depth2/node2/test2_4.mtx 1.5 607.814 0.0186994 0.24 
/home/antonkov/masterWork/tests/samePrefixMarkedMtx2304/depth2/node2/test2_4.mtx 1.6 633.252 0.00917101 0.1275 
/home/antonkov/masterWork/tests/samePrefixMarkedMtx2304/depth2/node2/test2_4.mtx 1.7 878.4 0.00462836 0.0675 
/home/antonkov/masterWork/tests/samePrefixMarkedMtx2304/depth2/node2/test2_4.mtx 1.8 1395.89 0.00196104 0.0294118 
/home/antonkov/masterWork/tests/samePrefixMarkedMtx2304/depth2/node2/test2_4.mtx 1.9 3088.33 0.000600878 0.00961538 
/home/antonkov/masterWork/tests/samePrefixMarkedMtx2304/depth2/node2/test2_4.mtx 2 0 -1 -1 
/home/antonkov/masterWork/tests/samePrefixMarkedMtx2304/depth2/node2/test2_4.mtx 2.1 0 -1 -1 
/home/antonkov/masterWork/tests/samePrefixMarkedMtx2304/depth2/node2/test2_4.mtx 2.2 0 -1 -1 
/home/antonkov/masterWork/tests/samePrefixMarkedMtx2304/depth2/node2/test2_4.mtx 2.3 0 -1 -1 
/home/antonkov/masterWork/tests/samePrefixMarkedMtx2304/depth2/node2/test2_4.mtx 2.4 0 -1 -1 
/home/antonkov/masterWork/tests/samePrefixMarkedMtx2304/depth2/node2/test2_4.mtx 2.5 0 -1 -1 
/home/antonkov/masterWork/tests/samePrefixMarkedMtx2304/depth2/node2/test2_4.mtx 2.6 0 -1 -1 
/home/antonkov/masterWork/tests/samePrefixMarkedMtx2304/depth2/node2/test2_4.mtx 2.7 0 -1 -1 
/home/antonkov/masterWork/tests/samePrefixMarkedMtx2304/depth2/node2/test2_4.mtx 2.8 0 -1 -1 
/home/antonkov/masterWork/tests/samePrefixMarkedMtx2304/depth2/node2/test2_4.mtx 2.9 0 -1 -1 
/home/antonkov/masterWork/tests/samePrefixMarkedMtx2304/depth2/node2/test2_4.mtx 3 0 -1 -1 
/home/antonkov/masterWork/tests/samePrefixMarkedMtx2304/depth2/node2/test2_4.mtx 3.1 0 -1 -1 
/home/antonkov/masterWork/tests/samePrefixMarkedMtx2304/depth2/node2/test2_4.mtx 3.2 0 -1 -1 
/home/antonkov/masterWork/tests/samePrefixMarkedMtx2304/depth2/node2/test2_4.mtx 3.3 0 -1 -1 
/home/antonkov/masterWork/tests/samePrefixMarkedMtx2304/depth2/node2/test2_4.mtx 3.4 0 -1 -1 
/home/antonkov/masterWork/tests/samePrefixMarkedMtx2304/depth2/node2/test2_4.mtx 3.5 0 -1 -1 
/home/antonkov/masterWork/tests/samePrefixMarkedMtx2304/depth2/node2/test97_0.mtx 1 439.299 0.0876953 0.95 
/home/antonkov/masterWork/tests/samePrefixMarkedMtx2304/depth2/node2/test97_0.mtx 1.1 441.489 0.0729514 0.83 
/home/antonkov/masterWork/tests/samePrefixMarkedMtx2304/depth2/node2/test97_0.mtx 1.2 434.339 0.0627604 0.75 
/home/antonkov/masterWork/tests/samePrefixMarkedMtx2304/depth2/node2/test97_0.mtx 1.3 412.29 0.0488368 0.63 
/home/antonkov/masterWork/tests/samePrefixMarkedMtx2304/depth2/node2/test97_0.mtx 1.4 534.424 0.0357639 0.47 
/home/antonkov/masterWork/tests/samePrefixMarkedMtx2304/depth2/node2/test97_0.mtx 1.5 475.861 0.0195443 0.265 
/home/antonkov/masterWork/tests/samePrefixMarkedMtx2304/depth2/node2/test97_0.mtx 1.6 612.196 0.0103971 0.1475 
/home/antonkov/masterWork/tests/samePrefixMarkedMtx2304/depth2/node2/test97_0.mtx 1.7 856.401 0.00435221 0.06375 
/home/antonkov/masterWork/tests/samePrefixMarkedMtx2304/depth2/node2/test97_0.mtx 1.8 1367.12 0.00181807 0.0294118 
/home/antonkov/masterWork/tests/samePrefixMarkedMtx2304/depth2/node2/test97_0.mtx 1.9 2973.48 0.000641059 0.0102 
/home/antonkov/masterWork/tests/samePrefixMarkedMtx2304/depth2/node2/test97_0.mtx 2 5985.74 0.0002547 0.00406504 
/home/antonkov/masterWork/tests/samePrefixMarkedMtx2304/depth2/node2/test97_0.mtx 2.1 0 -1 -1 
/home/antonkov/masterWork/tests/samePrefixMarkedMtx2304/depth2/node2/test97_0.mtx 2.2 0 -1 -1 
/home/antonkov/masterWork/tests/samePrefixMarkedMtx2304/depth2/node2/test97_0.mtx 2.3 0 -1 -1 
/home/antonkov/masterWork/tests/samePrefixMarkedMtx2304/depth2/node2/test97_0.mtx 2.4 0 -1 -1 
/home/antonkov/masterWork/tests/samePrefixMarkedMtx2304/depth2/node2/test97_0.mtx 2.5 0 -1 -1 
/home/antonkov/masterWork/tests/samePrefixMarkedMtx2304/depth2/node2/test97_0.mtx 2.6 0 -1 -1 
/home/antonkov/masterWork/tests/samePrefixMarkedMtx2304/depth2/node2/test97_0.mtx 2.7 0 -1 -1 
/home/antonkov/masterWork/tests/samePrefixMarkedMtx2304/depth2/node2/test97_0.mtx 2.8 0 -1 -1 
/home/antonkov/masterWork/tests/samePrefixMarkedMtx2304/depth2/node2/test97_0.mtx 2.9 0 -1 -1 
/home/antonkov/masterWork/tests/samePrefixMarkedMtx2304/depth2/node2/test97_0.mtx 3 0 -1 -1 
/home/antonkov/masterWork/tests/samePrefixMarkedMtx2304/depth2/node2/test97_0.mtx 3.1 0 -1 -1 
/home/antonkov/masterWork/tests/samePrefixMarkedMtx2304/depth2/node2/test97_0.mtx 3.2 0 -1 -1 
/home/antonkov/masterWork/tests/samePrefixMarkedMtx2304/depth2/node2/test97_0.mtx 3.3 0 -1 -1 
/home/antonkov/masterWork/tests/samePrefixMarkedMtx2304/depth2/node2/test97_0.mtx 3.4 0 -1 -1 
/home/antonkov/masterWork/tests/samePrefixMarkedMtx2304/depth2/node2/test97_0.mtx 3.5 0 -1 -1 
/home/antonkov/masterWork/tests/samePrefixMarkedMtx2304/depth2/node2/test97_1.mtx 1 441.738 0.08477 0.93 
/home/antonkov/masterWork/tests/samePrefixMarkedMtx2304/depth2/node2/test97_1.mtx 1.1 432.886 0.0734462 0.85 
/home/antonkov/masterWork/tests/samePrefixMarkedMtx2304/depth2/node2/test97_1.mtx 1.2 423.797 0.0617839 0.77 
/home/antonkov/masterWork/tests/samePrefixMarkedMtx2304/depth2/node2/test97_1.mtx 1.3 409.454 0.0425304 0.55 
/home/antonkov/masterWork/tests/samePrefixMarkedMtx2304/depth2/node2/test97_1.mtx 1.4 509.479 0.031467 0.43 
/home/antonkov/masterWork/tests/samePrefixMarkedMtx2304/depth2/node2/test97_1.mtx 1.5 485.786 0.0213672 0.3 
/home/antonkov/masterWork/tests/samePrefixMarkedMtx2304/depth2/node2/test97_1.mtx 1.6 638.788 0.0101714 0.145 
/home/antonkov/masterWork/tests/samePrefixMarkedMtx2304/depth2/node2/test97_1.mtx 1.7 817.753 0.00528026 0.0771429 
/home/antonkov/masterWork/tests/samePrefixMarkedMtx2304/depth2/node2/test97_1.mtx 1.8 1176.76 0.00244389 0.0364286 
/home/antonkov/masterWork/tests/samePrefixMarkedMtx2304/depth2/node2/test97_1.mtx 1.9 2279.96 0.000880594 0.0138889 
/home/antonkov/masterWork/tests/samePrefixMarkedMtx2304/depth2/node2/test97_1.mtx 2 5423.58 0.000266947 0.00458716 
/home/antonkov/masterWork/tests/samePrefixMarkedMtx2304/depth2/node2/test97_1.mtx 2.1 0 -1 -1 
/home/antonkov/masterWork/tests/samePrefixMarkedMtx2304/depth2/node2/test97_1.mtx 2.2 0 -1 -1 
/home/antonkov/masterWork/tests/samePrefixMarkedMtx2304/depth2/node2/test97_1.mtx 2.3 0 -1 -1 
/home/antonkov/masterWork/tests/samePrefixMarkedMtx2304/depth2/node2/test97_1.mtx 2.4 0 -1 -1 
/home/antonkov/masterWork/tests/samePrefixMarkedMtx2304/depth2/node2/test97_1.mtx 2.5 0 -1 -1 
/home/antonkov/masterWork/tests/samePrefixMarkedMtx2304/depth2/node2/test97_1.mtx 2.6 0 -1 -1 
/home/antonkov/masterWork/tests/samePrefixMarkedMtx2304/depth2/node2/test97_1.mtx 2.7 0 -1 -1 
/home/antonkov/masterWork/tests/samePrefixMarkedMtx2304/depth2/node2/test97_1.mtx 2.8 0 -1 -1 
/home/antonkov/masterWork/tests/samePrefixMarkedMtx2304/depth2/node2/test97_1.mtx 2.9 0 -1 -1 
/home/antonkov/masterWork/tests/samePrefixMarkedMtx2304/depth2/node2/test97_1.mtx 3 0 -1 -1 
/home/antonkov/masterWork/tests/samePrefixMarkedMtx2304/depth2/node2/test97_1.mtx 3.1 0 -1 -1 
/home/antonkov/masterWork/tests/samePrefixMarkedMtx2304/depth2/node2/test97_1.mtx 3.2 0 -1 -1 
/home/antonkov/masterWork/tests/samePrefixMarkedMtx2304/depth2/node2/test97_1.mtx 3.3 0 -1 -1 
/home/antonkov/masterWork/tests/samePrefixMarkedMtx2304/depth2/node2/test97_1.mtx 3.4 0 -1 -1 
/home/antonkov/masterWork/tests/samePrefixMarkedMtx2304/depth2/node2/test97_1.mtx 3.5 0 -1 -1 
/home/antonkov/masterWork/tests/samePrefixMarkedMtx2304/depth2/node2/test97_2.mtx 1 439.918 0.0870095 0.93 
/home/antonkov/masterWork/tests/samePrefixMarkedMtx2304/depth2/node2/test97_2.mtx 1.1 436.297 0.0755035 0.83 
/home/antonkov/masterWork/tests/samePrefixMarkedMtx2304/depth2/node2/test97_2.mtx 1.2 433.216 0.0638672 0.76 
/home/antonkov/masterWork/tests/samePrefixMarkedMtx2304/depth2/node2/test97_2.mtx 1.3 413.053 0.0485243 0.6 
/home/antonkov/masterWork/tests/samePrefixMarkedMtx2304/depth2/node2/test97_2.mtx 1.4 527.833 0.0334071 0.43 
/home/antonkov/masterWork/tests/samePrefixMarkedMtx2304/depth2/node2/test97_2.mtx 1.5 484.039 0.0220312 0.29 
/home/antonkov/masterWork/tests/samePrefixMarkedMtx2304/depth2/node2/test97_2.mtx 1.6 633.469 0.0107194 0.15 
/home/antonkov/masterWork/tests/samePrefixMarkedMtx2304/depth2/node2/test97_2.mtx 1.7 807.163 0.0053869 0.08 
/home/antonkov/masterWork/tests/samePrefixMarkedMtx2304/depth2/node2/test97_2.mtx 1.8 1243 0.00235069 0.034 
/home/antonkov/masterWork/tests/samePrefixMarkedMtx2304/depth2/node2/test97_2.mtx 1.9 2332.16 0.000895036 0.0135135 
/home/antonkov/masterWork/tests/samePrefixMarkedMtx2304/depth2/node2/test97_2.mtx 2 5434.49 0.000266165 0.0045045 
/home/antonkov/masterWork/tests/samePrefixMarkedMtx2304/depth2/node2/test97_2.mtx 2.1 0 -1 -1 
/home/antonkov/masterWork/tests/samePrefixMarkedMtx2304/depth2/node2/test97_2.mtx 2.2 0 -1 -1 
/home/antonkov/masterWork/tests/samePrefixMarkedMtx2304/depth2/node2/test97_2.mtx 2.3 0 -1 -1 
/home/antonkov/masterWork/tests/samePrefixMarkedMtx2304/depth2/node2/test97_2.mtx 2.4 0 -1 -1 
/home/antonkov/masterWork/tests/samePrefixMarkedMtx2304/depth2/node2/test97_2.mtx 2.5 0 -1 -1 
/home/antonkov/masterWork/tests/samePrefixMarkedMtx2304/depth2/node2/test97_2.mtx 2.6 0 -1 -1 
/home/antonkov/masterWork/tests/samePrefixMarkedMtx2304/depth2/node2/test97_2.mtx 2.7 0 -1 -1 
/home/antonkov/masterWork/tests/samePrefixMarkedMtx2304/depth2/node2/test97_2.mtx 2.8 0 -1 -1 
/home/antonkov/masterWork/tests/samePrefixMarkedMtx2304/depth2/node2/test97_2.mtx 2.9 0 -1 -1 
/home/antonkov/masterWork/tests/samePrefixMarkedMtx2304/depth2/node2/test97_2.mtx 3 0 -1 -1 
/home/antonkov/masterWork/tests/samePrefixMarkedMtx2304/depth2/node2/test97_2.mtx 3.1 0 -1 -1 
/home/antonkov/masterWork/tests/samePrefixMarkedMtx2304/depth2/node2/test97_2.mtx 3.2 0 -1 -1 
/home/antonkov/masterWork/tests/samePrefixMarkedMtx2304/depth2/node2/test97_2.mtx 3.3 0 -1 -1 
/home/antonkov/masterWork/tests/samePrefixMarkedMtx2304/depth2/node2/test97_2.mtx 3.4 0 -1 -1 
/home/antonkov/masterWork/tests/samePrefixMarkedMtx2304/depth2/node2/test97_2.mtx 3.5 0 -1 -1 
/home/antonkov/masterWork/tests/samePrefixMarkedMtx2304/depth2/node2/test97_3.mtx 1 453.398 0.0833898 0.91 
/home/antonkov/masterWork/tests/samePrefixMarkedMtx2304/depth2/node2/test97_3.mtx 1.1 436.332 0.0746311 0.85 
/home/antonkov/masterWork/tests/samePrefixMarkedMtx2304/depth2/node2/test97_3.mtx 1.2 422.396 0.0617969 0.74 
/home/antonkov/masterWork/tests/samePrefixMarkedMtx2304/depth2/node2/test97_3.mtx 1.3 409.364 0.0461849 0.59 
/home/antonkov/masterWork/tests/samePrefixMarkedMtx2304/depth2/node2/test97_3.mtx 1.4 518.407 0.0321745 0.415 
/home/antonkov/masterWork/tests/samePrefixMarkedMtx2304/depth2/node2/test97_3.mtx 1.5 471.547 0.0212435 0.285 
/home/antonkov/masterWork/tests/samePrefixMarkedMtx2304/depth2/node2/test97_3.mtx 1.6 629.259 0.0101194 0.145 
/home/antonkov/masterWork/tests/samePrefixMarkedMtx2304/depth2/node2/test97_3.mtx 1.7 885.631 0.00509549 0.0725 
/home/antonkov/masterWork/tests/samePrefixMarkedMtx2304/depth2/node2/test97_3.mtx 1.8 1144.42 0.00241753 0.0384615 
/home/antonkov/masterWork/tests/samePrefixMarkedMtx2304/depth2/node2/test97_3.mtx 1.9 2398.21 0.000836189 0.0131579 
/home/antonkov/masterWork/tests/samePrefixMarkedMtx2304/depth2/node2/test97_3.mtx 2 5941.33 0.000258516 0.00413223 
/home/antonkov/masterWork/tests/samePrefixMarkedMtx2304/depth2/node2/test97_3.mtx 2.1 0 -1 -1 
/home/antonkov/masterWork/tests/samePrefixMarkedMtx2304/depth2/node2/test97_3.mtx 2.2 0 -1 -1 
/home/antonkov/masterWork/tests/samePrefixMarkedMtx2304/depth2/node2/test97_3.mtx 2.3 0 -1 -1 
/home/antonkov/masterWork/tests/samePrefixMarkedMtx2304/depth2/node2/test97_3.mtx 2.4 0 -1 -1 
/home/antonkov/masterWork/tests/samePrefixMarkedMtx2304/depth2/node2/test97_3.mtx 2.5 0 -1 -1 
/home/antonkov/masterWork/tests/samePrefixMarkedMtx2304/depth2/node2/test97_3.mtx 2.6 0 -1 -1 
/home/antonkov/masterWork/tests/samePrefixMarkedMtx2304/depth2/node2/test97_3.mtx 2.7 0 -1 -1 
/home/antonkov/masterWork/tests/samePrefixMarkedMtx2304/depth2/node2/test97_3.mtx 2.8 0 -1 -1 
/home/antonkov/masterWork/tests/samePrefixMarkedMtx2304/depth2/node2/test97_3.mtx 2.9 0 -1 -1 
/home/antonkov/masterWork/tests/samePrefixMarkedMtx2304/depth2/node2/test97_3.mtx 3 0 -1 -1 
/home/antonkov/masterWork/tests/samePrefixMarkedMtx2304/depth2/node2/test97_3.mtx 3.1 0 -1 -1 
/home/antonkov/masterWork/tests/samePrefixMarkedMtx2304/depth2/node2/test97_3.mtx 3.2 0 -1 -1 
/home/antonkov/masterWork/tests/samePrefixMarkedMtx2304/depth2/node2/test97_3.mtx 3.3 0 -1 -1 
/home/antonkov/masterWork/tests/samePrefixMarkedMtx2304/depth2/node2/test97_3.mtx 3.4 0 -1 -1 
/home/antonkov/masterWork/tests/samePrefixMarkedMtx2304/depth2/node2/test97_3.mtx 3.5 0 -1 -1 
/home/antonkov/masterWork/tests/samePrefixMarkedMtx2304/depth2/node2/test97_4.mtx 1 440.407 0.0834939 0.92 
/home/antonkov/masterWork/tests/samePrefixMarkedMtx2304/depth2/node2/test97_4.mtx 1.1 441.179 0.0719922 0.81 
/home/antonkov/masterWork/tests/samePrefixMarkedMtx2304/depth2/node2/test97_4.mtx 1.2 428.572 0.0594531 0.74 
/home/antonkov/masterWork/tests/samePrefixMarkedMtx2304/depth2/node2/test97_4.mtx 1.3 406.897 0.0446962 0.59 
/home/antonkov/masterWork/tests/samePrefixMarkedMtx2304/depth2/node2/test97_4.mtx 1.4 515.471 0.0313889 0.42 
/home/antonkov/masterWork/tests/samePrefixMarkedMtx2304/depth2/node2/test97_4.mtx 1.5 481.153 0.0189301 0.255 
/home/antonkov/masterWork/tests/samePrefixMarkedMtx2304/depth2/node2/test97_4.mtx 1.6 611.176 0.0098763 0.1375 
/home/antonkov/masterWork/tests/samePrefixMarkedMtx2304/depth2/node2/test97_4.mtx 1.7 810.32 0.00524306 0.0771429 
/home/antonkov/masterWork/tests/samePrefixMarkedMtx2304/depth2/node2/test97_4.mtx 1.8 1112.2 0.00273538 0.0384615 
/home/antonkov/masterWork/tests/samePrefixMarkedMtx2304/depth2/node2/test97_4.mtx 1.9 2108.17 0.00108744 0.0157576 
/home/antonkov/masterWork/tests/samePrefixMarkedMtx2304/depth2/node2/test97_4.mtx 2 5080.57 0.000300043 0.005 
/home/antonkov/masterWork/tests/samePrefixMarkedMtx2304/depth2/node2/test97_4.mtx 2.1 0 -1 -1 
/home/antonkov/masterWork/tests/samePrefixMarkedMtx2304/depth2/node2/test97_4.mtx 2.2 0 -1 -1 
/home/antonkov/masterWork/tests/samePrefixMarkedMtx2304/depth2/node2/test97_4.mtx 2.3 0 -1 -1 
/home/antonkov/masterWork/tests/samePrefixMarkedMtx2304/depth2/node2/test97_4.mtx 2.4 0 -1 -1 
/home/antonkov/masterWork/tests/samePrefixMarkedMtx2304/depth2/node2/test97_4.mtx 2.5 0 -1 -1 
/home/antonkov/masterWork/tests/samePrefixMarkedMtx2304/depth2/node2/test97_4.mtx 2.6 0 -1 -1 
/home/antonkov/masterWork/tests/samePrefixMarkedMtx2304/depth2/node2/test97_4.mtx 2.7 0 -1 -1 
/home/antonkov/masterWork/tests/samePrefixMarkedMtx2304/depth2/node2/test97_4.mtx 2.8 0 -1 -1 
/home/antonkov/masterWork/tests/samePrefixMarkedMtx2304/depth2/node2/test97_4.mtx 2.9 0 -1 -1 
/home/antonkov/masterWork/tests/samePrefixMarkedMtx2304/depth2/node2/test97_4.mtx 3 0 -1 -1 
/home/antonkov/masterWork/tests/samePrefixMarkedMtx2304/depth2/node2/test97_4.mtx 3.1 0 -1 -1 
/home/antonkov/masterWork/tests/samePrefixMarkedMtx2304/depth2/node2/test97_4.mtx 3.2 0 -1 -1 
/home/antonkov/masterWork/tests/samePrefixMarkedMtx2304/depth2/node2/test97_4.mtx 3.3 0 -1 -1 
/home/antonkov/masterWork/tests/samePrefixMarkedMtx2304/depth2/node2/test97_4.mtx 3.4 0 -1 -1 
/home/antonkov/masterWork/tests/samePrefixMarkedMtx2304/depth2/node2/test97_4.mtx 3.5 0 -1 -1 
/home/antonkov/masterWork/tests/samePrefixMarkedMtx2304/depth2/node2/test98_0.mtx 1 483.275 0.0888064 0.94 
/home/antonkov/masterWork/tests/samePrefixMarkedMtx2304/depth2/node2/test98_0.mtx 1.1 467.832 0.0775521 0.88 
/home/antonkov/masterWork/tests/samePrefixMarkedMtx2304/depth2/node2/test98_0.mtx 1.2 459.627 0.06625 0.79 
/home/antonkov/masterWork/tests/samePrefixMarkedMtx2304/depth2/node2/test98_0.mtx 1.3 442.525 0.0520964 0.64 
/home/antonkov/masterWork/tests/samePrefixMarkedMtx2304/depth2/node2/test98_0.mtx 1.4 434.579 0.0383767 0.5 
/home/antonkov/masterWork/tests/samePrefixMarkedMtx2304/depth2/node2/test98_0.mtx 1.5 536.973 0.0217405 0.295 
/home/antonkov/masterWork/tests/samePrefixMarkedMtx2304/depth2/node2/test98_0.mtx 1.6 582.044 0.012989 0.19 
/home/antonkov/masterWork/tests/samePrefixMarkedMtx2304/depth2/node2/test98_0.mtx 1.7 767.315 0.00616247 0.0883333 
/home/antonkov/masterWork/tests/samePrefixMarkedMtx2304/depth2/node2/test98_0.mtx 1.8 994.682 0.0033572 0.052 
/home/antonkov/masterWork/tests/samePrefixMarkedMtx2304/depth2/node2/test98_0.mtx 1.9 2126.1 0.00094534 0.0164516 
/home/antonkov/masterWork/tests/samePrefixMarkedMtx2304/depth2/node2/test98_0.mtx 2 5535.12 0.000277532 0.00471698 
/home/antonkov/masterWork/tests/samePrefixMarkedMtx2304/depth2/node2/test98_0.mtx 2.1 0 -1 -1 
/home/antonkov/masterWork/tests/samePrefixMarkedMtx2304/depth2/node2/test98_0.mtx 2.2 0 -1 -1 
/home/antonkov/masterWork/tests/samePrefixMarkedMtx2304/depth2/node2/test98_0.mtx 2.3 0 -1 -1 
/home/antonkov/masterWork/tests/samePrefixMarkedMtx2304/depth2/node2/test98_0.mtx 2.4 0 -1 -1 
/home/antonkov/masterWork/tests/samePrefixMarkedMtx2304/depth2/node2/test98_0.mtx 2.5 0 -1 -1 
/home/antonkov/masterWork/tests/samePrefixMarkedMtx2304/depth2/node2/test98_0.mtx 2.6 0 -1 -1 
/home/antonkov/masterWork/tests/samePrefixMarkedMtx2304/depth2/node2/test98_0.mtx 2.7 0 -1 -1 
/home/antonkov/masterWork/tests/samePrefixMarkedMtx2304/depth2/node2/test98_0.mtx 2.8 0 -1 -1 
/home/antonkov/masterWork/tests/samePrefixMarkedMtx2304/depth2/node2/test98_0.mtx 2.9 0 -1 -1 
/home/antonkov/masterWork/tests/samePrefixMarkedMtx2304/depth2/node2/test98_0.mtx 3 0 -1 -1 
/home/antonkov/masterWork/tests/samePrefixMarkedMtx2304/depth2/node2/test98_0.mtx 3.1 0 -1 -1 
/home/antonkov/masterWork/tests/samePrefixMarkedMtx2304/depth2/node2/test98_0.mtx 3.2 0 -1 -1 
/home/antonkov/masterWork/tests/samePrefixMarkedMtx2304/depth2/node2/test98_0.mtx 3.3 0 -1 -1 
/home/antonkov/masterWork/tests/samePrefixMarkedMtx2304/depth2/node2/test98_0.mtx 3.4 0 -1 -1 
/home/antonkov/masterWork/tests/samePrefixMarkedMtx2304/depth2/node2/test98_0.mtx 3.5 0 -1 -1 
/home/antonkov/masterWork/tests/samePrefixMarkedMtx2304/depth2/node2/test98_1.mtx 1 479.872 0.0894879 0.96 
/home/antonkov/masterWork/tests/samePrefixMarkedMtx2304/depth2/node2/test98_1.mtx 1.1 476.307 0.0787674 0.9 
/home/antonkov/masterWork/tests/samePrefixMarkedMtx2304/depth2/node2/test98_1.mtx 1.2 469.779 0.0662457 0.8 
/home/antonkov/masterWork/tests/samePrefixMarkedMtx2304/depth2/node2/test98_1.mtx 1.3 448.124 0.0521658 0.66 
/home/antonkov/masterWork/tests/samePrefixMarkedMtx2304/depth2/node2/test98_1.mtx 1.4 563.002 0.0357747 0.47 
/home/antonkov/masterWork/tests/samePrefixMarkedMtx2304/depth2/node2/test98_1.mtx 1.5 532.937 0.0246419 0.335 
/home/antonkov/masterWork/tests/samePrefixMarkedMtx2304/depth2/node2/test98_1.mtx 1.6 579.186 0.0124016 0.173333 
/home/antonkov/masterWork/tests/samePrefixMarkedMtx2304/depth2/node2/test98_1.mtx 1.7 805.332 0.00613498 0.085 
/home/antonkov/masterWork/tests/samePrefixMarkedMtx2304/depth2/node2/test98_1.mtx 1.8 1184.88 0.00266693 0.0407692 
/home/antonkov/masterWork/tests/samePrefixMarkedMtx2304/depth2/node2/test98_1.mtx 1.9 2193.95 0.000986821 0.0151515 
/home/antonkov/masterWork/tests/samePrefixMarkedMtx2304/depth2/node2/test98_1.mtx 2 4325.54 0.000349473 0.00617284 
/home/antonkov/masterWork/tests/samePrefixMarkedMtx2304/depth2/node2/test98_1.mtx 2.1 0 -1 -1 
/home/antonkov/masterWork/tests/samePrefixMarkedMtx2304/depth2/node2/test98_1.mtx 2.2 0 -1 -1 
/home/antonkov/masterWork/tests/samePrefixMarkedMtx2304/depth2/node2/test98_1.mtx 2.3 0 -1 -1 
/home/antonkov/masterWork/tests/samePrefixMarkedMtx2304/depth2/node2/test98_1.mtx 2.4 0 -1 -1 
/home/antonkov/masterWork/tests/samePrefixMarkedMtx2304/depth2/node2/test98_1.mtx 2.5 0 -1 -1 
/home/antonkov/masterWork/tests/samePrefixMarkedMtx2304/depth2/node2/test98_1.mtx 2.6 0 -1 -1 
/home/antonkov/masterWork/tests/samePrefixMarkedMtx2304/depth2/node2/test98_1.mtx 2.7 0 -1 -1 
/home/antonkov/masterWork/tests/samePrefixMarkedMtx2304/depth2/node2/test98_1.mtx 2.8 0 -1 -1 
/home/antonkov/masterWork/tests/samePrefixMarkedMtx2304/depth2/node2/test98_1.mtx 2.9 0 -1 -1 
/home/antonkov/masterWork/tests/samePrefixMarkedMtx2304/depth2/node2/test98_1.mtx 3 0 -1 -1 
/home/antonkov/masterWork/tests/samePrefixMarkedMtx2304/depth2/node2/test98_1.mtx 3.1 0 -1 -1 
/home/antonkov/masterWork/tests/samePrefixMarkedMtx2304/depth2/node2/test98_1.mtx 3.2 0 -1 -1 
/home/antonkov/masterWork/tests/samePrefixMarkedMtx2304/depth2/node2/test98_1.mtx 3.3 0 -1 -1 
/home/antonkov/masterWork/tests/samePrefixMarkedMtx2304/depth2/node2/test98_1.mtx 3.4 0 -1 -1 
/home/antonkov/masterWork/tests/samePrefixMarkedMtx2304/depth2/node2/test98_1.mtx 3.5 0 -1 -1 
/home/antonkov/masterWork/tests/samePrefixMarkedMtx2304/depth2/node2/test98_2.mtx 1 480.208 0.0910026 0.96 
/home/antonkov/masterWork/tests/samePrefixMarkedMtx2304/depth2/node2/test98_2.mtx 1.1 475.858 0.0788715 0.88 
/home/antonkov/masterWork/tests/samePrefixMarkedMtx2304/depth2/node2/test98_2.mtx 1.2 463.353 0.0679557 0.81 
/home/antonkov/masterWork/tests/samePrefixMarkedMtx2304/depth2/node2/test98_2.mtx 1.3 458.284 0.0538672 0.69 
/home/antonkov/masterWork/tests/samePrefixMarkedMtx2304/depth2/node2/test98_2.mtx 1.4 564.085 0.0344336 0.45 
/home/antonkov/masterWork/tests/samePrefixMarkedMtx2304/depth2/node2/test98_2.mtx 1.5 522.717 0.0203234 0.285 
/home/antonkov/masterWork/tests/samePrefixMarkedMtx2304/depth2/node2/test98_2.mtx 1.6 674.111 0.0121387 0.165 
/home/antonkov/masterWork/tests/samePrefixMarkedMtx2304/depth2/node2/test98_2.mtx 1.7 853.177 0.00547495 0.0757143 
/home/antonkov/masterWork/tests/samePrefixMarkedMtx2304/depth2/node2/test98_2.mtx 1.8 1256.79 0.00257781 0.0378571 
/home/antonkov/masterWork/tests/samePrefixMarkedMtx2304/depth2/node2/test98_2.mtx 1.9 2373.2 0.000953805 0.0135135 
/home/antonkov/masterWork/tests/samePrefixMarkedMtx2304/depth2/node2/test98_2.mtx 2 5236.25 0.000313151 0.005 
/home/antonkov/masterWork/tests/samePrefixMarkedMtx2304/depth2/node2/test98_2.mtx 2.1 0 -1 -1 
/home/antonkov/masterWork/tests/samePrefixMarkedMtx2304/depth2/node2/test98_2.mtx 2.2 0 -1 -1 
/home/antonkov/masterWork/tests/samePrefixMarkedMtx2304/depth2/node2/test98_2.mtx 2.3 0 -1 -1 
/home/antonkov/masterWork/tests/samePrefixMarkedMtx2304/depth2/node2/test98_2.mtx 2.4 0 -1 -1 
/home/antonkov/masterWork/tests/samePrefixMarkedMtx2304/depth2/node2/test98_2.mtx 2.5 0 -1 -1 
/home/antonkov/masterWork/tests/samePrefixMarkedMtx2304/depth2/node2/test98_2.mtx 2.6 0 -1 -1 
/home/antonkov/masterWork/tests/samePrefixMarkedMtx2304/depth2/node2/test98_2.mtx 2.7 0 -1 -1 
/home/antonkov/masterWork/tests/samePrefixMarkedMtx2304/depth2/node2/test98_2.mtx 2.8 0 -1 -1 
/home/antonkov/masterWork/tests/samePrefixMarkedMtx2304/depth2/node2/test98_2.mtx 2.9 0 -1 -1 
/home/antonkov/masterWork/tests/samePrefixMarkedMtx2304/depth2/node2/test98_2.mtx 3 0 -1 -1 
/home/antonkov/masterWork/tests/samePrefixMarkedMtx2304/depth2/node2/test98_2.mtx 3.1 0 -1 -1 
/home/antonkov/masterWork/tests/samePrefixMarkedMtx2304/depth2/node2/test98_2.mtx 3.2 0 -1 -1 
/home/antonkov/masterWork/tests/samePrefixMarkedMtx2304/depth2/node2/test98_2.mtx 3.3 0 -1 -1 
/home/antonkov/masterWork/tests/samePrefixMarkedMtx2304/depth2/node2/test98_2.mtx 3.4 0 -1 -1 
/home/antonkov/masterWork/tests/samePrefixMarkedMtx2304/depth2/node2/test98_2.mtx 3.5 0 -1 -1 
/home/antonkov/masterWork/tests/samePrefixMarkedMtx2304/depth2/node2/test98_3.mtx 1 477.556 0.0887847 0.94 
/home/antonkov/masterWork/tests/samePrefixMarkedMtx2304/depth2/node2/test98_3.mtx 1.1 483.876 0.0792795 0.89 
/home/antonkov/masterWork/tests/samePrefixMarkedMtx2304/depth2/node2/test98_3.mtx 1.2 463.391 0.0675 0.82 
/home/antonkov/masterWork/tests/samePrefixMarkedMtx2304/depth2/node2/test98_3.mtx 1.3 448.101 0.0524175 0.71 
/home/antonkov/masterWork/tests/samePrefixMarkedMtx2304/depth2/node2/test98_3.mtx 1.4 558.304 0.0338043 0.44 
/home/antonkov/masterWork/tests/samePrefixMarkedMtx2304/depth2/node2/test98_3.mtx 1.5 512.875 0.0224219 0.295 
/home/antonkov/masterWork/tests/samePrefixMarkedMtx2304/depth2/node2/test98_3.mtx 1.6 583.126 0.0144473 0.213333 
/home/antonkov/masterWork/tests/samePrefixMarkedMtx2304/depth2/node2/test98_3.mtx 1.7 710.519 0.00713889 0.106 
/home/antonkov/masterWork/tests/samePrefixMarkedMtx2304/depth2/node2/test98_3.mtx 1.8 996.791 0.00308333 0.05 
/home/antonkov/masterWork/tests/samePrefixMarkedMtx2304/depth2/node2/test98_3.mtx 1.9 2296.55 0.000916054 0.0147059 
/home/antonkov/masterWork/tests/samePrefixMarkedMtx2304/depth2/node2/test98_3.mtx 2 4934.75 0.00034826 0.00543478 
/home/antonkov/masterWork/tests/samePrefixMarkedMtx2304/depth2/node2/test98_3.mtx 2.1 0 -1 -1 
/home/antonkov/masterWork/tests/samePrefixMarkedMtx2304/depth2/node2/test98_3.mtx 2.2 0 -1 -1 
/home/antonkov/masterWork/tests/samePrefixMarkedMtx2304/depth2/node2/test98_3.mtx 2.3 0 -1 -1 
/home/antonkov/masterWork/tests/samePrefixMarkedMtx2304/depth2/node2/test98_3.mtx 2.4 0 -1 -1 
/home/antonkov/masterWork/tests/samePrefixMarkedMtx2304/depth2/node2/test98_3.mtx 2.5 0 -1 -1 
/home/antonkov/masterWork/tests/samePrefixMarkedMtx2304/depth2/node2/test98_3.mtx 2.6 0 -1 -1 
/home/antonkov/masterWork/tests/samePrefixMarkedMtx2304/depth2/node2/test98_3.mtx 2.7 0 -1 -1 
/home/antonkov/masterWork/tests/samePrefixMarkedMtx2304/depth2/node2/test98_3.mtx 2.8 0 -1 -1 
/home/antonkov/masterWork/tests/samePrefixMarkedMtx2304/depth2/node2/test98_3.mtx 2.9 0 -1 -1 
/home/antonkov/masterWork/tests/samePrefixMarkedMtx2304/depth2/node2/test98_3.mtx 3 0 -1 -1 
/home/antonkov/masterWork/tests/samePrefixMarkedMtx2304/depth2/node2/test98_3.mtx 3.1 0 -1 -1 
/home/antonkov/masterWork/tests/samePrefixMarkedMtx2304/depth2/node2/test98_3.mtx 3.2 0 -1 -1 
/home/antonkov/masterWork/tests/samePrefixMarkedMtx2304/depth2/node2/test98_3.mtx 3.3 0 -1 -1 
/home/antonkov/masterWork/tests/samePrefixMarkedMtx2304/depth2/node2/test98_3.mtx 3.4 0 -1 -1 
/home/antonkov/masterWork/tests/samePrefixMarkedMtx2304/depth2/node2/test98_3.mtx 3.5 0 -1 -1 
/home/antonkov/masterWork/tests/samePrefixMarkedMtx2304/depth2/node2/test98_4.mtx 1 482.399 0.0836415 0.93 
/home/antonkov/masterWork/tests/samePrefixMarkedMtx2304/depth2/node2/test98_4.mtx 1.1 473.424 0.0696962 0.82 
/home/antonkov/masterWork/tests/samePrefixMarkedMtx2304/depth2/node2/test98_4.mtx 1.2 456.081 0.0556163 0.68 
/home/antonkov/masterWork/tests/samePrefixMarkedMtx2304/depth2/node2/test98_4.mtx 1.3 428.826 0.043303 0.54 
/home/antonkov/masterWork/tests/samePrefixMarkedMtx2304/depth2/node2/test98_4.mtx 1.4 558.907 0.0364171 0.465 
/home/antonkov/masterWork/tests/samePrefixMarkedMtx2304/depth2/node2/test98_4.mtx 1.5 526.583 0.0221658 0.305 
/home/antonkov/masterWork/tests/samePrefixMarkedMtx2304/depth2/node2/test98_4.mtx 1.6 693.57 0.0113118 0.165 
/home/antonkov/masterWork/tests/samePrefixMarkedMtx2304/depth2/node2/test98_4.mtx 1.7 840.435 0.00517547 0.0785714 
/home/antonkov/masterWork/tests/samePrefixMarkedMtx2304/depth2/node2/test98_4.mtx 1.8 1317.09 0.0023588 0.0353333 
/home/antonkov/masterWork/tests/samePrefixMarkedMtx2304/depth2/node2/test98_4.mtx 1.9 2276.4 0.000941314 0.0151515 
/home/antonkov/masterWork/tests/samePrefixMarkedMtx2304/depth2/node2/test98_4.mtx 2 4876.83 0.000343263 0.0056044 
/home/antonkov/masterWork/tests/samePrefixMarkedMtx2304/depth2/node2/test98_4.mtx 2.1 0 -1 -1 
/home/antonkov/masterWork/tests/samePrefixMarkedMtx2304/depth2/node2/test98_4.mtx 2.2 0 -1 -1 
/home/antonkov/masterWork/tests/samePrefixMarkedMtx2304/depth2/node2/test98_4.mtx 2.3 0 -1 -1 
/home/antonkov/masterWork/tests/samePrefixMarkedMtx2304/depth2/node2/test98_4.mtx 2.4 0 -1 -1 
/home/antonkov/masterWork/tests/samePrefixMarkedMtx2304/depth2/node2/test98_4.mtx 2.5 0 -1 -1 
/home/antonkov/masterWork/tests/samePrefixMarkedMtx2304/depth2/node2/test98_4.mtx 2.6 0 -1 -1 
/home/antonkov/masterWork/tests/samePrefixMarkedMtx2304/depth2/node2/test98_4.mtx 2.7 0 -1 -1 
/home/antonkov/masterWork/tests/samePrefixMarkedMtx2304/depth2/node2/test98_4.mtx 2.8 0 -1 -1 
/home/antonkov/masterWork/tests/samePrefixMarkedMtx2304/depth2/node2/test98_4.mtx 2.9 0 -1 -1 
/home/antonkov/masterWork/tests/samePrefixMarkedMtx2304/depth2/node2/test98_4.mtx 3 0 -1 -1 
/home/antonkov/masterWork/tests/samePrefixMarkedMtx2304/depth2/node2/test98_4.mtx 3.1 0 -1 -1 
/home/antonkov/masterWork/tests/samePrefixMarkedMtx2304/depth2/node2/test98_4.mtx 3.2 0 -1 -1 
/home/antonkov/masterWork/tests/samePrefixMarkedMtx2304/depth2/node2/test98_4.mtx 3.3 0 -1 -1 
/home/antonkov/masterWork/tests/samePrefixMarkedMtx2304/depth2/node2/test98_4.mtx 3.4 0 -1 -1 
/home/antonkov/masterWork/tests/samePrefixMarkedMtx2304/depth2/node2/test98_4.mtx 3.5 0 -1 -1 
/home/antonkov/masterWork/tests/samePrefixMarkedMtx2304/depth2/node2/test99_0.mtx 1 462.093 0.0919444 0.97 
/home/antonkov/masterWork/tests/samePrefixMarkedMtx2304/depth2/node2/test99_0.mtx 1.1 454.864 0.0816189 0.92 
/home/antonkov/masterWork/tests/samePrefixMarkedMtx2304/depth2/node2/test99_0.mtx 1.2 438.273 0.0685807 0.83 
/home/antonkov/masterWork/tests/samePrefixMarkedMtx2304/depth2/node2/test99_0.mtx 1.3 424.906 0.049566 0.67 
/home/antonkov/masterWork/tests/samePrefixMarkedMtx2304/depth2/node2/test99_0.mtx 1.4 537.085 0.0341536 0.45 
/home/antonkov/masterWork/tests/samePrefixMarkedMtx2304/depth2/node2/test99_0.mtx 1.5 478.647 0.0186697 0.265 
/home/antonkov/masterWork/tests/samePrefixMarkedMtx2304/depth2/node2/test99_0.mtx 1.6 633.146 0.0107899 0.1525 
/home/antonkov/masterWork/tests/samePrefixMarkedMtx2304/depth2/node2/test99_0.mtx 1.7 829.796 0.00528584 0.0771429 
/home/antonkov/masterWork/tests/samePrefixMarkedMtx2304/depth2/node2/test99_0.mtx 1.8 1193.01 0.00270058 0.0392857 
/home/antonkov/masterWork/tests/samePrefixMarkedMtx2304/depth2/node2/test99_0.mtx 1.9 2114.54 0.000996636 0.0159375 
/home/antonkov/masterWork/tests/samePrefixMarkedMtx2304/depth2/node2/test99_0.mtx 2 5169.03 0.000275097 0.00490196 
/home/antonkov/masterWork/tests/samePrefixMarkedMtx2304/depth2/node2/test99_0.mtx 2.1 0 -1 -1 
/home/antonkov/masterWork/tests/samePrefixMarkedMtx2304/depth2/node2/test99_0.mtx 2.2 0 -1 -1 
/home/antonkov/masterWork/tests/samePrefixMarkedMtx2304/depth2/node2/test99_0.mtx 2.3 0 -1 -1 
/home/antonkov/masterWork/tests/samePrefixMarkedMtx2304/depth2/node2/test99_0.mtx 2.4 0 -1 -1 
/home/antonkov/masterWork/tests/samePrefixMarkedMtx2304/depth2/node2/test99_0.mtx 2.5 0 -1 -1 
/home/antonkov/masterWork/tests/samePrefixMarkedMtx2304/depth2/node2/test99_0.mtx 2.6 0 -1 -1 
/home/antonkov/masterWork/tests/samePrefixMarkedMtx2304/depth2/node2/test99_0.mtx 2.7 0 -1 -1 
/home/antonkov/masterWork/tests/samePrefixMarkedMtx2304/depth2/node2/test99_0.mtx 2.8 0 -1 -1 
/home/antonkov/masterWork/tests/samePrefixMarkedMtx2304/depth2/node2/test99_0.mtx 2.9 0 -1 -1 
/home/antonkov/masterWork/tests/samePrefixMarkedMtx2304/depth2/node2/test99_0.mtx 3 0 -1 -1 
/home/antonkov/masterWork/tests/samePrefixMarkedMtx2304/depth2/node2/test99_0.mtx 3.1 0 -1 -1 
/home/antonkov/masterWork/tests/samePrefixMarkedMtx2304/depth2/node2/test99_0.mtx 3.2 0 -1 -1 
/home/antonkov/masterWork/tests/samePrefixMarkedMtx2304/depth2/node2/test99_0.mtx 3.3 0 -1 -1 
/home/antonkov/masterWork/tests/samePrefixMarkedMtx2304/depth2/node2/test99_0.mtx 3.4 0 -1 -1 
/home/antonkov/masterWork/tests/samePrefixMarkedMtx2304/depth2/node2/test99_0.mtx 3.5 0 -1 -1 
/home/antonkov/masterWork/tests/samePrefixMarkedMtx2304/depth2/node2/test99_1.mtx 1 460.471 0.0886589 0.93 
/home/antonkov/masterWork/tests/samePrefixMarkedMtx2304/depth2/node2/test99_1.mtx 1.1 466.629 0.0768837 0.87 
/home/antonkov/masterWork/tests/samePrefixMarkedMtx2304/depth2/node2/test99_1.mtx 1.2 440.409 0.062895 0.75 
/home/antonkov/masterWork/tests/samePrefixMarkedMtx2304/depth2/node2/test99_1.mtx 1.3 418.095 0.0494922 0.61 
/home/antonkov/masterWork/tests/samePrefixMarkedMtx2304/depth2/node2/test99_1.mtx 1.4 531.676 0.0378299 0.48 
/home/antonkov/masterWork/tests/samePrefixMarkedMtx2304/depth2/node2/test99_1.mtx 1.5 496.561 0.0249371 0.335 
/home/antonkov/masterWork/tests/samePrefixMarkedMtx2304/depth2/node2/test99_1.mtx 1.6 559.179 0.0131178 0.19 
/home/antonkov/masterWork/tests/samePrefixMarkedMtx2304/depth2/node2/test99_1.mtx 1.7 883.385 0.00457954 0.07 
/home/antonkov/masterWork/tests/samePrefixMarkedMtx2304/depth2/node2/test99_1.mtx 1.8 1497.66 0.00182977 0.0268421 
/home/antonkov/masterWork/tests/samePrefixMarkedMtx2304/depth2/node2/test99_1.mtx 1.9 2736.22 0.000742779 0.0113636 
/home/antonkov/masterWork/tests/samePrefixMarkedMtx2304/depth2/node2/test99_1.mtx 2 6769.07 0.000228577 0.00364964 
/home/antonkov/masterWork/tests/samePrefixMarkedMtx2304/depth2/node2/test99_1.mtx 2.1 0 -1 -1 
/home/antonkov/masterWork/tests/samePrefixMarkedMtx2304/depth2/node2/test99_1.mtx 2.2 0 -1 -1 
/home/antonkov/masterWork/tests/samePrefixMarkedMtx2304/depth2/node2/test99_1.mtx 2.3 0 -1 -1 
/home/antonkov/masterWork/tests/samePrefixMarkedMtx2304/depth2/node2/test99_1.mtx 2.4 0 -1 -1 
/home/antonkov/masterWork/tests/samePrefixMarkedMtx2304/depth2/node2/test99_1.mtx 2.5 0 -1 -1 
/home/antonkov/masterWork/tests/samePrefixMarkedMtx2304/depth2/node2/test99_1.mtx 2.6 0 -1 -1 
/home/antonkov/masterWork/tests/samePrefixMarkedMtx2304/depth2/node2/test99_1.mtx 2.7 0 -1 -1 
/home/antonkov/masterWork/tests/samePrefixMarkedMtx2304/depth2/node2/test99_1.mtx 2.8 0 -1 -1 
/home/antonkov/masterWork/tests/samePrefixMarkedMtx2304/depth2/node2/test99_1.mtx 2.9 0 -1 -1 
/home/antonkov/masterWork/tests/samePrefixMarkedMtx2304/depth2/node2/test99_1.mtx 3 0 -1 -1 
/home/antonkov/masterWork/tests/samePrefixMarkedMtx2304/depth2/node2/test99_1.mtx 3.1 0 -1 -1 
/home/antonkov/masterWork/tests/samePrefixMarkedMtx2304/depth2/node2/test99_1.mtx 3.2 0 -1 -1 
/home/antonkov/masterWork/tests/samePrefixMarkedMtx2304/depth2/node2/test99_1.mtx 3.3 0 -1 -1 
/home/antonkov/masterWork/tests/samePrefixMarkedMtx2304/depth2/node2/test99_1.mtx 3.4 0 -1 -1 
/home/antonkov/masterWork/tests/samePrefixMarkedMtx2304/depth2/node2/test99_1.mtx 3.5 0 -1 -1 
/home/antonkov/masterWork/tests/samePrefixMarkedMtx2304/depth2/node2/test99_2.mtx 1 462.19 0.088559 0.92 
/home/antonkov/masterWork/tests/samePrefixMarkedMtx2304/depth2/node2/test99_2.mtx 1.1 451.135 0.0801302 0.89 
/home/antonkov/masterWork/tests/samePrefixMarkedMtx2304/depth2/node2/test99_2.mtx 1.2 438.44 0.0656641 0.78 
/home/antonkov/masterWork/tests/samePrefixMarkedMtx2304/depth2/node2/test99_2.mtx 1.3 421.102 0.0484549 0.58 
/home/antonkov/masterWork/tests/samePrefixMarkedMtx2304/depth2/node2/test99_2.mtx 1.4 406.59 0.037895 0.51 
/home/antonkov/masterWork/tests/samePrefixMarkedMtx2304/depth2/node2/test99_2.mtx 1.5 510.063 0.0212174 0.29 
/home/antonkov/masterWork/tests/samePrefixMarkedMtx2304/depth2/node2/test99_2.mtx 1.6 647.276 0.0100065 0.145 
/home/antonkov/masterWork/tests/samePrefixMarkedMtx2304/depth2/node2/test99_2.mtx 1.7 831.663 0.0056095 0.0785714 
/home/antonkov/masterWork/tests/samePrefixMarkedMtx2304/depth2/node2/test99_2.mtx 1.8 1104.38 0.00273257 0.0425 
/home/antonkov/masterWork/tests/samePrefixMarkedMtx2304/depth2/node2/test99_2.mtx 1.9 2217.5 0.00103904 0.0151515 
/home/antonkov/masterWork/tests/samePrefixMarkedMtx2304/depth2/node2/test99_2.mtx 2 6156.7 0.000272172 0.00416667 
/home/antonkov/masterWork/tests/samePrefixMarkedMtx2304/depth2/node2/test99_2.mtx 2.1 0 -1 -1 
/home/antonkov/masterWork/tests/samePrefixMarkedMtx2304/depth2/node2/test99_2.mtx 2.2 0 -1 -1 
/home/antonkov/masterWork/tests/samePrefixMarkedMtx2304/depth2/node2/test99_2.mtx 2.3 0 -1 -1 
/home/antonkov/masterWork/tests/samePrefixMarkedMtx2304/depth2/node2/test99_2.mtx 2.4 0 -1 -1 
/home/antonkov/masterWork/tests/samePrefixMarkedMtx2304/depth2/node2/test99_2.mtx 2.5 0 -1 -1 
/home/antonkov/masterWork/tests/samePrefixMarkedMtx2304/depth2/node2/test99_2.mtx 2.6 0 -1 -1 
/home/antonkov/masterWork/tests/samePrefixMarkedMtx2304/depth2/node2/test99_2.mtx 2.7 0 -1 -1 
/home/antonkov/masterWork/tests/samePrefixMarkedMtx2304/depth2/node2/test99_2.mtx 2.8 0 -1 -1 
/home/antonkov/masterWork/tests/samePrefixMarkedMtx2304/depth2/node2/test99_2.mtx 2.9 0 -1 -1 
/home/antonkov/masterWork/tests/samePrefixMarkedMtx2304/depth2/node2/test99_2.mtx 3 0 -1 -1 
/home/antonkov/masterWork/tests/samePrefixMarkedMtx2304/depth2/node2/test99_2.mtx 3.1 0 -1 -1 
/home/antonkov/masterWork/tests/samePrefixMarkedMtx2304/depth2/node2/test99_2.mtx 3.2 0 -1 -1 
/home/antonkov/masterWork/tests/samePrefixMarkedMtx2304/depth2/node2/test99_2.mtx 3.3 0 -1 -1 
/home/antonkov/masterWork/tests/samePrefixMarkedMtx2304/depth2/node2/test99_2.mtx 3.4 0 -1 -1 
/home/antonkov/masterWork/tests/samePrefixMarkedMtx2304/depth2/node2/test99_2.mtx 3.5 0 -1 -1 
/home/antonkov/masterWork/tests/samePrefixMarkedMtx2304/depth2/node2/test99_3.mtx 1 450.742 0.0847873 0.9 
/home/antonkov/masterWork/tests/samePrefixMarkedMtx2304/depth2/node2/test99_3.mtx 1.1 444.888 0.0752474 0.84 
/home/antonkov/masterWork/tests/samePrefixMarkedMtx2304/depth2/node2/test99_3.mtx 1.2 438.924 0.0614714 0.72 
/home/antonkov/masterWork/tests/samePrefixMarkedMtx2304/depth2/node2/test99_3.mtx 1.3 410.67 0.0448047 0.55 
/home/antonkov/masterWork/tests/samePrefixMarkedMtx2304/depth2/node2/test99_3.mtx 1.4 521.205 0.0323958 0.43 
/home/antonkov/masterWork/tests/samePrefixMarkedMtx2304/depth2/node2/test99_3.mtx 1.5 475.49 0.0203234 0.275 
/home/antonkov/masterWork/tests/samePrefixMarkedMtx2304/depth2/node2/test99_3.mtx 1.6 649.024 0.0121105 0.1625 
/home/antonkov/masterWork/tests/samePrefixMarkedMtx2304/depth2/node2/test99_3.mtx 1.7 840.251 0.00464534 0.0714286 
/home/antonkov/masterWork/tests/samePrefixMarkedMtx2304/depth2/node2/test99_3.mtx 1.8 1492.83 0.00184317 0.0277778 
/home/antonkov/masterWork/tests/samePrefixMarkedMtx2304/depth2/node2/test99_3.mtx 1.9 3094.92 0.000670833 0.0102 
/home/antonkov/masterWork/tests/samePrefixMarkedMtx2304/depth2/node2/test99_3.mtx 2 6309.98 0.000252563 0.00396825 
/home/antonkov/masterWork/tests/samePrefixMarkedMtx2304/depth2/node2/test99_3.mtx 2.1 0 -1 -1 
/home/antonkov/masterWork/tests/samePrefixMarkedMtx2304/depth2/node2/test99_3.mtx 2.2 0 -1 -1 
/home/antonkov/masterWork/tests/samePrefixMarkedMtx2304/depth2/node2/test99_3.mtx 2.3 0 -1 -1 
/home/antonkov/masterWork/tests/samePrefixMarkedMtx2304/depth2/node2/test99_3.mtx 2.4 0 -1 -1 
/home/antonkov/masterWork/tests/samePrefixMarkedMtx2304/depth2/node2/test99_3.mtx 2.5 0 -1 -1 
/home/antonkov/masterWork/tests/samePrefixMarkedMtx2304/depth2/node2/test99_3.mtx 2.6 0 -1 -1 
/home/antonkov/masterWork/tests/samePrefixMarkedMtx2304/depth2/node2/test99_3.mtx 2.7 0 -1 -1 
/home/antonkov/masterWork/tests/samePrefixMarkedMtx2304/depth2/node2/test99_3.mtx 2.8 0 -1 -1 
/home/antonkov/masterWork/tests/samePrefixMarkedMtx2304/depth2/node2/test99_3.mtx 2.9 0 -1 -1 
/home/antonkov/masterWork/tests/samePrefixMarkedMtx2304/depth2/node2/test99_3.mtx 3 0 -1 -1 
/home/antonkov/masterWork/tests/samePrefixMarkedMtx2304/depth2/node2/test99_3.mtx 3.1 0 -1 -1 
/home/antonkov/masterWork/tests/samePrefixMarkedMtx2304/depth2/node2/test99_3.mtx 3.2 0 -1 -1 
/home/antonkov/masterWork/tests/samePrefixMarkedMtx2304/depth2/node2/test99_3.mtx 3.3 0 -1 -1 
/home/antonkov/masterWork/tests/samePrefixMarkedMtx2304/depth2/node2/test99_3.mtx 3.4 0 -1 -1 
/home/antonkov/masterWork/tests/samePrefixMarkedMtx2304/depth2/node2/test99_3.mtx 3.5 0 -1 -1 
/home/antonkov/masterWork/tests/samePrefixMarkedMtx2304/depth2/node2/test99_4.mtx 1 453.97 0.0848785 0.92 
/home/antonkov/masterWork/tests/samePrefixMarkedMtx2304/depth2/node2/test99_4.mtx 1.1 446.009 0.0732378 0.84 
/home/antonkov/masterWork/tests/samePrefixMarkedMtx2304/depth2/node2/test99_4.mtx 1.2 436.617 0.0586024 0.72 
/home/antonkov/masterWork/tests/samePrefixMarkedMtx2304/depth2/node2/test99_4.mtx 1.3 408.362 0.0464931 0.59 
/home/antonkov/masterWork/tests/samePrefixMarkedMtx2304/depth2/node2/test99_4.mtx 1.4 535.781 0.0348828 0.46 
/home/antonkov/masterWork/tests/samePrefixMarkedMtx2304/depth2/node2/test99_4.mtx 1.5 498.238 0.0187218 0.27 
/home/antonkov/masterWork/tests/samePrefixMarkedMtx2304/depth2/node2/test99_4.mtx 1.6 623.516 0.00838433 0.125 
/home/antonkov/masterWork/tests/samePrefixMarkedMtx2304/depth2/node2/test99_4.mtx 1.7 885.987 0.0044911 0.07 
/home/antonkov/masterWork/tests/samePrefixMarkedMtx2304/depth2/node2/test99_4.mtx 1.8 1656.1 0.00165861 0.0257143 
/home/antonkov/masterWork/tests/samePrefixMarkedMtx2304/depth2/node2/test99_4.mtx 1.9 2765.49 0.000722319 0.0111111 
/home/antonkov/masterWork/tests/samePrefixMarkedMtx2304/depth2/node2/test99_4.mtx 2 5299.66 0.00029594 0.00495146 
/home/antonkov/masterWork/tests/samePrefixMarkedMtx2304/depth2/node2/test99_4.mtx 2.1 0 -1 -1 
/home/antonkov/masterWork/tests/samePrefixMarkedMtx2304/depth2/node2/test99_4.mtx 2.2 0 -1 -1 
/home/antonkov/masterWork/tests/samePrefixMarkedMtx2304/depth2/node2/test99_4.mtx 2.3 0 -1 -1 
/home/antonkov/masterWork/tests/samePrefixMarkedMtx2304/depth2/node2/test99_4.mtx 2.4 0 -1 -1 
/home/antonkov/masterWork/tests/samePrefixMarkedMtx2304/depth2/node2/test99_4.mtx 2.5 0 -1 -1 
/home/antonkov/masterWork/tests/samePrefixMarkedMtx2304/depth2/node2/test99_4.mtx 2.6 0 -1 -1 
/home/antonkov/masterWork/tests/samePrefixMarkedMtx2304/depth2/node2/test99_4.mtx 2.7 0 -1 -1 
/home/antonkov/masterWork/tests/samePrefixMarkedMtx2304/depth2/node2/test99_4.mtx 2.8 0 -1 -1 
/home/antonkov/masterWork/tests/samePrefixMarkedMtx2304/depth2/node2/test99_4.mtx 2.9 0 -1 -1 
/home/antonkov/masterWork/tests/samePrefixMarkedMtx2304/depth2/node2/test99_4.mtx 3 0 -1 -1 
/home/antonkov/masterWork/tests/samePrefixMarkedMtx2304/depth2/node2/test99_4.mtx 3.1 0 -1 -1 
/home/antonkov/masterWork/tests/samePrefixMarkedMtx2304/depth2/node2/test99_4.mtx 3.2 0 -1 -1 
/home/antonkov/masterWork/tests/samePrefixMarkedMtx2304/depth2/node2/test99_4.mtx 3.3 0 -1 -1 
/home/antonkov/masterWork/tests/samePrefixMarkedMtx2304/depth2/node2/test99_4.mtx 3.4 0 -1 -1 
/home/antonkov/masterWork/tests/samePrefixMarkedMtx2304/depth2/node2/test99_4.mtx 3.5 0 -1 -1 
