Results
Filename SNR Time(ms) BER FER
/home/antonkov/masterWork/tests/samePrefixMarkedMtx/depth2/node2/test0_0.mtx 1 129.636 0.0793837 0.795 
/home/antonkov/masterWork/tests/samePrefixMarkedMtx/depth2/node2/test0_0.mtx 1.1 107.57 0.0699392 0.72 
/home/antonkov/masterWork/tests/samePrefixMarkedMtx/depth2/node2/test0_0.mtx 1.2 99.5096 0.0582986 0.62 
/home/antonkov/masterWork/tests/samePrefixMarkedMtx/depth2/node2/test0_0.mtx 1.3 91.0724 0.0490278 0.54 
/home/antonkov/masterWork/tests/samePrefixMarkedMtx/depth2/node2/test0_0.mtx 1.4 117.257 0.0405613 0.453333 
/home/antonkov/masterWork/tests/samePrefixMarkedMtx/depth2/node2/test0_0.mtx 1.5 108.951 0.0322338 0.366667 
/home/antonkov/masterWork/tests/samePrefixMarkedMtx/depth2/node2/test0_0.mtx 1.6 124.408 0.0256641 0.2975 
/home/antonkov/masterWork/tests/samePrefixMarkedMtx/depth2/node2/test0_0.mtx 1.7 135.194 0.0184306 0.22 
/home/antonkov/masterWork/tests/samePrefixMarkedMtx/depth2/node2/test0_0.mtx 1.8 163.777 0.0134499 0.16 
/home/antonkov/masterWork/tests/samePrefixMarkedMtx/depth2/node2/test0_0.mtx 1.9 186.492 0.010137 0.118889 
/home/antonkov/masterWork/tests/samePrefixMarkedMtx/depth2/node2/test0_0.mtx 2 222.812 0.00686777 0.0841667 
/home/antonkov/masterWork/tests/samePrefixMarkedMtx/depth2/node2/test0_0.mtx 2.1 303.647 0.00456887 0.0572222 
/home/antonkov/masterWork/tests/samePrefixMarkedMtx/depth2/node2/test0_0.mtx 2.2 398.295 0.00284079 0.037037 
/home/antonkov/masterWork/tests/samePrefixMarkedMtx/depth2/node2/test0_0.mtx 2.3 560.297 0.0018688 0.0242857 
/home/antonkov/masterWork/tests/samePrefixMarkedMtx/depth2/node2/test0_0.mtx 2.4 809.944 0.00110243 0.0148529 
/home/antonkov/masterWork/tests/samePrefixMarkedMtx/depth2/node2/test0_0.mtx 2.5 1303.72 0.000605486 0.00775194 
/home/antonkov/masterWork/tests/samePrefixMarkedMtx/depth2/node2/test0_0.mtx 2.6 1807.08 0.000376128 0.0051269 
/home/antonkov/masterWork/tests/samePrefixMarkedMtx/depth2/node2/test0_0.mtx 2.7 2783.49 0.000207186 0.00287356 
/home/antonkov/masterWork/tests/samePrefixMarkedMtx/depth2/node2/test0_0.mtx 2.8 4928.46 9.54009e-05 0.00140252 
/home/antonkov/masterWork/tests/samePrefixMarkedMtx/depth2/node2/test0_0.mtx 2.9 7232.22 5.83667e-05 0.000857633 
/home/antonkov/masterWork/tests/samePrefixMarkedMtx/depth2/node2/test0_0.mtx 3 0 -1 -1 
/home/antonkov/masterWork/tests/samePrefixMarkedMtx/depth2/node2/test0_0.mtx 3.1 0 -1 -1 
/home/antonkov/masterWork/tests/samePrefixMarkedMtx/depth2/node2/test0_0.mtx 3.2 0 -1 -1 
/home/antonkov/masterWork/tests/samePrefixMarkedMtx/depth2/node2/test0_0.mtx 3.3 0 -1 -1 
/home/antonkov/masterWork/tests/samePrefixMarkedMtx/depth2/node2/test0_0.mtx 3.4 0 -1 -1 
/home/antonkov/masterWork/tests/samePrefixMarkedMtx/depth2/node2/test0_0.mtx 3.5 0 -1 -1 
/home/antonkov/masterWork/tests/samePrefixMarkedMtx/depth2/node2/test0_1.mtx 1 110.367 0.0786111 0.805 
/home/antonkov/masterWork/tests/samePrefixMarkedMtx/depth2/node2/test0_1.mtx 1.1 104.15 0.0668403 0.725 
/home/antonkov/masterWork/tests/samePrefixMarkedMtx/depth2/node2/test0_1.mtx 1.2 91.8175 0.057092 0.615 
/home/antonkov/masterWork/tests/samePrefixMarkedMtx/depth2/node2/test0_1.mtx 1.3 90.0965 0.0473177 0.535 
/home/antonkov/masterWork/tests/samePrefixMarkedMtx/depth2/node2/test0_1.mtx 1.4 117.801 0.0367477 0.446667 
/home/antonkov/masterWork/tests/samePrefixMarkedMtx/depth2/node2/test0_1.mtx 1.5 138.817 0.0293707 0.34 
/home/antonkov/masterWork/tests/samePrefixMarkedMtx/depth2/node2/test0_1.mtx 1.6 129.782 0.0249609 0.29 
/home/antonkov/masterWork/tests/samePrefixMarkedMtx/depth2/node2/test0_1.mtx 1.7 141.458 0.0184965 0.23 
/home/antonkov/masterWork/tests/samePrefixMarkedMtx/depth2/node2/test0_1.mtx 1.8 151.419 0.0141464 0.175 
/home/antonkov/masterWork/tests/samePrefixMarkedMtx/depth2/node2/test0_1.mtx 1.9 175.049 0.0100434 0.125 
/home/antonkov/masterWork/tests/samePrefixMarkedMtx/depth2/node2/test0_1.mtx 2 206.028 0.00744634 0.0936364 
/home/antonkov/masterWork/tests/samePrefixMarkedMtx/depth2/node2/test0_1.mtx 2.1 278.734 0.00454044 0.06 
/home/antonkov/masterWork/tests/samePrefixMarkedMtx/depth2/node2/test0_1.mtx 2.2 402.36 0.00286008 0.037037 
/home/antonkov/masterWork/tests/samePrefixMarkedMtx/depth2/node2/test0_1.mtx 2.3 561.975 0.00180514 0.0238095 
/home/antonkov/masterWork/tests/samePrefixMarkedMtx/depth2/node2/test0_1.mtx 2.4 737.033 0.00126025 0.0167213 
/home/antonkov/masterWork/tests/samePrefixMarkedMtx/depth2/node2/test0_1.mtx 2.5 971.83 0.000804658 0.011236 
/home/antonkov/masterWork/tests/samePrefixMarkedMtx/depth2/node2/test0_1.mtx 2.6 1638.4 0.00040082 0.00581395 
/home/antonkov/masterWork/tests/samePrefixMarkedMtx/depth2/node2/test0_1.mtx 2.7 2469.21 0.000224175 0.003367 
/home/antonkov/masterWork/tests/samePrefixMarkedMtx/depth2/node2/test0_1.mtx 2.8 4493.9 0.000105018 0.00163399 
/home/antonkov/masterWork/tests/samePrefixMarkedMtx/depth2/node2/test0_1.mtx 2.9 6583.46 6.54273e-05 0.00100604 
/home/antonkov/masterWork/tests/samePrefixMarkedMtx/depth2/node2/test0_1.mtx 3 10486.3 3.27854e-05 0.000575043 
/home/antonkov/masterWork/tests/samePrefixMarkedMtx/depth2/node2/test0_1.mtx 3.1 0 -1 -1 
/home/antonkov/masterWork/tests/samePrefixMarkedMtx/depth2/node2/test0_1.mtx 3.2 0 -1 -1 
/home/antonkov/masterWork/tests/samePrefixMarkedMtx/depth2/node2/test0_1.mtx 3.3 0 -1 -1 
/home/antonkov/masterWork/tests/samePrefixMarkedMtx/depth2/node2/test0_1.mtx 3.4 0 -1 -1 
/home/antonkov/masterWork/tests/samePrefixMarkedMtx/depth2/node2/test0_1.mtx 3.5 0 -1 -1 
/home/antonkov/masterWork/tests/samePrefixMarkedMtx/depth2/node2/test0_2.mtx 1 109.114 0.079566 0.79 
/home/antonkov/masterWork/tests/samePrefixMarkedMtx/depth2/node2/test0_2.mtx 1.1 105.037 0.073342 0.755 
/home/antonkov/masterWork/tests/samePrefixMarkedMtx/depth2/node2/test0_2.mtx 1.2 99.4652 0.0618924 0.655 
/home/antonkov/masterWork/tests/samePrefixMarkedMtx/depth2/node2/test0_2.mtx 1.3 90.804 0.0543316 0.585 
/home/antonkov/masterWork/tests/samePrefixMarkedMtx/depth2/node2/test0_2.mtx 1.4 119.587 0.0425231 0.476667 
/home/antonkov/masterWork/tests/samePrefixMarkedMtx/depth2/node2/test0_2.mtx 1.5 107.701 0.0326389 0.376667 
/home/antonkov/masterWork/tests/samePrefixMarkedMtx/depth2/node2/test0_2.mtx 1.6 126.556 0.0267708 0.315 
/home/antonkov/masterWork/tests/samePrefixMarkedMtx/depth2/node2/test0_2.mtx 1.7 117.636 0.0214323 0.255 
/home/antonkov/masterWork/tests/samePrefixMarkedMtx/depth2/node2/test0_2.mtx 1.8 128.384 0.0162465 0.202 
/home/antonkov/masterWork/tests/samePrefixMarkedMtx/depth2/node2/test0_2.mtx 1.9 172.577 0.0102344 0.12625 
/home/antonkov/masterWork/tests/samePrefixMarkedMtx/depth2/node2/test0_2.mtx 2 212.422 0.00769097 0.0954545 
/home/antonkov/masterWork/tests/samePrefixMarkedMtx/depth2/node2/test0_2.mtx 2.1 263.613 0.00509874 0.065 
/home/antonkov/masterWork/tests/samePrefixMarkedMtx/depth2/node2/test0_2.mtx 2.2 370.446 0.00327431 0.0408 
/home/antonkov/masterWork/tests/samePrefixMarkedMtx/depth2/node2/test0_2.mtx 2.3 462.971 0.0022018 0.0294118 
/home/antonkov/masterWork/tests/samePrefixMarkedMtx/depth2/node2/test0_2.mtx 2.4 627.564 0.00146242 0.0196078 
/home/antonkov/masterWork/tests/samePrefixMarkedMtx/depth2/node2/test0_2.mtx 2.5 842.535 0.000943732 0.0130769 
/home/antonkov/masterWork/tests/samePrefixMarkedMtx/depth2/node2/test0_2.mtx 2.6 1273.02 0.000536869 0.00763359 
/home/antonkov/masterWork/tests/samePrefixMarkedMtx/depth2/node2/test0_2.mtx 2.7 2033.68 0.000285702 0.00423237 
/home/antonkov/masterWork/tests/samePrefixMarkedMtx/depth2/node2/test0_2.mtx 2.8 2742.28 0.000195703 0.0027248 
/home/antonkov/masterWork/tests/samePrefixMarkedMtx/depth2/node2/test0_2.mtx 2.9 4614.57 9.5229e-05 0.00141044 
/home/antonkov/masterWork/tests/samePrefixMarkedMtx/depth2/node2/test0_2.mtx 3 6941.3 5.26263e-05 0.000845309 
/home/antonkov/masterWork/tests/samePrefixMarkedMtx/depth2/node2/test0_2.mtx 3.1 0 -1 -1 
/home/antonkov/masterWork/tests/samePrefixMarkedMtx/depth2/node2/test0_2.mtx 3.2 0 -1 -1 
/home/antonkov/masterWork/tests/samePrefixMarkedMtx/depth2/node2/test0_2.mtx 3.3 0 -1 -1 
/home/antonkov/masterWork/tests/samePrefixMarkedMtx/depth2/node2/test0_2.mtx 3.4 0 -1 -1 
/home/antonkov/masterWork/tests/samePrefixMarkedMtx/depth2/node2/test0_2.mtx 3.5 0 -1 -1 
/home/antonkov/masterWork/tests/samePrefixMarkedMtx/depth2/node2/test0_3.mtx 1 108.971 0.0770833 0.77 
/home/antonkov/masterWork/tests/samePrefixMarkedMtx/depth2/node2/test0_3.mtx 1.1 100.752 0.0677865 0.7 
/home/antonkov/masterWork/tests/samePrefixMarkedMtx/depth2/node2/test0_3.mtx 1.2 91.7126 0.0588021 0.625 
/home/antonkov/masterWork/tests/samePrefixMarkedMtx/depth2/node2/test0_3.mtx 1.3 90.4315 0.0497222 0.535 
/home/antonkov/masterWork/tests/samePrefixMarkedMtx/depth2/node2/test0_3.mtx 1.4 118.097 0.0425231 0.476667 
/home/antonkov/masterWork/tests/samePrefixMarkedMtx/depth2/node2/test0_3.mtx 1.5 108.16 0.0340451 0.396667 
/home/antonkov/masterWork/tests/samePrefixMarkedMtx/depth2/node2/test0_3.mtx 1.6 128.587 0.0264019 0.31 
/home/antonkov/masterWork/tests/samePrefixMarkedMtx/depth2/node2/test0_3.mtx 1.7 137.182 0.0198681 0.234 
/home/antonkov/masterWork/tests/samePrefixMarkedMtx/depth2/node2/test0_3.mtx 1.8 148.337 0.0152749 0.188333 
/home/antonkov/masterWork/tests/samePrefixMarkedMtx/depth2/node2/test0_3.mtx 1.9 174.994 0.0113194 0.14 
/home/antonkov/masterWork/tests/samePrefixMarkedMtx/depth2/node2/test0_3.mtx 2 194.127 0.00783854 0.104 
/home/antonkov/masterWork/tests/samePrefixMarkedMtx/depth2/node2/test0_3.mtx 2.1 247.087 0.0056126 0.0728571 
/home/antonkov/masterWork/tests/samePrefixMarkedMtx/depth2/node2/test0_3.mtx 2.2 353.638 0.0036013 0.0456522 
/home/antonkov/masterWork/tests/samePrefixMarkedMtx/depth2/node2/test0_3.mtx 2.3 432.87 0.0025081 0.0336667 
/home/antonkov/masterWork/tests/samePrefixMarkedMtx/depth2/node2/test0_3.mtx 2.4 646.551 0.0013494 0.0196078 
/home/antonkov/masterWork/tests/samePrefixMarkedMtx/depth2/node2/test0_3.mtx 2.5 966.008 0.000820562 0.0114943 
/home/antonkov/masterWork/tests/samePrefixMarkedMtx/depth2/node2/test0_3.mtx 2.6 1352.74 0.000528327 0.00726619 
/home/antonkov/masterWork/tests/samePrefixMarkedMtx/depth2/node2/test0_3.mtx 2.7 1908.89 0.000311955 0.00448431 
/home/antonkov/masterWork/tests/samePrefixMarkedMtx/depth2/node2/test0_3.mtx 2.8 3136.32 0.000149413 0.00238663 
/home/antonkov/masterWork/tests/samePrefixMarkedMtx/depth2/node2/test0_3.mtx 2.9 5490.46 7.45409e-05 0.00119332 
/home/antonkov/masterWork/tests/samePrefixMarkedMtx/depth2/node2/test0_3.mtx 3 8471.66 3.9576e-05 0.000704225 
/home/antonkov/masterWork/tests/samePrefixMarkedMtx/depth2/node2/test0_3.mtx 3.1 0 -1 -1 
/home/antonkov/masterWork/tests/samePrefixMarkedMtx/depth2/node2/test0_3.mtx 3.2 0 -1 -1 
/home/antonkov/masterWork/tests/samePrefixMarkedMtx/depth2/node2/test0_3.mtx 3.3 0 -1 -1 
/home/antonkov/masterWork/tests/samePrefixMarkedMtx/depth2/node2/test0_3.mtx 3.4 0 -1 -1 
/home/antonkov/masterWork/tests/samePrefixMarkedMtx/depth2/node2/test0_3.mtx 3.5 0 -1 -1 
/home/antonkov/masterWork/tests/samePrefixMarkedMtx/depth2/node2/test0_4.mtx 1 110.078 0.0799479 0.785 
/home/antonkov/masterWork/tests/samePrefixMarkedMtx/depth2/node2/test0_4.mtx 1.1 104.207 0.0712326 0.72 
/home/antonkov/masterWork/tests/samePrefixMarkedMtx/depth2/node2/test0_4.mtx 1.2 98.3335 0.0622743 0.645 
/home/antonkov/masterWork/tests/samePrefixMarkedMtx/depth2/node2/test0_4.mtx 1.3 92.6649 0.053151 0.575 
/home/antonkov/masterWork/tests/samePrefixMarkedMtx/depth2/node2/test0_4.mtx 1.4 117.706 0.0412905 0.463333 
/home/antonkov/masterWork/tests/samePrefixMarkedMtx/depth2/node2/test0_4.mtx 1.5 107.849 0.0315625 0.366667 
/home/antonkov/masterWork/tests/samePrefixMarkedMtx/depth2/node2/test0_4.mtx 1.6 123.686 0.0244531 0.2875 
/home/antonkov/masterWork/tests/samePrefixMarkedMtx/depth2/node2/test0_4.mtx 1.7 134.751 0.017625 0.212 
/home/antonkov/masterWork/tests/samePrefixMarkedMtx/depth2/node2/test0_4.mtx 1.8 146.6 0.0138686 0.173333 
/home/antonkov/masterWork/tests/samePrefixMarkedMtx/depth2/node2/test0_4.mtx 1.9 187.258 0.00997106 0.122222 
/home/antonkov/masterWork/tests/samePrefixMarkedMtx/depth2/node2/test0_4.mtx 2 227.024 0.00690683 0.0883333 
/home/antonkov/masterWork/tests/samePrefixMarkedMtx/depth2/node2/test0_4.mtx 2.1 253.154 0.00470486 0.0666667 
/home/antonkov/masterWork/tests/samePrefixMarkedMtx/depth2/node2/test0_4.mtx 2.2 400.521 0.00273148 0.0381481 
/home/antonkov/masterWork/tests/samePrefixMarkedMtx/depth2/node2/test0_4.mtx 2.3 503.881 0.00184987 0.0263158 
/home/antonkov/masterWork/tests/samePrefixMarkedMtx/depth2/node2/test0_4.mtx 2.4 705.616 0.00118265 0.0174138 
/home/antonkov/masterWork/tests/samePrefixMarkedMtx/depth2/node2/test0_4.mtx 2.5 1080.54 0.000669618 0.0102 
/home/antonkov/masterWork/tests/samePrefixMarkedMtx/depth2/node2/test0_4.mtx 2.6 1563.18 0.000358375 0.00612121 
/home/antonkov/masterWork/tests/samePrefixMarkedMtx/depth2/node2/test0_4.mtx 2.7 2250.66 0.000215124 0.00369004 
/home/antonkov/masterWork/tests/samePrefixMarkedMtx/depth2/node2/test0_4.mtx 2.8 3220.92 0.000127639 0.002331 
/home/antonkov/masterWork/tests/samePrefixMarkedMtx/depth2/node2/test0_4.mtx 2.9 5191.05 6.27808e-05 0.0012837 
/home/antonkov/masterWork/tests/samePrefixMarkedMtx/depth2/node2/test0_4.mtx 3 8207.89 2.98422e-05 0.000735835 
/home/antonkov/masterWork/tests/samePrefixMarkedMtx/depth2/node2/test0_4.mtx 3.1 0 -1 -1 
/home/antonkov/masterWork/tests/samePrefixMarkedMtx/depth2/node2/test0_4.mtx 3.2 0 -1 -1 
/home/antonkov/masterWork/tests/samePrefixMarkedMtx/depth2/node2/test0_4.mtx 3.3 0 -1 -1 
/home/antonkov/masterWork/tests/samePrefixMarkedMtx/depth2/node2/test0_4.mtx 3.4 0 -1 -1 
/home/antonkov/masterWork/tests/samePrefixMarkedMtx/depth2/node2/test0_4.mtx 3.5 0 -1 -1 
/home/antonkov/masterWork/tests/samePrefixMarkedMtx/depth2/node2/test1_0.mtx 1 115.038 0.0823611 0.825 
/home/antonkov/masterWork/tests/samePrefixMarkedMtx/depth2/node2/test1_0.mtx 1.1 113.916 0.0733854 0.755 
/home/antonkov/masterWork/tests/samePrefixMarkedMtx/depth2/node2/test1_0.mtx 1.2 103.318 0.0652257 0.69 
/home/antonkov/masterWork/tests/samePrefixMarkedMtx/depth2/node2/test1_0.mtx 1.3 95.8032 0.0557465 0.605 
/home/antonkov/masterWork/tests/samePrefixMarkedMtx/depth2/node2/test1_0.mtx 1.4 92.6068 0.045599 0.505 
/home/antonkov/masterWork/tests/samePrefixMarkedMtx/depth2/node2/test1_0.mtx 1.5 121.504 0.0359664 0.4 
/home/antonkov/masterWork/tests/samePrefixMarkedMtx/depth2/node2/test1_0.mtx 1.6 136.807 0.0273568 0.315 
/home/antonkov/masterWork/tests/samePrefixMarkedMtx/depth2/node2/test1_0.mtx 1.7 141.538 0.0191215 0.234 
/home/antonkov/masterWork/tests/samePrefixMarkedMtx/depth2/node2/test1_0.mtx 1.8 152.687 0.0162037 0.191667 
/home/antonkov/masterWork/tests/samePrefixMarkedMtx/depth2/node2/test1_0.mtx 1.9 170.942 0.0120635 0.151429 
/home/antonkov/masterWork/tests/samePrefixMarkedMtx/depth2/node2/test1_0.mtx 2 202.626 0.00839931 0.101 
/home/antonkov/masterWork/tests/samePrefixMarkedMtx/depth2/node2/test1_0.mtx 2.1 263.888 0.00539468 0.0693333 
/home/antonkov/masterWork/tests/samePrefixMarkedMtx/depth2/node2/test1_0.mtx 2.2 335.721 0.00333412 0.0454545 
/home/antonkov/masterWork/tests/samePrefixMarkedMtx/depth2/node2/test1_0.mtx 2.3 479.385 0.00207341 0.0285714 
/home/antonkov/masterWork/tests/samePrefixMarkedMtx/depth2/node2/test1_0.mtx 2.4 697.455 0.0012039 0.0172414 
/home/antonkov/masterWork/tests/samePrefixMarkedMtx/depth2/node2/test1_0.mtx 2.5 1007.12 0.00077497 0.0106383 
/home/antonkov/masterWork/tests/samePrefixMarkedMtx/depth2/node2/test1_0.mtx 2.6 1498.41 0.000440291 0.00632911 
/home/antonkov/masterWork/tests/samePrefixMarkedMtx/depth2/node2/test1_0.mtx 2.7 2129.61 0.000261565 0.00389105 
/home/antonkov/masterWork/tests/samePrefixMarkedMtx/depth2/node2/test1_0.mtx 2.8 3181.07 0.000159698 0.00230947 
/home/antonkov/masterWork/tests/samePrefixMarkedMtx/depth2/node2/test1_0.mtx 2.9 6344.43 6.97242e-05 0.00100705 
/home/antonkov/masterWork/tests/samePrefixMarkedMtx/depth2/node2/test1_0.mtx 3 9566.71 3.87375e-05 0.000603865 
/home/antonkov/masterWork/tests/samePrefixMarkedMtx/depth2/node2/test1_0.mtx 3.1 0 -1 -1 
/home/antonkov/masterWork/tests/samePrefixMarkedMtx/depth2/node2/test1_0.mtx 3.2 0 -1 -1 
/home/antonkov/masterWork/tests/samePrefixMarkedMtx/depth2/node2/test1_0.mtx 3.3 0 -1 -1 
/home/antonkov/masterWork/tests/samePrefixMarkedMtx/depth2/node2/test1_0.mtx 3.4 0 -1 -1 
/home/antonkov/masterWork/tests/samePrefixMarkedMtx/depth2/node2/test1_0.mtx 3.5 0 -1 -1 
/home/antonkov/masterWork/tests/samePrefixMarkedMtx/depth2/node2/test1_1.mtx 1 117.166 0.0847396 0.835 
/home/antonkov/masterWork/tests/samePrefixMarkedMtx/depth2/node2/test1_1.mtx 1.1 109.106 0.0760764 0.755 
/home/antonkov/masterWork/tests/samePrefixMarkedMtx/depth2/node2/test1_1.mtx 1.2 103.39 0.0649653 0.67 
/home/antonkov/masterWork/tests/samePrefixMarkedMtx/depth2/node2/test1_1.mtx 1.3 95.5505 0.0540278 0.565 
/home/antonkov/masterWork/tests/samePrefixMarkedMtx/depth2/node2/test1_1.mtx 1.4 127.042 0.0467766 0.5 
/home/antonkov/masterWork/tests/samePrefixMarkedMtx/depth2/node2/test1_1.mtx 1.5 118.617 0.0384201 0.423333 
/home/antonkov/masterWork/tests/samePrefixMarkedMtx/depth2/node2/test1_1.mtx 1.6 108.962 0.0309549 0.36 
/home/antonkov/masterWork/tests/samePrefixMarkedMtx/depth2/node2/test1_1.mtx 1.7 147.99 0.0200972 0.242 
/home/antonkov/masterWork/tests/samePrefixMarkedMtx/depth2/node2/test1_1.mtx 1.8 130.729 0.0158611 0.2 
/home/antonkov/masterWork/tests/samePrefixMarkedMtx/depth2/node2/test1_1.mtx 1.9 182.705 0.010497 0.1375 
/home/antonkov/masterWork/tests/samePrefixMarkedMtx/depth2/node2/test1_1.mtx 2 211.067 0.00827951 0.104 
/home/antonkov/masterWork/tests/samePrefixMarkedMtx/depth2/node2/test1_1.mtx 2.1 278.766 0.0051747 0.065625 
/home/antonkov/masterWork/tests/samePrefixMarkedMtx/depth2/node2/test1_1.mtx 2.2 395.138 0.00300347 0.0396154 
/home/antonkov/masterWork/tests/samePrefixMarkedMtx/depth2/node2/test1_1.mtx 2.3 517.458 0.00182425 0.025641 
/home/antonkov/masterWork/tests/samePrefixMarkedMtx/depth2/node2/test1_1.mtx 2.4 740.617 0.00121983 0.0167213 
/home/antonkov/masterWork/tests/samePrefixMarkedMtx/depth2/node2/test1_1.mtx 2.5 968.865 0.000814217 0.011236 
/home/antonkov/masterWork/tests/samePrefixMarkedMtx/depth2/node2/test1_1.mtx 2.6 1544.65 0.000432982 0.0060241 
/home/antonkov/masterWork/tests/samePrefixMarkedMtx/depth2/node2/test1_1.mtx 2.7 2243.27 0.000249645 0.00364964 
/home/antonkov/masterWork/tests/samePrefixMarkedMtx/depth2/node2/test1_1.mtx 2.8 3778.72 0.000132926 0.00189753 
/home/antonkov/masterWork/tests/samePrefixMarkedMtx/depth2/node2/test1_1.mtx 2.9 5815.77 7.52633e-05 0.0010989 
/home/antonkov/masterWork/tests/samePrefixMarkedMtx/depth2/node2/test1_1.mtx 3 8475.56 4.55596e-05 0.000680735 
/home/antonkov/masterWork/tests/samePrefixMarkedMtx/depth2/node2/test1_1.mtx 3.1 0 -1 -1 
/home/antonkov/masterWork/tests/samePrefixMarkedMtx/depth2/node2/test1_1.mtx 3.2 0 -1 -1 
/home/antonkov/masterWork/tests/samePrefixMarkedMtx/depth2/node2/test1_1.mtx 3.3 0 -1 -1 
/home/antonkov/masterWork/tests/samePrefixMarkedMtx/depth2/node2/test1_1.mtx 3.4 0 -1 -1 
/home/antonkov/masterWork/tests/samePrefixMarkedMtx/depth2/node2/test1_1.mtx 3.5 0 -1 -1 
/home/antonkov/masterWork/tests/samePrefixMarkedMtx/depth2/node2/test1_2.mtx 1 119.592 0.0843924 0.855 
/home/antonkov/masterWork/tests/samePrefixMarkedMtx/depth2/node2/test1_2.mtx 1.1 112.449 0.074974 0.77 
/home/antonkov/masterWork/tests/samePrefixMarkedMtx/depth2/node2/test1_2.mtx 1.2 107.851 0.0662934 0.71 
/home/antonkov/masterWork/tests/samePrefixMarkedMtx/depth2/node2/test1_2.mtx 1.3 100.509 0.0566927 0.62 
/home/antonkov/masterWork/tests/samePrefixMarkedMtx/depth2/node2/test1_2.mtx 1.4 90.9942 0.0460938 0.505 
/home/antonkov/masterWork/tests/samePrefixMarkedMtx/depth2/node2/test1_2.mtx 1.5 118.074 0.0366204 0.41 
/home/antonkov/masterWork/tests/samePrefixMarkedMtx/depth2/node2/test1_2.mtx 1.6 110.478 0.0292708 0.34 
/home/antonkov/masterWork/tests/samePrefixMarkedMtx/depth2/node2/test1_2.mtx 1.7 145.677 0.0210104 0.238 
/home/antonkov/masterWork/tests/samePrefixMarkedMtx/depth2/node2/test1_2.mtx 1.8 152.951 0.0159809 0.19 
/home/antonkov/masterWork/tests/samePrefixMarkedMtx/depth2/node2/test1_2.mtx 1.9 181.102 0.0101562 0.125 
/home/antonkov/masterWork/tests/samePrefixMarkedMtx/depth2/node2/test1_2.mtx 2 233.743 0.00722656 0.0883333 
/home/antonkov/masterWork/tests/samePrefixMarkedMtx/depth2/node2/test1_2.mtx 2.1 283.459 0.00532444 0.065625 
/home/antonkov/masterWork/tests/samePrefixMarkedMtx/depth2/node2/test1_2.mtx 2.2 392.681 0.00323472 0.0416 
/home/antonkov/masterWork/tests/samePrefixMarkedMtx/depth2/node2/test1_2.mtx 2.3 517.511 0.00207629 0.0272973 
/home/antonkov/masterWork/tests/samePrefixMarkedMtx/depth2/node2/test1_2.mtx 2.4 654.136 0.00135613 0.0188679 
/home/antonkov/masterWork/tests/samePrefixMarkedMtx/depth2/node2/test1_2.mtx 2.5 944.803 0.000883578 0.0117647 
/home/antonkov/masterWork/tests/samePrefixMarkedMtx/depth2/node2/test1_2.mtx 2.6 1386.03 0.00049687 0.00704225 
/home/antonkov/masterWork/tests/samePrefixMarkedMtx/depth2/node2/test1_2.mtx 2.7 2210.53 0.000237577 0.00380228 
/home/antonkov/masterWork/tests/samePrefixMarkedMtx/depth2/node2/test1_2.mtx 2.8 3236.18 0.000144312 0.002331 
/home/antonkov/masterWork/tests/samePrefixMarkedMtx/depth2/node2/test1_2.mtx 2.9 4995.63 8.57802e-05 0.00134228 
/home/antonkov/masterWork/tests/samePrefixMarkedMtx/depth2/node2/test1_2.mtx 3 8217.56 4.69041e-05 0.000729395 
/home/antonkov/masterWork/tests/samePrefixMarkedMtx/depth2/node2/test1_2.mtx 3.1 0 -1 -1 
/home/antonkov/masterWork/tests/samePrefixMarkedMtx/depth2/node2/test1_2.mtx 3.2 0 -1 -1 
/home/antonkov/masterWork/tests/samePrefixMarkedMtx/depth2/node2/test1_2.mtx 3.3 0 -1 -1 
/home/antonkov/masterWork/tests/samePrefixMarkedMtx/depth2/node2/test1_2.mtx 3.4 0 -1 -1 
/home/antonkov/masterWork/tests/samePrefixMarkedMtx/depth2/node2/test1_2.mtx 3.5 0 -1 -1 
/home/antonkov/masterWork/tests/samePrefixMarkedMtx/depth2/node2/test1_3.mtx 1 112.482 0.0819184 0.81 
/home/antonkov/masterWork/tests/samePrefixMarkedMtx/depth2/node2/test1_3.mtx 1.1 109.841 0.0740017 0.765 
/home/antonkov/masterWork/tests/samePrefixMarkedMtx/depth2/node2/test1_3.mtx 1.2 103.456 0.0651823 0.695 
/home/antonkov/masterWork/tests/samePrefixMarkedMtx/depth2/node2/test1_3.mtx 1.3 96.2345 0.0551215 0.6 
/home/antonkov/masterWork/tests/samePrefixMarkedMtx/depth2/node2/test1_3.mtx 1.4 93.131 0.0492795 0.52 
/home/antonkov/masterWork/tests/samePrefixMarkedMtx/depth2/node2/test1_3.mtx 1.5 116.527 0.0331713 0.386667 
/home/antonkov/masterWork/tests/samePrefixMarkedMtx/depth2/node2/test1_3.mtx 1.6 131.548 0.0265625 0.3125 
/home/antonkov/masterWork/tests/samePrefixMarkedMtx/depth2/node2/test1_3.mtx 1.7 149.208 0.0198889 0.244 
/home/antonkov/masterWork/tests/samePrefixMarkedMtx/depth2/node2/test1_3.mtx 1.8 150.255 0.0138252 0.17 
/home/antonkov/masterWork/tests/samePrefixMarkedMtx/depth2/node2/test1_3.mtx 1.9 179.291 0.0110872 0.13125 
/home/antonkov/masterWork/tests/samePrefixMarkedMtx/depth2/node2/test1_3.mtx 2 218.703 0.00774463 0.0972727 
/home/antonkov/masterWork/tests/samePrefixMarkedMtx/depth2/node2/test1_3.mtx 2.1 265.39 0.00530208 0.0666667 
/home/antonkov/masterWork/tests/samePrefixMarkedMtx/depth2/node2/test1_3.mtx 2.2 365.118 0.00323898 0.043913 
/home/antonkov/masterWork/tests/samePrefixMarkedMtx/depth2/node2/test1_3.mtx 2.3 457.696 0.00219171 0.0309091 
/home/antonkov/masterWork/tests/samePrefixMarkedMtx/depth2/node2/test1_3.mtx 2.4 637.065 0.00146875 0.02 
/home/antonkov/masterWork/tests/samePrefixMarkedMtx/depth2/node2/test1_3.mtx 2.5 1128.22 0.000696615 0.00971154 
/home/antonkov/masterWork/tests/samePrefixMarkedMtx/depth2/node2/test1_3.mtx 2.6 1825.9 0.000380461 0.00502513 
/home/antonkov/masterWork/tests/samePrefixMarkedMtx/depth2/node2/test1_3.mtx 2.7 2414.93 0.000246244 0.00340136 
/home/antonkov/masterWork/tests/samePrefixMarkedMtx/depth2/node2/test1_3.mtx 2.8 3602.35 0.000138293 0.0020202 
/home/antonkov/masterWork/tests/samePrefixMarkedMtx/depth2/node2/test1_3.mtx 2.9 6764.9 6.52997e-05 0.000958773 
/home/antonkov/masterWork/tests/samePrefixMarkedMtx/depth2/node2/test1_3.mtx 3 0 -1 -1 
/home/antonkov/masterWork/tests/samePrefixMarkedMtx/depth2/node2/test1_3.mtx 3.1 0 -1 -1 
/home/antonkov/masterWork/tests/samePrefixMarkedMtx/depth2/node2/test1_3.mtx 3.2 0 -1 -1 
/home/antonkov/masterWork/tests/samePrefixMarkedMtx/depth2/node2/test1_3.mtx 3.3 0 -1 -1 
/home/antonkov/masterWork/tests/samePrefixMarkedMtx/depth2/node2/test1_3.mtx 3.4 0 -1 -1 
/home/antonkov/masterWork/tests/samePrefixMarkedMtx/depth2/node2/test1_3.mtx 3.5 0 -1 -1 
/home/antonkov/masterWork/tests/samePrefixMarkedMtx/depth2/node2/test1_4.mtx 1 116.075 0.0799219 0.805 
/home/antonkov/masterWork/tests/samePrefixMarkedMtx/depth2/node2/test1_4.mtx 1.1 110.109 0.0704688 0.725 
/home/antonkov/masterWork/tests/samePrefixMarkedMtx/depth2/node2/test1_4.mtx 1.2 102.324 0.0613368 0.65 
/home/antonkov/masterWork/tests/samePrefixMarkedMtx/depth2/node2/test1_4.mtx 1.3 96.5716 0.0501736 0.53 
/home/antonkov/masterWork/tests/samePrefixMarkedMtx/depth2/node2/test1_4.mtx 1.4 121.25 0.0415914 0.453333 
/home/antonkov/masterWork/tests/samePrefixMarkedMtx/depth2/node2/test1_4.mtx 1.5 115.038 0.0345428 0.393333 
/home/antonkov/masterWork/tests/samePrefixMarkedMtx/depth2/node2/test1_4.mtx 1.6 128.489 0.0273394 0.315 
/home/antonkov/masterWork/tests/samePrefixMarkedMtx/depth2/node2/test1_4.mtx 1.7 143.143 0.019625 0.236 
/home/antonkov/masterWork/tests/samePrefixMarkedMtx/depth2/node2/test1_4.mtx 1.8 154.008 0.0144155 0.176667 
/home/antonkov/masterWork/tests/samePrefixMarkedMtx/depth2/node2/test1_4.mtx 1.9 182.749 0.0105317 0.1275 
/home/antonkov/masterWork/tests/samePrefixMarkedMtx/depth2/node2/test1_4.mtx 2 219.113 0.00776673 0.0981818 
/home/antonkov/masterWork/tests/samePrefixMarkedMtx/depth2/node2/test1_4.mtx 2.1 267.565 0.00510764 0.0666667 
/home/antonkov/masterWork/tests/samePrefixMarkedMtx/depth2/node2/test1_4.mtx 2.2 354.785 0.00310311 0.043913 
/home/antonkov/masterWork/tests/samePrefixMarkedMtx/depth2/node2/test1_4.mtx 2.3 525.807 0.00212308 0.0271053 
/home/antonkov/masterWork/tests/samePrefixMarkedMtx/depth2/node2/test1_4.mtx 2.4 769.984 0.00118028 0.0159375 
/home/antonkov/masterWork/tests/samePrefixMarkedMtx/depth2/node2/test1_4.mtx 2.5 1137.68 0.000677751 0.00971154 
/home/antonkov/masterWork/tests/samePrefixMarkedMtx/depth2/node2/test1_4.mtx 2.6 1709.31 0.000366556 0.00568182 
/home/antonkov/masterWork/tests/samePrefixMarkedMtx/depth2/node2/test1_4.mtx 2.7 2104.62 0.000245475 0.00409836 
/home/antonkov/masterWork/tests/samePrefixMarkedMtx/depth2/node2/test1_4.mtx 2.8 3325.04 0.000132958 0.00226244 
/home/antonkov/masterWork/tests/samePrefixMarkedMtx/depth2/node2/test1_4.mtx 2.9 6268.23 6.87434e-05 0.0010627 
/home/antonkov/masterWork/tests/samePrefixMarkedMtx/depth2/node2/test1_4.mtx 3 10265.7 3.51189e-05 0.000585823 
/home/antonkov/masterWork/tests/samePrefixMarkedMtx/depth2/node2/test1_4.mtx 3.1 0 -1 -1 
/home/antonkov/masterWork/tests/samePrefixMarkedMtx/depth2/node2/test1_4.mtx 3.2 0 -1 -1 
/home/antonkov/masterWork/tests/samePrefixMarkedMtx/depth2/node2/test1_4.mtx 3.3 0 -1 -1 
/home/antonkov/masterWork/tests/samePrefixMarkedMtx/depth2/node2/test1_4.mtx 3.4 0 -1 -1 
/home/antonkov/masterWork/tests/samePrefixMarkedMtx/depth2/node2/test1_4.mtx 3.5 0 -1 -1 
/home/antonkov/masterWork/tests/samePrefixMarkedMtx/depth2/node2/test2_0.mtx 1 112.451 0.0824392 0.805 
/home/antonkov/masterWork/tests/samePrefixMarkedMtx/depth2/node2/test2_0.mtx 1.1 112.579 0.0741059 0.755 
/home/antonkov/masterWork/tests/samePrefixMarkedMtx/depth2/node2/test2_0.mtx 1.2 104.386 0.0660938 0.705 
/home/antonkov/masterWork/tests/samePrefixMarkedMtx/depth2/node2/test2_0.mtx 1.3 97.3813 0.0571354 0.63 
/home/antonkov/masterWork/tests/samePrefixMarkedMtx/depth2/node2/test2_0.mtx 1.4 93.6108 0.0482118 0.55 
/home/antonkov/masterWork/tests/samePrefixMarkedMtx/depth2/node2/test2_0.mtx 1.5 112.278 0.0325463 0.38 
/home/antonkov/masterWork/tests/samePrefixMarkedMtx/depth2/node2/test2_0.mtx 1.6 131.147 0.0255686 0.2925 
/home/antonkov/masterWork/tests/samePrefixMarkedMtx/depth2/node2/test2_0.mtx 1.7 141.852 0.0198299 0.236 
/home/antonkov/masterWork/tests/samePrefixMarkedMtx/depth2/node2/test2_0.mtx 1.8 150.102 0.0142535 0.171667 
/home/antonkov/masterWork/tests/samePrefixMarkedMtx/depth2/node2/test2_0.mtx 1.9 175.657 0.0102539 0.13125 
/home/antonkov/masterWork/tests/samePrefixMarkedMtx/depth2/node2/test2_0.mtx 2 222.706 0.00727588 0.0927273 
/home/antonkov/masterWork/tests/samePrefixMarkedMtx/depth2/node2/test2_0.mtx 2.1 297.353 0.00477022 0.0617647 
/home/antonkov/masterWork/tests/samePrefixMarkedMtx/depth2/node2/test2_0.mtx 2.2 375.668 0.0030625 0.042 
/home/antonkov/masterWork/tests/samePrefixMarkedMtx/depth2/node2/test2_0.mtx 2.3 509.103 0.00197682 0.0283784 
/home/antonkov/masterWork/tests/samePrefixMarkedMtx/depth2/node2/test2_0.mtx 2.4 674.621 0.00129703 0.0181818 
/home/antonkov/masterWork/tests/samePrefixMarkedMtx/depth2/node2/test2_0.mtx 2.5 1016.91 0.000780495 0.0108696 
/home/antonkov/masterWork/tests/samePrefixMarkedMtx/depth2/node2/test2_0.mtx 2.6 1286.5 0.00050641 0.00769231 
/home/antonkov/masterWork/tests/samePrefixMarkedMtx/depth2/node2/test2_0.mtx 2.7 2151.43 0.000265673 0.00398406 
/home/antonkov/masterWork/tests/samePrefixMarkedMtx/depth2/node2/test2_0.mtx 2.8 2833.05 0.000164459 0.00271739 
/home/antonkov/masterWork/tests/samePrefixMarkedMtx/depth2/node2/test2_0.mtx 2.9 5235.12 8.14773e-05 0.00127877 
/home/antonkov/masterWork/tests/samePrefixMarkedMtx/depth2/node2/test2_0.mtx 3 9177.69 3.88585e-05 0.000652742 
/home/antonkov/masterWork/tests/samePrefixMarkedMtx/depth2/node2/test2_0.mtx 3.1 0 -1 -1 
/home/antonkov/masterWork/tests/samePrefixMarkedMtx/depth2/node2/test2_0.mtx 3.2 0 -1 -1 
/home/antonkov/masterWork/tests/samePrefixMarkedMtx/depth2/node2/test2_0.mtx 3.3 0 -1 -1 
/home/antonkov/masterWork/tests/samePrefixMarkedMtx/depth2/node2/test2_0.mtx 3.4 0 -1 -1 
/home/antonkov/masterWork/tests/samePrefixMarkedMtx/depth2/node2/test2_0.mtx 3.5 0 -1 -1 
/home/antonkov/masterWork/tests/samePrefixMarkedMtx/depth2/node2/test2_1.mtx 1 113.701 0.0788455 0.805 
/home/antonkov/masterWork/tests/samePrefixMarkedMtx/depth2/node2/test2_1.mtx 1.1 107.323 0.070217 0.735 
/home/antonkov/masterWork/tests/samePrefixMarkedMtx/depth2/node2/test2_1.mtx 1.2 100 0.0629948 0.68 
/home/antonkov/masterWork/tests/samePrefixMarkedMtx/depth2/node2/test2_1.mtx 1.3 98.1475 0.0526302 0.6 
/home/antonkov/masterWork/tests/samePrefixMarkedMtx/depth2/node2/test2_1.mtx 1.4 122.356 0.0436111 0.48 
/home/antonkov/masterWork/tests/samePrefixMarkedMtx/depth2/node2/test2_1.mtx 1.5 111.626 0.03364 0.38 
/home/antonkov/masterWork/tests/samePrefixMarkedMtx/depth2/node2/test2_1.mtx 1.6 134.257 0.0273872 0.325 
/home/antonkov/masterWork/tests/samePrefixMarkedMtx/depth2/node2/test2_1.mtx 1.7 119.796 0.0201736 0.25 
/home/antonkov/masterWork/tests/samePrefixMarkedMtx/depth2/node2/test2_1.mtx 1.8 152.53 0.0163252 0.19 
/home/antonkov/masterWork/tests/samePrefixMarkedMtx/depth2/node2/test2_1.mtx 1.9 160.167 0.0116493 0.144286 
/home/antonkov/masterWork/tests/samePrefixMarkedMtx/depth2/node2/test2_1.mtx 2 205.14 0.00814931 0.101 
/home/antonkov/masterWork/tests/samePrefixMarkedMtx/depth2/node2/test2_1.mtx 2.1 295.543 0.00465686 0.0617647 
/home/antonkov/masterWork/tests/samePrefixMarkedMtx/depth2/node2/test2_1.mtx 2.2 351.475 0.00328804 0.043913 
/home/antonkov/masterWork/tests/samePrefixMarkedMtx/depth2/node2/test2_1.mtx 2.3 503.761 0.00202421 0.0281081 
/home/antonkov/masterWork/tests/samePrefixMarkedMtx/depth2/node2/test2_1.mtx 2.4 650.099 0.00125328 0.0188679 
/home/antonkov/masterWork/tests/samePrefixMarkedMtx/depth2/node2/test2_1.mtx 2.5 959.512 0.000710245 0.011236 
/home/antonkov/masterWork/tests/samePrefixMarkedMtx/depth2/node2/test2_1.mtx 2.6 1227.25 0.000482361 0.008 
/home/antonkov/masterWork/tests/samePrefixMarkedMtx/depth2/node2/test2_1.mtx 2.7 1758.56 0.000303905 0.00495049 
/home/antonkov/masterWork/tests/samePrefixMarkedMtx/depth2/node2/test2_1.mtx 2.8 2633.7 0.000156452 0.00291545 
/home/antonkov/masterWork/tests/samePrefixMarkedMtx/depth2/node2/test2_1.mtx 2.9 3369.39 9.7066e-05 0.00206544 
/home/antonkov/masterWork/tests/samePrefixMarkedMtx/depth2/node2/test2_1.mtx 3 4041.04 5.30762e-05 0.0015456 
/home/antonkov/masterWork/tests/samePrefixMarkedMtx/depth2/node2/test2_1.mtx 3.1 5620.65 2.76536e-05 0.000993049 
/home/antonkov/masterWork/tests/samePrefixMarkedMtx/depth2/node2/test2_1.mtx 3.2 0 -1 -1 
/home/antonkov/masterWork/tests/samePrefixMarkedMtx/depth2/node2/test2_1.mtx 3.3 0 -1 -1 
/home/antonkov/masterWork/tests/samePrefixMarkedMtx/depth2/node2/test2_1.mtx 3.4 0 -1 -1 
/home/antonkov/masterWork/tests/samePrefixMarkedMtx/depth2/node2/test2_1.mtx 3.5 0 -1 -1 
/home/antonkov/masterWork/tests/samePrefixMarkedMtx/depth2/node2/test2_2.mtx 1 115.879 0.0843924 0.835 
/home/antonkov/masterWork/tests/samePrefixMarkedMtx/depth2/node2/test2_2.mtx 1.1 113.888 0.0748958 0.765 
/home/antonkov/masterWork/tests/samePrefixMarkedMtx/depth2/node2/test2_2.mtx 1.2 103.626 0.066276 0.695 
/home/antonkov/masterWork/tests/samePrefixMarkedMtx/depth2/node2/test2_2.mtx 1.3 97.1662 0.0571788 0.625 
/home/antonkov/masterWork/tests/samePrefixMarkedMtx/depth2/node2/test2_2.mtx 1.4 92.1396 0.0482465 0.54 
/home/antonkov/masterWork/tests/samePrefixMarkedMtx/depth2/node2/test2_2.mtx 1.5 121.643 0.0368113 0.42 
/home/antonkov/masterWork/tests/samePrefixMarkedMtx/depth2/node2/test2_2.mtx 1.6 134.419 0.0267839 0.31 
/home/antonkov/masterWork/tests/samePrefixMarkedMtx/depth2/node2/test2_2.mtx 1.7 147.661 0.0206701 0.242 
/home/antonkov/masterWork/tests/samePrefixMarkedMtx/depth2/node2/test2_2.mtx 1.8 150.552 0.0160937 0.193333 
/home/antonkov/masterWork/tests/samePrefixMarkedMtx/depth2/node2/test2_2.mtx 1.9 175.681 0.011428 0.14125 
/home/antonkov/masterWork/tests/samePrefixMarkedMtx/depth2/node2/test2_2.mtx 2 219.581 0.00776989 0.0981818 
/home/antonkov/masterWork/tests/samePrefixMarkedMtx/depth2/node2/test2_2.mtx 2.1 298.845 0.0050143 0.0635294 
/home/antonkov/masterWork/tests/samePrefixMarkedMtx/depth2/node2/test2_2.mtx 2.2 396.661 0.00321848 0.04 
/home/antonkov/masterWork/tests/samePrefixMarkedMtx/depth2/node2/test2_2.mtx 2.3 561.033 0.00191799 0.0240476 
/home/antonkov/masterWork/tests/samePrefixMarkedMtx/depth2/node2/test2_2.mtx 2.4 732.819 0.00123148 0.0166667 
/home/antonkov/masterWork/tests/samePrefixMarkedMtx/depth2/node2/test2_2.mtx 2.5 1044.89 0.000716943 0.0102041 
/home/antonkov/masterWork/tests/samePrefixMarkedMtx/depth2/node2/test2_2.mtx 2.6 1659.67 0.00038881 0.00570621 
/home/antonkov/masterWork/tests/samePrefixMarkedMtx/depth2/node2/test2_2.mtx 2.7 2330.25 0.000251406 0.00349481 
/home/antonkov/masterWork/tests/samePrefixMarkedMtx/depth2/node2/test2_2.mtx 2.8 4144.21 0.000118968 0.00169492 
/home/antonkov/masterWork/tests/samePrefixMarkedMtx/depth2/node2/test2_2.mtx 2.9 5851.42 7.74601e-05 0.00107875 
/home/antonkov/masterWork/tests/samePrefixMarkedMtx/depth2/node2/test2_2.mtx 3 10420.9 3.97284e-05 0.00054407 
/home/antonkov/masterWork/tests/samePrefixMarkedMtx/depth2/node2/test2_2.mtx 3.1 0 -1 -1 
/home/antonkov/masterWork/tests/samePrefixMarkedMtx/depth2/node2/test2_2.mtx 3.2 0 -1 -1 
/home/antonkov/masterWork/tests/samePrefixMarkedMtx/depth2/node2/test2_2.mtx 3.3 0 -1 -1 
/home/antonkov/masterWork/tests/samePrefixMarkedMtx/depth2/node2/test2_2.mtx 3.4 0 -1 -1 
/home/antonkov/masterWork/tests/samePrefixMarkedMtx/depth2/node2/test2_2.mtx 3.5 0 -1 -1 
/home/antonkov/masterWork/tests/samePrefixMarkedMtx/depth2/node2/test2_3.mtx 1 116.265 0.0811892 0.795 
/home/antonkov/masterWork/tests/samePrefixMarkedMtx/depth2/node2/test2_3.mtx 1.1 108.952 0.071059 0.73 
/home/antonkov/masterWork/tests/samePrefixMarkedMtx/depth2/node2/test2_3.mtx 1.2 100.992 0.0636892 0.675 
/home/antonkov/masterWork/tests/samePrefixMarkedMtx/depth2/node2/test2_3.mtx 1.3 93.6653 0.0535677 0.585 
/home/antonkov/masterWork/tests/samePrefixMarkedMtx/depth2/node2/test2_3.mtx 1.4 124.16 0.043044 0.466667 
/home/antonkov/masterWork/tests/samePrefixMarkedMtx/depth2/node2/test2_3.mtx 1.5 117.022 0.0357292 0.4 
/home/antonkov/masterWork/tests/samePrefixMarkedMtx/depth2/node2/test2_3.mtx 1.6 137.53 0.027934 0.3275 
/home/antonkov/masterWork/tests/samePrefixMarkedMtx/depth2/node2/test2_3.mtx 1.7 122.343 0.0211979 0.255 
/home/antonkov/masterWork/tests/samePrefixMarkedMtx/depth2/node2/test2_3.mtx 1.8 151.437 0.0155903 0.186667 
/home/antonkov/masterWork/tests/samePrefixMarkedMtx/depth2/node2/test2_3.mtx 1.9 180.385 0.0111306 0.14125 
/home/antonkov/masterWork/tests/samePrefixMarkedMtx/depth2/node2/test2_3.mtx 2 208.812 0.0084375 0.108 
/home/antonkov/masterWork/tests/samePrefixMarkedMtx/depth2/node2/test2_3.mtx 2.1 249.278 0.00573909 0.0742857 
/home/antonkov/masterWork/tests/samePrefixMarkedMtx/depth2/node2/test2_3.mtx 2.2 340.705 0.00369296 0.0490476 
/home/antonkov/masterWork/tests/samePrefixMarkedMtx/depth2/node2/test2_3.mtx 2.3 508.793 0.00213072 0.0275676 
/home/antonkov/masterWork/tests/samePrefixMarkedMtx/depth2/node2/test2_3.mtx 2.4 668.066 0.00142876 0.0185185 
/home/antonkov/masterWork/tests/samePrefixMarkedMtx/depth2/node2/test2_3.mtx 2.5 907.829 0.000895791 0.0121951 
/home/antonkov/masterWork/tests/samePrefixMarkedMtx/depth2/node2/test2_3.mtx 2.6 1282.27 0.000534017 0.0075188 
/home/antonkov/masterWork/tests/samePrefixMarkedMtx/depth2/node2/test2_3.mtx 2.7 2019.1 0.000278891 0.0042735 
/home/antonkov/masterWork/tests/samePrefixMarkedMtx/depth2/node2/test2_3.mtx 2.8 3076.58 0.000167175 0.00243902 
/home/antonkov/masterWork/tests/samePrefixMarkedMtx/depth2/node2/test2_3.mtx 2.9 4421.48 0.00010021 0.00151424 
/home/antonkov/masterWork/tests/samePrefixMarkedMtx/depth2/node2/test2_3.mtx 3 8670.14 4.72038e-05 0.000678887 
/home/antonkov/masterWork/tests/samePrefixMarkedMtx/depth2/node2/test2_3.mtx 3.1 0 -1 -1 
/home/antonkov/masterWork/tests/samePrefixMarkedMtx/depth2/node2/test2_3.mtx 3.2 0 -1 -1 
/home/antonkov/masterWork/tests/samePrefixMarkedMtx/depth2/node2/test2_3.mtx 3.3 0 -1 -1 
/home/antonkov/masterWork/tests/samePrefixMarkedMtx/depth2/node2/test2_3.mtx 3.4 0 -1 -1 
/home/antonkov/masterWork/tests/samePrefixMarkedMtx/depth2/node2/test2_3.mtx 3.5 0 -1 -1 
/home/antonkov/masterWork/tests/samePrefixMarkedMtx/depth2/node2/test2_4.mtx 1 112.981 0.0811372 0.795 
/home/antonkov/masterWork/tests/samePrefixMarkedMtx/depth2/node2/test2_4.mtx 1.1 112.005 0.0721962 0.74 
/home/antonkov/masterWork/tests/samePrefixMarkedMtx/depth2/node2/test2_4.mtx 1.2 98.0281 0.0605122 0.625 
/home/antonkov/masterWork/tests/samePrefixMarkedMtx/depth2/node2/test2_4.mtx 1.3 93.8399 0.0522309 0.55 
/home/antonkov/masterWork/tests/samePrefixMarkedMtx/depth2/node2/test2_4.mtx 1.4 118.629 0.041412 0.443333 
/home/antonkov/masterWork/tests/samePrefixMarkedMtx/depth2/node2/test2_4.mtx 1.5 114.355 0.0338368 0.373333 
/home/antonkov/masterWork/tests/samePrefixMarkedMtx/depth2/node2/test2_4.mtx 1.6 135.605 0.0254991 0.285 
/home/antonkov/masterWork/tests/samePrefixMarkedMtx/depth2/node2/test2_4.mtx 1.7 143.77 0.0200833 0.232 
/home/antonkov/masterWork/tests/samePrefixMarkedMtx/depth2/node2/test2_4.mtx 1.8 157.505 0.0155006 0.188333 
/home/antonkov/masterWork/tests/samePrefixMarkedMtx/depth2/node2/test2_4.mtx 1.9 178.518 0.0110069 0.13125 
/home/antonkov/masterWork/tests/samePrefixMarkedMtx/depth2/node2/test2_4.mtx 2 212.907 0.00822396 0.103 
/home/antonkov/masterWork/tests/samePrefixMarkedMtx/depth2/node2/test2_4.mtx 2.1 261.016 0.00535301 0.0673333 
/home/antonkov/masterWork/tests/samePrefixMarkedMtx/depth2/node2/test2_4.mtx 2.2 367.741 0.0033054 0.043913 
/home/antonkov/masterWork/tests/samePrefixMarkedMtx/depth2/node2/test2_4.mtx 2.3 528.011 0.00213495 0.0286486 
/home/antonkov/masterWork/tests/samePrefixMarkedMtx/depth2/node2/test2_4.mtx 2.4 692.24 0.00137753 0.0185455 
/home/antonkov/masterWork/tests/samePrefixMarkedMtx/depth2/node2/test2_4.mtx 2.5 1149.8 0.000686017 0.00970874 
/home/antonkov/masterWork/tests/samePrefixMarkedMtx/depth2/node2/test2_4.mtx 2.6 1687.15 0.000377604 0.00581395 
/home/antonkov/masterWork/tests/samePrefixMarkedMtx/depth2/node2/test2_4.mtx 2.7 2364.51 0.000253749 0.00362319 
/home/antonkov/masterWork/tests/samePrefixMarkedMtx/depth2/node2/test2_4.mtx 2.8 4076.66 0.000123936 0.00182482 
/home/antonkov/masterWork/tests/samePrefixMarkedMtx/depth2/node2/test2_4.mtx 2.9 7308.29 5.90373e-05 0.000912409 
/home/antonkov/masterWork/tests/samePrefixMarkedMtx/depth2/node2/test2_4.mtx 3 0 -1 -1 
/home/antonkov/masterWork/tests/samePrefixMarkedMtx/depth2/node2/test2_4.mtx 3.1 0 -1 -1 
/home/antonkov/masterWork/tests/samePrefixMarkedMtx/depth2/node2/test2_4.mtx 3.2 0 -1 -1 
/home/antonkov/masterWork/tests/samePrefixMarkedMtx/depth2/node2/test2_4.mtx 3.3 0 -1 -1 
/home/antonkov/masterWork/tests/samePrefixMarkedMtx/depth2/node2/test2_4.mtx 3.4 0 -1 -1 
/home/antonkov/masterWork/tests/samePrefixMarkedMtx/depth2/node2/test2_4.mtx 3.5 0 -1 -1 
/home/antonkov/masterWork/tests/samePrefixMarkedMtx/depth2/node2/test97_0.mtx 1 114.878 0.0827691 0.82 
/home/antonkov/masterWork/tests/samePrefixMarkedMtx/depth2/node2/test97_0.mtx 1.1 111.092 0.0717535 0.735 
/home/antonkov/masterWork/tests/samePrefixMarkedMtx/depth2/node2/test97_0.mtx 1.2 101.418 0.062526 0.66 
/home/antonkov/masterWork/tests/samePrefixMarkedMtx/depth2/node2/test97_0.mtx 1.3 95.8416 0.0541233 0.585 
/home/antonkov/masterWork/tests/samePrefixMarkedMtx/depth2/node2/test97_0.mtx 1.4 92.5523 0.0463368 0.52 
/home/antonkov/masterWork/tests/samePrefixMarkedMtx/depth2/node2/test97_0.mtx 1.5 119.553 0.03489 0.396667 
/home/antonkov/masterWork/tests/samePrefixMarkedMtx/depth2/node2/test97_0.mtx 1.6 133.744 0.0256597 0.295 
/home/antonkov/masterWork/tests/samePrefixMarkedMtx/depth2/node2/test97_0.mtx 1.7 147.851 0.0206111 0.256 
/home/antonkov/masterWork/tests/samePrefixMarkedMtx/depth2/node2/test97_0.mtx 1.8 156.341 0.0164525 0.208333 
/home/antonkov/masterWork/tests/samePrefixMarkedMtx/depth2/node2/test97_0.mtx 1.9 166.421 0.0108854 0.147143 
/home/antonkov/masterWork/tests/samePrefixMarkedMtx/depth2/node2/test97_0.mtx 2 202.838 0.0077934 0.106 
/home/antonkov/masterWork/tests/samePrefixMarkedMtx/depth2/node2/test97_0.mtx 2.1 244.015 0.0056437 0.0784615 
/home/antonkov/masterWork/tests/samePrefixMarkedMtx/depth2/node2/test97_0.mtx 2.2 323.825 0.003625 0.05 
/home/antonkov/masterWork/tests/samePrefixMarkedMtx/depth2/node2/test97_0.mtx 2.3 412.427 0.00277034 0.0360714 
/home/antonkov/masterWork/tests/samePrefixMarkedMtx/depth2/node2/test97_0.mtx 2.4 636.7 0.00135625 0.02 
/home/antonkov/masterWork/tests/samePrefixMarkedMtx/depth2/node2/test97_0.mtx 2.5 851.149 0.00096699 0.0142466 
/home/antonkov/masterWork/tests/samePrefixMarkedMtx/depth2/node2/test97_0.mtx 2.6 1274.93 0.000528412 0.00801587 
/home/antonkov/masterWork/tests/samePrefixMarkedMtx/depth2/node2/test97_0.mtx 2.7 1936.49 0.000321781 0.00465438 
/home/antonkov/masterWork/tests/samePrefixMarkedMtx/depth2/node2/test97_0.mtx 2.8 3021.79 0.000143734 0.00258398 
/home/antonkov/masterWork/tests/samePrefixMarkedMtx/depth2/node2/test97_0.mtx 2.9 4804.06 8.33585e-05 0.00144928 
/home/antonkov/masterWork/tests/samePrefixMarkedMtx/depth2/node2/test97_0.mtx 3 7130.34 4.9243e-05 0.000874891 
/home/antonkov/masterWork/tests/samePrefixMarkedMtx/depth2/node2/test97_0.mtx 3.1 0 -1 -1 
/home/antonkov/masterWork/tests/samePrefixMarkedMtx/depth2/node2/test97_0.mtx 3.2 0 -1 -1 
/home/antonkov/masterWork/tests/samePrefixMarkedMtx/depth2/node2/test97_0.mtx 3.3 0 -1 -1 
/home/antonkov/masterWork/tests/samePrefixMarkedMtx/depth2/node2/test97_0.mtx 3.4 0 -1 -1 
/home/antonkov/masterWork/tests/samePrefixMarkedMtx/depth2/node2/test97_0.mtx 3.5 0 -1 -1 
/home/antonkov/masterWork/tests/samePrefixMarkedMtx/depth2/node2/test97_1.mtx 1 118.1 0.0835417 0.83 
/home/antonkov/masterWork/tests/samePrefixMarkedMtx/depth2/node2/test97_1.mtx 1.1 110.48 0.074783 0.78 
/home/antonkov/masterWork/tests/samePrefixMarkedMtx/depth2/node2/test97_1.mtx 1.2 101.825 0.0650868 0.69 
/home/antonkov/masterWork/tests/samePrefixMarkedMtx/depth2/node2/test97_1.mtx 1.3 96.353 0.055816 0.605 
/home/antonkov/masterWork/tests/samePrefixMarkedMtx/depth2/node2/test97_1.mtx 1.4 91.7432 0.0463194 0.515 
/home/antonkov/masterWork/tests/samePrefixMarkedMtx/depth2/node2/test97_1.mtx 1.5 116.4 0.0360012 0.416667 
/home/antonkov/masterWork/tests/samePrefixMarkedMtx/depth2/node2/test97_1.mtx 1.6 105.104 0.0290046 0.336667 
/home/antonkov/masterWork/tests/samePrefixMarkedMtx/depth2/node2/test97_1.mtx 1.7 116.755 0.0210156 0.25 
/home/antonkov/masterWork/tests/samePrefixMarkedMtx/depth2/node2/test97_1.mtx 1.8 156.59 0.0159491 0.193333 
/home/antonkov/masterWork/tests/samePrefixMarkedMtx/depth2/node2/test97_1.mtx 1.9 160.786 0.0127728 0.155714 
/home/antonkov/masterWork/tests/samePrefixMarkedMtx/depth2/node2/test97_1.mtx 2 201.651 0.0083941 0.106 
/home/antonkov/masterWork/tests/samePrefixMarkedMtx/depth2/node2/test97_1.mtx 2.1 250.467 0.00576513 0.0728571 
/home/antonkov/masterWork/tests/samePrefixMarkedMtx/depth2/node2/test97_1.mtx 2.2 371.497 0.00351676 0.0456522 
/home/antonkov/masterWork/tests/samePrefixMarkedMtx/depth2/node2/test97_1.mtx 2.3 468.514 0.00230794 0.0321875 
/home/antonkov/masterWork/tests/samePrefixMarkedMtx/depth2/node2/test97_1.mtx 2.4 720.548 0.00122575 0.0175862 
/home/antonkov/masterWork/tests/samePrefixMarkedMtx/depth2/node2/test97_1.mtx 2.5 948.761 0.000825273 0.0119048 
/home/antonkov/masterWork/tests/samePrefixMarkedMtx/depth2/node2/test97_1.mtx 2.6 1582.85 0.000438002 0.00614458 
/home/antonkov/masterWork/tests/samePrefixMarkedMtx/depth2/node2/test97_1.mtx 2.7 2173.69 0.000262562 0.003861 
/home/antonkov/masterWork/tests/samePrefixMarkedMtx/depth2/node2/test97_1.mtx 2.8 3734.72 0.0001362 0.00196078 
/home/antonkov/masterWork/tests/samePrefixMarkedMtx/depth2/node2/test97_1.mtx 2.9 5751.75 7.41456e-05 0.0011236 
/home/antonkov/masterWork/tests/samePrefixMarkedMtx/depth2/node2/test97_1.mtx 3 10349.6 3.68522e-05 0.000560224 
/home/antonkov/masterWork/tests/samePrefixMarkedMtx/depth2/node2/test97_1.mtx 3.1 0 -1 -1 
/home/antonkov/masterWork/tests/samePrefixMarkedMtx/depth2/node2/test97_1.mtx 3.2 0 -1 -1 
/home/antonkov/masterWork/tests/samePrefixMarkedMtx/depth2/node2/test97_1.mtx 3.3 0 -1 -1 
/home/antonkov/masterWork/tests/samePrefixMarkedMtx/depth2/node2/test97_1.mtx 3.4 0 -1 -1 
/home/antonkov/masterWork/tests/samePrefixMarkedMtx/depth2/node2/test97_1.mtx 3.5 0 -1 -1 
/home/antonkov/masterWork/tests/samePrefixMarkedMtx/depth2/node2/test97_2.mtx 1 120.301 0.0849913 0.84 
/home/antonkov/masterWork/tests/samePrefixMarkedMtx/depth2/node2/test97_2.mtx 1.1 115.24 0.0789931 0.82 
/home/antonkov/masterWork/tests/samePrefixMarkedMtx/depth2/node2/test97_2.mtx 1.2 110.585 0.0696181 0.76 
/home/antonkov/masterWork/tests/samePrefixMarkedMtx/depth2/node2/test97_2.mtx 1.3 97.6094 0.0554427 0.62 
/home/antonkov/masterWork/tests/samePrefixMarkedMtx/depth2/node2/test97_2.mtx 1.4 97.0013 0.0468316 0.54 
/home/antonkov/masterWork/tests/samePrefixMarkedMtx/depth2/node2/test97_2.mtx 1.5 123.948 0.0362558 0.416667 
/home/antonkov/masterWork/tests/samePrefixMarkedMtx/depth2/node2/test97_2.mtx 1.6 135.432 0.0272786 0.325 
/home/antonkov/masterWork/tests/samePrefixMarkedMtx/depth2/node2/test97_2.mtx 1.7 120.226 0.021059 0.26 
/home/antonkov/masterWork/tests/samePrefixMarkedMtx/depth2/node2/test97_2.mtx 1.8 156.221 0.0162442 0.201667 
/home/antonkov/masterWork/tests/samePrefixMarkedMtx/depth2/node2/test97_2.mtx 1.9 164.322 0.0124529 0.161429 
/home/antonkov/masterWork/tests/samePrefixMarkedMtx/depth2/node2/test97_2.mtx 2 208.279 0.00764757 0.105 
/home/antonkov/masterWork/tests/samePrefixMarkedMtx/depth2/node2/test97_2.mtx 2.1 237.775 0.00562767 0.0769231 
/home/antonkov/masterWork/tests/samePrefixMarkedMtx/depth2/node2/test97_2.mtx 2.2 310.741 0.00361294 0.0536842 
/home/antonkov/masterWork/tests/samePrefixMarkedMtx/depth2/node2/test97_2.mtx 2.3 431.059 0.00216006 0.0325806 
/home/antonkov/masterWork/tests/samePrefixMarkedMtx/depth2/node2/test97_2.mtx 2.4 501.673 0.00157675 0.025641 
/home/antonkov/masterWork/tests/samePrefixMarkedMtx/depth2/node2/test97_2.mtx 2.5 818.308 0.000803013 0.0140845 
/home/antonkov/masterWork/tests/samePrefixMarkedMtx/depth2/node2/test97_2.mtx 2.6 1092.78 0.000464819 0.0095283 
/home/antonkov/masterWork/tests/samePrefixMarkedMtx/depth2/node2/test97_2.mtx 2.7 1448.57 0.000275251 0.00632911 
/home/antonkov/masterWork/tests/samePrefixMarkedMtx/depth2/node2/test97_2.mtx 2.8 1729.82 0.000197173 0.0047619 
/home/antonkov/masterWork/tests/samePrefixMarkedMtx/depth2/node2/test97_2.mtx 2.9 2713.89 8.88889e-05 0.00272 
/home/antonkov/masterWork/tests/samePrefixMarkedMtx/depth2/node2/test97_2.mtx 3 3025.83 5.12619e-05 0.00215054 
/home/antonkov/masterWork/tests/samePrefixMarkedMtx/depth2/node2/test97_2.mtx 3.1 3616.6 3.97153e-05 0.00165289 
/home/antonkov/masterWork/tests/samePrefixMarkedMtx/depth2/node2/test97_2.mtx 3.2 4701.5 2.40509e-05 0.00116414 
/home/antonkov/masterWork/tests/samePrefixMarkedMtx/depth2/node2/test97_2.mtx 3.3 5200.84 1.59995e-05 0.000980392 
/home/antonkov/masterWork/tests/samePrefixMarkedMtx/depth2/node2/test97_2.mtx 3.4 0 -1 -1 
/home/antonkov/masterWork/tests/samePrefixMarkedMtx/depth2/node2/test97_2.mtx 3.5 0 -1 -1 
/home/antonkov/masterWork/tests/samePrefixMarkedMtx/depth2/node2/test97_3.mtx 1 114.808 0.085842 0.82 
/home/antonkov/masterWork/tests/samePrefixMarkedMtx/depth2/node2/test97_3.mtx 1.1 113.043 0.0767361 0.77 
/home/antonkov/masterWork/tests/samePrefixMarkedMtx/depth2/node2/test97_3.mtx 1.2 100.34 0.0684549 0.7 
/home/antonkov/masterWork/tests/samePrefixMarkedMtx/depth2/node2/test97_3.mtx 1.3 97.607 0.0593924 0.625 
/home/antonkov/masterWork/tests/samePrefixMarkedMtx/depth2/node2/test97_3.mtx 1.4 93.9576 0.0507899 0.55 
/home/antonkov/masterWork/tests/samePrefixMarkedMtx/depth2/node2/test97_3.mtx 1.5 118.971 0.0391667 0.44 
/home/antonkov/masterWork/tests/samePrefixMarkedMtx/depth2/node2/test97_3.mtx 1.6 111.485 0.0330093 0.366667 
/home/antonkov/masterWork/tests/samePrefixMarkedMtx/depth2/node2/test97_3.mtx 1.7 129.606 0.0242405 0.275 
/home/antonkov/masterWork/tests/samePrefixMarkedMtx/depth2/node2/test97_3.mtx 1.8 155.718 0.0166753 0.198333 
/home/antonkov/masterWork/tests/samePrefixMarkedMtx/depth2/node2/test97_3.mtx 1.9 180.143 0.0113477 0.1325 
/home/antonkov/masterWork/tests/samePrefixMarkedMtx/depth2/node2/test97_3.mtx 2 208.474 0.0086441 0.107 
/home/antonkov/masterWork/tests/samePrefixMarkedMtx/depth2/node2/test97_3.mtx 2.1 281.205 0.00500434 0.06375 
/home/antonkov/masterWork/tests/samePrefixMarkedMtx/depth2/node2/test97_3.mtx 2.2 340.466 0.00345411 0.0434783 
/home/antonkov/masterWork/tests/samePrefixMarkedMtx/depth2/node2/test97_3.mtx 2.3 550.994 0.00183308 0.024878 
/home/antonkov/masterWork/tests/samePrefixMarkedMtx/depth2/node2/test97_3.mtx 2.4 728.883 0.00127505 0.0165574 
/home/antonkov/masterWork/tests/samePrefixMarkedMtx/depth2/node2/test97_3.mtx 2.5 1008.73 0.000752992 0.0106383 
/home/antonkov/masterWork/tests/samePrefixMarkedMtx/depth2/node2/test97_3.mtx 2.6 1496.18 0.00047526 0.00625 
/home/antonkov/masterWork/tests/samePrefixMarkedMtx/depth2/node2/test97_3.mtx 2.7 2208.72 0.000272817 0.00379699 
/home/antonkov/masterWork/tests/samePrefixMarkedMtx/depth2/node2/test97_3.mtx 2.8 2951.49 0.000178824 0.00248139 
/home/antonkov/masterWork/tests/samePrefixMarkedMtx/depth2/node2/test97_3.mtx 2.9 5715.45 7.3669e-05 0.00111111 
/home/antonkov/masterWork/tests/samePrefixMarkedMtx/depth2/node2/test97_3.mtx 3 9737.85 3.77345e-05 0.000586166 
/home/antonkov/masterWork/tests/samePrefixMarkedMtx/depth2/node2/test97_3.mtx 3.1 0 -1 -1 
/home/antonkov/masterWork/tests/samePrefixMarkedMtx/depth2/node2/test97_3.mtx 3.2 0 -1 -1 
/home/antonkov/masterWork/tests/samePrefixMarkedMtx/depth2/node2/test97_3.mtx 3.3 0 -1 -1 
/home/antonkov/masterWork/tests/samePrefixMarkedMtx/depth2/node2/test97_3.mtx 3.4 0 -1 -1 
/home/antonkov/masterWork/tests/samePrefixMarkedMtx/depth2/node2/test97_3.mtx 3.5 0 -1 -1 
/home/antonkov/masterWork/tests/samePrefixMarkedMtx/depth2/node2/test97_4.mtx 1 114.723 0.0822135 0.83 
/home/antonkov/masterWork/tests/samePrefixMarkedMtx/depth2/node2/test97_4.mtx 1.1 113.926 0.0734896 0.77 
/home/antonkov/masterWork/tests/samePrefixMarkedMtx/depth2/node2/test97_4.mtx 1.2 100.873 0.0625955 0.68 
/home/antonkov/masterWork/tests/samePrefixMarkedMtx/depth2/node2/test97_4.mtx 1.3 96.8213 0.0538108 0.595 
/home/antonkov/masterWork/tests/samePrefixMarkedMtx/depth2/node2/test97_4.mtx 1.4 92.1358 0.044974 0.505 
/home/antonkov/masterWork/tests/samePrefixMarkedMtx/depth2/node2/test97_4.mtx 1.5 119.589 0.0385417 0.446667 
/home/antonkov/masterWork/tests/samePrefixMarkedMtx/depth2/node2/test97_4.mtx 1.6 110.642 0.0293345 0.366667 
/home/antonkov/masterWork/tests/samePrefixMarkedMtx/depth2/node2/test97_4.mtx 1.7 124.759 0.023546 0.2925 
/home/antonkov/masterWork/tests/samePrefixMarkedMtx/depth2/node2/test97_4.mtx 1.8 137.298 0.0175382 0.218 
/home/antonkov/masterWork/tests/samePrefixMarkedMtx/depth2/node2/test97_4.mtx 1.9 142.648 0.0128906 0.171667 
/home/antonkov/masterWork/tests/samePrefixMarkedMtx/depth2/node2/test97_4.mtx 2 192.701 0.00869213 0.118889 
/home/antonkov/masterWork/tests/samePrefixMarkedMtx/depth2/node2/test97_4.mtx 2.1 222.249 0.00629774 0.0883333 
/home/antonkov/masterWork/tests/samePrefixMarkedMtx/depth2/node2/test97_4.mtx 2.2 325.99 0.00338628 0.0525 
/home/antonkov/masterWork/tests/samePrefixMarkedMtx/depth2/node2/test97_4.mtx 2.3 365.978 0.00236875 0.04 
/home/antonkov/masterWork/tests/samePrefixMarkedMtx/depth2/node2/test97_4.mtx 2.4 502.654 0.00150901 0.027027 
/home/antonkov/masterWork/tests/samePrefixMarkedMtx/depth2/node2/test97_4.mtx 2.5 680.367 0.000849432 0.0181818 
/home/antonkov/masterWork/tests/samePrefixMarkedMtx/depth2/node2/test97_4.mtx 2.6 856.916 0.00058271 0.0129487 
/home/antonkov/masterWork/tests/samePrefixMarkedMtx/depth2/node2/test97_4.mtx 2.7 1092.51 0.000303128 0.00884956 
/home/antonkov/masterWork/tests/samePrefixMarkedMtx/depth2/node2/test97_4.mtx 2.8 1301.28 0.00017266 0.00684932 
/home/antonkov/masterWork/tests/samePrefixMarkedMtx/depth2/node2/test97_4.mtx 2.9 1555.68 9.71308e-05 0.00526316 
/home/antonkov/masterWork/tests/samePrefixMarkedMtx/depth2/node2/test97_4.mtx 3 1713.8 5.98996e-05 0.004329 
/home/antonkov/masterWork/tests/samePrefixMarkedMtx/depth2/node2/test97_4.mtx 3.1 2009.74 3.14963e-05 0.00337838 
/home/antonkov/masterWork/tests/samePrefixMarkedMtx/depth2/node2/test97_4.mtx 3.2 2390.47 2.74217e-05 0.00258974 
/home/antonkov/masterWork/tests/samePrefixMarkedMtx/depth2/node2/test97_4.mtx 3.3 2615.99 1.4755e-05 0.00220751 
/home/antonkov/masterWork/tests/samePrefixMarkedMtx/depth2/node2/test97_4.mtx 3.4 2843.14 1.31453e-05 0.00191205 
/home/antonkov/masterWork/tests/samePrefixMarkedMtx/depth2/node2/test97_4.mtx 3.5 2943.14 1.21923e-05 0.00176883 
/home/antonkov/masterWork/tests/samePrefixMarkedMtx/depth2/node2/test98_0.mtx 1 126.18 0.086658 0.87 
/home/antonkov/masterWork/tests/samePrefixMarkedMtx/depth2/node2/test98_0.mtx 1.1 120.144 0.0761545 0.805 
/home/antonkov/masterWork/tests/samePrefixMarkedMtx/depth2/node2/test98_0.mtx 1.2 112.224 0.0650087 0.695 
/home/antonkov/masterWork/tests/samePrefixMarkedMtx/depth2/node2/test98_0.mtx 1.3 104.31 0.0560156 0.62 
/home/antonkov/masterWork/tests/samePrefixMarkedMtx/depth2/node2/test98_0.mtx 1.4 99.3143 0.0460938 0.525 
/home/antonkov/masterWork/tests/samePrefixMarkedMtx/depth2/node2/test98_0.mtx 1.5 126.905 0.0361921 0.426667 
/home/antonkov/masterWork/tests/samePrefixMarkedMtx/depth2/node2/test98_0.mtx 1.6 118.15 0.0276678 0.333333 
/home/antonkov/masterWork/tests/samePrefixMarkedMtx/depth2/node2/test98_0.mtx 1.7 130.336 0.0219835 0.2625 
/home/antonkov/masterWork/tests/samePrefixMarkedMtx/depth2/node2/test98_0.mtx 1.8 147.972 0.0160139 0.2 
/home/antonkov/masterWork/tests/samePrefixMarkedMtx/depth2/node2/test98_0.mtx 1.9 181.47 0.0132292 0.162857 
/home/antonkov/masterWork/tests/samePrefixMarkedMtx/depth2/node2/test98_0.mtx 2 203.769 0.00956404 0.122222 
/home/antonkov/masterWork/tests/samePrefixMarkedMtx/depth2/node2/test98_0.mtx 2.1 228.836 0.0072964 0.0945455 
/home/antonkov/masterWork/tests/samePrefixMarkedMtx/depth2/node2/test98_0.mtx 2.2 309.925 0.00501194 0.064375 
/home/antonkov/masterWork/tests/samePrefixMarkedMtx/depth2/node2/test98_0.mtx 2.3 442.156 0.00294303 0.0385185 
/home/antonkov/masterWork/tests/samePrefixMarkedMtx/depth2/node2/test98_0.mtx 2.4 681.888 0.00151998 0.0204082 
/home/antonkov/masterWork/tests/samePrefixMarkedMtx/depth2/node2/test98_0.mtx 2.5 983.814 0.000926072 0.0126582 
/home/antonkov/masterWork/tests/samePrefixMarkedMtx/depth2/node2/test98_0.mtx 2.6 1624.88 0.000502678 0.00666667 
/home/antonkov/masterWork/tests/samePrefixMarkedMtx/depth2/node2/test98_0.mtx 2.7 2261.17 0.000291216 0.0041841 
/home/antonkov/masterWork/tests/samePrefixMarkedMtx/depth2/node2/test98_0.mtx 2.8 3013.27 0.000187936 0.00273224 
/home/antonkov/masterWork/tests/samePrefixMarkedMtx/depth2/node2/test98_0.mtx 2.9 4402.21 0.000102101 0.00165289 
/home/antonkov/masterWork/tests/samePrefixMarkedMtx/depth2/node2/test98_0.mtx 3 9510.28 4.25904e-05 0.000668449 
/home/antonkov/masterWork/tests/samePrefixMarkedMtx/depth2/node2/test98_0.mtx 3.1 0 -1 -1 
/home/antonkov/masterWork/tests/samePrefixMarkedMtx/depth2/node2/test98_0.mtx 3.2 0 -1 -1 
/home/antonkov/masterWork/tests/samePrefixMarkedMtx/depth2/node2/test98_0.mtx 3.3 0 -1 -1 
/home/antonkov/masterWork/tests/samePrefixMarkedMtx/depth2/node2/test98_0.mtx 3.4 0 -1 -1 
/home/antonkov/masterWork/tests/samePrefixMarkedMtx/depth2/node2/test98_0.mtx 3.5 0 -1 -1 
/home/antonkov/masterWork/tests/samePrefixMarkedMtx/depth2/node2/test98_1.mtx 1 125.865 0.0800174 0.795 
/home/antonkov/masterWork/tests/samePrefixMarkedMtx/depth2/node2/test98_1.mtx 1.1 115.901 0.0718403 0.73 
/home/antonkov/masterWork/tests/samePrefixMarkedMtx/depth2/node2/test98_1.mtx 1.2 107.077 0.0634028 0.675 
/home/antonkov/masterWork/tests/samePrefixMarkedMtx/depth2/node2/test98_1.mtx 1.3 106.642 0.0548003 0.575 
/home/antonkov/masterWork/tests/samePrefixMarkedMtx/depth2/node2/test98_1.mtx 1.4 96.5191 0.0467882 0.515 
/home/antonkov/masterWork/tests/samePrefixMarkedMtx/depth2/node2/test98_1.mtx 1.5 123.334 0.0380382 0.436667 
/home/antonkov/masterWork/tests/samePrefixMarkedMtx/depth2/node2/test98_1.mtx 1.6 117.37 0.0297164 0.35 
/home/antonkov/masterWork/tests/samePrefixMarkedMtx/depth2/node2/test98_1.mtx 1.7 139.67 0.022691 0.2825 
/home/antonkov/masterWork/tests/samePrefixMarkedMtx/depth2/node2/test98_1.mtx 1.8 174.316 0.017283 0.208333 
/home/antonkov/masterWork/tests/samePrefixMarkedMtx/depth2/node2/test98_1.mtx 1.9 187.142 0.0117212 0.145714 
/home/antonkov/masterWork/tests/samePrefixMarkedMtx/depth2/node2/test98_1.mtx 2 211.426 0.0099402 0.123333 
/home/antonkov/masterWork/tests/samePrefixMarkedMtx/depth2/node2/test98_1.mtx 2.1 248.599 0.00671875 0.0833333 
/home/antonkov/masterWork/tests/samePrefixMarkedMtx/depth2/node2/test98_1.mtx 2.2 344.5 0.00416484 0.0542105 
/home/antonkov/masterWork/tests/samePrefixMarkedMtx/depth2/node2/test98_1.mtx 2.3 412.535 0.00290139 0.04 
/home/antonkov/masterWork/tests/samePrefixMarkedMtx/depth2/node2/test98_1.mtx 2.4 631.156 0.00158736 0.0231818 
/home/antonkov/masterWork/tests/samePrefixMarkedMtx/depth2/node2/test98_1.mtx 2.5 876.942 0.000949237 0.0140845 
/home/antonkov/masterWork/tests/samePrefixMarkedMtx/depth2/node2/test98_1.mtx 2.6 1387.53 0.00055652 0.00793651 
/home/antonkov/masterWork/tests/samePrefixMarkedMtx/depth2/node2/test98_1.mtx 2.7 2177.97 0.000298007 0.00450893 
/home/antonkov/masterWork/tests/samePrefixMarkedMtx/depth2/node2/test98_1.mtx 2.8 3261.65 0.00018311 0.0026178 
/home/antonkov/masterWork/tests/samePrefixMarkedMtx/depth2/node2/test98_1.mtx 2.9 4521.45 0.000110891 0.00166945 
/home/antonkov/masterWork/tests/samePrefixMarkedMtx/depth2/node2/test98_1.mtx 3 7033.42 5.56295e-05 0.000968054 
/home/antonkov/masterWork/tests/samePrefixMarkedMtx/depth2/node2/test98_1.mtx 3.1 0 -1 -1 
/home/antonkov/masterWork/tests/samePrefixMarkedMtx/depth2/node2/test98_1.mtx 3.2 0 -1 -1 
/home/antonkov/masterWork/tests/samePrefixMarkedMtx/depth2/node2/test98_1.mtx 3.3 0 -1 -1 
/home/antonkov/masterWork/tests/samePrefixMarkedMtx/depth2/node2/test98_1.mtx 3.4 0 -1 -1 
/home/antonkov/masterWork/tests/samePrefixMarkedMtx/depth2/node2/test98_1.mtx 3.5 0 -1 -1 
/home/antonkov/masterWork/tests/samePrefixMarkedMtx/depth2/node2/test98_2.mtx 1 122.645 0.0807378 0.815 
/home/antonkov/masterWork/tests/samePrefixMarkedMtx/depth2/node2/test98_2.mtx 1.1 122.136 0.0714757 0.76 
/home/antonkov/masterWork/tests/samePrefixMarkedMtx/depth2/node2/test98_2.mtx 1.2 110.078 0.0619705 0.665 
/home/antonkov/masterWork/tests/samePrefixMarkedMtx/depth2/node2/test98_2.mtx 1.3 100.404 0.0523003 0.585 
/home/antonkov/masterWork/tests/samePrefixMarkedMtx/depth2/node2/test98_2.mtx 1.4 128.426 0.0423553 0.48 
/home/antonkov/masterWork/tests/samePrefixMarkedMtx/depth2/node2/test98_2.mtx 1.5 122.519 0.0353762 0.406667 
/home/antonkov/masterWork/tests/samePrefixMarkedMtx/depth2/node2/test98_2.mtx 1.6 144.835 0.0268316 0.315 
/home/antonkov/masterWork/tests/samePrefixMarkedMtx/depth2/node2/test98_2.mtx 1.7 154.469 0.0205694 0.244 
/home/antonkov/masterWork/tests/samePrefixMarkedMtx/depth2/node2/test98_2.mtx 1.8 160.32 0.0155584 0.188333 
/home/antonkov/masterWork/tests/samePrefixMarkedMtx/depth2/node2/test98_2.mtx 1.9 177.354 0.0122743 0.154286 
/home/antonkov/masterWork/tests/samePrefixMarkedMtx/depth2/node2/test98_2.mtx 2 199.867 0.00890432 0.114444 
/home/antonkov/masterWork/tests/samePrefixMarkedMtx/depth2/node2/test98_2.mtx 2.1 279.216 0.00584945 0.0764286 
/home/antonkov/masterWork/tests/samePrefixMarkedMtx/depth2/node2/test98_2.mtx 2.2 337.737 0.0041621 0.0547368 
/home/antonkov/masterWork/tests/samePrefixMarkedMtx/depth2/node2/test98_2.mtx 2.3 442.627 0.00245164 0.0357143 
/home/antonkov/masterWork/tests/samePrefixMarkedMtx/depth2/node2/test98_2.mtx 2.4 666.833 0.00155707 0.0210417 
/home/antonkov/masterWork/tests/samePrefixMarkedMtx/depth2/node2/test98_2.mtx 2.5 897.632 0.000926007 0.0140845 
/home/antonkov/masterWork/tests/samePrefixMarkedMtx/depth2/node2/test98_2.mtx 2.6 1373.3 0.000532407 0.00813008 
/home/antonkov/masterWork/tests/samePrefixMarkedMtx/depth2/node2/test98_2.mtx 2.7 2204.94 0.000272338 0.00429185 
/home/antonkov/masterWork/tests/samePrefixMarkedMtx/depth2/node2/test98_2.mtx 2.8 3484.45 0.000156746 0.00238095 
/home/antonkov/masterWork/tests/samePrefixMarkedMtx/depth2/node2/test98_2.mtx 2.9 5686.67 8.2553e-05 0.00126263 
/home/antonkov/masterWork/tests/samePrefixMarkedMtx/depth2/node2/test98_2.mtx 3 8861.56 4.49495e-05 0.000727273 
/home/antonkov/masterWork/tests/samePrefixMarkedMtx/depth2/node2/test98_2.mtx 3.1 0 -1 -1 
/home/antonkov/masterWork/tests/samePrefixMarkedMtx/depth2/node2/test98_2.mtx 3.2 0 -1 -1 
/home/antonkov/masterWork/tests/samePrefixMarkedMtx/depth2/node2/test98_2.mtx 3.3 0 -1 -1 
/home/antonkov/masterWork/tests/samePrefixMarkedMtx/depth2/node2/test98_2.mtx 3.4 0 -1 -1 
/home/antonkov/masterWork/tests/samePrefixMarkedMtx/depth2/node2/test98_2.mtx 3.5 0 -1 -1 
/home/antonkov/masterWork/tests/samePrefixMarkedMtx/depth2/node2/test98_3.mtx 1 127.853 0.0859896 0.84 
/home/antonkov/masterWork/tests/samePrefixMarkedMtx/depth2/node2/test98_3.mtx 1.1 124.561 0.0775 0.79 
/home/antonkov/masterWork/tests/samePrefixMarkedMtx/depth2/node2/test98_3.mtx 1.2 114.103 0.0687934 0.725 
/home/antonkov/masterWork/tests/samePrefixMarkedMtx/depth2/node2/test98_3.mtx 1.3 104.327 0.0570226 0.62 
/home/antonkov/masterWork/tests/samePrefixMarkedMtx/depth2/node2/test98_3.mtx 1.4 134.972 0.0447396 0.48 
/home/antonkov/masterWork/tests/samePrefixMarkedMtx/depth2/node2/test98_3.mtx 1.5 127.261 0.0372106 0.403333 
/home/antonkov/masterWork/tests/samePrefixMarkedMtx/depth2/node2/test98_3.mtx 1.6 117.639 0.0294618 0.336667 
/home/antonkov/masterWork/tests/samePrefixMarkedMtx/depth2/node2/test98_3.mtx 1.7 133.556 0.0233333 0.2625 
/home/antonkov/masterWork/tests/samePrefixMarkedMtx/depth2/node2/test98_3.mtx 1.8 171.944 0.0160619 0.191667 
/home/antonkov/masterWork/tests/samePrefixMarkedMtx/depth2/node2/test98_3.mtx 1.9 172.942 0.0113765 0.142857 
/home/antonkov/masterWork/tests/samePrefixMarkedMtx/depth2/node2/test98_3.mtx 2 221.698 0.00881076 0.103 
/home/antonkov/masterWork/tests/samePrefixMarkedMtx/depth2/node2/test98_3.mtx 2.1 267.406 0.00587607 0.0769231 
/home/antonkov/masterWork/tests/samePrefixMarkedMtx/depth2/node2/test98_3.mtx 2.2 387.273 0.00363084 0.0477273 
/home/antonkov/masterWork/tests/samePrefixMarkedMtx/depth2/node2/test98_3.mtx 2.3 492.756 0.00240126 0.0315625 
/home/antonkov/masterWork/tests/samePrefixMarkedMtx/depth2/node2/test98_3.mtx 2.4 648.296 0.00155495 0.0217391 
/home/antonkov/masterWork/tests/samePrefixMarkedMtx/depth2/node2/test98_3.mtx 2.5 984.474 0.000946181 0.0125 
/home/antonkov/masterWork/tests/samePrefixMarkedMtx/depth2/node2/test98_3.mtx 2.6 1563.29 0.000470772 0.00684932 
/home/antonkov/masterWork/tests/samePrefixMarkedMtx/depth2/node2/test98_3.mtx 2.7 2010.3 0.000325103 0.00480769 
/home/antonkov/masterWork/tests/samePrefixMarkedMtx/depth2/node2/test98_3.mtx 2.8 3086.49 0.00017684 0.00269542 
/home/antonkov/masterWork/tests/samePrefixMarkedMtx/depth2/node2/test98_3.mtx 2.9 5209.09 8.66847e-05 0.00139276 
/home/antonkov/masterWork/tests/samePrefixMarkedMtx/depth2/node2/test98_3.mtx 3 9315.39 4.36439e-05 0.000694444 
/home/antonkov/masterWork/tests/samePrefixMarkedMtx/depth2/node2/test98_3.mtx 3.1 0 -1 -1 
/home/antonkov/masterWork/tests/samePrefixMarkedMtx/depth2/node2/test98_3.mtx 3.2 0 -1 -1 
/home/antonkov/masterWork/tests/samePrefixMarkedMtx/depth2/node2/test98_3.mtx 3.3 0 -1 -1 
/home/antonkov/masterWork/tests/samePrefixMarkedMtx/depth2/node2/test98_3.mtx 3.4 0 -1 -1 
/home/antonkov/masterWork/tests/samePrefixMarkedMtx/depth2/node2/test98_3.mtx 3.5 0 -1 -1 
/home/antonkov/masterWork/tests/samePrefixMarkedMtx/depth2/node2/test98_4.mtx 1 126.124 0.0861111 0.84 
/home/antonkov/masterWork/tests/samePrefixMarkedMtx/depth2/node2/test98_4.mtx 1.1 118.842 0.0776389 0.795 
/home/antonkov/masterWork/tests/samePrefixMarkedMtx/depth2/node2/test98_4.mtx 1.2 111.297 0.066901 0.705 
/home/antonkov/masterWork/tests/samePrefixMarkedMtx/depth2/node2/test98_4.mtx 1.3 103.304 0.0590278 0.64 
/home/antonkov/masterWork/tests/samePrefixMarkedMtx/depth2/node2/test98_4.mtx 1.4 100.653 0.0467622 0.525 
/home/antonkov/masterWork/tests/samePrefixMarkedMtx/depth2/node2/test98_4.mtx 1.5 127.815 0.038397 0.433333 
/home/antonkov/masterWork/tests/samePrefixMarkedMtx/depth2/node2/test98_4.mtx 1.6 117.544 0.0293519 0.34 
/home/antonkov/masterWork/tests/samePrefixMarkedMtx/depth2/node2/test98_4.mtx 1.7 155.331 0.0205451 0.244 
/home/antonkov/masterWork/tests/samePrefixMarkedMtx/depth2/node2/test98_4.mtx 1.8 162.761 0.0170399 0.198333 
/home/antonkov/masterWork/tests/samePrefixMarkedMtx/depth2/node2/test98_4.mtx 1.9 187.204 0.0107227 0.1275 
/home/antonkov/masterWork/tests/samePrefixMarkedMtx/depth2/node2/test98_4.mtx 2 235.86 0.00808712 0.0990909 
/home/antonkov/masterWork/tests/samePrefixMarkedMtx/depth2/node2/test98_4.mtx 2.1 283.01 0.00519213 0.0673333 
/home/antonkov/masterWork/tests/samePrefixMarkedMtx/depth2/node2/test98_4.mtx 2.2 406.569 0.00331597 0.0441667 
/home/antonkov/masterWork/tests/samePrefixMarkedMtx/depth2/node2/test98_4.mtx 2.3 562.255 0.0020702 0.0278378 
/home/antonkov/masterWork/tests/samePrefixMarkedMtx/depth2/node2/test98_4.mtx 2.4 769.138 0.00134487 0.0183929 
/home/antonkov/masterWork/tests/samePrefixMarkedMtx/depth2/node2/test98_4.mtx 2.5 1072.73 0.000803293 0.011236 
/home/antonkov/masterWork/tests/samePrefixMarkedMtx/depth2/node2/test98_4.mtx 2.6 1534.39 0.000468155 0.00684932 
/home/antonkov/masterWork/tests/samePrefixMarkedMtx/depth2/node2/test98_4.mtx 2.7 1973.46 0.000322999 0.0047619 
/home/antonkov/masterWork/tests/samePrefixMarkedMtx/depth2/node2/test98_4.mtx 2.8 3017.54 0.000188731 0.00274725 
/home/antonkov/masterWork/tests/samePrefixMarkedMtx/depth2/node2/test98_4.mtx 2.9 5636.45 8.22586e-05 0.00125313 
/home/antonkov/masterWork/tests/samePrefixMarkedMtx/depth2/node2/test98_4.mtx 3 10421.7 3.92503e-05 0.000600962 
/home/antonkov/masterWork/tests/samePrefixMarkedMtx/depth2/node2/test98_4.mtx 3.1 0 -1 -1 
/home/antonkov/masterWork/tests/samePrefixMarkedMtx/depth2/node2/test98_4.mtx 3.2 0 -1 -1 
/home/antonkov/masterWork/tests/samePrefixMarkedMtx/depth2/node2/test98_4.mtx 3.3 0 -1 -1 
/home/antonkov/masterWork/tests/samePrefixMarkedMtx/depth2/node2/test98_4.mtx 3.4 0 -1 -1 
/home/antonkov/masterWork/tests/samePrefixMarkedMtx/depth2/node2/test98_4.mtx 3.5 0 -1 -1 
/home/antonkov/masterWork/tests/samePrefixMarkedMtx/depth2/node2/test99_0.mtx 1 119.898 0.0837587 0.83 
/home/antonkov/masterWork/tests/samePrefixMarkedMtx/depth2/node2/test99_0.mtx 1.1 118.486 0.075842 0.78 
/home/antonkov/masterWork/tests/samePrefixMarkedMtx/depth2/node2/test99_0.mtx 1.2 109.283 0.0653993 0.68 
/home/antonkov/masterWork/tests/samePrefixMarkedMtx/depth2/node2/test99_0.mtx 1.3 98.7184 0.0521441 0.56 
/home/antonkov/masterWork/tests/samePrefixMarkedMtx/depth2/node2/test99_0.mtx 1.4 125.686 0.0428877 0.463333 
/home/antonkov/masterWork/tests/samePrefixMarkedMtx/depth2/node2/test99_0.mtx 1.5 123.184 0.0358854 0.39 
/home/antonkov/masterWork/tests/samePrefixMarkedMtx/depth2/node2/test99_0.mtx 1.6 137.733 0.0297049 0.335 
/home/antonkov/masterWork/tests/samePrefixMarkedMtx/depth2/node2/test99_0.mtx 1.7 126.154 0.0229557 0.2575 
/home/antonkov/masterWork/tests/samePrefixMarkedMtx/depth2/node2/test99_0.mtx 1.8 159.729 0.0173553 0.191667 
/home/antonkov/masterWork/tests/samePrefixMarkedMtx/depth2/node2/test99_0.mtx 1.9 169.483 0.0126736 0.147143 
/home/antonkov/masterWork/tests/samePrefixMarkedMtx/depth2/node2/test99_0.mtx 2 197.598 0.00997299 0.112222 
/home/antonkov/masterWork/tests/samePrefixMarkedMtx/depth2/node2/test99_0.mtx 2.1 257.62 0.00703793 0.0853846 
/home/antonkov/masterWork/tests/samePrefixMarkedMtx/depth2/node2/test99_0.mtx 2.2 325.498 0.00430738 0.0536842 
/home/antonkov/masterWork/tests/samePrefixMarkedMtx/depth2/node2/test99_0.mtx 2.3 481.64 0.00247504 0.0315625 
/home/antonkov/masterWork/tests/samePrefixMarkedMtx/depth2/node2/test99_0.mtx 2.4 670.038 0.00142531 0.0198039 
/home/antonkov/masterWork/tests/samePrefixMarkedMtx/depth2/node2/test99_0.mtx 2.5 1067.49 0.000829182 0.0109783 
/home/antonkov/masterWork/tests/samePrefixMarkedMtx/depth2/node2/test99_0.mtx 2.6 1892.01 0.000381763 0.0052356 
/home/antonkov/masterWork/tests/samePrefixMarkedMtx/depth2/node2/test99_0.mtx 2.7 2698.42 0.00023244 0.00318471 
/home/antonkov/masterWork/tests/samePrefixMarkedMtx/depth2/node2/test99_0.mtx 2.8 4738.74 0.000103346 0.0015748 
/home/antonkov/masterWork/tests/samePrefixMarkedMtx/depth2/node2/test99_0.mtx 2.9 7418.05 5.77668e-05 0.000894454 
/home/antonkov/masterWork/tests/samePrefixMarkedMtx/depth2/node2/test99_0.mtx 3 0 -1 -1 
/home/antonkov/masterWork/tests/samePrefixMarkedMtx/depth2/node2/test99_0.mtx 3.1 0 -1 -1 
/home/antonkov/masterWork/tests/samePrefixMarkedMtx/depth2/node2/test99_0.mtx 3.2 0 -1 -1 
/home/antonkov/masterWork/tests/samePrefixMarkedMtx/depth2/node2/test99_0.mtx 3.3 0 -1 -1 
/home/antonkov/masterWork/tests/samePrefixMarkedMtx/depth2/node2/test99_0.mtx 3.4 0 -1 -1 
/home/antonkov/masterWork/tests/samePrefixMarkedMtx/depth2/node2/test99_0.mtx 3.5 0 -1 -1 
/home/antonkov/masterWork/tests/samePrefixMarkedMtx/depth2/node2/test99_1.mtx 1 122.413 0.0865451 0.86 
/home/antonkov/masterWork/tests/samePrefixMarkedMtx/depth2/node2/test99_1.mtx 1.1 116.312 0.0771962 0.785 
/home/antonkov/masterWork/tests/samePrefixMarkedMtx/depth2/node2/test99_1.mtx 1.2 113.348 0.067309 0.715 
/home/antonkov/masterWork/tests/samePrefixMarkedMtx/depth2/node2/test99_1.mtx 1.3 99.9079 0.0560503 0.6 
/home/antonkov/masterWork/tests/samePrefixMarkedMtx/depth2/node2/test99_1.mtx 1.4 96.1947 0.0471875 0.53 
/home/antonkov/masterWork/tests/samePrefixMarkedMtx/depth2/node2/test99_1.mtx 1.5 122.258 0.0365856 0.42 
/home/antonkov/masterWork/tests/samePrefixMarkedMtx/depth2/node2/test99_1.mtx 1.6 134.141 0.0274349 0.3075 
/home/antonkov/masterWork/tests/samePrefixMarkedMtx/depth2/node2/test99_1.mtx 1.7 154.269 0.0223437 0.256 
/home/antonkov/masterWork/tests/samePrefixMarkedMtx/depth2/node2/test99_1.mtx 1.8 162.831 0.0178212 0.208333 
/home/antonkov/masterWork/tests/samePrefixMarkedMtx/depth2/node2/test99_1.mtx 1.9 168.883 0.0130432 0.154286 
/home/antonkov/masterWork/tests/samePrefixMarkedMtx/depth2/node2/test99_1.mtx 2 201.436 0.0105054 0.122222 
/home/antonkov/masterWork/tests/samePrefixMarkedMtx/depth2/node2/test99_1.mtx 2.1 241.99 0.00687645 0.0841667 
/home/antonkov/masterWork/tests/samePrefixMarkedMtx/depth2/node2/test99_1.mtx 2.2 343.039 0.00391753 0.051 
/home/antonkov/masterWork/tests/samePrefixMarkedMtx/depth2/node2/test99_1.mtx 2.3 556.458 0.00211303 0.0263158 
/home/antonkov/masterWork/tests/samePrefixMarkedMtx/depth2/node2/test99_1.mtx 2.4 794.087 0.00120197 0.0166667 
/home/antonkov/masterWork/tests/samePrefixMarkedMtx/depth2/node2/test99_1.mtx 2.5 1101.35 0.000834795 0.0105263 
/home/antonkov/masterWork/tests/samePrefixMarkedMtx/depth2/node2/test99_1.mtx 2.6 1537.73 0.000497763 0.00671141 
/home/antonkov/masterWork/tests/samePrefixMarkedMtx/depth2/node2/test99_1.mtx 2.7 2268.39 0.000268822 0.00400794 
/home/antonkov/masterWork/tests/samePrefixMarkedMtx/depth2/node2/test99_1.mtx 2.8 3558.88 0.000148859 0.00223947 
/home/antonkov/masterWork/tests/samePrefixMarkedMtx/depth2/node2/test99_1.mtx 2.9 6634.22 6.7308e-05 0.00103413 
/home/antonkov/masterWork/tests/samePrefixMarkedMtx/depth2/node2/test99_1.mtx 3 10342.1 3.33916e-05 0.0006035 
/home/antonkov/masterWork/tests/samePrefixMarkedMtx/depth2/node2/test99_1.mtx 3.1 0 -1 -1 
/home/antonkov/masterWork/tests/samePrefixMarkedMtx/depth2/node2/test99_1.mtx 3.2 0 -1 -1 
/home/antonkov/masterWork/tests/samePrefixMarkedMtx/depth2/node2/test99_1.mtx 3.3 0 -1 -1 
/home/antonkov/masterWork/tests/samePrefixMarkedMtx/depth2/node2/test99_1.mtx 3.4 0 -1 -1 
/home/antonkov/masterWork/tests/samePrefixMarkedMtx/depth2/node2/test99_1.mtx 3.5 0 -1 -1 
/home/antonkov/masterWork/tests/samePrefixMarkedMtx/depth2/node2/test99_2.mtx 1 121.21 0.0817708 0.815 
/home/antonkov/masterWork/tests/samePrefixMarkedMtx/depth2/node2/test99_2.mtx 1.1 112.004 0.0717969 0.73 
/home/antonkov/masterWork/tests/samePrefixMarkedMtx/depth2/node2/test99_2.mtx 1.2 106.302 0.0626302 0.66 
/home/antonkov/masterWork/tests/samePrefixMarkedMtx/depth2/node2/test99_2.mtx 1.3 99.3297 0.0520312 0.575 
/home/antonkov/masterWork/tests/samePrefixMarkedMtx/depth2/node2/test99_2.mtx 1.4 127.51 0.0430671 0.48 
/home/antonkov/masterWork/tests/samePrefixMarkedMtx/depth2/node2/test99_2.mtx 1.5 122.3 0.0351562 0.39 
/home/antonkov/masterWork/tests/samePrefixMarkedMtx/depth2/node2/test99_2.mtx 1.6 135.048 0.025829 0.295 
/home/antonkov/masterWork/tests/samePrefixMarkedMtx/depth2/node2/test99_2.mtx 1.7 147.149 0.0192917 0.222 
/home/antonkov/masterWork/tests/samePrefixMarkedMtx/depth2/node2/test99_2.mtx 1.8 157.986 0.0145052 0.175 
/home/antonkov/masterWork/tests/samePrefixMarkedMtx/depth2/node2/test99_2.mtx 1.9 205.847 0.0109433 0.133333 
/home/antonkov/masterWork/tests/samePrefixMarkedMtx/depth2/node2/test99_2.mtx 2 245.24 0.0076577 0.0933333 
/home/antonkov/masterWork/tests/samePrefixMarkedMtx/depth2/node2/test99_2.mtx 2.1 269.906 0.00565509 0.07 
/home/antonkov/masterWork/tests/samePrefixMarkedMtx/depth2/node2/test99_2.mtx 2.2 357.838 0.00360085 0.0459091 
/home/antonkov/masterWork/tests/samePrefixMarkedMtx/depth2/node2/test99_2.mtx 2.3 545.014 0.00207629 0.0278378 
/home/antonkov/masterWork/tests/samePrefixMarkedMtx/depth2/node2/test99_2.mtx 2.4 819.568 0.00117916 0.0162903 
/home/antonkov/masterWork/tests/samePrefixMarkedMtx/depth2/node2/test99_2.mtx 2.5 1228.3 0.000703693 0.00934579 
/home/antonkov/masterWork/tests/samePrefixMarkedMtx/depth2/node2/test99_2.mtx 2.6 1729.51 0.000403749 0.0060119 
/home/antonkov/masterWork/tests/samePrefixMarkedMtx/depth2/node2/test99_2.mtx 2.7 2419.5 0.000258166 0.0037037 
/home/antonkov/masterWork/tests/samePrefixMarkedMtx/depth2/node2/test99_2.mtx 2.8 3998.11 0.000132853 0.00195312 
/home/antonkov/masterWork/tests/samePrefixMarkedMtx/depth2/node2/test99_2.mtx 2.9 5802.71 7.80323e-05 0.00118624 
/home/antonkov/masterWork/tests/samePrefixMarkedMtx/depth2/node2/test99_2.mtx 3 11486.6 3.22775e-05 0.000529381 
/home/antonkov/masterWork/tests/samePrefixMarkedMtx/depth2/node2/test99_2.mtx 3.1 0 -1 -1 
/home/antonkov/masterWork/tests/samePrefixMarkedMtx/depth2/node2/test99_2.mtx 3.2 0 -1 -1 
/home/antonkov/masterWork/tests/samePrefixMarkedMtx/depth2/node2/test99_2.mtx 3.3 0 -1 -1 
/home/antonkov/masterWork/tests/samePrefixMarkedMtx/depth2/node2/test99_2.mtx 3.4 0 -1 -1 
/home/antonkov/masterWork/tests/samePrefixMarkedMtx/depth2/node2/test99_2.mtx 3.5 0 -1 -1 
/home/antonkov/masterWork/tests/samePrefixMarkedMtx/depth2/node2/test99_3.mtx 1 118.265 0.0869705 0.855 
/home/antonkov/masterWork/tests/samePrefixMarkedMtx/depth2/node2/test99_3.mtx 1.1 117.365 0.07625 0.755 
/home/antonkov/masterWork/tests/samePrefixMarkedMtx/depth2/node2/test99_3.mtx 1.2 103.693 0.0683941 0.7 
/home/antonkov/masterWork/tests/samePrefixMarkedMtx/depth2/node2/test99_3.mtx 1.3 99.7781 0.0580382 0.615 
/home/antonkov/masterWork/tests/samePrefixMarkedMtx/depth2/node2/test99_3.mtx 1.4 95.0205 0.0473437 0.515 
/home/antonkov/masterWork/tests/samePrefixMarkedMtx/depth2/node2/test99_3.mtx 1.5 122.995 0.035787 0.4 
/home/antonkov/masterWork/tests/samePrefixMarkedMtx/depth2/node2/test99_3.mtx 1.6 113.758 0.0291377 0.346667 
/home/antonkov/masterWork/tests/samePrefixMarkedMtx/depth2/node2/test99_3.mtx 1.7 126.247 0.0210503 0.25 
/home/antonkov/masterWork/tests/samePrefixMarkedMtx/depth2/node2/test99_3.mtx 1.8 160.527 0.0152199 0.185 
/home/antonkov/masterWork/tests/samePrefixMarkedMtx/depth2/node2/test99_3.mtx 1.9 188.958 0.0110113 0.135 
/home/antonkov/masterWork/tests/samePrefixMarkedMtx/depth2/node2/test99_3.mtx 2 226.033 0.00775253 0.0918182 
/home/antonkov/masterWork/tests/samePrefixMarkedMtx/depth2/node2/test99_3.mtx 2.1 294.487 0.00518989 0.06375 
/home/antonkov/masterWork/tests/samePrefixMarkedMtx/depth2/node2/test99_3.mtx 2.2 346.236 0.0037996 0.0495238 
/home/antonkov/masterWork/tests/samePrefixMarkedMtx/depth2/node2/test99_3.mtx 2.3 523.626 0.00206356 0.0283333 
/home/antonkov/masterWork/tests/samePrefixMarkedMtx/depth2/node2/test99_3.mtx 2.4 695.845 0.00137448 0.0192453 
/home/antonkov/masterWork/tests/samePrefixMarkedMtx/depth2/node2/test99_3.mtx 2.5 899.04 0.000905449 0.0129487 
/home/antonkov/masterWork/tests/samePrefixMarkedMtx/depth2/node2/test99_3.mtx 2.6 1491.94 0.000479214 0.00684932 
/home/antonkov/masterWork/tests/samePrefixMarkedMtx/depth2/node2/test99_3.mtx 2.7 2230.87 0.000286493 0.00398406 
/home/antonkov/masterWork/tests/samePrefixMarkedMtx/depth2/node2/test99_3.mtx 2.8 3859.4 0.000129559 0.0020202 
/home/antonkov/masterWork/tests/samePrefixMarkedMtx/depth2/node2/test99_3.mtx 2.9 6952.21 6.612e-05 0.000967118 
/home/antonkov/masterWork/tests/samePrefixMarkedMtx/depth2/node2/test99_3.mtx 3 0 -1 -1 
/home/antonkov/masterWork/tests/samePrefixMarkedMtx/depth2/node2/test99_3.mtx 3.1 0 -1 -1 
/home/antonkov/masterWork/tests/samePrefixMarkedMtx/depth2/node2/test99_3.mtx 3.2 0 -1 -1 
/home/antonkov/masterWork/tests/samePrefixMarkedMtx/depth2/node2/test99_3.mtx 3.3 0 -1 -1 
/home/antonkov/masterWork/tests/samePrefixMarkedMtx/depth2/node2/test99_3.mtx 3.4 0 -1 -1 
/home/antonkov/masterWork/tests/samePrefixMarkedMtx/depth2/node2/test99_3.mtx 3.5 0 -1 -1 
/home/antonkov/masterWork/tests/samePrefixMarkedMtx/depth2/node2/test99_4.mtx 1 115.553 0.0807552 0.785 
/home/antonkov/masterWork/tests/samePrefixMarkedMtx/depth2/node2/test99_4.mtx 1.1 112.324 0.0729861 0.735 
/home/antonkov/masterWork/tests/samePrefixMarkedMtx/depth2/node2/test99_4.mtx 1.2 106.351 0.0646962 0.675 
/home/antonkov/masterWork/tests/samePrefixMarkedMtx/depth2/node2/test99_4.mtx 1.3 100.066 0.0543663 0.58 
/home/antonkov/masterWork/tests/samePrefixMarkedMtx/depth2/node2/test99_4.mtx 1.4 127.365 0.0438947 0.48 
/home/antonkov/masterWork/tests/samePrefixMarkedMtx/depth2/node2/test99_4.mtx 1.5 117.037 0.036956 0.406667 
/home/antonkov/masterWork/tests/samePrefixMarkedMtx/depth2/node2/test99_4.mtx 1.6 139.499 0.0281597 0.3225 
/home/antonkov/masterWork/tests/samePrefixMarkedMtx/depth2/node2/test99_4.mtx 1.7 129.418 0.0221832 0.2525 
/home/antonkov/masterWork/tests/samePrefixMarkedMtx/depth2/node2/test99_4.mtx 1.8 162.244 0.018099 0.208333 
/home/antonkov/masterWork/tests/samePrefixMarkedMtx/depth2/node2/test99_4.mtx 1.9 167.644 0.0132341 0.158571 
/home/antonkov/masterWork/tests/samePrefixMarkedMtx/depth2/node2/test99_4.mtx 2 224.292 0.00868924 0.107 
/home/antonkov/masterWork/tests/samePrefixMarkedMtx/depth2/node2/test99_4.mtx 2.1 268.947 0.00579117 0.0735714 
/home/antonkov/masterWork/tests/samePrefixMarkedMtx/depth2/node2/test99_4.mtx 2.2 380.289 0.00354091 0.0452174 
/home/antonkov/masterWork/tests/samePrefixMarkedMtx/depth2/node2/test99_4.mtx 2.3 545.709 0.00198374 0.0263158 
/home/antonkov/masterWork/tests/samePrefixMarkedMtx/depth2/node2/test99_4.mtx 2.4 728.501 0.00142708 0.0189091 
/home/antonkov/masterWork/tests/samePrefixMarkedMtx/depth2/node2/test99_4.mtx 2.5 926.966 0.000966289 0.0131646 
/home/antonkov/masterWork/tests/samePrefixMarkedMtx/depth2/node2/test99_4.mtx 2.6 1395.81 0.000553206 0.0075188 
/home/antonkov/masterWork/tests/samePrefixMarkedMtx/depth2/node2/test99_4.mtx 2.7 2205.69 0.000277563 0.00411523 
/home/antonkov/masterWork/tests/samePrefixMarkedMtx/depth2/node2/test99_4.mtx 2.8 3322.82 0.00016194 0.00239234 
/home/antonkov/masterWork/tests/samePrefixMarkedMtx/depth2/node2/test99_4.mtx 2.9 6090.96 7.85374e-05 0.00113122 
/home/antonkov/masterWork/tests/samePrefixMarkedMtx/depth2/node2/test99_4.mtx 3 9572.92 4.26319e-05 0.000643501 
/home/antonkov/masterWork/tests/samePrefixMarkedMtx/depth2/node2/test99_4.mtx 3.1 0 -1 -1 
/home/antonkov/masterWork/tests/samePrefixMarkedMtx/depth2/node2/test99_4.mtx 3.2 0 -1 -1 
/home/antonkov/masterWork/tests/samePrefixMarkedMtx/depth2/node2/test99_4.mtx 3.3 0 -1 -1 
/home/antonkov/masterWork/tests/samePrefixMarkedMtx/depth2/node2/test99_4.mtx 3.4 0 -1 -1 
/home/antonkov/masterWork/tests/samePrefixMarkedMtx/depth2/node2/test99_4.mtx 3.5 0 -1 -1 
