Results
Filename SNR Time(ms) BER FER
/home/antonkov/masterWork/tests/samePrefixMarkedMtx/depth2/node4/test0_0.mtx 1 137.908 0.0847222 0.82 
/home/antonkov/masterWork/tests/samePrefixMarkedMtx/depth2/node4/test0_0.mtx 1.1 119.585 0.0750781 0.745 
/home/antonkov/masterWork/tests/samePrefixMarkedMtx/depth2/node4/test0_0.mtx 1.2 108.026 0.0653559 0.675 
/home/antonkov/masterWork/tests/samePrefixMarkedMtx/depth2/node4/test0_0.mtx 1.3 98.4228 0.0584375 0.605 
/home/antonkov/masterWork/tests/samePrefixMarkedMtx/depth2/node4/test0_0.mtx 1.4 95.0873 0.0489844 0.53 
/home/antonkov/masterWork/tests/samePrefixMarkedMtx/depth2/node4/test0_0.mtx 1.5 120.386 0.0411574 0.47 
/home/antonkov/masterWork/tests/samePrefixMarkedMtx/depth2/node4/test0_0.mtx 1.6 114.306 0.0331019 0.376667 
/home/antonkov/masterWork/tests/samePrefixMarkedMtx/depth2/node4/test0_0.mtx 1.7 121.979 0.0232726 0.27 
/home/antonkov/masterWork/tests/samePrefixMarkedMtx/depth2/node4/test0_0.mtx 1.8 160.908 0.0181713 0.211667 
/home/antonkov/masterWork/tests/samePrefixMarkedMtx/depth2/node4/test0_0.mtx 1.9 165.298 0.012433 0.145714 
/home/antonkov/masterWork/tests/samePrefixMarkedMtx/depth2/node4/test0_0.mtx 2 191.118 0.00933449 0.115556 
/home/antonkov/masterWork/tests/samePrefixMarkedMtx/depth2/node4/test0_0.mtx 2.1 231.453 0.00639423 0.0815385 
/home/antonkov/masterWork/tests/samePrefixMarkedMtx/depth2/node4/test0_0.mtx 2.2 322.606 0.00391059 0.05 
/home/antonkov/masterWork/tests/samePrefixMarkedMtx/depth2/node4/test0_0.mtx 2.3 437.561 0.00249016 0.0336667 
/home/antonkov/masterWork/tests/samePrefixMarkedMtx/depth2/node4/test0_0.mtx 2.4 611.993 0.00151111 0.0204 
/home/antonkov/masterWork/tests/samePrefixMarkedMtx/depth2/node4/test0_0.mtx 2.5 907.049 0.000865336 0.0120482 
/home/antonkov/masterWork/tests/samePrefixMarkedMtx/depth2/node4/test0_0.mtx 2.6 1388.17 0.000488355 0.00680272 
/home/antonkov/masterWork/tests/samePrefixMarkedMtx/depth2/node4/test0_0.mtx 2.7 2238.65 0.000264015 0.00363636 
/home/antonkov/masterWork/tests/samePrefixMarkedMtx/depth2/node4/test0_0.mtx 2.8 3303.49 0.000153195 0.00214592 
/home/antonkov/masterWork/tests/samePrefixMarkedMtx/depth2/node4/test0_0.mtx 2.9 5876.47 7.10547e-05 0.0010661 
/home/antonkov/masterWork/tests/samePrefixMarkedMtx/depth2/node4/test0_0.mtx 3 11513.8 3.04094e-05 0.000486145 
/home/antonkov/masterWork/tests/samePrefixMarkedMtx/depth2/node4/test0_0.mtx 3.1 0 -1 -1 
/home/antonkov/masterWork/tests/samePrefixMarkedMtx/depth2/node4/test0_0.mtx 3.2 0 -1 -1 
/home/antonkov/masterWork/tests/samePrefixMarkedMtx/depth2/node4/test0_0.mtx 3.3 0 -1 -1 
/home/antonkov/masterWork/tests/samePrefixMarkedMtx/depth2/node4/test0_0.mtx 3.4 0 -1 -1 
/home/antonkov/masterWork/tests/samePrefixMarkedMtx/depth2/node4/test0_0.mtx 3.5 0 -1 -1 
/home/antonkov/masterWork/tests/samePrefixMarkedMtx/depth2/node4/test0_1.mtx 1 119.3 0.080191 0.815 
/home/antonkov/masterWork/tests/samePrefixMarkedMtx/depth2/node4/test0_1.mtx 1.1 107.493 0.0717361 0.74 
/home/antonkov/masterWork/tests/samePrefixMarkedMtx/depth2/node4/test0_1.mtx 1.2 102.039 0.0638715 0.675 
/home/antonkov/masterWork/tests/samePrefixMarkedMtx/depth2/node4/test0_1.mtx 1.3 95.6106 0.0575868 0.635 
/home/antonkov/masterWork/tests/samePrefixMarkedMtx/depth2/node4/test0_1.mtx 1.4 93.5139 0.0470747 0.525 
/home/antonkov/masterWork/tests/samePrefixMarkedMtx/depth2/node4/test0_1.mtx 1.5 121.712 0.0400116 0.46 
/home/antonkov/masterWork/tests/samePrefixMarkedMtx/depth2/node4/test0_1.mtx 1.6 116.601 0.031684 0.37 
/home/antonkov/masterWork/tests/samePrefixMarkedMtx/depth2/node4/test0_1.mtx 1.7 131.224 0.0230469 0.2675 
/home/antonkov/masterWork/tests/samePrefixMarkedMtx/depth2/node4/test0_1.mtx 1.8 133.581 0.0167257 0.204 
/home/antonkov/masterWork/tests/samePrefixMarkedMtx/depth2/node4/test0_1.mtx 1.9 178.396 0.0116797 0.13875 
/home/antonkov/masterWork/tests/samePrefixMarkedMtx/depth2/node4/test0_1.mtx 2 198.629 0.00813368 0.101 
/home/antonkov/masterWork/tests/samePrefixMarkedMtx/depth2/node4/test0_1.mtx 2.1 276.417 0.00498589 0.063125 
/home/antonkov/masterWork/tests/samePrefixMarkedMtx/depth2/node4/test0_1.mtx 2.2 392.47 0.00288194 0.0384615 
/home/antonkov/masterWork/tests/samePrefixMarkedMtx/depth2/node4/test0_1.mtx 2.3 485.792 0.00212153 0.0291429 
/home/antonkov/masterWork/tests/samePrefixMarkedMtx/depth2/node4/test0_1.mtx 2.4 641.286 0.0015128 0.0201961 
/home/antonkov/masterWork/tests/samePrefixMarkedMtx/depth2/node4/test0_1.mtx 2.5 839.431 0.00098912 0.0134667 
/home/antonkov/masterWork/tests/samePrefixMarkedMtx/depth2/node4/test0_1.mtx 2.6 1365.02 0.000485629 0.00694444 
/home/antonkov/masterWork/tests/samePrefixMarkedMtx/depth2/node4/test0_1.mtx 2.7 1907.19 0.000295526 0.00446429 
/home/antonkov/masterWork/tests/samePrefixMarkedMtx/depth2/node4/test0_1.mtx 2.8 3336.21 0.000144169 0.00221007 
/home/antonkov/masterWork/tests/samePrefixMarkedMtx/depth2/node4/test0_1.mtx 2.9 4910.68 8.57897e-05 0.00132979 
/home/antonkov/masterWork/tests/samePrefixMarkedMtx/depth2/node4/test0_1.mtx 3 9072.52 4.14466e-05 0.000646607 
/home/antonkov/masterWork/tests/samePrefixMarkedMtx/depth2/node4/test0_1.mtx 3.1 0 -1 -1 
/home/antonkov/masterWork/tests/samePrefixMarkedMtx/depth2/node4/test0_1.mtx 3.2 0 -1 -1 
/home/antonkov/masterWork/tests/samePrefixMarkedMtx/depth2/node4/test0_1.mtx 3.3 0 -1 -1 
/home/antonkov/masterWork/tests/samePrefixMarkedMtx/depth2/node4/test0_1.mtx 3.4 0 -1 -1 
/home/antonkov/masterWork/tests/samePrefixMarkedMtx/depth2/node4/test0_1.mtx 3.5 0 -1 -1 
/home/antonkov/masterWork/tests/samePrefixMarkedMtx/depth2/node4/test0_2.mtx 1 116.995 0.0876649 0.845 
/home/antonkov/masterWork/tests/samePrefixMarkedMtx/depth2/node4/test0_2.mtx 1.1 113.372 0.0786806 0.785 
/home/antonkov/masterWork/tests/samePrefixMarkedMtx/depth2/node4/test0_2.mtx 1.2 107.645 0.0689757 0.705 
/home/antonkov/masterWork/tests/samePrefixMarkedMtx/depth2/node4/test0_2.mtx 1.3 98.5907 0.0602865 0.635 
/home/antonkov/masterWork/tests/samePrefixMarkedMtx/depth2/node4/test0_2.mtx 1.4 94.5555 0.0527257 0.58 
/home/antonkov/masterWork/tests/samePrefixMarkedMtx/depth2/node4/test0_2.mtx 1.5 119.115 0.0394097 0.443333 
/home/antonkov/masterWork/tests/samePrefixMarkedMtx/depth2/node4/test0_2.mtx 1.6 111.706 0.0301736 0.34 
/home/antonkov/masterWork/tests/samePrefixMarkedMtx/depth2/node4/test0_2.mtx 1.7 128.962 0.0243056 0.2825 
/home/antonkov/masterWork/tests/samePrefixMarkedMtx/depth2/node4/test0_2.mtx 1.8 137.123 0.0166319 0.204 
/home/antonkov/masterWork/tests/samePrefixMarkedMtx/depth2/node4/test0_2.mtx 1.9 164.391 0.0119345 0.15 
/home/antonkov/masterWork/tests/samePrefixMarkedMtx/depth2/node4/test0_2.mtx 2 209.434 0.00888021 0.109 
/home/antonkov/masterWork/tests/samePrefixMarkedMtx/depth2/node4/test0_2.mtx 2.1 259.998 0.00576885 0.0764286 
/home/antonkov/masterWork/tests/samePrefixMarkedMtx/depth2/node4/test0_2.mtx 2.2 304.68 0.00409814 0.0542105 
/home/antonkov/masterWork/tests/samePrefixMarkedMtx/depth2/node4/test0_2.mtx 2.3 450.352 0.00252072 0.0322581 
/home/antonkov/masterWork/tests/samePrefixMarkedMtx/depth2/node4/test0_2.mtx 2.4 611.38 0.00158746 0.02125 
/home/antonkov/masterWork/tests/samePrefixMarkedMtx/depth2/node4/test0_2.mtx 2.5 786.816 0.00106104 0.0146377 
/home/antonkov/masterWork/tests/samePrefixMarkedMtx/depth2/node4/test0_2.mtx 2.6 1425.29 0.000498683 0.00689655 
/home/antonkov/masterWork/tests/samePrefixMarkedMtx/depth2/node4/test0_2.mtx 2.7 1899.37 0.000301786 0.00454955 
/home/antonkov/masterWork/tests/samePrefixMarkedMtx/depth2/node4/test0_2.mtx 2.8 2918.89 0.000165265 0.00257069 
/home/antonkov/masterWork/tests/samePrefixMarkedMtx/depth2/node4/test0_2.mtx 2.9 5257.88 8.1208e-05 0.00125945 
/home/antonkov/masterWork/tests/samePrefixMarkedMtx/depth2/node4/test0_2.mtx 3 9026.02 4.37057e-05 0.000658328 
/home/antonkov/masterWork/tests/samePrefixMarkedMtx/depth2/node4/test0_2.mtx 3.1 0 -1 -1 
/home/antonkov/masterWork/tests/samePrefixMarkedMtx/depth2/node4/test0_2.mtx 3.2 0 -1 -1 
/home/antonkov/masterWork/tests/samePrefixMarkedMtx/depth2/node4/test0_2.mtx 3.3 0 -1 -1 
/home/antonkov/masterWork/tests/samePrefixMarkedMtx/depth2/node4/test0_2.mtx 3.4 0 -1 -1 
/home/antonkov/masterWork/tests/samePrefixMarkedMtx/depth2/node4/test0_2.mtx 3.5 0 -1 -1 
/home/antonkov/masterWork/tests/samePrefixMarkedMtx/depth2/node4/test0_3.mtx 1 118.196 0.0830208 0.835 
/home/antonkov/masterWork/tests/samePrefixMarkedMtx/depth2/node4/test0_3.mtx 1.1 110.823 0.075651 0.78 
/home/antonkov/masterWork/tests/samePrefixMarkedMtx/depth2/node4/test0_3.mtx 1.2 107.927 0.068776 0.72 
/home/antonkov/masterWork/tests/samePrefixMarkedMtx/depth2/node4/test0_3.mtx 1.3 100.511 0.0571788 0.635 
/home/antonkov/masterWork/tests/samePrefixMarkedMtx/depth2/node4/test0_3.mtx 1.4 93.9312 0.0469097 0.53 
/home/antonkov/masterWork/tests/samePrefixMarkedMtx/depth2/node4/test0_3.mtx 1.5 123.583 0.0366146 0.436667 
/home/antonkov/masterWork/tests/samePrefixMarkedMtx/depth2/node4/test0_3.mtx 1.6 108.345 0.0302488 0.356667 
/home/antonkov/masterWork/tests/samePrefixMarkedMtx/depth2/node4/test0_3.mtx 1.7 123.489 0.0223003 0.26 
/home/antonkov/masterWork/tests/samePrefixMarkedMtx/depth2/node4/test0_3.mtx 1.8 135.94 0.017066 0.204 
/home/antonkov/masterWork/tests/samePrefixMarkedMtx/depth2/node4/test0_3.mtx 1.9 167.102 0.0130952 0.161429 
/home/antonkov/masterWork/tests/samePrefixMarkedMtx/depth2/node4/test0_3.mtx 2 188.411 0.00973765 0.124444 
/home/antonkov/masterWork/tests/samePrefixMarkedMtx/depth2/node4/test0_3.mtx 2.1 239.433 0.00718605 0.0941667 
/home/antonkov/masterWork/tests/samePrefixMarkedMtx/depth2/node4/test0_3.mtx 2.2 295.61 0.00425251 0.0561111 
/home/antonkov/masterWork/tests/samePrefixMarkedMtx/depth2/node4/test0_3.mtx 2.3 381.926 0.00273972 0.0384615 
/home/antonkov/masterWork/tests/samePrefixMarkedMtx/depth2/node4/test0_3.mtx 2.4 586.125 0.00166435 0.0226667 
/home/antonkov/masterWork/tests/samePrefixMarkedMtx/depth2/node4/test0_3.mtx 2.5 856.601 0.000962838 0.0137838 
/home/antonkov/masterWork/tests/samePrefixMarkedMtx/depth2/node4/test0_3.mtx 2.6 1220.49 0.000572338 0.00833333 
/home/antonkov/masterWork/tests/samePrefixMarkedMtx/depth2/node4/test0_3.mtx 2.7 1932.82 0.000298141 0.0046729 
/home/antonkov/masterWork/tests/samePrefixMarkedMtx/depth2/node4/test0_3.mtx 2.8 2375.03 0.000223576 0.00338983 
/home/antonkov/masterWork/tests/samePrefixMarkedMtx/depth2/node4/test0_3.mtx 2.9 3362.34 0.000139185 0.0021322 
/home/antonkov/masterWork/tests/samePrefixMarkedMtx/depth2/node4/test0_3.mtx 3 6044.15 6.1433e-05 0.00105597 
/home/antonkov/masterWork/tests/samePrefixMarkedMtx/depth2/node4/test0_3.mtx 3.1 12152.1 2.65356e-05 0.000466418 
/home/antonkov/masterWork/tests/samePrefixMarkedMtx/depth2/node4/test0_3.mtx 3.2 0 -1 -1 
/home/antonkov/masterWork/tests/samePrefixMarkedMtx/depth2/node4/test0_3.mtx 3.3 0 -1 -1 
/home/antonkov/masterWork/tests/samePrefixMarkedMtx/depth2/node4/test0_3.mtx 3.4 0 -1 -1 
/home/antonkov/masterWork/tests/samePrefixMarkedMtx/depth2/node4/test0_3.mtx 3.5 0 -1 -1 
/home/antonkov/masterWork/tests/samePrefixMarkedMtx/depth2/node4/test0_4.mtx 1 120.45 0.0835503 0.82 
/home/antonkov/masterWork/tests/samePrefixMarkedMtx/depth2/node4/test0_4.mtx 1.1 110.782 0.0737326 0.74 
/home/antonkov/masterWork/tests/samePrefixMarkedMtx/depth2/node4/test0_4.mtx 1.2 103.211 0.0626997 0.665 
/home/antonkov/masterWork/tests/samePrefixMarkedMtx/depth2/node4/test0_4.mtx 1.3 100.147 0.053941 0.585 
/home/antonkov/masterWork/tests/samePrefixMarkedMtx/depth2/node4/test0_4.mtx 1.4 92.2518 0.0467795 0.515 
/home/antonkov/masterWork/tests/samePrefixMarkedMtx/depth2/node4/test0_4.mtx 1.5 123.633 0.0381771 0.446667 
/home/antonkov/masterWork/tests/samePrefixMarkedMtx/depth2/node4/test0_4.mtx 1.6 113.828 0.0309086 0.366667 
/home/antonkov/masterWork/tests/samePrefixMarkedMtx/depth2/node4/test0_4.mtx 1.7 126.521 0.0232031 0.275 
/home/antonkov/masterWork/tests/samePrefixMarkedMtx/depth2/node4/test0_4.mtx 1.8 137.211 0.0162917 0.206 
/home/antonkov/masterWork/tests/samePrefixMarkedMtx/depth2/node4/test0_4.mtx 1.9 170.216 0.0129687 0.155714 
/home/antonkov/masterWork/tests/samePrefixMarkedMtx/depth2/node4/test0_4.mtx 2 170.946 0.0102257 0.13 
/home/antonkov/masterWork/tests/samePrefixMarkedMtx/depth2/node4/test0_4.mtx 2.1 197.268 0.0076059 0.103 
/home/antonkov/masterWork/tests/samePrefixMarkedMtx/depth2/node4/test0_4.mtx 2.2 284.383 0.00479492 0.0625 
/home/antonkov/masterWork/tests/samePrefixMarkedMtx/depth2/node4/test0_4.mtx 2.3 400.612 0.0027898 0.0403846 
/home/antonkov/masterWork/tests/samePrefixMarkedMtx/depth2/node4/test0_4.mtx 2.4 569.986 0.00159091 0.0229545 
/home/antonkov/masterWork/tests/samePrefixMarkedMtx/depth2/node4/test0_4.mtx 2.5 769.024 0.00102778 0.0153846 
/home/antonkov/masterWork/tests/samePrefixMarkedMtx/depth2/node4/test0_4.mtx 2.6 1101.62 0.000607639 0.00971154 
/home/antonkov/masterWork/tests/samePrefixMarkedMtx/depth2/node4/test0_4.mtx 2.7 1696.77 0.000298017 0.00534759 
/home/antonkov/masterWork/tests/samePrefixMarkedMtx/depth2/node4/test0_4.mtx 2.8 2354.02 0.000179398 0.00343643 
/home/antonkov/masterWork/tests/samePrefixMarkedMtx/depth2/node4/test0_4.mtx 2.9 3030.78 0.000104333 0.00239234 
/home/antonkov/masterWork/tests/samePrefixMarkedMtx/depth2/node4/test0_4.mtx 3 4524.41 5.54812e-05 0.00142857 
/home/antonkov/masterWork/tests/samePrefixMarkedMtx/depth2/node4/test0_4.mtx 3.1 6215.97 3.35747e-05 0.000944287 
/home/antonkov/masterWork/tests/samePrefixMarkedMtx/depth2/node4/test0_4.mtx 3.2 0 -1 -1 
/home/antonkov/masterWork/tests/samePrefixMarkedMtx/depth2/node4/test0_4.mtx 3.3 0 -1 -1 
/home/antonkov/masterWork/tests/samePrefixMarkedMtx/depth2/node4/test0_4.mtx 3.4 0 -1 -1 
/home/antonkov/masterWork/tests/samePrefixMarkedMtx/depth2/node4/test0_4.mtx 3.5 0 -1 -1 
/home/antonkov/masterWork/tests/samePrefixMarkedMtx/depth2/node4/test1_0.mtx 1 121.011 0.0798611 0.795 
/home/antonkov/masterWork/tests/samePrefixMarkedMtx/depth2/node4/test1_0.mtx 1.1 110.713 0.0710156 0.725 
/home/antonkov/masterWork/tests/samePrefixMarkedMtx/depth2/node4/test1_0.mtx 1.2 101.63 0.0607986 0.635 
/home/antonkov/masterWork/tests/samePrefixMarkedMtx/depth2/node4/test1_0.mtx 1.3 95.981 0.0509549 0.565 
/home/antonkov/masterWork/tests/samePrefixMarkedMtx/depth2/node4/test1_0.mtx 1.4 93.1123 0.0449392 0.515 
/home/antonkov/masterWork/tests/samePrefixMarkedMtx/depth2/node4/test1_0.mtx 1.5 120.215 0.0381944 0.436667 
/home/antonkov/masterWork/tests/samePrefixMarkedMtx/depth2/node4/test1_0.mtx 1.6 137.898 0.0283333 0.325 
/home/antonkov/masterWork/tests/samePrefixMarkedMtx/depth2/node4/test1_0.mtx 1.7 122.794 0.0227344 0.2625 
/home/antonkov/masterWork/tests/samePrefixMarkedMtx/depth2/node4/test1_0.mtx 1.8 139.888 0.0188264 0.224 
/home/antonkov/masterWork/tests/samePrefixMarkedMtx/depth2/node4/test1_0.mtx 1.9 155.32 0.0144155 0.176667 
/home/antonkov/masterWork/tests/samePrefixMarkedMtx/depth2/node4/test1_0.mtx 2 202.158 0.00961613 0.114444 
/home/antonkov/masterWork/tests/samePrefixMarkedMtx/depth2/node4/test1_0.mtx 2.1 239.886 0.00726707 0.0908333 
/home/antonkov/masterWork/tests/samePrefixMarkedMtx/depth2/node4/test1_0.mtx 2.2 328.357 0.00392448 0.0505 
/home/antonkov/masterWork/tests/samePrefixMarkedMtx/depth2/node4/test1_0.mtx 2.3 463.379 0.00253309 0.031875 
/home/antonkov/masterWork/tests/samePrefixMarkedMtx/depth2/node4/test1_0.mtx 2.4 712.187 0.00141667 0.0181818 
/home/antonkov/masterWork/tests/samePrefixMarkedMtx/depth2/node4/test1_0.mtx 2.5 1138.04 0.00076424 0.010101 
/home/antonkov/masterWork/tests/samePrefixMarkedMtx/depth2/node4/test1_0.mtx 2.6 1708.67 0.00040738 0.00581395 
/home/antonkov/masterWork/tests/samePrefixMarkedMtx/depth2/node4/test1_0.mtx 2.7 2643.3 0.000228664 0.00328947 
/home/antonkov/masterWork/tests/samePrefixMarkedMtx/depth2/node4/test1_0.mtx 2.8 3345.07 0.000161422 0.00233256 
/home/antonkov/masterWork/tests/samePrefixMarkedMtx/depth2/node4/test1_0.mtx 2.9 5817.08 7.91659e-05 0.00116414 
/home/antonkov/masterWork/tests/samePrefixMarkedMtx/depth2/node4/test1_0.mtx 3 11248.9 3.58671e-05 0.000540541 
/home/antonkov/masterWork/tests/samePrefixMarkedMtx/depth2/node4/test1_0.mtx 3.1 0 -1 -1 
/home/antonkov/masterWork/tests/samePrefixMarkedMtx/depth2/node4/test1_0.mtx 3.2 0 -1 -1 
/home/antonkov/masterWork/tests/samePrefixMarkedMtx/depth2/node4/test1_0.mtx 3.3 0 -1 -1 
/home/antonkov/masterWork/tests/samePrefixMarkedMtx/depth2/node4/test1_0.mtx 3.4 0 -1 -1 
/home/antonkov/masterWork/tests/samePrefixMarkedMtx/depth2/node4/test1_0.mtx 3.5 0 -1 -1 
/home/antonkov/masterWork/tests/samePrefixMarkedMtx/depth2/node4/test1_1.mtx 1 123.466 0.083941 0.815 
/home/antonkov/masterWork/tests/samePrefixMarkedMtx/depth2/node4/test1_1.mtx 1.1 112.346 0.0740972 0.74 
/home/antonkov/masterWork/tests/samePrefixMarkedMtx/depth2/node4/test1_1.mtx 1.2 104.255 0.0653212 0.675 
/home/antonkov/masterWork/tests/samePrefixMarkedMtx/depth2/node4/test1_1.mtx 1.3 98.387 0.0542448 0.57 
/home/antonkov/masterWork/tests/samePrefixMarkedMtx/depth2/node4/test1_1.mtx 1.4 129.177 0.0473322 0.516667 
/home/antonkov/masterWork/tests/samePrefixMarkedMtx/depth2/node4/test1_1.mtx 1.5 123.098 0.0387095 0.433333 
/home/antonkov/masterWork/tests/samePrefixMarkedMtx/depth2/node4/test1_1.mtx 1.6 111.266 0.0312153 0.363333 
/home/antonkov/masterWork/tests/samePrefixMarkedMtx/depth2/node4/test1_1.mtx 1.7 128.317 0.023316 0.27 
/home/antonkov/masterWork/tests/samePrefixMarkedMtx/depth2/node4/test1_1.mtx 1.8 137.741 0.0164375 0.204 
/home/antonkov/masterWork/tests/samePrefixMarkedMtx/depth2/node4/test1_1.mtx 1.9 189.886 0.0109049 0.135 
/home/antonkov/masterWork/tests/samePrefixMarkedMtx/depth2/node4/test1_1.mtx 2 189.959 0.00965278 0.116667 
/home/antonkov/masterWork/tests/samePrefixMarkedMtx/depth2/node4/test1_1.mtx 2.1 258.021 0.00634673 0.0778571 
/home/antonkov/masterWork/tests/samePrefixMarkedMtx/depth2/node4/test1_1.mtx 2.2 329.305 0.00423063 0.0526316 
/home/antonkov/masterWork/tests/samePrefixMarkedMtx/depth2/node4/test1_1.mtx 2.3 461.573 0.0025463 0.0333333 
/home/antonkov/masterWork/tests/samePrefixMarkedMtx/depth2/node4/test1_1.mtx 2.4 698.932 0.0014377 0.0188679 
/home/antonkov/masterWork/tests/samePrefixMarkedMtx/depth2/node4/test1_1.mtx 2.5 1075.27 0.000813896 0.0108696 
/home/antonkov/masterWork/tests/samePrefixMarkedMtx/depth2/node4/test1_1.mtx 2.6 1456.03 0.000465495 0.00694444 
/home/antonkov/masterWork/tests/samePrefixMarkedMtx/depth2/node4/test1_1.mtx 2.7 2551 0.000224035 0.00341297 
/home/antonkov/masterWork/tests/samePrefixMarkedMtx/depth2/node4/test1_1.mtx 2.8 3915.58 0.00012513 0.00197628 
/home/antonkov/masterWork/tests/samePrefixMarkedMtx/depth2/node4/test1_1.mtx 2.9 5960.9 7.35818e-05 0.00114025 
/home/antonkov/masterWork/tests/samePrefixMarkedMtx/depth2/node4/test1_1.mtx 3 9741 3.89644e-05 0.000628141 
/home/antonkov/masterWork/tests/samePrefixMarkedMtx/depth2/node4/test1_1.mtx 3.1 0 -1 -1 
/home/antonkov/masterWork/tests/samePrefixMarkedMtx/depth2/node4/test1_1.mtx 3.2 0 -1 -1 
/home/antonkov/masterWork/tests/samePrefixMarkedMtx/depth2/node4/test1_1.mtx 3.3 0 -1 -1 
/home/antonkov/masterWork/tests/samePrefixMarkedMtx/depth2/node4/test1_1.mtx 3.4 0 -1 -1 
/home/antonkov/masterWork/tests/samePrefixMarkedMtx/depth2/node4/test1_1.mtx 3.5 0 -1 -1 
/home/antonkov/masterWork/tests/samePrefixMarkedMtx/depth2/node4/test1_2.mtx 1 121.374 0.0820312 0.8 
/home/antonkov/masterWork/tests/samePrefixMarkedMtx/depth2/node4/test1_2.mtx 1.1 116.541 0.0748958 0.76 
/home/antonkov/masterWork/tests/samePrefixMarkedMtx/depth2/node4/test1_2.mtx 1.2 111.444 0.0672569 0.71 
/home/antonkov/masterWork/tests/samePrefixMarkedMtx/depth2/node4/test1_2.mtx 1.3 104.52 0.0574045 0.625 
/home/antonkov/masterWork/tests/samePrefixMarkedMtx/depth2/node4/test1_2.mtx 1.4 96.6727 0.0462413 0.5 
/home/antonkov/masterWork/tests/samePrefixMarkedMtx/depth2/node4/test1_2.mtx 1.5 122.203 0.0354398 0.4 
/home/antonkov/masterWork/tests/samePrefixMarkedMtx/depth2/node4/test1_2.mtx 1.6 147.41 0.0274653 0.31 
/home/antonkov/masterWork/tests/samePrefixMarkedMtx/depth2/node4/test1_2.mtx 1.7 155.793 0.020934 0.24 
/home/antonkov/masterWork/tests/samePrefixMarkedMtx/depth2/node4/test1_2.mtx 1.8 172.602 0.0167969 0.203333 
/home/antonkov/masterWork/tests/samePrefixMarkedMtx/depth2/node4/test1_2.mtx 1.9 169.344 0.0120883 0.148571 
/home/antonkov/masterWork/tests/samePrefixMarkedMtx/depth2/node4/test1_2.mtx 2 215.064 0.00828125 0.103 
/home/antonkov/masterWork/tests/samePrefixMarkedMtx/depth2/node4/test1_2.mtx 2.1 262.996 0.00557292 0.075 
/home/antonkov/masterWork/tests/samePrefixMarkedMtx/depth2/node4/test1_2.mtx 2.2 376.418 0.0033136 0.0454545 
/home/antonkov/masterWork/tests/samePrefixMarkedMtx/depth2/node4/test1_2.mtx 2.3 475.428 0.00243634 0.0333333 
/home/antonkov/masterWork/tests/samePrefixMarkedMtx/depth2/node4/test1_2.mtx 2.4 644.506 0.0014816 0.0212766 
/home/antonkov/masterWork/tests/samePrefixMarkedMtx/depth2/node4/test1_2.mtx 2.5 933.91 0.000949224 0.0131169 
/home/antonkov/masterWork/tests/samePrefixMarkedMtx/depth2/node4/test1_2.mtx 2.6 1487.23 0.000471997 0.00719424 
/home/antonkov/masterWork/tests/samePrefixMarkedMtx/depth2/node4/test1_2.mtx 2.7 2094.3 0.00030468 0.00454955 
/home/antonkov/masterWork/tests/samePrefixMarkedMtx/depth2/node4/test1_2.mtx 2.8 3283.89 0.000154648 0.00249377 
/home/antonkov/masterWork/tests/samePrefixMarkedMtx/depth2/node4/test1_2.mtx 2.9 5287.61 8.92755e-05 0.00136799 
/home/antonkov/masterWork/tests/samePrefixMarkedMtx/depth2/node4/test1_2.mtx 3 11197.9 3.31843e-05 0.000567859 
/home/antonkov/masterWork/tests/samePrefixMarkedMtx/depth2/node4/test1_2.mtx 3.1 0 -1 -1 
/home/antonkov/masterWork/tests/samePrefixMarkedMtx/depth2/node4/test1_2.mtx 3.2 0 -1 -1 
/home/antonkov/masterWork/tests/samePrefixMarkedMtx/depth2/node4/test1_2.mtx 3.3 0 -1 -1 
/home/antonkov/masterWork/tests/samePrefixMarkedMtx/depth2/node4/test1_2.mtx 3.4 0 -1 -1 
/home/antonkov/masterWork/tests/samePrefixMarkedMtx/depth2/node4/test1_2.mtx 3.5 0 -1 -1 
/home/antonkov/masterWork/tests/samePrefixMarkedMtx/depth2/node4/test1_3.mtx 1 124.789 0.0848872 0.845 
/home/antonkov/masterWork/tests/samePrefixMarkedMtx/depth2/node4/test1_3.mtx 1.1 120.735 0.0754687 0.785 
/home/antonkov/masterWork/tests/samePrefixMarkedMtx/depth2/node4/test1_3.mtx 1.2 110.668 0.0667361 0.685 
/home/antonkov/masterWork/tests/samePrefixMarkedMtx/depth2/node4/test1_3.mtx 1.3 99.5219 0.0568316 0.6 
/home/antonkov/masterWork/tests/samePrefixMarkedMtx/depth2/node4/test1_3.mtx 1.4 100.635 0.0487066 0.54 
/home/antonkov/masterWork/tests/samePrefixMarkedMtx/depth2/node4/test1_3.mtx 1.5 123.989 0.0382755 0.45 
/home/antonkov/masterWork/tests/samePrefixMarkedMtx/depth2/node4/test1_3.mtx 1.6 119.084 0.0311343 0.366667 
/home/antonkov/masterWork/tests/samePrefixMarkedMtx/depth2/node4/test1_3.mtx 1.7 131.725 0.0220312 0.27 
/home/antonkov/masterWork/tests/samePrefixMarkedMtx/depth2/node4/test1_3.mtx 1.8 160.002 0.0160127 0.19 
/home/antonkov/masterWork/tests/samePrefixMarkedMtx/depth2/node4/test1_3.mtx 1.9 172.578 0.0128869 0.152857 
/home/antonkov/masterWork/tests/samePrefixMarkedMtx/depth2/node4/test1_3.mtx 2 219.304 0.00872049 0.107 
/home/antonkov/masterWork/tests/samePrefixMarkedMtx/depth2/node4/test1_3.mtx 2.1 255.967 0.00636752 0.0815385 
/home/antonkov/masterWork/tests/samePrefixMarkedMtx/depth2/node4/test1_3.mtx 2.2 381.452 0.00346845 0.043913 
/home/antonkov/masterWork/tests/samePrefixMarkedMtx/depth2/node4/test1_3.mtx 2.3 515.381 0.00219147 0.0285714 
/home/antonkov/masterWork/tests/samePrefixMarkedMtx/depth2/node4/test1_3.mtx 2.4 670.302 0.00136528 0.02 
/home/antonkov/masterWork/tests/samePrefixMarkedMtx/depth2/node4/test1_3.mtx 2.5 989.103 0.000867839 0.0125 
/home/antonkov/masterWork/tests/samePrefixMarkedMtx/depth2/node4/test1_3.mtx 2.6 1603.06 0.000430556 0.00645161 
/home/antonkov/masterWork/tests/samePrefixMarkedMtx/depth2/node4/test1_3.mtx 2.7 2584.44 0.000215422 0.00349481 
/home/antonkov/masterWork/tests/samePrefixMarkedMtx/depth2/node4/test1_3.mtx 2.8 3761.56 0.000112523 0.00207469 
/home/antonkov/masterWork/tests/samePrefixMarkedMtx/depth2/node4/test1_3.mtx 2.9 5891.98 6.42238e-05 0.00117925 
/home/antonkov/masterWork/tests/samePrefixMarkedMtx/depth2/node4/test1_3.mtx 3 9152.67 3.33267e-05 0.000681199 
/home/antonkov/masterWork/tests/samePrefixMarkedMtx/depth2/node4/test1_3.mtx 3.1 0 -1 -1 
/home/antonkov/masterWork/tests/samePrefixMarkedMtx/depth2/node4/test1_3.mtx 3.2 0 -1 -1 
/home/antonkov/masterWork/tests/samePrefixMarkedMtx/depth2/node4/test1_3.mtx 3.3 0 -1 -1 
/home/antonkov/masterWork/tests/samePrefixMarkedMtx/depth2/node4/test1_3.mtx 3.4 0 -1 -1 
/home/antonkov/masterWork/tests/samePrefixMarkedMtx/depth2/node4/test1_3.mtx 3.5 0 -1 -1 
/home/antonkov/masterWork/tests/samePrefixMarkedMtx/depth2/node4/test1_4.mtx 1 123.808 0.0846007 0.845 
/home/antonkov/masterWork/tests/samePrefixMarkedMtx/depth2/node4/test1_4.mtx 1.1 119.035 0.0745833 0.765 
/home/antonkov/masterWork/tests/samePrefixMarkedMtx/depth2/node4/test1_4.mtx 1.2 108.498 0.0666667 0.695 
/home/antonkov/masterWork/tests/samePrefixMarkedMtx/depth2/node4/test1_4.mtx 1.3 105.252 0.0578733 0.635 
/home/antonkov/masterWork/tests/samePrefixMarkedMtx/depth2/node4/test1_4.mtx 1.4 97.3416 0.0479948 0.525 
/home/antonkov/masterWork/tests/samePrefixMarkedMtx/depth2/node4/test1_4.mtx 1.5 121.073 0.0370891 0.426667 
/home/antonkov/masterWork/tests/samePrefixMarkedMtx/depth2/node4/test1_4.mtx 1.6 116.155 0.027934 0.333333 
/home/antonkov/masterWork/tests/samePrefixMarkedMtx/depth2/node4/test1_4.mtx 1.7 132.554 0.0215234 0.27 
/home/antonkov/masterWork/tests/samePrefixMarkedMtx/depth2/node4/test1_4.mtx 1.8 140.989 0.0153611 0.204 
/home/antonkov/masterWork/tests/samePrefixMarkedMtx/depth2/node4/test1_4.mtx 1.9 175.687 0.0122619 0.155714 
/home/antonkov/masterWork/tests/samePrefixMarkedMtx/depth2/node4/test1_4.mtx 2 201.121 0.00837191 0.114444 
/home/antonkov/masterWork/tests/samePrefixMarkedMtx/depth2/node4/test1_4.mtx 2.1 241.733 0.00597656 0.0925 
/home/antonkov/masterWork/tests/samePrefixMarkedMtx/depth2/node4/test1_4.mtx 2.2 292.219 0.0036339 0.06375 
/home/antonkov/masterWork/tests/samePrefixMarkedMtx/depth2/node4/test1_4.mtx 2.3 331.182 0.00237674 0.051 
/home/antonkov/masterWork/tests/samePrefixMarkedMtx/depth2/node4/test1_4.mtx 2.4 431.378 0.00145594 0.0348276 
/home/antonkov/masterWork/tests/samePrefixMarkedMtx/depth2/node4/test1_4.mtx 2.5 526.146 0.000779915 0.0258974 
/home/antonkov/masterWork/tests/samePrefixMarkedMtx/depth2/node4/test1_4.mtx 2.6 596.081 0.000743886 0.0223913 
/home/antonkov/masterWork/tests/samePrefixMarkedMtx/depth2/node4/test1_4.mtx 2.7 712.297 0.00050018 0.0175862 
/home/antonkov/masterWork/tests/samePrefixMarkedMtx/depth2/node4/test1_4.mtx 2.8 797.477 0.000307677 0.0138889 
/home/antonkov/masterWork/tests/samePrefixMarkedMtx/depth2/node4/test1_4.mtx 2.9 911.266 0.000236618 0.0113483 
/home/antonkov/masterWork/tests/samePrefixMarkedMtx/depth2/node4/test1_4.mtx 3 1005.37 0.000159392 0.00952381 
/home/antonkov/masterWork/tests/samePrefixMarkedMtx/depth2/node4/test1_4.mtx 3.1 1270.06 9.66592e-05 0.00675676 
/home/antonkov/masterWork/tests/samePrefixMarkedMtx/depth2/node4/test1_4.mtx 3.2 1300.52 0.00010138 0.0062963 
/home/antonkov/masterWork/tests/samePrefixMarkedMtx/depth2/node4/test1_4.mtx 3.3 1410.96 6.79747e-05 0.00529101 
/home/antonkov/masterWork/tests/samePrefixMarkedMtx/depth2/node4/test1_4.mtx 3.4 1564.14 5.00501e-05 0.0045045 
/home/antonkov/masterWork/tests/samePrefixMarkedMtx/depth2/node4/test1_4.mtx 3.5 1907.63 4.04514e-05 0.00333333 
/home/antonkov/masterWork/tests/samePrefixMarkedMtx/depth2/node4/test2_0.mtx 1 117.45 0.0839931 0.815 
/home/antonkov/masterWork/tests/samePrefixMarkedMtx/depth2/node4/test2_0.mtx 1.1 115.024 0.0740538 0.745 
/home/antonkov/masterWork/tests/samePrefixMarkedMtx/depth2/node4/test2_0.mtx 1.2 108.013 0.0672309 0.7 
/home/antonkov/masterWork/tests/samePrefixMarkedMtx/depth2/node4/test2_0.mtx 1.3 100.276 0.05625 0.605 
/home/antonkov/masterWork/tests/samePrefixMarkedMtx/depth2/node4/test2_0.mtx 1.4 97.0024 0.0477344 0.535 
/home/antonkov/masterWork/tests/samePrefixMarkedMtx/depth2/node4/test2_0.mtx 1.5 124.55 0.0369213 0.433333 
/home/antonkov/masterWork/tests/samePrefixMarkedMtx/depth2/node4/test2_0.mtx 1.6 110.476 0.0292245 0.34 
/home/antonkov/masterWork/tests/samePrefixMarkedMtx/depth2/node4/test2_0.mtx 1.7 131.968 0.0227127 0.27 
/home/antonkov/masterWork/tests/samePrefixMarkedMtx/depth2/node4/test2_0.mtx 1.8 163.229 0.0178819 0.211667 
/home/antonkov/masterWork/tests/samePrefixMarkedMtx/depth2/node4/test2_0.mtx 1.9 172.162 0.0128869 0.157143 
/home/antonkov/masterWork/tests/samePrefixMarkedMtx/depth2/node4/test2_0.mtx 2 197.268 0.00932292 0.114444 
/home/antonkov/masterWork/tests/samePrefixMarkedMtx/depth2/node4/test2_0.mtx 2.1 232.434 0.0072338 0.0908333 
/home/antonkov/masterWork/tests/samePrefixMarkedMtx/depth2/node4/test2_0.mtx 2.2 314.282 0.004375 0.0555556 
/home/antonkov/masterWork/tests/samePrefixMarkedMtx/depth2/node4/test2_0.mtx 2.3 465.571 0.00265336 0.034 
/home/antonkov/masterWork/tests/samePrefixMarkedMtx/depth2/node4/test2_0.mtx 2.4 587.117 0.00165956 0.0227273 
/home/antonkov/masterWork/tests/samePrefixMarkedMtx/depth2/node4/test2_0.mtx 2.5 955.881 0.000937723 0.0130769 
/home/antonkov/masterWork/tests/samePrefixMarkedMtx/depth2/node4/test2_0.mtx 2.6 1432.74 0.000518519 0.00740741 
/home/antonkov/masterWork/tests/samePrefixMarkedMtx/depth2/node4/test2_0.mtx 2.7 2322.31 0.000256604 0.00396078 
/home/antonkov/masterWork/tests/samePrefixMarkedMtx/depth2/node4/test2_0.mtx 2.8 3398.86 0.000159184 0.00231481 
/home/antonkov/masterWork/tests/samePrefixMarkedMtx/depth2/node4/test2_0.mtx 2.9 5248.69 8.37324e-05 0.001321 
/home/antonkov/masterWork/tests/samePrefixMarkedMtx/depth2/node4/test2_0.mtx 3 10564.8 3.90956e-05 0.000585823 
/home/antonkov/masterWork/tests/samePrefixMarkedMtx/depth2/node4/test2_0.mtx 3.1 0 -1 -1 
/home/antonkov/masterWork/tests/samePrefixMarkedMtx/depth2/node4/test2_0.mtx 3.2 0 -1 -1 
/home/antonkov/masterWork/tests/samePrefixMarkedMtx/depth2/node4/test2_0.mtx 3.3 0 -1 -1 
/home/antonkov/masterWork/tests/samePrefixMarkedMtx/depth2/node4/test2_0.mtx 3.4 0 -1 -1 
/home/antonkov/masterWork/tests/samePrefixMarkedMtx/depth2/node4/test2_0.mtx 3.5 0 -1 -1 
/home/antonkov/masterWork/tests/samePrefixMarkedMtx/depth2/node4/test2_1.mtx 1 118.844 0.0875521 0.865 
/home/antonkov/masterWork/tests/samePrefixMarkedMtx/depth2/node4/test2_1.mtx 1.1 116.561 0.0769965 0.77 
/home/antonkov/masterWork/tests/samePrefixMarkedMtx/depth2/node4/test2_1.mtx 1.2 107.675 0.066901 0.7 
/home/antonkov/masterWork/tests/samePrefixMarkedMtx/depth2/node4/test2_1.mtx 1.3 98.9039 0.0578472 0.61 
/home/antonkov/masterWork/tests/samePrefixMarkedMtx/depth2/node4/test2_1.mtx 1.4 98.6743 0.0488976 0.55 
/home/antonkov/masterWork/tests/samePrefixMarkedMtx/depth2/node4/test2_1.mtx 1.5 121.528 0.0378704 0.43 
/home/antonkov/masterWork/tests/samePrefixMarkedMtx/depth2/node4/test2_1.mtx 1.6 146.473 0.029145 0.325 
/home/antonkov/masterWork/tests/samePrefixMarkedMtx/depth2/node4/test2_1.mtx 1.7 131.345 0.0226389 0.26 
/home/antonkov/masterWork/tests/samePrefixMarkedMtx/depth2/node4/test2_1.mtx 1.8 141.745 0.0176736 0.208 
/home/antonkov/masterWork/tests/samePrefixMarkedMtx/depth2/node4/test2_1.mtx 1.9 175.136 0.0135888 0.164286 
/home/antonkov/masterWork/tests/samePrefixMarkedMtx/depth2/node4/test2_1.mtx 2 203.912 0.00966242 0.118889 
/home/antonkov/masterWork/tests/samePrefixMarkedMtx/depth2/node4/test2_1.mtx 2.1 251.682 0.00603766 0.0784615 
/home/antonkov/masterWork/tests/samePrefixMarkedMtx/depth2/node4/test2_1.mtx 2.2 330.031 0.00387975 0.0542105 
/home/antonkov/masterWork/tests/samePrefixMarkedMtx/depth2/node4/test2_1.mtx 2.3 470.499 0.00248683 0.0351724 
/home/antonkov/masterWork/tests/samePrefixMarkedMtx/depth2/node4/test2_1.mtx 2.4 658.515 0.00151263 0.0212766 
/home/antonkov/masterWork/tests/samePrefixMarkedMtx/depth2/node4/test2_1.mtx 2.5 979.341 0.000885417 0.01275 
/home/antonkov/masterWork/tests/samePrefixMarkedMtx/depth2/node4/test2_1.mtx 2.6 1410.1 0.000557559 0.00776923 
/home/antonkov/masterWork/tests/samePrefixMarkedMtx/depth2/node4/test2_1.mtx 2.7 2079.22 0.000279211 0.00458716 
/home/antonkov/masterWork/tests/samePrefixMarkedMtx/depth2/node4/test2_1.mtx 2.8 3377.61 0.000159002 0.00243902 
/home/antonkov/masterWork/tests/samePrefixMarkedMtx/depth2/node4/test2_1.mtx 2.9 4719.43 9.19118e-05 0.00154799 
/home/antonkov/masterWork/tests/samePrefixMarkedMtx/depth2/node4/test2_1.mtx 3 8652.4 4.4617e-05 0.000744048 
/home/antonkov/masterWork/tests/samePrefixMarkedMtx/depth2/node4/test2_1.mtx 3.1 0 -1 -1 
/home/antonkov/masterWork/tests/samePrefixMarkedMtx/depth2/node4/test2_1.mtx 3.2 0 -1 -1 
/home/antonkov/masterWork/tests/samePrefixMarkedMtx/depth2/node4/test2_1.mtx 3.3 0 -1 -1 
/home/antonkov/masterWork/tests/samePrefixMarkedMtx/depth2/node4/test2_1.mtx 3.4 0 -1 -1 
/home/antonkov/masterWork/tests/samePrefixMarkedMtx/depth2/node4/test2_1.mtx 3.5 0 -1 -1 
/home/antonkov/masterWork/tests/samePrefixMarkedMtx/depth2/node4/test2_2.mtx 1 121.348 0.0829948 0.83 
/home/antonkov/masterWork/tests/samePrefixMarkedMtx/depth2/node4/test2_2.mtx 1.1 114.349 0.0723438 0.75 
/home/antonkov/masterWork/tests/samePrefixMarkedMtx/depth2/node4/test2_2.mtx 1.2 103.695 0.0620052 0.665 
/home/antonkov/masterWork/tests/samePrefixMarkedMtx/depth2/node4/test2_2.mtx 1.3 96.6203 0.0521181 0.555 
/home/antonkov/masterWork/tests/samePrefixMarkedMtx/depth2/node4/test2_2.mtx 1.4 125.222 0.0431481 0.48 
/home/antonkov/masterWork/tests/samePrefixMarkedMtx/depth2/node4/test2_2.mtx 1.5 118.836 0.0343576 0.413333 
/home/antonkov/masterWork/tests/samePrefixMarkedMtx/depth2/node4/test2_2.mtx 1.6 111.36 0.0281366 0.343333 
/home/antonkov/masterWork/tests/samePrefixMarkedMtx/depth2/node4/test2_2.mtx 1.7 131.212 0.019553 0.25 
/home/antonkov/masterWork/tests/samePrefixMarkedMtx/depth2/node4/test2_2.mtx 1.8 139.356 0.0149444 0.2 
/home/antonkov/masterWork/tests/samePrefixMarkedMtx/depth2/node4/test2_2.mtx 1.9 152.083 0.0128704 0.171667 
/home/antonkov/masterWork/tests/samePrefixMarkedMtx/depth2/node4/test2_2.mtx 2 191.251 0.00976129 0.12875 
/home/antonkov/masterWork/tests/samePrefixMarkedMtx/depth2/node4/test2_2.mtx 2.1 231.24 0.0068166 0.0945455 
/home/antonkov/masterWork/tests/samePrefixMarkedMtx/depth2/node4/test2_2.mtx 2.2 298.452 0.00397059 0.0611765 
/home/antonkov/masterWork/tests/samePrefixMarkedMtx/depth2/node4/test2_2.mtx 2.3 418.067 0.0025808 0.0388462 
/home/antonkov/masterWork/tests/samePrefixMarkedMtx/depth2/node4/test2_2.mtx 2.4 629.433 0.00135841 0.0224444 
/home/antonkov/masterWork/tests/samePrefixMarkedMtx/depth2/node4/test2_2.mtx 2.5 846.905 0.000823746 0.0150746 
/home/antonkov/masterWork/tests/samePrefixMarkedMtx/depth2/node4/test2_2.mtx 2.6 1178.59 0.000501363 0.00943925 
/home/antonkov/masterWork/tests/samePrefixMarkedMtx/depth2/node4/test2_2.mtx 2.7 1488.61 0.000335495 0.00662252 
/home/antonkov/masterWork/tests/samePrefixMarkedMtx/depth2/node4/test2_2.mtx 2.8 1767.16 0.000220054 0.00507614 
/home/antonkov/masterWork/tests/samePrefixMarkedMtx/depth2/node4/test2_2.mtx 2.9 2751.48 0.000107748 0.00286533 
/home/antonkov/masterWork/tests/samePrefixMarkedMtx/depth2/node4/test2_2.mtx 3 3204.63 6.36834e-05 0.00224215 
/home/antonkov/masterWork/tests/samePrefixMarkedMtx/depth2/node4/test2_2.mtx 3.1 4052.16 3.58021e-05 0.0015949 
/home/antonkov/masterWork/tests/samePrefixMarkedMtx/depth2/node4/test2_2.mtx 3.2 4962.47 2.46611e-05 0.00120482 
/home/antonkov/masterWork/tests/samePrefixMarkedMtx/depth2/node4/test2_2.mtx 3.3 5952.5 1.55021e-05 0.000931099 
/home/antonkov/masterWork/tests/samePrefixMarkedMtx/depth2/node4/test2_2.mtx 3.4 0 -1 -1 
/home/antonkov/masterWork/tests/samePrefixMarkedMtx/depth2/node4/test2_2.mtx 3.5 0 -1 -1 
/home/antonkov/masterWork/tests/samePrefixMarkedMtx/depth2/node4/test2_3.mtx 1 116.066 0.0789757 0.775 
/home/antonkov/masterWork/tests/samePrefixMarkedMtx/depth2/node4/test2_3.mtx 1.1 114.617 0.0716059 0.725 
/home/antonkov/masterWork/tests/samePrefixMarkedMtx/depth2/node4/test2_3.mtx 1.2 104.043 0.0613021 0.66 
/home/antonkov/masterWork/tests/samePrefixMarkedMtx/depth2/node4/test2_3.mtx 1.3 98.1736 0.0529167 0.575 
/home/antonkov/masterWork/tests/samePrefixMarkedMtx/depth2/node4/test2_3.mtx 1.4 128.866 0.0433333 0.483333 
/home/antonkov/masterWork/tests/samePrefixMarkedMtx/depth2/node4/test2_3.mtx 1.5 121.456 0.0359549 0.403333 
/home/antonkov/masterWork/tests/samePrefixMarkedMtx/depth2/node4/test2_3.mtx 1.6 112.531 0.0285995 0.346667 
/home/antonkov/masterWork/tests/samePrefixMarkedMtx/depth2/node4/test2_3.mtx 1.7 130.546 0.0234852 0.2825 
/home/antonkov/masterWork/tests/samePrefixMarkedMtx/depth2/node4/test2_3.mtx 1.8 141.844 0.0168264 0.2 
/home/antonkov/masterWork/tests/samePrefixMarkedMtx/depth2/node4/test2_3.mtx 1.9 175.076 0.0117485 0.145714 
/home/antonkov/masterWork/tests/samePrefixMarkedMtx/depth2/node4/test2_3.mtx 2 217.279 0.00834896 0.105 
/home/antonkov/masterWork/tests/samePrefixMarkedMtx/depth2/node4/test2_3.mtx 2.1 270.53 0.00549851 0.0757143 
/home/antonkov/masterWork/tests/samePrefixMarkedMtx/depth2/node4/test2_3.mtx 2.2 328.808 0.00398483 0.0526316 
/home/antonkov/masterWork/tests/samePrefixMarkedMtx/depth2/node4/test2_3.mtx 2.3 477.702 0.00241823 0.0332258 
/home/antonkov/masterWork/tests/samePrefixMarkedMtx/depth2/node4/test2_3.mtx 2.4 717.797 0.00137153 0.0187037 
/home/antonkov/masterWork/tests/samePrefixMarkedMtx/depth2/node4/test2_3.mtx 2.5 914.956 0.000955538 0.012987 
/home/antonkov/masterWork/tests/samePrefixMarkedMtx/depth2/node4/test2_3.mtx 2.6 1497.75 0.00047072 0.00716312 
/home/antonkov/masterWork/tests/samePrefixMarkedMtx/depth2/node4/test2_3.mtx 2.7 2335 0.000267516 0.00404858 
/home/antonkov/masterWork/tests/samePrefixMarkedMtx/depth2/node4/test2_3.mtx 2.8 3503.67 0.000142385 0.00234192 
/home/antonkov/masterWork/tests/samePrefixMarkedMtx/depth2/node4/test2_3.mtx 2.9 5389.3 7.25082e-05 0.0013369 
/home/antonkov/masterWork/tests/samePrefixMarkedMtx/depth2/node4/test2_3.mtx 3 8658.51 4.43352e-05 0.00075643 
/home/antonkov/masterWork/tests/samePrefixMarkedMtx/depth2/node4/test2_3.mtx 3.1 0 -1 -1 
/home/antonkov/masterWork/tests/samePrefixMarkedMtx/depth2/node4/test2_3.mtx 3.2 0 -1 -1 
/home/antonkov/masterWork/tests/samePrefixMarkedMtx/depth2/node4/test2_3.mtx 3.3 0 -1 -1 
/home/antonkov/masterWork/tests/samePrefixMarkedMtx/depth2/node4/test2_3.mtx 3.4 0 -1 -1 
/home/antonkov/masterWork/tests/samePrefixMarkedMtx/depth2/node4/test2_3.mtx 3.5 0 -1 -1 
/home/antonkov/masterWork/tests/samePrefixMarkedMtx/depth2/node4/test2_4.mtx 1 116.824 0.0809635 0.81 
/home/antonkov/masterWork/tests/samePrefixMarkedMtx/depth2/node4/test2_4.mtx 1.1 114.963 0.0721441 0.735 
/home/antonkov/masterWork/tests/samePrefixMarkedMtx/depth2/node4/test2_4.mtx 1.2 106.956 0.0637847 0.665 
/home/antonkov/masterWork/tests/samePrefixMarkedMtx/depth2/node4/test2_4.mtx 1.3 97.5649 0.0565191 0.605 
/home/antonkov/masterWork/tests/samePrefixMarkedMtx/depth2/node4/test2_4.mtx 1.4 95.6764 0.0465451 0.51 
/home/antonkov/masterWork/tests/samePrefixMarkedMtx/depth2/node4/test2_4.mtx 1.5 125.245 0.037147 0.41 
/home/antonkov/masterWork/tests/samePrefixMarkedMtx/depth2/node4/test2_4.mtx 1.6 112.689 0.0299132 0.346667 
/home/antonkov/masterWork/tests/samePrefixMarkedMtx/depth2/node4/test2_4.mtx 1.7 130.656 0.0223003 0.26 
/home/antonkov/masterWork/tests/samePrefixMarkedMtx/depth2/node4/test2_4.mtx 1.8 164.586 0.0163831 0.201667 
/home/antonkov/masterWork/tests/samePrefixMarkedMtx/depth2/node4/test2_4.mtx 1.9 179.208 0.0121925 0.154286 
/home/antonkov/masterWork/tests/samePrefixMarkedMtx/depth2/node4/test2_4.mtx 2 216.047 0.00864062 0.111 
/home/antonkov/masterWork/tests/samePrefixMarkedMtx/depth2/node4/test2_4.mtx 2.1 263.034 0.00622997 0.0815385 
/home/antonkov/masterWork/tests/samePrefixMarkedMtx/depth2/node4/test2_4.mtx 2.2 345.746 0.00381424 0.0505 
/home/antonkov/masterWork/tests/samePrefixMarkedMtx/depth2/node4/test2_4.mtx 2.3 495.57 0.00230535 0.030303 
/home/antonkov/masterWork/tests/samePrefixMarkedMtx/depth2/node4/test2_4.mtx 2.4 648.384 0.00148835 0.0208333 
/home/antonkov/masterWork/tests/samePrefixMarkedMtx/depth2/node4/test2_4.mtx 2.5 919.858 0.00092288 0.0131579 
/home/antonkov/masterWork/tests/samePrefixMarkedMtx/depth2/node4/test2_4.mtx 2.6 1398.25 0.000516026 0.00769231 
/home/antonkov/masterWork/tests/samePrefixMarkedMtx/depth2/node4/test2_4.mtx 2.7 2009.47 0.000312817 0.00456621 
/home/antonkov/masterWork/tests/samePrefixMarkedMtx/depth2/node4/test2_4.mtx 2.8 3513.09 0.000145249 0.00230415 
/home/antonkov/masterWork/tests/samePrefixMarkedMtx/depth2/node4/test2_4.mtx 2.9 5499.73 8.48965e-05 0.00129366 
/home/antonkov/masterWork/tests/samePrefixMarkedMtx/depth2/node4/test2_4.mtx 3 11866.3 3.07123e-05 0.000532198 
/home/antonkov/masterWork/tests/samePrefixMarkedMtx/depth2/node4/test2_4.mtx 3.1 0 -1 -1 
/home/antonkov/masterWork/tests/samePrefixMarkedMtx/depth2/node4/test2_4.mtx 3.2 0 -1 -1 
/home/antonkov/masterWork/tests/samePrefixMarkedMtx/depth2/node4/test2_4.mtx 3.3 0 -1 -1 
/home/antonkov/masterWork/tests/samePrefixMarkedMtx/depth2/node4/test2_4.mtx 3.4 0 -1 -1 
/home/antonkov/masterWork/tests/samePrefixMarkedMtx/depth2/node4/test2_4.mtx 3.5 0 -1 -1 
/home/antonkov/masterWork/tests/samePrefixMarkedMtx/depth2/node4/test97_0.mtx 1 122.897 0.0840017 0.82 
/home/antonkov/masterWork/tests/samePrefixMarkedMtx/depth2/node4/test97_0.mtx 1.1 120.118 0.0744531 0.745 
/home/antonkov/masterWork/tests/samePrefixMarkedMtx/depth2/node4/test97_0.mtx 1.2 108.823 0.0673437 0.68 
/home/antonkov/masterWork/tests/samePrefixMarkedMtx/depth2/node4/test97_0.mtx 1.3 101.665 0.058316 0.61 
/home/antonkov/masterWork/tests/samePrefixMarkedMtx/depth2/node4/test97_0.mtx 1.4 96.5181 0.0487674 0.5 
/home/antonkov/masterWork/tests/samePrefixMarkedMtx/depth2/node4/test97_0.mtx 1.5 130.697 0.0396296 0.423333 
/home/antonkov/masterWork/tests/samePrefixMarkedMtx/depth2/node4/test97_0.mtx 1.6 114.917 0.0328183 0.37 
/home/antonkov/masterWork/tests/samePrefixMarkedMtx/depth2/node4/test97_0.mtx 1.7 134.763 0.0233464 0.265 
/home/antonkov/masterWork/tests/samePrefixMarkedMtx/depth2/node4/test97_0.mtx 1.8 141.831 0.0171354 0.206 
/home/antonkov/masterWork/tests/samePrefixMarkedMtx/depth2/node4/test97_0.mtx 1.9 170.765 0.0121205 0.144286 
/home/antonkov/masterWork/tests/samePrefixMarkedMtx/depth2/node4/test97_0.mtx 2 237.939 0.00816761 0.0990909 
/home/antonkov/masterWork/tests/samePrefixMarkedMtx/depth2/node4/test97_0.mtx 2.1 279.351 0.00562963 0.068 
/home/antonkov/masterWork/tests/samePrefixMarkedMtx/depth2/node4/test97_0.mtx 2.2 390.84 0.00346571 0.0425 
/home/antonkov/masterWork/tests/samePrefixMarkedMtx/depth2/node4/test97_0.mtx 2.3 529.817 0.00204427 0.0277778 
/home/antonkov/masterWork/tests/samePrefixMarkedMtx/depth2/node4/test97_0.mtx 2.4 835.449 0.00108413 0.0153846 
/home/antonkov/masterWork/tests/samePrefixMarkedMtx/depth2/node4/test97_0.mtx 2.5 1266.85 0.000662381 0.0090991 
/home/antonkov/masterWork/tests/samePrefixMarkedMtx/depth2/node4/test97_0.mtx 2.6 1976.86 0.000354663 0.00492611 
/home/antonkov/masterWork/tests/samePrefixMarkedMtx/depth2/node4/test97_0.mtx 2.7 2523.16 0.000245366 0.00341297 
/home/antonkov/masterWork/tests/samePrefixMarkedMtx/depth2/node4/test97_0.mtx 2.8 3677.52 0.000156432 0.00210084 
/home/antonkov/masterWork/tests/samePrefixMarkedMtx/depth2/node4/test97_0.mtx 2.9 8248.48 5.5719e-05 0.000811688 
/home/antonkov/masterWork/tests/samePrefixMarkedMtx/depth2/node4/test97_0.mtx 3 0 -1 -1 
/home/antonkov/masterWork/tests/samePrefixMarkedMtx/depth2/node4/test97_0.mtx 3.1 0 -1 -1 
/home/antonkov/masterWork/tests/samePrefixMarkedMtx/depth2/node4/test97_0.mtx 3.2 0 -1 -1 
/home/antonkov/masterWork/tests/samePrefixMarkedMtx/depth2/node4/test97_0.mtx 3.3 0 -1 -1 
/home/antonkov/masterWork/tests/samePrefixMarkedMtx/depth2/node4/test97_0.mtx 3.4 0 -1 -1 
/home/antonkov/masterWork/tests/samePrefixMarkedMtx/depth2/node4/test97_0.mtx 3.5 0 -1 -1 
/home/antonkov/masterWork/tests/samePrefixMarkedMtx/depth2/node4/test97_1.mtx 1 122.667 0.0840799 0.8 
/home/antonkov/masterWork/tests/samePrefixMarkedMtx/depth2/node4/test97_1.mtx 1.1 120.914 0.0762934 0.76 
/home/antonkov/masterWork/tests/samePrefixMarkedMtx/depth2/node4/test97_1.mtx 1.2 112.364 0.0660069 0.68 
/home/antonkov/masterWork/tests/samePrefixMarkedMtx/depth2/node4/test97_1.mtx 1.3 100.176 0.0566059 0.6 
/home/antonkov/masterWork/tests/samePrefixMarkedMtx/depth2/node4/test97_1.mtx 1.4 95.9595 0.047474 0.52 
/home/antonkov/masterWork/tests/samePrefixMarkedMtx/depth2/node4/test97_1.mtx 1.5 124.035 0.0351736 0.393333 
/home/antonkov/masterWork/tests/samePrefixMarkedMtx/depth2/node4/test97_1.mtx 1.6 147.424 0.0303733 0.345 
/home/antonkov/masterWork/tests/samePrefixMarkedMtx/depth2/node4/test97_1.mtx 1.7 128.584 0.0219054 0.2575 
/home/antonkov/masterWork/tests/samePrefixMarkedMtx/depth2/node4/test97_1.mtx 1.8 168.674 0.0161053 0.191667 
/home/antonkov/masterWork/tests/samePrefixMarkedMtx/depth2/node4/test97_1.mtx 1.9 189.919 0.0116428 0.13875 
/home/antonkov/masterWork/tests/samePrefixMarkedMtx/depth2/node4/test97_1.mtx 2 243.688 0.00817708 0.0936364 
/home/antonkov/masterWork/tests/samePrefixMarkedMtx/depth2/node4/test97_1.mtx 2.1 291.556 0.0052963 0.068 
/home/antonkov/masterWork/tests/samePrefixMarkedMtx/depth2/node4/test97_1.mtx 2.2 398.943 0.00341184 0.043913 
/home/antonkov/masterWork/tests/samePrefixMarkedMtx/depth2/node4/test97_1.mtx 2.3 513.25 0.00224327 0.030303 
/home/antonkov/masterWork/tests/samePrefixMarkedMtx/depth2/node4/test97_1.mtx 2.4 719.478 0.00133582 0.0188679 
/home/antonkov/masterWork/tests/samePrefixMarkedMtx/depth2/node4/test97_1.mtx 2.5 987.816 0.000908779 0.0125926 
/home/antonkov/masterWork/tests/samePrefixMarkedMtx/depth2/node4/test97_1.mtx 2.6 1594.56 0.000479416 0.00653595 
/home/antonkov/masterWork/tests/samePrefixMarkedMtx/depth2/node4/test97_1.mtx 2.7 2720.17 0.000212788 0.00328947 
/home/antonkov/masterWork/tests/samePrefixMarkedMtx/depth2/node4/test97_1.mtx 2.8 4639.92 0.000116968 0.0016835 
/home/antonkov/masterWork/tests/samePrefixMarkedMtx/depth2/node4/test97_1.mtx 2.9 7649.33 5.86631e-05 0.000913242 
/home/antonkov/masterWork/tests/samePrefixMarkedMtx/depth2/node4/test97_1.mtx 3 0 -1 -1 
/home/antonkov/masterWork/tests/samePrefixMarkedMtx/depth2/node4/test97_1.mtx 3.1 0 -1 -1 
/home/antonkov/masterWork/tests/samePrefixMarkedMtx/depth2/node4/test97_1.mtx 3.2 0 -1 -1 
/home/antonkov/masterWork/tests/samePrefixMarkedMtx/depth2/node4/test97_1.mtx 3.3 0 -1 -1 
/home/antonkov/masterWork/tests/samePrefixMarkedMtx/depth2/node4/test97_1.mtx 3.4 0 -1 -1 
/home/antonkov/masterWork/tests/samePrefixMarkedMtx/depth2/node4/test97_1.mtx 3.5 0 -1 -1 
/home/antonkov/masterWork/tests/samePrefixMarkedMtx/depth2/node4/test97_2.mtx 1 125.299 0.084184 0.835 
/home/antonkov/masterWork/tests/samePrefixMarkedMtx/depth2/node4/test97_2.mtx 1.1 116.729 0.0747309 0.78 
/home/antonkov/masterWork/tests/samePrefixMarkedMtx/depth2/node4/test97_2.mtx 1.2 112.417 0.0638021 0.685 
/home/antonkov/masterWork/tests/samePrefixMarkedMtx/depth2/node4/test97_2.mtx 1.3 103.476 0.0532552 0.59 
/home/antonkov/masterWork/tests/samePrefixMarkedMtx/depth2/node4/test97_2.mtx 1.4 130.668 0.0434086 0.493333 
/home/antonkov/masterWork/tests/samePrefixMarkedMtx/depth2/node4/test97_2.mtx 1.5 119.144 0.0346817 0.396667 
/home/antonkov/masterWork/tests/samePrefixMarkedMtx/depth2/node4/test97_2.mtx 1.6 142.638 0.0292014 0.3325 
/home/antonkov/masterWork/tests/samePrefixMarkedMtx/depth2/node4/test97_2.mtx 1.7 149.655 0.0200104 0.24 
/home/antonkov/masterWork/tests/samePrefixMarkedMtx/depth2/node4/test97_2.mtx 1.8 165.691 0.0152604 0.19 
/home/antonkov/masterWork/tests/samePrefixMarkedMtx/depth2/node4/test97_2.mtx 1.9 191.836 0.0105686 0.1325 
/home/antonkov/masterWork/tests/samePrefixMarkedMtx/depth2/node4/test97_2.mtx 2 216.6 0.00825521 0.105 
/home/antonkov/masterWork/tests/samePrefixMarkedMtx/depth2/node4/test97_2.mtx 2.1 276.82 0.0055692 0.0728571 
/home/antonkov/masterWork/tests/samePrefixMarkedMtx/depth2/node4/test97_2.mtx 2.2 392.842 0.00328502 0.0447826 
/home/antonkov/masterWork/tests/samePrefixMarkedMtx/depth2/node4/test97_2.mtx 2.3 514.824 0.00224958 0.030303 
/home/antonkov/masterWork/tests/samePrefixMarkedMtx/depth2/node4/test97_2.mtx 2.4 695.756 0.0014309 0.02 
/home/antonkov/masterWork/tests/samePrefixMarkedMtx/depth2/node4/test97_2.mtx 2.5 1103.22 0.000774834 0.011087 
/home/antonkov/masterWork/tests/samePrefixMarkedMtx/depth2/node4/test97_2.mtx 2.6 1687.74 0.000398667 0.00613497 
/home/antonkov/masterWork/tests/samePrefixMarkedMtx/depth2/node4/test97_2.mtx 2.7 2418.22 0.000238748 0.0037594 
/home/antonkov/masterWork/tests/samePrefixMarkedMtx/depth2/node4/test97_2.mtx 2.8 3734.54 0.000140282 0.0021692 
/home/antonkov/masterWork/tests/samePrefixMarkedMtx/depth2/node4/test97_2.mtx 2.9 6494.09 6.67619e-05 0.00108814 
/home/antonkov/masterWork/tests/samePrefixMarkedMtx/depth2/node4/test97_2.mtx 3 9151.83 4.08951e-05 0.000694444 
/home/antonkov/masterWork/tests/samePrefixMarkedMtx/depth2/node4/test97_2.mtx 3.1 0 -1 -1 
/home/antonkov/masterWork/tests/samePrefixMarkedMtx/depth2/node4/test97_2.mtx 3.2 0 -1 -1 
/home/antonkov/masterWork/tests/samePrefixMarkedMtx/depth2/node4/test97_2.mtx 3.3 0 -1 -1 
/home/antonkov/masterWork/tests/samePrefixMarkedMtx/depth2/node4/test97_2.mtx 3.4 0 -1 -1 
/home/antonkov/masterWork/tests/samePrefixMarkedMtx/depth2/node4/test97_2.mtx 3.5 0 -1 -1 
/home/antonkov/masterWork/tests/samePrefixMarkedMtx/depth2/node4/test97_3.mtx 1 125.189 0.0814757 0.785 
/home/antonkov/masterWork/tests/samePrefixMarkedMtx/depth2/node4/test97_3.mtx 1.1 120.029 0.0740712 0.74 
/home/antonkov/masterWork/tests/samePrefixMarkedMtx/depth2/node4/test97_3.mtx 1.2 109.132 0.0657118 0.675 
/home/antonkov/masterWork/tests/samePrefixMarkedMtx/depth2/node4/test97_3.mtx 1.3 102.596 0.055651 0.59 
/home/antonkov/masterWork/tests/samePrefixMarkedMtx/depth2/node4/test97_3.mtx 1.4 96.695 0.047526 0.53 
/home/antonkov/masterWork/tests/samePrefixMarkedMtx/depth2/node4/test97_3.mtx 1.5 125.395 0.0355556 0.396667 
/home/antonkov/masterWork/tests/samePrefixMarkedMtx/depth2/node4/test97_3.mtx 1.6 142.831 0.0269401 0.3125 
/home/antonkov/masterWork/tests/samePrefixMarkedMtx/depth2/node4/test97_3.mtx 1.7 145.707 0.0187882 0.22 
/home/antonkov/masterWork/tests/samePrefixMarkedMtx/depth2/node4/test97_3.mtx 1.8 161.407 0.0160793 0.181667 
/home/antonkov/masterWork/tests/samePrefixMarkedMtx/depth2/node4/test97_3.mtx 1.9 182.308 0.0118446 0.13625 
/home/antonkov/masterWork/tests/samePrefixMarkedMtx/depth2/node4/test97_3.mtx 2 219.598 0.00980729 0.115 
/home/antonkov/masterWork/tests/samePrefixMarkedMtx/depth2/node4/test97_3.mtx 2.1 291.966 0.00524631 0.065 
/home/antonkov/masterWork/tests/samePrefixMarkedMtx/depth2/node4/test97_3.mtx 2.2 410.684 0.00336667 0.0404 
/home/antonkov/masterWork/tests/samePrefixMarkedMtx/depth2/node4/test97_3.mtx 2.3 548.919 0.00207958 0.027027 
/home/antonkov/masterWork/tests/samePrefixMarkedMtx/depth2/node4/test97_3.mtx 2.4 715.912 0.00142136 0.0185185 
/home/antonkov/masterWork/tests/samePrefixMarkedMtx/depth2/node4/test97_3.mtx 2.5 1141.23 0.000763713 0.010101 
/home/antonkov/masterWork/tests/samePrefixMarkedMtx/depth2/node4/test97_3.mtx 2.6 1763.89 0.000417451 0.00564972 
/home/antonkov/masterWork/tests/samePrefixMarkedMtx/depth2/node4/test97_3.mtx 2.7 2236.34 0.000274195 0.00396825 
/home/antonkov/masterWork/tests/samePrefixMarkedMtx/depth2/node4/test97_3.mtx 2.8 3754.24 0.000143972 0.00206186 
/home/antonkov/masterWork/tests/samePrefixMarkedMtx/depth2/node4/test97_3.mtx 2.9 6934.87 6.79042e-05 0.00096432 
/home/antonkov/masterWork/tests/samePrefixMarkedMtx/depth2/node4/test97_3.mtx 3 0 -1 -1 
/home/antonkov/masterWork/tests/samePrefixMarkedMtx/depth2/node4/test97_3.mtx 3.1 0 -1 -1 
/home/antonkov/masterWork/tests/samePrefixMarkedMtx/depth2/node4/test97_3.mtx 3.2 0 -1 -1 
/home/antonkov/masterWork/tests/samePrefixMarkedMtx/depth2/node4/test97_3.mtx 3.3 0 -1 -1 
/home/antonkov/masterWork/tests/samePrefixMarkedMtx/depth2/node4/test97_3.mtx 3.4 0 -1 -1 
/home/antonkov/masterWork/tests/samePrefixMarkedMtx/depth2/node4/test97_3.mtx 3.5 0 -1 -1 
/home/antonkov/masterWork/tests/samePrefixMarkedMtx/depth2/node4/test97_4.mtx 1 125.72 0.0868229 0.855 
/home/antonkov/masterWork/tests/samePrefixMarkedMtx/depth2/node4/test97_4.mtx 1.1 122.237 0.0780122 0.785 
/home/antonkov/masterWork/tests/samePrefixMarkedMtx/depth2/node4/test97_4.mtx 1.2 118.585 0.0677083 0.72 
/home/antonkov/masterWork/tests/samePrefixMarkedMtx/depth2/node4/test97_4.mtx 1.3 106.283 0.0561979 0.605 
/home/antonkov/masterWork/tests/samePrefixMarkedMtx/depth2/node4/test97_4.mtx 1.4 100.392 0.0469097 0.51 
/home/antonkov/masterWork/tests/samePrefixMarkedMtx/depth2/node4/test97_4.mtx 1.5 129.519 0.0378646 0.416667 
/home/antonkov/masterWork/tests/samePrefixMarkedMtx/depth2/node4/test97_4.mtx 1.6 140.988 0.0273741 0.3075 
/home/antonkov/masterWork/tests/samePrefixMarkedMtx/depth2/node4/test97_4.mtx 1.7 153.35 0.0195903 0.234 
/home/antonkov/masterWork/tests/samePrefixMarkedMtx/depth2/node4/test97_4.mtx 1.8 166.778 0.0148119 0.18 
/home/antonkov/masterWork/tests/samePrefixMarkedMtx/depth2/node4/test97_4.mtx 1.9 196.583 0.010447 0.13125 
/home/antonkov/masterWork/tests/samePrefixMarkedMtx/depth2/node4/test97_4.mtx 2 236.72 0.00750631 0.0954545 
/home/antonkov/masterWork/tests/samePrefixMarkedMtx/depth2/node4/test97_4.mtx 2.1 266.66 0.00570065 0.0728571 
/home/antonkov/masterWork/tests/samePrefixMarkedMtx/depth2/node4/test97_4.mtx 2.2 392.326 0.00323898 0.0434783 
/home/antonkov/masterWork/tests/samePrefixMarkedMtx/depth2/node4/test97_4.mtx 2.3 535.851 0.00215085 0.0280556 
/home/antonkov/masterWork/tests/samePrefixMarkedMtx/depth2/node4/test97_4.mtx 2.4 707.939 0.00137546 0.0188679 
/home/antonkov/masterWork/tests/samePrefixMarkedMtx/depth2/node4/test97_4.mtx 2.5 959.987 0.000922309 0.01275 
/home/antonkov/masterWork/tests/samePrefixMarkedMtx/depth2/node4/test97_4.mtx 2.6 1542.39 0.000486343 0.00666667 
/home/antonkov/masterWork/tests/samePrefixMarkedMtx/depth2/node4/test97_4.mtx 2.7 2514.05 0.000239252 0.00353357 
/home/antonkov/masterWork/tests/samePrefixMarkedMtx/depth2/node4/test97_4.mtx 2.8 3666.47 0.000133544 0.00212314 
/home/antonkov/masterWork/tests/samePrefixMarkedMtx/depth2/node4/test97_4.mtx 2.9 6054.04 7.31151e-05 0.00114286 
/home/antonkov/masterWork/tests/samePrefixMarkedMtx/depth2/node4/test97_4.mtx 3 12160 3.034e-05 0.000508906 
/home/antonkov/masterWork/tests/samePrefixMarkedMtx/depth2/node4/test97_4.mtx 3.1 0 -1 -1 
/home/antonkov/masterWork/tests/samePrefixMarkedMtx/depth2/node4/test97_4.mtx 3.2 0 -1 -1 
/home/antonkov/masterWork/tests/samePrefixMarkedMtx/depth2/node4/test97_4.mtx 3.3 0 -1 -1 
/home/antonkov/masterWork/tests/samePrefixMarkedMtx/depth2/node4/test97_4.mtx 3.4 0 -1 -1 
/home/antonkov/masterWork/tests/samePrefixMarkedMtx/depth2/node4/test97_4.mtx 3.5 0 -1 -1 
/home/antonkov/masterWork/tests/samePrefixMarkedMtx/depth2/node4/test98_0.mtx 1 120.814 0.0810677 0.785 
/home/antonkov/masterWork/tests/samePrefixMarkedMtx/depth2/node4/test98_0.mtx 1.1 116.82 0.0706424 0.69 
/home/antonkov/masterWork/tests/samePrefixMarkedMtx/depth2/node4/test98_0.mtx 1.2 105.928 0.0661719 0.67 
/home/antonkov/masterWork/tests/samePrefixMarkedMtx/depth2/node4/test98_0.mtx 1.3 101.416 0.0576823 0.6 
/home/antonkov/masterWork/tests/samePrefixMarkedMtx/depth2/node4/test98_0.mtx 1.4 100.2 0.0496701 0.545 
/home/antonkov/masterWork/tests/samePrefixMarkedMtx/depth2/node4/test98_0.mtx 1.5 125.052 0.0406539 0.443333 
/home/antonkov/masterWork/tests/samePrefixMarkedMtx/depth2/node4/test98_0.mtx 1.6 119.657 0.0319329 0.363333 
/home/antonkov/masterWork/tests/samePrefixMarkedMtx/depth2/node4/test98_0.mtx 1.7 145.272 0.0250781 0.3 
/home/antonkov/masterWork/tests/samePrefixMarkedMtx/depth2/node4/test98_0.mtx 1.8 150.93 0.0179549 0.226 
/home/antonkov/masterWork/tests/samePrefixMarkedMtx/depth2/node4/test98_0.mtx 1.9 156.716 0.012989 0.166667 
/home/antonkov/masterWork/tests/samePrefixMarkedMtx/depth2/node4/test98_0.mtx 2 203.859 0.00952739 0.121111 
/home/antonkov/masterWork/tests/samePrefixMarkedMtx/depth2/node4/test98_0.mtx 2.1 242.721 0.00675492 0.085 
/home/antonkov/masterWork/tests/samePrefixMarkedMtx/depth2/node4/test98_0.mtx 2.2 353.652 0.00398351 0.0535 
/home/antonkov/masterWork/tests/samePrefixMarkedMtx/depth2/node4/test98_0.mtx 2.3 445.331 0.00253173 0.0351724 
/home/antonkov/masterWork/tests/samePrefixMarkedMtx/depth2/node4/test98_0.mtx 2.4 598.342 0.00169291 0.0234884 
/home/antonkov/masterWork/tests/samePrefixMarkedMtx/depth2/node4/test98_0.mtx 2.5 884.955 0.00105953 0.0146377 
/home/antonkov/masterWork/tests/samePrefixMarkedMtx/depth2/node4/test98_0.mtx 2.6 1329.24 0.000554253 0.00833333 
/home/antonkov/masterWork/tests/samePrefixMarkedMtx/depth2/node4/test98_0.mtx 2.7 1972.94 0.000305979 0.00487805 
/home/antonkov/masterWork/tests/samePrefixMarkedMtx/depth2/node4/test98_0.mtx 2.8 3034.3 0.00016795 0.00271739 
/home/antonkov/masterWork/tests/samePrefixMarkedMtx/depth2/node4/test98_0.mtx 2.9 4848.62 9.23307e-05 0.0015083 
/home/antonkov/masterWork/tests/samePrefixMarkedMtx/depth2/node4/test98_0.mtx 3 7878.56 4.96976e-05 0.000827815 
/home/antonkov/masterWork/tests/samePrefixMarkedMtx/depth2/node4/test98_0.mtx 3.1 0 -1 -1 
/home/antonkov/masterWork/tests/samePrefixMarkedMtx/depth2/node4/test98_0.mtx 3.2 0 -1 -1 
/home/antonkov/masterWork/tests/samePrefixMarkedMtx/depth2/node4/test98_0.mtx 3.3 0 -1 -1 
/home/antonkov/masterWork/tests/samePrefixMarkedMtx/depth2/node4/test98_0.mtx 3.4 0 -1 -1 
/home/antonkov/masterWork/tests/samePrefixMarkedMtx/depth2/node4/test98_0.mtx 3.5 0 -1 -1 
/home/antonkov/masterWork/tests/samePrefixMarkedMtx/depth2/node4/test98_1.mtx 1 128.084 0.0861892 0.855 
/home/antonkov/masterWork/tests/samePrefixMarkedMtx/depth2/node4/test98_1.mtx 1.1 122.31 0.077092 0.79 
/home/antonkov/masterWork/tests/samePrefixMarkedMtx/depth2/node4/test98_1.mtx 1.2 114.135 0.0671094 0.71 
/home/antonkov/masterWork/tests/samePrefixMarkedMtx/depth2/node4/test98_1.mtx 1.3 105.672 0.0585243 0.635 
/home/antonkov/masterWork/tests/samePrefixMarkedMtx/depth2/node4/test98_1.mtx 1.4 97.6717 0.0465799 0.525 
/home/antonkov/masterWork/tests/samePrefixMarkedMtx/depth2/node4/test98_1.mtx 1.5 120.702 0.0339988 0.383333 
/home/antonkov/masterWork/tests/samePrefixMarkedMtx/depth2/node4/test98_1.mtx 1.6 148.742 0.029349 0.325 
/home/antonkov/masterWork/tests/samePrefixMarkedMtx/depth2/node4/test98_1.mtx 1.7 135.541 0.0228038 0.265 
/home/antonkov/masterWork/tests/samePrefixMarkedMtx/depth2/node4/test98_1.mtx 1.8 140.585 0.0168333 0.2 
/home/antonkov/masterWork/tests/samePrefixMarkedMtx/depth2/node4/test98_1.mtx 1.9 175.006 0.0116741 0.144286 
/home/antonkov/masterWork/tests/samePrefixMarkedMtx/depth2/node4/test98_1.mtx 2 221.094 0.00847917 0.105 
/home/antonkov/masterWork/tests/samePrefixMarkedMtx/depth2/node4/test98_1.mtx 2.1 260.084 0.00624332 0.08 
/home/antonkov/masterWork/tests/samePrefixMarkedMtx/depth2/node4/test98_1.mtx 2.2 316.463 0.00453125 0.0588235 
/home/antonkov/masterWork/tests/samePrefixMarkedMtx/depth2/node4/test98_1.mtx 2.3 498.096 0.00223958 0.031875 
/home/antonkov/masterWork/tests/samePrefixMarkedMtx/depth2/node4/test98_1.mtx 2.4 698.748 0.00149618 0.0202 
/home/antonkov/masterWork/tests/samePrefixMarkedMtx/depth2/node4/test98_1.mtx 2.5 1024.57 0.000891133 0.0123171 
/home/antonkov/masterWork/tests/samePrefixMarkedMtx/depth2/node4/test98_1.mtx 2.6 1659.53 0.000450721 0.00641026 
/home/antonkov/masterWork/tests/samePrefixMarkedMtx/depth2/node4/test98_1.mtx 2.7 2160.46 0.000289797 0.0042735 
/home/antonkov/masterWork/tests/samePrefixMarkedMtx/depth2/node4/test98_1.mtx 2.8 3546.61 0.000154826 0.0022779 
/home/antonkov/masterWork/tests/samePrefixMarkedMtx/depth2/node4/test98_1.mtx 2.9 5312.59 8.87604e-05 0.00135389 
/home/antonkov/masterWork/tests/samePrefixMarkedMtx/depth2/node4/test98_1.mtx 3 9060.69 4.36403e-05 0.000701754 
/home/antonkov/masterWork/tests/samePrefixMarkedMtx/depth2/node4/test98_1.mtx 3.1 0 -1 -1 
/home/antonkov/masterWork/tests/samePrefixMarkedMtx/depth2/node4/test98_1.mtx 3.2 0 -1 -1 
/home/antonkov/masterWork/tests/samePrefixMarkedMtx/depth2/node4/test98_1.mtx 3.3 0 -1 -1 
/home/antonkov/masterWork/tests/samePrefixMarkedMtx/depth2/node4/test98_1.mtx 3.4 0 -1 -1 
/home/antonkov/masterWork/tests/samePrefixMarkedMtx/depth2/node4/test98_1.mtx 3.5 0 -1 -1 
/home/antonkov/masterWork/tests/samePrefixMarkedMtx/depth2/node4/test98_2.mtx 1 125.314 0.0833073 0.82 
/home/antonkov/masterWork/tests/samePrefixMarkedMtx/depth2/node4/test98_2.mtx 1.1 116.204 0.0747483 0.76 
/home/antonkov/masterWork/tests/samePrefixMarkedMtx/depth2/node4/test98_2.mtx 1.2 107.153 0.0649913 0.685 
/home/antonkov/masterWork/tests/samePrefixMarkedMtx/depth2/node4/test98_2.mtx 1.3 101.902 0.054783 0.605 
/home/antonkov/masterWork/tests/samePrefixMarkedMtx/depth2/node4/test98_2.mtx 1.4 96.7201 0.0449132 0.515 
/home/antonkov/masterWork/tests/samePrefixMarkedMtx/depth2/node4/test98_2.mtx 1.5 126.433 0.0383912 0.426667 
/home/antonkov/masterWork/tests/samePrefixMarkedMtx/depth2/node4/test98_2.mtx 1.6 117.873 0.0323611 0.363333 
/home/antonkov/masterWork/tests/samePrefixMarkedMtx/depth2/node4/test98_2.mtx 1.7 135.4 0.024401 0.2775 
/home/antonkov/masterWork/tests/samePrefixMarkedMtx/depth2/node4/test98_2.mtx 1.8 144.968 0.0180764 0.226 
/home/antonkov/masterWork/tests/samePrefixMarkedMtx/depth2/node4/test98_2.mtx 1.9 175.505 0.0132862 0.157143 
/home/antonkov/masterWork/tests/samePrefixMarkedMtx/depth2/node4/test98_2.mtx 2 205.95 0.00954668 0.118889 
/home/antonkov/masterWork/tests/samePrefixMarkedMtx/depth2/node4/test98_2.mtx 2.1 286.871 0.00539583 0.0706667 
/home/antonkov/masterWork/tests/samePrefixMarkedMtx/depth2/node4/test98_2.mtx 2.2 409.1 0.00322917 0.0429167 
/home/antonkov/masterWork/tests/samePrefixMarkedMtx/depth2/node4/test98_2.mtx 2.3 538.641 0.00229613 0.0294286 
/home/antonkov/masterWork/tests/samePrefixMarkedMtx/depth2/node4/test98_2.mtx 2.4 693.991 0.00146378 0.02 
/home/antonkov/masterWork/tests/samePrefixMarkedMtx/depth2/node4/test98_2.mtx 2.5 890.986 0.00102577 0.0140845 
/home/antonkov/masterWork/tests/samePrefixMarkedMtx/depth2/node4/test98_2.mtx 2.6 1524.95 0.000523019 0.00699301 
/home/antonkov/masterWork/tests/samePrefixMarkedMtx/depth2/node4/test98_2.mtx 2.7 2223.62 0.000297798 0.00429787 
/home/antonkov/masterWork/tests/samePrefixMarkedMtx/depth2/node4/test98_2.mtx 2.8 3169.29 0.000167528 0.00255754 
/home/antonkov/masterWork/tests/samePrefixMarkedMtx/depth2/node4/test98_2.mtx 2.9 5240.02 8.73444e-05 0.00134953 
/home/antonkov/masterWork/tests/samePrefixMarkedMtx/depth2/node4/test98_2.mtx 3 9864.59 3.96998e-05 0.000632911 
/home/antonkov/masterWork/tests/samePrefixMarkedMtx/depth2/node4/test98_2.mtx 3.1 0 -1 -1 
/home/antonkov/masterWork/tests/samePrefixMarkedMtx/depth2/node4/test98_2.mtx 3.2 0 -1 -1 
/home/antonkov/masterWork/tests/samePrefixMarkedMtx/depth2/node4/test98_2.mtx 3.3 0 -1 -1 
/home/antonkov/masterWork/tests/samePrefixMarkedMtx/depth2/node4/test98_2.mtx 3.4 0 -1 -1 
/home/antonkov/masterWork/tests/samePrefixMarkedMtx/depth2/node4/test98_2.mtx 3.5 0 -1 -1 
/home/antonkov/masterWork/tests/samePrefixMarkedMtx/depth2/node4/test98_3.mtx 1 123.209 0.0823351 0.8 
/home/antonkov/masterWork/tests/samePrefixMarkedMtx/depth2/node4/test98_3.mtx 1.1 116.831 0.0743837 0.76 
/home/antonkov/masterWork/tests/samePrefixMarkedMtx/depth2/node4/test98_3.mtx 1.2 108.789 0.0657378 0.67 
/home/antonkov/masterWork/tests/samePrefixMarkedMtx/depth2/node4/test98_3.mtx 1.3 103.382 0.0575174 0.625 
/home/antonkov/masterWork/tests/samePrefixMarkedMtx/depth2/node4/test98_3.mtx 1.4 100.766 0.0507986 0.57 
/home/antonkov/masterWork/tests/samePrefixMarkedMtx/depth2/node4/test98_3.mtx 1.5 128.202 0.0408854 0.46 
/home/antonkov/masterWork/tests/samePrefixMarkedMtx/depth2/node4/test98_3.mtx 1.6 123.768 0.0311979 0.366667 
/home/antonkov/masterWork/tests/samePrefixMarkedMtx/depth2/node4/test98_3.mtx 1.7 135.842 0.0234288 0.2825 
/home/antonkov/masterWork/tests/samePrefixMarkedMtx/depth2/node4/test98_3.mtx 1.8 148.625 0.0180104 0.226 
/home/antonkov/masterWork/tests/samePrefixMarkedMtx/depth2/node4/test98_3.mtx 1.9 165.499 0.0134057 0.168333 
/home/antonkov/masterWork/tests/samePrefixMarkedMtx/depth2/node4/test98_3.mtx 2 214.005 0.00987654 0.123333 
/home/antonkov/masterWork/tests/samePrefixMarkedMtx/depth2/node4/test98_3.mtx 2.1 253.53 0.00664207 0.0841667 
/home/antonkov/masterWork/tests/samePrefixMarkedMtx/depth2/node4/test98_3.mtx 2.2 366.534 0.00383185 0.0485714 
/home/antonkov/masterWork/tests/samePrefixMarkedMtx/depth2/node4/test98_3.mtx 2.3 473.347 0.00267766 0.0343333 
/home/antonkov/masterWork/tests/samePrefixMarkedMtx/depth2/node4/test98_3.mtx 2.4 636.729 0.0018387 0.0238636 
/home/antonkov/masterWork/tests/samePrefixMarkedMtx/depth2/node4/test98_3.mtx 2.5 900.68 0.00106884 0.0144928 
/home/antonkov/masterWork/tests/samePrefixMarkedMtx/depth2/node4/test98_3.mtx 2.6 1419.25 0.000548584 0.00787402 
/home/antonkov/masterWork/tests/samePrefixMarkedMtx/depth2/node4/test98_3.mtx 2.7 1994.92 0.000325606 0.00490196 
/home/antonkov/masterWork/tests/samePrefixMarkedMtx/depth2/node4/test98_3.mtx 2.8 2772.1 0.000190484 0.00315625 
/home/antonkov/masterWork/tests/samePrefixMarkedMtx/depth2/node4/test98_3.mtx 2.9 5790.61 8.55702e-05 0.00127065 
/home/antonkov/masterWork/tests/samePrefixMarkedMtx/depth2/node4/test98_3.mtx 3 7599.95 5.3174e-05 0.000860585 
/home/antonkov/masterWork/tests/samePrefixMarkedMtx/depth2/node4/test98_3.mtx 3.1 0 -1 -1 
/home/antonkov/masterWork/tests/samePrefixMarkedMtx/depth2/node4/test98_3.mtx 3.2 0 -1 -1 
/home/antonkov/masterWork/tests/samePrefixMarkedMtx/depth2/node4/test98_3.mtx 3.3 0 -1 -1 
/home/antonkov/masterWork/tests/samePrefixMarkedMtx/depth2/node4/test98_3.mtx 3.4 0 -1 -1 
/home/antonkov/masterWork/tests/samePrefixMarkedMtx/depth2/node4/test98_3.mtx 3.5 0 -1 -1 
/home/antonkov/masterWork/tests/samePrefixMarkedMtx/depth2/node4/test98_4.mtx 1 126.346 0.0823177 0.82 
/home/antonkov/masterWork/tests/samePrefixMarkedMtx/depth2/node4/test98_4.mtx 1.1 122.735 0.0738715 0.765 
/home/antonkov/masterWork/tests/samePrefixMarkedMtx/depth2/node4/test98_4.mtx 1.2 114.181 0.0642101 0.675 
/home/antonkov/masterWork/tests/samePrefixMarkedMtx/depth2/node4/test98_4.mtx 1.3 100.596 0.0564931 0.605 
/home/antonkov/masterWork/tests/samePrefixMarkedMtx/depth2/node4/test98_4.mtx 1.4 96.6391 0.0474219 0.515 
/home/antonkov/masterWork/tests/samePrefixMarkedMtx/depth2/node4/test98_4.mtx 1.5 124.699 0.0366551 0.416667 
/home/antonkov/masterWork/tests/samePrefixMarkedMtx/depth2/node4/test98_4.mtx 1.6 113.582 0.0296065 0.34 
/home/antonkov/masterWork/tests/samePrefixMarkedMtx/depth2/node4/test98_4.mtx 1.7 128.305 0.0217361 0.26 
/home/antonkov/masterWork/tests/samePrefixMarkedMtx/depth2/node4/test98_4.mtx 1.8 166.645 0.0166406 0.205 
/home/antonkov/masterWork/tests/samePrefixMarkedMtx/depth2/node4/test98_4.mtx 1.9 175.739 0.0116295 0.145714 
/home/antonkov/masterWork/tests/samePrefixMarkedMtx/depth2/node4/test98_4.mtx 2 222.795 0.00889063 0.109 
/home/antonkov/masterWork/tests/samePrefixMarkedMtx/depth2/node4/test98_4.mtx 2.1 254.985 0.00637954 0.0807692 
/home/antonkov/masterWork/tests/samePrefixMarkedMtx/depth2/node4/test98_4.mtx 2.2 356.671 0.00367642 0.0480952 
/home/antonkov/masterWork/tests/samePrefixMarkedMtx/depth2/node4/test98_4.mtx 2.3 545.661 0.00231944 0.03 
/home/antonkov/masterWork/tests/samePrefixMarkedMtx/depth2/node4/test98_4.mtx 2.4 728.685 0.00148671 0.0194231 
/home/antonkov/masterWork/tests/samePrefixMarkedMtx/depth2/node4/test98_4.mtx 2.5 972.902 0.000937055 0.0129487 
/home/antonkov/masterWork/tests/samePrefixMarkedMtx/depth2/node4/test98_4.mtx 2.6 1426.19 0.000542435 0.00763359 
/home/antonkov/masterWork/tests/samePrefixMarkedMtx/depth2/node4/test98_4.mtx 2.7 2551.98 0.000252243 0.00364964 
/home/antonkov/masterWork/tests/samePrefixMarkedMtx/depth2/node4/test98_4.mtx 2.8 3784.76 0.000148434 0.0021645 
/home/antonkov/masterWork/tests/samePrefixMarkedMtx/depth2/node4/test98_4.mtx 2.9 6301.4 7.74057e-05 0.00113507 
/home/antonkov/masterWork/tests/samePrefixMarkedMtx/depth2/node4/test98_4.mtx 3 10061.4 3.71865e-05 0.000639386 
/home/antonkov/masterWork/tests/samePrefixMarkedMtx/depth2/node4/test98_4.mtx 3.1 0 -1 -1 
/home/antonkov/masterWork/tests/samePrefixMarkedMtx/depth2/node4/test98_4.mtx 3.2 0 -1 -1 
/home/antonkov/masterWork/tests/samePrefixMarkedMtx/depth2/node4/test98_4.mtx 3.3 0 -1 -1 
/home/antonkov/masterWork/tests/samePrefixMarkedMtx/depth2/node4/test98_4.mtx 3.4 0 -1 -1 
/home/antonkov/masterWork/tests/samePrefixMarkedMtx/depth2/node4/test98_4.mtx 3.5 0 -1 -1 
/home/antonkov/masterWork/tests/samePrefixMarkedMtx/depth2/node4/test99_0.mtx 1 123.228 0.081901 0.835 
/home/antonkov/masterWork/tests/samePrefixMarkedMtx/depth2/node4/test99_0.mtx 1.1 115.38 0.0742014 0.76 
/home/antonkov/masterWork/tests/samePrefixMarkedMtx/depth2/node4/test99_0.mtx 1.2 112.216 0.0648611 0.695 
/home/antonkov/masterWork/tests/samePrefixMarkedMtx/depth2/node4/test99_0.mtx 1.3 106.025 0.0559288 0.62 
/home/antonkov/masterWork/tests/samePrefixMarkedMtx/depth2/node4/test99_0.mtx 1.4 98.4576 0.0471615 0.53 
/home/antonkov/masterWork/tests/samePrefixMarkedMtx/depth2/node4/test99_0.mtx 1.5 128.36 0.0369329 0.426667 
/home/antonkov/masterWork/tests/samePrefixMarkedMtx/depth2/node4/test99_0.mtx 1.6 113.276 0.0282002 0.343333 
/home/antonkov/masterWork/tests/samePrefixMarkedMtx/depth2/node4/test99_0.mtx 1.7 135.092 0.0214453 0.2575 
/home/antonkov/masterWork/tests/samePrefixMarkedMtx/depth2/node4/test99_0.mtx 1.8 172.543 0.0161574 0.201667 
/home/antonkov/masterWork/tests/samePrefixMarkedMtx/depth2/node4/test99_0.mtx 1.9 179.325 0.0115327 0.144286 
/home/antonkov/masterWork/tests/samePrefixMarkedMtx/depth2/node4/test99_0.mtx 2 202.866 0.00866705 0.112222 
/home/antonkov/masterWork/tests/samePrefixMarkedMtx/depth2/node4/test99_0.mtx 2.1 283.934 0.00534838 0.0686667 
/home/antonkov/masterWork/tests/samePrefixMarkedMtx/depth2/node4/test99_0.mtx 2.2 374.637 0.00364899 0.0472727 
/home/antonkov/masterWork/tests/samePrefixMarkedMtx/depth2/node4/test99_0.mtx 2.3 541.711 0.00206935 0.0286111 
/home/antonkov/masterWork/tests/samePrefixMarkedMtx/depth2/node4/test99_0.mtx 2.4 687.436 0.00141411 0.0188679 
/home/antonkov/masterWork/tests/samePrefixMarkedMtx/depth2/node4/test99_0.mtx 2.5 1008.3 0.000841812 0.0116279 
/home/antonkov/masterWork/tests/samePrefixMarkedMtx/depth2/node4/test99_0.mtx 2.6 1498.1 0.000524623 0.00704225 
/home/antonkov/masterWork/tests/samePrefixMarkedMtx/depth2/node4/test99_0.mtx 2.7 1981.65 0.000320736 0.00465116 
/home/antonkov/masterWork/tests/samePrefixMarkedMtx/depth2/node4/test99_0.mtx 2.8 3117.99 0.000186882 0.0026178 
/home/antonkov/masterWork/tests/samePrefixMarkedMtx/depth2/node4/test99_0.mtx 2.9 5624.33 8.02075e-05 0.00126263 
/home/antonkov/masterWork/tests/samePrefixMarkedMtx/depth2/node4/test99_0.mtx 3 9103.81 4.17004e-05 0.000693001 
/home/antonkov/masterWork/tests/samePrefixMarkedMtx/depth2/node4/test99_0.mtx 3.1 0 -1 -1 
/home/antonkov/masterWork/tests/samePrefixMarkedMtx/depth2/node4/test99_0.mtx 3.2 0 -1 -1 
/home/antonkov/masterWork/tests/samePrefixMarkedMtx/depth2/node4/test99_0.mtx 3.3 0 -1 -1 
/home/antonkov/masterWork/tests/samePrefixMarkedMtx/depth2/node4/test99_0.mtx 3.4 0 -1 -1 
/home/antonkov/masterWork/tests/samePrefixMarkedMtx/depth2/node4/test99_0.mtx 3.5 0 -1 -1 
/home/antonkov/masterWork/tests/samePrefixMarkedMtx/depth2/node4/test99_1.mtx 1 124.524 0.0838889 0.85 
/home/antonkov/masterWork/tests/samePrefixMarkedMtx/depth2/node4/test99_1.mtx 1.1 122.421 0.0742882 0.775 
/home/antonkov/masterWork/tests/samePrefixMarkedMtx/depth2/node4/test99_1.mtx 1.2 110.112 0.0652951 0.7 
/home/antonkov/masterWork/tests/samePrefixMarkedMtx/depth2/node4/test99_1.mtx 1.3 103.529 0.0546875 0.61 
/home/antonkov/masterWork/tests/samePrefixMarkedMtx/depth2/node4/test99_1.mtx 1.4 130.276 0.042772 0.486667 
/home/antonkov/masterWork/tests/samePrefixMarkedMtx/depth2/node4/test99_1.mtx 1.5 121.72 0.0340336 0.396667 
/home/antonkov/masterWork/tests/samePrefixMarkedMtx/depth2/node4/test99_1.mtx 1.6 146.703 0.0284505 0.335 
/home/antonkov/masterWork/tests/samePrefixMarkedMtx/depth2/node4/test99_1.mtx 1.7 128.542 0.0218229 0.265 
/home/antonkov/masterWork/tests/samePrefixMarkedMtx/depth2/node4/test99_1.mtx 1.8 142.976 0.0170799 0.218 
/home/antonkov/masterWork/tests/samePrefixMarkedMtx/depth2/node4/test99_1.mtx 1.9 180.429 0.0124082 0.157143 
/home/antonkov/masterWork/tests/samePrefixMarkedMtx/depth2/node4/test99_1.mtx 2 193.112 0.0087037 0.112222 
/home/antonkov/masterWork/tests/samePrefixMarkedMtx/depth2/node4/test99_1.mtx 2.1 286.143 0.00585069 0.072 
/home/antonkov/masterWork/tests/samePrefixMarkedMtx/depth2/node4/test99_1.mtx 2.2 345.112 0.00399913 0.05 
/home/antonkov/masterWork/tests/samePrefixMarkedMtx/depth2/node4/test99_1.mtx 2.3 382.409 0.00316045 0.0416667 
/home/antonkov/masterWork/tests/samePrefixMarkedMtx/depth2/node4/test99_1.mtx 2.4 648.272 0.00160646 0.0212766 
/home/antonkov/masterWork/tests/samePrefixMarkedMtx/depth2/node4/test99_1.mtx 2.5 908.615 0.00102701 0.0131169 
/home/antonkov/masterWork/tests/samePrefixMarkedMtx/depth2/node4/test99_1.mtx 2.6 1162.29 0.000736079 0.00925926 
/home/antonkov/masterWork/tests/samePrefixMarkedMtx/depth2/node4/test99_1.mtx 2.7 2034.63 0.00034243 0.00457014 
/home/antonkov/masterWork/tests/samePrefixMarkedMtx/depth2/node4/test99_1.mtx 2.8 3181.17 0.000181337 0.00255754 
/home/antonkov/masterWork/tests/samePrefixMarkedMtx/depth2/node4/test99_1.mtx 2.9 4840.39 0.00010308 0.0014556 
/home/antonkov/masterWork/tests/samePrefixMarkedMtx/depth2/node4/test99_1.mtx 3 9686.88 3.90541e-05 0.000641437 
/home/antonkov/masterWork/tests/samePrefixMarkedMtx/depth2/node4/test99_1.mtx 3.1 0 -1 -1 
/home/antonkov/masterWork/tests/samePrefixMarkedMtx/depth2/node4/test99_1.mtx 3.2 0 -1 -1 
/home/antonkov/masterWork/tests/samePrefixMarkedMtx/depth2/node4/test99_1.mtx 3.3 0 -1 -1 
/home/antonkov/masterWork/tests/samePrefixMarkedMtx/depth2/node4/test99_1.mtx 3.4 0 -1 -1 
/home/antonkov/masterWork/tests/samePrefixMarkedMtx/depth2/node4/test99_1.mtx 3.5 0 -1 -1 
/home/antonkov/masterWork/tests/samePrefixMarkedMtx/depth2/node4/test99_2.mtx 1 124.969 0.0852865 0.84 
/home/antonkov/masterWork/tests/samePrefixMarkedMtx/depth2/node4/test99_2.mtx 1.1 122.572 0.0776215 0.78 
/home/antonkov/masterWork/tests/samePrefixMarkedMtx/depth2/node4/test99_2.mtx 1.2 113.118 0.0683073 0.71 
/home/antonkov/masterWork/tests/samePrefixMarkedMtx/depth2/node4/test99_2.mtx 1.3 102.98 0.0605122 0.645 
/home/antonkov/masterWork/tests/samePrefixMarkedMtx/depth2/node4/test99_2.mtx 1.4 96.855 0.051467 0.555 
/home/antonkov/masterWork/tests/samePrefixMarkedMtx/depth2/node4/test99_2.mtx 1.5 129.487 0.0376563 0.43 
/home/antonkov/masterWork/tests/samePrefixMarkedMtx/depth2/node4/test99_2.mtx 1.6 118.475 0.0302662 0.346667 
/home/antonkov/masterWork/tests/samePrefixMarkedMtx/depth2/node4/test99_2.mtx 1.7 136.294 0.0228559 0.265 
/home/antonkov/masterWork/tests/samePrefixMarkedMtx/depth2/node4/test99_2.mtx 1.8 144.406 0.0174826 0.2 
/home/antonkov/masterWork/tests/samePrefixMarkedMtx/depth2/node4/test99_2.mtx 1.9 176.602 0.0133854 0.158571 
/home/antonkov/masterWork/tests/samePrefixMarkedMtx/depth2/node4/test99_2.mtx 2 223.568 0.00916493 0.109 
/home/antonkov/masterWork/tests/samePrefixMarkedMtx/depth2/node4/test99_2.mtx 2.1 257.311 0.00642495 0.0792308 
/home/antonkov/masterWork/tests/samePrefixMarkedMtx/depth2/node4/test99_2.mtx 2.2 362.996 0.00360615 0.0480952 
/home/antonkov/masterWork/tests/samePrefixMarkedMtx/depth2/node4/test99_2.mtx 2.3 515.445 0.0022406 0.0297059 
/home/antonkov/masterWork/tests/samePrefixMarkedMtx/depth2/node4/test99_2.mtx 2.4 710.451 0.00136671 0.0190741 
/home/antonkov/masterWork/tests/samePrefixMarkedMtx/depth2/node4/test99_2.mtx 2.5 1024.36 0.000814575 0.0114943 
/home/antonkov/masterWork/tests/samePrefixMarkedMtx/depth2/node4/test99_2.mtx 2.6 1569.32 0.000497138 0.00675676 
/home/antonkov/masterWork/tests/samePrefixMarkedMtx/depth2/node4/test99_2.mtx 2.7 2419.84 0.000274474 0.00373134 
/home/antonkov/masterWork/tests/samePrefixMarkedMtx/depth2/node4/test99_2.mtx 2.8 3624.35 0.000143613 0.00221239 
/home/antonkov/masterWork/tests/samePrefixMarkedMtx/depth2/node4/test99_2.mtx 2.9 6161.36 7.53437e-05 0.00114025 
/home/antonkov/masterWork/tests/samePrefixMarkedMtx/depth2/node4/test99_2.mtx 3 8736.42 4.3078e-05 0.000719424 
/home/antonkov/masterWork/tests/samePrefixMarkedMtx/depth2/node4/test99_2.mtx 3.1 0 -1 -1 
/home/antonkov/masterWork/tests/samePrefixMarkedMtx/depth2/node4/test99_2.mtx 3.2 0 -1 -1 
/home/antonkov/masterWork/tests/samePrefixMarkedMtx/depth2/node4/test99_2.mtx 3.3 0 -1 -1 
/home/antonkov/masterWork/tests/samePrefixMarkedMtx/depth2/node4/test99_2.mtx 3.4 0 -1 -1 
/home/antonkov/masterWork/tests/samePrefixMarkedMtx/depth2/node4/test99_2.mtx 3.5 0 -1 -1 
/home/antonkov/masterWork/tests/samePrefixMarkedMtx/depth2/node4/test99_3.mtx 1 123.565 0.0827517 0.825 
/home/antonkov/masterWork/tests/samePrefixMarkedMtx/depth2/node4/test99_3.mtx 1.1 116.514 0.0750174 0.77 
/home/antonkov/masterWork/tests/samePrefixMarkedMtx/depth2/node4/test99_3.mtx 1.2 108.592 0.0653819 0.71 
/home/antonkov/masterWork/tests/samePrefixMarkedMtx/depth2/node4/test99_3.mtx 1.3 102.784 0.0559722 0.6 
/home/antonkov/masterWork/tests/samePrefixMarkedMtx/depth2/node4/test99_3.mtx 1.4 129.559 0.0442014 0.486667 
/home/antonkov/masterWork/tests/samePrefixMarkedMtx/depth2/node4/test99_3.mtx 1.5 119.691 0.035787 0.403333 
/home/antonkov/masterWork/tests/samePrefixMarkedMtx/depth2/node4/test99_3.mtx 1.6 144.442 0.026658 0.3125 
/home/antonkov/masterWork/tests/samePrefixMarkedMtx/depth2/node4/test99_3.mtx 1.7 156.604 0.0223125 0.26 
/home/antonkov/masterWork/tests/samePrefixMarkedMtx/depth2/node4/test99_3.mtx 1.8 141.354 0.0169097 0.202 
/home/antonkov/masterWork/tests/samePrefixMarkedMtx/depth2/node4/test99_3.mtx 1.9 173.491 0.0120213 0.148571 
/home/antonkov/masterWork/tests/samePrefixMarkedMtx/depth2/node4/test99_3.mtx 2 212.944 0.00852257 0.106 
/home/antonkov/masterWork/tests/samePrefixMarkedMtx/depth2/node4/test99_3.mtx 2.1 254.09 0.00636619 0.0792308 
/home/antonkov/masterWork/tests/samePrefixMarkedMtx/depth2/node4/test99_3.mtx 2.2 345.519 0.00364914 0.0480952 
/home/antonkov/masterWork/tests/samePrefixMarkedMtx/depth2/node4/test99_3.mtx 2.3 477.989 0.00246745 0.03125 
/home/antonkov/masterWork/tests/samePrefixMarkedMtx/depth2/node4/test99_3.mtx 2.4 703.422 0.00139446 0.0188679 
/home/antonkov/masterWork/tests/samePrefixMarkedMtx/depth2/node4/test99_3.mtx 2.5 1015.3 0.000805713 0.0113636 
/home/antonkov/masterWork/tests/samePrefixMarkedMtx/depth2/node4/test99_3.mtx 2.6 1430.69 0.000524607 0.00724638 
/home/antonkov/masterWork/tests/samePrefixMarkedMtx/depth2/node4/test99_3.mtx 2.7 2210.59 0.000278061 0.00408163 
/home/antonkov/masterWork/tests/samePrefixMarkedMtx/depth2/node4/test99_3.mtx 2.8 3524.4 0.000150788 0.00224719 
/home/antonkov/masterWork/tests/samePrefixMarkedMtx/depth2/node4/test99_3.mtx 2.9 5412.41 8.21968e-05 0.00128866 
/home/antonkov/masterWork/tests/samePrefixMarkedMtx/depth2/node4/test99_3.mtx 3 8926.64 4.41985e-05 0.000694444 
/home/antonkov/masterWork/tests/samePrefixMarkedMtx/depth2/node4/test99_3.mtx 3.1 0 -1 -1 
/home/antonkov/masterWork/tests/samePrefixMarkedMtx/depth2/node4/test99_3.mtx 3.2 0 -1 -1 
/home/antonkov/masterWork/tests/samePrefixMarkedMtx/depth2/node4/test99_3.mtx 3.3 0 -1 -1 
/home/antonkov/masterWork/tests/samePrefixMarkedMtx/depth2/node4/test99_3.mtx 3.4 0 -1 -1 
/home/antonkov/masterWork/tests/samePrefixMarkedMtx/depth2/node4/test99_3.mtx 3.5 0 -1 -1 
/home/antonkov/masterWork/tests/samePrefixMarkedMtx/depth2/node4/test99_4.mtx 1 121.87 0.0843663 0.825 
/home/antonkov/masterWork/tests/samePrefixMarkedMtx/depth2/node4/test99_4.mtx 1.1 120.889 0.0762674 0.77 
/home/antonkov/masterWork/tests/samePrefixMarkedMtx/depth2/node4/test99_4.mtx 1.2 113.109 0.0682292 0.715 
/home/antonkov/masterWork/tests/samePrefixMarkedMtx/depth2/node4/test99_4.mtx 1.3 103 0.0594705 0.635 
/home/antonkov/masterWork/tests/samePrefixMarkedMtx/depth2/node4/test99_4.mtx 1.4 100.086 0.050842 0.56 
/home/antonkov/masterWork/tests/samePrefixMarkedMtx/depth2/node4/test99_4.mtx 1.5 127.585 0.0400463 0.456667 
/home/antonkov/masterWork/tests/samePrefixMarkedMtx/depth2/node4/test99_4.mtx 1.6 117.474 0.0319792 0.36 
/home/antonkov/masterWork/tests/samePrefixMarkedMtx/depth2/node4/test99_4.mtx 1.7 131.654 0.0234028 0.2725 
/home/antonkov/masterWork/tests/samePrefixMarkedMtx/depth2/node4/test99_4.mtx 1.8 144.392 0.0168229 0.208 
/home/antonkov/masterWork/tests/samePrefixMarkedMtx/depth2/node4/test99_4.mtx 1.9 174.699 0.0124851 0.157143 
/home/antonkov/masterWork/tests/samePrefixMarkedMtx/depth2/node4/test99_4.mtx 2 220.03 0.00841146 0.106 
/home/antonkov/masterWork/tests/samePrefixMarkedMtx/depth2/node4/test99_4.mtx 2.1 273.105 0.00582465 0.0721429 
/home/antonkov/masterWork/tests/samePrefixMarkedMtx/depth2/node4/test99_4.mtx 2.2 398.179 0.00344763 0.0445833 
/home/antonkov/masterWork/tests/samePrefixMarkedMtx/depth2/node4/test99_4.mtx 2.3 522.93 0.00202579 0.0285714 
/home/antonkov/masterWork/tests/samePrefixMarkedMtx/depth2/node4/test99_4.mtx 2.4 767.626 0.00128712 0.017931 
/home/antonkov/masterWork/tests/samePrefixMarkedMtx/depth2/node4/test99_4.mtx 2.5 1044.03 0.000844381 0.0114773 
/home/antonkov/masterWork/tests/samePrefixMarkedMtx/depth2/node4/test99_4.mtx 2.6 1457.92 0.000498601 0.00726619 
/home/antonkov/masterWork/tests/samePrefixMarkedMtx/depth2/node4/test99_4.mtx 2.7 2176.27 0.000295285 0.00421941 
/home/antonkov/masterWork/tests/samePrefixMarkedMtx/depth2/node4/test99_4.mtx 2.8 3028.62 0.00017413 0.00271739 
/home/antonkov/masterWork/tests/samePrefixMarkedMtx/depth2/node4/test99_4.mtx 2.9 5932.97 7.4995e-05 0.00120192 
/home/antonkov/masterWork/tests/samePrefixMarkedMtx/depth2/node4/test99_4.mtx 3 10979.3 3.85125e-05 0.000576037 
/home/antonkov/masterWork/tests/samePrefixMarkedMtx/depth2/node4/test99_4.mtx 3.1 0 -1 -1 
/home/antonkov/masterWork/tests/samePrefixMarkedMtx/depth2/node4/test99_4.mtx 3.2 0 -1 -1 
/home/antonkov/masterWork/tests/samePrefixMarkedMtx/depth2/node4/test99_4.mtx 3.3 0 -1 -1 
/home/antonkov/masterWork/tests/samePrefixMarkedMtx/depth2/node4/test99_4.mtx 3.4 0 -1 -1 
/home/antonkov/masterWork/tests/samePrefixMarkedMtx/depth2/node4/test99_4.mtx 3.5 0 -1 -1 
