Results
Filename SNR Time(ms) BER FER
/home/antonkov/masterWork/tests/samePrefixMarkedMtx2304/depth2/node4/test0_0.mtx 1 498.975 0.0907378 0.96 
/home/antonkov/masterWork/tests/samePrefixMarkedMtx2304/depth2/node4/test0_0.mtx 1.1 472.736 0.082092 0.92 
/home/antonkov/masterWork/tests/samePrefixMarkedMtx2304/depth2/node4/test0_0.mtx 1.2 456.409 0.0712109 0.86 
/home/antonkov/masterWork/tests/samePrefixMarkedMtx2304/depth2/node4/test0_0.mtx 1.3 446.435 0.0537543 0.68 
/home/antonkov/masterWork/tests/samePrefixMarkedMtx2304/depth2/node4/test0_0.mtx 1.4 421.579 0.039145 0.51 
/home/antonkov/masterWork/tests/samePrefixMarkedMtx2304/depth2/node4/test0_0.mtx 1.5 523.952 0.022832 0.32 
/home/antonkov/masterWork/tests/samePrefixMarkedMtx2304/depth2/node4/test0_0.mtx 1.6 589.544 0.0144647 0.196667 
/home/antonkov/masterWork/tests/samePrefixMarkedMtx2304/depth2/node4/test0_0.mtx 1.7 694.525 0.00710764 0.106 
/home/antonkov/masterWork/tests/samePrefixMarkedMtx2304/depth2/node4/test0_0.mtx 1.8 1154.56 0.00255475 0.0384615 
/home/antonkov/masterWork/tests/samePrefixMarkedMtx2304/depth2/node4/test0_0.mtx 1.9 2491.17 0.000767253 0.0125 
/home/antonkov/masterWork/tests/samePrefixMarkedMtx2304/depth2/node4/test0_0.mtx 2 4844.96 0.000327579 0.00515464 
/home/antonkov/masterWork/tests/samePrefixMarkedMtx2304/depth2/node4/test0_0.mtx 2.1 0 -1 -1 
/home/antonkov/masterWork/tests/samePrefixMarkedMtx2304/depth2/node4/test0_0.mtx 2.2 0 -1 -1 
/home/antonkov/masterWork/tests/samePrefixMarkedMtx2304/depth2/node4/test0_0.mtx 2.3 0 -1 -1 
/home/antonkov/masterWork/tests/samePrefixMarkedMtx2304/depth2/node4/test0_0.mtx 2.4 0 -1 -1 
/home/antonkov/masterWork/tests/samePrefixMarkedMtx2304/depth2/node4/test0_0.mtx 2.5 0 -1 -1 
/home/antonkov/masterWork/tests/samePrefixMarkedMtx2304/depth2/node4/test0_0.mtx 2.6 0 -1 -1 
/home/antonkov/masterWork/tests/samePrefixMarkedMtx2304/depth2/node4/test0_0.mtx 2.7 0 -1 -1 
/home/antonkov/masterWork/tests/samePrefixMarkedMtx2304/depth2/node4/test0_0.mtx 2.8 0 -1 -1 
/home/antonkov/masterWork/tests/samePrefixMarkedMtx2304/depth2/node4/test0_0.mtx 2.9 0 -1 -1 
/home/antonkov/masterWork/tests/samePrefixMarkedMtx2304/depth2/node4/test0_0.mtx 3 0 -1 -1 
/home/antonkov/masterWork/tests/samePrefixMarkedMtx2304/depth2/node4/test0_0.mtx 3.1 0 -1 -1 
/home/antonkov/masterWork/tests/samePrefixMarkedMtx2304/depth2/node4/test0_0.mtx 3.2 0 -1 -1 
/home/antonkov/masterWork/tests/samePrefixMarkedMtx2304/depth2/node4/test0_0.mtx 3.3 0 -1 -1 
/home/antonkov/masterWork/tests/samePrefixMarkedMtx2304/depth2/node4/test0_0.mtx 3.4 0 -1 -1 
/home/antonkov/masterWork/tests/samePrefixMarkedMtx2304/depth2/node4/test0_0.mtx 3.5 0 -1 -1 
/home/antonkov/masterWork/tests/samePrefixMarkedMtx2304/depth2/node4/test0_1.mtx 1 468.295 0.0916016 0.97 
/home/antonkov/masterWork/tests/samePrefixMarkedMtx2304/depth2/node4/test0_1.mtx 1.1 469.026 0.0836675 0.94 
/home/antonkov/masterWork/tests/samePrefixMarkedMtx2304/depth2/node4/test0_1.mtx 1.2 462.295 0.069553 0.84 
/home/antonkov/masterWork/tests/samePrefixMarkedMtx2304/depth2/node4/test0_1.mtx 1.3 450.473 0.0551476 0.72 
/home/antonkov/masterWork/tests/samePrefixMarkedMtx2304/depth2/node4/test0_1.mtx 1.4 552.207 0.0359679 0.47 
/home/antonkov/masterWork/tests/samePrefixMarkedMtx2304/depth2/node4/test0_1.mtx 1.5 519.793 0.0230187 0.325 
/home/antonkov/masterWork/tests/samePrefixMarkedMtx2304/depth2/node4/test0_1.mtx 1.6 659.244 0.0100629 0.135 
/home/antonkov/masterWork/tests/samePrefixMarkedMtx2304/depth2/node4/test0_1.mtx 1.7 846.37 0.00495412 0.0728571 
/home/antonkov/masterWork/tests/samePrefixMarkedMtx2304/depth2/node4/test0_1.mtx 1.8 1188.72 0.0025093 0.0364286 
/home/antonkov/masterWork/tests/samePrefixMarkedMtx2304/depth2/node4/test0_1.mtx 1.9 2419.5 0.000853893 0.0134211 
/home/antonkov/masterWork/tests/samePrefixMarkedMtx2304/depth2/node4/test0_1.mtx 2 6223.26 0.000241979 0.004 
/home/antonkov/masterWork/tests/samePrefixMarkedMtx2304/depth2/node4/test0_1.mtx 2.1 0 -1 -1 
/home/antonkov/masterWork/tests/samePrefixMarkedMtx2304/depth2/node4/test0_1.mtx 2.2 0 -1 -1 
/home/antonkov/masterWork/tests/samePrefixMarkedMtx2304/depth2/node4/test0_1.mtx 2.3 0 -1 -1 
/home/antonkov/masterWork/tests/samePrefixMarkedMtx2304/depth2/node4/test0_1.mtx 2.4 0 -1 -1 
/home/antonkov/masterWork/tests/samePrefixMarkedMtx2304/depth2/node4/test0_1.mtx 2.5 0 -1 -1 
/home/antonkov/masterWork/tests/samePrefixMarkedMtx2304/depth2/node4/test0_1.mtx 2.6 0 -1 -1 
/home/antonkov/masterWork/tests/samePrefixMarkedMtx2304/depth2/node4/test0_1.mtx 2.7 0 -1 -1 
/home/antonkov/masterWork/tests/samePrefixMarkedMtx2304/depth2/node4/test0_1.mtx 2.8 0 -1 -1 
/home/antonkov/masterWork/tests/samePrefixMarkedMtx2304/depth2/node4/test0_1.mtx 2.9 0 -1 -1 
/home/antonkov/masterWork/tests/samePrefixMarkedMtx2304/depth2/node4/test0_1.mtx 3 0 -1 -1 
/home/antonkov/masterWork/tests/samePrefixMarkedMtx2304/depth2/node4/test0_1.mtx 3.1 0 -1 -1 
/home/antonkov/masterWork/tests/samePrefixMarkedMtx2304/depth2/node4/test0_1.mtx 3.2 0 -1 -1 
/home/antonkov/masterWork/tests/samePrefixMarkedMtx2304/depth2/node4/test0_1.mtx 3.3 0 -1 -1 
/home/antonkov/masterWork/tests/samePrefixMarkedMtx2304/depth2/node4/test0_1.mtx 3.4 0 -1 -1 
/home/antonkov/masterWork/tests/samePrefixMarkedMtx2304/depth2/node4/test0_1.mtx 3.5 0 -1 -1 
/home/antonkov/masterWork/tests/samePrefixMarkedMtx2304/depth2/node4/test0_2.mtx 1 466.33 0.0890451 0.96 
/home/antonkov/masterWork/tests/samePrefixMarkedMtx2304/depth2/node4/test0_2.mtx 1.1 459.257 0.0790538 0.9 
/home/antonkov/masterWork/tests/samePrefixMarkedMtx2304/depth2/node4/test0_2.mtx 1.2 465.086 0.0680425 0.82 
/home/antonkov/masterWork/tests/samePrefixMarkedMtx2304/depth2/node4/test0_2.mtx 1.3 440.363 0.0501432 0.64 
/home/antonkov/masterWork/tests/samePrefixMarkedMtx2304/depth2/node4/test0_2.mtx 1.4 548.133 0.033572 0.455 
/home/antonkov/masterWork/tests/samePrefixMarkedMtx2304/depth2/node4/test0_2.mtx 1.5 511.755 0.0201085 0.275 
/home/antonkov/masterWork/tests/samePrefixMarkedMtx2304/depth2/node4/test0_2.mtx 1.6 591.432 0.0122208 0.173333 
/home/antonkov/masterWork/tests/samePrefixMarkedMtx2304/depth2/node4/test0_2.mtx 1.7 751.255 0.00586227 0.09 
/home/antonkov/masterWork/tests/samePrefixMarkedMtx2304/depth2/node4/test0_2.mtx 1.8 1165.69 0.0024813 0.0384615 
/home/antonkov/masterWork/tests/samePrefixMarkedMtx2304/depth2/node4/test0_2.mtx 1.9 2195.18 0.00101904 0.0157576 
/home/antonkov/masterWork/tests/samePrefixMarkedMtx2304/depth2/node4/test0_2.mtx 2 5073.26 0.000294832 0.00505051 
/home/antonkov/masterWork/tests/samePrefixMarkedMtx2304/depth2/node4/test0_2.mtx 2.1 0 -1 -1 
/home/antonkov/masterWork/tests/samePrefixMarkedMtx2304/depth2/node4/test0_2.mtx 2.2 0 -1 -1 
/home/antonkov/masterWork/tests/samePrefixMarkedMtx2304/depth2/node4/test0_2.mtx 2.3 0 -1 -1 
/home/antonkov/masterWork/tests/samePrefixMarkedMtx2304/depth2/node4/test0_2.mtx 2.4 0 -1 -1 
/home/antonkov/masterWork/tests/samePrefixMarkedMtx2304/depth2/node4/test0_2.mtx 2.5 0 -1 -1 
/home/antonkov/masterWork/tests/samePrefixMarkedMtx2304/depth2/node4/test0_2.mtx 2.6 0 -1 -1 
/home/antonkov/masterWork/tests/samePrefixMarkedMtx2304/depth2/node4/test0_2.mtx 2.7 0 -1 -1 
/home/antonkov/masterWork/tests/samePrefixMarkedMtx2304/depth2/node4/test0_2.mtx 2.8 0 -1 -1 
/home/antonkov/masterWork/tests/samePrefixMarkedMtx2304/depth2/node4/test0_2.mtx 2.9 0 -1 -1 
/home/antonkov/masterWork/tests/samePrefixMarkedMtx2304/depth2/node4/test0_2.mtx 3 0 -1 -1 
/home/antonkov/masterWork/tests/samePrefixMarkedMtx2304/depth2/node4/test0_2.mtx 3.1 0 -1 -1 
/home/antonkov/masterWork/tests/samePrefixMarkedMtx2304/depth2/node4/test0_2.mtx 3.2 0 -1 -1 
/home/antonkov/masterWork/tests/samePrefixMarkedMtx2304/depth2/node4/test0_2.mtx 3.3 0 -1 -1 
/home/antonkov/masterWork/tests/samePrefixMarkedMtx2304/depth2/node4/test0_2.mtx 3.4 0 -1 -1 
/home/antonkov/masterWork/tests/samePrefixMarkedMtx2304/depth2/node4/test0_2.mtx 3.5 0 -1 -1 
/home/antonkov/masterWork/tests/samePrefixMarkedMtx2304/depth2/node4/test0_3.mtx 1 475.129 0.0872222 0.95 
/home/antonkov/masterWork/tests/samePrefixMarkedMtx2304/depth2/node4/test0_3.mtx 1.1 466.703 0.0782943 0.92 
/home/antonkov/masterWork/tests/samePrefixMarkedMtx2304/depth2/node4/test0_3.mtx 1.2 453.917 0.0626997 0.78 
/home/antonkov/masterWork/tests/samePrefixMarkedMtx2304/depth2/node4/test0_3.mtx 1.3 436.73 0.0493533 0.63 
/home/antonkov/masterWork/tests/samePrefixMarkedMtx2304/depth2/node4/test0_3.mtx 1.4 558.298 0.0356228 0.48 
/home/antonkov/masterWork/tests/samePrefixMarkedMtx2304/depth2/node4/test0_3.mtx 1.5 526.366 0.0194314 0.285 
/home/antonkov/masterWork/tests/samePrefixMarkedMtx2304/depth2/node4/test0_3.mtx 1.6 649.621 0.0108908 0.155 
/home/antonkov/masterWork/tests/samePrefixMarkedMtx2304/depth2/node4/test0_3.mtx 1.7 829.271 0.00558718 0.0814286 
/home/antonkov/masterWork/tests/samePrefixMarkedMtx2304/depth2/node4/test0_3.mtx 1.8 1281.72 0.00231887 0.0346667 
/home/antonkov/masterWork/tests/samePrefixMarkedMtx2304/depth2/node4/test0_3.mtx 1.9 2310.24 0.000921379 0.0142857 
/home/antonkov/masterWork/tests/samePrefixMarkedMtx2304/depth2/node4/test0_3.mtx 2 4906.98 0.000303413 0.00520833 
/home/antonkov/masterWork/tests/samePrefixMarkedMtx2304/depth2/node4/test0_3.mtx 2.1 0 -1 -1 
/home/antonkov/masterWork/tests/samePrefixMarkedMtx2304/depth2/node4/test0_3.mtx 2.2 0 -1 -1 
/home/antonkov/masterWork/tests/samePrefixMarkedMtx2304/depth2/node4/test0_3.mtx 2.3 0 -1 -1 
/home/antonkov/masterWork/tests/samePrefixMarkedMtx2304/depth2/node4/test0_3.mtx 2.4 0 -1 -1 
/home/antonkov/masterWork/tests/samePrefixMarkedMtx2304/depth2/node4/test0_3.mtx 2.5 0 -1 -1 
/home/antonkov/masterWork/tests/samePrefixMarkedMtx2304/depth2/node4/test0_3.mtx 2.6 0 -1 -1 
/home/antonkov/masterWork/tests/samePrefixMarkedMtx2304/depth2/node4/test0_3.mtx 2.7 0 -1 -1 
/home/antonkov/masterWork/tests/samePrefixMarkedMtx2304/depth2/node4/test0_3.mtx 2.8 0 -1 -1 
/home/antonkov/masterWork/tests/samePrefixMarkedMtx2304/depth2/node4/test0_3.mtx 2.9 0 -1 -1 
/home/antonkov/masterWork/tests/samePrefixMarkedMtx2304/depth2/node4/test0_3.mtx 3 0 -1 -1 
/home/antonkov/masterWork/tests/samePrefixMarkedMtx2304/depth2/node4/test0_3.mtx 3.1 0 -1 -1 
/home/antonkov/masterWork/tests/samePrefixMarkedMtx2304/depth2/node4/test0_3.mtx 3.2 0 -1 -1 
/home/antonkov/masterWork/tests/samePrefixMarkedMtx2304/depth2/node4/test0_3.mtx 3.3 0 -1 -1 
/home/antonkov/masterWork/tests/samePrefixMarkedMtx2304/depth2/node4/test0_3.mtx 3.4 0 -1 -1 
/home/antonkov/masterWork/tests/samePrefixMarkedMtx2304/depth2/node4/test0_3.mtx 3.5 0 -1 -1 
/home/antonkov/masterWork/tests/samePrefixMarkedMtx2304/depth2/node4/test0_4.mtx 1 462.723 0.0861415 0.93 
/home/antonkov/masterWork/tests/samePrefixMarkedMtx2304/depth2/node4/test0_4.mtx 1.1 463.281 0.0755729 0.86 
/home/antonkov/masterWork/tests/samePrefixMarkedMtx2304/depth2/node4/test0_4.mtx 1.2 459.729 0.063724 0.78 
/home/antonkov/masterWork/tests/samePrefixMarkedMtx2304/depth2/node4/test0_4.mtx 1.3 433.266 0.0483073 0.6 
/home/antonkov/masterWork/tests/samePrefixMarkedMtx2304/depth2/node4/test0_4.mtx 1.4 424.361 0.0372135 0.51 
/home/antonkov/masterWork/tests/samePrefixMarkedMtx2304/depth2/node4/test0_4.mtx 1.5 518.355 0.0216233 0.285 
/home/antonkov/masterWork/tests/samePrefixMarkedMtx2304/depth2/node4/test0_4.mtx 1.6 582.11 0.0126751 0.176667 
/home/antonkov/masterWork/tests/samePrefixMarkedMtx2304/depth2/node4/test0_4.mtx 1.7 696.321 0.00676215 0.1 
/home/antonkov/masterWork/tests/samePrefixMarkedMtx2304/depth2/node4/test0_4.mtx 1.8 1059.85 0.00277186 0.0454545 
/home/antonkov/masterWork/tests/samePrefixMarkedMtx2304/depth2/node4/test0_4.mtx 1.9 2160.78 0.000995416 0.0165625 
/home/antonkov/masterWork/tests/samePrefixMarkedMtx2304/depth2/node4/test0_4.mtx 2 4427.29 0.000332721 0.00588235 
/home/antonkov/masterWork/tests/samePrefixMarkedMtx2304/depth2/node4/test0_4.mtx 2.1 0 -1 -1 
/home/antonkov/masterWork/tests/samePrefixMarkedMtx2304/depth2/node4/test0_4.mtx 2.2 0 -1 -1 
/home/antonkov/masterWork/tests/samePrefixMarkedMtx2304/depth2/node4/test0_4.mtx 2.3 0 -1 -1 
/home/antonkov/masterWork/tests/samePrefixMarkedMtx2304/depth2/node4/test0_4.mtx 2.4 0 -1 -1 
/home/antonkov/masterWork/tests/samePrefixMarkedMtx2304/depth2/node4/test0_4.mtx 2.5 0 -1 -1 
/home/antonkov/masterWork/tests/samePrefixMarkedMtx2304/depth2/node4/test0_4.mtx 2.6 0 -1 -1 
/home/antonkov/masterWork/tests/samePrefixMarkedMtx2304/depth2/node4/test0_4.mtx 2.7 0 -1 -1 
/home/antonkov/masterWork/tests/samePrefixMarkedMtx2304/depth2/node4/test0_4.mtx 2.8 0 -1 -1 
/home/antonkov/masterWork/tests/samePrefixMarkedMtx2304/depth2/node4/test0_4.mtx 2.9 0 -1 -1 
/home/antonkov/masterWork/tests/samePrefixMarkedMtx2304/depth2/node4/test0_4.mtx 3 0 -1 -1 
/home/antonkov/masterWork/tests/samePrefixMarkedMtx2304/depth2/node4/test0_4.mtx 3.1 0 -1 -1 
/home/antonkov/masterWork/tests/samePrefixMarkedMtx2304/depth2/node4/test0_4.mtx 3.2 0 -1 -1 
/home/antonkov/masterWork/tests/samePrefixMarkedMtx2304/depth2/node4/test0_4.mtx 3.3 0 -1 -1 
/home/antonkov/masterWork/tests/samePrefixMarkedMtx2304/depth2/node4/test0_4.mtx 3.4 0 -1 -1 
/home/antonkov/masterWork/tests/samePrefixMarkedMtx2304/depth2/node4/test0_4.mtx 3.5 0 -1 -1 
/home/antonkov/masterWork/tests/samePrefixMarkedMtx2304/depth2/node4/test1_0.mtx 1 462.881 0.0923741 0.97 
/home/antonkov/masterWork/tests/samePrefixMarkedMtx2304/depth2/node4/test1_0.mtx 1.1 463.626 0.0820139 0.93 
/home/antonkov/masterWork/tests/samePrefixMarkedMtx2304/depth2/node4/test1_0.mtx 1.2 450.588 0.0694358 0.83 
/home/antonkov/masterWork/tests/samePrefixMarkedMtx2304/depth2/node4/test1_0.mtx 1.3 429.944 0.0552995 0.69 
/home/antonkov/masterWork/tests/samePrefixMarkedMtx2304/depth2/node4/test1_0.mtx 1.4 545.628 0.0378559 0.495 
/home/antonkov/masterWork/tests/samePrefixMarkedMtx2304/depth2/node4/test1_0.mtx 1.5 494.085 0.0212391 0.3 
/home/antonkov/masterWork/tests/samePrefixMarkedMtx2304/depth2/node4/test1_0.mtx 1.6 550.782 0.0121687 0.166667 
/home/antonkov/masterWork/tests/samePrefixMarkedMtx2304/depth2/node4/test1_0.mtx 1.7 746.938 0.00601128 0.085 
/home/antonkov/masterWork/tests/samePrefixMarkedMtx2304/depth2/node4/test1_0.mtx 1.8 1088.83 0.00293837 0.0425 
/home/antonkov/masterWork/tests/samePrefixMarkedMtx2304/depth2/node4/test1_0.mtx 1.9 1922.25 0.00115496 0.0172414 
/home/antonkov/masterWork/tests/samePrefixMarkedMtx2304/depth2/node4/test1_0.mtx 2 4772.52 0.000348622 0.00537634 
/home/antonkov/masterWork/tests/samePrefixMarkedMtx2304/depth2/node4/test1_0.mtx 2.1 0 -1 -1 
/home/antonkov/masterWork/tests/samePrefixMarkedMtx2304/depth2/node4/test1_0.mtx 2.2 0 -1 -1 
/home/antonkov/masterWork/tests/samePrefixMarkedMtx2304/depth2/node4/test1_0.mtx 2.3 0 -1 -1 
/home/antonkov/masterWork/tests/samePrefixMarkedMtx2304/depth2/node4/test1_0.mtx 2.4 0 -1 -1 
/home/antonkov/masterWork/tests/samePrefixMarkedMtx2304/depth2/node4/test1_0.mtx 2.5 0 -1 -1 
/home/antonkov/masterWork/tests/samePrefixMarkedMtx2304/depth2/node4/test1_0.mtx 2.6 0 -1 -1 
/home/antonkov/masterWork/tests/samePrefixMarkedMtx2304/depth2/node4/test1_0.mtx 2.7 0 -1 -1 
/home/antonkov/masterWork/tests/samePrefixMarkedMtx2304/depth2/node4/test1_0.mtx 2.8 0 -1 -1 
/home/antonkov/masterWork/tests/samePrefixMarkedMtx2304/depth2/node4/test1_0.mtx 2.9 0 -1 -1 
/home/antonkov/masterWork/tests/samePrefixMarkedMtx2304/depth2/node4/test1_0.mtx 3 0 -1 -1 
/home/antonkov/masterWork/tests/samePrefixMarkedMtx2304/depth2/node4/test1_0.mtx 3.1 0 -1 -1 
/home/antonkov/masterWork/tests/samePrefixMarkedMtx2304/depth2/node4/test1_0.mtx 3.2 0 -1 -1 
/home/antonkov/masterWork/tests/samePrefixMarkedMtx2304/depth2/node4/test1_0.mtx 3.3 0 -1 -1 
/home/antonkov/masterWork/tests/samePrefixMarkedMtx2304/depth2/node4/test1_0.mtx 3.4 0 -1 -1 
/home/antonkov/masterWork/tests/samePrefixMarkedMtx2304/depth2/node4/test1_0.mtx 3.5 0 -1 -1 
/home/antonkov/masterWork/tests/samePrefixMarkedMtx2304/depth2/node4/test1_1.mtx 1 455.385 0.0903299 0.97 
/home/antonkov/masterWork/tests/samePrefixMarkedMtx2304/depth2/node4/test1_1.mtx 1.1 451.269 0.079349 0.9 
/home/antonkov/masterWork/tests/samePrefixMarkedMtx2304/depth2/node4/test1_1.mtx 1.2 442.618 0.0632031 0.75 
/home/antonkov/masterWork/tests/samePrefixMarkedMtx2304/depth2/node4/test1_1.mtx 1.3 424.755 0.0499089 0.66 
/home/antonkov/masterWork/tests/samePrefixMarkedMtx2304/depth2/node4/test1_1.mtx 1.4 535.557 0.0355881 0.47 
/home/antonkov/masterWork/tests/samePrefixMarkedMtx2304/depth2/node4/test1_1.mtx 1.5 492.665 0.0226758 0.295 
/home/antonkov/masterWork/tests/samePrefixMarkedMtx2304/depth2/node4/test1_1.mtx 1.6 549.777 0.0128646 0.176667 
/home/antonkov/masterWork/tests/samePrefixMarkedMtx2304/depth2/node4/test1_1.mtx 1.7 774.535 0.00634766 0.095 
/home/antonkov/masterWork/tests/samePrefixMarkedMtx2304/depth2/node4/test1_1.mtx 1.8 1172.97 0.00269298 0.04 
/home/antonkov/masterWork/tests/samePrefixMarkedMtx2304/depth2/node4/test1_1.mtx 1.9 2109.59 0.00109473 0.0174194 
/home/antonkov/masterWork/tests/samePrefixMarkedMtx2304/depth2/node4/test1_1.mtx 2 4705.15 0.00035788 0.00555556 
/home/antonkov/masterWork/tests/samePrefixMarkedMtx2304/depth2/node4/test1_1.mtx 2.1 0 -1 -1 
/home/antonkov/masterWork/tests/samePrefixMarkedMtx2304/depth2/node4/test1_1.mtx 2.2 0 -1 -1 
/home/antonkov/masterWork/tests/samePrefixMarkedMtx2304/depth2/node4/test1_1.mtx 2.3 0 -1 -1 
/home/antonkov/masterWork/tests/samePrefixMarkedMtx2304/depth2/node4/test1_1.mtx 2.4 0 -1 -1 
/home/antonkov/masterWork/tests/samePrefixMarkedMtx2304/depth2/node4/test1_1.mtx 2.5 0 -1 -1 
/home/antonkov/masterWork/tests/samePrefixMarkedMtx2304/depth2/node4/test1_1.mtx 2.6 0 -1 -1 
/home/antonkov/masterWork/tests/samePrefixMarkedMtx2304/depth2/node4/test1_1.mtx 2.7 0 -1 -1 
/home/antonkov/masterWork/tests/samePrefixMarkedMtx2304/depth2/node4/test1_1.mtx 2.8 0 -1 -1 
/home/antonkov/masterWork/tests/samePrefixMarkedMtx2304/depth2/node4/test1_1.mtx 2.9 0 -1 -1 
/home/antonkov/masterWork/tests/samePrefixMarkedMtx2304/depth2/node4/test1_1.mtx 3 0 -1 -1 
/home/antonkov/masterWork/tests/samePrefixMarkedMtx2304/depth2/node4/test1_1.mtx 3.1 0 -1 -1 
/home/antonkov/masterWork/tests/samePrefixMarkedMtx2304/depth2/node4/test1_1.mtx 3.2 0 -1 -1 
/home/antonkov/masterWork/tests/samePrefixMarkedMtx2304/depth2/node4/test1_1.mtx 3.3 0 -1 -1 
/home/antonkov/masterWork/tests/samePrefixMarkedMtx2304/depth2/node4/test1_1.mtx 3.4 0 -1 -1 
/home/antonkov/masterWork/tests/samePrefixMarkedMtx2304/depth2/node4/test1_1.mtx 3.5 0 -1 -1 
/home/antonkov/masterWork/tests/samePrefixMarkedMtx2304/depth2/node4/test1_2.mtx 1 466.101 0.0900564 0.94 
/home/antonkov/masterWork/tests/samePrefixMarkedMtx2304/depth2/node4/test1_2.mtx 1.1 465.778 0.0795833 0.9 
/home/antonkov/masterWork/tests/samePrefixMarkedMtx2304/depth2/node4/test1_2.mtx 1.2 438.234 0.0667535 0.79 
/home/antonkov/masterWork/tests/samePrefixMarkedMtx2304/depth2/node4/test1_2.mtx 1.3 418.265 0.0521571 0.65 
/home/antonkov/masterWork/tests/samePrefixMarkedMtx2304/depth2/node4/test1_2.mtx 1.4 545.251 0.04102 0.515 
/home/antonkov/masterWork/tests/samePrefixMarkedMtx2304/depth2/node4/test1_2.mtx 1.5 503.717 0.0254883 0.345 
/home/antonkov/masterWork/tests/samePrefixMarkedMtx2304/depth2/node4/test1_2.mtx 1.6 567.431 0.0137587 0.19 
/home/antonkov/masterWork/tests/samePrefixMarkedMtx2304/depth2/node4/test1_2.mtx 1.7 771.232 0.00589554 0.0866667 
/home/antonkov/masterWork/tests/samePrefixMarkedMtx2304/depth2/node4/test1_2.mtx 1.8 1285.12 0.00242188 0.0353333 
/home/antonkov/masterWork/tests/samePrefixMarkedMtx2304/depth2/node4/test1_2.mtx 1.9 1934.72 0.00118699 0.0172414 
/home/antonkov/masterWork/tests/samePrefixMarkedMtx2304/depth2/node4/test1_2.mtx 2 5024.82 0.00033429 0.00520408 
/home/antonkov/masterWork/tests/samePrefixMarkedMtx2304/depth2/node4/test1_2.mtx 2.1 0 -1 -1 
/home/antonkov/masterWork/tests/samePrefixMarkedMtx2304/depth2/node4/test1_2.mtx 2.2 0 -1 -1 
/home/antonkov/masterWork/tests/samePrefixMarkedMtx2304/depth2/node4/test1_2.mtx 2.3 0 -1 -1 
/home/antonkov/masterWork/tests/samePrefixMarkedMtx2304/depth2/node4/test1_2.mtx 2.4 0 -1 -1 
/home/antonkov/masterWork/tests/samePrefixMarkedMtx2304/depth2/node4/test1_2.mtx 2.5 0 -1 -1 
/home/antonkov/masterWork/tests/samePrefixMarkedMtx2304/depth2/node4/test1_2.mtx 2.6 0 -1 -1 
/home/antonkov/masterWork/tests/samePrefixMarkedMtx2304/depth2/node4/test1_2.mtx 2.7 0 -1 -1 
/home/antonkov/masterWork/tests/samePrefixMarkedMtx2304/depth2/node4/test1_2.mtx 2.8 0 -1 -1 
/home/antonkov/masterWork/tests/samePrefixMarkedMtx2304/depth2/node4/test1_2.mtx 2.9 0 -1 -1 
/home/antonkov/masterWork/tests/samePrefixMarkedMtx2304/depth2/node4/test1_2.mtx 3 0 -1 -1 
/home/antonkov/masterWork/tests/samePrefixMarkedMtx2304/depth2/node4/test1_2.mtx 3.1 0 -1 -1 
/home/antonkov/masterWork/tests/samePrefixMarkedMtx2304/depth2/node4/test1_2.mtx 3.2 0 -1 -1 
/home/antonkov/masterWork/tests/samePrefixMarkedMtx2304/depth2/node4/test1_2.mtx 3.3 0 -1 -1 
/home/antonkov/masterWork/tests/samePrefixMarkedMtx2304/depth2/node4/test1_2.mtx 3.4 0 -1 -1 
/home/antonkov/masterWork/tests/samePrefixMarkedMtx2304/depth2/node4/test1_2.mtx 3.5 0 -1 -1 
/home/antonkov/masterWork/tests/samePrefixMarkedMtx2304/depth2/node4/test1_3.mtx 1 453.24 0.0884939 0.93 
/home/antonkov/masterWork/tests/samePrefixMarkedMtx2304/depth2/node4/test1_3.mtx 1.1 463.293 0.0803168 0.9 
/home/antonkov/masterWork/tests/samePrefixMarkedMtx2304/depth2/node4/test1_3.mtx 1.2 445.485 0.0651563 0.77 
/home/antonkov/masterWork/tests/samePrefixMarkedMtx2304/depth2/node4/test1_3.mtx 1.3 426.746 0.0514583 0.65 
/home/antonkov/masterWork/tests/samePrefixMarkedMtx2304/depth2/node4/test1_3.mtx 1.4 546.439 0.0353016 0.485 
/home/antonkov/masterWork/tests/samePrefixMarkedMtx2304/depth2/node4/test1_3.mtx 1.5 492.606 0.0231445 0.3 
/home/antonkov/masterWork/tests/samePrefixMarkedMtx2304/depth2/node4/test1_3.mtx 1.6 659.582 0.0109635 0.15 
/home/antonkov/masterWork/tests/samePrefixMarkedMtx2304/depth2/node4/test1_3.mtx 1.7 765.719 0.00576317 0.085 
/home/antonkov/masterWork/tests/samePrefixMarkedMtx2304/depth2/node4/test1_3.mtx 1.8 1162.9 0.0025227 0.0384615 
/home/antonkov/masterWork/tests/samePrefixMarkedMtx2304/depth2/node4/test1_3.mtx 1.9 1995.95 0.00105628 0.0166667 
/home/antonkov/masterWork/tests/samePrefixMarkedMtx2304/depth2/node4/test1_3.mtx 2 4474.97 0.000355196 0.00593023 
/home/antonkov/masterWork/tests/samePrefixMarkedMtx2304/depth2/node4/test1_3.mtx 2.1 0 -1 -1 
/home/antonkov/masterWork/tests/samePrefixMarkedMtx2304/depth2/node4/test1_3.mtx 2.2 0 -1 -1 
/home/antonkov/masterWork/tests/samePrefixMarkedMtx2304/depth2/node4/test1_3.mtx 2.3 0 -1 -1 
/home/antonkov/masterWork/tests/samePrefixMarkedMtx2304/depth2/node4/test1_3.mtx 2.4 0 -1 -1 
/home/antonkov/masterWork/tests/samePrefixMarkedMtx2304/depth2/node4/test1_3.mtx 2.5 0 -1 -1 
/home/antonkov/masterWork/tests/samePrefixMarkedMtx2304/depth2/node4/test1_3.mtx 2.6 0 -1 -1 
/home/antonkov/masterWork/tests/samePrefixMarkedMtx2304/depth2/node4/test1_3.mtx 2.7 0 -1 -1 
/home/antonkov/masterWork/tests/samePrefixMarkedMtx2304/depth2/node4/test1_3.mtx 2.8 0 -1 -1 
/home/antonkov/masterWork/tests/samePrefixMarkedMtx2304/depth2/node4/test1_3.mtx 2.9 0 -1 -1 
/home/antonkov/masterWork/tests/samePrefixMarkedMtx2304/depth2/node4/test1_3.mtx 3 0 -1 -1 
/home/antonkov/masterWork/tests/samePrefixMarkedMtx2304/depth2/node4/test1_3.mtx 3.1 0 -1 -1 
/home/antonkov/masterWork/tests/samePrefixMarkedMtx2304/depth2/node4/test1_3.mtx 3.2 0 -1 -1 
/home/antonkov/masterWork/tests/samePrefixMarkedMtx2304/depth2/node4/test1_3.mtx 3.3 0 -1 -1 
/home/antonkov/masterWork/tests/samePrefixMarkedMtx2304/depth2/node4/test1_3.mtx 3.4 0 -1 -1 
/home/antonkov/masterWork/tests/samePrefixMarkedMtx2304/depth2/node4/test1_3.mtx 3.5 0 -1 -1 
/home/antonkov/masterWork/tests/samePrefixMarkedMtx2304/depth2/node4/test1_4.mtx 1 452.773 0.0889366 0.94 
/home/antonkov/masterWork/tests/samePrefixMarkedMtx2304/depth2/node4/test1_4.mtx 1.1 442.034 0.0788672 0.88 
/home/antonkov/masterWork/tests/samePrefixMarkedMtx2304/depth2/node4/test1_4.mtx 1.2 441.478 0.0656554 0.79 
/home/antonkov/masterWork/tests/samePrefixMarkedMtx2304/depth2/node4/test1_4.mtx 1.3 411.687 0.0472309 0.58 
/home/antonkov/masterWork/tests/samePrefixMarkedMtx2304/depth2/node4/test1_4.mtx 1.4 531.385 0.0379123 0.485 
/home/antonkov/masterWork/tests/samePrefixMarkedMtx2304/depth2/node4/test1_4.mtx 1.5 506.63 0.0236372 0.315 
/home/antonkov/masterWork/tests/samePrefixMarkedMtx2304/depth2/node4/test1_4.mtx 1.6 660.555 0.0106272 0.15 
/home/antonkov/masterWork/tests/samePrefixMarkedMtx2304/depth2/node4/test1_4.mtx 1.7 732.577 0.00608507 0.0833333 
/home/antonkov/masterWork/tests/samePrefixMarkedMtx2304/depth2/node4/test1_4.mtx 1.8 1255.18 0.0023316 0.034 
/home/antonkov/masterWork/tests/samePrefixMarkedMtx2304/depth2/node4/test1_4.mtx 1.9 2513.56 0.00083044 0.0133333 
/home/antonkov/masterWork/tests/samePrefixMarkedMtx2304/depth2/node4/test1_4.mtx 2 4962.97 0.000325795 0.00526316 
/home/antonkov/masterWork/tests/samePrefixMarkedMtx2304/depth2/node4/test1_4.mtx 2.1 0 -1 -1 
/home/antonkov/masterWork/tests/samePrefixMarkedMtx2304/depth2/node4/test1_4.mtx 2.2 0 -1 -1 
/home/antonkov/masterWork/tests/samePrefixMarkedMtx2304/depth2/node4/test1_4.mtx 2.3 0 -1 -1 
/home/antonkov/masterWork/tests/samePrefixMarkedMtx2304/depth2/node4/test1_4.mtx 2.4 0 -1 -1 
/home/antonkov/masterWork/tests/samePrefixMarkedMtx2304/depth2/node4/test1_4.mtx 2.5 0 -1 -1 
/home/antonkov/masterWork/tests/samePrefixMarkedMtx2304/depth2/node4/test1_4.mtx 2.6 0 -1 -1 
/home/antonkov/masterWork/tests/samePrefixMarkedMtx2304/depth2/node4/test1_4.mtx 2.7 0 -1 -1 
/home/antonkov/masterWork/tests/samePrefixMarkedMtx2304/depth2/node4/test1_4.mtx 2.8 0 -1 -1 
/home/antonkov/masterWork/tests/samePrefixMarkedMtx2304/depth2/node4/test1_4.mtx 2.9 0 -1 -1 
/home/antonkov/masterWork/tests/samePrefixMarkedMtx2304/depth2/node4/test1_4.mtx 3 0 -1 -1 
/home/antonkov/masterWork/tests/samePrefixMarkedMtx2304/depth2/node4/test1_4.mtx 3.1 0 -1 -1 
/home/antonkov/masterWork/tests/samePrefixMarkedMtx2304/depth2/node4/test1_4.mtx 3.2 0 -1 -1 
/home/antonkov/masterWork/tests/samePrefixMarkedMtx2304/depth2/node4/test1_4.mtx 3.3 0 -1 -1 
/home/antonkov/masterWork/tests/samePrefixMarkedMtx2304/depth2/node4/test1_4.mtx 3.4 0 -1 -1 
/home/antonkov/masterWork/tests/samePrefixMarkedMtx2304/depth2/node4/test1_4.mtx 3.5 0 -1 -1 
/home/antonkov/masterWork/tests/samePrefixMarkedMtx2304/depth2/node4/test2_0.mtx 1 467.774 0.0912674 0.94 
/home/antonkov/masterWork/tests/samePrefixMarkedMtx2304/depth2/node4/test2_0.mtx 1.1 461.948 0.0826389 0.91 
/home/antonkov/masterWork/tests/samePrefixMarkedMtx2304/depth2/node4/test2_0.mtx 1.2 455.584 0.0702561 0.82 
/home/antonkov/masterWork/tests/samePrefixMarkedMtx2304/depth2/node4/test2_0.mtx 1.3 423.941 0.0524566 0.64 
/home/antonkov/masterWork/tests/samePrefixMarkedMtx2304/depth2/node4/test2_0.mtx 1.4 539.636 0.038776 0.495 
/home/antonkov/masterWork/tests/samePrefixMarkedMtx2304/depth2/node4/test2_0.mtx 1.5 504.395 0.0280469 0.38 
/home/antonkov/masterWork/tests/samePrefixMarkedMtx2304/depth2/node4/test2_0.mtx 1.6 576.04 0.0153733 0.213333 
/home/antonkov/masterWork/tests/samePrefixMarkedMtx2304/depth2/node4/test2_0.mtx 1.7 759.284 0.00608435 0.09 
/home/antonkov/masterWork/tests/samePrefixMarkedMtx2304/depth2/node4/test2_0.mtx 1.8 1307.69 0.00226794 0.0353333 
/home/antonkov/masterWork/tests/samePrefixMarkedMtx2304/depth2/node4/test2_0.mtx 1.9 2847.74 0.000702936 0.0108696 
/home/antonkov/masterWork/tests/samePrefixMarkedMtx2304/depth2/node4/test2_0.mtx 2 5599.4 0.00028705 0.00454545 
/home/antonkov/masterWork/tests/samePrefixMarkedMtx2304/depth2/node4/test2_0.mtx 2.1 0 -1 -1 
/home/antonkov/masterWork/tests/samePrefixMarkedMtx2304/depth2/node4/test2_0.mtx 2.2 0 -1 -1 
/home/antonkov/masterWork/tests/samePrefixMarkedMtx2304/depth2/node4/test2_0.mtx 2.3 0 -1 -1 
/home/antonkov/masterWork/tests/samePrefixMarkedMtx2304/depth2/node4/test2_0.mtx 2.4 0 -1 -1 
/home/antonkov/masterWork/tests/samePrefixMarkedMtx2304/depth2/node4/test2_0.mtx 2.5 0 -1 -1 
/home/antonkov/masterWork/tests/samePrefixMarkedMtx2304/depth2/node4/test2_0.mtx 2.6 0 -1 -1 
/home/antonkov/masterWork/tests/samePrefixMarkedMtx2304/depth2/node4/test2_0.mtx 2.7 0 -1 -1 
/home/antonkov/masterWork/tests/samePrefixMarkedMtx2304/depth2/node4/test2_0.mtx 2.8 0 -1 -1 
/home/antonkov/masterWork/tests/samePrefixMarkedMtx2304/depth2/node4/test2_0.mtx 2.9 0 -1 -1 
/home/antonkov/masterWork/tests/samePrefixMarkedMtx2304/depth2/node4/test2_0.mtx 3 0 -1 -1 
/home/antonkov/masterWork/tests/samePrefixMarkedMtx2304/depth2/node4/test2_0.mtx 3.1 0 -1 -1 
/home/antonkov/masterWork/tests/samePrefixMarkedMtx2304/depth2/node4/test2_0.mtx 3.2 0 -1 -1 
/home/antonkov/masterWork/tests/samePrefixMarkedMtx2304/depth2/node4/test2_0.mtx 3.3 0 -1 -1 
/home/antonkov/masterWork/tests/samePrefixMarkedMtx2304/depth2/node4/test2_0.mtx 3.4 0 -1 -1 
/home/antonkov/masterWork/tests/samePrefixMarkedMtx2304/depth2/node4/test2_0.mtx 3.5 0 -1 -1 
/home/antonkov/masterWork/tests/samePrefixMarkedMtx2304/depth2/node4/test2_1.mtx 1 456.771 0.0873177 0.92 
/home/antonkov/masterWork/tests/samePrefixMarkedMtx2304/depth2/node4/test2_1.mtx 1.1 447.349 0.074566 0.83 
/home/antonkov/masterWork/tests/samePrefixMarkedMtx2304/depth2/node4/test2_1.mtx 1.2 434.23 0.0621311 0.73 
/home/antonkov/masterWork/tests/samePrefixMarkedMtx2304/depth2/node4/test2_1.mtx 1.3 427.066 0.0483073 0.61 
/home/antonkov/masterWork/tests/samePrefixMarkedMtx2304/depth2/node4/test2_1.mtx 1.4 540.357 0.0341233 0.45 
/home/antonkov/masterWork/tests/samePrefixMarkedMtx2304/depth2/node4/test2_1.mtx 1.5 493.298 0.0213108 0.285 
/home/antonkov/masterWork/tests/samePrefixMarkedMtx2304/depth2/node4/test2_1.mtx 1.6 573.268 0.0133435 0.18 
/home/antonkov/masterWork/tests/samePrefixMarkedMtx2304/depth2/node4/test2_1.mtx 1.7 776.636 0.00632017 0.0916667 
/home/antonkov/masterWork/tests/samePrefixMarkedMtx2304/depth2/node4/test2_1.mtx 1.8 1111.55 0.00270833 0.0433333 
/home/antonkov/masterWork/tests/samePrefixMarkedMtx2304/depth2/node4/test2_1.mtx 1.9 2261.18 0.00104588 0.0166667 
/home/antonkov/masterWork/tests/samePrefixMarkedMtx2304/depth2/node4/test2_1.mtx 2 5052.72 0.00032447 0.00526316 
/home/antonkov/masterWork/tests/samePrefixMarkedMtx2304/depth2/node4/test2_1.mtx 2.1 0 -1 -1 
/home/antonkov/masterWork/tests/samePrefixMarkedMtx2304/depth2/node4/test2_1.mtx 2.2 0 -1 -1 
/home/antonkov/masterWork/tests/samePrefixMarkedMtx2304/depth2/node4/test2_1.mtx 2.3 0 -1 -1 
/home/antonkov/masterWork/tests/samePrefixMarkedMtx2304/depth2/node4/test2_1.mtx 2.4 0 -1 -1 
/home/antonkov/masterWork/tests/samePrefixMarkedMtx2304/depth2/node4/test2_1.mtx 2.5 0 -1 -1 
/home/antonkov/masterWork/tests/samePrefixMarkedMtx2304/depth2/node4/test2_1.mtx 2.6 0 -1 -1 
/home/antonkov/masterWork/tests/samePrefixMarkedMtx2304/depth2/node4/test2_1.mtx 2.7 0 -1 -1 
/home/antonkov/masterWork/tests/samePrefixMarkedMtx2304/depth2/node4/test2_1.mtx 2.8 0 -1 -1 
/home/antonkov/masterWork/tests/samePrefixMarkedMtx2304/depth2/node4/test2_1.mtx 2.9 0 -1 -1 
/home/antonkov/masterWork/tests/samePrefixMarkedMtx2304/depth2/node4/test2_1.mtx 3 0 -1 -1 
/home/antonkov/masterWork/tests/samePrefixMarkedMtx2304/depth2/node4/test2_1.mtx 3.1 0 -1 -1 
/home/antonkov/masterWork/tests/samePrefixMarkedMtx2304/depth2/node4/test2_1.mtx 3.2 0 -1 -1 
/home/antonkov/masterWork/tests/samePrefixMarkedMtx2304/depth2/node4/test2_1.mtx 3.3 0 -1 -1 
/home/antonkov/masterWork/tests/samePrefixMarkedMtx2304/depth2/node4/test2_1.mtx 3.4 0 -1 -1 
/home/antonkov/masterWork/tests/samePrefixMarkedMtx2304/depth2/node4/test2_1.mtx 3.5 0 -1 -1 
/home/antonkov/masterWork/tests/samePrefixMarkedMtx2304/depth2/node4/test2_2.mtx 1 465.885 0.0906814 0.96 
/home/antonkov/masterWork/tests/samePrefixMarkedMtx2304/depth2/node4/test2_2.mtx 1.1 442.044 0.0785677 0.88 
/home/antonkov/masterWork/tests/samePrefixMarkedMtx2304/depth2/node4/test2_2.mtx 1.2 445.117 0.0632639 0.74 
/home/antonkov/masterWork/tests/samePrefixMarkedMtx2304/depth2/node4/test2_2.mtx 1.3 426.47 0.0508941 0.63 
/home/antonkov/masterWork/tests/samePrefixMarkedMtx2304/depth2/node4/test2_2.mtx 1.4 400.849 0.0365408 0.5 
/home/antonkov/masterWork/tests/samePrefixMarkedMtx2304/depth2/node4/test2_2.mtx 1.5 500.584 0.024299 0.34 
/home/antonkov/masterWork/tests/samePrefixMarkedMtx2304/depth2/node4/test2_2.mtx 1.6 630.096 0.00882162 0.125 
/home/antonkov/masterWork/tests/samePrefixMarkedMtx2304/depth2/node4/test2_2.mtx 1.7 976.033 0.00447772 0.0633333 
/home/antonkov/masterWork/tests/samePrefixMarkedMtx2304/depth2/node4/test2_2.mtx 1.8 1413.68 0.00199372 0.0294118 
/home/antonkov/masterWork/tests/samePrefixMarkedMtx2304/depth2/node4/test2_2.mtx 1.9 2155.01 0.000945287 0.0147059 
/home/antonkov/masterWork/tests/samePrefixMarkedMtx2304/depth2/node4/test2_2.mtx 2 6290.41 0.000244149 0.00406504 
/home/antonkov/masterWork/tests/samePrefixMarkedMtx2304/depth2/node4/test2_2.mtx 2.1 0 -1 -1 
/home/antonkov/masterWork/tests/samePrefixMarkedMtx2304/depth2/node4/test2_2.mtx 2.2 0 -1 -1 
/home/antonkov/masterWork/tests/samePrefixMarkedMtx2304/depth2/node4/test2_2.mtx 2.3 0 -1 -1 
/home/antonkov/masterWork/tests/samePrefixMarkedMtx2304/depth2/node4/test2_2.mtx 2.4 0 -1 -1 
/home/antonkov/masterWork/tests/samePrefixMarkedMtx2304/depth2/node4/test2_2.mtx 2.5 0 -1 -1 
/home/antonkov/masterWork/tests/samePrefixMarkedMtx2304/depth2/node4/test2_2.mtx 2.6 0 -1 -1 
/home/antonkov/masterWork/tests/samePrefixMarkedMtx2304/depth2/node4/test2_2.mtx 2.7 0 -1 -1 
/home/antonkov/masterWork/tests/samePrefixMarkedMtx2304/depth2/node4/test2_2.mtx 2.8 0 -1 -1 
/home/antonkov/masterWork/tests/samePrefixMarkedMtx2304/depth2/node4/test2_2.mtx 2.9 0 -1 -1 
/home/antonkov/masterWork/tests/samePrefixMarkedMtx2304/depth2/node4/test2_2.mtx 3 0 -1 -1 
/home/antonkov/masterWork/tests/samePrefixMarkedMtx2304/depth2/node4/test2_2.mtx 3.1 0 -1 -1 
/home/antonkov/masterWork/tests/samePrefixMarkedMtx2304/depth2/node4/test2_2.mtx 3.2 0 -1 -1 
/home/antonkov/masterWork/tests/samePrefixMarkedMtx2304/depth2/node4/test2_2.mtx 3.3 0 -1 -1 
/home/antonkov/masterWork/tests/samePrefixMarkedMtx2304/depth2/node4/test2_2.mtx 3.4 0 -1 -1 
/home/antonkov/masterWork/tests/samePrefixMarkedMtx2304/depth2/node4/test2_2.mtx 3.5 0 -1 -1 
/home/antonkov/masterWork/tests/samePrefixMarkedMtx2304/depth2/node4/test2_3.mtx 1 461.815 0.0863498 0.95 
/home/antonkov/masterWork/tests/samePrefixMarkedMtx2304/depth2/node4/test2_3.mtx 1.1 466.97 0.0751389 0.88 
/home/antonkov/masterWork/tests/samePrefixMarkedMtx2304/depth2/node4/test2_3.mtx 1.2 438.221 0.0613976 0.77 
/home/antonkov/masterWork/tests/samePrefixMarkedMtx2304/depth2/node4/test2_3.mtx 1.3 417.022 0.0425998 0.56 
/home/antonkov/masterWork/tests/samePrefixMarkedMtx2304/depth2/node4/test2_3.mtx 1.4 537.917 0.0347439 0.47 
/home/antonkov/masterWork/tests/samePrefixMarkedMtx2304/depth2/node4/test2_3.mtx 1.5 495.445 0.0197678 0.275 
/home/antonkov/masterWork/tests/samePrefixMarkedMtx2304/depth2/node4/test2_3.mtx 1.6 738.275 0.0106363 0.142 
/home/antonkov/masterWork/tests/samePrefixMarkedMtx2304/depth2/node4/test2_3.mtx 1.7 835.254 0.00556238 0.0842857 
/home/antonkov/masterWork/tests/samePrefixMarkedMtx2304/depth2/node4/test2_3.mtx 1.8 1195.16 0.00246032 0.0371429 
/home/antonkov/masterWork/tests/samePrefixMarkedMtx2304/depth2/node4/test2_3.mtx 1.9 2217.81 0.000938394 0.0147059 
/home/antonkov/masterWork/tests/samePrefixMarkedMtx2304/depth2/node4/test2_3.mtx 2 4757.72 0.000324948 0.00549451 
/home/antonkov/masterWork/tests/samePrefixMarkedMtx2304/depth2/node4/test2_3.mtx 2.1 0 -1 -1 
/home/antonkov/masterWork/tests/samePrefixMarkedMtx2304/depth2/node4/test2_3.mtx 2.2 0 -1 -1 
/home/antonkov/masterWork/tests/samePrefixMarkedMtx2304/depth2/node4/test2_3.mtx 2.3 0 -1 -1 
/home/antonkov/masterWork/tests/samePrefixMarkedMtx2304/depth2/node4/test2_3.mtx 2.4 0 -1 -1 
/home/antonkov/masterWork/tests/samePrefixMarkedMtx2304/depth2/node4/test2_3.mtx 2.5 0 -1 -1 
/home/antonkov/masterWork/tests/samePrefixMarkedMtx2304/depth2/node4/test2_3.mtx 2.6 0 -1 -1 
/home/antonkov/masterWork/tests/samePrefixMarkedMtx2304/depth2/node4/test2_3.mtx 2.7 0 -1 -1 
/home/antonkov/masterWork/tests/samePrefixMarkedMtx2304/depth2/node4/test2_3.mtx 2.8 0 -1 -1 
/home/antonkov/masterWork/tests/samePrefixMarkedMtx2304/depth2/node4/test2_3.mtx 2.9 0 -1 -1 
/home/antonkov/masterWork/tests/samePrefixMarkedMtx2304/depth2/node4/test2_3.mtx 3 0 -1 -1 
/home/antonkov/masterWork/tests/samePrefixMarkedMtx2304/depth2/node4/test2_3.mtx 3.1 0 -1 -1 
/home/antonkov/masterWork/tests/samePrefixMarkedMtx2304/depth2/node4/test2_3.mtx 3.2 0 -1 -1 
/home/antonkov/masterWork/tests/samePrefixMarkedMtx2304/depth2/node4/test2_3.mtx 3.3 0 -1 -1 
/home/antonkov/masterWork/tests/samePrefixMarkedMtx2304/depth2/node4/test2_3.mtx 3.4 0 -1 -1 
/home/antonkov/masterWork/tests/samePrefixMarkedMtx2304/depth2/node4/test2_3.mtx 3.5 0 -1 -1 
/home/antonkov/masterWork/tests/samePrefixMarkedMtx2304/depth2/node4/test2_4.mtx 1 466.347 0.0903993 0.97 
/home/antonkov/masterWork/tests/samePrefixMarkedMtx2304/depth2/node4/test2_4.mtx 1.1 466.214 0.0770269 0.85 
/home/antonkov/masterWork/tests/samePrefixMarkedMtx2304/depth2/node4/test2_4.mtx 1.2 438.283 0.0653819 0.76 
/home/antonkov/masterWork/tests/samePrefixMarkedMtx2304/depth2/node4/test2_4.mtx 1.3 425.445 0.0515625 0.63 
/home/antonkov/masterWork/tests/samePrefixMarkedMtx2304/depth2/node4/test2_4.mtx 1.4 401.157 0.0402431 0.52 
/home/antonkov/masterWork/tests/samePrefixMarkedMtx2304/depth2/node4/test2_4.mtx 1.5 499.872 0.0241363 0.325 
/home/antonkov/masterWork/tests/samePrefixMarkedMtx2304/depth2/node4/test2_4.mtx 1.6 565.064 0.0128472 0.183333 
/home/antonkov/masterWork/tests/samePrefixMarkedMtx2304/depth2/node4/test2_4.mtx 1.7 769.21 0.00530237 0.09 
/home/antonkov/masterWork/tests/samePrefixMarkedMtx2304/depth2/node4/test2_4.mtx 1.8 1506.16 0.00162278 0.03 
/home/antonkov/masterWork/tests/samePrefixMarkedMtx2304/depth2/node4/test2_4.mtx 1.9 2643.01 0.000645616 0.013 
/home/antonkov/masterWork/tests/samePrefixMarkedMtx2304/depth2/node4/test2_4.mtx 2 4293.49 0.000271844 0.00632911 
/home/antonkov/masterWork/tests/samePrefixMarkedMtx2304/depth2/node4/test2_4.mtx 2.1 0 -1 -1 
/home/antonkov/masterWork/tests/samePrefixMarkedMtx2304/depth2/node4/test2_4.mtx 2.2 0 -1 -1 
/home/antonkov/masterWork/tests/samePrefixMarkedMtx2304/depth2/node4/test2_4.mtx 2.3 0 -1 -1 
/home/antonkov/masterWork/tests/samePrefixMarkedMtx2304/depth2/node4/test2_4.mtx 2.4 0 -1 -1 
/home/antonkov/masterWork/tests/samePrefixMarkedMtx2304/depth2/node4/test2_4.mtx 2.5 0 -1 -1 
/home/antonkov/masterWork/tests/samePrefixMarkedMtx2304/depth2/node4/test2_4.mtx 2.6 0 -1 -1 
/home/antonkov/masterWork/tests/samePrefixMarkedMtx2304/depth2/node4/test2_4.mtx 2.7 0 -1 -1 
/home/antonkov/masterWork/tests/samePrefixMarkedMtx2304/depth2/node4/test2_4.mtx 2.8 0 -1 -1 
/home/antonkov/masterWork/tests/samePrefixMarkedMtx2304/depth2/node4/test2_4.mtx 2.9 0 -1 -1 
/home/antonkov/masterWork/tests/samePrefixMarkedMtx2304/depth2/node4/test2_4.mtx 3 0 -1 -1 
/home/antonkov/masterWork/tests/samePrefixMarkedMtx2304/depth2/node4/test2_4.mtx 3.1 0 -1 -1 
/home/antonkov/masterWork/tests/samePrefixMarkedMtx2304/depth2/node4/test2_4.mtx 3.2 0 -1 -1 
/home/antonkov/masterWork/tests/samePrefixMarkedMtx2304/depth2/node4/test2_4.mtx 3.3 0 -1 -1 
/home/antonkov/masterWork/tests/samePrefixMarkedMtx2304/depth2/node4/test2_4.mtx 3.4 0 -1 -1 
/home/antonkov/masterWork/tests/samePrefixMarkedMtx2304/depth2/node4/test2_4.mtx 3.5 0 -1 -1 
/home/antonkov/masterWork/tests/samePrefixMarkedMtx2304/depth2/node4/test97_0.mtx 1 479.343 0.0896267 0.95 
/home/antonkov/masterWork/tests/samePrefixMarkedMtx2304/depth2/node4/test97_0.mtx 1.1 476.443 0.0781163 0.88 
/home/antonkov/masterWork/tests/samePrefixMarkedMtx2304/depth2/node4/test97_0.mtx 1.2 465.881 0.0629948 0.75 
/home/antonkov/masterWork/tests/samePrefixMarkedMtx2304/depth2/node4/test97_0.mtx 1.3 447.105 0.0453602 0.54 
/home/antonkov/masterWork/tests/samePrefixMarkedMtx2304/depth2/node4/test97_0.mtx 1.4 575.145 0.0348459 0.46 
/home/antonkov/masterWork/tests/samePrefixMarkedMtx2304/depth2/node4/test97_0.mtx 1.5 519.369 0.0197418 0.275 
/home/antonkov/masterWork/tests/samePrefixMarkedMtx2304/depth2/node4/test97_0.mtx 1.6 683.41 0.0104102 0.1375 
/home/antonkov/masterWork/tests/samePrefixMarkedMtx2304/depth2/node4/test97_0.mtx 1.7 856.361 0.00567336 0.08 
/home/antonkov/masterWork/tests/samePrefixMarkedMtx2304/depth2/node4/test97_0.mtx 1.8 1335.96 0.0023858 0.03125 
/home/antonkov/masterWork/tests/samePrefixMarkedMtx2304/depth2/node4/test97_0.mtx 1.9 2723.58 0.000778727 0.0116279 
/home/antonkov/masterWork/tests/samePrefixMarkedMtx2304/depth2/node4/test97_0.mtx 2 7288.4 0.000216837 0.00346939 
/home/antonkov/masterWork/tests/samePrefixMarkedMtx2304/depth2/node4/test97_0.mtx 2.1 0 -1 -1 
/home/antonkov/masterWork/tests/samePrefixMarkedMtx2304/depth2/node4/test97_0.mtx 2.2 0 -1 -1 
/home/antonkov/masterWork/tests/samePrefixMarkedMtx2304/depth2/node4/test97_0.mtx 2.3 0 -1 -1 
/home/antonkov/masterWork/tests/samePrefixMarkedMtx2304/depth2/node4/test97_0.mtx 2.4 0 -1 -1 
/home/antonkov/masterWork/tests/samePrefixMarkedMtx2304/depth2/node4/test97_0.mtx 2.5 0 -1 -1 
/home/antonkov/masterWork/tests/samePrefixMarkedMtx2304/depth2/node4/test97_0.mtx 2.6 0 -1 -1 
/home/antonkov/masterWork/tests/samePrefixMarkedMtx2304/depth2/node4/test97_0.mtx 2.7 0 -1 -1 
/home/antonkov/masterWork/tests/samePrefixMarkedMtx2304/depth2/node4/test97_0.mtx 2.8 0 -1 -1 
/home/antonkov/masterWork/tests/samePrefixMarkedMtx2304/depth2/node4/test97_0.mtx 2.9 0 -1 -1 
/home/antonkov/masterWork/tests/samePrefixMarkedMtx2304/depth2/node4/test97_0.mtx 3 0 -1 -1 
/home/antonkov/masterWork/tests/samePrefixMarkedMtx2304/depth2/node4/test97_0.mtx 3.1 0 -1 -1 
/home/antonkov/masterWork/tests/samePrefixMarkedMtx2304/depth2/node4/test97_0.mtx 3.2 0 -1 -1 
/home/antonkov/masterWork/tests/samePrefixMarkedMtx2304/depth2/node4/test97_0.mtx 3.3 0 -1 -1 
/home/antonkov/masterWork/tests/samePrefixMarkedMtx2304/depth2/node4/test97_0.mtx 3.4 0 -1 -1 
/home/antonkov/masterWork/tests/samePrefixMarkedMtx2304/depth2/node4/test97_0.mtx 3.5 0 -1 -1 
/home/antonkov/masterWork/tests/samePrefixMarkedMtx2304/depth2/node4/test97_1.mtx 1 492.417 0.0881597 0.95 
/home/antonkov/masterWork/tests/samePrefixMarkedMtx2304/depth2/node4/test97_1.mtx 1.1 479.651 0.0769965 0.9 
/home/antonkov/masterWork/tests/samePrefixMarkedMtx2304/depth2/node4/test97_1.mtx 1.2 459.263 0.061441 0.77 
/home/antonkov/masterWork/tests/samePrefixMarkedMtx2304/depth2/node4/test97_1.mtx 1.3 449.446 0.0465538 0.61 
/home/antonkov/masterWork/tests/samePrefixMarkedMtx2304/depth2/node4/test97_1.mtx 1.4 555.431 0.0316406 0.43 
/home/antonkov/masterWork/tests/samePrefixMarkedMtx2304/depth2/node4/test97_1.mtx 1.5 522.329 0.0201714 0.285 
/home/antonkov/masterWork/tests/samePrefixMarkedMtx2304/depth2/node4/test97_1.mtx 1.6 690.803 0.0101986 0.145 
/home/antonkov/masterWork/tests/samePrefixMarkedMtx2304/depth2/node4/test97_1.mtx 1.7 863.136 0.00521205 0.0757143 
/home/antonkov/masterWork/tests/samePrefixMarkedMtx2304/depth2/node4/test97_1.mtx 1.8 1309.58 0.00201736 0.0333333 
/home/antonkov/masterWork/tests/samePrefixMarkedMtx2304/depth2/node4/test97_1.mtx 1.9 2633.36 0.000804904 0.0125 
/home/antonkov/masterWork/tests/samePrefixMarkedMtx2304/depth2/node4/test97_1.mtx 2 4892.35 0.000331495 0.00537634 
/home/antonkov/masterWork/tests/samePrefixMarkedMtx2304/depth2/node4/test97_1.mtx 2.1 0 -1 -1 
/home/antonkov/masterWork/tests/samePrefixMarkedMtx2304/depth2/node4/test97_1.mtx 2.2 0 -1 -1 
/home/antonkov/masterWork/tests/samePrefixMarkedMtx2304/depth2/node4/test97_1.mtx 2.3 0 -1 -1 
/home/antonkov/masterWork/tests/samePrefixMarkedMtx2304/depth2/node4/test97_1.mtx 2.4 0 -1 -1 
/home/antonkov/masterWork/tests/samePrefixMarkedMtx2304/depth2/node4/test97_1.mtx 2.5 0 -1 -1 
/home/antonkov/masterWork/tests/samePrefixMarkedMtx2304/depth2/node4/test97_1.mtx 2.6 0 -1 -1 
/home/antonkov/masterWork/tests/samePrefixMarkedMtx2304/depth2/node4/test97_1.mtx 2.7 0 -1 -1 
/home/antonkov/masterWork/tests/samePrefixMarkedMtx2304/depth2/node4/test97_1.mtx 2.8 0 -1 -1 
/home/antonkov/masterWork/tests/samePrefixMarkedMtx2304/depth2/node4/test97_1.mtx 2.9 0 -1 -1 
/home/antonkov/masterWork/tests/samePrefixMarkedMtx2304/depth2/node4/test97_1.mtx 3 0 -1 -1 
/home/antonkov/masterWork/tests/samePrefixMarkedMtx2304/depth2/node4/test97_1.mtx 3.1 0 -1 -1 
/home/antonkov/masterWork/tests/samePrefixMarkedMtx2304/depth2/node4/test97_1.mtx 3.2 0 -1 -1 
/home/antonkov/masterWork/tests/samePrefixMarkedMtx2304/depth2/node4/test97_1.mtx 3.3 0 -1 -1 
/home/antonkov/masterWork/tests/samePrefixMarkedMtx2304/depth2/node4/test97_1.mtx 3.4 0 -1 -1 
/home/antonkov/masterWork/tests/samePrefixMarkedMtx2304/depth2/node4/test97_1.mtx 3.5 0 -1 -1 
/home/antonkov/masterWork/tests/samePrefixMarkedMtx2304/depth2/node4/test97_2.mtx 1 487.946 0.0887066 0.94 
/home/antonkov/masterWork/tests/samePrefixMarkedMtx2304/depth2/node4/test97_2.mtx 1.1 476.356 0.077092 0.87 
/home/antonkov/masterWork/tests/samePrefixMarkedMtx2304/depth2/node4/test97_2.mtx 1.2 460.678 0.063941 0.76 
/home/antonkov/masterWork/tests/samePrefixMarkedMtx2304/depth2/node4/test97_2.mtx 1.3 437.44 0.0467014 0.6 
/home/antonkov/masterWork/tests/samePrefixMarkedMtx2304/depth2/node4/test97_2.mtx 1.4 552.051 0.0313021 0.405 
/home/antonkov/masterWork/tests/samePrefixMarkedMtx2304/depth2/node4/test97_2.mtx 1.5 629.71 0.0201027 0.273333 
/home/antonkov/masterWork/tests/samePrefixMarkedMtx2304/depth2/node4/test97_2.mtx 1.6 673.57 0.0120464 0.17 
/home/antonkov/masterWork/tests/samePrefixMarkedMtx2304/depth2/node4/test97_2.mtx 1.7 801.151 0.00617983 0.0883333 
/home/antonkov/masterWork/tests/samePrefixMarkedMtx2304/depth2/node4/test97_2.mtx 1.8 1282.76 0.00249595 0.0353333 
/home/antonkov/masterWork/tests/samePrefixMarkedMtx2304/depth2/node4/test97_2.mtx 1.9 2048.8 0.00116291 0.0166667 
/home/antonkov/masterWork/tests/samePrefixMarkedMtx2304/depth2/node4/test97_2.mtx 2 4732.57 0.000356189 0.00549451 
/home/antonkov/masterWork/tests/samePrefixMarkedMtx2304/depth2/node4/test97_2.mtx 2.1 0 -1 -1 
/home/antonkov/masterWork/tests/samePrefixMarkedMtx2304/depth2/node4/test97_2.mtx 2.2 0 -1 -1 
/home/antonkov/masterWork/tests/samePrefixMarkedMtx2304/depth2/node4/test97_2.mtx 2.3 0 -1 -1 
/home/antonkov/masterWork/tests/samePrefixMarkedMtx2304/depth2/node4/test97_2.mtx 2.4 0 -1 -1 
/home/antonkov/masterWork/tests/samePrefixMarkedMtx2304/depth2/node4/test97_2.mtx 2.5 0 -1 -1 
/home/antonkov/masterWork/tests/samePrefixMarkedMtx2304/depth2/node4/test97_2.mtx 2.6 0 -1 -1 
/home/antonkov/masterWork/tests/samePrefixMarkedMtx2304/depth2/node4/test97_2.mtx 2.7 0 -1 -1 
/home/antonkov/masterWork/tests/samePrefixMarkedMtx2304/depth2/node4/test97_2.mtx 2.8 0 -1 -1 
/home/antonkov/masterWork/tests/samePrefixMarkedMtx2304/depth2/node4/test97_2.mtx 2.9 0 -1 -1 
/home/antonkov/masterWork/tests/samePrefixMarkedMtx2304/depth2/node4/test97_2.mtx 3 0 -1 -1 
/home/antonkov/masterWork/tests/samePrefixMarkedMtx2304/depth2/node4/test97_2.mtx 3.1 0 -1 -1 
/home/antonkov/masterWork/tests/samePrefixMarkedMtx2304/depth2/node4/test97_2.mtx 3.2 0 -1 -1 
/home/antonkov/masterWork/tests/samePrefixMarkedMtx2304/depth2/node4/test97_2.mtx 3.3 0 -1 -1 
/home/antonkov/masterWork/tests/samePrefixMarkedMtx2304/depth2/node4/test97_2.mtx 3.4 0 -1 -1 
/home/antonkov/masterWork/tests/samePrefixMarkedMtx2304/depth2/node4/test97_2.mtx 3.5 0 -1 -1 
/home/antonkov/masterWork/tests/samePrefixMarkedMtx2304/depth2/node4/test97_3.mtx 1 491.027 0.0875217 0.93 
/home/antonkov/masterWork/tests/samePrefixMarkedMtx2304/depth2/node4/test97_3.mtx 1.1 479.831 0.0759766 0.86 
/home/antonkov/masterWork/tests/samePrefixMarkedMtx2304/depth2/node4/test97_3.mtx 1.2 458.326 0.0607856 0.72 
/home/antonkov/masterWork/tests/samePrefixMarkedMtx2304/depth2/node4/test97_3.mtx 1.3 444.203 0.0439453 0.55 
/home/antonkov/masterWork/tests/samePrefixMarkedMtx2304/depth2/node4/test97_3.mtx 1.4 555.839 0.0340321 0.435 
/home/antonkov/masterWork/tests/samePrefixMarkedMtx2304/depth2/node4/test97_3.mtx 1.5 520.992 0.0207639 0.28 
/home/antonkov/masterWork/tests/samePrefixMarkedMtx2304/depth2/node4/test97_3.mtx 1.6 678.096 0.0112836 0.16 
/home/antonkov/masterWork/tests/samePrefixMarkedMtx2304/depth2/node4/test97_3.mtx 1.7 855.463 0.00538442 0.0785714 
/home/antonkov/masterWork/tests/samePrefixMarkedMtx2304/depth2/node4/test97_3.mtx 1.8 1302.56 0.0021985 0.034 
/home/antonkov/masterWork/tests/samePrefixMarkedMtx2304/depth2/node4/test97_3.mtx 1.9 2530.76 0.000810004 0.0125 
/home/antonkov/masterWork/tests/samePrefixMarkedMtx2304/depth2/node4/test97_3.mtx 2 5679.98 0.000272516 0.00442478 
/home/antonkov/masterWork/tests/samePrefixMarkedMtx2304/depth2/node4/test97_3.mtx 2.1 0 -1 -1 
/home/antonkov/masterWork/tests/samePrefixMarkedMtx2304/depth2/node4/test97_3.mtx 2.2 0 -1 -1 
/home/antonkov/masterWork/tests/samePrefixMarkedMtx2304/depth2/node4/test97_3.mtx 2.3 0 -1 -1 
/home/antonkov/masterWork/tests/samePrefixMarkedMtx2304/depth2/node4/test97_3.mtx 2.4 0 -1 -1 
/home/antonkov/masterWork/tests/samePrefixMarkedMtx2304/depth2/node4/test97_3.mtx 2.5 0 -1 -1 
/home/antonkov/masterWork/tests/samePrefixMarkedMtx2304/depth2/node4/test97_3.mtx 2.6 0 -1 -1 
/home/antonkov/masterWork/tests/samePrefixMarkedMtx2304/depth2/node4/test97_3.mtx 2.7 0 -1 -1 
/home/antonkov/masterWork/tests/samePrefixMarkedMtx2304/depth2/node4/test97_3.mtx 2.8 0 -1 -1 
/home/antonkov/masterWork/tests/samePrefixMarkedMtx2304/depth2/node4/test97_3.mtx 2.9 0 -1 -1 
/home/antonkov/masterWork/tests/samePrefixMarkedMtx2304/depth2/node4/test97_3.mtx 3 0 -1 -1 
/home/antonkov/masterWork/tests/samePrefixMarkedMtx2304/depth2/node4/test97_3.mtx 3.1 0 -1 -1 
/home/antonkov/masterWork/tests/samePrefixMarkedMtx2304/depth2/node4/test97_3.mtx 3.2 0 -1 -1 
/home/antonkov/masterWork/tests/samePrefixMarkedMtx2304/depth2/node4/test97_3.mtx 3.3 0 -1 -1 
/home/antonkov/masterWork/tests/samePrefixMarkedMtx2304/depth2/node4/test97_3.mtx 3.4 0 -1 -1 
/home/antonkov/masterWork/tests/samePrefixMarkedMtx2304/depth2/node4/test97_3.mtx 3.5 0 -1 -1 
/home/antonkov/masterWork/tests/samePrefixMarkedMtx2304/depth2/node4/test97_4.mtx 1 488.403 0.0894705 0.94 
/home/antonkov/masterWork/tests/samePrefixMarkedMtx2304/depth2/node4/test97_4.mtx 1.1 483.066 0.0791753 0.88 
/home/antonkov/masterWork/tests/samePrefixMarkedMtx2304/depth2/node4/test97_4.mtx 1.2 461.055 0.065829 0.8 
/home/antonkov/masterWork/tests/samePrefixMarkedMtx2304/depth2/node4/test97_4.mtx 1.3 434.076 0.0478993 0.58 
/home/antonkov/masterWork/tests/samePrefixMarkedMtx2304/depth2/node4/test97_4.mtx 1.4 554.424 0.0362674 0.485 
/home/antonkov/masterWork/tests/samePrefixMarkedMtx2304/depth2/node4/test97_4.mtx 1.5 531.762 0.0234809 0.32 
/home/antonkov/masterWork/tests/samePrefixMarkedMtx2304/depth2/node4/test97_4.mtx 1.6 686.357 0.0109983 0.155 
/home/antonkov/masterWork/tests/samePrefixMarkedMtx2304/depth2/node4/test97_4.mtx 1.7 910.934 0.00528646 0.07375 
/home/antonkov/masterWork/tests/samePrefixMarkedMtx2304/depth2/node4/test97_4.mtx 1.8 1314.58 0.00213079 0.0333333 
/home/antonkov/masterWork/tests/samePrefixMarkedMtx2304/depth2/node4/test97_4.mtx 1.9 2461.69 0.000915456 0.0131579 
/home/antonkov/masterWork/tests/samePrefixMarkedMtx2304/depth2/node4/test97_4.mtx 2 5924.31 0.000268435 0.00423729 
/home/antonkov/masterWork/tests/samePrefixMarkedMtx2304/depth2/node4/test97_4.mtx 2.1 0 -1 -1 
/home/antonkov/masterWork/tests/samePrefixMarkedMtx2304/depth2/node4/test97_4.mtx 2.2 0 -1 -1 
/home/antonkov/masterWork/tests/samePrefixMarkedMtx2304/depth2/node4/test97_4.mtx 2.3 0 -1 -1 
/home/antonkov/masterWork/tests/samePrefixMarkedMtx2304/depth2/node4/test97_4.mtx 2.4 0 -1 -1 
/home/antonkov/masterWork/tests/samePrefixMarkedMtx2304/depth2/node4/test97_4.mtx 2.5 0 -1 -1 
/home/antonkov/masterWork/tests/samePrefixMarkedMtx2304/depth2/node4/test97_4.mtx 2.6 0 -1 -1 
/home/antonkov/masterWork/tests/samePrefixMarkedMtx2304/depth2/node4/test97_4.mtx 2.7 0 -1 -1 
/home/antonkov/masterWork/tests/samePrefixMarkedMtx2304/depth2/node4/test97_4.mtx 2.8 0 -1 -1 
/home/antonkov/masterWork/tests/samePrefixMarkedMtx2304/depth2/node4/test97_4.mtx 2.9 0 -1 -1 
/home/antonkov/masterWork/tests/samePrefixMarkedMtx2304/depth2/node4/test97_4.mtx 3 0 -1 -1 
/home/antonkov/masterWork/tests/samePrefixMarkedMtx2304/depth2/node4/test97_4.mtx 3.1 0 -1 -1 
/home/antonkov/masterWork/tests/samePrefixMarkedMtx2304/depth2/node4/test97_4.mtx 3.2 0 -1 -1 
/home/antonkov/masterWork/tests/samePrefixMarkedMtx2304/depth2/node4/test97_4.mtx 3.3 0 -1 -1 
/home/antonkov/masterWork/tests/samePrefixMarkedMtx2304/depth2/node4/test97_4.mtx 3.4 0 -1 -1 
/home/antonkov/masterWork/tests/samePrefixMarkedMtx2304/depth2/node4/test97_4.mtx 3.5 0 -1 -1 
/home/antonkov/masterWork/tests/samePrefixMarkedMtx2304/depth2/node4/test98_0.mtx 1 466.528 0.090447 0.98 
/home/antonkov/masterWork/tests/samePrefixMarkedMtx2304/depth2/node4/test98_0.mtx 1.1 451.867 0.0801563 0.94 
/home/antonkov/masterWork/tests/samePrefixMarkedMtx2304/depth2/node4/test98_0.mtx 1.2 440.899 0.0643359 0.79 
/home/antonkov/masterWork/tests/samePrefixMarkedMtx2304/depth2/node4/test98_0.mtx 1.3 417.203 0.048967 0.66 
/home/antonkov/masterWork/tests/samePrefixMarkedMtx2304/depth2/node4/test98_0.mtx 1.4 543.727 0.0382487 0.495 
/home/antonkov/masterWork/tests/samePrefixMarkedMtx2304/depth2/node4/test98_0.mtx 1.5 504.182 0.0256228 0.35 
/home/antonkov/masterWork/tests/samePrefixMarkedMtx2304/depth2/node4/test98_0.mtx 1.6 576.749 0.0142723 0.206667 
/home/antonkov/masterWork/tests/samePrefixMarkedMtx2304/depth2/node4/test98_0.mtx 1.7 693.491 0.00715972 0.11 
/home/antonkov/masterWork/tests/samePrefixMarkedMtx2304/depth2/node4/test98_0.mtx 1.8 991.901 0.0032487 0.05 
/home/antonkov/masterWork/tests/samePrefixMarkedMtx2304/depth2/node4/test98_0.mtx 1.9 2140.24 0.00109123 0.0167742 
/home/antonkov/masterWork/tests/samePrefixMarkedMtx2304/depth2/node4/test98_0.mtx 2 3807.12 0.000460644 0.00735294 
/home/antonkov/masterWork/tests/samePrefixMarkedMtx2304/depth2/node4/test98_0.mtx 2.1 0 -1 -1 
/home/antonkov/masterWork/tests/samePrefixMarkedMtx2304/depth2/node4/test98_0.mtx 2.2 0 -1 -1 
/home/antonkov/masterWork/tests/samePrefixMarkedMtx2304/depth2/node4/test98_0.mtx 2.3 0 -1 -1 
/home/antonkov/masterWork/tests/samePrefixMarkedMtx2304/depth2/node4/test98_0.mtx 2.4 0 -1 -1 
/home/antonkov/masterWork/tests/samePrefixMarkedMtx2304/depth2/node4/test98_0.mtx 2.5 0 -1 -1 
/home/antonkov/masterWork/tests/samePrefixMarkedMtx2304/depth2/node4/test98_0.mtx 2.6 0 -1 -1 
/home/antonkov/masterWork/tests/samePrefixMarkedMtx2304/depth2/node4/test98_0.mtx 2.7 0 -1 -1 
/home/antonkov/masterWork/tests/samePrefixMarkedMtx2304/depth2/node4/test98_0.mtx 2.8 0 -1 -1 
/home/antonkov/masterWork/tests/samePrefixMarkedMtx2304/depth2/node4/test98_0.mtx 2.9 0 -1 -1 
/home/antonkov/masterWork/tests/samePrefixMarkedMtx2304/depth2/node4/test98_0.mtx 3 0 -1 -1 
/home/antonkov/masterWork/tests/samePrefixMarkedMtx2304/depth2/node4/test98_0.mtx 3.1 0 -1 -1 
/home/antonkov/masterWork/tests/samePrefixMarkedMtx2304/depth2/node4/test98_0.mtx 3.2 0 -1 -1 
/home/antonkov/masterWork/tests/samePrefixMarkedMtx2304/depth2/node4/test98_0.mtx 3.3 0 -1 -1 
/home/antonkov/masterWork/tests/samePrefixMarkedMtx2304/depth2/node4/test98_0.mtx 3.4 0 -1 -1 
/home/antonkov/masterWork/tests/samePrefixMarkedMtx2304/depth2/node4/test98_0.mtx 3.5 0 -1 -1 
/home/antonkov/masterWork/tests/samePrefixMarkedMtx2304/depth2/node4/test98_1.mtx 1 466.412 0.0919097 0.96 
/home/antonkov/masterWork/tests/samePrefixMarkedMtx2304/depth2/node4/test98_1.mtx 1.1 465.565 0.0827691 0.92 
/home/antonkov/masterWork/tests/samePrefixMarkedMtx2304/depth2/node4/test98_1.mtx 1.2 455.331 0.0708333 0.84 
/home/antonkov/masterWork/tests/samePrefixMarkedMtx2304/depth2/node4/test98_1.mtx 1.3 442.742 0.0523741 0.68 
/home/antonkov/masterWork/tests/samePrefixMarkedMtx2304/depth2/node4/test98_1.mtx 1.4 538.156 0.0368555 0.49 
/home/antonkov/masterWork/tests/samePrefixMarkedMtx2304/depth2/node4/test98_1.mtx 1.5 503.31 0.0236675 0.33 
/home/antonkov/masterWork/tests/samePrefixMarkedMtx2304/depth2/node4/test98_1.mtx 1.6 576.336 0.014592 0.206667 
/home/antonkov/masterWork/tests/samePrefixMarkedMtx2304/depth2/node4/test98_1.mtx 1.7 767.517 0.00604673 0.0916667 
/home/antonkov/masterWork/tests/samePrefixMarkedMtx2304/depth2/node4/test98_1.mtx 1.8 1053.78 0.00305634 0.0454545 
/home/antonkov/masterWork/tests/samePrefixMarkedMtx2304/depth2/node4/test98_1.mtx 1.9 2111.31 0.00103733 0.015625 
/home/antonkov/masterWork/tests/samePrefixMarkedMtx2304/depth2/node4/test98_1.mtx 2 4633.1 0.000357265 0.00581395 
/home/antonkov/masterWork/tests/samePrefixMarkedMtx2304/depth2/node4/test98_1.mtx 2.1 0 -1 -1 
/home/antonkov/masterWork/tests/samePrefixMarkedMtx2304/depth2/node4/test98_1.mtx 2.2 0 -1 -1 
/home/antonkov/masterWork/tests/samePrefixMarkedMtx2304/depth2/node4/test98_1.mtx 2.3 0 -1 -1 
/home/antonkov/masterWork/tests/samePrefixMarkedMtx2304/depth2/node4/test98_1.mtx 2.4 0 -1 -1 
/home/antonkov/masterWork/tests/samePrefixMarkedMtx2304/depth2/node4/test98_1.mtx 2.5 0 -1 -1 
/home/antonkov/masterWork/tests/samePrefixMarkedMtx2304/depth2/node4/test98_1.mtx 2.6 0 -1 -1 
/home/antonkov/masterWork/tests/samePrefixMarkedMtx2304/depth2/node4/test98_1.mtx 2.7 0 -1 -1 
/home/antonkov/masterWork/tests/samePrefixMarkedMtx2304/depth2/node4/test98_1.mtx 2.8 0 -1 -1 
/home/antonkov/masterWork/tests/samePrefixMarkedMtx2304/depth2/node4/test98_1.mtx 2.9 0 -1 -1 
/home/antonkov/masterWork/tests/samePrefixMarkedMtx2304/depth2/node4/test98_1.mtx 3 0 -1 -1 
/home/antonkov/masterWork/tests/samePrefixMarkedMtx2304/depth2/node4/test98_1.mtx 3.1 0 -1 -1 
/home/antonkov/masterWork/tests/samePrefixMarkedMtx2304/depth2/node4/test98_1.mtx 3.2 0 -1 -1 
/home/antonkov/masterWork/tests/samePrefixMarkedMtx2304/depth2/node4/test98_1.mtx 3.3 0 -1 -1 
/home/antonkov/masterWork/tests/samePrefixMarkedMtx2304/depth2/node4/test98_1.mtx 3.4 0 -1 -1 
/home/antonkov/masterWork/tests/samePrefixMarkedMtx2304/depth2/node4/test98_1.mtx 3.5 0 -1 -1 
/home/antonkov/masterWork/tests/samePrefixMarkedMtx2304/depth2/node4/test98_2.mtx 1 467.33 0.0903255 0.96 
/home/antonkov/masterWork/tests/samePrefixMarkedMtx2304/depth2/node4/test98_2.mtx 1.1 466.993 0.0802951 0.91 
/home/antonkov/masterWork/tests/samePrefixMarkedMtx2304/depth2/node4/test98_2.mtx 1.2 444.75 0.0673655 0.82 
/home/antonkov/masterWork/tests/samePrefixMarkedMtx2304/depth2/node4/test98_2.mtx 1.3 422.489 0.0512804 0.66 
/home/antonkov/masterWork/tests/samePrefixMarkedMtx2304/depth2/node4/test98_2.mtx 1.4 537.252 0.0338889 0.45 
/home/antonkov/masterWork/tests/samePrefixMarkedMtx2304/depth2/node4/test98_2.mtx 1.5 491.403 0.0217101 0.29 
/home/antonkov/masterWork/tests/samePrefixMarkedMtx2304/depth2/node4/test98_2.mtx 1.6 559.454 0.0121108 0.17 
/home/antonkov/masterWork/tests/samePrefixMarkedMtx2304/depth2/node4/test98_2.mtx 1.7 757.353 0.00634042 0.0916667 
/home/antonkov/masterWork/tests/samePrefixMarkedMtx2304/depth2/node4/test98_2.mtx 1.8 1170.7 0.00260917 0.0407692 
/home/antonkov/masterWork/tests/samePrefixMarkedMtx2304/depth2/node4/test98_2.mtx 1.9 2327.51 0.000977803 0.0142857 
/home/antonkov/masterWork/tests/samePrefixMarkedMtx2304/depth2/node4/test98_2.mtx 2 4385.74 0.000354402 0.00617284 
/home/antonkov/masterWork/tests/samePrefixMarkedMtx2304/depth2/node4/test98_2.mtx 2.1 0 -1 -1 
/home/antonkov/masterWork/tests/samePrefixMarkedMtx2304/depth2/node4/test98_2.mtx 2.2 0 -1 -1 
/home/antonkov/masterWork/tests/samePrefixMarkedMtx2304/depth2/node4/test98_2.mtx 2.3 0 -1 -1 
/home/antonkov/masterWork/tests/samePrefixMarkedMtx2304/depth2/node4/test98_2.mtx 2.4 0 -1 -1 
/home/antonkov/masterWork/tests/samePrefixMarkedMtx2304/depth2/node4/test98_2.mtx 2.5 0 -1 -1 
/home/antonkov/masterWork/tests/samePrefixMarkedMtx2304/depth2/node4/test98_2.mtx 2.6 0 -1 -1 
/home/antonkov/masterWork/tests/samePrefixMarkedMtx2304/depth2/node4/test98_2.mtx 2.7 0 -1 -1 
/home/antonkov/masterWork/tests/samePrefixMarkedMtx2304/depth2/node4/test98_2.mtx 2.8 0 -1 -1 
/home/antonkov/masterWork/tests/samePrefixMarkedMtx2304/depth2/node4/test98_2.mtx 2.9 0 -1 -1 
/home/antonkov/masterWork/tests/samePrefixMarkedMtx2304/depth2/node4/test98_2.mtx 3 0 -1 -1 
/home/antonkov/masterWork/tests/samePrefixMarkedMtx2304/depth2/node4/test98_2.mtx 3.1 0 -1 -1 
/home/antonkov/masterWork/tests/samePrefixMarkedMtx2304/depth2/node4/test98_2.mtx 3.2 0 -1 -1 
/home/antonkov/masterWork/tests/samePrefixMarkedMtx2304/depth2/node4/test98_2.mtx 3.3 0 -1 -1 
/home/antonkov/masterWork/tests/samePrefixMarkedMtx2304/depth2/node4/test98_2.mtx 3.4 0 -1 -1 
/home/antonkov/masterWork/tests/samePrefixMarkedMtx2304/depth2/node4/test98_2.mtx 3.5 0 -1 -1 
/home/antonkov/masterWork/tests/samePrefixMarkedMtx2304/depth2/node4/test98_3.mtx 1 449.843 0.0880078 0.94 
/home/antonkov/masterWork/tests/samePrefixMarkedMtx2304/depth2/node4/test98_3.mtx 1.1 444.216 0.0764366 0.85 
/home/antonkov/masterWork/tests/samePrefixMarkedMtx2304/depth2/node4/test98_3.mtx 1.2 437.13 0.0664236 0.77 
/home/antonkov/masterWork/tests/samePrefixMarkedMtx2304/depth2/node4/test98_3.mtx 1.3 414.983 0.0507986 0.63 
/home/antonkov/masterWork/tests/samePrefixMarkedMtx2304/depth2/node4/test98_3.mtx 1.4 417.356 0.0395226 0.51 
/home/antonkov/masterWork/tests/samePrefixMarkedMtx2304/depth2/node4/test98_3.mtx 1.5 510.251 0.0270551 0.365 
/home/antonkov/masterWork/tests/samePrefixMarkedMtx2304/depth2/node4/test98_3.mtx 1.6 591.157 0.0144083 0.196667 
/home/antonkov/masterWork/tests/samePrefixMarkedMtx2304/depth2/node4/test98_3.mtx 1.7 686.668 0.00716319 0.1 
/home/antonkov/masterWork/tests/samePrefixMarkedMtx2304/depth2/node4/test98_3.mtx 1.8 1121.84 0.00262731 0.0433333 
/home/antonkov/masterWork/tests/samePrefixMarkedMtx2304/depth2/node4/test98_3.mtx 1.9 2446.88 0.000875328 0.0135135 
/home/antonkov/masterWork/tests/samePrefixMarkedMtx2304/depth2/node4/test98_3.mtx 2 4569.91 0.000386591 0.00611765 
/home/antonkov/masterWork/tests/samePrefixMarkedMtx2304/depth2/node4/test98_3.mtx 2.1 0 -1 -1 
/home/antonkov/masterWork/tests/samePrefixMarkedMtx2304/depth2/node4/test98_3.mtx 2.2 0 -1 -1 
/home/antonkov/masterWork/tests/samePrefixMarkedMtx2304/depth2/node4/test98_3.mtx 2.3 0 -1 -1 
/home/antonkov/masterWork/tests/samePrefixMarkedMtx2304/depth2/node4/test98_3.mtx 2.4 0 -1 -1 
/home/antonkov/masterWork/tests/samePrefixMarkedMtx2304/depth2/node4/test98_3.mtx 2.5 0 -1 -1 
/home/antonkov/masterWork/tests/samePrefixMarkedMtx2304/depth2/node4/test98_3.mtx 2.6 0 -1 -1 
/home/antonkov/masterWork/tests/samePrefixMarkedMtx2304/depth2/node4/test98_3.mtx 2.7 0 -1 -1 
/home/antonkov/masterWork/tests/samePrefixMarkedMtx2304/depth2/node4/test98_3.mtx 2.8 0 -1 -1 
/home/antonkov/masterWork/tests/samePrefixMarkedMtx2304/depth2/node4/test98_3.mtx 2.9 0 -1 -1 
/home/antonkov/masterWork/tests/samePrefixMarkedMtx2304/depth2/node4/test98_3.mtx 3 0 -1 -1 
/home/antonkov/masterWork/tests/samePrefixMarkedMtx2304/depth2/node4/test98_3.mtx 3.1 0 -1 -1 
/home/antonkov/masterWork/tests/samePrefixMarkedMtx2304/depth2/node4/test98_3.mtx 3.2 0 -1 -1 
/home/antonkov/masterWork/tests/samePrefixMarkedMtx2304/depth2/node4/test98_3.mtx 3.3 0 -1 -1 
/home/antonkov/masterWork/tests/samePrefixMarkedMtx2304/depth2/node4/test98_3.mtx 3.4 0 -1 -1 
/home/antonkov/masterWork/tests/samePrefixMarkedMtx2304/depth2/node4/test98_3.mtx 3.5 0 -1 -1 
/home/antonkov/masterWork/tests/samePrefixMarkedMtx2304/depth2/node4/test98_4.mtx 1 465.01 0.090599 0.96 
/home/antonkov/masterWork/tests/samePrefixMarkedMtx2304/depth2/node4/test98_4.mtx 1.1 465.434 0.0818359 0.94 
/home/antonkov/masterWork/tests/samePrefixMarkedMtx2304/depth2/node4/test98_4.mtx 1.2 442.991 0.0680295 0.81 
/home/antonkov/masterWork/tests/samePrefixMarkedMtx2304/depth2/node4/test98_4.mtx 1.3 425.204 0.0527561 0.64 
/home/antonkov/masterWork/tests/samePrefixMarkedMtx2304/depth2/node4/test98_4.mtx 1.4 409.933 0.0400564 0.51 
/home/antonkov/masterWork/tests/samePrefixMarkedMtx2304/depth2/node4/test98_4.mtx 1.5 526.291 0.0256988 0.365 
/home/antonkov/masterWork/tests/samePrefixMarkedMtx2304/depth2/node4/test98_4.mtx 1.6 572.945 0.0145226 0.206667 
/home/antonkov/masterWork/tests/samePrefixMarkedMtx2304/depth2/node4/test98_4.mtx 1.7 690.278 0.00728819 0.104 
/home/antonkov/masterWork/tests/samePrefixMarkedMtx2304/depth2/node4/test98_4.mtx 1.8 1047.12 0.0030161 0.0454545 
/home/antonkov/masterWork/tests/samePrefixMarkedMtx2304/depth2/node4/test98_4.mtx 1.9 1830.22 0.00118673 0.0192308 
/home/antonkov/masterWork/tests/samePrefixMarkedMtx2304/depth2/node4/test98_4.mtx 2 5269.17 0.000329345 0.00495049 
/home/antonkov/masterWork/tests/samePrefixMarkedMtx2304/depth2/node4/test98_4.mtx 2.1 0 -1 -1 
/home/antonkov/masterWork/tests/samePrefixMarkedMtx2304/depth2/node4/test98_4.mtx 2.2 0 -1 -1 
/home/antonkov/masterWork/tests/samePrefixMarkedMtx2304/depth2/node4/test98_4.mtx 2.3 0 -1 -1 
/home/antonkov/masterWork/tests/samePrefixMarkedMtx2304/depth2/node4/test98_4.mtx 2.4 0 -1 -1 
/home/antonkov/masterWork/tests/samePrefixMarkedMtx2304/depth2/node4/test98_4.mtx 2.5 0 -1 -1 
/home/antonkov/masterWork/tests/samePrefixMarkedMtx2304/depth2/node4/test98_4.mtx 2.6 0 -1 -1 
/home/antonkov/masterWork/tests/samePrefixMarkedMtx2304/depth2/node4/test98_4.mtx 2.7 0 -1 -1 
/home/antonkov/masterWork/tests/samePrefixMarkedMtx2304/depth2/node4/test98_4.mtx 2.8 0 -1 -1 
/home/antonkov/masterWork/tests/samePrefixMarkedMtx2304/depth2/node4/test98_4.mtx 2.9 0 -1 -1 
/home/antonkov/masterWork/tests/samePrefixMarkedMtx2304/depth2/node4/test98_4.mtx 3 0 -1 -1 
/home/antonkov/masterWork/tests/samePrefixMarkedMtx2304/depth2/node4/test98_4.mtx 3.1 0 -1 -1 
/home/antonkov/masterWork/tests/samePrefixMarkedMtx2304/depth2/node4/test98_4.mtx 3.2 0 -1 -1 
/home/antonkov/masterWork/tests/samePrefixMarkedMtx2304/depth2/node4/test98_4.mtx 3.3 0 -1 -1 
/home/antonkov/masterWork/tests/samePrefixMarkedMtx2304/depth2/node4/test98_4.mtx 3.4 0 -1 -1 
/home/antonkov/masterWork/tests/samePrefixMarkedMtx2304/depth2/node4/test98_4.mtx 3.5 0 -1 -1 
/home/antonkov/masterWork/tests/samePrefixMarkedMtx2304/depth2/node4/test99_0.mtx 1 489.437 0.0896832 0.94 
/home/antonkov/masterWork/tests/samePrefixMarkedMtx2304/depth2/node4/test99_0.mtx 1.1 467.202 0.078967 0.88 
/home/antonkov/masterWork/tests/samePrefixMarkedMtx2304/depth2/node4/test99_0.mtx 1.2 471.641 0.0667708 0.79 
/home/antonkov/masterWork/tests/samePrefixMarkedMtx2304/depth2/node4/test99_0.mtx 1.3 444.198 0.0515625 0.65 
/home/antonkov/masterWork/tests/samePrefixMarkedMtx2304/depth2/node4/test99_0.mtx 1.4 574.246 0.0384679 0.495 
/home/antonkov/masterWork/tests/samePrefixMarkedMtx2304/depth2/node4/test99_0.mtx 1.5 537.189 0.024299 0.335 
/home/antonkov/masterWork/tests/samePrefixMarkedMtx2304/depth2/node4/test99_0.mtx 1.6 586.594 0.014945 0.2 
/home/antonkov/masterWork/tests/samePrefixMarkedMtx2304/depth2/node4/test99_0.mtx 1.7 701.137 0.00767969 0.112 
/home/antonkov/masterWork/tests/samePrefixMarkedMtx2304/depth2/node4/test99_0.mtx 1.8 1180.74 0.00267294 0.0384615 
/home/antonkov/masterWork/tests/samePrefixMarkedMtx2304/depth2/node4/test99_0.mtx 1.9 2385.04 0.000906274 0.0138889 
/home/antonkov/masterWork/tests/samePrefixMarkedMtx2304/depth2/node4/test99_0.mtx 2 5321.14 0.000316124 0.00485437 
/home/antonkov/masterWork/tests/samePrefixMarkedMtx2304/depth2/node4/test99_0.mtx 2.1 0 -1 -1 
/home/antonkov/masterWork/tests/samePrefixMarkedMtx2304/depth2/node4/test99_0.mtx 2.2 0 -1 -1 
/home/antonkov/masterWork/tests/samePrefixMarkedMtx2304/depth2/node4/test99_0.mtx 2.3 0 -1 -1 
/home/antonkov/masterWork/tests/samePrefixMarkedMtx2304/depth2/node4/test99_0.mtx 2.4 0 -1 -1 
/home/antonkov/masterWork/tests/samePrefixMarkedMtx2304/depth2/node4/test99_0.mtx 2.5 0 -1 -1 
/home/antonkov/masterWork/tests/samePrefixMarkedMtx2304/depth2/node4/test99_0.mtx 2.6 0 -1 -1 
/home/antonkov/masterWork/tests/samePrefixMarkedMtx2304/depth2/node4/test99_0.mtx 2.7 0 -1 -1 
/home/antonkov/masterWork/tests/samePrefixMarkedMtx2304/depth2/node4/test99_0.mtx 2.8 0 -1 -1 
/home/antonkov/masterWork/tests/samePrefixMarkedMtx2304/depth2/node4/test99_0.mtx 2.9 0 -1 -1 
/home/antonkov/masterWork/tests/samePrefixMarkedMtx2304/depth2/node4/test99_0.mtx 3 0 -1 -1 
/home/antonkov/masterWork/tests/samePrefixMarkedMtx2304/depth2/node4/test99_0.mtx 3.1 0 -1 -1 
/home/antonkov/masterWork/tests/samePrefixMarkedMtx2304/depth2/node4/test99_0.mtx 3.2 0 -1 -1 
/home/antonkov/masterWork/tests/samePrefixMarkedMtx2304/depth2/node4/test99_0.mtx 3.3 0 -1 -1 
/home/antonkov/masterWork/tests/samePrefixMarkedMtx2304/depth2/node4/test99_0.mtx 3.4 0 -1 -1 
/home/antonkov/masterWork/tests/samePrefixMarkedMtx2304/depth2/node4/test99_0.mtx 3.5 0 -1 -1 
/home/antonkov/masterWork/tests/samePrefixMarkedMtx2304/depth2/node4/test99_1.mtx 1 488.032 0.089822 0.95 
/home/antonkov/masterWork/tests/samePrefixMarkedMtx2304/depth2/node4/test99_1.mtx 1.1 480.417 0.0784028 0.88 
/home/antonkov/masterWork/tests/samePrefixMarkedMtx2304/depth2/node4/test99_1.mtx 1.2 460.002 0.0664193 0.78 
/home/antonkov/masterWork/tests/samePrefixMarkedMtx2304/depth2/node4/test99_1.mtx 1.3 437.112 0.0503863 0.61 
/home/antonkov/masterWork/tests/samePrefixMarkedMtx2304/depth2/node4/test99_1.mtx 1.4 571.238 0.0385612 0.505 
/home/antonkov/masterWork/tests/samePrefixMarkedMtx2304/depth2/node4/test99_1.mtx 1.5 526.317 0.023355 0.32 
/home/antonkov/masterWork/tests/samePrefixMarkedMtx2304/depth2/node4/test99_1.mtx 1.6 583.423 0.0123409 0.18 
/home/antonkov/masterWork/tests/samePrefixMarkedMtx2304/depth2/node4/test99_1.mtx 1.7 834.483 0.0053001 0.08 
/home/antonkov/masterWork/tests/samePrefixMarkedMtx2304/depth2/node4/test99_1.mtx 1.8 1224.11 0.00236731 0.0364286 
/home/antonkov/masterWork/tests/samePrefixMarkedMtx2304/depth2/node4/test99_1.mtx 1.9 2117.75 0.00110845 0.0164516 
/home/antonkov/masterWork/tests/samePrefixMarkedMtx2304/depth2/node4/test99_1.mtx 2 4411.1 0.000370887 0.00595238 
/home/antonkov/masterWork/tests/samePrefixMarkedMtx2304/depth2/node4/test99_1.mtx 2.1 0 -1 -1 
/home/antonkov/masterWork/tests/samePrefixMarkedMtx2304/depth2/node4/test99_1.mtx 2.2 0 -1 -1 
/home/antonkov/masterWork/tests/samePrefixMarkedMtx2304/depth2/node4/test99_1.mtx 2.3 0 -1 -1 
/home/antonkov/masterWork/tests/samePrefixMarkedMtx2304/depth2/node4/test99_1.mtx 2.4 0 -1 -1 
/home/antonkov/masterWork/tests/samePrefixMarkedMtx2304/depth2/node4/test99_1.mtx 2.5 0 -1 -1 
/home/antonkov/masterWork/tests/samePrefixMarkedMtx2304/depth2/node4/test99_1.mtx 2.6 0 -1 -1 
/home/antonkov/masterWork/tests/samePrefixMarkedMtx2304/depth2/node4/test99_1.mtx 2.7 0 -1 -1 
/home/antonkov/masterWork/tests/samePrefixMarkedMtx2304/depth2/node4/test99_1.mtx 2.8 0 -1 -1 
/home/antonkov/masterWork/tests/samePrefixMarkedMtx2304/depth2/node4/test99_1.mtx 2.9 0 -1 -1 
/home/antonkov/masterWork/tests/samePrefixMarkedMtx2304/depth2/node4/test99_1.mtx 3 0 -1 -1 
/home/antonkov/masterWork/tests/samePrefixMarkedMtx2304/depth2/node4/test99_1.mtx 3.1 0 -1 -1 
/home/antonkov/masterWork/tests/samePrefixMarkedMtx2304/depth2/node4/test99_1.mtx 3.2 0 -1 -1 
/home/antonkov/masterWork/tests/samePrefixMarkedMtx2304/depth2/node4/test99_1.mtx 3.3 0 -1 -1 
/home/antonkov/masterWork/tests/samePrefixMarkedMtx2304/depth2/node4/test99_1.mtx 3.4 0 -1 -1 
/home/antonkov/masterWork/tests/samePrefixMarkedMtx2304/depth2/node4/test99_1.mtx 3.5 0 -1 -1 
/home/antonkov/masterWork/tests/samePrefixMarkedMtx2304/depth2/node4/test99_2.mtx 1 493.275 0.0888715 0.93 
/home/antonkov/masterWork/tests/samePrefixMarkedMtx2304/depth2/node4/test99_2.mtx 1.1 490.469 0.0803689 0.91 
/home/antonkov/masterWork/tests/samePrefixMarkedMtx2304/depth2/node4/test99_2.mtx 1.2 476.707 0.0646962 0.75 
/home/antonkov/masterWork/tests/samePrefixMarkedMtx2304/depth2/node4/test99_2.mtx 1.3 446.38 0.050612 0.63 
/home/antonkov/masterWork/tests/samePrefixMarkedMtx2304/depth2/node4/test99_2.mtx 1.4 438.088 0.0369054 0.5 
/home/antonkov/masterWork/tests/samePrefixMarkedMtx2304/depth2/node4/test99_2.mtx 1.5 543.162 0.0239019 0.32 
/home/antonkov/masterWork/tests/samePrefixMarkedMtx2304/depth2/node4/test99_2.mtx 1.6 591.113 0.0141493 0.2 
/home/antonkov/masterWork/tests/samePrefixMarkedMtx2304/depth2/node4/test99_2.mtx 1.7 789.109 0.00583767 0.0866667 
/home/antonkov/masterWork/tests/samePrefixMarkedMtx2304/depth2/node4/test99_2.mtx 1.8 1334.42 0.00222859 0.036 
/home/antonkov/masterWork/tests/samePrefixMarkedMtx2304/depth2/node4/test99_2.mtx 1.9 2173.93 0.00103733 0.015625 
/home/antonkov/masterWork/tests/samePrefixMarkedMtx2304/depth2/node4/test99_2.mtx 2 4377.33 0.000381415 0.00609756 
/home/antonkov/masterWork/tests/samePrefixMarkedMtx2304/depth2/node4/test99_2.mtx 2.1 0 -1 -1 
/home/antonkov/masterWork/tests/samePrefixMarkedMtx2304/depth2/node4/test99_2.mtx 2.2 0 -1 -1 
/home/antonkov/masterWork/tests/samePrefixMarkedMtx2304/depth2/node4/test99_2.mtx 2.3 0 -1 -1 
/home/antonkov/masterWork/tests/samePrefixMarkedMtx2304/depth2/node4/test99_2.mtx 2.4 0 -1 -1 
/home/antonkov/masterWork/tests/samePrefixMarkedMtx2304/depth2/node4/test99_2.mtx 2.5 0 -1 -1 
/home/antonkov/masterWork/tests/samePrefixMarkedMtx2304/depth2/node4/test99_2.mtx 2.6 0 -1 -1 
/home/antonkov/masterWork/tests/samePrefixMarkedMtx2304/depth2/node4/test99_2.mtx 2.7 0 -1 -1 
/home/antonkov/masterWork/tests/samePrefixMarkedMtx2304/depth2/node4/test99_2.mtx 2.8 0 -1 -1 
/home/antonkov/masterWork/tests/samePrefixMarkedMtx2304/depth2/node4/test99_2.mtx 2.9 0 -1 -1 
/home/antonkov/masterWork/tests/samePrefixMarkedMtx2304/depth2/node4/test99_2.mtx 3 0 -1 -1 
/home/antonkov/masterWork/tests/samePrefixMarkedMtx2304/depth2/node4/test99_2.mtx 3.1 0 -1 -1 
/home/antonkov/masterWork/tests/samePrefixMarkedMtx2304/depth2/node4/test99_2.mtx 3.2 0 -1 -1 
/home/antonkov/masterWork/tests/samePrefixMarkedMtx2304/depth2/node4/test99_2.mtx 3.3 0 -1 -1 
/home/antonkov/masterWork/tests/samePrefixMarkedMtx2304/depth2/node4/test99_2.mtx 3.4 0 -1 -1 
/home/antonkov/masterWork/tests/samePrefixMarkedMtx2304/depth2/node4/test99_2.mtx 3.5 0 -1 -1 
/home/antonkov/masterWork/tests/samePrefixMarkedMtx2304/depth2/node4/test99_3.mtx 1 489.083 0.088125 0.93 
/home/antonkov/masterWork/tests/samePrefixMarkedMtx2304/depth2/node4/test99_3.mtx 1.1 474.288 0.0803646 0.9 
/home/antonkov/masterWork/tests/samePrefixMarkedMtx2304/depth2/node4/test99_3.mtx 1.2 476.519 0.0678906 0.79 
/home/antonkov/masterWork/tests/samePrefixMarkedMtx2304/depth2/node4/test99_3.mtx 1.3 449.038 0.051888 0.65 
/home/antonkov/masterWork/tests/samePrefixMarkedMtx2304/depth2/node4/test99_3.mtx 1.4 575.254 0.0352235 0.465 
/home/antonkov/masterWork/tests/samePrefixMarkedMtx2304/depth2/node4/test99_3.mtx 1.5 530.05 0.0204905 0.275 
/home/antonkov/masterWork/tests/samePrefixMarkedMtx2304/depth2/node4/test99_3.mtx 1.6 597.279 0.0131409 0.183333 
/home/antonkov/masterWork/tests/samePrefixMarkedMtx2304/depth2/node4/test99_3.mtx 1.7 860.817 0.00551029 0.08 
/home/antonkov/masterWork/tests/samePrefixMarkedMtx2304/depth2/node4/test99_3.mtx 1.8 1262.15 0.00223772 0.0364286 
/home/antonkov/masterWork/tests/samePrefixMarkedMtx2304/depth2/node4/test99_3.mtx 1.9 2584.52 0.000800998 0.0125 
/home/antonkov/masterWork/tests/samePrefixMarkedMtx2304/depth2/node4/test99_3.mtx 2 5381.87 0.000286884 0.00490196 
/home/antonkov/masterWork/tests/samePrefixMarkedMtx2304/depth2/node4/test99_3.mtx 2.1 0 -1 -1 
/home/antonkov/masterWork/tests/samePrefixMarkedMtx2304/depth2/node4/test99_3.mtx 2.2 0 -1 -1 
/home/antonkov/masterWork/tests/samePrefixMarkedMtx2304/depth2/node4/test99_3.mtx 2.3 0 -1 -1 
/home/antonkov/masterWork/tests/samePrefixMarkedMtx2304/depth2/node4/test99_3.mtx 2.4 0 -1 -1 
/home/antonkov/masterWork/tests/samePrefixMarkedMtx2304/depth2/node4/test99_3.mtx 2.5 0 -1 -1 
/home/antonkov/masterWork/tests/samePrefixMarkedMtx2304/depth2/node4/test99_3.mtx 2.6 0 -1 -1 
/home/antonkov/masterWork/tests/samePrefixMarkedMtx2304/depth2/node4/test99_3.mtx 2.7 0 -1 -1 
/home/antonkov/masterWork/tests/samePrefixMarkedMtx2304/depth2/node4/test99_3.mtx 2.8 0 -1 -1 
/home/antonkov/masterWork/tests/samePrefixMarkedMtx2304/depth2/node4/test99_3.mtx 2.9 0 -1 -1 
/home/antonkov/masterWork/tests/samePrefixMarkedMtx2304/depth2/node4/test99_3.mtx 3 0 -1 -1 
/home/antonkov/masterWork/tests/samePrefixMarkedMtx2304/depth2/node4/test99_3.mtx 3.1 0 -1 -1 
/home/antonkov/masterWork/tests/samePrefixMarkedMtx2304/depth2/node4/test99_3.mtx 3.2 0 -1 -1 
/home/antonkov/masterWork/tests/samePrefixMarkedMtx2304/depth2/node4/test99_3.mtx 3.3 0 -1 -1 
/home/antonkov/masterWork/tests/samePrefixMarkedMtx2304/depth2/node4/test99_3.mtx 3.4 0 -1 -1 
/home/antonkov/masterWork/tests/samePrefixMarkedMtx2304/depth2/node4/test99_3.mtx 3.5 0 -1 -1 
/home/antonkov/masterWork/tests/samePrefixMarkedMtx2304/depth2/node4/test99_4.mtx 1 478.507 0.0880599 0.94 
/home/antonkov/masterWork/tests/samePrefixMarkedMtx2304/depth2/node4/test99_4.mtx 1.1 471.782 0.0763238 0.86 
/home/antonkov/masterWork/tests/samePrefixMarkedMtx2304/depth2/node4/test99_4.mtx 1.2 458.306 0.0606293 0.72 
/home/antonkov/masterWork/tests/samePrefixMarkedMtx2304/depth2/node4/test99_4.mtx 1.3 439.649 0.0461892 0.57 
/home/antonkov/masterWork/tests/samePrefixMarkedMtx2304/depth2/node4/test99_4.mtx 1.4 548.675 0.0330317 0.45 
/home/antonkov/masterWork/tests/samePrefixMarkedMtx2304/depth2/node4/test99_4.mtx 1.5 504.964 0.0194835 0.27 
/home/antonkov/masterWork/tests/samePrefixMarkedMtx2304/depth2/node4/test99_4.mtx 1.6 663.648 0.0102441 0.145 
/home/antonkov/masterWork/tests/samePrefixMarkedMtx2304/depth2/node4/test99_4.mtx 1.7 923.366 0.00500271 0.07 
/home/antonkov/masterWork/tests/samePrefixMarkedMtx2304/depth2/node4/test99_4.mtx 1.8 1301.29 0.00229659 0.036 
/home/antonkov/masterWork/tests/samePrefixMarkedMtx2304/depth2/node4/test99_4.mtx 1.9 2635.1 0.00074783 0.0125 
/home/antonkov/masterWork/tests/samePrefixMarkedMtx2304/depth2/node4/test99_4.mtx 2 5603.45 0.000300412 0.00485981 
/home/antonkov/masterWork/tests/samePrefixMarkedMtx2304/depth2/node4/test99_4.mtx 2.1 0 -1 -1 
/home/antonkov/masterWork/tests/samePrefixMarkedMtx2304/depth2/node4/test99_4.mtx 2.2 0 -1 -1 
/home/antonkov/masterWork/tests/samePrefixMarkedMtx2304/depth2/node4/test99_4.mtx 2.3 0 -1 -1 
/home/antonkov/masterWork/tests/samePrefixMarkedMtx2304/depth2/node4/test99_4.mtx 2.4 0 -1 -1 
/home/antonkov/masterWork/tests/samePrefixMarkedMtx2304/depth2/node4/test99_4.mtx 2.5 0 -1 -1 
/home/antonkov/masterWork/tests/samePrefixMarkedMtx2304/depth2/node4/test99_4.mtx 2.6 0 -1 -1 
/home/antonkov/masterWork/tests/samePrefixMarkedMtx2304/depth2/node4/test99_4.mtx 2.7 0 -1 -1 
/home/antonkov/masterWork/tests/samePrefixMarkedMtx2304/depth2/node4/test99_4.mtx 2.8 0 -1 -1 
/home/antonkov/masterWork/tests/samePrefixMarkedMtx2304/depth2/node4/test99_4.mtx 2.9 0 -1 -1 
/home/antonkov/masterWork/tests/samePrefixMarkedMtx2304/depth2/node4/test99_4.mtx 3 0 -1 -1 
/home/antonkov/masterWork/tests/samePrefixMarkedMtx2304/depth2/node4/test99_4.mtx 3.1 0 -1 -1 
/home/antonkov/masterWork/tests/samePrefixMarkedMtx2304/depth2/node4/test99_4.mtx 3.2 0 -1 -1 
/home/antonkov/masterWork/tests/samePrefixMarkedMtx2304/depth2/node4/test99_4.mtx 3.3 0 -1 -1 
/home/antonkov/masterWork/tests/samePrefixMarkedMtx2304/depth2/node4/test99_4.mtx 3.4 0 -1 -1 
/home/antonkov/masterWork/tests/samePrefixMarkedMtx2304/depth2/node4/test99_4.mtx 3.5 0 -1 -1 
