Results
Filename SNR Time(ms) BER FER
/home/antonkov/masterWork/tests/samePrefixMarkedMtx/depth2/node5/test0_0.mtx 1 138.563 0.0826562 0.83 
/home/antonkov/masterWork/tests/samePrefixMarkedMtx/depth2/node5/test0_0.mtx 1.1 124.094 0.0719531 0.75 
/home/antonkov/masterWork/tests/samePrefixMarkedMtx/depth2/node5/test0_0.mtx 1.2 104.684 0.0630382 0.675 
/home/antonkov/masterWork/tests/samePrefixMarkedMtx/depth2/node5/test0_0.mtx 1.3 97.4423 0.0537413 0.605 
/home/antonkov/masterWork/tests/samePrefixMarkedMtx/depth2/node5/test0_0.mtx 1.4 126.579 0.0447049 0.523333 
/home/antonkov/masterWork/tests/samePrefixMarkedMtx/depth2/node5/test0_0.mtx 1.5 119.449 0.0359838 0.43 
/home/antonkov/masterWork/tests/samePrefixMarkedMtx/depth2/node5/test0_0.mtx 1.6 110.197 0.0286979 0.36 
/home/antonkov/masterWork/tests/samePrefixMarkedMtx/depth2/node5/test0_0.mtx 1.7 125.375 0.0198958 0.25 
/home/antonkov/masterWork/tests/samePrefixMarkedMtx/depth2/node5/test0_0.mtx 1.8 157.206 0.0156366 0.196667 
/home/antonkov/masterWork/tests/samePrefixMarkedMtx/depth2/node5/test0_0.mtx 1.9 184.868 0.0103168 0.13625 
/home/antonkov/masterWork/tests/samePrefixMarkedMtx/depth2/node5/test0_0.mtx 2 227.817 0.00744792 0.0981818 
/home/antonkov/masterWork/tests/samePrefixMarkedMtx/depth2/node5/test0_0.mtx 2.1 258.965 0.00570561 0.0742857 
/home/antonkov/masterWork/tests/samePrefixMarkedMtx/depth2/node5/test0_0.mtx 2.2 333.31 0.00353423 0.047619 
/home/antonkov/masterWork/tests/samePrefixMarkedMtx/depth2/node5/test0_0.mtx 2.3 492.706 0.00206163 0.0277778 
/home/antonkov/masterWork/tests/samePrefixMarkedMtx/depth2/node5/test0_0.mtx 2.4 701.962 0.00118939 0.0175439 
/home/antonkov/masterWork/tests/samePrefixMarkedMtx/depth2/node5/test0_0.mtx 2.5 1006.31 0.000726147 0.0108696 
/home/antonkov/masterWork/tests/samePrefixMarkedMtx/depth2/node5/test0_0.mtx 2.6 1353.87 0.000478867 0.00733813 
/home/antonkov/masterWork/tests/samePrefixMarkedMtx/depth2/node5/test0_0.mtx 2.7 2192.32 0.000253906 0.00390625 
/home/antonkov/masterWork/tests/samePrefixMarkedMtx/depth2/node5/test0_0.mtx 2.8 3188.84 0.000147192 0.00241546 
/home/antonkov/masterWork/tests/samePrefixMarkedMtx/depth2/node5/test0_0.mtx 2.9 4914.22 8.10749e-05 0.00139276 
/home/antonkov/masterWork/tests/samePrefixMarkedMtx/depth2/node5/test0_0.mtx 3 8157.49 4.06091e-05 0.000750188 
/home/antonkov/masterWork/tests/samePrefixMarkedMtx/depth2/node5/test0_0.mtx 3.1 0 -1 -1 
/home/antonkov/masterWork/tests/samePrefixMarkedMtx/depth2/node5/test0_0.mtx 3.2 0 -1 -1 
/home/antonkov/masterWork/tests/samePrefixMarkedMtx/depth2/node5/test0_0.mtx 3.3 0 -1 -1 
/home/antonkov/masterWork/tests/samePrefixMarkedMtx/depth2/node5/test0_0.mtx 3.4 0 -1 -1 
/home/antonkov/masterWork/tests/samePrefixMarkedMtx/depth2/node5/test0_0.mtx 3.5 0 -1 -1 
/home/antonkov/masterWork/tests/samePrefixMarkedMtx/depth2/node5/test0_1.mtx 1 118.128 0.0815365 0.82 
/home/antonkov/masterWork/tests/samePrefixMarkedMtx/depth2/node5/test0_1.mtx 1.1 111.79 0.0725087 0.75 
/home/antonkov/masterWork/tests/samePrefixMarkedMtx/depth2/node5/test0_1.mtx 1.2 102.587 0.0640799 0.695 
/home/antonkov/masterWork/tests/samePrefixMarkedMtx/depth2/node5/test0_1.mtx 1.3 97.1704 0.0532378 0.585 
/home/antonkov/masterWork/tests/samePrefixMarkedMtx/depth2/node5/test0_1.mtx 1.4 126.076 0.0415162 0.47 
/home/antonkov/masterWork/tests/samePrefixMarkedMtx/depth2/node5/test0_1.mtx 1.5 114.778 0.0335938 0.39 
/home/antonkov/masterWork/tests/samePrefixMarkedMtx/depth2/node5/test0_1.mtx 1.6 133.569 0.0260113 0.3075 
/home/antonkov/masterWork/tests/samePrefixMarkedMtx/depth2/node5/test0_1.mtx 1.7 145.155 0.0188264 0.234 
/home/antonkov/masterWork/tests/samePrefixMarkedMtx/depth2/node5/test0_1.mtx 1.8 152.605 0.014239 0.17 
/home/antonkov/masterWork/tests/samePrefixMarkedMtx/depth2/node5/test0_1.mtx 1.9 162.628 0.0123239 0.145714 
/home/antonkov/masterWork/tests/samePrefixMarkedMtx/depth2/node5/test0_1.mtx 2 224.687 0.00767361 0.0954545 
/home/antonkov/masterWork/tests/samePrefixMarkedMtx/depth2/node5/test0_1.mtx 2.1 252.393 0.0052753 0.0721429 
/home/antonkov/masterWork/tests/samePrefixMarkedMtx/depth2/node5/test0_1.mtx 2.2 342.207 0.0036789 0.0514286 
/home/antonkov/masterWork/tests/samePrefixMarkedMtx/depth2/node5/test0_1.mtx 2.3 440.357 0.00230035 0.034 
/home/antonkov/masterWork/tests/samePrefixMarkedMtx/depth2/node5/test0_1.mtx 2.4 597.501 0.00148136 0.0217391 
/home/antonkov/masterWork/tests/samePrefixMarkedMtx/depth2/node5/test0_1.mtx 2.5 878.29 0.000873467 0.012987 
/home/antonkov/masterWork/tests/samePrefixMarkedMtx/depth2/node5/test0_1.mtx 2.6 1465.67 0.000453869 0.00680272 
/home/antonkov/masterWork/tests/samePrefixMarkedMtx/depth2/node5/test0_1.mtx 2.7 2221.72 0.000260079 0.00392996 
/home/antonkov/masterWork/tests/samePrefixMarkedMtx/depth2/node5/test0_1.mtx 2.8 3680.46 0.000148594 0.00207039 
/home/antonkov/masterWork/tests/samePrefixMarkedMtx/depth2/node5/test0_1.mtx 2.9 5247.44 9.25479e-05 0.001287 
/home/antonkov/masterWork/tests/samePrefixMarkedMtx/depth2/node5/test0_1.mtx 3 8407.29 4.37862e-05 0.000724113 
/home/antonkov/masterWork/tests/samePrefixMarkedMtx/depth2/node5/test0_1.mtx 3.1 0 -1 -1 
/home/antonkov/masterWork/tests/samePrefixMarkedMtx/depth2/node5/test0_1.mtx 3.2 0 -1 -1 
/home/antonkov/masterWork/tests/samePrefixMarkedMtx/depth2/node5/test0_1.mtx 3.3 0 -1 -1 
/home/antonkov/masterWork/tests/samePrefixMarkedMtx/depth2/node5/test0_1.mtx 3.4 0 -1 -1 
/home/antonkov/masterWork/tests/samePrefixMarkedMtx/depth2/node5/test0_1.mtx 3.5 0 -1 -1 
/home/antonkov/masterWork/tests/samePrefixMarkedMtx/depth2/node5/test0_2.mtx 1 115.628 0.0814236 0.815 
/home/antonkov/masterWork/tests/samePrefixMarkedMtx/depth2/node5/test0_2.mtx 1.1 112.166 0.0742448 0.77 
/home/antonkov/masterWork/tests/samePrefixMarkedMtx/depth2/node5/test0_2.mtx 1.2 105.247 0.0669792 0.71 
/home/antonkov/masterWork/tests/samePrefixMarkedMtx/depth2/node5/test0_2.mtx 1.3 99.2177 0.0579948 0.625 
/home/antonkov/masterWork/tests/samePrefixMarkedMtx/depth2/node5/test0_2.mtx 1.4 95.5985 0.0502951 0.555 
/home/antonkov/masterWork/tests/samePrefixMarkedMtx/depth2/node5/test0_2.mtx 1.5 124.163 0.0416493 0.486667 
/home/antonkov/masterWork/tests/samePrefixMarkedMtx/depth2/node5/test0_2.mtx 1.6 112.714 0.031713 0.366667 
/home/antonkov/masterWork/tests/samePrefixMarkedMtx/depth2/node5/test0_2.mtx 1.7 125.707 0.0230642 0.27 
/home/antonkov/masterWork/tests/samePrefixMarkedMtx/depth2/node5/test0_2.mtx 1.8 137.044 0.0165764 0.204 
/home/antonkov/masterWork/tests/samePrefixMarkedMtx/depth2/node5/test0_2.mtx 1.9 186.95 0.010523 0.1325 
/home/antonkov/masterWork/tests/samePrefixMarkedMtx/depth2/node5/test0_2.mtx 2 220.612 0.00746054 0.0954545 
/home/antonkov/masterWork/tests/samePrefixMarkedMtx/depth2/node5/test0_2.mtx 2.1 267.355 0.00557292 0.0713333 
/home/antonkov/masterWork/tests/samePrefixMarkedMtx/depth2/node5/test0_2.mtx 2.2 364.446 0.00338164 0.043913 
/home/antonkov/masterWork/tests/samePrefixMarkedMtx/depth2/node5/test0_2.mtx 2.3 490.976 0.00214169 0.0280556 
/home/antonkov/masterWork/tests/samePrefixMarkedMtx/depth2/node5/test0_2.mtx 2.4 660.101 0.00134967 0.0187037 
/home/antonkov/masterWork/tests/samePrefixMarkedMtx/depth2/node5/test0_2.mtx 2.5 1072.5 0.000677083 0.01 
/home/antonkov/masterWork/tests/samePrefixMarkedMtx/depth2/node5/test0_2.mtx 2.6 1407.08 0.000471743 0.00696552 
/home/antonkov/masterWork/tests/samePrefixMarkedMtx/depth2/node5/test0_2.mtx 2.7 1916.12 0.000296724 0.00456621 
/home/antonkov/masterWork/tests/samePrefixMarkedMtx/depth2/node5/test0_2.mtx 2.8 2954.46 0.000159951 0.00253807 
/home/antonkov/masterWork/tests/samePrefixMarkedMtx/depth2/node5/test0_2.mtx 2.9 4629.06 9.40059e-05 0.00144509 
/home/antonkov/masterWork/tests/samePrefixMarkedMtx/depth2/node5/test0_2.mtx 3 8497.52 4.51998e-05 0.000701754 
/home/antonkov/masterWork/tests/samePrefixMarkedMtx/depth2/node5/test0_2.mtx 3.1 0 -1 -1 
/home/antonkov/masterWork/tests/samePrefixMarkedMtx/depth2/node5/test0_2.mtx 3.2 0 -1 -1 
/home/antonkov/masterWork/tests/samePrefixMarkedMtx/depth2/node5/test0_2.mtx 3.3 0 -1 -1 
/home/antonkov/masterWork/tests/samePrefixMarkedMtx/depth2/node5/test0_2.mtx 3.4 0 -1 -1 
/home/antonkov/masterWork/tests/samePrefixMarkedMtx/depth2/node5/test0_2.mtx 3.5 0 -1 -1 
/home/antonkov/masterWork/tests/samePrefixMarkedMtx/depth2/node5/test0_3.mtx 1 115.098 0.0828385 0.835 
/home/antonkov/masterWork/tests/samePrefixMarkedMtx/depth2/node5/test0_3.mtx 1.1 111.689 0.0728819 0.765 
/home/antonkov/masterWork/tests/samePrefixMarkedMtx/depth2/node5/test0_3.mtx 1.2 106.569 0.0610851 0.66 
/home/antonkov/masterWork/tests/samePrefixMarkedMtx/depth2/node5/test0_3.mtx 1.3 96.1686 0.0518924 0.56 
/home/antonkov/masterWork/tests/samePrefixMarkedMtx/depth2/node5/test0_3.mtx 1.4 124.885 0.0460185 0.506667 
/home/antonkov/masterWork/tests/samePrefixMarkedMtx/depth2/node5/test0_3.mtx 1.5 117.47 0.0359722 0.41 
/home/antonkov/masterWork/tests/samePrefixMarkedMtx/depth2/node5/test0_3.mtx 1.6 108.509 0.0293866 0.34 
/home/antonkov/masterWork/tests/samePrefixMarkedMtx/depth2/node5/test0_3.mtx 1.7 128.492 0.0219661 0.275 
/home/antonkov/masterWork/tests/samePrefixMarkedMtx/depth2/node5/test0_3.mtx 1.8 132.417 0.0162083 0.206 
/home/antonkov/masterWork/tests/samePrefixMarkedMtx/depth2/node5/test0_3.mtx 1.9 169.716 0.012443 0.157143 
/home/antonkov/masterWork/tests/samePrefixMarkedMtx/depth2/node5/test0_3.mtx 2 210.797 0.00824479 0.11 
/home/antonkov/masterWork/tests/samePrefixMarkedMtx/depth2/node5/test0_3.mtx 2.1 244.681 0.00601229 0.0807692 
/home/antonkov/masterWork/tests/samePrefixMarkedMtx/depth2/node5/test0_3.mtx 2.2 343.241 0.00364899 0.0468182 
/home/antonkov/masterWork/tests/samePrefixMarkedMtx/depth2/node5/test0_3.mtx 2.3 436.451 0.00255093 0.0353333 
/home/antonkov/masterWork/tests/samePrefixMarkedMtx/depth2/node5/test0_3.mtx 2.4 569.709 0.00152894 0.0224444 
/home/antonkov/masterWork/tests/samePrefixMarkedMtx/depth2/node5/test0_3.mtx 2.5 937.196 0.000834367 0.0119048 
/home/antonkov/masterWork/tests/samePrefixMarkedMtx/depth2/node5/test0_3.mtx 2.6 1433.9 0.000477665 0.00675676 
/home/antonkov/masterWork/tests/samePrefixMarkedMtx/depth2/node5/test0_3.mtx 2.7 1883.49 0.000320427 0.00461187 
/home/antonkov/masterWork/tests/samePrefixMarkedMtx/depth2/node5/test0_3.mtx 2.8 3342.86 0.000153246 0.00224719 
/home/antonkov/masterWork/tests/samePrefixMarkedMtx/depth2/node5/test0_3.mtx 2.9 4542.56 9.50655e-05 0.00146843 
/home/antonkov/masterWork/tests/samePrefixMarkedMtx/depth2/node5/test0_3.mtx 3 7824.89 4.19549e-05 0.000761615 
/home/antonkov/masterWork/tests/samePrefixMarkedMtx/depth2/node5/test0_3.mtx 3.1 0 -1 -1 
/home/antonkov/masterWork/tests/samePrefixMarkedMtx/depth2/node5/test0_3.mtx 3.2 0 -1 -1 
/home/antonkov/masterWork/tests/samePrefixMarkedMtx/depth2/node5/test0_3.mtx 3.3 0 -1 -1 
/home/antonkov/masterWork/tests/samePrefixMarkedMtx/depth2/node5/test0_3.mtx 3.4 0 -1 -1 
/home/antonkov/masterWork/tests/samePrefixMarkedMtx/depth2/node5/test0_3.mtx 3.5 0 -1 -1 
/home/antonkov/masterWork/tests/samePrefixMarkedMtx/depth2/node5/test0_4.mtx 1 114.431 0.0813802 0.8 
/home/antonkov/masterWork/tests/samePrefixMarkedMtx/depth2/node5/test0_4.mtx 1.1 109.562 0.0734288 0.745 
/home/antonkov/masterWork/tests/samePrefixMarkedMtx/depth2/node5/test0_4.mtx 1.2 99.2028 0.0649045 0.695 
/home/antonkov/masterWork/tests/samePrefixMarkedMtx/depth2/node5/test0_4.mtx 1.3 97.4095 0.0553646 0.61 
/home/antonkov/masterWork/tests/samePrefixMarkedMtx/depth2/node5/test0_4.mtx 1.4 120.943 0.0435012 0.483333 
/home/antonkov/masterWork/tests/samePrefixMarkedMtx/depth2/node5/test0_4.mtx 1.5 112.271 0.0353183 0.4 
/home/antonkov/masterWork/tests/samePrefixMarkedMtx/depth2/node5/test0_4.mtx 1.6 107.606 0.0293634 0.333333 
/home/antonkov/masterWork/tests/samePrefixMarkedMtx/depth2/node5/test0_4.mtx 1.7 122.584 0.0217361 0.26 
/home/antonkov/masterWork/tests/samePrefixMarkedMtx/depth2/node5/test0_4.mtx 1.8 152.761 0.0169097 0.203333 
/home/antonkov/masterWork/tests/samePrefixMarkedMtx/depth2/node5/test0_4.mtx 1.9 163.861 0.0128844 0.154286 
/home/antonkov/masterWork/tests/samePrefixMarkedMtx/depth2/node5/test0_4.mtx 2 184.802 0.00942515 0.112222 
/home/antonkov/masterWork/tests/samePrefixMarkedMtx/depth2/node5/test0_4.mtx 2.1 241.449 0.00665999 0.0830769 
/home/antonkov/masterWork/tests/samePrefixMarkedMtx/depth2/node5/test0_4.mtx 2.2 328.221 0.00382986 0.05 
/home/antonkov/masterWork/tests/samePrefixMarkedMtx/depth2/node5/test0_4.mtx 2.3 440.059 0.00224067 0.03125 
/home/antonkov/masterWork/tests/samePrefixMarkedMtx/depth2/node5/test0_4.mtx 2.4 747.838 0.0011786 0.0162903 
/home/antonkov/masterWork/tests/samePrefixMarkedMtx/depth2/node5/test0_4.mtx 2.5 1036.71 0.0007408 0.0104124 
/home/antonkov/masterWork/tests/samePrefixMarkedMtx/depth2/node5/test0_4.mtx 2.6 1732.79 0.000378961 0.00520833 
/home/antonkov/masterWork/tests/samePrefixMarkedMtx/depth2/node5/test0_4.mtx 2.7 2545.34 0.000213646 0.00315457 
/home/antonkov/masterWork/tests/samePrefixMarkedMtx/depth2/node5/test0_4.mtx 2.8 4185.3 0.000115818 0.00167785 
/home/antonkov/masterWork/tests/samePrefixMarkedMtx/depth2/node5/test0_4.mtx 2.9 7121.4 5.88643e-05 0.00087184 
/home/antonkov/masterWork/tests/samePrefixMarkedMtx/depth2/node5/test0_4.mtx 3 0 -1 -1 
/home/antonkov/masterWork/tests/samePrefixMarkedMtx/depth2/node5/test0_4.mtx 3.1 0 -1 -1 
/home/antonkov/masterWork/tests/samePrefixMarkedMtx/depth2/node5/test0_4.mtx 3.2 0 -1 -1 
/home/antonkov/masterWork/tests/samePrefixMarkedMtx/depth2/node5/test0_4.mtx 3.3 0 -1 -1 
/home/antonkov/masterWork/tests/samePrefixMarkedMtx/depth2/node5/test0_4.mtx 3.4 0 -1 -1 
/home/antonkov/masterWork/tests/samePrefixMarkedMtx/depth2/node5/test0_4.mtx 3.5 0 -1 -1 
/home/antonkov/masterWork/tests/samePrefixMarkedMtx/depth2/node5/test1_0.mtx 1 122.102 0.0826562 0.82 
/home/antonkov/masterWork/tests/samePrefixMarkedMtx/depth2/node5/test1_0.mtx 1.1 110.437 0.072474 0.75 
/home/antonkov/masterWork/tests/samePrefixMarkedMtx/depth2/node5/test1_0.mtx 1.2 104.129 0.0638368 0.675 
/home/antonkov/masterWork/tests/samePrefixMarkedMtx/depth2/node5/test1_0.mtx 1.3 95.6513 0.0547309 0.59 
/home/antonkov/masterWork/tests/samePrefixMarkedMtx/depth2/node5/test1_0.mtx 1.4 95.0613 0.0465712 0.52 
/home/antonkov/masterWork/tests/samePrefixMarkedMtx/depth2/node5/test1_0.mtx 1.5 117.204 0.03614 0.413333 
/home/antonkov/masterWork/tests/samePrefixMarkedMtx/depth2/node5/test1_0.mtx 1.6 132.706 0.0271658 0.31 
/home/antonkov/masterWork/tests/samePrefixMarkedMtx/depth2/node5/test1_0.mtx 1.7 122.373 0.0219184 0.2625 
/home/antonkov/masterWork/tests/samePrefixMarkedMtx/depth2/node5/test1_0.mtx 1.8 154.242 0.0162211 0.19 
/home/antonkov/masterWork/tests/samePrefixMarkedMtx/depth2/node5/test1_0.mtx 1.9 161.164 0.0119122 0.144286 
/home/antonkov/masterWork/tests/samePrefixMarkedMtx/depth2/node5/test1_0.mtx 2 205.503 0.00863542 0.104 
/home/antonkov/masterWork/tests/samePrefixMarkedMtx/depth2/node5/test1_0.mtx 2.1 250.71 0.00594122 0.075 
/home/antonkov/masterWork/tests/samePrefixMarkedMtx/depth2/node5/test1_0.mtx 2.2 315.712 0.00400174 0.05 
/home/antonkov/masterWork/tests/samePrefixMarkedMtx/depth2/node5/test1_0.mtx 2.3 436.837 0.00251288 0.0325806 
/home/antonkov/masterWork/tests/samePrefixMarkedMtx/depth2/node5/test1_0.mtx 2.4 651.195 0.0013831 0.0185185 
/home/antonkov/masterWork/tests/samePrefixMarkedMtx/depth2/node5/test1_0.mtx 2.5 950.307 0.000829143 0.0114943 
/home/antonkov/masterWork/tests/samePrefixMarkedMtx/depth2/node5/test1_0.mtx 2.6 1490.33 0.000433588 0.00632911 
/home/antonkov/masterWork/tests/samePrefixMarkedMtx/depth2/node5/test1_0.mtx 2.7 2437.17 0.000217972 0.00334448 
/home/antonkov/masterWork/tests/samePrefixMarkedMtx/depth2/node5/test1_0.mtx 2.8 3672.5 0.000128264 0.0019305 
/home/antonkov/masterWork/tests/samePrefixMarkedMtx/depth2/node5/test1_0.mtx 2.9 5102.9 8.05616e-05 0.00126566 
/home/antonkov/masterWork/tests/samePrefixMarkedMtx/depth2/node5/test1_0.mtx 3 10780.9 3.59084e-05 0.000529661 
/home/antonkov/masterWork/tests/samePrefixMarkedMtx/depth2/node5/test1_0.mtx 3.1 0 -1 -1 
/home/antonkov/masterWork/tests/samePrefixMarkedMtx/depth2/node5/test1_0.mtx 3.2 0 -1 -1 
/home/antonkov/masterWork/tests/samePrefixMarkedMtx/depth2/node5/test1_0.mtx 3.3 0 -1 -1 
/home/antonkov/masterWork/tests/samePrefixMarkedMtx/depth2/node5/test1_0.mtx 3.4 0 -1 -1 
/home/antonkov/masterWork/tests/samePrefixMarkedMtx/depth2/node5/test1_0.mtx 3.5 0 -1 -1 
/home/antonkov/masterWork/tests/samePrefixMarkedMtx/depth2/node5/test1_1.mtx 1 120.411 0.0879948 0.86 
/home/antonkov/masterWork/tests/samePrefixMarkedMtx/depth2/node5/test1_1.mtx 1.1 117.814 0.0783507 0.79 
/home/antonkov/masterWork/tests/samePrefixMarkedMtx/depth2/node5/test1_1.mtx 1.2 107.898 0.0698785 0.73 
/home/antonkov/masterWork/tests/samePrefixMarkedMtx/depth2/node5/test1_1.mtx 1.3 103.995 0.0594705 0.66 
/home/antonkov/masterWork/tests/samePrefixMarkedMtx/depth2/node5/test1_1.mtx 1.4 95.9163 0.0463368 0.53 
/home/antonkov/masterWork/tests/samePrefixMarkedMtx/depth2/node5/test1_1.mtx 1.5 119.275 0.0357234 0.41 
/home/antonkov/masterWork/tests/samePrefixMarkedMtx/depth2/node5/test1_1.mtx 1.6 139.413 0.0265191 0.3025 
/home/antonkov/masterWork/tests/samePrefixMarkedMtx/depth2/node5/test1_1.mtx 1.7 122.197 0.0209722 0.2525 
/home/antonkov/masterWork/tests/samePrefixMarkedMtx/depth2/node5/test1_1.mtx 1.8 176.558 0.013869 0.16 
/home/antonkov/masterWork/tests/samePrefixMarkedMtx/depth2/node5/test1_1.mtx 1.9 194.222 0.0102913 0.125556 
/home/antonkov/masterWork/tests/samePrefixMarkedMtx/depth2/node5/test1_1.mtx 2 225.143 0.00787247 0.0963636 
/home/antonkov/masterWork/tests/samePrefixMarkedMtx/depth2/node5/test1_1.mtx 2.1 249.61 0.00567956 0.0721429 
/home/antonkov/masterWork/tests/samePrefixMarkedMtx/depth2/node5/test1_1.mtx 2.2 339.048 0.00350616 0.0454545 
/home/antonkov/masterWork/tests/samePrefixMarkedMtx/depth2/node5/test1_1.mtx 2.3 492.423 0.00209882 0.027027 
/home/antonkov/masterWork/tests/samePrefixMarkedMtx/depth2/node5/test1_1.mtx 2.4 750.716 0.00112169 0.015625 
/home/antonkov/masterWork/tests/samePrefixMarkedMtx/depth2/node5/test1_1.mtx 2.5 1112.33 0.000687099 0.00961538 
/home/antonkov/masterWork/tests/samePrefixMarkedMtx/depth2/node5/test1_1.mtx 2.6 1540.77 0.000449472 0.00613497 
/home/antonkov/masterWork/tests/samePrefixMarkedMtx/depth2/node5/test1_1.mtx 2.7 2206.94 0.000248541 0.00375465 
/home/antonkov/masterWork/tests/samePrefixMarkedMtx/depth2/node5/test1_1.mtx 2.8 3679.22 0.000135315 0.00196078 
/home/antonkov/masterWork/tests/samePrefixMarkedMtx/depth2/node5/test1_1.mtx 2.9 5819.99 7.52124e-05 0.00110011 
/home/antonkov/masterWork/tests/samePrefixMarkedMtx/depth2/node5/test1_1.mtx 3 9760.99 3.65757e-05 0.00059312 
/home/antonkov/masterWork/tests/samePrefixMarkedMtx/depth2/node5/test1_1.mtx 3.1 0 -1 -1 
/home/antonkov/masterWork/tests/samePrefixMarkedMtx/depth2/node5/test1_1.mtx 3.2 0 -1 -1 
/home/antonkov/masterWork/tests/samePrefixMarkedMtx/depth2/node5/test1_1.mtx 3.3 0 -1 -1 
/home/antonkov/masterWork/tests/samePrefixMarkedMtx/depth2/node5/test1_1.mtx 3.4 0 -1 -1 
/home/antonkov/masterWork/tests/samePrefixMarkedMtx/depth2/node5/test1_1.mtx 3.5 0 -1 -1 
/home/antonkov/masterWork/tests/samePrefixMarkedMtx/depth2/node5/test1_2.mtx 1 115.95 0.0821354 0.82 
/home/antonkov/masterWork/tests/samePrefixMarkedMtx/depth2/node5/test1_2.mtx 1.1 110.141 0.0722743 0.745 
/home/antonkov/masterWork/tests/samePrefixMarkedMtx/depth2/node5/test1_2.mtx 1.2 101.371 0.0644878 0.685 
/home/antonkov/masterWork/tests/samePrefixMarkedMtx/depth2/node5/test1_2.mtx 1.3 96.5519 0.0544184 0.605 
/home/antonkov/masterWork/tests/samePrefixMarkedMtx/depth2/node5/test1_2.mtx 1.4 123.45 0.0443287 0.506667 
/home/antonkov/masterWork/tests/samePrefixMarkedMtx/depth2/node5/test1_2.mtx 1.5 116.055 0.0346528 0.406667 
/home/antonkov/masterWork/tests/samePrefixMarkedMtx/depth2/node5/test1_2.mtx 1.6 128.18 0.0265451 0.3075 
/home/antonkov/masterWork/tests/samePrefixMarkedMtx/depth2/node5/test1_2.mtx 1.7 121.709 0.0213455 0.26 
/home/antonkov/masterWork/tests/samePrefixMarkedMtx/depth2/node5/test1_2.mtx 1.8 133.37 0.0162049 0.204 
/home/antonkov/masterWork/tests/samePrefixMarkedMtx/depth2/node5/test1_2.mtx 1.9 158.866 0.0120312 0.151429 
/home/antonkov/masterWork/tests/samePrefixMarkedMtx/depth2/node5/test1_2.mtx 2 203.266 0.00797569 0.102 
/home/antonkov/masterWork/tests/samePrefixMarkedMtx/depth2/node5/test1_2.mtx 2.1 263.857 0.00528704 0.0673333 
/home/antonkov/masterWork/tests/samePrefixMarkedMtx/depth2/node5/test1_2.mtx 2.2 350.018 0.0032654 0.0434783 
/home/antonkov/masterWork/tests/samePrefixMarkedMtx/depth2/node5/test1_2.mtx 2.3 478.752 0.00219048 0.0291429 
/home/antonkov/masterWork/tests/samePrefixMarkedMtx/depth2/node5/test1_2.mtx 2.4 704.419 0.00127814 0.0172414 
/home/antonkov/masterWork/tests/samePrefixMarkedMtx/depth2/node5/test1_2.mtx 2.5 1004.57 0.000829899 0.0110989 
/home/antonkov/masterWork/tests/samePrefixMarkedMtx/depth2/node5/test1_2.mtx 2.6 1509.4 0.000425963 0.00645161 
/home/antonkov/masterWork/tests/samePrefixMarkedMtx/depth2/node5/test1_2.mtx 2.7 2408 0.000233953 0.00347222 
/home/antonkov/masterWork/tests/samePrefixMarkedMtx/depth2/node5/test1_2.mtx 2.8 3805.75 0.000117435 0.00192015 
/home/antonkov/masterWork/tests/samePrefixMarkedMtx/depth2/node5/test1_2.mtx 2.9 6244.43 6.21411e-05 0.00102354 
/home/antonkov/masterWork/tests/samePrefixMarkedMtx/depth2/node5/test1_2.mtx 3 11758.7 3.377e-05 0.000489716 
/home/antonkov/masterWork/tests/samePrefixMarkedMtx/depth2/node5/test1_2.mtx 3.1 0 -1 -1 
/home/antonkov/masterWork/tests/samePrefixMarkedMtx/depth2/node5/test1_2.mtx 3.2 0 -1 -1 
/home/antonkov/masterWork/tests/samePrefixMarkedMtx/depth2/node5/test1_2.mtx 3.3 0 -1 -1 
/home/antonkov/masterWork/tests/samePrefixMarkedMtx/depth2/node5/test1_2.mtx 3.4 0 -1 -1 
/home/antonkov/masterWork/tests/samePrefixMarkedMtx/depth2/node5/test1_2.mtx 3.5 0 -1 -1 
/home/antonkov/masterWork/tests/samePrefixMarkedMtx/depth2/node5/test1_3.mtx 1 117.156 0.0836458 0.85 
/home/antonkov/masterWork/tests/samePrefixMarkedMtx/depth2/node5/test1_3.mtx 1.1 113.849 0.0722569 0.76 
/home/antonkov/masterWork/tests/samePrefixMarkedMtx/depth2/node5/test1_3.mtx 1.2 106.101 0.063099 0.69 
/home/antonkov/masterWork/tests/samePrefixMarkedMtx/depth2/node5/test1_3.mtx 1.3 99.37 0.053151 0.6 
/home/antonkov/masterWork/tests/samePrefixMarkedMtx/depth2/node5/test1_3.mtx 1.4 94.1617 0.0440017 0.52 
/home/antonkov/masterWork/tests/samePrefixMarkedMtx/depth2/node5/test1_3.mtx 1.5 116.135 0.0359086 0.426667 
/home/antonkov/masterWork/tests/samePrefixMarkedMtx/depth2/node5/test1_3.mtx 1.6 137.829 0.0273915 0.315 
/home/antonkov/masterWork/tests/samePrefixMarkedMtx/depth2/node5/test1_3.mtx 1.7 146.665 0.0196458 0.236 
/home/antonkov/masterWork/tests/samePrefixMarkedMtx/depth2/node5/test1_3.mtx 1.8 153.243 0.0152459 0.178333 
/home/antonkov/masterWork/tests/samePrefixMarkedMtx/depth2/node5/test1_3.mtx 1.9 183.799 0.0108312 0.13125 
/home/antonkov/masterWork/tests/samePrefixMarkedMtx/depth2/node5/test1_3.mtx 2 201.695 0.0085434 0.108 
/home/antonkov/masterWork/tests/samePrefixMarkedMtx/depth2/node5/test1_3.mtx 2.1 253.787 0.00545263 0.0728571 
/home/antonkov/masterWork/tests/samePrefixMarkedMtx/depth2/node5/test1_3.mtx 2.2 347.476 0.00342251 0.0454545 
/home/antonkov/masterWork/tests/samePrefixMarkedMtx/depth2/node5/test1_3.mtx 2.3 525.172 0.0020777 0.027027 
/home/antonkov/masterWork/tests/samePrefixMarkedMtx/depth2/node5/test1_3.mtx 2.4 766.358 0.00115162 0.015873 
/home/antonkov/masterWork/tests/samePrefixMarkedMtx/depth2/node5/test1_3.mtx 2.5 1155.59 0.000697041 0.00934579 
/home/antonkov/masterWork/tests/samePrefixMarkedMtx/depth2/node5/test1_3.mtx 2.6 1694.58 0.000370688 0.00549451 
/home/antonkov/masterWork/tests/samePrefixMarkedMtx/depth2/node5/test1_3.mtx 2.7 2522.58 0.00020558 0.00323625 
/home/antonkov/masterWork/tests/samePrefixMarkedMtx/depth2/node5/test1_3.mtx 2.8 3799.21 0.000128263 0.00188324 
/home/antonkov/masterWork/tests/samePrefixMarkedMtx/depth2/node5/test1_3.mtx 2.9 6531.68 6.36462e-05 0.000968054 
/home/antonkov/masterWork/tests/samePrefixMarkedMtx/depth2/node5/test1_3.mtx 3 0 -1 -1 
/home/antonkov/masterWork/tests/samePrefixMarkedMtx/depth2/node5/test1_3.mtx 3.1 0 -1 -1 
/home/antonkov/masterWork/tests/samePrefixMarkedMtx/depth2/node5/test1_3.mtx 3.2 0 -1 -1 
/home/antonkov/masterWork/tests/samePrefixMarkedMtx/depth2/node5/test1_3.mtx 3.3 0 -1 -1 
/home/antonkov/masterWork/tests/samePrefixMarkedMtx/depth2/node5/test1_3.mtx 3.4 0 -1 -1 
/home/antonkov/masterWork/tests/samePrefixMarkedMtx/depth2/node5/test1_3.mtx 3.5 0 -1 -1 
/home/antonkov/masterWork/tests/samePrefixMarkedMtx/depth2/node5/test1_4.mtx 1 118.824 0.0817795 0.81 
/home/antonkov/masterWork/tests/samePrefixMarkedMtx/depth2/node5/test1_4.mtx 1.1 113.036 0.0720833 0.755 
/home/antonkov/masterWork/tests/samePrefixMarkedMtx/depth2/node5/test1_4.mtx 1.2 105.44 0.0634549 0.66 
/home/antonkov/masterWork/tests/samePrefixMarkedMtx/depth2/node5/test1_4.mtx 1.3 96.6626 0.0553993 0.6 
/home/antonkov/masterWork/tests/samePrefixMarkedMtx/depth2/node5/test1_4.mtx 1.4 94.3544 0.0450955 0.51 
/home/antonkov/masterWork/tests/samePrefixMarkedMtx/depth2/node5/test1_4.mtx 1.5 117.489 0.0324306 0.38 
/home/antonkov/masterWork/tests/samePrefixMarkedMtx/depth2/node5/test1_4.mtx 1.6 135.355 0.0260503 0.295 
/home/antonkov/masterWork/tests/samePrefixMarkedMtx/depth2/node5/test1_4.mtx 1.7 139.709 0.0176146 0.206 
/home/antonkov/masterWork/tests/samePrefixMarkedMtx/depth2/node5/test1_4.mtx 1.8 148.243 0.0146383 0.175 
/home/antonkov/masterWork/tests/samePrefixMarkedMtx/depth2/node5/test1_4.mtx 1.9 178.394 0.0109766 0.135 
/home/antonkov/masterWork/tests/samePrefixMarkedMtx/depth2/node5/test1_4.mtx 2 231.737 0.00745515 0.0891667 
/home/antonkov/masterWork/tests/samePrefixMarkedMtx/depth2/node5/test1_4.mtx 2.1 294.409 0.00443423 0.0611765 
/home/antonkov/masterWork/tests/samePrefixMarkedMtx/depth2/node5/test1_4.mtx 2.2 391.497 0.00293889 0.04 
/home/antonkov/masterWork/tests/samePrefixMarkedMtx/depth2/node5/test1_4.mtx 2.3 534.286 0.00182595 0.0255 
/home/antonkov/masterWork/tests/samePrefixMarkedMtx/depth2/node5/test1_4.mtx 2.4 778.89 0.0010593 0.0160317 
/home/antonkov/masterWork/tests/samePrefixMarkedMtx/depth2/node5/test1_4.mtx 2.5 1001.28 0.00076179 0.0110989 
/home/antonkov/masterWork/tests/samePrefixMarkedMtx/depth2/node5/test1_4.mtx 2.6 1490.29 0.000442597 0.00647436 
/home/antonkov/masterWork/tests/samePrefixMarkedMtx/depth2/node5/test1_4.mtx 2.7 2082.69 0.000248583 0.00408163 
/home/antonkov/masterWork/tests/samePrefixMarkedMtx/depth2/node5/test1_4.mtx 2.8 2781.68 0.00014678 0.00275482 
/home/antonkov/masterWork/tests/samePrefixMarkedMtx/depth2/node5/test1_4.mtx 2.9 4279.28 9.00729e-05 0.0015949 
/home/antonkov/masterWork/tests/samePrefixMarkedMtx/depth2/node5/test1_4.mtx 3 6697.2 3.53833e-05 0.000906618 
/home/antonkov/masterWork/tests/samePrefixMarkedMtx/depth2/node5/test1_4.mtx 3.1 0 -1 -1 
/home/antonkov/masterWork/tests/samePrefixMarkedMtx/depth2/node5/test1_4.mtx 3.2 0 -1 -1 
/home/antonkov/masterWork/tests/samePrefixMarkedMtx/depth2/node5/test1_4.mtx 3.3 0 -1 -1 
/home/antonkov/masterWork/tests/samePrefixMarkedMtx/depth2/node5/test1_4.mtx 3.4 0 -1 -1 
/home/antonkov/masterWork/tests/samePrefixMarkedMtx/depth2/node5/test1_4.mtx 3.5 0 -1 -1 
/home/antonkov/masterWork/tests/samePrefixMarkedMtx/depth2/node5/test2_0.mtx 1 112.214 0.078533 0.805 
/home/antonkov/masterWork/tests/samePrefixMarkedMtx/depth2/node5/test2_0.mtx 1.1 104.301 0.0686372 0.715 
/home/antonkov/masterWork/tests/samePrefixMarkedMtx/depth2/node5/test2_0.mtx 1.2 96.696 0.0610069 0.66 
/home/antonkov/masterWork/tests/samePrefixMarkedMtx/depth2/node5/test2_0.mtx 1.3 93.0508 0.0528993 0.605 
/home/antonkov/masterWork/tests/samePrefixMarkedMtx/depth2/node5/test2_0.mtx 1.4 122.054 0.0434086 0.5 
/home/antonkov/masterWork/tests/samePrefixMarkedMtx/depth2/node5/test2_0.mtx 1.5 113.105 0.0352083 0.42 
/home/antonkov/masterWork/tests/samePrefixMarkedMtx/depth2/node5/test2_0.mtx 1.6 137.015 0.0270964 0.32 
/home/antonkov/masterWork/tests/samePrefixMarkedMtx/depth2/node5/test2_0.mtx 1.7 116.74 0.0203776 0.2575 
/home/antonkov/masterWork/tests/samePrefixMarkedMtx/depth2/node5/test2_0.mtx 1.8 157.154 0.0161314 0.201667 
/home/antonkov/masterWork/tests/samePrefixMarkedMtx/depth2/node5/test2_0.mtx 1.9 182.855 0.0108051 0.12625 
/home/antonkov/masterWork/tests/samePrefixMarkedMtx/depth2/node5/test2_0.mtx 2 210.826 0.00790088 0.0945455 
/home/antonkov/masterWork/tests/samePrefixMarkedMtx/depth2/node5/test2_0.mtx 2.1 236.442 0.00608173 0.0784615 
/home/antonkov/masterWork/tests/samePrefixMarkedMtx/depth2/node5/test2_0.mtx 2.2 381.726 0.00305417 0.0408 
/home/antonkov/masterWork/tests/samePrefixMarkedMtx/depth2/node5/test2_0.mtx 2.3 495.3 0.00200638 0.0272973 
/home/antonkov/masterWork/tests/samePrefixMarkedMtx/depth2/node5/test2_0.mtx 2.4 680.711 0.00127619 0.0175439 
/home/antonkov/masterWork/tests/samePrefixMarkedMtx/depth2/node5/test2_0.mtx 2.5 1175.52 0.000596014 0.00869565 
/home/antonkov/masterWork/tests/samePrefixMarkedMtx/depth2/node5/test2_0.mtx 2.6 1921.46 0.00031458 0.00460829 
/home/antonkov/masterWork/tests/samePrefixMarkedMtx/depth2/node5/test2_0.mtx 2.7 2666.54 0.000194434 0.00293255 
/home/antonkov/masterWork/tests/samePrefixMarkedMtx/depth2/node5/test2_0.mtx 2.8 3842.45 0.000103383 0.00180505 
/home/antonkov/masterWork/tests/samePrefixMarkedMtx/depth2/node5/test2_0.mtx 2.9 6131.8 5.09048e-05 0.00101317 
/home/antonkov/masterWork/tests/samePrefixMarkedMtx/depth2/node5/test2_0.mtx 3 9088.68 2.69452e-05 0.000619579 
/home/antonkov/masterWork/tests/samePrefixMarkedMtx/depth2/node5/test2_0.mtx 3.1 0 -1 -1 
/home/antonkov/masterWork/tests/samePrefixMarkedMtx/depth2/node5/test2_0.mtx 3.2 0 -1 -1 
/home/antonkov/masterWork/tests/samePrefixMarkedMtx/depth2/node5/test2_0.mtx 3.3 0 -1 -1 
/home/antonkov/masterWork/tests/samePrefixMarkedMtx/depth2/node5/test2_0.mtx 3.4 0 -1 -1 
/home/antonkov/masterWork/tests/samePrefixMarkedMtx/depth2/node5/test2_0.mtx 3.5 0 -1 -1 
/home/antonkov/masterWork/tests/samePrefixMarkedMtx/depth2/node5/test2_1.mtx 1 113.012 0.0784375 0.815 
/home/antonkov/masterWork/tests/samePrefixMarkedMtx/depth2/node5/test2_1.mtx 1.1 105.214 0.0685851 0.74 
/home/antonkov/masterWork/tests/samePrefixMarkedMtx/depth2/node5/test2_1.mtx 1.2 95.9506 0.0595139 0.64 
/home/antonkov/masterWork/tests/samePrefixMarkedMtx/depth2/node5/test2_1.mtx 1.3 90.5971 0.0500694 0.555 
/home/antonkov/masterWork/tests/samePrefixMarkedMtx/depth2/node5/test2_1.mtx 1.4 121.126 0.0414178 0.473333 
/home/antonkov/masterWork/tests/samePrefixMarkedMtx/depth2/node5/test2_1.mtx 1.5 109.757 0.0323495 0.376667 
/home/antonkov/masterWork/tests/samePrefixMarkedMtx/depth2/node5/test2_1.mtx 1.6 131.906 0.0246007 0.2925 
/home/antonkov/masterWork/tests/samePrefixMarkedMtx/depth2/node5/test2_1.mtx 1.7 140.055 0.0178472 0.22 
/home/antonkov/masterWork/tests/samePrefixMarkedMtx/depth2/node5/test2_1.mtx 1.8 148.223 0.0139236 0.173333 
/home/antonkov/masterWork/tests/samePrefixMarkedMtx/depth2/node5/test2_1.mtx 1.9 188.094 0.00976852 0.118889 
/home/antonkov/masterWork/tests/samePrefixMarkedMtx/depth2/node5/test2_1.mtx 2 208.216 0.00733586 0.0927273 
/home/antonkov/masterWork/tests/samePrefixMarkedMtx/depth2/node5/test2_1.mtx 2.1 276.434 0.00491862 0.065 
/home/antonkov/masterWork/tests/samePrefixMarkedMtx/depth2/node5/test2_1.mtx 2.2 416.536 0.00283693 0.0388889 
/home/antonkov/masterWork/tests/samePrefixMarkedMtx/depth2/node5/test2_1.mtx 2.3 513.327 0.00195758 0.027027 
/home/antonkov/masterWork/tests/samePrefixMarkedMtx/depth2/node5/test2_1.mtx 2.4 766.584 0.00121892 0.0164516 
/home/antonkov/masterWork/tests/samePrefixMarkedMtx/depth2/node5/test2_1.mtx 2.5 1128.73 0.000663856 0.00961905 
/home/antonkov/masterWork/tests/samePrefixMarkedMtx/depth2/node5/test2_1.mtx 2.6 1644.16 0.000413336 0.00587209 
/home/antonkov/masterWork/tests/samePrefixMarkedMtx/depth2/node5/test2_1.mtx 2.7 2522.2 0.000220435 0.00325733 
/home/antonkov/masterWork/tests/samePrefixMarkedMtx/depth2/node5/test2_1.mtx 2.8 3596.09 0.000141971 0.00204082 
/home/antonkov/masterWork/tests/samePrefixMarkedMtx/depth2/node5/test2_1.mtx 2.9 5833.65 7.2566e-05 0.00110988 
/home/antonkov/masterWork/tests/samePrefixMarkedMtx/depth2/node5/test2_1.mtx 3 10428.3 3.59707e-05 0.000561798 
/home/antonkov/masterWork/tests/samePrefixMarkedMtx/depth2/node5/test2_1.mtx 3.1 0 -1 -1 
/home/antonkov/masterWork/tests/samePrefixMarkedMtx/depth2/node5/test2_1.mtx 3.2 0 -1 -1 
/home/antonkov/masterWork/tests/samePrefixMarkedMtx/depth2/node5/test2_1.mtx 3.3 0 -1 -1 
/home/antonkov/masterWork/tests/samePrefixMarkedMtx/depth2/node5/test2_1.mtx 3.4 0 -1 -1 
/home/antonkov/masterWork/tests/samePrefixMarkedMtx/depth2/node5/test2_1.mtx 3.5 0 -1 -1 
/home/antonkov/masterWork/tests/samePrefixMarkedMtx/depth2/node5/test2_2.mtx 1 111.398 0.0719705 0.73 
/home/antonkov/masterWork/tests/samePrefixMarkedMtx/depth2/node5/test2_2.mtx 1.1 101.477 0.0652865 0.67 
/home/antonkov/masterWork/tests/samePrefixMarkedMtx/depth2/node5/test2_2.mtx 1.2 94.7041 0.0556944 0.605 
/home/antonkov/masterWork/tests/samePrefixMarkedMtx/depth2/node5/test2_2.mtx 1.3 91.269 0.0472049 0.515 
/home/antonkov/masterWork/tests/samePrefixMarkedMtx/depth2/node5/test2_2.mtx 1.4 122.39 0.0411921 0.483333 
/home/antonkov/masterWork/tests/samePrefixMarkedMtx/depth2/node5/test2_2.mtx 1.5 115.713 0.0323553 0.38 
/home/antonkov/masterWork/tests/samePrefixMarkedMtx/depth2/node5/test2_2.mtx 1.6 133.654 0.0257509 0.3 
/home/antonkov/masterWork/tests/samePrefixMarkedMtx/depth2/node5/test2_2.mtx 1.7 139.056 0.0191111 0.224 
/home/antonkov/masterWork/tests/samePrefixMarkedMtx/depth2/node5/test2_2.mtx 1.8 152.673 0.015272 0.191667 
/home/antonkov/masterWork/tests/samePrefixMarkedMtx/depth2/node5/test2_2.mtx 1.9 161.214 0.0113194 0.142857 
/home/antonkov/masterWork/tests/samePrefixMarkedMtx/depth2/node5/test2_2.mtx 2 220.299 0.00720486 0.0981818 
/home/antonkov/masterWork/tests/samePrefixMarkedMtx/depth2/node5/test2_2.mtx 2.1 271.931 0.00479167 0.0673333 
/home/antonkov/masterWork/tests/samePrefixMarkedMtx/depth2/node5/test2_2.mtx 2.2 354.581 0.00296347 0.043913 
/home/antonkov/masterWork/tests/samePrefixMarkedMtx/depth2/node5/test2_2.mtx 2.3 546.773 0.00183983 0.0261538 
/home/antonkov/masterWork/tests/samePrefixMarkedMtx/depth2/node5/test2_2.mtx 2.4 783.515 0.0010262 0.015625 
/home/antonkov/masterWork/tests/samePrefixMarkedMtx/depth2/node5/test2_2.mtx 2.5 1147.14 0.00062854 0.00970874 
/home/antonkov/masterWork/tests/samePrefixMarkedMtx/depth2/node5/test2_2.mtx 2.6 1666.87 0.000346099 0.00588235 
/home/antonkov/masterWork/tests/samePrefixMarkedMtx/depth2/node5/test2_2.mtx 2.7 2434.05 0.000199683 0.0035689 
/home/antonkov/masterWork/tests/samePrefixMarkedMtx/depth2/node5/test2_2.mtx 2.8 3728.4 0.000125621 0.00203252 
/home/antonkov/masterWork/tests/samePrefixMarkedMtx/depth2/node5/test2_2.mtx 2.9 5651.03 6.69584e-05 0.00119332 
/home/antonkov/masterWork/tests/samePrefixMarkedMtx/depth2/node5/test2_2.mtx 3 10641 2.93234e-05 0.000568505 
/home/antonkov/masterWork/tests/samePrefixMarkedMtx/depth2/node5/test2_2.mtx 3.1 0 -1 -1 
/home/antonkov/masterWork/tests/samePrefixMarkedMtx/depth2/node5/test2_2.mtx 3.2 0 -1 -1 
/home/antonkov/masterWork/tests/samePrefixMarkedMtx/depth2/node5/test2_2.mtx 3.3 0 -1 -1 
/home/antonkov/masterWork/tests/samePrefixMarkedMtx/depth2/node5/test2_2.mtx 3.4 0 -1 -1 
/home/antonkov/masterWork/tests/samePrefixMarkedMtx/depth2/node5/test2_2.mtx 3.5 0 -1 -1 
/home/antonkov/masterWork/tests/samePrefixMarkedMtx/depth2/node5/test2_3.mtx 1 111.914 0.0776997 0.795 
/home/antonkov/masterWork/tests/samePrefixMarkedMtx/depth2/node5/test2_3.mtx 1.1 110.475 0.0711806 0.75 
/home/antonkov/masterWork/tests/samePrefixMarkedMtx/depth2/node5/test2_3.mtx 1.2 101.463 0.062691 0.68 
/home/antonkov/masterWork/tests/samePrefixMarkedMtx/depth2/node5/test2_3.mtx 1.3 95.1061 0.0540365 0.615 
/home/antonkov/masterWork/tests/samePrefixMarkedMtx/depth2/node5/test2_3.mtx 1.4 89.4771 0.0454688 0.53 
/home/antonkov/masterWork/tests/samePrefixMarkedMtx/depth2/node5/test2_3.mtx 1.5 109.033 0.0329572 0.383333 
/home/antonkov/masterWork/tests/samePrefixMarkedMtx/depth2/node5/test2_3.mtx 1.6 131.215 0.0240755 0.2925 
/home/antonkov/masterWork/tests/samePrefixMarkedMtx/depth2/node5/test2_3.mtx 1.7 138.571 0.0177292 0.21 
/home/antonkov/masterWork/tests/samePrefixMarkedMtx/depth2/node5/test2_3.mtx 1.8 169.471 0.0125422 0.158571 
/home/antonkov/masterWork/tests/samePrefixMarkedMtx/depth2/node5/test2_3.mtx 1.9 190.288 0.00919174 0.111111 
/home/antonkov/masterWork/tests/samePrefixMarkedMtx/depth2/node5/test2_3.mtx 2 224.121 0.00720775 0.0925 
/home/antonkov/masterWork/tests/samePrefixMarkedMtx/depth2/node5/test2_3.mtx 2.1 277.889 0.00477328 0.0629412 
/home/antonkov/masterWork/tests/samePrefixMarkedMtx/depth2/node5/test2_3.mtx 2.2 382.014 0.00316573 0.0392308 
/home/antonkov/masterWork/tests/samePrefixMarkedMtx/depth2/node5/test2_3.mtx 2.3 515.492 0.00207237 0.0265789 
/home/antonkov/masterWork/tests/samePrefixMarkedMtx/depth2/node5/test2_3.mtx 2.4 719.81 0.00123577 0.0165574 
/home/antonkov/masterWork/tests/samePrefixMarkedMtx/depth2/node5/test2_3.mtx 2.5 973.754 0.000800367 0.011236 
/home/antonkov/masterWork/tests/samePrefixMarkedMtx/depth2/node5/test2_3.mtx 2.6 1490.27 0.000423499 0.00645161 
/home/antonkov/masterWork/tests/samePrefixMarkedMtx/depth2/node5/test2_3.mtx 2.7 2093.57 0.000241801 0.00401606 
/home/antonkov/masterWork/tests/samePrefixMarkedMtx/depth2/node5/test2_3.mtx 2.8 3091.62 0.000156966 0.00242718 
/home/antonkov/masterWork/tests/samePrefixMarkedMtx/depth2/node5/test2_3.mtx 2.9 5252.19 7.13015e-05 0.00124378 
/home/antonkov/masterWork/tests/samePrefixMarkedMtx/depth2/node5/test2_3.mtx 3 7496.92 3.76866e-05 0.000790514 
/home/antonkov/masterWork/tests/samePrefixMarkedMtx/depth2/node5/test2_3.mtx 3.1 0 -1 -1 
/home/antonkov/masterWork/tests/samePrefixMarkedMtx/depth2/node5/test2_3.mtx 3.2 0 -1 -1 
/home/antonkov/masterWork/tests/samePrefixMarkedMtx/depth2/node5/test2_3.mtx 3.3 0 -1 -1 
/home/antonkov/masterWork/tests/samePrefixMarkedMtx/depth2/node5/test2_3.mtx 3.4 0 -1 -1 
/home/antonkov/masterWork/tests/samePrefixMarkedMtx/depth2/node5/test2_3.mtx 3.5 0 -1 -1 
/home/antonkov/masterWork/tests/samePrefixMarkedMtx/depth2/node5/test2_4.mtx 1 108.864 0.0776823 0.785 
/home/antonkov/masterWork/tests/samePrefixMarkedMtx/depth2/node5/test2_4.mtx 1.1 104.512 0.0684115 0.725 
/home/antonkov/masterWork/tests/samePrefixMarkedMtx/depth2/node5/test2_4.mtx 1.2 95.443 0.0580642 0.635 
/home/antonkov/masterWork/tests/samePrefixMarkedMtx/depth2/node5/test2_4.mtx 1.3 92.11 0.0486806 0.53 
/home/antonkov/masterWork/tests/samePrefixMarkedMtx/depth2/node5/test2_4.mtx 1.4 119.002 0.0397164 0.46 
/home/antonkov/masterWork/tests/samePrefixMarkedMtx/depth2/node5/test2_4.mtx 1.5 112.636 0.032581 0.376667 
/home/antonkov/masterWork/tests/samePrefixMarkedMtx/depth2/node5/test2_4.mtx 1.6 126.154 0.0243099 0.28 
/home/antonkov/masterWork/tests/samePrefixMarkedMtx/depth2/node5/test2_4.mtx 1.7 137.186 0.0180104 0.224 
/home/antonkov/masterWork/tests/samePrefixMarkedMtx/depth2/node5/test2_4.mtx 1.8 169.838 0.0128795 0.161429 
/home/antonkov/masterWork/tests/samePrefixMarkedMtx/depth2/node5/test2_4.mtx 1.9 186.992 0.0088233 0.114444 
/home/antonkov/masterWork/tests/samePrefixMarkedMtx/depth2/node5/test2_4.mtx 2 252.343 0.00617788 0.0792308 
/home/antonkov/masterWork/tests/samePrefixMarkedMtx/depth2/node5/test2_4.mtx 2.1 346.097 0.00379795 0.0480952 
/home/antonkov/masterWork/tests/samePrefixMarkedMtx/depth2/node5/test2_4.mtx 2.2 462.909 0.00241482 0.03125 
/home/antonkov/masterWork/tests/samePrefixMarkedMtx/depth2/node5/test2_4.mtx 2.3 611.826 0.00164478 0.0221739 
/home/antonkov/masterWork/tests/samePrefixMarkedMtx/depth2/node5/test2_4.mtx 2.4 782.668 0.00109585 0.0151515 
/home/antonkov/masterWork/tests/samePrefixMarkedMtx/depth2/node5/test2_4.mtx 2.5 1096.92 0.000662998 0.00943396 
/home/antonkov/masterWork/tests/samePrefixMarkedMtx/depth2/node5/test2_4.mtx 2.6 1505.07 0.000411874 0.00613497 
/home/antonkov/masterWork/tests/samePrefixMarkedMtx/depth2/node5/test2_4.mtx 2.7 2484.55 0.000230332 0.00325733 
/home/antonkov/masterWork/tests/samePrefixMarkedMtx/depth2/node5/test2_4.mtx 2.8 4133.39 0.000117337 0.00172414 
/home/antonkov/masterWork/tests/samePrefixMarkedMtx/depth2/node5/test2_4.mtx 2.9 7254.27 5.33223e-05 0.000870322 
/home/antonkov/masterWork/tests/samePrefixMarkedMtx/depth2/node5/test2_4.mtx 3 0 -1 -1 
/home/antonkov/masterWork/tests/samePrefixMarkedMtx/depth2/node5/test2_4.mtx 3.1 0 -1 -1 
/home/antonkov/masterWork/tests/samePrefixMarkedMtx/depth2/node5/test2_4.mtx 3.2 0 -1 -1 
/home/antonkov/masterWork/tests/samePrefixMarkedMtx/depth2/node5/test2_4.mtx 3.3 0 -1 -1 
/home/antonkov/masterWork/tests/samePrefixMarkedMtx/depth2/node5/test2_4.mtx 3.4 0 -1 -1 
/home/antonkov/masterWork/tests/samePrefixMarkedMtx/depth2/node5/test2_4.mtx 3.5 0 -1 -1 
/home/antonkov/masterWork/tests/samePrefixMarkedMtx/depth2/node5/test97_0.mtx 1 120.082 0.0829253 0.855 
/home/antonkov/masterWork/tests/samePrefixMarkedMtx/depth2/node5/test97_0.mtx 1.1 115.641 0.0746615 0.79 
/home/antonkov/masterWork/tests/samePrefixMarkedMtx/depth2/node5/test97_0.mtx 1.2 110.392 0.0617448 0.675 
/home/antonkov/masterWork/tests/samePrefixMarkedMtx/depth2/node5/test97_0.mtx 1.3 101.746 0.0522222 0.58 
/home/antonkov/masterWork/tests/samePrefixMarkedMtx/depth2/node5/test97_0.mtx 1.4 129.082 0.0453414 0.503333 
/home/antonkov/masterWork/tests/samePrefixMarkedMtx/depth2/node5/test97_0.mtx 1.5 122.856 0.0392882 0.453333 
/home/antonkov/masterWork/tests/samePrefixMarkedMtx/depth2/node5/test97_0.mtx 1.6 112.86 0.030978 0.366667 
/home/antonkov/masterWork/tests/samePrefixMarkedMtx/depth2/node5/test97_0.mtx 1.7 128.465 0.0230469 0.2725 
/home/antonkov/masterWork/tests/samePrefixMarkedMtx/depth2/node5/test97_0.mtx 1.8 136.215 0.0166285 0.2 
/home/antonkov/masterWork/tests/samePrefixMarkedMtx/depth2/node5/test97_0.mtx 1.9 167.005 0.0129985 0.158571 
/home/antonkov/masterWork/tests/samePrefixMarkedMtx/depth2/node5/test97_0.mtx 2 191.186 0.0087037 0.112222 
/home/antonkov/masterWork/tests/samePrefixMarkedMtx/depth2/node5/test97_0.mtx 2.1 228.432 0.00617043 0.085 
/home/antonkov/masterWork/tests/samePrefixMarkedMtx/depth2/node5/test97_0.mtx 2.2 331.311 0.00382726 0.051 
/home/antonkov/masterWork/tests/samePrefixMarkedMtx/depth2/node5/test97_0.mtx 2.3 423.482 0.00247725 0.0351724 
/home/antonkov/masterWork/tests/samePrefixMarkedMtx/depth2/node5/test97_0.mtx 2.4 716.568 0.00127759 0.0180357 
/home/antonkov/masterWork/tests/samePrefixMarkedMtx/depth2/node5/test97_0.mtx 2.5 929.221 0.000875889 0.0121951 
/home/antonkov/masterWork/tests/samePrefixMarkedMtx/depth2/node5/test97_0.mtx 2.6 1443.49 0.000480927 0.00694444 
/home/antonkov/masterWork/tests/samePrefixMarkedMtx/depth2/node5/test97_0.mtx 2.7 2053.96 0.000295358 0.00420168 
/home/antonkov/masterWork/tests/samePrefixMarkedMtx/depth2/node5/test97_0.mtx 2.8 2965.22 0.000170345 0.00257732 
/home/antonkov/masterWork/tests/samePrefixMarkedMtx/depth2/node5/test97_0.mtx 2.9 4527.01 9.60545e-05 0.0014881 
/home/antonkov/masterWork/tests/samePrefixMarkedMtx/depth2/node5/test97_0.mtx 3 9037.35 4.03211e-05 0.00066357 
/home/antonkov/masterWork/tests/samePrefixMarkedMtx/depth2/node5/test97_0.mtx 3.1 0 -1 -1 
/home/antonkov/masterWork/tests/samePrefixMarkedMtx/depth2/node5/test97_0.mtx 3.2 0 -1 -1 
/home/antonkov/masterWork/tests/samePrefixMarkedMtx/depth2/node5/test97_0.mtx 3.3 0 -1 -1 
/home/antonkov/masterWork/tests/samePrefixMarkedMtx/depth2/node5/test97_0.mtx 3.4 0 -1 -1 
/home/antonkov/masterWork/tests/samePrefixMarkedMtx/depth2/node5/test97_0.mtx 3.5 0 -1 -1 
/home/antonkov/masterWork/tests/samePrefixMarkedMtx/depth2/node5/test97_1.mtx 1 117.811 0.0825955 0.825 
/home/antonkov/masterWork/tests/samePrefixMarkedMtx/depth2/node5/test97_1.mtx 1.1 115.364 0.0726563 0.75 
/home/antonkov/masterWork/tests/samePrefixMarkedMtx/depth2/node5/test97_1.mtx 1.2 107.058 0.0641753 0.685 
/home/antonkov/masterWork/tests/samePrefixMarkedMtx/depth2/node5/test97_1.mtx 1.3 100.047 0.055842 0.625 
/home/antonkov/masterWork/tests/samePrefixMarkedMtx/depth2/node5/test97_1.mtx 1.4 95.0955 0.0475781 0.535 
/home/antonkov/masterWork/tests/samePrefixMarkedMtx/depth2/node5/test97_1.mtx 1.5 118.508 0.0324826 0.376667 
/home/antonkov/masterWork/tests/samePrefixMarkedMtx/depth2/node5/test97_1.mtx 1.6 133.139 0.025816 0.3075 
/home/antonkov/masterWork/tests/samePrefixMarkedMtx/depth2/node5/test97_1.mtx 1.7 141.449 0.019934 0.236 
/home/antonkov/masterWork/tests/samePrefixMarkedMtx/depth2/node5/test97_1.mtx 1.8 151.834 0.0150839 0.185 
/home/antonkov/masterWork/tests/samePrefixMarkedMtx/depth2/node5/test97_1.mtx 1.9 183.879 0.0105621 0.13125 
/home/antonkov/masterWork/tests/samePrefixMarkedMtx/depth2/node5/test97_1.mtx 2 202.649 0.00809722 0.103 
/home/antonkov/masterWork/tests/samePrefixMarkedMtx/depth2/node5/test97_1.mtx 2.1 243.049 0.00596421 0.0807692 
/home/antonkov/masterWork/tests/samePrefixMarkedMtx/depth2/node5/test97_1.mtx 2.2 375.746 0.00317781 0.0425 
/home/antonkov/masterWork/tests/samePrefixMarkedMtx/depth2/node5/test97_1.mtx 2.3 463.98 0.0023877 0.0321875 
/home/antonkov/masterWork/tests/samePrefixMarkedMtx/depth2/node5/test97_1.mtx 2.4 640.147 0.00146944 0.02 
/home/antonkov/masterWork/tests/samePrefixMarkedMtx/depth2/node5/test97_1.mtx 2.5 788.412 0.00107639 0.0148529 
/home/antonkov/masterWork/tests/samePrefixMarkedMtx/depth2/node5/test97_1.mtx 2.6 1317.6 0.000562049 0.00763359 
/home/antonkov/masterWork/tests/samePrefixMarkedMtx/depth2/node5/test97_1.mtx 2.7 2103.74 0.000283755 0.00409836 
/home/antonkov/masterWork/tests/samePrefixMarkedMtx/depth2/node5/test97_1.mtx 2.8 3398.21 0.000151667 0.00223714 
/home/antonkov/masterWork/tests/samePrefixMarkedMtx/depth2/node5/test97_1.mtx 2.9 4610.31 9.37088e-05 0.00148368 
/home/antonkov/masterWork/tests/samePrefixMarkedMtx/depth2/node5/test97_1.mtx 3 7378.18 4.87579e-05 0.000829187 
/home/antonkov/masterWork/tests/samePrefixMarkedMtx/depth2/node5/test97_1.mtx 3.1 0 -1 -1 
/home/antonkov/masterWork/tests/samePrefixMarkedMtx/depth2/node5/test97_1.mtx 3.2 0 -1 -1 
/home/antonkov/masterWork/tests/samePrefixMarkedMtx/depth2/node5/test97_1.mtx 3.3 0 -1 -1 
/home/antonkov/masterWork/tests/samePrefixMarkedMtx/depth2/node5/test97_1.mtx 3.4 0 -1 -1 
/home/antonkov/masterWork/tests/samePrefixMarkedMtx/depth2/node5/test97_1.mtx 3.5 0 -1 -1 
/home/antonkov/masterWork/tests/samePrefixMarkedMtx/depth2/node5/test97_2.mtx 1 117.52 0.0784809 0.8 
/home/antonkov/masterWork/tests/samePrefixMarkedMtx/depth2/node5/test97_2.mtx 1.1 109.006 0.0686458 0.71 
/home/antonkov/masterWork/tests/samePrefixMarkedMtx/depth2/node5/test97_2.mtx 1.2 104.31 0.0592101 0.645 
/home/antonkov/masterWork/tests/samePrefixMarkedMtx/depth2/node5/test97_2.mtx 1.3 98.3319 0.0495313 0.55 
/home/antonkov/masterWork/tests/samePrefixMarkedMtx/depth2/node5/test97_2.mtx 1.4 127.506 0.0428183 0.486667 
/home/antonkov/masterWork/tests/samePrefixMarkedMtx/depth2/node5/test97_2.mtx 1.5 114.761 0.0317361 0.38 
/home/antonkov/masterWork/tests/samePrefixMarkedMtx/depth2/node5/test97_2.mtx 1.6 137.96 0.0256467 0.32 
/home/antonkov/masterWork/tests/samePrefixMarkedMtx/depth2/node5/test97_2.mtx 1.7 151.742 0.0197639 0.24 
/home/antonkov/masterWork/tests/samePrefixMarkedMtx/depth2/node5/test97_2.mtx 1.8 156.368 0.0159954 0.195 
/home/antonkov/masterWork/tests/samePrefixMarkedMtx/depth2/node5/test97_2.mtx 1.9 173.606 0.0125223 0.157143 
/home/antonkov/masterWork/tests/samePrefixMarkedMtx/depth2/node5/test97_2.mtx 2 195.526 0.00903164 0.113333 
/home/antonkov/masterWork/tests/samePrefixMarkedMtx/depth2/node5/test97_2.mtx 2.1 268.854 0.00588294 0.0764286 
/home/antonkov/masterWork/tests/samePrefixMarkedMtx/depth2/node5/test97_2.mtx 2.2 306.758 0.00441165 0.0572222 
/home/antonkov/masterWork/tests/samePrefixMarkedMtx/depth2/node5/test97_2.mtx 2.3 444.175 0.00254909 0.0344828 
/home/antonkov/masterWork/tests/samePrefixMarkedMtx/depth2/node5/test97_2.mtx 2.4 570.994 0.00162208 0.0229545 
/home/antonkov/masterWork/tests/samePrefixMarkedMtx/depth2/node5/test97_2.mtx 2.5 912.377 0.000850043 0.012625 
/home/antonkov/masterWork/tests/samePrefixMarkedMtx/depth2/node5/test97_2.mtx 2.6 1408.58 0.000481027 0.00714286 
/home/antonkov/masterWork/tests/samePrefixMarkedMtx/depth2/node5/test97_2.mtx 2.7 2308.43 0.000260087 0.00380228 
/home/antonkov/masterWork/tests/samePrefixMarkedMtx/depth2/node5/test97_2.mtx 2.8 2880.35 0.000185029 0.00269542 
/home/antonkov/masterWork/tests/samePrefixMarkedMtx/depth2/node5/test97_2.mtx 2.9 4673.9 9.97563e-05 0.00146843 
/home/antonkov/masterWork/tests/samePrefixMarkedMtx/depth2/node5/test97_2.mtx 3 7459.02 5.71422e-05 0.000827815 
/home/antonkov/masterWork/tests/samePrefixMarkedMtx/depth2/node5/test97_2.mtx 3.1 0 -1 -1 
/home/antonkov/masterWork/tests/samePrefixMarkedMtx/depth2/node5/test97_2.mtx 3.2 0 -1 -1 
/home/antonkov/masterWork/tests/samePrefixMarkedMtx/depth2/node5/test97_2.mtx 3.3 0 -1 -1 
/home/antonkov/masterWork/tests/samePrefixMarkedMtx/depth2/node5/test97_2.mtx 3.4 0 -1 -1 
/home/antonkov/masterWork/tests/samePrefixMarkedMtx/depth2/node5/test97_2.mtx 3.5 0 -1 -1 
/home/antonkov/masterWork/tests/samePrefixMarkedMtx/depth2/node5/test97_3.mtx 1 118.765 0.0813108 0.805 
/home/antonkov/masterWork/tests/samePrefixMarkedMtx/depth2/node5/test97_3.mtx 1.1 112.26 0.0711979 0.73 
/home/antonkov/masterWork/tests/samePrefixMarkedMtx/depth2/node5/test97_3.mtx 1.2 105.66 0.0636372 0.68 
/home/antonkov/masterWork/tests/samePrefixMarkedMtx/depth2/node5/test97_3.mtx 1.3 97.5451 0.0543663 0.6 
/home/antonkov/masterWork/tests/samePrefixMarkedMtx/depth2/node5/test97_3.mtx 1.4 95.7678 0.0461198 0.505 
/home/antonkov/masterWork/tests/samePrefixMarkedMtx/depth2/node5/test97_3.mtx 1.5 125.681 0.0375405 0.43 
/home/antonkov/masterWork/tests/samePrefixMarkedMtx/depth2/node5/test97_3.mtx 1.6 112.921 0.0307407 0.346667 
/home/antonkov/masterWork/tests/samePrefixMarkedMtx/depth2/node5/test97_3.mtx 1.7 124.665 0.0231424 0.275 
/home/antonkov/masterWork/tests/samePrefixMarkedMtx/depth2/node5/test97_3.mtx 1.8 147.538 0.0187014 0.23 
/home/antonkov/masterWork/tests/samePrefixMarkedMtx/depth2/node5/test97_3.mtx 1.9 156.737 0.0137645 0.168333 
/home/antonkov/masterWork/tests/samePrefixMarkedMtx/depth2/node5/test97_3.mtx 2 192.008 0.00993441 0.125556 
/home/antonkov/masterWork/tests/samePrefixMarkedMtx/depth2/node5/test97_3.mtx 2.1 214.499 0.00690657 0.0918182 
/home/antonkov/masterWork/tests/samePrefixMarkedMtx/depth2/node5/test97_3.mtx 2.2 321.516 0.00400676 0.0531579 
/home/antonkov/masterWork/tests/samePrefixMarkedMtx/depth2/node5/test97_3.mtx 2.3 394.481 0.002709 0.0384615 
/home/antonkov/masterWork/tests/samePrefixMarkedMtx/depth2/node5/test97_3.mtx 2.4 509.529 0.00193834 0.0286486 
/home/antonkov/masterWork/tests/samePrefixMarkedMtx/depth2/node5/test97_3.mtx 2.5 811.954 0.000933474 0.0144928 
/home/antonkov/masterWork/tests/samePrefixMarkedMtx/depth2/node5/test97_3.mtx 2.6 1083.32 0.000582108 0.01 
/home/antonkov/masterWork/tests/samePrefixMarkedMtx/depth2/node5/test97_3.mtx 2.7 1548.29 0.000347009 0.00613497 
/home/antonkov/masterWork/tests/samePrefixMarkedMtx/depth2/node5/test97_3.mtx 2.8 2180.38 0.000216169 0.00389105 
/home/antonkov/masterWork/tests/samePrefixMarkedMtx/depth2/node5/test97_3.mtx 2.9 3260.34 0.000104887 0.00230415 
/home/antonkov/masterWork/tests/samePrefixMarkedMtx/depth2/node5/test97_3.mtx 3 5343.9 4.89365e-05 0.00123305 
/home/antonkov/masterWork/tests/samePrefixMarkedMtx/depth2/node5/test97_3.mtx 3.1 8177.5 3.13136e-05 0.000732601 
/home/antonkov/masterWork/tests/samePrefixMarkedMtx/depth2/node5/test97_3.mtx 3.2 0 -1 -1 
/home/antonkov/masterWork/tests/samePrefixMarkedMtx/depth2/node5/test97_3.mtx 3.3 0 -1 -1 
/home/antonkov/masterWork/tests/samePrefixMarkedMtx/depth2/node5/test97_3.mtx 3.4 0 -1 -1 
/home/antonkov/masterWork/tests/samePrefixMarkedMtx/depth2/node5/test97_3.mtx 3.5 0 -1 -1 
/home/antonkov/masterWork/tests/samePrefixMarkedMtx/depth2/node5/test97_4.mtx 1 121.996 0.0825 0.82 
/home/antonkov/masterWork/tests/samePrefixMarkedMtx/depth2/node5/test97_4.mtx 1.1 116.123 0.0718576 0.735 
/home/antonkov/masterWork/tests/samePrefixMarkedMtx/depth2/node5/test97_4.mtx 1.2 103.084 0.0639063 0.675 
/home/antonkov/masterWork/tests/samePrefixMarkedMtx/depth2/node5/test97_4.mtx 1.3 101.234 0.0544531 0.6 
/home/antonkov/masterWork/tests/samePrefixMarkedMtx/depth2/node5/test97_4.mtx 1.4 93.4033 0.0474045 0.52 
/home/antonkov/masterWork/tests/samePrefixMarkedMtx/depth2/node5/test97_4.mtx 1.5 121.579 0.0376505 0.43 
/home/antonkov/masterWork/tests/samePrefixMarkedMtx/depth2/node5/test97_4.mtx 1.6 115.457 0.0295255 0.346667 
/home/antonkov/masterWork/tests/samePrefixMarkedMtx/depth2/node5/test97_4.mtx 1.7 130.914 0.0221267 0.275 
/home/antonkov/masterWork/tests/samePrefixMarkedMtx/depth2/node5/test97_4.mtx 1.8 143.601 0.0163854 0.206 
/home/antonkov/masterWork/tests/samePrefixMarkedMtx/depth2/node5/test97_4.mtx 1.9 167.43 0.0119221 0.147143 
/home/antonkov/masterWork/tests/samePrefixMarkedMtx/depth2/node5/test97_4.mtx 2 206.985 0.00921701 0.111 
/home/antonkov/masterWork/tests/samePrefixMarkedMtx/depth2/node5/test97_4.mtx 2.1 243.238 0.00653646 0.0866667 
/home/antonkov/masterWork/tests/samePrefixMarkedMtx/depth2/node5/test97_4.mtx 2.2 318.873 0.00428545 0.0531579 
/home/antonkov/masterWork/tests/samePrefixMarkedMtx/depth2/node5/test97_4.mtx 2.3 442.092 0.00256106 0.0348276 
/home/antonkov/masterWork/tests/samePrefixMarkedMtx/depth2/node5/test97_4.mtx 2.4 583.383 0.00165799 0.0227273 
/home/antonkov/masterWork/tests/samePrefixMarkedMtx/depth2/node5/test97_4.mtx 2.5 835.686 0.000949405 0.0142857 
/home/antonkov/masterWork/tests/samePrefixMarkedMtx/depth2/node5/test97_4.mtx 2.6 1405.61 0.000475694 0.00714286 
/home/antonkov/masterWork/tests/samePrefixMarkedMtx/depth2/node5/test97_4.mtx 2.7 2148.08 0.000255618 0.00406504 
/home/antonkov/masterWork/tests/samePrefixMarkedMtx/depth2/node5/test97_4.mtx 2.8 3634.05 0.000142165 0.00209644 
/home/antonkov/masterWork/tests/samePrefixMarkedMtx/depth2/node5/test97_4.mtx 2.9 5595.11 7.03914e-05 0.00122424 
/home/antonkov/masterWork/tests/samePrefixMarkedMtx/depth2/node5/test97_4.mtx 3 8222.87 4.27767e-05 0.000743494 
/home/antonkov/masterWork/tests/samePrefixMarkedMtx/depth2/node5/test97_4.mtx 3.1 0 -1 -1 
/home/antonkov/masterWork/tests/samePrefixMarkedMtx/depth2/node5/test97_4.mtx 3.2 0 -1 -1 
/home/antonkov/masterWork/tests/samePrefixMarkedMtx/depth2/node5/test97_4.mtx 3.3 0 -1 -1 
/home/antonkov/masterWork/tests/samePrefixMarkedMtx/depth2/node5/test97_4.mtx 3.4 0 -1 -1 
/home/antonkov/masterWork/tests/samePrefixMarkedMtx/depth2/node5/test97_4.mtx 3.5 0 -1 -1 
/home/antonkov/masterWork/tests/samePrefixMarkedMtx/depth2/node5/test98_0.mtx 1 120.447 0.086901 0.875 
/home/antonkov/masterWork/tests/samePrefixMarkedMtx/depth2/node5/test98_0.mtx 1.1 120.296 0.0780556 0.805 
/home/antonkov/masterWork/tests/samePrefixMarkedMtx/depth2/node5/test98_0.mtx 1.2 110.926 0.069974 0.735 
/home/antonkov/masterWork/tests/samePrefixMarkedMtx/depth2/node5/test98_0.mtx 1.3 103.802 0.0603038 0.645 
/home/antonkov/masterWork/tests/samePrefixMarkedMtx/depth2/node5/test98_0.mtx 1.4 96.9107 0.0490538 0.535 
/home/antonkov/masterWork/tests/samePrefixMarkedMtx/depth2/node5/test98_0.mtx 1.5 120.272 0.0399653 0.443333 
/home/antonkov/masterWork/tests/samePrefixMarkedMtx/depth2/node5/test98_0.mtx 1.6 121.32 0.0330787 0.386667 
/home/antonkov/masterWork/tests/samePrefixMarkedMtx/depth2/node5/test98_0.mtx 1.7 137.378 0.0252821 0.3025 
/home/antonkov/masterWork/tests/samePrefixMarkedMtx/depth2/node5/test98_0.mtx 1.8 143.275 0.0167778 0.204 
/home/antonkov/masterWork/tests/samePrefixMarkedMtx/depth2/node5/test98_0.mtx 1.9 171.221 0.0127034 0.154286 
/home/antonkov/masterWork/tests/samePrefixMarkedMtx/depth2/node5/test98_0.mtx 2 198.29 0.0101659 0.121111 
/home/antonkov/masterWork/tests/samePrefixMarkedMtx/depth2/node5/test98_0.mtx 2.1 241.619 0.00731047 0.0883333 
/home/antonkov/masterWork/tests/samePrefixMarkedMtx/depth2/node5/test98_0.mtx 2.2 315.18 0.00436728 0.0555556 
/home/antonkov/masterWork/tests/samePrefixMarkedMtx/depth2/node5/test98_0.mtx 2.3 484.147 0.00237847 0.0306061 
/home/antonkov/masterWork/tests/samePrefixMarkedMtx/depth2/node5/test98_0.mtx 2.4 605.288 0.0017586 0.0236364 
/home/antonkov/masterWork/tests/samePrefixMarkedMtx/depth2/node5/test98_0.mtx 2.5 975.686 0.000875889 0.0121951 
/home/antonkov/masterWork/tests/samePrefixMarkedMtx/depth2/node5/test98_0.mtx 2.6 1419.83 0.000510014 0.00724638 
/home/antonkov/masterWork/tests/samePrefixMarkedMtx/depth2/node5/test98_0.mtx 2.7 2259.17 0.000273213 0.00398406 
/home/antonkov/masterWork/tests/samePrefixMarkedMtx/depth2/node5/test98_0.mtx 2.8 3218.54 0.000164157 0.00240964 
/home/antonkov/masterWork/tests/samePrefixMarkedMtx/depth2/node5/test98_0.mtx 2.9 4850.46 8.47948e-05 0.00141243 
/home/antonkov/masterWork/tests/samePrefixMarkedMtx/depth2/node5/test98_0.mtx 3 9597.25 3.97877e-05 0.000632911 
/home/antonkov/masterWork/tests/samePrefixMarkedMtx/depth2/node5/test98_0.mtx 3.1 0 -1 -1 
/home/antonkov/masterWork/tests/samePrefixMarkedMtx/depth2/node5/test98_0.mtx 3.2 0 -1 -1 
/home/antonkov/masterWork/tests/samePrefixMarkedMtx/depth2/node5/test98_0.mtx 3.3 0 -1 -1 
/home/antonkov/masterWork/tests/samePrefixMarkedMtx/depth2/node5/test98_0.mtx 3.4 0 -1 -1 
/home/antonkov/masterWork/tests/samePrefixMarkedMtx/depth2/node5/test98_0.mtx 3.5 0 -1 -1 
/home/antonkov/masterWork/tests/samePrefixMarkedMtx/depth2/node5/test98_1.mtx 1 119.416 0.0772049 0.77 
/home/antonkov/masterWork/tests/samePrefixMarkedMtx/depth2/node5/test98_1.mtx 1.1 107.912 0.0701649 0.72 
/home/antonkov/masterWork/tests/samePrefixMarkedMtx/depth2/node5/test98_1.mtx 1.2 102.577 0.0638542 0.68 
/home/antonkov/masterWork/tests/samePrefixMarkedMtx/depth2/node5/test98_1.mtx 1.3 97.2469 0.0532986 0.59 
/home/antonkov/masterWork/tests/samePrefixMarkedMtx/depth2/node5/test98_1.mtx 1.4 127.701 0.0441725 0.496667 
/home/antonkov/masterWork/tests/samePrefixMarkedMtx/depth2/node5/test98_1.mtx 1.5 124.661 0.0349421 0.4 
/home/antonkov/masterWork/tests/samePrefixMarkedMtx/depth2/node5/test98_1.mtx 1.6 139.544 0.0264453 0.295 
/home/antonkov/masterWork/tests/samePrefixMarkedMtx/depth2/node5/test98_1.mtx 1.7 151.029 0.0222083 0.256 
/home/antonkov/masterWork/tests/samePrefixMarkedMtx/depth2/node5/test98_1.mtx 1.8 142.459 0.017625 0.2 
/home/antonkov/masterWork/tests/samePrefixMarkedMtx/depth2/node5/test98_1.mtx 1.9 167.953 0.0128671 0.15 
/home/antonkov/masterWork/tests/samePrefixMarkedMtx/depth2/node5/test98_1.mtx 2 215.915 0.00955208 0.111 
/home/antonkov/masterWork/tests/samePrefixMarkedMtx/depth2/node5/test98_1.mtx 2.1 253.156 0.00623531 0.0776923 
/home/antonkov/masterWork/tests/samePrefixMarkedMtx/depth2/node5/test98_1.mtx 2.2 356.729 0.00385582 0.047619 
/home/antonkov/masterWork/tests/samePrefixMarkedMtx/depth2/node5/test98_1.mtx 2.3 473.226 0.00234972 0.03125 
/home/antonkov/masterWork/tests/samePrefixMarkedMtx/depth2/node5/test98_1.mtx 2.4 649.773 0.00146825 0.0206122 
/home/antonkov/masterWork/tests/samePrefixMarkedMtx/depth2/node5/test98_1.mtx 2.5 958.792 0.000868479 0.0121951 
/home/antonkov/masterWork/tests/samePrefixMarkedMtx/depth2/node5/test98_1.mtx 2.6 1250.96 0.000553977 0.00834711 
/home/antonkov/masterWork/tests/samePrefixMarkedMtx/depth2/node5/test98_1.mtx 2.7 2265.15 0.000284382 0.00392157 
/home/antonkov/masterWork/tests/samePrefixMarkedMtx/depth2/node5/test98_1.mtx 2.8 2927.21 0.000182432 0.0027027 
/home/antonkov/masterWork/tests/samePrefixMarkedMtx/depth2/node5/test98_1.mtx 2.9 5249.58 8.68288e-05 0.00133869 
/home/antonkov/masterWork/tests/samePrefixMarkedMtx/depth2/node5/test98_1.mtx 3 9171.59 4.18977e-05 0.000672043 
/home/antonkov/masterWork/tests/samePrefixMarkedMtx/depth2/node5/test98_1.mtx 3.1 0 -1 -1 
/home/antonkov/masterWork/tests/samePrefixMarkedMtx/depth2/node5/test98_1.mtx 3.2 0 -1 -1 
/home/antonkov/masterWork/tests/samePrefixMarkedMtx/depth2/node5/test98_1.mtx 3.3 0 -1 -1 
/home/antonkov/masterWork/tests/samePrefixMarkedMtx/depth2/node5/test98_1.mtx 3.4 0 -1 -1 
/home/antonkov/masterWork/tests/samePrefixMarkedMtx/depth2/node5/test98_1.mtx 3.5 0 -1 -1 
/home/antonkov/masterWork/tests/samePrefixMarkedMtx/depth2/node5/test98_2.mtx 1 119.469 0.0849653 0.825 
/home/antonkov/masterWork/tests/samePrefixMarkedMtx/depth2/node5/test98_2.mtx 1.1 118.794 0.0775 0.795 
/home/antonkov/masterWork/tests/samePrefixMarkedMtx/depth2/node5/test98_2.mtx 1.2 112.09 0.0671094 0.715 
/home/antonkov/masterWork/tests/samePrefixMarkedMtx/depth2/node5/test98_2.mtx 1.3 98.9821 0.0574132 0.62 
/home/antonkov/masterWork/tests/samePrefixMarkedMtx/depth2/node5/test98_2.mtx 1.4 95.8942 0.0485764 0.54 
/home/antonkov/masterWork/tests/samePrefixMarkedMtx/depth2/node5/test98_2.mtx 1.5 119.08 0.0381424 0.43 
/home/antonkov/masterWork/tests/samePrefixMarkedMtx/depth2/node5/test98_2.mtx 1.6 114.661 0.029022 0.343333 
/home/antonkov/masterWork/tests/samePrefixMarkedMtx/depth2/node5/test98_2.mtx 1.7 130.051 0.0229601 0.2625 
/home/antonkov/masterWork/tests/samePrefixMarkedMtx/depth2/node5/test98_2.mtx 1.8 144.182 0.0177604 0.208 
/home/antonkov/masterWork/tests/samePrefixMarkedMtx/depth2/node5/test98_2.mtx 1.9 152.778 0.0146181 0.178333 
/home/antonkov/masterWork/tests/samePrefixMarkedMtx/depth2/node5/test98_2.mtx 2 206.923 0.00958912 0.121111 
/home/antonkov/masterWork/tests/samePrefixMarkedMtx/depth2/node5/test98_2.mtx 2.1 250.767 0.0062086 0.0807692 
/home/antonkov/masterWork/tests/samePrefixMarkedMtx/depth2/node5/test98_2.mtx 2.2 329.41 0.00432383 0.0542105 
/home/antonkov/masterWork/tests/samePrefixMarkedMtx/depth2/node5/test98_2.mtx 2.3 470.347 0.0024468 0.0322581 
/home/antonkov/masterWork/tests/samePrefixMarkedMtx/depth2/node5/test98_2.mtx 2.4 652.581 0.00147847 0.02 
/home/antonkov/masterWork/tests/samePrefixMarkedMtx/depth2/node5/test98_2.mtx 2.5 1041.74 0.000772192 0.0108696 
/home/antonkov/masterWork/tests/samePrefixMarkedMtx/depth2/node5/test98_2.mtx 2.6 1442.12 0.00048281 0.00704225 
/home/antonkov/masterWork/tests/samePrefixMarkedMtx/depth2/node5/test98_2.mtx 2.7 2269.64 0.000250953 0.00392157 
/home/antonkov/masterWork/tests/samePrefixMarkedMtx/depth2/node5/test98_2.mtx 2.8 3867.12 0.000129966 0.00199203 
/home/antonkov/masterWork/tests/samePrefixMarkedMtx/depth2/node5/test98_2.mtx 2.9 5728.13 7.95164e-05 0.00119617 
/home/antonkov/masterWork/tests/samePrefixMarkedMtx/depth2/node5/test98_2.mtx 3 9534.72 3.81084e-05 0.000658839 
/home/antonkov/masterWork/tests/samePrefixMarkedMtx/depth2/node5/test98_2.mtx 3.1 0 -1 -1 
/home/antonkov/masterWork/tests/samePrefixMarkedMtx/depth2/node5/test98_2.mtx 3.2 0 -1 -1 
/home/antonkov/masterWork/tests/samePrefixMarkedMtx/depth2/node5/test98_2.mtx 3.3 0 -1 -1 
/home/antonkov/masterWork/tests/samePrefixMarkedMtx/depth2/node5/test98_2.mtx 3.4 0 -1 -1 
/home/antonkov/masterWork/tests/samePrefixMarkedMtx/depth2/node5/test98_2.mtx 3.5 0 -1 -1 
/home/antonkov/masterWork/tests/samePrefixMarkedMtx/depth2/node5/test98_3.mtx 1 119.469 0.087526 0.865 
/home/antonkov/masterWork/tests/samePrefixMarkedMtx/depth2/node5/test98_3.mtx 1.1 118.905 0.079783 0.805 
/home/antonkov/masterWork/tests/samePrefixMarkedMtx/depth2/node5/test98_3.mtx 1.2 112.727 0.0709635 0.735 
/home/antonkov/masterWork/tests/samePrefixMarkedMtx/depth2/node5/test98_3.mtx 1.3 104.881 0.0607205 0.665 
/home/antonkov/masterWork/tests/samePrefixMarkedMtx/depth2/node5/test98_3.mtx 1.4 97.4791 0.0504774 0.555 
/home/antonkov/masterWork/tests/samePrefixMarkedMtx/depth2/node5/test98_3.mtx 1.5 121.64 0.0370428 0.41 
/home/antonkov/masterWork/tests/samePrefixMarkedMtx/depth2/node5/test98_3.mtx 1.6 115.815 0.030735 0.346667 
/home/antonkov/masterWork/tests/samePrefixMarkedMtx/depth2/node5/test98_3.mtx 1.7 127.633 0.0221658 0.26 
/home/antonkov/masterWork/tests/samePrefixMarkedMtx/depth2/node5/test98_3.mtx 1.8 164.717 0.0172656 0.206667 
/home/antonkov/masterWork/tests/samePrefixMarkedMtx/depth2/node5/test98_3.mtx 1.9 173.733 0.0122445 0.148571 
/home/antonkov/masterWork/tests/samePrefixMarkedMtx/depth2/node5/test98_3.mtx 2 218.839 0.00863368 0.108 
/home/antonkov/masterWork/tests/samePrefixMarkedMtx/depth2/node5/test98_3.mtx 2.1 269.366 0.00586806 0.0735714 
/home/antonkov/masterWork/tests/samePrefixMarkedMtx/depth2/node5/test98_3.mtx 2.2 349.499 0.00365906 0.0480952 
/home/antonkov/masterWork/tests/samePrefixMarkedMtx/depth2/node5/test98_3.mtx 2.3 489.919 0.00237684 0.0325 
/home/antonkov/masterWork/tests/samePrefixMarkedMtx/depth2/node5/test98_3.mtx 2.4 555.642 0.0019765 0.025641 
/home/antonkov/masterWork/tests/samePrefixMarkedMtx/depth2/node5/test98_3.mtx 2.5 869.982 0.00102207 0.0142857 
/home/antonkov/masterWork/tests/samePrefixMarkedMtx/depth2/node5/test98_3.mtx 2.6 1253.51 0.000566123 0.00869565 
/home/antonkov/masterWork/tests/samePrefixMarkedMtx/depth2/node5/test98_3.mtx 2.7 2211.47 0.000259696 0.00414938 
/home/antonkov/masterWork/tests/samePrefixMarkedMtx/depth2/node5/test98_3.mtx 2.8 3237.81 0.000165449 0.00251244 
/home/antonkov/masterWork/tests/samePrefixMarkedMtx/depth2/node5/test98_3.mtx 2.9 5340.12 8.9768e-05 0.00132275 
/home/antonkov/masterWork/tests/samePrefixMarkedMtx/depth2/node5/test98_3.mtx 3 7906.03 4.99668e-05 0.000796813 
/home/antonkov/masterWork/tests/samePrefixMarkedMtx/depth2/node5/test98_3.mtx 3.1 0 -1 -1 
/home/antonkov/masterWork/tests/samePrefixMarkedMtx/depth2/node5/test98_3.mtx 3.2 0 -1 -1 
/home/antonkov/masterWork/tests/samePrefixMarkedMtx/depth2/node5/test98_3.mtx 3.3 0 -1 -1 
/home/antonkov/masterWork/tests/samePrefixMarkedMtx/depth2/node5/test98_3.mtx 3.4 0 -1 -1 
/home/antonkov/masterWork/tests/samePrefixMarkedMtx/depth2/node5/test98_3.mtx 3.5 0 -1 -1 
/home/antonkov/masterWork/tests/samePrefixMarkedMtx/depth2/node5/test98_4.mtx 1 118.874 0.084809 0.805 
/home/antonkov/masterWork/tests/samePrefixMarkedMtx/depth2/node5/test98_4.mtx 1.1 118.484 0.0781424 0.755 
/home/antonkov/masterWork/tests/samePrefixMarkedMtx/depth2/node5/test98_4.mtx 1.2 109.929 0.0701389 0.715 
/home/antonkov/masterWork/tests/samePrefixMarkedMtx/depth2/node5/test98_4.mtx 1.3 101.421 0.0607031 0.64 
/home/antonkov/masterWork/tests/samePrefixMarkedMtx/depth2/node5/test98_4.mtx 1.4 94.2975 0.0505122 0.545 
/home/antonkov/masterWork/tests/samePrefixMarkedMtx/depth2/node5/test98_4.mtx 1.5 123.636 0.0399306 0.45 
/home/antonkov/masterWork/tests/samePrefixMarkedMtx/depth2/node5/test98_4.mtx 1.6 117.743 0.0299595 0.346667 
/home/antonkov/masterWork/tests/samePrefixMarkedMtx/depth2/node5/test98_4.mtx 1.7 127.852 0.0222266 0.2625 
/home/antonkov/masterWork/tests/samePrefixMarkedMtx/depth2/node5/test98_4.mtx 1.8 142 0.0162847 0.204 
/home/antonkov/masterWork/tests/samePrefixMarkedMtx/depth2/node5/test98_4.mtx 1.9 171.66 0.0117932 0.148571 
/home/antonkov/masterWork/tests/samePrefixMarkedMtx/depth2/node5/test98_4.mtx 2 199.355 0.00915702 0.115556 
/home/antonkov/masterWork/tests/samePrefixMarkedMtx/depth2/node5/test98_4.mtx 2.1 250.384 0.0059562 0.0769231 
/home/antonkov/masterWork/tests/samePrefixMarkedMtx/depth2/node5/test98_4.mtx 2.2 352.347 0.00370581 0.0486364 
/home/antonkov/masterWork/tests/samePrefixMarkedMtx/depth2/node5/test98_4.mtx 2.3 472.865 0.00241319 0.0325806 
/home/antonkov/masterWork/tests/samePrefixMarkedMtx/depth2/node5/test98_4.mtx 2.4 611.12 0.00166864 0.0231818 
/home/antonkov/masterWork/tests/samePrefixMarkedMtx/depth2/node5/test98_4.mtx 2.5 962.949 0.000907393 0.0126582 
/home/antonkov/masterWork/tests/samePrefixMarkedMtx/depth2/node5/test98_4.mtx 2.6 1408.15 0.00052174 0.00746269 
/home/antonkov/masterWork/tests/samePrefixMarkedMtx/depth2/node5/test98_4.mtx 2.7 2064.76 0.00030754 0.00446429 
/home/antonkov/masterWork/tests/samePrefixMarkedMtx/depth2/node5/test98_4.mtx 2.8 2875.18 0.000207981 0.00289855 
/home/antonkov/masterWork/tests/samePrefixMarkedMtx/depth2/node5/test98_4.mtx 2.9 4206.42 0.00010963 0.00174825 
/home/antonkov/masterWork/tests/samePrefixMarkedMtx/depth2/node5/test98_4.mtx 3 6750.9 5.22999e-05 0.000959693 
/home/antonkov/masterWork/tests/samePrefixMarkedMtx/depth2/node5/test98_4.mtx 3.1 0 -1 -1 
/home/antonkov/masterWork/tests/samePrefixMarkedMtx/depth2/node5/test98_4.mtx 3.2 0 -1 -1 
/home/antonkov/masterWork/tests/samePrefixMarkedMtx/depth2/node5/test98_4.mtx 3.3 0 -1 -1 
/home/antonkov/masterWork/tests/samePrefixMarkedMtx/depth2/node5/test98_4.mtx 3.4 0 -1 -1 
/home/antonkov/masterWork/tests/samePrefixMarkedMtx/depth2/node5/test98_4.mtx 3.5 0 -1 -1 
/home/antonkov/masterWork/tests/samePrefixMarkedMtx/depth2/node5/test99_0.mtx 1 120.312 0.0854601 0.855 
/home/antonkov/masterWork/tests/samePrefixMarkedMtx/depth2/node5/test99_0.mtx 1.1 115.771 0.0759288 0.785 
/home/antonkov/masterWork/tests/samePrefixMarkedMtx/depth2/node5/test99_0.mtx 1.2 108.401 0.0677691 0.735 
/home/antonkov/masterWork/tests/samePrefixMarkedMtx/depth2/node5/test99_0.mtx 1.3 99.7703 0.0586632 0.65 
/home/antonkov/masterWork/tests/samePrefixMarkedMtx/depth2/node5/test99_0.mtx 1.4 93.8794 0.048967 0.555 
/home/antonkov/masterWork/tests/samePrefixMarkedMtx/depth2/node5/test99_0.mtx 1.5 115.356 0.0359549 0.416667 
/home/antonkov/masterWork/tests/samePrefixMarkedMtx/depth2/node5/test99_0.mtx 1.6 107.163 0.02886 0.333333 
/home/antonkov/masterWork/tests/samePrefixMarkedMtx/depth2/node5/test99_0.mtx 1.7 120.918 0.0213889 0.25 
/home/antonkov/masterWork/tests/samePrefixMarkedMtx/depth2/node5/test99_0.mtx 1.8 153.125 0.0167245 0.2 
/home/antonkov/masterWork/tests/samePrefixMarkedMtx/depth2/node5/test99_0.mtx 1.9 166.645 0.0121875 0.144286 
/home/antonkov/masterWork/tests/samePrefixMarkedMtx/depth2/node5/test99_0.mtx 2 212.555 0.00862847 0.108 
/home/antonkov/masterWork/tests/samePrefixMarkedMtx/depth2/node5/test99_0.mtx 2.1 241.185 0.00630475 0.08 
/home/antonkov/masterWork/tests/samePrefixMarkedMtx/depth2/node5/test99_0.mtx 2.2 315.182 0.00425439 0.0547368 
/home/antonkov/masterWork/tests/samePrefixMarkedMtx/depth2/node5/test99_0.mtx 2.3 479.66 0.00216698 0.030303 
/home/antonkov/masterWork/tests/samePrefixMarkedMtx/depth2/node5/test99_0.mtx 2.4 717.936 0.0012051 0.0174138 
/home/antonkov/masterWork/tests/samePrefixMarkedMtx/depth2/node5/test99_0.mtx 2.5 945.389 0.000820312 0.0119048 
/home/antonkov/masterWork/tests/samePrefixMarkedMtx/depth2/node5/test99_0.mtx 2.6 1415.2 0.000502865 0.00699301 
/home/antonkov/masterWork/tests/samePrefixMarkedMtx/depth2/node5/test99_0.mtx 2.7 2165.27 0.000267403 0.00398406 
/home/antonkov/masterWork/tests/samePrefixMarkedMtx/depth2/node5/test99_0.mtx 2.8 3298.65 0.000156368 0.00227273 
/home/antonkov/masterWork/tests/samePrefixMarkedMtx/depth2/node5/test99_0.mtx 2.9 5388.67 7.668e-05 0.00123305 
/home/antonkov/masterWork/tests/samePrefixMarkedMtx/depth2/node5/test99_0.mtx 3 10084.4 3.6095e-05 0.000581395 
/home/antonkov/masterWork/tests/samePrefixMarkedMtx/depth2/node5/test99_0.mtx 3.1 0 -1 -1 
/home/antonkov/masterWork/tests/samePrefixMarkedMtx/depth2/node5/test99_0.mtx 3.2 0 -1 -1 
/home/antonkov/masterWork/tests/samePrefixMarkedMtx/depth2/node5/test99_0.mtx 3.3 0 -1 -1 
/home/antonkov/masterWork/tests/samePrefixMarkedMtx/depth2/node5/test99_0.mtx 3.4 0 -1 -1 
/home/antonkov/masterWork/tests/samePrefixMarkedMtx/depth2/node5/test99_0.mtx 3.5 0 -1 -1 
/home/antonkov/masterWork/tests/samePrefixMarkedMtx/depth2/node5/test99_1.mtx 1 120.408 0.0846962 0.825 
/home/antonkov/masterWork/tests/samePrefixMarkedMtx/depth2/node5/test99_1.mtx 1.1 110.965 0.0757639 0.765 
/home/antonkov/masterWork/tests/samePrefixMarkedMtx/depth2/node5/test99_1.mtx 1.2 103.789 0.0658767 0.695 
/home/antonkov/masterWork/tests/samePrefixMarkedMtx/depth2/node5/test99_1.mtx 1.3 97.3566 0.0582292 0.63 
/home/antonkov/masterWork/tests/samePrefixMarkedMtx/depth2/node5/test99_1.mtx 1.4 93.4901 0.0489583 0.555 
/home/antonkov/masterWork/tests/samePrefixMarkedMtx/depth2/node5/test99_1.mtx 1.5 117.324 0.0365856 0.42 
/home/antonkov/masterWork/tests/samePrefixMarkedMtx/depth2/node5/test99_1.mtx 1.6 111.695 0.0300405 0.346667 
/home/antonkov/masterWork/tests/samePrefixMarkedMtx/depth2/node5/test99_1.mtx 1.7 143.009 0.0184062 0.22 
/home/antonkov/masterWork/tests/samePrefixMarkedMtx/depth2/node5/test99_1.mtx 1.8 150.025 0.0153877 0.181667 
/home/antonkov/masterWork/tests/samePrefixMarkedMtx/depth2/node5/test99_1.mtx 1.9 160.406 0.0120784 0.148571 
/home/antonkov/masterWork/tests/samePrefixMarkedMtx/depth2/node5/test99_1.mtx 2 200.879 0.00842014 0.103 
/home/antonkov/masterWork/tests/samePrefixMarkedMtx/depth2/node5/test99_1.mtx 2.1 252.209 0.00566964 0.0721429 
/home/antonkov/masterWork/tests/samePrefixMarkedMtx/depth2/node5/test99_1.mtx 2.2 360.673 0.00335824 0.0456522 
/home/antonkov/masterWork/tests/samePrefixMarkedMtx/depth2/node5/test99_1.mtx 2.3 521.921 0.00204533 0.027027 
/home/antonkov/masterWork/tests/samePrefixMarkedMtx/depth2/node5/test99_1.mtx 2.4 689.622 0.00135045 0.0178571 
/home/antonkov/masterWork/tests/samePrefixMarkedMtx/depth2/node5/test99_1.mtx 2.5 886.946 0.000859163 0.0121951 
/home/antonkov/masterWork/tests/samePrefixMarkedMtx/depth2/node5/test99_1.mtx 2.6 1472.64 0.000471605 0.00664474 
/home/antonkov/masterWork/tests/samePrefixMarkedMtx/depth2/node5/test99_1.mtx 2.7 2386.53 0.000249374 0.00353357 
/home/antonkov/masterWork/tests/samePrefixMarkedMtx/depth2/node5/test99_1.mtx 2.8 3447.1 0.00013982 0.00214592 
/home/antonkov/masterWork/tests/samePrefixMarkedMtx/depth2/node5/test99_1.mtx 2.9 6163.74 7.25977e-05 0.00104384 
/home/antonkov/masterWork/tests/samePrefixMarkedMtx/depth2/node5/test99_1.mtx 3 10440.8 3.55595e-05 0.000554324 
/home/antonkov/masterWork/tests/samePrefixMarkedMtx/depth2/node5/test99_1.mtx 3.1 0 -1 -1 
/home/antonkov/masterWork/tests/samePrefixMarkedMtx/depth2/node5/test99_1.mtx 3.2 0 -1 -1 
/home/antonkov/masterWork/tests/samePrefixMarkedMtx/depth2/node5/test99_1.mtx 3.3 0 -1 -1 
/home/antonkov/masterWork/tests/samePrefixMarkedMtx/depth2/node5/test99_1.mtx 3.4 0 -1 -1 
/home/antonkov/masterWork/tests/samePrefixMarkedMtx/depth2/node5/test99_1.mtx 3.5 0 -1 -1 
/home/antonkov/masterWork/tests/samePrefixMarkedMtx/depth2/node5/test99_2.mtx 1 118.902 0.0803212 0.81 
/home/antonkov/masterWork/tests/samePrefixMarkedMtx/depth2/node5/test99_2.mtx 1.1 109.963 0.0721007 0.765 
/home/antonkov/masterWork/tests/samePrefixMarkedMtx/depth2/node5/test99_2.mtx 1.2 97.2641 0.0608767 0.64 
/home/antonkov/masterWork/tests/samePrefixMarkedMtx/depth2/node5/test99_2.mtx 1.3 92.8226 0.0525174 0.565 
/home/antonkov/masterWork/tests/samePrefixMarkedMtx/depth2/node5/test99_2.mtx 1.4 125.722 0.043044 0.476667 
/home/antonkov/masterWork/tests/samePrefixMarkedMtx/depth2/node5/test99_2.mtx 1.5 117.408 0.0360995 0.4 
/home/antonkov/masterWork/tests/samePrefixMarkedMtx/depth2/node5/test99_2.mtx 1.6 132.256 0.028355 0.33 
/home/antonkov/masterWork/tests/samePrefixMarkedMtx/depth2/node5/test99_2.mtx 1.7 143.674 0.0208542 0.246 
/home/antonkov/masterWork/tests/samePrefixMarkedMtx/depth2/node5/test99_2.mtx 1.8 153.482 0.0175203 0.208333 
/home/antonkov/masterWork/tests/samePrefixMarkedMtx/depth2/node5/test99_2.mtx 1.9 166.271 0.0127381 0.151429 
/home/antonkov/masterWork/tests/samePrefixMarkedMtx/depth2/node5/test99_2.mtx 2 192.884 0.00934992 0.115556 
/home/antonkov/masterWork/tests/samePrefixMarkedMtx/depth2/node5/test99_2.mtx 2.1 234.834 0.0066956 0.085 
/home/antonkov/masterWork/tests/samePrefixMarkedMtx/depth2/node5/test99_2.mtx 2.2 327.699 0.00407639 0.052 
/home/antonkov/masterWork/tests/samePrefixMarkedMtx/depth2/node5/test99_2.mtx 2.3 436.678 0.00244907 0.0333333 
/home/antonkov/masterWork/tests/samePrefixMarkedMtx/depth2/node5/test99_2.mtx 2.4 646.485 0.00144832 0.0194231 
/home/antonkov/masterWork/tests/samePrefixMarkedMtx/depth2/node5/test99_2.mtx 2.5 1074.71 0.000768141 0.0102041 
/home/antonkov/masterWork/tests/samePrefixMarkedMtx/depth2/node5/test99_2.mtx 2.6 1578.02 0.000434338 0.00595238 
/home/antonkov/masterWork/tests/samePrefixMarkedMtx/depth2/node5/test99_2.mtx 2.7 2145.86 0.000267857 0.00389961 
/home/antonkov/masterWork/tests/samePrefixMarkedMtx/depth2/node5/test99_2.mtx 2.8 2873.39 0.000177604 0.00258398 
/home/antonkov/masterWork/tests/samePrefixMarkedMtx/depth2/node5/test99_2.mtx 2.9 5038.63 7.86675e-05 0.00130208 
/home/antonkov/masterWork/tests/samePrefixMarkedMtx/depth2/node5/test99_2.mtx 3 8889.04 3.9842e-05 0.000662691 
/home/antonkov/masterWork/tests/samePrefixMarkedMtx/depth2/node5/test99_2.mtx 3.1 0 -1 -1 
/home/antonkov/masterWork/tests/samePrefixMarkedMtx/depth2/node5/test99_2.mtx 3.2 0 -1 -1 
/home/antonkov/masterWork/tests/samePrefixMarkedMtx/depth2/node5/test99_2.mtx 3.3 0 -1 -1 
/home/antonkov/masterWork/tests/samePrefixMarkedMtx/depth2/node5/test99_2.mtx 3.4 0 -1 -1 
/home/antonkov/masterWork/tests/samePrefixMarkedMtx/depth2/node5/test99_2.mtx 3.5 0 -1 -1 
/home/antonkov/masterWork/tests/samePrefixMarkedMtx/depth2/node5/test99_3.mtx 1 114.446 0.0834288 0.82 
/home/antonkov/masterWork/tests/samePrefixMarkedMtx/depth2/node5/test99_3.mtx 1.1 111.643 0.0747049 0.765 
/home/antonkov/masterWork/tests/samePrefixMarkedMtx/depth2/node5/test99_3.mtx 1.2 105.706 0.0659983 0.695 
/home/antonkov/masterWork/tests/samePrefixMarkedMtx/depth2/node5/test99_3.mtx 1.3 97.1499 0.0576302 0.62 
/home/antonkov/masterWork/tests/samePrefixMarkedMtx/depth2/node5/test99_3.mtx 1.4 92.9107 0.0469705 0.51 
/home/antonkov/masterWork/tests/samePrefixMarkedMtx/depth2/node5/test99_3.mtx 1.5 120.124 0.0391088 0.456667 
/home/antonkov/masterWork/tests/samePrefixMarkedMtx/depth2/node5/test99_3.mtx 1.6 117.864 0.030353 0.353333 
/home/antonkov/masterWork/tests/samePrefixMarkedMtx/depth2/node5/test99_3.mtx 1.7 123.4 0.0232986 0.285 
/home/antonkov/masterWork/tests/samePrefixMarkedMtx/depth2/node5/test99_3.mtx 1.8 133.355 0.0164201 0.21 
/home/antonkov/masterWork/tests/samePrefixMarkedMtx/depth2/node5/test99_3.mtx 1.9 163.736 0.0114112 0.148571 
/home/antonkov/masterWork/tests/samePrefixMarkedMtx/depth2/node5/test99_3.mtx 2 223.595 0.0074779 0.0954545 
/home/antonkov/masterWork/tests/samePrefixMarkedMtx/depth2/node5/test99_3.mtx 2.1 259.476 0.00564484 0.0721429 
/home/antonkov/masterWork/tests/samePrefixMarkedMtx/depth2/node5/test99_3.mtx 2.2 361.407 0.00353141 0.0459091 
/home/antonkov/masterWork/tests/samePrefixMarkedMtx/depth2/node5/test99_3.mtx 2.3 450.639 0.00238127 0.0322581 
/home/antonkov/masterWork/tests/samePrefixMarkedMtx/depth2/node5/test99_3.mtx 2.4 613.626 0.00155327 0.0212766 
/home/antonkov/masterWork/tests/samePrefixMarkedMtx/depth2/node5/test99_3.mtx 2.5 926.97 0.000860803 0.0126582 
/home/antonkov/masterWork/tests/samePrefixMarkedMtx/depth2/node5/test99_3.mtx 2.6 1488.74 0.000459952 0.00682432 
/home/antonkov/masterWork/tests/samePrefixMarkedMtx/depth2/node5/test99_3.mtx 2.7 2239.45 0.000251702 0.00395257 
/home/antonkov/masterWork/tests/samePrefixMarkedMtx/depth2/node5/test99_3.mtx 2.8 3417.21 0.000143269 0.00229358 
/home/antonkov/masterWork/tests/samePrefixMarkedMtx/depth2/node5/test99_3.mtx 2.9 4655.11 9.94461e-05 0.00151057 
/home/antonkov/masterWork/tests/samePrefixMarkedMtx/depth2/node5/test99_3.mtx 3 8326.13 4.59874e-05 0.00075188 
/home/antonkov/masterWork/tests/samePrefixMarkedMtx/depth2/node5/test99_3.mtx 3.1 0 -1 -1 
/home/antonkov/masterWork/tests/samePrefixMarkedMtx/depth2/node5/test99_3.mtx 3.2 0 -1 -1 
/home/antonkov/masterWork/tests/samePrefixMarkedMtx/depth2/node5/test99_3.mtx 3.3 0 -1 -1 
/home/antonkov/masterWork/tests/samePrefixMarkedMtx/depth2/node5/test99_3.mtx 3.4 0 -1 -1 
/home/antonkov/masterWork/tests/samePrefixMarkedMtx/depth2/node5/test99_3.mtx 3.5 0 -1 -1 
/home/antonkov/masterWork/tests/samePrefixMarkedMtx/depth2/node5/test99_4.mtx 1 117.935 0.0847656 0.845 
/home/antonkov/masterWork/tests/samePrefixMarkedMtx/depth2/node5/test99_4.mtx 1.1 113.491 0.0763889 0.795 
/home/antonkov/masterWork/tests/samePrefixMarkedMtx/depth2/node5/test99_4.mtx 1.2 104.472 0.0660938 0.71 
/home/antonkov/masterWork/tests/samePrefixMarkedMtx/depth2/node5/test99_4.mtx 1.3 97.3347 0.056658 0.625 
/home/antonkov/masterWork/tests/samePrefixMarkedMtx/depth2/node5/test99_4.mtx 1.4 93.5724 0.0458767 0.52 
/home/antonkov/masterWork/tests/samePrefixMarkedMtx/depth2/node5/test99_4.mtx 1.5 119.158 0.0352662 0.41 
/home/antonkov/masterWork/tests/samePrefixMarkedMtx/depth2/node5/test99_4.mtx 1.6 135.186 0.0281901 0.3225 
/home/antonkov/masterWork/tests/samePrefixMarkedMtx/depth2/node5/test99_4.mtx 1.7 121.682 0.0214236 0.255 
/home/antonkov/masterWork/tests/samePrefixMarkedMtx/depth2/node5/test99_4.mtx 1.8 157.866 0.0168953 0.198333 
/home/antonkov/masterWork/tests/samePrefixMarkedMtx/depth2/node5/test99_4.mtx 1.9 165.758 0.0120188 0.148571 
/home/antonkov/masterWork/tests/samePrefixMarkedMtx/depth2/node5/test99_4.mtx 2 230.347 0.00749211 0.0936364 
/home/antonkov/masterWork/tests/samePrefixMarkedMtx/depth2/node5/test99_4.mtx 2.1 254.831 0.00568948 0.0721429 
/home/antonkov/masterWork/tests/samePrefixMarkedMtx/depth2/node5/test99_4.mtx 2.2 361.153 0.00333484 0.0434783 
/home/antonkov/masterWork/tests/samePrefixMarkedMtx/depth2/node5/test99_4.mtx 2.3 493.922 0.00214683 0.0294286 
/home/antonkov/masterWork/tests/samePrefixMarkedMtx/depth2/node5/test99_4.mtx 2.4 623.778 0.0015809 0.0204 
/home/antonkov/masterWork/tests/samePrefixMarkedMtx/depth2/node5/test99_4.mtx 2.5 863.455 0.00101867 0.0136486 
/home/antonkov/masterWork/tests/samePrefixMarkedMtx/depth2/node5/test99_4.mtx 2.6 1486.35 0.000453472 0.00666667 
/home/antonkov/masterWork/tests/samePrefixMarkedMtx/depth2/node5/test99_4.mtx 2.7 2162.44 0.000259039 0.00396825 
/home/antonkov/masterWork/tests/samePrefixMarkedMtx/depth2/node5/test99_4.mtx 2.8 3151.33 0.000169667 0.00246914 
/home/antonkov/masterWork/tests/samePrefixMarkedMtx/depth2/node5/test99_4.mtx 2.9 6132.06 7.24812e-05 0.00110011 
/home/antonkov/masterWork/tests/samePrefixMarkedMtx/depth2/node5/test99_4.mtx 3 9631.4 3.97928e-05 0.000634921 
/home/antonkov/masterWork/tests/samePrefixMarkedMtx/depth2/node5/test99_4.mtx 3.1 0 -1 -1 
/home/antonkov/masterWork/tests/samePrefixMarkedMtx/depth2/node5/test99_4.mtx 3.2 0 -1 -1 
/home/antonkov/masterWork/tests/samePrefixMarkedMtx/depth2/node5/test99_4.mtx 3.3 0 -1 -1 
/home/antonkov/masterWork/tests/samePrefixMarkedMtx/depth2/node5/test99_4.mtx 3.4 0 -1 -1 
/home/antonkov/masterWork/tests/samePrefixMarkedMtx/depth2/node5/test99_4.mtx 3.5 0 -1 -1 
