Results
Filename SNR Time(ms) BER FER
/home/antonkov/masterWork/tests/samePrefixMarkedMtx2304/depth2/node5/test0_0.mtx 1 510.006 0.0865712 0.95 
/home/antonkov/masterWork/tests/samePrefixMarkedMtx2304/depth2/node5/test0_0.mtx 1.1 479.57 0.0748351 0.88 
/home/antonkov/masterWork/tests/samePrefixMarkedMtx2304/depth2/node5/test0_0.mtx 1.2 453.817 0.0590408 0.72 
/home/antonkov/masterWork/tests/samePrefixMarkedMtx2304/depth2/node5/test0_0.mtx 1.3 438.778 0.0429774 0.57 
/home/antonkov/masterWork/tests/samePrefixMarkedMtx2304/depth2/node5/test0_0.mtx 1.4 551.662 0.0328342 0.435 
/home/antonkov/masterWork/tests/samePrefixMarkedMtx2304/depth2/node5/test0_0.mtx 1.5 508.143 0.0183095 0.265 
/home/antonkov/masterWork/tests/samePrefixMarkedMtx2304/depth2/node5/test0_0.mtx 1.6 664.627 0.0112012 0.1525 
/home/antonkov/masterWork/tests/samePrefixMarkedMtx2304/depth2/node5/test0_0.mtx 1.7 850.705 0.00562066 0.0785714 
/home/antonkov/masterWork/tests/samePrefixMarkedMtx2304/depth2/node5/test0_0.mtx 1.8 1263.01 0.00224624 0.034 
/home/antonkov/masterWork/tests/samePrefixMarkedMtx2304/depth2/node5/test0_0.mtx 1.9 2491.92 0.000728624 0.0125 
/home/antonkov/masterWork/tests/samePrefixMarkedMtx2304/depth2/node5/test0_0.mtx 2 5451.16 0.000266966 0.00455357 
/home/antonkov/masterWork/tests/samePrefixMarkedMtx2304/depth2/node5/test0_0.mtx 2.1 0 -1 -1 
/home/antonkov/masterWork/tests/samePrefixMarkedMtx2304/depth2/node5/test0_0.mtx 2.2 0 -1 -1 
/home/antonkov/masterWork/tests/samePrefixMarkedMtx2304/depth2/node5/test0_0.mtx 2.3 0 -1 -1 
/home/antonkov/masterWork/tests/samePrefixMarkedMtx2304/depth2/node5/test0_0.mtx 2.4 0 -1 -1 
/home/antonkov/masterWork/tests/samePrefixMarkedMtx2304/depth2/node5/test0_0.mtx 2.5 0 -1 -1 
/home/antonkov/masterWork/tests/samePrefixMarkedMtx2304/depth2/node5/test0_0.mtx 2.6 0 -1 -1 
/home/antonkov/masterWork/tests/samePrefixMarkedMtx2304/depth2/node5/test0_0.mtx 2.7 0 -1 -1 
/home/antonkov/masterWork/tests/samePrefixMarkedMtx2304/depth2/node5/test0_0.mtx 2.8 0 -1 -1 
/home/antonkov/masterWork/tests/samePrefixMarkedMtx2304/depth2/node5/test0_0.mtx 2.9 0 -1 -1 
/home/antonkov/masterWork/tests/samePrefixMarkedMtx2304/depth2/node5/test0_0.mtx 3 0 -1 -1 
/home/antonkov/masterWork/tests/samePrefixMarkedMtx2304/depth2/node5/test0_0.mtx 3.1 0 -1 -1 
/home/antonkov/masterWork/tests/samePrefixMarkedMtx2304/depth2/node5/test0_0.mtx 3.2 0 -1 -1 
/home/antonkov/masterWork/tests/samePrefixMarkedMtx2304/depth2/node5/test0_0.mtx 3.3 0 -1 -1 
/home/antonkov/masterWork/tests/samePrefixMarkedMtx2304/depth2/node5/test0_0.mtx 3.4 0 -1 -1 
/home/antonkov/masterWork/tests/samePrefixMarkedMtx2304/depth2/node5/test0_0.mtx 3.5 0 -1 -1 
/home/antonkov/masterWork/tests/samePrefixMarkedMtx2304/depth2/node5/test0_1.mtx 1 465.738 0.0851997 0.93 
/home/antonkov/masterWork/tests/samePrefixMarkedMtx2304/depth2/node5/test0_1.mtx 1.1 466.579 0.0757509 0.86 
/home/antonkov/masterWork/tests/samePrefixMarkedMtx2304/depth2/node5/test0_1.mtx 1.2 450.115 0.0645399 0.79 
/home/antonkov/masterWork/tests/samePrefixMarkedMtx2304/depth2/node5/test0_1.mtx 1.3 432.32 0.0500911 0.63 
/home/antonkov/masterWork/tests/samePrefixMarkedMtx2304/depth2/node5/test0_1.mtx 1.4 416.35 0.0355556 0.51 
/home/antonkov/masterWork/tests/samePrefixMarkedMtx2304/depth2/node5/test0_1.mtx 1.5 516.172 0.019898 0.27 
/home/antonkov/masterWork/tests/samePrefixMarkedMtx2304/depth2/node5/test0_1.mtx 1.6 647.744 0.0109755 0.1575 
/home/antonkov/masterWork/tests/samePrefixMarkedMtx2304/depth2/node5/test0_1.mtx 1.7 823.439 0.00528088 0.08 
/home/antonkov/masterWork/tests/samePrefixMarkedMtx2304/depth2/node5/test0_1.mtx 1.8 1292.62 0.00223929 0.0333333 
/home/antonkov/masterWork/tests/samePrefixMarkedMtx2304/depth2/node5/test0_1.mtx 1.9 2121.57 0.000931055 0.0151515 
/home/antonkov/masterWork/tests/samePrefixMarkedMtx2304/depth2/node5/test0_1.mtx 2 5198.44 0.0002918 0.00480769 
/home/antonkov/masterWork/tests/samePrefixMarkedMtx2304/depth2/node5/test0_1.mtx 2.1 0 -1 -1 
/home/antonkov/masterWork/tests/samePrefixMarkedMtx2304/depth2/node5/test0_1.mtx 2.2 0 -1 -1 
/home/antonkov/masterWork/tests/samePrefixMarkedMtx2304/depth2/node5/test0_1.mtx 2.3 0 -1 -1 
/home/antonkov/masterWork/tests/samePrefixMarkedMtx2304/depth2/node5/test0_1.mtx 2.4 0 -1 -1 
/home/antonkov/masterWork/tests/samePrefixMarkedMtx2304/depth2/node5/test0_1.mtx 2.5 0 -1 -1 
/home/antonkov/masterWork/tests/samePrefixMarkedMtx2304/depth2/node5/test0_1.mtx 2.6 0 -1 -1 
/home/antonkov/masterWork/tests/samePrefixMarkedMtx2304/depth2/node5/test0_1.mtx 2.7 0 -1 -1 
/home/antonkov/masterWork/tests/samePrefixMarkedMtx2304/depth2/node5/test0_1.mtx 2.8 0 -1 -1 
/home/antonkov/masterWork/tests/samePrefixMarkedMtx2304/depth2/node5/test0_1.mtx 2.9 0 -1 -1 
/home/antonkov/masterWork/tests/samePrefixMarkedMtx2304/depth2/node5/test0_1.mtx 3 0 -1 -1 
/home/antonkov/masterWork/tests/samePrefixMarkedMtx2304/depth2/node5/test0_1.mtx 3.1 0 -1 -1 
/home/antonkov/masterWork/tests/samePrefixMarkedMtx2304/depth2/node5/test0_1.mtx 3.2 0 -1 -1 
/home/antonkov/masterWork/tests/samePrefixMarkedMtx2304/depth2/node5/test0_1.mtx 3.3 0 -1 -1 
/home/antonkov/masterWork/tests/samePrefixMarkedMtx2304/depth2/node5/test0_1.mtx 3.4 0 -1 -1 
/home/antonkov/masterWork/tests/samePrefixMarkedMtx2304/depth2/node5/test0_1.mtx 3.5 0 -1 -1 
/home/antonkov/masterWork/tests/samePrefixMarkedMtx2304/depth2/node5/test0_2.mtx 1 467.52 0.0866406 0.93 
/home/antonkov/masterWork/tests/samePrefixMarkedMtx2304/depth2/node5/test0_2.mtx 1.1 464.484 0.0778385 0.89 
/home/antonkov/masterWork/tests/samePrefixMarkedMtx2304/depth2/node5/test0_2.mtx 1.2 461.074 0.0607639 0.71 
/home/antonkov/masterWork/tests/samePrefixMarkedMtx2304/depth2/node5/test0_2.mtx 1.3 431.369 0.0429514 0.56 
/home/antonkov/masterWork/tests/samePrefixMarkedMtx2304/depth2/node5/test0_2.mtx 1.4 536.173 0.0318164 0.415 
/home/antonkov/masterWork/tests/samePrefixMarkedMtx2304/depth2/node5/test0_2.mtx 1.5 525.378 0.0191536 0.26 
/home/antonkov/masterWork/tests/samePrefixMarkedMtx2304/depth2/node5/test0_2.mtx 1.6 562.927 0.0123365 0.166667 
/home/antonkov/masterWork/tests/samePrefixMarkedMtx2304/depth2/node5/test0_2.mtx 1.7 739.699 0.00614222 0.0883333 
/home/antonkov/masterWork/tests/samePrefixMarkedMtx2304/depth2/node5/test0_2.mtx 1.8 1290.4 0.00211198 0.0333333 
/home/antonkov/masterWork/tests/samePrefixMarkedMtx2304/depth2/node5/test0_2.mtx 1.9 2168.77 0.000856087 0.0154545 
/home/antonkov/masterWork/tests/samePrefixMarkedMtx2304/depth2/node5/test0_2.mtx 2 5806.09 0.00026438 0.00434783 
/home/antonkov/masterWork/tests/samePrefixMarkedMtx2304/depth2/node5/test0_2.mtx 2.1 0 -1 -1 
/home/antonkov/masterWork/tests/samePrefixMarkedMtx2304/depth2/node5/test0_2.mtx 2.2 0 -1 -1 
/home/antonkov/masterWork/tests/samePrefixMarkedMtx2304/depth2/node5/test0_2.mtx 2.3 0 -1 -1 
/home/antonkov/masterWork/tests/samePrefixMarkedMtx2304/depth2/node5/test0_2.mtx 2.4 0 -1 -1 
/home/antonkov/masterWork/tests/samePrefixMarkedMtx2304/depth2/node5/test0_2.mtx 2.5 0 -1 -1 
/home/antonkov/masterWork/tests/samePrefixMarkedMtx2304/depth2/node5/test0_2.mtx 2.6 0 -1 -1 
/home/antonkov/masterWork/tests/samePrefixMarkedMtx2304/depth2/node5/test0_2.mtx 2.7 0 -1 -1 
/home/antonkov/masterWork/tests/samePrefixMarkedMtx2304/depth2/node5/test0_2.mtx 2.8 0 -1 -1 
/home/antonkov/masterWork/tests/samePrefixMarkedMtx2304/depth2/node5/test0_2.mtx 2.9 0 -1 -1 
/home/antonkov/masterWork/tests/samePrefixMarkedMtx2304/depth2/node5/test0_2.mtx 3 0 -1 -1 
/home/antonkov/masterWork/tests/samePrefixMarkedMtx2304/depth2/node5/test0_2.mtx 3.1 0 -1 -1 
/home/antonkov/masterWork/tests/samePrefixMarkedMtx2304/depth2/node5/test0_2.mtx 3.2 0 -1 -1 
/home/antonkov/masterWork/tests/samePrefixMarkedMtx2304/depth2/node5/test0_2.mtx 3.3 0 -1 -1 
/home/antonkov/masterWork/tests/samePrefixMarkedMtx2304/depth2/node5/test0_2.mtx 3.4 0 -1 -1 
/home/antonkov/masterWork/tests/samePrefixMarkedMtx2304/depth2/node5/test0_2.mtx 3.5 0 -1 -1 
/home/antonkov/masterWork/tests/samePrefixMarkedMtx2304/depth2/node5/test0_3.mtx 1 478.63 0.0849479 0.94 
/home/antonkov/masterWork/tests/samePrefixMarkedMtx2304/depth2/node5/test0_3.mtx 1.1 472.964 0.0743663 0.86 
/home/antonkov/masterWork/tests/samePrefixMarkedMtx2304/depth2/node5/test0_3.mtx 1.2 457.499 0.0634332 0.76 
/home/antonkov/masterWork/tests/samePrefixMarkedMtx2304/depth2/node5/test0_3.mtx 1.3 436.933 0.0486675 0.62 
/home/antonkov/masterWork/tests/samePrefixMarkedMtx2304/depth2/node5/test0_3.mtx 1.4 549.783 0.0335048 0.465 
/home/antonkov/masterWork/tests/samePrefixMarkedMtx2304/depth2/node5/test0_3.mtx 1.5 516.685 0.018954 0.26 
/home/antonkov/masterWork/tests/samePrefixMarkedMtx2304/depth2/node5/test0_3.mtx 1.6 671.468 0.0109484 0.1525 
/home/antonkov/masterWork/tests/samePrefixMarkedMtx2304/depth2/node5/test0_3.mtx 1.7 854.314 0.0046255 0.0728571 
/home/antonkov/masterWork/tests/samePrefixMarkedMtx2304/depth2/node5/test0_3.mtx 1.8 1228.93 0.00236421 0.0357143 
/home/antonkov/masterWork/tests/samePrefixMarkedMtx2304/depth2/node5/test0_3.mtx 1.9 2617.47 0.000701368 0.0119048 
/home/antonkov/masterWork/tests/samePrefixMarkedMtx2304/depth2/node5/test0_3.mtx 2 4797.3 0.000291067 0.00515464 
/home/antonkov/masterWork/tests/samePrefixMarkedMtx2304/depth2/node5/test0_3.mtx 2.1 0 -1 -1 
/home/antonkov/masterWork/tests/samePrefixMarkedMtx2304/depth2/node5/test0_3.mtx 2.2 0 -1 -1 
/home/antonkov/masterWork/tests/samePrefixMarkedMtx2304/depth2/node5/test0_3.mtx 2.3 0 -1 -1 
/home/antonkov/masterWork/tests/samePrefixMarkedMtx2304/depth2/node5/test0_3.mtx 2.4 0 -1 -1 
/home/antonkov/masterWork/tests/samePrefixMarkedMtx2304/depth2/node5/test0_3.mtx 2.5 0 -1 -1 
/home/antonkov/masterWork/tests/samePrefixMarkedMtx2304/depth2/node5/test0_3.mtx 2.6 0 -1 -1 
/home/antonkov/masterWork/tests/samePrefixMarkedMtx2304/depth2/node5/test0_3.mtx 2.7 0 -1 -1 
/home/antonkov/masterWork/tests/samePrefixMarkedMtx2304/depth2/node5/test0_3.mtx 2.8 0 -1 -1 
/home/antonkov/masterWork/tests/samePrefixMarkedMtx2304/depth2/node5/test0_3.mtx 2.9 0 -1 -1 
/home/antonkov/masterWork/tests/samePrefixMarkedMtx2304/depth2/node5/test0_3.mtx 3 0 -1 -1 
/home/antonkov/masterWork/tests/samePrefixMarkedMtx2304/depth2/node5/test0_3.mtx 3.1 0 -1 -1 
/home/antonkov/masterWork/tests/samePrefixMarkedMtx2304/depth2/node5/test0_3.mtx 3.2 0 -1 -1 
/home/antonkov/masterWork/tests/samePrefixMarkedMtx2304/depth2/node5/test0_3.mtx 3.3 0 -1 -1 
/home/antonkov/masterWork/tests/samePrefixMarkedMtx2304/depth2/node5/test0_3.mtx 3.4 0 -1 -1 
/home/antonkov/masterWork/tests/samePrefixMarkedMtx2304/depth2/node5/test0_3.mtx 3.5 0 -1 -1 
/home/antonkov/masterWork/tests/samePrefixMarkedMtx2304/depth2/node5/test0_4.mtx 1 468.133 0.0867361 0.94 
/home/antonkov/masterWork/tests/samePrefixMarkedMtx2304/depth2/node5/test0_4.mtx 1.1 459.697 0.0773351 0.89 
/home/antonkov/masterWork/tests/samePrefixMarkedMtx2304/depth2/node5/test0_4.mtx 1.2 448.048 0.0631033 0.77 
/home/antonkov/masterWork/tests/samePrefixMarkedMtx2304/depth2/node5/test0_4.mtx 1.3 429.218 0.0447873 0.58 
/home/antonkov/masterWork/tests/samePrefixMarkedMtx2304/depth2/node5/test0_4.mtx 1.4 547.802 0.0351172 0.47 
/home/antonkov/masterWork/tests/samePrefixMarkedMtx2304/depth2/node5/test0_4.mtx 1.5 496.959 0.0214193 0.28 
/home/antonkov/masterWork/tests/samePrefixMarkedMtx2304/depth2/node5/test0_4.mtx 1.6 554.273 0.0125087 0.18 
/home/antonkov/masterWork/tests/samePrefixMarkedMtx2304/depth2/node5/test0_4.mtx 1.7 749.482 0.00571253 0.0866667 
/home/antonkov/masterWork/tests/samePrefixMarkedMtx2304/depth2/node5/test0_4.mtx 1.8 1194.86 0.00245381 0.0371429 
/home/antonkov/masterWork/tests/samePrefixMarkedMtx2304/depth2/node5/test0_4.mtx 1.9 2267.38 0.00091307 0.0142857 
/home/antonkov/masterWork/tests/samePrefixMarkedMtx2304/depth2/node5/test0_4.mtx 2 6123.66 0.000245208 0.004 
/home/antonkov/masterWork/tests/samePrefixMarkedMtx2304/depth2/node5/test0_4.mtx 2.1 0 -1 -1 
/home/antonkov/masterWork/tests/samePrefixMarkedMtx2304/depth2/node5/test0_4.mtx 2.2 0 -1 -1 
/home/antonkov/masterWork/tests/samePrefixMarkedMtx2304/depth2/node5/test0_4.mtx 2.3 0 -1 -1 
/home/antonkov/masterWork/tests/samePrefixMarkedMtx2304/depth2/node5/test0_4.mtx 2.4 0 -1 -1 
/home/antonkov/masterWork/tests/samePrefixMarkedMtx2304/depth2/node5/test0_4.mtx 2.5 0 -1 -1 
/home/antonkov/masterWork/tests/samePrefixMarkedMtx2304/depth2/node5/test0_4.mtx 2.6 0 -1 -1 
/home/antonkov/masterWork/tests/samePrefixMarkedMtx2304/depth2/node5/test0_4.mtx 2.7 0 -1 -1 
/home/antonkov/masterWork/tests/samePrefixMarkedMtx2304/depth2/node5/test0_4.mtx 2.8 0 -1 -1 
/home/antonkov/masterWork/tests/samePrefixMarkedMtx2304/depth2/node5/test0_4.mtx 2.9 0 -1 -1 
/home/antonkov/masterWork/tests/samePrefixMarkedMtx2304/depth2/node5/test0_4.mtx 3 0 -1 -1 
/home/antonkov/masterWork/tests/samePrefixMarkedMtx2304/depth2/node5/test0_4.mtx 3.1 0 -1 -1 
/home/antonkov/masterWork/tests/samePrefixMarkedMtx2304/depth2/node5/test0_4.mtx 3.2 0 -1 -1 
/home/antonkov/masterWork/tests/samePrefixMarkedMtx2304/depth2/node5/test0_4.mtx 3.3 0 -1 -1 
/home/antonkov/masterWork/tests/samePrefixMarkedMtx2304/depth2/node5/test0_4.mtx 3.4 0 -1 -1 
/home/antonkov/masterWork/tests/samePrefixMarkedMtx2304/depth2/node5/test0_4.mtx 3.5 0 -1 -1 
/home/antonkov/masterWork/tests/samePrefixMarkedMtx2304/depth2/node5/test1_0.mtx 1 461.171 0.088138 0.95 
/home/antonkov/masterWork/tests/samePrefixMarkedMtx2304/depth2/node5/test1_0.mtx 1.1 456.458 0.0773307 0.89 
/home/antonkov/masterWork/tests/samePrefixMarkedMtx2304/depth2/node5/test1_0.mtx 1.2 453.985 0.0622092 0.77 
/home/antonkov/masterWork/tests/samePrefixMarkedMtx2304/depth2/node5/test1_0.mtx 1.3 425.495 0.0445009 0.56 
/home/antonkov/masterWork/tests/samePrefixMarkedMtx2304/depth2/node5/test1_0.mtx 1.4 533.97 0.0318685 0.42 
/home/antonkov/masterWork/tests/samePrefixMarkedMtx2304/depth2/node5/test1_0.mtx 1.5 500.316 0.0196918 0.28 
/home/antonkov/masterWork/tests/samePrefixMarkedMtx2304/depth2/node5/test1_0.mtx 1.6 648.304 0.00937609 0.1325 
/home/antonkov/masterWork/tests/samePrefixMarkedMtx2304/depth2/node5/test1_0.mtx 1.7 889.577 0.00448676 0.06625 
/home/antonkov/masterWork/tests/samePrefixMarkedMtx2304/depth2/node5/test1_0.mtx 1.8 1207.35 0.00233135 0.0357143 
/home/antonkov/masterWork/tests/samePrefixMarkedMtx2304/depth2/node5/test1_0.mtx 1.9 2618.6 0.000756035 0.0119048 
/home/antonkov/masterWork/tests/samePrefixMarkedMtx2304/depth2/node5/test1_0.mtx 2 6161.71 0.000242953 0.00393701 
/home/antonkov/masterWork/tests/samePrefixMarkedMtx2304/depth2/node5/test1_0.mtx 2.1 0 -1 -1 
/home/antonkov/masterWork/tests/samePrefixMarkedMtx2304/depth2/node5/test1_0.mtx 2.2 0 -1 -1 
/home/antonkov/masterWork/tests/samePrefixMarkedMtx2304/depth2/node5/test1_0.mtx 2.3 0 -1 -1 
/home/antonkov/masterWork/tests/samePrefixMarkedMtx2304/depth2/node5/test1_0.mtx 2.4 0 -1 -1 
/home/antonkov/masterWork/tests/samePrefixMarkedMtx2304/depth2/node5/test1_0.mtx 2.5 0 -1 -1 
/home/antonkov/masterWork/tests/samePrefixMarkedMtx2304/depth2/node5/test1_0.mtx 2.6 0 -1 -1 
/home/antonkov/masterWork/tests/samePrefixMarkedMtx2304/depth2/node5/test1_0.mtx 2.7 0 -1 -1 
/home/antonkov/masterWork/tests/samePrefixMarkedMtx2304/depth2/node5/test1_0.mtx 2.8 0 -1 -1 
/home/antonkov/masterWork/tests/samePrefixMarkedMtx2304/depth2/node5/test1_0.mtx 2.9 0 -1 -1 
/home/antonkov/masterWork/tests/samePrefixMarkedMtx2304/depth2/node5/test1_0.mtx 3 0 -1 -1 
/home/antonkov/masterWork/tests/samePrefixMarkedMtx2304/depth2/node5/test1_0.mtx 3.1 0 -1 -1 
/home/antonkov/masterWork/tests/samePrefixMarkedMtx2304/depth2/node5/test1_0.mtx 3.2 0 -1 -1 
/home/antonkov/masterWork/tests/samePrefixMarkedMtx2304/depth2/node5/test1_0.mtx 3.3 0 -1 -1 
/home/antonkov/masterWork/tests/samePrefixMarkedMtx2304/depth2/node5/test1_0.mtx 3.4 0 -1 -1 
/home/antonkov/masterWork/tests/samePrefixMarkedMtx2304/depth2/node5/test1_0.mtx 3.5 0 -1 -1 
/home/antonkov/masterWork/tests/samePrefixMarkedMtx2304/depth2/node5/test1_1.mtx 1 474.768 0.087079 0.94 
/home/antonkov/masterWork/tests/samePrefixMarkedMtx2304/depth2/node5/test1_1.mtx 1.1 461.684 0.0755556 0.9 
/home/antonkov/masterWork/tests/samePrefixMarkedMtx2304/depth2/node5/test1_1.mtx 1.2 458.606 0.0616884 0.75 
/home/antonkov/masterWork/tests/samePrefixMarkedMtx2304/depth2/node5/test1_1.mtx 1.3 433.567 0.0485764 0.62 
/home/antonkov/masterWork/tests/samePrefixMarkedMtx2304/depth2/node5/test1_1.mtx 1.4 541.389 0.0324023 0.435 
/home/antonkov/masterWork/tests/samePrefixMarkedMtx2304/depth2/node5/test1_1.mtx 1.5 504.914 0.0203038 0.285 
/home/antonkov/masterWork/tests/samePrefixMarkedMtx2304/depth2/node5/test1_1.mtx 1.6 645.899 0.0100814 0.1425 
/home/antonkov/masterWork/tests/samePrefixMarkedMtx2304/depth2/node5/test1_1.mtx 1.7 833.741 0.00577071 0.0828571 
/home/antonkov/masterWork/tests/samePrefixMarkedMtx2304/depth2/node5/test1_1.mtx 1.8 1281.6 0.00213216 0.033125 
/home/antonkov/masterWork/tests/samePrefixMarkedMtx2304/depth2/node5/test1_1.mtx 1.9 2702.92 0.000709394 0.0113333 
/home/antonkov/masterWork/tests/samePrefixMarkedMtx2304/depth2/node5/test1_1.mtx 2 5238.57 0.000282732 0.00471698 
/home/antonkov/masterWork/tests/samePrefixMarkedMtx2304/depth2/node5/test1_1.mtx 2.1 0 -1 -1 
/home/antonkov/masterWork/tests/samePrefixMarkedMtx2304/depth2/node5/test1_1.mtx 2.2 0 -1 -1 
/home/antonkov/masterWork/tests/samePrefixMarkedMtx2304/depth2/node5/test1_1.mtx 2.3 0 -1 -1 
/home/antonkov/masterWork/tests/samePrefixMarkedMtx2304/depth2/node5/test1_1.mtx 2.4 0 -1 -1 
/home/antonkov/masterWork/tests/samePrefixMarkedMtx2304/depth2/node5/test1_1.mtx 2.5 0 -1 -1 
/home/antonkov/masterWork/tests/samePrefixMarkedMtx2304/depth2/node5/test1_1.mtx 2.6 0 -1 -1 
/home/antonkov/masterWork/tests/samePrefixMarkedMtx2304/depth2/node5/test1_1.mtx 2.7 0 -1 -1 
/home/antonkov/masterWork/tests/samePrefixMarkedMtx2304/depth2/node5/test1_1.mtx 2.8 0 -1 -1 
/home/antonkov/masterWork/tests/samePrefixMarkedMtx2304/depth2/node5/test1_1.mtx 2.9 0 -1 -1 
/home/antonkov/masterWork/tests/samePrefixMarkedMtx2304/depth2/node5/test1_1.mtx 3 0 -1 -1 
/home/antonkov/masterWork/tests/samePrefixMarkedMtx2304/depth2/node5/test1_1.mtx 3.1 0 -1 -1 
/home/antonkov/masterWork/tests/samePrefixMarkedMtx2304/depth2/node5/test1_1.mtx 3.2 0 -1 -1 
/home/antonkov/masterWork/tests/samePrefixMarkedMtx2304/depth2/node5/test1_1.mtx 3.3 0 -1 -1 
/home/antonkov/masterWork/tests/samePrefixMarkedMtx2304/depth2/node5/test1_1.mtx 3.4 0 -1 -1 
/home/antonkov/masterWork/tests/samePrefixMarkedMtx2304/depth2/node5/test1_1.mtx 3.5 0 -1 -1 
/home/antonkov/masterWork/tests/samePrefixMarkedMtx2304/depth2/node5/test1_2.mtx 1 479.252 0.0883507 0.95 
/home/antonkov/masterWork/tests/samePrefixMarkedMtx2304/depth2/node5/test1_2.mtx 1.1 461.334 0.0765495 0.88 
/home/antonkov/masterWork/tests/samePrefixMarkedMtx2304/depth2/node5/test1_2.mtx 1.2 447.432 0.0622786 0.77 
/home/antonkov/masterWork/tests/samePrefixMarkedMtx2304/depth2/node5/test1_2.mtx 1.3 440.193 0.0456163 0.58 
/home/antonkov/masterWork/tests/samePrefixMarkedMtx2304/depth2/node5/test1_2.mtx 1.4 546.659 0.0341905 0.435 
/home/antonkov/masterWork/tests/samePrefixMarkedMtx2304/depth2/node5/test1_2.mtx 1.5 508.898 0.0219271 0.29 
/home/antonkov/masterWork/tests/samePrefixMarkedMtx2304/depth2/node5/test1_2.mtx 1.6 639.063 0.0102409 0.1425 
/home/antonkov/masterWork/tests/samePrefixMarkedMtx2304/depth2/node5/test1_2.mtx 1.7 879.426 0.00408854 0.065 
/home/antonkov/masterWork/tests/samePrefixMarkedMtx2304/depth2/node5/test1_2.mtx 1.8 1363.88 0.00194904 0.0294118 
/home/antonkov/masterWork/tests/samePrefixMarkedMtx2304/depth2/node5/test1_2.mtx 1.9 2414.28 0.000776339 0.0131579 
/home/antonkov/masterWork/tests/samePrefixMarkedMtx2304/depth2/node5/test1_2.mtx 2 6188.2 0.000223507 0.00387597 
/home/antonkov/masterWork/tests/samePrefixMarkedMtx2304/depth2/node5/test1_2.mtx 2.1 0 -1 -1 
/home/antonkov/masterWork/tests/samePrefixMarkedMtx2304/depth2/node5/test1_2.mtx 2.2 0 -1 -1 
/home/antonkov/masterWork/tests/samePrefixMarkedMtx2304/depth2/node5/test1_2.mtx 2.3 0 -1 -1 
/home/antonkov/masterWork/tests/samePrefixMarkedMtx2304/depth2/node5/test1_2.mtx 2.4 0 -1 -1 
/home/antonkov/masterWork/tests/samePrefixMarkedMtx2304/depth2/node5/test1_2.mtx 2.5 0 -1 -1 
/home/antonkov/masterWork/tests/samePrefixMarkedMtx2304/depth2/node5/test1_2.mtx 2.6 0 -1 -1 
/home/antonkov/masterWork/tests/samePrefixMarkedMtx2304/depth2/node5/test1_2.mtx 2.7 0 -1 -1 
/home/antonkov/masterWork/tests/samePrefixMarkedMtx2304/depth2/node5/test1_2.mtx 2.8 0 -1 -1 
/home/antonkov/masterWork/tests/samePrefixMarkedMtx2304/depth2/node5/test1_2.mtx 2.9 0 -1 -1 
/home/antonkov/masterWork/tests/samePrefixMarkedMtx2304/depth2/node5/test1_2.mtx 3 0 -1 -1 
/home/antonkov/masterWork/tests/samePrefixMarkedMtx2304/depth2/node5/test1_2.mtx 3.1 0 -1 -1 
/home/antonkov/masterWork/tests/samePrefixMarkedMtx2304/depth2/node5/test1_2.mtx 3.2 0 -1 -1 
/home/antonkov/masterWork/tests/samePrefixMarkedMtx2304/depth2/node5/test1_2.mtx 3.3 0 -1 -1 
/home/antonkov/masterWork/tests/samePrefixMarkedMtx2304/depth2/node5/test1_2.mtx 3.4 0 -1 -1 
/home/antonkov/masterWork/tests/samePrefixMarkedMtx2304/depth2/node5/test1_2.mtx 3.5 0 -1 -1 
/home/antonkov/masterWork/tests/samePrefixMarkedMtx2304/depth2/node5/test1_3.mtx 1 474.441 0.0918837 0.96 
/home/antonkov/masterWork/tests/samePrefixMarkedMtx2304/depth2/node5/test1_3.mtx 1.1 464.22 0.0814236 0.9 
/home/antonkov/masterWork/tests/samePrefixMarkedMtx2304/depth2/node5/test1_3.mtx 1.2 455.023 0.0674609 0.78 
/home/antonkov/masterWork/tests/samePrefixMarkedMtx2304/depth2/node5/test1_3.mtx 1.3 438.645 0.052908 0.62 
/home/antonkov/masterWork/tests/samePrefixMarkedMtx2304/depth2/node5/test1_3.mtx 1.4 416.701 0.0388976 0.51 
/home/antonkov/masterWork/tests/samePrefixMarkedMtx2304/depth2/node5/test1_3.mtx 1.5 622.098 0.0200926 0.273333 
/home/antonkov/masterWork/tests/samePrefixMarkedMtx2304/depth2/node5/test1_3.mtx 1.6 644.56 0.0106478 0.15 
/home/antonkov/masterWork/tests/samePrefixMarkedMtx2304/depth2/node5/test1_3.mtx 1.7 923.64 0.00505751 0.0725 
/home/antonkov/masterWork/tests/samePrefixMarkedMtx2304/depth2/node5/test1_3.mtx 1.8 1196.18 0.00244575 0.0371429 
/home/antonkov/masterWork/tests/samePrefixMarkedMtx2304/depth2/node5/test1_3.mtx 1.9 2643.63 0.000705447 0.0116279 
/home/antonkov/masterWork/tests/samePrefixMarkedMtx2304/depth2/node5/test1_3.mtx 2 6135.67 0.000251771 0.004 
/home/antonkov/masterWork/tests/samePrefixMarkedMtx2304/depth2/node5/test1_3.mtx 2.1 0 -1 -1 
/home/antonkov/masterWork/tests/samePrefixMarkedMtx2304/depth2/node5/test1_3.mtx 2.2 0 -1 -1 
/home/antonkov/masterWork/tests/samePrefixMarkedMtx2304/depth2/node5/test1_3.mtx 2.3 0 -1 -1 
/home/antonkov/masterWork/tests/samePrefixMarkedMtx2304/depth2/node5/test1_3.mtx 2.4 0 -1 -1 
/home/antonkov/masterWork/tests/samePrefixMarkedMtx2304/depth2/node5/test1_3.mtx 2.5 0 -1 -1 
/home/antonkov/masterWork/tests/samePrefixMarkedMtx2304/depth2/node5/test1_3.mtx 2.6 0 -1 -1 
/home/antonkov/masterWork/tests/samePrefixMarkedMtx2304/depth2/node5/test1_3.mtx 2.7 0 -1 -1 
/home/antonkov/masterWork/tests/samePrefixMarkedMtx2304/depth2/node5/test1_3.mtx 2.8 0 -1 -1 
/home/antonkov/masterWork/tests/samePrefixMarkedMtx2304/depth2/node5/test1_3.mtx 2.9 0 -1 -1 
/home/antonkov/masterWork/tests/samePrefixMarkedMtx2304/depth2/node5/test1_3.mtx 3 0 -1 -1 
/home/antonkov/masterWork/tests/samePrefixMarkedMtx2304/depth2/node5/test1_3.mtx 3.1 0 -1 -1 
/home/antonkov/masterWork/tests/samePrefixMarkedMtx2304/depth2/node5/test1_3.mtx 3.2 0 -1 -1 
/home/antonkov/masterWork/tests/samePrefixMarkedMtx2304/depth2/node5/test1_3.mtx 3.3 0 -1 -1 
/home/antonkov/masterWork/tests/samePrefixMarkedMtx2304/depth2/node5/test1_3.mtx 3.4 0 -1 -1 
/home/antonkov/masterWork/tests/samePrefixMarkedMtx2304/depth2/node5/test1_3.mtx 3.5 0 -1 -1 
/home/antonkov/masterWork/tests/samePrefixMarkedMtx2304/depth2/node5/test1_4.mtx 1 475.604 0.090178 0.98 
/home/antonkov/masterWork/tests/samePrefixMarkedMtx2304/depth2/node5/test1_4.mtx 1.1 465.033 0.0774089 0.91 
/home/antonkov/masterWork/tests/samePrefixMarkedMtx2304/depth2/node5/test1_4.mtx 1.2 459.373 0.0634201 0.78 
/home/antonkov/masterWork/tests/samePrefixMarkedMtx2304/depth2/node5/test1_4.mtx 1.3 441.98 0.0481163 0.61 
/home/antonkov/masterWork/tests/samePrefixMarkedMtx2304/depth2/node5/test1_4.mtx 1.4 542.998 0.0345443 0.46 
/home/antonkov/masterWork/tests/samePrefixMarkedMtx2304/depth2/node5/test1_4.mtx 1.5 509.461 0.0192253 0.26 
/home/antonkov/masterWork/tests/samePrefixMarkedMtx2304/depth2/node5/test1_4.mtx 1.6 646.088 0.00989583 0.135 
/home/antonkov/masterWork/tests/samePrefixMarkedMtx2304/depth2/node5/test1_4.mtx 1.7 821.593 0.0047557 0.0742857 
/home/antonkov/masterWork/tests/samePrefixMarkedMtx2304/depth2/node5/test1_4.mtx 1.8 1661.4 0.00147175 0.0240909 
/home/antonkov/masterWork/tests/samePrefixMarkedMtx2304/depth2/node5/test1_4.mtx 1.9 3083.93 0.000555228 0.00943396 
/home/antonkov/masterWork/tests/samePrefixMarkedMtx2304/depth2/node5/test1_4.mtx 2 0 -1 -1 
/home/antonkov/masterWork/tests/samePrefixMarkedMtx2304/depth2/node5/test1_4.mtx 2.1 0 -1 -1 
/home/antonkov/masterWork/tests/samePrefixMarkedMtx2304/depth2/node5/test1_4.mtx 2.2 0 -1 -1 
/home/antonkov/masterWork/tests/samePrefixMarkedMtx2304/depth2/node5/test1_4.mtx 2.3 0 -1 -1 
/home/antonkov/masterWork/tests/samePrefixMarkedMtx2304/depth2/node5/test1_4.mtx 2.4 0 -1 -1 
/home/antonkov/masterWork/tests/samePrefixMarkedMtx2304/depth2/node5/test1_4.mtx 2.5 0 -1 -1 
/home/antonkov/masterWork/tests/samePrefixMarkedMtx2304/depth2/node5/test1_4.mtx 2.6 0 -1 -1 
/home/antonkov/masterWork/tests/samePrefixMarkedMtx2304/depth2/node5/test1_4.mtx 2.7 0 -1 -1 
/home/antonkov/masterWork/tests/samePrefixMarkedMtx2304/depth2/node5/test1_4.mtx 2.8 0 -1 -1 
/home/antonkov/masterWork/tests/samePrefixMarkedMtx2304/depth2/node5/test1_4.mtx 2.9 0 -1 -1 
/home/antonkov/masterWork/tests/samePrefixMarkedMtx2304/depth2/node5/test1_4.mtx 3 0 -1 -1 
/home/antonkov/masterWork/tests/samePrefixMarkedMtx2304/depth2/node5/test1_4.mtx 3.1 0 -1 -1 
/home/antonkov/masterWork/tests/samePrefixMarkedMtx2304/depth2/node5/test1_4.mtx 3.2 0 -1 -1 
/home/antonkov/masterWork/tests/samePrefixMarkedMtx2304/depth2/node5/test1_4.mtx 3.3 0 -1 -1 
/home/antonkov/masterWork/tests/samePrefixMarkedMtx2304/depth2/node5/test1_4.mtx 3.4 0 -1 -1 
/home/antonkov/masterWork/tests/samePrefixMarkedMtx2304/depth2/node5/test1_4.mtx 3.5 0 -1 -1 
/home/antonkov/masterWork/tests/samePrefixMarkedMtx2304/depth2/node5/test2_0.mtx 1 442.362 0.0857292 0.94 
/home/antonkov/masterWork/tests/samePrefixMarkedMtx2304/depth2/node5/test2_0.mtx 1.1 433.448 0.0736632 0.86 
/home/antonkov/masterWork/tests/samePrefixMarkedMtx2304/depth2/node5/test2_0.mtx 1.2 420.95 0.0567361 0.69 
/home/antonkov/masterWork/tests/samePrefixMarkedMtx2304/depth2/node5/test2_0.mtx 1.3 396.802 0.0386111 0.5 
/home/antonkov/masterWork/tests/samePrefixMarkedMtx2304/depth2/node5/test2_0.mtx 1.4 500.992 0.0285221 0.39 
/home/antonkov/masterWork/tests/samePrefixMarkedMtx2304/depth2/node5/test2_0.mtx 1.5 577.484 0.0163397 0.223333 
/home/antonkov/masterWork/tests/samePrefixMarkedMtx2304/depth2/node5/test2_0.mtx 1.6 686.493 0.00742882 0.116 
/home/antonkov/masterWork/tests/samePrefixMarkedMtx2304/depth2/node5/test2_0.mtx 1.7 1056.07 0.00293245 0.0481818 
/home/antonkov/masterWork/tests/samePrefixMarkedMtx2304/depth2/node5/test2_0.mtx 1.8 2030.44 0.00104876 0.0166667 
/home/antonkov/masterWork/tests/samePrefixMarkedMtx2304/depth2/node5/test2_0.mtx 1.9 4099.13 0.000413925 0.00671053 
/home/antonkov/masterWork/tests/samePrefixMarkedMtx2304/depth2/node5/test2_0.mtx 2 0 -1 -1 
/home/antonkov/masterWork/tests/samePrefixMarkedMtx2304/depth2/node5/test2_0.mtx 2.1 0 -1 -1 
/home/antonkov/masterWork/tests/samePrefixMarkedMtx2304/depth2/node5/test2_0.mtx 2.2 0 -1 -1 
/home/antonkov/masterWork/tests/samePrefixMarkedMtx2304/depth2/node5/test2_0.mtx 2.3 0 -1 -1 
/home/antonkov/masterWork/tests/samePrefixMarkedMtx2304/depth2/node5/test2_0.mtx 2.4 0 -1 -1 
/home/antonkov/masterWork/tests/samePrefixMarkedMtx2304/depth2/node5/test2_0.mtx 2.5 0 -1 -1 
/home/antonkov/masterWork/tests/samePrefixMarkedMtx2304/depth2/node5/test2_0.mtx 2.6 0 -1 -1 
/home/antonkov/masterWork/tests/samePrefixMarkedMtx2304/depth2/node5/test2_0.mtx 2.7 0 -1 -1 
/home/antonkov/masterWork/tests/samePrefixMarkedMtx2304/depth2/node5/test2_0.mtx 2.8 0 -1 -1 
/home/antonkov/masterWork/tests/samePrefixMarkedMtx2304/depth2/node5/test2_0.mtx 2.9 0 -1 -1 
/home/antonkov/masterWork/tests/samePrefixMarkedMtx2304/depth2/node5/test2_0.mtx 3 0 -1 -1 
/home/antonkov/masterWork/tests/samePrefixMarkedMtx2304/depth2/node5/test2_0.mtx 3.1 0 -1 -1 
/home/antonkov/masterWork/tests/samePrefixMarkedMtx2304/depth2/node5/test2_0.mtx 3.2 0 -1 -1 
/home/antonkov/masterWork/tests/samePrefixMarkedMtx2304/depth2/node5/test2_0.mtx 3.3 0 -1 -1 
/home/antonkov/masterWork/tests/samePrefixMarkedMtx2304/depth2/node5/test2_0.mtx 3.4 0 -1 -1 
/home/antonkov/masterWork/tests/samePrefixMarkedMtx2304/depth2/node5/test2_0.mtx 3.5 0 -1 -1 
/home/antonkov/masterWork/tests/samePrefixMarkedMtx2304/depth2/node5/test2_1.mtx 1 434.142 0.0779904 0.86 
/home/antonkov/masterWork/tests/samePrefixMarkedMtx2304/depth2/node5/test2_1.mtx 1.1 423.043 0.0670964 0.77 
/home/antonkov/masterWork/tests/samePrefixMarkedMtx2304/depth2/node5/test2_1.mtx 1.2 413.907 0.0535851 0.67 
/home/antonkov/masterWork/tests/samePrefixMarkedMtx2304/depth2/node5/test2_1.mtx 1.3 523.997 0.0400977 0.53 
/home/antonkov/masterWork/tests/samePrefixMarkedMtx2304/depth2/node5/test2_1.mtx 1.4 499.358 0.0259592 0.36 
/home/antonkov/masterWork/tests/samePrefixMarkedMtx2304/depth2/node5/test2_1.mtx 1.5 560.784 0.0127879 0.193333 
/home/antonkov/masterWork/tests/samePrefixMarkedMtx2304/depth2/node5/test2_1.mtx 1.6 672.735 0.0072691 0.112 
/home/antonkov/masterWork/tests/samePrefixMarkedMtx2304/depth2/node5/test2_1.mtx 1.7 899.078 0.00352623 0.0555556 
/home/antonkov/masterWork/tests/samePrefixMarkedMtx2304/depth2/node5/test2_1.mtx 1.8 1591.21 0.00163924 0.0245455 
/home/antonkov/masterWork/tests/samePrefixMarkedMtx2304/depth2/node5/test2_1.mtx 1.9 2756.79 0.000658728 0.0104167 
/home/antonkov/masterWork/tests/samePrefixMarkedMtx2304/depth2/node5/test2_1.mtx 2 6314.93 0.000233732 0.0037037 
/home/antonkov/masterWork/tests/samePrefixMarkedMtx2304/depth2/node5/test2_1.mtx 2.1 0 -1 -1 
/home/antonkov/masterWork/tests/samePrefixMarkedMtx2304/depth2/node5/test2_1.mtx 2.2 0 -1 -1 
/home/antonkov/masterWork/tests/samePrefixMarkedMtx2304/depth2/node5/test2_1.mtx 2.3 0 -1 -1 
/home/antonkov/masterWork/tests/samePrefixMarkedMtx2304/depth2/node5/test2_1.mtx 2.4 0 -1 -1 
/home/antonkov/masterWork/tests/samePrefixMarkedMtx2304/depth2/node5/test2_1.mtx 2.5 0 -1 -1 
/home/antonkov/masterWork/tests/samePrefixMarkedMtx2304/depth2/node5/test2_1.mtx 2.6 0 -1 -1 
/home/antonkov/masterWork/tests/samePrefixMarkedMtx2304/depth2/node5/test2_1.mtx 2.7 0 -1 -1 
/home/antonkov/masterWork/tests/samePrefixMarkedMtx2304/depth2/node5/test2_1.mtx 2.8 0 -1 -1 
/home/antonkov/masterWork/tests/samePrefixMarkedMtx2304/depth2/node5/test2_1.mtx 2.9 0 -1 -1 
/home/antonkov/masterWork/tests/samePrefixMarkedMtx2304/depth2/node5/test2_1.mtx 3 0 -1 -1 
/home/antonkov/masterWork/tests/samePrefixMarkedMtx2304/depth2/node5/test2_1.mtx 3.1 0 -1 -1 
/home/antonkov/masterWork/tests/samePrefixMarkedMtx2304/depth2/node5/test2_1.mtx 3.2 0 -1 -1 
/home/antonkov/masterWork/tests/samePrefixMarkedMtx2304/depth2/node5/test2_1.mtx 3.3 0 -1 -1 
/home/antonkov/masterWork/tests/samePrefixMarkedMtx2304/depth2/node5/test2_1.mtx 3.4 0 -1 -1 
/home/antonkov/masterWork/tests/samePrefixMarkedMtx2304/depth2/node5/test2_1.mtx 3.5 0 -1 -1 
/home/antonkov/masterWork/tests/samePrefixMarkedMtx2304/depth2/node5/test2_2.mtx 1 435.979 0.0786719 0.88 
/home/antonkov/masterWork/tests/samePrefixMarkedMtx2304/depth2/node5/test2_2.mtx 1.1 436.471 0.0656597 0.78 
/home/antonkov/masterWork/tests/samePrefixMarkedMtx2304/depth2/node5/test2_2.mtx 1.2 415.622 0.0549609 0.69 
/home/antonkov/masterWork/tests/samePrefixMarkedMtx2304/depth2/node5/test2_2.mtx 1.3 398.914 0.0404644 0.52 
/home/antonkov/masterWork/tests/samePrefixMarkedMtx2304/depth2/node5/test2_2.mtx 1.4 505.572 0.0293902 0.39 
/home/antonkov/masterWork/tests/samePrefixMarkedMtx2304/depth2/node5/test2_2.mtx 1.5 587.233 0.0181858 0.256667 
/home/antonkov/masterWork/tests/samePrefixMarkedMtx2304/depth2/node5/test2_2.mtx 1.6 749.842 0.00665148 0.0966667 
/home/antonkov/masterWork/tests/samePrefixMarkedMtx2304/depth2/node5/test2_2.mtx 1.7 964.394 0.00323351 0.051 
/home/antonkov/masterWork/tests/samePrefixMarkedMtx2304/depth2/node5/test2_2.mtx 1.8 1820.6 0.00132979 0.02 
/home/antonkov/masterWork/tests/samePrefixMarkedMtx2304/depth2/node5/test2_2.mtx 1.9 3248.76 0.000554957 0.00862069 
/home/antonkov/masterWork/tests/samePrefixMarkedMtx2304/depth2/node5/test2_2.mtx 2 0 -1 -1 
/home/antonkov/masterWork/tests/samePrefixMarkedMtx2304/depth2/node5/test2_2.mtx 2.1 0 -1 -1 
/home/antonkov/masterWork/tests/samePrefixMarkedMtx2304/depth2/node5/test2_2.mtx 2.2 0 -1 -1 
/home/antonkov/masterWork/tests/samePrefixMarkedMtx2304/depth2/node5/test2_2.mtx 2.3 0 -1 -1 
/home/antonkov/masterWork/tests/samePrefixMarkedMtx2304/depth2/node5/test2_2.mtx 2.4 0 -1 -1 
/home/antonkov/masterWork/tests/samePrefixMarkedMtx2304/depth2/node5/test2_2.mtx 2.5 0 -1 -1 
/home/antonkov/masterWork/tests/samePrefixMarkedMtx2304/depth2/node5/test2_2.mtx 2.6 0 -1 -1 
/home/antonkov/masterWork/tests/samePrefixMarkedMtx2304/depth2/node5/test2_2.mtx 2.7 0 -1 -1 
/home/antonkov/masterWork/tests/samePrefixMarkedMtx2304/depth2/node5/test2_2.mtx 2.8 0 -1 -1 
/home/antonkov/masterWork/tests/samePrefixMarkedMtx2304/depth2/node5/test2_2.mtx 2.9 0 -1 -1 
/home/antonkov/masterWork/tests/samePrefixMarkedMtx2304/depth2/node5/test2_2.mtx 3 0 -1 -1 
/home/antonkov/masterWork/tests/samePrefixMarkedMtx2304/depth2/node5/test2_2.mtx 3.1 0 -1 -1 
/home/antonkov/masterWork/tests/samePrefixMarkedMtx2304/depth2/node5/test2_2.mtx 3.2 0 -1 -1 
/home/antonkov/masterWork/tests/samePrefixMarkedMtx2304/depth2/node5/test2_2.mtx 3.3 0 -1 -1 
/home/antonkov/masterWork/tests/samePrefixMarkedMtx2304/depth2/node5/test2_2.mtx 3.4 0 -1 -1 
/home/antonkov/masterWork/tests/samePrefixMarkedMtx2304/depth2/node5/test2_2.mtx 3.5 0 -1 -1 
/home/antonkov/masterWork/tests/samePrefixMarkedMtx2304/depth2/node5/test2_3.mtx 1 437.627 0.0811719 0.9 
/home/antonkov/masterWork/tests/samePrefixMarkedMtx2304/depth2/node5/test2_3.mtx 1.1 437.965 0.0666623 0.8 
/home/antonkov/masterWork/tests/samePrefixMarkedMtx2304/depth2/node5/test2_3.mtx 1.2 430.135 0.0509288 0.65 
/home/antonkov/masterWork/tests/samePrefixMarkedMtx2304/depth2/node5/test2_3.mtx 1.3 543.442 0.0387001 0.505 
/home/antonkov/masterWork/tests/samePrefixMarkedMtx2304/depth2/node5/test2_3.mtx 1.4 489.981 0.0259831 0.35 
/home/antonkov/masterWork/tests/samePrefixMarkedMtx2304/depth2/node5/test2_3.mtx 1.5 565.396 0.0152677 0.21 
/home/antonkov/masterWork/tests/samePrefixMarkedMtx2304/depth2/node5/test2_3.mtx 1.6 673.084 0.00751215 0.11 
/home/antonkov/masterWork/tests/samePrefixMarkedMtx2304/depth2/node5/test2_3.mtx 1.7 994.838 0.00359852 0.057 
/home/antonkov/masterWork/tests/samePrefixMarkedMtx2304/depth2/node5/test2_3.mtx 1.8 1528.68 0.00150711 0.0242857 
/home/antonkov/masterWork/tests/samePrefixMarkedMtx2304/depth2/node5/test2_3.mtx 1.9 3310.69 0.000438155 0.00819672 
/home/antonkov/masterWork/tests/samePrefixMarkedMtx2304/depth2/node5/test2_3.mtx 2 0 -1 -1 
/home/antonkov/masterWork/tests/samePrefixMarkedMtx2304/depth2/node5/test2_3.mtx 2.1 0 -1 -1 
/home/antonkov/masterWork/tests/samePrefixMarkedMtx2304/depth2/node5/test2_3.mtx 2.2 0 -1 -1 
/home/antonkov/masterWork/tests/samePrefixMarkedMtx2304/depth2/node5/test2_3.mtx 2.3 0 -1 -1 
/home/antonkov/masterWork/tests/samePrefixMarkedMtx2304/depth2/node5/test2_3.mtx 2.4 0 -1 -1 
/home/antonkov/masterWork/tests/samePrefixMarkedMtx2304/depth2/node5/test2_3.mtx 2.5 0 -1 -1 
/home/antonkov/masterWork/tests/samePrefixMarkedMtx2304/depth2/node5/test2_3.mtx 2.6 0 -1 -1 
/home/antonkov/masterWork/tests/samePrefixMarkedMtx2304/depth2/node5/test2_3.mtx 2.7 0 -1 -1 
/home/antonkov/masterWork/tests/samePrefixMarkedMtx2304/depth2/node5/test2_3.mtx 2.8 0 -1 -1 
/home/antonkov/masterWork/tests/samePrefixMarkedMtx2304/depth2/node5/test2_3.mtx 2.9 0 -1 -1 
/home/antonkov/masterWork/tests/samePrefixMarkedMtx2304/depth2/node5/test2_3.mtx 3 0 -1 -1 
/home/antonkov/masterWork/tests/samePrefixMarkedMtx2304/depth2/node5/test2_3.mtx 3.1 0 -1 -1 
/home/antonkov/masterWork/tests/samePrefixMarkedMtx2304/depth2/node5/test2_3.mtx 3.2 0 -1 -1 
/home/antonkov/masterWork/tests/samePrefixMarkedMtx2304/depth2/node5/test2_3.mtx 3.3 0 -1 -1 
/home/antonkov/masterWork/tests/samePrefixMarkedMtx2304/depth2/node5/test2_3.mtx 3.4 0 -1 -1 
/home/antonkov/masterWork/tests/samePrefixMarkedMtx2304/depth2/node5/test2_3.mtx 3.5 0 -1 -1 
/home/antonkov/masterWork/tests/samePrefixMarkedMtx2304/depth2/node5/test2_4.mtx 1 439.08 0.083559 0.92 
/home/antonkov/masterWork/tests/samePrefixMarkedMtx2304/depth2/node5/test2_4.mtx 1.1 437.921 0.0685851 0.82 
/home/antonkov/masterWork/tests/samePrefixMarkedMtx2304/depth2/node5/test2_4.mtx 1.2 412.891 0.0535069 0.68 
/home/antonkov/masterWork/tests/samePrefixMarkedMtx2304/depth2/node5/test2_4.mtx 1.3 400.699 0.0374566 0.5 
/home/antonkov/masterWork/tests/samePrefixMarkedMtx2304/depth2/node5/test2_4.mtx 1.4 497.637 0.0260699 0.355 
/home/antonkov/masterWork/tests/samePrefixMarkedMtx2304/depth2/node5/test2_4.mtx 1.5 570.088 0.0150188 0.213333 
/home/antonkov/masterWork/tests/samePrefixMarkedMtx2304/depth2/node5/test2_4.mtx 1.6 692.66 0.00874653 0.12 
/home/antonkov/masterWork/tests/samePrefixMarkedMtx2304/depth2/node5/test2_4.mtx 1.7 928.522 0.00431231 0.0622222 
/home/antonkov/masterWork/tests/samePrefixMarkedMtx2304/depth2/node5/test2_4.mtx 1.8 1360.25 0.00195867 0.03 
/home/antonkov/masterWork/tests/samePrefixMarkedMtx2304/depth2/node5/test2_4.mtx 1.9 3335.19 0.000504397 0.00819672 
/home/antonkov/masterWork/tests/samePrefixMarkedMtx2304/depth2/node5/test2_4.mtx 2 0 -1 -1 
/home/antonkov/masterWork/tests/samePrefixMarkedMtx2304/depth2/node5/test2_4.mtx 2.1 0 -1 -1 
/home/antonkov/masterWork/tests/samePrefixMarkedMtx2304/depth2/node5/test2_4.mtx 2.2 0 -1 -1 
/home/antonkov/masterWork/tests/samePrefixMarkedMtx2304/depth2/node5/test2_4.mtx 2.3 0 -1 -1 
/home/antonkov/masterWork/tests/samePrefixMarkedMtx2304/depth2/node5/test2_4.mtx 2.4 0 -1 -1 
/home/antonkov/masterWork/tests/samePrefixMarkedMtx2304/depth2/node5/test2_4.mtx 2.5 0 -1 -1 
/home/antonkov/masterWork/tests/samePrefixMarkedMtx2304/depth2/node5/test2_4.mtx 2.6 0 -1 -1 
/home/antonkov/masterWork/tests/samePrefixMarkedMtx2304/depth2/node5/test2_4.mtx 2.7 0 -1 -1 
/home/antonkov/masterWork/tests/samePrefixMarkedMtx2304/depth2/node5/test2_4.mtx 2.8 0 -1 -1 
/home/antonkov/masterWork/tests/samePrefixMarkedMtx2304/depth2/node5/test2_4.mtx 2.9 0 -1 -1 
/home/antonkov/masterWork/tests/samePrefixMarkedMtx2304/depth2/node5/test2_4.mtx 3 0 -1 -1 
/home/antonkov/masterWork/tests/samePrefixMarkedMtx2304/depth2/node5/test2_4.mtx 3.1 0 -1 -1 
/home/antonkov/masterWork/tests/samePrefixMarkedMtx2304/depth2/node5/test2_4.mtx 3.2 0 -1 -1 
/home/antonkov/masterWork/tests/samePrefixMarkedMtx2304/depth2/node5/test2_4.mtx 3.3 0 -1 -1 
/home/antonkov/masterWork/tests/samePrefixMarkedMtx2304/depth2/node5/test2_4.mtx 3.4 0 -1 -1 
/home/antonkov/masterWork/tests/samePrefixMarkedMtx2304/depth2/node5/test2_4.mtx 3.5 0 -1 -1 
/home/antonkov/masterWork/tests/samePrefixMarkedMtx2304/depth2/node5/test97_0.mtx 1 474.882 0.0881901 0.95 
/home/antonkov/masterWork/tests/samePrefixMarkedMtx2304/depth2/node5/test97_0.mtx 1.1 467.421 0.0772396 0.88 
/home/antonkov/masterWork/tests/samePrefixMarkedMtx2304/depth2/node5/test97_0.mtx 1.2 462.399 0.0631467 0.75 
/home/antonkov/masterWork/tests/samePrefixMarkedMtx2304/depth2/node5/test97_0.mtx 1.3 432.871 0.0512413 0.65 
/home/antonkov/masterWork/tests/samePrefixMarkedMtx2304/depth2/node5/test97_0.mtx 1.4 556.122 0.0352474 0.46 
/home/antonkov/masterWork/tests/samePrefixMarkedMtx2304/depth2/node5/test97_0.mtx 1.5 517.227 0.0227062 0.325 
/home/antonkov/masterWork/tests/samePrefixMarkedMtx2304/depth2/node5/test97_0.mtx 1.6 665.38 0.0103733 0.1525 
/home/antonkov/masterWork/tests/samePrefixMarkedMtx2304/depth2/node5/test97_0.mtx 1.7 829.875 0.00532738 0.0757143 
/home/antonkov/masterWork/tests/samePrefixMarkedMtx2304/depth2/node5/test97_0.mtx 1.8 1227.06 0.0024597 0.0371429 
/home/antonkov/masterWork/tests/samePrefixMarkedMtx2304/depth2/node5/test97_0.mtx 1.9 1980.7 0.000991609 0.0166667 
/home/antonkov/masterWork/tests/samePrefixMarkedMtx2304/depth2/node5/test97_0.mtx 2 4945.76 0.000319435 0.00525773 
/home/antonkov/masterWork/tests/samePrefixMarkedMtx2304/depth2/node5/test97_0.mtx 2.1 0 -1 -1 
/home/antonkov/masterWork/tests/samePrefixMarkedMtx2304/depth2/node5/test97_0.mtx 2.2 0 -1 -1 
/home/antonkov/masterWork/tests/samePrefixMarkedMtx2304/depth2/node5/test97_0.mtx 2.3 0 -1 -1 
/home/antonkov/masterWork/tests/samePrefixMarkedMtx2304/depth2/node5/test97_0.mtx 2.4 0 -1 -1 
/home/antonkov/masterWork/tests/samePrefixMarkedMtx2304/depth2/node5/test97_0.mtx 2.5 0 -1 -1 
/home/antonkov/masterWork/tests/samePrefixMarkedMtx2304/depth2/node5/test97_0.mtx 2.6 0 -1 -1 
/home/antonkov/masterWork/tests/samePrefixMarkedMtx2304/depth2/node5/test97_0.mtx 2.7 0 -1 -1 
/home/antonkov/masterWork/tests/samePrefixMarkedMtx2304/depth2/node5/test97_0.mtx 2.8 0 -1 -1 
/home/antonkov/masterWork/tests/samePrefixMarkedMtx2304/depth2/node5/test97_0.mtx 2.9 0 -1 -1 
/home/antonkov/masterWork/tests/samePrefixMarkedMtx2304/depth2/node5/test97_0.mtx 3 0 -1 -1 
/home/antonkov/masterWork/tests/samePrefixMarkedMtx2304/depth2/node5/test97_0.mtx 3.1 0 -1 -1 
/home/antonkov/masterWork/tests/samePrefixMarkedMtx2304/depth2/node5/test97_0.mtx 3.2 0 -1 -1 
/home/antonkov/masterWork/tests/samePrefixMarkedMtx2304/depth2/node5/test97_0.mtx 3.3 0 -1 -1 
/home/antonkov/masterWork/tests/samePrefixMarkedMtx2304/depth2/node5/test97_0.mtx 3.4 0 -1 -1 
/home/antonkov/masterWork/tests/samePrefixMarkedMtx2304/depth2/node5/test97_0.mtx 3.5 0 -1 -1 
/home/antonkov/masterWork/tests/samePrefixMarkedMtx2304/depth2/node5/test97_1.mtx 1 463.179 0.0865625 0.94 
/home/antonkov/masterWork/tests/samePrefixMarkedMtx2304/depth2/node5/test97_1.mtx 1.1 462.592 0.0757639 0.86 
/home/antonkov/masterWork/tests/samePrefixMarkedMtx2304/depth2/node5/test97_1.mtx 1.2 462.228 0.0628038 0.76 
/home/antonkov/masterWork/tests/samePrefixMarkedMtx2304/depth2/node5/test97_1.mtx 1.3 436.501 0.0455729 0.6 
/home/antonkov/masterWork/tests/samePrefixMarkedMtx2304/depth2/node5/test97_1.mtx 1.4 551.184 0.0347461 0.465 
/home/antonkov/masterWork/tests/samePrefixMarkedMtx2304/depth2/node5/test97_1.mtx 1.5 517.854 0.0197895 0.27 
/home/antonkov/masterWork/tests/samePrefixMarkedMtx2304/depth2/node5/test97_1.mtx 1.6 575.84 0.0131019 0.186667 
/home/antonkov/masterWork/tests/samePrefixMarkedMtx2304/depth2/node5/test97_1.mtx 1.7 886.905 0.00495117 0.07375 
/home/antonkov/masterWork/tests/samePrefixMarkedMtx2304/depth2/node5/test97_1.mtx 1.8 1200.66 0.00229012 0.0357143 
/home/antonkov/masterWork/tests/samePrefixMarkedMtx2304/depth2/node5/test97_1.mtx 1.9 2422.32 0.000831277 0.0134211 
/home/antonkov/masterWork/tests/samePrefixMarkedMtx2304/depth2/node5/test97_1.mtx 2 5703 0.000252345 0.00438596 
/home/antonkov/masterWork/tests/samePrefixMarkedMtx2304/depth2/node5/test97_1.mtx 2.1 0 -1 -1 
/home/antonkov/masterWork/tests/samePrefixMarkedMtx2304/depth2/node5/test97_1.mtx 2.2 0 -1 -1 
/home/antonkov/masterWork/tests/samePrefixMarkedMtx2304/depth2/node5/test97_1.mtx 2.3 0 -1 -1 
/home/antonkov/masterWork/tests/samePrefixMarkedMtx2304/depth2/node5/test97_1.mtx 2.4 0 -1 -1 
/home/antonkov/masterWork/tests/samePrefixMarkedMtx2304/depth2/node5/test97_1.mtx 2.5 0 -1 -1 
/home/antonkov/masterWork/tests/samePrefixMarkedMtx2304/depth2/node5/test97_1.mtx 2.6 0 -1 -1 
/home/antonkov/masterWork/tests/samePrefixMarkedMtx2304/depth2/node5/test97_1.mtx 2.7 0 -1 -1 
/home/antonkov/masterWork/tests/samePrefixMarkedMtx2304/depth2/node5/test97_1.mtx 2.8 0 -1 -1 
/home/antonkov/masterWork/tests/samePrefixMarkedMtx2304/depth2/node5/test97_1.mtx 2.9 0 -1 -1 
/home/antonkov/masterWork/tests/samePrefixMarkedMtx2304/depth2/node5/test97_1.mtx 3 0 -1 -1 
/home/antonkov/masterWork/tests/samePrefixMarkedMtx2304/depth2/node5/test97_1.mtx 3.1 0 -1 -1 
/home/antonkov/masterWork/tests/samePrefixMarkedMtx2304/depth2/node5/test97_1.mtx 3.2 0 -1 -1 
/home/antonkov/masterWork/tests/samePrefixMarkedMtx2304/depth2/node5/test97_1.mtx 3.3 0 -1 -1 
/home/antonkov/masterWork/tests/samePrefixMarkedMtx2304/depth2/node5/test97_1.mtx 3.4 0 -1 -1 
/home/antonkov/masterWork/tests/samePrefixMarkedMtx2304/depth2/node5/test97_1.mtx 3.5 0 -1 -1 
/home/antonkov/masterWork/tests/samePrefixMarkedMtx2304/depth2/node5/test97_2.mtx 1 470.374 0.0869618 0.93 
/home/antonkov/masterWork/tests/samePrefixMarkedMtx2304/depth2/node5/test97_2.mtx 1.1 460.483 0.0774957 0.89 
/home/antonkov/masterWork/tests/samePrefixMarkedMtx2304/depth2/node5/test97_2.mtx 1.2 463.406 0.0649957 0.77 
/home/antonkov/masterWork/tests/samePrefixMarkedMtx2304/depth2/node5/test97_2.mtx 1.3 440.054 0.0506076 0.65 
/home/antonkov/masterWork/tests/samePrefixMarkedMtx2304/depth2/node5/test97_2.mtx 1.4 552.553 0.0342296 0.46 
/home/antonkov/masterWork/tests/samePrefixMarkedMtx2304/depth2/node5/test97_2.mtx 1.5 521.203 0.0231554 0.32 
/home/antonkov/masterWork/tests/samePrefixMarkedMtx2304/depth2/node5/test97_2.mtx 1.6 587.838 0.0138426 0.2 
/home/antonkov/masterWork/tests/samePrefixMarkedMtx2304/depth2/node5/test97_2.mtx 1.7 745.234 0.0060706 0.0933333 
/home/antonkov/masterWork/tests/samePrefixMarkedMtx2304/depth2/node5/test97_2.mtx 1.8 1266.85 0.00192303 0.034 
/home/antonkov/masterWork/tests/samePrefixMarkedMtx2304/depth2/node5/test97_2.mtx 1.9 2462.61 0.00075966 0.0133333 
/home/antonkov/masterWork/tests/samePrefixMarkedMtx2304/depth2/node5/test97_2.mtx 2 5012.51 0.000292839 0.005 
/home/antonkov/masterWork/tests/samePrefixMarkedMtx2304/depth2/node5/test97_2.mtx 2.1 0 -1 -1 
/home/antonkov/masterWork/tests/samePrefixMarkedMtx2304/depth2/node5/test97_2.mtx 2.2 0 -1 -1 
/home/antonkov/masterWork/tests/samePrefixMarkedMtx2304/depth2/node5/test97_2.mtx 2.3 0 -1 -1 
/home/antonkov/masterWork/tests/samePrefixMarkedMtx2304/depth2/node5/test97_2.mtx 2.4 0 -1 -1 
/home/antonkov/masterWork/tests/samePrefixMarkedMtx2304/depth2/node5/test97_2.mtx 2.5 0 -1 -1 
/home/antonkov/masterWork/tests/samePrefixMarkedMtx2304/depth2/node5/test97_2.mtx 2.6 0 -1 -1 
/home/antonkov/masterWork/tests/samePrefixMarkedMtx2304/depth2/node5/test97_2.mtx 2.7 0 -1 -1 
/home/antonkov/masterWork/tests/samePrefixMarkedMtx2304/depth2/node5/test97_2.mtx 2.8 0 -1 -1 
/home/antonkov/masterWork/tests/samePrefixMarkedMtx2304/depth2/node5/test97_2.mtx 2.9 0 -1 -1 
/home/antonkov/masterWork/tests/samePrefixMarkedMtx2304/depth2/node5/test97_2.mtx 3 0 -1 -1 
/home/antonkov/masterWork/tests/samePrefixMarkedMtx2304/depth2/node5/test97_2.mtx 3.1 0 -1 -1 
/home/antonkov/masterWork/tests/samePrefixMarkedMtx2304/depth2/node5/test97_2.mtx 3.2 0 -1 -1 
/home/antonkov/masterWork/tests/samePrefixMarkedMtx2304/depth2/node5/test97_2.mtx 3.3 0 -1 -1 
/home/antonkov/masterWork/tests/samePrefixMarkedMtx2304/depth2/node5/test97_2.mtx 3.4 0 -1 -1 
/home/antonkov/masterWork/tests/samePrefixMarkedMtx2304/depth2/node5/test97_2.mtx 3.5 0 -1 -1 
/home/antonkov/masterWork/tests/samePrefixMarkedMtx2304/depth2/node5/test97_3.mtx 1 474.296 0.0854036 0.95 
/home/antonkov/masterWork/tests/samePrefixMarkedMtx2304/depth2/node5/test97_3.mtx 1.1 468.543 0.0742969 0.85 
/home/antonkov/masterWork/tests/samePrefixMarkedMtx2304/depth2/node5/test97_3.mtx 1.2 463.047 0.0642144 0.78 
/home/antonkov/masterWork/tests/samePrefixMarkedMtx2304/depth2/node5/test97_3.mtx 1.3 442.387 0.0502257 0.67 
/home/antonkov/masterWork/tests/samePrefixMarkedMtx2304/depth2/node5/test97_3.mtx 1.4 566.493 0.0335807 0.46 
/home/antonkov/masterWork/tests/samePrefixMarkedMtx2304/depth2/node5/test97_3.mtx 1.5 510.177 0.0211176 0.305 
/home/antonkov/masterWork/tests/samePrefixMarkedMtx2304/depth2/node5/test97_3.mtx 1.6 585.973 0.0129905 0.193333 
/home/antonkov/masterWork/tests/samePrefixMarkedMtx2304/depth2/node5/test97_3.mtx 1.7 772.35 0.00561198 0.0883333 
/home/antonkov/masterWork/tests/samePrefixMarkedMtx2304/depth2/node5/test97_3.mtx 1.8 1333.49 0.00242737 0.0346667 
/home/antonkov/masterWork/tests/samePrefixMarkedMtx2304/depth2/node5/test97_3.mtx 1.9 2353.79 0.000905258 0.0142857 
/home/antonkov/masterWork/tests/samePrefixMarkedMtx2304/depth2/node5/test97_3.mtx 2 5200.37 0.000294416 0.00490196 
/home/antonkov/masterWork/tests/samePrefixMarkedMtx2304/depth2/node5/test97_3.mtx 2.1 0 -1 -1 
/home/antonkov/masterWork/tests/samePrefixMarkedMtx2304/depth2/node5/test97_3.mtx 2.2 0 -1 -1 
/home/antonkov/masterWork/tests/samePrefixMarkedMtx2304/depth2/node5/test97_3.mtx 2.3 0 -1 -1 
/home/antonkov/masterWork/tests/samePrefixMarkedMtx2304/depth2/node5/test97_3.mtx 2.4 0 -1 -1 
/home/antonkov/masterWork/tests/samePrefixMarkedMtx2304/depth2/node5/test97_3.mtx 2.5 0 -1 -1 
/home/antonkov/masterWork/tests/samePrefixMarkedMtx2304/depth2/node5/test97_3.mtx 2.6 0 -1 -1 
/home/antonkov/masterWork/tests/samePrefixMarkedMtx2304/depth2/node5/test97_3.mtx 2.7 0 -1 -1 
/home/antonkov/masterWork/tests/samePrefixMarkedMtx2304/depth2/node5/test97_3.mtx 2.8 0 -1 -1 
/home/antonkov/masterWork/tests/samePrefixMarkedMtx2304/depth2/node5/test97_3.mtx 2.9 0 -1 -1 
/home/antonkov/masterWork/tests/samePrefixMarkedMtx2304/depth2/node5/test97_3.mtx 3 0 -1 -1 
/home/antonkov/masterWork/tests/samePrefixMarkedMtx2304/depth2/node5/test97_3.mtx 3.1 0 -1 -1 
/home/antonkov/masterWork/tests/samePrefixMarkedMtx2304/depth2/node5/test97_3.mtx 3.2 0 -1 -1 
/home/antonkov/masterWork/tests/samePrefixMarkedMtx2304/depth2/node5/test97_3.mtx 3.3 0 -1 -1 
/home/antonkov/masterWork/tests/samePrefixMarkedMtx2304/depth2/node5/test97_3.mtx 3.4 0 -1 -1 
/home/antonkov/masterWork/tests/samePrefixMarkedMtx2304/depth2/node5/test97_3.mtx 3.5 0 -1 -1 
/home/antonkov/masterWork/tests/samePrefixMarkedMtx2304/depth2/node5/test97_4.mtx 1 476.933 0.0850694 0.93 
/home/antonkov/masterWork/tests/samePrefixMarkedMtx2304/depth2/node5/test97_4.mtx 1.1 466.305 0.0750564 0.85 
/home/antonkov/masterWork/tests/samePrefixMarkedMtx2304/depth2/node5/test97_4.mtx 1.2 464.527 0.0616884 0.74 
/home/antonkov/masterWork/tests/samePrefixMarkedMtx2304/depth2/node5/test97_4.mtx 1.3 437.067 0.0495313 0.63 
/home/antonkov/masterWork/tests/samePrefixMarkedMtx2304/depth2/node5/test97_4.mtx 1.4 426.765 0.0375608 0.52 
/home/antonkov/masterWork/tests/samePrefixMarkedMtx2304/depth2/node5/test97_4.mtx 1.5 514.429 0.0209722 0.295 
/home/antonkov/masterWork/tests/samePrefixMarkedMtx2304/depth2/node5/test97_4.mtx 1.6 669.222 0.0109049 0.1575 
/home/antonkov/masterWork/tests/samePrefixMarkedMtx2304/depth2/node5/test97_4.mtx 1.7 767.501 0.00562355 0.085 
/home/antonkov/masterWork/tests/samePrefixMarkedMtx2304/depth2/node5/test97_4.mtx 1.8 1214.56 0.00222129 0.0364286 
/home/antonkov/masterWork/tests/samePrefixMarkedMtx2304/depth2/node5/test97_4.mtx 1.9 1883.41 0.00112088 0.0178571 
/home/antonkov/masterWork/tests/samePrefixMarkedMtx2304/depth2/node5/test97_4.mtx 2 5455.6 0.00029664 0.0046729 
/home/antonkov/masterWork/tests/samePrefixMarkedMtx2304/depth2/node5/test97_4.mtx 2.1 0 -1 -1 
/home/antonkov/masterWork/tests/samePrefixMarkedMtx2304/depth2/node5/test97_4.mtx 2.2 0 -1 -1 
/home/antonkov/masterWork/tests/samePrefixMarkedMtx2304/depth2/node5/test97_4.mtx 2.3 0 -1 -1 
/home/antonkov/masterWork/tests/samePrefixMarkedMtx2304/depth2/node5/test97_4.mtx 2.4 0 -1 -1 
/home/antonkov/masterWork/tests/samePrefixMarkedMtx2304/depth2/node5/test97_4.mtx 2.5 0 -1 -1 
/home/antonkov/masterWork/tests/samePrefixMarkedMtx2304/depth2/node5/test97_4.mtx 2.6 0 -1 -1 
/home/antonkov/masterWork/tests/samePrefixMarkedMtx2304/depth2/node5/test97_4.mtx 2.7 0 -1 -1 
/home/antonkov/masterWork/tests/samePrefixMarkedMtx2304/depth2/node5/test97_4.mtx 2.8 0 -1 -1 
/home/antonkov/masterWork/tests/samePrefixMarkedMtx2304/depth2/node5/test97_4.mtx 2.9 0 -1 -1 
/home/antonkov/masterWork/tests/samePrefixMarkedMtx2304/depth2/node5/test97_4.mtx 3 0 -1 -1 
/home/antonkov/masterWork/tests/samePrefixMarkedMtx2304/depth2/node5/test97_4.mtx 3.1 0 -1 -1 
/home/antonkov/masterWork/tests/samePrefixMarkedMtx2304/depth2/node5/test97_4.mtx 3.2 0 -1 -1 
/home/antonkov/masterWork/tests/samePrefixMarkedMtx2304/depth2/node5/test97_4.mtx 3.3 0 -1 -1 
/home/antonkov/masterWork/tests/samePrefixMarkedMtx2304/depth2/node5/test97_4.mtx 3.4 0 -1 -1 
/home/antonkov/masterWork/tests/samePrefixMarkedMtx2304/depth2/node5/test97_4.mtx 3.5 0 -1 -1 
/home/antonkov/masterWork/tests/samePrefixMarkedMtx2304/depth2/node5/test98_0.mtx 1 483.33 0.0889323 0.95 
/home/antonkov/masterWork/tests/samePrefixMarkedMtx2304/depth2/node5/test98_0.mtx 1.1 469.87 0.0779948 0.87 
/home/antonkov/masterWork/tests/samePrefixMarkedMtx2304/depth2/node5/test98_0.mtx 1.2 460.899 0.0661502 0.79 
/home/antonkov/masterWork/tests/samePrefixMarkedMtx2304/depth2/node5/test98_0.mtx 1.3 442.778 0.0492405 0.63 
/home/antonkov/masterWork/tests/samePrefixMarkedMtx2304/depth2/node5/test98_0.mtx 1.4 547.508 0.036237 0.47 
/home/antonkov/masterWork/tests/samePrefixMarkedMtx2304/depth2/node5/test98_0.mtx 1.5 515.624 0.0223307 0.305 
/home/antonkov/masterWork/tests/samePrefixMarkedMtx2304/depth2/node5/test98_0.mtx 1.6 660.582 0.0109158 0.155 
/home/antonkov/masterWork/tests/samePrefixMarkedMtx2304/depth2/node5/test98_0.mtx 1.7 849.868 0.00573165 0.0828571 
/home/antonkov/masterWork/tests/samePrefixMarkedMtx2304/depth2/node5/test98_0.mtx 1.8 1028.03 0.00309028 0.0472727 
/home/antonkov/masterWork/tests/samePrefixMarkedMtx2304/depth2/node5/test98_0.mtx 1.9 2126.47 0.000982863 0.016129 
/home/antonkov/masterWork/tests/samePrefixMarkedMtx2304/depth2/node5/test98_0.mtx 2 5336.37 0.00026876 0.00485437 
/home/antonkov/masterWork/tests/samePrefixMarkedMtx2304/depth2/node5/test98_0.mtx 2.1 0 -1 -1 
/home/antonkov/masterWork/tests/samePrefixMarkedMtx2304/depth2/node5/test98_0.mtx 2.2 0 -1 -1 
/home/antonkov/masterWork/tests/samePrefixMarkedMtx2304/depth2/node5/test98_0.mtx 2.3 0 -1 -1 
/home/antonkov/masterWork/tests/samePrefixMarkedMtx2304/depth2/node5/test98_0.mtx 2.4 0 -1 -1 
/home/antonkov/masterWork/tests/samePrefixMarkedMtx2304/depth2/node5/test98_0.mtx 2.5 0 -1 -1 
/home/antonkov/masterWork/tests/samePrefixMarkedMtx2304/depth2/node5/test98_0.mtx 2.6 0 -1 -1 
/home/antonkov/masterWork/tests/samePrefixMarkedMtx2304/depth2/node5/test98_0.mtx 2.7 0 -1 -1 
/home/antonkov/masterWork/tests/samePrefixMarkedMtx2304/depth2/node5/test98_0.mtx 2.8 0 -1 -1 
/home/antonkov/masterWork/tests/samePrefixMarkedMtx2304/depth2/node5/test98_0.mtx 2.9 0 -1 -1 
/home/antonkov/masterWork/tests/samePrefixMarkedMtx2304/depth2/node5/test98_0.mtx 3 0 -1 -1 
/home/antonkov/masterWork/tests/samePrefixMarkedMtx2304/depth2/node5/test98_0.mtx 3.1 0 -1 -1 
/home/antonkov/masterWork/tests/samePrefixMarkedMtx2304/depth2/node5/test98_0.mtx 3.2 0 -1 -1 
/home/antonkov/masterWork/tests/samePrefixMarkedMtx2304/depth2/node5/test98_0.mtx 3.3 0 -1 -1 
/home/antonkov/masterWork/tests/samePrefixMarkedMtx2304/depth2/node5/test98_0.mtx 3.4 0 -1 -1 
/home/antonkov/masterWork/tests/samePrefixMarkedMtx2304/depth2/node5/test98_0.mtx 3.5 0 -1 -1 
/home/antonkov/masterWork/tests/samePrefixMarkedMtx2304/depth2/node5/test98_1.mtx 1 481.922 0.0911285 0.98 
/home/antonkov/masterWork/tests/samePrefixMarkedMtx2304/depth2/node5/test98_1.mtx 1.1 473.832 0.0799913 0.91 
/home/antonkov/masterWork/tests/samePrefixMarkedMtx2304/depth2/node5/test98_1.mtx 1.2 468.74 0.0651997 0.78 
/home/antonkov/masterWork/tests/samePrefixMarkedMtx2304/depth2/node5/test98_1.mtx 1.3 443.707 0.0471962 0.6 
/home/antonkov/masterWork/tests/samePrefixMarkedMtx2304/depth2/node5/test98_1.mtx 1.4 559.996 0.0340864 0.445 
/home/antonkov/masterWork/tests/samePrefixMarkedMtx2304/depth2/node5/test98_1.mtx 1.5 518.871 0.0226259 0.31 
/home/antonkov/masterWork/tests/samePrefixMarkedMtx2304/depth2/node5/test98_1.mtx 1.6 573.807 0.0136314 0.183333 
/home/antonkov/masterWork/tests/samePrefixMarkedMtx2304/depth2/node5/test98_1.mtx 1.7 771.116 0.00629485 0.0883333 
/home/antonkov/masterWork/tests/samePrefixMarkedMtx2304/depth2/node5/test98_1.mtx 1.8 1100.23 0.0030599 0.0416667 
/home/antonkov/masterWork/tests/samePrefixMarkedMtx2304/depth2/node5/test98_1.mtx 1.9 1991.81 0.0011617 0.0175862 
/home/antonkov/masterWork/tests/samePrefixMarkedMtx2304/depth2/node5/test98_1.mtx 2 4733.83 0.000342214 0.00549451 
/home/antonkov/masterWork/tests/samePrefixMarkedMtx2304/depth2/node5/test98_1.mtx 2.1 0 -1 -1 
/home/antonkov/masterWork/tests/samePrefixMarkedMtx2304/depth2/node5/test98_1.mtx 2.2 0 -1 -1 
/home/antonkov/masterWork/tests/samePrefixMarkedMtx2304/depth2/node5/test98_1.mtx 2.3 0 -1 -1 
/home/antonkov/masterWork/tests/samePrefixMarkedMtx2304/depth2/node5/test98_1.mtx 2.4 0 -1 -1 
/home/antonkov/masterWork/tests/samePrefixMarkedMtx2304/depth2/node5/test98_1.mtx 2.5 0 -1 -1 
/home/antonkov/masterWork/tests/samePrefixMarkedMtx2304/depth2/node5/test98_1.mtx 2.6 0 -1 -1 
/home/antonkov/masterWork/tests/samePrefixMarkedMtx2304/depth2/node5/test98_1.mtx 2.7 0 -1 -1 
/home/antonkov/masterWork/tests/samePrefixMarkedMtx2304/depth2/node5/test98_1.mtx 2.8 0 -1 -1 
/home/antonkov/masterWork/tests/samePrefixMarkedMtx2304/depth2/node5/test98_1.mtx 2.9 0 -1 -1 
/home/antonkov/masterWork/tests/samePrefixMarkedMtx2304/depth2/node5/test98_1.mtx 3 0 -1 -1 
/home/antonkov/masterWork/tests/samePrefixMarkedMtx2304/depth2/node5/test98_1.mtx 3.1 0 -1 -1 
/home/antonkov/masterWork/tests/samePrefixMarkedMtx2304/depth2/node5/test98_1.mtx 3.2 0 -1 -1 
/home/antonkov/masterWork/tests/samePrefixMarkedMtx2304/depth2/node5/test98_1.mtx 3.3 0 -1 -1 
/home/antonkov/masterWork/tests/samePrefixMarkedMtx2304/depth2/node5/test98_1.mtx 3.4 0 -1 -1 
/home/antonkov/masterWork/tests/samePrefixMarkedMtx2304/depth2/node5/test98_1.mtx 3.5 0 -1 -1 
/home/antonkov/masterWork/tests/samePrefixMarkedMtx2304/depth2/node5/test98_2.mtx 1 479.412 0.0880208 0.95 
/home/antonkov/masterWork/tests/samePrefixMarkedMtx2304/depth2/node5/test98_2.mtx 1.1 474.085 0.0729601 0.82 
/home/antonkov/masterWork/tests/samePrefixMarkedMtx2304/depth2/node5/test98_2.mtx 1.2 462.649 0.0607986 0.73 
/home/antonkov/masterWork/tests/samePrefixMarkedMtx2304/depth2/node5/test98_2.mtx 1.3 431.948 0.045408 0.56 
/home/antonkov/masterWork/tests/samePrefixMarkedMtx2304/depth2/node5/test98_2.mtx 1.4 560.661 0.0365647 0.49 
/home/antonkov/masterWork/tests/samePrefixMarkedMtx2304/depth2/node5/test98_2.mtx 1.5 515.962 0.0219379 0.295 
/home/antonkov/masterWork/tests/samePrefixMarkedMtx2304/depth2/node5/test98_2.mtx 1.6 580.207 0.0132335 0.186667 
/home/antonkov/masterWork/tests/samePrefixMarkedMtx2304/depth2/node5/test98_2.mtx 1.7 715.229 0.00721007 0.1 
/home/antonkov/masterWork/tests/samePrefixMarkedMtx2304/depth2/node5/test98_2.mtx 1.8 1196.16 0.00244692 0.0392308 
/home/antonkov/masterWork/tests/samePrefixMarkedMtx2304/depth2/node5/test98_2.mtx 1.9 2523.59 0.000849915 0.0133333 
/home/antonkov/masterWork/tests/samePrefixMarkedMtx2304/depth2/node5/test98_2.mtx 2 5172.61 0.00028948 0.00490196 
/home/antonkov/masterWork/tests/samePrefixMarkedMtx2304/depth2/node5/test98_2.mtx 2.1 0 -1 -1 
/home/antonkov/masterWork/tests/samePrefixMarkedMtx2304/depth2/node5/test98_2.mtx 2.2 0 -1 -1 
/home/antonkov/masterWork/tests/samePrefixMarkedMtx2304/depth2/node5/test98_2.mtx 2.3 0 -1 -1 
/home/antonkov/masterWork/tests/samePrefixMarkedMtx2304/depth2/node5/test98_2.mtx 2.4 0 -1 -1 
/home/antonkov/masterWork/tests/samePrefixMarkedMtx2304/depth2/node5/test98_2.mtx 2.5 0 -1 -1 
/home/antonkov/masterWork/tests/samePrefixMarkedMtx2304/depth2/node5/test98_2.mtx 2.6 0 -1 -1 
/home/antonkov/masterWork/tests/samePrefixMarkedMtx2304/depth2/node5/test98_2.mtx 2.7 0 -1 -1 
/home/antonkov/masterWork/tests/samePrefixMarkedMtx2304/depth2/node5/test98_2.mtx 2.8 0 -1 -1 
/home/antonkov/masterWork/tests/samePrefixMarkedMtx2304/depth2/node5/test98_2.mtx 2.9 0 -1 -1 
/home/antonkov/masterWork/tests/samePrefixMarkedMtx2304/depth2/node5/test98_2.mtx 3 0 -1 -1 
/home/antonkov/masterWork/tests/samePrefixMarkedMtx2304/depth2/node5/test98_2.mtx 3.1 0 -1 -1 
/home/antonkov/masterWork/tests/samePrefixMarkedMtx2304/depth2/node5/test98_2.mtx 3.2 0 -1 -1 
/home/antonkov/masterWork/tests/samePrefixMarkedMtx2304/depth2/node5/test98_2.mtx 3.3 0 -1 -1 
/home/antonkov/masterWork/tests/samePrefixMarkedMtx2304/depth2/node5/test98_2.mtx 3.4 0 -1 -1 
/home/antonkov/masterWork/tests/samePrefixMarkedMtx2304/depth2/node5/test98_2.mtx 3.5 0 -1 -1 
/home/antonkov/masterWork/tests/samePrefixMarkedMtx2304/depth2/node5/test98_3.mtx 1 481.608 0.0860764 0.92 
/home/antonkov/masterWork/tests/samePrefixMarkedMtx2304/depth2/node5/test98_3.mtx 1.1 464.137 0.0757943 0.87 
/home/antonkov/masterWork/tests/samePrefixMarkedMtx2304/depth2/node5/test98_3.mtx 1.2 465.959 0.0625694 0.77 
/home/antonkov/masterWork/tests/samePrefixMarkedMtx2304/depth2/node5/test98_3.mtx 1.3 446.969 0.0454774 0.61 
/home/antonkov/masterWork/tests/samePrefixMarkedMtx2304/depth2/node5/test98_3.mtx 1.4 552.153 0.0321354 0.415 
/home/antonkov/masterWork/tests/samePrefixMarkedMtx2304/depth2/node5/test98_3.mtx 1.5 514.031 0.0231467 0.315 
/home/antonkov/masterWork/tests/samePrefixMarkedMtx2304/depth2/node5/test98_3.mtx 1.6 575.343 0.0123741 0.183333 
/home/antonkov/masterWork/tests/samePrefixMarkedMtx2304/depth2/node5/test98_3.mtx 1.7 772.426 0.00604962 0.0916667 
/home/antonkov/masterWork/tests/samePrefixMarkedMtx2304/depth2/node5/test98_3.mtx 1.8 1161.21 0.00270833 0.04 
/home/antonkov/masterWork/tests/samePrefixMarkedMtx2304/depth2/node5/test98_3.mtx 1.9 1965.29 0.00105828 0.0172414 
/home/antonkov/masterWork/tests/samePrefixMarkedMtx2304/depth2/node5/test98_3.mtx 2 4899.87 0.000336325 0.00542553 
/home/antonkov/masterWork/tests/samePrefixMarkedMtx2304/depth2/node5/test98_3.mtx 2.1 0 -1 -1 
/home/antonkov/masterWork/tests/samePrefixMarkedMtx2304/depth2/node5/test98_3.mtx 2.2 0 -1 -1 
/home/antonkov/masterWork/tests/samePrefixMarkedMtx2304/depth2/node5/test98_3.mtx 2.3 0 -1 -1 
/home/antonkov/masterWork/tests/samePrefixMarkedMtx2304/depth2/node5/test98_3.mtx 2.4 0 -1 -1 
/home/antonkov/masterWork/tests/samePrefixMarkedMtx2304/depth2/node5/test98_3.mtx 2.5 0 -1 -1 
/home/antonkov/masterWork/tests/samePrefixMarkedMtx2304/depth2/node5/test98_3.mtx 2.6 0 -1 -1 
/home/antonkov/masterWork/tests/samePrefixMarkedMtx2304/depth2/node5/test98_3.mtx 2.7 0 -1 -1 
/home/antonkov/masterWork/tests/samePrefixMarkedMtx2304/depth2/node5/test98_3.mtx 2.8 0 -1 -1 
/home/antonkov/masterWork/tests/samePrefixMarkedMtx2304/depth2/node5/test98_3.mtx 2.9 0 -1 -1 
/home/antonkov/masterWork/tests/samePrefixMarkedMtx2304/depth2/node5/test98_3.mtx 3 0 -1 -1 
/home/antonkov/masterWork/tests/samePrefixMarkedMtx2304/depth2/node5/test98_3.mtx 3.1 0 -1 -1 
/home/antonkov/masterWork/tests/samePrefixMarkedMtx2304/depth2/node5/test98_3.mtx 3.2 0 -1 -1 
/home/antonkov/masterWork/tests/samePrefixMarkedMtx2304/depth2/node5/test98_3.mtx 3.3 0 -1 -1 
/home/antonkov/masterWork/tests/samePrefixMarkedMtx2304/depth2/node5/test98_3.mtx 3.4 0 -1 -1 
/home/antonkov/masterWork/tests/samePrefixMarkedMtx2304/depth2/node5/test98_3.mtx 3.5 0 -1 -1 
/home/antonkov/masterWork/tests/samePrefixMarkedMtx2304/depth2/node5/test98_4.mtx 1 475.695 0.0870443 0.94 
/home/antonkov/masterWork/tests/samePrefixMarkedMtx2304/depth2/node5/test98_4.mtx 1.1 467.765 0.0728082 0.83 
/home/antonkov/masterWork/tests/samePrefixMarkedMtx2304/depth2/node5/test98_4.mtx 1.2 456.805 0.0591927 0.71 
/home/antonkov/masterWork/tests/samePrefixMarkedMtx2304/depth2/node5/test98_4.mtx 1.3 434.935 0.0434505 0.53 
/home/antonkov/masterWork/tests/samePrefixMarkedMtx2304/depth2/node5/test98_4.mtx 1.4 548.128 0.0351454 0.45 
/home/antonkov/masterWork/tests/samePrefixMarkedMtx2304/depth2/node5/test98_4.mtx 1.5 521.803 0.0218359 0.295 
/home/antonkov/masterWork/tests/samePrefixMarkedMtx2304/depth2/node5/test98_4.mtx 1.6 574.571 0.012147 0.166667 
/home/antonkov/masterWork/tests/samePrefixMarkedMtx2304/depth2/node5/test98_4.mtx 1.7 771.55 0.00593967 0.0866667 
/home/antonkov/masterWork/tests/samePrefixMarkedMtx2304/depth2/node5/test98_4.mtx 1.8 1161.49 0.00254975 0.04 
/home/antonkov/masterWork/tests/samePrefixMarkedMtx2304/depth2/node5/test98_4.mtx 1.9 2312.97 0.00097235 0.015 
/home/antonkov/masterWork/tests/samePrefixMarkedMtx2304/depth2/node5/test98_4.mtx 2 4909.38 0.000324447 0.00537634 
/home/antonkov/masterWork/tests/samePrefixMarkedMtx2304/depth2/node5/test98_4.mtx 2.1 0 -1 -1 
/home/antonkov/masterWork/tests/samePrefixMarkedMtx2304/depth2/node5/test98_4.mtx 2.2 0 -1 -1 
/home/antonkov/masterWork/tests/samePrefixMarkedMtx2304/depth2/node5/test98_4.mtx 2.3 0 -1 -1 
/home/antonkov/masterWork/tests/samePrefixMarkedMtx2304/depth2/node5/test98_4.mtx 2.4 0 -1 -1 
/home/antonkov/masterWork/tests/samePrefixMarkedMtx2304/depth2/node5/test98_4.mtx 2.5 0 -1 -1 
/home/antonkov/masterWork/tests/samePrefixMarkedMtx2304/depth2/node5/test98_4.mtx 2.6 0 -1 -1 
/home/antonkov/masterWork/tests/samePrefixMarkedMtx2304/depth2/node5/test98_4.mtx 2.7 0 -1 -1 
/home/antonkov/masterWork/tests/samePrefixMarkedMtx2304/depth2/node5/test98_4.mtx 2.8 0 -1 -1 
/home/antonkov/masterWork/tests/samePrefixMarkedMtx2304/depth2/node5/test98_4.mtx 2.9 0 -1 -1 
/home/antonkov/masterWork/tests/samePrefixMarkedMtx2304/depth2/node5/test98_4.mtx 3 0 -1 -1 
/home/antonkov/masterWork/tests/samePrefixMarkedMtx2304/depth2/node5/test98_4.mtx 3.1 0 -1 -1 
/home/antonkov/masterWork/tests/samePrefixMarkedMtx2304/depth2/node5/test98_4.mtx 3.2 0 -1 -1 
/home/antonkov/masterWork/tests/samePrefixMarkedMtx2304/depth2/node5/test98_4.mtx 3.3 0 -1 -1 
/home/antonkov/masterWork/tests/samePrefixMarkedMtx2304/depth2/node5/test98_4.mtx 3.4 0 -1 -1 
/home/antonkov/masterWork/tests/samePrefixMarkedMtx2304/depth2/node5/test98_4.mtx 3.5 0 -1 -1 
/home/antonkov/masterWork/tests/samePrefixMarkedMtx2304/depth2/node5/test99_0.mtx 1 417.479 0.0888889 0.95 
/home/antonkov/masterWork/tests/samePrefixMarkedMtx2304/depth2/node5/test99_0.mtx 1.1 418.256 0.0799826 0.9 
/home/antonkov/masterWork/tests/samePrefixMarkedMtx2304/depth2/node5/test99_0.mtx 1.2 413.207 0.0682769 0.81 
/home/antonkov/masterWork/tests/samePrefixMarkedMtx2304/depth2/node5/test99_0.mtx 1.3 402.033 0.0552517 0.69 
/home/antonkov/masterWork/tests/samePrefixMarkedMtx2304/depth2/node5/test99_0.mtx 1.4 499.864 0.0337131 0.445 
/home/antonkov/masterWork/tests/samePrefixMarkedMtx2304/depth2/node5/test99_0.mtx 1.5 468.729 0.0217817 0.3 
/home/antonkov/masterWork/tests/samePrefixMarkedMtx2304/depth2/node5/test99_0.mtx 1.6 541.866 0.0128458 0.176667 
/home/antonkov/masterWork/tests/samePrefixMarkedMtx2304/depth2/node5/test99_0.mtx 1.7 711.525 0.00623119 0.0883333 
/home/antonkov/masterWork/tests/samePrefixMarkedMtx2304/depth2/node5/test99_0.mtx 1.8 1122.58 0.00269631 0.0430769 
/home/antonkov/masterWork/tests/samePrefixMarkedMtx2304/depth2/node5/test99_0.mtx 1.9 2076.55 0.000973985 0.0159375 
/home/antonkov/masterWork/tests/samePrefixMarkedMtx2304/depth2/node5/test99_0.mtx 2 5527.29 0.00027499 0.00458716 
/home/antonkov/masterWork/tests/samePrefixMarkedMtx2304/depth2/node5/test99_0.mtx 2.1 0 -1 -1 
/home/antonkov/masterWork/tests/samePrefixMarkedMtx2304/depth2/node5/test99_0.mtx 2.2 0 -1 -1 
/home/antonkov/masterWork/tests/samePrefixMarkedMtx2304/depth2/node5/test99_0.mtx 2.3 0 -1 -1 
/home/antonkov/masterWork/tests/samePrefixMarkedMtx2304/depth2/node5/test99_0.mtx 2.4 0 -1 -1 
/home/antonkov/masterWork/tests/samePrefixMarkedMtx2304/depth2/node5/test99_0.mtx 2.5 0 -1 -1 
/home/antonkov/masterWork/tests/samePrefixMarkedMtx2304/depth2/node5/test99_0.mtx 2.6 0 -1 -1 
/home/antonkov/masterWork/tests/samePrefixMarkedMtx2304/depth2/node5/test99_0.mtx 2.7 0 -1 -1 
/home/antonkov/masterWork/tests/samePrefixMarkedMtx2304/depth2/node5/test99_0.mtx 2.8 0 -1 -1 
/home/antonkov/masterWork/tests/samePrefixMarkedMtx2304/depth2/node5/test99_0.mtx 2.9 0 -1 -1 
/home/antonkov/masterWork/tests/samePrefixMarkedMtx2304/depth2/node5/test99_0.mtx 3 0 -1 -1 
/home/antonkov/masterWork/tests/samePrefixMarkedMtx2304/depth2/node5/test99_0.mtx 3.1 0 -1 -1 
/home/antonkov/masterWork/tests/samePrefixMarkedMtx2304/depth2/node5/test99_0.mtx 3.2 0 -1 -1 
/home/antonkov/masterWork/tests/samePrefixMarkedMtx2304/depth2/node5/test99_0.mtx 3.3 0 -1 -1 
/home/antonkov/masterWork/tests/samePrefixMarkedMtx2304/depth2/node5/test99_0.mtx 3.4 0 -1 -1 
/home/antonkov/masterWork/tests/samePrefixMarkedMtx2304/depth2/node5/test99_0.mtx 3.5 0 -1 -1 
/home/antonkov/masterWork/tests/samePrefixMarkedMtx2304/depth2/node5/test99_1.mtx 1 418.139 0.0843273 0.91 
/home/antonkov/masterWork/tests/samePrefixMarkedMtx2304/depth2/node5/test99_1.mtx 1.1 417.005 0.073737 0.85 
/home/antonkov/masterWork/tests/samePrefixMarkedMtx2304/depth2/node5/test99_1.mtx 1.2 404.58 0.0612977 0.74 
/home/antonkov/masterWork/tests/samePrefixMarkedMtx2304/depth2/node5/test99_1.mtx 1.3 382.725 0.0443663 0.57 
/home/antonkov/masterWork/tests/samePrefixMarkedMtx2304/depth2/node5/test99_1.mtx 1.4 497.128 0.0321875 0.425 
/home/antonkov/masterWork/tests/samePrefixMarkedMtx2304/depth2/node5/test99_1.mtx 1.5 469.694 0.0210395 0.28 
/home/antonkov/masterWork/tests/samePrefixMarkedMtx2304/depth2/node5/test99_1.mtx 1.6 624.034 0.0107357 0.15 
/home/antonkov/masterWork/tests/samePrefixMarkedMtx2304/depth2/node5/test99_1.mtx 1.7 779.675 0.00553013 0.08 
/home/antonkov/masterWork/tests/samePrefixMarkedMtx2304/depth2/node5/test99_1.mtx 1.8 1111.06 0.00254841 0.0384615 
/home/antonkov/masterWork/tests/samePrefixMarkedMtx2304/depth2/node5/test99_1.mtx 1.9 2258.62 0.000930025 0.0141667 
/home/antonkov/masterWork/tests/samePrefixMarkedMtx2304/depth2/node5/test99_1.mtx 2 4988.45 0.000294306 0.00505051 
/home/antonkov/masterWork/tests/samePrefixMarkedMtx2304/depth2/node5/test99_1.mtx 2.1 0 -1 -1 
/home/antonkov/masterWork/tests/samePrefixMarkedMtx2304/depth2/node5/test99_1.mtx 2.2 0 -1 -1 
/home/antonkov/masterWork/tests/samePrefixMarkedMtx2304/depth2/node5/test99_1.mtx 2.3 0 -1 -1 
/home/antonkov/masterWork/tests/samePrefixMarkedMtx2304/depth2/node5/test99_1.mtx 2.4 0 -1 -1 
/home/antonkov/masterWork/tests/samePrefixMarkedMtx2304/depth2/node5/test99_1.mtx 2.5 0 -1 -1 
/home/antonkov/masterWork/tests/samePrefixMarkedMtx2304/depth2/node5/test99_1.mtx 2.6 0 -1 -1 
/home/antonkov/masterWork/tests/samePrefixMarkedMtx2304/depth2/node5/test99_1.mtx 2.7 0 -1 -1 
/home/antonkov/masterWork/tests/samePrefixMarkedMtx2304/depth2/node5/test99_1.mtx 2.8 0 -1 -1 
/home/antonkov/masterWork/tests/samePrefixMarkedMtx2304/depth2/node5/test99_1.mtx 2.9 0 -1 -1 
/home/antonkov/masterWork/tests/samePrefixMarkedMtx2304/depth2/node5/test99_1.mtx 3 0 -1 -1 
/home/antonkov/masterWork/tests/samePrefixMarkedMtx2304/depth2/node5/test99_1.mtx 3.1 0 -1 -1 
/home/antonkov/masterWork/tests/samePrefixMarkedMtx2304/depth2/node5/test99_1.mtx 3.2 0 -1 -1 
/home/antonkov/masterWork/tests/samePrefixMarkedMtx2304/depth2/node5/test99_1.mtx 3.3 0 -1 -1 
/home/antonkov/masterWork/tests/samePrefixMarkedMtx2304/depth2/node5/test99_1.mtx 3.4 0 -1 -1 
/home/antonkov/masterWork/tests/samePrefixMarkedMtx2304/depth2/node5/test99_1.mtx 3.5 0 -1 -1 
/home/antonkov/masterWork/tests/samePrefixMarkedMtx2304/depth2/node5/test99_2.mtx 1 415.927 0.0858898 0.94 
/home/antonkov/masterWork/tests/samePrefixMarkedMtx2304/depth2/node5/test99_2.mtx 1.1 418.807 0.0757031 0.87 
/home/antonkov/masterWork/tests/samePrefixMarkedMtx2304/depth2/node5/test99_2.mtx 1.2 412.991 0.0617144 0.76 
/home/antonkov/masterWork/tests/samePrefixMarkedMtx2304/depth2/node5/test99_2.mtx 1.3 384.521 0.0451432 0.58 
/home/antonkov/masterWork/tests/samePrefixMarkedMtx2304/depth2/node5/test99_2.mtx 1.4 490.18 0.0323763 0.42 
/home/antonkov/masterWork/tests/samePrefixMarkedMtx2304/depth2/node5/test99_2.mtx 1.5 455.025 0.0215061 0.29 
/home/antonkov/masterWork/tests/samePrefixMarkedMtx2304/depth2/node5/test99_2.mtx 1.6 526.842 0.0130194 0.176667 
/home/antonkov/masterWork/tests/samePrefixMarkedMtx2304/depth2/node5/test99_2.mtx 1.7 859.381 0.00471517 0.07375 
/home/antonkov/masterWork/tests/samePrefixMarkedMtx2304/depth2/node5/test99_2.mtx 1.8 1279.37 0.00214572 0.0325 
/home/antonkov/masterWork/tests/samePrefixMarkedMtx2304/depth2/node5/test99_2.mtx 1.9 1994.84 0.000979682 0.015625 
/home/antonkov/masterWork/tests/samePrefixMarkedMtx2304/depth2/node5/test99_2.mtx 2 4548.07 0.000339782 0.0056044 
/home/antonkov/masterWork/tests/samePrefixMarkedMtx2304/depth2/node5/test99_2.mtx 2.1 0 -1 -1 
/home/antonkov/masterWork/tests/samePrefixMarkedMtx2304/depth2/node5/test99_2.mtx 2.2 0 -1 -1 
/home/antonkov/masterWork/tests/samePrefixMarkedMtx2304/depth2/node5/test99_2.mtx 2.3 0 -1 -1 
/home/antonkov/masterWork/tests/samePrefixMarkedMtx2304/depth2/node5/test99_2.mtx 2.4 0 -1 -1 
/home/antonkov/masterWork/tests/samePrefixMarkedMtx2304/depth2/node5/test99_2.mtx 2.5 0 -1 -1 
/home/antonkov/masterWork/tests/samePrefixMarkedMtx2304/depth2/node5/test99_2.mtx 2.6 0 -1 -1 
/home/antonkov/masterWork/tests/samePrefixMarkedMtx2304/depth2/node5/test99_2.mtx 2.7 0 -1 -1 
/home/antonkov/masterWork/tests/samePrefixMarkedMtx2304/depth2/node5/test99_2.mtx 2.8 0 -1 -1 
/home/antonkov/masterWork/tests/samePrefixMarkedMtx2304/depth2/node5/test99_2.mtx 2.9 0 -1 -1 
/home/antonkov/masterWork/tests/samePrefixMarkedMtx2304/depth2/node5/test99_2.mtx 3 0 -1 -1 
/home/antonkov/masterWork/tests/samePrefixMarkedMtx2304/depth2/node5/test99_2.mtx 3.1 0 -1 -1 
/home/antonkov/masterWork/tests/samePrefixMarkedMtx2304/depth2/node5/test99_2.mtx 3.2 0 -1 -1 
/home/antonkov/masterWork/tests/samePrefixMarkedMtx2304/depth2/node5/test99_2.mtx 3.3 0 -1 -1 
/home/antonkov/masterWork/tests/samePrefixMarkedMtx2304/depth2/node5/test99_2.mtx 3.4 0 -1 -1 
/home/antonkov/masterWork/tests/samePrefixMarkedMtx2304/depth2/node5/test99_2.mtx 3.5 0 -1 -1 
/home/antonkov/masterWork/tests/samePrefixMarkedMtx2304/depth2/node5/test99_3.mtx 1 416.085 0.0856944 0.93 
/home/antonkov/masterWork/tests/samePrefixMarkedMtx2304/depth2/node5/test99_3.mtx 1.1 418.698 0.0742491 0.85 
/home/antonkov/masterWork/tests/samePrefixMarkedMtx2304/depth2/node5/test99_3.mtx 1.2 400.065 0.0605382 0.72 
/home/antonkov/masterWork/tests/samePrefixMarkedMtx2304/depth2/node5/test99_3.mtx 1.3 384.177 0.0492752 0.65 
/home/antonkov/masterWork/tests/samePrefixMarkedMtx2304/depth2/node5/test99_3.mtx 1.4 510.928 0.033546 0.47 
/home/antonkov/masterWork/tests/samePrefixMarkedMtx2304/depth2/node5/test99_3.mtx 1.5 463.074 0.0178451 0.255 
/home/antonkov/masterWork/tests/samePrefixMarkedMtx2304/depth2/node5/test99_3.mtx 1.6 617.81 0.00918837 0.1325 
/home/antonkov/masterWork/tests/samePrefixMarkedMtx2304/depth2/node5/test99_3.mtx 1.7 859.558 0.00453505 0.065 
/home/antonkov/masterWork/tests/samePrefixMarkedMtx2304/depth2/node5/test99_3.mtx 1.8 1252.23 0.00231453 0.0333333 
/home/antonkov/masterWork/tests/samePrefixMarkedMtx2304/depth2/node5/test99_3.mtx 1.9 1877.13 0.00106554 0.0178571 
/home/antonkov/masterWork/tests/samePrefixMarkedMtx2304/depth2/node5/test99_3.mtx 2 4535.83 0.000330848 0.00568182 
/home/antonkov/masterWork/tests/samePrefixMarkedMtx2304/depth2/node5/test99_3.mtx 2.1 0 -1 -1 
/home/antonkov/masterWork/tests/samePrefixMarkedMtx2304/depth2/node5/test99_3.mtx 2.2 0 -1 -1 
/home/antonkov/masterWork/tests/samePrefixMarkedMtx2304/depth2/node5/test99_3.mtx 2.3 0 -1 -1 
/home/antonkov/masterWork/tests/samePrefixMarkedMtx2304/depth2/node5/test99_3.mtx 2.4 0 -1 -1 
/home/antonkov/masterWork/tests/samePrefixMarkedMtx2304/depth2/node5/test99_3.mtx 2.5 0 -1 -1 
/home/antonkov/masterWork/tests/samePrefixMarkedMtx2304/depth2/node5/test99_3.mtx 2.6 0 -1 -1 
/home/antonkov/masterWork/tests/samePrefixMarkedMtx2304/depth2/node5/test99_3.mtx 2.7 0 -1 -1 
/home/antonkov/masterWork/tests/samePrefixMarkedMtx2304/depth2/node5/test99_3.mtx 2.8 0 -1 -1 
/home/antonkov/masterWork/tests/samePrefixMarkedMtx2304/depth2/node5/test99_3.mtx 2.9 0 -1 -1 
/home/antonkov/masterWork/tests/samePrefixMarkedMtx2304/depth2/node5/test99_3.mtx 3 0 -1 -1 
/home/antonkov/masterWork/tests/samePrefixMarkedMtx2304/depth2/node5/test99_3.mtx 3.1 0 -1 -1 
/home/antonkov/masterWork/tests/samePrefixMarkedMtx2304/depth2/node5/test99_3.mtx 3.2 0 -1 -1 
/home/antonkov/masterWork/tests/samePrefixMarkedMtx2304/depth2/node5/test99_3.mtx 3.3 0 -1 -1 
/home/antonkov/masterWork/tests/samePrefixMarkedMtx2304/depth2/node5/test99_3.mtx 3.4 0 -1 -1 
/home/antonkov/masterWork/tests/samePrefixMarkedMtx2304/depth2/node5/test99_3.mtx 3.5 0 -1 -1 
/home/antonkov/masterWork/tests/samePrefixMarkedMtx2304/depth2/node5/test99_4.mtx 1 426.728 0.088559 0.96 
/home/antonkov/masterWork/tests/samePrefixMarkedMtx2304/depth2/node5/test99_4.mtx 1.1 418.104 0.0781901 0.91 
/home/antonkov/masterWork/tests/samePrefixMarkedMtx2304/depth2/node5/test99_4.mtx 1.2 413.934 0.0674262 0.83 
/home/antonkov/masterWork/tests/samePrefixMarkedMtx2304/depth2/node5/test99_4.mtx 1.3 399.363 0.0499436 0.64 
/home/antonkov/masterWork/tests/samePrefixMarkedMtx2304/depth2/node5/test99_4.mtx 1.4 504.234 0.0328407 0.45 
/home/antonkov/masterWork/tests/samePrefixMarkedMtx2304/depth2/node5/test99_4.mtx 1.5 466.988 0.020434 0.3 
/home/antonkov/masterWork/tests/samePrefixMarkedMtx2304/depth2/node5/test99_4.mtx 1.6 609.356 0.0101367 0.1425 
/home/antonkov/masterWork/tests/samePrefixMarkedMtx2304/depth2/node5/test99_4.mtx 1.7 711.256 0.00614945 0.0883333 
/home/antonkov/masterWork/tests/samePrefixMarkedMtx2304/depth2/node5/test99_4.mtx 1.8 1131.93 0.00253472 0.0384615 
/home/antonkov/masterWork/tests/samePrefixMarkedMtx2304/depth2/node5/test99_4.mtx 1.9 2104.81 0.00104243 0.0155882 
/home/antonkov/masterWork/tests/samePrefixMarkedMtx2304/depth2/node5/test99_4.mtx 2 5189.27 0.000295264 0.00480769 
/home/antonkov/masterWork/tests/samePrefixMarkedMtx2304/depth2/node5/test99_4.mtx 2.1 0 -1 -1 
/home/antonkov/masterWork/tests/samePrefixMarkedMtx2304/depth2/node5/test99_4.mtx 2.2 0 -1 -1 
/home/antonkov/masterWork/tests/samePrefixMarkedMtx2304/depth2/node5/test99_4.mtx 2.3 0 -1 -1 
/home/antonkov/masterWork/tests/samePrefixMarkedMtx2304/depth2/node5/test99_4.mtx 2.4 0 -1 -1 
/home/antonkov/masterWork/tests/samePrefixMarkedMtx2304/depth2/node5/test99_4.mtx 2.5 0 -1 -1 
/home/antonkov/masterWork/tests/samePrefixMarkedMtx2304/depth2/node5/test99_4.mtx 2.6 0 -1 -1 
/home/antonkov/masterWork/tests/samePrefixMarkedMtx2304/depth2/node5/test99_4.mtx 2.7 0 -1 -1 
/home/antonkov/masterWork/tests/samePrefixMarkedMtx2304/depth2/node5/test99_4.mtx 2.8 0 -1 -1 
/home/antonkov/masterWork/tests/samePrefixMarkedMtx2304/depth2/node5/test99_4.mtx 2.9 0 -1 -1 
/home/antonkov/masterWork/tests/samePrefixMarkedMtx2304/depth2/node5/test99_4.mtx 3 0 -1 -1 
/home/antonkov/masterWork/tests/samePrefixMarkedMtx2304/depth2/node5/test99_4.mtx 3.1 0 -1 -1 
/home/antonkov/masterWork/tests/samePrefixMarkedMtx2304/depth2/node5/test99_4.mtx 3.2 0 -1 -1 
/home/antonkov/masterWork/tests/samePrefixMarkedMtx2304/depth2/node5/test99_4.mtx 3.3 0 -1 -1 
/home/antonkov/masterWork/tests/samePrefixMarkedMtx2304/depth2/node5/test99_4.mtx 3.4 0 -1 -1 
/home/antonkov/masterWork/tests/samePrefixMarkedMtx2304/depth2/node5/test99_4.mtx 3.5 0 -1 -1 
