Results
Filename SNR Time(ms) BER FER
/home/antonkov/masterWork/tests/samePrefixMarkedMtx/depth2/node6/test0_0.mtx 1 136.628 0.0833073 0.845 
/home/antonkov/masterWork/tests/samePrefixMarkedMtx/depth2/node6/test0_0.mtx 1.1 116.962 0.0752344 0.775 
/home/antonkov/masterWork/tests/samePrefixMarkedMtx/depth2/node6/test0_0.mtx 1.2 112.446 0.0644792 0.695 
/home/antonkov/masterWork/tests/samePrefixMarkedMtx/depth2/node6/test0_0.mtx 1.3 97.3517 0.0559028 0.605 
/home/antonkov/masterWork/tests/samePrefixMarkedMtx/depth2/node6/test0_0.mtx 1.4 94.4588 0.0457031 0.505 
/home/antonkov/masterWork/tests/samePrefixMarkedMtx/depth2/node6/test0_0.mtx 1.5 115.951 0.038125 0.426667 
/home/antonkov/masterWork/tests/samePrefixMarkedMtx/depth2/node6/test0_0.mtx 1.6 105.13 0.0293519 0.336667 
/home/antonkov/masterWork/tests/samePrefixMarkedMtx/depth2/node6/test0_0.mtx 1.7 119.638 0.0222786 0.2525 
/home/antonkov/masterWork/tests/samePrefixMarkedMtx/depth2/node6/test0_0.mtx 1.8 138.083 0.0176111 0.212 
/home/antonkov/masterWork/tests/samePrefixMarkedMtx/depth2/node6/test0_0.mtx 1.9 146.205 0.0139554 0.175 
/home/antonkov/masterWork/tests/samePrefixMarkedMtx/depth2/node6/test0_0.mtx 2 184.853 0.00890818 0.112222 
/home/antonkov/masterWork/tests/samePrefixMarkedMtx/depth2/node6/test0_0.mtx 2.1 254.898 0.0059189 0.0778571 
/home/antonkov/masterWork/tests/samePrefixMarkedMtx/depth2/node6/test0_0.mtx 2.2 315.352 0.00400585 0.0542105 
/home/antonkov/masterWork/tests/samePrefixMarkedMtx/depth2/node6/test0_0.mtx 2.3 429.181 0.00260955 0.0351724 
/home/antonkov/masterWork/tests/samePrefixMarkedMtx/depth2/node6/test0_0.mtx 2.4 549.423 0.00166997 0.0238095 
/home/antonkov/masterWork/tests/samePrefixMarkedMtx/depth2/node6/test0_0.mtx 2.5 855.455 0.000923972 0.0131169 
/home/antonkov/masterWork/tests/samePrefixMarkedMtx/depth2/node6/test0_0.mtx 2.6 1313.41 0.000558166 0.0075188 
/home/antonkov/masterWork/tests/samePrefixMarkedMtx/depth2/node6/test0_0.mtx 2.7 1860.29 0.000300549 0.00465116 
/home/antonkov/masterWork/tests/samePrefixMarkedMtx/depth2/node6/test0_0.mtx 2.8 3394.57 0.000151312 0.00224444 
/home/antonkov/masterWork/tests/samePrefixMarkedMtx/depth2/node6/test0_0.mtx 2.9 5077.96 8.06408e-05 0.00131854 
/home/antonkov/masterWork/tests/samePrefixMarkedMtx/depth2/node6/test0_0.mtx 3 9952.17 3.70799e-05 0.000587889 
/home/antonkov/masterWork/tests/samePrefixMarkedMtx/depth2/node6/test0_0.mtx 3.1 0 -1 -1 
/home/antonkov/masterWork/tests/samePrefixMarkedMtx/depth2/node6/test0_0.mtx 3.2 0 -1 -1 
/home/antonkov/masterWork/tests/samePrefixMarkedMtx/depth2/node6/test0_0.mtx 3.3 0 -1 -1 
/home/antonkov/masterWork/tests/samePrefixMarkedMtx/depth2/node6/test0_0.mtx 3.4 0 -1 -1 
/home/antonkov/masterWork/tests/samePrefixMarkedMtx/depth2/node6/test0_0.mtx 3.5 0 -1 -1 
/home/antonkov/masterWork/tests/samePrefixMarkedMtx/depth2/node6/test0_1.mtx 1 119.184 0.0807205 0.805 
/home/antonkov/masterWork/tests/samePrefixMarkedMtx/depth2/node6/test0_1.mtx 1.1 112.033 0.071441 0.75 
/home/antonkov/masterWork/tests/samePrefixMarkedMtx/depth2/node6/test0_1.mtx 1.2 101.355 0.0598785 0.655 
/home/antonkov/masterWork/tests/samePrefixMarkedMtx/depth2/node6/test0_1.mtx 1.3 96.4614 0.0507639 0.58 
/home/antonkov/masterWork/tests/samePrefixMarkedMtx/depth2/node6/test0_1.mtx 1.4 121.272 0.0420313 0.476667 
/home/antonkov/masterWork/tests/samePrefixMarkedMtx/depth2/node6/test0_1.mtx 1.5 113.682 0.0342593 0.39 
/home/antonkov/masterWork/tests/samePrefixMarkedMtx/depth2/node6/test0_1.mtx 1.6 110.317 0.0286806 0.34 
/home/antonkov/masterWork/tests/samePrefixMarkedMtx/depth2/node6/test0_1.mtx 1.7 136.803 0.0198021 0.226 
/home/antonkov/masterWork/tests/samePrefixMarkedMtx/depth2/node6/test0_1.mtx 1.8 159.916 0.0170689 0.198333 
/home/antonkov/masterWork/tests/samePrefixMarkedMtx/depth2/node6/test0_1.mtx 1.9 170.802 0.0130655 0.152857 
/home/antonkov/masterWork/tests/samePrefixMarkedMtx/depth2/node6/test0_1.mtx 2 185.396 0.0101929 0.123333 
/home/antonkov/masterWork/tests/samePrefixMarkedMtx/depth2/node6/test0_1.mtx 2.1 231.634 0.00733218 0.0908333 
/home/antonkov/masterWork/tests/samePrefixMarkedMtx/depth2/node6/test0_1.mtx 2.2 311.705 0.00428545 0.0536842 
/home/antonkov/masterWork/tests/samePrefixMarkedMtx/depth2/node6/test0_1.mtx 2.3 436.531 0.00259241 0.0322581 
/home/antonkov/masterWork/tests/samePrefixMarkedMtx/depth2/node6/test0_1.mtx 2.4 545.443 0.00178012 0.0234884 
/home/antonkov/masterWork/tests/samePrefixMarkedMtx/depth2/node6/test0_1.mtx 2.5 936.251 0.000877149 0.0119048 
/home/antonkov/masterWork/tests/samePrefixMarkedMtx/depth2/node6/test0_1.mtx 2.6 1238.4 0.000564378 0.00819672 
/home/antonkov/masterWork/tests/samePrefixMarkedMtx/depth2/node6/test0_1.mtx 2.7 1956.68 0.000298198 0.00440529 
/home/antonkov/masterWork/tests/samePrefixMarkedMtx/depth2/node6/test0_1.mtx 2.8 2751.6 0.000183511 0.00278237 
/home/antonkov/masterWork/tests/samePrefixMarkedMtx/depth2/node6/test0_1.mtx 2.9 4582 9.35794e-05 0.00144509 
/home/antonkov/masterWork/tests/samePrefixMarkedMtx/depth2/node6/test0_1.mtx 3 7518.34 5.00545e-05 0.000784314 
/home/antonkov/masterWork/tests/samePrefixMarkedMtx/depth2/node6/test0_1.mtx 3.1 0 -1 -1 
/home/antonkov/masterWork/tests/samePrefixMarkedMtx/depth2/node6/test0_1.mtx 3.2 0 -1 -1 
/home/antonkov/masterWork/tests/samePrefixMarkedMtx/depth2/node6/test0_1.mtx 3.3 0 -1 -1 
/home/antonkov/masterWork/tests/samePrefixMarkedMtx/depth2/node6/test0_1.mtx 3.4 0 -1 -1 
/home/antonkov/masterWork/tests/samePrefixMarkedMtx/depth2/node6/test0_1.mtx 3.5 0 -1 -1 
/home/antonkov/masterWork/tests/samePrefixMarkedMtx/depth2/node6/test0_2.mtx 1 116.524 0.080191 0.805 
/home/antonkov/masterWork/tests/samePrefixMarkedMtx/depth2/node6/test0_2.mtx 1.1 109.851 0.0723264 0.75 
/home/antonkov/masterWork/tests/samePrefixMarkedMtx/depth2/node6/test0_2.mtx 1.2 103.939 0.0612066 0.66 
/home/antonkov/masterWork/tests/samePrefixMarkedMtx/depth2/node6/test0_2.mtx 1.3 97.44 0.0506337 0.555 
/home/antonkov/masterWork/tests/samePrefixMarkedMtx/depth2/node6/test0_2.mtx 1.4 123.039 0.0406076 0.473333 
/home/antonkov/masterWork/tests/samePrefixMarkedMtx/depth2/node6/test0_2.mtx 1.5 112.29 0.0322859 0.38 
/home/antonkov/masterWork/tests/samePrefixMarkedMtx/depth2/node6/test0_2.mtx 1.6 133.386 0.0257292 0.3025 
/home/antonkov/masterWork/tests/samePrefixMarkedMtx/depth2/node6/test0_2.mtx 1.7 146.858 0.0202396 0.248 
/home/antonkov/masterWork/tests/samePrefixMarkedMtx/depth2/node6/test0_2.mtx 1.8 157.57 0.0152141 0.186667 
/home/antonkov/masterWork/tests/samePrefixMarkedMtx/depth2/node6/test0_2.mtx 1.9 166.566 0.0119122 0.145714 
/home/antonkov/masterWork/tests/samePrefixMarkedMtx/depth2/node6/test0_2.mtx 2 203.574 0.00922396 0.11 
/home/antonkov/masterWork/tests/samePrefixMarkedMtx/depth2/node6/test0_2.mtx 2.1 222.727 0.00671152 0.0875 
/home/antonkov/masterWork/tests/samePrefixMarkedMtx/depth2/node6/test0_2.mtx 2.2 293.286 0.00450674 0.0605882 
/home/antonkov/masterWork/tests/samePrefixMarkedMtx/depth2/node6/test0_2.mtx 2.3 401.693 0.00277263 0.0377778 
/home/antonkov/masterWork/tests/samePrefixMarkedMtx/depth2/node6/test0_2.mtx 2.4 586.931 0.00170533 0.0234091 
/home/antonkov/masterWork/tests/samePrefixMarkedMtx/depth2/node6/test0_2.mtx 2.5 848.136 0.000897546 0.0136986 
/home/antonkov/masterWork/tests/samePrefixMarkedMtx/depth2/node6/test0_2.mtx 2.6 1365.91 0.00047692 0.00735294 
/home/antonkov/masterWork/tests/samePrefixMarkedMtx/depth2/node6/test0_2.mtx 2.7 2251.25 0.000250458 0.00387597 
/home/antonkov/masterWork/tests/samePrefixMarkedMtx/depth2/node6/test0_2.mtx 2.8 2989.28 0.000149486 0.0025974 
/home/antonkov/masterWork/tests/samePrefixMarkedMtx/depth2/node6/test0_2.mtx 2.9 4867.06 9.15075e-05 0.00138889 
/home/antonkov/masterWork/tests/samePrefixMarkedMtx/depth2/node6/test0_2.mtx 3 8485.77 4.42646e-05 0.000719424 
/home/antonkov/masterWork/tests/samePrefixMarkedMtx/depth2/node6/test0_2.mtx 3.1 0 -1 -1 
/home/antonkov/masterWork/tests/samePrefixMarkedMtx/depth2/node6/test0_2.mtx 3.2 0 -1 -1 
/home/antonkov/masterWork/tests/samePrefixMarkedMtx/depth2/node6/test0_2.mtx 3.3 0 -1 -1 
/home/antonkov/masterWork/tests/samePrefixMarkedMtx/depth2/node6/test0_2.mtx 3.4 0 -1 -1 
/home/antonkov/masterWork/tests/samePrefixMarkedMtx/depth2/node6/test0_2.mtx 3.5 0 -1 -1 
/home/antonkov/masterWork/tests/samePrefixMarkedMtx/depth2/node6/test0_3.mtx 1 116.011 0.0806771 0.805 
/home/antonkov/masterWork/tests/samePrefixMarkedMtx/depth2/node6/test0_3.mtx 1.1 115.734 0.0750434 0.765 
/home/antonkov/masterWork/tests/samePrefixMarkedMtx/depth2/node6/test0_3.mtx 1.2 107.961 0.0661198 0.675 
/home/antonkov/masterWork/tests/samePrefixMarkedMtx/depth2/node6/test0_3.mtx 1.3 98.2032 0.0560243 0.61 
/home/antonkov/masterWork/tests/samePrefixMarkedMtx/depth2/node6/test0_3.mtx 1.4 96.3465 0.048316 0.545 
/home/antonkov/masterWork/tests/samePrefixMarkedMtx/depth2/node6/test0_3.mtx 1.5 119.074 0.0359491 0.41 
/home/antonkov/masterWork/tests/samePrefixMarkedMtx/depth2/node6/test0_3.mtx 1.6 112.081 0.0282234 0.34 
/home/antonkov/masterWork/tests/samePrefixMarkedMtx/depth2/node6/test0_3.mtx 1.7 130.907 0.0223437 0.265 
/home/antonkov/masterWork/tests/samePrefixMarkedMtx/depth2/node6/test0_3.mtx 1.8 161.517 0.0156424 0.19 
/home/antonkov/masterWork/tests/samePrefixMarkedMtx/depth2/node6/test0_3.mtx 1.9 188.016 0.0114388 0.14375 
/home/antonkov/masterWork/tests/samePrefixMarkedMtx/depth2/node6/test0_3.mtx 2 204.506 0.00793576 0.103 
/home/antonkov/masterWork/tests/samePrefixMarkedMtx/depth2/node6/test0_3.mtx 2.1 236.389 0.0061899 0.0784615 
/home/antonkov/masterWork/tests/samePrefixMarkedMtx/depth2/node6/test0_3.mtx 2.2 332.804 0.00376323 0.0495238 
/home/antonkov/masterWork/tests/samePrefixMarkedMtx/depth2/node6/test0_3.mtx 2.3 398.326 0.00266307 0.0357143 
/home/antonkov/masterWork/tests/samePrefixMarkedMtx/depth2/node6/test0_3.mtx 2.4 488.28 0.00196135 0.0265789 
/home/antonkov/masterWork/tests/samePrefixMarkedMtx/depth2/node6/test0_3.mtx 2.5 758.092 0.00106527 0.0157812 
/home/antonkov/masterWork/tests/samePrefixMarkedMtx/depth2/node6/test0_3.mtx 2.6 1244.21 0.000570213 0.00836066 
/home/antonkov/masterWork/tests/samePrefixMarkedMtx/depth2/node6/test0_3.mtx 2.7 1896.84 0.000299133 0.00469484 
/home/antonkov/masterWork/tests/samePrefixMarkedMtx/depth2/node6/test0_3.mtx 2.8 2830.19 0.000177818 0.00278552 
/home/antonkov/masterWork/tests/samePrefixMarkedMtx/depth2/node6/test0_3.mtx 2.9 4202.49 0.000109646 0.00166113 
/home/antonkov/masterWork/tests/samePrefixMarkedMtx/depth2/node6/test0_3.mtx 3 8291.38 4.43774e-05 0.000748503 
/home/antonkov/masterWork/tests/samePrefixMarkedMtx/depth2/node6/test0_3.mtx 3.1 0 -1 -1 
/home/antonkov/masterWork/tests/samePrefixMarkedMtx/depth2/node6/test0_3.mtx 3.2 0 -1 -1 
/home/antonkov/masterWork/tests/samePrefixMarkedMtx/depth2/node6/test0_3.mtx 3.3 0 -1 -1 
/home/antonkov/masterWork/tests/samePrefixMarkedMtx/depth2/node6/test0_3.mtx 3.4 0 -1 -1 
/home/antonkov/masterWork/tests/samePrefixMarkedMtx/depth2/node6/test0_3.mtx 3.5 0 -1 -1 
/home/antonkov/masterWork/tests/samePrefixMarkedMtx/depth2/node6/test0_4.mtx 1 118.63 0.0870139 0.865 
/home/antonkov/masterWork/tests/samePrefixMarkedMtx/depth2/node6/test0_4.mtx 1.1 115.803 0.0780903 0.815 
/home/antonkov/masterWork/tests/samePrefixMarkedMtx/depth2/node6/test0_4.mtx 1.2 103.988 0.0664323 0.72 
/home/antonkov/masterWork/tests/samePrefixMarkedMtx/depth2/node6/test0_4.mtx 1.3 97.8313 0.0575868 0.62 
/home/antonkov/masterWork/tests/samePrefixMarkedMtx/depth2/node6/test0_4.mtx 1.4 93.623 0.0454861 0.515 
/home/antonkov/masterWork/tests/samePrefixMarkedMtx/depth2/node6/test0_4.mtx 1.5 116.4 0.0369734 0.43 
/home/antonkov/masterWork/tests/samePrefixMarkedMtx/depth2/node6/test0_4.mtx 1.6 111.292 0.0283507 0.34 
/home/antonkov/masterWork/tests/samePrefixMarkedMtx/depth2/node6/test0_4.mtx 1.7 123.256 0.0230035 0.2825 
/home/antonkov/masterWork/tests/samePrefixMarkedMtx/depth2/node6/test0_4.mtx 1.8 135.439 0.0172708 0.21 
/home/antonkov/masterWork/tests/samePrefixMarkedMtx/depth2/node6/test0_4.mtx 1.9 165.339 0.0137401 0.165714 
/home/antonkov/masterWork/tests/samePrefixMarkedMtx/depth2/node6/test0_4.mtx 2 205.177 0.0089809 0.106 
/home/antonkov/masterWork/tests/samePrefixMarkedMtx/depth2/node6/test0_4.mtx 2.1 243.278 0.00633814 0.0784615 
/home/antonkov/masterWork/tests/samePrefixMarkedMtx/depth2/node6/test0_4.mtx 2.2 345.117 0.00392444 0.0485714 
/home/antonkov/masterWork/tests/samePrefixMarkedMtx/depth2/node6/test0_4.mtx 2.3 445.716 0.00248644 0.0315625 
/home/antonkov/masterWork/tests/samePrefixMarkedMtx/depth2/node6/test0_4.mtx 2.4 585.821 0.00173187 0.0233333 
/home/antonkov/masterWork/tests/samePrefixMarkedMtx/depth2/node6/test0_4.mtx 2.5 870.838 0.000925926 0.0130769 
/home/antonkov/masterWork/tests/samePrefixMarkedMtx/depth2/node6/test0_4.mtx 2.6 1453.74 0.000488558 0.00677852 
/home/antonkov/masterWork/tests/samePrefixMarkedMtx/depth2/node6/test0_4.mtx 2.7 2297.62 0.000245491 0.00359712 
/home/antonkov/masterWork/tests/samePrefixMarkedMtx/depth2/node6/test0_4.mtx 2.8 3249.31 0.000150671 0.00231461 
/home/antonkov/masterWork/tests/samePrefixMarkedMtx/depth2/node6/test0_4.mtx 2.9 5123.41 8.47709e-05 0.00127389 
/home/antonkov/masterWork/tests/samePrefixMarkedMtx/depth2/node6/test0_4.mtx 3 8809.88 4.12628e-05 0.000660939 
/home/antonkov/masterWork/tests/samePrefixMarkedMtx/depth2/node6/test0_4.mtx 3.1 0 -1 -1 
/home/antonkov/masterWork/tests/samePrefixMarkedMtx/depth2/node6/test0_4.mtx 3.2 0 -1 -1 
/home/antonkov/masterWork/tests/samePrefixMarkedMtx/depth2/node6/test0_4.mtx 3.3 0 -1 -1 
/home/antonkov/masterWork/tests/samePrefixMarkedMtx/depth2/node6/test0_4.mtx 3.4 0 -1 -1 
/home/antonkov/masterWork/tests/samePrefixMarkedMtx/depth2/node6/test0_4.mtx 3.5 0 -1 -1 
/home/antonkov/masterWork/tests/samePrefixMarkedMtx/depth2/node6/test1_0.mtx 1 115.032 0.0830642 0.85 
/home/antonkov/masterWork/tests/samePrefixMarkedMtx/depth2/node6/test1_0.mtx 1.1 111.625 0.0720486 0.75 
/home/antonkov/masterWork/tests/samePrefixMarkedMtx/depth2/node6/test1_0.mtx 1.2 99.4433 0.0608073 0.64 
/home/antonkov/masterWork/tests/samePrefixMarkedMtx/depth2/node6/test1_0.mtx 1.3 96.576 0.0519878 0.57 
/home/antonkov/masterWork/tests/samePrefixMarkedMtx/depth2/node6/test1_0.mtx 1.4 123.271 0.0429225 0.463333 
/home/antonkov/masterWork/tests/samePrefixMarkedMtx/depth2/node6/test1_0.mtx 1.5 118.323 0.035463 0.393333 
/home/antonkov/masterWork/tests/samePrefixMarkedMtx/depth2/node6/test1_0.mtx 1.6 109.014 0.028831 0.333333 
/home/antonkov/masterWork/tests/samePrefixMarkedMtx/depth2/node6/test1_0.mtx 1.7 123.449 0.0231727 0.2725 
/home/antonkov/masterWork/tests/samePrefixMarkedMtx/depth2/node6/test1_0.mtx 1.8 155.816 0.0156655 0.186667 
/home/antonkov/masterWork/tests/samePrefixMarkedMtx/depth2/node6/test1_0.mtx 1.9 178.123 0.0107878 0.13 
/home/antonkov/masterWork/tests/samePrefixMarkedMtx/depth2/node6/test1_0.mtx 2 207.433 0.00752052 0.0909091 
/home/antonkov/masterWork/tests/samePrefixMarkedMtx/depth2/node6/test1_0.mtx 2.1 277.203 0.00516168 0.065625 
/home/antonkov/masterWork/tests/samePrefixMarkedMtx/depth2/node6/test1_0.mtx 2.2 376.652 0.00318472 0.042 
/home/antonkov/masterWork/tests/samePrefixMarkedMtx/depth2/node6/test1_0.mtx 2.3 508.312 0.00217978 0.0283333 
/home/antonkov/masterWork/tests/samePrefixMarkedMtx/depth2/node6/test1_0.mtx 2.4 718.385 0.00119184 0.0166667 
/home/antonkov/masterWork/tests/samePrefixMarkedMtx/depth2/node6/test1_0.mtx 2.5 1068.14 0.000725521 0.01 
/home/antonkov/masterWork/tests/samePrefixMarkedMtx/depth2/node6/test1_0.mtx 2.6 1275.97 0.000515046 0.00740741 
/home/antonkov/masterWork/tests/samePrefixMarkedMtx/depth2/node6/test1_0.mtx 2.7 2186.04 0.000234181 0.00373134 
/home/antonkov/masterWork/tests/samePrefixMarkedMtx/depth2/node6/test1_0.mtx 2.8 3586.8 0.000122326 0.002 
/home/antonkov/masterWork/tests/samePrefixMarkedMtx/depth2/node6/test1_0.mtx 2.9 5475.24 7.08744e-05 0.00116009 
/home/antonkov/masterWork/tests/samePrefixMarkedMtx/depth2/node6/test1_0.mtx 3 9142.99 3.32637e-05 0.000626959 
/home/antonkov/masterWork/tests/samePrefixMarkedMtx/depth2/node6/test1_0.mtx 3.1 0 -1 -1 
/home/antonkov/masterWork/tests/samePrefixMarkedMtx/depth2/node6/test1_0.mtx 3.2 0 -1 -1 
/home/antonkov/masterWork/tests/samePrefixMarkedMtx/depth2/node6/test1_0.mtx 3.3 0 -1 -1 
/home/antonkov/masterWork/tests/samePrefixMarkedMtx/depth2/node6/test1_0.mtx 3.4 0 -1 -1 
/home/antonkov/masterWork/tests/samePrefixMarkedMtx/depth2/node6/test1_0.mtx 3.5 0 -1 -1 
/home/antonkov/masterWork/tests/samePrefixMarkedMtx/depth2/node6/test1_1.mtx 1 111.62 0.0775955 0.76 
/home/antonkov/masterWork/tests/samePrefixMarkedMtx/depth2/node6/test1_1.mtx 1.1 104.401 0.0663281 0.665 
/home/antonkov/masterWork/tests/samePrefixMarkedMtx/depth2/node6/test1_1.mtx 1.2 96.5215 0.0603819 0.62 
/home/antonkov/masterWork/tests/samePrefixMarkedMtx/depth2/node6/test1_1.mtx 1.3 91.1597 0.0503733 0.525 
/home/antonkov/masterWork/tests/samePrefixMarkedMtx/depth2/node6/test1_1.mtx 1.4 124.992 0.0424595 0.476667 
/home/antonkov/masterWork/tests/samePrefixMarkedMtx/depth2/node6/test1_1.mtx 1.5 113.998 0.0356713 0.41 
/home/antonkov/masterWork/tests/samePrefixMarkedMtx/depth2/node6/test1_1.mtx 1.6 135.616 0.0283724 0.3225 
/home/antonkov/masterWork/tests/samePrefixMarkedMtx/depth2/node6/test1_1.mtx 1.7 123.003 0.0228299 0.2675 
/home/antonkov/masterWork/tests/samePrefixMarkedMtx/depth2/node6/test1_1.mtx 1.8 159.495 0.016985 0.206667 
/home/antonkov/masterWork/tests/samePrefixMarkedMtx/depth2/node6/test1_1.mtx 1.9 170.985 0.0115873 0.151429 
/home/antonkov/masterWork/tests/samePrefixMarkedMtx/depth2/node6/test1_1.mtx 2 191.523 0.00837384 0.111111 
/home/antonkov/masterWork/tests/samePrefixMarkedMtx/depth2/node6/test1_1.mtx 2.1 248.627 0.00578392 0.0807692 
/home/antonkov/masterWork/tests/samePrefixMarkedMtx/depth2/node6/test1_1.mtx 2.2 345.426 0.00316551 0.0485714 
/home/antonkov/masterWork/tests/samePrefixMarkedMtx/depth2/node6/test1_1.mtx 2.3 470.251 0.00203234 0.03125 
/home/antonkov/masterWork/tests/samePrefixMarkedMtx/depth2/node6/test1_1.mtx 2.4 615.346 0.00124224 0.0212766 
/home/antonkov/masterWork/tests/samePrefixMarkedMtx/depth2/node6/test1_1.mtx 2.5 854.294 0.00074267 0.0140278 
/home/antonkov/masterWork/tests/samePrefixMarkedMtx/depth2/node6/test1_1.mtx 2.6 1093.47 0.000489314 0.00970874 
/home/antonkov/masterWork/tests/samePrefixMarkedMtx/depth2/node6/test1_1.mtx 2.7 1680.93 0.000224931 0.00554945 
/home/antonkov/masterWork/tests/samePrefixMarkedMtx/depth2/node6/test1_1.mtx 2.8 1748.92 0.000154641 0.00487805 
/home/antonkov/masterWork/tests/samePrefixMarkedMtx/depth2/node6/test1_1.mtx 2.9 2231.7 0.000113664 0.00348432 
/home/antonkov/masterWork/tests/samePrefixMarkedMtx/depth2/node6/test1_1.mtx 3 2544.7 6.69992e-05 0.0028169 
/home/antonkov/masterWork/tests/samePrefixMarkedMtx/depth2/node6/test1_1.mtx 3.1 2880.1 4.53296e-05 0.00228833 
/home/antonkov/masterWork/tests/samePrefixMarkedMtx/depth2/node6/test1_1.mtx 3.2 2942.8 3.45025e-05 0.0021097 
/home/antonkov/masterWork/tests/samePrefixMarkedMtx/depth2/node6/test1_1.mtx 3.3 3636.69 1.91109e-05 0.0015748 
/home/antonkov/masterWork/tests/samePrefixMarkedMtx/depth2/node6/test1_1.mtx 3.4 4330.7 1.01538e-05 0.001221 
/home/antonkov/masterWork/tests/samePrefixMarkedMtx/depth2/node6/test1_1.mtx 3.5 4844.38 8.30624e-06 0.00102669 
/home/antonkov/masterWork/tests/samePrefixMarkedMtx/depth2/node6/test1_2.mtx 1 115.623 0.0778646 0.8 
/home/antonkov/masterWork/tests/samePrefixMarkedMtx/depth2/node6/test1_2.mtx 1.1 107.27 0.0679774 0.715 
/home/antonkov/masterWork/tests/samePrefixMarkedMtx/depth2/node6/test1_2.mtx 1.2 95.3494 0.0584288 0.61 
/home/antonkov/masterWork/tests/samePrefixMarkedMtx/depth2/node6/test1_2.mtx 1.3 92.2013 0.0515104 0.55 
/home/antonkov/masterWork/tests/samePrefixMarkedMtx/depth2/node6/test1_2.mtx 1.4 123.941 0.0435706 0.476667 
/home/antonkov/masterWork/tests/samePrefixMarkedMtx/depth2/node6/test1_2.mtx 1.5 112.739 0.0353009 0.4 
/home/antonkov/masterWork/tests/samePrefixMarkedMtx/depth2/node6/test1_2.mtx 1.6 131.572 0.026467 0.3075 
/home/antonkov/masterWork/tests/samePrefixMarkedMtx/depth2/node6/test1_2.mtx 1.7 124.908 0.0213759 0.25 
/home/antonkov/masterWork/tests/samePrefixMarkedMtx/depth2/node6/test1_2.mtx 1.8 154.33 0.0154167 0.193333 
/home/antonkov/masterWork/tests/samePrefixMarkedMtx/depth2/node6/test1_2.mtx 1.9 198.215 0.0101871 0.128889 
/home/antonkov/masterWork/tests/samePrefixMarkedMtx/depth2/node6/test1_2.mtx 2 213.321 0.00773832 0.0981818 
/home/antonkov/masterWork/tests/samePrefixMarkedMtx/depth2/node6/test1_2.mtx 2.1 243.503 0.00572173 0.0721429 
/home/antonkov/masterWork/tests/samePrefixMarkedMtx/depth2/node6/test1_2.mtx 2.2 319.838 0.00357378 0.05 
/home/antonkov/masterWork/tests/samePrefixMarkedMtx/depth2/node6/test1_2.mtx 2.3 495.305 0.00193318 0.0275676 
/home/antonkov/masterWork/tests/samePrefixMarkedMtx/depth2/node6/test1_2.mtx 2.4 816.7 0.00103222 0.015 
/home/antonkov/masterWork/tests/samePrefixMarkedMtx/depth2/node6/test1_2.mtx 2.5 1140.81 0.000664428 0.00934579 
/home/antonkov/masterWork/tests/samePrefixMarkedMtx/depth2/node6/test1_2.mtx 2.6 1562.98 0.00040772 0.00613497 
/home/antonkov/masterWork/tests/samePrefixMarkedMtx/depth2/node6/test1_2.mtx 2.7 2279.15 0.00023714 0.0037037 
/home/antonkov/masterWork/tests/samePrefixMarkedMtx/depth2/node6/test1_2.mtx 2.8 3382.61 0.000139508 0.00222717 
/home/antonkov/masterWork/tests/samePrefixMarkedMtx/depth2/node6/test1_2.mtx 2.9 5528.49 6.96549e-05 0.00122424 
/home/antonkov/masterWork/tests/samePrefixMarkedMtx/depth2/node6/test1_2.mtx 3 8365.89 3.76492e-05 0.000723589 
/home/antonkov/masterWork/tests/samePrefixMarkedMtx/depth2/node6/test1_2.mtx 3.1 0 -1 -1 
/home/antonkov/masterWork/tests/samePrefixMarkedMtx/depth2/node6/test1_2.mtx 3.2 0 -1 -1 
/home/antonkov/masterWork/tests/samePrefixMarkedMtx/depth2/node6/test1_2.mtx 3.3 0 -1 -1 
/home/antonkov/masterWork/tests/samePrefixMarkedMtx/depth2/node6/test1_2.mtx 3.4 0 -1 -1 
/home/antonkov/masterWork/tests/samePrefixMarkedMtx/depth2/node6/test1_2.mtx 3.5 0 -1 -1 
/home/antonkov/masterWork/tests/samePrefixMarkedMtx/depth2/node6/test1_3.mtx 1 119.029 0.0830382 0.82 
/home/antonkov/masterWork/tests/samePrefixMarkedMtx/depth2/node6/test1_3.mtx 1.1 108.904 0.0721701 0.74 
/home/antonkov/masterWork/tests/samePrefixMarkedMtx/depth2/node6/test1_3.mtx 1.2 101.269 0.0637934 0.68 
/home/antonkov/masterWork/tests/samePrefixMarkedMtx/depth2/node6/test1_3.mtx 1.3 93.0121 0.0527604 0.59 
/home/antonkov/masterWork/tests/samePrefixMarkedMtx/depth2/node6/test1_3.mtx 1.4 120.733 0.042147 0.47 
/home/antonkov/masterWork/tests/samePrefixMarkedMtx/depth2/node6/test1_3.mtx 1.5 114.815 0.0334028 0.383333 
/home/antonkov/masterWork/tests/samePrefixMarkedMtx/depth2/node6/test1_3.mtx 1.6 129.866 0.0266059 0.3075 
/home/antonkov/masterWork/tests/samePrefixMarkedMtx/depth2/node6/test1_3.mtx 1.7 140.025 0.0200903 0.232 
/home/antonkov/masterWork/tests/samePrefixMarkedMtx/depth2/node6/test1_3.mtx 1.8 154.023 0.0159115 0.191667 
/home/antonkov/masterWork/tests/samePrefixMarkedMtx/depth2/node6/test1_3.mtx 1.9 191.927 0.0106173 0.127778 
/home/antonkov/masterWork/tests/samePrefixMarkedMtx/depth2/node6/test1_3.mtx 2 231.603 0.00753762 0.0925 
/home/antonkov/masterWork/tests/samePrefixMarkedMtx/depth2/node6/test1_3.mtx 2.1 293.614 0.00522467 0.0629412 
/home/antonkov/masterWork/tests/samePrefixMarkedMtx/depth2/node6/test1_3.mtx 2.2 346.193 0.00345864 0.0443478 
/home/antonkov/masterWork/tests/samePrefixMarkedMtx/depth2/node6/test1_3.mtx 2.3 451.071 0.00226852 0.030303 
/home/antonkov/masterWork/tests/samePrefixMarkedMtx/depth2/node6/test1_3.mtx 2.4 645.318 0.00138365 0.0188679 
/home/antonkov/masterWork/tests/samePrefixMarkedMtx/depth2/node6/test1_3.mtx 2.5 949.21 0.000808169 0.0116854 
/home/antonkov/masterWork/tests/samePrefixMarkedMtx/depth2/node6/test1_3.mtx 2.6 1866.83 0.000333841 0.00487805 
/home/antonkov/masterWork/tests/samePrefixMarkedMtx/depth2/node6/test1_3.mtx 2.7 2560.63 0.000205595 0.00315457 
/home/antonkov/masterWork/tests/samePrefixMarkedMtx/depth2/node6/test1_3.mtx 2.8 4664.89 0.00010327 0.00153495 
/home/antonkov/masterWork/tests/samePrefixMarkedMtx/depth2/node6/test1_3.mtx 2.9 6999.71 5.39175e-05 0.000910747 
/home/antonkov/masterWork/tests/samePrefixMarkedMtx/depth2/node6/test1_3.mtx 3 0 -1 -1 
/home/antonkov/masterWork/tests/samePrefixMarkedMtx/depth2/node6/test1_3.mtx 3.1 0 -1 -1 
/home/antonkov/masterWork/tests/samePrefixMarkedMtx/depth2/node6/test1_3.mtx 3.2 0 -1 -1 
/home/antonkov/masterWork/tests/samePrefixMarkedMtx/depth2/node6/test1_3.mtx 3.3 0 -1 -1 
/home/antonkov/masterWork/tests/samePrefixMarkedMtx/depth2/node6/test1_3.mtx 3.4 0 -1 -1 
/home/antonkov/masterWork/tests/samePrefixMarkedMtx/depth2/node6/test1_3.mtx 3.5 0 -1 -1 
/home/antonkov/masterWork/tests/samePrefixMarkedMtx/depth2/node6/test1_4.mtx 1 117.976 0.0755122 0.775 
/home/antonkov/masterWork/tests/samePrefixMarkedMtx/depth2/node6/test1_4.mtx 1.1 106.834 0.065408 0.695 
/home/antonkov/masterWork/tests/samePrefixMarkedMtx/depth2/node6/test1_4.mtx 1.2 98.8174 0.056276 0.6 
/home/antonkov/masterWork/tests/samePrefixMarkedMtx/depth2/node6/test1_4.mtx 1.3 93.3324 0.0467274 0.51 
/home/antonkov/masterWork/tests/samePrefixMarkedMtx/depth2/node6/test1_4.mtx 1.4 117.996 0.0391782 0.446667 
/home/antonkov/masterWork/tests/samePrefixMarkedMtx/depth2/node6/test1_4.mtx 1.5 115.32 0.0323843 0.38 
/home/antonkov/masterWork/tests/samePrefixMarkedMtx/depth2/node6/test1_4.mtx 1.6 128.401 0.0247266 0.295 
/home/antonkov/masterWork/tests/samePrefixMarkedMtx/depth2/node6/test1_4.mtx 1.7 144.303 0.0185139 0.226 
/home/antonkov/masterWork/tests/samePrefixMarkedMtx/depth2/node6/test1_4.mtx 1.8 168.76 0.0128472 0.154286 
/home/antonkov/masterWork/tests/samePrefixMarkedMtx/depth2/node6/test1_4.mtx 1.9 196.699 0.00938657 0.118889 
/home/antonkov/masterWork/tests/samePrefixMarkedMtx/depth2/node6/test1_4.mtx 2 229.972 0.00686632 0.0875 
/home/antonkov/masterWork/tests/samePrefixMarkedMtx/depth2/node6/test1_4.mtx 2.1 268.242 0.00507487 0.065625 
/home/antonkov/masterWork/tests/samePrefixMarkedMtx/depth2/node6/test1_4.mtx 2.2 396.999 0.00307559 0.0403846 
/home/antonkov/masterWork/tests/samePrefixMarkedMtx/depth2/node6/test1_4.mtx 2.3 493.404 0.00206067 0.0286111 
/home/antonkov/masterWork/tests/samePrefixMarkedMtx/depth2/node6/test1_4.mtx 2.4 691.032 0.00118624 0.0174138 
/home/antonkov/masterWork/tests/samePrefixMarkedMtx/depth2/node6/test1_4.mtx 2.5 1036.82 0.000698342 0.0102041 
/home/antonkov/masterWork/tests/samePrefixMarkedMtx/depth2/node6/test1_4.mtx 2.6 1604.66 0.000370171 0.00574713 
/home/antonkov/masterWork/tests/samePrefixMarkedMtx/depth2/node6/test1_4.mtx 2.7 2248.43 0.000241211 0.003663 
/home/antonkov/masterWork/tests/samePrefixMarkedMtx/depth2/node6/test1_4.mtx 2.8 3082.83 0.000155351 0.00235294 
/home/antonkov/masterWork/tests/samePrefixMarkedMtx/depth2/node6/test1_4.mtx 2.9 5044.97 8.13231e-05 0.0012837 
/home/antonkov/masterWork/tests/samePrefixMarkedMtx/depth2/node6/test1_4.mtx 3 9783.81 3.88006e-05 0.000585823 
/home/antonkov/masterWork/tests/samePrefixMarkedMtx/depth2/node6/test1_4.mtx 3.1 0 -1 -1 
/home/antonkov/masterWork/tests/samePrefixMarkedMtx/depth2/node6/test1_4.mtx 3.2 0 -1 -1 
/home/antonkov/masterWork/tests/samePrefixMarkedMtx/depth2/node6/test1_4.mtx 3.3 0 -1 -1 
/home/antonkov/masterWork/tests/samePrefixMarkedMtx/depth2/node6/test1_4.mtx 3.4 0 -1 -1 
/home/antonkov/masterWork/tests/samePrefixMarkedMtx/depth2/node6/test1_4.mtx 3.5 0 -1 -1 
/home/antonkov/masterWork/tests/samePrefixMarkedMtx/depth2/node6/test2_0.mtx 1 119.131 0.0854601 0.86 
/home/antonkov/masterWork/tests/samePrefixMarkedMtx/depth2/node6/test2_0.mtx 1.1 112.136 0.0770226 0.805 
/home/antonkov/masterWork/tests/samePrefixMarkedMtx/depth2/node6/test2_0.mtx 1.2 109.439 0.0671788 0.725 
/home/antonkov/masterWork/tests/samePrefixMarkedMtx/depth2/node6/test2_0.mtx 1.3 99.4264 0.0552517 0.615 
/home/antonkov/masterWork/tests/samePrefixMarkedMtx/depth2/node6/test2_0.mtx 1.4 91.7855 0.0443924 0.505 
/home/antonkov/masterWork/tests/samePrefixMarkedMtx/depth2/node6/test2_0.mtx 1.5 122.341 0.036603 0.423333 
/home/antonkov/masterWork/tests/samePrefixMarkedMtx/depth2/node6/test2_0.mtx 1.6 114.196 0.0283218 0.356667 
/home/antonkov/masterWork/tests/samePrefixMarkedMtx/depth2/node6/test2_0.mtx 1.7 145.521 0.0210938 0.252 
/home/antonkov/masterWork/tests/samePrefixMarkedMtx/depth2/node6/test2_0.mtx 1.8 156.812 0.0157784 0.196667 
/home/antonkov/masterWork/tests/samePrefixMarkedMtx/depth2/node6/test2_0.mtx 1.9 164.995 0.0122445 0.154286 
/home/antonkov/masterWork/tests/samePrefixMarkedMtx/depth2/node6/test2_0.mtx 2 192.903 0.00883681 0.113333 
/home/antonkov/masterWork/tests/samePrefixMarkedMtx/depth2/node6/test2_0.mtx 2.1 229.944 0.00650029 0.085 
/home/antonkov/masterWork/tests/samePrefixMarkedMtx/depth2/node6/test2_0.mtx 2.2 337.403 0.0037996 0.0480952 
/home/antonkov/masterWork/tests/samePrefixMarkedMtx/depth2/node6/test2_0.mtx 2.3 494.425 0.00232738 0.0305714 
/home/antonkov/masterWork/tests/samePrefixMarkedMtx/depth2/node6/test2_0.mtx 2.4 653.465 0.00144531 0.0192308 
/home/antonkov/masterWork/tests/samePrefixMarkedMtx/depth2/node6/test2_0.mtx 2.5 881.09 0.00099359 0.0133333 
/home/antonkov/masterWork/tests/samePrefixMarkedMtx/depth2/node6/test2_0.mtx 2.6 1097.5 0.000652421 0.00934579 
/home/antonkov/masterWork/tests/samePrefixMarkedMtx/depth2/node6/test2_0.mtx 2.7 2063.12 0.000292474 0.00419087 
/home/antonkov/masterWork/tests/samePrefixMarkedMtx/depth2/node6/test2_0.mtx 2.8 2736.34 0.000191354 0.00277473 
/home/antonkov/masterWork/tests/samePrefixMarkedMtx/depth2/node6/test2_0.mtx 2.9 4633.34 8.87645e-05 0.00141044 
/home/antonkov/masterWork/tests/samePrefixMarkedMtx/depth2/node6/test2_0.mtx 3 9358.22 4.05813e-05 0.000622665 
/home/antonkov/masterWork/tests/samePrefixMarkedMtx/depth2/node6/test2_0.mtx 3.1 0 -1 -1 
/home/antonkov/masterWork/tests/samePrefixMarkedMtx/depth2/node6/test2_0.mtx 3.2 0 -1 -1 
/home/antonkov/masterWork/tests/samePrefixMarkedMtx/depth2/node6/test2_0.mtx 3.3 0 -1 -1 
/home/antonkov/masterWork/tests/samePrefixMarkedMtx/depth2/node6/test2_0.mtx 3.4 0 -1 -1 
/home/antonkov/masterWork/tests/samePrefixMarkedMtx/depth2/node6/test2_0.mtx 3.5 0 -1 -1 
/home/antonkov/masterWork/tests/samePrefixMarkedMtx/depth2/node6/test2_1.mtx 1 117.178 0.0775955 0.795 
/home/antonkov/masterWork/tests/samePrefixMarkedMtx/depth2/node6/test2_1.mtx 1.1 110.214 0.0696615 0.725 
/home/antonkov/masterWork/tests/samePrefixMarkedMtx/depth2/node6/test2_1.mtx 1.2 101.971 0.0600694 0.655 
/home/antonkov/masterWork/tests/samePrefixMarkedMtx/depth2/node6/test2_1.mtx 1.3 95.9608 0.0509809 0.555 
/home/antonkov/masterWork/tests/samePrefixMarkedMtx/depth2/node6/test2_1.mtx 1.4 125.162 0.0423206 0.486667 
/home/antonkov/masterWork/tests/samePrefixMarkedMtx/depth2/node6/test2_1.mtx 1.5 120.944 0.0328819 0.383333 
/home/antonkov/masterWork/tests/samePrefixMarkedMtx/depth2/node6/test2_1.mtx 1.6 135.363 0.0266927 0.32 
/home/antonkov/masterWork/tests/samePrefixMarkedMtx/depth2/node6/test2_1.mtx 1.7 122.419 0.0205078 0.25 
/home/antonkov/masterWork/tests/samePrefixMarkedMtx/depth2/node6/test2_1.mtx 1.8 139.566 0.0170035 0.216 
/home/antonkov/masterWork/tests/samePrefixMarkedMtx/depth2/node6/test2_1.mtx 1.9 172.199 0.0129092 0.161429 
/home/antonkov/masterWork/tests/samePrefixMarkedMtx/depth2/node6/test2_1.mtx 2 186.517 0.00964699 0.123333 
/home/antonkov/masterWork/tests/samePrefixMarkedMtx/depth2/node6/test2_1.mtx 2.1 209.842 0.0069697 0.0909091 
/home/antonkov/masterWork/tests/samePrefixMarkedMtx/depth2/node6/test2_1.mtx 2.2 323.893 0.00352257 0.051 
/home/antonkov/masterWork/tests/samePrefixMarkedMtx/depth2/node6/test2_1.mtx 2.3 421.097 0.00243924 0.0357143 
/home/antonkov/masterWork/tests/samePrefixMarkedMtx/depth2/node6/test2_1.mtx 2.4 614.39 0.00152127 0.0208333 
/home/antonkov/masterWork/tests/samePrefixMarkedMtx/depth2/node6/test2_1.mtx 2.5 907.406 0.000830946 0.0125 
/home/antonkov/masterWork/tests/samePrefixMarkedMtx/depth2/node6/test2_1.mtx 2.6 1351.19 0.000502058 0.00748148 
/home/antonkov/masterWork/tests/samePrefixMarkedMtx/depth2/node6/test2_1.mtx 2.7 1775.26 0.000344256 0.00502513 
/home/antonkov/masterWork/tests/samePrefixMarkedMtx/depth2/node6/test2_1.mtx 2.8 2931.96 0.000168584 0.00268097 
/home/antonkov/masterWork/tests/samePrefixMarkedMtx/depth2/node6/test2_1.mtx 2.9 4214.58 9.32367e-05 0.00166113 
/home/antonkov/masterWork/tests/samePrefixMarkedMtx/depth2/node6/test2_1.mtx 3 7521.73 4.67667e-05 0.000821018 
/home/antonkov/masterWork/tests/samePrefixMarkedMtx/depth2/node6/test2_1.mtx 3.1 0 -1 -1 
/home/antonkov/masterWork/tests/samePrefixMarkedMtx/depth2/node6/test2_1.mtx 3.2 0 -1 -1 
/home/antonkov/masterWork/tests/samePrefixMarkedMtx/depth2/node6/test2_1.mtx 3.3 0 -1 -1 
/home/antonkov/masterWork/tests/samePrefixMarkedMtx/depth2/node6/test2_1.mtx 3.4 0 -1 -1 
/home/antonkov/masterWork/tests/samePrefixMarkedMtx/depth2/node6/test2_1.mtx 3.5 0 -1 -1 
/home/antonkov/masterWork/tests/samePrefixMarkedMtx/depth2/node6/test2_2.mtx 1 117.522 0.0818316 0.81 
/home/antonkov/masterWork/tests/samePrefixMarkedMtx/depth2/node6/test2_2.mtx 1.1 115.897 0.0728038 0.74 
/home/antonkov/masterWork/tests/samePrefixMarkedMtx/depth2/node6/test2_2.mtx 1.2 102.147 0.0634115 0.67 
/home/antonkov/masterWork/tests/samePrefixMarkedMtx/depth2/node6/test2_2.mtx 1.3 98.0683 0.0535503 0.58 
/home/antonkov/masterWork/tests/samePrefixMarkedMtx/depth2/node6/test2_2.mtx 1.4 91.9613 0.0454601 0.51 
/home/antonkov/masterWork/tests/samePrefixMarkedMtx/depth2/node6/test2_2.mtx 1.5 122.329 0.0385648 0.446667 
/home/antonkov/masterWork/tests/samePrefixMarkedMtx/depth2/node6/test2_2.mtx 1.6 117.481 0.0323322 0.383333 
/home/antonkov/masterWork/tests/samePrefixMarkedMtx/depth2/node6/test2_2.mtx 1.7 130.431 0.0228863 0.28 
/home/antonkov/masterWork/tests/samePrefixMarkedMtx/depth2/node6/test2_2.mtx 1.8 136.768 0.0165139 0.204 
/home/antonkov/masterWork/tests/samePrefixMarkedMtx/depth2/node6/test2_2.mtx 1.9 173.184 0.0116369 0.148571 
/home/antonkov/masterWork/tests/samePrefixMarkedMtx/depth2/node6/test2_2.mtx 2 208.079 0.00844271 0.108 
/home/antonkov/masterWork/tests/samePrefixMarkedMtx/depth2/node6/test2_2.mtx 2.1 263.703 0.00531366 0.0673333 
/home/antonkov/masterWork/tests/samePrefixMarkedMtx/depth2/node6/test2_2.mtx 2.2 371.866 0.00337409 0.0452174 
/home/antonkov/masterWork/tests/samePrefixMarkedMtx/depth2/node6/test2_2.mtx 2.3 496.648 0.002187 0.0288571 
/home/antonkov/masterWork/tests/samePrefixMarkedMtx/depth2/node6/test2_2.mtx 2.4 634.998 0.00153912 0.0204082 
/home/antonkov/masterWork/tests/samePrefixMarkedMtx/depth2/node6/test2_2.mtx 2.5 961.5 0.000854878 0.0120482 
/home/antonkov/masterWork/tests/samePrefixMarkedMtx/depth2/node6/test2_2.mtx 2.6 1414.02 0.00043852 0.00699301 
/home/antonkov/masterWork/tests/samePrefixMarkedMtx/depth2/node6/test2_2.mtx 2.7 2121.11 0.000272684 0.00417355 
/home/antonkov/masterWork/tests/samePrefixMarkedMtx/depth2/node6/test2_2.mtx 2.8 3197.4 0.000153621 0.00242788 
/home/antonkov/masterWork/tests/samePrefixMarkedMtx/depth2/node6/test2_2.mtx 2.9 4264.51 9.91381e-05 0.00161812 
/home/antonkov/masterWork/tests/samePrefixMarkedMtx/depth2/node6/test2_2.mtx 3 7122.3 4.85085e-05 0.00086881 
/home/antonkov/masterWork/tests/samePrefixMarkedMtx/depth2/node6/test2_2.mtx 3.1 0 -1 -1 
/home/antonkov/masterWork/tests/samePrefixMarkedMtx/depth2/node6/test2_2.mtx 3.2 0 -1 -1 
/home/antonkov/masterWork/tests/samePrefixMarkedMtx/depth2/node6/test2_2.mtx 3.3 0 -1 -1 
/home/antonkov/masterWork/tests/samePrefixMarkedMtx/depth2/node6/test2_2.mtx 3.4 0 -1 -1 
/home/antonkov/masterWork/tests/samePrefixMarkedMtx/depth2/node6/test2_2.mtx 3.5 0 -1 -1 
/home/antonkov/masterWork/tests/samePrefixMarkedMtx/depth2/node6/test2_3.mtx 1 119.768 0.0823351 0.82 
/home/antonkov/masterWork/tests/samePrefixMarkedMtx/depth2/node6/test2_3.mtx 1.1 110.305 0.0735764 0.745 
/home/antonkov/masterWork/tests/samePrefixMarkedMtx/depth2/node6/test2_3.mtx 1.2 101.646 0.0646354 0.685 
/home/antonkov/masterWork/tests/samePrefixMarkedMtx/depth2/node6/test2_3.mtx 1.3 100.067 0.0548958 0.6 
/home/antonkov/masterWork/tests/samePrefixMarkedMtx/depth2/node6/test2_3.mtx 1.4 93.9389 0.0460243 0.52 
/home/antonkov/masterWork/tests/samePrefixMarkedMtx/depth2/node6/test2_3.mtx 1.5 121.614 0.035735 0.42 
/home/antonkov/masterWork/tests/samePrefixMarkedMtx/depth2/node6/test2_3.mtx 1.6 109.926 0.028588 0.343333 
/home/antonkov/masterWork/tests/samePrefixMarkedMtx/depth2/node6/test2_3.mtx 1.7 123.328 0.0214627 0.2525 
/home/antonkov/masterWork/tests/samePrefixMarkedMtx/depth2/node6/test2_3.mtx 1.8 161.443 0.0163484 0.193333 
/home/antonkov/masterWork/tests/samePrefixMarkedMtx/depth2/node6/test2_3.mtx 1.9 165.785 0.0119816 0.147143 
/home/antonkov/masterWork/tests/samePrefixMarkedMtx/depth2/node6/test2_3.mtx 2 186.362 0.00884259 0.111111 
/home/antonkov/masterWork/tests/samePrefixMarkedMtx/depth2/node6/test2_3.mtx 2.1 231.527 0.00605903 0.0776923 
/home/antonkov/masterWork/tests/samePrefixMarkedMtx/depth2/node6/test2_3.mtx 2.2 308.993 0.0038432 0.0531579 
/home/antonkov/masterWork/tests/samePrefixMarkedMtx/depth2/node6/test2_3.mtx 2.3 401.947 0.00264447 0.0360714 
/home/antonkov/masterWork/tests/samePrefixMarkedMtx/depth2/node6/test2_3.mtx 2.4 557.102 0.00171391 0.0232558 
/home/antonkov/masterWork/tests/samePrefixMarkedMtx/depth2/node6/test2_3.mtx 2.5 824.187 0.000992675 0.0136986 
/home/antonkov/masterWork/tests/samePrefixMarkedMtx/depth2/node6/test2_3.mtx 2.6 1465.21 0.000504637 0.00677852 
/home/antonkov/masterWork/tests/samePrefixMarkedMtx/depth2/node6/test2_3.mtx 2.7 2138.42 0.000266158 0.00398406 
/home/antonkov/masterWork/tests/samePrefixMarkedMtx/depth2/node6/test2_3.mtx 2.8 3153.32 0.000148002 0.0023753 
/home/antonkov/masterWork/tests/samePrefixMarkedMtx/depth2/node6/test2_3.mtx 2.9 5320.58 7.14485e-05 0.00125471 
/home/antonkov/masterWork/tests/samePrefixMarkedMtx/depth2/node6/test2_3.mtx 3 7738.79 4.83892e-05 0.000779423 
/home/antonkov/masterWork/tests/samePrefixMarkedMtx/depth2/node6/test2_3.mtx 3.1 0 -1 -1 
/home/antonkov/masterWork/tests/samePrefixMarkedMtx/depth2/node6/test2_3.mtx 3.2 0 -1 -1 
/home/antonkov/masterWork/tests/samePrefixMarkedMtx/depth2/node6/test2_3.mtx 3.3 0 -1 -1 
/home/antonkov/masterWork/tests/samePrefixMarkedMtx/depth2/node6/test2_3.mtx 3.4 0 -1 -1 
/home/antonkov/masterWork/tests/samePrefixMarkedMtx/depth2/node6/test2_3.mtx 3.5 0 -1 -1 
/home/antonkov/masterWork/tests/samePrefixMarkedMtx/depth2/node6/test2_4.mtx 1 122.994 0.086276 0.865 
/home/antonkov/masterWork/tests/samePrefixMarkedMtx/depth2/node6/test2_4.mtx 1.1 119.002 0.0787587 0.82 
/home/antonkov/masterWork/tests/samePrefixMarkedMtx/depth2/node6/test2_4.mtx 1.2 111.559 0.0688281 0.74 
/home/antonkov/masterWork/tests/samePrefixMarkedMtx/depth2/node6/test2_4.mtx 1.3 101.935 0.0590104 0.655 
/home/antonkov/masterWork/tests/samePrefixMarkedMtx/depth2/node6/test2_4.mtx 1.4 95.9289 0.0478472 0.54 
/home/antonkov/masterWork/tests/samePrefixMarkedMtx/depth2/node6/test2_4.mtx 1.5 116.746 0.0356308 0.4 
/home/antonkov/masterWork/tests/samePrefixMarkedMtx/depth2/node6/test2_4.mtx 1.6 134.26 0.0289236 0.33 
/home/antonkov/masterWork/tests/samePrefixMarkedMtx/depth2/node6/test2_4.mtx 1.7 125.818 0.0214366 0.26 
/home/antonkov/masterWork/tests/samePrefixMarkedMtx/depth2/node6/test2_4.mtx 1.8 157.406 0.0172743 0.201667 
/home/antonkov/masterWork/tests/samePrefixMarkedMtx/depth2/node6/test2_4.mtx 1.9 166.621 0.0125967 0.152857 
/home/antonkov/masterWork/tests/samePrefixMarkedMtx/depth2/node6/test2_4.mtx 2 189.57 0.00959877 0.122222 
/home/antonkov/masterWork/tests/samePrefixMarkedMtx/depth2/node6/test2_4.mtx 2.1 275.378 0.00578993 0.0764286 
/home/antonkov/masterWork/tests/samePrefixMarkedMtx/depth2/node6/test2_4.mtx 2.2 327.09 0.00359288 0.05 
/home/antonkov/masterWork/tests/samePrefixMarkedMtx/depth2/node6/test2_4.mtx 2.3 527.514 0.00214809 0.0286486 
/home/antonkov/masterWork/tests/samePrefixMarkedMtx/depth2/node6/test2_4.mtx 2.4 657.777 0.00137629 0.0196078 
/home/antonkov/masterWork/tests/samePrefixMarkedMtx/depth2/node6/test2_4.mtx 2.5 866.925 0.000959788 0.0137838 
/home/antonkov/masterWork/tests/samePrefixMarkedMtx/depth2/node6/test2_4.mtx 2.6 1318.99 0.000489689 0.00770992 
/home/antonkov/masterWork/tests/samePrefixMarkedMtx/depth2/node6/test2_4.mtx 2.7 1968.23 0.00027275 0.00457014 
/home/antonkov/masterWork/tests/samePrefixMarkedMtx/depth2/node6/test2_4.mtx 2.8 3080.46 0.000155154 0.00252525 
/home/antonkov/masterWork/tests/samePrefixMarkedMtx/depth2/node6/test2_4.mtx 2.9 4523.65 9.58195e-05 0.0015361 
/home/antonkov/masterWork/tests/samePrefixMarkedMtx/depth2/node6/test2_4.mtx 3 8073.24 4.38688e-05 0.000766871 
/home/antonkov/masterWork/tests/samePrefixMarkedMtx/depth2/node6/test2_4.mtx 3.1 0 -1 -1 
/home/antonkov/masterWork/tests/samePrefixMarkedMtx/depth2/node6/test2_4.mtx 3.2 0 -1 -1 
/home/antonkov/masterWork/tests/samePrefixMarkedMtx/depth2/node6/test2_4.mtx 3.3 0 -1 -1 
/home/antonkov/masterWork/tests/samePrefixMarkedMtx/depth2/node6/test2_4.mtx 3.4 0 -1 -1 
/home/antonkov/masterWork/tests/samePrefixMarkedMtx/depth2/node6/test2_4.mtx 3.5 0 -1 -1 
/home/antonkov/masterWork/tests/samePrefixMarkedMtx/depth2/node6/test97_0.mtx 1 114.715 0.0841406 0.835 
/home/antonkov/masterWork/tests/samePrefixMarkedMtx/depth2/node6/test97_0.mtx 1.1 112.726 0.0752691 0.78 
/home/antonkov/masterWork/tests/samePrefixMarkedMtx/depth2/node6/test97_0.mtx 1.2 102.556 0.0670833 0.71 
/home/antonkov/masterWork/tests/samePrefixMarkedMtx/depth2/node6/test97_0.mtx 1.3 96.4866 0.0574392 0.62 
/home/antonkov/masterWork/tests/samePrefixMarkedMtx/depth2/node6/test97_0.mtx 1.4 95.3172 0.0478733 0.53 
/home/antonkov/masterWork/tests/samePrefixMarkedMtx/depth2/node6/test97_0.mtx 1.5 117.904 0.0373438 0.426667 
/home/antonkov/masterWork/tests/samePrefixMarkedMtx/depth2/node6/test97_0.mtx 1.6 109.281 0.0312153 0.346667 
/home/antonkov/masterWork/tests/samePrefixMarkedMtx/depth2/node6/test97_0.mtx 1.7 121.174 0.0224566 0.255 
/home/antonkov/masterWork/tests/samePrefixMarkedMtx/depth2/node6/test97_0.mtx 1.8 155.695 0.0163281 0.196667 
/home/antonkov/masterWork/tests/samePrefixMarkedMtx/depth2/node6/test97_0.mtx 1.9 185.352 0.0118338 0.145 
/home/antonkov/masterWork/tests/samePrefixMarkedMtx/depth2/node6/test97_0.mtx 2 202.484 0.00855903 0.104 
/home/antonkov/masterWork/tests/samePrefixMarkedMtx/depth2/node6/test97_0.mtx 2.1 268.682 0.00550231 0.0666667 
/home/antonkov/masterWork/tests/samePrefixMarkedMtx/depth2/node6/test97_0.mtx 2.2 374.771 0.00346137 0.0433333 
/home/antonkov/masterWork/tests/samePrefixMarkedMtx/depth2/node6/test97_0.mtx 2.3 478.21 0.00215873 0.0291429 
/home/antonkov/masterWork/tests/samePrefixMarkedMtx/depth2/node6/test97_0.mtx 2.4 711.019 0.00123294 0.0172414 
/home/antonkov/masterWork/tests/samePrefixMarkedMtx/depth2/node6/test97_0.mtx 2.5 1100.87 0.000699786 0.00971154 
/home/antonkov/masterWork/tests/samePrefixMarkedMtx/depth2/node6/test97_0.mtx 2.6 1506.79 0.000394697 0.00617284 
/home/antonkov/masterWork/tests/samePrefixMarkedMtx/depth2/node6/test97_0.mtx 2.7 2161.67 0.000271259 0.00383142 
/home/antonkov/masterWork/tests/samePrefixMarkedMtx/depth2/node6/test97_0.mtx 2.8 3344.12 0.000158763 0.00221491 
/home/antonkov/masterWork/tests/samePrefixMarkedMtx/depth2/node6/test97_0.mtx 2.9 5118.34 8.47168e-05 0.00129366 
/home/antonkov/masterWork/tests/samePrefixMarkedMtx/depth2/node6/test97_0.mtx 3 11277.1 3.14872e-05 0.000517598 
/home/antonkov/masterWork/tests/samePrefixMarkedMtx/depth2/node6/test97_0.mtx 3.1 0 -1 -1 
/home/antonkov/masterWork/tests/samePrefixMarkedMtx/depth2/node6/test97_0.mtx 3.2 0 -1 -1 
/home/antonkov/masterWork/tests/samePrefixMarkedMtx/depth2/node6/test97_0.mtx 3.3 0 -1 -1 
/home/antonkov/masterWork/tests/samePrefixMarkedMtx/depth2/node6/test97_0.mtx 3.4 0 -1 -1 
/home/antonkov/masterWork/tests/samePrefixMarkedMtx/depth2/node6/test97_0.mtx 3.5 0 -1 -1 
/home/antonkov/masterWork/tests/samePrefixMarkedMtx/depth2/node6/test97_1.mtx 1 118.984 0.0851302 0.845 
/home/antonkov/masterWork/tests/samePrefixMarkedMtx/depth2/node6/test97_1.mtx 1.1 109.514 0.0747743 0.765 
/home/antonkov/masterWork/tests/samePrefixMarkedMtx/depth2/node6/test97_1.mtx 1.2 105.839 0.0656858 0.7 
/home/antonkov/masterWork/tests/samePrefixMarkedMtx/depth2/node6/test97_1.mtx 1.3 95.3025 0.0557986 0.6 
/home/antonkov/masterWork/tests/samePrefixMarkedMtx/depth2/node6/test97_1.mtx 1.4 90.1121 0.045599 0.51 
/home/antonkov/masterWork/tests/samePrefixMarkedMtx/depth2/node6/test97_1.mtx 1.5 116.959 0.0363137 0.41 
/home/antonkov/masterWork/tests/samePrefixMarkedMtx/depth2/node6/test97_1.mtx 1.6 107.021 0.0293171 0.336667 
/home/antonkov/masterWork/tests/samePrefixMarkedMtx/depth2/node6/test97_1.mtx 1.7 141.221 0.0220139 0.252 
/home/antonkov/masterWork/tests/samePrefixMarkedMtx/depth2/node6/test97_1.mtx 1.8 127.162 0.0169444 0.2 
/home/antonkov/masterWork/tests/samePrefixMarkedMtx/depth2/node6/test97_1.mtx 1.9 165.577 0.0123214 0.151429 
/home/antonkov/masterWork/tests/samePrefixMarkedMtx/depth2/node6/test97_1.mtx 2 184.686 0.00882716 0.113333 
/home/antonkov/masterWork/tests/samePrefixMarkedMtx/depth2/node6/test97_1.mtx 2.1 256.061 0.00576513 0.0728571 
/home/antonkov/masterWork/tests/samePrefixMarkedMtx/depth2/node6/test97_1.mtx 2.2 318.128 0.00398698 0.0515 
/home/antonkov/masterWork/tests/samePrefixMarkedMtx/depth2/node6/test97_1.mtx 2.3 426.917 0.00255903 0.0336667 
/home/antonkov/masterWork/tests/samePrefixMarkedMtx/depth2/node6/test97_1.mtx 2.4 636.015 0.00144574 0.0196078 
/home/antonkov/masterWork/tests/samePrefixMarkedMtx/depth2/node6/test97_1.mtx 2.5 1044.04 0.00080259 0.0104167 
/home/antonkov/masterWork/tests/samePrefixMarkedMtx/depth2/node6/test97_1.mtx 2.6 1525.63 0.000462023 0.00625 
/home/antonkov/masterWork/tests/samePrefixMarkedMtx/depth2/node6/test97_1.mtx 2.7 2134.09 0.000290496 0.00387597 
/home/antonkov/masterWork/tests/samePrefixMarkedMtx/depth2/node6/test97_1.mtx 2.8 3785.34 0.000130853 0.00190476 
/home/antonkov/masterWork/tests/samePrefixMarkedMtx/depth2/node6/test97_1.mtx 2.9 6173.51 6.77243e-05 0.00102145 
/home/antonkov/masterWork/tests/samePrefixMarkedMtx/depth2/node6/test97_1.mtx 3 11710.6 3.15156e-05 0.000481 
/home/antonkov/masterWork/tests/samePrefixMarkedMtx/depth2/node6/test97_1.mtx 3.1 0 -1 -1 
/home/antonkov/masterWork/tests/samePrefixMarkedMtx/depth2/node6/test97_1.mtx 3.2 0 -1 -1 
/home/antonkov/masterWork/tests/samePrefixMarkedMtx/depth2/node6/test97_1.mtx 3.3 0 -1 -1 
/home/antonkov/masterWork/tests/samePrefixMarkedMtx/depth2/node6/test97_1.mtx 3.4 0 -1 -1 
/home/antonkov/masterWork/tests/samePrefixMarkedMtx/depth2/node6/test97_1.mtx 3.5 0 -1 -1 
/home/antonkov/masterWork/tests/samePrefixMarkedMtx/depth2/node6/test97_2.mtx 1 115.24 0.0811892 0.795 
/home/antonkov/masterWork/tests/samePrefixMarkedMtx/depth2/node6/test97_2.mtx 1.1 111.962 0.0743924 0.75 
/home/antonkov/masterWork/tests/samePrefixMarkedMtx/depth2/node6/test97_2.mtx 1.2 103.982 0.0657726 0.675 
/home/antonkov/masterWork/tests/samePrefixMarkedMtx/depth2/node6/test97_2.mtx 1.3 100.091 0.0574653 0.62 
/home/antonkov/masterWork/tests/samePrefixMarkedMtx/depth2/node6/test97_2.mtx 1.4 94.9615 0.050434 0.54 
/home/antonkov/masterWork/tests/samePrefixMarkedMtx/depth2/node6/test97_2.mtx 1.5 123.53 0.0382002 0.44 
/home/antonkov/masterWork/tests/samePrefixMarkedMtx/depth2/node6/test97_2.mtx 1.6 114.038 0.0305961 0.363333 
/home/antonkov/masterWork/tests/samePrefixMarkedMtx/depth2/node6/test97_2.mtx 1.7 123.431 0.0227648 0.26 
/home/antonkov/masterWork/tests/samePrefixMarkedMtx/depth2/node6/test97_2.mtx 1.8 153.546 0.0153443 0.186667 
/home/antonkov/masterWork/tests/samePrefixMarkedMtx/depth2/node6/test97_2.mtx 1.9 191.794 0.0113585 0.14375 
/home/antonkov/masterWork/tests/samePrefixMarkedMtx/depth2/node6/test97_2.mtx 2 202.502 0.00796181 0.104 
/home/antonkov/masterWork/tests/samePrefixMarkedMtx/depth2/node6/test97_2.mtx 2.1 265.418 0.00502662 0.0673333 
/home/antonkov/masterWork/tests/samePrefixMarkedMtx/depth2/node6/test97_2.mtx 2.2 369.813 0.00322766 0.0434783 
/home/antonkov/masterWork/tests/samePrefixMarkedMtx/depth2/node6/test97_2.mtx 2.3 511.153 0.00192901 0.0286111 
/home/antonkov/masterWork/tests/samePrefixMarkedMtx/depth2/node6/test97_2.mtx 2.4 766.313 0.00111811 0.0162903 
/home/antonkov/masterWork/tests/samePrefixMarkedMtx/depth2/node6/test97_2.mtx 2.5 1003.39 0.000721754 0.0114607 
/home/antonkov/masterWork/tests/samePrefixMarkedMtx/depth2/node6/test97_2.mtx 2.6 1410.67 0.000448891 0.00719424 
/home/antonkov/masterWork/tests/samePrefixMarkedMtx/depth2/node6/test97_2.mtx 2.7 2228.62 0.000265065 0.00397638 
/home/antonkov/masterWork/tests/samePrefixMarkedMtx/depth2/node6/test97_2.mtx 2.8 3000.69 0.000161152 0.00259067 
/home/antonkov/masterWork/tests/samePrefixMarkedMtx/depth2/node6/test97_2.mtx 2.9 4380.38 8.95757e-05 0.00157978 
/home/antonkov/masterWork/tests/samePrefixMarkedMtx/depth2/node6/test97_2.mtx 3 7091.16 4.55085e-05 0.0008726 
/home/antonkov/masterWork/tests/samePrefixMarkedMtx/depth2/node6/test97_2.mtx 3.1 0 -1 -1 
/home/antonkov/masterWork/tests/samePrefixMarkedMtx/depth2/node6/test97_2.mtx 3.2 0 -1 -1 
/home/antonkov/masterWork/tests/samePrefixMarkedMtx/depth2/node6/test97_2.mtx 3.3 0 -1 -1 
/home/antonkov/masterWork/tests/samePrefixMarkedMtx/depth2/node6/test97_2.mtx 3.4 0 -1 -1 
/home/antonkov/masterWork/tests/samePrefixMarkedMtx/depth2/node6/test97_2.mtx 3.5 0 -1 -1 
/home/antonkov/masterWork/tests/samePrefixMarkedMtx/depth2/node6/test97_3.mtx 1 113.25 0.079566 0.805 
/home/antonkov/masterWork/tests/samePrefixMarkedMtx/depth2/node6/test97_3.mtx 1.1 108.114 0.069783 0.73 
/home/antonkov/masterWork/tests/samePrefixMarkedMtx/depth2/node6/test97_3.mtx 1.2 103.035 0.0632465 0.67 
/home/antonkov/masterWork/tests/samePrefixMarkedMtx/depth2/node6/test97_3.mtx 1.3 95.1124 0.052283 0.57 
/home/antonkov/masterWork/tests/samePrefixMarkedMtx/depth2/node6/test97_3.mtx 1.4 124.051 0.0421586 0.476667 
/home/antonkov/masterWork/tests/samePrefixMarkedMtx/depth2/node6/test97_3.mtx 1.5 115.716 0.0326794 0.373333 
/home/antonkov/masterWork/tests/samePrefixMarkedMtx/depth2/node6/test97_3.mtx 1.6 130.832 0.0250998 0.29 
/home/antonkov/masterWork/tests/samePrefixMarkedMtx/depth2/node6/test97_3.mtx 1.7 140.91 0.0192778 0.226 
/home/antonkov/masterWork/tests/samePrefixMarkedMtx/depth2/node6/test97_3.mtx 1.8 154.588 0.0148235 0.178333 
/home/antonkov/masterWork/tests/samePrefixMarkedMtx/depth2/node6/test97_3.mtx 1.9 173.802 0.0108724 0.1375 
/home/antonkov/masterWork/tests/samePrefixMarkedMtx/depth2/node6/test97_3.mtx 2 197.743 0.00803299 0.103 
/home/antonkov/masterWork/tests/samePrefixMarkedMtx/depth2/node6/test97_3.mtx 2.1 249.671 0.00584325 0.075 
/home/antonkov/masterWork/tests/samePrefixMarkedMtx/depth2/node6/test97_3.mtx 2.2 351.369 0.003387 0.0459091 
/home/antonkov/masterWork/tests/samePrefixMarkedMtx/depth2/node6/test97_3.mtx 2.3 454.894 0.0022843 0.0309091 
/home/antonkov/masterWork/tests/samePrefixMarkedMtx/depth2/node6/test97_3.mtx 2.4 689.67 0.00126377 0.0172414 
/home/antonkov/masterWork/tests/samePrefixMarkedMtx/depth2/node6/test97_3.mtx 2.5 1103.16 0.000746194 0.00980769 
/home/antonkov/masterWork/tests/samePrefixMarkedMtx/depth2/node6/test97_3.mtx 2.6 1453.75 0.000490135 0.00662252 
/home/antonkov/masterWork/tests/samePrefixMarkedMtx/depth2/node6/test97_3.mtx 2.7 2318.66 0.000241071 0.00357143 
/home/antonkov/masterWork/tests/samePrefixMarkedMtx/depth2/node6/test97_3.mtx 2.8 3310.79 0.000151696 0.00224215 
/home/antonkov/masterWork/tests/samePrefixMarkedMtx/depth2/node6/test97_3.mtx 2.9 5572.13 7.1716e-05 0.00116822 
/home/antonkov/masterWork/tests/samePrefixMarkedMtx/depth2/node6/test97_3.mtx 3 9232.5 3.73923e-05 0.000632911 
/home/antonkov/masterWork/tests/samePrefixMarkedMtx/depth2/node6/test97_3.mtx 3.1 0 -1 -1 
/home/antonkov/masterWork/tests/samePrefixMarkedMtx/depth2/node6/test97_3.mtx 3.2 0 -1 -1 
/home/antonkov/masterWork/tests/samePrefixMarkedMtx/depth2/node6/test97_3.mtx 3.3 0 -1 -1 
/home/antonkov/masterWork/tests/samePrefixMarkedMtx/depth2/node6/test97_3.mtx 3.4 0 -1 -1 
/home/antonkov/masterWork/tests/samePrefixMarkedMtx/depth2/node6/test97_3.mtx 3.5 0 -1 -1 
/home/antonkov/masterWork/tests/samePrefixMarkedMtx/depth2/node6/test97_4.mtx 1 112.017 0.0798872 0.79 
/home/antonkov/masterWork/tests/samePrefixMarkedMtx/depth2/node6/test97_4.mtx 1.1 107.97 0.0705122 0.72 
/home/antonkov/masterWork/tests/samePrefixMarkedMtx/depth2/node6/test97_4.mtx 1.2 99.0764 0.0603646 0.63 
/home/antonkov/masterWork/tests/samePrefixMarkedMtx/depth2/node6/test97_4.mtx 1.3 94.274 0.0514062 0.55 
/home/antonkov/masterWork/tests/samePrefixMarkedMtx/depth2/node6/test97_4.mtx 1.4 120.244 0.0414063 0.466667 
/home/antonkov/masterWork/tests/samePrefixMarkedMtx/depth2/node6/test97_4.mtx 1.5 112.052 0.0328762 0.386667 
/home/antonkov/masterWork/tests/samePrefixMarkedMtx/depth2/node6/test97_4.mtx 1.6 131.139 0.0265278 0.3125 
/home/antonkov/masterWork/tests/samePrefixMarkedMtx/depth2/node6/test97_4.mtx 1.7 143.163 0.0195035 0.234 
/home/antonkov/masterWork/tests/samePrefixMarkedMtx/depth2/node6/test97_4.mtx 1.8 151.042 0.0161372 0.196667 
/home/antonkov/masterWork/tests/samePrefixMarkedMtx/depth2/node6/test97_4.mtx 1.9 161.696 0.0113914 0.144286 
/home/antonkov/masterWork/tests/samePrefixMarkedMtx/depth2/node6/test97_4.mtx 2 201.516 0.00796528 0.1 
/home/antonkov/masterWork/tests/samePrefixMarkedMtx/depth2/node6/test97_4.mtx 2.1 279.021 0.00509549 0.064375 
/home/antonkov/masterWork/tests/samePrefixMarkedMtx/depth2/node6/test97_4.mtx 2.2 341.393 0.00357402 0.0459091 
/home/antonkov/masterWork/tests/samePrefixMarkedMtx/depth2/node6/test97_4.mtx 2.3 461.26 0.0022692 0.0294118 
/home/antonkov/masterWork/tests/samePrefixMarkedMtx/depth2/node6/test97_4.mtx 2.4 700.451 0.00128263 0.0174138 
/home/antonkov/masterWork/tests/samePrefixMarkedMtx/depth2/node6/test97_4.mtx 2.5 895.689 0.000802734 0.0125 
/home/antonkov/masterWork/tests/samePrefixMarkedMtx/depth2/node6/test97_4.mtx 2.6 1425.02 0.000470785 0.00689655 
/home/antonkov/masterWork/tests/samePrefixMarkedMtx/depth2/node6/test97_4.mtx 2.7 2139.72 0.000279033 0.00401606 
/home/antonkov/masterWork/tests/samePrefixMarkedMtx/depth2/node6/test97_4.mtx 2.8 2851.17 0.000188657 0.00266667 
/home/antonkov/masterWork/tests/samePrefixMarkedMtx/depth2/node6/test97_4.mtx 2.9 5150.19 8.45775e-05 0.00128335 
/home/antonkov/masterWork/tests/samePrefixMarkedMtx/depth2/node6/test97_4.mtx 3 8849.77 4.30796e-05 0.000664894 
/home/antonkov/masterWork/tests/samePrefixMarkedMtx/depth2/node6/test97_4.mtx 3.1 0 -1 -1 
/home/antonkov/masterWork/tests/samePrefixMarkedMtx/depth2/node6/test97_4.mtx 3.2 0 -1 -1 
/home/antonkov/masterWork/tests/samePrefixMarkedMtx/depth2/node6/test97_4.mtx 3.3 0 -1 -1 
/home/antonkov/masterWork/tests/samePrefixMarkedMtx/depth2/node6/test97_4.mtx 3.4 0 -1 -1 
/home/antonkov/masterWork/tests/samePrefixMarkedMtx/depth2/node6/test97_4.mtx 3.5 0 -1 -1 
/home/antonkov/masterWork/tests/samePrefixMarkedMtx/depth2/node6/test98_0.mtx 1 121.317 0.082283 0.83 
/home/antonkov/masterWork/tests/samePrefixMarkedMtx/depth2/node6/test98_0.mtx 1.1 115.745 0.0729253 0.745 
/home/antonkov/masterWork/tests/samePrefixMarkedMtx/depth2/node6/test98_0.mtx 1.2 107.673 0.0645052 0.69 
/home/antonkov/masterWork/tests/samePrefixMarkedMtx/depth2/node6/test98_0.mtx 1.3 100.91 0.0544965 0.59 
/home/antonkov/masterWork/tests/samePrefixMarkedMtx/depth2/node6/test98_0.mtx 1.4 97.9501 0.0468576 0.53 
/home/antonkov/masterWork/tests/samePrefixMarkedMtx/depth2/node6/test98_0.mtx 1.5 126.148 0.0364583 0.426667 
/home/antonkov/masterWork/tests/samePrefixMarkedMtx/depth2/node6/test98_0.mtx 1.6 118.636 0.0294039 0.36 
/home/antonkov/masterWork/tests/samePrefixMarkedMtx/depth2/node6/test98_0.mtx 1.7 133.216 0.0222526 0.28 
/home/antonkov/masterWork/tests/samePrefixMarkedMtx/depth2/node6/test98_0.mtx 1.8 168.416 0.0180093 0.213333 
/home/antonkov/masterWork/tests/samePrefixMarkedMtx/depth2/node6/test98_0.mtx 1.9 186.628 0.0132738 0.155714 
/home/antonkov/masterWork/tests/samePrefixMarkedMtx/depth2/node6/test98_0.mtx 2 201.484 0.00965278 0.121111 
/home/antonkov/masterWork/tests/samePrefixMarkedMtx/depth2/node6/test98_0.mtx 2.1 241.578 0.00680845 0.0875 
/home/antonkov/masterWork/tests/samePrefixMarkedMtx/depth2/node6/test98_0.mtx 2.2 310.698 0.00477839 0.0611765 
/home/antonkov/masterWork/tests/samePrefixMarkedMtx/depth2/node6/test98_0.mtx 2.3 385.188 0.00296586 0.0416667 
/home/antonkov/masterWork/tests/samePrefixMarkedMtx/depth2/node6/test98_0.mtx 2.4 640.565 0.00158835 0.0222222 
/home/antonkov/masterWork/tests/samePrefixMarkedMtx/depth2/node6/test98_0.mtx 2.5 883.499 0.00106683 0.0144928 
/home/antonkov/masterWork/tests/samePrefixMarkedMtx/depth2/node6/test98_0.mtx 2.6 1239.66 0.000601641 0.00918182 
/home/antonkov/masterWork/tests/samePrefixMarkedMtx/depth2/node6/test98_0.mtx 2.7 2083 0.000308518 0.0046789 
/home/antonkov/masterWork/tests/samePrefixMarkedMtx/depth2/node6/test98_0.mtx 2.8 3094.15 0.000187761 0.00268097 
/home/antonkov/masterWork/tests/samePrefixMarkedMtx/depth2/node6/test98_0.mtx 2.9 4852.86 0.000105065 0.00152207 
/home/antonkov/masterWork/tests/samePrefixMarkedMtx/depth2/node6/test98_0.mtx 3 7502.84 5.68847e-05 0.000877963 
/home/antonkov/masterWork/tests/samePrefixMarkedMtx/depth2/node6/test98_0.mtx 3.1 0 -1 -1 
/home/antonkov/masterWork/tests/samePrefixMarkedMtx/depth2/node6/test98_0.mtx 3.2 0 -1 -1 
/home/antonkov/masterWork/tests/samePrefixMarkedMtx/depth2/node6/test98_0.mtx 3.3 0 -1 -1 
/home/antonkov/masterWork/tests/samePrefixMarkedMtx/depth2/node6/test98_0.mtx 3.4 0 -1 -1 
/home/antonkov/masterWork/tests/samePrefixMarkedMtx/depth2/node6/test98_0.mtx 3.5 0 -1 -1 
/home/antonkov/masterWork/tests/samePrefixMarkedMtx/depth2/node6/test98_1.mtx 1 120.047 0.0810677 0.805 
/home/antonkov/masterWork/tests/samePrefixMarkedMtx/depth2/node6/test98_1.mtx 1.1 118.818 0.072283 0.735 
/home/antonkov/masterWork/tests/samePrefixMarkedMtx/depth2/node6/test98_1.mtx 1.2 106.679 0.0639323 0.67 
/home/antonkov/masterWork/tests/samePrefixMarkedMtx/depth2/node6/test98_1.mtx 1.3 102.59 0.0551476 0.585 
/home/antonkov/masterWork/tests/samePrefixMarkedMtx/depth2/node6/test98_1.mtx 1.4 96.9743 0.0478819 0.515 
/home/antonkov/masterWork/tests/samePrefixMarkedMtx/depth2/node6/test98_1.mtx 1.5 125.261 0.0386748 0.43 
/home/antonkov/masterWork/tests/samePrefixMarkedMtx/depth2/node6/test98_1.mtx 1.6 122.765 0.0321354 0.366667 
/home/antonkov/masterWork/tests/samePrefixMarkedMtx/depth2/node6/test98_1.mtx 1.7 133.992 0.0235634 0.2775 
/home/antonkov/masterWork/tests/samePrefixMarkedMtx/depth2/node6/test98_1.mtx 1.8 143.837 0.0171528 0.21 
/home/antonkov/masterWork/tests/samePrefixMarkedMtx/depth2/node6/test98_1.mtx 1.9 181.879 0.01188 0.145714 
/home/antonkov/masterWork/tests/samePrefixMarkedMtx/depth2/node6/test98_1.mtx 2 202.828 0.00882716 0.113333 
/home/antonkov/masterWork/tests/samePrefixMarkedMtx/depth2/node6/test98_1.mtx 2.1 267.7 0.00576761 0.075 
/home/antonkov/masterWork/tests/samePrefixMarkedMtx/depth2/node6/test98_1.mtx 2.2 372.726 0.00355824 0.0472727 
/home/antonkov/masterWork/tests/samePrefixMarkedMtx/depth2/node6/test98_1.mtx 2.3 500.118 0.00227124 0.0305882 
/home/antonkov/masterWork/tests/samePrefixMarkedMtx/depth2/node6/test98_1.mtx 2.4 713.206 0.00132137 0.0188889 
/home/antonkov/masterWork/tests/samePrefixMarkedMtx/depth2/node6/test98_1.mtx 2.5 1183.39 0.000712657 0.00990196 
/home/antonkov/masterWork/tests/samePrefixMarkedMtx/depth2/node6/test98_1.mtx 2.6 1766.85 0.000400911 0.00578035 
/home/antonkov/masterWork/tests/samePrefixMarkedMtx/depth2/node6/test98_1.mtx 2.7 2372.26 0.000265962 0.00380228 
/home/antonkov/masterWork/tests/samePrefixMarkedMtx/depth2/node6/test98_1.mtx 2.8 3205.28 0.000166615 0.00248756 
/home/antonkov/masterWork/tests/samePrefixMarkedMtx/depth2/node6/test98_1.mtx 2.9 5099.87 9.4201e-05 0.00139665 
/home/antonkov/masterWork/tests/samePrefixMarkedMtx/depth2/node6/test98_1.mtx 3 8992.23 4.40107e-05 0.00070028 
/home/antonkov/masterWork/tests/samePrefixMarkedMtx/depth2/node6/test98_1.mtx 3.1 0 -1 -1 
/home/antonkov/masterWork/tests/samePrefixMarkedMtx/depth2/node6/test98_1.mtx 3.2 0 -1 -1 
/home/antonkov/masterWork/tests/samePrefixMarkedMtx/depth2/node6/test98_1.mtx 3.3 0 -1 -1 
/home/antonkov/masterWork/tests/samePrefixMarkedMtx/depth2/node6/test98_1.mtx 3.4 0 -1 -1 
/home/antonkov/masterWork/tests/samePrefixMarkedMtx/depth2/node6/test98_1.mtx 3.5 0 -1 -1 
/home/antonkov/masterWork/tests/samePrefixMarkedMtx/depth2/node6/test98_2.mtx 1 120.772 0.0802604 0.79 
/home/antonkov/masterWork/tests/samePrefixMarkedMtx/depth2/node6/test98_2.mtx 1.1 114.242 0.0721007 0.73 
/home/antonkov/masterWork/tests/samePrefixMarkedMtx/depth2/node6/test98_2.mtx 1.2 107.279 0.063941 0.675 
/home/antonkov/masterWork/tests/samePrefixMarkedMtx/depth2/node6/test98_2.mtx 1.3 101.507 0.0544965 0.595 
/home/antonkov/masterWork/tests/samePrefixMarkedMtx/depth2/node6/test98_2.mtx 1.4 97.8685 0.0465278 0.52 
/home/antonkov/masterWork/tests/samePrefixMarkedMtx/depth2/node6/test98_2.mtx 1.5 123.139 0.0369329 0.43 
/home/antonkov/masterWork/tests/samePrefixMarkedMtx/depth2/node6/test98_2.mtx 1.6 116.054 0.0283565 0.343333 
/home/antonkov/masterWork/tests/samePrefixMarkedMtx/depth2/node6/test98_2.mtx 1.7 127.214 0.0210938 0.25 
/home/antonkov/masterWork/tests/samePrefixMarkedMtx/depth2/node6/test98_2.mtx 1.8 167.922 0.0181742 0.206667 
/home/antonkov/masterWork/tests/samePrefixMarkedMtx/depth2/node6/test98_2.mtx 1.9 176.09 0.0124777 0.151429 
/home/antonkov/masterWork/tests/samePrefixMarkedMtx/depth2/node6/test98_2.mtx 2 195.28 0.00990934 0.117778 
/home/antonkov/masterWork/tests/samePrefixMarkedMtx/depth2/node6/test98_2.mtx 2.1 274.628 0.00608507 0.0757143 
/home/antonkov/masterWork/tests/samePrefixMarkedMtx/depth2/node6/test98_2.mtx 2.2 388.461 0.00354246 0.0454545 
/home/antonkov/masterWork/tests/samePrefixMarkedMtx/depth2/node6/test98_2.mtx 2.3 464.415 0.00268866 0.0343333 
/home/antonkov/masterWork/tests/samePrefixMarkedMtx/depth2/node6/test98_2.mtx 2.4 748.707 0.00130929 0.0188679 
/home/antonkov/masterWork/tests/samePrefixMarkedMtx/depth2/node6/test98_2.mtx 2.5 904.632 0.000977527 0.0140278 
/home/antonkov/masterWork/tests/samePrefixMarkedMtx/depth2/node6/test98_2.mtx 2.6 1219.03 0.000678209 0.00935185 
/home/antonkov/masterWork/tests/samePrefixMarkedMtx/depth2/node6/test98_2.mtx 2.7 2110.43 0.000299789 0.00446429 
/home/antonkov/masterWork/tests/samePrefixMarkedMtx/depth2/node6/test98_2.mtx 2.8 3590.06 0.000154593 0.00227273 
/home/antonkov/masterWork/tests/samePrefixMarkedMtx/depth2/node6/test98_2.mtx 2.9 5062.84 9.05437e-05 0.00144509 
/home/antonkov/masterWork/tests/samePrefixMarkedMtx/depth2/node6/test98_2.mtx 3 9550.67 4.13869e-05 0.000677048 
/home/antonkov/masterWork/tests/samePrefixMarkedMtx/depth2/node6/test98_2.mtx 3.1 0 -1 -1 
/home/antonkov/masterWork/tests/samePrefixMarkedMtx/depth2/node6/test98_2.mtx 3.2 0 -1 -1 
/home/antonkov/masterWork/tests/samePrefixMarkedMtx/depth2/node6/test98_2.mtx 3.3 0 -1 -1 
/home/antonkov/masterWork/tests/samePrefixMarkedMtx/depth2/node6/test98_2.mtx 3.4 0 -1 -1 
/home/antonkov/masterWork/tests/samePrefixMarkedMtx/depth2/node6/test98_2.mtx 3.5 0 -1 -1 
/home/antonkov/masterWork/tests/samePrefixMarkedMtx/depth2/node6/test98_3.mtx 1 126.151 0.0859722 0.84 
/home/antonkov/masterWork/tests/samePrefixMarkedMtx/depth2/node6/test98_3.mtx 1.1 120.557 0.0774306 0.79 
/home/antonkov/masterWork/tests/samePrefixMarkedMtx/depth2/node6/test98_3.mtx 1.2 111.018 0.066224 0.69 
/home/antonkov/masterWork/tests/samePrefixMarkedMtx/depth2/node6/test98_3.mtx 1.3 103.051 0.0570226 0.615 
/home/antonkov/masterWork/tests/samePrefixMarkedMtx/depth2/node6/test98_3.mtx 1.4 131.202 0.0467882 0.506667 
/home/antonkov/masterWork/tests/samePrefixMarkedMtx/depth2/node6/test98_3.mtx 1.5 123.959 0.0384549 0.426667 
/home/antonkov/masterWork/tests/samePrefixMarkedMtx/depth2/node6/test98_3.mtx 1.6 113.656 0.0312789 0.35 
/home/antonkov/masterWork/tests/samePrefixMarkedMtx/depth2/node6/test98_3.mtx 1.7 132.357 0.0228212 0.27 
/home/antonkov/masterWork/tests/samePrefixMarkedMtx/depth2/node6/test98_3.mtx 1.8 148.685 0.0180382 0.226 
/home/antonkov/masterWork/tests/samePrefixMarkedMtx/depth2/node6/test98_3.mtx 1.9 176.369 0.0125719 0.157143 
/home/antonkov/masterWork/tests/samePrefixMarkedMtx/depth2/node6/test98_3.mtx 2 220.726 0.00831076 0.107 
/home/antonkov/masterWork/tests/samePrefixMarkedMtx/depth2/node6/test98_3.mtx 2.1 256.02 0.00642361 0.08 
/home/antonkov/masterWork/tests/samePrefixMarkedMtx/depth2/node6/test98_3.mtx 2.2 357.68 0.00392526 0.05 
/home/antonkov/masterWork/tests/samePrefixMarkedMtx/depth2/node6/test98_3.mtx 2.3 546.217 0.00223283 0.0277778 
/home/antonkov/masterWork/tests/samePrefixMarkedMtx/depth2/node6/test98_3.mtx 2.4 782.714 0.00128296 0.0171186 
/home/antonkov/masterWork/tests/samePrefixMarkedMtx/depth2/node6/test98_3.mtx 2.5 1104.56 0.000824283 0.0106383 
/home/antonkov/masterWork/tests/samePrefixMarkedMtx/depth2/node6/test98_3.mtx 2.6 1550.97 0.000498904 0.00657895 
/home/antonkov/masterWork/tests/samePrefixMarkedMtx/depth2/node6/test98_3.mtx 2.7 2154.1 0.00030119 0.00414938 
/home/antonkov/masterWork/tests/samePrefixMarkedMtx/depth2/node6/test98_3.mtx 2.8 3432 0.000166274 0.00230947 
/home/antonkov/masterWork/tests/samePrefixMarkedMtx/depth2/node6/test98_3.mtx 2.9 5416.97 8.44672e-05 0.00127065 
/home/antonkov/masterWork/tests/samePrefixMarkedMtx/depth2/node6/test98_3.mtx 3 9230.22 4.17748e-05 0.000662691 
/home/antonkov/masterWork/tests/samePrefixMarkedMtx/depth2/node6/test98_3.mtx 3.1 0 -1 -1 
/home/antonkov/masterWork/tests/samePrefixMarkedMtx/depth2/node6/test98_3.mtx 3.2 0 -1 -1 
/home/antonkov/masterWork/tests/samePrefixMarkedMtx/depth2/node6/test98_3.mtx 3.3 0 -1 -1 
/home/antonkov/masterWork/tests/samePrefixMarkedMtx/depth2/node6/test98_3.mtx 3.4 0 -1 -1 
/home/antonkov/masterWork/tests/samePrefixMarkedMtx/depth2/node6/test98_3.mtx 3.5 0 -1 -1 
/home/antonkov/masterWork/tests/samePrefixMarkedMtx/depth2/node6/test98_4.mtx 1 123.257 0.0855729 0.84 
/home/antonkov/masterWork/tests/samePrefixMarkedMtx/depth2/node6/test98_4.mtx 1.1 117.538 0.0748698 0.755 
/home/antonkov/masterWork/tests/samePrefixMarkedMtx/depth2/node6/test98_4.mtx 1.2 106.927 0.0654253 0.665 
/home/antonkov/masterWork/tests/samePrefixMarkedMtx/depth2/node6/test98_4.mtx 1.3 100.564 0.0550694 0.585 
/home/antonkov/masterWork/tests/samePrefixMarkedMtx/depth2/node6/test98_4.mtx 1.4 97.7835 0.0482205 0.52 
/home/antonkov/masterWork/tests/samePrefixMarkedMtx/depth2/node6/test98_4.mtx 1.5 120.998 0.034213 0.38 
/home/antonkov/masterWork/tests/samePrefixMarkedMtx/depth2/node6/test98_4.mtx 1.6 146.165 0.0270573 0.3125 
/home/antonkov/masterWork/tests/samePrefixMarkedMtx/depth2/node6/test98_4.mtx 1.7 127.926 0.0222569 0.26 
/home/antonkov/masterWork/tests/samePrefixMarkedMtx/depth2/node6/test98_4.mtx 1.8 143.603 0.0164097 0.202 
/home/antonkov/masterWork/tests/samePrefixMarkedMtx/depth2/node6/test98_4.mtx 1.9 173.179 0.0125099 0.152857 
/home/antonkov/masterWork/tests/samePrefixMarkedMtx/depth2/node6/test98_4.mtx 2 223.564 0.00887674 0.109 
/home/antonkov/masterWork/tests/samePrefixMarkedMtx/depth2/node6/test98_4.mtx 2.1 275.662 0.00590402 0.075 
/home/antonkov/masterWork/tests/samePrefixMarkedMtx/depth2/node6/test98_4.mtx 2.2 351.979 0.00387587 0.051 
/home/antonkov/masterWork/tests/samePrefixMarkedMtx/depth2/node6/test98_4.mtx 2.3 466.259 0.00262789 0.0336667 
/home/antonkov/masterWork/tests/samePrefixMarkedMtx/depth2/node6/test98_4.mtx 2.4 674.386 0.00152423 0.0204082 
/home/antonkov/masterWork/tests/samePrefixMarkedMtx/depth2/node6/test98_4.mtx 2.5 1017.93 0.00083166 0.0121687 
/home/antonkov/masterWork/tests/samePrefixMarkedMtx/depth2/node6/test98_4.mtx 2.6 1589.45 0.00050054 0.00675676 
/home/antonkov/masterWork/tests/samePrefixMarkedMtx/depth2/node6/test98_4.mtx 2.7 2394.65 0.000274033 0.00392157 
/home/antonkov/masterWork/tests/samePrefixMarkedMtx/depth2/node6/test98_4.mtx 2.8 3544.88 0.000159407 0.002331 
/home/antonkov/masterWork/tests/samePrefixMarkedMtx/depth2/node6/test98_4.mtx 2.9 6199.32 7.15046e-05 0.00115207 
/home/antonkov/masterWork/tests/samePrefixMarkedMtx/depth2/node6/test98_4.mtx 3 10837.9 3.70288e-05 0.00059312 
/home/antonkov/masterWork/tests/samePrefixMarkedMtx/depth2/node6/test98_4.mtx 3.1 0 -1 -1 
/home/antonkov/masterWork/tests/samePrefixMarkedMtx/depth2/node6/test98_4.mtx 3.2 0 -1 -1 
/home/antonkov/masterWork/tests/samePrefixMarkedMtx/depth2/node6/test98_4.mtx 3.3 0 -1 -1 
/home/antonkov/masterWork/tests/samePrefixMarkedMtx/depth2/node6/test98_4.mtx 3.4 0 -1 -1 
/home/antonkov/masterWork/tests/samePrefixMarkedMtx/depth2/node6/test98_4.mtx 3.5 0 -1 -1 
/home/antonkov/masterWork/tests/samePrefixMarkedMtx/depth2/node6/test99_0.mtx 1 116.163 0.0814757 0.8 
/home/antonkov/masterWork/tests/samePrefixMarkedMtx/depth2/node6/test99_0.mtx 1.1 106.955 0.0723264 0.73 
/home/antonkov/masterWork/tests/samePrefixMarkedMtx/depth2/node6/test99_0.mtx 1.2 99.8192 0.0647656 0.665 
/home/antonkov/masterWork/tests/samePrefixMarkedMtx/depth2/node6/test99_0.mtx 1.3 96.0894 0.0547309 0.595 
/home/antonkov/masterWork/tests/samePrefixMarkedMtx/depth2/node6/test99_0.mtx 1.4 91.661 0.0457292 0.5 
/home/antonkov/masterWork/tests/samePrefixMarkedMtx/depth2/node6/test99_0.mtx 1.5 115.783 0.0347627 0.4 
/home/antonkov/masterWork/tests/samePrefixMarkedMtx/depth2/node6/test99_0.mtx 1.6 128.503 0.0268924 0.3125 
/home/antonkov/masterWork/tests/samePrefixMarkedMtx/depth2/node6/test99_0.mtx 1.7 140.957 0.0196042 0.232 
/home/antonkov/masterWork/tests/samePrefixMarkedMtx/depth2/node6/test99_0.mtx 1.8 151.844 0.0146788 0.173333 
/home/antonkov/masterWork/tests/samePrefixMarkedMtx/depth2/node6/test99_0.mtx 1.9 178.419 0.0106858 0.1275 
/home/antonkov/masterWork/tests/samePrefixMarkedMtx/depth2/node6/test99_0.mtx 2 212.775 0.00778251 0.0927273 
/home/antonkov/masterWork/tests/samePrefixMarkedMtx/depth2/node6/test99_0.mtx 2.1 278.396 0.0052322 0.06375 
/home/antonkov/masterWork/tests/samePrefixMarkedMtx/depth2/node6/test99_0.mtx 2.2 396.056 0.00315572 0.0403846 
/home/antonkov/masterWork/tests/samePrefixMarkedMtx/depth2/node6/test99_0.mtx 2.3 527.353 0.00201206 0.0263158 
/home/antonkov/masterWork/tests/samePrefixMarkedMtx/depth2/node6/test99_0.mtx 2.4 745.376 0.00118448 0.016129 
/home/antonkov/masterWork/tests/samePrefixMarkedMtx/depth2/node6/test99_0.mtx 2.5 967.208 0.000886403 0.0114773 
/home/antonkov/masterWork/tests/samePrefixMarkedMtx/depth2/node6/test99_0.mtx 2.6 1597.22 0.000404356 0.00612121 
/home/antonkov/masterWork/tests/samePrefixMarkedMtx/depth2/node6/test99_0.mtx 2.7 2355.67 0.000245688 0.00364621 
/home/antonkov/masterWork/tests/samePrefixMarkedMtx/depth2/node6/test99_0.mtx 2.8 3566.99 0.000146714 0.00209644 
/home/antonkov/masterWork/tests/samePrefixMarkedMtx/depth2/node6/test99_0.mtx 2.9 5321.13 8.65458e-05 0.00124688 
/home/antonkov/masterWork/tests/samePrefixMarkedMtx/depth2/node6/test99_0.mtx 3 8763.37 4.22923e-05 0.000687758 
/home/antonkov/masterWork/tests/samePrefixMarkedMtx/depth2/node6/test99_0.mtx 3.1 0 -1 -1 
/home/antonkov/masterWork/tests/samePrefixMarkedMtx/depth2/node6/test99_0.mtx 3.2 0 -1 -1 
/home/antonkov/masterWork/tests/samePrefixMarkedMtx/depth2/node6/test99_0.mtx 3.3 0 -1 -1 
/home/antonkov/masterWork/tests/samePrefixMarkedMtx/depth2/node6/test99_0.mtx 3.4 0 -1 -1 
/home/antonkov/masterWork/tests/samePrefixMarkedMtx/depth2/node6/test99_0.mtx 3.5 0 -1 -1 
/home/antonkov/masterWork/tests/samePrefixMarkedMtx/depth2/node6/test99_1.mtx 1 118.771 0.0808073 0.825 
/home/antonkov/masterWork/tests/samePrefixMarkedMtx/depth2/node6/test99_1.mtx 1.1 108.193 0.0716667 0.74 
/home/antonkov/masterWork/tests/samePrefixMarkedMtx/depth2/node6/test99_1.mtx 1.2 101.861 0.0647396 0.71 
/home/antonkov/masterWork/tests/samePrefixMarkedMtx/depth2/node6/test99_1.mtx 1.3 97.9719 0.0552691 0.615 
/home/antonkov/masterWork/tests/samePrefixMarkedMtx/depth2/node6/test99_1.mtx 1.4 94.1933 0.0454427 0.52 
/home/antonkov/masterWork/tests/samePrefixMarkedMtx/depth2/node6/test99_1.mtx 1.5 122.159 0.0362731 0.43 
/home/antonkov/masterWork/tests/samePrefixMarkedMtx/depth2/node6/test99_1.mtx 1.6 110.531 0.0276505 0.346667 
/home/antonkov/masterWork/tests/samePrefixMarkedMtx/depth2/node6/test99_1.mtx 1.7 122.182 0.0197526 0.25 
/home/antonkov/masterWork/tests/samePrefixMarkedMtx/depth2/node6/test99_1.mtx 1.8 156.451 0.0159751 0.196667 
/home/antonkov/masterWork/tests/samePrefixMarkedMtx/depth2/node6/test99_1.mtx 1.9 161.028 0.0120685 0.151429 
/home/antonkov/masterWork/tests/samePrefixMarkedMtx/depth2/node6/test99_1.mtx 2 213.498 0.00862674 0.11 
/home/antonkov/masterWork/tests/samePrefixMarkedMtx/depth2/node6/test99_1.mtx 2.1 244.627 0.00613916 0.0784615 
/home/antonkov/masterWork/tests/samePrefixMarkedMtx/depth2/node6/test99_1.mtx 2.2 296.382 0.00429591 0.0561111 
/home/antonkov/masterWork/tests/samePrefixMarkedMtx/depth2/node6/test99_1.mtx 2.3 420.907 0.00258507 0.0333333 
/home/antonkov/masterWork/tests/samePrefixMarkedMtx/depth2/node6/test99_1.mtx 2.4 652.738 0.00149792 0.02 
/home/antonkov/masterWork/tests/samePrefixMarkedMtx/depth2/node6/test99_1.mtx 2.5 902.535 0.000961538 0.0128205 
/home/antonkov/masterWork/tests/samePrefixMarkedMtx/depth2/node6/test99_1.mtx 2.6 1318.88 0.000549159 0.0075188 
/home/antonkov/masterWork/tests/samePrefixMarkedMtx/depth2/node6/test99_1.mtx 2.7 2033.05 0.000286234 0.00435345 
/home/antonkov/masterWork/tests/samePrefixMarkedMtx/depth2/node6/test99_1.mtx 2.8 3324.17 0.000152312 0.00231481 
/home/antonkov/masterWork/tests/samePrefixMarkedMtx/depth2/node6/test99_1.mtx 2.9 4723.35 8.61828e-05 0.00143472 
/home/antonkov/masterWork/tests/samePrefixMarkedMtx/depth2/node6/test99_1.mtx 3 8005.27 4.8582e-05 0.000768645 
/home/antonkov/masterWork/tests/samePrefixMarkedMtx/depth2/node6/test99_1.mtx 3.1 0 -1 -1 
/home/antonkov/masterWork/tests/samePrefixMarkedMtx/depth2/node6/test99_1.mtx 3.2 0 -1 -1 
/home/antonkov/masterWork/tests/samePrefixMarkedMtx/depth2/node6/test99_1.mtx 3.3 0 -1 -1 
/home/antonkov/masterWork/tests/samePrefixMarkedMtx/depth2/node6/test99_1.mtx 3.4 0 -1 -1 
/home/antonkov/masterWork/tests/samePrefixMarkedMtx/depth2/node6/test99_1.mtx 3.5 0 -1 -1 
/home/antonkov/masterWork/tests/samePrefixMarkedMtx/depth2/node6/test99_2.mtx 1 117.343 0.0800868 0.825 
/home/antonkov/masterWork/tests/samePrefixMarkedMtx/depth2/node6/test99_2.mtx 1.1 113.355 0.0698003 0.73 
/home/antonkov/masterWork/tests/samePrefixMarkedMtx/depth2/node6/test99_2.mtx 1.2 103.046 0.0610938 0.645 
/home/antonkov/masterWork/tests/samePrefixMarkedMtx/depth2/node6/test99_2.mtx 1.3 95.5742 0.056467 0.6 
/home/antonkov/masterWork/tests/samePrefixMarkedMtx/depth2/node6/test99_2.mtx 1.4 90.6775 0.0477344 0.53 
/home/antonkov/masterWork/tests/samePrefixMarkedMtx/depth2/node6/test99_2.mtx 1.5 123.887 0.0390856 0.446667 
/home/antonkov/masterWork/tests/samePrefixMarkedMtx/depth2/node6/test99_2.mtx 1.6 109.152 0.0311343 0.35 
/home/antonkov/masterWork/tests/samePrefixMarkedMtx/depth2/node6/test99_2.mtx 1.7 123.192 0.0223437 0.2575 
/home/antonkov/masterWork/tests/samePrefixMarkedMtx/depth2/node6/test99_2.mtx 1.8 134.322 0.0178403 0.21 
/home/antonkov/masterWork/tests/samePrefixMarkedMtx/depth2/node6/test99_2.mtx 1.9 145.468 0.0140307 0.166667 
/home/antonkov/masterWork/tests/samePrefixMarkedMtx/depth2/node6/test99_2.mtx 2 186.097 0.00944059 0.12 
/home/antonkov/masterWork/tests/samePrefixMarkedMtx/depth2/node6/test99_2.mtx 2.1 239.593 0.00633948 0.0846154 
/home/antonkov/masterWork/tests/samePrefixMarkedMtx/depth2/node6/test99_2.mtx 2.2 313.566 0.00373351 0.0505 
/home/antonkov/masterWork/tests/samePrefixMarkedMtx/depth2/node6/test99_2.mtx 2.3 492.071 0.00213839 0.0288571 
/home/antonkov/masterWork/tests/samePrefixMarkedMtx/depth2/node6/test99_2.mtx 2.4 732.126 0.00118426 0.0165574 
/home/antonkov/masterWork/tests/samePrefixMarkedMtx/depth2/node6/test99_2.mtx 2.5 1022.1 0.000790584 0.0107527 
/home/antonkov/masterWork/tests/samePrefixMarkedMtx/depth2/node6/test99_2.mtx 2.6 1257.35 0.000514957 0.00776923 
/home/antonkov/masterWork/tests/samePrefixMarkedMtx/depth2/node6/test99_2.mtx 2.7 1908.34 0.000310494 0.00444444 
/home/antonkov/masterWork/tests/samePrefixMarkedMtx/depth2/node6/test99_2.mtx 2.8 2934.51 0.0001683 0.00257069 
/home/antonkov/masterWork/tests/samePrefixMarkedMtx/depth2/node6/test99_2.mtx 2.9 4580.81 9.28453e-05 0.0014556 
/home/antonkov/masterWork/tests/samePrefixMarkedMtx/depth2/node6/test99_2.mtx 3 8482.18 4.5117e-05 0.00070028 
/home/antonkov/masterWork/tests/samePrefixMarkedMtx/depth2/node6/test99_2.mtx 3.1 0 -1 -1 
/home/antonkov/masterWork/tests/samePrefixMarkedMtx/depth2/node6/test99_2.mtx 3.2 0 -1 -1 
/home/antonkov/masterWork/tests/samePrefixMarkedMtx/depth2/node6/test99_2.mtx 3.3 0 -1 -1 
/home/antonkov/masterWork/tests/samePrefixMarkedMtx/depth2/node6/test99_2.mtx 3.4 0 -1 -1 
/home/antonkov/masterWork/tests/samePrefixMarkedMtx/depth2/node6/test99_2.mtx 3.5 0 -1 -1 
/home/antonkov/masterWork/tests/samePrefixMarkedMtx/depth2/node6/test99_3.mtx 1 115.954 0.0824392 0.82 
/home/antonkov/masterWork/tests/samePrefixMarkedMtx/depth2/node6/test99_3.mtx 1.1 114.467 0.0752344 0.765 
/home/antonkov/masterWork/tests/samePrefixMarkedMtx/depth2/node6/test99_3.mtx 1.2 105.767 0.0668056 0.705 
/home/antonkov/masterWork/tests/samePrefixMarkedMtx/depth2/node6/test99_3.mtx 1.3 98.6024 0.0576736 0.64 
/home/antonkov/masterWork/tests/samePrefixMarkedMtx/depth2/node6/test99_3.mtx 1.4 92.755 0.0471007 0.53 
/home/antonkov/masterWork/tests/samePrefixMarkedMtx/depth2/node6/test99_3.mtx 1.5 117.924 0.033235 0.39 
/home/antonkov/masterWork/tests/samePrefixMarkedMtx/depth2/node6/test99_3.mtx 1.6 128.722 0.0269878 0.3175 
/home/antonkov/masterWork/tests/samePrefixMarkedMtx/depth2/node6/test99_3.mtx 1.7 123.816 0.0219054 0.2725 
/home/antonkov/masterWork/tests/samePrefixMarkedMtx/depth2/node6/test99_3.mtx 1.8 156.847 0.0174334 0.206667 
/home/antonkov/masterWork/tests/samePrefixMarkedMtx/depth2/node6/test99_3.mtx 1.9 163.644 0.0116939 0.145714 
/home/antonkov/masterWork/tests/samePrefixMarkedMtx/depth2/node6/test99_3.mtx 2 208.044 0.00815104 0.101 
/home/antonkov/masterWork/tests/samePrefixMarkedMtx/depth2/node6/test99_3.mtx 2.1 279.658 0.00500651 0.064375 
/home/antonkov/masterWork/tests/samePrefixMarkedMtx/depth2/node6/test99_3.mtx 2.2 382.832 0.00312847 0.0412 
/home/antonkov/masterWork/tests/samePrefixMarkedMtx/depth2/node6/test99_3.mtx 2.3 517.563 0.00214715 0.0281081 
/home/antonkov/masterWork/tests/samePrefixMarkedMtx/depth2/node6/test99_3.mtx 2.4 719.302 0.00137804 0.0182143 
/home/antonkov/masterWork/tests/samePrefixMarkedMtx/depth2/node6/test99_3.mtx 2.5 930.537 0.000848834 0.0119048 
/home/antonkov/masterWork/tests/samePrefixMarkedMtx/depth2/node6/test99_3.mtx 2.6 1444.7 0.000474343 0.00677852 
/home/antonkov/masterWork/tests/samePrefixMarkedMtx/depth2/node6/test99_3.mtx 2.7 2112.13 0.000256582 0.00401606 
/home/antonkov/masterWork/tests/samePrefixMarkedMtx/depth2/node6/test99_3.mtx 2.8 3498.11 0.000141078 0.00213675 
/home/antonkov/masterWork/tests/samePrefixMarkedMtx/depth2/node6/test99_3.mtx 2.9 5628.86 7.96967e-05 0.00118343 
/home/antonkov/masterWork/tests/samePrefixMarkedMtx/depth2/node6/test99_3.mtx 3 8983.43 4.14846e-05 0.00066357 
/home/antonkov/masterWork/tests/samePrefixMarkedMtx/depth2/node6/test99_3.mtx 3.1 0 -1 -1 
/home/antonkov/masterWork/tests/samePrefixMarkedMtx/depth2/node6/test99_3.mtx 3.2 0 -1 -1 
/home/antonkov/masterWork/tests/samePrefixMarkedMtx/depth2/node6/test99_3.mtx 3.3 0 -1 -1 
/home/antonkov/masterWork/tests/samePrefixMarkedMtx/depth2/node6/test99_3.mtx 3.4 0 -1 -1 
/home/antonkov/masterWork/tests/samePrefixMarkedMtx/depth2/node6/test99_3.mtx 3.5 0 -1 -1 
/home/antonkov/masterWork/tests/samePrefixMarkedMtx/depth2/node6/test99_4.mtx 1 116.518 0.0824566 0.825 
/home/antonkov/masterWork/tests/samePrefixMarkedMtx/depth2/node6/test99_4.mtx 1.1 113.096 0.072934 0.755 
/home/antonkov/masterWork/tests/samePrefixMarkedMtx/depth2/node6/test99_4.mtx 1.2 107.544 0.0662153 0.725 
/home/antonkov/masterWork/tests/samePrefixMarkedMtx/depth2/node6/test99_4.mtx 1.3 97.2733 0.0547309 0.62 
/home/antonkov/masterWork/tests/samePrefixMarkedMtx/depth2/node6/test99_4.mtx 1.4 92.3142 0.0452865 0.525 
/home/antonkov/masterWork/tests/samePrefixMarkedMtx/depth2/node6/test99_4.mtx 1.5 121.795 0.0389178 0.46 
/home/antonkov/masterWork/tests/samePrefixMarkedMtx/depth2/node6/test99_4.mtx 1.6 111.767 0.0285012 0.356667 
/home/antonkov/masterWork/tests/samePrefixMarkedMtx/depth2/node6/test99_4.mtx 1.7 125.995 0.0218403 0.27 
/home/antonkov/masterWork/tests/samePrefixMarkedMtx/depth2/node6/test99_4.mtx 1.8 145.727 0.0164931 0.214 
/home/antonkov/masterWork/tests/samePrefixMarkedMtx/depth2/node6/test99_4.mtx 1.9 174.131 0.0123909 0.162857 
/home/antonkov/masterWork/tests/samePrefixMarkedMtx/depth2/node6/test99_4.mtx 2 196.684 0.00896991 0.12 
/home/antonkov/masterWork/tests/samePrefixMarkedMtx/depth2/node6/test99_4.mtx 2.1 229.37 0.00652054 0.085 
/home/antonkov/masterWork/tests/samePrefixMarkedMtx/depth2/node6/test99_4.mtx 2.2 354.961 0.00370205 0.0485714 
/home/antonkov/masterWork/tests/samePrefixMarkedMtx/depth2/node6/test99_4.mtx 2.3 499.981 0.00216865 0.0285714 
/home/antonkov/masterWork/tests/samePrefixMarkedMtx/depth2/node6/test99_4.mtx 2.4 649.537 0.00130208 0.0196078 
/home/antonkov/masterWork/tests/samePrefixMarkedMtx/depth2/node6/test99_4.mtx 2.5 955.143 0.000772876 0.012 
/home/antonkov/masterWork/tests/samePrefixMarkedMtx/depth2/node6/test99_4.mtx 2.6 1421.42 0.00048647 0.00696552 
/home/antonkov/masterWork/tests/samePrefixMarkedMtx/depth2/node6/test99_4.mtx 2.7 1896.44 0.000308457 0.00456621 
/home/antonkov/masterWork/tests/samePrefixMarkedMtx/depth2/node6/test99_4.mtx 2.8 2779.8 0.000177939 0.00277008 
/home/antonkov/masterWork/tests/samePrefixMarkedMtx/depth2/node6/test99_4.mtx 2.9 3750.5 0.000105345 0.00183486 
/home/antonkov/masterWork/tests/samePrefixMarkedMtx/depth2/node6/test99_4.mtx 3 7336.75 4.50785e-05 0.000836785 
/home/antonkov/masterWork/tests/samePrefixMarkedMtx/depth2/node6/test99_4.mtx 3.1 0 -1 -1 
/home/antonkov/masterWork/tests/samePrefixMarkedMtx/depth2/node6/test99_4.mtx 3.2 0 -1 -1 
/home/antonkov/masterWork/tests/samePrefixMarkedMtx/depth2/node6/test99_4.mtx 3.3 0 -1 -1 
/home/antonkov/masterWork/tests/samePrefixMarkedMtx/depth2/node6/test99_4.mtx 3.4 0 -1 -1 
/home/antonkov/masterWork/tests/samePrefixMarkedMtx/depth2/node6/test99_4.mtx 3.5 0 -1 -1 
