Results
Filename SNR Time(ms) BER FER
/home/antonkov/masterWork/tests/samePrefixMarkedMtx2304/depth2/node6/test0_0.mtx 1 506.183 0.0878733 0.96 
/home/antonkov/masterWork/tests/samePrefixMarkedMtx2304/depth2/node6/test0_0.mtx 1.1 469.564 0.0765017 0.9 
/home/antonkov/masterWork/tests/samePrefixMarkedMtx2304/depth2/node6/test0_0.mtx 1.2 464.793 0.0599826 0.72 
/home/antonkov/masterWork/tests/samePrefixMarkedMtx2304/depth2/node6/test0_0.mtx 1.3 440.409 0.0472005 0.6 
/home/antonkov/masterWork/tests/samePrefixMarkedMtx2304/depth2/node6/test0_0.mtx 1.4 551.212 0.0336024 0.45 
/home/antonkov/masterWork/tests/samePrefixMarkedMtx2304/depth2/node6/test0_0.mtx 1.5 526.839 0.0201801 0.3 
/home/antonkov/masterWork/tests/samePrefixMarkedMtx2304/depth2/node6/test0_0.mtx 1.6 577.744 0.0118215 0.166667 
/home/antonkov/masterWork/tests/samePrefixMarkedMtx2304/depth2/node6/test0_0.mtx 1.7 755.424 0.00592086 0.0866667 
/home/antonkov/masterWork/tests/samePrefixMarkedMtx2304/depth2/node6/test0_0.mtx 1.8 1230.68 0.00254061 0.0392857 
/home/antonkov/masterWork/tests/samePrefixMarkedMtx2304/depth2/node6/test0_0.mtx 1.9 1972.3 0.00104167 0.0172414 
/home/antonkov/masterWork/tests/samePrefixMarkedMtx2304/depth2/node6/test0_0.mtx 2 4467.69 0.000322546 0.00561798 
/home/antonkov/masterWork/tests/samePrefixMarkedMtx2304/depth2/node6/test0_0.mtx 2.1 0 -1 -1 
/home/antonkov/masterWork/tests/samePrefixMarkedMtx2304/depth2/node6/test0_0.mtx 2.2 0 -1 -1 
/home/antonkov/masterWork/tests/samePrefixMarkedMtx2304/depth2/node6/test0_0.mtx 2.3 0 -1 -1 
/home/antonkov/masterWork/tests/samePrefixMarkedMtx2304/depth2/node6/test0_0.mtx 2.4 0 -1 -1 
/home/antonkov/masterWork/tests/samePrefixMarkedMtx2304/depth2/node6/test0_0.mtx 2.5 0 -1 -1 
/home/antonkov/masterWork/tests/samePrefixMarkedMtx2304/depth2/node6/test0_0.mtx 2.6 0 -1 -1 
/home/antonkov/masterWork/tests/samePrefixMarkedMtx2304/depth2/node6/test0_0.mtx 2.7 0 -1 -1 
/home/antonkov/masterWork/tests/samePrefixMarkedMtx2304/depth2/node6/test0_0.mtx 2.8 0 -1 -1 
/home/antonkov/masterWork/tests/samePrefixMarkedMtx2304/depth2/node6/test0_0.mtx 2.9 0 -1 -1 
/home/antonkov/masterWork/tests/samePrefixMarkedMtx2304/depth2/node6/test0_0.mtx 3 0 -1 -1 
/home/antonkov/masterWork/tests/samePrefixMarkedMtx2304/depth2/node6/test0_0.mtx 3.1 0 -1 -1 
/home/antonkov/masterWork/tests/samePrefixMarkedMtx2304/depth2/node6/test0_0.mtx 3.2 0 -1 -1 
/home/antonkov/masterWork/tests/samePrefixMarkedMtx2304/depth2/node6/test0_0.mtx 3.3 0 -1 -1 
/home/antonkov/masterWork/tests/samePrefixMarkedMtx2304/depth2/node6/test0_0.mtx 3.4 0 -1 -1 
/home/antonkov/masterWork/tests/samePrefixMarkedMtx2304/depth2/node6/test0_0.mtx 3.5 0 -1 -1 
/home/antonkov/masterWork/tests/samePrefixMarkedMtx2304/depth2/node6/test0_1.mtx 1 467.501 0.0877778 0.94 
/home/antonkov/masterWork/tests/samePrefixMarkedMtx2304/depth2/node6/test0_1.mtx 1.1 463 0.0788021 0.88 
/home/antonkov/masterWork/tests/samePrefixMarkedMtx2304/depth2/node6/test0_1.mtx 1.2 459.067 0.0629384 0.78 
/home/antonkov/masterWork/tests/samePrefixMarkedMtx2304/depth2/node6/test0_1.mtx 1.3 434.807 0.046441 0.56 
/home/antonkov/masterWork/tests/samePrefixMarkedMtx2304/depth2/node6/test0_1.mtx 1.4 545.603 0.0340213 0.445 
/home/antonkov/masterWork/tests/samePrefixMarkedMtx2304/depth2/node6/test0_1.mtx 1.5 515.368 0.0206011 0.285 
/home/antonkov/masterWork/tests/samePrefixMarkedMtx2304/depth2/node6/test0_1.mtx 1.6 645.799 0.0106283 0.145 
/home/antonkov/masterWork/tests/samePrefixMarkedMtx2304/depth2/node6/test0_1.mtx 1.7 758.902 0.0057827 0.0833333 
/home/antonkov/masterWork/tests/samePrefixMarkedMtx2304/depth2/node6/test0_1.mtx 1.8 1132.93 0.00259048 0.0407692 
/home/antonkov/masterWork/tests/samePrefixMarkedMtx2304/depth2/node6/test0_1.mtx 1.9 2110.53 0.000936579 0.0154545 
/home/antonkov/masterWork/tests/samePrefixMarkedMtx2304/depth2/node6/test0_1.mtx 2 5171.68 0.0003024 0.00480769 
/home/antonkov/masterWork/tests/samePrefixMarkedMtx2304/depth2/node6/test0_1.mtx 2.1 0 -1 -1 
/home/antonkov/masterWork/tests/samePrefixMarkedMtx2304/depth2/node6/test0_1.mtx 2.2 0 -1 -1 
/home/antonkov/masterWork/tests/samePrefixMarkedMtx2304/depth2/node6/test0_1.mtx 2.3 0 -1 -1 
/home/antonkov/masterWork/tests/samePrefixMarkedMtx2304/depth2/node6/test0_1.mtx 2.4 0 -1 -1 
/home/antonkov/masterWork/tests/samePrefixMarkedMtx2304/depth2/node6/test0_1.mtx 2.5 0 -1 -1 
/home/antonkov/masterWork/tests/samePrefixMarkedMtx2304/depth2/node6/test0_1.mtx 2.6 0 -1 -1 
/home/antonkov/masterWork/tests/samePrefixMarkedMtx2304/depth2/node6/test0_1.mtx 2.7 0 -1 -1 
/home/antonkov/masterWork/tests/samePrefixMarkedMtx2304/depth2/node6/test0_1.mtx 2.8 0 -1 -1 
/home/antonkov/masterWork/tests/samePrefixMarkedMtx2304/depth2/node6/test0_1.mtx 2.9 0 -1 -1 
/home/antonkov/masterWork/tests/samePrefixMarkedMtx2304/depth2/node6/test0_1.mtx 3 0 -1 -1 
/home/antonkov/masterWork/tests/samePrefixMarkedMtx2304/depth2/node6/test0_1.mtx 3.1 0 -1 -1 
/home/antonkov/masterWork/tests/samePrefixMarkedMtx2304/depth2/node6/test0_1.mtx 3.2 0 -1 -1 
/home/antonkov/masterWork/tests/samePrefixMarkedMtx2304/depth2/node6/test0_1.mtx 3.3 0 -1 -1 
/home/antonkov/masterWork/tests/samePrefixMarkedMtx2304/depth2/node6/test0_1.mtx 3.4 0 -1 -1 
/home/antonkov/masterWork/tests/samePrefixMarkedMtx2304/depth2/node6/test0_1.mtx 3.5 0 -1 -1 
/home/antonkov/masterWork/tests/samePrefixMarkedMtx2304/depth2/node6/test0_2.mtx 1 469.274 0.091059 0.98 
/home/antonkov/masterWork/tests/samePrefixMarkedMtx2304/depth2/node6/test0_2.mtx 1.1 465.332 0.0790712 0.92 
/home/antonkov/masterWork/tests/samePrefixMarkedMtx2304/depth2/node6/test0_2.mtx 1.2 460.117 0.0654774 0.8 
/home/antonkov/masterWork/tests/samePrefixMarkedMtx2304/depth2/node6/test0_2.mtx 1.3 439.498 0.0490017 0.64 
/home/antonkov/masterWork/tests/samePrefixMarkedMtx2304/depth2/node6/test0_2.mtx 1.4 565.439 0.0369032 0.495 
/home/antonkov/masterWork/tests/samePrefixMarkedMtx2304/depth2/node6/test0_2.mtx 1.5 522.38 0.0232357 0.33 
/home/antonkov/masterWork/tests/samePrefixMarkedMtx2304/depth2/node6/test0_2.mtx 1.6 579.06 0.0117708 0.166667 
/home/antonkov/masterWork/tests/samePrefixMarkedMtx2304/depth2/node6/test0_2.mtx 1.7 749.917 0.00549841 0.09 
/home/antonkov/masterWork/tests/samePrefixMarkedMtx2304/depth2/node6/test0_2.mtx 1.8 1164.29 0.00257479 0.04 
/home/antonkov/masterWork/tests/samePrefixMarkedMtx2304/depth2/node6/test0_2.mtx 1.9 2112.85 0.000993661 0.0154545 
/home/antonkov/masterWork/tests/samePrefixMarkedMtx2304/depth2/node6/test0_2.mtx 2 4981.59 0.000314078 0.00505051 
/home/antonkov/masterWork/tests/samePrefixMarkedMtx2304/depth2/node6/test0_2.mtx 2.1 0 -1 -1 
/home/antonkov/masterWork/tests/samePrefixMarkedMtx2304/depth2/node6/test0_2.mtx 2.2 0 -1 -1 
/home/antonkov/masterWork/tests/samePrefixMarkedMtx2304/depth2/node6/test0_2.mtx 2.3 0 -1 -1 
/home/antonkov/masterWork/tests/samePrefixMarkedMtx2304/depth2/node6/test0_2.mtx 2.4 0 -1 -1 
/home/antonkov/masterWork/tests/samePrefixMarkedMtx2304/depth2/node6/test0_2.mtx 2.5 0 -1 -1 
/home/antonkov/masterWork/tests/samePrefixMarkedMtx2304/depth2/node6/test0_2.mtx 2.6 0 -1 -1 
/home/antonkov/masterWork/tests/samePrefixMarkedMtx2304/depth2/node6/test0_2.mtx 2.7 0 -1 -1 
/home/antonkov/masterWork/tests/samePrefixMarkedMtx2304/depth2/node6/test0_2.mtx 2.8 0 -1 -1 
/home/antonkov/masterWork/tests/samePrefixMarkedMtx2304/depth2/node6/test0_2.mtx 2.9 0 -1 -1 
/home/antonkov/masterWork/tests/samePrefixMarkedMtx2304/depth2/node6/test0_2.mtx 3 0 -1 -1 
/home/antonkov/masterWork/tests/samePrefixMarkedMtx2304/depth2/node6/test0_2.mtx 3.1 0 -1 -1 
/home/antonkov/masterWork/tests/samePrefixMarkedMtx2304/depth2/node6/test0_2.mtx 3.2 0 -1 -1 
/home/antonkov/masterWork/tests/samePrefixMarkedMtx2304/depth2/node6/test0_2.mtx 3.3 0 -1 -1 
/home/antonkov/masterWork/tests/samePrefixMarkedMtx2304/depth2/node6/test0_2.mtx 3.4 0 -1 -1 
/home/antonkov/masterWork/tests/samePrefixMarkedMtx2304/depth2/node6/test0_2.mtx 3.5 0 -1 -1 
/home/antonkov/masterWork/tests/samePrefixMarkedMtx2304/depth2/node6/test0_3.mtx 1 473.36 0.088572 0.96 
/home/antonkov/masterWork/tests/samePrefixMarkedMtx2304/depth2/node6/test0_3.mtx 1.1 460.795 0.0780946 0.89 
/home/antonkov/masterWork/tests/samePrefixMarkedMtx2304/depth2/node6/test0_3.mtx 1.2 457.301 0.0631727 0.75 
/home/antonkov/masterWork/tests/samePrefixMarkedMtx2304/depth2/node6/test0_3.mtx 1.3 443.374 0.0530078 0.66 
/home/antonkov/masterWork/tests/samePrefixMarkedMtx2304/depth2/node6/test0_3.mtx 1.4 569.299 0.0398937 0.53 
/home/antonkov/masterWork/tests/samePrefixMarkedMtx2304/depth2/node6/test0_3.mtx 1.5 514.049 0.0236111 0.325 
/home/antonkov/masterWork/tests/samePrefixMarkedMtx2304/depth2/node6/test0_3.mtx 1.6 596.527 0.0125492 0.186667 
/home/antonkov/masterWork/tests/samePrefixMarkedMtx2304/depth2/node6/test0_3.mtx 1.7 841.317 0.00533482 0.0771429 
/home/antonkov/masterWork/tests/samePrefixMarkedMtx2304/depth2/node6/test0_3.mtx 1.8 1090.58 0.00278574 0.045 
/home/antonkov/masterWork/tests/samePrefixMarkedMtx2304/depth2/node6/test0_3.mtx 1.9 1931.37 0.00104661 0.0172414 
/home/antonkov/masterWork/tests/samePrefixMarkedMtx2304/depth2/node6/test0_3.mtx 2 4556.78 0.000324302 0.00561798 
/home/antonkov/masterWork/tests/samePrefixMarkedMtx2304/depth2/node6/test0_3.mtx 2.1 0 -1 -1 
/home/antonkov/masterWork/tests/samePrefixMarkedMtx2304/depth2/node6/test0_3.mtx 2.2 0 -1 -1 
/home/antonkov/masterWork/tests/samePrefixMarkedMtx2304/depth2/node6/test0_3.mtx 2.3 0 -1 -1 
/home/antonkov/masterWork/tests/samePrefixMarkedMtx2304/depth2/node6/test0_3.mtx 2.4 0 -1 -1 
/home/antonkov/masterWork/tests/samePrefixMarkedMtx2304/depth2/node6/test0_3.mtx 2.5 0 -1 -1 
/home/antonkov/masterWork/tests/samePrefixMarkedMtx2304/depth2/node6/test0_3.mtx 2.6 0 -1 -1 
/home/antonkov/masterWork/tests/samePrefixMarkedMtx2304/depth2/node6/test0_3.mtx 2.7 0 -1 -1 
/home/antonkov/masterWork/tests/samePrefixMarkedMtx2304/depth2/node6/test0_3.mtx 2.8 0 -1 -1 
/home/antonkov/masterWork/tests/samePrefixMarkedMtx2304/depth2/node6/test0_3.mtx 2.9 0 -1 -1 
/home/antonkov/masterWork/tests/samePrefixMarkedMtx2304/depth2/node6/test0_3.mtx 3 0 -1 -1 
/home/antonkov/masterWork/tests/samePrefixMarkedMtx2304/depth2/node6/test0_3.mtx 3.1 0 -1 -1 
/home/antonkov/masterWork/tests/samePrefixMarkedMtx2304/depth2/node6/test0_3.mtx 3.2 0 -1 -1 
/home/antonkov/masterWork/tests/samePrefixMarkedMtx2304/depth2/node6/test0_3.mtx 3.3 0 -1 -1 
/home/antonkov/masterWork/tests/samePrefixMarkedMtx2304/depth2/node6/test0_3.mtx 3.4 0 -1 -1 
/home/antonkov/masterWork/tests/samePrefixMarkedMtx2304/depth2/node6/test0_3.mtx 3.5 0 -1 -1 
/home/antonkov/masterWork/tests/samePrefixMarkedMtx2304/depth2/node6/test0_4.mtx 1 462.767 0.0891319 0.96 
/home/antonkov/masterWork/tests/samePrefixMarkedMtx2304/depth2/node6/test0_4.mtx 1.1 468.049 0.0805642 0.93 
/home/antonkov/masterWork/tests/samePrefixMarkedMtx2304/depth2/node6/test0_4.mtx 1.2 457.474 0.0672613 0.82 
/home/antonkov/masterWork/tests/samePrefixMarkedMtx2304/depth2/node6/test0_4.mtx 1.3 434.759 0.0503602 0.62 
/home/antonkov/masterWork/tests/samePrefixMarkedMtx2304/depth2/node6/test0_4.mtx 1.4 424.284 0.0386372 0.51 
/home/antonkov/masterWork/tests/samePrefixMarkedMtx2304/depth2/node6/test0_4.mtx 1.5 515.127 0.021964 0.295 
/home/antonkov/masterWork/tests/samePrefixMarkedMtx2304/depth2/node6/test0_4.mtx 1.6 578.927 0.0136748 0.196667 
/home/antonkov/masterWork/tests/samePrefixMarkedMtx2304/depth2/node6/test0_4.mtx 1.7 757.597 0.0062406 0.09 
/home/antonkov/masterWork/tests/samePrefixMarkedMtx2304/depth2/node6/test0_4.mtx 1.8 1132.81 0.00255275 0.0407692 
/home/antonkov/masterWork/tests/samePrefixMarkedMtx2304/depth2/node6/test0_4.mtx 1.9 2195.89 0.000945798 0.0147059 
/home/antonkov/masterWork/tests/samePrefixMarkedMtx2304/depth2/node6/test0_4.mtx 2 5195.74 0.00028312 0.00480769 
/home/antonkov/masterWork/tests/samePrefixMarkedMtx2304/depth2/node6/test0_4.mtx 2.1 0 -1 -1 
/home/antonkov/masterWork/tests/samePrefixMarkedMtx2304/depth2/node6/test0_4.mtx 2.2 0 -1 -1 
/home/antonkov/masterWork/tests/samePrefixMarkedMtx2304/depth2/node6/test0_4.mtx 2.3 0 -1 -1 
/home/antonkov/masterWork/tests/samePrefixMarkedMtx2304/depth2/node6/test0_4.mtx 2.4 0 -1 -1 
/home/antonkov/masterWork/tests/samePrefixMarkedMtx2304/depth2/node6/test0_4.mtx 2.5 0 -1 -1 
/home/antonkov/masterWork/tests/samePrefixMarkedMtx2304/depth2/node6/test0_4.mtx 2.6 0 -1 -1 
/home/antonkov/masterWork/tests/samePrefixMarkedMtx2304/depth2/node6/test0_4.mtx 2.7 0 -1 -1 
/home/antonkov/masterWork/tests/samePrefixMarkedMtx2304/depth2/node6/test0_4.mtx 2.8 0 -1 -1 
/home/antonkov/masterWork/tests/samePrefixMarkedMtx2304/depth2/node6/test0_4.mtx 2.9 0 -1 -1 
/home/antonkov/masterWork/tests/samePrefixMarkedMtx2304/depth2/node6/test0_4.mtx 3 0 -1 -1 
/home/antonkov/masterWork/tests/samePrefixMarkedMtx2304/depth2/node6/test0_4.mtx 3.1 0 -1 -1 
/home/antonkov/masterWork/tests/samePrefixMarkedMtx2304/depth2/node6/test0_4.mtx 3.2 0 -1 -1 
/home/antonkov/masterWork/tests/samePrefixMarkedMtx2304/depth2/node6/test0_4.mtx 3.3 0 -1 -1 
/home/antonkov/masterWork/tests/samePrefixMarkedMtx2304/depth2/node6/test0_4.mtx 3.4 0 -1 -1 
/home/antonkov/masterWork/tests/samePrefixMarkedMtx2304/depth2/node6/test0_4.mtx 3.5 0 -1 -1 
/home/antonkov/masterWork/tests/samePrefixMarkedMtx2304/depth2/node6/test1_0.mtx 1 462.435 0.0865538 0.91 
/home/antonkov/masterWork/tests/samePrefixMarkedMtx2304/depth2/node6/test1_0.mtx 1.1 457.339 0.0761762 0.84 
/home/antonkov/masterWork/tests/samePrefixMarkedMtx2304/depth2/node6/test1_0.mtx 1.2 452.139 0.0624349 0.74 
/home/antonkov/masterWork/tests/samePrefixMarkedMtx2304/depth2/node6/test1_0.mtx 1.3 440.311 0.0474609 0.59 
/home/antonkov/masterWork/tests/samePrefixMarkedMtx2304/depth2/node6/test1_0.mtx 1.4 546.831 0.0351497 0.46 
/home/antonkov/masterWork/tests/samePrefixMarkedMtx2304/depth2/node6/test1_0.mtx 1.5 499.071 0.0186155 0.26 
/home/antonkov/masterWork/tests/samePrefixMarkedMtx2304/depth2/node6/test1_0.mtx 1.6 657.803 0.0112044 0.16 
/home/antonkov/masterWork/tests/samePrefixMarkedMtx2304/depth2/node6/test1_0.mtx 1.7 805.573 0.00459945 0.0714286 
/home/antonkov/masterWork/tests/samePrefixMarkedMtx2304/depth2/node6/test1_0.mtx 1.8 1364.84 0.00192657 0.03 
/home/antonkov/masterWork/tests/samePrefixMarkedMtx2304/depth2/node6/test1_0.mtx 1.9 2756.44 0.000703029 0.0111111 
/home/antonkov/masterWork/tests/samePrefixMarkedMtx2304/depth2/node6/test1_0.mtx 2 6562.86 0.000226787 0.00359712 
/home/antonkov/masterWork/tests/samePrefixMarkedMtx2304/depth2/node6/test1_0.mtx 2.1 0 -1 -1 
/home/antonkov/masterWork/tests/samePrefixMarkedMtx2304/depth2/node6/test1_0.mtx 2.2 0 -1 -1 
/home/antonkov/masterWork/tests/samePrefixMarkedMtx2304/depth2/node6/test1_0.mtx 2.3 0 -1 -1 
/home/antonkov/masterWork/tests/samePrefixMarkedMtx2304/depth2/node6/test1_0.mtx 2.4 0 -1 -1 
/home/antonkov/masterWork/tests/samePrefixMarkedMtx2304/depth2/node6/test1_0.mtx 2.5 0 -1 -1 
/home/antonkov/masterWork/tests/samePrefixMarkedMtx2304/depth2/node6/test1_0.mtx 2.6 0 -1 -1 
/home/antonkov/masterWork/tests/samePrefixMarkedMtx2304/depth2/node6/test1_0.mtx 2.7 0 -1 -1 
/home/antonkov/masterWork/tests/samePrefixMarkedMtx2304/depth2/node6/test1_0.mtx 2.8 0 -1 -1 
/home/antonkov/masterWork/tests/samePrefixMarkedMtx2304/depth2/node6/test1_0.mtx 2.9 0 -1 -1 
/home/antonkov/masterWork/tests/samePrefixMarkedMtx2304/depth2/node6/test1_0.mtx 3 0 -1 -1 
/home/antonkov/masterWork/tests/samePrefixMarkedMtx2304/depth2/node6/test1_0.mtx 3.1 0 -1 -1 
/home/antonkov/masterWork/tests/samePrefixMarkedMtx2304/depth2/node6/test1_0.mtx 3.2 0 -1 -1 
/home/antonkov/masterWork/tests/samePrefixMarkedMtx2304/depth2/node6/test1_0.mtx 3.3 0 -1 -1 
/home/antonkov/masterWork/tests/samePrefixMarkedMtx2304/depth2/node6/test1_0.mtx 3.4 0 -1 -1 
/home/antonkov/masterWork/tests/samePrefixMarkedMtx2304/depth2/node6/test1_0.mtx 3.5 0 -1 -1 
/home/antonkov/masterWork/tests/samePrefixMarkedMtx2304/depth2/node6/test1_1.mtx 1 466.997 0.0840017 0.92 
/home/antonkov/masterWork/tests/samePrefixMarkedMtx2304/depth2/node6/test1_1.mtx 1.1 462.019 0.0747352 0.86 
/home/antonkov/masterWork/tests/samePrefixMarkedMtx2304/depth2/node6/test1_1.mtx 1.2 456.498 0.0586285 0.72 
/home/antonkov/masterWork/tests/samePrefixMarkedMtx2304/depth2/node6/test1_1.mtx 1.3 435.464 0.0428646 0.53 
/home/antonkov/masterWork/tests/samePrefixMarkedMtx2304/depth2/node6/test1_1.mtx 1.4 536.547 0.0290061 0.39 
/home/antonkov/masterWork/tests/samePrefixMarkedMtx2304/depth2/node6/test1_1.mtx 1.5 503.247 0.0193403 0.26 
/home/antonkov/masterWork/tests/samePrefixMarkedMtx2304/depth2/node6/test1_1.mtx 1.6 646.951 0.00987522 0.15 
/home/antonkov/masterWork/tests/samePrefixMarkedMtx2304/depth2/node6/test1_1.mtx 1.7 892.508 0.00440213 0.06625 
/home/antonkov/masterWork/tests/samePrefixMarkedMtx2304/depth2/node6/test1_1.mtx 1.8 1387.59 0.00175092 0.0294118 
/home/antonkov/masterWork/tests/samePrefixMarkedMtx2304/depth2/node6/test1_1.mtx 1.9 2937.85 0.000639287 0.0104167 
/home/antonkov/masterWork/tests/samePrefixMarkedMtx2304/depth2/node6/test1_1.mtx 2 7773.9 0.000176684 0.00310559 
/home/antonkov/masterWork/tests/samePrefixMarkedMtx2304/depth2/node6/test1_1.mtx 2.1 0 -1 -1 
/home/antonkov/masterWork/tests/samePrefixMarkedMtx2304/depth2/node6/test1_1.mtx 2.2 0 -1 -1 
/home/antonkov/masterWork/tests/samePrefixMarkedMtx2304/depth2/node6/test1_1.mtx 2.3 0 -1 -1 
/home/antonkov/masterWork/tests/samePrefixMarkedMtx2304/depth2/node6/test1_1.mtx 2.4 0 -1 -1 
/home/antonkov/masterWork/tests/samePrefixMarkedMtx2304/depth2/node6/test1_1.mtx 2.5 0 -1 -1 
/home/antonkov/masterWork/tests/samePrefixMarkedMtx2304/depth2/node6/test1_1.mtx 2.6 0 -1 -1 
/home/antonkov/masterWork/tests/samePrefixMarkedMtx2304/depth2/node6/test1_1.mtx 2.7 0 -1 -1 
/home/antonkov/masterWork/tests/samePrefixMarkedMtx2304/depth2/node6/test1_1.mtx 2.8 0 -1 -1 
/home/antonkov/masterWork/tests/samePrefixMarkedMtx2304/depth2/node6/test1_1.mtx 2.9 0 -1 -1 
/home/antonkov/masterWork/tests/samePrefixMarkedMtx2304/depth2/node6/test1_1.mtx 3 0 -1 -1 
/home/antonkov/masterWork/tests/samePrefixMarkedMtx2304/depth2/node6/test1_1.mtx 3.1 0 -1 -1 
/home/antonkov/masterWork/tests/samePrefixMarkedMtx2304/depth2/node6/test1_1.mtx 3.2 0 -1 -1 
/home/antonkov/masterWork/tests/samePrefixMarkedMtx2304/depth2/node6/test1_1.mtx 3.3 0 -1 -1 
/home/antonkov/masterWork/tests/samePrefixMarkedMtx2304/depth2/node6/test1_1.mtx 3.4 0 -1 -1 
/home/antonkov/masterWork/tests/samePrefixMarkedMtx2304/depth2/node6/test1_1.mtx 3.5 0 -1 -1 
/home/antonkov/masterWork/tests/samePrefixMarkedMtx2304/depth2/node6/test1_2.mtx 1 462.15 0.081454 0.91 
/home/antonkov/masterWork/tests/samePrefixMarkedMtx2304/depth2/node6/test1_2.mtx 1.1 457.7 0.0677431 0.79 
/home/antonkov/masterWork/tests/samePrefixMarkedMtx2304/depth2/node6/test1_2.mtx 1.2 436.551 0.0533333 0.64 
/home/antonkov/masterWork/tests/samePrefixMarkedMtx2304/depth2/node6/test1_2.mtx 1.3 568.322 0.0445964 0.56 
/home/antonkov/masterWork/tests/samePrefixMarkedMtx2304/depth2/node6/test1_2.mtx 1.4 539.913 0.0332574 0.425 
/home/antonkov/masterWork/tests/samePrefixMarkedMtx2304/depth2/node6/test1_2.mtx 1.5 509.411 0.0225391 0.305 
/home/antonkov/masterWork/tests/samePrefixMarkedMtx2304/depth2/node6/test1_2.mtx 1.6 642.824 0.00990885 0.1375 
/home/antonkov/masterWork/tests/samePrefixMarkedMtx2304/depth2/node6/test1_2.mtx 1.7 895.949 0.00478516 0.07125 
/home/antonkov/masterWork/tests/samePrefixMarkedMtx2304/depth2/node6/test1_2.mtx 1.8 1303.87 0.00200575 0.031875 
/home/antonkov/masterWork/tests/samePrefixMarkedMtx2304/depth2/node6/test1_2.mtx 1.9 2262.64 0.00084334 0.0141667 
/home/antonkov/masterWork/tests/samePrefixMarkedMtx2304/depth2/node6/test1_2.mtx 2 6840.2 0.000218228 0.0034965 
/home/antonkov/masterWork/tests/samePrefixMarkedMtx2304/depth2/node6/test1_2.mtx 2.1 0 -1 -1 
/home/antonkov/masterWork/tests/samePrefixMarkedMtx2304/depth2/node6/test1_2.mtx 2.2 0 -1 -1 
/home/antonkov/masterWork/tests/samePrefixMarkedMtx2304/depth2/node6/test1_2.mtx 2.3 0 -1 -1 
/home/antonkov/masterWork/tests/samePrefixMarkedMtx2304/depth2/node6/test1_2.mtx 2.4 0 -1 -1 
/home/antonkov/masterWork/tests/samePrefixMarkedMtx2304/depth2/node6/test1_2.mtx 2.5 0 -1 -1 
/home/antonkov/masterWork/tests/samePrefixMarkedMtx2304/depth2/node6/test1_2.mtx 2.6 0 -1 -1 
/home/antonkov/masterWork/tests/samePrefixMarkedMtx2304/depth2/node6/test1_2.mtx 2.7 0 -1 -1 
/home/antonkov/masterWork/tests/samePrefixMarkedMtx2304/depth2/node6/test1_2.mtx 2.8 0 -1 -1 
/home/antonkov/masterWork/tests/samePrefixMarkedMtx2304/depth2/node6/test1_2.mtx 2.9 0 -1 -1 
/home/antonkov/masterWork/tests/samePrefixMarkedMtx2304/depth2/node6/test1_2.mtx 3 0 -1 -1 
/home/antonkov/masterWork/tests/samePrefixMarkedMtx2304/depth2/node6/test1_2.mtx 3.1 0 -1 -1 
/home/antonkov/masterWork/tests/samePrefixMarkedMtx2304/depth2/node6/test1_2.mtx 3.2 0 -1 -1 
/home/antonkov/masterWork/tests/samePrefixMarkedMtx2304/depth2/node6/test1_2.mtx 3.3 0 -1 -1 
/home/antonkov/masterWork/tests/samePrefixMarkedMtx2304/depth2/node6/test1_2.mtx 3.4 0 -1 -1 
/home/antonkov/masterWork/tests/samePrefixMarkedMtx2304/depth2/node6/test1_2.mtx 3.5 0 -1 -1 
/home/antonkov/masterWork/tests/samePrefixMarkedMtx2304/depth2/node6/test1_3.mtx 1 469.44 0.0822396 0.93 
/home/antonkov/masterWork/tests/samePrefixMarkedMtx2304/depth2/node6/test1_3.mtx 1.1 460.97 0.0695877 0.82 
/home/antonkov/masterWork/tests/samePrefixMarkedMtx2304/depth2/node6/test1_3.mtx 1.2 454.926 0.0548958 0.67 
/home/antonkov/masterWork/tests/samePrefixMarkedMtx2304/depth2/node6/test1_3.mtx 1.3 435.303 0.0440799 0.56 
/home/antonkov/masterWork/tests/samePrefixMarkedMtx2304/depth2/node6/test1_3.mtx 1.4 561.48 0.0359852 0.46 
/home/antonkov/masterWork/tests/samePrefixMarkedMtx2304/depth2/node6/test1_3.mtx 1.5 525.546 0.023023 0.315 
/home/antonkov/masterWork/tests/samePrefixMarkedMtx2304/depth2/node6/test1_3.mtx 1.6 564.499 0.0119314 0.17 
/home/antonkov/masterWork/tests/samePrefixMarkedMtx2304/depth2/node6/test1_3.mtx 1.7 847.257 0.00509921 0.0771429 
/home/antonkov/masterWork/tests/samePrefixMarkedMtx2304/depth2/node6/test1_3.mtx 1.8 1372.23 0.00212619 0.0325 
/home/antonkov/masterWork/tests/samePrefixMarkedMtx2304/depth2/node6/test1_3.mtx 1.9 2666.44 0.000698381 0.0116279 
/home/antonkov/masterWork/tests/samePrefixMarkedMtx2304/depth2/node6/test1_3.mtx 2 5976.35 0.000223224 0.00406504 
/home/antonkov/masterWork/tests/samePrefixMarkedMtx2304/depth2/node6/test1_3.mtx 2.1 0 -1 -1 
/home/antonkov/masterWork/tests/samePrefixMarkedMtx2304/depth2/node6/test1_3.mtx 2.2 0 -1 -1 
/home/antonkov/masterWork/tests/samePrefixMarkedMtx2304/depth2/node6/test1_3.mtx 2.3 0 -1 -1 
/home/antonkov/masterWork/tests/samePrefixMarkedMtx2304/depth2/node6/test1_3.mtx 2.4 0 -1 -1 
/home/antonkov/masterWork/tests/samePrefixMarkedMtx2304/depth2/node6/test1_3.mtx 2.5 0 -1 -1 
/home/antonkov/masterWork/tests/samePrefixMarkedMtx2304/depth2/node6/test1_3.mtx 2.6 0 -1 -1 
/home/antonkov/masterWork/tests/samePrefixMarkedMtx2304/depth2/node6/test1_3.mtx 2.7 0 -1 -1 
/home/antonkov/masterWork/tests/samePrefixMarkedMtx2304/depth2/node6/test1_3.mtx 2.8 0 -1 -1 
/home/antonkov/masterWork/tests/samePrefixMarkedMtx2304/depth2/node6/test1_3.mtx 2.9 0 -1 -1 
/home/antonkov/masterWork/tests/samePrefixMarkedMtx2304/depth2/node6/test1_3.mtx 3 0 -1 -1 
/home/antonkov/masterWork/tests/samePrefixMarkedMtx2304/depth2/node6/test1_3.mtx 3.1 0 -1 -1 
/home/antonkov/masterWork/tests/samePrefixMarkedMtx2304/depth2/node6/test1_3.mtx 3.2 0 -1 -1 
/home/antonkov/masterWork/tests/samePrefixMarkedMtx2304/depth2/node6/test1_3.mtx 3.3 0 -1 -1 
/home/antonkov/masterWork/tests/samePrefixMarkedMtx2304/depth2/node6/test1_3.mtx 3.4 0 -1 -1 
/home/antonkov/masterWork/tests/samePrefixMarkedMtx2304/depth2/node6/test1_3.mtx 3.5 0 -1 -1 
/home/antonkov/masterWork/tests/samePrefixMarkedMtx2304/depth2/node6/test1_4.mtx 1 465.615 0.0863064 0.91 
/home/antonkov/masterWork/tests/samePrefixMarkedMtx2304/depth2/node6/test1_4.mtx 1.1 470.302 0.077513 0.89 
/home/antonkov/masterWork/tests/samePrefixMarkedMtx2304/depth2/node6/test1_4.mtx 1.2 460.805 0.0635807 0.77 
/home/antonkov/masterWork/tests/samePrefixMarkedMtx2304/depth2/node6/test1_4.mtx 1.3 433.063 0.0481597 0.64 
/home/antonkov/masterWork/tests/samePrefixMarkedMtx2304/depth2/node6/test1_4.mtx 1.4 533.131 0.0295312 0.39 
/home/antonkov/masterWork/tests/samePrefixMarkedMtx2304/depth2/node6/test1_4.mtx 1.5 588.461 0.0166999 0.22 
/home/antonkov/masterWork/tests/samePrefixMarkedMtx2304/depth2/node6/test1_4.mtx 1.6 634.457 0.00909071 0.1275 
/home/antonkov/masterWork/tests/samePrefixMarkedMtx2304/depth2/node6/test1_4.mtx 1.7 954.048 0.00491995 0.07 
/home/antonkov/masterWork/tests/samePrefixMarkedMtx2304/depth2/node6/test1_4.mtx 1.8 1435.22 0.0019688 0.0283333 
/home/antonkov/masterWork/tests/samePrefixMarkedMtx2304/depth2/node6/test1_4.mtx 1.9 3085.23 0.000596174 0.00943396 
/home/antonkov/masterWork/tests/samePrefixMarkedMtx2304/depth2/node6/test1_4.mtx 2 0 -1 -1 
/home/antonkov/masterWork/tests/samePrefixMarkedMtx2304/depth2/node6/test1_4.mtx 2.1 0 -1 -1 
/home/antonkov/masterWork/tests/samePrefixMarkedMtx2304/depth2/node6/test1_4.mtx 2.2 0 -1 -1 
/home/antonkov/masterWork/tests/samePrefixMarkedMtx2304/depth2/node6/test1_4.mtx 2.3 0 -1 -1 
/home/antonkov/masterWork/tests/samePrefixMarkedMtx2304/depth2/node6/test1_4.mtx 2.4 0 -1 -1 
/home/antonkov/masterWork/tests/samePrefixMarkedMtx2304/depth2/node6/test1_4.mtx 2.5 0 -1 -1 
/home/antonkov/masterWork/tests/samePrefixMarkedMtx2304/depth2/node6/test1_4.mtx 2.6 0 -1 -1 
/home/antonkov/masterWork/tests/samePrefixMarkedMtx2304/depth2/node6/test1_4.mtx 2.7 0 -1 -1 
/home/antonkov/masterWork/tests/samePrefixMarkedMtx2304/depth2/node6/test1_4.mtx 2.8 0 -1 -1 
/home/antonkov/masterWork/tests/samePrefixMarkedMtx2304/depth2/node6/test1_4.mtx 2.9 0 -1 -1 
/home/antonkov/masterWork/tests/samePrefixMarkedMtx2304/depth2/node6/test1_4.mtx 3 0 -1 -1 
/home/antonkov/masterWork/tests/samePrefixMarkedMtx2304/depth2/node6/test1_4.mtx 3.1 0 -1 -1 
/home/antonkov/masterWork/tests/samePrefixMarkedMtx2304/depth2/node6/test1_4.mtx 3.2 0 -1 -1 
/home/antonkov/masterWork/tests/samePrefixMarkedMtx2304/depth2/node6/test1_4.mtx 3.3 0 -1 -1 
/home/antonkov/masterWork/tests/samePrefixMarkedMtx2304/depth2/node6/test1_4.mtx 3.4 0 -1 -1 
/home/antonkov/masterWork/tests/samePrefixMarkedMtx2304/depth2/node6/test1_4.mtx 3.5 0 -1 -1 
/home/antonkov/masterWork/tests/samePrefixMarkedMtx2304/depth2/node6/test2_0.mtx 1 469.682 0.0893793 0.96 
/home/antonkov/masterWork/tests/samePrefixMarkedMtx2304/depth2/node6/test2_0.mtx 1.1 465.544 0.0796007 0.9 
/home/antonkov/masterWork/tests/samePrefixMarkedMtx2304/depth2/node6/test2_0.mtx 1.2 458.858 0.0671745 0.82 
/home/antonkov/masterWork/tests/samePrefixMarkedMtx2304/depth2/node6/test2_0.mtx 1.3 439.125 0.0501432 0.63 
/home/antonkov/masterWork/tests/samePrefixMarkedMtx2304/depth2/node6/test2_0.mtx 1.4 431.023 0.0370703 0.5 
/home/antonkov/masterWork/tests/samePrefixMarkedMtx2304/depth2/node6/test2_0.mtx 1.5 521.117 0.0229145 0.315 
/home/antonkov/masterWork/tests/samePrefixMarkedMtx2304/depth2/node6/test2_0.mtx 1.6 585.346 0.0112558 0.173333 
/home/antonkov/masterWork/tests/samePrefixMarkedMtx2304/depth2/node6/test2_0.mtx 1.7 928.208 0.00511502 0.07375 
/home/antonkov/masterWork/tests/samePrefixMarkedMtx2304/depth2/node6/test2_0.mtx 1.8 1125.49 0.00247963 0.0392308 
/home/antonkov/masterWork/tests/samePrefixMarkedMtx2304/depth2/node6/test2_0.mtx 1.9 2065.55 0.00101576 0.015625 
/home/antonkov/masterWork/tests/samePrefixMarkedMtx2304/depth2/node6/test2_0.mtx 2 4127.32 0.000387478 0.00625 
/home/antonkov/masterWork/tests/samePrefixMarkedMtx2304/depth2/node6/test2_0.mtx 2.1 0 -1 -1 
/home/antonkov/masterWork/tests/samePrefixMarkedMtx2304/depth2/node6/test2_0.mtx 2.2 0 -1 -1 
/home/antonkov/masterWork/tests/samePrefixMarkedMtx2304/depth2/node6/test2_0.mtx 2.3 0 -1 -1 
/home/antonkov/masterWork/tests/samePrefixMarkedMtx2304/depth2/node6/test2_0.mtx 2.4 0 -1 -1 
/home/antonkov/masterWork/tests/samePrefixMarkedMtx2304/depth2/node6/test2_0.mtx 2.5 0 -1 -1 
/home/antonkov/masterWork/tests/samePrefixMarkedMtx2304/depth2/node6/test2_0.mtx 2.6 0 -1 -1 
/home/antonkov/masterWork/tests/samePrefixMarkedMtx2304/depth2/node6/test2_0.mtx 2.7 0 -1 -1 
/home/antonkov/masterWork/tests/samePrefixMarkedMtx2304/depth2/node6/test2_0.mtx 2.8 0 -1 -1 
/home/antonkov/masterWork/tests/samePrefixMarkedMtx2304/depth2/node6/test2_0.mtx 2.9 0 -1 -1 
/home/antonkov/masterWork/tests/samePrefixMarkedMtx2304/depth2/node6/test2_0.mtx 3 0 -1 -1 
/home/antonkov/masterWork/tests/samePrefixMarkedMtx2304/depth2/node6/test2_0.mtx 3.1 0 -1 -1 
/home/antonkov/masterWork/tests/samePrefixMarkedMtx2304/depth2/node6/test2_0.mtx 3.2 0 -1 -1 
/home/antonkov/masterWork/tests/samePrefixMarkedMtx2304/depth2/node6/test2_0.mtx 3.3 0 -1 -1 
/home/antonkov/masterWork/tests/samePrefixMarkedMtx2304/depth2/node6/test2_0.mtx 3.4 0 -1 -1 
/home/antonkov/masterWork/tests/samePrefixMarkedMtx2304/depth2/node6/test2_0.mtx 3.5 0 -1 -1 
/home/antonkov/masterWork/tests/samePrefixMarkedMtx2304/depth2/node6/test2_1.mtx 1 467.154 0.090013 0.98 
/home/antonkov/masterWork/tests/samePrefixMarkedMtx2304/depth2/node6/test2_1.mtx 1.1 460.573 0.0804644 0.92 
/home/antonkov/masterWork/tests/samePrefixMarkedMtx2304/depth2/node6/test2_1.mtx 1.2 459.827 0.0670486 0.8 
/home/antonkov/masterWork/tests/samePrefixMarkedMtx2304/depth2/node6/test2_1.mtx 1.3 445.931 0.0517535 0.66 
/home/antonkov/masterWork/tests/samePrefixMarkedMtx2304/depth2/node6/test2_1.mtx 1.4 549.536 0.0355404 0.5 
/home/antonkov/masterWork/tests/samePrefixMarkedMtx2304/depth2/node6/test2_1.mtx 1.5 512.13 0.0202062 0.28 
/home/antonkov/masterWork/tests/samePrefixMarkedMtx2304/depth2/node6/test2_1.mtx 1.6 576.723 0.0117274 0.173333 
/home/antonkov/masterWork/tests/samePrefixMarkedMtx2304/depth2/node6/test2_1.mtx 1.7 784.622 0.00636429 0.09 
/home/antonkov/masterWork/tests/samePrefixMarkedMtx2304/depth2/node6/test2_1.mtx 1.8 1130.54 0.00276946 0.0416667 
/home/antonkov/masterWork/tests/samePrefixMarkedMtx2304/depth2/node6/test2_1.mtx 1.9 2209.92 0.000944393 0.0147059 
/home/antonkov/masterWork/tests/samePrefixMarkedMtx2304/depth2/node6/test2_1.mtx 2 4378.32 0.000381396 0.00574713 
/home/antonkov/masterWork/tests/samePrefixMarkedMtx2304/depth2/node6/test2_1.mtx 2.1 0 -1 -1 
/home/antonkov/masterWork/tests/samePrefixMarkedMtx2304/depth2/node6/test2_1.mtx 2.2 0 -1 -1 
/home/antonkov/masterWork/tests/samePrefixMarkedMtx2304/depth2/node6/test2_1.mtx 2.3 0 -1 -1 
/home/antonkov/masterWork/tests/samePrefixMarkedMtx2304/depth2/node6/test2_1.mtx 2.4 0 -1 -1 
/home/antonkov/masterWork/tests/samePrefixMarkedMtx2304/depth2/node6/test2_1.mtx 2.5 0 -1 -1 
/home/antonkov/masterWork/tests/samePrefixMarkedMtx2304/depth2/node6/test2_1.mtx 2.6 0 -1 -1 
/home/antonkov/masterWork/tests/samePrefixMarkedMtx2304/depth2/node6/test2_1.mtx 2.7 0 -1 -1 
/home/antonkov/masterWork/tests/samePrefixMarkedMtx2304/depth2/node6/test2_1.mtx 2.8 0 -1 -1 
/home/antonkov/masterWork/tests/samePrefixMarkedMtx2304/depth2/node6/test2_1.mtx 2.9 0 -1 -1 
/home/antonkov/masterWork/tests/samePrefixMarkedMtx2304/depth2/node6/test2_1.mtx 3 0 -1 -1 
/home/antonkov/masterWork/tests/samePrefixMarkedMtx2304/depth2/node6/test2_1.mtx 3.1 0 -1 -1 
/home/antonkov/masterWork/tests/samePrefixMarkedMtx2304/depth2/node6/test2_1.mtx 3.2 0 -1 -1 
/home/antonkov/masterWork/tests/samePrefixMarkedMtx2304/depth2/node6/test2_1.mtx 3.3 0 -1 -1 
/home/antonkov/masterWork/tests/samePrefixMarkedMtx2304/depth2/node6/test2_1.mtx 3.4 0 -1 -1 
/home/antonkov/masterWork/tests/samePrefixMarkedMtx2304/depth2/node6/test2_1.mtx 3.5 0 -1 -1 
/home/antonkov/masterWork/tests/samePrefixMarkedMtx2304/depth2/node6/test2_2.mtx 1 466.315 0.0868099 0.92 
/home/antonkov/masterWork/tests/samePrefixMarkedMtx2304/depth2/node6/test2_2.mtx 1.1 465.212 0.0788281 0.88 
/home/antonkov/masterWork/tests/samePrefixMarkedMtx2304/depth2/node6/test2_2.mtx 1.2 464.878 0.0684201 0.8 
/home/antonkov/masterWork/tests/samePrefixMarkedMtx2304/depth2/node6/test2_2.mtx 1.3 438.603 0.0532856 0.67 
/home/antonkov/masterWork/tests/samePrefixMarkedMtx2304/depth2/node6/test2_2.mtx 1.4 563.912 0.0403602 0.53 
/home/antonkov/masterWork/tests/samePrefixMarkedMtx2304/depth2/node6/test2_2.mtx 1.5 525.625 0.025434 0.355 
/home/antonkov/masterWork/tests/samePrefixMarkedMtx2304/depth2/node6/test2_2.mtx 1.6 595.426 0.0121745 0.176667 
/home/antonkov/masterWork/tests/samePrefixMarkedMtx2304/depth2/node6/test2_2.mtx 1.7 850.086 0.00540613 0.08 
/home/antonkov/masterWork/tests/samePrefixMarkedMtx2304/depth2/node6/test2_2.mtx 1.8 1252.58 0.00229485 0.0333333 
/home/antonkov/masterWork/tests/samePrefixMarkedMtx2304/depth2/node6/test2_2.mtx 1.9 1804.72 0.00122701 0.0196296 
/home/antonkov/masterWork/tests/samePrefixMarkedMtx2304/depth2/node6/test2_2.mtx 2 3745.61 0.000414738 0.00694444 
/home/antonkov/masterWork/tests/samePrefixMarkedMtx2304/depth2/node6/test2_2.mtx 2.1 0 -1 -1 
/home/antonkov/masterWork/tests/samePrefixMarkedMtx2304/depth2/node6/test2_2.mtx 2.2 0 -1 -1 
/home/antonkov/masterWork/tests/samePrefixMarkedMtx2304/depth2/node6/test2_2.mtx 2.3 0 -1 -1 
/home/antonkov/masterWork/tests/samePrefixMarkedMtx2304/depth2/node6/test2_2.mtx 2.4 0 -1 -1 
/home/antonkov/masterWork/tests/samePrefixMarkedMtx2304/depth2/node6/test2_2.mtx 2.5 0 -1 -1 
/home/antonkov/masterWork/tests/samePrefixMarkedMtx2304/depth2/node6/test2_2.mtx 2.6 0 -1 -1 
/home/antonkov/masterWork/tests/samePrefixMarkedMtx2304/depth2/node6/test2_2.mtx 2.7 0 -1 -1 
/home/antonkov/masterWork/tests/samePrefixMarkedMtx2304/depth2/node6/test2_2.mtx 2.8 0 -1 -1 
/home/antonkov/masterWork/tests/samePrefixMarkedMtx2304/depth2/node6/test2_2.mtx 2.9 0 -1 -1 
/home/antonkov/masterWork/tests/samePrefixMarkedMtx2304/depth2/node6/test2_2.mtx 3 0 -1 -1 
/home/antonkov/masterWork/tests/samePrefixMarkedMtx2304/depth2/node6/test2_2.mtx 3.1 0 -1 -1 
/home/antonkov/masterWork/tests/samePrefixMarkedMtx2304/depth2/node6/test2_2.mtx 3.2 0 -1 -1 
/home/antonkov/masterWork/tests/samePrefixMarkedMtx2304/depth2/node6/test2_2.mtx 3.3 0 -1 -1 
/home/antonkov/masterWork/tests/samePrefixMarkedMtx2304/depth2/node6/test2_2.mtx 3.4 0 -1 -1 
/home/antonkov/masterWork/tests/samePrefixMarkedMtx2304/depth2/node6/test2_2.mtx 3.5 0 -1 -1 
/home/antonkov/masterWork/tests/samePrefixMarkedMtx2304/depth2/node6/test2_3.mtx 1 467.991 0.0875043 0.95 
/home/antonkov/masterWork/tests/samePrefixMarkedMtx2304/depth2/node6/test2_3.mtx 1.1 463.04 0.0759852 0.86 
/home/antonkov/masterWork/tests/samePrefixMarkedMtx2304/depth2/node6/test2_3.mtx 1.2 459.42 0.065395 0.78 
/home/antonkov/masterWork/tests/samePrefixMarkedMtx2304/depth2/node6/test2_3.mtx 1.3 442.732 0.0492795 0.62 
/home/antonkov/masterWork/tests/samePrefixMarkedMtx2304/depth2/node6/test2_3.mtx 1.4 553.177 0.0365517 0.475 
/home/antonkov/masterWork/tests/samePrefixMarkedMtx2304/depth2/node6/test2_3.mtx 1.5 518.529 0.023763 0.315 
/home/antonkov/masterWork/tests/samePrefixMarkedMtx2304/depth2/node6/test2_3.mtx 1.6 670.732 0.0114616 0.1625 
/home/antonkov/masterWork/tests/samePrefixMarkedMtx2304/depth2/node6/test2_3.mtx 1.7 808.339 0.00551277 0.0742857 
/home/antonkov/masterWork/tests/samePrefixMarkedMtx2304/depth2/node6/test2_3.mtx 1.8 1152.7 0.00267528 0.0392308 
/home/antonkov/masterWork/tests/samePrefixMarkedMtx2304/depth2/node6/test2_3.mtx 1.9 1946.75 0.00103793 0.0172414 
/home/antonkov/masterWork/tests/samePrefixMarkedMtx2304/depth2/node6/test2_3.mtx 2 4294.32 0.000371329 0.0060241 
/home/antonkov/masterWork/tests/samePrefixMarkedMtx2304/depth2/node6/test2_3.mtx 2.1 0 -1 -1 
/home/antonkov/masterWork/tests/samePrefixMarkedMtx2304/depth2/node6/test2_3.mtx 2.2 0 -1 -1 
/home/antonkov/masterWork/tests/samePrefixMarkedMtx2304/depth2/node6/test2_3.mtx 2.3 0 -1 -1 
/home/antonkov/masterWork/tests/samePrefixMarkedMtx2304/depth2/node6/test2_3.mtx 2.4 0 -1 -1 
/home/antonkov/masterWork/tests/samePrefixMarkedMtx2304/depth2/node6/test2_3.mtx 2.5 0 -1 -1 
/home/antonkov/masterWork/tests/samePrefixMarkedMtx2304/depth2/node6/test2_3.mtx 2.6 0 -1 -1 
/home/antonkov/masterWork/tests/samePrefixMarkedMtx2304/depth2/node6/test2_3.mtx 2.7 0 -1 -1 
/home/antonkov/masterWork/tests/samePrefixMarkedMtx2304/depth2/node6/test2_3.mtx 2.8 0 -1 -1 
/home/antonkov/masterWork/tests/samePrefixMarkedMtx2304/depth2/node6/test2_3.mtx 2.9 0 -1 -1 
/home/antonkov/masterWork/tests/samePrefixMarkedMtx2304/depth2/node6/test2_3.mtx 3 0 -1 -1 
/home/antonkov/masterWork/tests/samePrefixMarkedMtx2304/depth2/node6/test2_3.mtx 3.1 0 -1 -1 
/home/antonkov/masterWork/tests/samePrefixMarkedMtx2304/depth2/node6/test2_3.mtx 3.2 0 -1 -1 
/home/antonkov/masterWork/tests/samePrefixMarkedMtx2304/depth2/node6/test2_3.mtx 3.3 0 -1 -1 
/home/antonkov/masterWork/tests/samePrefixMarkedMtx2304/depth2/node6/test2_3.mtx 3.4 0 -1 -1 
/home/antonkov/masterWork/tests/samePrefixMarkedMtx2304/depth2/node6/test2_3.mtx 3.5 0 -1 -1 
/home/antonkov/masterWork/tests/samePrefixMarkedMtx2304/depth2/node6/test2_4.mtx 1 471.241 0.0895095 0.94 
/home/antonkov/masterWork/tests/samePrefixMarkedMtx2304/depth2/node6/test2_4.mtx 1.1 460.096 0.0808203 0.89 
/home/antonkov/masterWork/tests/samePrefixMarkedMtx2304/depth2/node6/test2_4.mtx 1.2 454.322 0.0676953 0.8 
/home/antonkov/masterWork/tests/samePrefixMarkedMtx2304/depth2/node6/test2_4.mtx 1.3 451.113 0.0539497 0.66 
/home/antonkov/masterWork/tests/samePrefixMarkedMtx2304/depth2/node6/test2_4.mtx 1.4 432.338 0.0412977 0.54 
/home/antonkov/masterWork/tests/samePrefixMarkedMtx2304/depth2/node6/test2_4.mtx 1.5 523.523 0.0257639 0.35 
/home/antonkov/masterWork/tests/samePrefixMarkedMtx2304/depth2/node6/test2_4.mtx 1.6 582.765 0.0117954 0.176667 
/home/antonkov/masterWork/tests/samePrefixMarkedMtx2304/depth2/node6/test2_4.mtx 1.7 832.675 0.0049659 0.0785714 
/home/antonkov/masterWork/tests/samePrefixMarkedMtx2304/depth2/node6/test2_4.mtx 1.8 1246.36 0.0024814 0.0378571 
/home/antonkov/masterWork/tests/samePrefixMarkedMtx2304/depth2/node6/test2_4.mtx 1.9 1967.12 0.00112443 0.017931 
/home/antonkov/masterWork/tests/samePrefixMarkedMtx2304/depth2/node6/test2_4.mtx 2 5555.84 0.000262201 0.0046729 
/home/antonkov/masterWork/tests/samePrefixMarkedMtx2304/depth2/node6/test2_4.mtx 2.1 0 -1 -1 
/home/antonkov/masterWork/tests/samePrefixMarkedMtx2304/depth2/node6/test2_4.mtx 2.2 0 -1 -1 
/home/antonkov/masterWork/tests/samePrefixMarkedMtx2304/depth2/node6/test2_4.mtx 2.3 0 -1 -1 
/home/antonkov/masterWork/tests/samePrefixMarkedMtx2304/depth2/node6/test2_4.mtx 2.4 0 -1 -1 
/home/antonkov/masterWork/tests/samePrefixMarkedMtx2304/depth2/node6/test2_4.mtx 2.5 0 -1 -1 
/home/antonkov/masterWork/tests/samePrefixMarkedMtx2304/depth2/node6/test2_4.mtx 2.6 0 -1 -1 
/home/antonkov/masterWork/tests/samePrefixMarkedMtx2304/depth2/node6/test2_4.mtx 2.7 0 -1 -1 
/home/antonkov/masterWork/tests/samePrefixMarkedMtx2304/depth2/node6/test2_4.mtx 2.8 0 -1 -1 
/home/antonkov/masterWork/tests/samePrefixMarkedMtx2304/depth2/node6/test2_4.mtx 2.9 0 -1 -1 
/home/antonkov/masterWork/tests/samePrefixMarkedMtx2304/depth2/node6/test2_4.mtx 3 0 -1 -1 
/home/antonkov/masterWork/tests/samePrefixMarkedMtx2304/depth2/node6/test2_4.mtx 3.1 0 -1 -1 
/home/antonkov/masterWork/tests/samePrefixMarkedMtx2304/depth2/node6/test2_4.mtx 3.2 0 -1 -1 
/home/antonkov/masterWork/tests/samePrefixMarkedMtx2304/depth2/node6/test2_4.mtx 3.3 0 -1 -1 
/home/antonkov/masterWork/tests/samePrefixMarkedMtx2304/depth2/node6/test2_4.mtx 3.4 0 -1 -1 
/home/antonkov/masterWork/tests/samePrefixMarkedMtx2304/depth2/node6/test2_4.mtx 3.5 0 -1 -1 
/home/antonkov/masterWork/tests/samePrefixMarkedMtx2304/depth2/node6/test97_0.mtx 1 462.706 0.0878212 0.95 
/home/antonkov/masterWork/tests/samePrefixMarkedMtx2304/depth2/node6/test97_0.mtx 1.1 468.093 0.0767231 0.88 
/home/antonkov/masterWork/tests/samePrefixMarkedMtx2304/depth2/node6/test97_0.mtx 1.2 459.169 0.0636372 0.77 
/home/antonkov/masterWork/tests/samePrefixMarkedMtx2304/depth2/node6/test97_0.mtx 1.3 436.47 0.0481771 0.61 
/home/antonkov/masterWork/tests/samePrefixMarkedMtx2304/depth2/node6/test97_0.mtx 1.4 549.701 0.0350109 0.475 
/home/antonkov/masterWork/tests/samePrefixMarkedMtx2304/depth2/node6/test97_0.mtx 1.5 505.815 0.0211979 0.3 
/home/antonkov/masterWork/tests/samePrefixMarkedMtx2304/depth2/node6/test97_0.mtx 1.6 646.714 0.00974935 0.1425 
/home/antonkov/masterWork/tests/samePrefixMarkedMtx2304/depth2/node6/test97_0.mtx 1.7 936.633 0.0040924 0.0611111 
/home/antonkov/masterWork/tests/samePrefixMarkedMtx2304/depth2/node6/test97_0.mtx 1.8 1426.77 0.00205801 0.0283333 
/home/antonkov/masterWork/tests/samePrefixMarkedMtx2304/depth2/node6/test97_0.mtx 1.9 2066.32 0.00104045 0.015625 
/home/antonkov/masterWork/tests/samePrefixMarkedMtx2304/depth2/node6/test97_0.mtx 2 4759.2 0.00033217 0.00531915 
/home/antonkov/masterWork/tests/samePrefixMarkedMtx2304/depth2/node6/test97_0.mtx 2.1 0 -1 -1 
/home/antonkov/masterWork/tests/samePrefixMarkedMtx2304/depth2/node6/test97_0.mtx 2.2 0 -1 -1 
/home/antonkov/masterWork/tests/samePrefixMarkedMtx2304/depth2/node6/test97_0.mtx 2.3 0 -1 -1 
/home/antonkov/masterWork/tests/samePrefixMarkedMtx2304/depth2/node6/test97_0.mtx 2.4 0 -1 -1 
/home/antonkov/masterWork/tests/samePrefixMarkedMtx2304/depth2/node6/test97_0.mtx 2.5 0 -1 -1 
/home/antonkov/masterWork/tests/samePrefixMarkedMtx2304/depth2/node6/test97_0.mtx 2.6 0 -1 -1 
/home/antonkov/masterWork/tests/samePrefixMarkedMtx2304/depth2/node6/test97_0.mtx 2.7 0 -1 -1 
/home/antonkov/masterWork/tests/samePrefixMarkedMtx2304/depth2/node6/test97_0.mtx 2.8 0 -1 -1 
/home/antonkov/masterWork/tests/samePrefixMarkedMtx2304/depth2/node6/test97_0.mtx 2.9 0 -1 -1 
/home/antonkov/masterWork/tests/samePrefixMarkedMtx2304/depth2/node6/test97_0.mtx 3 0 -1 -1 
/home/antonkov/masterWork/tests/samePrefixMarkedMtx2304/depth2/node6/test97_0.mtx 3.1 0 -1 -1 
/home/antonkov/masterWork/tests/samePrefixMarkedMtx2304/depth2/node6/test97_0.mtx 3.2 0 -1 -1 
/home/antonkov/masterWork/tests/samePrefixMarkedMtx2304/depth2/node6/test97_0.mtx 3.3 0 -1 -1 
/home/antonkov/masterWork/tests/samePrefixMarkedMtx2304/depth2/node6/test97_0.mtx 3.4 0 -1 -1 
/home/antonkov/masterWork/tests/samePrefixMarkedMtx2304/depth2/node6/test97_0.mtx 3.5 0 -1 -1 
/home/antonkov/masterWork/tests/samePrefixMarkedMtx2304/depth2/node6/test97_1.mtx 1 472.632 0.0884505 0.94 
/home/antonkov/masterWork/tests/samePrefixMarkedMtx2304/depth2/node6/test97_1.mtx 1.1 463.289 0.0769575 0.86 
/home/antonkov/masterWork/tests/samePrefixMarkedMtx2304/depth2/node6/test97_1.mtx 1.2 447.483 0.0643403 0.75 
/home/antonkov/masterWork/tests/samePrefixMarkedMtx2304/depth2/node6/test97_1.mtx 1.3 432.185 0.0470139 0.58 
/home/antonkov/masterWork/tests/samePrefixMarkedMtx2304/depth2/node6/test97_1.mtx 1.4 566.542 0.0352344 0.48 
/home/antonkov/masterWork/tests/samePrefixMarkedMtx2304/depth2/node6/test97_1.mtx 1.5 512.311 0.0207595 0.275 
/home/antonkov/masterWork/tests/samePrefixMarkedMtx2304/depth2/node6/test97_1.mtx 1.6 650.251 0.0120822 0.1625 
/home/antonkov/masterWork/tests/samePrefixMarkedMtx2304/depth2/node6/test97_1.mtx 1.7 764.927 0.00647642 0.0966667 
/home/antonkov/masterWork/tests/samePrefixMarkedMtx2304/depth2/node6/test97_1.mtx 1.8 1184.25 0.0022926 0.0357143 
/home/antonkov/masterWork/tests/samePrefixMarkedMtx2304/depth2/node6/test97_1.mtx 1.9 2703.43 0.000727334 0.0115556 
/home/antonkov/masterWork/tests/samePrefixMarkedMtx2304/depth2/node6/test97_1.mtx 2 5252.16 0.000289939 0.00471698 
/home/antonkov/masterWork/tests/samePrefixMarkedMtx2304/depth2/node6/test97_1.mtx 2.1 0 -1 -1 
/home/antonkov/masterWork/tests/samePrefixMarkedMtx2304/depth2/node6/test97_1.mtx 2.2 0 -1 -1 
/home/antonkov/masterWork/tests/samePrefixMarkedMtx2304/depth2/node6/test97_1.mtx 2.3 0 -1 -1 
/home/antonkov/masterWork/tests/samePrefixMarkedMtx2304/depth2/node6/test97_1.mtx 2.4 0 -1 -1 
/home/antonkov/masterWork/tests/samePrefixMarkedMtx2304/depth2/node6/test97_1.mtx 2.5 0 -1 -1 
/home/antonkov/masterWork/tests/samePrefixMarkedMtx2304/depth2/node6/test97_1.mtx 2.6 0 -1 -1 
/home/antonkov/masterWork/tests/samePrefixMarkedMtx2304/depth2/node6/test97_1.mtx 2.7 0 -1 -1 
/home/antonkov/masterWork/tests/samePrefixMarkedMtx2304/depth2/node6/test97_1.mtx 2.8 0 -1 -1 
/home/antonkov/masterWork/tests/samePrefixMarkedMtx2304/depth2/node6/test97_1.mtx 2.9 0 -1 -1 
/home/antonkov/masterWork/tests/samePrefixMarkedMtx2304/depth2/node6/test97_1.mtx 3 0 -1 -1 
/home/antonkov/masterWork/tests/samePrefixMarkedMtx2304/depth2/node6/test97_1.mtx 3.1 0 -1 -1 
/home/antonkov/masterWork/tests/samePrefixMarkedMtx2304/depth2/node6/test97_1.mtx 3.2 0 -1 -1 
/home/antonkov/masterWork/tests/samePrefixMarkedMtx2304/depth2/node6/test97_1.mtx 3.3 0 -1 -1 
/home/antonkov/masterWork/tests/samePrefixMarkedMtx2304/depth2/node6/test97_1.mtx 3.4 0 -1 -1 
/home/antonkov/masterWork/tests/samePrefixMarkedMtx2304/depth2/node6/test97_1.mtx 3.5 0 -1 -1 
/home/antonkov/masterWork/tests/samePrefixMarkedMtx2304/depth2/node6/test97_2.mtx 1 464.403 0.0869965 0.94 
/home/antonkov/masterWork/tests/samePrefixMarkedMtx2304/depth2/node6/test97_2.mtx 1.1 459.577 0.0769792 0.88 
/home/antonkov/masterWork/tests/samePrefixMarkedMtx2304/depth2/node6/test97_2.mtx 1.2 451.715 0.0632118 0.75 
/home/antonkov/masterWork/tests/samePrefixMarkedMtx2304/depth2/node6/test97_2.mtx 1.3 434.192 0.0463845 0.59 
/home/antonkov/masterWork/tests/samePrefixMarkedMtx2304/depth2/node6/test97_2.mtx 1.4 544.168 0.035536 0.445 
/home/antonkov/masterWork/tests/samePrefixMarkedMtx2304/depth2/node6/test97_2.mtx 1.5 524.401 0.0262044 0.34 
/home/antonkov/masterWork/tests/samePrefixMarkedMtx2304/depth2/node6/test97_2.mtx 1.6 571.632 0.0144705 0.206667 
/home/antonkov/masterWork/tests/samePrefixMarkedMtx2304/depth2/node6/test97_2.mtx 1.7 780.681 0.00601852 0.0916667 
/home/antonkov/masterWork/tests/samePrefixMarkedMtx2304/depth2/node6/test97_2.mtx 1.8 1260.99 0.00228501 0.036 
/home/antonkov/masterWork/tests/samePrefixMarkedMtx2304/depth2/node6/test97_2.mtx 1.9 2050.47 0.000993245 0.0159375 
/home/antonkov/masterWork/tests/samePrefixMarkedMtx2304/depth2/node6/test97_2.mtx 2 5244.48 0.000288756 0.00490196 
/home/antonkov/masterWork/tests/samePrefixMarkedMtx2304/depth2/node6/test97_2.mtx 2.1 0 -1 -1 
/home/antonkov/masterWork/tests/samePrefixMarkedMtx2304/depth2/node6/test97_2.mtx 2.2 0 -1 -1 
/home/antonkov/masterWork/tests/samePrefixMarkedMtx2304/depth2/node6/test97_2.mtx 2.3 0 -1 -1 
/home/antonkov/masterWork/tests/samePrefixMarkedMtx2304/depth2/node6/test97_2.mtx 2.4 0 -1 -1 
/home/antonkov/masterWork/tests/samePrefixMarkedMtx2304/depth2/node6/test97_2.mtx 2.5 0 -1 -1 
/home/antonkov/masterWork/tests/samePrefixMarkedMtx2304/depth2/node6/test97_2.mtx 2.6 0 -1 -1 
/home/antonkov/masterWork/tests/samePrefixMarkedMtx2304/depth2/node6/test97_2.mtx 2.7 0 -1 -1 
/home/antonkov/masterWork/tests/samePrefixMarkedMtx2304/depth2/node6/test97_2.mtx 2.8 0 -1 -1 
/home/antonkov/masterWork/tests/samePrefixMarkedMtx2304/depth2/node6/test97_2.mtx 2.9 0 -1 -1 
/home/antonkov/masterWork/tests/samePrefixMarkedMtx2304/depth2/node6/test97_2.mtx 3 0 -1 -1 
/home/antonkov/masterWork/tests/samePrefixMarkedMtx2304/depth2/node6/test97_2.mtx 3.1 0 -1 -1 
/home/antonkov/masterWork/tests/samePrefixMarkedMtx2304/depth2/node6/test97_2.mtx 3.2 0 -1 -1 
/home/antonkov/masterWork/tests/samePrefixMarkedMtx2304/depth2/node6/test97_2.mtx 3.3 0 -1 -1 
/home/antonkov/masterWork/tests/samePrefixMarkedMtx2304/depth2/node6/test97_2.mtx 3.4 0 -1 -1 
/home/antonkov/masterWork/tests/samePrefixMarkedMtx2304/depth2/node6/test97_2.mtx 3.5 0 -1 -1 
/home/antonkov/masterWork/tests/samePrefixMarkedMtx2304/depth2/node6/test97_3.mtx 1 464.222 0.0873307 0.95 
/home/antonkov/masterWork/tests/samePrefixMarkedMtx2304/depth2/node6/test97_3.mtx 1.1 462.528 0.077092 0.9 
/home/antonkov/masterWork/tests/samePrefixMarkedMtx2304/depth2/node6/test97_3.mtx 1.2 453.718 0.0660069 0.82 
/home/antonkov/masterWork/tests/samePrefixMarkedMtx2304/depth2/node6/test97_3.mtx 1.3 443.929 0.0481727 0.62 
/home/antonkov/masterWork/tests/samePrefixMarkedMtx2304/depth2/node6/test97_3.mtx 1.4 565.524 0.0351476 0.46 
/home/antonkov/masterWork/tests/samePrefixMarkedMtx2304/depth2/node6/test97_3.mtx 1.5 521.086 0.0212717 0.285 
/home/antonkov/masterWork/tests/samePrefixMarkedMtx2304/depth2/node6/test97_3.mtx 1.6 576.901 0.0125231 0.17 
/home/antonkov/masterWork/tests/samePrefixMarkedMtx2304/depth2/node6/test97_3.mtx 1.7 776.736 0.00664569 0.101667 
/home/antonkov/masterWork/tests/samePrefixMarkedMtx2304/depth2/node6/test97_3.mtx 1.8 1110.38 0.00280961 0.0433333 
/home/antonkov/masterWork/tests/samePrefixMarkedMtx2304/depth2/node6/test97_3.mtx 1.9 3060.59 0.000650868 0.0102 
/home/antonkov/masterWork/tests/samePrefixMarkedMtx2304/depth2/node6/test97_3.mtx 2 5949.55 0.000252785 0.00416667 
/home/antonkov/masterWork/tests/samePrefixMarkedMtx2304/depth2/node6/test97_3.mtx 2.1 0 -1 -1 
/home/antonkov/masterWork/tests/samePrefixMarkedMtx2304/depth2/node6/test97_3.mtx 2.2 0 -1 -1 
/home/antonkov/masterWork/tests/samePrefixMarkedMtx2304/depth2/node6/test97_3.mtx 2.3 0 -1 -1 
/home/antonkov/masterWork/tests/samePrefixMarkedMtx2304/depth2/node6/test97_3.mtx 2.4 0 -1 -1 
/home/antonkov/masterWork/tests/samePrefixMarkedMtx2304/depth2/node6/test97_3.mtx 2.5 0 -1 -1 
/home/antonkov/masterWork/tests/samePrefixMarkedMtx2304/depth2/node6/test97_3.mtx 2.6 0 -1 -1 
/home/antonkov/masterWork/tests/samePrefixMarkedMtx2304/depth2/node6/test97_3.mtx 2.7 0 -1 -1 
/home/antonkov/masterWork/tests/samePrefixMarkedMtx2304/depth2/node6/test97_3.mtx 2.8 0 -1 -1 
/home/antonkov/masterWork/tests/samePrefixMarkedMtx2304/depth2/node6/test97_3.mtx 2.9 0 -1 -1 
/home/antonkov/masterWork/tests/samePrefixMarkedMtx2304/depth2/node6/test97_3.mtx 3 0 -1 -1 
/home/antonkov/masterWork/tests/samePrefixMarkedMtx2304/depth2/node6/test97_3.mtx 3.1 0 -1 -1 
/home/antonkov/masterWork/tests/samePrefixMarkedMtx2304/depth2/node6/test97_3.mtx 3.2 0 -1 -1 
/home/antonkov/masterWork/tests/samePrefixMarkedMtx2304/depth2/node6/test97_3.mtx 3.3 0 -1 -1 
/home/antonkov/masterWork/tests/samePrefixMarkedMtx2304/depth2/node6/test97_3.mtx 3.4 0 -1 -1 
/home/antonkov/masterWork/tests/samePrefixMarkedMtx2304/depth2/node6/test97_3.mtx 3.5 0 -1 -1 
/home/antonkov/masterWork/tests/samePrefixMarkedMtx2304/depth2/node6/test97_4.mtx 1 469.805 0.0844531 0.93 
/home/antonkov/masterWork/tests/samePrefixMarkedMtx2304/depth2/node6/test97_4.mtx 1.1 469.97 0.0719748 0.84 
/home/antonkov/masterWork/tests/samePrefixMarkedMtx2304/depth2/node6/test97_4.mtx 1.2 470.104 0.0576389 0.72 
/home/antonkov/masterWork/tests/samePrefixMarkedMtx2304/depth2/node6/test97_4.mtx 1.3 427.95 0.0412326 0.54 
/home/antonkov/masterWork/tests/samePrefixMarkedMtx2304/depth2/node6/test97_4.mtx 1.4 539.834 0.0304774 0.405 
/home/antonkov/masterWork/tests/samePrefixMarkedMtx2304/depth2/node6/test97_4.mtx 1.5 511.36 0.0188173 0.275 
/home/antonkov/masterWork/tests/samePrefixMarkedMtx2304/depth2/node6/test97_4.mtx 1.6 657.501 0.00996094 0.145 
/home/antonkov/masterWork/tests/samePrefixMarkedMtx2304/depth2/node6/test97_4.mtx 1.7 832.05 0.00518105 0.0757143 
/home/antonkov/masterWork/tests/samePrefixMarkedMtx2304/depth2/node6/test97_4.mtx 1.8 1215.84 0.00233796 0.0333333 
/home/antonkov/masterWork/tests/samePrefixMarkedMtx2304/depth2/node6/test97_4.mtx 1.9 2093.79 0.000998132 0.0157576 
/home/antonkov/masterWork/tests/samePrefixMarkedMtx2304/depth2/node6/test97_4.mtx 2 4590.23 0.000326889 0.00565217 
/home/antonkov/masterWork/tests/samePrefixMarkedMtx2304/depth2/node6/test97_4.mtx 2.1 0 -1 -1 
/home/antonkov/masterWork/tests/samePrefixMarkedMtx2304/depth2/node6/test97_4.mtx 2.2 0 -1 -1 
/home/antonkov/masterWork/tests/samePrefixMarkedMtx2304/depth2/node6/test97_4.mtx 2.3 0 -1 -1 
/home/antonkov/masterWork/tests/samePrefixMarkedMtx2304/depth2/node6/test97_4.mtx 2.4 0 -1 -1 
/home/antonkov/masterWork/tests/samePrefixMarkedMtx2304/depth2/node6/test97_4.mtx 2.5 0 -1 -1 
/home/antonkov/masterWork/tests/samePrefixMarkedMtx2304/depth2/node6/test97_4.mtx 2.6 0 -1 -1 
/home/antonkov/masterWork/tests/samePrefixMarkedMtx2304/depth2/node6/test97_4.mtx 2.7 0 -1 -1 
/home/antonkov/masterWork/tests/samePrefixMarkedMtx2304/depth2/node6/test97_4.mtx 2.8 0 -1 -1 
/home/antonkov/masterWork/tests/samePrefixMarkedMtx2304/depth2/node6/test97_4.mtx 2.9 0 -1 -1 
/home/antonkov/masterWork/tests/samePrefixMarkedMtx2304/depth2/node6/test97_4.mtx 3 0 -1 -1 
/home/antonkov/masterWork/tests/samePrefixMarkedMtx2304/depth2/node6/test97_4.mtx 3.1 0 -1 -1 
/home/antonkov/masterWork/tests/samePrefixMarkedMtx2304/depth2/node6/test97_4.mtx 3.2 0 -1 -1 
/home/antonkov/masterWork/tests/samePrefixMarkedMtx2304/depth2/node6/test97_4.mtx 3.3 0 -1 -1 
/home/antonkov/masterWork/tests/samePrefixMarkedMtx2304/depth2/node6/test97_4.mtx 3.4 0 -1 -1 
/home/antonkov/masterWork/tests/samePrefixMarkedMtx2304/depth2/node6/test97_4.mtx 3.5 0 -1 -1 
/home/antonkov/masterWork/tests/samePrefixMarkedMtx2304/depth2/node6/test98_0.mtx 1 481.135 0.091224 0.95 
/home/antonkov/masterWork/tests/samePrefixMarkedMtx2304/depth2/node6/test98_0.mtx 1.1 473.001 0.0831597 0.92 
/home/antonkov/masterWork/tests/samePrefixMarkedMtx2304/depth2/node6/test98_0.mtx 1.2 460.125 0.0672786 0.79 
/home/antonkov/masterWork/tests/samePrefixMarkedMtx2304/depth2/node6/test98_0.mtx 1.3 451.351 0.0528168 0.64 
/home/antonkov/masterWork/tests/samePrefixMarkedMtx2304/depth2/node6/test98_0.mtx 1.4 423.705 0.0395573 0.52 
/home/antonkov/masterWork/tests/samePrefixMarkedMtx2304/depth2/node6/test98_0.mtx 1.5 520.606 0.0216211 0.3 
/home/antonkov/masterWork/tests/samePrefixMarkedMtx2304/depth2/node6/test98_0.mtx 1.6 592.532 0.0126722 0.18 
/home/antonkov/masterWork/tests/samePrefixMarkedMtx2304/depth2/node6/test98_0.mtx 1.7 866.461 0.00505394 0.0771429 
/home/antonkov/masterWork/tests/samePrefixMarkedMtx2304/depth2/node6/test98_0.mtx 1.8 1415.23 0.00211453 0.0325 
/home/antonkov/masterWork/tests/samePrefixMarkedMtx2304/depth2/node6/test98_0.mtx 1.9 2242.68 0.00106758 0.0157576 
/home/antonkov/masterWork/tests/samePrefixMarkedMtx2304/depth2/node6/test98_0.mtx 2 4885.89 0.000333968 0.00537634 
/home/antonkov/masterWork/tests/samePrefixMarkedMtx2304/depth2/node6/test98_0.mtx 2.1 0 -1 -1 
/home/antonkov/masterWork/tests/samePrefixMarkedMtx2304/depth2/node6/test98_0.mtx 2.2 0 -1 -1 
/home/antonkov/masterWork/tests/samePrefixMarkedMtx2304/depth2/node6/test98_0.mtx 2.3 0 -1 -1 
/home/antonkov/masterWork/tests/samePrefixMarkedMtx2304/depth2/node6/test98_0.mtx 2.4 0 -1 -1 
/home/antonkov/masterWork/tests/samePrefixMarkedMtx2304/depth2/node6/test98_0.mtx 2.5 0 -1 -1 
/home/antonkov/masterWork/tests/samePrefixMarkedMtx2304/depth2/node6/test98_0.mtx 2.6 0 -1 -1 
/home/antonkov/masterWork/tests/samePrefixMarkedMtx2304/depth2/node6/test98_0.mtx 2.7 0 -1 -1 
/home/antonkov/masterWork/tests/samePrefixMarkedMtx2304/depth2/node6/test98_0.mtx 2.8 0 -1 -1 
/home/antonkov/masterWork/tests/samePrefixMarkedMtx2304/depth2/node6/test98_0.mtx 2.9 0 -1 -1 
/home/antonkov/masterWork/tests/samePrefixMarkedMtx2304/depth2/node6/test98_0.mtx 3 0 -1 -1 
/home/antonkov/masterWork/tests/samePrefixMarkedMtx2304/depth2/node6/test98_0.mtx 3.1 0 -1 -1 
/home/antonkov/masterWork/tests/samePrefixMarkedMtx2304/depth2/node6/test98_0.mtx 3.2 0 -1 -1 
/home/antonkov/masterWork/tests/samePrefixMarkedMtx2304/depth2/node6/test98_0.mtx 3.3 0 -1 -1 
/home/antonkov/masterWork/tests/samePrefixMarkedMtx2304/depth2/node6/test98_0.mtx 3.4 0 -1 -1 
/home/antonkov/masterWork/tests/samePrefixMarkedMtx2304/depth2/node6/test98_0.mtx 3.5 0 -1 -1 
/home/antonkov/masterWork/tests/samePrefixMarkedMtx2304/depth2/node6/test98_1.mtx 1 468.921 0.0878299 0.94 
/home/antonkov/masterWork/tests/samePrefixMarkedMtx2304/depth2/node6/test98_1.mtx 1.1 484.173 0.078329 0.9 
/home/antonkov/masterWork/tests/samePrefixMarkedMtx2304/depth2/node6/test98_1.mtx 1.2 461.852 0.0624653 0.75 
/home/antonkov/masterWork/tests/samePrefixMarkedMtx2304/depth2/node6/test98_1.mtx 1.3 442.815 0.0496094 0.62 
/home/antonkov/masterWork/tests/samePrefixMarkedMtx2304/depth2/node6/test98_1.mtx 1.4 556.671 0.0375108 0.475 
/home/antonkov/masterWork/tests/samePrefixMarkedMtx2304/depth2/node6/test98_1.mtx 1.5 529.321 0.0231424 0.32 
/home/antonkov/masterWork/tests/samePrefixMarkedMtx2304/depth2/node6/test98_1.mtx 1.6 596.362 0.0123495 0.176667 
/home/antonkov/masterWork/tests/samePrefixMarkedMtx2304/depth2/node6/test98_1.mtx 1.7 849.383 0.005922 0.08 
/home/antonkov/masterWork/tests/samePrefixMarkedMtx2304/depth2/node6/test98_1.mtx 1.8 1131.69 0.00296369 0.045 
/home/antonkov/masterWork/tests/samePrefixMarkedMtx2304/depth2/node6/test98_1.mtx 1.9 1816.8 0.00123397 0.0196154 
/home/antonkov/masterWork/tests/samePrefixMarkedMtx2304/depth2/node6/test98_1.mtx 2 3986.21 0.000429514 0.00666667 
/home/antonkov/masterWork/tests/samePrefixMarkedMtx2304/depth2/node6/test98_1.mtx 2.1 0 -1 -1 
/home/antonkov/masterWork/tests/samePrefixMarkedMtx2304/depth2/node6/test98_1.mtx 2.2 0 -1 -1 
/home/antonkov/masterWork/tests/samePrefixMarkedMtx2304/depth2/node6/test98_1.mtx 2.3 0 -1 -1 
/home/antonkov/masterWork/tests/samePrefixMarkedMtx2304/depth2/node6/test98_1.mtx 2.4 0 -1 -1 
/home/antonkov/masterWork/tests/samePrefixMarkedMtx2304/depth2/node6/test98_1.mtx 2.5 0 -1 -1 
/home/antonkov/masterWork/tests/samePrefixMarkedMtx2304/depth2/node6/test98_1.mtx 2.6 0 -1 -1 
/home/antonkov/masterWork/tests/samePrefixMarkedMtx2304/depth2/node6/test98_1.mtx 2.7 0 -1 -1 
/home/antonkov/masterWork/tests/samePrefixMarkedMtx2304/depth2/node6/test98_1.mtx 2.8 0 -1 -1 
/home/antonkov/masterWork/tests/samePrefixMarkedMtx2304/depth2/node6/test98_1.mtx 2.9 0 -1 -1 
/home/antonkov/masterWork/tests/samePrefixMarkedMtx2304/depth2/node6/test98_1.mtx 3 0 -1 -1 
/home/antonkov/masterWork/tests/samePrefixMarkedMtx2304/depth2/node6/test98_1.mtx 3.1 0 -1 -1 
/home/antonkov/masterWork/tests/samePrefixMarkedMtx2304/depth2/node6/test98_1.mtx 3.2 0 -1 -1 
/home/antonkov/masterWork/tests/samePrefixMarkedMtx2304/depth2/node6/test98_1.mtx 3.3 0 -1 -1 
/home/antonkov/masterWork/tests/samePrefixMarkedMtx2304/depth2/node6/test98_1.mtx 3.4 0 -1 -1 
/home/antonkov/masterWork/tests/samePrefixMarkedMtx2304/depth2/node6/test98_1.mtx 3.5 0 -1 -1 
/home/antonkov/masterWork/tests/samePrefixMarkedMtx2304/depth2/node6/test98_2.mtx 1 484.184 0.0863151 0.93 
/home/antonkov/masterWork/tests/samePrefixMarkedMtx2304/depth2/node6/test98_2.mtx 1.1 466.727 0.0762196 0.84 
/home/antonkov/masterWork/tests/samePrefixMarkedMtx2304/depth2/node6/test98_2.mtx 1.2 464.8 0.0649783 0.78 
/home/antonkov/masterWork/tests/samePrefixMarkedMtx2304/depth2/node6/test98_2.mtx 1.3 442.767 0.0503299 0.64 
/home/antonkov/masterWork/tests/samePrefixMarkedMtx2304/depth2/node6/test98_2.mtx 1.4 560.831 0.0332161 0.45 
/home/antonkov/masterWork/tests/samePrefixMarkedMtx2304/depth2/node6/test98_2.mtx 1.5 522.199 0.0207313 0.275 
/home/antonkov/masterWork/tests/samePrefixMarkedMtx2304/depth2/node6/test98_2.mtx 1.6 601.445 0.0131727 0.176667 
/home/antonkov/masterWork/tests/samePrefixMarkedMtx2304/depth2/node6/test98_2.mtx 1.7 700.297 0.00774392 0.11 
/home/antonkov/masterWork/tests/samePrefixMarkedMtx2304/depth2/node6/test98_2.mtx 1.8 1004.18 0.00361068 0.054 
/home/antonkov/masterWork/tests/samePrefixMarkedMtx2304/depth2/node6/test98_2.mtx 1.9 1913.54 0.00128086 0.0192593 
/home/antonkov/masterWork/tests/samePrefixMarkedMtx2304/depth2/node6/test98_2.mtx 2 3579.61 0.000408381 0.00757576 
/home/antonkov/masterWork/tests/samePrefixMarkedMtx2304/depth2/node6/test98_2.mtx 2.1 0 -1 -1 
/home/antonkov/masterWork/tests/samePrefixMarkedMtx2304/depth2/node6/test98_2.mtx 2.2 0 -1 -1 
/home/antonkov/masterWork/tests/samePrefixMarkedMtx2304/depth2/node6/test98_2.mtx 2.3 0 -1 -1 
/home/antonkov/masterWork/tests/samePrefixMarkedMtx2304/depth2/node6/test98_2.mtx 2.4 0 -1 -1 
/home/antonkov/masterWork/tests/samePrefixMarkedMtx2304/depth2/node6/test98_2.mtx 2.5 0 -1 -1 
/home/antonkov/masterWork/tests/samePrefixMarkedMtx2304/depth2/node6/test98_2.mtx 2.6 0 -1 -1 
/home/antonkov/masterWork/tests/samePrefixMarkedMtx2304/depth2/node6/test98_2.mtx 2.7 0 -1 -1 
/home/antonkov/masterWork/tests/samePrefixMarkedMtx2304/depth2/node6/test98_2.mtx 2.8 0 -1 -1 
/home/antonkov/masterWork/tests/samePrefixMarkedMtx2304/depth2/node6/test98_2.mtx 2.9 0 -1 -1 
/home/antonkov/masterWork/tests/samePrefixMarkedMtx2304/depth2/node6/test98_2.mtx 3 0 -1 -1 
/home/antonkov/masterWork/tests/samePrefixMarkedMtx2304/depth2/node6/test98_2.mtx 3.1 0 -1 -1 
/home/antonkov/masterWork/tests/samePrefixMarkedMtx2304/depth2/node6/test98_2.mtx 3.2 0 -1 -1 
/home/antonkov/masterWork/tests/samePrefixMarkedMtx2304/depth2/node6/test98_2.mtx 3.3 0 -1 -1 
/home/antonkov/masterWork/tests/samePrefixMarkedMtx2304/depth2/node6/test98_2.mtx 3.4 0 -1 -1 
/home/antonkov/masterWork/tests/samePrefixMarkedMtx2304/depth2/node6/test98_2.mtx 3.5 0 -1 -1 
/home/antonkov/masterWork/tests/samePrefixMarkedMtx2304/depth2/node6/test98_3.mtx 1 471.591 0.0880165 0.93 
/home/antonkov/masterWork/tests/samePrefixMarkedMtx2304/depth2/node6/test98_3.mtx 1.1 469.677 0.0773741 0.86 
/home/antonkov/masterWork/tests/samePrefixMarkedMtx2304/depth2/node6/test98_3.mtx 1.2 466.125 0.0638021 0.77 
/home/antonkov/masterWork/tests/samePrefixMarkedMtx2304/depth2/node6/test98_3.mtx 1.3 438.307 0.0498003 0.63 
/home/antonkov/masterWork/tests/samePrefixMarkedMtx2304/depth2/node6/test98_3.mtx 1.4 431.24 0.0381424 0.5 
/home/antonkov/masterWork/tests/samePrefixMarkedMtx2304/depth2/node6/test98_3.mtx 1.5 530.448 0.0244032 0.32 
/home/antonkov/masterWork/tests/samePrefixMarkedMtx2304/depth2/node6/test98_3.mtx 1.6 610.486 0.0134838 0.19 
/home/antonkov/masterWork/tests/samePrefixMarkedMtx2304/depth2/node6/test98_3.mtx 1.7 785.46 0.00577329 0.0833333 
/home/antonkov/masterWork/tests/samePrefixMarkedMtx2304/depth2/node6/test98_3.mtx 1.8 1301.62 0.00231597 0.034 
/home/antonkov/masterWork/tests/samePrefixMarkedMtx2304/depth2/node6/test98_3.mtx 1.9 2097.82 0.00108227 0.0170968 
/home/antonkov/masterWork/tests/samePrefixMarkedMtx2304/depth2/node6/test98_3.mtx 2 4217.21 0.000416388 0.00653846 
/home/antonkov/masterWork/tests/samePrefixMarkedMtx2304/depth2/node6/test98_3.mtx 2.1 0 -1 -1 
/home/antonkov/masterWork/tests/samePrefixMarkedMtx2304/depth2/node6/test98_3.mtx 2.2 0 -1 -1 
/home/antonkov/masterWork/tests/samePrefixMarkedMtx2304/depth2/node6/test98_3.mtx 2.3 0 -1 -1 
/home/antonkov/masterWork/tests/samePrefixMarkedMtx2304/depth2/node6/test98_3.mtx 2.4 0 -1 -1 
/home/antonkov/masterWork/tests/samePrefixMarkedMtx2304/depth2/node6/test98_3.mtx 2.5 0 -1 -1 
/home/antonkov/masterWork/tests/samePrefixMarkedMtx2304/depth2/node6/test98_3.mtx 2.6 0 -1 -1 
/home/antonkov/masterWork/tests/samePrefixMarkedMtx2304/depth2/node6/test98_3.mtx 2.7 0 -1 -1 
/home/antonkov/masterWork/tests/samePrefixMarkedMtx2304/depth2/node6/test98_3.mtx 2.8 0 -1 -1 
/home/antonkov/masterWork/tests/samePrefixMarkedMtx2304/depth2/node6/test98_3.mtx 2.9 0 -1 -1 
/home/antonkov/masterWork/tests/samePrefixMarkedMtx2304/depth2/node6/test98_3.mtx 3 0 -1 -1 
/home/antonkov/masterWork/tests/samePrefixMarkedMtx2304/depth2/node6/test98_3.mtx 3.1 0 -1 -1 
/home/antonkov/masterWork/tests/samePrefixMarkedMtx2304/depth2/node6/test98_3.mtx 3.2 0 -1 -1 
/home/antonkov/masterWork/tests/samePrefixMarkedMtx2304/depth2/node6/test98_3.mtx 3.3 0 -1 -1 
/home/antonkov/masterWork/tests/samePrefixMarkedMtx2304/depth2/node6/test98_3.mtx 3.4 0 -1 -1 
/home/antonkov/masterWork/tests/samePrefixMarkedMtx2304/depth2/node6/test98_3.mtx 3.5 0 -1 -1 
/home/antonkov/masterWork/tests/samePrefixMarkedMtx2304/depth2/node6/test98_4.mtx 1 482.837 0.0899696 0.95 
/home/antonkov/masterWork/tests/samePrefixMarkedMtx2304/depth2/node6/test98_4.mtx 1.1 490.386 0.0815234 0.91 
/home/antonkov/masterWork/tests/samePrefixMarkedMtx2304/depth2/node6/test98_4.mtx 1.2 469.06 0.0688846 0.83 
/home/antonkov/masterWork/tests/samePrefixMarkedMtx2304/depth2/node6/test98_4.mtx 1.3 450.878 0.0501606 0.63 
/home/antonkov/masterWork/tests/samePrefixMarkedMtx2304/depth2/node6/test98_4.mtx 1.4 439.062 0.0379167 0.51 
/home/antonkov/masterWork/tests/samePrefixMarkedMtx2304/depth2/node6/test98_4.mtx 1.5 523.591 0.0211936 0.275 
/home/antonkov/masterWork/tests/samePrefixMarkedMtx2304/depth2/node6/test98_4.mtx 1.6 677.85 0.0116819 0.16 
/home/antonkov/masterWork/tests/samePrefixMarkedMtx2304/depth2/node6/test98_4.mtx 1.7 788.537 0.00639106 0.095 
/home/antonkov/masterWork/tests/samePrefixMarkedMtx2304/depth2/node6/test98_4.mtx 1.8 1301.67 0.00213542 0.0333333 
/home/antonkov/masterWork/tests/samePrefixMarkedMtx2304/depth2/node6/test98_4.mtx 1.9 1928.36 0.00124426 0.0185714 
/home/antonkov/masterWork/tests/samePrefixMarkedMtx2304/depth2/node6/test98_4.mtx 2 4618.72 0.000367976 0.00574713 
/home/antonkov/masterWork/tests/samePrefixMarkedMtx2304/depth2/node6/test98_4.mtx 2.1 0 -1 -1 
/home/antonkov/masterWork/tests/samePrefixMarkedMtx2304/depth2/node6/test98_4.mtx 2.2 0 -1 -1 
/home/antonkov/masterWork/tests/samePrefixMarkedMtx2304/depth2/node6/test98_4.mtx 2.3 0 -1 -1 
/home/antonkov/masterWork/tests/samePrefixMarkedMtx2304/depth2/node6/test98_4.mtx 2.4 0 -1 -1 
/home/antonkov/masterWork/tests/samePrefixMarkedMtx2304/depth2/node6/test98_4.mtx 2.5 0 -1 -1 
/home/antonkov/masterWork/tests/samePrefixMarkedMtx2304/depth2/node6/test98_4.mtx 2.6 0 -1 -1 
/home/antonkov/masterWork/tests/samePrefixMarkedMtx2304/depth2/node6/test98_4.mtx 2.7 0 -1 -1 
/home/antonkov/masterWork/tests/samePrefixMarkedMtx2304/depth2/node6/test98_4.mtx 2.8 0 -1 -1 
/home/antonkov/masterWork/tests/samePrefixMarkedMtx2304/depth2/node6/test98_4.mtx 2.9 0 -1 -1 
/home/antonkov/masterWork/tests/samePrefixMarkedMtx2304/depth2/node6/test98_4.mtx 3 0 -1 -1 
/home/antonkov/masterWork/tests/samePrefixMarkedMtx2304/depth2/node6/test98_4.mtx 3.1 0 -1 -1 
/home/antonkov/masterWork/tests/samePrefixMarkedMtx2304/depth2/node6/test98_4.mtx 3.2 0 -1 -1 
/home/antonkov/masterWork/tests/samePrefixMarkedMtx2304/depth2/node6/test98_4.mtx 3.3 0 -1 -1 
/home/antonkov/masterWork/tests/samePrefixMarkedMtx2304/depth2/node6/test98_4.mtx 3.4 0 -1 -1 
/home/antonkov/masterWork/tests/samePrefixMarkedMtx2304/depth2/node6/test98_4.mtx 3.5 0 -1 -1 
/home/antonkov/masterWork/tests/samePrefixMarkedMtx2304/depth2/node6/test99_0.mtx 1 471.548 0.0888759 0.96 
/home/antonkov/masterWork/tests/samePrefixMarkedMtx2304/depth2/node6/test99_0.mtx 1.1 464.869 0.0764583 0.88 
/home/antonkov/masterWork/tests/samePrefixMarkedMtx2304/depth2/node6/test99_0.mtx 1.2 459.843 0.064145 0.77 
/home/antonkov/masterWork/tests/samePrefixMarkedMtx2304/depth2/node6/test99_0.mtx 1.3 430.79 0.0489714 0.62 
/home/antonkov/masterWork/tests/samePrefixMarkedMtx2304/depth2/node6/test99_0.mtx 1.4 552.479 0.0371875 0.48 
/home/antonkov/masterWork/tests/samePrefixMarkedMtx2304/depth2/node6/test99_0.mtx 1.5 519.442 0.0235699 0.31 
/home/antonkov/masterWork/tests/samePrefixMarkedMtx2304/depth2/node6/test99_0.mtx 1.6 569.727 0.0136965 0.2 
/home/antonkov/masterWork/tests/samePrefixMarkedMtx2304/depth2/node6/test99_0.mtx 1.7 752.909 0.00582176 0.085 
/home/antonkov/masterWork/tests/samePrefixMarkedMtx2304/depth2/node6/test99_0.mtx 1.8 1285.47 0.00226562 0.0333333 
/home/antonkov/masterWork/tests/samePrefixMarkedMtx2304/depth2/node6/test99_0.mtx 1.9 2238.43 0.000966642 0.0145714 
/home/antonkov/masterWork/tests/samePrefixMarkedMtx2304/depth2/node6/test99_0.mtx 2 4755.28 0.000332126 0.00554348 
/home/antonkov/masterWork/tests/samePrefixMarkedMtx2304/depth2/node6/test99_0.mtx 2.1 0 -1 -1 
/home/antonkov/masterWork/tests/samePrefixMarkedMtx2304/depth2/node6/test99_0.mtx 2.2 0 -1 -1 
/home/antonkov/masterWork/tests/samePrefixMarkedMtx2304/depth2/node6/test99_0.mtx 2.3 0 -1 -1 
/home/antonkov/masterWork/tests/samePrefixMarkedMtx2304/depth2/node6/test99_0.mtx 2.4 0 -1 -1 
/home/antonkov/masterWork/tests/samePrefixMarkedMtx2304/depth2/node6/test99_0.mtx 2.5 0 -1 -1 
/home/antonkov/masterWork/tests/samePrefixMarkedMtx2304/depth2/node6/test99_0.mtx 2.6 0 -1 -1 
/home/antonkov/masterWork/tests/samePrefixMarkedMtx2304/depth2/node6/test99_0.mtx 2.7 0 -1 -1 
/home/antonkov/masterWork/tests/samePrefixMarkedMtx2304/depth2/node6/test99_0.mtx 2.8 0 -1 -1 
/home/antonkov/masterWork/tests/samePrefixMarkedMtx2304/depth2/node6/test99_0.mtx 2.9 0 -1 -1 
/home/antonkov/masterWork/tests/samePrefixMarkedMtx2304/depth2/node6/test99_0.mtx 3 0 -1 -1 
/home/antonkov/masterWork/tests/samePrefixMarkedMtx2304/depth2/node6/test99_0.mtx 3.1 0 -1 -1 
/home/antonkov/masterWork/tests/samePrefixMarkedMtx2304/depth2/node6/test99_0.mtx 3.2 0 -1 -1 
/home/antonkov/masterWork/tests/samePrefixMarkedMtx2304/depth2/node6/test99_0.mtx 3.3 0 -1 -1 
/home/antonkov/masterWork/tests/samePrefixMarkedMtx2304/depth2/node6/test99_0.mtx 3.4 0 -1 -1 
/home/antonkov/masterWork/tests/samePrefixMarkedMtx2304/depth2/node6/test99_0.mtx 3.5 0 -1 -1 
/home/antonkov/masterWork/tests/samePrefixMarkedMtx2304/depth2/node6/test99_1.mtx 1 465.17 0.0864279 0.95 
/home/antonkov/masterWork/tests/samePrefixMarkedMtx2304/depth2/node6/test99_1.mtx 1.1 458.677 0.074592 0.88 
/home/antonkov/masterWork/tests/samePrefixMarkedMtx2304/depth2/node6/test99_1.mtx 1.2 451.626 0.0629253 0.77 
/home/antonkov/masterWork/tests/samePrefixMarkedMtx2304/depth2/node6/test99_1.mtx 1.3 436.424 0.0501302 0.66 
/home/antonkov/masterWork/tests/samePrefixMarkedMtx2304/depth2/node6/test99_1.mtx 1.4 558.441 0.0350347 0.46 
/home/antonkov/masterWork/tests/samePrefixMarkedMtx2304/depth2/node6/test99_1.mtx 1.5 529.827 0.023023 0.335 
/home/antonkov/masterWork/tests/samePrefixMarkedMtx2304/depth2/node6/test99_1.mtx 1.6 674.508 0.0117654 0.165 
/home/antonkov/masterWork/tests/samePrefixMarkedMtx2304/depth2/node6/test99_1.mtx 1.7 760.509 0.00576389 0.0833333 
/home/antonkov/masterWork/tests/samePrefixMarkedMtx2304/depth2/node6/test99_1.mtx 1.8 1087.5 0.00282986 0.0425 
/home/antonkov/masterWork/tests/samePrefixMarkedMtx2304/depth2/node6/test99_1.mtx 1.9 1907.94 0.00107983 0.0172414 
/home/antonkov/masterWork/tests/samePrefixMarkedMtx2304/depth2/node6/test99_1.mtx 2 5728.49 0.00024908 0.00431034 
/home/antonkov/masterWork/tests/samePrefixMarkedMtx2304/depth2/node6/test99_1.mtx 2.1 0 -1 -1 
/home/antonkov/masterWork/tests/samePrefixMarkedMtx2304/depth2/node6/test99_1.mtx 2.2 0 -1 -1 
/home/antonkov/masterWork/tests/samePrefixMarkedMtx2304/depth2/node6/test99_1.mtx 2.3 0 -1 -1 
/home/antonkov/masterWork/tests/samePrefixMarkedMtx2304/depth2/node6/test99_1.mtx 2.4 0 -1 -1 
/home/antonkov/masterWork/tests/samePrefixMarkedMtx2304/depth2/node6/test99_1.mtx 2.5 0 -1 -1 
/home/antonkov/masterWork/tests/samePrefixMarkedMtx2304/depth2/node6/test99_1.mtx 2.6 0 -1 -1 
/home/antonkov/masterWork/tests/samePrefixMarkedMtx2304/depth2/node6/test99_1.mtx 2.7 0 -1 -1 
/home/antonkov/masterWork/tests/samePrefixMarkedMtx2304/depth2/node6/test99_1.mtx 2.8 0 -1 -1 
/home/antonkov/masterWork/tests/samePrefixMarkedMtx2304/depth2/node6/test99_1.mtx 2.9 0 -1 -1 
/home/antonkov/masterWork/tests/samePrefixMarkedMtx2304/depth2/node6/test99_1.mtx 3 0 -1 -1 
/home/antonkov/masterWork/tests/samePrefixMarkedMtx2304/depth2/node6/test99_1.mtx 3.1 0 -1 -1 
/home/antonkov/masterWork/tests/samePrefixMarkedMtx2304/depth2/node6/test99_1.mtx 3.2 0 -1 -1 
/home/antonkov/masterWork/tests/samePrefixMarkedMtx2304/depth2/node6/test99_1.mtx 3.3 0 -1 -1 
/home/antonkov/masterWork/tests/samePrefixMarkedMtx2304/depth2/node6/test99_1.mtx 3.4 0 -1 -1 
/home/antonkov/masterWork/tests/samePrefixMarkedMtx2304/depth2/node6/test99_1.mtx 3.5 0 -1 -1 
/home/antonkov/masterWork/tests/samePrefixMarkedMtx2304/depth2/node6/test99_2.mtx 1 471.336 0.0853559 0.92 
/home/antonkov/masterWork/tests/samePrefixMarkedMtx2304/depth2/node6/test99_2.mtx 1.1 468.344 0.0768663 0.88 
/home/antonkov/masterWork/tests/samePrefixMarkedMtx2304/depth2/node6/test99_2.mtx 1.2 455.857 0.06375 0.78 
/home/antonkov/masterWork/tests/samePrefixMarkedMtx2304/depth2/node6/test99_2.mtx 1.3 454.418 0.0463064 0.59 
/home/antonkov/masterWork/tests/samePrefixMarkedMtx2304/depth2/node6/test99_2.mtx 1.4 551.439 0.0340148 0.455 
/home/antonkov/masterWork/tests/samePrefixMarkedMtx2304/depth2/node6/test99_2.mtx 1.5 520.717 0.0229666 0.315 
/home/antonkov/masterWork/tests/samePrefixMarkedMtx2304/depth2/node6/test99_2.mtx 1.6 651.414 0.0102257 0.1475 
/home/antonkov/masterWork/tests/samePrefixMarkedMtx2304/depth2/node6/test99_2.mtx 1.7 766.774 0.00582248 0.0833333 
/home/antonkov/masterWork/tests/samePrefixMarkedMtx2304/depth2/node6/test99_2.mtx 1.8 1234.09 0.00212153 0.0333333 
/home/antonkov/masterWork/tests/samePrefixMarkedMtx2304/depth2/node6/test99_2.mtx 1.9 2426.55 0.000834669 0.0128205 
/home/antonkov/masterWork/tests/samePrefixMarkedMtx2304/depth2/node6/test99_2.mtx 2 4950.08 0.000303995 0.00505051 
/home/antonkov/masterWork/tests/samePrefixMarkedMtx2304/depth2/node6/test99_2.mtx 2.1 0 -1 -1 
/home/antonkov/masterWork/tests/samePrefixMarkedMtx2304/depth2/node6/test99_2.mtx 2.2 0 -1 -1 
/home/antonkov/masterWork/tests/samePrefixMarkedMtx2304/depth2/node6/test99_2.mtx 2.3 0 -1 -1 
/home/antonkov/masterWork/tests/samePrefixMarkedMtx2304/depth2/node6/test99_2.mtx 2.4 0 -1 -1 
/home/antonkov/masterWork/tests/samePrefixMarkedMtx2304/depth2/node6/test99_2.mtx 2.5 0 -1 -1 
/home/antonkov/masterWork/tests/samePrefixMarkedMtx2304/depth2/node6/test99_2.mtx 2.6 0 -1 -1 
/home/antonkov/masterWork/tests/samePrefixMarkedMtx2304/depth2/node6/test99_2.mtx 2.7 0 -1 -1 
/home/antonkov/masterWork/tests/samePrefixMarkedMtx2304/depth2/node6/test99_2.mtx 2.8 0 -1 -1 
/home/antonkov/masterWork/tests/samePrefixMarkedMtx2304/depth2/node6/test99_2.mtx 2.9 0 -1 -1 
/home/antonkov/masterWork/tests/samePrefixMarkedMtx2304/depth2/node6/test99_2.mtx 3 0 -1 -1 
/home/antonkov/masterWork/tests/samePrefixMarkedMtx2304/depth2/node6/test99_2.mtx 3.1 0 -1 -1 
/home/antonkov/masterWork/tests/samePrefixMarkedMtx2304/depth2/node6/test99_2.mtx 3.2 0 -1 -1 
/home/antonkov/masterWork/tests/samePrefixMarkedMtx2304/depth2/node6/test99_2.mtx 3.3 0 -1 -1 
/home/antonkov/masterWork/tests/samePrefixMarkedMtx2304/depth2/node6/test99_2.mtx 3.4 0 -1 -1 
/home/antonkov/masterWork/tests/samePrefixMarkedMtx2304/depth2/node6/test99_2.mtx 3.5 0 -1 -1 
/home/antonkov/masterWork/tests/samePrefixMarkedMtx2304/depth2/node6/test99_3.mtx 1 470.921 0.090612 0.98 
/home/antonkov/masterWork/tests/samePrefixMarkedMtx2304/depth2/node6/test99_3.mtx 1.1 470.058 0.078954 0.91 
/home/antonkov/masterWork/tests/samePrefixMarkedMtx2304/depth2/node6/test99_3.mtx 1.2 465.029 0.0645747 0.76 
/home/antonkov/masterWork/tests/samePrefixMarkedMtx2304/depth2/node6/test99_3.mtx 1.3 440.398 0.0513845 0.66 
/home/antonkov/masterWork/tests/samePrefixMarkedMtx2304/depth2/node6/test99_3.mtx 1.4 556.178 0.0337608 0.455 
/home/antonkov/masterWork/tests/samePrefixMarkedMtx2304/depth2/node6/test99_3.mtx 1.5 518.432 0.0183767 0.25 
/home/antonkov/masterWork/tests/samePrefixMarkedMtx2304/depth2/node6/test99_3.mtx 1.6 663.368 0.0109842 0.1475 
/home/antonkov/masterWork/tests/samePrefixMarkedMtx2304/depth2/node6/test99_3.mtx 1.7 820.26 0.00517857 0.0742857 
/home/antonkov/masterWork/tests/samePrefixMarkedMtx2304/depth2/node6/test99_3.mtx 1.8 1390.44 0.00193857 0.03 
/home/antonkov/masterWork/tests/samePrefixMarkedMtx2304/depth2/node6/test99_3.mtx 1.9 2431.05 0.00082354 0.0128205 
/home/antonkov/masterWork/tests/samePrefixMarkedMtx2304/depth2/node6/test99_3.mtx 2 4517.72 0.000360097 0.00561798 
/home/antonkov/masterWork/tests/samePrefixMarkedMtx2304/depth2/node6/test99_3.mtx 2.1 0 -1 -1 
/home/antonkov/masterWork/tests/samePrefixMarkedMtx2304/depth2/node6/test99_3.mtx 2.2 0 -1 -1 
/home/antonkov/masterWork/tests/samePrefixMarkedMtx2304/depth2/node6/test99_3.mtx 2.3 0 -1 -1 
/home/antonkov/masterWork/tests/samePrefixMarkedMtx2304/depth2/node6/test99_3.mtx 2.4 0 -1 -1 
/home/antonkov/masterWork/tests/samePrefixMarkedMtx2304/depth2/node6/test99_3.mtx 2.5 0 -1 -1 
/home/antonkov/masterWork/tests/samePrefixMarkedMtx2304/depth2/node6/test99_3.mtx 2.6 0 -1 -1 
/home/antonkov/masterWork/tests/samePrefixMarkedMtx2304/depth2/node6/test99_3.mtx 2.7 0 -1 -1 
/home/antonkov/masterWork/tests/samePrefixMarkedMtx2304/depth2/node6/test99_3.mtx 2.8 0 -1 -1 
/home/antonkov/masterWork/tests/samePrefixMarkedMtx2304/depth2/node6/test99_3.mtx 2.9 0 -1 -1 
/home/antonkov/masterWork/tests/samePrefixMarkedMtx2304/depth2/node6/test99_3.mtx 3 0 -1 -1 
/home/antonkov/masterWork/tests/samePrefixMarkedMtx2304/depth2/node6/test99_3.mtx 3.1 0 -1 -1 
/home/antonkov/masterWork/tests/samePrefixMarkedMtx2304/depth2/node6/test99_3.mtx 3.2 0 -1 -1 
/home/antonkov/masterWork/tests/samePrefixMarkedMtx2304/depth2/node6/test99_3.mtx 3.3 0 -1 -1 
/home/antonkov/masterWork/tests/samePrefixMarkedMtx2304/depth2/node6/test99_3.mtx 3.4 0 -1 -1 
/home/antonkov/masterWork/tests/samePrefixMarkedMtx2304/depth2/node6/test99_3.mtx 3.5 0 -1 -1 
/home/antonkov/masterWork/tests/samePrefixMarkedMtx2304/depth2/node6/test99_4.mtx 1 467.255 0.0899089 0.93 
/home/antonkov/masterWork/tests/samePrefixMarkedMtx2304/depth2/node6/test99_4.mtx 1.1 461.444 0.0786024 0.87 
/home/antonkov/masterWork/tests/samePrefixMarkedMtx2304/depth2/node6/test99_4.mtx 1.2 459.521 0.0668663 0.77 
/home/antonkov/masterWork/tests/samePrefixMarkedMtx2304/depth2/node6/test99_4.mtx 1.3 445.47 0.0519141 0.66 
/home/antonkov/masterWork/tests/samePrefixMarkedMtx2304/depth2/node6/test99_4.mtx 1.4 557.666 0.0336567 0.44 
/home/antonkov/masterWork/tests/samePrefixMarkedMtx2304/depth2/node6/test99_4.mtx 1.5 514.81 0.0231076 0.32 
/home/antonkov/masterWork/tests/samePrefixMarkedMtx2304/depth2/node6/test99_4.mtx 1.6 590.009 0.0127025 0.19 
/home/antonkov/masterWork/tests/samePrefixMarkedMtx2304/depth2/node6/test99_4.mtx 1.7 829.654 0.00529328 0.0814286 
/home/antonkov/masterWork/tests/samePrefixMarkedMtx2304/depth2/node6/test99_4.mtx 1.8 1433.19 0.00192757 0.0294444 
/home/antonkov/masterWork/tests/samePrefixMarkedMtx2304/depth2/node6/test99_4.mtx 1.9 2533.46 0.000797764 0.012439 
/home/antonkov/masterWork/tests/samePrefixMarkedMtx2304/depth2/node6/test99_4.mtx 2 4522.06 0.00032318 0.00573034 
/home/antonkov/masterWork/tests/samePrefixMarkedMtx2304/depth2/node6/test99_4.mtx 2.1 0 -1 -1 
/home/antonkov/masterWork/tests/samePrefixMarkedMtx2304/depth2/node6/test99_4.mtx 2.2 0 -1 -1 
/home/antonkov/masterWork/tests/samePrefixMarkedMtx2304/depth2/node6/test99_4.mtx 2.3 0 -1 -1 
/home/antonkov/masterWork/tests/samePrefixMarkedMtx2304/depth2/node6/test99_4.mtx 2.4 0 -1 -1 
/home/antonkov/masterWork/tests/samePrefixMarkedMtx2304/depth2/node6/test99_4.mtx 2.5 0 -1 -1 
/home/antonkov/masterWork/tests/samePrefixMarkedMtx2304/depth2/node6/test99_4.mtx 2.6 0 -1 -1 
/home/antonkov/masterWork/tests/samePrefixMarkedMtx2304/depth2/node6/test99_4.mtx 2.7 0 -1 -1 
/home/antonkov/masterWork/tests/samePrefixMarkedMtx2304/depth2/node6/test99_4.mtx 2.8 0 -1 -1 
/home/antonkov/masterWork/tests/samePrefixMarkedMtx2304/depth2/node6/test99_4.mtx 2.9 0 -1 -1 
/home/antonkov/masterWork/tests/samePrefixMarkedMtx2304/depth2/node6/test99_4.mtx 3 0 -1 -1 
/home/antonkov/masterWork/tests/samePrefixMarkedMtx2304/depth2/node6/test99_4.mtx 3.1 0 -1 -1 
/home/antonkov/masterWork/tests/samePrefixMarkedMtx2304/depth2/node6/test99_4.mtx 3.2 0 -1 -1 
/home/antonkov/masterWork/tests/samePrefixMarkedMtx2304/depth2/node6/test99_4.mtx 3.3 0 -1 -1 
/home/antonkov/masterWork/tests/samePrefixMarkedMtx2304/depth2/node6/test99_4.mtx 3.4 0 -1 -1 
/home/antonkov/masterWork/tests/samePrefixMarkedMtx2304/depth2/node6/test99_4.mtx 3.5 0 -1 -1 
