Results
Filename SNR Time(ms) BER FER
../tests/d3n0/bot0_0.mtx 1 132.371 0.0822135 0.805 
../tests/d3n0/bot0_0.mtx 1.1 116.934 0.0751823 0.76 
../tests/d3n0/bot0_0.mtx 1.2 101.708 0.0658073 0.69 
../tests/d3n0/bot0_0.mtx 1.3 93.034 0.0551649 0.58 
../tests/d3n0/bot0_0.mtx 1.4 88.4971 0.0464149 0.515 
../tests/d3n0/bot0_0.mtx 1.5 113.025 0.0335012 0.38 
../tests/d3n0/bot0_0.mtx 1.6 128.052 0.0260417 0.305 
../tests/d3n0/bot0_0.mtx 1.7 138.03 0.0198403 0.236 
../tests/d3n0/bot0_0.mtx 1.8 154.193 0.0160909 0.195 
../tests/d3n0/bot0_0.mtx 1.9 180.499 0.0117274 0.1425 
../tests/d3n0/bot0_0.mtx 2 211.836 0.00788037 0.0972727 
../tests/d3n0/bot0_0.mtx 2.1 254.968 0.0052037 0.0666667 
../tests/d3n0/bot0_0.mtx 2.2 380.104 0.00281651 0.0384615 
../tests/d3n0/bot0_0.mtx 2.3 562.462 0.00166824 0.0227273 
../tests/d3n0/bot0_0.mtx 2.4 815.573 0.00105683 0.0142254 
../tests/d3n0/bot0_0.mtx 2.5 1140.65 0.000651426 0.00893805 
../tests/d3n0/bot0_0.mtx 2.6 1871.09 0.000348287 0.00471698 
../tests/d3n0/bot0_0.mtx 2.7 2437.94 0.000226759 0.00322581 
../tests/d3n0/bot0_0.mtx 2.8 3742.14 0.000130159 0.00189036 
../tests/d3n0/bot0_0.mtx 2.9 5680.52 7.32939e-05 0.00110865 
../tests/d3n0/bot0_0.mtx 3 10001.2 3.59236e-05 0.000567215 
../tests/d3n0/bot0_0.mtx 3.1 0 -1 -1 
../tests/d3n0/bot0_0.mtx 3.2 0 -1 -1 
../tests/d3n0/bot0_0.mtx 3.3 0 -1 -1 
../tests/d3n0/bot0_0.mtx 3.4 0 -1 -1 
../tests/d3n0/bot0_0.mtx 3.5 0 -1 -1 
../tests/d3n0/bot0_1.mtx 1 113.272 0.0799653 0.795 
../tests/d3n0/bot0_1.mtx 1.1 104.269 0.0720573 0.74 
../tests/d3n0/bot0_1.mtx 1.2 100.633 0.0644358 0.69 
../tests/d3n0/bot0_1.mtx 1.3 93.7229 0.0541146 0.585 
../tests/d3n0/bot0_1.mtx 1.4 91.1746 0.0453733 0.505 
../tests/d3n0/bot0_1.mtx 1.5 114.527 0.034103 0.393333 
../tests/d3n0/bot0_1.mtx 1.6 132.724 0.0249826 0.3025 
../tests/d3n0/bot0_1.mtx 1.7 137.269 0.0180764 0.216 
../tests/d3n0/bot0_1.mtx 1.8 147.119 0.0139728 0.17 
../tests/d3n0/bot0_1.mtx 1.9 192.918 0.0106424 0.125556 
../tests/d3n0/bot0_1.mtx 2 200.318 0.00825174 0.102 
../tests/d3n0/bot0_1.mtx 2.1 229.322 0.00618456 0.0792308 
../tests/d3n0/bot0_1.mtx 2.2 352.997 0.00332352 0.0443478 
../tests/d3n0/bot0_1.mtx 2.3 499.863 0.00210938 0.0288889 
../tests/d3n0/bot0_1.mtx 2.4 769.906 0.0011226 0.0155385 
../tests/d3n0/bot0_1.mtx 2.5 1094.89 0.000649372 0.00971154 
../tests/d3n0/bot0_1.mtx 2.6 1595.52 0.000387357 0.00588235 
../tests/d3n0/bot0_1.mtx 2.7 2112.86 0.000224934 0.00398406 
../tests/d3n0/bot0_1.mtx 2.8 2906.84 0.000145372 0.00255754 
../tests/d3n0/bot0_1.mtx 2.9 4684.42 7.08023e-05 0.00139665 
../tests/d3n0/bot0_1.mtx 3 5896.13 4.12283e-05 0.0010101 
../tests/d3n0/bot0_1.mtx 3.1 8822.31 2.03488e-05 0.000625782 
../tests/d3n0/bot0_1.mtx 3.2 0 -1 -1 
../tests/d3n0/bot0_1.mtx 3.3 0 -1 -1 
../tests/d3n0/bot0_1.mtx 3.4 0 -1 -1 
../tests/d3n0/bot0_1.mtx 3.5 0 -1 -1 
../tests/d3n0/bot0_2.mtx 1 112.067 0.0780382 0.775 
../tests/d3n0/bot0_2.mtx 1.1 103.825 0.0698264 0.72 
../tests/d3n0/bot0_2.mtx 1.2 99.9752 0.0617882 0.64 
../tests/d3n0/bot0_2.mtx 1.3 93.955 0.0522396 0.58 
../tests/d3n0/bot0_2.mtx 1.4 121.575 0.0454803 0.51 
../tests/d3n0/bot0_2.mtx 1.5 116.105 0.0382176 0.426667 
../tests/d3n0/bot0_2.mtx 1.6 134.845 0.0280946 0.3275 
../tests/d3n0/bot0_2.mtx 1.7 117.768 0.0215885 0.2575 
../tests/d3n0/bot0_2.mtx 1.8 127.551 0.0168958 0.208 
../tests/d3n0/bot0_2.mtx 1.9 159.989 0.0126141 0.157143 
../tests/d3n0/bot0_2.mtx 2 213.915 0.00749526 0.0963636 
../tests/d3n0/bot0_2.mtx 2.1 292.704 0.00475388 0.0629412 
../tests/d3n0/bot0_2.mtx 2.2 388.911 0.00292668 0.0396154 
../tests/d3n0/bot0_2.mtx 2.3 508.716 0.00196409 0.0263158 
../tests/d3n0/bot0_2.mtx 2.4 863.749 0.00101867 0.0139189 
../tests/d3n0/bot0_2.mtx 2.5 1137.78 0.000663163 0.0090991 
../tests/d3n0/bot0_2.mtx 2.6 1750.3 0.000357259 0.00520833 
../tests/d3n0/bot0_2.mtx 2.7 2430.95 0.000221354 0.00333333 
../tests/d3n0/bot0_2.mtx 2.8 4658.38 0.00010787 0.00151286 
../tests/d3n0/bot0_2.mtx 2.9 7410.11 5.6321e-05 0.000853041 
../tests/d3n0/bot0_2.mtx 3 0 -1 -1 
../tests/d3n0/bot0_2.mtx 3.1 0 -1 -1 
../tests/d3n0/bot0_2.mtx 3.2 0 -1 -1 
../tests/d3n0/bot0_2.mtx 3.3 0 -1 -1 
../tests/d3n0/bot0_2.mtx 3.4 0 -1 -1 
../tests/d3n0/bot0_2.mtx 3.5 0 -1 -1 
../tests/d3n0/bot0_3.mtx 1 117.597 0.0812674 0.825 
../tests/d3n0/bot0_3.mtx 1.1 108.128 0.0704861 0.735 
../tests/d3n0/bot0_3.mtx 1.2 97.7125 0.0602604 0.645 
../tests/d3n0/bot0_3.mtx 1.3 92.9108 0.0506858 0.55 
../tests/d3n0/bot0_3.mtx 1.4 120.569 0.0447106 0.49 
../tests/d3n0/bot0_3.mtx 1.5 112.837 0.0359838 0.383333 
../tests/d3n0/bot0_3.mtx 1.6 106.432 0.0300289 0.333333 
../tests/d3n0/bot0_3.mtx 1.7 145.04 0.0229618 0.262 
../tests/d3n0/bot0_3.mtx 1.8 151.214 0.0174595 0.203333 
../tests/d3n0/bot0_3.mtx 1.9 162.1 0.0117733 0.144286 
../tests/d3n0/bot0_3.mtx 2 197.105 0.00765278 0.102 
../tests/d3n0/bot0_3.mtx 2.1 283.795 0.00528212 0.068125 
../tests/d3n0/bot0_3.mtx 2.2 329.142 0.00378638 0.0485714 
../tests/d3n0/bot0_3.mtx 2.3 464.59 0.00233535 0.0325806 
../tests/d3n0/bot0_3.mtx 2.4 642.46 0.00158056 0.0208 
../tests/d3n0/bot0_3.mtx 2.5 1015.38 0.000777778 0.0112222 
../tests/d3n0/bot0_3.mtx 2.6 1522.18 0.000453644 0.00649351 
../tests/d3n0/bot0_3.mtx 2.7 2247.13 0.000255791 0.003861 
../tests/d3n0/bot0_3.mtx 2.8 3253.52 0.000148775 0.00235294 
../tests/d3n0/bot0_3.mtx 2.9 5061.13 7.06156e-05 0.00132275 
../tests/d3n0/bot0_3.mtx 3 8246.43 3.81286e-05 0.000729395 
../tests/d3n0/bot0_3.mtx 3.1 0 -1 -1 
../tests/d3n0/bot0_3.mtx 3.2 0 -1 -1 
../tests/d3n0/bot0_3.mtx 3.3 0 -1 -1 
../tests/d3n0/bot0_3.mtx 3.4 0 -1 -1 
../tests/d3n0/bot0_3.mtx 3.5 0 -1 -1 
../tests/d3n0/bot0_4.mtx 1 110.966 0.0789931 0.785 
../tests/d3n0/bot0_4.mtx 1.1 100.01 0.0699826 0.705 
../tests/d3n0/bot0_4.mtx 1.2 96.2479 0.0616146 0.635 
../tests/d3n0/bot0_4.mtx 1.3 94.3725 0.0553038 0.59 
../tests/d3n0/bot0_4.mtx 1.4 89.9382 0.0488021 0.52 
../tests/d3n0/bot0_4.mtx 1.5 117.744 0.0367593 0.42 
../tests/d3n0/bot0_4.mtx 1.6 133.599 0.0265885 0.3075 
../tests/d3n0/bot0_4.mtx 1.7 143.885 0.0199201 0.236 
../tests/d3n0/bot0_4.mtx 1.8 156.037 0.0164323 0.195 
../tests/d3n0/bot0_4.mtx 1.9 158.855 0.0124554 0.151429 
../tests/d3n0/bot0_4.mtx 2 181.079 0.00966435 0.116667 
../tests/d3n0/bot0_4.mtx 2.1 252.112 0.0059251 0.0742857 
../tests/d3n0/bot0_4.mtx 2.2 370.599 0.00340567 0.0416667 
../tests/d3n0/bot0_4.mtx 2.3 469.572 0.00212674 0.0277778 
../tests/d3n0/bot0_4.mtx 2.4 664.89 0.00130487 0.0180357 
../tests/d3n0/bot0_4.mtx 2.5 1081.66 0.000736285 0.0102 
../tests/d3n0/bot0_4.mtx 2.6 1450.46 0.000443042 0.00641026 
../tests/d3n0/bot0_4.mtx 2.7 2427.78 0.000235846 0.00335548 
../tests/d3n0/bot0_4.mtx 2.8 3865.26 0.000118348 0.0018315 
../tests/d3n0/bot0_4.mtx 2.9 7529.38 5.28251e-05 0.000821693 
../tests/d3n0/bot0_4.mtx 3 0 -1 -1 
../tests/d3n0/bot0_4.mtx 3.1 0 -1 -1 
../tests/d3n0/bot0_4.mtx 3.2 0 -1 -1 
../tests/d3n0/bot0_4.mtx 3.3 0 -1 -1 
../tests/d3n0/bot0_4.mtx 3.4 0 -1 -1 
../tests/d3n0/bot0_4.mtx 3.5 0 -1 -1 
../tests/d3n0/bot0_5.mtx 1 115.862 0.0837674 0.83 
../tests/d3n0/bot0_5.mtx 1.1 111.078 0.0764844 0.79 
../tests/d3n0/bot0_5.mtx 1.2 104.041 0.0656163 0.695 
../tests/d3n0/bot0_5.mtx 1.3 95.9829 0.0552691 0.615 
../tests/d3n0/bot0_5.mtx 1.4 90.9034 0.0453472 0.51 
../tests/d3n0/bot0_5.mtx 1.5 114.35 0.0344039 0.41 
../tests/d3n0/bot0_5.mtx 1.6 104.922 0.02739 0.333333 
../tests/d3n0/bot0_5.mtx 1.7 138.166 0.0203368 0.242 
../tests/d3n0/bot0_5.mtx 1.8 146.594 0.0157436 0.185 
../tests/d3n0/bot0_5.mtx 1.9 173.745 0.0111654 0.13375 
../tests/d3n0/bot0_5.mtx 2 210.343 0.00778409 0.0918182 
../tests/d3n0/bot0_5.mtx 2.1 277.578 0.00535807 0.065 
../tests/d3n0/bot0_5.mtx 2.2 340.097 0.0037571 0.0486364 
../tests/d3n0/bot0_5.mtx 2.3 456.273 0.00218086 0.0294118 
../tests/d3n0/bot0_5.mtx 2.4 642.923 0.00132652 0.0185185 
../tests/d3n0/bot0_5.mtx 2.5 946.729 0.00083054 0.0114943 
../tests/d3n0/bot0_5.mtx 2.6 1290.42 0.000528549 0.00748148 
../tests/d3n0/bot0_5.mtx 2.7 2144.7 0.000263555 0.00384615 
../tests/d3n0/bot0_5.mtx 2.8 3413.67 0.000143718 0.00212314 
../tests/d3n0/bot0_5.mtx 2.9 5997.34 6.74582e-05 0.00105932 
../tests/d3n0/bot0_5.mtx 3 8831.84 4.06595e-05 0.000648929 
../tests/d3n0/bot0_5.mtx 3.1 0 -1 -1 
../tests/d3n0/bot0_5.mtx 3.2 0 -1 -1 
../tests/d3n0/bot0_5.mtx 3.3 0 -1 -1 
../tests/d3n0/bot0_5.mtx 3.4 0 -1 -1 
../tests/d3n0/bot0_5.mtx 3.5 0 -1 -1 
../tests/d3n0/bot0_6.mtx 1 109.981 0.0782205 0.79 
../tests/d3n0/bot0_6.mtx 1.1 105.03 0.0693142 0.715 
../tests/d3n0/bot0_6.mtx 1.2 99.6909 0.0634549 0.665 
../tests/d3n0/bot0_6.mtx 1.3 95.712 0.0572917 0.605 
../tests/d3n0/bot0_6.mtx 1.4 91.3037 0.0477951 0.535 
../tests/d3n0/bot0_6.mtx 1.5 115.374 0.0377199 0.43 
../tests/d3n0/bot0_6.mtx 1.6 104.449 0.029485 0.35 
../tests/d3n0/bot0_6.mtx 1.7 143.527 0.0186389 0.226 
../tests/d3n0/bot0_6.mtx 1.8 150.335 0.0143981 0.183333 
../tests/d3n0/bot0_6.mtx 1.9 196.586 0.0100965 0.127778 
../tests/d3n0/bot0_6.mtx 2 226.388 0.00685185 0.0858333 
../tests/d3n0/bot0_6.mtx 2.1 285.916 0.00468954 0.0594118 
../tests/d3n0/bot0_6.mtx 2.2 408.84 0.00286024 0.0375 
../tests/d3n0/bot0_6.mtx 2.3 501.88 0.00204017 0.0275676 
../tests/d3n0/bot0_6.mtx 2.4 650.556 0.00132449 0.0183636 
../tests/d3n0/bot0_6.mtx 2.5 952.611 0.000736074 0.0107527 
../tests/d3n0/bot0_6.mtx 2.6 1530.98 0.000405816 0.0060119 
../tests/d3n0/bot0_6.mtx 2.7 2321.63 0.000239631 0.00346021 
../tests/d3n0/bot0_6.mtx 2.8 3557.25 0.000144641 0.00200803 
../tests/d3n0/bot0_6.mtx 2.9 5763.96 7.53703e-05 0.00109051 
../tests/d3n0/bot0_6.mtx 3 9998.64 3.59433e-05 0.000567215 
../tests/d3n0/bot0_6.mtx 3.1 0 -1 -1 
../tests/d3n0/bot0_6.mtx 3.2 0 -1 -1 
../tests/d3n0/bot0_6.mtx 3.3 0 -1 -1 
../tests/d3n0/bot0_6.mtx 3.4 0 -1 -1 
../tests/d3n0/bot0_6.mtx 3.5 0 -1 -1 
../tests/d3n0/bot0_7.mtx 1 114.268 0.0788802 0.79 
../tests/d3n0/bot0_7.mtx 1.1 105.529 0.0707031 0.735 
../tests/d3n0/bot0_7.mtx 1.2 99.0945 0.0603038 0.63 
../tests/d3n0/bot0_7.mtx 1.3 93.4785 0.0540104 0.585 
../tests/d3n0/bot0_7.mtx 1.4 92.2701 0.0442708 0.5 
../tests/d3n0/bot0_7.mtx 1.5 116.015 0.0358218 0.406667 
../tests/d3n0/bot0_7.mtx 1.6 106.521 0.029838 0.34 
../tests/d3n0/bot0_7.mtx 1.7 126.848 0.0232248 0.27 
../tests/d3n0/bot0_7.mtx 1.8 130.963 0.0160417 0.202 
../tests/d3n0/bot0_7.mtx 1.9 180.931 0.0117383 0.14375 
../tests/d3n0/bot0_7.mtx 2 188.585 0.00939429 0.113333 
../tests/d3n0/bot0_7.mtx 2.1 227.52 0.00688079 0.0891667 
../tests/d3n0/bot0_7.mtx 2.2 289.244 0.00416973 0.06 
../tests/d3n0/bot0_7.mtx 2.3 337.029 0.00279287 0.043913 
../tests/d3n0/bot0_7.mtx 2.4 488.241 0.00154702 0.0272973 
../tests/d3n0/bot0_7.mtx 2.5 721.037 0.000852687 0.0167213 
../tests/d3n0/bot0_7.mtx 2.6 1033.5 0.000511188 0.010101 
../tests/d3n0/bot0_7.mtx 2.7 1550.12 0.000249756 0.00584795 
../tests/d3n0/bot0_7.mtx 2.8 2042.69 0.000152317 0.00390625 
../tests/d3n0/bot0_7.mtx 2.9 2488.3 9.90605e-05 0.00294118 
../tests/d3n0/bot0_7.mtx 3 3543.18 4.43744e-05 0.00183486 
../tests/d3n0/bot0_7.mtx 3.1 3810.49 3.0204e-05 0.00157729 
../tests/d3n0/bot0_7.mtx 3.2 4609.86 1.89146e-05 0.00120919 
../tests/d3n0/bot0_7.mtx 3.3 4699.41 1.6624e-05 0.00111732 
../tests/d3n0/bot0_7.mtx 3.4 5530.48 1.00504e-05 0.000886525 
../tests/d3n0/bot0_7.mtx 3.5 0 -1 -1 
../tests/d3n0/bot0_8.mtx 1 111.581 0.0842274 0.81 
../tests/d3n0/bot0_8.mtx 1.1 110.002 0.0760677 0.765 
../tests/d3n0/bot0_8.mtx 1.2 100.485 0.0662326 0.685 
../tests/d3n0/bot0_8.mtx 1.3 96.2519 0.056684 0.595 
../tests/d3n0/bot0_8.mtx 1.4 90.6441 0.0470226 0.505 
../tests/d3n0/bot0_8.mtx 1.5 113.212 0.0362674 0.413333 
../tests/d3n0/bot0_8.mtx 1.6 101.555 0.0286979 0.336667 
../tests/d3n0/bot0_8.mtx 1.7 117.069 0.021467 0.2525 
../tests/d3n0/bot0_8.mtx 1.8 153.565 0.0157928 0.188333 
../tests/d3n0/bot0_8.mtx 1.9 166.902 0.0105273 0.13 
../tests/d3n0/bot0_8.mtx 2 210.7 0.00757418 0.0918182 
../tests/d3n0/bot0_8.mtx 2.1 277.528 0.00516602 0.06375 
../tests/d3n0/bot0_8.mtx 2.2 371.164 0.00349537 0.0433333 
../tests/d3n0/bot0_8.mtx 2.3 521.001 0.00206552 0.0265789 
../tests/d3n0/bot0_8.mtx 2.4 769.43 0.00112687 0.0153846 
../tests/d3n0/bot0_8.mtx 2.5 1101.07 0.000673676 0.00934579 
../tests/d3n0/bot0_8.mtx 2.6 1761.14 0.000362892 0.00512821 
../tests/d3n0/bot0_8.mtx 2.7 2829.72 0.000198819 0.00282486 
../tests/d3n0/bot0_8.mtx 2.8 4048.3 0.000114589 0.0017452 
../tests/d3n0/bot0_8.mtx 2.9 7172.28 5.6036e-05 0.000884413 
../tests/d3n0/bot0_8.mtx 3 0 -1 -1 
../tests/d3n0/bot0_8.mtx 3.1 0 -1 -1 
../tests/d3n0/bot0_8.mtx 3.2 0 -1 -1 
../tests/d3n0/bot0_8.mtx 3.3 0 -1 -1 
../tests/d3n0/bot0_8.mtx 3.4 0 -1 -1 
../tests/d3n0/bot0_8.mtx 3.5 0 -1 -1 
../tests/d3n0/bot0_9.mtx 1 114.764 0.0864844 0.83 
../tests/d3n0/bot0_9.mtx 1.1 111.255 0.0781858 0.755 
../tests/d3n0/bot0_9.mtx 1.2 103.755 0.0702604 0.705 
../tests/d3n0/bot0_9.mtx 1.3 94.5205 0.0613281 0.63 
../tests/d3n0/bot0_9.mtx 1.4 92.5275 0.0534635 0.565 
../tests/d3n0/bot0_9.mtx 1.5 115.964 0.0386921 0.416667 
../tests/d3n0/bot0_9.mtx 1.6 111.965 0.0321007 0.353333 
../tests/d3n0/bot0_9.mtx 1.7 116.793 0.0221007 0.2525 
../tests/d3n0/bot0_9.mtx 1.8 150.965 0.0169358 0.201667 
../tests/d3n0/bot0_9.mtx 1.9 162.827 0.011999 0.144286 
../tests/d3n0/bot0_9.mtx 2 195.054 0.00890278 0.106 
../tests/d3n0/bot0_9.mtx 2.1 239.691 0.00595982 0.0764286 
../tests/d3n0/bot0_9.mtx 2.2 381.503 0.00308194 0.0404 
../tests/d3n0/bot0_9.mtx 2.3 475.986 0.00216194 0.0277778 
../tests/d3n0/bot0_9.mtx 2.4 659.413 0.00130797 0.0178571 
../tests/d3n0/bot0_9.mtx 2.5 965.28 0.00076408 0.010989 
../tests/d3n0/bot0_9.mtx 2.6 1812.89 0.000356557 0.00502513 
../tests/d3n0/bot0_9.mtx 2.7 2448.32 0.000232998 0.00323625 
../tests/d3n0/bot0_9.mtx 2.8 4466.31 0.00010344 0.00155039 
../tests/d3n0/bot0_9.mtx 2.9 7467.91 4.94606e-05 0.000821018 
../tests/d3n0/bot0_9.mtx 3 0 -1 -1 
../tests/d3n0/bot0_9.mtx 3.1 0 -1 -1 
../tests/d3n0/bot0_9.mtx 3.2 0 -1 -1 
../tests/d3n0/bot0_9.mtx 3.3 0 -1 -1 
../tests/d3n0/bot0_9.mtx 3.4 0 -1 -1 
../tests/d3n0/bot0_9.mtx 3.5 0 -1 -1 
../tests/d3n0/top0_0.mtx 1 108.57 0.0772917 0.765 
../tests/d3n0/top0_0.mtx 1.1 101.631 0.0684549 0.7 
../tests/d3n0/top0_0.mtx 1.2 91.6296 0.0595226 0.64 
../tests/d3n0/top0_0.mtx 1.3 87.5147 0.0475955 0.52 
../tests/d3n0/top0_0.mtx 1.4 113.528 0.0392187 0.446667 
../tests/d3n0/top0_0.mtx 1.5 107.365 0.0316088 0.376667 
../tests/d3n0/top0_0.mtx 1.6 123.142 0.0241623 0.275 
../tests/d3n0/top0_0.mtx 1.7 135.137 0.0177813 0.216 
../tests/d3n0/top0_0.mtx 1.8 148.115 0.0137297 0.168333 
../tests/d3n0/top0_0.mtx 1.9 177.488 0.0104275 0.13375 
../tests/d3n0/top0_0.mtx 2 220.291 0.00705966 0.0927273 
../tests/d3n0/top0_0.mtx 2.1 301.419 0.00427662 0.0566667 
../tests/d3n0/top0_0.mtx 2.2 383.798 0.00308472 0.0416 
../tests/d3n0/top0_0.mtx 2.3 547.494 0.00176575 0.0246341 
../tests/d3n0/top0_0.mtx 2.4 771.241 0.00108209 0.015625 
../tests/d3n0/top0_0.mtx 2.5 1006.08 0.000747849 0.0108696 
../tests/d3n0/top0_0.mtx 2.6 1597.66 0.000398994 0.00610778 
../tests/d3n0/top0_0.mtx 2.7 2794.48 0.000203533 0.00294118 
../tests/d3n0/top0_0.mtx 2.8 4067.32 0.000117037 0.00182149 
../tests/d3n0/top0_0.mtx 2.9 6692.38 6.20575e-05 0.000980392 
../tests/d3n0/top0_0.mtx 3 0 -1 -1 
../tests/d3n0/top0_0.mtx 3.1 0 -1 -1 
../tests/d3n0/top0_0.mtx 3.2 0 -1 -1 
../tests/d3n0/top0_0.mtx 3.3 0 -1 -1 
../tests/d3n0/top0_0.mtx 3.4 0 -1 -1 
../tests/d3n0/top0_0.mtx 3.5 0 -1 -1 
../tests/d3n0/top0_1.mtx 1 107.919 0.0809896 0.815 
../tests/d3n0/top0_1.mtx 1.1 103.589 0.070651 0.745 
../tests/d3n0/top0_1.mtx 1.2 97.5531 0.0618142 0.68 
../tests/d3n0/top0_1.mtx 1.3 88.7341 0.0522917 0.58 
../tests/d3n0/top0_1.mtx 1.4 87.5645 0.044809 0.5 
../tests/d3n0/top0_1.mtx 1.5 109.141 0.0363889 0.423333 
../tests/d3n0/top0_1.mtx 1.6 121.937 0.0270703 0.3125 
../tests/d3n0/top0_1.mtx 1.7 133.221 0.0197535 0.238 
../tests/d3n0/top0_1.mtx 1.8 149.165 0.0149508 0.183333 
../tests/d3n0/top0_1.mtx 1.9 174.802 0.0101432 0.13 
../tests/d3n0/top0_1.mtx 2 205.963 0.00708333 0.0927273 
../tests/d3n0/top0_1.mtx 2.1 292.702 0.00453227 0.0605882 
../tests/d3n0/top0_1.mtx 2.2 410.158 0.00260665 0.0357143 
../tests/d3n0/top0_1.mtx 2.3 504.97 0.00188168 0.025641 
../tests/d3n0/top0_1.mtx 2.4 729.056 0.00106939 0.016129 
../tests/d3n0/top0_1.mtx 2.5 1056.98 0.000664897 0.00971154 
../tests/d3n0/top0_1.mtx 2.6 1667.1 0.000372161 0.00563536 
../tests/d3n0/top0_1.mtx 2.7 2414.8 0.000213755 0.00332226 
../tests/d3n0/top0_1.mtx 2.8 3835.43 0.000114005 0.00185185 
../tests/d3n0/top0_1.mtx 2.9 6552.52 6.26138e-05 0.00096432 
../tests/d3n0/top0_1.mtx 3 0 -1 -1 
../tests/d3n0/top0_1.mtx 3.1 0 -1 -1 
../tests/d3n0/top0_1.mtx 3.2 0 -1 -1 
../tests/d3n0/top0_1.mtx 3.3 0 -1 -1 
../tests/d3n0/top0_1.mtx 3.4 0 -1 -1 
../tests/d3n0/top0_1.mtx 3.5 0 -1 -1 
../tests/d3n0/top0_2.mtx 1 110.788 0.079783 0.8 
../tests/d3n0/top0_2.mtx 1.1 106.194 0.0706858 0.74 
../tests/d3n0/top0_2.mtx 1.2 92.9066 0.0601649 0.64 
../tests/d3n0/top0_2.mtx 1.3 89.533 0.0526215 0.58 
../tests/d3n0/top0_2.mtx 1.4 112.225 0.0390914 0.45 
../tests/d3n0/top0_2.mtx 1.5 107.99 0.0302951 0.363333 
../tests/d3n0/top0_2.mtx 1.6 129.877 0.024197 0.2975 
../tests/d3n0/top0_2.mtx 1.7 139.121 0.0168264 0.216 
../tests/d3n0/top0_2.mtx 1.8 149.442 0.0140683 0.181667 
../tests/d3n0/top0_2.mtx 1.9 186.099 0.0093287 0.122222 
../tests/d3n0/top0_2.mtx 2 239.019 0.00640625 0.0866667 
../tests/d3n0/top0_2.mtx 2.1 302.956 0.00448785 0.0577778 
../tests/d3n0/top0_2.mtx 2.2 415.298 0.00268261 0.037037 
../tests/d3n0/top0_2.mtx 2.3 512.428 0.00179094 0.0268421 
../tests/d3n0/top0_2.mtx 2.4 646.46 0.0012754 0.0187037 
../tests/d3n0/top0_2.mtx 2.5 914.071 0.000765129 0.0119048 
../tests/d3n0/top0_2.mtx 2.6 1499.34 0.000426859 0.00645161 
../tests/d3n0/top0_2.mtx 2.7 2274.38 0.000231834 0.00380228 
../tests/d3n0/top0_2.mtx 2.8 3816.96 0.000116231 0.0019685 
../tests/d3n0/top0_2.mtx 2.9 4919.57 7.36334e-05 0.0013947 
../tests/d3n0/top0_2.mtx 3 8213.56 3.82048e-05 0.000748503 
../tests/d3n0/top0_2.mtx 3.1 0 -1 -1 
../tests/d3n0/top0_2.mtx 3.2 0 -1 -1 
../tests/d3n0/top0_2.mtx 3.3 0 -1 -1 
../tests/d3n0/top0_2.mtx 3.4 0 -1 -1 
../tests/d3n0/top0_2.mtx 3.5 0 -1 -1 
../tests/d3n0/top0_3.mtx 1 110.038 0.0778993 0.785 
../tests/d3n0/top0_3.mtx 1.1 104.046 0.0702865 0.73 
../tests/d3n0/top0_3.mtx 1.2 96.1804 0.06 0.655 
../tests/d3n0/top0_3.mtx 1.3 90.5387 0.0508594 0.57 
../tests/d3n0/top0_3.mtx 1.4 115 0.0402373 0.46 
../tests/d3n0/top0_3.mtx 1.5 112.381 0.0335127 0.396667 
../tests/d3n0/top0_3.mtx 1.6 123.472 0.0239887 0.285 
../tests/d3n0/top0_3.mtx 1.7 138.765 0.0179653 0.222 
../tests/d3n0/top0_3.mtx 1.8 147.142 0.0131134 0.168333 
../tests/d3n0/top0_3.mtx 1.9 169.485 0.0101389 0.13375 
../tests/d3n0/top0_3.mtx 2 208.922 0.00716856 0.0954545 
../tests/d3n0/top0_3.mtx 2.1 236.87 0.00550347 0.0714286 
../tests/d3n0/top0_3.mtx 2.2 357.874 0.00322992 0.0443478 
../tests/d3n0/top0_3.mtx 2.3 405.182 0.00245211 0.0344828 
../tests/d3n0/top0_3.mtx 2.4 628.612 0.0014437 0.0198039 
../tests/d3n0/top0_3.mtx 2.5 835.009 0.00090463 0.0134667 
../tests/d3n0/top0_3.mtx 2.6 1369.4 0.000471997 0.00719424 
../tests/d3n0/top0_3.mtx 2.7 2229.25 0.000272415 0.003861 
../tests/d3n0/top0_3.mtx 2.8 2978.34 0.0001578 0.00255102 
../tests/d3n0/top0_3.mtx 2.9 4856.75 8.56306e-05 0.00138122 
../tests/d3n0/top0_3.mtx 3 7492.54 4.7722e-05 0.000815832 
../tests/d3n0/top0_3.mtx 3.1 0 -1 -1 
../tests/d3n0/top0_3.mtx 3.2 0 -1 -1 
../tests/d3n0/top0_3.mtx 3.3 0 -1 -1 
../tests/d3n0/top0_3.mtx 3.4 0 -1 -1 
../tests/d3n0/top0_3.mtx 3.5 0 -1 -1 
../tests/d3n0/top0_4.mtx 1 107.563 0.0777517 0.77 
../tests/d3n0/top0_4.mtx 1.1 103.13 0.0695573 0.72 
../tests/d3n0/top0_4.mtx 1.2 92.8698 0.0587153 0.615 
../tests/d3n0/top0_4.mtx 1.3 90.2111 0.0502691 0.545 
../tests/d3n0/top0_4.mtx 1.4 115.807 0.0424711 0.483333 
../tests/d3n0/top0_4.mtx 1.5 105.573 0.0332176 0.376667 
../tests/d3n0/top0_4.mtx 1.6 128.087 0.0253255 0.2925 
../tests/d3n0/top0_4.mtx 1.7 135.818 0.0179861 0.224 
../tests/d3n0/top0_4.mtx 1.8 142.104 0.0147917 0.175 
../tests/d3n0/top0_4.mtx 1.9 189.776 0.0101871 0.124444 
../tests/d3n0/top0_4.mtx 2 225.338 0.00733652 0.09 
../tests/d3n0/top0_4.mtx 2.1 259.44 0.005125 0.0673333 
../tests/d3n0/top0_4.mtx 2.2 387.497 0.00310694 0.0404 
../tests/d3n0/top0_4.mtx 2.3 497.349 0.00200779 0.027027 
../tests/d3n0/top0_4.mtx 2.4 758.634 0.00115079 0.0163492 
../tests/d3n0/top0_4.mtx 2.5 988.611 0.000750772 0.0113333 
../tests/d3n0/top0_4.mtx 2.6 1708.56 0.000368875 0.00561798 
../tests/d3n0/top0_4.mtx 2.7 2297.33 0.000234822 0.00367647 
../tests/d3n0/top0_4.mtx 2.8 3993.95 0.000114243 0.00184843 
../tests/d3n0/top0_4.mtx 2.9 5844.34 6.55711e-05 0.0011325 
../tests/d3n0/top0_4.mtx 3 10178.7 3.11041e-05 0.000583771 
../tests/d3n0/top0_4.mtx 3.1 0 -1 -1 
../tests/d3n0/top0_4.mtx 3.2 0 -1 -1 
../tests/d3n0/top0_4.mtx 3.3 0 -1 -1 
../tests/d3n0/top0_4.mtx 3.4 0 -1 -1 
../tests/d3n0/top0_4.mtx 3.5 0 -1 -1 
../tests/d3n0/top0_5.mtx 1 108.498 0.0786285 0.78 
../tests/d3n0/top0_5.mtx 1.1 101.266 0.0696701 0.705 
../tests/d3n0/top0_5.mtx 1.2 95.2627 0.0603906 0.64 
../tests/d3n0/top0_5.mtx 1.3 90.9717 0.0529167 0.595 
../tests/d3n0/top0_5.mtx 1.4 87.331 0.0438194 0.51 
../tests/d3n0/top0_5.mtx 1.5 107.663 0.0315914 0.37 
../tests/d3n0/top0_5.mtx 1.6 127.67 0.0245313 0.2825 
../tests/d3n0/top0_5.mtx 1.7 131.701 0.0177708 0.21 
../tests/d3n0/top0_5.mtx 1.8 160.241 0.0143105 0.165714 
../tests/d3n0/top0_5.mtx 1.9 183.291 0.0101794 0.125556 
../tests/d3n0/top0_5.mtx 2 207.639 0.00765152 0.0972727 
../tests/d3n0/top0_5.mtx 2.1 259.539 0.00528009 0.0686667 
../tests/d3n0/top0_5.mtx 2.2 337.801 0.0035228 0.0465217 
../tests/d3n0/top0_5.mtx 2.3 466.598 0.0020515 0.0277778 
../tests/d3n0/top0_5.mtx 2.4 738.434 0.00120184 0.016129 
../tests/d3n0/top0_5.mtx 2.5 1193.5 0.000623665 0.00854701 
../tests/d3n0/top0_5.mtx 2.6 1792.65 0.000348073 0.00495098 
../tests/d3n0/top0_5.mtx 2.7 2872.22 0.000196204 0.00266667 
../tests/d3n0/top0_5.mtx 2.8 3894.54 0.000124891 0.0017452 
../tests/d3n0/top0_5.mtx 2.9 6166.43 7.3352e-05 0.000987167 
../tests/d3n0/top0_5.mtx 3 0 -1 -1 
../tests/d3n0/top0_5.mtx 3.1 0 -1 -1 
../tests/d3n0/top0_5.mtx 3.2 0 -1 -1 
../tests/d3n0/top0_5.mtx 3.3 0 -1 -1 
../tests/d3n0/top0_5.mtx 3.4 0 -1 -1 
../tests/d3n0/top0_5.mtx 3.5 0 -1 -1 
../tests/d3n0/top0_6.mtx 1 104.668 0.0734635 0.75 
../tests/d3n0/top0_6.mtx 1.1 96.1373 0.0638368 0.675 
../tests/d3n0/top0_6.mtx 1.2 93.4156 0.0543316 0.59 
../tests/d3n0/top0_6.mtx 1.3 116.477 0.0427546 0.473333 
../tests/d3n0/top0_6.mtx 1.4 107.83 0.0371875 0.426667 
../tests/d3n0/top0_6.mtx 1.5 105.86 0.0294213 0.346667 
../tests/d3n0/top0_6.mtx 1.6 128.062 0.0236762 0.2825 
../tests/d3n0/top0_6.mtx 1.7 133.294 0.0165729 0.206 
../tests/d3n0/top0_6.mtx 1.8 157.964 0.0128423 0.154286 
../tests/d3n0/top0_6.mtx 1.9 184.125 0.00904514 0.116667 
../tests/d3n0/top0_6.mtx 2 234.472 0.00607906 0.0769231 
../tests/d3n0/top0_6.mtx 2.1 323.814 0.0039974 0.0515 
../tests/d3n0/top0_6.mtx 2.2 393.848 0.00305689 0.0388462 
../tests/d3n0/top0_6.mtx 2.3 527.164 0.00176575 0.0243902 
../tests/d3n0/top0_6.mtx 2.4 752.041 0.00105662 0.0153846 
../tests/d3n0/top0_6.mtx 2.5 1073.23 0.000653935 0.00952381 
../tests/d3n0/top0_6.mtx 2.6 1743.34 0.000362939 0.00526316 
../tests/d3n0/top0_6.mtx 2.7 2534.25 0.000215032 0.00321543 
../tests/d3n0/top0_6.mtx 2.8 3757.28 0.000129098 0.00193798 
../tests/d3n0/top0_6.mtx 2.9 6300.34 5.89069e-05 0.00103378 
../tests/d3n0/top0_6.mtx 3 11622 2.81463e-05 0.000503018 
../tests/d3n0/top0_6.mtx 3.1 0 -1 -1 
../tests/d3n0/top0_6.mtx 3.2 0 -1 -1 
../tests/d3n0/top0_6.mtx 3.3 0 -1 -1 
../tests/d3n0/top0_6.mtx 3.4 0 -1 -1 
../tests/d3n0/top0_6.mtx 3.5 0 -1 -1 
../tests/d3n0/top0_7.mtx 1 106.442 0.0752344 0.77 
../tests/d3n0/top0_7.mtx 1.1 102.414 0.0659201 0.705 
../tests/d3n0/top0_7.mtx 1.2 92.7182 0.0569097 0.62 
../tests/d3n0/top0_7.mtx 1.3 89.2201 0.0480642 0.535 
../tests/d3n0/top0_7.mtx 1.4 113.331 0.0361632 0.416667 
../tests/d3n0/top0_7.mtx 1.5 130.081 0.027513 0.325 
../tests/d3n0/top0_7.mtx 1.6 120.955 0.0209983 0.26 
../tests/d3n0/top0_7.mtx 1.7 157.664 0.016169 0.195 
../tests/d3n0/top0_7.mtx 1.8 160.162 0.0122495 0.152857 
../tests/d3n0/top0_7.mtx 1.9 180.847 0.00840085 0.111111 
../tests/d3n0/top0_7.mtx 2 237.242 0.00579594 0.0807692 
../tests/d3n0/top0_7.mtx 2.1 298.936 0.00390351 0.0547368 
../tests/d3n0/top0_7.mtx 2.2 407.883 0.00249566 0.0360714 
../tests/d3n0/top0_7.mtx 2.3 555.421 0.00188008 0.0253659 
../tests/d3n0/top0_7.mtx 2.4 707.569 0.00117008 0.0172414 
../tests/d3n0/top0_7.mtx 2.5 963.413 0.000763499 0.011236 
../tests/d3n0/top0_7.mtx 2.6 1435.16 0.000446814 0.00675676 
../tests/d3n0/top0_7.mtx 2.7 2075.92 0.000245671 0.0041841 
../tests/d3n0/top0_7.mtx 2.8 2988.49 0.000147435 0.00259067 
../tests/d3n0/top0_7.mtx 2.9 4568.22 8.00511e-05 0.00151976 
../tests/d3n0/top0_7.mtx 3 8882.79 3.85843e-05 0.000693001 
../tests/d3n0/top0_7.mtx 3.1 0 -1 -1 
../tests/d3n0/top0_7.mtx 3.2 0 -1 -1 
../tests/d3n0/top0_7.mtx 3.3 0 -1 -1 
../tests/d3n0/top0_7.mtx 3.4 0 -1 -1 
../tests/d3n0/top0_7.mtx 3.5 0 -1 -1 
../tests/d3n0/top0_8.mtx 1 109.581 0.0820833 0.81 
../tests/d3n0/top0_8.mtx 1.1 108.01 0.0703212 0.715 
../tests/d3n0/top0_8.mtx 1.2 92.9648 0.0612934 0.645 
../tests/d3n0/top0_8.mtx 1.3 89.9829 0.0524653 0.555 
../tests/d3n0/top0_8.mtx 1.4 116.034 0.0416377 0.47 
../tests/d3n0/top0_8.mtx 1.5 109.049 0.0350694 0.406667 
../tests/d3n0/top0_8.mtx 1.6 131.309 0.0260807 0.3175 
../tests/d3n0/top0_8.mtx 1.7 137.08 0.0184722 0.228 
../tests/d3n0/top0_8.mtx 1.8 150.033 0.0138773 0.18 
../tests/d3n0/top0_8.mtx 1.9 175.186 0.0102018 0.1325 
../tests/d3n0/top0_8.mtx 2 197.049 0.00822049 0.102 
../tests/d3n0/top0_8.mtx 2.1 258.592 0.00554745 0.072 
../tests/d3n0/top0_8.mtx 2.2 341.882 0.00348011 0.0463636 
../tests/d3n0/top0_8.mtx 2.3 464.479 0.00215788 0.0297059 
../tests/d3n0/top0_8.mtx 2.4 718.653 0.00123264 0.0169492 
../tests/d3n0/top0_8.mtx 2.5 884.248 0.000827257 0.012625 
../tests/d3n0/top0_8.mtx 2.6 1428.09 0.000431784 0.00680272 
../tests/d3n0/top0_8.mtx 2.7 2041.25 0.000276625 0.00414938 
../tests/d3n0/top0_8.mtx 2.8 3225.12 0.000129208 0.00230415 
../tests/d3n0/top0_8.mtx 2.9 5308.93 6.29313e-05 0.00124224 
../tests/d3n0/top0_8.mtx 3 7338.75 3.69509e-05 0.000817661 
../tests/d3n0/top0_8.mtx 3.1 0 -1 -1 
../tests/d3n0/top0_8.mtx 3.2 0 -1 -1 
../tests/d3n0/top0_8.mtx 3.3 0 -1 -1 
../tests/d3n0/top0_8.mtx 3.4 0 -1 -1 
../tests/d3n0/top0_8.mtx 3.5 0 -1 -1 
../tests/d3n0/top0_9.mtx 1 112.098 0.0813194 0.825 
../tests/d3n0/top0_9.mtx 1.1 104.839 0.0721875 0.76 
../tests/d3n0/top0_9.mtx 1.2 96.9879 0.0615799 0.69 
../tests/d3n0/top0_9.mtx 1.3 89.8864 0.0551215 0.615 
../tests/d3n0/top0_9.mtx 1.4 117.415 0.0418345 0.486667 
../tests/d3n0/top0_9.mtx 1.5 107.467 0.0310185 0.36 
../tests/d3n0/top0_9.mtx 1.6 123.438 0.025651 0.3075 
../tests/d3n0/top0_9.mtx 1.7 138.47 0.0189132 0.232 
../tests/d3n0/top0_9.mtx 1.8 143.752 0.0155006 0.183333 
../tests/d3n0/top0_9.mtx 1.9 173.593 0.0102908 0.13125 
../tests/d3n0/top0_9.mtx 2 213.016 0.0079435 0.0963636 
../tests/d3n0/top0_9.mtx 2.1 247.774 0.00565104 0.0757143 
../tests/d3n0/top0_9.mtx 2.2 345.154 0.00336806 0.0452174 
../tests/d3n0/top0_9.mtx 2.3 476.577 0.00211111 0.0285714 
../tests/d3n0/top0_9.mtx 2.4 643.608 0.00138725 0.0192453 
../tests/d3n0/top0_9.mtx 2.5 872.508 0.000862268 0.0123457 
../tests/d3n0/top0_9.mtx 2.6 1364.92 0.000468993 0.00699301 
../tests/d3n0/top0_9.mtx 2.7 2250.46 0.000247156 0.00372694 
../tests/d3n0/top0_9.mtx 2.8 3989.36 0.000109501 0.00181818 
../tests/d3n0/top0_9.mtx 2.9 6544.28 5.97994e-05 0.000974659 
../tests/d3n0/top0_9.mtx 3 0 -1 -1 
../tests/d3n0/top0_9.mtx 3.1 0 -1 -1 
../tests/d3n0/top0_9.mtx 3.2 0 -1 -1 
../tests/d3n0/top0_9.mtx 3.3 0 -1 -1 
../tests/d3n0/top0_9.mtx 3.4 0 -1 -1 
../tests/d3n0/top0_9.mtx 3.5 0 -1 -1 
