Results
Filename SNR Time(ms) BER FER
/home/antonkov/masterWork/tests/samePrefixMarkedMtx2304/depth3/node0/test0_0.mtx 1 413.024 0.0861589 0.93 
/home/antonkov/masterWork/tests/samePrefixMarkedMtx2304/depth3/node0/test0_0.mtx 1.1 402.369 0.077309 0.9 
/home/antonkov/masterWork/tests/samePrefixMarkedMtx2304/depth3/node0/test0_0.mtx 1.2 382.475 0.0588802 0.72 
/home/antonkov/masterWork/tests/samePrefixMarkedMtx2304/depth3/node0/test0_0.mtx 1.3 360.195 0.043941 0.54 
/home/antonkov/masterWork/tests/samePrefixMarkedMtx2304/depth3/node0/test0_0.mtx 1.4 469.702 0.0321332 0.415 
/home/antonkov/masterWork/tests/samePrefixMarkedMtx2304/depth3/node0/test0_0.mtx 1.5 431.003 0.0207378 0.285 
/home/antonkov/masterWork/tests/samePrefixMarkedMtx2304/depth3/node0/test0_0.mtx 1.6 563.461 0.00956489 0.14 
/home/antonkov/masterWork/tests/samePrefixMarkedMtx2304/depth3/node0/test0_0.mtx 1.7 855.14 0.00397184 0.0588889 
/home/antonkov/masterWork/tests/samePrefixMarkedMtx2304/depth3/node0/test0_0.mtx 1.8 1369.83 0.00175416 0.0268421 
/home/antonkov/masterWork/tests/samePrefixMarkedMtx2304/depth3/node0/test0_0.mtx 1.9 2702.74 0.000634585 0.0104167 
/home/antonkov/masterWork/tests/samePrefixMarkedMtx2304/depth3/node0/test0_0.mtx 2 7313.41 0.000191713 0.00304878 
/home/antonkov/masterWork/tests/samePrefixMarkedMtx2304/depth3/node0/test0_0.mtx 2.1 0 -1 -1 
/home/antonkov/masterWork/tests/samePrefixMarkedMtx2304/depth3/node0/test0_0.mtx 2.2 0 -1 -1 
/home/antonkov/masterWork/tests/samePrefixMarkedMtx2304/depth3/node0/test0_0.mtx 2.3 0 -1 -1 
/home/antonkov/masterWork/tests/samePrefixMarkedMtx2304/depth3/node0/test0_0.mtx 2.4 0 -1 -1 
/home/antonkov/masterWork/tests/samePrefixMarkedMtx2304/depth3/node0/test0_0.mtx 2.5 0 -1 -1 
/home/antonkov/masterWork/tests/samePrefixMarkedMtx2304/depth3/node0/test0_0.mtx 2.6 0 -1 -1 
/home/antonkov/masterWork/tests/samePrefixMarkedMtx2304/depth3/node0/test0_0.mtx 2.7 0 -1 -1 
/home/antonkov/masterWork/tests/samePrefixMarkedMtx2304/depth3/node0/test0_0.mtx 2.8 0 -1 -1 
/home/antonkov/masterWork/tests/samePrefixMarkedMtx2304/depth3/node0/test0_0.mtx 2.9 0 -1 -1 
/home/antonkov/masterWork/tests/samePrefixMarkedMtx2304/depth3/node0/test0_0.mtx 3 0 -1 -1 
/home/antonkov/masterWork/tests/samePrefixMarkedMtx2304/depth3/node0/test0_0.mtx 3.1 0 -1 -1 
/home/antonkov/masterWork/tests/samePrefixMarkedMtx2304/depth3/node0/test0_0.mtx 3.2 0 -1 -1 
/home/antonkov/masterWork/tests/samePrefixMarkedMtx2304/depth3/node0/test0_0.mtx 3.3 0 -1 -1 
/home/antonkov/masterWork/tests/samePrefixMarkedMtx2304/depth3/node0/test0_0.mtx 3.4 0 -1 -1 
/home/antonkov/masterWork/tests/samePrefixMarkedMtx2304/depth3/node0/test0_0.mtx 3.5 0 -1 -1 
/home/antonkov/masterWork/tests/samePrefixMarkedMtx2304/depth3/node0/test0_1.mtx 1 390.273 0.086658 0.93 
/home/antonkov/masterWork/tests/samePrefixMarkedMtx2304/depth3/node0/test0_1.mtx 1.1 397.344 0.0755859 0.84 
/home/antonkov/masterWork/tests/samePrefixMarkedMtx2304/depth3/node0/test0_1.mtx 1.2 382.591 0.0606771 0.72 
/home/antonkov/masterWork/tests/samePrefixMarkedMtx2304/depth3/node0/test0_1.mtx 1.3 363.059 0.0459071 0.58 
/home/antonkov/masterWork/tests/samePrefixMarkedMtx2304/depth3/node0/test0_1.mtx 1.4 467.581 0.0327322 0.42 
/home/antonkov/masterWork/tests/samePrefixMarkedMtx2304/depth3/node0/test0_1.mtx 1.5 440.33 0.0184158 0.255 
/home/antonkov/masterWork/tests/samePrefixMarkedMtx2304/depth3/node0/test0_1.mtx 1.6 666.11 0.00951389 0.128 
/home/antonkov/masterWork/tests/samePrefixMarkedMtx2304/depth3/node0/test0_1.mtx 1.7 721.779 0.00522755 0.0742857 
/home/antonkov/masterWork/tests/samePrefixMarkedMtx2304/depth3/node0/test0_1.mtx 1.8 1677.44 0.00127116 0.0208333 
/home/antonkov/masterWork/tests/samePrefixMarkedMtx2304/depth3/node0/test0_1.mtx 1.9 3782.87 0.000455481 0.00728571 
/home/antonkov/masterWork/tests/samePrefixMarkedMtx2304/depth3/node0/test0_1.mtx 2 0 -1 -1 
/home/antonkov/masterWork/tests/samePrefixMarkedMtx2304/depth3/node0/test0_1.mtx 2.1 0 -1 -1 
/home/antonkov/masterWork/tests/samePrefixMarkedMtx2304/depth3/node0/test0_1.mtx 2.2 0 -1 -1 
/home/antonkov/masterWork/tests/samePrefixMarkedMtx2304/depth3/node0/test0_1.mtx 2.3 0 -1 -1 
/home/antonkov/masterWork/tests/samePrefixMarkedMtx2304/depth3/node0/test0_1.mtx 2.4 0 -1 -1 
/home/antonkov/masterWork/tests/samePrefixMarkedMtx2304/depth3/node0/test0_1.mtx 2.5 0 -1 -1 
/home/antonkov/masterWork/tests/samePrefixMarkedMtx2304/depth3/node0/test0_1.mtx 2.6 0 -1 -1 
/home/antonkov/masterWork/tests/samePrefixMarkedMtx2304/depth3/node0/test0_1.mtx 2.7 0 -1 -1 
/home/antonkov/masterWork/tests/samePrefixMarkedMtx2304/depth3/node0/test0_1.mtx 2.8 0 -1 -1 
/home/antonkov/masterWork/tests/samePrefixMarkedMtx2304/depth3/node0/test0_1.mtx 2.9 0 -1 -1 
/home/antonkov/masterWork/tests/samePrefixMarkedMtx2304/depth3/node0/test0_1.mtx 3 0 -1 -1 
/home/antonkov/masterWork/tests/samePrefixMarkedMtx2304/depth3/node0/test0_1.mtx 3.1 0 -1 -1 
/home/antonkov/masterWork/tests/samePrefixMarkedMtx2304/depth3/node0/test0_1.mtx 3.2 0 -1 -1 
/home/antonkov/masterWork/tests/samePrefixMarkedMtx2304/depth3/node0/test0_1.mtx 3.3 0 -1 -1 
/home/antonkov/masterWork/tests/samePrefixMarkedMtx2304/depth3/node0/test0_1.mtx 3.4 0 -1 -1 
/home/antonkov/masterWork/tests/samePrefixMarkedMtx2304/depth3/node0/test0_1.mtx 3.5 0 -1 -1 
/home/antonkov/masterWork/tests/samePrefixMarkedMtx2304/depth3/node0/test0_2.mtx 1 394.054 0.0813455 0.9 
/home/antonkov/masterWork/tests/samePrefixMarkedMtx2304/depth3/node0/test0_2.mtx 1.1 392.614 0.0705903 0.83 
/home/antonkov/masterWork/tests/samePrefixMarkedMtx2304/depth3/node0/test0_2.mtx 1.2 393.572 0.0571181 0.72 
/home/antonkov/masterWork/tests/samePrefixMarkedMtx2304/depth3/node0/test0_2.mtx 1.3 370.032 0.0371788 0.51 
/home/antonkov/masterWork/tests/samePrefixMarkedMtx2304/depth3/node0/test0_2.mtx 1.4 476.937 0.0249501 0.34 
/home/antonkov/masterWork/tests/samePrefixMarkedMtx2304/depth3/node0/test0_2.mtx 1.5 539.035 0.0154094 0.23 
/home/antonkov/masterWork/tests/samePrefixMarkedMtx2304/depth3/node0/test0_2.mtx 1.6 664.108 0.0070816 0.114 
/home/antonkov/masterWork/tests/samePrefixMarkedMtx2304/depth3/node0/test0_2.mtx 1.7 899.171 0.00380787 0.06 
/home/antonkov/masterWork/tests/samePrefixMarkedMtx2304/depth3/node0/test0_2.mtx 1.8 1507.87 0.0016276 0.025 
/home/antonkov/masterWork/tests/samePrefixMarkedMtx2304/depth3/node0/test0_2.mtx 1.9 3241.47 0.000524399 0.00892857 
/home/antonkov/masterWork/tests/samePrefixMarkedMtx2304/depth3/node0/test0_2.mtx 2 0 -1 -1 
/home/antonkov/masterWork/tests/samePrefixMarkedMtx2304/depth3/node0/test0_2.mtx 2.1 0 -1 -1 
/home/antonkov/masterWork/tests/samePrefixMarkedMtx2304/depth3/node0/test0_2.mtx 2.2 0 -1 -1 
/home/antonkov/masterWork/tests/samePrefixMarkedMtx2304/depth3/node0/test0_2.mtx 2.3 0 -1 -1 
/home/antonkov/masterWork/tests/samePrefixMarkedMtx2304/depth3/node0/test0_2.mtx 2.4 0 -1 -1 
/home/antonkov/masterWork/tests/samePrefixMarkedMtx2304/depth3/node0/test0_2.mtx 2.5 0 -1 -1 
/home/antonkov/masterWork/tests/samePrefixMarkedMtx2304/depth3/node0/test0_2.mtx 2.6 0 -1 -1 
/home/antonkov/masterWork/tests/samePrefixMarkedMtx2304/depth3/node0/test0_2.mtx 2.7 0 -1 -1 
/home/antonkov/masterWork/tests/samePrefixMarkedMtx2304/depth3/node0/test0_2.mtx 2.8 0 -1 -1 
/home/antonkov/masterWork/tests/samePrefixMarkedMtx2304/depth3/node0/test0_2.mtx 2.9 0 -1 -1 
/home/antonkov/masterWork/tests/samePrefixMarkedMtx2304/depth3/node0/test0_2.mtx 3 0 -1 -1 
/home/antonkov/masterWork/tests/samePrefixMarkedMtx2304/depth3/node0/test0_2.mtx 3.1 0 -1 -1 
/home/antonkov/masterWork/tests/samePrefixMarkedMtx2304/depth3/node0/test0_2.mtx 3.2 0 -1 -1 
/home/antonkov/masterWork/tests/samePrefixMarkedMtx2304/depth3/node0/test0_2.mtx 3.3 0 -1 -1 
/home/antonkov/masterWork/tests/samePrefixMarkedMtx2304/depth3/node0/test0_2.mtx 3.4 0 -1 -1 
/home/antonkov/masterWork/tests/samePrefixMarkedMtx2304/depth3/node0/test0_2.mtx 3.5 0 -1 -1 
/home/antonkov/masterWork/tests/samePrefixMarkedMtx2304/depth3/node0/test0_3.mtx 1 399.283 0.0820703 0.89 
/home/antonkov/masterWork/tests/samePrefixMarkedMtx2304/depth3/node0/test0_3.mtx 1.1 399.26 0.0720529 0.83 
/home/antonkov/masterWork/tests/samePrefixMarkedMtx2304/depth3/node0/test0_3.mtx 1.2 385.754 0.0600825 0.73 
/home/antonkov/masterWork/tests/samePrefixMarkedMtx2304/depth3/node0/test0_3.mtx 1.3 366.43 0.0420964 0.53 
/home/antonkov/masterWork/tests/samePrefixMarkedMtx2304/depth3/node0/test0_3.mtx 1.4 471.483 0.0293707 0.375 
/home/antonkov/masterWork/tests/samePrefixMarkedMtx2304/depth3/node0/test0_3.mtx 1.5 523.007 0.0172309 0.236667 
/home/antonkov/masterWork/tests/samePrefixMarkedMtx2304/depth3/node0/test0_3.mtx 1.6 584.193 0.00901693 0.1375 
/home/antonkov/masterWork/tests/samePrefixMarkedMtx2304/depth3/node0/test0_3.mtx 1.7 869.644 0.00349875 0.0555556 
/home/antonkov/masterWork/tests/samePrefixMarkedMtx2304/depth3/node0/test0_3.mtx 1.8 1475.92 0.00147352 0.025 
/home/antonkov/masterWork/tests/samePrefixMarkedMtx2304/depth3/node0/test0_3.mtx 1.9 3503.12 0.000460138 0.00793651 
/home/antonkov/masterWork/tests/samePrefixMarkedMtx2304/depth3/node0/test0_3.mtx 2 0 -1 -1 
/home/antonkov/masterWork/tests/samePrefixMarkedMtx2304/depth3/node0/test0_3.mtx 2.1 0 -1 -1 
/home/antonkov/masterWork/tests/samePrefixMarkedMtx2304/depth3/node0/test0_3.mtx 2.2 0 -1 -1 
/home/antonkov/masterWork/tests/samePrefixMarkedMtx2304/depth3/node0/test0_3.mtx 2.3 0 -1 -1 
/home/antonkov/masterWork/tests/samePrefixMarkedMtx2304/depth3/node0/test0_3.mtx 2.4 0 -1 -1 
/home/antonkov/masterWork/tests/samePrefixMarkedMtx2304/depth3/node0/test0_3.mtx 2.5 0 -1 -1 
/home/antonkov/masterWork/tests/samePrefixMarkedMtx2304/depth3/node0/test0_3.mtx 2.6 0 -1 -1 
/home/antonkov/masterWork/tests/samePrefixMarkedMtx2304/depth3/node0/test0_3.mtx 2.7 0 -1 -1 
/home/antonkov/masterWork/tests/samePrefixMarkedMtx2304/depth3/node0/test0_3.mtx 2.8 0 -1 -1 
/home/antonkov/masterWork/tests/samePrefixMarkedMtx2304/depth3/node0/test0_3.mtx 2.9 0 -1 -1 
/home/antonkov/masterWork/tests/samePrefixMarkedMtx2304/depth3/node0/test0_3.mtx 3 0 -1 -1 
/home/antonkov/masterWork/tests/samePrefixMarkedMtx2304/depth3/node0/test0_3.mtx 3.1 0 -1 -1 
/home/antonkov/masterWork/tests/samePrefixMarkedMtx2304/depth3/node0/test0_3.mtx 3.2 0 -1 -1 
/home/antonkov/masterWork/tests/samePrefixMarkedMtx2304/depth3/node0/test0_3.mtx 3.3 0 -1 -1 
/home/antonkov/masterWork/tests/samePrefixMarkedMtx2304/depth3/node0/test0_3.mtx 3.4 0 -1 -1 
/home/antonkov/masterWork/tests/samePrefixMarkedMtx2304/depth3/node0/test0_3.mtx 3.5 0 -1 -1 
/home/antonkov/masterWork/tests/samePrefixMarkedMtx2304/depth3/node0/test0_4.mtx 1 404.352 0.0805122 0.89 
/home/antonkov/masterWork/tests/samePrefixMarkedMtx2304/depth3/node0/test0_4.mtx 1.1 397.206 0.0682596 0.81 
/home/antonkov/masterWork/tests/samePrefixMarkedMtx2304/depth3/node0/test0_4.mtx 1.2 379.717 0.0543056 0.65 
/home/antonkov/masterWork/tests/samePrefixMarkedMtx2304/depth3/node0/test0_4.mtx 1.3 496.609 0.0423937 0.525 
/home/antonkov/masterWork/tests/samePrefixMarkedMtx2304/depth3/node0/test0_4.mtx 1.4 453.485 0.0275911 0.355 
/home/antonkov/masterWork/tests/samePrefixMarkedMtx2304/depth3/node0/test0_4.mtx 1.5 533.499 0.0185113 0.246667 
/home/antonkov/masterWork/tests/samePrefixMarkedMtx2304/depth3/node0/test0_4.mtx 1.6 561.812 0.00957248 0.13 
/home/antonkov/masterWork/tests/samePrefixMarkedMtx2304/depth3/node0/test0_4.mtx 1.7 829.543 0.00446506 0.06375 
/home/antonkov/masterWork/tests/samePrefixMarkedMtx2304/depth3/node0/test0_4.mtx 1.8 1310.67 0.00198427 0.0317647 
/home/antonkov/masterWork/tests/samePrefixMarkedMtx2304/depth3/node0/test0_4.mtx 1.9 3169.35 0.00058245 0.00892857 
/home/antonkov/masterWork/tests/samePrefixMarkedMtx2304/depth3/node0/test0_4.mtx 2 0 -1 -1 
/home/antonkov/masterWork/tests/samePrefixMarkedMtx2304/depth3/node0/test0_4.mtx 2.1 0 -1 -1 
/home/antonkov/masterWork/tests/samePrefixMarkedMtx2304/depth3/node0/test0_4.mtx 2.2 0 -1 -1 
/home/antonkov/masterWork/tests/samePrefixMarkedMtx2304/depth3/node0/test0_4.mtx 2.3 0 -1 -1 
/home/antonkov/masterWork/tests/samePrefixMarkedMtx2304/depth3/node0/test0_4.mtx 2.4 0 -1 -1 
/home/antonkov/masterWork/tests/samePrefixMarkedMtx2304/depth3/node0/test0_4.mtx 2.5 0 -1 -1 
/home/antonkov/masterWork/tests/samePrefixMarkedMtx2304/depth3/node0/test0_4.mtx 2.6 0 -1 -1 
/home/antonkov/masterWork/tests/samePrefixMarkedMtx2304/depth3/node0/test0_4.mtx 2.7 0 -1 -1 
/home/antonkov/masterWork/tests/samePrefixMarkedMtx2304/depth3/node0/test0_4.mtx 2.8 0 -1 -1 
/home/antonkov/masterWork/tests/samePrefixMarkedMtx2304/depth3/node0/test0_4.mtx 2.9 0 -1 -1 
/home/antonkov/masterWork/tests/samePrefixMarkedMtx2304/depth3/node0/test0_4.mtx 3 0 -1 -1 
/home/antonkov/masterWork/tests/samePrefixMarkedMtx2304/depth3/node0/test0_4.mtx 3.1 0 -1 -1 
/home/antonkov/masterWork/tests/samePrefixMarkedMtx2304/depth3/node0/test0_4.mtx 3.2 0 -1 -1 
/home/antonkov/masterWork/tests/samePrefixMarkedMtx2304/depth3/node0/test0_4.mtx 3.3 0 -1 -1 
/home/antonkov/masterWork/tests/samePrefixMarkedMtx2304/depth3/node0/test0_4.mtx 3.4 0 -1 -1 
/home/antonkov/masterWork/tests/samePrefixMarkedMtx2304/depth3/node0/test0_4.mtx 3.5 0 -1 -1 
/home/antonkov/masterWork/tests/samePrefixMarkedMtx2304/depth3/node0/test1_0.mtx 1 434.287 0.0868403 0.92 
/home/antonkov/masterWork/tests/samePrefixMarkedMtx2304/depth3/node0/test1_0.mtx 1.1 432.859 0.0738325 0.84 
/home/antonkov/masterWork/tests/samePrefixMarkedMtx2304/depth3/node0/test1_0.mtx 1.2 433.611 0.0596832 0.75 
/home/antonkov/masterWork/tests/samePrefixMarkedMtx2304/depth3/node0/test1_0.mtx 1.3 408.311 0.0426128 0.55 
/home/antonkov/masterWork/tests/samePrefixMarkedMtx2304/depth3/node0/test1_0.mtx 1.4 505.398 0.0280512 0.365 
/home/antonkov/masterWork/tests/samePrefixMarkedMtx2304/depth3/node0/test1_0.mtx 1.5 558.225 0.0164959 0.233333 
/home/antonkov/masterWork/tests/samePrefixMarkedMtx2304/depth3/node0/test1_0.mtx 1.6 696.423 0.00861892 0.122 
/home/antonkov/masterWork/tests/samePrefixMarkedMtx2304/depth3/node0/test1_0.mtx 1.7 934.022 0.00360243 0.0577778 
/home/antonkov/masterWork/tests/samePrefixMarkedMtx2304/depth3/node0/test1_0.mtx 1.8 1785.23 0.00123073 0.0208 
/home/antonkov/masterWork/tests/samePrefixMarkedMtx2304/depth3/node0/test1_0.mtx 1.9 3879.69 0.00042806 0.00694444 
/home/antonkov/masterWork/tests/samePrefixMarkedMtx2304/depth3/node0/test1_0.mtx 2 0 -1 -1 
/home/antonkov/masterWork/tests/samePrefixMarkedMtx2304/depth3/node0/test1_0.mtx 2.1 0 -1 -1 
/home/antonkov/masterWork/tests/samePrefixMarkedMtx2304/depth3/node0/test1_0.mtx 2.2 0 -1 -1 
/home/antonkov/masterWork/tests/samePrefixMarkedMtx2304/depth3/node0/test1_0.mtx 2.3 0 -1 -1 
/home/antonkov/masterWork/tests/samePrefixMarkedMtx2304/depth3/node0/test1_0.mtx 2.4 0 -1 -1 
/home/antonkov/masterWork/tests/samePrefixMarkedMtx2304/depth3/node0/test1_0.mtx 2.5 0 -1 -1 
/home/antonkov/masterWork/tests/samePrefixMarkedMtx2304/depth3/node0/test1_0.mtx 2.6 0 -1 -1 
/home/antonkov/masterWork/tests/samePrefixMarkedMtx2304/depth3/node0/test1_0.mtx 2.7 0 -1 -1 
/home/antonkov/masterWork/tests/samePrefixMarkedMtx2304/depth3/node0/test1_0.mtx 2.8 0 -1 -1 
/home/antonkov/masterWork/tests/samePrefixMarkedMtx2304/depth3/node0/test1_0.mtx 2.9 0 -1 -1 
/home/antonkov/masterWork/tests/samePrefixMarkedMtx2304/depth3/node0/test1_0.mtx 3 0 -1 -1 
/home/antonkov/masterWork/tests/samePrefixMarkedMtx2304/depth3/node0/test1_0.mtx 3.1 0 -1 -1 
/home/antonkov/masterWork/tests/samePrefixMarkedMtx2304/depth3/node0/test1_0.mtx 3.2 0 -1 -1 
/home/antonkov/masterWork/tests/samePrefixMarkedMtx2304/depth3/node0/test1_0.mtx 3.3 0 -1 -1 
/home/antonkov/masterWork/tests/samePrefixMarkedMtx2304/depth3/node0/test1_0.mtx 3.4 0 -1 -1 
/home/antonkov/masterWork/tests/samePrefixMarkedMtx2304/depth3/node0/test1_0.mtx 3.5 0 -1 -1 
/home/antonkov/masterWork/tests/samePrefixMarkedMtx2304/depth3/node0/test1_1.mtx 1 435.825 0.086862 0.92 
/home/antonkov/masterWork/tests/samePrefixMarkedMtx2304/depth3/node0/test1_1.mtx 1.1 437.025 0.0749913 0.84 
/home/antonkov/masterWork/tests/samePrefixMarkedMtx2304/depth3/node0/test1_1.mtx 1.2 431.876 0.0594184 0.73 
/home/antonkov/masterWork/tests/samePrefixMarkedMtx2304/depth3/node0/test1_1.mtx 1.3 405.965 0.0451997 0.58 
/home/antonkov/masterWork/tests/samePrefixMarkedMtx2304/depth3/node0/test1_1.mtx 1.4 504.397 0.0266037 0.365 
/home/antonkov/masterWork/tests/samePrefixMarkedMtx2304/depth3/node0/test1_1.mtx 1.5 576.34 0.0128313 0.173333 
/home/antonkov/masterWork/tests/samePrefixMarkedMtx2304/depth3/node0/test1_1.mtx 1.6 688.621 0.00760764 0.108 
/home/antonkov/masterWork/tests/samePrefixMarkedMtx2304/depth3/node0/test1_1.mtx 1.7 934.939 0.00377942 0.0577778 
/home/antonkov/masterWork/tests/samePrefixMarkedMtx2304/depth3/node0/test1_1.mtx 1.8 1753.36 0.00136111 0.0204 
/home/antonkov/masterWork/tests/samePrefixMarkedMtx2304/depth3/node0/test1_1.mtx 1.9 3417.21 0.000511877 0.00809524 
/home/antonkov/masterWork/tests/samePrefixMarkedMtx2304/depth3/node0/test1_1.mtx 2 0 -1 -1 
/home/antonkov/masterWork/tests/samePrefixMarkedMtx2304/depth3/node0/test1_1.mtx 2.1 0 -1 -1 
/home/antonkov/masterWork/tests/samePrefixMarkedMtx2304/depth3/node0/test1_1.mtx 2.2 0 -1 -1 
/home/antonkov/masterWork/tests/samePrefixMarkedMtx2304/depth3/node0/test1_1.mtx 2.3 0 -1 -1 
/home/antonkov/masterWork/tests/samePrefixMarkedMtx2304/depth3/node0/test1_1.mtx 2.4 0 -1 -1 
/home/antonkov/masterWork/tests/samePrefixMarkedMtx2304/depth3/node0/test1_1.mtx 2.5 0 -1 -1 
/home/antonkov/masterWork/tests/samePrefixMarkedMtx2304/depth3/node0/test1_1.mtx 2.6 0 -1 -1 
/home/antonkov/masterWork/tests/samePrefixMarkedMtx2304/depth3/node0/test1_1.mtx 2.7 0 -1 -1 
/home/antonkov/masterWork/tests/samePrefixMarkedMtx2304/depth3/node0/test1_1.mtx 2.8 0 -1 -1 
/home/antonkov/masterWork/tests/samePrefixMarkedMtx2304/depth3/node0/test1_1.mtx 2.9 0 -1 -1 
/home/antonkov/masterWork/tests/samePrefixMarkedMtx2304/depth3/node0/test1_1.mtx 3 0 -1 -1 
/home/antonkov/masterWork/tests/samePrefixMarkedMtx2304/depth3/node0/test1_1.mtx 3.1 0 -1 -1 
/home/antonkov/masterWork/tests/samePrefixMarkedMtx2304/depth3/node0/test1_1.mtx 3.2 0 -1 -1 
/home/antonkov/masterWork/tests/samePrefixMarkedMtx2304/depth3/node0/test1_1.mtx 3.3 0 -1 -1 
/home/antonkov/masterWork/tests/samePrefixMarkedMtx2304/depth3/node0/test1_1.mtx 3.4 0 -1 -1 
/home/antonkov/masterWork/tests/samePrefixMarkedMtx2304/depth3/node0/test1_1.mtx 3.5 0 -1 -1 
/home/antonkov/masterWork/tests/samePrefixMarkedMtx2304/depth3/node0/test1_2.mtx 1 431.39 0.0794184 0.88 
/home/antonkov/masterWork/tests/samePrefixMarkedMtx2304/depth3/node0/test1_2.mtx 1.1 431.571 0.0678038 0.8 
/home/antonkov/masterWork/tests/samePrefixMarkedMtx2304/depth3/node0/test1_2.mtx 1.2 417.002 0.0541319 0.68 
/home/antonkov/masterWork/tests/samePrefixMarkedMtx2304/depth3/node0/test1_2.mtx 1.3 533.376 0.0414909 0.53 
/home/antonkov/masterWork/tests/samePrefixMarkedMtx2304/depth3/node0/test1_2.mtx 1.4 496.632 0.0253299 0.335 
/home/antonkov/masterWork/tests/samePrefixMarkedMtx2304/depth3/node0/test1_2.mtx 1.5 568.182 0.0137167 0.203333 
/home/antonkov/masterWork/tests/samePrefixMarkedMtx2304/depth3/node0/test1_2.mtx 1.6 743.772 0.00627604 0.09 
/home/antonkov/masterWork/tests/samePrefixMarkedMtx2304/depth3/node0/test1_2.mtx 1.7 971.651 0.00330425 0.052 
/home/antonkov/masterWork/tests/samePrefixMarkedMtx2304/depth3/node0/test1_2.mtx 1.8 1523.46 0.00160632 0.0247619 
/home/antonkov/masterWork/tests/samePrefixMarkedMtx2304/depth3/node0/test1_2.mtx 1.9 2930.44 0.000605803 0.00980769 
/home/antonkov/masterWork/tests/samePrefixMarkedMtx2304/depth3/node0/test1_2.mtx 2 0 -1 -1 
/home/antonkov/masterWork/tests/samePrefixMarkedMtx2304/depth3/node0/test1_2.mtx 2.1 0 -1 -1 
/home/antonkov/masterWork/tests/samePrefixMarkedMtx2304/depth3/node0/test1_2.mtx 2.2 0 -1 -1 
/home/antonkov/masterWork/tests/samePrefixMarkedMtx2304/depth3/node0/test1_2.mtx 2.3 0 -1 -1 
/home/antonkov/masterWork/tests/samePrefixMarkedMtx2304/depth3/node0/test1_2.mtx 2.4 0 -1 -1 
/home/antonkov/masterWork/tests/samePrefixMarkedMtx2304/depth3/node0/test1_2.mtx 2.5 0 -1 -1 
/home/antonkov/masterWork/tests/samePrefixMarkedMtx2304/depth3/node0/test1_2.mtx 2.6 0 -1 -1 
/home/antonkov/masterWork/tests/samePrefixMarkedMtx2304/depth3/node0/test1_2.mtx 2.7 0 -1 -1 
/home/antonkov/masterWork/tests/samePrefixMarkedMtx2304/depth3/node0/test1_2.mtx 2.8 0 -1 -1 
/home/antonkov/masterWork/tests/samePrefixMarkedMtx2304/depth3/node0/test1_2.mtx 2.9 0 -1 -1 
/home/antonkov/masterWork/tests/samePrefixMarkedMtx2304/depth3/node0/test1_2.mtx 3 0 -1 -1 
/home/antonkov/masterWork/tests/samePrefixMarkedMtx2304/depth3/node0/test1_2.mtx 3.1 0 -1 -1 
/home/antonkov/masterWork/tests/samePrefixMarkedMtx2304/depth3/node0/test1_2.mtx 3.2 0 -1 -1 
/home/antonkov/masterWork/tests/samePrefixMarkedMtx2304/depth3/node0/test1_2.mtx 3.3 0 -1 -1 
/home/antonkov/masterWork/tests/samePrefixMarkedMtx2304/depth3/node0/test1_2.mtx 3.4 0 -1 -1 
/home/antonkov/masterWork/tests/samePrefixMarkedMtx2304/depth3/node0/test1_2.mtx 3.5 0 -1 -1 
/home/antonkov/masterWork/tests/samePrefixMarkedMtx2304/depth3/node0/test1_3.mtx 1 437.878 0.086263 0.94 
/home/antonkov/masterWork/tests/samePrefixMarkedMtx2304/depth3/node0/test1_3.mtx 1.1 431.324 0.071441 0.83 
/home/antonkov/masterWork/tests/samePrefixMarkedMtx2304/depth3/node0/test1_3.mtx 1.2 423.774 0.0576866 0.71 
/home/antonkov/masterWork/tests/samePrefixMarkedMtx2304/depth3/node0/test1_3.mtx 1.3 399.459 0.0410851 0.53 
/home/antonkov/masterWork/tests/samePrefixMarkedMtx2304/depth3/node0/test1_3.mtx 1.4 497.425 0.0286306 0.37 
/home/antonkov/masterWork/tests/samePrefixMarkedMtx2304/depth3/node0/test1_3.mtx 1.5 475.775 0.0176367 0.25 
/home/antonkov/masterWork/tests/samePrefixMarkedMtx2304/depth3/node0/test1_3.mtx 1.6 694.831 0.00862413 0.13 
/home/antonkov/masterWork/tests/samePrefixMarkedMtx2304/depth3/node0/test1_3.mtx 1.7 842.276 0.00398872 0.06375 
/home/antonkov/masterWork/tests/samePrefixMarkedMtx2304/depth3/node0/test1_3.mtx 1.8 1420.83 0.00163172 0.0263158 
/home/antonkov/masterWork/tests/samePrefixMarkedMtx2304/depth3/node0/test1_3.mtx 1.9 3912.21 0.000422152 0.00694444 
/home/antonkov/masterWork/tests/samePrefixMarkedMtx2304/depth3/node0/test1_3.mtx 2 0 -1 -1 
/home/antonkov/masterWork/tests/samePrefixMarkedMtx2304/depth3/node0/test1_3.mtx 2.1 0 -1 -1 
/home/antonkov/masterWork/tests/samePrefixMarkedMtx2304/depth3/node0/test1_3.mtx 2.2 0 -1 -1 
/home/antonkov/masterWork/tests/samePrefixMarkedMtx2304/depth3/node0/test1_3.mtx 2.3 0 -1 -1 
/home/antonkov/masterWork/tests/samePrefixMarkedMtx2304/depth3/node0/test1_3.mtx 2.4 0 -1 -1 
/home/antonkov/masterWork/tests/samePrefixMarkedMtx2304/depth3/node0/test1_3.mtx 2.5 0 -1 -1 
/home/antonkov/masterWork/tests/samePrefixMarkedMtx2304/depth3/node0/test1_3.mtx 2.6 0 -1 -1 
/home/antonkov/masterWork/tests/samePrefixMarkedMtx2304/depth3/node0/test1_3.mtx 2.7 0 -1 -1 
/home/antonkov/masterWork/tests/samePrefixMarkedMtx2304/depth3/node0/test1_3.mtx 2.8 0 -1 -1 
/home/antonkov/masterWork/tests/samePrefixMarkedMtx2304/depth3/node0/test1_3.mtx 2.9 0 -1 -1 
/home/antonkov/masterWork/tests/samePrefixMarkedMtx2304/depth3/node0/test1_3.mtx 3 0 -1 -1 
/home/antonkov/masterWork/tests/samePrefixMarkedMtx2304/depth3/node0/test1_3.mtx 3.1 0 -1 -1 
/home/antonkov/masterWork/tests/samePrefixMarkedMtx2304/depth3/node0/test1_3.mtx 3.2 0 -1 -1 
/home/antonkov/masterWork/tests/samePrefixMarkedMtx2304/depth3/node0/test1_3.mtx 3.3 0 -1 -1 
/home/antonkov/masterWork/tests/samePrefixMarkedMtx2304/depth3/node0/test1_3.mtx 3.4 0 -1 -1 
/home/antonkov/masterWork/tests/samePrefixMarkedMtx2304/depth3/node0/test1_3.mtx 3.5 0 -1 -1 
/home/antonkov/masterWork/tests/samePrefixMarkedMtx2304/depth3/node0/test1_4.mtx 1 442.753 0.0847613 0.91 
/home/antonkov/masterWork/tests/samePrefixMarkedMtx2304/depth3/node0/test1_4.mtx 1.1 432.785 0.0730816 0.84 
/home/antonkov/masterWork/tests/samePrefixMarkedMtx2304/depth3/node0/test1_4.mtx 1.2 431.324 0.0575651 0.7 
/home/antonkov/masterWork/tests/samePrefixMarkedMtx2304/depth3/node0/test1_4.mtx 1.3 410.646 0.0458941 0.58 
/home/antonkov/masterWork/tests/samePrefixMarkedMtx2304/depth3/node0/test1_4.mtx 1.4 512.508 0.0351519 0.465 
/home/antonkov/masterWork/tests/samePrefixMarkedMtx2304/depth3/node0/test1_4.mtx 1.5 494.255 0.0218121 0.295 
/home/antonkov/masterWork/tests/samePrefixMarkedMtx2304/depth3/node0/test1_4.mtx 1.6 608.602 0.0090625 0.13 
/home/antonkov/masterWork/tests/samePrefixMarkedMtx2304/depth3/node0/test1_4.mtx 1.7 805.317 0.00484871 0.0714286 
/home/antonkov/masterWork/tests/samePrefixMarkedMtx2304/depth3/node0/test1_4.mtx 1.8 1251.07 0.00197781 0.031875 
/home/antonkov/masterWork/tests/samePrefixMarkedMtx2304/depth3/node0/test1_4.mtx 1.9 3683.62 0.000479403 0.00757576 
/home/antonkov/masterWork/tests/samePrefixMarkedMtx2304/depth3/node0/test1_4.mtx 2 0 -1 -1 
/home/antonkov/masterWork/tests/samePrefixMarkedMtx2304/depth3/node0/test1_4.mtx 2.1 0 -1 -1 
/home/antonkov/masterWork/tests/samePrefixMarkedMtx2304/depth3/node0/test1_4.mtx 2.2 0 -1 -1 
/home/antonkov/masterWork/tests/samePrefixMarkedMtx2304/depth3/node0/test1_4.mtx 2.3 0 -1 -1 
/home/antonkov/masterWork/tests/samePrefixMarkedMtx2304/depth3/node0/test1_4.mtx 2.4 0 -1 -1 
/home/antonkov/masterWork/tests/samePrefixMarkedMtx2304/depth3/node0/test1_4.mtx 2.5 0 -1 -1 
/home/antonkov/masterWork/tests/samePrefixMarkedMtx2304/depth3/node0/test1_4.mtx 2.6 0 -1 -1 
/home/antonkov/masterWork/tests/samePrefixMarkedMtx2304/depth3/node0/test1_4.mtx 2.7 0 -1 -1 
/home/antonkov/masterWork/tests/samePrefixMarkedMtx2304/depth3/node0/test1_4.mtx 2.8 0 -1 -1 
/home/antonkov/masterWork/tests/samePrefixMarkedMtx2304/depth3/node0/test1_4.mtx 2.9 0 -1 -1 
/home/antonkov/masterWork/tests/samePrefixMarkedMtx2304/depth3/node0/test1_4.mtx 3 0 -1 -1 
/home/antonkov/masterWork/tests/samePrefixMarkedMtx2304/depth3/node0/test1_4.mtx 3.1 0 -1 -1 
/home/antonkov/masterWork/tests/samePrefixMarkedMtx2304/depth3/node0/test1_4.mtx 3.2 0 -1 -1 
/home/antonkov/masterWork/tests/samePrefixMarkedMtx2304/depth3/node0/test1_4.mtx 3.3 0 -1 -1 
/home/antonkov/masterWork/tests/samePrefixMarkedMtx2304/depth3/node0/test1_4.mtx 3.4 0 -1 -1 
/home/antonkov/masterWork/tests/samePrefixMarkedMtx2304/depth3/node0/test1_4.mtx 3.5 0 -1 -1 
/home/antonkov/masterWork/tests/samePrefixMarkedMtx2304/depth3/node0/test2_0.mtx 1 463.719 0.0878993 0.95 
/home/antonkov/masterWork/tests/samePrefixMarkedMtx2304/depth3/node0/test2_0.mtx 1.1 458.511 0.0771354 0.87 
/home/antonkov/masterWork/tests/samePrefixMarkedMtx2304/depth3/node0/test2_0.mtx 1.2 453.55 0.0641319 0.77 
/home/antonkov/masterWork/tests/samePrefixMarkedMtx2304/depth3/node0/test2_0.mtx 1.3 433.566 0.0488802 0.63 
/home/antonkov/masterWork/tests/samePrefixMarkedMtx2304/depth3/node0/test2_0.mtx 1.4 536.075 0.0321571 0.435 
/home/antonkov/masterWork/tests/samePrefixMarkedMtx2304/depth3/node0/test2_0.mtx 1.5 604.931 0.0179485 0.26 
/home/antonkov/masterWork/tests/samePrefixMarkedMtx2304/depth3/node0/test2_0.mtx 1.6 736.956 0.00787934 0.116 
/home/antonkov/masterWork/tests/samePrefixMarkedMtx2304/depth3/node0/test2_0.mtx 1.7 863.253 0.0039681 0.0625 
/home/antonkov/masterWork/tests/samePrefixMarkedMtx2304/depth3/node0/test2_0.mtx 1.8 1537.79 0.00156489 0.0255 
/home/antonkov/masterWork/tests/samePrefixMarkedMtx2304/depth3/node0/test2_0.mtx 1.9 3161.51 0.000572434 0.00925926 
/home/antonkov/masterWork/tests/samePrefixMarkedMtx2304/depth3/node0/test2_0.mtx 2 0 -1 -1 
/home/antonkov/masterWork/tests/samePrefixMarkedMtx2304/depth3/node0/test2_0.mtx 2.1 0 -1 -1 
/home/antonkov/masterWork/tests/samePrefixMarkedMtx2304/depth3/node0/test2_0.mtx 2.2 0 -1 -1 
/home/antonkov/masterWork/tests/samePrefixMarkedMtx2304/depth3/node0/test2_0.mtx 2.3 0 -1 -1 
/home/antonkov/masterWork/tests/samePrefixMarkedMtx2304/depth3/node0/test2_0.mtx 2.4 0 -1 -1 
/home/antonkov/masterWork/tests/samePrefixMarkedMtx2304/depth3/node0/test2_0.mtx 2.5 0 -1 -1 
/home/antonkov/masterWork/tests/samePrefixMarkedMtx2304/depth3/node0/test2_0.mtx 2.6 0 -1 -1 
/home/antonkov/masterWork/tests/samePrefixMarkedMtx2304/depth3/node0/test2_0.mtx 2.7 0 -1 -1 
/home/antonkov/masterWork/tests/samePrefixMarkedMtx2304/depth3/node0/test2_0.mtx 2.8 0 -1 -1 
/home/antonkov/masterWork/tests/samePrefixMarkedMtx2304/depth3/node0/test2_0.mtx 2.9 0 -1 -1 
/home/antonkov/masterWork/tests/samePrefixMarkedMtx2304/depth3/node0/test2_0.mtx 3 0 -1 -1 
/home/antonkov/masterWork/tests/samePrefixMarkedMtx2304/depth3/node0/test2_0.mtx 3.1 0 -1 -1 
/home/antonkov/masterWork/tests/samePrefixMarkedMtx2304/depth3/node0/test2_0.mtx 3.2 0 -1 -1 
/home/antonkov/masterWork/tests/samePrefixMarkedMtx2304/depth3/node0/test2_0.mtx 3.3 0 -1 -1 
/home/antonkov/masterWork/tests/samePrefixMarkedMtx2304/depth3/node0/test2_0.mtx 3.4 0 -1 -1 
/home/antonkov/masterWork/tests/samePrefixMarkedMtx2304/depth3/node0/test2_0.mtx 3.5 0 -1 -1 
/home/antonkov/masterWork/tests/samePrefixMarkedMtx2304/depth3/node0/test2_1.mtx 1 468.504 0.0875347 0.94 
/home/antonkov/masterWork/tests/samePrefixMarkedMtx2304/depth3/node0/test2_1.mtx 1.1 467.989 0.0771311 0.89 
/home/antonkov/masterWork/tests/samePrefixMarkedMtx2304/depth3/node0/test2_1.mtx 1.2 451.545 0.0601823 0.73 
/home/antonkov/masterWork/tests/samePrefixMarkedMtx2304/depth3/node0/test2_1.mtx 1.3 436.51 0.0460981 0.58 
/home/antonkov/masterWork/tests/samePrefixMarkedMtx2304/depth3/node0/test2_1.mtx 1.4 546.915 0.0357552 0.46 
/home/antonkov/masterWork/tests/samePrefixMarkedMtx2304/depth3/node0/test2_1.mtx 1.5 518.952 0.0231337 0.305 
/home/antonkov/masterWork/tests/samePrefixMarkedMtx2304/depth3/node0/test2_1.mtx 1.6 665.33 0.0115755 0.1625 
/home/antonkov/masterWork/tests/samePrefixMarkedMtx2304/depth3/node0/test2_1.mtx 1.7 908.359 0.00518229 0.07375 
/home/antonkov/masterWork/tests/samePrefixMarkedMtx2304/depth3/node0/test2_1.mtx 1.8 1309.78 0.00227228 0.034 
/home/antonkov/masterWork/tests/samePrefixMarkedMtx2304/depth3/node0/test2_1.mtx 1.9 2544.02 0.00077204 0.0121951 
/home/antonkov/masterWork/tests/samePrefixMarkedMtx2304/depth3/node0/test2_1.mtx 2 5129.13 0.000293453 0.00485437 
/home/antonkov/masterWork/tests/samePrefixMarkedMtx2304/depth3/node0/test2_1.mtx 2.1 0 -1 -1 
/home/antonkov/masterWork/tests/samePrefixMarkedMtx2304/depth3/node0/test2_1.mtx 2.2 0 -1 -1 
/home/antonkov/masterWork/tests/samePrefixMarkedMtx2304/depth3/node0/test2_1.mtx 2.3 0 -1 -1 
/home/antonkov/masterWork/tests/samePrefixMarkedMtx2304/depth3/node0/test2_1.mtx 2.4 0 -1 -1 
/home/antonkov/masterWork/tests/samePrefixMarkedMtx2304/depth3/node0/test2_1.mtx 2.5 0 -1 -1 
/home/antonkov/masterWork/tests/samePrefixMarkedMtx2304/depth3/node0/test2_1.mtx 2.6 0 -1 -1 
/home/antonkov/masterWork/tests/samePrefixMarkedMtx2304/depth3/node0/test2_1.mtx 2.7 0 -1 -1 
/home/antonkov/masterWork/tests/samePrefixMarkedMtx2304/depth3/node0/test2_1.mtx 2.8 0 -1 -1 
/home/antonkov/masterWork/tests/samePrefixMarkedMtx2304/depth3/node0/test2_1.mtx 2.9 0 -1 -1 
/home/antonkov/masterWork/tests/samePrefixMarkedMtx2304/depth3/node0/test2_1.mtx 3 0 -1 -1 
/home/antonkov/masterWork/tests/samePrefixMarkedMtx2304/depth3/node0/test2_1.mtx 3.1 0 -1 -1 
/home/antonkov/masterWork/tests/samePrefixMarkedMtx2304/depth3/node0/test2_1.mtx 3.2 0 -1 -1 
/home/antonkov/masterWork/tests/samePrefixMarkedMtx2304/depth3/node0/test2_1.mtx 3.3 0 -1 -1 
/home/antonkov/masterWork/tests/samePrefixMarkedMtx2304/depth3/node0/test2_1.mtx 3.4 0 -1 -1 
/home/antonkov/masterWork/tests/samePrefixMarkedMtx2304/depth3/node0/test2_1.mtx 3.5 0 -1 -1 
/home/antonkov/masterWork/tests/samePrefixMarkedMtx2304/depth3/node0/test2_2.mtx 1 461.658 0.0865495 0.95 
/home/antonkov/masterWork/tests/samePrefixMarkedMtx2304/depth3/node0/test2_2.mtx 1.1 458.571 0.076237 0.89 
/home/antonkov/masterWork/tests/samePrefixMarkedMtx2304/depth3/node0/test2_2.mtx 1.2 459.004 0.0593186 0.74 
/home/antonkov/masterWork/tests/samePrefixMarkedMtx2304/depth3/node0/test2_2.mtx 1.3 432.55 0.0451997 0.57 
/home/antonkov/masterWork/tests/samePrefixMarkedMtx2304/depth3/node0/test2_2.mtx 1.4 551.589 0.0325369 0.43 
/home/antonkov/masterWork/tests/samePrefixMarkedMtx2304/depth3/node0/test2_2.mtx 1.5 502.656 0.0204405 0.275 
/home/antonkov/masterWork/tests/samePrefixMarkedMtx2304/depth3/node0/test2_2.mtx 1.6 648.45 0.0102365 0.145 
/home/antonkov/masterWork/tests/samePrefixMarkedMtx2304/depth3/node0/test2_2.mtx 1.7 872.416 0.00460558 0.06375 
/home/antonkov/masterWork/tests/samePrefixMarkedMtx2304/depth3/node0/test2_2.mtx 1.8 1266.91 0.00245081 0.036 
/home/antonkov/masterWork/tests/samePrefixMarkedMtx2304/depth3/node0/test2_2.mtx 1.9 2487.21 0.000763997 0.0125 
/home/antonkov/masterWork/tests/samePrefixMarkedMtx2304/depth3/node0/test2_2.mtx 2 5160.67 0.000274063 0.00480769 
/home/antonkov/masterWork/tests/samePrefixMarkedMtx2304/depth3/node0/test2_2.mtx 2.1 0 -1 -1 
/home/antonkov/masterWork/tests/samePrefixMarkedMtx2304/depth3/node0/test2_2.mtx 2.2 0 -1 -1 
/home/antonkov/masterWork/tests/samePrefixMarkedMtx2304/depth3/node0/test2_2.mtx 2.3 0 -1 -1 
/home/antonkov/masterWork/tests/samePrefixMarkedMtx2304/depth3/node0/test2_2.mtx 2.4 0 -1 -1 
/home/antonkov/masterWork/tests/samePrefixMarkedMtx2304/depth3/node0/test2_2.mtx 2.5 0 -1 -1 
/home/antonkov/masterWork/tests/samePrefixMarkedMtx2304/depth3/node0/test2_2.mtx 2.6 0 -1 -1 
/home/antonkov/masterWork/tests/samePrefixMarkedMtx2304/depth3/node0/test2_2.mtx 2.7 0 -1 -1 
/home/antonkov/masterWork/tests/samePrefixMarkedMtx2304/depth3/node0/test2_2.mtx 2.8 0 -1 -1 
/home/antonkov/masterWork/tests/samePrefixMarkedMtx2304/depth3/node0/test2_2.mtx 2.9 0 -1 -1 
/home/antonkov/masterWork/tests/samePrefixMarkedMtx2304/depth3/node0/test2_2.mtx 3 0 -1 -1 
/home/antonkov/masterWork/tests/samePrefixMarkedMtx2304/depth3/node0/test2_2.mtx 3.1 0 -1 -1 
/home/antonkov/masterWork/tests/samePrefixMarkedMtx2304/depth3/node0/test2_2.mtx 3.2 0 -1 -1 
/home/antonkov/masterWork/tests/samePrefixMarkedMtx2304/depth3/node0/test2_2.mtx 3.3 0 -1 -1 
/home/antonkov/masterWork/tests/samePrefixMarkedMtx2304/depth3/node0/test2_2.mtx 3.4 0 -1 -1 
/home/antonkov/masterWork/tests/samePrefixMarkedMtx2304/depth3/node0/test2_2.mtx 3.5 0 -1 -1 
/home/antonkov/masterWork/tests/samePrefixMarkedMtx2304/depth3/node0/test2_3.mtx 1 466.83 0.0857812 0.93 
/home/antonkov/masterWork/tests/samePrefixMarkedMtx2304/depth3/node0/test2_3.mtx 1.1 463.122 0.0760026 0.87 
/home/antonkov/masterWork/tests/samePrefixMarkedMtx2304/depth3/node0/test2_3.mtx 1.2 448.029 0.0619401 0.74 
/home/antonkov/masterWork/tests/samePrefixMarkedMtx2304/depth3/node0/test2_3.mtx 1.3 426.626 0.0460894 0.58 
/home/antonkov/masterWork/tests/samePrefixMarkedMtx2304/depth3/node0/test2_3.mtx 1.4 548.643 0.0314779 0.405 
/home/antonkov/masterWork/tests/samePrefixMarkedMtx2304/depth3/node0/test2_3.mtx 1.5 509.697 0.0204253 0.27 
/home/antonkov/masterWork/tests/samePrefixMarkedMtx2304/depth3/node0/test2_3.mtx 1.6 635.074 0.0104438 0.145 
/home/antonkov/masterWork/tests/samePrefixMarkedMtx2304/depth3/node0/test2_3.mtx 1.7 824.05 0.00541233 0.0771429 
/home/antonkov/masterWork/tests/samePrefixMarkedMtx2304/depth3/node0/test2_3.mtx 1.8 1395.05 0.00205014 0.0311765 
/home/antonkov/masterWork/tests/samePrefixMarkedMtx2304/depth3/node0/test2_3.mtx 1.9 2384.69 0.000831848 0.0131579 
/home/antonkov/masterWork/tests/samePrefixMarkedMtx2304/depth3/node0/test2_3.mtx 2 5272.55 0.000291501 0.0047619 
/home/antonkov/masterWork/tests/samePrefixMarkedMtx2304/depth3/node0/test2_3.mtx 2.1 0 -1 -1 
/home/antonkov/masterWork/tests/samePrefixMarkedMtx2304/depth3/node0/test2_3.mtx 2.2 0 -1 -1 
/home/antonkov/masterWork/tests/samePrefixMarkedMtx2304/depth3/node0/test2_3.mtx 2.3 0 -1 -1 
/home/antonkov/masterWork/tests/samePrefixMarkedMtx2304/depth3/node0/test2_3.mtx 2.4 0 -1 -1 
/home/antonkov/masterWork/tests/samePrefixMarkedMtx2304/depth3/node0/test2_3.mtx 2.5 0 -1 -1 
/home/antonkov/masterWork/tests/samePrefixMarkedMtx2304/depth3/node0/test2_3.mtx 2.6 0 -1 -1 
/home/antonkov/masterWork/tests/samePrefixMarkedMtx2304/depth3/node0/test2_3.mtx 2.7 0 -1 -1 
/home/antonkov/masterWork/tests/samePrefixMarkedMtx2304/depth3/node0/test2_3.mtx 2.8 0 -1 -1 
/home/antonkov/masterWork/tests/samePrefixMarkedMtx2304/depth3/node0/test2_3.mtx 2.9 0 -1 -1 
/home/antonkov/masterWork/tests/samePrefixMarkedMtx2304/depth3/node0/test2_3.mtx 3 0 -1 -1 
/home/antonkov/masterWork/tests/samePrefixMarkedMtx2304/depth3/node0/test2_3.mtx 3.1 0 -1 -1 
/home/antonkov/masterWork/tests/samePrefixMarkedMtx2304/depth3/node0/test2_3.mtx 3.2 0 -1 -1 
/home/antonkov/masterWork/tests/samePrefixMarkedMtx2304/depth3/node0/test2_3.mtx 3.3 0 -1 -1 
/home/antonkov/masterWork/tests/samePrefixMarkedMtx2304/depth3/node0/test2_3.mtx 3.4 0 -1 -1 
/home/antonkov/masterWork/tests/samePrefixMarkedMtx2304/depth3/node0/test2_3.mtx 3.5 0 -1 -1 
/home/antonkov/masterWork/tests/samePrefixMarkedMtx2304/depth3/node0/test2_4.mtx 1 461.092 0.0841276 0.89 
/home/antonkov/masterWork/tests/samePrefixMarkedMtx2304/depth3/node0/test2_4.mtx 1.1 462.082 0.0741363 0.84 
/home/antonkov/masterWork/tests/samePrefixMarkedMtx2304/depth3/node0/test2_4.mtx 1.2 450.181 0.0622266 0.74 
/home/antonkov/masterWork/tests/samePrefixMarkedMtx2304/depth3/node0/test2_4.mtx 1.3 427.877 0.0488151 0.6 
/home/antonkov/masterWork/tests/samePrefixMarkedMtx2304/depth3/node0/test2_4.mtx 1.4 548.83 0.0351085 0.465 
/home/antonkov/masterWork/tests/samePrefixMarkedMtx2304/depth3/node0/test2_4.mtx 1.5 508.738 0.0225955 0.31 
/home/antonkov/masterWork/tests/samePrefixMarkedMtx2304/depth3/node0/test2_4.mtx 1.6 553.687 0.0113238 0.17 
/home/antonkov/masterWork/tests/samePrefixMarkedMtx2304/depth3/node0/test2_4.mtx 1.7 831.643 0.00536458 0.0828571 
/home/antonkov/masterWork/tests/samePrefixMarkedMtx2304/depth3/node0/test2_4.mtx 1.8 1276.44 0.00214149 0.034 
/home/antonkov/masterWork/tests/samePrefixMarkedMtx2304/depth3/node0/test2_4.mtx 1.9 2436.73 0.000773329 0.0125 
/home/antonkov/masterWork/tests/samePrefixMarkedMtx2304/depth3/node0/test2_4.mtx 2 5406.99 0.000256272 0.0045045 
/home/antonkov/masterWork/tests/samePrefixMarkedMtx2304/depth3/node0/test2_4.mtx 2.1 0 -1 -1 
/home/antonkov/masterWork/tests/samePrefixMarkedMtx2304/depth3/node0/test2_4.mtx 2.2 0 -1 -1 
/home/antonkov/masterWork/tests/samePrefixMarkedMtx2304/depth3/node0/test2_4.mtx 2.3 0 -1 -1 
/home/antonkov/masterWork/tests/samePrefixMarkedMtx2304/depth3/node0/test2_4.mtx 2.4 0 -1 -1 
/home/antonkov/masterWork/tests/samePrefixMarkedMtx2304/depth3/node0/test2_4.mtx 2.5 0 -1 -1 
/home/antonkov/masterWork/tests/samePrefixMarkedMtx2304/depth3/node0/test2_4.mtx 2.6 0 -1 -1 
/home/antonkov/masterWork/tests/samePrefixMarkedMtx2304/depth3/node0/test2_4.mtx 2.7 0 -1 -1 
/home/antonkov/masterWork/tests/samePrefixMarkedMtx2304/depth3/node0/test2_4.mtx 2.8 0 -1 -1 
/home/antonkov/masterWork/tests/samePrefixMarkedMtx2304/depth3/node0/test2_4.mtx 2.9 0 -1 -1 
/home/antonkov/masterWork/tests/samePrefixMarkedMtx2304/depth3/node0/test2_4.mtx 3 0 -1 -1 
/home/antonkov/masterWork/tests/samePrefixMarkedMtx2304/depth3/node0/test2_4.mtx 3.1 0 -1 -1 
/home/antonkov/masterWork/tests/samePrefixMarkedMtx2304/depth3/node0/test2_4.mtx 3.2 0 -1 -1 
/home/antonkov/masterWork/tests/samePrefixMarkedMtx2304/depth3/node0/test2_4.mtx 3.3 0 -1 -1 
/home/antonkov/masterWork/tests/samePrefixMarkedMtx2304/depth3/node0/test2_4.mtx 3.4 0 -1 -1 
/home/antonkov/masterWork/tests/samePrefixMarkedMtx2304/depth3/node0/test2_4.mtx 3.5 0 -1 -1 
/home/antonkov/masterWork/tests/samePrefixMarkedMtx2304/depth3/node0/test3_0.mtx 1 438.776 0.0854731 0.93 
/home/antonkov/masterWork/tests/samePrefixMarkedMtx2304/depth3/node0/test3_0.mtx 1.1 432.996 0.0745009 0.86 
/home/antonkov/masterWork/tests/samePrefixMarkedMtx2304/depth3/node0/test3_0.mtx 1.2 429.22 0.0616016 0.76 
/home/antonkov/masterWork/tests/samePrefixMarkedMtx2304/depth3/node0/test3_0.mtx 1.3 408.169 0.0442274 0.57 
/home/antonkov/masterWork/tests/samePrefixMarkedMtx2304/depth3/node0/test3_0.mtx 1.4 509.823 0.0283073 0.395 
/home/antonkov/masterWork/tests/samePrefixMarkedMtx2304/depth3/node0/test3_0.mtx 1.5 572.618 0.0171933 0.253333 
/home/antonkov/masterWork/tests/samePrefixMarkedMtx2304/depth3/node0/test3_0.mtx 1.6 692.175 0.00787847 0.116 
/home/antonkov/masterWork/tests/samePrefixMarkedMtx2304/depth3/node0/test3_0.mtx 1.7 850.885 0.00439128 0.06625 
/home/antonkov/masterWork/tests/samePrefixMarkedMtx2304/depth3/node0/test3_0.mtx 1.8 1350.84 0.00197687 0.0305882 
/home/antonkov/masterWork/tests/samePrefixMarkedMtx2304/depth3/node0/test3_0.mtx 1.9 2508.99 0.000712758 0.0121951 
/home/antonkov/masterWork/tests/samePrefixMarkedMtx2304/depth3/node0/test3_0.mtx 2 4790.17 0.000286279 0.00515464 
/home/antonkov/masterWork/tests/samePrefixMarkedMtx2304/depth3/node0/test3_0.mtx 2.1 0 -1 -1 
/home/antonkov/masterWork/tests/samePrefixMarkedMtx2304/depth3/node0/test3_0.mtx 2.2 0 -1 -1 
/home/antonkov/masterWork/tests/samePrefixMarkedMtx2304/depth3/node0/test3_0.mtx 2.3 0 -1 -1 
/home/antonkov/masterWork/tests/samePrefixMarkedMtx2304/depth3/node0/test3_0.mtx 2.4 0 -1 -1 
/home/antonkov/masterWork/tests/samePrefixMarkedMtx2304/depth3/node0/test3_0.mtx 2.5 0 -1 -1 
/home/antonkov/masterWork/tests/samePrefixMarkedMtx2304/depth3/node0/test3_0.mtx 2.6 0 -1 -1 
/home/antonkov/masterWork/tests/samePrefixMarkedMtx2304/depth3/node0/test3_0.mtx 2.7 0 -1 -1 
/home/antonkov/masterWork/tests/samePrefixMarkedMtx2304/depth3/node0/test3_0.mtx 2.8 0 -1 -1 
/home/antonkov/masterWork/tests/samePrefixMarkedMtx2304/depth3/node0/test3_0.mtx 2.9 0 -1 -1 
/home/antonkov/masterWork/tests/samePrefixMarkedMtx2304/depth3/node0/test3_0.mtx 3 0 -1 -1 
/home/antonkov/masterWork/tests/samePrefixMarkedMtx2304/depth3/node0/test3_0.mtx 3.1 0 -1 -1 
/home/antonkov/masterWork/tests/samePrefixMarkedMtx2304/depth3/node0/test3_0.mtx 3.2 0 -1 -1 
/home/antonkov/masterWork/tests/samePrefixMarkedMtx2304/depth3/node0/test3_0.mtx 3.3 0 -1 -1 
/home/antonkov/masterWork/tests/samePrefixMarkedMtx2304/depth3/node0/test3_0.mtx 3.4 0 -1 -1 
/home/antonkov/masterWork/tests/samePrefixMarkedMtx2304/depth3/node0/test3_0.mtx 3.5 0 -1 -1 
/home/antonkov/masterWork/tests/samePrefixMarkedMtx2304/depth3/node0/test3_1.mtx 1 441.793 0.0849609 0.93 
/home/antonkov/masterWork/tests/samePrefixMarkedMtx2304/depth3/node0/test3_1.mtx 1.1 442.374 0.0748307 0.87 
/home/antonkov/masterWork/tests/samePrefixMarkedMtx2304/depth3/node0/test3_1.mtx 1.2 441.353 0.0617057 0.81 
/home/antonkov/masterWork/tests/samePrefixMarkedMtx2304/depth3/node0/test3_1.mtx 1.3 411.264 0.0431814 0.57 
/home/antonkov/masterWork/tests/samePrefixMarkedMtx2304/depth3/node0/test3_1.mtx 1.4 524.545 0.0299891 0.42 
/home/antonkov/masterWork/tests/samePrefixMarkedMtx2304/depth3/node0/test3_1.mtx 1.5 576.029 0.0169387 0.243333 
/home/antonkov/masterWork/tests/samePrefixMarkedMtx2304/depth3/node0/test3_1.mtx 1.6 624.935 0.00972982 0.14 
/home/antonkov/masterWork/tests/samePrefixMarkedMtx2304/depth3/node0/test3_1.mtx 1.7 851.013 0.0040804 0.06375 
/home/antonkov/masterWork/tests/samePrefixMarkedMtx2304/depth3/node0/test3_1.mtx 1.8 1491.16 0.0015306 0.0255 
/home/antonkov/masterWork/tests/samePrefixMarkedMtx2304/depth3/node0/test3_1.mtx 1.9 2338.52 0.00084513 0.0128205 
/home/antonkov/masterWork/tests/samePrefixMarkedMtx2304/depth3/node0/test3_1.mtx 2 6138.88 0.00022526 0.00384615 
/home/antonkov/masterWork/tests/samePrefixMarkedMtx2304/depth3/node0/test3_1.mtx 2.1 0 -1 -1 
/home/antonkov/masterWork/tests/samePrefixMarkedMtx2304/depth3/node0/test3_1.mtx 2.2 0 -1 -1 
/home/antonkov/masterWork/tests/samePrefixMarkedMtx2304/depth3/node0/test3_1.mtx 2.3 0 -1 -1 
/home/antonkov/masterWork/tests/samePrefixMarkedMtx2304/depth3/node0/test3_1.mtx 2.4 0 -1 -1 
/home/antonkov/masterWork/tests/samePrefixMarkedMtx2304/depth3/node0/test3_1.mtx 2.5 0 -1 -1 
/home/antonkov/masterWork/tests/samePrefixMarkedMtx2304/depth3/node0/test3_1.mtx 2.6 0 -1 -1 
/home/antonkov/masterWork/tests/samePrefixMarkedMtx2304/depth3/node0/test3_1.mtx 2.7 0 -1 -1 
/home/antonkov/masterWork/tests/samePrefixMarkedMtx2304/depth3/node0/test3_1.mtx 2.8 0 -1 -1 
/home/antonkov/masterWork/tests/samePrefixMarkedMtx2304/depth3/node0/test3_1.mtx 2.9 0 -1 -1 
/home/antonkov/masterWork/tests/samePrefixMarkedMtx2304/depth3/node0/test3_1.mtx 3 0 -1 -1 
/home/antonkov/masterWork/tests/samePrefixMarkedMtx2304/depth3/node0/test3_1.mtx 3.1 0 -1 -1 
/home/antonkov/masterWork/tests/samePrefixMarkedMtx2304/depth3/node0/test3_1.mtx 3.2 0 -1 -1 
/home/antonkov/masterWork/tests/samePrefixMarkedMtx2304/depth3/node0/test3_1.mtx 3.3 0 -1 -1 
/home/antonkov/masterWork/tests/samePrefixMarkedMtx2304/depth3/node0/test3_1.mtx 3.4 0 -1 -1 
/home/antonkov/masterWork/tests/samePrefixMarkedMtx2304/depth3/node0/test3_1.mtx 3.5 0 -1 -1 
/home/antonkov/masterWork/tests/samePrefixMarkedMtx2304/depth3/node0/test3_2.mtx 1 437.36 0.0838715 0.93 
/home/antonkov/masterWork/tests/samePrefixMarkedMtx2304/depth3/node0/test3_2.mtx 1.1 436.816 0.0707682 0.83 
/home/antonkov/masterWork/tests/samePrefixMarkedMtx2304/depth3/node0/test3_2.mtx 1.2 423.794 0.0583767 0.72 
/home/antonkov/masterWork/tests/samePrefixMarkedMtx2304/depth3/node0/test3_2.mtx 1.3 397.945 0.044388 0.59 
/home/antonkov/masterWork/tests/samePrefixMarkedMtx2304/depth3/node0/test3_2.mtx 1.4 515.347 0.0321354 0.42 
/home/antonkov/masterWork/tests/samePrefixMarkedMtx2304/depth3/node0/test3_2.mtx 1.5 582.074 0.0183738 0.253333 
/home/antonkov/masterWork/tests/samePrefixMarkedMtx2304/depth3/node0/test3_2.mtx 1.6 620.28 0.00910265 0.14 
/home/antonkov/masterWork/tests/samePrefixMarkedMtx2304/depth3/node0/test3_2.mtx 1.7 835.673 0.00409451 0.0675 
/home/antonkov/masterWork/tests/samePrefixMarkedMtx2304/depth3/node0/test3_2.mtx 1.8 1509.32 0.00141617 0.0242857 
/home/antonkov/masterWork/tests/samePrefixMarkedMtx2304/depth3/node0/test3_2.mtx 1.9 2392.2 0.00068407 0.0121951 
/home/antonkov/masterWork/tests/samePrefixMarkedMtx2304/depth3/node0/test3_2.mtx 2 5551.05 0.000244762 0.0042735 
/home/antonkov/masterWork/tests/samePrefixMarkedMtx2304/depth3/node0/test3_2.mtx 2.1 0 -1 -1 
/home/antonkov/masterWork/tests/samePrefixMarkedMtx2304/depth3/node0/test3_2.mtx 2.2 0 -1 -1 
/home/antonkov/masterWork/tests/samePrefixMarkedMtx2304/depth3/node0/test3_2.mtx 2.3 0 -1 -1 
/home/antonkov/masterWork/tests/samePrefixMarkedMtx2304/depth3/node0/test3_2.mtx 2.4 0 -1 -1 
/home/antonkov/masterWork/tests/samePrefixMarkedMtx2304/depth3/node0/test3_2.mtx 2.5 0 -1 -1 
/home/antonkov/masterWork/tests/samePrefixMarkedMtx2304/depth3/node0/test3_2.mtx 2.6 0 -1 -1 
/home/antonkov/masterWork/tests/samePrefixMarkedMtx2304/depth3/node0/test3_2.mtx 2.7 0 -1 -1 
/home/antonkov/masterWork/tests/samePrefixMarkedMtx2304/depth3/node0/test3_2.mtx 2.8 0 -1 -1 
/home/antonkov/masterWork/tests/samePrefixMarkedMtx2304/depth3/node0/test3_2.mtx 2.9 0 -1 -1 
/home/antonkov/masterWork/tests/samePrefixMarkedMtx2304/depth3/node0/test3_2.mtx 3 0 -1 -1 
/home/antonkov/masterWork/tests/samePrefixMarkedMtx2304/depth3/node0/test3_2.mtx 3.1 0 -1 -1 
/home/antonkov/masterWork/tests/samePrefixMarkedMtx2304/depth3/node0/test3_2.mtx 3.2 0 -1 -1 
/home/antonkov/masterWork/tests/samePrefixMarkedMtx2304/depth3/node0/test3_2.mtx 3.3 0 -1 -1 
/home/antonkov/masterWork/tests/samePrefixMarkedMtx2304/depth3/node0/test3_2.mtx 3.4 0 -1 -1 
/home/antonkov/masterWork/tests/samePrefixMarkedMtx2304/depth3/node0/test3_2.mtx 3.5 0 -1 -1 
/home/antonkov/masterWork/tests/samePrefixMarkedMtx2304/depth3/node0/test3_3.mtx 1 443.332 0.0855556 0.95 
/home/antonkov/masterWork/tests/samePrefixMarkedMtx2304/depth3/node0/test3_3.mtx 1.1 437.06 0.0719922 0.84 
/home/antonkov/masterWork/tests/samePrefixMarkedMtx2304/depth3/node0/test3_3.mtx 1.2 438.604 0.0612674 0.76 
/home/antonkov/masterWork/tests/samePrefixMarkedMtx2304/depth3/node0/test3_3.mtx 1.3 399.326 0.0461675 0.59 
/home/antonkov/masterWork/tests/samePrefixMarkedMtx2304/depth3/node0/test3_3.mtx 1.4 517.635 0.035408 0.48 
/home/antonkov/masterWork/tests/samePrefixMarkedMtx2304/depth3/node0/test3_3.mtx 1.5 483.738 0.0200304 0.28 
/home/antonkov/masterWork/tests/samePrefixMarkedMtx2304/depth3/node0/test3_3.mtx 1.6 715.94 0.0089349 0.126 
/home/antonkov/masterWork/tests/samePrefixMarkedMtx2304/depth3/node0/test3_3.mtx 1.7 847.76 0.00453179 0.06625 
/home/antonkov/masterWork/tests/samePrefixMarkedMtx2304/depth3/node0/test3_3.mtx 1.8 1162.55 0.00247303 0.0385714 
/home/antonkov/masterWork/tests/samePrefixMarkedMtx2304/depth3/node0/test3_3.mtx 1.9 2010.59 0.000889893 0.015625 
/home/antonkov/masterWork/tests/samePrefixMarkedMtx2304/depth3/node0/test3_3.mtx 2 6305.44 0.000220615 0.0037037 
/home/antonkov/masterWork/tests/samePrefixMarkedMtx2304/depth3/node0/test3_3.mtx 2.1 0 -1 -1 
/home/antonkov/masterWork/tests/samePrefixMarkedMtx2304/depth3/node0/test3_3.mtx 2.2 0 -1 -1 
/home/antonkov/masterWork/tests/samePrefixMarkedMtx2304/depth3/node0/test3_3.mtx 2.3 0 -1 -1 
/home/antonkov/masterWork/tests/samePrefixMarkedMtx2304/depth3/node0/test3_3.mtx 2.4 0 -1 -1 
/home/antonkov/masterWork/tests/samePrefixMarkedMtx2304/depth3/node0/test3_3.mtx 2.5 0 -1 -1 
/home/antonkov/masterWork/tests/samePrefixMarkedMtx2304/depth3/node0/test3_3.mtx 2.6 0 -1 -1 
/home/antonkov/masterWork/tests/samePrefixMarkedMtx2304/depth3/node0/test3_3.mtx 2.7 0 -1 -1 
/home/antonkov/masterWork/tests/samePrefixMarkedMtx2304/depth3/node0/test3_3.mtx 2.8 0 -1 -1 
/home/antonkov/masterWork/tests/samePrefixMarkedMtx2304/depth3/node0/test3_3.mtx 2.9 0 -1 -1 
/home/antonkov/masterWork/tests/samePrefixMarkedMtx2304/depth3/node0/test3_3.mtx 3 0 -1 -1 
/home/antonkov/masterWork/tests/samePrefixMarkedMtx2304/depth3/node0/test3_3.mtx 3.1 0 -1 -1 
/home/antonkov/masterWork/tests/samePrefixMarkedMtx2304/depth3/node0/test3_3.mtx 3.2 0 -1 -1 
/home/antonkov/masterWork/tests/samePrefixMarkedMtx2304/depth3/node0/test3_3.mtx 3.3 0 -1 -1 
/home/antonkov/masterWork/tests/samePrefixMarkedMtx2304/depth3/node0/test3_3.mtx 3.4 0 -1 -1 
/home/antonkov/masterWork/tests/samePrefixMarkedMtx2304/depth3/node0/test3_3.mtx 3.5 0 -1 -1 
/home/antonkov/masterWork/tests/samePrefixMarkedMtx2304/depth3/node0/test3_4.mtx 1 434.232 0.0812934 0.89 
/home/antonkov/masterWork/tests/samePrefixMarkedMtx2304/depth3/node0/test3_4.mtx 1.1 434.493 0.0722266 0.83 
/home/antonkov/masterWork/tests/samePrefixMarkedMtx2304/depth3/node0/test3_4.mtx 1.2 413.379 0.0580512 0.71 
/home/antonkov/masterWork/tests/samePrefixMarkedMtx2304/depth3/node0/test3_4.mtx 1.3 406.019 0.0428516 0.57 
/home/antonkov/masterWork/tests/samePrefixMarkedMtx2304/depth3/node0/test3_4.mtx 1.4 509.146 0.0297743 0.415 
/home/antonkov/masterWork/tests/samePrefixMarkedMtx2304/depth3/node0/test3_4.mtx 1.5 474.592 0.0176259 0.255 
/home/antonkov/masterWork/tests/samePrefixMarkedMtx2304/depth3/node0/test3_4.mtx 1.6 602.591 0.00926649 0.13 
/home/antonkov/masterWork/tests/samePrefixMarkedMtx2304/depth3/node0/test3_4.mtx 1.7 852.389 0.00424371 0.065 
/home/antonkov/masterWork/tests/samePrefixMarkedMtx2304/depth3/node0/test3_4.mtx 1.8 1510.62 0.00173725 0.0273684 
/home/antonkov/masterWork/tests/samePrefixMarkedMtx2304/depth3/node0/test3_4.mtx 1.9 2774.85 0.000656325 0.011087 
/home/antonkov/masterWork/tests/samePrefixMarkedMtx2304/depth3/node0/test3_4.mtx 2 5278.49 0.000303369 0.00481132 
/home/antonkov/masterWork/tests/samePrefixMarkedMtx2304/depth3/node0/test3_4.mtx 2.1 0 -1 -1 
/home/antonkov/masterWork/tests/samePrefixMarkedMtx2304/depth3/node0/test3_4.mtx 2.2 0 -1 -1 
/home/antonkov/masterWork/tests/samePrefixMarkedMtx2304/depth3/node0/test3_4.mtx 2.3 0 -1 -1 
/home/antonkov/masterWork/tests/samePrefixMarkedMtx2304/depth3/node0/test3_4.mtx 2.4 0 -1 -1 
/home/antonkov/masterWork/tests/samePrefixMarkedMtx2304/depth3/node0/test3_4.mtx 2.5 0 -1 -1 
/home/antonkov/masterWork/tests/samePrefixMarkedMtx2304/depth3/node0/test3_4.mtx 2.6 0 -1 -1 
/home/antonkov/masterWork/tests/samePrefixMarkedMtx2304/depth3/node0/test3_4.mtx 2.7 0 -1 -1 
/home/antonkov/masterWork/tests/samePrefixMarkedMtx2304/depth3/node0/test3_4.mtx 2.8 0 -1 -1 
/home/antonkov/masterWork/tests/samePrefixMarkedMtx2304/depth3/node0/test3_4.mtx 2.9 0 -1 -1 
/home/antonkov/masterWork/tests/samePrefixMarkedMtx2304/depth3/node0/test3_4.mtx 3 0 -1 -1 
/home/antonkov/masterWork/tests/samePrefixMarkedMtx2304/depth3/node0/test3_4.mtx 3.1 0 -1 -1 
/home/antonkov/masterWork/tests/samePrefixMarkedMtx2304/depth3/node0/test3_4.mtx 3.2 0 -1 -1 
/home/antonkov/masterWork/tests/samePrefixMarkedMtx2304/depth3/node0/test3_4.mtx 3.3 0 -1 -1 
/home/antonkov/masterWork/tests/samePrefixMarkedMtx2304/depth3/node0/test3_4.mtx 3.4 0 -1 -1 
/home/antonkov/masterWork/tests/samePrefixMarkedMtx2304/depth3/node0/test3_4.mtx 3.5 0 -1 -1 
/home/antonkov/masterWork/tests/samePrefixMarkedMtx2304/depth3/node0/test4_0.mtx 1 443.741 0.0882682 0.97 
/home/antonkov/masterWork/tests/samePrefixMarkedMtx2304/depth3/node0/test4_0.mtx 1.1 441.761 0.0742361 0.85 
/home/antonkov/masterWork/tests/samePrefixMarkedMtx2304/depth3/node0/test4_0.mtx 1.2 425.785 0.0571875 0.68 
/home/antonkov/masterWork/tests/samePrefixMarkedMtx2304/depth3/node0/test4_0.mtx 1.3 402.258 0.041875 0.52 
/home/antonkov/masterWork/tests/samePrefixMarkedMtx2304/depth3/node0/test4_0.mtx 1.4 516.042 0.028138 0.37 
/home/antonkov/masterWork/tests/samePrefixMarkedMtx2304/depth3/node0/test4_0.mtx 1.5 583.14 0.0185098 0.266667 
/home/antonkov/masterWork/tests/samePrefixMarkedMtx2304/depth3/node0/test4_0.mtx 1.6 711.831 0.00921007 0.13 
/home/antonkov/masterWork/tests/samePrefixMarkedMtx2304/depth3/node0/test4_0.mtx 1.7 853.33 0.00488444 0.07125 
/home/antonkov/masterWork/tests/samePrefixMarkedMtx2304/depth3/node0/test4_0.mtx 1.8 1448.96 0.00175444 0.0277778 
/home/antonkov/masterWork/tests/samePrefixMarkedMtx2304/depth3/node0/test4_0.mtx 1.9 2968.51 0.000689497 0.0104 
/home/antonkov/masterWork/tests/samePrefixMarkedMtx2304/depth3/node0/test4_0.mtx 2 6751.02 0.0002208 0.0035461 
/home/antonkov/masterWork/tests/samePrefixMarkedMtx2304/depth3/node0/test4_0.mtx 2.1 0 -1 -1 
/home/antonkov/masterWork/tests/samePrefixMarkedMtx2304/depth3/node0/test4_0.mtx 2.2 0 -1 -1 
/home/antonkov/masterWork/tests/samePrefixMarkedMtx2304/depth3/node0/test4_0.mtx 2.3 0 -1 -1 
/home/antonkov/masterWork/tests/samePrefixMarkedMtx2304/depth3/node0/test4_0.mtx 2.4 0 -1 -1 
/home/antonkov/masterWork/tests/samePrefixMarkedMtx2304/depth3/node0/test4_0.mtx 2.5 0 -1 -1 
/home/antonkov/masterWork/tests/samePrefixMarkedMtx2304/depth3/node0/test4_0.mtx 2.6 0 -1 -1 
/home/antonkov/masterWork/tests/samePrefixMarkedMtx2304/depth3/node0/test4_0.mtx 2.7 0 -1 -1 
/home/antonkov/masterWork/tests/samePrefixMarkedMtx2304/depth3/node0/test4_0.mtx 2.8 0 -1 -1 
/home/antonkov/masterWork/tests/samePrefixMarkedMtx2304/depth3/node0/test4_0.mtx 2.9 0 -1 -1 
/home/antonkov/masterWork/tests/samePrefixMarkedMtx2304/depth3/node0/test4_0.mtx 3 0 -1 -1 
/home/antonkov/masterWork/tests/samePrefixMarkedMtx2304/depth3/node0/test4_0.mtx 3.1 0 -1 -1 
/home/antonkov/masterWork/tests/samePrefixMarkedMtx2304/depth3/node0/test4_0.mtx 3.2 0 -1 -1 
/home/antonkov/masterWork/tests/samePrefixMarkedMtx2304/depth3/node0/test4_0.mtx 3.3 0 -1 -1 
/home/antonkov/masterWork/tests/samePrefixMarkedMtx2304/depth3/node0/test4_0.mtx 3.4 0 -1 -1 
/home/antonkov/masterWork/tests/samePrefixMarkedMtx2304/depth3/node0/test4_0.mtx 3.5 0 -1 -1 
/home/antonkov/masterWork/tests/samePrefixMarkedMtx2304/depth3/node0/test4_1.mtx 1 450.786 0.0874826 0.95 
/home/antonkov/masterWork/tests/samePrefixMarkedMtx2304/depth3/node0/test4_1.mtx 1.1 441.563 0.0769358 0.91 
/home/antonkov/masterWork/tests/samePrefixMarkedMtx2304/depth3/node0/test4_1.mtx 1.2 433.339 0.0589887 0.73 
/home/antonkov/masterWork/tests/samePrefixMarkedMtx2304/depth3/node0/test4_1.mtx 1.3 405.507 0.0411806 0.53 
/home/antonkov/masterWork/tests/samePrefixMarkedMtx2304/depth3/node0/test4_1.mtx 1.4 518.197 0.0294488 0.385 
/home/antonkov/masterWork/tests/samePrefixMarkedMtx2304/depth3/node0/test4_1.mtx 1.5 475.249 0.0172504 0.255 
/home/antonkov/masterWork/tests/samePrefixMarkedMtx2304/depth3/node0/test4_1.mtx 1.6 613.957 0.00970161 0.14 
/home/antonkov/masterWork/tests/samePrefixMarkedMtx2304/depth3/node0/test4_1.mtx 1.7 856.501 0.00396322 0.06375 
/home/antonkov/masterWork/tests/samePrefixMarkedMtx2304/depth3/node0/test4_1.mtx 1.8 1392.71 0.00176095 0.0277778 
/home/antonkov/masterWork/tests/samePrefixMarkedMtx2304/depth3/node0/test4_1.mtx 1.9 2557.07 0.000720486 0.0119048 
/home/antonkov/masterWork/tests/samePrefixMarkedMtx2304/depth3/node0/test4_1.mtx 2 5523.62 0.000260493 0.00442478 
/home/antonkov/masterWork/tests/samePrefixMarkedMtx2304/depth3/node0/test4_1.mtx 2.1 0 -1 -1 
/home/antonkov/masterWork/tests/samePrefixMarkedMtx2304/depth3/node0/test4_1.mtx 2.2 0 -1 -1 
/home/antonkov/masterWork/tests/samePrefixMarkedMtx2304/depth3/node0/test4_1.mtx 2.3 0 -1 -1 
/home/antonkov/masterWork/tests/samePrefixMarkedMtx2304/depth3/node0/test4_1.mtx 2.4 0 -1 -1 
/home/antonkov/masterWork/tests/samePrefixMarkedMtx2304/depth3/node0/test4_1.mtx 2.5 0 -1 -1 
/home/antonkov/masterWork/tests/samePrefixMarkedMtx2304/depth3/node0/test4_1.mtx 2.6 0 -1 -1 
/home/antonkov/masterWork/tests/samePrefixMarkedMtx2304/depth3/node0/test4_1.mtx 2.7 0 -1 -1 
/home/antonkov/masterWork/tests/samePrefixMarkedMtx2304/depth3/node0/test4_1.mtx 2.8 0 -1 -1 
/home/antonkov/masterWork/tests/samePrefixMarkedMtx2304/depth3/node0/test4_1.mtx 2.9 0 -1 -1 
/home/antonkov/masterWork/tests/samePrefixMarkedMtx2304/depth3/node0/test4_1.mtx 3 0 -1 -1 
/home/antonkov/masterWork/tests/samePrefixMarkedMtx2304/depth3/node0/test4_1.mtx 3.1 0 -1 -1 
/home/antonkov/masterWork/tests/samePrefixMarkedMtx2304/depth3/node0/test4_1.mtx 3.2 0 -1 -1 
/home/antonkov/masterWork/tests/samePrefixMarkedMtx2304/depth3/node0/test4_1.mtx 3.3 0 -1 -1 
/home/antonkov/masterWork/tests/samePrefixMarkedMtx2304/depth3/node0/test4_1.mtx 3.4 0 -1 -1 
/home/antonkov/masterWork/tests/samePrefixMarkedMtx2304/depth3/node0/test4_1.mtx 3.5 0 -1 -1 
/home/antonkov/masterWork/tests/samePrefixMarkedMtx2304/depth3/node0/test4_2.mtx 1 438.637 0.0806727 0.9 
/home/antonkov/masterWork/tests/samePrefixMarkedMtx2304/depth3/node0/test4_2.mtx 1.1 437.218 0.0682509 0.8 
/home/antonkov/masterWork/tests/samePrefixMarkedMtx2304/depth3/node0/test4_2.mtx 1.2 425.888 0.0556207 0.69 
/home/antonkov/masterWork/tests/samePrefixMarkedMtx2304/depth3/node0/test4_2.mtx 1.3 542.485 0.0441623 0.555 
/home/antonkov/masterWork/tests/samePrefixMarkedMtx2304/depth3/node0/test4_2.mtx 1.4 523.352 0.0302604 0.415 
/home/antonkov/masterWork/tests/samePrefixMarkedMtx2304/depth3/node0/test4_2.mtx 1.5 474.324 0.0191819 0.265 
/home/antonkov/masterWork/tests/samePrefixMarkedMtx2304/depth3/node0/test4_2.mtx 1.6 620.681 0.00936523 0.13 
/home/antonkov/masterWork/tests/samePrefixMarkedMtx2304/depth3/node0/test4_2.mtx 1.7 859.427 0.00483073 0.07125 
/home/antonkov/masterWork/tests/samePrefixMarkedMtx2304/depth3/node0/test4_2.mtx 1.8 1380.49 0.00186584 0.0283333 
/home/antonkov/masterWork/tests/samePrefixMarkedMtx2304/depth3/node0/test4_2.mtx 1.9 2795.51 0.000657642 0.010625 
/home/antonkov/masterWork/tests/samePrefixMarkedMtx2304/depth3/node0/test4_2.mtx 2 6221.53 0.000223886 0.00386364 
/home/antonkov/masterWork/tests/samePrefixMarkedMtx2304/depth3/node0/test4_2.mtx 2.1 0 -1 -1 
/home/antonkov/masterWork/tests/samePrefixMarkedMtx2304/depth3/node0/test4_2.mtx 2.2 0 -1 -1 
/home/antonkov/masterWork/tests/samePrefixMarkedMtx2304/depth3/node0/test4_2.mtx 2.3 0 -1 -1 
/home/antonkov/masterWork/tests/samePrefixMarkedMtx2304/depth3/node0/test4_2.mtx 2.4 0 -1 -1 
/home/antonkov/masterWork/tests/samePrefixMarkedMtx2304/depth3/node0/test4_2.mtx 2.5 0 -1 -1 
/home/antonkov/masterWork/tests/samePrefixMarkedMtx2304/depth3/node0/test4_2.mtx 2.6 0 -1 -1 
/home/antonkov/masterWork/tests/samePrefixMarkedMtx2304/depth3/node0/test4_2.mtx 2.7 0 -1 -1 
/home/antonkov/masterWork/tests/samePrefixMarkedMtx2304/depth3/node0/test4_2.mtx 2.8 0 -1 -1 
/home/antonkov/masterWork/tests/samePrefixMarkedMtx2304/depth3/node0/test4_2.mtx 2.9 0 -1 -1 
/home/antonkov/masterWork/tests/samePrefixMarkedMtx2304/depth3/node0/test4_2.mtx 3 0 -1 -1 
/home/antonkov/masterWork/tests/samePrefixMarkedMtx2304/depth3/node0/test4_2.mtx 3.1 0 -1 -1 
/home/antonkov/masterWork/tests/samePrefixMarkedMtx2304/depth3/node0/test4_2.mtx 3.2 0 -1 -1 
/home/antonkov/masterWork/tests/samePrefixMarkedMtx2304/depth3/node0/test4_2.mtx 3.3 0 -1 -1 
/home/antonkov/masterWork/tests/samePrefixMarkedMtx2304/depth3/node0/test4_2.mtx 3.4 0 -1 -1 
/home/antonkov/masterWork/tests/samePrefixMarkedMtx2304/depth3/node0/test4_2.mtx 3.5 0 -1 -1 
/home/antonkov/masterWork/tests/samePrefixMarkedMtx2304/depth3/node0/test4_3.mtx 1 440.245 0.0838064 0.92 
/home/antonkov/masterWork/tests/samePrefixMarkedMtx2304/depth3/node0/test4_3.mtx 1.1 431.808 0.0703646 0.82 
/home/antonkov/masterWork/tests/samePrefixMarkedMtx2304/depth3/node0/test4_3.mtx 1.2 416.654 0.0563759 0.69 
/home/antonkov/masterWork/tests/samePrefixMarkedMtx2304/depth3/node0/test4_3.mtx 1.3 547.388 0.0454536 0.565 
/home/antonkov/masterWork/tests/samePrefixMarkedMtx2304/depth3/node0/test4_3.mtx 1.4 509.031 0.0320204 0.415 
/home/antonkov/masterWork/tests/samePrefixMarkedMtx2304/depth3/node0/test4_3.mtx 1.5 470.282 0.0184527 0.255 
/home/antonkov/masterWork/tests/samePrefixMarkedMtx2304/depth3/node0/test4_3.mtx 1.6 689.819 0.00849913 0.122 
/home/antonkov/masterWork/tests/samePrefixMarkedMtx2304/depth3/node0/test4_3.mtx 1.7 838.519 0.00450304 0.0675 
/home/antonkov/masterWork/tests/samePrefixMarkedMtx2304/depth3/node0/test4_3.mtx 1.8 1331.49 0.00214486 0.0311765 
/home/antonkov/masterWork/tests/samePrefixMarkedMtx2304/depth3/node0/test4_3.mtx 1.9 2836.61 0.000679886 0.0104167 
/home/antonkov/masterWork/tests/samePrefixMarkedMtx2304/depth3/node0/test4_3.mtx 2 7455.2 0.000179892 0.00310559 
/home/antonkov/masterWork/tests/samePrefixMarkedMtx2304/depth3/node0/test4_3.mtx 2.1 0 -1 -1 
/home/antonkov/masterWork/tests/samePrefixMarkedMtx2304/depth3/node0/test4_3.mtx 2.2 0 -1 -1 
/home/antonkov/masterWork/tests/samePrefixMarkedMtx2304/depth3/node0/test4_3.mtx 2.3 0 -1 -1 
/home/antonkov/masterWork/tests/samePrefixMarkedMtx2304/depth3/node0/test4_3.mtx 2.4 0 -1 -1 
/home/antonkov/masterWork/tests/samePrefixMarkedMtx2304/depth3/node0/test4_3.mtx 2.5 0 -1 -1 
/home/antonkov/masterWork/tests/samePrefixMarkedMtx2304/depth3/node0/test4_3.mtx 2.6 0 -1 -1 
/home/antonkov/masterWork/tests/samePrefixMarkedMtx2304/depth3/node0/test4_3.mtx 2.7 0 -1 -1 
/home/antonkov/masterWork/tests/samePrefixMarkedMtx2304/depth3/node0/test4_3.mtx 2.8 0 -1 -1 
/home/antonkov/masterWork/tests/samePrefixMarkedMtx2304/depth3/node0/test4_3.mtx 2.9 0 -1 -1 
/home/antonkov/masterWork/tests/samePrefixMarkedMtx2304/depth3/node0/test4_3.mtx 3 0 -1 -1 
/home/antonkov/masterWork/tests/samePrefixMarkedMtx2304/depth3/node0/test4_3.mtx 3.1 0 -1 -1 
/home/antonkov/masterWork/tests/samePrefixMarkedMtx2304/depth3/node0/test4_3.mtx 3.2 0 -1 -1 
/home/antonkov/masterWork/tests/samePrefixMarkedMtx2304/depth3/node0/test4_3.mtx 3.3 0 -1 -1 
/home/antonkov/masterWork/tests/samePrefixMarkedMtx2304/depth3/node0/test4_3.mtx 3.4 0 -1 -1 
/home/antonkov/masterWork/tests/samePrefixMarkedMtx2304/depth3/node0/test4_3.mtx 3.5 0 -1 -1 
/home/antonkov/masterWork/tests/samePrefixMarkedMtx2304/depth3/node0/test4_4.mtx 1 449.272 0.0858854 0.92 
/home/antonkov/masterWork/tests/samePrefixMarkedMtx2304/depth3/node0/test4_4.mtx 1.1 442.994 0.0723828 0.82 
/home/antonkov/masterWork/tests/samePrefixMarkedMtx2304/depth3/node0/test4_4.mtx 1.2 442.392 0.0571137 0.69 
/home/antonkov/masterWork/tests/samePrefixMarkedMtx2304/depth3/node0/test4_4.mtx 1.3 413.134 0.0426042 0.51 
/home/antonkov/masterWork/tests/samePrefixMarkedMtx2304/depth3/node0/test4_4.mtx 1.4 524.122 0.0304036 0.395 
/home/antonkov/masterWork/tests/samePrefixMarkedMtx2304/depth3/node0/test4_4.mtx 1.5 483.43 0.0186523 0.255 
/home/antonkov/masterWork/tests/samePrefixMarkedMtx2304/depth3/node0/test4_4.mtx 1.6 716.889 0.00938802 0.134 
/home/antonkov/masterWork/tests/samePrefixMarkedMtx2304/depth3/node0/test4_4.mtx 1.7 847.776 0.00485623 0.06625 
/home/antonkov/masterWork/tests/samePrefixMarkedMtx2304/depth3/node0/test4_4.mtx 1.8 1278.41 0.0021894 0.03125 
/home/antonkov/masterWork/tests/samePrefixMarkedMtx2304/depth3/node0/test4_4.mtx 1.9 3770.35 0.000488573 0.00746269 
/home/antonkov/masterWork/tests/samePrefixMarkedMtx2304/depth3/node0/test4_4.mtx 2 0 -1 -1 
/home/antonkov/masterWork/tests/samePrefixMarkedMtx2304/depth3/node0/test4_4.mtx 2.1 0 -1 -1 
/home/antonkov/masterWork/tests/samePrefixMarkedMtx2304/depth3/node0/test4_4.mtx 2.2 0 -1 -1 
/home/antonkov/masterWork/tests/samePrefixMarkedMtx2304/depth3/node0/test4_4.mtx 2.3 0 -1 -1 
/home/antonkov/masterWork/tests/samePrefixMarkedMtx2304/depth3/node0/test4_4.mtx 2.4 0 -1 -1 
/home/antonkov/masterWork/tests/samePrefixMarkedMtx2304/depth3/node0/test4_4.mtx 2.5 0 -1 -1 
/home/antonkov/masterWork/tests/samePrefixMarkedMtx2304/depth3/node0/test4_4.mtx 2.6 0 -1 -1 
/home/antonkov/masterWork/tests/samePrefixMarkedMtx2304/depth3/node0/test4_4.mtx 2.7 0 -1 -1 
/home/antonkov/masterWork/tests/samePrefixMarkedMtx2304/depth3/node0/test4_4.mtx 2.8 0 -1 -1 
/home/antonkov/masterWork/tests/samePrefixMarkedMtx2304/depth3/node0/test4_4.mtx 2.9 0 -1 -1 
/home/antonkov/masterWork/tests/samePrefixMarkedMtx2304/depth3/node0/test4_4.mtx 3 0 -1 -1 
/home/antonkov/masterWork/tests/samePrefixMarkedMtx2304/depth3/node0/test4_4.mtx 3.1 0 -1 -1 
/home/antonkov/masterWork/tests/samePrefixMarkedMtx2304/depth3/node0/test4_4.mtx 3.2 0 -1 -1 
/home/antonkov/masterWork/tests/samePrefixMarkedMtx2304/depth3/node0/test4_4.mtx 3.3 0 -1 -1 
/home/antonkov/masterWork/tests/samePrefixMarkedMtx2304/depth3/node0/test4_4.mtx 3.4 0 -1 -1 
/home/antonkov/masterWork/tests/samePrefixMarkedMtx2304/depth3/node0/test4_4.mtx 3.5 0 -1 -1 
