Results
Filename SNR Time(ms) BER FER
/home/antonkov/masterWork/tests/samePrefixMarkedMtx/depth3/node1/test0_0.mtx 1 139.813 0.0858333 0.845 
/home/antonkov/masterWork/tests/samePrefixMarkedMtx/depth3/node1/test0_0.mtx 1.1 123.48 0.0771354 0.79 
/home/antonkov/masterWork/tests/samePrefixMarkedMtx/depth3/node1/test0_0.mtx 1.2 113.275 0.0678993 0.71 
/home/antonkov/masterWork/tests/samePrefixMarkedMtx/depth3/node1/test0_0.mtx 1.3 97.5309 0.0584549 0.62 
/home/antonkov/masterWork/tests/samePrefixMarkedMtx/depth3/node1/test0_0.mtx 1.4 95.2644 0.0493837 0.55 
/home/antonkov/masterWork/tests/samePrefixMarkedMtx/depth3/node1/test0_0.mtx 1.5 117.835 0.0375926 0.423333 
/home/antonkov/masterWork/tests/samePrefixMarkedMtx/depth3/node1/test0_0.mtx 1.6 109.436 0.0284491 0.333333 
/home/antonkov/masterWork/tests/samePrefixMarkedMtx/depth3/node1/test0_0.mtx 1.7 121.96 0.022474 0.26 
/home/antonkov/masterWork/tests/samePrefixMarkedMtx/depth3/node1/test0_0.mtx 1.8 137.661 0.0165625 0.2 
/home/antonkov/masterWork/tests/samePrefixMarkedMtx/depth3/node1/test0_0.mtx 1.9 182.068 0.0108333 0.13625 
/home/antonkov/masterWork/tests/samePrefixMarkedMtx/depth3/node1/test0_0.mtx 2 197.974 0.00835243 0.106 
/home/antonkov/masterWork/tests/samePrefixMarkedMtx/depth3/node1/test0_0.mtx 2.1 254.121 0.00564484 0.0735714 
/home/antonkov/masterWork/tests/samePrefixMarkedMtx/depth3/node1/test0_0.mtx 2.2 339.305 0.00365906 0.047619 
/home/antonkov/masterWork/tests/samePrefixMarkedMtx/depth3/node1/test0_0.mtx 2.3 480.275 0.00221354 0.0294118 
/home/antonkov/masterWork/tests/samePrefixMarkedMtx/depth3/node1/test0_0.mtx 2.4 724.913 0.00123646 0.0169492 
/home/antonkov/masterWork/tests/samePrefixMarkedMtx/depth3/node1/test0_0.mtx 2.5 997.38 0.000823332 0.011087 
/home/antonkov/masterWork/tests/samePrefixMarkedMtx/depth3/node1/test0_0.mtx 2.6 1478.31 0.000435252 0.00641026 
/home/antonkov/masterWork/tests/samePrefixMarkedMtx/depth3/node1/test0_0.mtx 2.7 2198.84 0.000251109 0.00380228 
/home/antonkov/masterWork/tests/samePrefixMarkedMtx/depth3/node1/test0_0.mtx 2.8 3310.33 0.000147299 0.00222222 
/home/antonkov/masterWork/tests/samePrefixMarkedMtx/depth3/node1/test0_0.mtx 2.9 6106.83 6.86071e-05 0.00107181 
/home/antonkov/masterWork/tests/samePrefixMarkedMtx/depth3/node1/test0_0.mtx 3 10086.3 3.74095e-05 0.000584112 
/home/antonkov/masterWork/tests/samePrefixMarkedMtx/depth3/node1/test0_0.mtx 3.1 0 -1 -1 
/home/antonkov/masterWork/tests/samePrefixMarkedMtx/depth3/node1/test0_0.mtx 3.2 0 -1 -1 
/home/antonkov/masterWork/tests/samePrefixMarkedMtx/depth3/node1/test0_0.mtx 3.3 0 -1 -1 
/home/antonkov/masterWork/tests/samePrefixMarkedMtx/depth3/node1/test0_0.mtx 3.4 0 -1 -1 
/home/antonkov/masterWork/tests/samePrefixMarkedMtx/depth3/node1/test0_0.mtx 3.5 0 -1 -1 
/home/antonkov/masterWork/tests/samePrefixMarkedMtx/depth3/node1/test0_1.mtx 1 119.572 0.0836719 0.825 
/home/antonkov/masterWork/tests/samePrefixMarkedMtx/depth3/node1/test0_1.mtx 1.1 113.7 0.0748872 0.765 
/home/antonkov/masterWork/tests/samePrefixMarkedMtx/depth3/node1/test0_1.mtx 1.2 103.98 0.0660764 0.695 
/home/antonkov/masterWork/tests/samePrefixMarkedMtx/depth3/node1/test0_1.mtx 1.3 102.6 0.0588802 0.655 
/home/antonkov/masterWork/tests/samePrefixMarkedMtx/depth3/node1/test0_1.mtx 1.4 93.6816 0.0513021 0.585 
/home/antonkov/masterWork/tests/samePrefixMarkedMtx/depth3/node1/test0_1.mtx 1.5 126.631 0.0413831 0.473333 
/home/antonkov/masterWork/tests/samePrefixMarkedMtx/depth3/node1/test0_1.mtx 1.6 121.753 0.0344676 0.41 
/home/antonkov/masterWork/tests/samePrefixMarkedMtx/depth3/node1/test0_1.mtx 1.7 134.922 0.0235894 0.295 
/home/antonkov/masterWork/tests/samePrefixMarkedMtx/depth3/node1/test0_1.mtx 1.8 159.729 0.0173872 0.208333 
/home/antonkov/masterWork/tests/samePrefixMarkedMtx/depth3/node1/test0_1.mtx 1.9 182.265 0.0116862 0.145 
/home/antonkov/masterWork/tests/samePrefixMarkedMtx/depth3/node1/test0_1.mtx 2 205.76 0.0085625 0.111 
/home/antonkov/masterWork/tests/samePrefixMarkedMtx/depth3/node1/test0_1.mtx 2.1 230.102 0.00687211 0.0866667 
/home/antonkov/masterWork/tests/samePrefixMarkedMtx/depth3/node1/test0_1.mtx 2.2 307.66 0.00386787 0.0526316 
/home/antonkov/masterWork/tests/samePrefixMarkedMtx/depth3/node1/test0_1.mtx 2.3 437.59 0.00253935 0.0333333 
/home/antonkov/masterWork/tests/samePrefixMarkedMtx/depth3/node1/test0_1.mtx 2.4 643.277 0.00149097 0.0202 
/home/antonkov/masterWork/tests/samePrefixMarkedMtx/depth3/node1/test0_1.mtx 2.5 827.105 0.000997541 0.0140278 
/home/antonkov/masterWork/tests/samePrefixMarkedMtx/depth3/node1/test0_1.mtx 2.6 1065.48 0.000671241 0.00961538 
/home/antonkov/masterWork/tests/samePrefixMarkedMtx/depth3/node1/test0_1.mtx 2.7 2020.12 0.000284826 0.0042735 
/home/antonkov/masterWork/tests/samePrefixMarkedMtx/depth3/node1/test0_1.mtx 2.8 3206.44 0.000151427 0.00231481 
/home/antonkov/masterWork/tests/samePrefixMarkedMtx/depth3/node1/test0_1.mtx 2.9 4996.57 8.25795e-05 0.00131579 
/home/antonkov/masterWork/tests/samePrefixMarkedMtx/depth3/node1/test0_1.mtx 3 8673.32 3.97652e-05 0.000680272 
/home/antonkov/masterWork/tests/samePrefixMarkedMtx/depth3/node1/test0_1.mtx 3.1 0 -1 -1 
/home/antonkov/masterWork/tests/samePrefixMarkedMtx/depth3/node1/test0_1.mtx 3.2 0 -1 -1 
/home/antonkov/masterWork/tests/samePrefixMarkedMtx/depth3/node1/test0_1.mtx 3.3 0 -1 -1 
/home/antonkov/masterWork/tests/samePrefixMarkedMtx/depth3/node1/test0_1.mtx 3.4 0 -1 -1 
/home/antonkov/masterWork/tests/samePrefixMarkedMtx/depth3/node1/test0_1.mtx 3.5 0 -1 -1 
/home/antonkov/masterWork/tests/samePrefixMarkedMtx/depth3/node1/test0_2.mtx 1 121.45 0.083533 0.845 
/home/antonkov/masterWork/tests/samePrefixMarkedMtx/depth3/node1/test0_2.mtx 1.1 114.97 0.0738194 0.77 
/home/antonkov/masterWork/tests/samePrefixMarkedMtx/depth3/node1/test0_2.mtx 1.2 105.71 0.0644792 0.68 
/home/antonkov/masterWork/tests/samePrefixMarkedMtx/depth3/node1/test0_2.mtx 1.3 99.6754 0.0554948 0.605 
/home/antonkov/masterWork/tests/samePrefixMarkedMtx/depth3/node1/test0_2.mtx 1.4 93.2325 0.0454427 0.505 
/home/antonkov/masterWork/tests/samePrefixMarkedMtx/depth3/node1/test0_2.mtx 1.5 122.247 0.0387384 0.45 
/home/antonkov/masterWork/tests/samePrefixMarkedMtx/depth3/node1/test0_2.mtx 1.6 116.138 0.0327373 0.376667 
/home/antonkov/masterWork/tests/samePrefixMarkedMtx/depth3/node1/test0_2.mtx 1.7 128.173 0.0229297 0.2675 
/home/antonkov/masterWork/tests/samePrefixMarkedMtx/depth3/node1/test0_2.mtx 1.8 142.585 0.0168472 0.204 
/home/antonkov/masterWork/tests/samePrefixMarkedMtx/depth3/node1/test0_2.mtx 1.9 166.348 0.012376 0.158571 
/home/antonkov/masterWork/tests/samePrefixMarkedMtx/depth3/node1/test0_2.mtx 2 198.235 0.00997299 0.125556 
/home/antonkov/masterWork/tests/samePrefixMarkedMtx/depth3/node1/test0_2.mtx 2.1 225.47 0.00685764 0.0866667 
/home/antonkov/masterWork/tests/samePrefixMarkedMtx/depth3/node1/test0_2.mtx 2.2 302.999 0.00413773 0.0555556 
/home/antonkov/masterWork/tests/samePrefixMarkedMtx/depth3/node1/test0_2.mtx 2.3 425.979 0.00262632 0.0355172 
/home/antonkov/masterWork/tests/samePrefixMarkedMtx/depth3/node1/test0_2.mtx 2.4 628.582 0.00148889 0.0202 
/home/antonkov/masterWork/tests/samePrefixMarkedMtx/depth3/node1/test0_2.mtx 2.5 771.092 0.00103746 0.0151515 
/home/antonkov/masterWork/tests/samePrefixMarkedMtx/depth3/node1/test0_2.mtx 2.6 1115.99 0.00061411 0.00918182 
/home/antonkov/masterWork/tests/samePrefixMarkedMtx/depth3/node1/test0_2.mtx 2.7 1776.18 0.000327506 0.00502513 
/home/antonkov/masterWork/tests/samePrefixMarkedMtx/depth3/node1/test0_2.mtx 2.8 2895.76 0.000177707 0.00268097 
/home/antonkov/masterWork/tests/samePrefixMarkedMtx/depth3/node1/test0_2.mtx 2.9 4277.86 0.000103141 0.00159744 
/home/antonkov/masterWork/tests/samePrefixMarkedMtx/depth3/node1/test0_2.mtx 3 6710.75 5.49344e-05 0.000917431 
/home/antonkov/masterWork/tests/samePrefixMarkedMtx/depth3/node1/test0_2.mtx 3.1 0 -1 -1 
/home/antonkov/masterWork/tests/samePrefixMarkedMtx/depth3/node1/test0_2.mtx 3.2 0 -1 -1 
/home/antonkov/masterWork/tests/samePrefixMarkedMtx/depth3/node1/test0_2.mtx 3.3 0 -1 -1 
/home/antonkov/masterWork/tests/samePrefixMarkedMtx/depth3/node1/test0_2.mtx 3.4 0 -1 -1 
/home/antonkov/masterWork/tests/samePrefixMarkedMtx/depth3/node1/test0_2.mtx 3.5 0 -1 -1 
/home/antonkov/masterWork/tests/samePrefixMarkedMtx/depth3/node1/test0_3.mtx 1 117.816 0.0847396 0.84 
/home/antonkov/masterWork/tests/samePrefixMarkedMtx/depth3/node1/test0_3.mtx 1.1 116.569 0.0768663 0.795 
/home/antonkov/masterWork/tests/samePrefixMarkedMtx/depth3/node1/test0_3.mtx 1.2 110.353 0.0677691 0.735 
/home/antonkov/masterWork/tests/samePrefixMarkedMtx/depth3/node1/test0_3.mtx 1.3 100.133 0.0575608 0.66 
/home/antonkov/masterWork/tests/samePrefixMarkedMtx/depth3/node1/test0_3.mtx 1.4 98.3337 0.0481163 0.545 
/home/antonkov/masterWork/tests/samePrefixMarkedMtx/depth3/node1/test0_3.mtx 1.5 121.518 0.039265 0.45 
/home/antonkov/masterWork/tests/samePrefixMarkedMtx/depth3/node1/test0_3.mtx 1.6 115.24 0.0307118 0.36 
/home/antonkov/masterWork/tests/samePrefixMarkedMtx/depth3/node1/test0_3.mtx 1.7 131.987 0.0234809 0.28 
/home/antonkov/masterWork/tests/samePrefixMarkedMtx/depth3/node1/test0_3.mtx 1.8 136.931 0.0168229 0.2 
/home/antonkov/masterWork/tests/samePrefixMarkedMtx/depth3/node1/test0_3.mtx 1.9 170.142 0.0118626 0.152857 
/home/antonkov/masterWork/tests/samePrefixMarkedMtx/depth3/node1/test0_3.mtx 2 245.107 0.00762587 0.0933333 
/home/antonkov/masterWork/tests/samePrefixMarkedMtx/depth3/node1/test0_3.mtx 2.1 279.728 0.00551736 0.0666667 
/home/antonkov/masterWork/tests/samePrefixMarkedMtx/depth3/node1/test0_3.mtx 2.2 366.522 0.00379227 0.0473913 
/home/antonkov/masterWork/tests/samePrefixMarkedMtx/depth3/node1/test0_3.mtx 2.3 407.296 0.00277713 0.037037 
/home/antonkov/masterWork/tests/samePrefixMarkedMtx/depth3/node1/test0_3.mtx 2.4 571.013 0.00172723 0.0234884 
/home/antonkov/masterWork/tests/samePrefixMarkedMtx/depth3/node1/test0_3.mtx 2.5 933.085 0.000875042 0.0123171 
/home/antonkov/masterWork/tests/samePrefixMarkedMtx/depth3/node1/test0_3.mtx 2.6 1291.85 0.000584135 0.00769231 
/home/antonkov/masterWork/tests/samePrefixMarkedMtx/depth3/node1/test0_3.mtx 2.7 2104.54 0.000272463 0.00408163 
/home/antonkov/masterWork/tests/samePrefixMarkedMtx/depth3/node1/test0_3.mtx 2.8 3053.21 0.000163388 0.00253807 
/home/antonkov/masterWork/tests/samePrefixMarkedMtx/depth3/node1/test0_3.mtx 2.9 5148.77 8.96486e-05 0.00134228 
/home/antonkov/masterWork/tests/samePrefixMarkedMtx/depth3/node1/test0_3.mtx 3 7348.22 4.97233e-05 0.000849618 
/home/antonkov/masterWork/tests/samePrefixMarkedMtx/depth3/node1/test0_3.mtx 3.1 0 -1 -1 
/home/antonkov/masterWork/tests/samePrefixMarkedMtx/depth3/node1/test0_3.mtx 3.2 0 -1 -1 
/home/antonkov/masterWork/tests/samePrefixMarkedMtx/depth3/node1/test0_3.mtx 3.3 0 -1 -1 
/home/antonkov/masterWork/tests/samePrefixMarkedMtx/depth3/node1/test0_3.mtx 3.4 0 -1 -1 
/home/antonkov/masterWork/tests/samePrefixMarkedMtx/depth3/node1/test0_3.mtx 3.5 0 -1 -1 
/home/antonkov/masterWork/tests/samePrefixMarkedMtx/depth3/node1/test0_4.mtx 1 118.018 0.0809115 0.815 
/home/antonkov/masterWork/tests/samePrefixMarkedMtx/depth3/node1/test0_4.mtx 1.1 113.258 0.0715538 0.75 
/home/antonkov/masterWork/tests/samePrefixMarkedMtx/depth3/node1/test0_4.mtx 1.2 103.834 0.0625781 0.66 
/home/antonkov/masterWork/tests/samePrefixMarkedMtx/depth3/node1/test0_4.mtx 1.3 95.0932 0.0551736 0.6 
/home/antonkov/masterWork/tests/samePrefixMarkedMtx/depth3/node1/test0_4.mtx 1.4 95.2562 0.0470312 0.52 
/home/antonkov/masterWork/tests/samePrefixMarkedMtx/depth3/node1/test0_4.mtx 1.5 121.872 0.0376157 0.44 
/home/antonkov/masterWork/tests/samePrefixMarkedMtx/depth3/node1/test0_4.mtx 1.6 118.605 0.0309722 0.356667 
/home/antonkov/masterWork/tests/samePrefixMarkedMtx/depth3/node1/test0_4.mtx 1.7 125.111 0.022053 0.2575 
/home/antonkov/masterWork/tests/samePrefixMarkedMtx/depth3/node1/test0_4.mtx 1.8 137.903 0.0167951 0.208 
/home/antonkov/masterWork/tests/samePrefixMarkedMtx/depth3/node1/test0_4.mtx 1.9 167.153 0.0132887 0.164286 
/home/antonkov/masterWork/tests/samePrefixMarkedMtx/depth3/node1/test0_4.mtx 2 197.292 0.00914931 0.114444 
/home/antonkov/masterWork/tests/samePrefixMarkedMtx/depth3/node1/test0_4.mtx 2.1 259.115 0.00603299 0.0771429 
/home/antonkov/masterWork/tests/samePrefixMarkedMtx/depth3/node1/test0_4.mtx 2.2 317.2 0.00395742 0.0526316 
/home/antonkov/masterWork/tests/samePrefixMarkedMtx/depth3/node1/test0_4.mtx 2.3 438.974 0.00260417 0.0351724 
/home/antonkov/masterWork/tests/samePrefixMarkedMtx/depth3/node1/test0_4.mtx 2.4 727.924 0.0012482 0.0172414 
/home/antonkov/masterWork/tests/samePrefixMarkedMtx/depth3/node1/test0_4.mtx 2.5 1042.41 0.000777412 0.0106316 
/home/antonkov/masterWork/tests/samePrefixMarkedMtx/depth3/node1/test0_4.mtx 2.6 1344.79 0.000528665 0.0075188 
/home/antonkov/masterWork/tests/samePrefixMarkedMtx/depth3/node1/test0_4.mtx 2.7 1956.9 0.000318056 0.00444444 
/home/antonkov/masterWork/tests/samePrefixMarkedMtx/depth3/node1/test0_4.mtx 2.8 2802.29 0.000183416 0.00275482 
/home/antonkov/masterWork/tests/samePrefixMarkedMtx/depth3/node1/test0_4.mtx 2.9 4125.51 9.81593e-05 0.00165563 
/home/antonkov/masterWork/tests/samePrefixMarkedMtx/depth3/node1/test0_4.mtx 3 8631.12 3.82872e-05 0.000703235 
/home/antonkov/masterWork/tests/samePrefixMarkedMtx/depth3/node1/test0_4.mtx 3.1 0 -1 -1 
/home/antonkov/masterWork/tests/samePrefixMarkedMtx/depth3/node1/test0_4.mtx 3.2 0 -1 -1 
/home/antonkov/masterWork/tests/samePrefixMarkedMtx/depth3/node1/test0_4.mtx 3.3 0 -1 -1 
/home/antonkov/masterWork/tests/samePrefixMarkedMtx/depth3/node1/test0_4.mtx 3.4 0 -1 -1 
/home/antonkov/masterWork/tests/samePrefixMarkedMtx/depth3/node1/test0_4.mtx 3.5 0 -1 -1 
/home/antonkov/masterWork/tests/samePrefixMarkedMtx/depth3/node1/test1_0.mtx 1 114.185 0.0757378 0.76 
/home/antonkov/masterWork/tests/samePrefixMarkedMtx/depth3/node1/test1_0.mtx 1.1 104.201 0.0680295 0.695 
/home/antonkov/masterWork/tests/samePrefixMarkedMtx/depth3/node1/test1_0.mtx 1.2 95.5291 0.0584462 0.625 
/home/antonkov/masterWork/tests/samePrefixMarkedMtx/depth3/node1/test1_0.mtx 1.3 90.9408 0.0494271 0.53 
/home/antonkov/masterWork/tests/samePrefixMarkedMtx/depth3/node1/test1_0.mtx 1.4 117.656 0.0417766 0.47 
/home/antonkov/masterWork/tests/samePrefixMarkedMtx/depth3/node1/test1_0.mtx 1.5 111.554 0.0330787 0.383333 
/home/antonkov/masterWork/tests/samePrefixMarkedMtx/depth3/node1/test1_0.mtx 1.6 125.292 0.0268186 0.3125 
/home/antonkov/masterWork/tests/samePrefixMarkedMtx/depth3/node1/test1_0.mtx 1.7 132.219 0.0186354 0.22 
/home/antonkov/masterWork/tests/samePrefixMarkedMtx/depth3/node1/test1_0.mtx 1.8 142.712 0.0142795 0.171667 
/home/antonkov/masterWork/tests/samePrefixMarkedMtx/depth3/node1/test1_0.mtx 1.9 185.07 0.00985147 0.115556 
/home/antonkov/masterWork/tests/samePrefixMarkedMtx/depth3/node1/test1_0.mtx 2 225.291 0.00752315 0.0941667 
/home/antonkov/masterWork/tests/samePrefixMarkedMtx/depth3/node1/test1_0.mtx 2.1 282.328 0.00474775 0.0611765 
/home/antonkov/masterWork/tests/samePrefixMarkedMtx/depth3/node1/test1_0.mtx 2.2 383.949 0.00293737 0.0384615 
/home/antonkov/masterWork/tests/samePrefixMarkedMtx/depth3/node1/test1_0.mtx 2.3 549.277 0.00180071 0.0237209 
/home/antonkov/masterWork/tests/samePrefixMarkedMtx/depth3/node1/test1_0.mtx 2.4 796.928 0.00105802 0.0144928 
/home/antonkov/masterWork/tests/samePrefixMarkedMtx/depth3/node1/test1_0.mtx 2.5 1162.53 0.000637183 0.00877193 
/home/antonkov/masterWork/tests/samePrefixMarkedMtx/depth3/node1/test1_0.mtx 2.6 1908.63 0.00031464 0.00456621 
/home/antonkov/masterWork/tests/samePrefixMarkedMtx/depth3/node1/test1_0.mtx 2.7 2896.14 0.000184801 0.00265252 
/home/antonkov/masterWork/tests/samePrefixMarkedMtx/depth3/node1/test1_0.mtx 2.8 4971.28 8.92824e-05 0.00134589 
/home/antonkov/masterWork/tests/samePrefixMarkedMtx/depth3/node1/test1_0.mtx 2.9 9040.92 4.39876e-05 0.000660502 
/home/antonkov/masterWork/tests/samePrefixMarkedMtx/depth3/node1/test1_0.mtx 3 0 -1 -1 
/home/antonkov/masterWork/tests/samePrefixMarkedMtx/depth3/node1/test1_0.mtx 3.1 0 -1 -1 
/home/antonkov/masterWork/tests/samePrefixMarkedMtx/depth3/node1/test1_0.mtx 3.2 0 -1 -1 
/home/antonkov/masterWork/tests/samePrefixMarkedMtx/depth3/node1/test1_0.mtx 3.3 0 -1 -1 
/home/antonkov/masterWork/tests/samePrefixMarkedMtx/depth3/node1/test1_0.mtx 3.4 0 -1 -1 
/home/antonkov/masterWork/tests/samePrefixMarkedMtx/depth3/node1/test1_0.mtx 3.5 0 -1 -1 
/home/antonkov/masterWork/tests/samePrefixMarkedMtx/depth3/node1/test1_1.mtx 1 107.663 0.0740712 0.735 
/home/antonkov/masterWork/tests/samePrefixMarkedMtx/depth3/node1/test1_1.mtx 1.1 105.181 0.0662066 0.685 
/home/antonkov/masterWork/tests/samePrefixMarkedMtx/depth3/node1/test1_1.mtx 1.2 96.119 0.0576389 0.6 
/home/antonkov/masterWork/tests/samePrefixMarkedMtx/depth3/node1/test1_1.mtx 1.3 90.2257 0.0467535 0.5 
/home/antonkov/masterWork/tests/samePrefixMarkedMtx/depth3/node1/test1_1.mtx 1.4 115.802 0.0403125 0.446667 
/home/antonkov/masterWork/tests/samePrefixMarkedMtx/depth3/node1/test1_1.mtx 1.5 106.607 0.031875 0.346667 
/home/antonkov/masterWork/tests/samePrefixMarkedMtx/depth3/node1/test1_1.mtx 1.6 120.023 0.0227604 0.26 
/home/antonkov/masterWork/tests/samePrefixMarkedMtx/depth3/node1/test1_1.mtx 1.7 157.97 0.0174971 0.208333 
/home/antonkov/masterWork/tests/samePrefixMarkedMtx/depth3/node1/test1_1.mtx 1.8 165 0.0123313 0.144286 
/home/antonkov/masterWork/tests/samePrefixMarkedMtx/depth3/node1/test1_1.mtx 1.9 188.336 0.00994406 0.115556 
/home/antonkov/masterWork/tests/samePrefixMarkedMtx/depth3/node1/test1_1.mtx 2 239.513 0.006875 0.0823077 
/home/antonkov/masterWork/tests/samePrefixMarkedMtx/depth3/node1/test1_1.mtx 2.1 288.971 0.00472018 0.0588235 
/home/antonkov/masterWork/tests/samePrefixMarkedMtx/depth3/node1/test1_1.mtx 2.2 377.137 0.00287153 0.0404 
/home/antonkov/masterWork/tests/samePrefixMarkedMtx/depth3/node1/test1_1.mtx 2.3 554.915 0.00181176 0.0242857 
/home/antonkov/masterWork/tests/samePrefixMarkedMtx/depth3/node1/test1_1.mtx 2.4 801.649 0.00107051 0.0155385 
/home/antonkov/masterWork/tests/samePrefixMarkedMtx/depth3/node1/test1_1.mtx 2.5 1078.72 0.000683396 0.010101 
/home/antonkov/masterWork/tests/samePrefixMarkedMtx/depth3/node1/test1_1.mtx 2.6 1834.62 0.000330566 0.00507614 
/home/antonkov/masterWork/tests/samePrefixMarkedMtx/depth3/node1/test1_1.mtx 2.7 2598.18 0.000199139 0.00311526 
/home/antonkov/masterWork/tests/samePrefixMarkedMtx/depth3/node1/test1_1.mtx 2.8 4204.39 0.000117608 0.00169779 
/home/antonkov/masterWork/tests/samePrefixMarkedMtx/depth3/node1/test1_1.mtx 2.9 6287.23 6.25988e-05 0.00101626 
/home/antonkov/masterWork/tests/samePrefixMarkedMtx/depth3/node1/test1_1.mtx 3 10177.7 3.36928e-05 0.000570125 
/home/antonkov/masterWork/tests/samePrefixMarkedMtx/depth3/node1/test1_1.mtx 3.1 0 -1 -1 
/home/antonkov/masterWork/tests/samePrefixMarkedMtx/depth3/node1/test1_1.mtx 3.2 0 -1 -1 
/home/antonkov/masterWork/tests/samePrefixMarkedMtx/depth3/node1/test1_1.mtx 3.3 0 -1 -1 
/home/antonkov/masterWork/tests/samePrefixMarkedMtx/depth3/node1/test1_1.mtx 3.4 0 -1 -1 
/home/antonkov/masterWork/tests/samePrefixMarkedMtx/depth3/node1/test1_1.mtx 3.5 0 -1 -1 
/home/antonkov/masterWork/tests/samePrefixMarkedMtx/depth3/node1/test1_2.mtx 1 111.199 0.0768663 0.78 
/home/antonkov/masterWork/tests/samePrefixMarkedMtx/depth3/node1/test1_2.mtx 1.1 104.749 0.0680556 0.705 
/home/antonkov/masterWork/tests/samePrefixMarkedMtx/depth3/node1/test1_2.mtx 1.2 94.5877 0.0611198 0.65 
/home/antonkov/masterWork/tests/samePrefixMarkedMtx/depth3/node1/test1_2.mtx 1.3 93.139 0.0524045 0.585 
/home/antonkov/masterWork/tests/samePrefixMarkedMtx/depth3/node1/test1_2.mtx 1.4 87.5335 0.0433507 0.5 
/home/antonkov/masterWork/tests/samePrefixMarkedMtx/depth3/node1/test1_2.mtx 1.5 114.326 0.0319502 0.386667 
/home/antonkov/masterWork/tests/samePrefixMarkedMtx/depth3/node1/test1_2.mtx 1.6 125.486 0.0238411 0.2925 
/home/antonkov/masterWork/tests/samePrefixMarkedMtx/depth3/node1/test1_2.mtx 1.7 137.204 0.0193264 0.236 
/home/antonkov/masterWork/tests/samePrefixMarkedMtx/depth3/node1/test1_2.mtx 1.8 152.819 0.0144329 0.183333 
/home/antonkov/masterWork/tests/samePrefixMarkedMtx/depth3/node1/test1_2.mtx 1.9 174.917 0.0102257 0.125 
/home/antonkov/masterWork/tests/samePrefixMarkedMtx/depth3/node1/test1_2.mtx 2 227.475 0.00683883 0.0883333 
/home/antonkov/masterWork/tests/samePrefixMarkedMtx/depth3/node1/test1_2.mtx 2.1 283.978 0.00468341 0.0617647 
/home/antonkov/masterWork/tests/samePrefixMarkedMtx/depth3/node1/test1_2.mtx 2.2 370.494 0.00287569 0.0404 
/home/antonkov/masterWork/tests/samePrefixMarkedMtx/depth3/node1/test1_2.mtx 2.3 512.161 0.00185408 0.0258974 
/home/antonkov/masterWork/tests/samePrefixMarkedMtx/depth3/node1/test1_2.mtx 2.4 621.83 0.00136778 0.0196078 
/home/antonkov/masterWork/tests/samePrefixMarkedMtx/depth3/node1/test1_2.mtx 2.5 1087.85 0.000712306 0.00971154 
/home/antonkov/masterWork/tests/samePrefixMarkedMtx/depth3/node1/test1_2.mtx 2.6 1513.29 0.000413826 0.00612121 
/home/antonkov/masterWork/tests/samePrefixMarkedMtx/depth3/node1/test1_2.mtx 2.7 2342.48 0.000241533 0.00350877 
/home/antonkov/masterWork/tests/samePrefixMarkedMtx/depth3/node1/test1_2.mtx 2.8 3834.18 0.000122516 0.00189753 
/home/antonkov/masterWork/tests/samePrefixMarkedMtx/depth3/node1/test1_2.mtx 2.9 6823.82 5.59557e-05 0.000929368 
/home/antonkov/masterWork/tests/samePrefixMarkedMtx/depth3/node1/test1_2.mtx 3 0 -1 -1 
/home/antonkov/masterWork/tests/samePrefixMarkedMtx/depth3/node1/test1_2.mtx 3.1 0 -1 -1 
/home/antonkov/masterWork/tests/samePrefixMarkedMtx/depth3/node1/test1_2.mtx 3.2 0 -1 -1 
/home/antonkov/masterWork/tests/samePrefixMarkedMtx/depth3/node1/test1_2.mtx 3.3 0 -1 -1 
/home/antonkov/masterWork/tests/samePrefixMarkedMtx/depth3/node1/test1_2.mtx 3.4 0 -1 -1 
/home/antonkov/masterWork/tests/samePrefixMarkedMtx/depth3/node1/test1_2.mtx 3.5 0 -1 -1 
/home/antonkov/masterWork/tests/samePrefixMarkedMtx/depth3/node1/test1_3.mtx 1 109.082 0.0748003 0.76 
/home/antonkov/masterWork/tests/samePrefixMarkedMtx/depth3/node1/test1_3.mtx 1.1 103.142 0.0652344 0.69 
/home/antonkov/masterWork/tests/samePrefixMarkedMtx/depth3/node1/test1_3.mtx 1.2 93.4409 0.0552517 0.605 
/home/antonkov/masterWork/tests/samePrefixMarkedMtx/depth3/node1/test1_3.mtx 1.3 89.6191 0.0460851 0.525 
/home/antonkov/masterWork/tests/samePrefixMarkedMtx/depth3/node1/test1_3.mtx 1.4 113.178 0.0380208 0.43 
/home/antonkov/masterWork/tests/samePrefixMarkedMtx/depth3/node1/test1_3.mtx 1.5 110.743 0.0301678 0.363333 
/home/antonkov/masterWork/tests/samePrefixMarkedMtx/depth3/node1/test1_3.mtx 1.6 135.338 0.025026 0.3025 
/home/antonkov/masterWork/tests/samePrefixMarkedMtx/depth3/node1/test1_3.mtx 1.7 133.292 0.0177882 0.226 
/home/antonkov/masterWork/tests/samePrefixMarkedMtx/depth3/node1/test1_3.mtx 1.8 149.271 0.014265 0.188333 
/home/antonkov/masterWork/tests/samePrefixMarkedMtx/depth3/node1/test1_3.mtx 1.9 177.01 0.0099566 0.1325 
/home/antonkov/masterWork/tests/samePrefixMarkedMtx/depth3/node1/test1_3.mtx 2 198.683 0.00707639 0.102 
/home/antonkov/masterWork/tests/samePrefixMarkedMtx/depth3/node1/test1_3.mtx 2.1 239.073 0.00464906 0.0714286 
/home/antonkov/masterWork/tests/samePrefixMarkedMtx/depth3/node1/test1_3.mtx 2.2 304.286 0.00335069 0.0557895 
/home/antonkov/masterWork/tests/samePrefixMarkedMtx/depth3/node1/test1_3.mtx 2.3 425.095 0.00206424 0.0343333 
/home/antonkov/masterWork/tests/samePrefixMarkedMtx/depth3/node1/test1_3.mtx 2.4 525.453 0.00131858 0.02525 
/home/antonkov/masterWork/tests/samePrefixMarkedMtx/depth3/node1/test1_3.mtx 2.5 666.536 0.000880051 0.0185455 
/home/antonkov/masterWork/tests/samePrefixMarkedMtx/depth3/node1/test1_3.mtx 2.6 823.112 0.000567593 0.0133333 
/home/antonkov/masterWork/tests/samePrefixMarkedMtx/depth3/node1/test1_3.mtx 2.7 1129.15 0.000301395 0.00900901 
/home/antonkov/masterWork/tests/samePrefixMarkedMtx/depth3/node1/test1_3.mtx 2.8 1357.51 0.000177834 0.00682432 
/home/antonkov/masterWork/tests/samePrefixMarkedMtx/depth3/node1/test1_3.mtx 2.9 1538.99 0.000109005 0.00551913 
/home/antonkov/masterWork/tests/samePrefixMarkedMtx/depth3/node1/test1_3.mtx 3 1804.24 7.84662e-05 0.00436681 
/home/antonkov/masterWork/tests/samePrefixMarkedMtx/depth3/node1/test1_3.mtx 3.1 1738.88 7.20595e-05 0.0041841 
/home/antonkov/masterWork/tests/samePrefixMarkedMtx/depth3/node1/test1_3.mtx 3.2 2064.33 5.34406e-05 0.00325733 
/home/antonkov/masterWork/tests/samePrefixMarkedMtx/depth3/node1/test1_3.mtx 3.3 2297.41 4.69322e-05 0.00274725 
/home/antonkov/masterWork/tests/samePrefixMarkedMtx/depth3/node1/test1_3.mtx 3.4 2535.64 2.45311e-05 0.00232019 
/home/antonkov/masterWork/tests/samePrefixMarkedMtx/depth3/node1/test1_3.mtx 3.5 2814.82 2.22386e-05 0.00198428 
/home/antonkov/masterWork/tests/samePrefixMarkedMtx/depth3/node1/test1_4.mtx 1 112.36 0.0794618 0.8 
/home/antonkov/masterWork/tests/samePrefixMarkedMtx/depth3/node1/test1_4.mtx 1.1 105.569 0.068342 0.715 
/home/antonkov/masterWork/tests/samePrefixMarkedMtx/depth3/node1/test1_4.mtx 1.2 97.0852 0.0596875 0.635 
/home/antonkov/masterWork/tests/samePrefixMarkedMtx/depth3/node1/test1_4.mtx 1.3 91.8019 0.0506944 0.565 
/home/antonkov/masterWork/tests/samePrefixMarkedMtx/depth3/node1/test1_4.mtx 1.4 85.9166 0.0436198 0.5 
/home/antonkov/masterWork/tests/samePrefixMarkedMtx/depth3/node1/test1_4.mtx 1.5 109.962 0.0325868 0.386667 
/home/antonkov/masterWork/tests/samePrefixMarkedMtx/depth3/node1/test1_4.mtx 1.6 121.368 0.0240582 0.295 
/home/antonkov/masterWork/tests/samePrefixMarkedMtx/depth3/node1/test1_4.mtx 1.7 134.811 0.0189687 0.226 
/home/antonkov/masterWork/tests/samePrefixMarkedMtx/depth3/node1/test1_4.mtx 1.8 140.964 0.0137355 0.17 
/home/antonkov/masterWork/tests/samePrefixMarkedMtx/depth3/node1/test1_4.mtx 1.9 190.105 0.0104745 0.13 
/home/antonkov/masterWork/tests/samePrefixMarkedMtx/depth3/node1/test1_4.mtx 2 208.246 0.00722222 0.0909091 
/home/antonkov/masterWork/tests/samePrefixMarkedMtx/depth3/node1/test1_4.mtx 2.1 282.53 0.00462725 0.0605882 
/home/antonkov/masterWork/tests/samePrefixMarkedMtx/depth3/node1/test1_4.mtx 2.2 381.97 0.00295339 0.0403846 
/home/antonkov/masterWork/tests/samePrefixMarkedMtx/depth3/node1/test1_4.mtx 2.3 506.376 0.0020397 0.0272973 
/home/antonkov/masterWork/tests/samePrefixMarkedMtx/depth3/node1/test1_4.mtx 2.4 792.56 0.00110204 0.0150746 
/home/antonkov/masterWork/tests/samePrefixMarkedMtx/depth3/node1/test1_4.mtx 2.5 1268.07 0.00055875 0.008 
/home/antonkov/masterWork/tests/samePrefixMarkedMtx/depth3/node1/test1_4.mtx 2.6 1964.27 0.00032018 0.00460829 
/home/antonkov/masterWork/tests/samePrefixMarkedMtx/depth3/node1/test1_4.mtx 2.7 2695.09 0.000191883 0.00291545 
/home/antonkov/masterWork/tests/samePrefixMarkedMtx/depth3/node1/test1_4.mtx 2.8 4380.77 0.00010544 0.0015949 
/home/antonkov/masterWork/tests/samePrefixMarkedMtx/depth3/node1/test1_4.mtx 2.9 6258.26 6.31712e-05 0.00101215 
/home/antonkov/masterWork/tests/samePrefixMarkedMtx/depth3/node1/test1_4.mtx 3 12407.5 2.6874e-05 0.000456621 
/home/antonkov/masterWork/tests/samePrefixMarkedMtx/depth3/node1/test1_4.mtx 3.1 0 -1 -1 
/home/antonkov/masterWork/tests/samePrefixMarkedMtx/depth3/node1/test1_4.mtx 3.2 0 -1 -1 
/home/antonkov/masterWork/tests/samePrefixMarkedMtx/depth3/node1/test1_4.mtx 3.3 0 -1 -1 
/home/antonkov/masterWork/tests/samePrefixMarkedMtx/depth3/node1/test1_4.mtx 3.4 0 -1 -1 
/home/antonkov/masterWork/tests/samePrefixMarkedMtx/depth3/node1/test1_4.mtx 3.5 0 -1 -1 
/home/antonkov/masterWork/tests/samePrefixMarkedMtx/depth3/node1/test2_0.mtx 1 113.637 0.0773177 0.77 
/home/antonkov/masterWork/tests/samePrefixMarkedMtx/depth3/node1/test2_0.mtx 1.1 106.422 0.0687934 0.71 
/home/antonkov/masterWork/tests/samePrefixMarkedMtx/depth3/node1/test2_0.mtx 1.2 98.7487 0.0595833 0.635 
/home/antonkov/masterWork/tests/samePrefixMarkedMtx/depth3/node1/test2_0.mtx 1.3 94.1193 0.0493663 0.56 
/home/antonkov/masterWork/tests/samePrefixMarkedMtx/depth3/node1/test2_0.mtx 1.4 121.246 0.0411748 0.45 
/home/antonkov/masterWork/tests/samePrefixMarkedMtx/depth3/node1/test2_0.mtx 1.5 110.325 0.0335012 0.373333 
/home/antonkov/masterWork/tests/samePrefixMarkedMtx/depth3/node1/test2_0.mtx 1.6 136.715 0.0277604 0.3125 
/home/antonkov/masterWork/tests/samePrefixMarkedMtx/depth3/node1/test2_0.mtx 1.7 142.715 0.0199063 0.23 
/home/antonkov/masterWork/tests/samePrefixMarkedMtx/depth3/node1/test2_0.mtx 1.8 155.726 0.0169387 0.196667 
/home/antonkov/masterWork/tests/samePrefixMarkedMtx/depth3/node1/test2_0.mtx 1.9 189.007 0.0109831 0.13125 
/home/antonkov/masterWork/tests/samePrefixMarkedMtx/depth3/node1/test2_0.mtx 2 216.074 0.00793403 0.0927273 
/home/antonkov/masterWork/tests/samePrefixMarkedMtx/depth3/node1/test2_0.mtx 2.1 260.383 0.00553009 0.068 
/home/antonkov/masterWork/tests/samePrefixMarkedMtx/depth3/node1/test2_0.mtx 2.2 359.521 0.0035394 0.046087 
/home/antonkov/masterWork/tests/samePrefixMarkedMtx/depth3/node1/test2_0.mtx 2.3 520.831 0.00220533 0.0289189 
/home/antonkov/masterWork/tests/samePrefixMarkedMtx/depth3/node1/test2_0.mtx 2.4 682.663 0.00131944 0.0181818 
/home/antonkov/masterWork/tests/samePrefixMarkedMtx/depth3/node1/test2_0.mtx 2.5 867.342 0.000905894 0.0128205 
/home/antonkov/masterWork/tests/samePrefixMarkedMtx/depth3/node1/test2_0.mtx 2.6 1568.04 0.000429793 0.00615854 
/home/antonkov/masterWork/tests/samePrefixMarkedMtx/depth3/node1/test2_0.mtx 2.7 2241.29 0.000267084 0.00380228 
/home/antonkov/masterWork/tests/samePrefixMarkedMtx/depth3/node1/test2_0.mtx 2.8 3398.23 0.00014782 0.00221729 
/home/antonkov/masterWork/tests/samePrefixMarkedMtx/depth3/node1/test2_0.mtx 2.9 6468.1 6.74143e-05 0.00100806 
/home/antonkov/masterWork/tests/samePrefixMarkedMtx/depth3/node1/test2_0.mtx 3 9338.15 4.29064e-05 0.000635324 
/home/antonkov/masterWork/tests/samePrefixMarkedMtx/depth3/node1/test2_0.mtx 3.1 0 -1 -1 
/home/antonkov/masterWork/tests/samePrefixMarkedMtx/depth3/node1/test2_0.mtx 3.2 0 -1 -1 
/home/antonkov/masterWork/tests/samePrefixMarkedMtx/depth3/node1/test2_0.mtx 3.3 0 -1 -1 
/home/antonkov/masterWork/tests/samePrefixMarkedMtx/depth3/node1/test2_0.mtx 3.4 0 -1 -1 
/home/antonkov/masterWork/tests/samePrefixMarkedMtx/depth3/node1/test2_0.mtx 3.5 0 -1 -1 
/home/antonkov/masterWork/tests/samePrefixMarkedMtx/depth3/node1/test2_1.mtx 1 112.702 0.0781771 0.76 
/home/antonkov/masterWork/tests/samePrefixMarkedMtx/depth3/node1/test2_1.mtx 1.1 102.765 0.0690712 0.695 
/home/antonkov/masterWork/tests/samePrefixMarkedMtx/depth3/node1/test2_1.mtx 1.2 97.8012 0.0613802 0.64 
/home/antonkov/masterWork/tests/samePrefixMarkedMtx/depth3/node1/test2_1.mtx 1.3 94.536 0.0517448 0.545 
/home/antonkov/masterWork/tests/samePrefixMarkedMtx/depth3/node1/test2_1.mtx 1.4 121.749 0.041088 0.453333 
/home/antonkov/masterWork/tests/samePrefixMarkedMtx/depth3/node1/test2_1.mtx 1.5 112.737 0.0341667 0.383333 
/home/antonkov/masterWork/tests/samePrefixMarkedMtx/depth3/node1/test2_1.mtx 1.6 129.749 0.0253255 0.3025 
/home/antonkov/masterWork/tests/samePrefixMarkedMtx/depth3/node1/test2_1.mtx 1.7 138.777 0.0176736 0.212 
/home/antonkov/masterWork/tests/samePrefixMarkedMtx/depth3/node1/test2_1.mtx 1.8 172.102 0.014442 0.175714 
/home/antonkov/masterWork/tests/samePrefixMarkedMtx/depth3/node1/test2_1.mtx 1.9 195.536 0.0102353 0.127778 
/home/antonkov/masterWork/tests/samePrefixMarkedMtx/depth3/node1/test2_1.mtx 2 236.52 0.00735098 0.09 
/home/antonkov/masterWork/tests/samePrefixMarkedMtx/depth3/node1/test2_1.mtx 2.1 274.411 0.00494358 0.06375 
/home/antonkov/masterWork/tests/samePrefixMarkedMtx/depth3/node1/test2_1.mtx 2.2 368.782 0.00320891 0.0425 
/home/antonkov/masterWork/tests/samePrefixMarkedMtx/depth3/node1/test2_1.mtx 2.3 494.356 0.00208474 0.0278378 
/home/antonkov/masterWork/tests/samePrefixMarkedMtx/depth3/node1/test2_1.mtx 2.4 761.068 0.00111844 0.01625 
/home/antonkov/masterWork/tests/samePrefixMarkedMtx/depth3/node1/test2_1.mtx 2.5 1164.67 0.000672464 0.0093578 
/home/antonkov/masterWork/tests/samePrefixMarkedMtx/depth3/node1/test2_1.mtx 2.6 1623.01 0.000404483 0.00584795 
/home/antonkov/masterWork/tests/samePrefixMarkedMtx/depth3/node1/test2_1.mtx 2.7 2378.37 0.000272844 0.00350877 
/home/antonkov/masterWork/tests/samePrefixMarkedMtx/depth3/node1/test2_1.mtx 2.8 4100.69 0.000128081 0.00178891 
/home/antonkov/masterWork/tests/samePrefixMarkedMtx/depth3/node1/test2_1.mtx 2.9 5867.88 7.09232e-05 0.00110619 
/home/antonkov/masterWork/tests/samePrefixMarkedMtx/depth3/node1/test2_1.mtx 3 10780.9 3.2661e-05 0.000539665 
/home/antonkov/masterWork/tests/samePrefixMarkedMtx/depth3/node1/test2_1.mtx 3.1 0 -1 -1 
/home/antonkov/masterWork/tests/samePrefixMarkedMtx/depth3/node1/test2_1.mtx 3.2 0 -1 -1 
/home/antonkov/masterWork/tests/samePrefixMarkedMtx/depth3/node1/test2_1.mtx 3.3 0 -1 -1 
/home/antonkov/masterWork/tests/samePrefixMarkedMtx/depth3/node1/test2_1.mtx 3.4 0 -1 -1 
/home/antonkov/masterWork/tests/samePrefixMarkedMtx/depth3/node1/test2_1.mtx 3.5 0 -1 -1 
/home/antonkov/masterWork/tests/samePrefixMarkedMtx/depth3/node1/test2_2.mtx 1 111.543 0.0766233 0.755 
/home/antonkov/masterWork/tests/samePrefixMarkedMtx/depth3/node1/test2_2.mtx 1.1 107.788 0.0692274 0.695 
/home/antonkov/masterWork/tests/samePrefixMarkedMtx/depth3/node1/test2_2.mtx 1.2 94.8013 0.0599566 0.63 
/home/antonkov/masterWork/tests/samePrefixMarkedMtx/depth3/node1/test2_2.mtx 1.3 96.1032 0.0515451 0.535 
/home/antonkov/masterWork/tests/samePrefixMarkedMtx/depth3/node1/test2_2.mtx 1.4 123.664 0.0434491 0.49 
/home/antonkov/masterWork/tests/samePrefixMarkedMtx/depth3/node1/test2_2.mtx 1.5 116.274 0.0363657 0.436667 
/home/antonkov/masterWork/tests/samePrefixMarkedMtx/depth3/node1/test2_2.mtx 1.6 108.806 0.0273264 0.333333 
/home/antonkov/masterWork/tests/samePrefixMarkedMtx/depth3/node1/test2_2.mtx 1.7 118.861 0.0207726 0.25 
/home/antonkov/masterWork/tests/samePrefixMarkedMtx/depth3/node1/test2_2.mtx 1.8 154.967 0.0161921 0.196667 
/home/antonkov/masterWork/tests/samePrefixMarkedMtx/depth3/node1/test2_2.mtx 1.9 166.133 0.0114658 0.147143 
/home/antonkov/masterWork/tests/samePrefixMarkedMtx/depth3/node1/test2_2.mtx 2 209.57 0.00818576 0.108 
/home/antonkov/masterWork/tests/samePrefixMarkedMtx/depth3/node1/test2_2.mtx 2.1 283.344 0.00484267 0.063125 
/home/antonkov/masterWork/tests/samePrefixMarkedMtx/depth3/node1/test2_2.mtx 2.2 350.617 0.00326389 0.0443478 
/home/antonkov/masterWork/tests/samePrefixMarkedMtx/depth3/node1/test2_2.mtx 2.3 499.743 0.00195795 0.0277778 
/home/antonkov/masterWork/tests/samePrefixMarkedMtx/depth3/node1/test2_2.mtx 2.4 642.27 0.00129289 0.0196078 
/home/antonkov/masterWork/tests/samePrefixMarkedMtx/depth3/node1/test2_2.mtx 2.5 977.814 0.000690054 0.0114943 
/home/antonkov/masterWork/tests/samePrefixMarkedMtx/depth3/node1/test2_2.mtx 2.6 1269.79 0.000459306 0.008 
/home/antonkov/masterWork/tests/samePrefixMarkedMtx/depth3/node1/test2_2.mtx 2.7 1698.08 0.000267565 0.00534759 
/home/antonkov/masterWork/tests/samePrefixMarkedMtx/depth3/node1/test2_2.mtx 2.8 2217.88 0.000178743 0.00364964 
/home/antonkov/masterWork/tests/samePrefixMarkedMtx/depth3/node1/test2_2.mtx 2.9 3347.6 8.97733e-05 0.00213675 
/home/antonkov/masterWork/tests/samePrefixMarkedMtx/depth3/node1/test2_2.mtx 3 4700.44 4.29384e-05 0.00137174 
/home/antonkov/masterWork/tests/samePrefixMarkedMtx/depth3/node1/test2_2.mtx 3.1 6750.38 2.22575e-05 0.000859845 
/home/antonkov/masterWork/tests/samePrefixMarkedMtx/depth3/node1/test2_2.mtx 3.2 0 -1 -1 
/home/antonkov/masterWork/tests/samePrefixMarkedMtx/depth3/node1/test2_2.mtx 3.3 0 -1 -1 
/home/antonkov/masterWork/tests/samePrefixMarkedMtx/depth3/node1/test2_2.mtx 3.4 0 -1 -1 
/home/antonkov/masterWork/tests/samePrefixMarkedMtx/depth3/node1/test2_2.mtx 3.5 0 -1 -1 
/home/antonkov/masterWork/tests/samePrefixMarkedMtx/depth3/node1/test2_3.mtx 1 114.961 0.0781684 0.78 
/home/antonkov/masterWork/tests/samePrefixMarkedMtx/depth3/node1/test2_3.mtx 1.1 105.095 0.0701476 0.7 
/home/antonkov/masterWork/tests/samePrefixMarkedMtx/depth3/node1/test2_3.mtx 1.2 98.2592 0.0609809 0.64 
/home/antonkov/masterWork/tests/samePrefixMarkedMtx/depth3/node1/test2_3.mtx 1.3 93.8442 0.0525 0.575 
/home/antonkov/masterWork/tests/samePrefixMarkedMtx/depth3/node1/test2_3.mtx 1.4 126.733 0.0424769 0.49 
/home/antonkov/masterWork/tests/samePrefixMarkedMtx/depth3/node1/test2_3.mtx 1.5 113.125 0.034838 0.403333 
/home/antonkov/masterWork/tests/samePrefixMarkedMtx/depth3/node1/test2_3.mtx 1.6 108.366 0.0286111 0.346667 
/home/antonkov/masterWork/tests/samePrefixMarkedMtx/depth3/node1/test2_3.mtx 1.7 123.852 0.0206467 0.255 
/home/antonkov/masterWork/tests/samePrefixMarkedMtx/depth3/node1/test2_3.mtx 1.8 155.629 0.0147483 0.183333 
/home/antonkov/masterWork/tests/samePrefixMarkedMtx/depth3/node1/test2_3.mtx 1.9 183.371 0.0101953 0.13 
/home/antonkov/masterWork/tests/samePrefixMarkedMtx/depth3/node1/test2_3.mtx 2 223.241 0.00752999 0.0945455 
/home/antonkov/masterWork/tests/samePrefixMarkedMtx/depth3/node1/test2_3.mtx 2.1 269.286 0.00546759 0.0686667 
/home/antonkov/masterWork/tests/samePrefixMarkedMtx/depth3/node1/test2_3.mtx 2.2 345.706 0.00361772 0.0485714 
/home/antonkov/masterWork/tests/samePrefixMarkedMtx/depth3/node1/test2_3.mtx 2.3 474.211 0.0022359 0.0306061 
/home/antonkov/masterWork/tests/samePrefixMarkedMtx/depth3/node1/test2_3.mtx 2.4 734.236 0.00119821 0.0169492 
/home/antonkov/masterWork/tests/samePrefixMarkedMtx/depth3/node1/test2_3.mtx 2.5 1147.14 0.000665398 0.00980769 
/home/antonkov/masterWork/tests/samePrefixMarkedMtx/depth3/node1/test2_3.mtx 2.6 1470.17 0.000455995 0.00680272 
/home/antonkov/masterWork/tests/samePrefixMarkedMtx/depth3/node1/test2_3.mtx 2.7 2241.2 0.000246286 0.00391473 
/home/antonkov/masterWork/tests/samePrefixMarkedMtx/depth3/node1/test2_3.mtx 2.8 3510.46 0.000141007 0.00217865 
/home/antonkov/masterWork/tests/samePrefixMarkedMtx/depth3/node1/test2_3.mtx 2.9 5055.49 8.36533e-05 0.00136856 
/home/antonkov/masterWork/tests/samePrefixMarkedMtx/depth3/node1/test2_3.mtx 3 8219.54 4.51727e-05 0.000749625 
/home/antonkov/masterWork/tests/samePrefixMarkedMtx/depth3/node1/test2_3.mtx 3.1 0 -1 -1 
/home/antonkov/masterWork/tests/samePrefixMarkedMtx/depth3/node1/test2_3.mtx 3.2 0 -1 -1 
/home/antonkov/masterWork/tests/samePrefixMarkedMtx/depth3/node1/test2_3.mtx 3.3 0 -1 -1 
/home/antonkov/masterWork/tests/samePrefixMarkedMtx/depth3/node1/test2_3.mtx 3.4 0 -1 -1 
/home/antonkov/masterWork/tests/samePrefixMarkedMtx/depth3/node1/test2_3.mtx 3.5 0 -1 -1 
/home/antonkov/masterWork/tests/samePrefixMarkedMtx/depth3/node1/test2_4.mtx 1 116.775 0.0826302 0.83 
/home/antonkov/masterWork/tests/samePrefixMarkedMtx/depth3/node1/test2_4.mtx 1.1 114.432 0.0722049 0.755 
/home/antonkov/masterWork/tests/samePrefixMarkedMtx/depth3/node1/test2_4.mtx 1.2 98.7474 0.0598351 0.635 
/home/antonkov/masterWork/tests/samePrefixMarkedMtx/depth3/node1/test2_4.mtx 1.3 95.5894 0.0508247 0.555 
/home/antonkov/masterWork/tests/samePrefixMarkedMtx/depth3/node1/test2_4.mtx 1.4 122.537 0.04125 0.453333 
/home/antonkov/masterWork/tests/samePrefixMarkedMtx/depth3/node1/test2_4.mtx 1.5 111.819 0.0342303 0.376667 
/home/antonkov/masterWork/tests/samePrefixMarkedMtx/depth3/node1/test2_4.mtx 1.6 124.919 0.02625 0.3 
/home/antonkov/masterWork/tests/samePrefixMarkedMtx/depth3/node1/test2_4.mtx 1.7 142.216 0.0195069 0.224 
/home/antonkov/masterWork/tests/samePrefixMarkedMtx/depth3/node1/test2_4.mtx 1.8 157.786 0.0160937 0.193333 
/home/antonkov/masterWork/tests/samePrefixMarkedMtx/depth3/node1/test2_4.mtx 1.9 170.696 0.010625 0.12875 
/home/antonkov/masterWork/tests/samePrefixMarkedMtx/depth3/node1/test2_4.mtx 2 209.204 0.00758365 0.0936364 
/home/antonkov/masterWork/tests/samePrefixMarkedMtx/depth3/node1/test2_4.mtx 2.1 266.423 0.00531019 0.0673333 
/home/antonkov/masterWork/tests/samePrefixMarkedMtx/depth3/node1/test2_4.mtx 2.2 381.846 0.00320556 0.0404 
/home/antonkov/masterWork/tests/samePrefixMarkedMtx/depth3/node1/test2_4.mtx 2.3 491.516 0.00213252 0.0277778 
/home/antonkov/masterWork/tests/samePrefixMarkedMtx/depth3/node1/test2_4.mtx 2.4 645.323 0.00148705 0.0194231 
/home/antonkov/masterWork/tests/samePrefixMarkedMtx/depth3/node1/test2_4.mtx 2.5 946.366 0.000862201 0.0117442 
/home/antonkov/masterWork/tests/samePrefixMarkedMtx/depth3/node1/test2_4.mtx 2.6 1345.52 0.000520833 0.00719424 
/home/antonkov/masterWork/tests/samePrefixMarkedMtx/depth3/node1/test2_4.mtx 2.7 2264.36 0.000266612 0.00371747 
/home/antonkov/masterWork/tests/samePrefixMarkedMtx/depth3/node1/test2_4.mtx 2.8 3149.45 0.000154393 0.00232558 
/home/antonkov/masterWork/tests/samePrefixMarkedMtx/depth3/node1/test2_4.mtx 2.9 4846.77 9.22672e-05 0.00133869 
/home/antonkov/masterWork/tests/samePrefixMarkedMtx/depth3/node1/test2_4.mtx 3 9791.29 3.83653e-05 0.000592768 
/home/antonkov/masterWork/tests/samePrefixMarkedMtx/depth3/node1/test2_4.mtx 3.1 0 -1 -1 
/home/antonkov/masterWork/tests/samePrefixMarkedMtx/depth3/node1/test2_4.mtx 3.2 0 -1 -1 
/home/antonkov/masterWork/tests/samePrefixMarkedMtx/depth3/node1/test2_4.mtx 3.3 0 -1 -1 
/home/antonkov/masterWork/tests/samePrefixMarkedMtx/depth3/node1/test2_4.mtx 3.4 0 -1 -1 
/home/antonkov/masterWork/tests/samePrefixMarkedMtx/depth3/node1/test2_4.mtx 3.5 0 -1 -1 
/home/antonkov/masterWork/tests/samePrefixMarkedMtx/depth3/node1/test3_0.mtx 1 126.903 0.0786285 0.795 
/home/antonkov/masterWork/tests/samePrefixMarkedMtx/depth3/node1/test3_0.mtx 1.1 120.078 0.0728125 0.75 
/home/antonkov/masterWork/tests/samePrefixMarkedMtx/depth3/node1/test3_0.mtx 1.2 111.049 0.0635938 0.695 
/home/antonkov/masterWork/tests/samePrefixMarkedMtx/depth3/node1/test3_0.mtx 1.3 105.595 0.0528993 0.6 
/home/antonkov/masterWork/tests/samePrefixMarkedMtx/depth3/node1/test3_0.mtx 1.4 97.7304 0.0457031 0.53 
/home/antonkov/masterWork/tests/samePrefixMarkedMtx/depth3/node1/test3_0.mtx 1.5 129.715 0.0348958 0.403333 
/home/antonkov/masterWork/tests/samePrefixMarkedMtx/depth3/node1/test3_0.mtx 1.6 147.479 0.0275738 0.3225 
/home/antonkov/masterWork/tests/samePrefixMarkedMtx/depth3/node1/test3_0.mtx 1.7 133.27 0.0221615 0.255 
/home/antonkov/masterWork/tests/samePrefixMarkedMtx/depth3/node1/test3_0.mtx 1.8 147.101 0.0166146 0.208 
/home/antonkov/masterWork/tests/samePrefixMarkedMtx/depth3/node1/test3_0.mtx 1.9 162.137 0.0131047 0.171667 
/home/antonkov/masterWork/tests/samePrefixMarkedMtx/depth3/node1/test3_0.mtx 2 201.011 0.00896412 0.118889 
/home/antonkov/masterWork/tests/samePrefixMarkedMtx/depth3/node1/test3_0.mtx 2.1 247.169 0.00612992 0.0833333 
/home/antonkov/masterWork/tests/samePrefixMarkedMtx/depth3/node1/test3_0.mtx 2.2 329.127 0.0039892 0.0566667 
/home/antonkov/masterWork/tests/samePrefixMarkedMtx/depth3/node1/test3_0.mtx 2.3 444.061 0.00235987 0.0364286 
/home/antonkov/masterWork/tests/samePrefixMarkedMtx/depth3/node1/test3_0.mtx 2.4 615.396 0.00141594 0.0234884 
/home/antonkov/masterWork/tests/samePrefixMarkedMtx/depth3/node1/test3_0.mtx 2.5 956.004 0.000849306 0.0134667 
/home/antonkov/masterWork/tests/samePrefixMarkedMtx/depth3/node1/test3_0.mtx 2.6 1223.09 0.000542695 0.00925926 
/home/antonkov/masterWork/tests/samePrefixMarkedMtx/depth3/node1/test3_0.mtx 2.7 1497.31 0.000378831 0.00689655 
/home/antonkov/masterWork/tests/samePrefixMarkedMtx/depth3/node1/test3_0.mtx 2.8 2380.02 0.000171473 0.00373134 
/home/antonkov/masterWork/tests/samePrefixMarkedMtx/depth3/node1/test3_0.mtx 2.9 3049.97 0.000104483 0.00263021 
/home/antonkov/masterWork/tests/samePrefixMarkedMtx/depth3/node1/test3_0.mtx 3 3908.8 5.98593e-05 0.00182815 
/home/antonkov/masterWork/tests/samePrefixMarkedMtx/depth3/node1/test3_0.mtx 3.1 5748.6 3.34105e-05 0.00111111 
/home/antonkov/masterWork/tests/samePrefixMarkedMtx/depth3/node1/test3_0.mtx 3.2 7354.67 1.83611e-05 0.0008 
/home/antonkov/masterWork/tests/samePrefixMarkedMtx/depth3/node1/test3_0.mtx 3.3 0 -1 -1 
/home/antonkov/masterWork/tests/samePrefixMarkedMtx/depth3/node1/test3_0.mtx 3.4 0 -1 -1 
/home/antonkov/masterWork/tests/samePrefixMarkedMtx/depth3/node1/test3_0.mtx 3.5 0 -1 -1 
/home/antonkov/masterWork/tests/samePrefixMarkedMtx/depth3/node1/test3_1.mtx 1 125.932 0.0838368 0.825 
/home/antonkov/masterWork/tests/samePrefixMarkedMtx/depth3/node1/test3_1.mtx 1.1 116.92 0.0727517 0.725 
/home/antonkov/masterWork/tests/samePrefixMarkedMtx/depth3/node1/test3_1.mtx 1.2 109.354 0.0648611 0.68 
/home/antonkov/masterWork/tests/samePrefixMarkedMtx/depth3/node1/test3_1.mtx 1.3 103.728 0.0519705 0.555 
/home/antonkov/masterWork/tests/samePrefixMarkedMtx/depth3/node1/test3_1.mtx 1.4 130.341 0.0449653 0.5 
/home/antonkov/masterWork/tests/samePrefixMarkedMtx/depth3/node1/test3_1.mtx 1.5 126.087 0.0371065 0.42 
/home/antonkov/masterWork/tests/samePrefixMarkedMtx/depth3/node1/test3_1.mtx 1.6 143.941 0.0282161 0.3325 
/home/antonkov/masterWork/tests/samePrefixMarkedMtx/depth3/node1/test3_1.mtx 1.7 152.763 0.0215208 0.248 
/home/antonkov/masterWork/tests/samePrefixMarkedMtx/depth3/node1/test3_1.mtx 1.8 167.549 0.0169878 0.198333 
/home/antonkov/masterWork/tests/samePrefixMarkedMtx/depth3/node1/test3_1.mtx 1.9 178.707 0.0134598 0.16 
/home/antonkov/masterWork/tests/samePrefixMarkedMtx/depth3/node1/test3_1.mtx 2 206.522 0.00923997 0.115556 
/home/antonkov/masterWork/tests/samePrefixMarkedMtx/depth3/node1/test3_1.mtx 2.1 259.39 0.00634882 0.0823077 
/home/antonkov/masterWork/tests/samePrefixMarkedMtx/depth3/node1/test3_1.mtx 2.2 331.539 0.00402412 0.0536842 
/home/antonkov/masterWork/tests/samePrefixMarkedMtx/depth3/node1/test3_1.mtx 2.3 439.743 0.00271219 0.0385185 
/home/antonkov/masterWork/tests/samePrefixMarkedMtx/depth3/node1/test3_1.mtx 2.4 623.79 0.00153511 0.0226667 
/home/antonkov/masterWork/tests/samePrefixMarkedMtx/depth3/node1/test3_1.mtx 2.5 971.436 0.000913239 0.0128205 
/home/antonkov/masterWork/tests/samePrefixMarkedMtx/depth3/node1/test3_1.mtx 2.6 1350.47 0.000494722 0.008 
/home/antonkov/masterWork/tests/samePrefixMarkedMtx/depth3/node1/test3_1.mtx 2.7 1968.12 0.000260838 0.00485437 
/home/antonkov/masterWork/tests/samePrefixMarkedMtx/depth3/node1/test3_1.mtx 2.8 2537.12 0.000174368 0.00338926 
/home/antonkov/masterWork/tests/samePrefixMarkedMtx/depth3/node1/test3_1.mtx 2.9 3571.26 9.89907e-05 0.00207039 
/home/antonkov/masterWork/tests/samePrefixMarkedMtx/depth3/node1/test3_1.mtx 3 5402.22 4.35185e-05 0.00121212 
/home/antonkov/masterWork/tests/samePrefixMarkedMtx/depth3/node1/test3_1.mtx 3.1 6582.72 3.02159e-05 0.000910747 
/home/antonkov/masterWork/tests/samePrefixMarkedMtx/depth3/node1/test3_1.mtx 3.2 0 -1 -1 
/home/antonkov/masterWork/tests/samePrefixMarkedMtx/depth3/node1/test3_1.mtx 3.3 0 -1 -1 
/home/antonkov/masterWork/tests/samePrefixMarkedMtx/depth3/node1/test3_1.mtx 3.4 0 -1 -1 
/home/antonkov/masterWork/tests/samePrefixMarkedMtx/depth3/node1/test3_1.mtx 3.5 0 -1 -1 
/home/antonkov/masterWork/tests/samePrefixMarkedMtx/depth3/node1/test3_2.mtx 1 123.318 0.0830642 0.81 
/home/antonkov/masterWork/tests/samePrefixMarkedMtx/depth3/node1/test3_2.mtx 1.1 117.224 0.0739496 0.73 
/home/antonkov/masterWork/tests/samePrefixMarkedMtx/depth3/node1/test3_2.mtx 1.2 108.049 0.0660069 0.69 
/home/antonkov/masterWork/tests/samePrefixMarkedMtx/depth3/node1/test3_2.mtx 1.3 103.566 0.0582205 0.63 
/home/antonkov/masterWork/tests/samePrefixMarkedMtx/depth3/node1/test3_2.mtx 1.4 97.8966 0.0467795 0.52 
/home/antonkov/masterWork/tests/samePrefixMarkedMtx/depth3/node1/test3_2.mtx 1.5 124.609 0.0373785 0.44 
/home/antonkov/masterWork/tests/samePrefixMarkedMtx/depth3/node1/test3_2.mtx 1.6 118.752 0.028669 0.34 
/home/antonkov/masterWork/tests/samePrefixMarkedMtx/depth3/node1/test3_2.mtx 1.7 135.382 0.0218924 0.27 
/home/antonkov/masterWork/tests/samePrefixMarkedMtx/depth3/node1/test3_2.mtx 1.8 137.735 0.0162222 0.2 
/home/antonkov/masterWork/tests/samePrefixMarkedMtx/depth3/node1/test3_2.mtx 1.9 167.71 0.0125322 0.154286 
/home/antonkov/masterWork/tests/samePrefixMarkedMtx/depth3/node1/test3_2.mtx 2 222.276 0.00858681 0.107 
/home/antonkov/masterWork/tests/samePrefixMarkedMtx/depth3/node1/test3_2.mtx 2.1 271.821 0.00621032 0.0735714 
/home/antonkov/masterWork/tests/samePrefixMarkedMtx/depth3/node1/test3_2.mtx 2.2 349.937 0.00404601 0.051 
/home/antonkov/masterWork/tests/samePrefixMarkedMtx/depth3/node1/test3_2.mtx 2.3 488.371 0.00252984 0.031875 
/home/antonkov/masterWork/tests/samePrefixMarkedMtx/depth3/node1/test3_2.mtx 2.4 741.685 0.0014159 0.0185185 
/home/antonkov/masterWork/tests/samePrefixMarkedMtx/depth3/node1/test3_2.mtx 2.5 926.397 0.000969876 0.0135135 
/home/antonkov/masterWork/tests/samePrefixMarkedMtx/depth3/node1/test3_2.mtx 2.6 1454.08 0.000549337 0.00746269 
/home/antonkov/masterWork/tests/samePrefixMarkedMtx/depth3/node1/test3_2.mtx 2.7 2091.54 0.000301804 0.00446429 
/home/antonkov/masterWork/tests/samePrefixMarkedMtx/depth3/node1/test3_2.mtx 2.8 3885.19 0.000133857 0.00207039 
/home/antonkov/masterWork/tests/samePrefixMarkedMtx/depth3/node1/test3_2.mtx 2.9 5825.77 8.57258e-05 0.00121951 
/home/antonkov/masterWork/tests/samePrefixMarkedMtx/depth3/node1/test3_2.mtx 3 10396.6 3.82576e-05 0.000606061 
/home/antonkov/masterWork/tests/samePrefixMarkedMtx/depth3/node1/test3_2.mtx 3.1 0 -1 -1 
/home/antonkov/masterWork/tests/samePrefixMarkedMtx/depth3/node1/test3_2.mtx 3.2 0 -1 -1 
/home/antonkov/masterWork/tests/samePrefixMarkedMtx/depth3/node1/test3_2.mtx 3.3 0 -1 -1 
/home/antonkov/masterWork/tests/samePrefixMarkedMtx/depth3/node1/test3_2.mtx 3.4 0 -1 -1 
/home/antonkov/masterWork/tests/samePrefixMarkedMtx/depth3/node1/test3_2.mtx 3.5 0 -1 -1 
/home/antonkov/masterWork/tests/samePrefixMarkedMtx/depth3/node1/test3_3.mtx 1 126.029 0.0814757 0.805 
/home/antonkov/masterWork/tests/samePrefixMarkedMtx/depth3/node1/test3_3.mtx 1.1 114.433 0.0721354 0.73 
/home/antonkov/masterWork/tests/samePrefixMarkedMtx/depth3/node1/test3_3.mtx 1.2 103.978 0.0647569 0.675 
/home/antonkov/masterWork/tests/samePrefixMarkedMtx/depth3/node1/test3_3.mtx 1.3 100.262 0.0563628 0.595 
/home/antonkov/masterWork/tests/samePrefixMarkedMtx/depth3/node1/test3_3.mtx 1.4 101.503 0.0469878 0.53 
/home/antonkov/masterWork/tests/samePrefixMarkedMtx/depth3/node1/test3_3.mtx 1.5 128.693 0.038941 0.446667 
/home/antonkov/masterWork/tests/samePrefixMarkedMtx/depth3/node1/test3_3.mtx 1.6 117.815 0.0314294 0.376667 
/home/antonkov/masterWork/tests/samePrefixMarkedMtx/depth3/node1/test3_3.mtx 1.7 130.979 0.0232813 0.2675 
/home/antonkov/masterWork/tests/samePrefixMarkedMtx/depth3/node1/test3_3.mtx 1.8 145.914 0.0178437 0.21 
/home/antonkov/masterWork/tests/samePrefixMarkedMtx/depth3/node1/test3_3.mtx 1.9 158.619 0.0146209 0.178333 
/home/antonkov/masterWork/tests/samePrefixMarkedMtx/depth3/node1/test3_3.mtx 2 199.091 0.00979167 0.12 
/home/antonkov/masterWork/tests/samePrefixMarkedMtx/depth3/node1/test3_3.mtx 2.1 272.626 0.00616691 0.075 
/home/antonkov/masterWork/tests/samePrefixMarkedMtx/depth3/node1/test3_3.mtx 2.2 375.48 0.00380704 0.0485714 
/home/antonkov/masterWork/tests/samePrefixMarkedMtx/depth3/node1/test3_3.mtx 2.3 479.854 0.00263368 0.0346667 
/home/antonkov/masterWork/tests/samePrefixMarkedMtx/depth3/node1/test3_3.mtx 2.4 606.076 0.00160196 0.0227273 
/home/antonkov/masterWork/tests/samePrefixMarkedMtx/depth3/node1/test3_3.mtx 2.5 1019.61 0.000787657 0.0119048 
/home/antonkov/masterWork/tests/samePrefixMarkedMtx/depth3/node1/test3_3.mtx 2.6 1313.1 0.000483815 0.00826446 
/home/antonkov/masterWork/tests/samePrefixMarkedMtx/depth3/node1/test3_3.mtx 2.7 1958.63 0.000259658 0.00495146 
/home/antonkov/masterWork/tests/samePrefixMarkedMtx/depth3/node1/test3_3.mtx 2.8 2813.91 0.000149895 0.00297619 
/home/antonkov/masterWork/tests/samePrefixMarkedMtx/depth3/node1/test3_3.mtx 2.9 3858.06 6.94776e-05 0.0019084 
/home/antonkov/masterWork/tests/samePrefixMarkedMtx/depth3/node1/test3_3.mtx 3 5421.27 4.16835e-05 0.00121507 
/home/antonkov/masterWork/tests/samePrefixMarkedMtx/depth3/node1/test3_3.mtx 3.1 6727.03 2.21733e-05 0.000891266 
/home/antonkov/masterWork/tests/samePrefixMarkedMtx/depth3/node1/test3_3.mtx 3.2 0 -1 -1 
/home/antonkov/masterWork/tests/samePrefixMarkedMtx/depth3/node1/test3_3.mtx 3.3 0 -1 -1 
/home/antonkov/masterWork/tests/samePrefixMarkedMtx/depth3/node1/test3_3.mtx 3.4 0 -1 -1 
/home/antonkov/masterWork/tests/samePrefixMarkedMtx/depth3/node1/test3_3.mtx 3.5 0 -1 -1 
/home/antonkov/masterWork/tests/samePrefixMarkedMtx/depth3/node1/test3_4.mtx 1 125.799 0.0825347 0.825 
/home/antonkov/masterWork/tests/samePrefixMarkedMtx/depth3/node1/test3_4.mtx 1.1 120.327 0.0746615 0.77 
/home/antonkov/masterWork/tests/samePrefixMarkedMtx/depth3/node1/test3_4.mtx 1.2 111.376 0.0669444 0.7 
/home/antonkov/masterWork/tests/samePrefixMarkedMtx/depth3/node1/test3_4.mtx 1.3 107.353 0.0583594 0.635 
/home/antonkov/masterWork/tests/samePrefixMarkedMtx/depth3/node1/test3_4.mtx 1.4 101.524 0.0477778 0.535 
/home/antonkov/masterWork/tests/samePrefixMarkedMtx/depth3/node1/test3_4.mtx 1.5 130.428 0.0393866 0.456667 
/home/antonkov/masterWork/tests/samePrefixMarkedMtx/depth3/node1/test3_4.mtx 1.6 122.484 0.0299363 0.36 
/home/antonkov/masterWork/tests/samePrefixMarkedMtx/depth3/node1/test3_4.mtx 1.7 134.292 0.0220312 0.265 
/home/antonkov/masterWork/tests/samePrefixMarkedMtx/depth3/node1/test3_4.mtx 1.8 143.125 0.0169444 0.2 
/home/antonkov/masterWork/tests/samePrefixMarkedMtx/depth3/node1/test3_4.mtx 1.9 190.802 0.0131052 0.162857 
/home/antonkov/masterWork/tests/samePrefixMarkedMtx/depth3/node1/test3_4.mtx 2 210.475 0.00903356 0.112222 
/home/antonkov/masterWork/tests/samePrefixMarkedMtx/depth3/node1/test3_4.mtx 2.1 271.24 0.00550595 0.075 
/home/antonkov/masterWork/tests/samePrefixMarkedMtx/depth3/node1/test3_4.mtx 2.2 421.779 0.00306875 0.0408 
/home/antonkov/masterWork/tests/samePrefixMarkedMtx/depth3/node1/test3_4.mtx 2.3 579.794 0.00202622 0.0263158 
/home/antonkov/masterWork/tests/samePrefixMarkedMtx/depth3/node1/test3_4.mtx 2.4 743.288 0.00142586 0.0187037 
/home/antonkov/masterWork/tests/samePrefixMarkedMtx/depth3/node1/test3_4.mtx 2.5 1050.45 0.00091267 0.0116279 
/home/antonkov/masterWork/tests/samePrefixMarkedMtx/depth3/node1/test3_4.mtx 2.6 1583.34 0.000500093 0.00684564 
/home/antonkov/masterWork/tests/samePrefixMarkedMtx/depth3/node1/test3_4.mtx 2.7 2410.98 0.000266886 0.0038403 
/home/antonkov/masterWork/tests/samePrefixMarkedMtx/depth3/node1/test3_4.mtx 2.8 3212.16 0.00016192 0.00253165 
/home/antonkov/masterWork/tests/samePrefixMarkedMtx/depth3/node1/test3_4.mtx 2.9 5429.89 8.06466e-05 0.00128535 
/home/antonkov/masterWork/tests/samePrefixMarkedMtx/depth3/node1/test3_4.mtx 3 8192.56 4.19237e-05 0.00077101 
/home/antonkov/masterWork/tests/samePrefixMarkedMtx/depth3/node1/test3_4.mtx 3.1 0 -1 -1 
/home/antonkov/masterWork/tests/samePrefixMarkedMtx/depth3/node1/test3_4.mtx 3.2 0 -1 -1 
/home/antonkov/masterWork/tests/samePrefixMarkedMtx/depth3/node1/test3_4.mtx 3.3 0 -1 -1 
/home/antonkov/masterWork/tests/samePrefixMarkedMtx/depth3/node1/test3_4.mtx 3.4 0 -1 -1 
/home/antonkov/masterWork/tests/samePrefixMarkedMtx/depth3/node1/test3_4.mtx 3.5 0 -1 -1 
/home/antonkov/masterWork/tests/samePrefixMarkedMtx/depth3/node1/test4_0.mtx 1 117.529 0.0825868 0.825 
/home/antonkov/masterWork/tests/samePrefixMarkedMtx/depth3/node1/test4_0.mtx 1.1 117.155 0.0737587 0.76 
/home/antonkov/masterWork/tests/samePrefixMarkedMtx/depth3/node1/test4_0.mtx 1.2 103.432 0.0636372 0.66 
/home/antonkov/masterWork/tests/samePrefixMarkedMtx/depth3/node1/test4_0.mtx 1.3 96.8282 0.0546441 0.58 
/home/antonkov/masterWork/tests/samePrefixMarkedMtx/depth3/node1/test4_0.mtx 1.4 94.1165 0.0457899 0.5 
/home/antonkov/masterWork/tests/samePrefixMarkedMtx/depth3/node1/test4_0.mtx 1.5 120.596 0.0371701 0.43 
/home/antonkov/masterWork/tests/samePrefixMarkedMtx/depth3/node1/test4_0.mtx 1.6 136.048 0.0270573 0.32 
/home/antonkov/masterWork/tests/samePrefixMarkedMtx/depth3/node1/test4_0.mtx 1.7 148.485 0.0209444 0.25 
/home/antonkov/masterWork/tests/samePrefixMarkedMtx/depth3/node1/test4_0.mtx 1.8 160.273 0.0167419 0.191667 
/home/antonkov/masterWork/tests/samePrefixMarkedMtx/depth3/node1/test4_0.mtx 1.9 186.968 0.0112001 0.13625 
/home/antonkov/masterWork/tests/samePrefixMarkedMtx/depth3/node1/test4_0.mtx 2 228.777 0.0080887 0.0963636 
/home/antonkov/masterWork/tests/samePrefixMarkedMtx/depth3/node1/test4_0.mtx 2.1 300.214 0.00544596 0.066875 
/home/antonkov/masterWork/tests/samePrefixMarkedMtx/depth3/node1/test4_0.mtx 2.2 399.162 0.00330347 0.042 
/home/antonkov/masterWork/tests/samePrefixMarkedMtx/depth3/node1/test4_0.mtx 2.3 500.719 0.0022983 0.03 
/home/antonkov/masterWork/tests/samePrefixMarkedMtx/depth3/node1/test4_0.mtx 2.4 795.244 0.00125655 0.0168852 
/home/antonkov/masterWork/tests/samePrefixMarkedMtx/depth3/node1/test4_0.mtx 2.5 930.166 0.000910568 0.0128205 
/home/antonkov/masterWork/tests/samePrefixMarkedMtx/depth3/node1/test4_0.mtx 2.6 1491.8 0.000476545 0.00680272 
/home/antonkov/masterWork/tests/samePrefixMarkedMtx/depth3/node1/test4_0.mtx 2.7 2325.52 0.000257927 0.00377358 
/home/antonkov/masterWork/tests/samePrefixMarkedMtx/depth3/node1/test4_0.mtx 2.8 3431.82 0.000154151 0.00232558 
/home/antonkov/masterWork/tests/samePrefixMarkedMtx/depth3/node1/test4_0.mtx 2.9 6484.44 7.23653e-05 0.00105152 
/home/antonkov/masterWork/tests/samePrefixMarkedMtx/depth3/node1/test4_0.mtx 3 10067.8 3.79648e-05 0.00061237 
/home/antonkov/masterWork/tests/samePrefixMarkedMtx/depth3/node1/test4_0.mtx 3.1 0 -1 -1 
/home/antonkov/masterWork/tests/samePrefixMarkedMtx/depth3/node1/test4_0.mtx 3.2 0 -1 -1 
/home/antonkov/masterWork/tests/samePrefixMarkedMtx/depth3/node1/test4_0.mtx 3.3 0 -1 -1 
/home/antonkov/masterWork/tests/samePrefixMarkedMtx/depth3/node1/test4_0.mtx 3.4 0 -1 -1 
/home/antonkov/masterWork/tests/samePrefixMarkedMtx/depth3/node1/test4_0.mtx 3.5 0 -1 -1 
/home/antonkov/masterWork/tests/samePrefixMarkedMtx/depth3/node1/test4_1.mtx 1 119.994 0.0851302 0.845 
/home/antonkov/masterWork/tests/samePrefixMarkedMtx/depth3/node1/test4_1.mtx 1.1 116.187 0.0752257 0.765 
/home/antonkov/masterWork/tests/samePrefixMarkedMtx/depth3/node1/test4_1.mtx 1.2 106.566 0.0656944 0.69 
/home/antonkov/masterWork/tests/samePrefixMarkedMtx/depth3/node1/test4_1.mtx 1.3 100.328 0.0582031 0.635 
/home/antonkov/masterWork/tests/samePrefixMarkedMtx/depth3/node1/test4_1.mtx 1.4 95.7161 0.0500521 0.58 
/home/antonkov/masterWork/tests/samePrefixMarkedMtx/depth3/node1/test4_1.mtx 1.5 125.555 0.0417188 0.473333 
/home/antonkov/masterWork/tests/samePrefixMarkedMtx/depth3/node1/test4_1.mtx 1.6 119.671 0.0331597 0.393333 
/home/antonkov/masterWork/tests/samePrefixMarkedMtx/depth3/node1/test4_1.mtx 1.7 134.81 0.0239106 0.2875 
/home/antonkov/masterWork/tests/samePrefixMarkedMtx/depth3/node1/test4_1.mtx 1.8 143.592 0.0172257 0.206 
/home/antonkov/masterWork/tests/samePrefixMarkedMtx/depth3/node1/test4_1.mtx 1.9 182.941 0.0115972 0.145714 
/home/antonkov/masterWork/tests/samePrefixMarkedMtx/depth3/node1/test4_1.mtx 2 218.921 0.008875 0.109 
/home/antonkov/masterWork/tests/samePrefixMarkedMtx/depth3/node1/test4_1.mtx 2.1 259.575 0.00609108 0.0769231 
/home/antonkov/masterWork/tests/samePrefixMarkedMtx/depth3/node1/test4_1.mtx 2.2 344.042 0.00373872 0.05 
/home/antonkov/masterWork/tests/samePrefixMarkedMtx/depth3/node1/test4_1.mtx 2.3 506.377 0.00234972 0.031875 
/home/antonkov/masterWork/tests/samePrefixMarkedMtx/depth3/node1/test4_1.mtx 2.4 697.894 0.00143587 0.02 
/home/antonkov/masterWork/tests/samePrefixMarkedMtx/depth3/node1/test4_1.mtx 2.5 1109.25 0.000798796 0.0107447 
/home/antonkov/masterWork/tests/samePrefixMarkedMtx/depth3/node1/test4_1.mtx 2.6 1557.91 0.000459079 0.00671141 
/home/antonkov/masterWork/tests/samePrefixMarkedMtx/depth3/node1/test4_1.mtx 2.7 2245.99 0.000273631 0.00404858 
/home/antonkov/masterWork/tests/samePrefixMarkedMtx/depth3/node1/test4_1.mtx 2.8 3866.56 0.000137561 0.00201207 
/home/antonkov/masterWork/tests/samePrefixMarkedMtx/depth3/node1/test4_1.mtx 2.9 5919.68 7.98251e-05 0.00116359 
/home/antonkov/masterWork/tests/samePrefixMarkedMtx/depth3/node1/test4_1.mtx 3 9432.83 4.19277e-05 0.000653595 
/home/antonkov/masterWork/tests/samePrefixMarkedMtx/depth3/node1/test4_1.mtx 3.1 0 -1 -1 
/home/antonkov/masterWork/tests/samePrefixMarkedMtx/depth3/node1/test4_1.mtx 3.2 0 -1 -1 
/home/antonkov/masterWork/tests/samePrefixMarkedMtx/depth3/node1/test4_1.mtx 3.3 0 -1 -1 
/home/antonkov/masterWork/tests/samePrefixMarkedMtx/depth3/node1/test4_1.mtx 3.4 0 -1 -1 
/home/antonkov/masterWork/tests/samePrefixMarkedMtx/depth3/node1/test4_1.mtx 3.5 0 -1 -1 
/home/antonkov/masterWork/tests/samePrefixMarkedMtx/depth3/node1/test4_2.mtx 1 119.546 0.088316 0.85 
/home/antonkov/masterWork/tests/samePrefixMarkedMtx/depth3/node1/test4_2.mtx 1.1 113.518 0.0782292 0.775 
/home/antonkov/masterWork/tests/samePrefixMarkedMtx/depth3/node1/test4_2.mtx 1.2 107.406 0.0690799 0.695 
/home/antonkov/masterWork/tests/samePrefixMarkedMtx/depth3/node1/test4_2.mtx 1.3 100.71 0.0590799 0.62 
/home/antonkov/masterWork/tests/samePrefixMarkedMtx/depth3/node1/test4_2.mtx 1.4 97.7001 0.0515972 0.545 
/home/antonkov/masterWork/tests/samePrefixMarkedMtx/depth3/node1/test4_2.mtx 1.5 125.77 0.0424421 0.473333 
/home/antonkov/masterWork/tests/samePrefixMarkedMtx/depth3/node1/test4_2.mtx 1.6 114.437 0.0337153 0.386667 
/home/antonkov/masterWork/tests/samePrefixMarkedMtx/depth3/node1/test4_2.mtx 1.7 135.533 0.0256163 0.295 
/home/antonkov/masterWork/tests/samePrefixMarkedMtx/depth3/node1/test4_2.mtx 1.8 143.601 0.0172847 0.208 
/home/antonkov/masterWork/tests/samePrefixMarkedMtx/depth3/node1/test4_2.mtx 1.9 169.229 0.0124405 0.148571 
/home/antonkov/masterWork/tests/samePrefixMarkedMtx/depth3/node1/test4_2.mtx 2 198.252 0.00936921 0.112222 
/home/antonkov/masterWork/tests/samePrefixMarkedMtx/depth3/node1/test4_2.mtx 2.1 252.224 0.00639156 0.0792308 
/home/antonkov/masterWork/tests/samePrefixMarkedMtx/depth3/node1/test4_2.mtx 2.2 345.951 0.00405816 0.0505 
/home/antonkov/masterWork/tests/samePrefixMarkedMtx/depth3/node1/test4_2.mtx 2.3 469.125 0.00252128 0.0322581 
/home/antonkov/masterWork/tests/samePrefixMarkedMtx/depth3/node1/test4_2.mtx 2.4 700.846 0.00143429 0.0192308 
/home/antonkov/masterWork/tests/samePrefixMarkedMtx/depth3/node1/test4_2.mtx 2.5 1051.18 0.000828204 0.0113636 
/home/antonkov/masterWork/tests/samePrefixMarkedMtx/depth3/node1/test4_2.mtx 2.6 1595.02 0.000460179 0.00632911 
/home/antonkov/masterWork/tests/samePrefixMarkedMtx/depth3/node1/test4_2.mtx 2.7 2427.78 0.000248927 0.00363636 
/home/antonkov/masterWork/tests/samePrefixMarkedMtx/depth3/node1/test4_2.mtx 2.8 3493.8 0.00014591 0.0021978 
/home/antonkov/masterWork/tests/samePrefixMarkedMtx/depth3/node1/test4_2.mtx 2.9 6124.56 8.06024e-05 0.00110619 
/home/antonkov/masterWork/tests/samePrefixMarkedMtx/depth3/node1/test4_2.mtx 3 11413.6 3.50074e-05 0.000529942 
/home/antonkov/masterWork/tests/samePrefixMarkedMtx/depth3/node1/test4_2.mtx 3.1 0 -1 -1 
/home/antonkov/masterWork/tests/samePrefixMarkedMtx/depth3/node1/test4_2.mtx 3.2 0 -1 -1 
/home/antonkov/masterWork/tests/samePrefixMarkedMtx/depth3/node1/test4_2.mtx 3.3 0 -1 -1 
/home/antonkov/masterWork/tests/samePrefixMarkedMtx/depth3/node1/test4_2.mtx 3.4 0 -1 -1 
/home/antonkov/masterWork/tests/samePrefixMarkedMtx/depth3/node1/test4_2.mtx 3.5 0 -1 -1 
/home/antonkov/masterWork/tests/samePrefixMarkedMtx/depth3/node1/test4_3.mtx 1 117.02 0.0813715 0.8 
/home/antonkov/masterWork/tests/samePrefixMarkedMtx/depth3/node1/test4_3.mtx 1.1 114.899 0.0725868 0.735 
/home/antonkov/masterWork/tests/samePrefixMarkedMtx/depth3/node1/test4_3.mtx 1.2 105.436 0.0637153 0.675 
/home/antonkov/masterWork/tests/samePrefixMarkedMtx/depth3/node1/test4_3.mtx 1.3 98.6178 0.0540625 0.595 
/home/antonkov/masterWork/tests/samePrefixMarkedMtx/depth3/node1/test4_3.mtx 1.4 127.26 0.0431308 0.48 
/home/antonkov/masterWork/tests/samePrefixMarkedMtx/depth3/node1/test4_3.mtx 1.5 120.531 0.0347685 0.403333 
/home/antonkov/masterWork/tests/samePrefixMarkedMtx/depth3/node1/test4_3.mtx 1.6 142.569 0.0268316 0.315 
/home/antonkov/masterWork/tests/samePrefixMarkedMtx/depth3/node1/test4_3.mtx 1.7 123.523 0.0212717 0.25 
/home/antonkov/masterWork/tests/samePrefixMarkedMtx/depth3/node1/test4_3.mtx 1.8 164.835 0.0159954 0.198333 
/home/antonkov/masterWork/tests/samePrefixMarkedMtx/depth3/node1/test4_3.mtx 1.9 192.004 0.0110373 0.14 
/home/antonkov/masterWork/tests/samePrefixMarkedMtx/depth3/node1/test4_3.mtx 2 248.15 0.00715567 0.0933333 
/home/antonkov/masterWork/tests/samePrefixMarkedMtx/depth3/node1/test4_3.mtx 2.1 300.117 0.00510959 0.064375 
/home/antonkov/masterWork/tests/samePrefixMarkedMtx/depth3/node1/test4_3.mtx 2.2 398.725 0.00305773 0.0420833 
/home/antonkov/masterWork/tests/samePrefixMarkedMtx/depth3/node1/test4_3.mtx 2.3 538.377 0.00215823 0.0297143 
/home/antonkov/masterWork/tests/samePrefixMarkedMtx/depth3/node1/test4_3.mtx 2.4 723.704 0.00137603 0.0192593 
/home/antonkov/masterWork/tests/samePrefixMarkedMtx/depth3/node1/test4_3.mtx 2.5 973.15 0.000972445 0.0129487 
/home/antonkov/masterWork/tests/samePrefixMarkedMtx/depth3/node1/test4_3.mtx 2.6 1240.79 0.000621005 0.00902655 
/home/antonkov/masterWork/tests/samePrefixMarkedMtx/depth3/node1/test4_3.mtx 2.7 2154.44 0.000304636 0.0042735 
/home/antonkov/masterWork/tests/samePrefixMarkedMtx/depth3/node1/test4_3.mtx 2.8 3224.89 0.000167484 0.00255754 
/home/antonkov/masterWork/tests/samePrefixMarkedMtx/depth3/node1/test4_3.mtx 2.9 5685.27 8.23224e-05 0.00126582 
/home/antonkov/masterWork/tests/samePrefixMarkedMtx/depth3/node1/test4_3.mtx 3 10285.2 3.67571e-05 0.000623441 
/home/antonkov/masterWork/tests/samePrefixMarkedMtx/depth3/node1/test4_3.mtx 3.1 0 -1 -1 
/home/antonkov/masterWork/tests/samePrefixMarkedMtx/depth3/node1/test4_3.mtx 3.2 0 -1 -1 
/home/antonkov/masterWork/tests/samePrefixMarkedMtx/depth3/node1/test4_3.mtx 3.3 0 -1 -1 
/home/antonkov/masterWork/tests/samePrefixMarkedMtx/depth3/node1/test4_3.mtx 3.4 0 -1 -1 
/home/antonkov/masterWork/tests/samePrefixMarkedMtx/depth3/node1/test4_3.mtx 3.5 0 -1 -1 
/home/antonkov/masterWork/tests/samePrefixMarkedMtx/depth3/node1/test4_4.mtx 1 121.684 0.0795833 0.79 
/home/antonkov/masterWork/tests/samePrefixMarkedMtx/depth3/node1/test4_4.mtx 1.1 111.931 0.0708854 0.725 
/home/antonkov/masterWork/tests/samePrefixMarkedMtx/depth3/node1/test4_4.mtx 1.2 107.96 0.0621875 0.67 
/home/antonkov/masterWork/tests/samePrefixMarkedMtx/depth3/node1/test4_4.mtx 1.3 98.022 0.0522396 0.565 
/home/antonkov/masterWork/tests/samePrefixMarkedMtx/depth3/node1/test4_4.mtx 1.4 129.082 0.0411458 0.463333 
/home/antonkov/masterWork/tests/samePrefixMarkedMtx/depth3/node1/test4_4.mtx 1.5 120.578 0.0349537 0.403333 
/home/antonkov/masterWork/tests/samePrefixMarkedMtx/depth3/node1/test4_4.mtx 1.6 114.324 0.0283218 0.346667 
/home/antonkov/masterWork/tests/samePrefixMarkedMtx/depth3/node1/test4_4.mtx 1.7 130.768 0.0211892 0.2675 
/home/antonkov/masterWork/tests/samePrefixMarkedMtx/depth3/node1/test4_4.mtx 1.8 147.156 0.0164479 0.216 
/home/antonkov/masterWork/tests/samePrefixMarkedMtx/depth3/node1/test4_4.mtx 1.9 157.19 0.0127286 0.168333 
/home/antonkov/masterWork/tests/samePrefixMarkedMtx/depth3/node1/test4_4.mtx 2 202.479 0.00874807 0.114444 
/home/antonkov/masterWork/tests/samePrefixMarkedMtx/depth3/node1/test4_4.mtx 2.1 244.71 0.00635417 0.0866667 
/home/antonkov/masterWork/tests/samePrefixMarkedMtx/depth3/node1/test4_4.mtx 2.2 347.279 0.004036 0.0526316 
/home/antonkov/masterWork/tests/samePrefixMarkedMtx/depth3/node1/test4_4.mtx 2.3 428.466 0.00303486 0.0396154 
/home/antonkov/masterWork/tests/samePrefixMarkedMtx/depth3/node1/test4_4.mtx 2.4 573.422 0.00187317 0.0273684 
/home/antonkov/masterWork/tests/samePrefixMarkedMtx/depth3/node1/test4_4.mtx 2.5 914.444 0.000934984 0.0144928 
/home/antonkov/masterWork/tests/samePrefixMarkedMtx/depth3/node1/test4_4.mtx 2.6 1116.12 0.000651322 0.0107527 
/home/antonkov/masterWork/tests/samePrefixMarkedMtx/depth3/node1/test4_4.mtx 2.7 1836.24 0.000291725 0.00561798 
/home/antonkov/masterWork/tests/samePrefixMarkedMtx/depth3/node1/test4_4.mtx 2.8 2425.99 0.00020156 0.00378788 
/home/antonkov/masterWork/tests/samePrefixMarkedMtx/depth3/node1/test4_4.mtx 2.9 3763.24 0.00011008 0.00218341 
/home/antonkov/masterWork/tests/samePrefixMarkedMtx/depth3/node1/test4_4.mtx 3 6222.86 4.65335e-05 0.00117096 
/home/antonkov/masterWork/tests/samePrefixMarkedMtx/depth3/node1/test4_4.mtx 3.1 8533.21 2.64442e-05 0.000772798 
/home/antonkov/masterWork/tests/samePrefixMarkedMtx/depth3/node1/test4_4.mtx 3.2 0 -1 -1 
/home/antonkov/masterWork/tests/samePrefixMarkedMtx/depth3/node1/test4_4.mtx 3.3 0 -1 -1 
/home/antonkov/masterWork/tests/samePrefixMarkedMtx/depth3/node1/test4_4.mtx 3.4 0 -1 -1 
/home/antonkov/masterWork/tests/samePrefixMarkedMtx/depth3/node1/test4_4.mtx 3.5 0 -1 -1 
