Results
Filename SNR Time(ms) BER FER
/home/antonkov/masterWork/tests/samePrefixMarkedMtx2304/depth3/node2/test0_0.mtx 1 500.146 0.0907812 0.96 
/home/antonkov/masterWork/tests/samePrefixMarkedMtx2304/depth3/node2/test0_0.mtx 1.1 464.272 0.0806207 0.88 
/home/antonkov/masterWork/tests/samePrefixMarkedMtx2304/depth3/node2/test0_0.mtx 1.2 447.783 0.0672569 0.78 
/home/antonkov/masterWork/tests/samePrefixMarkedMtx2304/depth3/node2/test0_0.mtx 1.3 426.757 0.050612 0.62 
/home/antonkov/masterWork/tests/samePrefixMarkedMtx2304/depth3/node2/test0_0.mtx 1.4 549.115 0.0391971 0.52 
/home/antonkov/masterWork/tests/samePrefixMarkedMtx2304/depth3/node2/test0_0.mtx 1.5 507.865 0.0249913 0.345 
/home/antonkov/masterWork/tests/samePrefixMarkedMtx2304/depth3/node2/test0_0.mtx 1.6 575.163 0.0141508 0.203333 
/home/antonkov/masterWork/tests/samePrefixMarkedMtx2304/depth3/node2/test0_0.mtx 1.7 750.431 0.00685619 0.0966667 
/home/antonkov/masterWork/tests/samePrefixMarkedMtx2304/depth3/node2/test0_0.mtx 1.8 1038.45 0.0032919 0.0472727 
/home/antonkov/masterWork/tests/samePrefixMarkedMtx2304/depth3/node2/test0_0.mtx 1.9 1965.42 0.00123875 0.0192593 
/home/antonkov/masterWork/tests/samePrefixMarkedMtx2304/depth3/node2/test0_0.mtx 2 4220.22 0.000379033 0.00632911 
/home/antonkov/masterWork/tests/samePrefixMarkedMtx2304/depth3/node2/test0_0.mtx 2.1 0 -1 -1 
/home/antonkov/masterWork/tests/samePrefixMarkedMtx2304/depth3/node2/test0_0.mtx 2.2 0 -1 -1 
/home/antonkov/masterWork/tests/samePrefixMarkedMtx2304/depth3/node2/test0_0.mtx 2.3 0 -1 -1 
/home/antonkov/masterWork/tests/samePrefixMarkedMtx2304/depth3/node2/test0_0.mtx 2.4 0 -1 -1 
/home/antonkov/masterWork/tests/samePrefixMarkedMtx2304/depth3/node2/test0_0.mtx 2.5 0 -1 -1 
/home/antonkov/masterWork/tests/samePrefixMarkedMtx2304/depth3/node2/test0_0.mtx 2.6 0 -1 -1 
/home/antonkov/masterWork/tests/samePrefixMarkedMtx2304/depth3/node2/test0_0.mtx 2.7 0 -1 -1 
/home/antonkov/masterWork/tests/samePrefixMarkedMtx2304/depth3/node2/test0_0.mtx 2.8 0 -1 -1 
/home/antonkov/masterWork/tests/samePrefixMarkedMtx2304/depth3/node2/test0_0.mtx 2.9 0 -1 -1 
/home/antonkov/masterWork/tests/samePrefixMarkedMtx2304/depth3/node2/test0_0.mtx 3 0 -1 -1 
/home/antonkov/masterWork/tests/samePrefixMarkedMtx2304/depth3/node2/test0_0.mtx 3.1 0 -1 -1 
/home/antonkov/masterWork/tests/samePrefixMarkedMtx2304/depth3/node2/test0_0.mtx 3.2 0 -1 -1 
/home/antonkov/masterWork/tests/samePrefixMarkedMtx2304/depth3/node2/test0_0.mtx 3.3 0 -1 -1 
/home/antonkov/masterWork/tests/samePrefixMarkedMtx2304/depth3/node2/test0_0.mtx 3.4 0 -1 -1 
/home/antonkov/masterWork/tests/samePrefixMarkedMtx2304/depth3/node2/test0_0.mtx 3.5 0 -1 -1 
/home/antonkov/masterWork/tests/samePrefixMarkedMtx2304/depth3/node2/test0_1.mtx 1 463.164 0.0923828 0.98 
/home/antonkov/masterWork/tests/samePrefixMarkedMtx2304/depth3/node2/test0_1.mtx 1.1 453.951 0.0814757 0.92 
/home/antonkov/masterWork/tests/samePrefixMarkedMtx2304/depth3/node2/test0_1.mtx 1.2 443.902 0.0657248 0.78 
/home/antonkov/masterWork/tests/samePrefixMarkedMtx2304/depth3/node2/test0_1.mtx 1.3 444.177 0.0515972 0.65 
/home/antonkov/masterWork/tests/samePrefixMarkedMtx2304/depth3/node2/test0_1.mtx 1.4 559.195 0.0367079 0.485 
/home/antonkov/masterWork/tests/samePrefixMarkedMtx2304/depth3/node2/test0_1.mtx 1.5 509.956 0.0222938 0.285 
/home/antonkov/masterWork/tests/samePrefixMarkedMtx2304/depth3/node2/test0_1.mtx 1.6 588.462 0.0147656 0.206667 
/home/antonkov/masterWork/tests/samePrefixMarkedMtx2304/depth3/node2/test0_1.mtx 1.7 759.877 0.00569372 0.09 
/home/antonkov/masterWork/tests/samePrefixMarkedMtx2304/depth3/node2/test0_1.mtx 1.8 1125.93 0.00288375 0.0433333 
/home/antonkov/masterWork/tests/samePrefixMarkedMtx2304/depth3/node2/test0_1.mtx 1.9 2448.08 0.000924948 0.0137838 
/home/antonkov/masterWork/tests/samePrefixMarkedMtx2304/depth3/node2/test0_1.mtx 2 3996.34 0.00045386 0.00694444 
/home/antonkov/masterWork/tests/samePrefixMarkedMtx2304/depth3/node2/test0_1.mtx 2.1 0 -1 -1 
/home/antonkov/masterWork/tests/samePrefixMarkedMtx2304/depth3/node2/test0_1.mtx 2.2 0 -1 -1 
/home/antonkov/masterWork/tests/samePrefixMarkedMtx2304/depth3/node2/test0_1.mtx 2.3 0 -1 -1 
/home/antonkov/masterWork/tests/samePrefixMarkedMtx2304/depth3/node2/test0_1.mtx 2.4 0 -1 -1 
/home/antonkov/masterWork/tests/samePrefixMarkedMtx2304/depth3/node2/test0_1.mtx 2.5 0 -1 -1 
/home/antonkov/masterWork/tests/samePrefixMarkedMtx2304/depth3/node2/test0_1.mtx 2.6 0 -1 -1 
/home/antonkov/masterWork/tests/samePrefixMarkedMtx2304/depth3/node2/test0_1.mtx 2.7 0 -1 -1 
/home/antonkov/masterWork/tests/samePrefixMarkedMtx2304/depth3/node2/test0_1.mtx 2.8 0 -1 -1 
/home/antonkov/masterWork/tests/samePrefixMarkedMtx2304/depth3/node2/test0_1.mtx 2.9 0 -1 -1 
/home/antonkov/masterWork/tests/samePrefixMarkedMtx2304/depth3/node2/test0_1.mtx 3 0 -1 -1 
/home/antonkov/masterWork/tests/samePrefixMarkedMtx2304/depth3/node2/test0_1.mtx 3.1 0 -1 -1 
/home/antonkov/masterWork/tests/samePrefixMarkedMtx2304/depth3/node2/test0_1.mtx 3.2 0 -1 -1 
/home/antonkov/masterWork/tests/samePrefixMarkedMtx2304/depth3/node2/test0_1.mtx 3.3 0 -1 -1 
/home/antonkov/masterWork/tests/samePrefixMarkedMtx2304/depth3/node2/test0_1.mtx 3.4 0 -1 -1 
/home/antonkov/masterWork/tests/samePrefixMarkedMtx2304/depth3/node2/test0_1.mtx 3.5 0 -1 -1 
/home/antonkov/masterWork/tests/samePrefixMarkedMtx2304/depth3/node2/test0_2.mtx 1 456.816 0.0920833 0.96 
/home/antonkov/masterWork/tests/samePrefixMarkedMtx2304/depth3/node2/test0_2.mtx 1.1 453.882 0.080816 0.9 
/home/antonkov/masterWork/tests/samePrefixMarkedMtx2304/depth3/node2/test0_2.mtx 1.2 448.447 0.0679774 0.79 
/home/antonkov/masterWork/tests/samePrefixMarkedMtx2304/depth3/node2/test0_2.mtx 1.3 428.46 0.0521267 0.63 
/home/antonkov/masterWork/tests/samePrefixMarkedMtx2304/depth3/node2/test0_2.mtx 1.4 559.778 0.0436176 0.555 
/home/antonkov/masterWork/tests/samePrefixMarkedMtx2304/depth3/node2/test0_2.mtx 1.5 530.086 0.0312413 0.415 
/home/antonkov/masterWork/tests/samePrefixMarkedMtx2304/depth3/node2/test0_2.mtx 1.6 587.284 0.0135359 0.2 
/home/antonkov/masterWork/tests/samePrefixMarkedMtx2304/depth3/node2/test0_2.mtx 1.7 840.033 0.00581101 0.0857143 
/home/antonkov/masterWork/tests/samePrefixMarkedMtx2304/depth3/node2/test0_2.mtx 1.8 1095.15 0.00296115 0.0441667 
/home/antonkov/masterWork/tests/samePrefixMarkedMtx2304/depth3/node2/test0_2.mtx 1.9 1901.02 0.00124421 0.0188889 
/home/antonkov/masterWork/tests/samePrefixMarkedMtx2304/depth3/node2/test0_2.mtx 2 4317.65 0.000383409 0.00625 
/home/antonkov/masterWork/tests/samePrefixMarkedMtx2304/depth3/node2/test0_2.mtx 2.1 0 -1 -1 
/home/antonkov/masterWork/tests/samePrefixMarkedMtx2304/depth3/node2/test0_2.mtx 2.2 0 -1 -1 
/home/antonkov/masterWork/tests/samePrefixMarkedMtx2304/depth3/node2/test0_2.mtx 2.3 0 -1 -1 
/home/antonkov/masterWork/tests/samePrefixMarkedMtx2304/depth3/node2/test0_2.mtx 2.4 0 -1 -1 
/home/antonkov/masterWork/tests/samePrefixMarkedMtx2304/depth3/node2/test0_2.mtx 2.5 0 -1 -1 
/home/antonkov/masterWork/tests/samePrefixMarkedMtx2304/depth3/node2/test0_2.mtx 2.6 0 -1 -1 
/home/antonkov/masterWork/tests/samePrefixMarkedMtx2304/depth3/node2/test0_2.mtx 2.7 0 -1 -1 
/home/antonkov/masterWork/tests/samePrefixMarkedMtx2304/depth3/node2/test0_2.mtx 2.8 0 -1 -1 
/home/antonkov/masterWork/tests/samePrefixMarkedMtx2304/depth3/node2/test0_2.mtx 2.9 0 -1 -1 
/home/antonkov/masterWork/tests/samePrefixMarkedMtx2304/depth3/node2/test0_2.mtx 3 0 -1 -1 
/home/antonkov/masterWork/tests/samePrefixMarkedMtx2304/depth3/node2/test0_2.mtx 3.1 0 -1 -1 
/home/antonkov/masterWork/tests/samePrefixMarkedMtx2304/depth3/node2/test0_2.mtx 3.2 0 -1 -1 
/home/antonkov/masterWork/tests/samePrefixMarkedMtx2304/depth3/node2/test0_2.mtx 3.3 0 -1 -1 
/home/antonkov/masterWork/tests/samePrefixMarkedMtx2304/depth3/node2/test0_2.mtx 3.4 0 -1 -1 
/home/antonkov/masterWork/tests/samePrefixMarkedMtx2304/depth3/node2/test0_2.mtx 3.5 0 -1 -1 
/home/antonkov/masterWork/tests/samePrefixMarkedMtx2304/depth3/node2/test0_3.mtx 1 466.648 0.0896528 0.94 
/home/antonkov/masterWork/tests/samePrefixMarkedMtx2304/depth3/node2/test0_3.mtx 1.1 453.218 0.0817839 0.92 
/home/antonkov/masterWork/tests/samePrefixMarkedMtx2304/depth3/node2/test0_3.mtx 1.2 449.373 0.0659071 0.79 
/home/antonkov/masterWork/tests/samePrefixMarkedMtx2304/depth3/node2/test0_3.mtx 1.3 440.127 0.0539931 0.7 
/home/antonkov/masterWork/tests/samePrefixMarkedMtx2304/depth3/node2/test0_3.mtx 1.4 409.205 0.0387847 0.5 
/home/antonkov/masterWork/tests/samePrefixMarkedMtx2304/depth3/node2/test0_3.mtx 1.5 527.043 0.0253451 0.34 
/home/antonkov/masterWork/tests/samePrefixMarkedMtx2304/depth3/node2/test0_3.mtx 1.6 594.6 0.0156887 0.23 
/home/antonkov/masterWork/tests/samePrefixMarkedMtx2304/depth3/node2/test0_3.mtx 1.7 757.424 0.00596499 0.0883333 
/home/antonkov/masterWork/tests/samePrefixMarkedMtx2304/depth3/node2/test0_3.mtx 1.8 1097.11 0.00263744 0.0425 
/home/antonkov/masterWork/tests/samePrefixMarkedMtx2304/depth3/node2/test0_3.mtx 1.9 2330.89 0.000967882 0.0142857 
/home/antonkov/masterWork/tests/samePrefixMarkedMtx2304/depth3/node2/test0_3.mtx 2 4900.59 0.000341728 0.00531915 
/home/antonkov/masterWork/tests/samePrefixMarkedMtx2304/depth3/node2/test0_3.mtx 2.1 0 -1 -1 
/home/antonkov/masterWork/tests/samePrefixMarkedMtx2304/depth3/node2/test0_3.mtx 2.2 0 -1 -1 
/home/antonkov/masterWork/tests/samePrefixMarkedMtx2304/depth3/node2/test0_3.mtx 2.3 0 -1 -1 
/home/antonkov/masterWork/tests/samePrefixMarkedMtx2304/depth3/node2/test0_3.mtx 2.4 0 -1 -1 
/home/antonkov/masterWork/tests/samePrefixMarkedMtx2304/depth3/node2/test0_3.mtx 2.5 0 -1 -1 
/home/antonkov/masterWork/tests/samePrefixMarkedMtx2304/depth3/node2/test0_3.mtx 2.6 0 -1 -1 
/home/antonkov/masterWork/tests/samePrefixMarkedMtx2304/depth3/node2/test0_3.mtx 2.7 0 -1 -1 
/home/antonkov/masterWork/tests/samePrefixMarkedMtx2304/depth3/node2/test0_3.mtx 2.8 0 -1 -1 
/home/antonkov/masterWork/tests/samePrefixMarkedMtx2304/depth3/node2/test0_3.mtx 2.9 0 -1 -1 
/home/antonkov/masterWork/tests/samePrefixMarkedMtx2304/depth3/node2/test0_3.mtx 3 0 -1 -1 
/home/antonkov/masterWork/tests/samePrefixMarkedMtx2304/depth3/node2/test0_3.mtx 3.1 0 -1 -1 
/home/antonkov/masterWork/tests/samePrefixMarkedMtx2304/depth3/node2/test0_3.mtx 3.2 0 -1 -1 
/home/antonkov/masterWork/tests/samePrefixMarkedMtx2304/depth3/node2/test0_3.mtx 3.3 0 -1 -1 
/home/antonkov/masterWork/tests/samePrefixMarkedMtx2304/depth3/node2/test0_3.mtx 3.4 0 -1 -1 
/home/antonkov/masterWork/tests/samePrefixMarkedMtx2304/depth3/node2/test0_3.mtx 3.5 0 -1 -1 
/home/antonkov/masterWork/tests/samePrefixMarkedMtx2304/depth3/node2/test0_4.mtx 1 459.089 0.0943924 0.98 
/home/antonkov/masterWork/tests/samePrefixMarkedMtx2304/depth3/node2/test0_4.mtx 1.1 458.435 0.0845443 0.93 
/home/antonkov/masterWork/tests/samePrefixMarkedMtx2304/depth3/node2/test0_4.mtx 1.2 453.47 0.0723047 0.84 
/home/antonkov/masterWork/tests/samePrefixMarkedMtx2304/depth3/node2/test0_4.mtx 1.3 434.86 0.053724 0.67 
/home/antonkov/masterWork/tests/samePrefixMarkedMtx2304/depth3/node2/test0_4.mtx 1.4 410.52 0.0407075 0.53 
/home/antonkov/masterWork/tests/samePrefixMarkedMtx2304/depth3/node2/test0_4.mtx 1.5 519.596 0.0268945 0.37 
/home/antonkov/masterWork/tests/samePrefixMarkedMtx2304/depth3/node2/test0_4.mtx 1.6 573.017 0.0125304 0.176667 
/home/antonkov/masterWork/tests/samePrefixMarkedMtx2304/depth3/node2/test0_4.mtx 1.7 762.35 0.00651042 0.095 
/home/antonkov/masterWork/tests/samePrefixMarkedMtx2304/depth3/node2/test0_4.mtx 1.8 1125.01 0.00280961 0.0433333 
/home/antonkov/masterWork/tests/samePrefixMarkedMtx2304/depth3/node2/test0_4.mtx 1.9 2006 0.00109944 0.0172414 
/home/antonkov/masterWork/tests/samePrefixMarkedMtx2304/depth3/node2/test0_4.mtx 2 4661.01 0.000387143 0.00581395 
/home/antonkov/masterWork/tests/samePrefixMarkedMtx2304/depth3/node2/test0_4.mtx 2.1 0 -1 -1 
/home/antonkov/masterWork/tests/samePrefixMarkedMtx2304/depth3/node2/test0_4.mtx 2.2 0 -1 -1 
/home/antonkov/masterWork/tests/samePrefixMarkedMtx2304/depth3/node2/test0_4.mtx 2.3 0 -1 -1 
/home/antonkov/masterWork/tests/samePrefixMarkedMtx2304/depth3/node2/test0_4.mtx 2.4 0 -1 -1 
/home/antonkov/masterWork/tests/samePrefixMarkedMtx2304/depth3/node2/test0_4.mtx 2.5 0 -1 -1 
/home/antonkov/masterWork/tests/samePrefixMarkedMtx2304/depth3/node2/test0_4.mtx 2.6 0 -1 -1 
/home/antonkov/masterWork/tests/samePrefixMarkedMtx2304/depth3/node2/test0_4.mtx 2.7 0 -1 -1 
/home/antonkov/masterWork/tests/samePrefixMarkedMtx2304/depth3/node2/test0_4.mtx 2.8 0 -1 -1 
/home/antonkov/masterWork/tests/samePrefixMarkedMtx2304/depth3/node2/test0_4.mtx 2.9 0 -1 -1 
/home/antonkov/masterWork/tests/samePrefixMarkedMtx2304/depth3/node2/test0_4.mtx 3 0 -1 -1 
/home/antonkov/masterWork/tests/samePrefixMarkedMtx2304/depth3/node2/test0_4.mtx 3.1 0 -1 -1 
/home/antonkov/masterWork/tests/samePrefixMarkedMtx2304/depth3/node2/test0_4.mtx 3.2 0 -1 -1 
/home/antonkov/masterWork/tests/samePrefixMarkedMtx2304/depth3/node2/test0_4.mtx 3.3 0 -1 -1 
/home/antonkov/masterWork/tests/samePrefixMarkedMtx2304/depth3/node2/test0_4.mtx 3.4 0 -1 -1 
/home/antonkov/masterWork/tests/samePrefixMarkedMtx2304/depth3/node2/test0_4.mtx 3.5 0 -1 -1 
/home/antonkov/masterWork/tests/samePrefixMarkedMtx2304/depth3/node2/test1_0.mtx 1 431.172 0.090204 0.96 
/home/antonkov/masterWork/tests/samePrefixMarkedMtx2304/depth3/node2/test1_0.mtx 1.1 437.897 0.0812587 0.91 
/home/antonkov/masterWork/tests/samePrefixMarkedMtx2304/depth3/node2/test1_0.mtx 1.2 423.751 0.0688628 0.83 
/home/antonkov/masterWork/tests/samePrefixMarkedMtx2304/depth3/node2/test1_0.mtx 1.3 410.047 0.0506641 0.64 
/home/antonkov/masterWork/tests/samePrefixMarkedMtx2304/depth3/node2/test1_0.mtx 1.4 533.994 0.0418446 0.555 
/home/antonkov/masterWork/tests/samePrefixMarkedMtx2304/depth3/node2/test1_0.mtx 1.5 492.447 0.027296 0.365 
/home/antonkov/masterWork/tests/samePrefixMarkedMtx2304/depth3/node2/test1_0.mtx 1.6 555.605 0.013099 0.183333 
/home/antonkov/masterWork/tests/samePrefixMarkedMtx2304/depth3/node2/test1_0.mtx 1.7 661.442 0.00719531 0.102 
/home/antonkov/masterWork/tests/samePrefixMarkedMtx2304/depth3/node2/test1_0.mtx 1.8 1059.06 0.00312461 0.0472727 
/home/antonkov/masterWork/tests/samePrefixMarkedMtx2304/depth3/node2/test1_0.mtx 1.9 1894.57 0.00125 0.02 
/home/antonkov/masterWork/tests/samePrefixMarkedMtx2304/depth3/node2/test1_0.mtx 2 3342.3 0.000509578 0.00847458 
/home/antonkov/masterWork/tests/samePrefixMarkedMtx2304/depth3/node2/test1_0.mtx 2.1 0 -1 -1 
/home/antonkov/masterWork/tests/samePrefixMarkedMtx2304/depth3/node2/test1_0.mtx 2.2 0 -1 -1 
/home/antonkov/masterWork/tests/samePrefixMarkedMtx2304/depth3/node2/test1_0.mtx 2.3 0 -1 -1 
/home/antonkov/masterWork/tests/samePrefixMarkedMtx2304/depth3/node2/test1_0.mtx 2.4 0 -1 -1 
/home/antonkov/masterWork/tests/samePrefixMarkedMtx2304/depth3/node2/test1_0.mtx 2.5 0 -1 -1 
/home/antonkov/masterWork/tests/samePrefixMarkedMtx2304/depth3/node2/test1_0.mtx 2.6 0 -1 -1 
/home/antonkov/masterWork/tests/samePrefixMarkedMtx2304/depth3/node2/test1_0.mtx 2.7 0 -1 -1 
/home/antonkov/masterWork/tests/samePrefixMarkedMtx2304/depth3/node2/test1_0.mtx 2.8 0 -1 -1 
/home/antonkov/masterWork/tests/samePrefixMarkedMtx2304/depth3/node2/test1_0.mtx 2.9 0 -1 -1 
/home/antonkov/masterWork/tests/samePrefixMarkedMtx2304/depth3/node2/test1_0.mtx 3 0 -1 -1 
/home/antonkov/masterWork/tests/samePrefixMarkedMtx2304/depth3/node2/test1_0.mtx 3.1 0 -1 -1 
/home/antonkov/masterWork/tests/samePrefixMarkedMtx2304/depth3/node2/test1_0.mtx 3.2 0 -1 -1 
/home/antonkov/masterWork/tests/samePrefixMarkedMtx2304/depth3/node2/test1_0.mtx 3.3 0 -1 -1 
/home/antonkov/masterWork/tests/samePrefixMarkedMtx2304/depth3/node2/test1_0.mtx 3.4 0 -1 -1 
/home/antonkov/masterWork/tests/samePrefixMarkedMtx2304/depth3/node2/test1_0.mtx 3.5 0 -1 -1 
/home/antonkov/masterWork/tests/samePrefixMarkedMtx2304/depth3/node2/test1_1.mtx 1 431.631 0.0902257 0.93 
/home/antonkov/masterWork/tests/samePrefixMarkedMtx2304/depth3/node2/test1_1.mtx 1.1 433.063 0.0818316 0.89 
/home/antonkov/masterWork/tests/samePrefixMarkedMtx2304/depth3/node2/test1_1.mtx 1.2 427.012 0.0706684 0.82 
/home/antonkov/masterWork/tests/samePrefixMarkedMtx2304/depth3/node2/test1_1.mtx 1.3 412.061 0.0528906 0.64 
/home/antonkov/masterWork/tests/samePrefixMarkedMtx2304/depth3/node2/test1_1.mtx 1.4 397.557 0.0404731 0.5 
/home/antonkov/masterWork/tests/samePrefixMarkedMtx2304/depth3/node2/test1_1.mtx 1.5 491.829 0.0263477 0.35 
/home/antonkov/masterWork/tests/samePrefixMarkedMtx2304/depth3/node2/test1_1.mtx 1.6 571.487 0.0160981 0.226667 
/home/antonkov/masterWork/tests/samePrefixMarkedMtx2304/depth3/node2/test1_1.mtx 1.7 692.67 0.00713368 0.1 
/home/antonkov/masterWork/tests/samePrefixMarkedMtx2304/depth3/node2/test1_1.mtx 1.8 966.643 0.00359722 0.051 
/home/antonkov/masterWork/tests/samePrefixMarkedMtx2304/depth3/node2/test1_1.mtx 1.9 1706.51 0.00146032 0.0220833 
/home/antonkov/masterWork/tests/samePrefixMarkedMtx2304/depth3/node2/test1_1.mtx 2 3701.91 0.000513238 0.0075 
/home/antonkov/masterWork/tests/samePrefixMarkedMtx2304/depth3/node2/test1_1.mtx 2.1 0 -1 -1 
/home/antonkov/masterWork/tests/samePrefixMarkedMtx2304/depth3/node2/test1_1.mtx 2.2 0 -1 -1 
/home/antonkov/masterWork/tests/samePrefixMarkedMtx2304/depth3/node2/test1_1.mtx 2.3 0 -1 -1 
/home/antonkov/masterWork/tests/samePrefixMarkedMtx2304/depth3/node2/test1_1.mtx 2.4 0 -1 -1 
/home/antonkov/masterWork/tests/samePrefixMarkedMtx2304/depth3/node2/test1_1.mtx 2.5 0 -1 -1 
/home/antonkov/masterWork/tests/samePrefixMarkedMtx2304/depth3/node2/test1_1.mtx 2.6 0 -1 -1 
/home/antonkov/masterWork/tests/samePrefixMarkedMtx2304/depth3/node2/test1_1.mtx 2.7 0 -1 -1 
/home/antonkov/masterWork/tests/samePrefixMarkedMtx2304/depth3/node2/test1_1.mtx 2.8 0 -1 -1 
/home/antonkov/masterWork/tests/samePrefixMarkedMtx2304/depth3/node2/test1_1.mtx 2.9 0 -1 -1 
/home/antonkov/masterWork/tests/samePrefixMarkedMtx2304/depth3/node2/test1_1.mtx 3 0 -1 -1 
/home/antonkov/masterWork/tests/samePrefixMarkedMtx2304/depth3/node2/test1_1.mtx 3.1 0 -1 -1 
/home/antonkov/masterWork/tests/samePrefixMarkedMtx2304/depth3/node2/test1_1.mtx 3.2 0 -1 -1 
/home/antonkov/masterWork/tests/samePrefixMarkedMtx2304/depth3/node2/test1_1.mtx 3.3 0 -1 -1 
/home/antonkov/masterWork/tests/samePrefixMarkedMtx2304/depth3/node2/test1_1.mtx 3.4 0 -1 -1 
/home/antonkov/masterWork/tests/samePrefixMarkedMtx2304/depth3/node2/test1_1.mtx 3.5 0 -1 -1 
/home/antonkov/masterWork/tests/samePrefixMarkedMtx2304/depth3/node2/test1_2.mtx 1 429.63 0.0907161 0.95 
/home/antonkov/masterWork/tests/samePrefixMarkedMtx2304/depth3/node2/test1_2.mtx 1.1 440.149 0.0820443 0.93 
/home/antonkov/masterWork/tests/samePrefixMarkedMtx2304/depth3/node2/test1_2.mtx 1.2 424.022 0.0649826 0.78 
/home/antonkov/masterWork/tests/samePrefixMarkedMtx2304/depth3/node2/test1_2.mtx 1.3 398.211 0.0497396 0.62 
/home/antonkov/masterWork/tests/samePrefixMarkedMtx2304/depth3/node2/test1_2.mtx 1.4 527.734 0.0387847 0.5 
/home/antonkov/masterWork/tests/samePrefixMarkedMtx2304/depth3/node2/test1_2.mtx 1.5 487.283 0.0226454 0.295 
/home/antonkov/masterWork/tests/samePrefixMarkedMtx2304/depth3/node2/test1_2.mtx 1.6 548.114 0.013572 0.18 
/home/antonkov/masterWork/tests/samePrefixMarkedMtx2304/depth3/node2/test1_2.mtx 1.7 658.561 0.00771788 0.108 
/home/antonkov/masterWork/tests/samePrefixMarkedMtx2304/depth3/node2/test1_2.mtx 1.8 960.428 0.00330816 0.05 
/home/antonkov/masterWork/tests/samePrefixMarkedMtx2304/depth3/node2/test1_2.mtx 1.9 1723.32 0.00139576 0.0208333 
/home/antonkov/masterWork/tests/samePrefixMarkedMtx2304/depth3/node2/test1_2.mtx 2 3922.53 0.00045368 0.00694444 
/home/antonkov/masterWork/tests/samePrefixMarkedMtx2304/depth3/node2/test1_2.mtx 2.1 0 -1 -1 
/home/antonkov/masterWork/tests/samePrefixMarkedMtx2304/depth3/node2/test1_2.mtx 2.2 0 -1 -1 
/home/antonkov/masterWork/tests/samePrefixMarkedMtx2304/depth3/node2/test1_2.mtx 2.3 0 -1 -1 
/home/antonkov/masterWork/tests/samePrefixMarkedMtx2304/depth3/node2/test1_2.mtx 2.4 0 -1 -1 
/home/antonkov/masterWork/tests/samePrefixMarkedMtx2304/depth3/node2/test1_2.mtx 2.5 0 -1 -1 
/home/antonkov/masterWork/tests/samePrefixMarkedMtx2304/depth3/node2/test1_2.mtx 2.6 0 -1 -1 
/home/antonkov/masterWork/tests/samePrefixMarkedMtx2304/depth3/node2/test1_2.mtx 2.7 0 -1 -1 
/home/antonkov/masterWork/tests/samePrefixMarkedMtx2304/depth3/node2/test1_2.mtx 2.8 0 -1 -1 
/home/antonkov/masterWork/tests/samePrefixMarkedMtx2304/depth3/node2/test1_2.mtx 2.9 0 -1 -1 
/home/antonkov/masterWork/tests/samePrefixMarkedMtx2304/depth3/node2/test1_2.mtx 3 0 -1 -1 
/home/antonkov/masterWork/tests/samePrefixMarkedMtx2304/depth3/node2/test1_2.mtx 3.1 0 -1 -1 
/home/antonkov/masterWork/tests/samePrefixMarkedMtx2304/depth3/node2/test1_2.mtx 3.2 0 -1 -1 
/home/antonkov/masterWork/tests/samePrefixMarkedMtx2304/depth3/node2/test1_2.mtx 3.3 0 -1 -1 
/home/antonkov/masterWork/tests/samePrefixMarkedMtx2304/depth3/node2/test1_2.mtx 3.4 0 -1 -1 
/home/antonkov/masterWork/tests/samePrefixMarkedMtx2304/depth3/node2/test1_2.mtx 3.5 0 -1 -1 
/home/antonkov/masterWork/tests/samePrefixMarkedMtx2304/depth3/node2/test1_3.mtx 1 431.073 0.0898307 0.95 
/home/antonkov/masterWork/tests/samePrefixMarkedMtx2304/depth3/node2/test1_3.mtx 1.1 432.199 0.0791927 0.9 
/home/antonkov/masterWork/tests/samePrefixMarkedMtx2304/depth3/node2/test1_3.mtx 1.2 430.863 0.0664844 0.81 
/home/antonkov/masterWork/tests/samePrefixMarkedMtx2304/depth3/node2/test1_3.mtx 1.3 408.734 0.0495009 0.63 
/home/antonkov/masterWork/tests/samePrefixMarkedMtx2304/depth3/node2/test1_3.mtx 1.4 526.358 0.0380056 0.495 
/home/antonkov/masterWork/tests/samePrefixMarkedMtx2304/depth3/node2/test1_3.mtx 1.5 485.162 0.0250586 0.335 
/home/antonkov/masterWork/tests/samePrefixMarkedMtx2304/depth3/node2/test1_3.mtx 1.6 546.543 0.0143981 0.2 
/home/antonkov/masterWork/tests/samePrefixMarkedMtx2304/depth3/node2/test1_3.mtx 1.7 667.134 0.00728212 0.108 
/home/antonkov/masterWork/tests/samePrefixMarkedMtx2304/depth3/node2/test1_3.mtx 1.8 909.294 0.00371914 0.0555556 
/home/antonkov/masterWork/tests/samePrefixMarkedMtx2304/depth3/node2/test1_3.mtx 1.9 1627.08 0.0014824 0.0236364 
/home/antonkov/masterWork/tests/samePrefixMarkedMtx2304/depth3/node2/test1_3.mtx 2 3903.35 0.000428893 0.00704225 
/home/antonkov/masterWork/tests/samePrefixMarkedMtx2304/depth3/node2/test1_3.mtx 2.1 0 -1 -1 
/home/antonkov/masterWork/tests/samePrefixMarkedMtx2304/depth3/node2/test1_3.mtx 2.2 0 -1 -1 
/home/antonkov/masterWork/tests/samePrefixMarkedMtx2304/depth3/node2/test1_3.mtx 2.3 0 -1 -1 
/home/antonkov/masterWork/tests/samePrefixMarkedMtx2304/depth3/node2/test1_3.mtx 2.4 0 -1 -1 
/home/antonkov/masterWork/tests/samePrefixMarkedMtx2304/depth3/node2/test1_3.mtx 2.5 0 -1 -1 
/home/antonkov/masterWork/tests/samePrefixMarkedMtx2304/depth3/node2/test1_3.mtx 2.6 0 -1 -1 
/home/antonkov/masterWork/tests/samePrefixMarkedMtx2304/depth3/node2/test1_3.mtx 2.7 0 -1 -1 
/home/antonkov/masterWork/tests/samePrefixMarkedMtx2304/depth3/node2/test1_3.mtx 2.8 0 -1 -1 
/home/antonkov/masterWork/tests/samePrefixMarkedMtx2304/depth3/node2/test1_3.mtx 2.9 0 -1 -1 
/home/antonkov/masterWork/tests/samePrefixMarkedMtx2304/depth3/node2/test1_3.mtx 3 0 -1 -1 
/home/antonkov/masterWork/tests/samePrefixMarkedMtx2304/depth3/node2/test1_3.mtx 3.1 0 -1 -1 
/home/antonkov/masterWork/tests/samePrefixMarkedMtx2304/depth3/node2/test1_3.mtx 3.2 0 -1 -1 
/home/antonkov/masterWork/tests/samePrefixMarkedMtx2304/depth3/node2/test1_3.mtx 3.3 0 -1 -1 
/home/antonkov/masterWork/tests/samePrefixMarkedMtx2304/depth3/node2/test1_3.mtx 3.4 0 -1 -1 
/home/antonkov/masterWork/tests/samePrefixMarkedMtx2304/depth3/node2/test1_3.mtx 3.5 0 -1 -1 
/home/antonkov/masterWork/tests/samePrefixMarkedMtx2304/depth3/node2/test1_4.mtx 1 438.9 0.0900694 0.94 
/home/antonkov/masterWork/tests/samePrefixMarkedMtx2304/depth3/node2/test1_4.mtx 1.1 433.702 0.081237 0.89 
/home/antonkov/masterWork/tests/samePrefixMarkedMtx2304/depth3/node2/test1_4.mtx 1.2 432.953 0.0693056 0.81 
/home/antonkov/masterWork/tests/samePrefixMarkedMtx2304/depth3/node2/test1_4.mtx 1.3 407.297 0.0540104 0.65 
/home/antonkov/masterWork/tests/samePrefixMarkedMtx2304/depth3/node2/test1_4.mtx 1.4 385.234 0.0422266 0.53 
/home/antonkov/masterWork/tests/samePrefixMarkedMtx2304/depth3/node2/test1_4.mtx 1.5 501.945 0.0297504 0.41 
/home/antonkov/masterWork/tests/samePrefixMarkedMtx2304/depth3/node2/test1_4.mtx 1.6 561.557 0.0135547 0.203333 
/home/antonkov/masterWork/tests/samePrefixMarkedMtx2304/depth3/node2/test1_4.mtx 1.7 658.976 0.00684375 0.1 
/home/antonkov/masterWork/tests/samePrefixMarkedMtx2304/depth3/node2/test1_4.mtx 1.8 1028.16 0.00312421 0.0472727 
/home/antonkov/masterWork/tests/samePrefixMarkedMtx2304/depth3/node2/test1_4.mtx 1.9 1941.31 0.0012083 0.0178571 
/home/antonkov/masterWork/tests/samePrefixMarkedMtx2304/depth3/node2/test1_4.mtx 2 3513.38 0.000490655 0.0078125 
/home/antonkov/masterWork/tests/samePrefixMarkedMtx2304/depth3/node2/test1_4.mtx 2.1 0 -1 -1 
/home/antonkov/masterWork/tests/samePrefixMarkedMtx2304/depth3/node2/test1_4.mtx 2.2 0 -1 -1 
/home/antonkov/masterWork/tests/samePrefixMarkedMtx2304/depth3/node2/test1_4.mtx 2.3 0 -1 -1 
/home/antonkov/masterWork/tests/samePrefixMarkedMtx2304/depth3/node2/test1_4.mtx 2.4 0 -1 -1 
/home/antonkov/masterWork/tests/samePrefixMarkedMtx2304/depth3/node2/test1_4.mtx 2.5 0 -1 -1 
/home/antonkov/masterWork/tests/samePrefixMarkedMtx2304/depth3/node2/test1_4.mtx 2.6 0 -1 -1 
/home/antonkov/masterWork/tests/samePrefixMarkedMtx2304/depth3/node2/test1_4.mtx 2.7 0 -1 -1 
/home/antonkov/masterWork/tests/samePrefixMarkedMtx2304/depth3/node2/test1_4.mtx 2.8 0 -1 -1 
/home/antonkov/masterWork/tests/samePrefixMarkedMtx2304/depth3/node2/test1_4.mtx 2.9 0 -1 -1 
/home/antonkov/masterWork/tests/samePrefixMarkedMtx2304/depth3/node2/test1_4.mtx 3 0 -1 -1 
/home/antonkov/masterWork/tests/samePrefixMarkedMtx2304/depth3/node2/test1_4.mtx 3.1 0 -1 -1 
/home/antonkov/masterWork/tests/samePrefixMarkedMtx2304/depth3/node2/test1_4.mtx 3.2 0 -1 -1 
/home/antonkov/masterWork/tests/samePrefixMarkedMtx2304/depth3/node2/test1_4.mtx 3.3 0 -1 -1 
/home/antonkov/masterWork/tests/samePrefixMarkedMtx2304/depth3/node2/test1_4.mtx 3.4 0 -1 -1 
/home/antonkov/masterWork/tests/samePrefixMarkedMtx2304/depth3/node2/test1_4.mtx 3.5 0 -1 -1 
/home/antonkov/masterWork/tests/samePrefixMarkedMtx2304/depth3/node2/test2_0.mtx 1 478.222 0.0938585 0.96 
/home/antonkov/masterWork/tests/samePrefixMarkedMtx2304/depth3/node2/test2_0.mtx 1.1 474.023 0.0852734 0.92 
/home/antonkov/masterWork/tests/samePrefixMarkedMtx2304/depth3/node2/test2_0.mtx 1.2 471.32 0.0728689 0.82 
/home/antonkov/masterWork/tests/samePrefixMarkedMtx2304/depth3/node2/test2_0.mtx 1.3 470.533 0.059171 0.73 
/home/antonkov/masterWork/tests/samePrefixMarkedMtx2304/depth3/node2/test2_0.mtx 1.4 444.323 0.0427561 0.55 
/home/antonkov/masterWork/tests/samePrefixMarkedMtx2304/depth3/node2/test2_0.mtx 1.5 545.736 0.0288043 0.375 
/home/antonkov/masterWork/tests/samePrefixMarkedMtx2304/depth3/node2/test2_0.mtx 1.6 618.702 0.0143359 0.203333 
/home/antonkov/masterWork/tests/samePrefixMarkedMtx2304/depth3/node2/test2_0.mtx 1.7 707.646 0.00685243 0.1 
/home/antonkov/masterWork/tests/samePrefixMarkedMtx2304/depth3/node2/test2_0.mtx 1.8 1003.45 0.00325217 0.055 
/home/antonkov/masterWork/tests/samePrefixMarkedMtx2304/depth3/node2/test2_0.mtx 1.9 2230.24 0.00100559 0.01625 
/home/antonkov/masterWork/tests/samePrefixMarkedMtx2304/depth3/node2/test2_0.mtx 2 4302.85 0.000379286 0.00625 
/home/antonkov/masterWork/tests/samePrefixMarkedMtx2304/depth3/node2/test2_0.mtx 2.1 0 -1 -1 
/home/antonkov/masterWork/tests/samePrefixMarkedMtx2304/depth3/node2/test2_0.mtx 2.2 0 -1 -1 
/home/antonkov/masterWork/tests/samePrefixMarkedMtx2304/depth3/node2/test2_0.mtx 2.3 0 -1 -1 
/home/antonkov/masterWork/tests/samePrefixMarkedMtx2304/depth3/node2/test2_0.mtx 2.4 0 -1 -1 
/home/antonkov/masterWork/tests/samePrefixMarkedMtx2304/depth3/node2/test2_0.mtx 2.5 0 -1 -1 
/home/antonkov/masterWork/tests/samePrefixMarkedMtx2304/depth3/node2/test2_0.mtx 2.6 0 -1 -1 
/home/antonkov/masterWork/tests/samePrefixMarkedMtx2304/depth3/node2/test2_0.mtx 2.7 0 -1 -1 
/home/antonkov/masterWork/tests/samePrefixMarkedMtx2304/depth3/node2/test2_0.mtx 2.8 0 -1 -1 
/home/antonkov/masterWork/tests/samePrefixMarkedMtx2304/depth3/node2/test2_0.mtx 2.9 0 -1 -1 
/home/antonkov/masterWork/tests/samePrefixMarkedMtx2304/depth3/node2/test2_0.mtx 3 0 -1 -1 
/home/antonkov/masterWork/tests/samePrefixMarkedMtx2304/depth3/node2/test2_0.mtx 3.1 0 -1 -1 
/home/antonkov/masterWork/tests/samePrefixMarkedMtx2304/depth3/node2/test2_0.mtx 3.2 0 -1 -1 
/home/antonkov/masterWork/tests/samePrefixMarkedMtx2304/depth3/node2/test2_0.mtx 3.3 0 -1 -1 
/home/antonkov/masterWork/tests/samePrefixMarkedMtx2304/depth3/node2/test2_0.mtx 3.4 0 -1 -1 
/home/antonkov/masterWork/tests/samePrefixMarkedMtx2304/depth3/node2/test2_0.mtx 3.5 0 -1 -1 
/home/antonkov/masterWork/tests/samePrefixMarkedMtx2304/depth3/node2/test2_1.mtx 1 481.819 0.0909939 0.97 
/home/antonkov/masterWork/tests/samePrefixMarkedMtx2304/depth3/node2/test2_1.mtx 1.1 479.484 0.0801042 0.9 
/home/antonkov/masterWork/tests/samePrefixMarkedMtx2304/depth3/node2/test2_1.mtx 1.2 467.511 0.067092 0.79 
/home/antonkov/masterWork/tests/samePrefixMarkedMtx2304/depth3/node2/test2_1.mtx 1.3 454.273 0.0523047 0.63 
/home/antonkov/masterWork/tests/samePrefixMarkedMtx2304/depth3/node2/test2_1.mtx 1.4 583.449 0.038431 0.485 
/home/antonkov/masterWork/tests/samePrefixMarkedMtx2304/depth3/node2/test2_1.mtx 1.5 545.541 0.0246571 0.325 
/home/antonkov/masterWork/tests/samePrefixMarkedMtx2304/depth3/node2/test2_1.mtx 1.6 612.404 0.0149219 0.206667 
/home/antonkov/masterWork/tests/samePrefixMarkedMtx2304/depth3/node2/test2_1.mtx 1.7 795.962 0.00647497 0.0916667 
/home/antonkov/masterWork/tests/samePrefixMarkedMtx2304/depth3/node2/test2_1.mtx 1.8 1022.04 0.00353429 0.051 
/home/antonkov/masterWork/tests/samePrefixMarkedMtx2304/depth3/node2/test2_1.mtx 1.9 2127.32 0.00104384 0.0166667 
/home/antonkov/masterWork/tests/samePrefixMarkedMtx2304/depth3/node2/test2_1.mtx 2 4328.73 0.000381944 0.00641026 
/home/antonkov/masterWork/tests/samePrefixMarkedMtx2304/depth3/node2/test2_1.mtx 2.1 0 -1 -1 
/home/antonkov/masterWork/tests/samePrefixMarkedMtx2304/depth3/node2/test2_1.mtx 2.2 0 -1 -1 
/home/antonkov/masterWork/tests/samePrefixMarkedMtx2304/depth3/node2/test2_1.mtx 2.3 0 -1 -1 
/home/antonkov/masterWork/tests/samePrefixMarkedMtx2304/depth3/node2/test2_1.mtx 2.4 0 -1 -1 
/home/antonkov/masterWork/tests/samePrefixMarkedMtx2304/depth3/node2/test2_1.mtx 2.5 0 -1 -1 
/home/antonkov/masterWork/tests/samePrefixMarkedMtx2304/depth3/node2/test2_1.mtx 2.6 0 -1 -1 
/home/antonkov/masterWork/tests/samePrefixMarkedMtx2304/depth3/node2/test2_1.mtx 2.7 0 -1 -1 
/home/antonkov/masterWork/tests/samePrefixMarkedMtx2304/depth3/node2/test2_1.mtx 2.8 0 -1 -1 
/home/antonkov/masterWork/tests/samePrefixMarkedMtx2304/depth3/node2/test2_1.mtx 2.9 0 -1 -1 
/home/antonkov/masterWork/tests/samePrefixMarkedMtx2304/depth3/node2/test2_1.mtx 3 0 -1 -1 
/home/antonkov/masterWork/tests/samePrefixMarkedMtx2304/depth3/node2/test2_1.mtx 3.1 0 -1 -1 
/home/antonkov/masterWork/tests/samePrefixMarkedMtx2304/depth3/node2/test2_1.mtx 3.2 0 -1 -1 
/home/antonkov/masterWork/tests/samePrefixMarkedMtx2304/depth3/node2/test2_1.mtx 3.3 0 -1 -1 
/home/antonkov/masterWork/tests/samePrefixMarkedMtx2304/depth3/node2/test2_1.mtx 3.4 0 -1 -1 
/home/antonkov/masterWork/tests/samePrefixMarkedMtx2304/depth3/node2/test2_1.mtx 3.5 0 -1 -1 
/home/antonkov/masterWork/tests/samePrefixMarkedMtx2304/depth3/node2/test2_2.mtx 1 474.021 0.0927257 0.96 
/home/antonkov/masterWork/tests/samePrefixMarkedMtx2304/depth3/node2/test2_2.mtx 1.1 481.872 0.080829 0.88 
/home/antonkov/masterWork/tests/samePrefixMarkedMtx2304/depth3/node2/test2_2.mtx 1.2 475.005 0.0688889 0.78 
/home/antonkov/masterWork/tests/samePrefixMarkedMtx2304/depth3/node2/test2_2.mtx 1.3 463.841 0.0551562 0.69 
/home/antonkov/masterWork/tests/samePrefixMarkedMtx2304/depth3/node2/test2_2.mtx 1.4 438.966 0.0392969 0.52 
/home/antonkov/masterWork/tests/samePrefixMarkedMtx2304/depth3/node2/test2_2.mtx 1.5 541.415 0.025306 0.35 
/home/antonkov/masterWork/tests/samePrefixMarkedMtx2304/depth3/node2/test2_2.mtx 1.6 600.65 0.0156713 0.226667 
/home/antonkov/masterWork/tests/samePrefixMarkedMtx2304/depth3/node2/test2_2.mtx 1.7 736.824 0.00739149 0.106 
/home/antonkov/masterWork/tests/samePrefixMarkedMtx2304/depth3/node2/test2_2.mtx 1.8 1045.51 0.00334245 0.05 
/home/antonkov/masterWork/tests/samePrefixMarkedMtx2304/depth3/node2/test2_2.mtx 1.9 1998.55 0.00114056 0.0182143 
/home/antonkov/masterWork/tests/samePrefixMarkedMtx2304/depth3/node2/test2_2.mtx 2 4632.1 0.0003798 0.00588235 
/home/antonkov/masterWork/tests/samePrefixMarkedMtx2304/depth3/node2/test2_2.mtx 2.1 0 -1 -1 
/home/antonkov/masterWork/tests/samePrefixMarkedMtx2304/depth3/node2/test2_2.mtx 2.2 0 -1 -1 
/home/antonkov/masterWork/tests/samePrefixMarkedMtx2304/depth3/node2/test2_2.mtx 2.3 0 -1 -1 
/home/antonkov/masterWork/tests/samePrefixMarkedMtx2304/depth3/node2/test2_2.mtx 2.4 0 -1 -1 
/home/antonkov/masterWork/tests/samePrefixMarkedMtx2304/depth3/node2/test2_2.mtx 2.5 0 -1 -1 
/home/antonkov/masterWork/tests/samePrefixMarkedMtx2304/depth3/node2/test2_2.mtx 2.6 0 -1 -1 
/home/antonkov/masterWork/tests/samePrefixMarkedMtx2304/depth3/node2/test2_2.mtx 2.7 0 -1 -1 
/home/antonkov/masterWork/tests/samePrefixMarkedMtx2304/depth3/node2/test2_2.mtx 2.8 0 -1 -1 
/home/antonkov/masterWork/tests/samePrefixMarkedMtx2304/depth3/node2/test2_2.mtx 2.9 0 -1 -1 
/home/antonkov/masterWork/tests/samePrefixMarkedMtx2304/depth3/node2/test2_2.mtx 3 0 -1 -1 
/home/antonkov/masterWork/tests/samePrefixMarkedMtx2304/depth3/node2/test2_2.mtx 3.1 0 -1 -1 
/home/antonkov/masterWork/tests/samePrefixMarkedMtx2304/depth3/node2/test2_2.mtx 3.2 0 -1 -1 
/home/antonkov/masterWork/tests/samePrefixMarkedMtx2304/depth3/node2/test2_2.mtx 3.3 0 -1 -1 
/home/antonkov/masterWork/tests/samePrefixMarkedMtx2304/depth3/node2/test2_2.mtx 3.4 0 -1 -1 
/home/antonkov/masterWork/tests/samePrefixMarkedMtx2304/depth3/node2/test2_2.mtx 3.5 0 -1 -1 
/home/antonkov/masterWork/tests/samePrefixMarkedMtx2304/depth3/node2/test2_3.mtx 1 481.236 0.0897005 0.93 
/home/antonkov/masterWork/tests/samePrefixMarkedMtx2304/depth3/node2/test2_3.mtx 1.1 481.256 0.0790885 0.86 
/home/antonkov/masterWork/tests/samePrefixMarkedMtx2304/depth3/node2/test2_3.mtx 1.2 481.766 0.0664453 0.75 
/home/antonkov/masterWork/tests/samePrefixMarkedMtx2304/depth3/node2/test2_3.mtx 1.3 456.418 0.0551649 0.66 
/home/antonkov/masterWork/tests/samePrefixMarkedMtx2304/depth3/node2/test2_3.mtx 1.4 437.369 0.0435026 0.56 
/home/antonkov/masterWork/tests/samePrefixMarkedMtx2304/depth3/node2/test2_3.mtx 1.5 539.492 0.0255707 0.355 
/home/antonkov/masterWork/tests/samePrefixMarkedMtx2304/depth3/node2/test2_3.mtx 1.6 607.097 0.0149783 0.2 
/home/antonkov/masterWork/tests/samePrefixMarkedMtx2304/depth3/node2/test2_3.mtx 1.7 716.276 0.00686806 0.102 
/home/antonkov/masterWork/tests/samePrefixMarkedMtx2304/depth3/node2/test2_3.mtx 1.8 1061.58 0.00314063 0.052 
/home/antonkov/masterWork/tests/samePrefixMarkedMtx2304/depth3/node2/test2_3.mtx 1.9 2002.12 0.00111917 0.0182143 
/home/antonkov/masterWork/tests/samePrefixMarkedMtx2304/depth3/node2/test2_3.mtx 2 4052.12 0.000414466 0.00704225 
/home/antonkov/masterWork/tests/samePrefixMarkedMtx2304/depth3/node2/test2_3.mtx 2.1 0 -1 -1 
/home/antonkov/masterWork/tests/samePrefixMarkedMtx2304/depth3/node2/test2_3.mtx 2.2 0 -1 -1 
/home/antonkov/masterWork/tests/samePrefixMarkedMtx2304/depth3/node2/test2_3.mtx 2.3 0 -1 -1 
/home/antonkov/masterWork/tests/samePrefixMarkedMtx2304/depth3/node2/test2_3.mtx 2.4 0 -1 -1 
/home/antonkov/masterWork/tests/samePrefixMarkedMtx2304/depth3/node2/test2_3.mtx 2.5 0 -1 -1 
/home/antonkov/masterWork/tests/samePrefixMarkedMtx2304/depth3/node2/test2_3.mtx 2.6 0 -1 -1 
/home/antonkov/masterWork/tests/samePrefixMarkedMtx2304/depth3/node2/test2_3.mtx 2.7 0 -1 -1 
/home/antonkov/masterWork/tests/samePrefixMarkedMtx2304/depth3/node2/test2_3.mtx 2.8 0 -1 -1 
/home/antonkov/masterWork/tests/samePrefixMarkedMtx2304/depth3/node2/test2_3.mtx 2.9 0 -1 -1 
/home/antonkov/masterWork/tests/samePrefixMarkedMtx2304/depth3/node2/test2_3.mtx 3 0 -1 -1 
/home/antonkov/masterWork/tests/samePrefixMarkedMtx2304/depth3/node2/test2_3.mtx 3.1 0 -1 -1 
/home/antonkov/masterWork/tests/samePrefixMarkedMtx2304/depth3/node2/test2_3.mtx 3.2 0 -1 -1 
/home/antonkov/masterWork/tests/samePrefixMarkedMtx2304/depth3/node2/test2_3.mtx 3.3 0 -1 -1 
/home/antonkov/masterWork/tests/samePrefixMarkedMtx2304/depth3/node2/test2_3.mtx 3.4 0 -1 -1 
/home/antonkov/masterWork/tests/samePrefixMarkedMtx2304/depth3/node2/test2_3.mtx 3.5 0 -1 -1 
/home/antonkov/masterWork/tests/samePrefixMarkedMtx2304/depth3/node2/test2_4.mtx 1 487.799 0.0905642 0.94 
/home/antonkov/masterWork/tests/samePrefixMarkedMtx2304/depth3/node2/test2_4.mtx 1.1 474.79 0.0790842 0.87 
/home/antonkov/masterWork/tests/samePrefixMarkedMtx2304/depth3/node2/test2_4.mtx 1.2 475.485 0.0699479 0.82 
/home/antonkov/masterWork/tests/samePrefixMarkedMtx2304/depth3/node2/test2_4.mtx 1.3 458.057 0.0557161 0.68 
/home/antonkov/masterWork/tests/samePrefixMarkedMtx2304/depth3/node2/test2_4.mtx 1.4 436.352 0.038099 0.5 
/home/antonkov/masterWork/tests/samePrefixMarkedMtx2304/depth3/node2/test2_4.mtx 1.5 542.916 0.0260286 0.345 
/home/antonkov/masterWork/tests/samePrefixMarkedMtx2304/depth3/node2/test2_4.mtx 1.6 603.681 0.0151259 0.21 
/home/antonkov/masterWork/tests/samePrefixMarkedMtx2304/depth3/node2/test2_4.mtx 1.7 723.618 0.007375 0.102 
/home/antonkov/masterWork/tests/samePrefixMarkedMtx2304/depth3/node2/test2_4.mtx 1.8 1144.89 0.00286603 0.0433333 
/home/antonkov/masterWork/tests/samePrefixMarkedMtx2304/depth3/node2/test2_4.mtx 1.9 2298 0.00101409 0.015 
/home/antonkov/masterWork/tests/samePrefixMarkedMtx2304/depth3/node2/test2_4.mtx 2 4325.13 0.000395454 0.00625 
/home/antonkov/masterWork/tests/samePrefixMarkedMtx2304/depth3/node2/test2_4.mtx 2.1 0 -1 -1 
/home/antonkov/masterWork/tests/samePrefixMarkedMtx2304/depth3/node2/test2_4.mtx 2.2 0 -1 -1 
/home/antonkov/masterWork/tests/samePrefixMarkedMtx2304/depth3/node2/test2_4.mtx 2.3 0 -1 -1 
/home/antonkov/masterWork/tests/samePrefixMarkedMtx2304/depth3/node2/test2_4.mtx 2.4 0 -1 -1 
/home/antonkov/masterWork/tests/samePrefixMarkedMtx2304/depth3/node2/test2_4.mtx 2.5 0 -1 -1 
/home/antonkov/masterWork/tests/samePrefixMarkedMtx2304/depth3/node2/test2_4.mtx 2.6 0 -1 -1 
/home/antonkov/masterWork/tests/samePrefixMarkedMtx2304/depth3/node2/test2_4.mtx 2.7 0 -1 -1 
/home/antonkov/masterWork/tests/samePrefixMarkedMtx2304/depth3/node2/test2_4.mtx 2.8 0 -1 -1 
/home/antonkov/masterWork/tests/samePrefixMarkedMtx2304/depth3/node2/test2_4.mtx 2.9 0 -1 -1 
/home/antonkov/masterWork/tests/samePrefixMarkedMtx2304/depth3/node2/test2_4.mtx 3 0 -1 -1 
/home/antonkov/masterWork/tests/samePrefixMarkedMtx2304/depth3/node2/test2_4.mtx 3.1 0 -1 -1 
/home/antonkov/masterWork/tests/samePrefixMarkedMtx2304/depth3/node2/test2_4.mtx 3.2 0 -1 -1 
/home/antonkov/masterWork/tests/samePrefixMarkedMtx2304/depth3/node2/test2_4.mtx 3.3 0 -1 -1 
/home/antonkov/masterWork/tests/samePrefixMarkedMtx2304/depth3/node2/test2_4.mtx 3.4 0 -1 -1 
/home/antonkov/masterWork/tests/samePrefixMarkedMtx2304/depth3/node2/test2_4.mtx 3.5 0 -1 -1 
/home/antonkov/masterWork/tests/samePrefixMarkedMtx2304/depth3/node2/test3_0.mtx 1 479.612 0.0907726 0.94 
/home/antonkov/masterWork/tests/samePrefixMarkedMtx2304/depth3/node2/test3_0.mtx 1.1 479.81 0.0816102 0.9 
/home/antonkov/masterWork/tests/samePrefixMarkedMtx2304/depth3/node2/test3_0.mtx 1.2 476.761 0.0697266 0.8 
/home/antonkov/masterWork/tests/samePrefixMarkedMtx2304/depth3/node2/test3_0.mtx 1.3 450.53 0.0497656 0.61 
/home/antonkov/masterWork/tests/samePrefixMarkedMtx2304/depth3/node2/test3_0.mtx 1.4 580.57 0.0390668 0.51 
/home/antonkov/masterWork/tests/samePrefixMarkedMtx2304/depth3/node2/test3_0.mtx 1.5 543.89 0.0238715 0.335 
/home/antonkov/masterWork/tests/samePrefixMarkedMtx2304/depth3/node2/test3_0.mtx 1.6 597.991 0.0144734 0.203333 
/home/antonkov/masterWork/tests/samePrefixMarkedMtx2304/depth3/node2/test3_0.mtx 1.7 810.779 0.0061726 0.0866667 
/home/antonkov/masterWork/tests/samePrefixMarkedMtx2304/depth3/node2/test3_0.mtx 1.8 1160.14 0.00273618 0.0425 
/home/antonkov/masterWork/tests/samePrefixMarkedMtx2304/depth3/node2/test3_0.mtx 1.9 1986.05 0.00123171 0.0178571 
/home/antonkov/masterWork/tests/samePrefixMarkedMtx2304/depth3/node2/test3_0.mtx 2 4187.76 0.000393309 0.00657895 
/home/antonkov/masterWork/tests/samePrefixMarkedMtx2304/depth3/node2/test3_0.mtx 2.1 0 -1 -1 
/home/antonkov/masterWork/tests/samePrefixMarkedMtx2304/depth3/node2/test3_0.mtx 2.2 0 -1 -1 
/home/antonkov/masterWork/tests/samePrefixMarkedMtx2304/depth3/node2/test3_0.mtx 2.3 0 -1 -1 
/home/antonkov/masterWork/tests/samePrefixMarkedMtx2304/depth3/node2/test3_0.mtx 2.4 0 -1 -1 
/home/antonkov/masterWork/tests/samePrefixMarkedMtx2304/depth3/node2/test3_0.mtx 2.5 0 -1 -1 
/home/antonkov/masterWork/tests/samePrefixMarkedMtx2304/depth3/node2/test3_0.mtx 2.6 0 -1 -1 
/home/antonkov/masterWork/tests/samePrefixMarkedMtx2304/depth3/node2/test3_0.mtx 2.7 0 -1 -1 
/home/antonkov/masterWork/tests/samePrefixMarkedMtx2304/depth3/node2/test3_0.mtx 2.8 0 -1 -1 
/home/antonkov/masterWork/tests/samePrefixMarkedMtx2304/depth3/node2/test3_0.mtx 2.9 0 -1 -1 
/home/antonkov/masterWork/tests/samePrefixMarkedMtx2304/depth3/node2/test3_0.mtx 3 0 -1 -1 
/home/antonkov/masterWork/tests/samePrefixMarkedMtx2304/depth3/node2/test3_0.mtx 3.1 0 -1 -1 
/home/antonkov/masterWork/tests/samePrefixMarkedMtx2304/depth3/node2/test3_0.mtx 3.2 0 -1 -1 
/home/antonkov/masterWork/tests/samePrefixMarkedMtx2304/depth3/node2/test3_0.mtx 3.3 0 -1 -1 
/home/antonkov/masterWork/tests/samePrefixMarkedMtx2304/depth3/node2/test3_0.mtx 3.4 0 -1 -1 
/home/antonkov/masterWork/tests/samePrefixMarkedMtx2304/depth3/node2/test3_0.mtx 3.5 0 -1 -1 
/home/antonkov/masterWork/tests/samePrefixMarkedMtx2304/depth3/node2/test3_1.mtx 1 484.117 0.0910937 0.95 
/home/antonkov/masterWork/tests/samePrefixMarkedMtx2304/depth3/node2/test3_1.mtx 1.1 475.81 0.079158 0.85 
/home/antonkov/masterWork/tests/samePrefixMarkedMtx2304/depth3/node2/test3_1.mtx 1.2 480.678 0.0696484 0.81 
/home/antonkov/masterWork/tests/samePrefixMarkedMtx2304/depth3/node2/test3_1.mtx 1.3 463.877 0.0570747 0.69 
/home/antonkov/masterWork/tests/samePrefixMarkedMtx2304/depth3/node2/test3_1.mtx 1.4 435.698 0.0395616 0.5 
/home/antonkov/masterWork/tests/samePrefixMarkedMtx2304/depth3/node2/test3_1.mtx 1.5 556.206 0.0266623 0.355 
/home/antonkov/masterWork/tests/samePrefixMarkedMtx2304/depth3/node2/test3_1.mtx 1.6 610.717 0.0163006 0.223333 
/home/antonkov/masterWork/tests/samePrefixMarkedMtx2304/depth3/node2/test3_1.mtx 1.7 663.62 0.00787652 0.125 
/home/antonkov/masterWork/tests/samePrefixMarkedMtx2304/depth3/node2/test3_1.mtx 1.8 1177.05 0.00280635 0.0416667 
/home/antonkov/masterWork/tests/samePrefixMarkedMtx2304/depth3/node2/test3_1.mtx 1.9 1948.68 0.00131414 0.0192593 
/home/antonkov/masterWork/tests/samePrefixMarkedMtx2304/depth3/node2/test3_1.mtx 2 3990.8 0.000439453 0.00694444 
/home/antonkov/masterWork/tests/samePrefixMarkedMtx2304/depth3/node2/test3_1.mtx 2.1 0 -1 -1 
/home/antonkov/masterWork/tests/samePrefixMarkedMtx2304/depth3/node2/test3_1.mtx 2.2 0 -1 -1 
/home/antonkov/masterWork/tests/samePrefixMarkedMtx2304/depth3/node2/test3_1.mtx 2.3 0 -1 -1 
/home/antonkov/masterWork/tests/samePrefixMarkedMtx2304/depth3/node2/test3_1.mtx 2.4 0 -1 -1 
/home/antonkov/masterWork/tests/samePrefixMarkedMtx2304/depth3/node2/test3_1.mtx 2.5 0 -1 -1 
/home/antonkov/masterWork/tests/samePrefixMarkedMtx2304/depth3/node2/test3_1.mtx 2.6 0 -1 -1 
/home/antonkov/masterWork/tests/samePrefixMarkedMtx2304/depth3/node2/test3_1.mtx 2.7 0 -1 -1 
/home/antonkov/masterWork/tests/samePrefixMarkedMtx2304/depth3/node2/test3_1.mtx 2.8 0 -1 -1 
/home/antonkov/masterWork/tests/samePrefixMarkedMtx2304/depth3/node2/test3_1.mtx 2.9 0 -1 -1 
/home/antonkov/masterWork/tests/samePrefixMarkedMtx2304/depth3/node2/test3_1.mtx 3 0 -1 -1 
/home/antonkov/masterWork/tests/samePrefixMarkedMtx2304/depth3/node2/test3_1.mtx 3.1 0 -1 -1 
/home/antonkov/masterWork/tests/samePrefixMarkedMtx2304/depth3/node2/test3_1.mtx 3.2 0 -1 -1 
/home/antonkov/masterWork/tests/samePrefixMarkedMtx2304/depth3/node2/test3_1.mtx 3.3 0 -1 -1 
/home/antonkov/masterWork/tests/samePrefixMarkedMtx2304/depth3/node2/test3_1.mtx 3.4 0 -1 -1 
/home/antonkov/masterWork/tests/samePrefixMarkedMtx2304/depth3/node2/test3_1.mtx 3.5 0 -1 -1 
/home/antonkov/masterWork/tests/samePrefixMarkedMtx2304/depth3/node2/test3_2.mtx 1 480.505 0.0933073 0.97 
/home/antonkov/masterWork/tests/samePrefixMarkedMtx2304/depth3/node2/test3_2.mtx 1.1 475.378 0.082105 0.9 
/home/antonkov/masterWork/tests/samePrefixMarkedMtx2304/depth3/node2/test3_2.mtx 1.2 475.331 0.0692187 0.79 
/home/antonkov/masterWork/tests/samePrefixMarkedMtx2304/depth3/node2/test3_2.mtx 1.3 462.128 0.0567144 0.68 
/home/antonkov/masterWork/tests/samePrefixMarkedMtx2304/depth3/node2/test3_2.mtx 1.4 447.554 0.0389887 0.51 
/home/antonkov/masterWork/tests/samePrefixMarkedMtx2304/depth3/node2/test3_2.mtx 1.5 558.157 0.0272678 0.37 
/home/antonkov/masterWork/tests/samePrefixMarkedMtx2304/depth3/node2/test3_2.mtx 1.6 612.866 0.0139352 0.196667 
/home/antonkov/masterWork/tests/samePrefixMarkedMtx2304/depth3/node2/test3_2.mtx 1.7 801.417 0.00679181 0.1 
/home/antonkov/masterWork/tests/samePrefixMarkedMtx2304/depth3/node2/test3_2.mtx 1.8 1275.31 0.00274895 0.0407143 
/home/antonkov/masterWork/tests/samePrefixMarkedMtx2304/depth3/node2/test3_2.mtx 1.9 2028.27 0.00107908 0.0172414 
/home/antonkov/masterWork/tests/samePrefixMarkedMtx2304/depth3/node2/test3_2.mtx 2 4590.79 0.000367735 0.00595238 
/home/antonkov/masterWork/tests/samePrefixMarkedMtx2304/depth3/node2/test3_2.mtx 2.1 0 -1 -1 
/home/antonkov/masterWork/tests/samePrefixMarkedMtx2304/depth3/node2/test3_2.mtx 2.2 0 -1 -1 
/home/antonkov/masterWork/tests/samePrefixMarkedMtx2304/depth3/node2/test3_2.mtx 2.3 0 -1 -1 
/home/antonkov/masterWork/tests/samePrefixMarkedMtx2304/depth3/node2/test3_2.mtx 2.4 0 -1 -1 
/home/antonkov/masterWork/tests/samePrefixMarkedMtx2304/depth3/node2/test3_2.mtx 2.5 0 -1 -1 
/home/antonkov/masterWork/tests/samePrefixMarkedMtx2304/depth3/node2/test3_2.mtx 2.6 0 -1 -1 
/home/antonkov/masterWork/tests/samePrefixMarkedMtx2304/depth3/node2/test3_2.mtx 2.7 0 -1 -1 
/home/antonkov/masterWork/tests/samePrefixMarkedMtx2304/depth3/node2/test3_2.mtx 2.8 0 -1 -1 
/home/antonkov/masterWork/tests/samePrefixMarkedMtx2304/depth3/node2/test3_2.mtx 2.9 0 -1 -1 
/home/antonkov/masterWork/tests/samePrefixMarkedMtx2304/depth3/node2/test3_2.mtx 3 0 -1 -1 
/home/antonkov/masterWork/tests/samePrefixMarkedMtx2304/depth3/node2/test3_2.mtx 3.1 0 -1 -1 
/home/antonkov/masterWork/tests/samePrefixMarkedMtx2304/depth3/node2/test3_2.mtx 3.2 0 -1 -1 
/home/antonkov/masterWork/tests/samePrefixMarkedMtx2304/depth3/node2/test3_2.mtx 3.3 0 -1 -1 
/home/antonkov/masterWork/tests/samePrefixMarkedMtx2304/depth3/node2/test3_2.mtx 3.4 0 -1 -1 
/home/antonkov/masterWork/tests/samePrefixMarkedMtx2304/depth3/node2/test3_2.mtx 3.5 0 -1 -1 
/home/antonkov/masterWork/tests/samePrefixMarkedMtx2304/depth3/node2/test3_3.mtx 1 481.915 0.092526 0.96 
/home/antonkov/masterWork/tests/samePrefixMarkedMtx2304/depth3/node2/test3_3.mtx 1.1 481.724 0.080217 0.88 
/home/antonkov/masterWork/tests/samePrefixMarkedMtx2304/depth3/node2/test3_3.mtx 1.2 471.788 0.0675434 0.76 
/home/antonkov/masterWork/tests/samePrefixMarkedMtx2304/depth3/node2/test3_3.mtx 1.3 443.893 0.0526302 0.62 
/home/antonkov/masterWork/tests/samePrefixMarkedMtx2304/depth3/node2/test3_3.mtx 1.4 435.648 0.0418793 0.52 
/home/antonkov/masterWork/tests/samePrefixMarkedMtx2304/depth3/node2/test3_3.mtx 1.5 548.097 0.0280773 0.365 
/home/antonkov/masterWork/tests/samePrefixMarkedMtx2304/depth3/node2/test3_3.mtx 1.6 603.66 0.015855 0.21 
/home/antonkov/masterWork/tests/samePrefixMarkedMtx2304/depth3/node2/test3_3.mtx 1.7 735.061 0.00703646 0.102 
/home/antonkov/masterWork/tests/samePrefixMarkedMtx2304/depth3/node2/test3_3.mtx 1.8 969.806 0.00400125 0.0622222 
/home/antonkov/masterWork/tests/samePrefixMarkedMtx2304/depth3/node2/test3_3.mtx 1.9 1865.52 0.00139913 0.0208 
/home/antonkov/masterWork/tests/samePrefixMarkedMtx2304/depth3/node2/test3_3.mtx 2 4552.45 0.000397084 0.00607143 
/home/antonkov/masterWork/tests/samePrefixMarkedMtx2304/depth3/node2/test3_3.mtx 2.1 0 -1 -1 
/home/antonkov/masterWork/tests/samePrefixMarkedMtx2304/depth3/node2/test3_3.mtx 2.2 0 -1 -1 
/home/antonkov/masterWork/tests/samePrefixMarkedMtx2304/depth3/node2/test3_3.mtx 2.3 0 -1 -1 
/home/antonkov/masterWork/tests/samePrefixMarkedMtx2304/depth3/node2/test3_3.mtx 2.4 0 -1 -1 
/home/antonkov/masterWork/tests/samePrefixMarkedMtx2304/depth3/node2/test3_3.mtx 2.5 0 -1 -1 
/home/antonkov/masterWork/tests/samePrefixMarkedMtx2304/depth3/node2/test3_3.mtx 2.6 0 -1 -1 
/home/antonkov/masterWork/tests/samePrefixMarkedMtx2304/depth3/node2/test3_3.mtx 2.7 0 -1 -1 
/home/antonkov/masterWork/tests/samePrefixMarkedMtx2304/depth3/node2/test3_3.mtx 2.8 0 -1 -1 
/home/antonkov/masterWork/tests/samePrefixMarkedMtx2304/depth3/node2/test3_3.mtx 2.9 0 -1 -1 
/home/antonkov/masterWork/tests/samePrefixMarkedMtx2304/depth3/node2/test3_3.mtx 3 0 -1 -1 
/home/antonkov/masterWork/tests/samePrefixMarkedMtx2304/depth3/node2/test3_3.mtx 3.1 0 -1 -1 
/home/antonkov/masterWork/tests/samePrefixMarkedMtx2304/depth3/node2/test3_3.mtx 3.2 0 -1 -1 
/home/antonkov/masterWork/tests/samePrefixMarkedMtx2304/depth3/node2/test3_3.mtx 3.3 0 -1 -1 
/home/antonkov/masterWork/tests/samePrefixMarkedMtx2304/depth3/node2/test3_3.mtx 3.4 0 -1 -1 
/home/antonkov/masterWork/tests/samePrefixMarkedMtx2304/depth3/node2/test3_3.mtx 3.5 0 -1 -1 
/home/antonkov/masterWork/tests/samePrefixMarkedMtx2304/depth3/node2/test3_4.mtx 1 487.852 0.0940625 0.99 
/home/antonkov/masterWork/tests/samePrefixMarkedMtx2304/depth3/node2/test3_4.mtx 1.1 482.887 0.0852127 0.96 
/home/antonkov/masterWork/tests/samePrefixMarkedMtx2304/depth3/node2/test3_4.mtx 1.2 479.536 0.0721094 0.86 
/home/antonkov/masterWork/tests/samePrefixMarkedMtx2304/depth3/node2/test3_4.mtx 1.3 457.148 0.0542535 0.68 
/home/antonkov/masterWork/tests/samePrefixMarkedMtx2304/depth3/node2/test3_4.mtx 1.4 582.115 0.0401671 0.51 
/home/antonkov/masterWork/tests/samePrefixMarkedMtx2304/depth3/node2/test3_4.mtx 1.5 546.247 0.025638 0.345 
/home/antonkov/masterWork/tests/samePrefixMarkedMtx2304/depth3/node2/test3_4.mtx 1.6 617.551 0.016263 0.22 
/home/antonkov/masterWork/tests/samePrefixMarkedMtx2304/depth3/node2/test3_4.mtx 1.7 754.532 0.00804167 0.12 
/home/antonkov/masterWork/tests/samePrefixMarkedMtx2304/depth3/node2/test3_4.mtx 1.8 1003.91 0.00345095 0.051 
/home/antonkov/masterWork/tests/samePrefixMarkedMtx2304/depth3/node2/test3_4.mtx 1.9 1453.91 0.00177175 0.0263158 
/home/antonkov/masterWork/tests/samePrefixMarkedMtx2304/depth3/node2/test3_4.mtx 2 3330.59 0.000524725 0.00862069 
/home/antonkov/masterWork/tests/samePrefixMarkedMtx2304/depth3/node2/test3_4.mtx 2.1 0 -1 -1 
/home/antonkov/masterWork/tests/samePrefixMarkedMtx2304/depth3/node2/test3_4.mtx 2.2 0 -1 -1 
/home/antonkov/masterWork/tests/samePrefixMarkedMtx2304/depth3/node2/test3_4.mtx 2.3 0 -1 -1 
/home/antonkov/masterWork/tests/samePrefixMarkedMtx2304/depth3/node2/test3_4.mtx 2.4 0 -1 -1 
/home/antonkov/masterWork/tests/samePrefixMarkedMtx2304/depth3/node2/test3_4.mtx 2.5 0 -1 -1 
/home/antonkov/masterWork/tests/samePrefixMarkedMtx2304/depth3/node2/test3_4.mtx 2.6 0 -1 -1 
/home/antonkov/masterWork/tests/samePrefixMarkedMtx2304/depth3/node2/test3_4.mtx 2.7 0 -1 -1 
/home/antonkov/masterWork/tests/samePrefixMarkedMtx2304/depth3/node2/test3_4.mtx 2.8 0 -1 -1 
/home/antonkov/masterWork/tests/samePrefixMarkedMtx2304/depth3/node2/test3_4.mtx 2.9 0 -1 -1 
/home/antonkov/masterWork/tests/samePrefixMarkedMtx2304/depth3/node2/test3_4.mtx 3 0 -1 -1 
/home/antonkov/masterWork/tests/samePrefixMarkedMtx2304/depth3/node2/test3_4.mtx 3.1 0 -1 -1 
/home/antonkov/masterWork/tests/samePrefixMarkedMtx2304/depth3/node2/test3_4.mtx 3.2 0 -1 -1 
/home/antonkov/masterWork/tests/samePrefixMarkedMtx2304/depth3/node2/test3_4.mtx 3.3 0 -1 -1 
/home/antonkov/masterWork/tests/samePrefixMarkedMtx2304/depth3/node2/test3_4.mtx 3.4 0 -1 -1 
/home/antonkov/masterWork/tests/samePrefixMarkedMtx2304/depth3/node2/test3_4.mtx 3.5 0 -1 -1 
/home/antonkov/masterWork/tests/samePrefixMarkedMtx2304/depth3/node2/test4_0.mtx 1 459.682 0.0902257 0.97 
/home/antonkov/masterWork/tests/samePrefixMarkedMtx2304/depth3/node2/test4_0.mtx 1.1 460.363 0.0784028 0.88 
/home/antonkov/masterWork/tests/samePrefixMarkedMtx2304/depth3/node2/test4_0.mtx 1.2 450.477 0.0647483 0.78 
/home/antonkov/masterWork/tests/samePrefixMarkedMtx2304/depth3/node2/test4_0.mtx 1.3 435.633 0.0508464 0.65 
/home/antonkov/masterWork/tests/samePrefixMarkedMtx2304/depth3/node2/test4_0.mtx 1.4 553.177 0.0362326 0.46 
/home/antonkov/masterWork/tests/samePrefixMarkedMtx2304/depth3/node2/test4_0.mtx 1.5 518.425 0.023724 0.31 
/home/antonkov/masterWork/tests/samePrefixMarkedMtx2304/depth3/node2/test4_0.mtx 1.6 588.789 0.0156236 0.216667 
/home/antonkov/masterWork/tests/samePrefixMarkedMtx2304/depth3/node2/test4_0.mtx 1.7 714.967 0.00791233 0.108 
/home/antonkov/masterWork/tests/samePrefixMarkedMtx2304/depth3/node2/test4_0.mtx 1.8 1003.41 0.00381163 0.053 
/home/antonkov/masterWork/tests/samePrefixMarkedMtx2304/depth3/node2/test4_0.mtx 1.9 1388.77 0.00167462 0.0277778 
/home/antonkov/masterWork/tests/samePrefixMarkedMtx2304/depth3/node2/test4_0.mtx 2 3839.95 0.000424479 0.00714286 
/home/antonkov/masterWork/tests/samePrefixMarkedMtx2304/depth3/node2/test4_0.mtx 2.1 0 -1 -1 
/home/antonkov/masterWork/tests/samePrefixMarkedMtx2304/depth3/node2/test4_0.mtx 2.2 0 -1 -1 
/home/antonkov/masterWork/tests/samePrefixMarkedMtx2304/depth3/node2/test4_0.mtx 2.3 0 -1 -1 
/home/antonkov/masterWork/tests/samePrefixMarkedMtx2304/depth3/node2/test4_0.mtx 2.4 0 -1 -1 
/home/antonkov/masterWork/tests/samePrefixMarkedMtx2304/depth3/node2/test4_0.mtx 2.5 0 -1 -1 
/home/antonkov/masterWork/tests/samePrefixMarkedMtx2304/depth3/node2/test4_0.mtx 2.6 0 -1 -1 
/home/antonkov/masterWork/tests/samePrefixMarkedMtx2304/depth3/node2/test4_0.mtx 2.7 0 -1 -1 
/home/antonkov/masterWork/tests/samePrefixMarkedMtx2304/depth3/node2/test4_0.mtx 2.8 0 -1 -1 
/home/antonkov/masterWork/tests/samePrefixMarkedMtx2304/depth3/node2/test4_0.mtx 2.9 0 -1 -1 
/home/antonkov/masterWork/tests/samePrefixMarkedMtx2304/depth3/node2/test4_0.mtx 3 0 -1 -1 
/home/antonkov/masterWork/tests/samePrefixMarkedMtx2304/depth3/node2/test4_0.mtx 3.1 0 -1 -1 
/home/antonkov/masterWork/tests/samePrefixMarkedMtx2304/depth3/node2/test4_0.mtx 3.2 0 -1 -1 
/home/antonkov/masterWork/tests/samePrefixMarkedMtx2304/depth3/node2/test4_0.mtx 3.3 0 -1 -1 
/home/antonkov/masterWork/tests/samePrefixMarkedMtx2304/depth3/node2/test4_0.mtx 3.4 0 -1 -1 
/home/antonkov/masterWork/tests/samePrefixMarkedMtx2304/depth3/node2/test4_0.mtx 3.5 0 -1 -1 
/home/antonkov/masterWork/tests/samePrefixMarkedMtx2304/depth3/node2/test4_1.mtx 1 456.08 0.0882292 0.94 
/home/antonkov/masterWork/tests/samePrefixMarkedMtx2304/depth3/node2/test4_1.mtx 1.1 453.688 0.0767795 0.87 
/home/antonkov/masterWork/tests/samePrefixMarkedMtx2304/depth3/node2/test4_1.mtx 1.2 446.408 0.063099 0.72 
/home/antonkov/masterWork/tests/samePrefixMarkedMtx2304/depth3/node2/test4_1.mtx 1.3 434.286 0.0532031 0.67 
/home/antonkov/masterWork/tests/samePrefixMarkedMtx2304/depth3/node2/test4_1.mtx 1.4 548.607 0.0378494 0.49 
/home/antonkov/masterWork/tests/samePrefixMarkedMtx2304/depth3/node2/test4_1.mtx 1.5 510.611 0.0268186 0.375 
/home/antonkov/masterWork/tests/samePrefixMarkedMtx2304/depth3/node2/test4_1.mtx 1.6 598.334 0.014634 0.21 
/home/antonkov/masterWork/tests/samePrefixMarkedMtx2304/depth3/node2/test4_1.mtx 1.7 793.815 0.00708189 0.1 
/home/antonkov/masterWork/tests/samePrefixMarkedMtx2304/depth3/node2/test4_1.mtx 1.8 1059.65 0.00296836 0.0454545 
/home/antonkov/masterWork/tests/samePrefixMarkedMtx2304/depth3/node2/test4_1.mtx 1.9 2089.01 0.00112264 0.017931 
/home/antonkov/masterWork/tests/samePrefixMarkedMtx2304/depth3/node2/test4_1.mtx 2 4297.25 0.000396564 0.00657895 
/home/antonkov/masterWork/tests/samePrefixMarkedMtx2304/depth3/node2/test4_1.mtx 2.1 0 -1 -1 
/home/antonkov/masterWork/tests/samePrefixMarkedMtx2304/depth3/node2/test4_1.mtx 2.2 0 -1 -1 
/home/antonkov/masterWork/tests/samePrefixMarkedMtx2304/depth3/node2/test4_1.mtx 2.3 0 -1 -1 
/home/antonkov/masterWork/tests/samePrefixMarkedMtx2304/depth3/node2/test4_1.mtx 2.4 0 -1 -1 
/home/antonkov/masterWork/tests/samePrefixMarkedMtx2304/depth3/node2/test4_1.mtx 2.5 0 -1 -1 
/home/antonkov/masterWork/tests/samePrefixMarkedMtx2304/depth3/node2/test4_1.mtx 2.6 0 -1 -1 
/home/antonkov/masterWork/tests/samePrefixMarkedMtx2304/depth3/node2/test4_1.mtx 2.7 0 -1 -1 
/home/antonkov/masterWork/tests/samePrefixMarkedMtx2304/depth3/node2/test4_1.mtx 2.8 0 -1 -1 
/home/antonkov/masterWork/tests/samePrefixMarkedMtx2304/depth3/node2/test4_1.mtx 2.9 0 -1 -1 
/home/antonkov/masterWork/tests/samePrefixMarkedMtx2304/depth3/node2/test4_1.mtx 3 0 -1 -1 
/home/antonkov/masterWork/tests/samePrefixMarkedMtx2304/depth3/node2/test4_1.mtx 3.1 0 -1 -1 
/home/antonkov/masterWork/tests/samePrefixMarkedMtx2304/depth3/node2/test4_1.mtx 3.2 0 -1 -1 
/home/antonkov/masterWork/tests/samePrefixMarkedMtx2304/depth3/node2/test4_1.mtx 3.3 0 -1 -1 
/home/antonkov/masterWork/tests/samePrefixMarkedMtx2304/depth3/node2/test4_1.mtx 3.4 0 -1 -1 
/home/antonkov/masterWork/tests/samePrefixMarkedMtx2304/depth3/node2/test4_1.mtx 3.5 0 -1 -1 
/home/antonkov/masterWork/tests/samePrefixMarkedMtx2304/depth3/node2/test4_2.mtx 1 449.934 0.0916233 0.96 
/home/antonkov/masterWork/tests/samePrefixMarkedMtx2304/depth3/node2/test4_2.mtx 1.1 446.221 0.0814931 0.9 
/home/antonkov/masterWork/tests/samePrefixMarkedMtx2304/depth3/node2/test4_2.mtx 1.2 445.745 0.0688976 0.79 
/home/antonkov/masterWork/tests/samePrefixMarkedMtx2304/depth3/node2/test4_2.mtx 1.3 423.137 0.0540104 0.66 
/home/antonkov/masterWork/tests/samePrefixMarkedMtx2304/depth3/node2/test4_2.mtx 1.4 406.51 0.0404905 0.52 
/home/antonkov/masterWork/tests/samePrefixMarkedMtx2304/depth3/node2/test4_2.mtx 1.5 515.295 0.0281337 0.375 
/home/antonkov/masterWork/tests/samePrefixMarkedMtx2304/depth3/node2/test4_2.mtx 1.6 581.983 0.0161921 0.226667 
/home/antonkov/masterWork/tests/samePrefixMarkedMtx2304/depth3/node2/test4_2.mtx 1.7 700.99 0.00845833 0.116 
/home/antonkov/masterWork/tests/samePrefixMarkedMtx2304/depth3/node2/test4_2.mtx 1.8 919.831 0.00381076 0.0577778 
/home/antonkov/masterWork/tests/samePrefixMarkedMtx2304/depth3/node2/test4_2.mtx 1.9 1936.55 0.001182 0.0185185 
/home/antonkov/masterWork/tests/samePrefixMarkedMtx2304/depth3/node2/test4_2.mtx 2 3956.23 0.000405724 0.00704225 
/home/antonkov/masterWork/tests/samePrefixMarkedMtx2304/depth3/node2/test4_2.mtx 2.1 0 -1 -1 
/home/antonkov/masterWork/tests/samePrefixMarkedMtx2304/depth3/node2/test4_2.mtx 2.2 0 -1 -1 
/home/antonkov/masterWork/tests/samePrefixMarkedMtx2304/depth3/node2/test4_2.mtx 2.3 0 -1 -1 
/home/antonkov/masterWork/tests/samePrefixMarkedMtx2304/depth3/node2/test4_2.mtx 2.4 0 -1 -1 
/home/antonkov/masterWork/tests/samePrefixMarkedMtx2304/depth3/node2/test4_2.mtx 2.5 0 -1 -1 
/home/antonkov/masterWork/tests/samePrefixMarkedMtx2304/depth3/node2/test4_2.mtx 2.6 0 -1 -1 
/home/antonkov/masterWork/tests/samePrefixMarkedMtx2304/depth3/node2/test4_2.mtx 2.7 0 -1 -1 
/home/antonkov/masterWork/tests/samePrefixMarkedMtx2304/depth3/node2/test4_2.mtx 2.8 0 -1 -1 
/home/antonkov/masterWork/tests/samePrefixMarkedMtx2304/depth3/node2/test4_2.mtx 2.9 0 -1 -1 
/home/antonkov/masterWork/tests/samePrefixMarkedMtx2304/depth3/node2/test4_2.mtx 3 0 -1 -1 
/home/antonkov/masterWork/tests/samePrefixMarkedMtx2304/depth3/node2/test4_2.mtx 3.1 0 -1 -1 
/home/antonkov/masterWork/tests/samePrefixMarkedMtx2304/depth3/node2/test4_2.mtx 3.2 0 -1 -1 
/home/antonkov/masterWork/tests/samePrefixMarkedMtx2304/depth3/node2/test4_2.mtx 3.3 0 -1 -1 
/home/antonkov/masterWork/tests/samePrefixMarkedMtx2304/depth3/node2/test4_2.mtx 3.4 0 -1 -1 
/home/antonkov/masterWork/tests/samePrefixMarkedMtx2304/depth3/node2/test4_2.mtx 3.5 0 -1 -1 
/home/antonkov/masterWork/tests/samePrefixMarkedMtx2304/depth3/node2/test4_3.mtx 1 461.515 0.0912717 0.96 
/home/antonkov/masterWork/tests/samePrefixMarkedMtx2304/depth3/node2/test4_3.mtx 1.1 458.945 0.0832378 0.93 
/home/antonkov/masterWork/tests/samePrefixMarkedMtx2304/depth3/node2/test4_3.mtx 1.2 445.334 0.068533 0.84 
/home/antonkov/masterWork/tests/samePrefixMarkedMtx2304/depth3/node2/test4_3.mtx 1.3 427.108 0.0507335 0.65 
/home/antonkov/masterWork/tests/samePrefixMarkedMtx2304/depth3/node2/test4_3.mtx 1.4 553.359 0.0394227 0.51 
/home/antonkov/masterWork/tests/samePrefixMarkedMtx2304/depth3/node2/test4_3.mtx 1.5 518.747 0.0246441 0.34 
/home/antonkov/masterWork/tests/samePrefixMarkedMtx2304/depth3/node2/test4_3.mtx 1.6 579.118 0.0141291 0.196667 
/home/antonkov/masterWork/tests/samePrefixMarkedMtx2304/depth3/node2/test4_3.mtx 1.7 769.77 0.0067079 0.0933333 
/home/antonkov/masterWork/tests/samePrefixMarkedMtx2304/depth3/node2/test4_3.mtx 1.8 1125.52 0.00267253 0.0416667 
/home/antonkov/masterWork/tests/samePrefixMarkedMtx2304/depth3/node2/test4_3.mtx 1.9 1926.89 0.00127363 0.0185185 
/home/antonkov/masterWork/tests/samePrefixMarkedMtx2304/depth3/node2/test4_3.mtx 2 4175.03 0.000419147 0.00649351 
/home/antonkov/masterWork/tests/samePrefixMarkedMtx2304/depth3/node2/test4_3.mtx 2.1 0 -1 -1 
/home/antonkov/masterWork/tests/samePrefixMarkedMtx2304/depth3/node2/test4_3.mtx 2.2 0 -1 -1 
/home/antonkov/masterWork/tests/samePrefixMarkedMtx2304/depth3/node2/test4_3.mtx 2.3 0 -1 -1 
/home/antonkov/masterWork/tests/samePrefixMarkedMtx2304/depth3/node2/test4_3.mtx 2.4 0 -1 -1 
/home/antonkov/masterWork/tests/samePrefixMarkedMtx2304/depth3/node2/test4_3.mtx 2.5 0 -1 -1 
/home/antonkov/masterWork/tests/samePrefixMarkedMtx2304/depth3/node2/test4_3.mtx 2.6 0 -1 -1 
/home/antonkov/masterWork/tests/samePrefixMarkedMtx2304/depth3/node2/test4_3.mtx 2.7 0 -1 -1 
/home/antonkov/masterWork/tests/samePrefixMarkedMtx2304/depth3/node2/test4_3.mtx 2.8 0 -1 -1 
/home/antonkov/masterWork/tests/samePrefixMarkedMtx2304/depth3/node2/test4_3.mtx 2.9 0 -1 -1 
/home/antonkov/masterWork/tests/samePrefixMarkedMtx2304/depth3/node2/test4_3.mtx 3 0 -1 -1 
/home/antonkov/masterWork/tests/samePrefixMarkedMtx2304/depth3/node2/test4_3.mtx 3.1 0 -1 -1 
/home/antonkov/masterWork/tests/samePrefixMarkedMtx2304/depth3/node2/test4_3.mtx 3.2 0 -1 -1 
/home/antonkov/masterWork/tests/samePrefixMarkedMtx2304/depth3/node2/test4_3.mtx 3.3 0 -1 -1 
/home/antonkov/masterWork/tests/samePrefixMarkedMtx2304/depth3/node2/test4_3.mtx 3.4 0 -1 -1 
/home/antonkov/masterWork/tests/samePrefixMarkedMtx2304/depth3/node2/test4_3.mtx 3.5 0 -1 -1 
/home/antonkov/masterWork/tests/samePrefixMarkedMtx2304/depth3/node2/test4_4.mtx 1 456.923 0.0913194 0.96 
/home/antonkov/masterWork/tests/samePrefixMarkedMtx2304/depth3/node2/test4_4.mtx 1.1 450.505 0.0808247 0.91 
/home/antonkov/masterWork/tests/samePrefixMarkedMtx2304/depth3/node2/test4_4.mtx 1.2 442.133 0.0688108 0.84 
/home/antonkov/masterWork/tests/samePrefixMarkedMtx2304/depth3/node2/test4_4.mtx 1.3 422.42 0.051901 0.65 
/home/antonkov/masterWork/tests/samePrefixMarkedMtx2304/depth3/node2/test4_4.mtx 1.4 543.8 0.0373763 0.49 
/home/antonkov/masterWork/tests/samePrefixMarkedMtx2304/depth3/node2/test4_4.mtx 1.5 500.508 0.0238607 0.335 
/home/antonkov/masterWork/tests/samePrefixMarkedMtx2304/depth3/node2/test4_4.mtx 1.6 567.632 0.0138759 0.183333 
/home/antonkov/masterWork/tests/samePrefixMarkedMtx2304/depth3/node2/test4_4.mtx 1.7 701.204 0.00817708 0.114 
/home/antonkov/masterWork/tests/samePrefixMarkedMtx2304/depth3/node2/test4_4.mtx 1.8 1166.59 0.0027267 0.04 
/home/antonkov/masterWork/tests/samePrefixMarkedMtx2304/depth3/node2/test4_4.mtx 1.9 1816.93 0.00132445 0.02 
/home/antonkov/masterWork/tests/samePrefixMarkedMtx2304/depth3/node2/test4_4.mtx 2 4153.98 0.000421521 0.00671053 
/home/antonkov/masterWork/tests/samePrefixMarkedMtx2304/depth3/node2/test4_4.mtx 2.1 0 -1 -1 
/home/antonkov/masterWork/tests/samePrefixMarkedMtx2304/depth3/node2/test4_4.mtx 2.2 0 -1 -1 
/home/antonkov/masterWork/tests/samePrefixMarkedMtx2304/depth3/node2/test4_4.mtx 2.3 0 -1 -1 
/home/antonkov/masterWork/tests/samePrefixMarkedMtx2304/depth3/node2/test4_4.mtx 2.4 0 -1 -1 
/home/antonkov/masterWork/tests/samePrefixMarkedMtx2304/depth3/node2/test4_4.mtx 2.5 0 -1 -1 
/home/antonkov/masterWork/tests/samePrefixMarkedMtx2304/depth3/node2/test4_4.mtx 2.6 0 -1 -1 
/home/antonkov/masterWork/tests/samePrefixMarkedMtx2304/depth3/node2/test4_4.mtx 2.7 0 -1 -1 
/home/antonkov/masterWork/tests/samePrefixMarkedMtx2304/depth3/node2/test4_4.mtx 2.8 0 -1 -1 
/home/antonkov/masterWork/tests/samePrefixMarkedMtx2304/depth3/node2/test4_4.mtx 2.9 0 -1 -1 
/home/antonkov/masterWork/tests/samePrefixMarkedMtx2304/depth3/node2/test4_4.mtx 3 0 -1 -1 
/home/antonkov/masterWork/tests/samePrefixMarkedMtx2304/depth3/node2/test4_4.mtx 3.1 0 -1 -1 
/home/antonkov/masterWork/tests/samePrefixMarkedMtx2304/depth3/node2/test4_4.mtx 3.2 0 -1 -1 
/home/antonkov/masterWork/tests/samePrefixMarkedMtx2304/depth3/node2/test4_4.mtx 3.3 0 -1 -1 
/home/antonkov/masterWork/tests/samePrefixMarkedMtx2304/depth3/node2/test4_4.mtx 3.4 0 -1 -1 
/home/antonkov/masterWork/tests/samePrefixMarkedMtx2304/depth3/node2/test4_4.mtx 3.5 0 -1 -1 
