Results
Filename SNR Time(ms) BER FER
/home/antonkov/masterWork/tests/samePrefixMarkedMtx/depth3/node2/test0_0.mtx 1 144.599 0.0887066 0.87 
/home/antonkov/masterWork/tests/samePrefixMarkedMtx/depth3/node2/test0_0.mtx 1.1 124.97 0.0795226 0.815 
/home/antonkov/masterWork/tests/samePrefixMarkedMtx/depth3/node2/test0_0.mtx 1.2 116.464 0.0681597 0.725 
/home/antonkov/masterWork/tests/samePrefixMarkedMtx/depth3/node2/test0_0.mtx 1.3 104.137 0.059158 0.65 
/home/antonkov/masterWork/tests/samePrefixMarkedMtx/depth3/node2/test0_0.mtx 1.4 101.695 0.0498438 0.555 
/home/antonkov/masterWork/tests/samePrefixMarkedMtx/depth3/node2/test0_0.mtx 1.5 131.357 0.0408391 0.466667 
/home/antonkov/masterWork/tests/samePrefixMarkedMtx/depth3/node2/test0_0.mtx 1.6 116.942 0.0319387 0.39 
/home/antonkov/masterWork/tests/samePrefixMarkedMtx/depth3/node2/test0_0.mtx 1.7 136.602 0.0230773 0.2675 
/home/antonkov/masterWork/tests/samePrefixMarkedMtx/depth3/node2/test0_0.mtx 1.8 148.692 0.0187778 0.228 
/home/antonkov/masterWork/tests/samePrefixMarkedMtx/depth3/node2/test0_0.mtx 1.9 172.731 0.0136954 0.158571 
/home/antonkov/masterWork/tests/samePrefixMarkedMtx/depth3/node2/test0_0.mtx 2 207.293 0.00973958 0.118889 
/home/antonkov/masterWork/tests/samePrefixMarkedMtx/depth3/node2/test0_0.mtx 2.1 245.607 0.00726852 0.0883333 
/home/antonkov/masterWork/tests/samePrefixMarkedMtx/depth3/node2/test0_0.mtx 2.2 323.873 0.00458623 0.0561111 
/home/antonkov/masterWork/tests/samePrefixMarkedMtx/depth3/node2/test0_0.mtx 2.3 463.407 0.00280292 0.0348276 
/home/antonkov/masterWork/tests/samePrefixMarkedMtx/depth3/node2/test0_0.mtx 2.4 587.436 0.00183201 0.0240476 
/home/antonkov/masterWork/tests/samePrefixMarkedMtx/depth3/node2/test0_0.mtx 2.5 892.122 0.00107741 0.0148529 
/home/antonkov/masterWork/tests/samePrefixMarkedMtx/depth3/node2/test0_0.mtx 2.6 1251.76 0.000617405 0.00892857 
/home/antonkov/masterWork/tests/samePrefixMarkedMtx/depth3/node2/test0_0.mtx 2.7 1929.63 0.000347393 0.00492611 
/home/antonkov/masterWork/tests/samePrefixMarkedMtx/depth3/node2/test0_0.mtx 2.8 3189.4 0.000178936 0.00257732 
/home/antonkov/masterWork/tests/samePrefixMarkedMtx/depth3/node2/test0_0.mtx 2.9 4830.81 9.24145e-05 0.00153846 
/home/antonkov/masterWork/tests/samePrefixMarkedMtx/depth3/node2/test0_0.mtx 3 7567.95 5.27636e-05 0.000851789 
/home/antonkov/masterWork/tests/samePrefixMarkedMtx/depth3/node2/test0_0.mtx 3.1 0 -1 -1 
/home/antonkov/masterWork/tests/samePrefixMarkedMtx/depth3/node2/test0_0.mtx 3.2 0 -1 -1 
/home/antonkov/masterWork/tests/samePrefixMarkedMtx/depth3/node2/test0_0.mtx 3.3 0 -1 -1 
/home/antonkov/masterWork/tests/samePrefixMarkedMtx/depth3/node2/test0_0.mtx 3.4 0 -1 -1 
/home/antonkov/masterWork/tests/samePrefixMarkedMtx/depth3/node2/test0_0.mtx 3.5 0 -1 -1 
/home/antonkov/masterWork/tests/samePrefixMarkedMtx/depth3/node2/test0_1.mtx 1 122.335 0.0876389 0.845 
/home/antonkov/masterWork/tests/samePrefixMarkedMtx/depth3/node2/test0_1.mtx 1.1 116.615 0.0795139 0.785 
/home/antonkov/masterWork/tests/samePrefixMarkedMtx/depth3/node2/test0_1.mtx 1.2 122.802 0.0729253 0.75 
/home/antonkov/masterWork/tests/samePrefixMarkedMtx/depth3/node2/test0_1.mtx 1.3 103.359 0.0618924 0.655 
/home/antonkov/masterWork/tests/samePrefixMarkedMtx/depth3/node2/test0_1.mtx 1.4 98.8135 0.0521528 0.575 
/home/antonkov/masterWork/tests/samePrefixMarkedMtx/depth3/node2/test0_1.mtx 1.5 131.079 0.0415336 0.48 
/home/antonkov/masterWork/tests/samePrefixMarkedMtx/depth3/node2/test0_1.mtx 1.6 122.94 0.0334896 0.396667 
/home/antonkov/masterWork/tests/samePrefixMarkedMtx/depth3/node2/test0_1.mtx 1.7 138.651 0.0250391 0.295 
/home/antonkov/masterWork/tests/samePrefixMarkedMtx/depth3/node2/test0_1.mtx 1.8 146.581 0.0184861 0.222 
/home/antonkov/masterWork/tests/samePrefixMarkedMtx/depth3/node2/test0_1.mtx 1.9 174.49 0.0132093 0.154286 
/home/antonkov/masterWork/tests/samePrefixMarkedMtx/depth3/node2/test0_1.mtx 2 199.581 0.00995949 0.122222 
/home/antonkov/masterWork/tests/samePrefixMarkedMtx/depth3/node2/test0_1.mtx 2.1 240.205 0.00681713 0.0841667 
/home/antonkov/masterWork/tests/samePrefixMarkedMtx/depth3/node2/test0_1.mtx 2.2 339.76 0.00432383 0.0531579 
/home/antonkov/masterWork/tests/samePrefixMarkedMtx/depth3/node2/test0_1.mtx 2.3 493.628 0.00255208 0.0325806 
/home/antonkov/masterWork/tests/samePrefixMarkedMtx/depth3/node2/test0_1.mtx 2.4 792.656 0.00138739 0.0175862 
/home/antonkov/masterWork/tests/samePrefixMarkedMtx/depth3/node2/test0_1.mtx 2.5 1069.3 0.000869831 0.0114773 
/home/antonkov/masterWork/tests/samePrefixMarkedMtx/depth3/node2/test0_1.mtx 2.6 1407.42 0.000562789 0.00757576 
/home/antonkov/masterWork/tests/samePrefixMarkedMtx/depth3/node2/test0_1.mtx 2.7 2301.35 0.000291343 0.00404858 
/home/antonkov/masterWork/tests/samePrefixMarkedMtx/depth3/node2/test0_1.mtx 2.8 3323.35 0.000176049 0.00246305 
/home/antonkov/masterWork/tests/samePrefixMarkedMtx/depth3/node2/test0_1.mtx 2.9 5540.51 9.20679e-05 0.00129534 
/home/antonkov/masterWork/tests/samePrefixMarkedMtx/depth3/node2/test0_1.mtx 3 8432.9 4.60798e-05 0.000763359 
/home/antonkov/masterWork/tests/samePrefixMarkedMtx/depth3/node2/test0_1.mtx 3.1 0 -1 -1 
/home/antonkov/masterWork/tests/samePrefixMarkedMtx/depth3/node2/test0_1.mtx 3.2 0 -1 -1 
/home/antonkov/masterWork/tests/samePrefixMarkedMtx/depth3/node2/test0_1.mtx 3.3 0 -1 -1 
/home/antonkov/masterWork/tests/samePrefixMarkedMtx/depth3/node2/test0_1.mtx 3.4 0 -1 -1 
/home/antonkov/masterWork/tests/samePrefixMarkedMtx/depth3/node2/test0_1.mtx 3.5 0 -1 -1 
/home/antonkov/masterWork/tests/samePrefixMarkedMtx/depth3/node2/test0_2.mtx 1 121.94 0.0859722 0.84 
/home/antonkov/masterWork/tests/samePrefixMarkedMtx/depth3/node2/test0_2.mtx 1.1 120.442 0.0776562 0.78 
/home/antonkov/masterWork/tests/samePrefixMarkedMtx/depth3/node2/test0_2.mtx 1.2 109.221 0.0680035 0.705 
/home/antonkov/masterWork/tests/samePrefixMarkedMtx/depth3/node2/test0_2.mtx 1.3 100.018 0.0585069 0.615 
/home/antonkov/masterWork/tests/samePrefixMarkedMtx/depth3/node2/test0_2.mtx 1.4 98.4625 0.0507292 0.545 
/home/antonkov/masterWork/tests/samePrefixMarkedMtx/depth3/node2/test0_2.mtx 1.5 121.498 0.0372049 0.416667 
/home/antonkov/masterWork/tests/samePrefixMarkedMtx/depth3/node2/test0_2.mtx 1.6 140.1 0.0292188 0.34 
/home/antonkov/masterWork/tests/samePrefixMarkedMtx/depth3/node2/test0_2.mtx 1.7 131.935 0.021862 0.26 
/home/antonkov/masterWork/tests/samePrefixMarkedMtx/depth3/node2/test0_2.mtx 1.8 137.854 0.017059 0.21 
/home/antonkov/masterWork/tests/samePrefixMarkedMtx/depth3/node2/test0_2.mtx 1.9 157.578 0.0132986 0.171667 
/home/antonkov/masterWork/tests/samePrefixMarkedMtx/depth3/node2/test0_2.mtx 2 206.717 0.00913966 0.112222 
/home/antonkov/masterWork/tests/samePrefixMarkedMtx/depth3/node2/test0_2.mtx 2.1 281.777 0.00604415 0.0792857 
/home/antonkov/masterWork/tests/samePrefixMarkedMtx/depth3/node2/test0_2.mtx 2.2 342.787 0.00396564 0.0542105 
/home/antonkov/masterWork/tests/samePrefixMarkedMtx/depth3/node2/test0_2.mtx 2.3 489.419 0.00229167 0.03125 
/home/antonkov/masterWork/tests/samePrefixMarkedMtx/depth3/node2/test0_2.mtx 2.4 666.906 0.00164062 0.0214583 
/home/antonkov/masterWork/tests/samePrefixMarkedMtx/depth3/node2/test0_2.mtx 2.5 1020.66 0.000904514 0.01275 
/home/antonkov/masterWork/tests/samePrefixMarkedMtx/depth3/node2/test0_2.mtx 2.6 1398.94 0.000571937 0.00806452 
/home/antonkov/masterWork/tests/samePrefixMarkedMtx/depth3/node2/test0_2.mtx 2.7 2220.17 0.000302217 0.00429185 
/home/antonkov/masterWork/tests/samePrefixMarkedMtx/depth3/node2/test0_2.mtx 2.8 3103.2 0.000179382 0.00274725 
/home/antonkov/masterWork/tests/samePrefixMarkedMtx/depth3/node2/test0_2.mtx 2.9 5072.96 9.41594e-05 0.0014556 
/home/antonkov/masterWork/tests/samePrefixMarkedMtx/depth3/node2/test0_2.mtx 3 6798.3 5.7268e-05 0.000972763 
/home/antonkov/masterWork/tests/samePrefixMarkedMtx/depth3/node2/test0_2.mtx 3.1 0 -1 -1 
/home/antonkov/masterWork/tests/samePrefixMarkedMtx/depth3/node2/test0_2.mtx 3.2 0 -1 -1 
/home/antonkov/masterWork/tests/samePrefixMarkedMtx/depth3/node2/test0_2.mtx 3.3 0 -1 -1 
/home/antonkov/masterWork/tests/samePrefixMarkedMtx/depth3/node2/test0_2.mtx 3.4 0 -1 -1 
/home/antonkov/masterWork/tests/samePrefixMarkedMtx/depth3/node2/test0_2.mtx 3.5 0 -1 -1 
/home/antonkov/masterWork/tests/samePrefixMarkedMtx/depth3/node2/test0_3.mtx 1 120.947 0.0874392 0.855 
/home/antonkov/masterWork/tests/samePrefixMarkedMtx/depth3/node2/test0_3.mtx 1.1 119.257 0.0770226 0.78 
/home/antonkov/masterWork/tests/samePrefixMarkedMtx/depth3/node2/test0_3.mtx 1.2 106.345 0.0670486 0.69 
/home/antonkov/masterWork/tests/samePrefixMarkedMtx/depth3/node2/test0_3.mtx 1.3 100.116 0.0590538 0.62 
/home/antonkov/masterWork/tests/samePrefixMarkedMtx/depth3/node2/test0_3.mtx 1.4 96.1671 0.0511285 0.55 
/home/antonkov/masterWork/tests/samePrefixMarkedMtx/depth3/node2/test0_3.mtx 1.5 120.417 0.03875 0.436667 
/home/antonkov/masterWork/tests/samePrefixMarkedMtx/depth3/node2/test0_3.mtx 1.6 110.353 0.0306944 0.34 
/home/antonkov/masterWork/tests/samePrefixMarkedMtx/depth3/node2/test0_3.mtx 1.7 131.085 0.0240191 0.27 
/home/antonkov/masterWork/tests/samePrefixMarkedMtx/depth3/node2/test0_3.mtx 1.8 141.87 0.01825 0.2 
/home/antonkov/masterWork/tests/samePrefixMarkedMtx/depth3/node2/test0_3.mtx 1.9 173.246 0.0127183 0.147143 
/home/antonkov/masterWork/tests/samePrefixMarkedMtx/depth3/node2/test0_3.mtx 2 222.079 0.00856944 0.102 
/home/antonkov/masterWork/tests/samePrefixMarkedMtx/depth3/node2/test0_3.mtx 2.1 265.661 0.00599206 0.0742857 
/home/antonkov/masterWork/tests/samePrefixMarkedMtx/depth3/node2/test0_3.mtx 2.2 355.725 0.00387897 0.047619 
/home/antonkov/masterWork/tests/samePrefixMarkedMtx/depth3/node2/test0_3.mtx 2.3 508.217 0.00243687 0.030303 
/home/antonkov/masterWork/tests/samePrefixMarkedMtx/depth3/node2/test0_3.mtx 2.4 667.588 0.0016739 0.0208333 
/home/antonkov/masterWork/tests/samePrefixMarkedMtx/depth3/node2/test0_3.mtx 2.5 925.702 0.0010488 0.0136986 
/home/antonkov/masterWork/tests/samePrefixMarkedMtx/depth3/node2/test0_3.mtx 2.6 1377.64 0.000602474 0.00826446 
/home/antonkov/masterWork/tests/samePrefixMarkedMtx/depth3/node2/test0_3.mtx 2.7 2057.4 0.000345275 0.0046729 
/home/antonkov/masterWork/tests/samePrefixMarkedMtx/depth3/node2/test0_3.mtx 2.8 3200.74 0.000187155 0.00264398 
/home/antonkov/masterWork/tests/samePrefixMarkedMtx/depth3/node2/test0_3.mtx 2.9 5288.46 0.000101221 0.00139082 
/home/antonkov/masterWork/tests/samePrefixMarkedMtx/depth3/node2/test0_3.mtx 3 9472.61 4.57021e-05 0.000684463 
/home/antonkov/masterWork/tests/samePrefixMarkedMtx/depth3/node2/test0_3.mtx 3.1 0 -1 -1 
/home/antonkov/masterWork/tests/samePrefixMarkedMtx/depth3/node2/test0_3.mtx 3.2 0 -1 -1 
/home/antonkov/masterWork/tests/samePrefixMarkedMtx/depth3/node2/test0_3.mtx 3.3 0 -1 -1 
/home/antonkov/masterWork/tests/samePrefixMarkedMtx/depth3/node2/test0_3.mtx 3.4 0 -1 -1 
/home/antonkov/masterWork/tests/samePrefixMarkedMtx/depth3/node2/test0_3.mtx 3.5 0 -1 -1 
/home/antonkov/masterWork/tests/samePrefixMarkedMtx/depth3/node2/test0_4.mtx 1 120.981 0.0824653 0.84 
/home/antonkov/masterWork/tests/samePrefixMarkedMtx/depth3/node2/test0_4.mtx 1.1 119.035 0.0723003 0.775 
/home/antonkov/masterWork/tests/samePrefixMarkedMtx/depth3/node2/test0_4.mtx 1.2 108.412 0.0619618 0.705 
/home/antonkov/masterWork/tests/samePrefixMarkedMtx/depth3/node2/test0_4.mtx 1.3 101.1 0.0552604 0.665 
/home/antonkov/masterWork/tests/samePrefixMarkedMtx/depth3/node2/test0_4.mtx 1.4 99.6516 0.0453733 0.585 
/home/antonkov/masterWork/tests/samePrefixMarkedMtx/depth3/node2/test0_4.mtx 1.5 94.4648 0.0349306 0.505 
/home/antonkov/masterWork/tests/samePrefixMarkedMtx/depth3/node2/test0_4.mtx 1.6 126.809 0.0297222 0.483333 
/home/antonkov/masterWork/tests/samePrefixMarkedMtx/depth3/node2/test0_4.mtx 1.7 124.19 0.0246817 0.463333 
/home/antonkov/masterWork/tests/samePrefixMarkedMtx/depth3/node2/test0_4.mtx 1.8 116.05 0.0176562 0.403333 
/home/antonkov/masterWork/tests/samePrefixMarkedMtx/depth3/node2/test0_4.mtx 1.9 113.862 0.0152778 0.346667 
/home/antonkov/masterWork/tests/samePrefixMarkedMtx/depth3/node2/test0_4.mtx 2 105.18 0.010353 0.333333 
/home/antonkov/masterWork/tests/samePrefixMarkedMtx/depth3/node2/test0_4.mtx 2.1 119.216 0.0071441 0.2525 
/home/antonkov/masterWork/tests/samePrefixMarkedMtx/depth3/node2/test0_4.mtx 2.2 138.678 0.00418403 0.222 
/home/antonkov/masterWork/tests/samePrefixMarkedMtx/depth3/node2/test0_4.mtx 2.3 150.486 0.00352431 0.203333 
/home/antonkov/masterWork/tests/samePrefixMarkedMtx/depth3/node2/test0_4.mtx 2.4 143.232 0.00197627 0.198333 
/home/antonkov/masterWork/tests/samePrefixMarkedMtx/depth3/node2/test0_4.mtx 2.5 140.604 0.00140914 0.173333 
/home/antonkov/masterWork/tests/samePrefixMarkedMtx/depth3/node2/test0_4.mtx 2.6 156.179 0.000972222 0.162857 
/home/antonkov/masterWork/tests/samePrefixMarkedMtx/depth3/node2/test0_4.mtx 2.7 151.462 0.000684524 0.154286 
/home/antonkov/masterWork/tests/samePrefixMarkedMtx/depth3/node2/test0_4.mtx 2.8 147.974 0.000644841 0.147143 
/home/antonkov/masterWork/tests/samePrefixMarkedMtx/depth3/node2/test0_4.mtx 2.9 160.743 0.00047309 0.1325 
/home/antonkov/masterWork/tests/samePrefixMarkedMtx/depth3/node2/test0_4.mtx 3 169.654 0.000362413 0.1275 
/home/antonkov/masterWork/tests/samePrefixMarkedMtx/depth3/node2/test0_4.mtx 3.1 173.694 0.000395448 0.124444 
/home/antonkov/masterWork/tests/samePrefixMarkedMtx/depth3/node2/test0_4.mtx 3.2 173.802 0.000339506 0.121111 
/home/antonkov/masterWork/tests/samePrefixMarkedMtx/depth3/node2/test0_4.mtx 3.3 171.177 0.000318287 0.116667 
/home/antonkov/masterWork/tests/samePrefixMarkedMtx/depth3/node2/test0_4.mtx 3.4 166.304 0.000310571 0.111111 
/home/antonkov/masterWork/tests/samePrefixMarkedMtx/depth3/node2/test0_4.mtx 3.5 177.378 0.00028125 0.103 
/home/antonkov/masterWork/tests/samePrefixMarkedMtx/depth3/node2/test1_0.mtx 1 124.742 0.0872135 0.865 
/home/antonkov/masterWork/tests/samePrefixMarkedMtx/depth3/node2/test1_0.mtx 1.1 117.299 0.077691 0.785 
/home/antonkov/masterWork/tests/samePrefixMarkedMtx/depth3/node2/test1_0.mtx 1.2 107.675 0.0667274 0.7 
/home/antonkov/masterWork/tests/samePrefixMarkedMtx/depth3/node2/test1_0.mtx 1.3 98.8511 0.0570399 0.61 
/home/antonkov/masterWork/tests/samePrefixMarkedMtx/depth3/node2/test1_0.mtx 1.4 95.9665 0.0471788 0.52 
/home/antonkov/masterWork/tests/samePrefixMarkedMtx/depth3/node2/test1_0.mtx 1.5 126.088 0.0361806 0.413333 
/home/antonkov/masterWork/tests/samePrefixMarkedMtx/depth3/node2/test1_0.mtx 1.6 142.311 0.0288325 0.325 
/home/antonkov/masterWork/tests/samePrefixMarkedMtx/depth3/node2/test1_0.mtx 1.7 128.639 0.0231858 0.2625 
/home/antonkov/masterWork/tests/samePrefixMarkedMtx/depth3/node2/test1_0.mtx 1.8 169.649 0.017772 0.215 
/home/antonkov/masterWork/tests/samePrefixMarkedMtx/depth3/node2/test1_0.mtx 1.9 165.905 0.0126017 0.155714 
/home/antonkov/masterWork/tests/samePrefixMarkedMtx/depth3/node2/test1_0.mtx 2 218.533 0.00861632 0.108 
/home/antonkov/masterWork/tests/samePrefixMarkedMtx/depth3/node2/test1_0.mtx 2.1 272.284 0.0059561 0.0735714 
/home/antonkov/masterWork/tests/samePrefixMarkedMtx/depth3/node2/test1_0.mtx 2.2 355.065 0.00383185 0.0485714 
/home/antonkov/masterWork/tests/samePrefixMarkedMtx/depth3/node2/test1_0.mtx 2.3 469.574 0.00267188 0.0346667 
/home/antonkov/masterWork/tests/samePrefixMarkedMtx/depth3/node2/test1_0.mtx 2.4 599.781 0.00169493 0.0232558 
/home/antonkov/masterWork/tests/samePrefixMarkedMtx/depth3/node2/test1_0.mtx 2.5 890.091 0.000996528 0.0142857 
/home/antonkov/masterWork/tests/samePrefixMarkedMtx/depth3/node2/test1_0.mtx 2.6 1448.67 0.000510099 0.00763359 
/home/antonkov/masterWork/tests/samePrefixMarkedMtx/depth3/node2/test1_0.mtx 2.7 2158.84 0.000301727 0.00446429 
/home/antonkov/masterWork/tests/samePrefixMarkedMtx/depth3/node2/test1_0.mtx 2.8 3955.73 0.000143516 0.00206612 
/home/antonkov/masterWork/tests/samePrefixMarkedMtx/depth3/node2/test1_0.mtx 2.9 5827.45 8.27504e-05 0.00122871 
/home/antonkov/masterWork/tests/samePrefixMarkedMtx/depth3/node2/test1_0.mtx 3 10253.8 4.3462e-05 0.000619963 
/home/antonkov/masterWork/tests/samePrefixMarkedMtx/depth3/node2/test1_0.mtx 3.1 0 -1 -1 
/home/antonkov/masterWork/tests/samePrefixMarkedMtx/depth3/node2/test1_0.mtx 3.2 0 -1 -1 
/home/antonkov/masterWork/tests/samePrefixMarkedMtx/depth3/node2/test1_0.mtx 3.3 0 -1 -1 
/home/antonkov/masterWork/tests/samePrefixMarkedMtx/depth3/node2/test1_0.mtx 3.4 0 -1 -1 
/home/antonkov/masterWork/tests/samePrefixMarkedMtx/depth3/node2/test1_0.mtx 3.5 0 -1 -1 
/home/antonkov/masterWork/tests/samePrefixMarkedMtx/depth3/node2/test1_1.mtx 1 121.73 0.0900434 0.885 
/home/antonkov/masterWork/tests/samePrefixMarkedMtx/depth3/node2/test1_1.mtx 1.1 116.417 0.0817274 0.825 
/home/antonkov/masterWork/tests/samePrefixMarkedMtx/depth3/node2/test1_1.mtx 1.2 110.391 0.0715799 0.75 
/home/antonkov/masterWork/tests/samePrefixMarkedMtx/depth3/node2/test1_1.mtx 1.3 105.724 0.0635851 0.68 
/home/antonkov/masterWork/tests/samePrefixMarkedMtx/depth3/node2/test1_1.mtx 1.4 98.7713 0.0544531 0.595 
/home/antonkov/masterWork/tests/samePrefixMarkedMtx/depth3/node2/test1_1.mtx 1.5 93.4762 0.0451736 0.51 
/home/antonkov/masterWork/tests/samePrefixMarkedMtx/depth3/node2/test1_1.mtx 1.6 122.377 0.0356192 0.4 
/home/antonkov/masterWork/tests/samePrefixMarkedMtx/depth3/node2/test1_1.mtx 1.7 139.933 0.0270703 0.3075 
/home/antonkov/masterWork/tests/samePrefixMarkedMtx/depth3/node2/test1_1.mtx 1.8 146.554 0.0196667 0.228 
/home/antonkov/masterWork/tests/samePrefixMarkedMtx/depth3/node2/test1_1.mtx 1.9 158.019 0.0148235 0.178333 
/home/antonkov/masterWork/tests/samePrefixMarkedMtx/depth3/node2/test1_1.mtx 2 186.729 0.0104753 0.125 
/home/antonkov/masterWork/tests/samePrefixMarkedMtx/depth3/node2/test1_1.mtx 2.1 228.573 0.00761837 0.0945455 
/home/antonkov/masterWork/tests/samePrefixMarkedMtx/depth3/node2/test1_1.mtx 2.2 301.54 0.00508476 0.0611765 
/home/antonkov/masterWork/tests/samePrefixMarkedMtx/depth3/node2/test1_1.mtx 2.3 397.147 0.00319583 0.0408 
/home/antonkov/masterWork/tests/samePrefixMarkedMtx/depth3/node2/test1_1.mtx 2.4 562.248 0.00193599 0.025641 
/home/antonkov/masterWork/tests/samePrefixMarkedMtx/depth3/node2/test1_1.mtx 2.5 783.483 0.00116633 0.0163934 
/home/antonkov/masterWork/tests/samePrefixMarkedMtx/depth3/node2/test1_1.mtx 2.6 1498.22 0.000506153 0.00735294 
/home/antonkov/masterWork/tests/samePrefixMarkedMtx/depth3/node2/test1_1.mtx 2.7 2024.06 0.000340753 0.00471698 
/home/antonkov/masterWork/tests/samePrefixMarkedMtx/depth3/node2/test1_1.mtx 2.8 3172.72 0.000173885 0.00262467 
/home/antonkov/masterWork/tests/samePrefixMarkedMtx/depth3/node2/test1_1.mtx 2.9 4578.46 0.000108946 0.00158228 
/home/antonkov/masterWork/tests/samePrefixMarkedMtx/depth3/node2/test1_1.mtx 3 8633.93 4.44983e-05 0.000738007 
/home/antonkov/masterWork/tests/samePrefixMarkedMtx/depth3/node2/test1_1.mtx 3.1 0 -1 -1 
/home/antonkov/masterWork/tests/samePrefixMarkedMtx/depth3/node2/test1_1.mtx 3.2 0 -1 -1 
/home/antonkov/masterWork/tests/samePrefixMarkedMtx/depth3/node2/test1_1.mtx 3.3 0 -1 -1 
/home/antonkov/masterWork/tests/samePrefixMarkedMtx/depth3/node2/test1_1.mtx 3.4 0 -1 -1 
/home/antonkov/masterWork/tests/samePrefixMarkedMtx/depth3/node2/test1_1.mtx 3.5 0 -1 -1 
/home/antonkov/masterWork/tests/samePrefixMarkedMtx/depth3/node2/test1_2.mtx 1 118.955 0.0849219 0.85 
/home/antonkov/masterWork/tests/samePrefixMarkedMtx/depth3/node2/test1_2.mtx 1.1 120.123 0.0783767 0.795 
/home/antonkov/masterWork/tests/samePrefixMarkedMtx/depth3/node2/test1_2.mtx 1.2 113.196 0.0703038 0.735 
/home/antonkov/masterWork/tests/samePrefixMarkedMtx/depth3/node2/test1_2.mtx 1.3 103.813 0.0604601 0.655 
/home/antonkov/masterWork/tests/samePrefixMarkedMtx/depth3/node2/test1_2.mtx 1.4 98.6907 0.0503299 0.55 
/home/antonkov/masterWork/tests/samePrefixMarkedMtx/depth3/node2/test1_2.mtx 1.5 90.9363 0.0442622 0.5 
/home/antonkov/masterWork/tests/samePrefixMarkedMtx/depth3/node2/test1_2.mtx 1.6 121.139 0.0324595 0.376667 
/home/antonkov/masterWork/tests/samePrefixMarkedMtx/depth3/node2/test1_2.mtx 1.7 140.059 0.0233203 0.2825 
/home/antonkov/masterWork/tests/samePrefixMarkedMtx/depth3/node2/test1_2.mtx 1.8 145.888 0.0173993 0.216 
/home/antonkov/masterWork/tests/samePrefixMarkedMtx/depth3/node2/test1_2.mtx 1.9 170.425 0.0122173 0.15 
/home/antonkov/masterWork/tests/samePrefixMarkedMtx/depth3/node2/test1_2.mtx 2 203.331 0.00987654 0.121111 
/home/antonkov/masterWork/tests/samePrefixMarkedMtx/depth3/node2/test1_2.mtx 2.1 249.544 0.00733796 0.0916667 
/home/antonkov/masterWork/tests/samePrefixMarkedMtx/depth3/node2/test1_2.mtx 2.2 284.455 0.00513238 0.065 
/home/antonkov/masterWork/tests/samePrefixMarkedMtx/depth3/node2/test1_2.mtx 2.3 379.307 0.0033673 0.0434783 
/home/antonkov/masterWork/tests/samePrefixMarkedMtx/depth3/node2/test1_2.mtx 2.4 570.233 0.0020011 0.0271053 
/home/antonkov/masterWork/tests/samePrefixMarkedMtx/depth3/node2/test1_2.mtx 2.5 756.444 0.00132652 0.0187037 
/home/antonkov/masterWork/tests/samePrefixMarkedMtx/depth3/node2/test1_2.mtx 2.6 1146.16 0.000745996 0.0105102 
/home/antonkov/masterWork/tests/samePrefixMarkedMtx/depth3/node2/test1_2.mtx 2.7 1828.07 0.000380091 0.00561798 
/home/antonkov/masterWork/tests/samePrefixMarkedMtx/depth3/node2/test1_2.mtx 2.8 2449.31 0.000246489 0.00376866 
/home/antonkov/masterWork/tests/samePrefixMarkedMtx/depth3/node2/test1_2.mtx 2.9 3619.55 0.00014435 0.0021692 
/home/antonkov/masterWork/tests/samePrefixMarkedMtx/depth3/node2/test1_2.mtx 3 7218.17 5.46196e-05 0.000942507 
/home/antonkov/masterWork/tests/samePrefixMarkedMtx/depth3/node2/test1_2.mtx 3.1 0 -1 -1 
/home/antonkov/masterWork/tests/samePrefixMarkedMtx/depth3/node2/test1_2.mtx 3.2 0 -1 -1 
/home/antonkov/masterWork/tests/samePrefixMarkedMtx/depth3/node2/test1_2.mtx 3.3 0 -1 -1 
/home/antonkov/masterWork/tests/samePrefixMarkedMtx/depth3/node2/test1_2.mtx 3.4 0 -1 -1 
/home/antonkov/masterWork/tests/samePrefixMarkedMtx/depth3/node2/test1_2.mtx 3.5 0 -1 -1 
/home/antonkov/masterWork/tests/samePrefixMarkedMtx/depth3/node2/test1_3.mtx 1 126.188 0.088724 0.86 
/home/antonkov/masterWork/tests/samePrefixMarkedMtx/depth3/node2/test1_3.mtx 1.1 120.841 0.0801736 0.805 
/home/antonkov/masterWork/tests/samePrefixMarkedMtx/depth3/node2/test1_3.mtx 1.2 113.923 0.0712153 0.745 
/home/antonkov/masterWork/tests/samePrefixMarkedMtx/depth3/node2/test1_3.mtx 1.3 104.221 0.0615538 0.645 
/home/antonkov/masterWork/tests/samePrefixMarkedMtx/depth3/node2/test1_3.mtx 1.4 94.7652 0.0515278 0.555 
/home/antonkov/masterWork/tests/samePrefixMarkedMtx/depth3/node2/test1_3.mtx 1.5 127.307 0.0412789 0.47 
/home/antonkov/masterWork/tests/samePrefixMarkedMtx/depth3/node2/test1_3.mtx 1.6 116.62 0.0327315 0.366667 
/home/antonkov/masterWork/tests/samePrefixMarkedMtx/depth3/node2/test1_3.mtx 1.7 133.201 0.0234722 0.2725 
/home/antonkov/masterWork/tests/samePrefixMarkedMtx/depth3/node2/test1_3.mtx 1.8 141.68 0.0182188 0.216 
/home/antonkov/masterWork/tests/samePrefixMarkedMtx/depth3/node2/test1_3.mtx 1.9 155.769 0.0160127 0.191667 
/home/antonkov/masterWork/tests/samePrefixMarkedMtx/depth3/node2/test1_3.mtx 2 204.309 0.0103009 0.127778 
/home/antonkov/masterWork/tests/samePrefixMarkedMtx/depth3/node2/test1_3.mtx 2.1 252.863 0.00717882 0.0891667 
/home/antonkov/masterWork/tests/samePrefixMarkedMtx/depth3/node2/test1_3.mtx 2.2 323.319 0.00458719 0.0583333 
/home/antonkov/masterWork/tests/samePrefixMarkedMtx/depth3/node2/test1_3.mtx 2.3 386.279 0.00320891 0.0429167 
/home/antonkov/masterWork/tests/samePrefixMarkedMtx/depth3/node2/test1_3.mtx 2.4 542.121 0.00191301 0.0278378 
/home/antonkov/masterWork/tests/samePrefixMarkedMtx/depth3/node2/test1_3.mtx 2.5 762.456 0.00113335 0.0175439 
/home/antonkov/masterWork/tests/samePrefixMarkedMtx/depth3/node2/test1_3.mtx 2.6 1104.34 0.00068835 0.0107447 
/home/antonkov/masterWork/tests/samePrefixMarkedMtx/depth3/node2/test1_3.mtx 2.7 2003.61 0.000317412 0.00487805 
/home/antonkov/masterWork/tests/samePrefixMarkedMtx/depth3/node2/test1_3.mtx 2.8 2731.07 0.000211046 0.003125 
/home/antonkov/masterWork/tests/samePrefixMarkedMtx/depth3/node2/test1_3.mtx 2.9 5481.85 8.90548e-05 0.00134953 
/home/antonkov/masterWork/tests/samePrefixMarkedMtx/depth3/node2/test1_3.mtx 3 8838.67 4.82539e-05 0.000740192 
/home/antonkov/masterWork/tests/samePrefixMarkedMtx/depth3/node2/test1_3.mtx 3.1 0 -1 -1 
/home/antonkov/masterWork/tests/samePrefixMarkedMtx/depth3/node2/test1_3.mtx 3.2 0 -1 -1 
/home/antonkov/masterWork/tests/samePrefixMarkedMtx/depth3/node2/test1_3.mtx 3.3 0 -1 -1 
/home/antonkov/masterWork/tests/samePrefixMarkedMtx/depth3/node2/test1_3.mtx 3.4 0 -1 -1 
/home/antonkov/masterWork/tests/samePrefixMarkedMtx/depth3/node2/test1_3.mtx 3.5 0 -1 -1 
/home/antonkov/masterWork/tests/samePrefixMarkedMtx/depth3/node2/test1_4.mtx 1 120.464 0.0857292 0.83 
/home/antonkov/masterWork/tests/samePrefixMarkedMtx/depth3/node2/test1_4.mtx 1.1 117.067 0.0783594 0.795 
/home/antonkov/masterWork/tests/samePrefixMarkedMtx/depth3/node2/test1_4.mtx 1.2 107.041 0.0679253 0.705 
/home/antonkov/masterWork/tests/samePrefixMarkedMtx/depth3/node2/test1_4.mtx 1.3 102.414 0.060816 0.65 
/home/antonkov/masterWork/tests/samePrefixMarkedMtx/depth3/node2/test1_4.mtx 1.4 100.108 0.0531163 0.595 
/home/antonkov/masterWork/tests/samePrefixMarkedMtx/depth3/node2/test1_4.mtx 1.5 91.2307 0.0462847 0.51 
/home/antonkov/masterWork/tests/samePrefixMarkedMtx/depth3/node2/test1_4.mtx 1.6 116.137 0.0328356 0.383333 
/home/antonkov/masterWork/tests/samePrefixMarkedMtx/depth3/node2/test1_4.mtx 1.7 133.881 0.0235503 0.285 
/home/antonkov/masterWork/tests/samePrefixMarkedMtx/depth3/node2/test1_4.mtx 1.8 143.041 0.0173646 0.216 
/home/antonkov/masterWork/tests/samePrefixMarkedMtx/depth3/node2/test1_4.mtx 1.9 179.889 0.0125769 0.157143 
/home/antonkov/masterWork/tests/samePrefixMarkedMtx/depth3/node2/test1_4.mtx 2 217.595 0.00907292 0.106 
/home/antonkov/masterWork/tests/samePrefixMarkedMtx/depth3/node2/test1_4.mtx 2.1 253.957 0.00632378 0.0841667 
/home/antonkov/masterWork/tests/samePrefixMarkedMtx/depth3/node2/test1_4.mtx 2.2 393.934 0.0034596 0.0463636 
/home/antonkov/masterWork/tests/samePrefixMarkedMtx/depth3/node2/test1_4.mtx 2.3 509.222 0.00235217 0.0306061 
/home/antonkov/masterWork/tests/samePrefixMarkedMtx/depth3/node2/test1_4.mtx 2.4 676.095 0.00159084 0.0204082 
/home/antonkov/masterWork/tests/samePrefixMarkedMtx/depth3/node2/test1_4.mtx 2.5 1129.19 0.000792701 0.0107447 
/home/antonkov/masterWork/tests/samePrefixMarkedMtx/depth3/node2/test1_4.mtx 2.6 1472.72 0.000531778 0.00731884 
/home/antonkov/masterWork/tests/samePrefixMarkedMtx/depth3/node2/test1_4.mtx 2.7 2218.66 0.000296704 0.00429185 
/home/antonkov/masterWork/tests/samePrefixMarkedMtx/depth3/node2/test1_4.mtx 2.8 3105.33 0.000189184 0.00271003 
/home/antonkov/masterWork/tests/samePrefixMarkedMtx/depth3/node2/test1_4.mtx 2.9 5239.62 9.59939e-05 0.00139276 
/home/antonkov/masterWork/tests/samePrefixMarkedMtx/depth3/node2/test1_4.mtx 3 9868.36 3.88251e-05 0.000651042 
/home/antonkov/masterWork/tests/samePrefixMarkedMtx/depth3/node2/test1_4.mtx 3.1 0 -1 -1 
/home/antonkov/masterWork/tests/samePrefixMarkedMtx/depth3/node2/test1_4.mtx 3.2 0 -1 -1 
/home/antonkov/masterWork/tests/samePrefixMarkedMtx/depth3/node2/test1_4.mtx 3.3 0 -1 -1 
/home/antonkov/masterWork/tests/samePrefixMarkedMtx/depth3/node2/test1_4.mtx 3.4 0 -1 -1 
/home/antonkov/masterWork/tests/samePrefixMarkedMtx/depth3/node2/test1_4.mtx 3.5 0 -1 -1 
/home/antonkov/masterWork/tests/samePrefixMarkedMtx/depth3/node2/test2_0.mtx 1 124.092 0.0891233 0.865 
/home/antonkov/masterWork/tests/samePrefixMarkedMtx/depth3/node2/test2_0.mtx 1.1 122.678 0.0796181 0.8 
/home/antonkov/masterWork/tests/samePrefixMarkedMtx/depth3/node2/test2_0.mtx 1.2 110.311 0.0684983 0.71 
/home/antonkov/masterWork/tests/samePrefixMarkedMtx/depth3/node2/test2_0.mtx 1.3 104.763 0.0584115 0.615 
/home/antonkov/masterWork/tests/samePrefixMarkedMtx/depth3/node2/test2_0.mtx 1.4 103.543 0.0505556 0.535 
/home/antonkov/masterWork/tests/samePrefixMarkedMtx/depth3/node2/test2_0.mtx 1.5 125.531 0.0410359 0.446667 
/home/antonkov/masterWork/tests/samePrefixMarkedMtx/depth3/node2/test2_0.mtx 1.6 116.993 0.0325116 0.36 
/home/antonkov/masterWork/tests/samePrefixMarkedMtx/depth3/node2/test2_0.mtx 1.7 131.888 0.0233247 0.265 
/home/antonkov/masterWork/tests/samePrefixMarkedMtx/depth3/node2/test2_0.mtx 1.8 172.107 0.0181713 0.208333 
/home/antonkov/masterWork/tests/samePrefixMarkedMtx/depth3/node2/test2_0.mtx 1.9 156.41 0.0139149 0.168333 
/home/antonkov/masterWork/tests/samePrefixMarkedMtx/depth3/node2/test2_0.mtx 2 197.641 0.00939429 0.111111 
/home/antonkov/masterWork/tests/samePrefixMarkedMtx/depth3/node2/test2_0.mtx 2.1 239.991 0.00693576 0.085 
/home/antonkov/masterWork/tests/samePrefixMarkedMtx/depth3/node2/test2_0.mtx 2.2 356.118 0.00387674 0.05 
/home/antonkov/masterWork/tests/samePrefixMarkedMtx/depth3/node2/test2_0.mtx 2.3 489.652 0.00251624 0.0325806 
/home/antonkov/masterWork/tests/samePrefixMarkedMtx/depth3/node2/test2_0.mtx 2.4 643.025 0.00165432 0.0222222 
/home/antonkov/masterWork/tests/samePrefixMarkedMtx/depth3/node2/test2_0.mtx 2.5 840.865 0.00118392 0.0153731 
/home/antonkov/masterWork/tests/samePrefixMarkedMtx/depth3/node2/test2_0.mtx 2.6 1168.72 0.000698082 0.00952381 
/home/antonkov/masterWork/tests/samePrefixMarkedMtx/depth3/node2/test2_0.mtx 2.7 1849.25 0.000364041 0.00520833 
/home/antonkov/masterWork/tests/samePrefixMarkedMtx/depth3/node2/test2_0.mtx 2.8 3303.11 0.000181108 0.00252525 
/home/antonkov/masterWork/tests/samePrefixMarkedMtx/depth3/node2/test2_0.mtx 2.9 4956.03 9.19402e-05 0.00146413 
/home/antonkov/masterWork/tests/samePrefixMarkedMtx/depth3/node2/test2_0.mtx 3 9650.19 4.0351e-05 0.000667111 
/home/antonkov/masterWork/tests/samePrefixMarkedMtx/depth3/node2/test2_0.mtx 3.1 0 -1 -1 
/home/antonkov/masterWork/tests/samePrefixMarkedMtx/depth3/node2/test2_0.mtx 3.2 0 -1 -1 
/home/antonkov/masterWork/tests/samePrefixMarkedMtx/depth3/node2/test2_0.mtx 3.3 0 -1 -1 
/home/antonkov/masterWork/tests/samePrefixMarkedMtx/depth3/node2/test2_0.mtx 3.4 0 -1 -1 
/home/antonkov/masterWork/tests/samePrefixMarkedMtx/depth3/node2/test2_0.mtx 3.5 0 -1 -1 
/home/antonkov/masterWork/tests/samePrefixMarkedMtx/depth3/node2/test2_1.mtx 1 122.519 0.085816 0.835 
/home/antonkov/masterWork/tests/samePrefixMarkedMtx/depth3/node2/test2_1.mtx 1.1 122.478 0.0772917 0.79 
/home/antonkov/masterWork/tests/samePrefixMarkedMtx/depth3/node2/test2_1.mtx 1.2 107.395 0.0662326 0.68 
/home/antonkov/masterWork/tests/samePrefixMarkedMtx/depth3/node2/test2_1.mtx 1.3 100.999 0.0575694 0.615 
/home/antonkov/masterWork/tests/samePrefixMarkedMtx/depth3/node2/test2_1.mtx 1.4 98.0539 0.0475 0.515 
/home/antonkov/masterWork/tests/samePrefixMarkedMtx/depth3/node2/test2_1.mtx 1.5 125.48 0.0389178 0.436667 
/home/antonkov/masterWork/tests/samePrefixMarkedMtx/depth3/node2/test2_1.mtx 1.6 117.744 0.0297106 0.346667 
/home/antonkov/masterWork/tests/samePrefixMarkedMtx/depth3/node2/test2_1.mtx 1.7 137.221 0.0222526 0.255 
/home/antonkov/masterWork/tests/samePrefixMarkedMtx/depth3/node2/test2_1.mtx 1.8 170.292 0.0171181 0.205 
/home/antonkov/masterWork/tests/samePrefixMarkedMtx/depth3/node2/test2_1.mtx 1.9 175.024 0.0130531 0.158571 
/home/antonkov/masterWork/tests/samePrefixMarkedMtx/depth3/node2/test2_1.mtx 2 205.052 0.0105691 0.127778 
/home/antonkov/masterWork/tests/samePrefixMarkedMtx/depth3/node2/test2_1.mtx 2.1 248.296 0.00664786 0.09 
/home/antonkov/masterWork/tests/samePrefixMarkedMtx/depth3/node2/test2_1.mtx 2.2 354.186 0.00379948 0.0505 
/home/antonkov/masterWork/tests/samePrefixMarkedMtx/depth3/node2/test2_1.mtx 2.3 425.295 0.00258681 0.0374074 
/home/antonkov/masterWork/tests/samePrefixMarkedMtx/depth3/node2/test2_1.mtx 2.4 733.16 0.0012754 0.0188889 
/home/antonkov/masterWork/tests/samePrefixMarkedMtx/depth3/node2/test2_1.mtx 2.5 1092.58 0.000805048 0.0113483 
/home/antonkov/masterWork/tests/samePrefixMarkedMtx/depth3/node2/test2_1.mtx 2.6 1551.31 0.000489125 0.00694444 
/home/antonkov/masterWork/tests/samePrefixMarkedMtx/depth3/node2/test2_1.mtx 2.7 2512.36 0.000258473 0.00373134 
/home/antonkov/masterWork/tests/samePrefixMarkedMtx/depth3/node2/test2_1.mtx 2.8 3443.81 0.000147796 0.0023753 
/home/antonkov/masterWork/tests/samePrefixMarkedMtx/depth3/node2/test2_1.mtx 2.9 5909.88 7.98483e-05 0.00123305 
/home/antonkov/masterWork/tests/samePrefixMarkedMtx/depth3/node2/test2_1.mtx 3 9332.52 4.535e-05 0.000698812 
/home/antonkov/masterWork/tests/samePrefixMarkedMtx/depth3/node2/test2_1.mtx 3.1 0 -1 -1 
/home/antonkov/masterWork/tests/samePrefixMarkedMtx/depth3/node2/test2_1.mtx 3.2 0 -1 -1 
/home/antonkov/masterWork/tests/samePrefixMarkedMtx/depth3/node2/test2_1.mtx 3.3 0 -1 -1 
/home/antonkov/masterWork/tests/samePrefixMarkedMtx/depth3/node2/test2_1.mtx 3.4 0 -1 -1 
/home/antonkov/masterWork/tests/samePrefixMarkedMtx/depth3/node2/test2_1.mtx 3.5 0 -1 -1 
/home/antonkov/masterWork/tests/samePrefixMarkedMtx/depth3/node2/test2_2.mtx 1 125.22 0.0900174 0.86 
/home/antonkov/masterWork/tests/samePrefixMarkedMtx/depth3/node2/test2_2.mtx 1.1 121.19 0.0829427 0.81 
/home/antonkov/masterWork/tests/samePrefixMarkedMtx/depth3/node2/test2_2.mtx 1.2 121.489 0.0753559 0.77 
/home/antonkov/masterWork/tests/samePrefixMarkedMtx/depth3/node2/test2_2.mtx 1.3 109.543 0.0656597 0.68 
/home/antonkov/masterWork/tests/samePrefixMarkedMtx/depth3/node2/test2_2.mtx 1.4 104.661 0.0565972 0.62 
/home/antonkov/masterWork/tests/samePrefixMarkedMtx/depth3/node2/test2_2.mtx 1.5 97.7954 0.0457986 0.535 
/home/antonkov/masterWork/tests/samePrefixMarkedMtx/depth3/node2/test2_2.mtx 1.6 123.668 0.0340741 0.396667 
/home/antonkov/masterWork/tests/samePrefixMarkedMtx/depth3/node2/test2_2.mtx 1.7 136.167 0.0225174 0.27 
/home/antonkov/masterWork/tests/samePrefixMarkedMtx/depth3/node2/test2_2.mtx 1.8 148.981 0.0175243 0.208 
/home/antonkov/masterWork/tests/samePrefixMarkedMtx/depth3/node2/test2_2.mtx 1.9 178.705 0.0133557 0.16 
/home/antonkov/masterWork/tests/samePrefixMarkedMtx/depth3/node2/test2_2.mtx 2 204.908 0.00951196 0.118889 
/home/antonkov/masterWork/tests/samePrefixMarkedMtx/depth3/node2/test2_2.mtx 2.1 240.338 0.00652054 0.0833333 
/home/antonkov/masterWork/tests/samePrefixMarkedMtx/depth3/node2/test2_2.mtx 2.2 343.634 0.0041292 0.0526316 
/home/antonkov/masterWork/tests/samePrefixMarkedMtx/depth3/node2/test2_2.mtx 2.3 477.724 0.00256134 0.0353333 
/home/antonkov/masterWork/tests/samePrefixMarkedMtx/depth3/node2/test2_2.mtx 2.4 640.993 0.00169384 0.0217391 
/home/antonkov/masterWork/tests/samePrefixMarkedMtx/depth3/node2/test2_2.mtx 2.5 974.75 0.000913194 0.012625 
/home/antonkov/masterWork/tests/samePrefixMarkedMtx/depth3/node2/test2_2.mtx 2.6 1492.23 0.000504846 0.00726619 
/home/antonkov/masterWork/tests/samePrefixMarkedMtx/depth3/node2/test2_2.mtx 2.7 2283.23 0.000291138 0.00411523 
/home/antonkov/masterWork/tests/samePrefixMarkedMtx/depth3/node2/test2_2.mtx 2.8 3201.86 0.000167067 0.0026178 
/home/antonkov/masterWork/tests/samePrefixMarkedMtx/depth3/node2/test2_2.mtx 2.9 4762.3 0.000103225 0.00155039 
/home/antonkov/masterWork/tests/samePrefixMarkedMtx/depth3/node2/test2_2.mtx 3 8537.12 4.793e-05 0.000769231 
/home/antonkov/masterWork/tests/samePrefixMarkedMtx/depth3/node2/test2_2.mtx 3.1 0 -1 -1 
/home/antonkov/masterWork/tests/samePrefixMarkedMtx/depth3/node2/test2_2.mtx 3.2 0 -1 -1 
/home/antonkov/masterWork/tests/samePrefixMarkedMtx/depth3/node2/test2_2.mtx 3.3 0 -1 -1 
/home/antonkov/masterWork/tests/samePrefixMarkedMtx/depth3/node2/test2_2.mtx 3.4 0 -1 -1 
/home/antonkov/masterWork/tests/samePrefixMarkedMtx/depth3/node2/test2_2.mtx 3.5 0 -1 -1 
/home/antonkov/masterWork/tests/samePrefixMarkedMtx/depth3/node2/test2_3.mtx 1 118.693 0.0850347 0.84 
/home/antonkov/masterWork/tests/samePrefixMarkedMtx/depth3/node2/test2_3.mtx 1.1 120.639 0.0752431 0.755 
/home/antonkov/masterWork/tests/samePrefixMarkedMtx/depth3/node2/test2_3.mtx 1.2 113.948 0.0667361 0.685 
/home/antonkov/masterWork/tests/samePrefixMarkedMtx/depth3/node2/test2_3.mtx 1.3 104.499 0.0580035 0.605 
/home/antonkov/masterWork/tests/samePrefixMarkedMtx/depth3/node2/test2_3.mtx 1.4 100.346 0.0504774 0.54 
/home/antonkov/masterWork/tests/samePrefixMarkedMtx/depth3/node2/test2_3.mtx 1.5 128.073 0.0404109 0.463333 
/home/antonkov/masterWork/tests/samePrefixMarkedMtx/depth3/node2/test2_3.mtx 1.6 121.85 0.0314931 0.356667 
/home/antonkov/masterWork/tests/samePrefixMarkedMtx/depth3/node2/test2_3.mtx 1.7 131.691 0.0231597 0.2675 
/home/antonkov/masterWork/tests/samePrefixMarkedMtx/depth3/node2/test2_3.mtx 1.8 169.121 0.0173235 0.2 
/home/antonkov/masterWork/tests/samePrefixMarkedMtx/depth3/node2/test2_3.mtx 1.9 179.171 0.0129737 0.154286 
/home/antonkov/masterWork/tests/samePrefixMarkedMtx/depth3/node2/test2_3.mtx 2 201.013 0.00896991 0.112222 
/home/antonkov/masterWork/tests/samePrefixMarkedMtx/depth3/node2/test2_3.mtx 2.1 239.068 0.00667535 0.085 
/home/antonkov/masterWork/tests/samePrefixMarkedMtx/depth3/node2/test2_3.mtx 2.2 346.929 0.00397295 0.0531579 
/home/antonkov/masterWork/tests/samePrefixMarkedMtx/depth3/node2/test2_3.mtx 2.3 455.578 0.00232465 0.0333333 
/home/antonkov/masterWork/tests/samePrefixMarkedMtx/depth3/node2/test2_3.mtx 2.4 743.16 0.00142811 0.0198148 
/home/antonkov/masterWork/tests/samePrefixMarkedMtx/depth3/node2/test2_3.mtx 2.5 997.804 0.000907986 0.01275 
/home/antonkov/masterWork/tests/samePrefixMarkedMtx/depth3/node2/test2_3.mtx 2.6 1203.47 0.000657218 0.00961538 
/home/antonkov/masterWork/tests/samePrefixMarkedMtx/depth3/node2/test2_3.mtx 2.7 1869.39 0.000341587 0.00528796 
/home/antonkov/masterWork/tests/samePrefixMarkedMtx/depth3/node2/test2_3.mtx 2.8 2836.74 0.00017529 0.00302115 
/home/antonkov/masterWork/tests/samePrefixMarkedMtx/depth3/node2/test2_3.mtx 2.9 4012.62 0.000107698 0.00190207 
/home/antonkov/masterWork/tests/samePrefixMarkedMtx/depth3/node2/test2_3.mtx 3 7476.86 4.23302e-05 0.000888889 
/home/antonkov/masterWork/tests/samePrefixMarkedMtx/depth3/node2/test2_3.mtx 3.1 0 -1 -1 
/home/antonkov/masterWork/tests/samePrefixMarkedMtx/depth3/node2/test2_3.mtx 3.2 0 -1 -1 
/home/antonkov/masterWork/tests/samePrefixMarkedMtx/depth3/node2/test2_3.mtx 3.3 0 -1 -1 
/home/antonkov/masterWork/tests/samePrefixMarkedMtx/depth3/node2/test2_3.mtx 3.4 0 -1 -1 
/home/antonkov/masterWork/tests/samePrefixMarkedMtx/depth3/node2/test2_3.mtx 3.5 0 -1 -1 
/home/antonkov/masterWork/tests/samePrefixMarkedMtx/depth3/node2/test2_4.mtx 1 128.744 0.0878125 0.86 
/home/antonkov/masterWork/tests/samePrefixMarkedMtx/depth3/node2/test2_4.mtx 1.1 123.773 0.0786806 0.795 
/home/antonkov/masterWork/tests/samePrefixMarkedMtx/depth3/node2/test2_4.mtx 1.2 114.43 0.0682552 0.71 
/home/antonkov/masterWork/tests/samePrefixMarkedMtx/depth3/node2/test2_4.mtx 1.3 105.273 0.0584983 0.635 
/home/antonkov/masterWork/tests/samePrefixMarkedMtx/depth3/node2/test2_4.mtx 1.4 100.57 0.0495226 0.555 
/home/antonkov/masterWork/tests/samePrefixMarkedMtx/depth3/node2/test2_4.mtx 1.5 130.973 0.0412731 0.476667 
/home/antonkov/masterWork/tests/samePrefixMarkedMtx/depth3/node2/test2_4.mtx 1.6 117.699 0.0318345 0.38 
/home/antonkov/masterWork/tests/samePrefixMarkedMtx/depth3/node2/test2_4.mtx 1.7 136.864 0.0243837 0.3 
/home/antonkov/masterWork/tests/samePrefixMarkedMtx/depth3/node2/test2_4.mtx 1.8 149.724 0.0189618 0.236 
/home/antonkov/masterWork/tests/samePrefixMarkedMtx/depth3/node2/test2_4.mtx 1.9 161.81 0.0140191 0.171667 
/home/antonkov/masterWork/tests/samePrefixMarkedMtx/depth3/node2/test2_4.mtx 2 204.524 0.00934028 0.12 
/home/antonkov/masterWork/tests/samePrefixMarkedMtx/depth3/node2/test2_4.mtx 2.1 288.059 0.00601686 0.0764286 
/home/antonkov/masterWork/tests/samePrefixMarkedMtx/depth3/node2/test2_4.mtx 2.2 347.264 0.00404148 0.0536842 
/home/antonkov/masterWork/tests/samePrefixMarkedMtx/depth3/node2/test2_4.mtx 2.3 483.572 0.00240104 0.034 
/home/antonkov/masterWork/tests/samePrefixMarkedMtx/depth3/node2/test2_4.mtx 2.4 635.639 0.0016848 0.0233333 
/home/antonkov/masterWork/tests/samePrefixMarkedMtx/depth3/node2/test2_4.mtx 2.5 945.728 0.000963426 0.0133333 
/home/antonkov/masterWork/tests/samePrefixMarkedMtx/depth3/node2/test2_4.mtx 2.6 1576.35 0.000466728 0.00684932 
/home/antonkov/masterWork/tests/samePrefixMarkedMtx/depth3/node2/test2_4.mtx 2.7 2283.38 0.000289709 0.00411523 
/home/antonkov/masterWork/tests/samePrefixMarkedMtx/depth3/node2/test2_4.mtx 2.8 3504.9 0.000173773 0.002331 
/home/antonkov/masterWork/tests/samePrefixMarkedMtx/depth3/node2/test2_4.mtx 2.9 4989.27 9.22748e-05 0.00144509 
/home/antonkov/masterWork/tests/samePrefixMarkedMtx/depth3/node2/test2_4.mtx 3 9772.47 3.90766e-05 0.000651466 
/home/antonkov/masterWork/tests/samePrefixMarkedMtx/depth3/node2/test2_4.mtx 3.1 0 -1 -1 
/home/antonkov/masterWork/tests/samePrefixMarkedMtx/depth3/node2/test2_4.mtx 3.2 0 -1 -1 
/home/antonkov/masterWork/tests/samePrefixMarkedMtx/depth3/node2/test2_4.mtx 3.3 0 -1 -1 
/home/antonkov/masterWork/tests/samePrefixMarkedMtx/depth3/node2/test2_4.mtx 3.4 0 -1 -1 
/home/antonkov/masterWork/tests/samePrefixMarkedMtx/depth3/node2/test2_4.mtx 3.5 0 -1 -1 
/home/antonkov/masterWork/tests/samePrefixMarkedMtx/depth3/node2/test3_0.mtx 1 123.4 0.0866233 0.855 
/home/antonkov/masterWork/tests/samePrefixMarkedMtx/depth3/node2/test3_0.mtx 1.1 122.583 0.0789323 0.805 
/home/antonkov/masterWork/tests/samePrefixMarkedMtx/depth3/node2/test3_0.mtx 1.2 112.566 0.0665104 0.695 
/home/antonkov/masterWork/tests/samePrefixMarkedMtx/depth3/node2/test3_0.mtx 1.3 107.222 0.0564757 0.615 
/home/antonkov/masterWork/tests/samePrefixMarkedMtx/depth3/node2/test3_0.mtx 1.4 97.7736 0.0472396 0.52 
/home/antonkov/masterWork/tests/samePrefixMarkedMtx/depth3/node2/test3_0.mtx 1.5 130.296 0.0391377 0.443333 
/home/antonkov/masterWork/tests/samePrefixMarkedMtx/depth3/node2/test3_0.mtx 1.6 125.806 0.0300694 0.363333 
/home/antonkov/masterWork/tests/samePrefixMarkedMtx/depth3/node2/test3_0.mtx 1.7 141.545 0.0236806 0.29 
/home/antonkov/masterWork/tests/samePrefixMarkedMtx/depth3/node2/test3_0.mtx 1.8 153.474 0.0169757 0.216 
/home/antonkov/masterWork/tests/samePrefixMarkedMtx/depth3/node2/test3_0.mtx 1.9 183.049 0.0126364 0.154286 
/home/antonkov/masterWork/tests/samePrefixMarkedMtx/depth3/node2/test3_0.mtx 2 227.606 0.00910417 0.107 
/home/antonkov/masterWork/tests/samePrefixMarkedMtx/depth3/node2/test3_0.mtx 2.1 257.564 0.00629674 0.0769231 
/home/antonkov/masterWork/tests/samePrefixMarkedMtx/depth3/node2/test3_0.mtx 2.2 329.092 0.00394554 0.0526316 
/home/antonkov/masterWork/tests/samePrefixMarkedMtx/depth3/node2/test3_0.mtx 2.3 444.863 0.00280134 0.0360714 
/home/antonkov/masterWork/tests/samePrefixMarkedMtx/depth3/node2/test3_0.mtx 2.4 586.525 0.00180132 0.0243902 
/home/antonkov/masterWork/tests/samePrefixMarkedMtx/depth3/node2/test3_0.mtx 2.5 825.946 0.00115994 0.015625 
/home/antonkov/masterWork/tests/samePrefixMarkedMtx/depth3/node2/test3_0.mtx 2.6 1324.25 0.000645922 0.00854701 
/home/antonkov/masterWork/tests/samePrefixMarkedMtx/depth3/node2/test3_0.mtx 2.7 2457.34 0.000292391 0.003861 
/home/antonkov/masterWork/tests/samePrefixMarkedMtx/depth3/node2/test3_0.mtx 2.8 3356.62 0.000175269 0.00251256 
/home/antonkov/masterWork/tests/samePrefixMarkedMtx/depth3/node2/test3_0.mtx 2.9 6023.2 8.94941e-05 0.00120048 
/home/antonkov/masterWork/tests/samePrefixMarkedMtx/depth3/node2/test3_0.mtx 3 9649.74 4.55033e-05 0.000668449 
/home/antonkov/masterWork/tests/samePrefixMarkedMtx/depth3/node2/test3_0.mtx 3.1 0 -1 -1 
/home/antonkov/masterWork/tests/samePrefixMarkedMtx/depth3/node2/test3_0.mtx 3.2 0 -1 -1 
/home/antonkov/masterWork/tests/samePrefixMarkedMtx/depth3/node2/test3_0.mtx 3.3 0 -1 -1 
/home/antonkov/masterWork/tests/samePrefixMarkedMtx/depth3/node2/test3_0.mtx 3.4 0 -1 -1 
/home/antonkov/masterWork/tests/samePrefixMarkedMtx/depth3/node2/test3_0.mtx 3.5 0 -1 -1 
/home/antonkov/masterWork/tests/samePrefixMarkedMtx/depth3/node2/test3_1.mtx 1 125.889 0.085434 0.845 
/home/antonkov/masterWork/tests/samePrefixMarkedMtx/depth3/node2/test3_1.mtx 1.1 118.362 0.0765365 0.785 
/home/antonkov/masterWork/tests/samePrefixMarkedMtx/depth3/node2/test3_1.mtx 1.2 112.075 0.0666667 0.71 
/home/antonkov/masterWork/tests/samePrefixMarkedMtx/depth3/node2/test3_1.mtx 1.3 105.523 0.0573785 0.625 
/home/antonkov/masterWork/tests/samePrefixMarkedMtx/depth3/node2/test3_1.mtx 1.4 97.3499 0.0482986 0.54 
/home/antonkov/masterWork/tests/samePrefixMarkedMtx/depth3/node2/test3_1.mtx 1.5 127.858 0.0398148 0.45 
/home/antonkov/masterWork/tests/samePrefixMarkedMtx/depth3/node2/test3_1.mtx 1.6 117.519 0.0323206 0.38 
/home/antonkov/masterWork/tests/samePrefixMarkedMtx/depth3/node2/test3_1.mtx 1.7 133.553 0.0227257 0.2725 
/home/antonkov/masterWork/tests/samePrefixMarkedMtx/depth3/node2/test3_1.mtx 1.8 143.157 0.01725 0.204 
/home/antonkov/masterWork/tests/samePrefixMarkedMtx/depth3/node2/test3_1.mtx 1.9 158.276 0.0130613 0.168333 
/home/antonkov/masterWork/tests/samePrefixMarkedMtx/depth3/node2/test3_1.mtx 2 226.264 0.00814236 0.104 
/home/antonkov/masterWork/tests/samePrefixMarkedMtx/depth3/node2/test3_1.mtx 2.1 273.803 0.0059003 0.075 
/home/antonkov/masterWork/tests/samePrefixMarkedMtx/depth3/node2/test3_1.mtx 2.2 400.268 0.0035462 0.0447826 
/home/antonkov/masterWork/tests/samePrefixMarkedMtx/depth3/node2/test3_1.mtx 2.3 494.826 0.0023877 0.0315625 
/home/antonkov/masterWork/tests/samePrefixMarkedMtx/depth3/node2/test3_1.mtx 2.4 700.747 0.00150701 0.0196078 
/home/antonkov/masterWork/tests/samePrefixMarkedMtx/depth3/node2/test3_1.mtx 2.5 930.919 0.00098583 0.0137838 
/home/antonkov/masterWork/tests/samePrefixMarkedMtx/depth3/node2/test3_1.mtx 2.6 1547.1 0.00048671 0.00696552 
/home/antonkov/masterWork/tests/samePrefixMarkedMtx/depth3/node2/test3_1.mtx 2.7 2519.44 0.000272505 0.0037037 
/home/antonkov/masterWork/tests/samePrefixMarkedMtx/depth3/node2/test3_1.mtx 2.8 3670.83 0.000168227 0.00224719 
/home/antonkov/masterWork/tests/samePrefixMarkedMtx/depth3/node2/test3_1.mtx 2.9 5624.78 8.58941e-05 0.00128041 
/home/antonkov/masterWork/tests/samePrefixMarkedMtx/depth3/node2/test3_1.mtx 3 11373.7 3.67863e-05 0.000555556 
/home/antonkov/masterWork/tests/samePrefixMarkedMtx/depth3/node2/test3_1.mtx 3.1 0 -1 -1 
/home/antonkov/masterWork/tests/samePrefixMarkedMtx/depth3/node2/test3_1.mtx 3.2 0 -1 -1 
/home/antonkov/masterWork/tests/samePrefixMarkedMtx/depth3/node2/test3_1.mtx 3.3 0 -1 -1 
/home/antonkov/masterWork/tests/samePrefixMarkedMtx/depth3/node2/test3_1.mtx 3.4 0 -1 -1 
/home/antonkov/masterWork/tests/samePrefixMarkedMtx/depth3/node2/test3_1.mtx 3.5 0 -1 -1 
/home/antonkov/masterWork/tests/samePrefixMarkedMtx/depth3/node2/test3_2.mtx 1 125.3 0.0857118 0.85 
/home/antonkov/masterWork/tests/samePrefixMarkedMtx/depth3/node2/test3_2.mtx 1.1 120.721 0.0767795 0.79 
/home/antonkov/masterWork/tests/samePrefixMarkedMtx/depth3/node2/test3_2.mtx 1.2 111.934 0.0673785 0.695 
/home/antonkov/masterWork/tests/samePrefixMarkedMtx/depth3/node2/test3_2.mtx 1.3 102.452 0.0575608 0.625 
/home/antonkov/masterWork/tests/samePrefixMarkedMtx/depth3/node2/test3_2.mtx 1.4 98.0623 0.048533 0.53 
/home/antonkov/masterWork/tests/samePrefixMarkedMtx/depth3/node2/test3_2.mtx 1.5 126.782 0.0375289 0.426667 
/home/antonkov/masterWork/tests/samePrefixMarkedMtx/depth3/node2/test3_2.mtx 1.6 118.173 0.0303762 0.336667 
/home/antonkov/masterWork/tests/samePrefixMarkedMtx/depth3/node2/test3_2.mtx 1.7 133.776 0.0244054 0.2875 
/home/antonkov/masterWork/tests/samePrefixMarkedMtx/depth3/node2/test3_2.mtx 1.8 145.83 0.0171319 0.206 
/home/antonkov/masterWork/tests/samePrefixMarkedMtx/depth3/node2/test3_2.mtx 1.9 162.346 0.0142419 0.176667 
/home/antonkov/masterWork/tests/samePrefixMarkedMtx/depth3/node2/test3_2.mtx 2 204.34 0.0102276 0.117778 
/home/antonkov/masterWork/tests/samePrefixMarkedMtx/depth3/node2/test3_2.mtx 2.1 251.036 0.00766493 0.0925 
/home/antonkov/masterWork/tests/samePrefixMarkedMtx/depth3/node2/test3_2.mtx 2.2 299.095 0.0050293 0.06375 
/home/antonkov/masterWork/tests/samePrefixMarkedMtx/depth3/node2/test3_2.mtx 2.3 383.473 0.00325936 0.043913 
/home/antonkov/masterWork/tests/samePrefixMarkedMtx/depth3/node2/test3_2.mtx 2.4 596.157 0.00176753 0.0240476 
/home/antonkov/masterWork/tests/samePrefixMarkedMtx/depth3/node2/test3_2.mtx 2.5 816.112 0.00119276 0.015625 
/home/antonkov/masterWork/tests/samePrefixMarkedMtx/depth3/node2/test3_2.mtx 2.6 1307.44 0.000612578 0.00862069 
/home/antonkov/masterWork/tests/samePrefixMarkedMtx/depth3/node2/test3_2.mtx 2.7 2275.06 0.000309384 0.0042735 
/home/antonkov/masterWork/tests/samePrefixMarkedMtx/depth3/node2/test3_2.mtx 2.8 3348.12 0.000168416 0.00249377 
/home/antonkov/masterWork/tests/samePrefixMarkedMtx/depth3/node2/test3_2.mtx 2.9 4636.97 0.000103128 0.0015748 
/home/antonkov/masterWork/tests/samePrefixMarkedMtx/depth3/node2/test3_2.mtx 3 9700.21 4.36365e-05 0.000656599 
/home/antonkov/masterWork/tests/samePrefixMarkedMtx/depth3/node2/test3_2.mtx 3.1 0 -1 -1 
/home/antonkov/masterWork/tests/samePrefixMarkedMtx/depth3/node2/test3_2.mtx 3.2 0 -1 -1 
/home/antonkov/masterWork/tests/samePrefixMarkedMtx/depth3/node2/test3_2.mtx 3.3 0 -1 -1 
/home/antonkov/masterWork/tests/samePrefixMarkedMtx/depth3/node2/test3_2.mtx 3.4 0 -1 -1 
/home/antonkov/masterWork/tests/samePrefixMarkedMtx/depth3/node2/test3_2.mtx 3.5 0 -1 -1 
/home/antonkov/masterWork/tests/samePrefixMarkedMtx/depth3/node2/test3_3.mtx 1 127.143 0.086658 0.845 
/home/antonkov/masterWork/tests/samePrefixMarkedMtx/depth3/node2/test3_3.mtx 1.1 121.524 0.0784115 0.785 
/home/antonkov/masterWork/tests/samePrefixMarkedMtx/depth3/node2/test3_3.mtx 1.2 112.721 0.0692014 0.72 
/home/antonkov/masterWork/tests/samePrefixMarkedMtx/depth3/node2/test3_3.mtx 1.3 103.789 0.059592 0.645 
/home/antonkov/masterWork/tests/samePrefixMarkedMtx/depth3/node2/test3_3.mtx 1.4 100.851 0.0484809 0.54 
/home/antonkov/masterWork/tests/samePrefixMarkedMtx/depth3/node2/test3_3.mtx 1.5 127.853 0.0391667 0.45 
/home/antonkov/masterWork/tests/samePrefixMarkedMtx/depth3/node2/test3_3.mtx 1.6 122.734 0.030463 0.35 
/home/antonkov/masterWork/tests/samePrefixMarkedMtx/depth3/node2/test3_3.mtx 1.7 158.151 0.021566 0.242 
/home/antonkov/masterWork/tests/samePrefixMarkedMtx/depth3/node2/test3_3.mtx 1.8 164.543 0.0176244 0.208333 
/home/antonkov/masterWork/tests/samePrefixMarkedMtx/depth3/node2/test3_3.mtx 1.9 184.488 0.0118502 0.145714 
/home/antonkov/masterWork/tests/samePrefixMarkedMtx/depth3/node2/test3_3.mtx 2 195.84 0.00924768 0.111111 
/home/antonkov/masterWork/tests/samePrefixMarkedMtx/depth3/node2/test3_3.mtx 2.1 275.308 0.00622644 0.0785714 
/home/antonkov/masterWork/tests/samePrefixMarkedMtx/depth3/node2/test3_3.mtx 2.2 367.785 0.00381696 0.0504762 
/home/antonkov/masterWork/tests/samePrefixMarkedMtx/depth3/node2/test3_3.mtx 2.3 504.736 0.00246976 0.0335484 
/home/antonkov/masterWork/tests/samePrefixMarkedMtx/depth3/node2/test3_3.mtx 2.4 734.913 0.00143382 0.0196078 
/home/antonkov/masterWork/tests/samePrefixMarkedMtx/depth3/node2/test3_3.mtx 2.5 1012.45 0.000937283 0.012625 
/home/antonkov/masterWork/tests/samePrefixMarkedMtx/depth3/node2/test3_3.mtx 2.6 1449.03 0.000562901 0.00776923 
/home/antonkov/masterWork/tests/samePrefixMarkedMtx/depth3/node2/test3_3.mtx 2.7 2224.08 0.000289251 0.00434783 
/home/antonkov/masterWork/tests/samePrefixMarkedMtx/depth3/node2/test3_3.mtx 2.8 3114.75 0.000187717 0.00271739 
/home/antonkov/masterWork/tests/samePrefixMarkedMtx/depth3/node2/test3_3.mtx 2.9 4780.04 0.000102531 0.00156986 
/home/antonkov/masterWork/tests/samePrefixMarkedMtx/depth3/node2/test3_3.mtx 3 8739.99 4.46597e-05 0.000754148 
/home/antonkov/masterWork/tests/samePrefixMarkedMtx/depth3/node2/test3_3.mtx 3.1 0 -1 -1 
/home/antonkov/masterWork/tests/samePrefixMarkedMtx/depth3/node2/test3_3.mtx 3.2 0 -1 -1 
/home/antonkov/masterWork/tests/samePrefixMarkedMtx/depth3/node2/test3_3.mtx 3.3 0 -1 -1 
/home/antonkov/masterWork/tests/samePrefixMarkedMtx/depth3/node2/test3_3.mtx 3.4 0 -1 -1 
/home/antonkov/masterWork/tests/samePrefixMarkedMtx/depth3/node2/test3_3.mtx 3.5 0 -1 -1 
/home/antonkov/masterWork/tests/samePrefixMarkedMtx/depth3/node2/test3_4.mtx 1 127.282 0.0909462 0.9 
/home/antonkov/masterWork/tests/samePrefixMarkedMtx/depth3/node2/test3_4.mtx 1.1 123.824 0.0818924 0.835 
/home/antonkov/masterWork/tests/samePrefixMarkedMtx/depth3/node2/test3_4.mtx 1.2 120.039 0.0736458 0.785 
/home/antonkov/masterWork/tests/samePrefixMarkedMtx/depth3/node2/test3_4.mtx 1.3 114.186 0.0627778 0.7 
/home/antonkov/masterWork/tests/samePrefixMarkedMtx/depth3/node2/test3_4.mtx 1.4 102.957 0.0508767 0.555 
/home/antonkov/masterWork/tests/samePrefixMarkedMtx/depth3/node2/test3_4.mtx 1.5 131.941 0.041331 0.473333 
/home/antonkov/masterWork/tests/samePrefixMarkedMtx/depth3/node2/test3_4.mtx 1.6 117.922 0.033125 0.386667 
/home/antonkov/masterWork/tests/samePrefixMarkedMtx/depth3/node2/test3_4.mtx 1.7 138.079 0.0226215 0.28 
/home/antonkov/masterWork/tests/samePrefixMarkedMtx/depth3/node2/test3_4.mtx 1.8 152.876 0.0173854 0.216 
/home/antonkov/masterWork/tests/samePrefixMarkedMtx/depth3/node2/test3_4.mtx 1.9 183.464 0.0133036 0.158571 
/home/antonkov/masterWork/tests/samePrefixMarkedMtx/depth3/node2/test3_4.mtx 2 203.285 0.00945023 0.117778 
/home/antonkov/masterWork/tests/samePrefixMarkedMtx/depth3/node2/test3_4.mtx 2.1 271.4 0.00608755 0.0757143 
/home/antonkov/masterWork/tests/samePrefixMarkedMtx/depth3/node2/test3_4.mtx 2.2 348.822 0.00408941 0.05 
/home/antonkov/masterWork/tests/samePrefixMarkedMtx/depth3/node2/test3_4.mtx 2.3 547.805 0.00220052 0.0277778 
/home/antonkov/masterWork/tests/samePrefixMarkedMtx/depth3/node2/test3_4.mtx 2.4 706.538 0.0015145 0.02 
/home/antonkov/masterWork/tests/samePrefixMarkedMtx/depth3/node2/test3_4.mtx 2.5 1063.08 0.000875158 0.0113636 
/home/antonkov/masterWork/tests/samePrefixMarkedMtx/depth3/node2/test3_4.mtx 2.6 1691.23 0.000482205 0.00625 
/home/antonkov/masterWork/tests/samePrefixMarkedMtx/depth3/node2/test3_4.mtx 2.7 2282.81 0.000283588 0.00408163 
/home/antonkov/masterWork/tests/samePrefixMarkedMtx/depth3/node2/test3_4.mtx 2.8 3073 0.00016934 0.0026455 
/home/antonkov/masterWork/tests/samePrefixMarkedMtx/depth3/node2/test3_4.mtx 2.9 5094.45 9.48296e-05 0.00140056 
/home/antonkov/masterWork/tests/samePrefixMarkedMtx/depth3/node2/test3_4.mtx 3 8119.68 5.35629e-05 0.000781861 
/home/antonkov/masterWork/tests/samePrefixMarkedMtx/depth3/node2/test3_4.mtx 3.1 0 -1 -1 
/home/antonkov/masterWork/tests/samePrefixMarkedMtx/depth3/node2/test3_4.mtx 3.2 0 -1 -1 
/home/antonkov/masterWork/tests/samePrefixMarkedMtx/depth3/node2/test3_4.mtx 3.3 0 -1 -1 
/home/antonkov/masterWork/tests/samePrefixMarkedMtx/depth3/node2/test3_4.mtx 3.4 0 -1 -1 
/home/antonkov/masterWork/tests/samePrefixMarkedMtx/depth3/node2/test3_4.mtx 3.5 0 -1 -1 
/home/antonkov/masterWork/tests/samePrefixMarkedMtx/depth3/node2/test4_0.mtx 1 121.707 0.0861198 0.85 
/home/antonkov/masterWork/tests/samePrefixMarkedMtx/depth3/node2/test4_0.mtx 1.1 117.813 0.0766753 0.77 
/home/antonkov/masterWork/tests/samePrefixMarkedMtx/depth3/node2/test4_0.mtx 1.2 112.087 0.0677344 0.7 
/home/antonkov/masterWork/tests/samePrefixMarkedMtx/depth3/node2/test4_0.mtx 1.3 102.971 0.0591667 0.63 
/home/antonkov/masterWork/tests/samePrefixMarkedMtx/depth3/node2/test4_0.mtx 1.4 98.2101 0.0487066 0.52 
/home/antonkov/masterWork/tests/samePrefixMarkedMtx/depth3/node2/test4_0.mtx 1.5 126.754 0.0399942 0.443333 
/home/antonkov/masterWork/tests/samePrefixMarkedMtx/depth3/node2/test4_0.mtx 1.6 118.591 0.0304225 0.353333 
/home/antonkov/masterWork/tests/samePrefixMarkedMtx/depth3/node2/test4_0.mtx 1.7 128.217 0.0222873 0.2625 
/home/antonkov/masterWork/tests/samePrefixMarkedMtx/depth3/node2/test4_0.mtx 1.8 171.556 0.0166725 0.191667 
/home/antonkov/masterWork/tests/samePrefixMarkedMtx/depth3/node2/test4_0.mtx 1.9 180.766 0.0120709 0.147143 
/home/antonkov/masterWork/tests/samePrefixMarkedMtx/depth3/node2/test4_0.mtx 2 230.084 0.00815972 0.1 
/home/antonkov/masterWork/tests/samePrefixMarkedMtx/depth3/node2/test4_0.mtx 2.1 263.002 0.00635417 0.0792308 
/home/antonkov/masterWork/tests/samePrefixMarkedMtx/depth3/node2/test4_0.mtx 2.2 386.914 0.00377289 0.0481818 
/home/antonkov/masterWork/tests/samePrefixMarkedMtx/depth3/node2/test4_0.mtx 2.3 490.18 0.00255845 0.034 
/home/antonkov/masterWork/tests/samePrefixMarkedMtx/depth3/node2/test4_0.mtx 2.4 632.968 0.00179451 0.0227273 
/home/antonkov/masterWork/tests/samePrefixMarkedMtx/depth3/node2/test4_0.mtx 2.5 1104.12 0.000846879 0.010989 
/home/antonkov/masterWork/tests/samePrefixMarkedMtx/depth3/node2/test4_0.mtx 2.6 1443.99 0.000554098 0.00770992 
/home/antonkov/masterWork/tests/samePrefixMarkedMtx/depth3/node2/test4_0.mtx 2.7 2027.44 0.000318618 0.0047619 
/home/antonkov/masterWork/tests/samePrefixMarkedMtx/depth3/node2/test4_0.mtx 2.8 2999.59 0.00018702 0.00288184 
/home/antonkov/masterWork/tests/samePrefixMarkedMtx/depth3/node2/test4_0.mtx 2.9 5491.56 8.72773e-05 0.0013587 
/home/antonkov/masterWork/tests/samePrefixMarkedMtx/depth3/node2/test4_0.mtx 3 8825.43 4.56659e-05 0.000751315 
/home/antonkov/masterWork/tests/samePrefixMarkedMtx/depth3/node2/test4_0.mtx 3.1 0 -1 -1 
/home/antonkov/masterWork/tests/samePrefixMarkedMtx/depth3/node2/test4_0.mtx 3.2 0 -1 -1 
/home/antonkov/masterWork/tests/samePrefixMarkedMtx/depth3/node2/test4_0.mtx 3.3 0 -1 -1 
/home/antonkov/masterWork/tests/samePrefixMarkedMtx/depth3/node2/test4_0.mtx 3.4 0 -1 -1 
/home/antonkov/masterWork/tests/samePrefixMarkedMtx/depth3/node2/test4_0.mtx 3.5 0 -1 -1 
/home/antonkov/masterWork/tests/samePrefixMarkedMtx/depth3/node2/test4_1.mtx 1 126.056 0.085408 0.845 
/home/antonkov/masterWork/tests/samePrefixMarkedMtx/depth3/node2/test4_1.mtx 1.1 117.755 0.0750347 0.765 
/home/antonkov/masterWork/tests/samePrefixMarkedMtx/depth3/node2/test4_1.mtx 1.2 110.163 0.0677083 0.725 
/home/antonkov/masterWork/tests/samePrefixMarkedMtx/depth3/node2/test4_1.mtx 1.3 101.569 0.0587934 0.63 
/home/antonkov/masterWork/tests/samePrefixMarkedMtx/depth3/node2/test4_1.mtx 1.4 97.0701 0.0467969 0.535 
/home/antonkov/masterWork/tests/samePrefixMarkedMtx/depth3/node2/test4_1.mtx 1.5 128.545 0.0378472 0.43 
/home/antonkov/masterWork/tests/samePrefixMarkedMtx/depth3/node2/test4_1.mtx 1.6 144.126 0.0276823 0.3175 
/home/antonkov/masterWork/tests/samePrefixMarkedMtx/depth3/node2/test4_1.mtx 1.7 132.249 0.0215582 0.2575 
/home/antonkov/masterWork/tests/samePrefixMarkedMtx/depth3/node2/test4_1.mtx 1.8 144.541 0.0160694 0.2 
/home/antonkov/masterWork/tests/samePrefixMarkedMtx/depth3/node2/test4_1.mtx 1.9 178.595 0.0133457 0.165714 
/home/antonkov/masterWork/tests/samePrefixMarkedMtx/depth3/node2/test4_1.mtx 2 190.382 0.0101497 0.12875 
/home/antonkov/masterWork/tests/samePrefixMarkedMtx/depth3/node2/test4_1.mtx 2.1 243.711 0.00775095 0.0945455 
/home/antonkov/masterWork/tests/samePrefixMarkedMtx/depth3/node2/test4_1.mtx 2.2 306.652 0.00514106 0.065625 
/home/antonkov/masterWork/tests/samePrefixMarkedMtx/depth3/node2/test4_1.mtx 2.3 450.861 0.00299576 0.0388889 
/home/antonkov/masterWork/tests/samePrefixMarkedMtx/depth3/node2/test4_1.mtx 2.4 576.731 0.00203392 0.0266667 
/home/antonkov/masterWork/tests/samePrefixMarkedMtx/depth3/node2/test4_1.mtx 2.5 871.766 0.00109927 0.0151515 
/home/antonkov/masterWork/tests/samePrefixMarkedMtx/depth3/node2/test4_1.mtx 2.6 1278.37 0.000625474 0.00909091 
/home/antonkov/masterWork/tests/samePrefixMarkedMtx/depth3/node2/test4_1.mtx 2.7 1805.55 0.000381552 0.00570621 
/home/antonkov/masterWork/tests/samePrefixMarkedMtx/depth3/node2/test4_1.mtx 2.8 2764.77 0.000195031 0.00324675 
/home/antonkov/masterWork/tests/samePrefixMarkedMtx/depth3/node2/test4_1.mtx 2.9 3811.51 0.000132143 0.00214437 
/home/antonkov/masterWork/tests/samePrefixMarkedMtx/depth3/node2/test4_1.mtx 3 5819.6 7.19124e-05 0.00122549 
/home/antonkov/masterWork/tests/samePrefixMarkedMtx/depth3/node2/test4_1.mtx 3.1 12087.1 3.09826e-05 0.000520291 
/home/antonkov/masterWork/tests/samePrefixMarkedMtx/depth3/node2/test4_1.mtx 3.2 0 -1 -1 
/home/antonkov/masterWork/tests/samePrefixMarkedMtx/depth3/node2/test4_1.mtx 3.3 0 -1 -1 
/home/antonkov/masterWork/tests/samePrefixMarkedMtx/depth3/node2/test4_1.mtx 3.4 0 -1 -1 
/home/antonkov/masterWork/tests/samePrefixMarkedMtx/depth3/node2/test4_1.mtx 3.5 0 -1 -1 
/home/antonkov/masterWork/tests/samePrefixMarkedMtx/depth3/node2/test4_2.mtx 1 121.8 0.0848872 0.83 
/home/antonkov/masterWork/tests/samePrefixMarkedMtx/depth3/node2/test4_2.mtx 1.1 118.497 0.0768229 0.78 
/home/antonkov/masterWork/tests/samePrefixMarkedMtx/depth3/node2/test4_2.mtx 1.2 111.577 0.0667708 0.71 
/home/antonkov/masterWork/tests/samePrefixMarkedMtx/depth3/node2/test4_2.mtx 1.3 102.475 0.0567014 0.625 
/home/antonkov/masterWork/tests/samePrefixMarkedMtx/depth3/node2/test4_2.mtx 1.4 98.1562 0.0457726 0.5 
/home/antonkov/masterWork/tests/samePrefixMarkedMtx/depth3/node2/test4_2.mtx 1.5 120.817 0.0367014 0.416667 
/home/antonkov/masterWork/tests/samePrefixMarkedMtx/depth3/node2/test4_2.mtx 1.6 112.01 0.0301678 0.343333 
/home/antonkov/masterWork/tests/samePrefixMarkedMtx/depth3/node2/test4_2.mtx 1.7 136.734 0.023355 0.2675 
/home/antonkov/masterWork/tests/samePrefixMarkedMtx/depth3/node2/test4_2.mtx 1.8 136.865 0.0175035 0.208 
/home/antonkov/masterWork/tests/samePrefixMarkedMtx/depth3/node2/test4_2.mtx 1.9 187.582 0.0134573 0.161429 
/home/antonkov/masterWork/tests/samePrefixMarkedMtx/depth3/node2/test4_2.mtx 2 205.368 0.0104012 0.126667 
/home/antonkov/masterWork/tests/samePrefixMarkedMtx/depth3/node2/test4_2.mtx 2.1 237.982 0.00703559 0.085 
/home/antonkov/masterWork/tests/samePrefixMarkedMtx/depth3/node2/test4_2.mtx 2.2 327.981 0.00429002 0.0531579 
/home/antonkov/masterWork/tests/samePrefixMarkedMtx/depth3/node2/test4_2.mtx 2.3 501.88 0.00249895 0.0306061 
/home/antonkov/masterWork/tests/samePrefixMarkedMtx/depth3/node2/test4_2.mtx 2.4 688.085 0.00157986 0.0206 
/home/antonkov/masterWork/tests/samePrefixMarkedMtx/depth3/node2/test4_2.mtx 2.5 910.016 0.00104026 0.0139189 
/home/antonkov/masterWork/tests/samePrefixMarkedMtx/depth3/node2/test4_2.mtx 2.6 1349.28 0.000566806 0.008 
/home/antonkov/masterWork/tests/samePrefixMarkedMtx/depth3/node2/test4_2.mtx 2.7 2318.25 0.00029341 0.0040239 
/home/antonkov/masterWork/tests/samePrefixMarkedMtx/depth3/node2/test4_2.mtx 2.8 3528.42 0.000161796 0.00231481 
/home/antonkov/masterWork/tests/samePrefixMarkedMtx/depth3/node2/test4_2.mtx 2.9 5146.5 9.81533e-05 0.00139665 
/home/antonkov/masterWork/tests/samePrefixMarkedMtx/depth3/node2/test4_2.mtx 3 10259 3.94089e-05 0.000623441 
/home/antonkov/masterWork/tests/samePrefixMarkedMtx/depth3/node2/test4_2.mtx 3.1 0 -1 -1 
/home/antonkov/masterWork/tests/samePrefixMarkedMtx/depth3/node2/test4_2.mtx 3.2 0 -1 -1 
/home/antonkov/masterWork/tests/samePrefixMarkedMtx/depth3/node2/test4_2.mtx 3.3 0 -1 -1 
/home/antonkov/masterWork/tests/samePrefixMarkedMtx/depth3/node2/test4_2.mtx 3.4 0 -1 -1 
/home/antonkov/masterWork/tests/samePrefixMarkedMtx/depth3/node2/test4_2.mtx 3.5 0 -1 -1 
/home/antonkov/masterWork/tests/samePrefixMarkedMtx/depth3/node2/test4_3.mtx 1 121.708 0.0874132 0.82 
/home/antonkov/masterWork/tests/samePrefixMarkedMtx/depth3/node2/test4_3.mtx 1.1 116.623 0.0782726 0.75 
/home/antonkov/masterWork/tests/samePrefixMarkedMtx/depth3/node2/test4_3.mtx 1.2 108.39 0.0706771 0.7 
/home/antonkov/masterWork/tests/samePrefixMarkedMtx/depth3/node2/test4_3.mtx 1.3 101.846 0.0618837 0.63 
/home/antonkov/masterWork/tests/samePrefixMarkedMtx/depth3/node2/test4_3.mtx 1.4 96.9198 0.0521528 0.54 
/home/antonkov/masterWork/tests/samePrefixMarkedMtx/depth3/node2/test4_3.mtx 1.5 124.667 0.0394097 0.43 
/home/antonkov/masterWork/tests/samePrefixMarkedMtx/depth3/node2/test4_3.mtx 1.6 119.983 0.0323148 0.366667 
/home/antonkov/masterWork/tests/samePrefixMarkedMtx/depth3/node2/test4_3.mtx 1.7 131.963 0.0242491 0.2675 
/home/antonkov/masterWork/tests/samePrefixMarkedMtx/depth3/node2/test4_3.mtx 1.8 141.694 0.0189028 0.222 
/home/antonkov/masterWork/tests/samePrefixMarkedMtx/depth3/node2/test4_3.mtx 1.9 152.432 0.0143374 0.17 
/home/antonkov/masterWork/tests/samePrefixMarkedMtx/depth3/node2/test4_3.mtx 2 203.611 0.00968171 0.118889 
/home/antonkov/masterWork/tests/samePrefixMarkedMtx/depth3/node2/test4_3.mtx 2.1 265.132 0.00629941 0.08 
/home/antonkov/masterWork/tests/samePrefixMarkedMtx/depth3/node2/test4_3.mtx 2.2 338.316 0.0043485 0.0542105 
/home/antonkov/masterWork/tests/samePrefixMarkedMtx/depth3/node2/test4_3.mtx 2.3 476.41 0.00264988 0.0336667 
/home/antonkov/masterWork/tests/samePrefixMarkedMtx/depth3/node2/test4_3.mtx 2.4 648.811 0.0017091 0.0226667 
/home/antonkov/masterWork/tests/samePrefixMarkedMtx/depth3/node2/test4_3.mtx 2.5 990.45 0.000918803 0.0130769 
/home/antonkov/masterWork/tests/samePrefixMarkedMtx/depth3/node2/test4_3.mtx 2.6 1363.61 0.00059616 0.00826446 
/home/antonkov/masterWork/tests/samePrefixMarkedMtx/depth3/node2/test4_3.mtx 2.7 2445.03 0.000294105 0.00396825 
/home/antonkov/masterWork/tests/samePrefixMarkedMtx/depth3/node2/test4_3.mtx 2.8 3308.97 0.000161134 0.00255754 
/home/antonkov/masterWork/tests/samePrefixMarkedMtx/depth3/node2/test4_3.mtx 2.9 4626.5 0.000113624 0.00162602 
/home/antonkov/masterWork/tests/samePrefixMarkedMtx/depth3/node2/test4_3.mtx 3 9451.25 4.54914e-05 0.00069541 
/home/antonkov/masterWork/tests/samePrefixMarkedMtx/depth3/node2/test4_3.mtx 3.1 0 -1 -1 
/home/antonkov/masterWork/tests/samePrefixMarkedMtx/depth3/node2/test4_3.mtx 3.2 0 -1 -1 
/home/antonkov/masterWork/tests/samePrefixMarkedMtx/depth3/node2/test4_3.mtx 3.3 0 -1 -1 
/home/antonkov/masterWork/tests/samePrefixMarkedMtx/depth3/node2/test4_3.mtx 3.4 0 -1 -1 
/home/antonkov/masterWork/tests/samePrefixMarkedMtx/depth3/node2/test4_3.mtx 3.5 0 -1 -1 
/home/antonkov/masterWork/tests/samePrefixMarkedMtx/depth3/node2/test4_4.mtx 1 122.347 0.0889844 0.865 
/home/antonkov/masterWork/tests/samePrefixMarkedMtx/depth3/node2/test4_4.mtx 1.1 121.484 0.080408 0.8 
/home/antonkov/masterWork/tests/samePrefixMarkedMtx/depth3/node2/test4_4.mtx 1.2 114.22 0.0700868 0.72 
/home/antonkov/masterWork/tests/samePrefixMarkedMtx/depth3/node2/test4_4.mtx 1.3 103.604 0.0637066 0.665 
/home/antonkov/masterWork/tests/samePrefixMarkedMtx/depth3/node2/test4_4.mtx 1.4 100.418 0.054184 0.615 
/home/antonkov/masterWork/tests/samePrefixMarkedMtx/depth3/node2/test4_4.mtx 1.5 99.464 0.0448437 0.515 
/home/antonkov/masterWork/tests/samePrefixMarkedMtx/depth3/node2/test4_4.mtx 1.6 125.349 0.0356481 0.42 
/home/antonkov/masterWork/tests/samePrefixMarkedMtx/depth3/node2/test4_4.mtx 1.7 140.294 0.0260417 0.3175 
/home/antonkov/masterWork/tests/samePrefixMarkedMtx/depth3/node2/test4_4.mtx 1.8 143.838 0.0186806 0.216 
/home/antonkov/masterWork/tests/samePrefixMarkedMtx/depth3/node2/test4_4.mtx 1.9 161.318 0.0147454 0.173333 
/home/antonkov/masterWork/tests/samePrefixMarkedMtx/depth3/node2/test4_4.mtx 2 209.984 0.0100463 0.118889 
/home/antonkov/masterWork/tests/samePrefixMarkedMtx/depth3/node2/test4_4.mtx 2.1 245.808 0.0070761 0.0875 
/home/antonkov/masterWork/tests/samePrefixMarkedMtx/depth3/node2/test4_4.mtx 2.2 306.828 0.00482639 0.06 
/home/antonkov/masterWork/tests/samePrefixMarkedMtx/depth3/node2/test4_4.mtx 2.3 474.347 0.00265799 0.035 
/home/antonkov/masterWork/tests/samePrefixMarkedMtx/depth3/node2/test4_4.mtx 2.4 580.208 0.00189914 0.024878 
/home/antonkov/masterWork/tests/samePrefixMarkedMtx/depth3/node2/test4_4.mtx 2.5 844.291 0.00107924 0.0149254 
/home/antonkov/masterWork/tests/samePrefixMarkedMtx/depth3/node2/test4_4.mtx 2.6 1207.64 0.000662156 0.00934579 
/home/antonkov/masterWork/tests/samePrefixMarkedMtx/depth3/node2/test4_4.mtx 2.7 2140.79 0.000295062 0.00444444 
/home/antonkov/masterWork/tests/samePrefixMarkedMtx/depth3/node2/test4_4.mtx 2.8 3176.91 0.000170075 0.0026455 
/home/antonkov/masterWork/tests/samePrefixMarkedMtx/depth3/node2/test4_4.mtx 2.9 4910.25 0.000100152 0.0015015 
/home/antonkov/masterWork/tests/samePrefixMarkedMtx/depth3/node2/test4_4.mtx 3 8398.49 4.76387e-05 0.000775795 
/home/antonkov/masterWork/tests/samePrefixMarkedMtx/depth3/node2/test4_4.mtx 3.1 0 -1 -1 
/home/antonkov/masterWork/tests/samePrefixMarkedMtx/depth3/node2/test4_4.mtx 3.2 0 -1 -1 
/home/antonkov/masterWork/tests/samePrefixMarkedMtx/depth3/node2/test4_4.mtx 3.3 0 -1 -1 
/home/antonkov/masterWork/tests/samePrefixMarkedMtx/depth3/node2/test4_4.mtx 3.4 0 -1 -1 
/home/antonkov/masterWork/tests/samePrefixMarkedMtx/depth3/node2/test4_4.mtx 3.5 0 -1 -1 
