Results
Filename SNR Time(ms) BER FER
/home/antonkov/masterWork/tests/samePrefixMarkedMtx2304/depth3/node3/test0_0.mtx 1 498.169 0.0795226 0.88 
/home/antonkov/masterWork/tests/samePrefixMarkedMtx2304/depth3/node3/test0_0.mtx 1.1 468.22 0.0676042 0.8 
/home/antonkov/masterWork/tests/samePrefixMarkedMtx2304/depth3/node3/test0_0.mtx 1.2 449.855 0.0534245 0.66 
/home/antonkov/masterWork/tests/samePrefixMarkedMtx2304/depth3/node3/test0_0.mtx 1.3 418.465 0.0389366 0.51 
/home/antonkov/masterWork/tests/samePrefixMarkedMtx2304/depth3/node3/test0_0.mtx 1.4 526.714 0.0260569 0.345 
/home/antonkov/masterWork/tests/samePrefixMarkedMtx2304/depth3/node3/test0_0.mtx 1.5 486.89 0.0178646 0.255 
/home/antonkov/masterWork/tests/samePrefixMarkedMtx2304/depth3/node3/test0_0.mtx 1.6 688.564 0.00738889 0.104 
/home/antonkov/masterWork/tests/samePrefixMarkedMtx2304/depth3/node3/test0_0.mtx 1.7 971.718 0.00330469 0.055 
/home/antonkov/masterWork/tests/samePrefixMarkedMtx2304/depth3/node3/test0_0.mtx 1.8 1892.25 0.00110941 0.0182143 
/home/antonkov/masterWork/tests/samePrefixMarkedMtx2304/depth3/node3/test0_0.mtx 1.9 4060.71 0.000347946 0.00641026 
/home/antonkov/masterWork/tests/samePrefixMarkedMtx2304/depth3/node3/test0_0.mtx 2 0 -1 -1 
/home/antonkov/masterWork/tests/samePrefixMarkedMtx2304/depth3/node3/test0_0.mtx 2.1 0 -1 -1 
/home/antonkov/masterWork/tests/samePrefixMarkedMtx2304/depth3/node3/test0_0.mtx 2.2 0 -1 -1 
/home/antonkov/masterWork/tests/samePrefixMarkedMtx2304/depth3/node3/test0_0.mtx 2.3 0 -1 -1 
/home/antonkov/masterWork/tests/samePrefixMarkedMtx2304/depth3/node3/test0_0.mtx 2.4 0 -1 -1 
/home/antonkov/masterWork/tests/samePrefixMarkedMtx2304/depth3/node3/test0_0.mtx 2.5 0 -1 -1 
/home/antonkov/masterWork/tests/samePrefixMarkedMtx2304/depth3/node3/test0_0.mtx 2.6 0 -1 -1 
/home/antonkov/masterWork/tests/samePrefixMarkedMtx2304/depth3/node3/test0_0.mtx 2.7 0 -1 -1 
/home/antonkov/masterWork/tests/samePrefixMarkedMtx2304/depth3/node3/test0_0.mtx 2.8 0 -1 -1 
/home/antonkov/masterWork/tests/samePrefixMarkedMtx2304/depth3/node3/test0_0.mtx 2.9 0 -1 -1 
/home/antonkov/masterWork/tests/samePrefixMarkedMtx2304/depth3/node3/test0_0.mtx 3 0 -1 -1 
/home/antonkov/masterWork/tests/samePrefixMarkedMtx2304/depth3/node3/test0_0.mtx 3.1 0 -1 -1 
/home/antonkov/masterWork/tests/samePrefixMarkedMtx2304/depth3/node3/test0_0.mtx 3.2 0 -1 -1 
/home/antonkov/masterWork/tests/samePrefixMarkedMtx2304/depth3/node3/test0_0.mtx 3.3 0 -1 -1 
/home/antonkov/masterWork/tests/samePrefixMarkedMtx2304/depth3/node3/test0_0.mtx 3.4 0 -1 -1 
/home/antonkov/masterWork/tests/samePrefixMarkedMtx2304/depth3/node3/test0_0.mtx 3.5 0 -1 -1 
/home/antonkov/masterWork/tests/samePrefixMarkedMtx2304/depth3/node3/test0_1.mtx 1 470.829 0.0799609 0.95 
/home/antonkov/masterWork/tests/samePrefixMarkedMtx2304/depth3/node3/test0_1.mtx 1.1 461.683 0.0647352 0.8 
/home/antonkov/masterWork/tests/samePrefixMarkedMtx2304/depth3/node3/test0_1.mtx 1.2 441.242 0.0432812 0.56 
/home/antonkov/masterWork/tests/samePrefixMarkedMtx2304/depth3/node3/test0_1.mtx 1.3 547.704 0.0366341 0.48 
/home/antonkov/masterWork/tests/samePrefixMarkedMtx2304/depth3/node3/test0_1.mtx 1.4 516.721 0.0241211 0.33 
/home/antonkov/masterWork/tests/samePrefixMarkedMtx2304/depth3/node3/test0_1.mtx 1.5 585.028 0.0136589 0.206667 
/home/antonkov/masterWork/tests/samePrefixMarkedMtx2304/depth3/node3/test0_1.mtx 1.6 837.761 0.00566406 0.0885714 
/home/antonkov/masterWork/tests/samePrefixMarkedMtx2304/depth3/node3/test0_1.mtx 1.7 1226.92 0.00239521 0.0364286 
/home/antonkov/masterWork/tests/samePrefixMarkedMtx2304/depth3/node3/test0_1.mtx 1.8 1840.88 0.0011169 0.0185185 
/home/antonkov/masterWork/tests/samePrefixMarkedMtx2304/depth3/node3/test0_1.mtx 1.9 3685.65 0.000386096 0.00724638 
/home/antonkov/masterWork/tests/samePrefixMarkedMtx2304/depth3/node3/test0_1.mtx 2 0 -1 -1 
/home/antonkov/masterWork/tests/samePrefixMarkedMtx2304/depth3/node3/test0_1.mtx 2.1 0 -1 -1 
/home/antonkov/masterWork/tests/samePrefixMarkedMtx2304/depth3/node3/test0_1.mtx 2.2 0 -1 -1 
/home/antonkov/masterWork/tests/samePrefixMarkedMtx2304/depth3/node3/test0_1.mtx 2.3 0 -1 -1 
/home/antonkov/masterWork/tests/samePrefixMarkedMtx2304/depth3/node3/test0_1.mtx 2.4 0 -1 -1 
/home/antonkov/masterWork/tests/samePrefixMarkedMtx2304/depth3/node3/test0_1.mtx 2.5 0 -1 -1 
/home/antonkov/masterWork/tests/samePrefixMarkedMtx2304/depth3/node3/test0_1.mtx 2.6 0 -1 -1 
/home/antonkov/masterWork/tests/samePrefixMarkedMtx2304/depth3/node3/test0_1.mtx 2.7 0 -1 -1 
/home/antonkov/masterWork/tests/samePrefixMarkedMtx2304/depth3/node3/test0_1.mtx 2.8 0 -1 -1 
/home/antonkov/masterWork/tests/samePrefixMarkedMtx2304/depth3/node3/test0_1.mtx 2.9 0 -1 -1 
/home/antonkov/masterWork/tests/samePrefixMarkedMtx2304/depth3/node3/test0_1.mtx 3 0 -1 -1 
/home/antonkov/masterWork/tests/samePrefixMarkedMtx2304/depth3/node3/test0_1.mtx 3.1 0 -1 -1 
/home/antonkov/masterWork/tests/samePrefixMarkedMtx2304/depth3/node3/test0_1.mtx 3.2 0 -1 -1 
/home/antonkov/masterWork/tests/samePrefixMarkedMtx2304/depth3/node3/test0_1.mtx 3.3 0 -1 -1 
/home/antonkov/masterWork/tests/samePrefixMarkedMtx2304/depth3/node3/test0_1.mtx 3.4 0 -1 -1 
/home/antonkov/masterWork/tests/samePrefixMarkedMtx2304/depth3/node3/test0_1.mtx 3.5 0 -1 -1 
/home/antonkov/masterWork/tests/samePrefixMarkedMtx2304/depth3/node3/test0_2.mtx 1 465.894 0.0787977 0.9 
/home/antonkov/masterWork/tests/samePrefixMarkedMtx2304/depth3/node3/test0_2.mtx 1.1 453.169 0.064566 0.78 
/home/antonkov/masterWork/tests/samePrefixMarkedMtx2304/depth3/node3/test0_2.mtx 1.2 429.627 0.0532161 0.66 
/home/antonkov/masterWork/tests/samePrefixMarkedMtx2304/depth3/node3/test0_2.mtx 1.3 423.61 0.0395964 0.55 
/home/antonkov/masterWork/tests/samePrefixMarkedMtx2304/depth3/node3/test0_2.mtx 1.4 521.801 0.0237044 0.335 
/home/antonkov/masterWork/tests/samePrefixMarkedMtx2304/depth3/node3/test0_2.mtx 1.5 590.694 0.0132104 0.21 
/home/antonkov/masterWork/tests/samePrefixMarkedMtx2304/depth3/node3/test0_2.mtx 1.6 765.419 0.00611545 0.095 
/home/antonkov/masterWork/tests/samePrefixMarkedMtx2304/depth3/node3/test0_2.mtx 1.7 1038.44 0.00293048 0.0454545 
/home/antonkov/masterWork/tests/samePrefixMarkedMtx2304/depth3/node3/test0_2.mtx 1.8 1762.78 0.00124132 0.0203846 
/home/antonkov/masterWork/tests/samePrefixMarkedMtx2304/depth3/node3/test0_2.mtx 1.9 4439.1 0.000345129 0.006 
/home/antonkov/masterWork/tests/samePrefixMarkedMtx2304/depth3/node3/test0_2.mtx 2 0 -1 -1 
/home/antonkov/masterWork/tests/samePrefixMarkedMtx2304/depth3/node3/test0_2.mtx 2.1 0 -1 -1 
/home/antonkov/masterWork/tests/samePrefixMarkedMtx2304/depth3/node3/test0_2.mtx 2.2 0 -1 -1 
/home/antonkov/masterWork/tests/samePrefixMarkedMtx2304/depth3/node3/test0_2.mtx 2.3 0 -1 -1 
/home/antonkov/masterWork/tests/samePrefixMarkedMtx2304/depth3/node3/test0_2.mtx 2.4 0 -1 -1 
/home/antonkov/masterWork/tests/samePrefixMarkedMtx2304/depth3/node3/test0_2.mtx 2.5 0 -1 -1 
/home/antonkov/masterWork/tests/samePrefixMarkedMtx2304/depth3/node3/test0_2.mtx 2.6 0 -1 -1 
/home/antonkov/masterWork/tests/samePrefixMarkedMtx2304/depth3/node3/test0_2.mtx 2.7 0 -1 -1 
/home/antonkov/masterWork/tests/samePrefixMarkedMtx2304/depth3/node3/test0_2.mtx 2.8 0 -1 -1 
/home/antonkov/masterWork/tests/samePrefixMarkedMtx2304/depth3/node3/test0_2.mtx 2.9 0 -1 -1 
/home/antonkov/masterWork/tests/samePrefixMarkedMtx2304/depth3/node3/test0_2.mtx 3 0 -1 -1 
/home/antonkov/masterWork/tests/samePrefixMarkedMtx2304/depth3/node3/test0_2.mtx 3.1 0 -1 -1 
/home/antonkov/masterWork/tests/samePrefixMarkedMtx2304/depth3/node3/test0_2.mtx 3.2 0 -1 -1 
/home/antonkov/masterWork/tests/samePrefixMarkedMtx2304/depth3/node3/test0_2.mtx 3.3 0 -1 -1 
/home/antonkov/masterWork/tests/samePrefixMarkedMtx2304/depth3/node3/test0_2.mtx 3.4 0 -1 -1 
/home/antonkov/masterWork/tests/samePrefixMarkedMtx2304/depth3/node3/test0_2.mtx 3.5 0 -1 -1 
/home/antonkov/masterWork/tests/samePrefixMarkedMtx2304/depth3/node3/test0_3.mtx 1 456.473 0.0801215 0.9 
/home/antonkov/masterWork/tests/samePrefixMarkedMtx2304/depth3/node3/test0_3.mtx 1.1 450.618 0.0690929 0.82 
/home/antonkov/masterWork/tests/samePrefixMarkedMtx2304/depth3/node3/test0_3.mtx 1.2 424.029 0.0473177 0.58 
/home/antonkov/masterWork/tests/samePrefixMarkedMtx2304/depth3/node3/test0_3.mtx 1.3 545.555 0.0364236 0.465 
/home/antonkov/masterWork/tests/samePrefixMarkedMtx2304/depth3/node3/test0_3.mtx 1.4 514.821 0.0248069 0.335 
/home/antonkov/masterWork/tests/samePrefixMarkedMtx2304/depth3/node3/test0_3.mtx 1.5 562.189 0.012976 0.176667 
/home/antonkov/masterWork/tests/samePrefixMarkedMtx2304/depth3/node3/test0_3.mtx 1.6 694.83 0.00765712 0.11 
/home/antonkov/masterWork/tests/samePrefixMarkedMtx2304/depth3/node3/test0_3.mtx 1.7 1015.89 0.00319957 0.05 
/home/antonkov/masterWork/tests/samePrefixMarkedMtx2304/depth3/node3/test0_3.mtx 1.8 1689.65 0.00123173 0.0208333 
/home/antonkov/masterWork/tests/samePrefixMarkedMtx2304/depth3/node3/test0_3.mtx 1.9 3660.72 0.000450751 0.00735294 
/home/antonkov/masterWork/tests/samePrefixMarkedMtx2304/depth3/node3/test0_3.mtx 2 0 -1 -1 
/home/antonkov/masterWork/tests/samePrefixMarkedMtx2304/depth3/node3/test0_3.mtx 2.1 0 -1 -1 
/home/antonkov/masterWork/tests/samePrefixMarkedMtx2304/depth3/node3/test0_3.mtx 2.2 0 -1 -1 
/home/antonkov/masterWork/tests/samePrefixMarkedMtx2304/depth3/node3/test0_3.mtx 2.3 0 -1 -1 
/home/antonkov/masterWork/tests/samePrefixMarkedMtx2304/depth3/node3/test0_3.mtx 2.4 0 -1 -1 
/home/antonkov/masterWork/tests/samePrefixMarkedMtx2304/depth3/node3/test0_3.mtx 2.5 0 -1 -1 
/home/antonkov/masterWork/tests/samePrefixMarkedMtx2304/depth3/node3/test0_3.mtx 2.6 0 -1 -1 
/home/antonkov/masterWork/tests/samePrefixMarkedMtx2304/depth3/node3/test0_3.mtx 2.7 0 -1 -1 
/home/antonkov/masterWork/tests/samePrefixMarkedMtx2304/depth3/node3/test0_3.mtx 2.8 0 -1 -1 
/home/antonkov/masterWork/tests/samePrefixMarkedMtx2304/depth3/node3/test0_3.mtx 2.9 0 -1 -1 
/home/antonkov/masterWork/tests/samePrefixMarkedMtx2304/depth3/node3/test0_3.mtx 3 0 -1 -1 
/home/antonkov/masterWork/tests/samePrefixMarkedMtx2304/depth3/node3/test0_3.mtx 3.1 0 -1 -1 
/home/antonkov/masterWork/tests/samePrefixMarkedMtx2304/depth3/node3/test0_3.mtx 3.2 0 -1 -1 
/home/antonkov/masterWork/tests/samePrefixMarkedMtx2304/depth3/node3/test0_3.mtx 3.3 0 -1 -1 
/home/antonkov/masterWork/tests/samePrefixMarkedMtx2304/depth3/node3/test0_3.mtx 3.4 0 -1 -1 
/home/antonkov/masterWork/tests/samePrefixMarkedMtx2304/depth3/node3/test0_3.mtx 3.5 0 -1 -1 
/home/antonkov/masterWork/tests/samePrefixMarkedMtx2304/depth3/node3/test0_4.mtx 1 456.201 0.0727474 0.84 
/home/antonkov/masterWork/tests/samePrefixMarkedMtx2304/depth3/node3/test0_4.mtx 1.1 442.364 0.0594488 0.73 
/home/antonkov/masterWork/tests/samePrefixMarkedMtx2304/depth3/node3/test0_4.mtx 1.2 431.905 0.0487283 0.61 
/home/antonkov/masterWork/tests/samePrefixMarkedMtx2304/depth3/node3/test0_4.mtx 1.3 546.182 0.0366016 0.485 
/home/antonkov/masterWork/tests/samePrefixMarkedMtx2304/depth3/node3/test0_4.mtx 1.4 512.963 0.0241363 0.33 
/home/antonkov/masterWork/tests/samePrefixMarkedMtx2304/depth3/node3/test0_4.mtx 1.5 556.538 0.0120341 0.176667 
/home/antonkov/masterWork/tests/samePrefixMarkedMtx2304/depth3/node3/test0_4.mtx 1.6 822.265 0.00513207 0.0857143 
/home/antonkov/masterWork/tests/samePrefixMarkedMtx2304/depth3/node3/test0_4.mtx 1.7 1037.14 0.00292101 0.0463636 
/home/antonkov/masterWork/tests/samePrefixMarkedMtx2304/depth3/node3/test0_4.mtx 1.8 1783.44 0.0012342 0.02 
/home/antonkov/masterWork/tests/samePrefixMarkedMtx2304/depth3/node3/test0_4.mtx 1.9 4164.05 0.000371231 0.00632911 
/home/antonkov/masterWork/tests/samePrefixMarkedMtx2304/depth3/node3/test0_4.mtx 2 0 -1 -1 
/home/antonkov/masterWork/tests/samePrefixMarkedMtx2304/depth3/node3/test0_4.mtx 2.1 0 -1 -1 
/home/antonkov/masterWork/tests/samePrefixMarkedMtx2304/depth3/node3/test0_4.mtx 2.2 0 -1 -1 
/home/antonkov/masterWork/tests/samePrefixMarkedMtx2304/depth3/node3/test0_4.mtx 2.3 0 -1 -1 
/home/antonkov/masterWork/tests/samePrefixMarkedMtx2304/depth3/node3/test0_4.mtx 2.4 0 -1 -1 
/home/antonkov/masterWork/tests/samePrefixMarkedMtx2304/depth3/node3/test0_4.mtx 2.5 0 -1 -1 
/home/antonkov/masterWork/tests/samePrefixMarkedMtx2304/depth3/node3/test0_4.mtx 2.6 0 -1 -1 
/home/antonkov/masterWork/tests/samePrefixMarkedMtx2304/depth3/node3/test0_4.mtx 2.7 0 -1 -1 
/home/antonkov/masterWork/tests/samePrefixMarkedMtx2304/depth3/node3/test0_4.mtx 2.8 0 -1 -1 
/home/antonkov/masterWork/tests/samePrefixMarkedMtx2304/depth3/node3/test0_4.mtx 2.9 0 -1 -1 
/home/antonkov/masterWork/tests/samePrefixMarkedMtx2304/depth3/node3/test0_4.mtx 3 0 -1 -1 
/home/antonkov/masterWork/tests/samePrefixMarkedMtx2304/depth3/node3/test0_4.mtx 3.1 0 -1 -1 
/home/antonkov/masterWork/tests/samePrefixMarkedMtx2304/depth3/node3/test0_4.mtx 3.2 0 -1 -1 
/home/antonkov/masterWork/tests/samePrefixMarkedMtx2304/depth3/node3/test0_4.mtx 3.3 0 -1 -1 
/home/antonkov/masterWork/tests/samePrefixMarkedMtx2304/depth3/node3/test0_4.mtx 3.4 0 -1 -1 
/home/antonkov/masterWork/tests/samePrefixMarkedMtx2304/depth3/node3/test0_4.mtx 3.5 0 -1 -1 
/home/antonkov/masterWork/tests/samePrefixMarkedMtx2304/depth3/node3/test1_0.mtx 1 433.16 0.0813976 0.92 
/home/antonkov/masterWork/tests/samePrefixMarkedMtx2304/depth3/node3/test1_0.mtx 1.1 424.613 0.0685286 0.81 
/home/antonkov/masterWork/tests/samePrefixMarkedMtx2304/depth3/node3/test1_0.mtx 1.2 427.585 0.0514627 0.65 
/home/antonkov/masterWork/tests/samePrefixMarkedMtx2304/depth3/node3/test1_0.mtx 1.3 530.171 0.0405273 0.53 
/home/antonkov/masterWork/tests/samePrefixMarkedMtx2304/depth3/node3/test1_0.mtx 1.4 487.667 0.0254319 0.345 
/home/antonkov/masterWork/tests/samePrefixMarkedMtx2304/depth3/node3/test1_0.mtx 1.5 558.741 0.0152879 0.213333 
/home/antonkov/masterWork/tests/samePrefixMarkedMtx2304/depth3/node3/test1_0.mtx 1.6 662.663 0.00888021 0.126 
/home/antonkov/masterWork/tests/samePrefixMarkedMtx2304/depth3/node3/test1_0.mtx 1.7 754.322 0.00454861 0.0714286 
/home/antonkov/masterWork/tests/samePrefixMarkedMtx2304/depth3/node3/test1_0.mtx 1.8 1228.97 0.00186551 0.03125 
/home/antonkov/masterWork/tests/samePrefixMarkedMtx2304/depth3/node3/test1_0.mtx 1.9 2836.67 0.000580846 0.00961538 
/home/antonkov/masterWork/tests/samePrefixMarkedMtx2304/depth3/node3/test1_0.mtx 2 0 -1 -1 
/home/antonkov/masterWork/tests/samePrefixMarkedMtx2304/depth3/node3/test1_0.mtx 2.1 0 -1 -1 
/home/antonkov/masterWork/tests/samePrefixMarkedMtx2304/depth3/node3/test1_0.mtx 2.2 0 -1 -1 
/home/antonkov/masterWork/tests/samePrefixMarkedMtx2304/depth3/node3/test1_0.mtx 2.3 0 -1 -1 
/home/antonkov/masterWork/tests/samePrefixMarkedMtx2304/depth3/node3/test1_0.mtx 2.4 0 -1 -1 
/home/antonkov/masterWork/tests/samePrefixMarkedMtx2304/depth3/node3/test1_0.mtx 2.5 0 -1 -1 
/home/antonkov/masterWork/tests/samePrefixMarkedMtx2304/depth3/node3/test1_0.mtx 2.6 0 -1 -1 
/home/antonkov/masterWork/tests/samePrefixMarkedMtx2304/depth3/node3/test1_0.mtx 2.7 0 -1 -1 
/home/antonkov/masterWork/tests/samePrefixMarkedMtx2304/depth3/node3/test1_0.mtx 2.8 0 -1 -1 
/home/antonkov/masterWork/tests/samePrefixMarkedMtx2304/depth3/node3/test1_0.mtx 2.9 0 -1 -1 
/home/antonkov/masterWork/tests/samePrefixMarkedMtx2304/depth3/node3/test1_0.mtx 3 0 -1 -1 
/home/antonkov/masterWork/tests/samePrefixMarkedMtx2304/depth3/node3/test1_0.mtx 3.1 0 -1 -1 
/home/antonkov/masterWork/tests/samePrefixMarkedMtx2304/depth3/node3/test1_0.mtx 3.2 0 -1 -1 
/home/antonkov/masterWork/tests/samePrefixMarkedMtx2304/depth3/node3/test1_0.mtx 3.3 0 -1 -1 
/home/antonkov/masterWork/tests/samePrefixMarkedMtx2304/depth3/node3/test1_0.mtx 3.4 0 -1 -1 
/home/antonkov/masterWork/tests/samePrefixMarkedMtx2304/depth3/node3/test1_0.mtx 3.5 0 -1 -1 
/home/antonkov/masterWork/tests/samePrefixMarkedMtx2304/depth3/node3/test1_1.mtx 1 430.672 0.0802691 0.89 
/home/antonkov/masterWork/tests/samePrefixMarkedMtx2304/depth3/node3/test1_1.mtx 1.1 425.218 0.0694358 0.8 
/home/antonkov/masterWork/tests/samePrefixMarkedMtx2304/depth3/node3/test1_1.mtx 1.2 415.004 0.0570269 0.71 
/home/antonkov/masterWork/tests/samePrefixMarkedMtx2304/depth3/node3/test1_1.mtx 1.3 391.794 0.0390842 0.51 
/home/antonkov/masterWork/tests/samePrefixMarkedMtx2304/depth3/node3/test1_1.mtx 1.4 497.334 0.0272287 0.37 
/home/antonkov/masterWork/tests/samePrefixMarkedMtx2304/depth3/node3/test1_1.mtx 1.5 461.406 0.0178125 0.25 
/home/antonkov/masterWork/tests/samePrefixMarkedMtx2304/depth3/node3/test1_1.mtx 1.6 663.442 0.00681076 0.104 
/home/antonkov/masterWork/tests/samePrefixMarkedMtx2304/depth3/node3/test1_1.mtx 1.7 1000.27 0.00295455 0.0481818 
/home/antonkov/masterWork/tests/samePrefixMarkedMtx2304/depth3/node3/test1_1.mtx 1.8 1847.21 0.00126504 0.0189286 
/home/antonkov/masterWork/tests/samePrefixMarkedMtx2304/depth3/node3/test1_1.mtx 1.9 3767.64 0.000404181 0.00684932 
/home/antonkov/masterWork/tests/samePrefixMarkedMtx2304/depth3/node3/test1_1.mtx 2 0 -1 -1 
/home/antonkov/masterWork/tests/samePrefixMarkedMtx2304/depth3/node3/test1_1.mtx 2.1 0 -1 -1 
/home/antonkov/masterWork/tests/samePrefixMarkedMtx2304/depth3/node3/test1_1.mtx 2.2 0 -1 -1 
/home/antonkov/masterWork/tests/samePrefixMarkedMtx2304/depth3/node3/test1_1.mtx 2.3 0 -1 -1 
/home/antonkov/masterWork/tests/samePrefixMarkedMtx2304/depth3/node3/test1_1.mtx 2.4 0 -1 -1 
/home/antonkov/masterWork/tests/samePrefixMarkedMtx2304/depth3/node3/test1_1.mtx 2.5 0 -1 -1 
/home/antonkov/masterWork/tests/samePrefixMarkedMtx2304/depth3/node3/test1_1.mtx 2.6 0 -1 -1 
/home/antonkov/masterWork/tests/samePrefixMarkedMtx2304/depth3/node3/test1_1.mtx 2.7 0 -1 -1 
/home/antonkov/masterWork/tests/samePrefixMarkedMtx2304/depth3/node3/test1_1.mtx 2.8 0 -1 -1 
/home/antonkov/masterWork/tests/samePrefixMarkedMtx2304/depth3/node3/test1_1.mtx 2.9 0 -1 -1 
/home/antonkov/masterWork/tests/samePrefixMarkedMtx2304/depth3/node3/test1_1.mtx 3 0 -1 -1 
/home/antonkov/masterWork/tests/samePrefixMarkedMtx2304/depth3/node3/test1_1.mtx 3.1 0 -1 -1 
/home/antonkov/masterWork/tests/samePrefixMarkedMtx2304/depth3/node3/test1_1.mtx 3.2 0 -1 -1 
/home/antonkov/masterWork/tests/samePrefixMarkedMtx2304/depth3/node3/test1_1.mtx 3.3 0 -1 -1 
/home/antonkov/masterWork/tests/samePrefixMarkedMtx2304/depth3/node3/test1_1.mtx 3.4 0 -1 -1 
/home/antonkov/masterWork/tests/samePrefixMarkedMtx2304/depth3/node3/test1_1.mtx 3.5 0 -1 -1 
/home/antonkov/masterWork/tests/samePrefixMarkedMtx2304/depth3/node3/test1_2.mtx 1 437.257 0.0781076 0.9 
/home/antonkov/masterWork/tests/samePrefixMarkedMtx2304/depth3/node3/test1_2.mtx 1.1 432.771 0.0674696 0.8 
/home/antonkov/masterWork/tests/samePrefixMarkedMtx2304/depth3/node3/test1_2.mtx 1.2 409.066 0.0537717 0.68 
/home/antonkov/masterWork/tests/samePrefixMarkedMtx2304/depth3/node3/test1_2.mtx 1.3 516.21 0.0386523 0.485 
/home/antonkov/masterWork/tests/samePrefixMarkedMtx2304/depth3/node3/test1_2.mtx 1.4 489.855 0.0272721 0.37 
/home/antonkov/masterWork/tests/samePrefixMarkedMtx2304/depth3/node3/test1_2.mtx 1.5 542.425 0.014728 0.206667 
/home/antonkov/masterWork/tests/samePrefixMarkedMtx2304/depth3/node3/test1_2.mtx 1.6 663.863 0.00797396 0.112 
/home/antonkov/masterWork/tests/samePrefixMarkedMtx2304/depth3/node3/test1_2.mtx 1.7 810.659 0.0045421 0.06625 
/home/antonkov/masterWork/tests/samePrefixMarkedMtx2304/depth3/node3/test1_2.mtx 1.8 1344.49 0.00175106 0.0277778 
/home/antonkov/masterWork/tests/samePrefixMarkedMtx2304/depth3/node3/test1_2.mtx 1.9 3874.83 0.000398611 0.00666667 
/home/antonkov/masterWork/tests/samePrefixMarkedMtx2304/depth3/node3/test1_2.mtx 2 0 -1 -1 
/home/antonkov/masterWork/tests/samePrefixMarkedMtx2304/depth3/node3/test1_2.mtx 2.1 0 -1 -1 
/home/antonkov/masterWork/tests/samePrefixMarkedMtx2304/depth3/node3/test1_2.mtx 2.2 0 -1 -1 
/home/antonkov/masterWork/tests/samePrefixMarkedMtx2304/depth3/node3/test1_2.mtx 2.3 0 -1 -1 
/home/antonkov/masterWork/tests/samePrefixMarkedMtx2304/depth3/node3/test1_2.mtx 2.4 0 -1 -1 
/home/antonkov/masterWork/tests/samePrefixMarkedMtx2304/depth3/node3/test1_2.mtx 2.5 0 -1 -1 
/home/antonkov/masterWork/tests/samePrefixMarkedMtx2304/depth3/node3/test1_2.mtx 2.6 0 -1 -1 
/home/antonkov/masterWork/tests/samePrefixMarkedMtx2304/depth3/node3/test1_2.mtx 2.7 0 -1 -1 
/home/antonkov/masterWork/tests/samePrefixMarkedMtx2304/depth3/node3/test1_2.mtx 2.8 0 -1 -1 
/home/antonkov/masterWork/tests/samePrefixMarkedMtx2304/depth3/node3/test1_2.mtx 2.9 0 -1 -1 
/home/antonkov/masterWork/tests/samePrefixMarkedMtx2304/depth3/node3/test1_2.mtx 3 0 -1 -1 
/home/antonkov/masterWork/tests/samePrefixMarkedMtx2304/depth3/node3/test1_2.mtx 3.1 0 -1 -1 
/home/antonkov/masterWork/tests/samePrefixMarkedMtx2304/depth3/node3/test1_2.mtx 3.2 0 -1 -1 
/home/antonkov/masterWork/tests/samePrefixMarkedMtx2304/depth3/node3/test1_2.mtx 3.3 0 -1 -1 
/home/antonkov/masterWork/tests/samePrefixMarkedMtx2304/depth3/node3/test1_2.mtx 3.4 0 -1 -1 
/home/antonkov/masterWork/tests/samePrefixMarkedMtx2304/depth3/node3/test1_2.mtx 3.5 0 -1 -1 
/home/antonkov/masterWork/tests/samePrefixMarkedMtx2304/depth3/node3/test1_3.mtx 1 434.708 0.0849132 0.93 
/home/antonkov/masterWork/tests/samePrefixMarkedMtx2304/depth3/node3/test1_3.mtx 1.1 431.284 0.0748915 0.88 
/home/antonkov/masterWork/tests/samePrefixMarkedMtx2304/depth3/node3/test1_3.mtx 1.2 427.795 0.0581467 0.72 
/home/antonkov/masterWork/tests/samePrefixMarkedMtx2304/depth3/node3/test1_3.mtx 1.3 406.452 0.0430382 0.57 
/home/antonkov/masterWork/tests/samePrefixMarkedMtx2304/depth3/node3/test1_3.mtx 1.4 499.752 0.0289063 0.415 
/home/antonkov/masterWork/tests/samePrefixMarkedMtx2304/depth3/node3/test1_3.mtx 1.5 566.618 0.0156959 0.22 
/home/antonkov/masterWork/tests/samePrefixMarkedMtx2304/depth3/node3/test1_3.mtx 1.6 673.673 0.00862066 0.118 
/home/antonkov/masterWork/tests/samePrefixMarkedMtx2304/depth3/node3/test1_3.mtx 1.7 891.157 0.00380112 0.0566667 
/home/antonkov/masterWork/tests/samePrefixMarkedMtx2304/depth3/node3/test1_3.mtx 1.8 1442.04 0.00153168 0.025 
/home/antonkov/masterWork/tests/samePrefixMarkedMtx2304/depth3/node3/test1_3.mtx 1.9 3063.78 0.000510021 0.00877193 
/home/antonkov/masterWork/tests/samePrefixMarkedMtx2304/depth3/node3/test1_3.mtx 2 0 -1 -1 
/home/antonkov/masterWork/tests/samePrefixMarkedMtx2304/depth3/node3/test1_3.mtx 2.1 0 -1 -1 
/home/antonkov/masterWork/tests/samePrefixMarkedMtx2304/depth3/node3/test1_3.mtx 2.2 0 -1 -1 
/home/antonkov/masterWork/tests/samePrefixMarkedMtx2304/depth3/node3/test1_3.mtx 2.3 0 -1 -1 
/home/antonkov/masterWork/tests/samePrefixMarkedMtx2304/depth3/node3/test1_3.mtx 2.4 0 -1 -1 
/home/antonkov/masterWork/tests/samePrefixMarkedMtx2304/depth3/node3/test1_3.mtx 2.5 0 -1 -1 
/home/antonkov/masterWork/tests/samePrefixMarkedMtx2304/depth3/node3/test1_3.mtx 2.6 0 -1 -1 
/home/antonkov/masterWork/tests/samePrefixMarkedMtx2304/depth3/node3/test1_3.mtx 2.7 0 -1 -1 
/home/antonkov/masterWork/tests/samePrefixMarkedMtx2304/depth3/node3/test1_3.mtx 2.8 0 -1 -1 
/home/antonkov/masterWork/tests/samePrefixMarkedMtx2304/depth3/node3/test1_3.mtx 2.9 0 -1 -1 
/home/antonkov/masterWork/tests/samePrefixMarkedMtx2304/depth3/node3/test1_3.mtx 3 0 -1 -1 
/home/antonkov/masterWork/tests/samePrefixMarkedMtx2304/depth3/node3/test1_3.mtx 3.1 0 -1 -1 
/home/antonkov/masterWork/tests/samePrefixMarkedMtx2304/depth3/node3/test1_3.mtx 3.2 0 -1 -1 
/home/antonkov/masterWork/tests/samePrefixMarkedMtx2304/depth3/node3/test1_3.mtx 3.3 0 -1 -1 
/home/antonkov/masterWork/tests/samePrefixMarkedMtx2304/depth3/node3/test1_3.mtx 3.4 0 -1 -1 
/home/antonkov/masterWork/tests/samePrefixMarkedMtx2304/depth3/node3/test1_3.mtx 3.5 0 -1 -1 
/home/antonkov/masterWork/tests/samePrefixMarkedMtx2304/depth3/node3/test1_4.mtx 1 437.562 0.0793012 0.9 
/home/antonkov/masterWork/tests/samePrefixMarkedMtx2304/depth3/node3/test1_4.mtx 1.1 429.243 0.0671484 0.8 
/home/antonkov/masterWork/tests/samePrefixMarkedMtx2304/depth3/node3/test1_4.mtx 1.2 410.92 0.0515148 0.65 
/home/antonkov/masterWork/tests/samePrefixMarkedMtx2304/depth3/node3/test1_4.mtx 1.3 399.063 0.0367839 0.51 
/home/antonkov/masterWork/tests/samePrefixMarkedMtx2304/depth3/node3/test1_4.mtx 1.4 492.724 0.0259418 0.36 
/home/antonkov/masterWork/tests/samePrefixMarkedMtx2304/depth3/node3/test1_4.mtx 1.5 569.703 0.0158218 0.223333 
/home/antonkov/masterWork/tests/samePrefixMarkedMtx2304/depth3/node3/test1_4.mtx 1.6 594.95 0.00875109 0.14 
/home/antonkov/masterWork/tests/samePrefixMarkedMtx2304/depth3/node3/test1_4.mtx 1.7 974.208 0.00351259 0.055 
/home/antonkov/masterWork/tests/samePrefixMarkedMtx2304/depth3/node3/test1_4.mtx 1.8 1592.93 0.00133759 0.0231818 
/home/antonkov/masterWork/tests/samePrefixMarkedMtx2304/depth3/node3/test1_4.mtx 1.9 3226 0.000511479 0.00862069 
/home/antonkov/masterWork/tests/samePrefixMarkedMtx2304/depth3/node3/test1_4.mtx 2 0 -1 -1 
/home/antonkov/masterWork/tests/samePrefixMarkedMtx2304/depth3/node3/test1_4.mtx 2.1 0 -1 -1 
/home/antonkov/masterWork/tests/samePrefixMarkedMtx2304/depth3/node3/test1_4.mtx 2.2 0 -1 -1 
/home/antonkov/masterWork/tests/samePrefixMarkedMtx2304/depth3/node3/test1_4.mtx 2.3 0 -1 -1 
/home/antonkov/masterWork/tests/samePrefixMarkedMtx2304/depth3/node3/test1_4.mtx 2.4 0 -1 -1 
/home/antonkov/masterWork/tests/samePrefixMarkedMtx2304/depth3/node3/test1_4.mtx 2.5 0 -1 -1 
/home/antonkov/masterWork/tests/samePrefixMarkedMtx2304/depth3/node3/test1_4.mtx 2.6 0 -1 -1 
/home/antonkov/masterWork/tests/samePrefixMarkedMtx2304/depth3/node3/test1_4.mtx 2.7 0 -1 -1 
/home/antonkov/masterWork/tests/samePrefixMarkedMtx2304/depth3/node3/test1_4.mtx 2.8 0 -1 -1 
/home/antonkov/masterWork/tests/samePrefixMarkedMtx2304/depth3/node3/test1_4.mtx 2.9 0 -1 -1 
/home/antonkov/masterWork/tests/samePrefixMarkedMtx2304/depth3/node3/test1_4.mtx 3 0 -1 -1 
/home/antonkov/masterWork/tests/samePrefixMarkedMtx2304/depth3/node3/test1_4.mtx 3.1 0 -1 -1 
/home/antonkov/masterWork/tests/samePrefixMarkedMtx2304/depth3/node3/test1_4.mtx 3.2 0 -1 -1 
/home/antonkov/masterWork/tests/samePrefixMarkedMtx2304/depth3/node3/test1_4.mtx 3.3 0 -1 -1 
/home/antonkov/masterWork/tests/samePrefixMarkedMtx2304/depth3/node3/test1_4.mtx 3.4 0 -1 -1 
/home/antonkov/masterWork/tests/samePrefixMarkedMtx2304/depth3/node3/test1_4.mtx 3.5 0 -1 -1 
/home/antonkov/masterWork/tests/samePrefixMarkedMtx2304/depth3/node3/test2_0.mtx 1 429.07 0.0787674 0.9 
/home/antonkov/masterWork/tests/samePrefixMarkedMtx2304/depth3/node3/test2_0.mtx 1.1 425.341 0.06602 0.78 
/home/antonkov/masterWork/tests/samePrefixMarkedMtx2304/depth3/node3/test2_0.mtx 1.2 410.761 0.0503559 0.64 
/home/antonkov/masterWork/tests/samePrefixMarkedMtx2304/depth3/node3/test2_0.mtx 1.3 522.489 0.0386241 0.53 
/home/antonkov/masterWork/tests/samePrefixMarkedMtx2304/depth3/node3/test2_0.mtx 1.4 499.059 0.0260352 0.375 
/home/antonkov/masterWork/tests/samePrefixMarkedMtx2304/depth3/node3/test2_0.mtx 1.5 551.529 0.0122468 0.193333 
/home/antonkov/masterWork/tests/samePrefixMarkedMtx2304/depth3/node3/test2_0.mtx 1.6 672.143 0.00756337 0.11 
/home/antonkov/masterWork/tests/samePrefixMarkedMtx2304/depth3/node3/test2_0.mtx 1.7 945.387 0.00377951 0.056 
/home/antonkov/masterWork/tests/samePrefixMarkedMtx2304/depth3/node3/test2_0.mtx 1.8 1510.42 0.00146205 0.0242857 
/home/antonkov/masterWork/tests/samePrefixMarkedMtx2304/depth3/node3/test2_0.mtx 1.9 3108.91 0.000518514 0.00862069 
/home/antonkov/masterWork/tests/samePrefixMarkedMtx2304/depth3/node3/test2_0.mtx 2 0 -1 -1 
/home/antonkov/masterWork/tests/samePrefixMarkedMtx2304/depth3/node3/test2_0.mtx 2.1 0 -1 -1 
/home/antonkov/masterWork/tests/samePrefixMarkedMtx2304/depth3/node3/test2_0.mtx 2.2 0 -1 -1 
/home/antonkov/masterWork/tests/samePrefixMarkedMtx2304/depth3/node3/test2_0.mtx 2.3 0 -1 -1 
/home/antonkov/masterWork/tests/samePrefixMarkedMtx2304/depth3/node3/test2_0.mtx 2.4 0 -1 -1 
/home/antonkov/masterWork/tests/samePrefixMarkedMtx2304/depth3/node3/test2_0.mtx 2.5 0 -1 -1 
/home/antonkov/masterWork/tests/samePrefixMarkedMtx2304/depth3/node3/test2_0.mtx 2.6 0 -1 -1 
/home/antonkov/masterWork/tests/samePrefixMarkedMtx2304/depth3/node3/test2_0.mtx 2.7 0 -1 -1 
/home/antonkov/masterWork/tests/samePrefixMarkedMtx2304/depth3/node3/test2_0.mtx 2.8 0 -1 -1 
/home/antonkov/masterWork/tests/samePrefixMarkedMtx2304/depth3/node3/test2_0.mtx 2.9 0 -1 -1 
/home/antonkov/masterWork/tests/samePrefixMarkedMtx2304/depth3/node3/test2_0.mtx 3 0 -1 -1 
/home/antonkov/masterWork/tests/samePrefixMarkedMtx2304/depth3/node3/test2_0.mtx 3.1 0 -1 -1 
/home/antonkov/masterWork/tests/samePrefixMarkedMtx2304/depth3/node3/test2_0.mtx 3.2 0 -1 -1 
/home/antonkov/masterWork/tests/samePrefixMarkedMtx2304/depth3/node3/test2_0.mtx 3.3 0 -1 -1 
/home/antonkov/masterWork/tests/samePrefixMarkedMtx2304/depth3/node3/test2_0.mtx 3.4 0 -1 -1 
/home/antonkov/masterWork/tests/samePrefixMarkedMtx2304/depth3/node3/test2_0.mtx 3.5 0 -1 -1 
/home/antonkov/masterWork/tests/samePrefixMarkedMtx2304/depth3/node3/test2_1.mtx 1 431.799 0.0772179 0.87 
/home/antonkov/masterWork/tests/samePrefixMarkedMtx2304/depth3/node3/test2_1.mtx 1.1 435.205 0.0674219 0.8 
/home/antonkov/masterWork/tests/samePrefixMarkedMtx2304/depth3/node3/test2_1.mtx 1.2 408.61 0.0527648 0.65 
/home/antonkov/masterWork/tests/samePrefixMarkedMtx2304/depth3/node3/test2_1.mtx 1.3 393.899 0.037105 0.5 
/home/antonkov/masterWork/tests/samePrefixMarkedMtx2304/depth3/node3/test2_1.mtx 1.4 487.204 0.0253689 0.35 
/home/antonkov/masterWork/tests/samePrefixMarkedMtx2304/depth3/node3/test2_1.mtx 1.5 543.137 0.0126374 0.176667 
/home/antonkov/masterWork/tests/samePrefixMarkedMtx2304/depth3/node3/test2_1.mtx 1.6 636.754 0.00752604 0.106 
/home/antonkov/masterWork/tests/samePrefixMarkedMtx2304/depth3/node3/test2_1.mtx 1.7 920.647 0.00380339 0.057 
/home/antonkov/masterWork/tests/samePrefixMarkedMtx2304/depth3/node3/test2_1.mtx 1.8 1597.06 0.00132831 0.0217391 
/home/antonkov/masterWork/tests/samePrefixMarkedMtx2304/depth3/node3/test2_1.mtx 1.9 4078.02 0.000401663 0.00617284 
/home/antonkov/masterWork/tests/samePrefixMarkedMtx2304/depth3/node3/test2_1.mtx 2 0 -1 -1 
/home/antonkov/masterWork/tests/samePrefixMarkedMtx2304/depth3/node3/test2_1.mtx 2.1 0 -1 -1 
/home/antonkov/masterWork/tests/samePrefixMarkedMtx2304/depth3/node3/test2_1.mtx 2.2 0 -1 -1 
/home/antonkov/masterWork/tests/samePrefixMarkedMtx2304/depth3/node3/test2_1.mtx 2.3 0 -1 -1 
/home/antonkov/masterWork/tests/samePrefixMarkedMtx2304/depth3/node3/test2_1.mtx 2.4 0 -1 -1 
/home/antonkov/masterWork/tests/samePrefixMarkedMtx2304/depth3/node3/test2_1.mtx 2.5 0 -1 -1 
/home/antonkov/masterWork/tests/samePrefixMarkedMtx2304/depth3/node3/test2_1.mtx 2.6 0 -1 -1 
/home/antonkov/masterWork/tests/samePrefixMarkedMtx2304/depth3/node3/test2_1.mtx 2.7 0 -1 -1 
/home/antonkov/masterWork/tests/samePrefixMarkedMtx2304/depth3/node3/test2_1.mtx 2.8 0 -1 -1 
/home/antonkov/masterWork/tests/samePrefixMarkedMtx2304/depth3/node3/test2_1.mtx 2.9 0 -1 -1 
/home/antonkov/masterWork/tests/samePrefixMarkedMtx2304/depth3/node3/test2_1.mtx 3 0 -1 -1 
/home/antonkov/masterWork/tests/samePrefixMarkedMtx2304/depth3/node3/test2_1.mtx 3.1 0 -1 -1 
/home/antonkov/masterWork/tests/samePrefixMarkedMtx2304/depth3/node3/test2_1.mtx 3.2 0 -1 -1 
/home/antonkov/masterWork/tests/samePrefixMarkedMtx2304/depth3/node3/test2_1.mtx 3.3 0 -1 -1 
/home/antonkov/masterWork/tests/samePrefixMarkedMtx2304/depth3/node3/test2_1.mtx 3.4 0 -1 -1 
/home/antonkov/masterWork/tests/samePrefixMarkedMtx2304/depth3/node3/test2_1.mtx 3.5 0 -1 -1 
/home/antonkov/masterWork/tests/samePrefixMarkedMtx2304/depth3/node3/test2_2.mtx 1 428.553 0.0761806 0.87 
/home/antonkov/masterWork/tests/samePrefixMarkedMtx2304/depth3/node3/test2_2.mtx 1.1 431.084 0.0617665 0.73 
/home/antonkov/masterWork/tests/samePrefixMarkedMtx2304/depth3/node3/test2_2.mtx 1.2 413.318 0.048928 0.62 
/home/antonkov/masterWork/tests/samePrefixMarkedMtx2304/depth3/node3/test2_2.mtx 1.3 522.79 0.0361697 0.465 
/home/antonkov/masterWork/tests/samePrefixMarkedMtx2304/depth3/node3/test2_2.mtx 1.4 478.748 0.0248741 0.33 
/home/antonkov/masterWork/tests/samePrefixMarkedMtx2304/depth3/node3/test2_2.mtx 1.5 543.114 0.0127228 0.186667 
/home/antonkov/masterWork/tests/samePrefixMarkedMtx2304/depth3/node3/test2_2.mtx 1.6 746.642 0.00663339 0.0966667 
/home/antonkov/masterWork/tests/samePrefixMarkedMtx2304/depth3/node3/test2_2.mtx 1.7 941.251 0.00335894 0.052 
/home/antonkov/masterWork/tests/samePrefixMarkedMtx2304/depth3/node3/test2_2.mtx 1.8 1754.03 0.00114767 0.0196154 
/home/antonkov/masterWork/tests/samePrefixMarkedMtx2304/depth3/node3/test2_2.mtx 1.9 3934.44 0.000338373 0.00649351 
/home/antonkov/masterWork/tests/samePrefixMarkedMtx2304/depth3/node3/test2_2.mtx 2 0 -1 -1 
/home/antonkov/masterWork/tests/samePrefixMarkedMtx2304/depth3/node3/test2_2.mtx 2.1 0 -1 -1 
/home/antonkov/masterWork/tests/samePrefixMarkedMtx2304/depth3/node3/test2_2.mtx 2.2 0 -1 -1 
/home/antonkov/masterWork/tests/samePrefixMarkedMtx2304/depth3/node3/test2_2.mtx 2.3 0 -1 -1 
/home/antonkov/masterWork/tests/samePrefixMarkedMtx2304/depth3/node3/test2_2.mtx 2.4 0 -1 -1 
/home/antonkov/masterWork/tests/samePrefixMarkedMtx2304/depth3/node3/test2_2.mtx 2.5 0 -1 -1 
/home/antonkov/masterWork/tests/samePrefixMarkedMtx2304/depth3/node3/test2_2.mtx 2.6 0 -1 -1 
/home/antonkov/masterWork/tests/samePrefixMarkedMtx2304/depth3/node3/test2_2.mtx 2.7 0 -1 -1 
/home/antonkov/masterWork/tests/samePrefixMarkedMtx2304/depth3/node3/test2_2.mtx 2.8 0 -1 -1 
/home/antonkov/masterWork/tests/samePrefixMarkedMtx2304/depth3/node3/test2_2.mtx 2.9 0 -1 -1 
/home/antonkov/masterWork/tests/samePrefixMarkedMtx2304/depth3/node3/test2_2.mtx 3 0 -1 -1 
/home/antonkov/masterWork/tests/samePrefixMarkedMtx2304/depth3/node3/test2_2.mtx 3.1 0 -1 -1 
/home/antonkov/masterWork/tests/samePrefixMarkedMtx2304/depth3/node3/test2_2.mtx 3.2 0 -1 -1 
/home/antonkov/masterWork/tests/samePrefixMarkedMtx2304/depth3/node3/test2_2.mtx 3.3 0 -1 -1 
/home/antonkov/masterWork/tests/samePrefixMarkedMtx2304/depth3/node3/test2_2.mtx 3.4 0 -1 -1 
/home/antonkov/masterWork/tests/samePrefixMarkedMtx2304/depth3/node3/test2_2.mtx 3.5 0 -1 -1 
/home/antonkov/masterWork/tests/samePrefixMarkedMtx2304/depth3/node3/test2_3.mtx 1 431.559 0.0790234 0.88 
/home/antonkov/masterWork/tests/samePrefixMarkedMtx2304/depth3/node3/test2_3.mtx 1.1 431.078 0.0676693 0.79 
/home/antonkov/masterWork/tests/samePrefixMarkedMtx2304/depth3/node3/test2_3.mtx 1.2 412.765 0.0529167 0.66 
/home/antonkov/masterWork/tests/samePrefixMarkedMtx2304/depth3/node3/test2_3.mtx 1.3 399.549 0.0427865 0.58 
/home/antonkov/masterWork/tests/samePrefixMarkedMtx2304/depth3/node3/test2_3.mtx 1.4 501.028 0.0262674 0.365 
/home/antonkov/masterWork/tests/samePrefixMarkedMtx2304/depth3/node3/test2_3.mtx 1.5 549.063 0.0152083 0.216667 
/home/antonkov/masterWork/tests/samePrefixMarkedMtx2304/depth3/node3/test2_3.mtx 1.6 582.9 0.00847765 0.125 
/home/antonkov/masterWork/tests/samePrefixMarkedMtx2304/depth3/node3/test2_3.mtx 1.7 931.096 0.00343924 0.054 
/home/antonkov/masterWork/tests/samePrefixMarkedMtx2304/depth3/node3/test2_3.mtx 1.8 2009.76 0.00100442 0.0164516 
/home/antonkov/masterWork/tests/samePrefixMarkedMtx2304/depth3/node3/test2_3.mtx 1.9 4737.77 0.000326675 0.00531915 
/home/antonkov/masterWork/tests/samePrefixMarkedMtx2304/depth3/node3/test2_3.mtx 2 0 -1 -1 
/home/antonkov/masterWork/tests/samePrefixMarkedMtx2304/depth3/node3/test2_3.mtx 2.1 0 -1 -1 
/home/antonkov/masterWork/tests/samePrefixMarkedMtx2304/depth3/node3/test2_3.mtx 2.2 0 -1 -1 
/home/antonkov/masterWork/tests/samePrefixMarkedMtx2304/depth3/node3/test2_3.mtx 2.3 0 -1 -1 
/home/antonkov/masterWork/tests/samePrefixMarkedMtx2304/depth3/node3/test2_3.mtx 2.4 0 -1 -1 
/home/antonkov/masterWork/tests/samePrefixMarkedMtx2304/depth3/node3/test2_3.mtx 2.5 0 -1 -1 
/home/antonkov/masterWork/tests/samePrefixMarkedMtx2304/depth3/node3/test2_3.mtx 2.6 0 -1 -1 
/home/antonkov/masterWork/tests/samePrefixMarkedMtx2304/depth3/node3/test2_3.mtx 2.7 0 -1 -1 
/home/antonkov/masterWork/tests/samePrefixMarkedMtx2304/depth3/node3/test2_3.mtx 2.8 0 -1 -1 
/home/antonkov/masterWork/tests/samePrefixMarkedMtx2304/depth3/node3/test2_3.mtx 2.9 0 -1 -1 
/home/antonkov/masterWork/tests/samePrefixMarkedMtx2304/depth3/node3/test2_3.mtx 3 0 -1 -1 
/home/antonkov/masterWork/tests/samePrefixMarkedMtx2304/depth3/node3/test2_3.mtx 3.1 0 -1 -1 
/home/antonkov/masterWork/tests/samePrefixMarkedMtx2304/depth3/node3/test2_3.mtx 3.2 0 -1 -1 
/home/antonkov/masterWork/tests/samePrefixMarkedMtx2304/depth3/node3/test2_3.mtx 3.3 0 -1 -1 
/home/antonkov/masterWork/tests/samePrefixMarkedMtx2304/depth3/node3/test2_3.mtx 3.4 0 -1 -1 
/home/antonkov/masterWork/tests/samePrefixMarkedMtx2304/depth3/node3/test2_3.mtx 3.5 0 -1 -1 
/home/antonkov/masterWork/tests/samePrefixMarkedMtx2304/depth3/node3/test2_4.mtx 1 434.476 0.0801345 0.9 
/home/antonkov/masterWork/tests/samePrefixMarkedMtx2304/depth3/node3/test2_4.mtx 1.1 425.018 0.0694618 0.83 
/home/antonkov/masterWork/tests/samePrefixMarkedMtx2304/depth3/node3/test2_4.mtx 1.2 425.456 0.0545139 0.69 
/home/antonkov/masterWork/tests/samePrefixMarkedMtx2304/depth3/node3/test2_4.mtx 1.3 399.698 0.0411632 0.56 
/home/antonkov/masterWork/tests/samePrefixMarkedMtx2304/depth3/node3/test2_4.mtx 1.4 492.553 0.0238845 0.35 
/home/antonkov/masterWork/tests/samePrefixMarkedMtx2304/depth3/node3/test2_4.mtx 1.5 570.738 0.0133637 0.206667 
/home/antonkov/masterWork/tests/samePrefixMarkedMtx2304/depth3/node3/test2_4.mtx 1.6 735.384 0.00610822 0.0866667 
/home/antonkov/masterWork/tests/samePrefixMarkedMtx2304/depth3/node3/test2_4.mtx 1.7 1074.38 0.00327257 0.0491667 
/home/antonkov/masterWork/tests/samePrefixMarkedMtx2304/depth3/node3/test2_4.mtx 1.8 1676.58 0.00131684 0.0208 
/home/antonkov/masterWork/tests/samePrefixMarkedMtx2304/depth3/node3/test2_4.mtx 1.9 5052.71 0.000288455 0.005 
/home/antonkov/masterWork/tests/samePrefixMarkedMtx2304/depth3/node3/test2_4.mtx 2 0 -1 -1 
/home/antonkov/masterWork/tests/samePrefixMarkedMtx2304/depth3/node3/test2_4.mtx 2.1 0 -1 -1 
/home/antonkov/masterWork/tests/samePrefixMarkedMtx2304/depth3/node3/test2_4.mtx 2.2 0 -1 -1 
/home/antonkov/masterWork/tests/samePrefixMarkedMtx2304/depth3/node3/test2_4.mtx 2.3 0 -1 -1 
/home/antonkov/masterWork/tests/samePrefixMarkedMtx2304/depth3/node3/test2_4.mtx 2.4 0 -1 -1 
/home/antonkov/masterWork/tests/samePrefixMarkedMtx2304/depth3/node3/test2_4.mtx 2.5 0 -1 -1 
/home/antonkov/masterWork/tests/samePrefixMarkedMtx2304/depth3/node3/test2_4.mtx 2.6 0 -1 -1 
/home/antonkov/masterWork/tests/samePrefixMarkedMtx2304/depth3/node3/test2_4.mtx 2.7 0 -1 -1 
/home/antonkov/masterWork/tests/samePrefixMarkedMtx2304/depth3/node3/test2_4.mtx 2.8 0 -1 -1 
/home/antonkov/masterWork/tests/samePrefixMarkedMtx2304/depth3/node3/test2_4.mtx 2.9 0 -1 -1 
/home/antonkov/masterWork/tests/samePrefixMarkedMtx2304/depth3/node3/test2_4.mtx 3 0 -1 -1 
/home/antonkov/masterWork/tests/samePrefixMarkedMtx2304/depth3/node3/test2_4.mtx 3.1 0 -1 -1 
/home/antonkov/masterWork/tests/samePrefixMarkedMtx2304/depth3/node3/test2_4.mtx 3.2 0 -1 -1 
/home/antonkov/masterWork/tests/samePrefixMarkedMtx2304/depth3/node3/test2_4.mtx 3.3 0 -1 -1 
/home/antonkov/masterWork/tests/samePrefixMarkedMtx2304/depth3/node3/test2_4.mtx 3.4 0 -1 -1 
/home/antonkov/masterWork/tests/samePrefixMarkedMtx2304/depth3/node3/test2_4.mtx 3.5 0 -1 -1 
/home/antonkov/masterWork/tests/samePrefixMarkedMtx2304/depth3/node3/test3_0.mtx 1 457.814 0.0717578 0.82 
/home/antonkov/masterWork/tests/samePrefixMarkedMtx2304/depth3/node3/test3_0.mtx 1.1 433.925 0.0574089 0.67 
/home/antonkov/masterWork/tests/samePrefixMarkedMtx2304/depth3/node3/test3_0.mtx 1.2 417.788 0.0430903 0.54 
/home/antonkov/masterWork/tests/samePrefixMarkedMtx2304/depth3/node3/test3_0.mtx 1.3 531.438 0.0355946 0.46 
/home/antonkov/masterWork/tests/samePrefixMarkedMtx2304/depth3/node3/test3_0.mtx 1.4 504.142 0.0243902 0.325 
/home/antonkov/masterWork/tests/samePrefixMarkedMtx2304/depth3/node3/test3_0.mtx 1.5 580.488 0.0147512 0.206667 
/home/antonkov/masterWork/tests/samePrefixMarkedMtx2304/depth3/node3/test3_0.mtx 1.6 692.783 0.00675087 0.1 
/home/antonkov/masterWork/tests/samePrefixMarkedMtx2304/depth3/node3/test3_0.mtx 1.7 1095.97 0.00281141 0.0416667 
/home/antonkov/masterWork/tests/samePrefixMarkedMtx2304/depth3/node3/test3_0.mtx 1.8 1856.09 0.00107313 0.0178571 
/home/antonkov/masterWork/tests/samePrefixMarkedMtx2304/depth3/node3/test3_0.mtx 1.9 3752.1 0.00037475 0.00684932 
/home/antonkov/masterWork/tests/samePrefixMarkedMtx2304/depth3/node3/test3_0.mtx 2 0 -1 -1 
/home/antonkov/masterWork/tests/samePrefixMarkedMtx2304/depth3/node3/test3_0.mtx 2.1 0 -1 -1 
/home/antonkov/masterWork/tests/samePrefixMarkedMtx2304/depth3/node3/test3_0.mtx 2.2 0 -1 -1 
/home/antonkov/masterWork/tests/samePrefixMarkedMtx2304/depth3/node3/test3_0.mtx 2.3 0 -1 -1 
/home/antonkov/masterWork/tests/samePrefixMarkedMtx2304/depth3/node3/test3_0.mtx 2.4 0 -1 -1 
/home/antonkov/masterWork/tests/samePrefixMarkedMtx2304/depth3/node3/test3_0.mtx 2.5 0 -1 -1 
/home/antonkov/masterWork/tests/samePrefixMarkedMtx2304/depth3/node3/test3_0.mtx 2.6 0 -1 -1 
/home/antonkov/masterWork/tests/samePrefixMarkedMtx2304/depth3/node3/test3_0.mtx 2.7 0 -1 -1 
/home/antonkov/masterWork/tests/samePrefixMarkedMtx2304/depth3/node3/test3_0.mtx 2.8 0 -1 -1 
/home/antonkov/masterWork/tests/samePrefixMarkedMtx2304/depth3/node3/test3_0.mtx 2.9 0 -1 -1 
/home/antonkov/masterWork/tests/samePrefixMarkedMtx2304/depth3/node3/test3_0.mtx 3 0 -1 -1 
/home/antonkov/masterWork/tests/samePrefixMarkedMtx2304/depth3/node3/test3_0.mtx 3.1 0 -1 -1 
/home/antonkov/masterWork/tests/samePrefixMarkedMtx2304/depth3/node3/test3_0.mtx 3.2 0 -1 -1 
/home/antonkov/masterWork/tests/samePrefixMarkedMtx2304/depth3/node3/test3_0.mtx 3.3 0 -1 -1 
/home/antonkov/masterWork/tests/samePrefixMarkedMtx2304/depth3/node3/test3_0.mtx 3.4 0 -1 -1 
/home/antonkov/masterWork/tests/samePrefixMarkedMtx2304/depth3/node3/test3_0.mtx 3.5 0 -1 -1 
/home/antonkov/masterWork/tests/samePrefixMarkedMtx2304/depth3/node3/test3_1.mtx 1 453.138 0.0759592 0.86 
/home/antonkov/masterWork/tests/samePrefixMarkedMtx2304/depth3/node3/test3_1.mtx 1.1 451.159 0.0657378 0.79 
/home/antonkov/masterWork/tests/samePrefixMarkedMtx2304/depth3/node3/test3_1.mtx 1.2 435.442 0.0522526 0.68 
/home/antonkov/masterWork/tests/samePrefixMarkedMtx2304/depth3/node3/test3_1.mtx 1.3 424.5 0.0356467 0.5 
/home/antonkov/masterWork/tests/samePrefixMarkedMtx2304/depth3/node3/test3_1.mtx 1.4 519.24 0.0242144 0.345 
/home/antonkov/masterWork/tests/samePrefixMarkedMtx2304/depth3/node3/test3_1.mtx 1.5 581.065 0.0138296 0.21 
/home/antonkov/masterWork/tests/samePrefixMarkedMtx2304/depth3/node3/test3_1.mtx 1.6 715.178 0.00715538 0.11 
/home/antonkov/masterWork/tests/samePrefixMarkedMtx2304/depth3/node3/test3_1.mtx 1.7 992.68 0.00312153 0.052 
/home/antonkov/masterWork/tests/samePrefixMarkedMtx2304/depth3/node3/test3_1.mtx 1.8 1813.41 0.00117421 0.0192308 
/home/antonkov/masterWork/tests/samePrefixMarkedMtx2304/depth3/node3/test3_1.mtx 1.9 3296.7 0.000484346 0.00847458 
/home/antonkov/masterWork/tests/samePrefixMarkedMtx2304/depth3/node3/test3_1.mtx 2 0 -1 -1 
/home/antonkov/masterWork/tests/samePrefixMarkedMtx2304/depth3/node3/test3_1.mtx 2.1 0 -1 -1 
/home/antonkov/masterWork/tests/samePrefixMarkedMtx2304/depth3/node3/test3_1.mtx 2.2 0 -1 -1 
/home/antonkov/masterWork/tests/samePrefixMarkedMtx2304/depth3/node3/test3_1.mtx 2.3 0 -1 -1 
/home/antonkov/masterWork/tests/samePrefixMarkedMtx2304/depth3/node3/test3_1.mtx 2.4 0 -1 -1 
/home/antonkov/masterWork/tests/samePrefixMarkedMtx2304/depth3/node3/test3_1.mtx 2.5 0 -1 -1 
/home/antonkov/masterWork/tests/samePrefixMarkedMtx2304/depth3/node3/test3_1.mtx 2.6 0 -1 -1 
/home/antonkov/masterWork/tests/samePrefixMarkedMtx2304/depth3/node3/test3_1.mtx 2.7 0 -1 -1 
/home/antonkov/masterWork/tests/samePrefixMarkedMtx2304/depth3/node3/test3_1.mtx 2.8 0 -1 -1 
/home/antonkov/masterWork/tests/samePrefixMarkedMtx2304/depth3/node3/test3_1.mtx 2.9 0 -1 -1 
/home/antonkov/masterWork/tests/samePrefixMarkedMtx2304/depth3/node3/test3_1.mtx 3 0 -1 -1 
/home/antonkov/masterWork/tests/samePrefixMarkedMtx2304/depth3/node3/test3_1.mtx 3.1 0 -1 -1 
/home/antonkov/masterWork/tests/samePrefixMarkedMtx2304/depth3/node3/test3_1.mtx 3.2 0 -1 -1 
/home/antonkov/masterWork/tests/samePrefixMarkedMtx2304/depth3/node3/test3_1.mtx 3.3 0 -1 -1 
/home/antonkov/masterWork/tests/samePrefixMarkedMtx2304/depth3/node3/test3_1.mtx 3.4 0 -1 -1 
/home/antonkov/masterWork/tests/samePrefixMarkedMtx2304/depth3/node3/test3_1.mtx 3.5 0 -1 -1 
/home/antonkov/masterWork/tests/samePrefixMarkedMtx2304/depth3/node3/test3_2.mtx 1 459.063 0.0781337 0.89 
/home/antonkov/masterWork/tests/samePrefixMarkedMtx2304/depth3/node3/test3_2.mtx 1.1 449.325 0.0657335 0.8 
/home/antonkov/masterWork/tests/samePrefixMarkedMtx2304/depth3/node3/test3_2.mtx 1.2 437.13 0.0468273 0.64 
/home/antonkov/masterWork/tests/samePrefixMarkedMtx2304/depth3/node3/test3_2.mtx 1.3 555.678 0.0372591 0.51 
/home/antonkov/masterWork/tests/samePrefixMarkedMtx2304/depth3/node3/test3_2.mtx 1.4 514.4 0.0207183 0.305 
/home/antonkov/masterWork/tests/samePrefixMarkedMtx2304/depth3/node3/test3_2.mtx 1.5 581.875 0.0130859 0.196667 
/home/antonkov/masterWork/tests/samePrefixMarkedMtx2304/depth3/node3/test3_2.mtx 1.6 686.889 0.00617795 0.102 
/home/antonkov/masterWork/tests/samePrefixMarkedMtx2304/depth3/node3/test3_2.mtx 1.7 987.604 0.00343533 0.051 
/home/antonkov/masterWork/tests/samePrefixMarkedMtx2304/depth3/node3/test3_2.mtx 1.8 1942.89 0.00112909 0.0182143 
/home/antonkov/masterWork/tests/samePrefixMarkedMtx2304/depth3/node3/test3_2.mtx 1.9 4114.51 0.000387827 0.00657895 
/home/antonkov/masterWork/tests/samePrefixMarkedMtx2304/depth3/node3/test3_2.mtx 2 0 -1 -1 
/home/antonkov/masterWork/tests/samePrefixMarkedMtx2304/depth3/node3/test3_2.mtx 2.1 0 -1 -1 
/home/antonkov/masterWork/tests/samePrefixMarkedMtx2304/depth3/node3/test3_2.mtx 2.2 0 -1 -1 
/home/antonkov/masterWork/tests/samePrefixMarkedMtx2304/depth3/node3/test3_2.mtx 2.3 0 -1 -1 
/home/antonkov/masterWork/tests/samePrefixMarkedMtx2304/depth3/node3/test3_2.mtx 2.4 0 -1 -1 
/home/antonkov/masterWork/tests/samePrefixMarkedMtx2304/depth3/node3/test3_2.mtx 2.5 0 -1 -1 
/home/antonkov/masterWork/tests/samePrefixMarkedMtx2304/depth3/node3/test3_2.mtx 2.6 0 -1 -1 
/home/antonkov/masterWork/tests/samePrefixMarkedMtx2304/depth3/node3/test3_2.mtx 2.7 0 -1 -1 
/home/antonkov/masterWork/tests/samePrefixMarkedMtx2304/depth3/node3/test3_2.mtx 2.8 0 -1 -1 
/home/antonkov/masterWork/tests/samePrefixMarkedMtx2304/depth3/node3/test3_2.mtx 2.9 0 -1 -1 
/home/antonkov/masterWork/tests/samePrefixMarkedMtx2304/depth3/node3/test3_2.mtx 3 0 -1 -1 
/home/antonkov/masterWork/tests/samePrefixMarkedMtx2304/depth3/node3/test3_2.mtx 3.1 0 -1 -1 
/home/antonkov/masterWork/tests/samePrefixMarkedMtx2304/depth3/node3/test3_2.mtx 3.2 0 -1 -1 
/home/antonkov/masterWork/tests/samePrefixMarkedMtx2304/depth3/node3/test3_2.mtx 3.3 0 -1 -1 
/home/antonkov/masterWork/tests/samePrefixMarkedMtx2304/depth3/node3/test3_2.mtx 3.4 0 -1 -1 
/home/antonkov/masterWork/tests/samePrefixMarkedMtx2304/depth3/node3/test3_2.mtx 3.5 0 -1 -1 
/home/antonkov/masterWork/tests/samePrefixMarkedMtx2304/depth3/node3/test3_3.mtx 1 455.832 0.0758941 0.84 
/home/antonkov/masterWork/tests/samePrefixMarkedMtx2304/depth3/node3/test3_3.mtx 1.1 444.638 0.0641797 0.78 
/home/antonkov/masterWork/tests/samePrefixMarkedMtx2304/depth3/node3/test3_3.mtx 1.2 438.267 0.0499609 0.63 
/home/antonkov/masterWork/tests/samePrefixMarkedMtx2304/depth3/node3/test3_3.mtx 1.3 542.825 0.037105 0.5 
/home/antonkov/masterWork/tests/samePrefixMarkedMtx2304/depth3/node3/test3_3.mtx 1.4 502.333 0.0245161 0.345 
/home/antonkov/masterWork/tests/samePrefixMarkedMtx2304/depth3/node3/test3_3.mtx 1.5 572.538 0.0154861 0.213333 
/home/antonkov/masterWork/tests/samePrefixMarkedMtx2304/depth3/node3/test3_3.mtx 1.6 615.832 0.00939562 0.135 
/home/antonkov/masterWork/tests/samePrefixMarkedMtx2304/depth3/node3/test3_3.mtx 1.7 850.07 0.00436795 0.06375 
/home/antonkov/masterWork/tests/samePrefixMarkedMtx2304/depth3/node3/test3_3.mtx 1.8 1456.58 0.00163021 0.025 
/home/antonkov/masterWork/tests/samePrefixMarkedMtx2304/depth3/node3/test3_3.mtx 1.9 3599.89 0.000494986 0.00746269 
/home/antonkov/masterWork/tests/samePrefixMarkedMtx2304/depth3/node3/test3_3.mtx 2 0 -1 -1 
/home/antonkov/masterWork/tests/samePrefixMarkedMtx2304/depth3/node3/test3_3.mtx 2.1 0 -1 -1 
/home/antonkov/masterWork/tests/samePrefixMarkedMtx2304/depth3/node3/test3_3.mtx 2.2 0 -1 -1 
/home/antonkov/masterWork/tests/samePrefixMarkedMtx2304/depth3/node3/test3_3.mtx 2.3 0 -1 -1 
/home/antonkov/masterWork/tests/samePrefixMarkedMtx2304/depth3/node3/test3_3.mtx 2.4 0 -1 -1 
/home/antonkov/masterWork/tests/samePrefixMarkedMtx2304/depth3/node3/test3_3.mtx 2.5 0 -1 -1 
/home/antonkov/masterWork/tests/samePrefixMarkedMtx2304/depth3/node3/test3_3.mtx 2.6 0 -1 -1 
/home/antonkov/masterWork/tests/samePrefixMarkedMtx2304/depth3/node3/test3_3.mtx 2.7 0 -1 -1 
/home/antonkov/masterWork/tests/samePrefixMarkedMtx2304/depth3/node3/test3_3.mtx 2.8 0 -1 -1 
/home/antonkov/masterWork/tests/samePrefixMarkedMtx2304/depth3/node3/test3_3.mtx 2.9 0 -1 -1 
/home/antonkov/masterWork/tests/samePrefixMarkedMtx2304/depth3/node3/test3_3.mtx 3 0 -1 -1 
/home/antonkov/masterWork/tests/samePrefixMarkedMtx2304/depth3/node3/test3_3.mtx 3.1 0 -1 -1 
/home/antonkov/masterWork/tests/samePrefixMarkedMtx2304/depth3/node3/test3_3.mtx 3.2 0 -1 -1 
/home/antonkov/masterWork/tests/samePrefixMarkedMtx2304/depth3/node3/test3_3.mtx 3.3 0 -1 -1 
/home/antonkov/masterWork/tests/samePrefixMarkedMtx2304/depth3/node3/test3_3.mtx 3.4 0 -1 -1 
/home/antonkov/masterWork/tests/samePrefixMarkedMtx2304/depth3/node3/test3_3.mtx 3.5 0 -1 -1 
/home/antonkov/masterWork/tests/samePrefixMarkedMtx2304/depth3/node3/test3_4.mtx 1 452.54 0.0768446 0.87 
/home/antonkov/masterWork/tests/samePrefixMarkedMtx2304/depth3/node3/test3_4.mtx 1.1 450.102 0.0642535 0.78 
/home/antonkov/masterWork/tests/samePrefixMarkedMtx2304/depth3/node3/test3_4.mtx 1.2 435.874 0.049388 0.63 
/home/antonkov/masterWork/tests/samePrefixMarkedMtx2304/depth3/node3/test3_4.mtx 1.3 557.296 0.0387109 0.515 
/home/antonkov/masterWork/tests/samePrefixMarkedMtx2304/depth3/node3/test3_4.mtx 1.4 513.406 0.0261198 0.355 
/home/antonkov/masterWork/tests/samePrefixMarkedMtx2304/depth3/node3/test3_4.mtx 1.5 576.141 0.0162992 0.24 
/home/antonkov/masterWork/tests/samePrefixMarkedMtx2304/depth3/node3/test3_4.mtx 1.6 706.296 0.00780729 0.114 
/home/antonkov/masterWork/tests/samePrefixMarkedMtx2304/depth3/node3/test3_4.mtx 1.7 948.443 0.00327214 0.05 
/home/antonkov/masterWork/tests/samePrefixMarkedMtx2304/depth3/node3/test3_4.mtx 1.8 1886.11 0.00115684 0.0182143 
/home/antonkov/masterWork/tests/samePrefixMarkedMtx2304/depth3/node3/test3_4.mtx 1.9 3992.6 0.00037659 0.00675325 
/home/antonkov/masterWork/tests/samePrefixMarkedMtx2304/depth3/node3/test3_4.mtx 2 0 -1 -1 
/home/antonkov/masterWork/tests/samePrefixMarkedMtx2304/depth3/node3/test3_4.mtx 2.1 0 -1 -1 
/home/antonkov/masterWork/tests/samePrefixMarkedMtx2304/depth3/node3/test3_4.mtx 2.2 0 -1 -1 
/home/antonkov/masterWork/tests/samePrefixMarkedMtx2304/depth3/node3/test3_4.mtx 2.3 0 -1 -1 
/home/antonkov/masterWork/tests/samePrefixMarkedMtx2304/depth3/node3/test3_4.mtx 2.4 0 -1 -1 
/home/antonkov/masterWork/tests/samePrefixMarkedMtx2304/depth3/node3/test3_4.mtx 2.5 0 -1 -1 
/home/antonkov/masterWork/tests/samePrefixMarkedMtx2304/depth3/node3/test3_4.mtx 2.6 0 -1 -1 
/home/antonkov/masterWork/tests/samePrefixMarkedMtx2304/depth3/node3/test3_4.mtx 2.7 0 -1 -1 
/home/antonkov/masterWork/tests/samePrefixMarkedMtx2304/depth3/node3/test3_4.mtx 2.8 0 -1 -1 
/home/antonkov/masterWork/tests/samePrefixMarkedMtx2304/depth3/node3/test3_4.mtx 2.9 0 -1 -1 
/home/antonkov/masterWork/tests/samePrefixMarkedMtx2304/depth3/node3/test3_4.mtx 3 0 -1 -1 
/home/antonkov/masterWork/tests/samePrefixMarkedMtx2304/depth3/node3/test3_4.mtx 3.1 0 -1 -1 
/home/antonkov/masterWork/tests/samePrefixMarkedMtx2304/depth3/node3/test3_4.mtx 3.2 0 -1 -1 
/home/antonkov/masterWork/tests/samePrefixMarkedMtx2304/depth3/node3/test3_4.mtx 3.3 0 -1 -1 
/home/antonkov/masterWork/tests/samePrefixMarkedMtx2304/depth3/node3/test3_4.mtx 3.4 0 -1 -1 
/home/antonkov/masterWork/tests/samePrefixMarkedMtx2304/depth3/node3/test3_4.mtx 3.5 0 -1 -1 
