Results
Filename SNR Time(ms) BER FER
/home/antonkov/masterWork/tests/samePrefixMarkedMtx/depth3/node3/test0_0.mtx 1 122.951 0.0724219 0.745 
/home/antonkov/masterWork/tests/samePrefixMarkedMtx/depth3/node3/test0_0.mtx 1.1 106.032 0.0659462 0.705 
/home/antonkov/masterWork/tests/samePrefixMarkedMtx/depth3/node3/test0_0.mtx 1.2 95.5326 0.057934 0.63 
/home/antonkov/masterWork/tests/samePrefixMarkedMtx/depth3/node3/test0_0.mtx 1.3 88.4932 0.0496528 0.56 
/home/antonkov/masterWork/tests/samePrefixMarkedMtx/depth3/node3/test0_0.mtx 1.4 112.993 0.040625 0.466667 
/home/antonkov/masterWork/tests/samePrefixMarkedMtx/depth3/node3/test0_0.mtx 1.5 103.941 0.0338889 0.41 
/home/antonkov/masterWork/tests/samePrefixMarkedMtx/depth3/node3/test0_0.mtx 1.6 121.852 0.0246007 0.3075 
/home/antonkov/masterWork/tests/samePrefixMarkedMtx/depth3/node3/test0_0.mtx 1.7 131.196 0.016625 0.21 
/home/antonkov/masterWork/tests/samePrefixMarkedMtx/depth3/node3/test0_0.mtx 1.8 138.933 0.0130208 0.168333 
/home/antonkov/masterWork/tests/samePrefixMarkedMtx/depth3/node3/test0_0.mtx 1.9 175.643 0.0097473 0.128889 
/home/antonkov/masterWork/tests/samePrefixMarkedMtx/depth3/node3/test0_0.mtx 2 233.371 0.00594151 0.0815385 
/home/antonkov/masterWork/tests/samePrefixMarkedMtx/depth3/node3/test0_0.mtx 2.1 291.704 0.00413743 0.0536842 
/home/antonkov/masterWork/tests/samePrefixMarkedMtx/depth3/node3/test0_0.mtx 2.2 402.874 0.00254282 0.0336667 
/home/antonkov/masterWork/tests/samePrefixMarkedMtx/depth3/node3/test0_0.mtx 2.3 519.206 0.00166584 0.0240476 
/home/antonkov/masterWork/tests/samePrefixMarkedMtx/depth3/node3/test0_0.mtx 2.4 727.599 0.00105529 0.0155385 
/home/antonkov/masterWork/tests/samePrefixMarkedMtx/depth3/node3/test0_0.mtx 2.5 1019.94 0.000644252 0.00990099 
/home/antonkov/masterWork/tests/samePrefixMarkedMtx/depth3/node3/test0_0.mtx 2.6 1393.71 0.000458717 0.00655844 
/home/antonkov/masterWork/tests/samePrefixMarkedMtx/depth3/node3/test0_0.mtx 2.7 2368.28 0.000196005 0.00325733 
/home/antonkov/masterWork/tests/samePrefixMarkedMtx/depth3/node3/test0_0.mtx 2.8 3533.67 0.000119274 0.00193798 
/home/antonkov/masterWork/tests/samePrefixMarkedMtx/depth3/node3/test0_0.mtx 2.9 5797.01 5.89918e-05 0.00103627 
/home/antonkov/masterWork/tests/samePrefixMarkedMtx/depth3/node3/test0_0.mtx 3 10852.1 2.83746e-05 0.000496771 
/home/antonkov/masterWork/tests/samePrefixMarkedMtx/depth3/node3/test0_0.mtx 3.1 0 -1 -1 
/home/antonkov/masterWork/tests/samePrefixMarkedMtx/depth3/node3/test0_0.mtx 3.2 0 -1 -1 
/home/antonkov/masterWork/tests/samePrefixMarkedMtx/depth3/node3/test0_0.mtx 3.3 0 -1 -1 
/home/antonkov/masterWork/tests/samePrefixMarkedMtx/depth3/node3/test0_0.mtx 3.4 0 -1 -1 
/home/antonkov/masterWork/tests/samePrefixMarkedMtx/depth3/node3/test0_0.mtx 3.5 0 -1 -1 
/home/antonkov/masterWork/tests/samePrefixMarkedMtx/depth3/node3/test0_1.mtx 1 105.7 0.0738368 0.77 
/home/antonkov/masterWork/tests/samePrefixMarkedMtx/depth3/node3/test0_1.mtx 1.1 102.115 0.0671528 0.72 
/home/antonkov/masterWork/tests/samePrefixMarkedMtx/depth3/node3/test0_1.mtx 1.2 97.0083 0.0568229 0.62 
/home/antonkov/masterWork/tests/samePrefixMarkedMtx/depth3/node3/test0_1.mtx 1.3 87.7901 0.0483333 0.53 
/home/antonkov/masterWork/tests/samePrefixMarkedMtx/depth3/node3/test0_1.mtx 1.4 114.082 0.0388368 0.44 
/home/antonkov/masterWork/tests/samePrefixMarkedMtx/depth3/node3/test0_1.mtx 1.5 105.987 0.0297164 0.356667 
/home/antonkov/masterWork/tests/samePrefixMarkedMtx/depth3/node3/test0_1.mtx 1.6 143.698 0.0212778 0.256 
/home/antonkov/masterWork/tests/samePrefixMarkedMtx/depth3/node3/test0_1.mtx 1.7 130.275 0.0168507 0.212 
/home/antonkov/masterWork/tests/samePrefixMarkedMtx/depth3/node3/test0_1.mtx 1.8 142.791 0.0136777 0.173333 
/home/antonkov/masterWork/tests/samePrefixMarkedMtx/depth3/node3/test0_1.mtx 1.9 185.046 0.00909915 0.118889 
/home/antonkov/masterWork/tests/samePrefixMarkedMtx/depth3/node3/test0_1.mtx 2 210.138 0.00692564 0.085 
/home/antonkov/masterWork/tests/samePrefixMarkedMtx/depth3/node3/test0_1.mtx 2.1 277.551 0.00432099 0.0555556 
/home/antonkov/masterWork/tests/samePrefixMarkedMtx/depth3/node3/test0_1.mtx 2.2 397.728 0.00241379 0.0344828 
/home/antonkov/masterWork/tests/samePrefixMarkedMtx/depth3/node3/test0_1.mtx 2.3 495.637 0.00171701 0.025 
/home/antonkov/masterWork/tests/samePrefixMarkedMtx/depth3/node3/test0_1.mtx 2.4 827.955 0.000941723 0.0135135 
/home/antonkov/masterWork/tests/samePrefixMarkedMtx/depth3/node3/test0_1.mtx 2.5 1225.1 0.000548695 0.00806452 
/home/antonkov/masterWork/tests/samePrefixMarkedMtx/depth3/node3/test0_1.mtx 2.6 1980.9 0.000283888 0.00429185 
/home/antonkov/masterWork/tests/samePrefixMarkedMtx/depth3/node3/test0_1.mtx 2.7 2677.38 0.000191072 0.00287356 
/home/antonkov/masterWork/tests/samePrefixMarkedMtx/depth3/node3/test0_1.mtx 2.8 3889.19 0.00010698 0.00174216 
/home/antonkov/masterWork/tests/samePrefixMarkedMtx/depth3/node3/test0_1.mtx 2.9 6878.48 5.26706e-05 0.000875976 
/home/antonkov/masterWork/tests/samePrefixMarkedMtx/depth3/node3/test0_1.mtx 3 0 -1 -1 
/home/antonkov/masterWork/tests/samePrefixMarkedMtx/depth3/node3/test0_1.mtx 3.1 0 -1 -1 
/home/antonkov/masterWork/tests/samePrefixMarkedMtx/depth3/node3/test0_1.mtx 3.2 0 -1 -1 
/home/antonkov/masterWork/tests/samePrefixMarkedMtx/depth3/node3/test0_1.mtx 3.3 0 -1 -1 
/home/antonkov/masterWork/tests/samePrefixMarkedMtx/depth3/node3/test0_1.mtx 3.4 0 -1 -1 
/home/antonkov/masterWork/tests/samePrefixMarkedMtx/depth3/node3/test0_1.mtx 3.5 0 -1 -1 
/home/antonkov/masterWork/tests/samePrefixMarkedMtx/depth3/node3/test0_2.mtx 1 102.818 0.0716233 0.755 
/home/antonkov/masterWork/tests/samePrefixMarkedMtx/depth3/node3/test0_2.mtx 1.1 99.5168 0.0629514 0.7 
/home/antonkov/masterWork/tests/samePrefixMarkedMtx/depth3/node3/test0_2.mtx 1.2 91.3165 0.0548872 0.615 
/home/antonkov/masterWork/tests/samePrefixMarkedMtx/depth3/node3/test0_2.mtx 1.3 86.7312 0.0471094 0.535 
/home/antonkov/masterWork/tests/samePrefixMarkedMtx/depth3/node3/test0_2.mtx 1.4 116.805 0.0384664 0.44 
/home/antonkov/masterWork/tests/samePrefixMarkedMtx/depth3/node3/test0_2.mtx 1.5 104.46 0.031765 0.386667 
/home/antonkov/masterWork/tests/samePrefixMarkedMtx/depth3/node3/test0_2.mtx 1.6 118.023 0.0228429 0.28 
/home/antonkov/masterWork/tests/samePrefixMarkedMtx/depth3/node3/test0_2.mtx 1.7 128.977 0.0161528 0.206 
/home/antonkov/masterWork/tests/samePrefixMarkedMtx/depth3/node3/test0_2.mtx 1.8 143.387 0.013235 0.168333 
/home/antonkov/masterWork/tests/samePrefixMarkedMtx/depth3/node3/test0_2.mtx 1.9 190.154 0.00952739 0.124444 
/home/antonkov/masterWork/tests/samePrefixMarkedMtx/depth3/node3/test0_2.mtx 2 205.979 0.00699179 0.0945455 
/home/antonkov/masterWork/tests/samePrefixMarkedMtx/depth3/node3/test0_2.mtx 2.1 237.03 0.00516989 0.0735714 
/home/antonkov/masterWork/tests/samePrefixMarkedMtx/depth3/node3/test0_2.mtx 2.2 338.797 0.0029295 0.0443478 
/home/antonkov/masterWork/tests/samePrefixMarkedMtx/depth3/node3/test0_2.mtx 2.3 453.82 0.00198427 0.0294118 
/home/antonkov/masterWork/tests/samePrefixMarkedMtx/depth3/node3/test0_2.mtx 2.4 626.048 0.00117054 0.0192308 
/home/antonkov/masterWork/tests/samePrefixMarkedMtx/depth3/node3/test0_2.mtx 2.5 903.806 0.000738059 0.0121951 
/home/antonkov/masterWork/tests/samePrefixMarkedMtx/depth3/node3/test0_2.mtx 2.6 1288.65 0.000428806 0.00766917 
/home/antonkov/masterWork/tests/samePrefixMarkedMtx/depth3/node3/test0_2.mtx 2.7 2111.62 0.000230001 0.00397638 
/home/antonkov/masterWork/tests/samePrefixMarkedMtx/depth3/node3/test0_2.mtx 2.8 3422.69 0.00011777 0.0021645 
/home/antonkov/masterWork/tests/samePrefixMarkedMtx/depth3/node3/test0_2.mtx 2.9 4589.07 7.41542e-05 0.001443 
/home/antonkov/masterWork/tests/samePrefixMarkedMtx/depth3/node3/test0_2.mtx 3 7798.99 3.96449e-05 0.00075815 
/home/antonkov/masterWork/tests/samePrefixMarkedMtx/depth3/node3/test0_2.mtx 3.1 0 -1 -1 
/home/antonkov/masterWork/tests/samePrefixMarkedMtx/depth3/node3/test0_2.mtx 3.2 0 -1 -1 
/home/antonkov/masterWork/tests/samePrefixMarkedMtx/depth3/node3/test0_2.mtx 3.3 0 -1 -1 
/home/antonkov/masterWork/tests/samePrefixMarkedMtx/depth3/node3/test0_2.mtx 3.4 0 -1 -1 
/home/antonkov/masterWork/tests/samePrefixMarkedMtx/depth3/node3/test0_2.mtx 3.5 0 -1 -1 
/home/antonkov/masterWork/tests/samePrefixMarkedMtx/depth3/node3/test0_3.mtx 1 105.57 0.0778646 0.8 
/home/antonkov/masterWork/tests/samePrefixMarkedMtx/depth3/node3/test0_3.mtx 1.1 99.9072 0.0692969 0.74 
/home/antonkov/masterWork/tests/samePrefixMarkedMtx/depth3/node3/test0_3.mtx 1.2 95.515 0.061441 0.67 
/home/antonkov/masterWork/tests/samePrefixMarkedMtx/depth3/node3/test0_3.mtx 1.3 89.485 0.0513455 0.565 
/home/antonkov/masterWork/tests/samePrefixMarkedMtx/depth3/node3/test0_3.mtx 1.4 115.861 0.0407176 0.47 
/home/antonkov/masterWork/tests/samePrefixMarkedMtx/depth3/node3/test0_3.mtx 1.5 105.566 0.0316493 0.373333 
/home/antonkov/masterWork/tests/samePrefixMarkedMtx/depth3/node3/test0_3.mtx 1.6 119.504 0.0234418 0.285 
/home/antonkov/masterWork/tests/samePrefixMarkedMtx/depth3/node3/test0_3.mtx 1.7 128.946 0.0188924 0.234 
/home/antonkov/masterWork/tests/samePrefixMarkedMtx/depth3/node3/test0_3.mtx 1.8 138.548 0.013614 0.171667 
/home/antonkov/masterWork/tests/samePrefixMarkedMtx/depth3/node3/test0_3.mtx 1.9 177.879 0.00938465 0.114444 
/home/antonkov/masterWork/tests/samePrefixMarkedMtx/depth3/node3/test0_3.mtx 2 224.168 0.00591079 0.0776923 
/home/antonkov/masterWork/tests/samePrefixMarkedMtx/depth3/node3/test0_3.mtx 2.1 304.781 0.00379253 0.05 
/home/antonkov/masterWork/tests/samePrefixMarkedMtx/depth3/node3/test0_3.mtx 2.2 381.117 0.00267671 0.0364286 
/home/antonkov/masterWork/tests/samePrefixMarkedMtx/depth3/node3/test0_3.mtx 2.3 574.24 0.00158439 0.0223913 
/home/antonkov/masterWork/tests/samePrefixMarkedMtx/depth3/node3/test0_3.mtx 2.4 776.421 0.00102505 0.0147143 
/home/antonkov/masterWork/tests/samePrefixMarkedMtx/depth3/node3/test0_3.mtx 2.5 1046 0.000661832 0.00943925 
/home/antonkov/masterWork/tests/samePrefixMarkedMtx/depth3/node3/test0_3.mtx 2.6 1745.76 0.000294147 0.0047619 
/home/antonkov/masterWork/tests/samePrefixMarkedMtx/depth3/node3/test0_3.mtx 2.7 3185.12 0.000144082 0.00223214 
/home/antonkov/masterWork/tests/samePrefixMarkedMtx/depth3/node3/test0_3.mtx 2.8 4851.74 9.08224e-05 0.00130719 
/home/antonkov/masterWork/tests/samePrefixMarkedMtx/depth3/node3/test0_3.mtx 2.9 8921.27 3.95282e-05 0.000634921 
/home/antonkov/masterWork/tests/samePrefixMarkedMtx/depth3/node3/test0_3.mtx 3 0 -1 -1 
/home/antonkov/masterWork/tests/samePrefixMarkedMtx/depth3/node3/test0_3.mtx 3.1 0 -1 -1 
/home/antonkov/masterWork/tests/samePrefixMarkedMtx/depth3/node3/test0_3.mtx 3.2 0 -1 -1 
/home/antonkov/masterWork/tests/samePrefixMarkedMtx/depth3/node3/test0_3.mtx 3.3 0 -1 -1 
/home/antonkov/masterWork/tests/samePrefixMarkedMtx/depth3/node3/test0_3.mtx 3.4 0 -1 -1 
/home/antonkov/masterWork/tests/samePrefixMarkedMtx/depth3/node3/test0_3.mtx 3.5 0 -1 -1 
/home/antonkov/masterWork/tests/samePrefixMarkedMtx/depth3/node3/test0_4.mtx 1 105.469 0.0741233 0.775 
/home/antonkov/masterWork/tests/samePrefixMarkedMtx/depth3/node3/test0_4.mtx 1.1 101.679 0.0651563 0.705 
/home/antonkov/masterWork/tests/samePrefixMarkedMtx/depth3/node3/test0_4.mtx 1.2 92.7902 0.0548958 0.62 
/home/antonkov/masterWork/tests/samePrefixMarkedMtx/depth3/node3/test0_4.mtx 1.3 89.0945 0.046224 0.54 
/home/antonkov/masterWork/tests/samePrefixMarkedMtx/depth3/node3/test0_4.mtx 1.4 110.696 0.0376389 0.446667 
/home/antonkov/masterWork/tests/samePrefixMarkedMtx/depth3/node3/test0_4.mtx 1.5 105.645 0.0313137 0.386667 
/home/antonkov/masterWork/tests/samePrefixMarkedMtx/depth3/node3/test0_4.mtx 1.6 122.821 0.0229861 0.285 
/home/antonkov/masterWork/tests/samePrefixMarkedMtx/depth3/node3/test0_4.mtx 1.7 135.212 0.0176875 0.228 
/home/antonkov/masterWork/tests/samePrefixMarkedMtx/depth3/node3/test0_4.mtx 1.8 159.568 0.0130977 0.164286 
/home/antonkov/masterWork/tests/samePrefixMarkedMtx/depth3/node3/test0_4.mtx 1.9 182.855 0.0089564 0.115556 
/home/antonkov/masterWork/tests/samePrefixMarkedMtx/depth3/node3/test0_4.mtx 2 215.51 0.00692564 0.0916667 
/home/antonkov/masterWork/tests/samePrefixMarkedMtx/depth3/node3/test0_4.mtx 2.1 286.563 0.00423611 0.0572222 
/home/antonkov/masterWork/tests/samePrefixMarkedMtx/depth3/node3/test0_4.mtx 2.2 390.019 0.00243115 0.0344828 
/home/antonkov/masterWork/tests/samePrefixMarkedMtx/depth3/node3/test0_4.mtx 2.3 542.789 0.00148635 0.0229545 
/home/antonkov/masterWork/tests/samePrefixMarkedMtx/depth3/node3/test0_4.mtx 2.4 799.641 0.000923515 0.0138889 
/home/antonkov/masterWork/tests/samePrefixMarkedMtx/depth3/node3/test0_4.mtx 2.5 1172.25 0.000564815 0.00833333 
/home/antonkov/masterWork/tests/samePrefixMarkedMtx/depth3/node3/test0_4.mtx 2.6 1716.89 0.000307343 0.00495049 
/home/antonkov/masterWork/tests/samePrefixMarkedMtx/depth3/node3/test0_4.mtx 2.7 2702 0.000162005 0.00276243 
/home/antonkov/masterWork/tests/samePrefixMarkedMtx/depth3/node3/test0_4.mtx 2.8 3785.35 0.000111257 0.0017452 
/home/antonkov/masterWork/tests/samePrefixMarkedMtx/depth3/node3/test0_4.mtx 2.9 6620.18 5.14268e-05 0.000879507 
/home/antonkov/masterWork/tests/samePrefixMarkedMtx/depth3/node3/test0_4.mtx 3 0 -1 -1 
/home/antonkov/masterWork/tests/samePrefixMarkedMtx/depth3/node3/test0_4.mtx 3.1 0 -1 -1 
/home/antonkov/masterWork/tests/samePrefixMarkedMtx/depth3/node3/test0_4.mtx 3.2 0 -1 -1 
/home/antonkov/masterWork/tests/samePrefixMarkedMtx/depth3/node3/test0_4.mtx 3.3 0 -1 -1 
/home/antonkov/masterWork/tests/samePrefixMarkedMtx/depth3/node3/test0_4.mtx 3.4 0 -1 -1 
/home/antonkov/masterWork/tests/samePrefixMarkedMtx/depth3/node3/test0_4.mtx 3.5 0 -1 -1 
/home/antonkov/masterWork/tests/samePrefixMarkedMtx/depth3/node3/test1_0.mtx 1 106.269 0.0768316 0.78 
/home/antonkov/masterWork/tests/samePrefixMarkedMtx/depth3/node3/test1_0.mtx 1.1 105.757 0.0689236 0.735 
/home/antonkov/masterWork/tests/samePrefixMarkedMtx/depth3/node3/test1_0.mtx 1.2 97.2022 0.0607378 0.66 
/home/antonkov/masterWork/tests/samePrefixMarkedMtx/depth3/node3/test1_0.mtx 1.3 89.8309 0.0507726 0.575 
/home/antonkov/masterWork/tests/samePrefixMarkedMtx/depth3/node3/test1_0.mtx 1.4 116.858 0.0384838 0.436667 
/home/antonkov/masterWork/tests/samePrefixMarkedMtx/depth3/node3/test1_0.mtx 1.5 106.278 0.0326447 0.383333 
/home/antonkov/masterWork/tests/samePrefixMarkedMtx/depth3/node3/test1_0.mtx 1.6 123.203 0.0248524 0.2875 
/home/antonkov/masterWork/tests/samePrefixMarkedMtx/depth3/node3/test1_0.mtx 1.7 136.456 0.018816 0.236 
/home/antonkov/masterWork/tests/samePrefixMarkedMtx/depth3/node3/test1_0.mtx 1.8 146.357 0.0138542 0.175 
/home/antonkov/masterWork/tests/samePrefixMarkedMtx/depth3/node3/test1_0.mtx 1.9 187.306 0.00922454 0.118889 
/home/antonkov/masterWork/tests/samePrefixMarkedMtx/depth3/node3/test1_0.mtx 2 227.373 0.00726418 0.0925 
/home/antonkov/masterWork/tests/samePrefixMarkedMtx/depth3/node3/test1_0.mtx 2.1 268.571 0.00453451 0.0625 
/home/antonkov/masterWork/tests/samePrefixMarkedMtx/depth3/node3/test1_0.mtx 2.2 383.382 0.00278646 0.0392308 
/home/antonkov/masterWork/tests/samePrefixMarkedMtx/depth3/node3/test1_0.mtx 2.3 509.324 0.00190378 0.0265789 
/home/antonkov/masterWork/tests/samePrefixMarkedMtx/depth3/node3/test1_0.mtx 2.4 652.434 0.00127418 0.0183929 
/home/antonkov/masterWork/tests/samePrefixMarkedMtx/depth3/node3/test1_0.mtx 2.5 1005 0.000702756 0.0106383 
/home/antonkov/masterWork/tests/samePrefixMarkedMtx/depth3/node3/test1_0.mtx 2.6 1526.68 0.000401606 0.00608434 
/home/antonkov/masterWork/tests/samePrefixMarkedMtx/depth3/node3/test1_0.mtx 2.7 2079.27 0.00024779 0.00395257 
/home/antonkov/masterWork/tests/samePrefixMarkedMtx/depth3/node3/test1_0.mtx 2.8 3168.23 0.000138929 0.00232719 
/home/antonkov/masterWork/tests/samePrefixMarkedMtx/depth3/node3/test1_0.mtx 2.9 5316.53 6.80927e-05 0.00121655 
/home/antonkov/masterWork/tests/samePrefixMarkedMtx/depth3/node3/test1_0.mtx 3 8570.99 3.48405e-05 0.000681199 
/home/antonkov/masterWork/tests/samePrefixMarkedMtx/depth3/node3/test1_0.mtx 3.1 0 -1 -1 
/home/antonkov/masterWork/tests/samePrefixMarkedMtx/depth3/node3/test1_0.mtx 3.2 0 -1 -1 
/home/antonkov/masterWork/tests/samePrefixMarkedMtx/depth3/node3/test1_0.mtx 3.3 0 -1 -1 
/home/antonkov/masterWork/tests/samePrefixMarkedMtx/depth3/node3/test1_0.mtx 3.4 0 -1 -1 
/home/antonkov/masterWork/tests/samePrefixMarkedMtx/depth3/node3/test1_0.mtx 3.5 0 -1 -1 
/home/antonkov/masterWork/tests/samePrefixMarkedMtx/depth3/node3/test1_1.mtx 1 112.837 0.0805642 0.82 
/home/antonkov/masterWork/tests/samePrefixMarkedMtx/depth3/node3/test1_1.mtx 1.1 105.096 0.0708507 0.74 
/home/antonkov/masterWork/tests/samePrefixMarkedMtx/depth3/node3/test1_1.mtx 1.2 95.4983 0.0605642 0.655 
/home/antonkov/masterWork/tests/samePrefixMarkedMtx/depth3/node3/test1_1.mtx 1.3 89.5311 0.0490017 0.545 
/home/antonkov/masterWork/tests/samePrefixMarkedMtx/depth3/node3/test1_1.mtx 1.4 116.828 0.0402083 0.463333 
/home/antonkov/masterWork/tests/samePrefixMarkedMtx/depth3/node3/test1_1.mtx 1.5 106 0.0312905 0.363333 
/home/antonkov/masterWork/tests/samePrefixMarkedMtx/depth3/node3/test1_1.mtx 1.6 123.668 0.0229601 0.2675 
/home/antonkov/masterWork/tests/samePrefixMarkedMtx/depth3/node3/test1_1.mtx 1.7 130.683 0.0184653 0.226 
/home/antonkov/masterWork/tests/samePrefixMarkedMtx/depth3/node3/test1_1.mtx 1.8 158.752 0.0122049 0.151429 
/home/antonkov/masterWork/tests/samePrefixMarkedMtx/depth3/node3/test1_1.mtx 1.9 185.255 0.00926698 0.115556 
/home/antonkov/masterWork/tests/samePrefixMarkedMtx/depth3/node3/test1_1.mtx 2 216.01 0.00706887 0.0866667 
/home/antonkov/masterWork/tests/samePrefixMarkedMtx/depth3/node3/test1_1.mtx 2.1 284.485 0.00419753 0.0561111 
/home/antonkov/masterWork/tests/samePrefixMarkedMtx/depth3/node3/test1_1.mtx 2.2 396.576 0.00294519 0.0367857 
/home/antonkov/masterWork/tests/samePrefixMarkedMtx/depth3/node3/test1_1.mtx 2.3 517.188 0.00181614 0.0243902 
/home/antonkov/masterWork/tests/samePrefixMarkedMtx/depth3/node3/test1_1.mtx 2.4 776.272 0.00108243 0.0146377 
/home/antonkov/masterWork/tests/samePrefixMarkedMtx/depth3/node3/test1_1.mtx 2.5 1275.27 0.000528013 0.00759399 
/home/antonkov/masterWork/tests/samePrefixMarkedMtx/depth3/node3/test1_1.mtx 2.6 1818.28 0.000305071 0.00465116 
/home/antonkov/masterWork/tests/samePrefixMarkedMtx/depth3/node3/test1_1.mtx 2.7 3142.88 0.000150395 0.00234192 
/home/antonkov/masterWork/tests/samePrefixMarkedMtx/depth3/node3/test1_1.mtx 2.8 4658.37 9.30948e-05 0.00137741 
/home/antonkov/masterWork/tests/samePrefixMarkedMtx/depth3/node3/test1_1.mtx 2.9 7867.05 4.9194e-05 0.000729927 
/home/antonkov/masterWork/tests/samePrefixMarkedMtx/depth3/node3/test1_1.mtx 3 0 -1 -1 
/home/antonkov/masterWork/tests/samePrefixMarkedMtx/depth3/node3/test1_1.mtx 3.1 0 -1 -1 
/home/antonkov/masterWork/tests/samePrefixMarkedMtx/depth3/node3/test1_1.mtx 3.2 0 -1 -1 
/home/antonkov/masterWork/tests/samePrefixMarkedMtx/depth3/node3/test1_1.mtx 3.3 0 -1 -1 
/home/antonkov/masterWork/tests/samePrefixMarkedMtx/depth3/node3/test1_1.mtx 3.4 0 -1 -1 
/home/antonkov/masterWork/tests/samePrefixMarkedMtx/depth3/node3/test1_1.mtx 3.5 0 -1 -1 
/home/antonkov/masterWork/tests/samePrefixMarkedMtx/depth3/node3/test1_2.mtx 1 108.651 0.0795139 0.8 
/home/antonkov/masterWork/tests/samePrefixMarkedMtx/depth3/node3/test1_2.mtx 1.1 104.351 0.0683507 0.72 
/home/antonkov/masterWork/tests/samePrefixMarkedMtx/depth3/node3/test1_2.mtx 1.2 94.5317 0.0589323 0.635 
/home/antonkov/masterWork/tests/samePrefixMarkedMtx/depth3/node3/test1_2.mtx 1.3 86.3643 0.0494965 0.535 
/home/antonkov/masterWork/tests/samePrefixMarkedMtx/depth3/node3/test1_2.mtx 1.4 115.159 0.0402025 0.453333 
/home/antonkov/masterWork/tests/samePrefixMarkedMtx/depth3/node3/test1_2.mtx 1.5 108.484 0.0320891 0.373333 
/home/antonkov/masterWork/tests/samePrefixMarkedMtx/depth3/node3/test1_2.mtx 1.6 123.753 0.0244965 0.3 
/home/antonkov/masterWork/tests/samePrefixMarkedMtx/depth3/node3/test1_2.mtx 1.7 138.92 0.0187396 0.234 
/home/antonkov/masterWork/tests/samePrefixMarkedMtx/depth3/node3/test1_2.mtx 1.8 145.505 0.0139005 0.171667 
/home/antonkov/masterWork/tests/samePrefixMarkedMtx/depth3/node3/test1_2.mtx 1.9 175.445 0.0101411 0.13125 
/home/antonkov/masterWork/tests/samePrefixMarkedMtx/depth3/node3/test1_2.mtx 2 229.547 0.00689815 0.09 
/home/antonkov/masterWork/tests/samePrefixMarkedMtx/depth3/node3/test1_2.mtx 2.1 313.76 0.00423885 0.0557895 
/home/antonkov/masterWork/tests/samePrefixMarkedMtx/depth3/node3/test1_2.mtx 2.2 394.736 0.00290509 0.0381481 
/home/antonkov/masterWork/tests/samePrefixMarkedMtx/depth3/node3/test1_2.mtx 2.3 515.135 0.00192405 0.02525 
/home/antonkov/masterWork/tests/samePrefixMarkedMtx/depth3/node3/test1_2.mtx 2.4 788.885 0.00101736 0.0142857 
/home/antonkov/masterWork/tests/samePrefixMarkedMtx/depth3/node3/test1_2.mtx 2.5 1127.41 0.000605949 0.00884956 
/home/antonkov/masterWork/tests/samePrefixMarkedMtx/depth3/node3/test1_2.mtx 2.6 1924.88 0.000301619 0.00460829 
/home/antonkov/masterWork/tests/samePrefixMarkedMtx/depth3/node3/test1_2.mtx 2.7 2715.35 0.000195139 0.00285714 
/home/antonkov/masterWork/tests/samePrefixMarkedMtx/depth3/node3/test1_2.mtx 2.8 3701.21 0.000110536 0.0018622 
/home/antonkov/masterWork/tests/samePrefixMarkedMtx/depth3/node3/test1_2.mtx 2.9 6739.57 5.60404e-05 0.000900901 
/home/antonkov/masterWork/tests/samePrefixMarkedMtx/depth3/node3/test1_2.mtx 3 0 -1 -1 
/home/antonkov/masterWork/tests/samePrefixMarkedMtx/depth3/node3/test1_2.mtx 3.1 0 -1 -1 
/home/antonkov/masterWork/tests/samePrefixMarkedMtx/depth3/node3/test1_2.mtx 3.2 0 -1 -1 
/home/antonkov/masterWork/tests/samePrefixMarkedMtx/depth3/node3/test1_2.mtx 3.3 0 -1 -1 
/home/antonkov/masterWork/tests/samePrefixMarkedMtx/depth3/node3/test1_2.mtx 3.4 0 -1 -1 
/home/antonkov/masterWork/tests/samePrefixMarkedMtx/depth3/node3/test1_2.mtx 3.5 0 -1 -1 
/home/antonkov/masterWork/tests/samePrefixMarkedMtx/depth3/node3/test1_3.mtx 1 111.845 0.0785677 0.805 
/home/antonkov/masterWork/tests/samePrefixMarkedMtx/depth3/node3/test1_3.mtx 1.1 103.852 0.0700781 0.735 
/home/antonkov/masterWork/tests/samePrefixMarkedMtx/depth3/node3/test1_3.mtx 1.2 97.5738 0.0597396 0.65 
/home/antonkov/masterWork/tests/samePrefixMarkedMtx/depth3/node3/test1_3.mtx 1.3 90.3977 0.0502951 0.55 
/home/antonkov/masterWork/tests/samePrefixMarkedMtx/depth3/node3/test1_3.mtx 1.4 115.465 0.0403241 0.473333 
/home/antonkov/masterWork/tests/samePrefixMarkedMtx/depth3/node3/test1_3.mtx 1.5 110.976 0.0305845 0.37 
/home/antonkov/masterWork/tests/samePrefixMarkedMtx/depth3/node3/test1_3.mtx 1.6 113.955 0.0222266 0.255 
/home/antonkov/masterWork/tests/samePrefixMarkedMtx/depth3/node3/test1_3.mtx 1.7 127.274 0.0167292 0.208 
/home/antonkov/masterWork/tests/samePrefixMarkedMtx/depth3/node3/test1_3.mtx 1.8 163.984 0.0128745 0.16 
/home/antonkov/masterWork/tests/samePrefixMarkedMtx/depth3/node3/test1_3.mtx 1.9 169.253 0.00964193 0.125 
/home/antonkov/masterWork/tests/samePrefixMarkedMtx/depth3/node3/test1_3.mtx 2 218.026 0.00724392 0.0925 
/home/antonkov/masterWork/tests/samePrefixMarkedMtx/depth3/node3/test1_3.mtx 2.1 278.58 0.00448734 0.06 
/home/antonkov/masterWork/tests/samePrefixMarkedMtx/depth3/node3/test1_3.mtx 2.2 369.463 0.00281918 0.0392308 
/home/antonkov/masterWork/tests/samePrefixMarkedMtx/depth3/node3/test1_3.mtx 2.3 482.65 0.00191488 0.0275676 
/home/antonkov/masterWork/tests/samePrefixMarkedMtx/depth3/node3/test1_3.mtx 2.4 817.805 0.000972222 0.0138889 
/home/antonkov/masterWork/tests/samePrefixMarkedMtx/depth3/node3/test1_3.mtx 2.5 1078.76 0.000601799 0.00918182 
/home/antonkov/masterWork/tests/samePrefixMarkedMtx/depth3/node3/test1_3.mtx 2.6 1486.52 0.000416355 0.00598802 
/home/antonkov/masterWork/tests/samePrefixMarkedMtx/depth3/node3/test1_3.mtx 2.7 1874.62 0.000246962 0.00416667 
/home/antonkov/masterWork/tests/samePrefixMarkedMtx/depth3/node3/test1_3.mtx 2.8 2600.14 0.000155682 0.0027248 
/home/antonkov/masterWork/tests/samePrefixMarkedMtx/depth3/node3/test1_3.mtx 2.9 4716.37 5.95765e-05 0.00132802 
/home/antonkov/masterWork/tests/samePrefixMarkedMtx/depth3/node3/test1_3.mtx 3 6430.61 2.83499e-05 0.00087184 
/home/antonkov/masterWork/tests/samePrefixMarkedMtx/depth3/node3/test1_3.mtx 3.1 0 -1 -1 
/home/antonkov/masterWork/tests/samePrefixMarkedMtx/depth3/node3/test1_3.mtx 3.2 0 -1 -1 
/home/antonkov/masterWork/tests/samePrefixMarkedMtx/depth3/node3/test1_3.mtx 3.3 0 -1 -1 
/home/antonkov/masterWork/tests/samePrefixMarkedMtx/depth3/node3/test1_3.mtx 3.4 0 -1 -1 
/home/antonkov/masterWork/tests/samePrefixMarkedMtx/depth3/node3/test1_3.mtx 3.5 0 -1 -1 
/home/antonkov/masterWork/tests/samePrefixMarkedMtx/depth3/node3/test1_4.mtx 1 107.63 0.0748264 0.785 
/home/antonkov/masterWork/tests/samePrefixMarkedMtx/depth3/node3/test1_4.mtx 1.1 100.349 0.0657031 0.66 
/home/antonkov/masterWork/tests/samePrefixMarkedMtx/depth3/node3/test1_4.mtx 1.2 95.0473 0.055434 0.605 
/home/antonkov/masterWork/tests/samePrefixMarkedMtx/depth3/node3/test1_4.mtx 1.3 93.8347 0.0464063 0.525 
/home/antonkov/masterWork/tests/samePrefixMarkedMtx/depth3/node3/test1_4.mtx 1.4 118.111 0.0388368 0.456667 
/home/antonkov/masterWork/tests/samePrefixMarkedMtx/depth3/node3/test1_4.mtx 1.5 107.084 0.0315799 0.37 
/home/antonkov/masterWork/tests/samePrefixMarkedMtx/depth3/node3/test1_4.mtx 1.6 128.898 0.0258854 0.315 
/home/antonkov/masterWork/tests/samePrefixMarkedMtx/depth3/node3/test1_4.mtx 1.7 141.722 0.0177535 0.22 
/home/antonkov/masterWork/tests/samePrefixMarkedMtx/depth3/node3/test1_4.mtx 1.8 144.004 0.0139323 0.171667 
/home/antonkov/masterWork/tests/samePrefixMarkedMtx/depth3/node3/test1_4.mtx 1.9 180.536 0.00952353 0.114444 
/home/antonkov/masterWork/tests/samePrefixMarkedMtx/depth3/node3/test1_4.mtx 2 214.774 0.00730745 0.0909091 
/home/antonkov/masterWork/tests/samePrefixMarkedMtx/depth3/node3/test1_4.mtx 2.1 245.833 0.00543155 0.0728571 
/home/antonkov/masterWork/tests/samePrefixMarkedMtx/depth3/node3/test1_4.mtx 2.2 388.106 0.00281784 0.0396154 
/home/antonkov/masterWork/tests/samePrefixMarkedMtx/depth3/node3/test1_4.mtx 2.3 554.822 0.00173363 0.0242857 
/home/antonkov/masterWork/tests/samePrefixMarkedMtx/depth3/node3/test1_4.mtx 2.4 728.973 0.00106127 0.0162903 
/home/antonkov/masterWork/tests/samePrefixMarkedMtx/depth3/node3/test1_4.mtx 2.5 1087.83 0.000623347 0.00961905 
/home/antonkov/masterWork/tests/samePrefixMarkedMtx/depth3/node3/test1_4.mtx 2.6 1283.34 0.000478254 0.00729927 
/home/antonkov/masterWork/tests/samePrefixMarkedMtx/depth3/node3/test1_4.mtx 2.7 2082.03 0.000256559 0.00396825 
/home/antonkov/masterWork/tests/samePrefixMarkedMtx/depth3/node3/test1_4.mtx 2.8 3084.03 0.000146471 0.00238663 
/home/antonkov/masterWork/tests/samePrefixMarkedMtx/depth3/node3/test1_4.mtx 2.9 5164.81 6.66471e-05 0.00127877 
/home/antonkov/masterWork/tests/samePrefixMarkedMtx/depth3/node3/test1_4.mtx 3 8130.27 3.47853e-05 0.000726744 
/home/antonkov/masterWork/tests/samePrefixMarkedMtx/depth3/node3/test1_4.mtx 3.1 0 -1 -1 
/home/antonkov/masterWork/tests/samePrefixMarkedMtx/depth3/node3/test1_4.mtx 3.2 0 -1 -1 
/home/antonkov/masterWork/tests/samePrefixMarkedMtx/depth3/node3/test1_4.mtx 3.3 0 -1 -1 
/home/antonkov/masterWork/tests/samePrefixMarkedMtx/depth3/node3/test1_4.mtx 3.4 0 -1 -1 
/home/antonkov/masterWork/tests/samePrefixMarkedMtx/depth3/node3/test1_4.mtx 3.5 0 -1 -1 
/home/antonkov/masterWork/tests/samePrefixMarkedMtx/depth3/node3/test2_0.mtx 1 104.637 0.073967 0.765 
/home/antonkov/masterWork/tests/samePrefixMarkedMtx/depth3/node3/test2_0.mtx 1.1 96.1496 0.0660677 0.7 
/home/antonkov/masterWork/tests/samePrefixMarkedMtx/depth3/node3/test2_0.mtx 1.2 91.5129 0.0562326 0.61 
/home/antonkov/masterWork/tests/samePrefixMarkedMtx/depth3/node3/test2_0.mtx 1.3 88.114 0.0490972 0.555 
/home/antonkov/masterWork/tests/samePrefixMarkedMtx/depth3/node3/test2_0.mtx 1.4 112.407 0.0389583 0.45 
/home/antonkov/masterWork/tests/samePrefixMarkedMtx/depth3/node3/test2_0.mtx 1.5 104.159 0.0311053 0.366667 
/home/antonkov/masterWork/tests/samePrefixMarkedMtx/depth3/node3/test2_0.mtx 1.6 118.844 0.0234852 0.28 
/home/antonkov/masterWork/tests/samePrefixMarkedMtx/depth3/node3/test2_0.mtx 1.7 131.181 0.0170069 0.214 
/home/antonkov/masterWork/tests/samePrefixMarkedMtx/depth3/node3/test2_0.mtx 1.8 139.011 0.0128241 0.17 
/home/antonkov/masterWork/tests/samePrefixMarkedMtx/depth3/node3/test2_0.mtx 1.9 172.742 0.00981481 0.121111 
/home/antonkov/masterWork/tests/samePrefixMarkedMtx/depth3/node3/test2_0.mtx 2 204.111 0.00692551 0.0909091 
/home/antonkov/masterWork/tests/samePrefixMarkedMtx/depth3/node3/test2_0.mtx 2.1 262.996 0.0046658 0.0625 
/home/antonkov/masterWork/tests/samePrefixMarkedMtx/depth3/node3/test2_0.mtx 2.2 399.26 0.0025437 0.0348276 
/home/antonkov/masterWork/tests/samePrefixMarkedMtx/depth3/node3/test2_0.mtx 2.3 563.579 0.00157345 0.0223913 
/home/antonkov/masterWork/tests/samePrefixMarkedMtx/depth3/node3/test2_0.mtx 2.4 826.728 0.000934118 0.012987 
/home/antonkov/masterWork/tests/samePrefixMarkedMtx/depth3/node3/test2_0.mtx 2.5 1190.02 0.000551487 0.0078125 
/home/antonkov/masterWork/tests/samePrefixMarkedMtx/depth3/node3/test2_0.mtx 2.6 1704.96 0.000328698 0.00478469 
/home/antonkov/masterWork/tests/samePrefixMarkedMtx/depth3/node3/test2_0.mtx 2.7 2724.19 0.000165135 0.00261097 
/home/antonkov/masterWork/tests/samePrefixMarkedMtx/depth3/node3/test2_0.mtx 2.8 4163.92 9.81142e-05 0.00152905 
/home/antonkov/masterWork/tests/samePrefixMarkedMtx/depth3/node3/test2_0.mtx 2.9 8645.54 3.9558e-05 0.000652316 
/home/antonkov/masterWork/tests/samePrefixMarkedMtx/depth3/node3/test2_0.mtx 3 0 -1 -1 
/home/antonkov/masterWork/tests/samePrefixMarkedMtx/depth3/node3/test2_0.mtx 3.1 0 -1 -1 
/home/antonkov/masterWork/tests/samePrefixMarkedMtx/depth3/node3/test2_0.mtx 3.2 0 -1 -1 
/home/antonkov/masterWork/tests/samePrefixMarkedMtx/depth3/node3/test2_0.mtx 3.3 0 -1 -1 
/home/antonkov/masterWork/tests/samePrefixMarkedMtx/depth3/node3/test2_0.mtx 3.4 0 -1 -1 
/home/antonkov/masterWork/tests/samePrefixMarkedMtx/depth3/node3/test2_0.mtx 3.5 0 -1 -1 
/home/antonkov/masterWork/tests/samePrefixMarkedMtx/depth3/node3/test2_1.mtx 1 107.834 0.0835069 0.86 
/home/antonkov/masterWork/tests/samePrefixMarkedMtx/depth3/node3/test2_1.mtx 1.1 106.714 0.0726736 0.76 
/home/antonkov/masterWork/tests/samePrefixMarkedMtx/depth3/node3/test2_1.mtx 1.2 95.8873 0.0609809 0.66 
/home/antonkov/masterWork/tests/samePrefixMarkedMtx/depth3/node3/test2_1.mtx 1.3 89.3956 0.0500174 0.55 
/home/antonkov/masterWork/tests/samePrefixMarkedMtx/depth3/node3/test2_1.mtx 1.4 110.826 0.038831 0.45 
/home/antonkov/masterWork/tests/samePrefixMarkedMtx/depth3/node3/test2_1.mtx 1.5 104.817 0.0329109 0.363333 
/home/antonkov/masterWork/tests/samePrefixMarkedMtx/depth3/node3/test2_1.mtx 1.6 119.754 0.0259809 0.305 
/home/antonkov/masterWork/tests/samePrefixMarkedMtx/depth3/node3/test2_1.mtx 1.7 139.887 0.0206007 0.25 
/home/antonkov/masterWork/tests/samePrefixMarkedMtx/depth3/node3/test2_1.mtx 1.8 139.048 0.0147367 0.183333 
/home/antonkov/masterWork/tests/samePrefixMarkedMtx/depth3/node3/test2_1.mtx 1.9 150.479 0.0114286 0.144286 
/home/antonkov/masterWork/tests/samePrefixMarkedMtx/depth3/node3/test2_1.mtx 2 188.952 0.00799826 0.105 
/home/antonkov/masterWork/tests/samePrefixMarkedMtx/depth3/node3/test2_1.mtx 2.1 260.981 0.00510634 0.06625 
/home/antonkov/masterWork/tests/samePrefixMarkedMtx/depth3/node3/test2_1.mtx 2.2 362.268 0.00303889 0.0404 
/home/antonkov/masterWork/tests/samePrefixMarkedMtx/depth3/node3/test2_1.mtx 2.3 538.392 0.00172319 0.0237209 
/home/antonkov/masterWork/tests/samePrefixMarkedMtx/depth3/node3/test2_1.mtx 2.4 737.08 0.00111716 0.0151515 
/home/antonkov/masterWork/tests/samePrefixMarkedMtx/depth3/node3/test2_1.mtx 2.5 1099.96 0.000577485 0.00877193 
/home/antonkov/masterWork/tests/samePrefixMarkedMtx/depth3/node3/test2_1.mtx 2.6 1610.79 0.000365318 0.00529101 
/home/antonkov/masterWork/tests/samePrefixMarkedMtx/depth3/node3/test2_1.mtx 2.7 2383.36 0.000212496 0.00315457 
/home/antonkov/masterWork/tests/samePrefixMarkedMtx/depth3/node3/test2_1.mtx 2.8 4014.95 0.000109726 0.00164204 
/home/antonkov/masterWork/tests/samePrefixMarkedMtx/depth3/node3/test2_1.mtx 2.9 6824.06 5.82657e-05 0.000853971 
/home/antonkov/masterWork/tests/samePrefixMarkedMtx/depth3/node3/test2_1.mtx 3 0 -1 -1 
/home/antonkov/masterWork/tests/samePrefixMarkedMtx/depth3/node3/test2_1.mtx 3.1 0 -1 -1 
/home/antonkov/masterWork/tests/samePrefixMarkedMtx/depth3/node3/test2_1.mtx 3.2 0 -1 -1 
/home/antonkov/masterWork/tests/samePrefixMarkedMtx/depth3/node3/test2_1.mtx 3.3 0 -1 -1 
/home/antonkov/masterWork/tests/samePrefixMarkedMtx/depth3/node3/test2_1.mtx 3.4 0 -1 -1 
/home/antonkov/masterWork/tests/samePrefixMarkedMtx/depth3/node3/test2_1.mtx 3.5 0 -1 -1 
/home/antonkov/masterWork/tests/samePrefixMarkedMtx/depth3/node3/test2_2.mtx 1 107.146 0.0775347 0.8 
/home/antonkov/masterWork/tests/samePrefixMarkedMtx/depth3/node3/test2_2.mtx 1.1 97.8221 0.0686285 0.725 
/home/antonkov/masterWork/tests/samePrefixMarkedMtx/depth3/node3/test2_2.mtx 1.2 93.2834 0.0599219 0.655 
/home/antonkov/masterWork/tests/samePrefixMarkedMtx/depth3/node3/test2_2.mtx 1.3 90.415 0.0508594 0.57 
/home/antonkov/masterWork/tests/samePrefixMarkedMtx/depth3/node3/test2_2.mtx 1.4 115.592 0.0410127 0.47 
/home/antonkov/masterWork/tests/samePrefixMarkedMtx/depth3/node3/test2_2.mtx 1.5 104.332 0.0314005 0.366667 
/home/antonkov/masterWork/tests/samePrefixMarkedMtx/depth3/node3/test2_2.mtx 1.6 117.555 0.0230642 0.275 
/home/antonkov/masterWork/tests/samePrefixMarkedMtx/depth3/node3/test2_2.mtx 1.7 131.015 0.0156528 0.2 
/home/antonkov/masterWork/tests/samePrefixMarkedMtx/depth3/node3/test2_2.mtx 1.8 156.589 0.0125769 0.154286 
/home/antonkov/masterWork/tests/samePrefixMarkedMtx/depth3/node3/test2_2.mtx 1.9 193.453 0.00872222 0.106 
/home/antonkov/masterWork/tests/samePrefixMarkedMtx/depth3/node3/test2_2.mtx 2 225.553 0.00607505 0.0769231 
/home/antonkov/masterWork/tests/samePrefixMarkedMtx/depth3/node3/test2_2.mtx 2.1 285.616 0.00420961 0.0547368 
/home/antonkov/masterWork/tests/samePrefixMarkedMtx/depth3/node3/test2_2.mtx 2.2 438.504 0.00254449 0.0321875 
/home/antonkov/masterWork/tests/samePrefixMarkedMtx/depth3/node3/test2_2.mtx 2.3 555.722 0.00161767 0.0222222 
/home/antonkov/masterWork/tests/samePrefixMarkedMtx/depth3/node3/test2_2.mtx 2.4 737.673 0.00111378 0.0155385 
/home/antonkov/masterWork/tests/samePrefixMarkedMtx/depth3/node3/test2_2.mtx 2.5 1119.76 0.000594807 0.00878261 
/home/antonkov/masterWork/tests/samePrefixMarkedMtx/depth3/node3/test2_2.mtx 2.6 1512.25 0.000380841 0.00589595 
/home/antonkov/masterWork/tests/samePrefixMarkedMtx/depth3/node3/test2_2.mtx 2.7 2454.72 0.000189521 0.00309598 
/home/antonkov/masterWork/tests/samePrefixMarkedMtx/depth3/node3/test2_2.mtx 2.8 4214.02 9.9054e-05 0.0015748 
/home/antonkov/masterWork/tests/samePrefixMarkedMtx/depth3/node3/test2_2.mtx 2.9 7356.81 4.76392e-05 0.000797448 
/home/antonkov/masterWork/tests/samePrefixMarkedMtx/depth3/node3/test2_2.mtx 3 0 -1 -1 
/home/antonkov/masterWork/tests/samePrefixMarkedMtx/depth3/node3/test2_2.mtx 3.1 0 -1 -1 
/home/antonkov/masterWork/tests/samePrefixMarkedMtx/depth3/node3/test2_2.mtx 3.2 0 -1 -1 
/home/antonkov/masterWork/tests/samePrefixMarkedMtx/depth3/node3/test2_2.mtx 3.3 0 -1 -1 
/home/antonkov/masterWork/tests/samePrefixMarkedMtx/depth3/node3/test2_2.mtx 3.4 0 -1 -1 
/home/antonkov/masterWork/tests/samePrefixMarkedMtx/depth3/node3/test2_2.mtx 3.5 0 -1 -1 
/home/antonkov/masterWork/tests/samePrefixMarkedMtx/depth3/node3/test2_3.mtx 1 105.405 0.0753472 0.78 
/home/antonkov/masterWork/tests/samePrefixMarkedMtx/depth3/node3/test2_3.mtx 1.1 98.3963 0.0662847 0.7 
/home/antonkov/masterWork/tests/samePrefixMarkedMtx/depth3/node3/test2_3.mtx 1.2 89.3529 0.0590278 0.65 
/home/antonkov/masterWork/tests/samePrefixMarkedMtx/depth3/node3/test2_3.mtx 1.3 89.2584 0.0528646 0.595 
/home/antonkov/masterWork/tests/samePrefixMarkedMtx/depth3/node3/test2_3.mtx 1.4 112.951 0.0417245 0.476667 
/home/antonkov/masterWork/tests/samePrefixMarkedMtx/depth3/node3/test2_3.mtx 1.5 105.549 0.0338484 0.393333 
/home/antonkov/masterWork/tests/samePrefixMarkedMtx/depth3/node3/test2_3.mtx 1.6 117.568 0.0242795 0.28 
/home/antonkov/masterWork/tests/samePrefixMarkedMtx/depth3/node3/test2_3.mtx 1.7 133.165 0.0180035 0.226 
/home/antonkov/masterWork/tests/samePrefixMarkedMtx/depth3/node3/test2_3.mtx 1.8 140.131 0.0144039 0.175 
/home/antonkov/masterWork/tests/samePrefixMarkedMtx/depth3/node3/test2_3.mtx 1.9 178.375 0.00994985 0.125556 
/home/antonkov/masterWork/tests/samePrefixMarkedMtx/depth3/node3/test2_3.mtx 2 218.773 0.00658999 0.0891667 
/home/antonkov/masterWork/tests/samePrefixMarkedMtx/depth3/node3/test2_3.mtx 2.1 281.396 0.00420332 0.0588889 
/home/antonkov/masterWork/tests/samePrefixMarkedMtx/depth3/node3/test2_3.mtx 2.2 395.041 0.00257842 0.0344828 
/home/antonkov/masterWork/tests/samePrefixMarkedMtx/depth3/node3/test2_3.mtx 2.3 530.986 0.00177366 0.0237209 
/home/antonkov/masterWork/tests/samePrefixMarkedMtx/depth3/node3/test2_3.mtx 2.4 748.567 0.00111596 0.0151471 
/home/antonkov/masterWork/tests/samePrefixMarkedMtx/depth3/node3/test2_3.mtx 2.5 1023.34 0.000681634 0.01 
/home/antonkov/masterWork/tests/samePrefixMarkedMtx/depth3/node3/test2_3.mtx 2.6 1863.31 0.000297154 0.00446429 
/home/antonkov/masterWork/tests/samePrefixMarkedMtx/depth3/node3/test2_3.mtx 2.7 2491.82 0.000204598 0.0030303 
/home/antonkov/masterWork/tests/samePrefixMarkedMtx/depth3/node3/test2_3.mtx 2.8 4066.49 0.00011211 0.00163399 
/home/antonkov/masterWork/tests/samePrefixMarkedMtx/depth3/node3/test2_3.mtx 2.9 6128.58 6.0139e-05 0.000972763 
/home/antonkov/masterWork/tests/samePrefixMarkedMtx/depth3/node3/test2_3.mtx 3 0 -1 -1 
/home/antonkov/masterWork/tests/samePrefixMarkedMtx/depth3/node3/test2_3.mtx 3.1 0 -1 -1 
/home/antonkov/masterWork/tests/samePrefixMarkedMtx/depth3/node3/test2_3.mtx 3.2 0 -1 -1 
/home/antonkov/masterWork/tests/samePrefixMarkedMtx/depth3/node3/test2_3.mtx 3.3 0 -1 -1 
/home/antonkov/masterWork/tests/samePrefixMarkedMtx/depth3/node3/test2_3.mtx 3.4 0 -1 -1 
/home/antonkov/masterWork/tests/samePrefixMarkedMtx/depth3/node3/test2_3.mtx 3.5 0 -1 -1 
/home/antonkov/masterWork/tests/samePrefixMarkedMtx/depth3/node3/test2_4.mtx 1 104.385 0.0766753 0.805 
/home/antonkov/masterWork/tests/samePrefixMarkedMtx/depth3/node3/test2_4.mtx 1.1 99.5972 0.0645833 0.69 
/home/antonkov/masterWork/tests/samePrefixMarkedMtx/depth3/node3/test2_4.mtx 1.2 92.5396 0.0561892 0.62 
/home/antonkov/masterWork/tests/samePrefixMarkedMtx/depth3/node3/test2_4.mtx 1.3 87.9734 0.0471181 0.52 
/home/antonkov/masterWork/tests/samePrefixMarkedMtx/depth3/node3/test2_4.mtx 1.4 109.05 0.0357465 0.416667 
/home/antonkov/masterWork/tests/samePrefixMarkedMtx/depth3/node3/test2_4.mtx 1.5 126.011 0.0288889 0.3375 
/home/antonkov/masterWork/tests/samePrefixMarkedMtx/depth3/node3/test2_4.mtx 1.6 119.484 0.0233811 0.2875 
/home/antonkov/masterWork/tests/samePrefixMarkedMtx/depth3/node3/test2_4.mtx 1.7 125.615 0.0176944 0.216 
/home/antonkov/masterWork/tests/samePrefixMarkedMtx/depth3/node3/test2_4.mtx 1.8 152.174 0.0140005 0.162857 
/home/antonkov/masterWork/tests/samePrefixMarkedMtx/depth3/node3/test2_4.mtx 1.9 164.117 0.00981771 0.12875 
/home/antonkov/masterWork/tests/samePrefixMarkedMtx/depth3/node3/test2_4.mtx 2 220.923 0.00721788 0.09 
/home/antonkov/masterWork/tests/samePrefixMarkedMtx/depth3/node3/test2_4.mtx 2.1 275.805 0.00443094 0.0555556 
/home/antonkov/masterWork/tests/samePrefixMarkedMtx/depth3/node3/test2_4.mtx 2.2 391.139 0.00264323 0.0360714 
/home/antonkov/masterWork/tests/samePrefixMarkedMtx/depth3/node3/test2_4.mtx 2.3 474.032 0.00183405 0.025641 
/home/antonkov/masterWork/tests/samePrefixMarkedMtx/depth3/node3/test2_4.mtx 2.4 764.236 0.0010626 0.0147059 
/home/antonkov/masterWork/tests/samePrefixMarkedMtx/depth3/node3/test2_4.mtx 2.5 1053.51 0.000682488 0.00943396 
/home/antonkov/masterWork/tests/samePrefixMarkedMtx/depth3/node3/test2_4.mtx 2.6 1497.01 0.000392734 0.00564972 
/home/antonkov/masterWork/tests/samePrefixMarkedMtx/depth3/node3/test2_4.mtx 2.7 2306.67 0.000225068 0.00327869 
/home/antonkov/masterWork/tests/samePrefixMarkedMtx/depth3/node3/test2_4.mtx 2.8 3859 0.000107055 0.00169779 
/home/antonkov/masterWork/tests/samePrefixMarkedMtx/depth3/node3/test2_4.mtx 2.9 6806.98 5.23941e-05 0.000852515 
/home/antonkov/masterWork/tests/samePrefixMarkedMtx/depth3/node3/test2_4.mtx 3 0 -1 -1 
/home/antonkov/masterWork/tests/samePrefixMarkedMtx/depth3/node3/test2_4.mtx 3.1 0 -1 -1 
/home/antonkov/masterWork/tests/samePrefixMarkedMtx/depth3/node3/test2_4.mtx 3.2 0 -1 -1 
/home/antonkov/masterWork/tests/samePrefixMarkedMtx/depth3/node3/test2_4.mtx 3.3 0 -1 -1 
/home/antonkov/masterWork/tests/samePrefixMarkedMtx/depth3/node3/test2_4.mtx 3.4 0 -1 -1 
/home/antonkov/masterWork/tests/samePrefixMarkedMtx/depth3/node3/test2_4.mtx 3.5 0 -1 -1 
/home/antonkov/masterWork/tests/samePrefixMarkedMtx/depth3/node3/test3_0.mtx 1 107.471 0.074566 0.78 
/home/antonkov/masterWork/tests/samePrefixMarkedMtx/depth3/node3/test3_0.mtx 1.1 100.601 0.0652083 0.695 
/home/antonkov/masterWork/tests/samePrefixMarkedMtx/depth3/node3/test3_0.mtx 1.2 91.691 0.0587847 0.645 
/home/antonkov/masterWork/tests/samePrefixMarkedMtx/depth3/node3/test3_0.mtx 1.3 89.0723 0.0494184 0.56 
/home/antonkov/masterWork/tests/samePrefixMarkedMtx/depth3/node3/test3_0.mtx 1.4 115.268 0.0376447 0.44 
/home/antonkov/masterWork/tests/samePrefixMarkedMtx/depth3/node3/test3_0.mtx 1.5 101.844 0.0301389 0.35 
/home/antonkov/masterWork/tests/samePrefixMarkedMtx/depth3/node3/test3_0.mtx 1.6 116.231 0.0228689 0.2725 
/home/antonkov/masterWork/tests/samePrefixMarkedMtx/depth3/node3/test3_0.mtx 1.7 130.683 0.0176007 0.21 
/home/antonkov/masterWork/tests/samePrefixMarkedMtx/depth3/node3/test3_0.mtx 1.8 136.549 0.014239 0.175 
/home/antonkov/masterWork/tests/samePrefixMarkedMtx/depth3/node3/test3_0.mtx 1.9 164.401 0.0102018 0.12625 
/home/antonkov/masterWork/tests/samePrefixMarkedMtx/depth3/node3/test3_0.mtx 2 188.163 0.00807986 0.103 
/home/antonkov/masterWork/tests/samePrefixMarkedMtx/depth3/node3/test3_0.mtx 2.1 275.467 0.00486315 0.0617647 
/home/antonkov/masterWork/tests/samePrefixMarkedMtx/depth3/node3/test3_0.mtx 2.2 360.01 0.0029614 0.0392308 
/home/antonkov/masterWork/tests/samePrefixMarkedMtx/depth3/node3/test3_0.mtx 2.3 536.327 0.0015952 0.0237209 
/home/antonkov/masterWork/tests/samePrefixMarkedMtx/depth3/node3/test3_0.mtx 2.4 667.874 0.00115142 0.0169492 
/home/antonkov/masterWork/tests/samePrefixMarkedMtx/depth3/node3/test3_0.mtx 2.5 1013.61 0.000689103 0.00971154 
/home/antonkov/masterWork/tests/samePrefixMarkedMtx/depth3/node3/test3_0.mtx 2.6 1652.93 0.00033175 0.00523316 
/home/antonkov/masterWork/tests/samePrefixMarkedMtx/depth3/node3/test3_0.mtx 2.7 2577.6 0.000183081 0.00293255 
/home/antonkov/masterWork/tests/samePrefixMarkedMtx/depth3/node3/test3_0.mtx 2.8 4024.31 9.49755e-05 0.00163399 
/home/antonkov/masterWork/tests/samePrefixMarkedMtx/depth3/node3/test3_0.mtx 2.9 5969.07 5.80421e-05 0.00098912 
/home/antonkov/masterWork/tests/samePrefixMarkedMtx/depth3/node3/test3_0.mtx 3 0 -1 -1 
/home/antonkov/masterWork/tests/samePrefixMarkedMtx/depth3/node3/test3_0.mtx 3.1 0 -1 -1 
/home/antonkov/masterWork/tests/samePrefixMarkedMtx/depth3/node3/test3_0.mtx 3.2 0 -1 -1 
/home/antonkov/masterWork/tests/samePrefixMarkedMtx/depth3/node3/test3_0.mtx 3.3 0 -1 -1 
/home/antonkov/masterWork/tests/samePrefixMarkedMtx/depth3/node3/test3_0.mtx 3.4 0 -1 -1 
/home/antonkov/masterWork/tests/samePrefixMarkedMtx/depth3/node3/test3_0.mtx 3.5 0 -1 -1 
/home/antonkov/masterWork/tests/samePrefixMarkedMtx/depth3/node3/test3_1.mtx 1 104.933 0.0773264 0.785 
/home/antonkov/masterWork/tests/samePrefixMarkedMtx/depth3/node3/test3_1.mtx 1.1 100.672 0.0665191 0.695 
/home/antonkov/masterWork/tests/samePrefixMarkedMtx/depth3/node3/test3_1.mtx 1.2 96.84 0.0594271 0.64 
/home/antonkov/masterWork/tests/samePrefixMarkedMtx/depth3/node3/test3_1.mtx 1.3 90.9248 0.0502604 0.56 
/home/antonkov/masterWork/tests/samePrefixMarkedMtx/depth3/node3/test3_1.mtx 1.4 115.825 0.0406019 0.473333 
/home/antonkov/masterWork/tests/samePrefixMarkedMtx/depth3/node3/test3_1.mtx 1.5 110.901 0.032419 0.406667 
/home/antonkov/masterWork/tests/samePrefixMarkedMtx/depth3/node3/test3_1.mtx 1.6 119.837 0.0225217 0.27 
/home/antonkov/masterWork/tests/samePrefixMarkedMtx/depth3/node3/test3_1.mtx 1.7 155.229 0.0160301 0.208333 
/home/antonkov/masterWork/tests/samePrefixMarkedMtx/depth3/node3/test3_1.mtx 1.8 165.005 0.0127232 0.164286 
/home/antonkov/masterWork/tests/samePrefixMarkedMtx/depth3/node3/test3_1.mtx 1.9 180.585 0.00915895 0.117778 
/home/antonkov/masterWork/tests/samePrefixMarkedMtx/depth3/node3/test3_1.mtx 2 236.296 0.00616987 0.0807692 
/home/antonkov/masterWork/tests/samePrefixMarkedMtx/depth3/node3/test3_1.mtx 2.1 289.68 0.00423032 0.0566667 
/home/antonkov/masterWork/tests/samePrefixMarkedMtx/depth3/node3/test3_1.mtx 2.2 374.722 0.0028332 0.0396154 
/home/antonkov/masterWork/tests/samePrefixMarkedMtx/depth3/node3/test3_1.mtx 2.3 485.846 0.00193975 0.027027 
/home/antonkov/masterWork/tests/samePrefixMarkedMtx/depth3/node3/test3_1.mtx 2.4 755.242 0.00100031 0.0148529 
/home/antonkov/masterWork/tests/samePrefixMarkedMtx/depth3/node3/test3_1.mtx 2.5 1147.72 0.000564845 0.00877193 
/home/antonkov/masterWork/tests/samePrefixMarkedMtx/depth3/node3/test3_1.mtx 2.6 1751.15 0.000346196 0.00492611 
/home/antonkov/masterWork/tests/samePrefixMarkedMtx/depth3/node3/test3_1.mtx 2.7 2287.27 0.000228141 0.00343643 
/home/antonkov/masterWork/tests/samePrefixMarkedMtx/depth3/node3/test3_1.mtx 2.8 3538.05 0.000123566 0.00195695 
/home/antonkov/masterWork/tests/samePrefixMarkedMtx/depth3/node3/test3_1.mtx 2.9 6037.76 5.91231e-05 0.00101626 
/home/antonkov/masterWork/tests/samePrefixMarkedMtx/depth3/node3/test3_1.mtx 3 9542.11 3.28329e-05 0.000588235 
/home/antonkov/masterWork/tests/samePrefixMarkedMtx/depth3/node3/test3_1.mtx 3.1 0 -1 -1 
/home/antonkov/masterWork/tests/samePrefixMarkedMtx/depth3/node3/test3_1.mtx 3.2 0 -1 -1 
/home/antonkov/masterWork/tests/samePrefixMarkedMtx/depth3/node3/test3_1.mtx 3.3 0 -1 -1 
/home/antonkov/masterWork/tests/samePrefixMarkedMtx/depth3/node3/test3_1.mtx 3.4 0 -1 -1 
/home/antonkov/masterWork/tests/samePrefixMarkedMtx/depth3/node3/test3_1.mtx 3.5 0 -1 -1 
/home/antonkov/masterWork/tests/samePrefixMarkedMtx/depth3/node3/test3_2.mtx 1 108.145 0.0731944 0.755 
/home/antonkov/masterWork/tests/samePrefixMarkedMtx/depth3/node3/test3_2.mtx 1.1 93.8988 0.0635851 0.655 
/home/antonkov/masterWork/tests/samePrefixMarkedMtx/depth3/node3/test3_2.mtx 1.2 91.353 0.055599 0.585 
/home/antonkov/masterWork/tests/samePrefixMarkedMtx/depth3/node3/test3_2.mtx 1.3 88.4301 0.0484201 0.515 
/home/antonkov/masterWork/tests/samePrefixMarkedMtx/depth3/node3/test3_2.mtx 1.4 114.778 0.0386806 0.43 
/home/antonkov/masterWork/tests/samePrefixMarkedMtx/depth3/node3/test3_2.mtx 1.5 105.63 0.0310069 0.353333 
/home/antonkov/masterWork/tests/samePrefixMarkedMtx/depth3/node3/test3_2.mtx 1.6 122.051 0.0245877 0.29 
/home/antonkov/masterWork/tests/samePrefixMarkedMtx/depth3/node3/test3_2.mtx 1.7 133.641 0.0195972 0.236 
/home/antonkov/masterWork/tests/samePrefixMarkedMtx/depth3/node3/test3_2.mtx 1.8 141.822 0.0141435 0.181667 
/home/antonkov/masterWork/tests/samePrefixMarkedMtx/depth3/node3/test3_2.mtx 1.9 184.394 0.00964506 0.124444 
/home/antonkov/masterWork/tests/samePrefixMarkedMtx/depth3/node3/test3_2.mtx 2 220.799 0.00736545 0.0941667 
/home/antonkov/masterWork/tests/samePrefixMarkedMtx/depth3/node3/test3_2.mtx 2.1 233.464 0.00581101 0.075 
/home/antonkov/masterWork/tests/samePrefixMarkedMtx/depth3/node3/test3_2.mtx 2.2 299.312 0.00367622 0.051 
/home/antonkov/masterWork/tests/samePrefixMarkedMtx/depth3/node3/test3_2.mtx 2.3 463.112 0.00209226 0.0291429 
/home/antonkov/masterWork/tests/samePrefixMarkedMtx/depth3/node3/test3_2.mtx 2.4 583.24 0.00137011 0.0206122 
/home/antonkov/masterWork/tests/samePrefixMarkedMtx/depth3/node3/test3_2.mtx 2.5 896.364 0.00072338 0.0119048 
/home/antonkov/masterWork/tests/samePrefixMarkedMtx/depth3/node3/test3_2.mtx 2.6 1319.33 0.000421489 0.00694444 
/home/antonkov/masterWork/tests/samePrefixMarkedMtx/depth3/node3/test3_2.mtx 2.7 2143.17 0.00021506 0.00369004 
/home/antonkov/masterWork/tests/samePrefixMarkedMtx/depth3/node3/test3_2.mtx 2.8 3046.31 0.000130726 0.00231651 
/home/antonkov/masterWork/tests/samePrefixMarkedMtx/depth3/node3/test3_2.mtx 2.9 3871.33 8.10947e-05 0.00164474 
/home/antonkov/masterWork/tests/samePrefixMarkedMtx/depth3/node3/test3_2.mtx 3 5660.58 4.14835e-05 0.0010142 
/home/antonkov/masterWork/tests/samePrefixMarkedMtx/depth3/node3/test3_2.mtx 3.1 8277.88 1.9425e-05 0.000635728 
/home/antonkov/masterWork/tests/samePrefixMarkedMtx/depth3/node3/test3_2.mtx 3.2 0 -1 -1 
/home/antonkov/masterWork/tests/samePrefixMarkedMtx/depth3/node3/test3_2.mtx 3.3 0 -1 -1 
/home/antonkov/masterWork/tests/samePrefixMarkedMtx/depth3/node3/test3_2.mtx 3.4 0 -1 -1 
/home/antonkov/masterWork/tests/samePrefixMarkedMtx/depth3/node3/test3_2.mtx 3.5 0 -1 -1 
/home/antonkov/masterWork/tests/samePrefixMarkedMtx/depth3/node3/test3_3.mtx 1 107.569 0.0749045 0.795 
/home/antonkov/masterWork/tests/samePrefixMarkedMtx/depth3/node3/test3_3.mtx 1.1 100.692 0.0673611 0.71 
/home/antonkov/masterWork/tests/samePrefixMarkedMtx/depth3/node3/test3_3.mtx 1.2 94.513 0.056901 0.64 
/home/antonkov/masterWork/tests/samePrefixMarkedMtx/depth3/node3/test3_3.mtx 1.3 89.5204 0.045842 0.535 
/home/antonkov/masterWork/tests/samePrefixMarkedMtx/depth3/node3/test3_3.mtx 1.4 110.345 0.0399132 0.466667 
/home/antonkov/masterWork/tests/samePrefixMarkedMtx/depth3/node3/test3_3.mtx 1.5 106.68 0.0297569 0.353333 
/home/antonkov/masterWork/tests/samePrefixMarkedMtx/depth3/node3/test3_3.mtx 1.6 117.579 0.0225087 0.2675 
/home/antonkov/masterWork/tests/samePrefixMarkedMtx/depth3/node3/test3_3.mtx 1.7 126.879 0.0169583 0.218 
/home/antonkov/masterWork/tests/samePrefixMarkedMtx/depth3/node3/test3_3.mtx 1.8 139.865 0.0143258 0.178333 
/home/antonkov/masterWork/tests/samePrefixMarkedMtx/depth3/node3/test3_3.mtx 1.9 164.482 0.00964844 0.12625 
/home/antonkov/masterWork/tests/samePrefixMarkedMtx/depth3/node3/test3_3.mtx 2 219.38 0.00687789 0.0891667 
/home/antonkov/masterWork/tests/samePrefixMarkedMtx/depth3/node3/test3_3.mtx 2.1 278.779 0.00423322 0.0555556 
/home/antonkov/masterWork/tests/samePrefixMarkedMtx/depth3/node3/test3_3.mtx 2.2 373.324 0.00267361 0.037037 
/home/antonkov/masterWork/tests/samePrefixMarkedMtx/depth3/node3/test3_3.mtx 2.3 526.276 0.00177786 0.0240476 
/home/antonkov/masterWork/tests/samePrefixMarkedMtx/depth3/node3/test3_3.mtx 2.4 761.871 0.00100824 0.0149254 
/home/antonkov/masterWork/tests/samePrefixMarkedMtx/depth3/node3/test3_3.mtx 2.5 1007.24 0.000693559 0.0102041 
/home/antonkov/masterWork/tests/samePrefixMarkedMtx/depth3/node3/test3_3.mtx 2.6 1682.45 0.000352297 0.00517949 
/home/antonkov/masterWork/tests/samePrefixMarkedMtx/depth3/node3/test3_3.mtx 2.7 2265.36 0.000220102 0.0033557 
/home/antonkov/masterWork/tests/samePrefixMarkedMtx/depth3/node3/test3_3.mtx 2.8 3956.94 0.000103556 0.00167504 
/home/antonkov/masterWork/tests/samePrefixMarkedMtx/depth3/node3/test3_3.mtx 2.9 5434.34 6.37208e-05 0.00109529 
/home/antonkov/masterWork/tests/samePrefixMarkedMtx/depth3/node3/test3_3.mtx 3 10042.9 2.91902e-05 0.000537346 
/home/antonkov/masterWork/tests/samePrefixMarkedMtx/depth3/node3/test3_3.mtx 3.1 0 -1 -1 
/home/antonkov/masterWork/tests/samePrefixMarkedMtx/depth3/node3/test3_3.mtx 3.2 0 -1 -1 
/home/antonkov/masterWork/tests/samePrefixMarkedMtx/depth3/node3/test3_3.mtx 3.3 0 -1 -1 
/home/antonkov/masterWork/tests/samePrefixMarkedMtx/depth3/node3/test3_3.mtx 3.4 0 -1 -1 
/home/antonkov/masterWork/tests/samePrefixMarkedMtx/depth3/node3/test3_3.mtx 3.5 0 -1 -1 
/home/antonkov/masterWork/tests/samePrefixMarkedMtx/depth3/node3/test3_4.mtx 1 110.358 0.0759635 0.775 
/home/antonkov/masterWork/tests/samePrefixMarkedMtx/depth3/node3/test3_4.mtx 1.1 104.019 0.0683333 0.715 
/home/antonkov/masterWork/tests/samePrefixMarkedMtx/depth3/node3/test3_4.mtx 1.2 94.3719 0.0592187 0.655 
/home/antonkov/masterWork/tests/samePrefixMarkedMtx/depth3/node3/test3_4.mtx 1.3 91.1116 0.0523524 0.59 
/home/antonkov/masterWork/tests/samePrefixMarkedMtx/depth3/node3/test3_4.mtx 1.4 88.3062 0.0436979 0.505 
/home/antonkov/masterWork/tests/samePrefixMarkedMtx/depth3/node3/test3_4.mtx 1.5 107.756 0.0345544 0.396667 
/home/antonkov/masterWork/tests/samePrefixMarkedMtx/depth3/node3/test3_4.mtx 1.6 123.359 0.0235417 0.2825 
/home/antonkov/masterWork/tests/samePrefixMarkedMtx/depth3/node3/test3_4.mtx 1.7 132.969 0.0179792 0.226 
/home/antonkov/masterWork/tests/samePrefixMarkedMtx/depth3/node3/test3_4.mtx 1.8 144.273 0.013967 0.176667 
/home/antonkov/masterWork/tests/samePrefixMarkedMtx/depth3/node3/test3_4.mtx 1.9 166.057 0.0107552 0.1375 
/home/antonkov/masterWork/tests/samePrefixMarkedMtx/depth3/node3/test3_4.mtx 2 188.873 0.00777778 0.108 
/home/antonkov/masterWork/tests/samePrefixMarkedMtx/depth3/node3/test3_4.mtx 2.1 242.257 0.00547371 0.0742857 
/home/antonkov/masterWork/tests/samePrefixMarkedMtx/depth3/node3/test3_4.mtx 2.2 348.507 0.00321633 0.0452174 
/home/antonkov/masterWork/tests/samePrefixMarkedMtx/depth3/node3/test3_4.mtx 2.3 468.705 0.00192323 0.0277778 
/home/antonkov/masterWork/tests/samePrefixMarkedMtx/depth3/node3/test3_4.mtx 2.4 656.576 0.00128054 0.0187037 
/home/antonkov/masterWork/tests/samePrefixMarkedMtx/depth3/node3/test3_4.mtx 2.5 972.715 0.000705895 0.0107447 
/home/antonkov/masterWork/tests/samePrefixMarkedMtx/depth3/node3/test3_4.mtx 2.6 1432.14 0.000374599 0.00641026 
/home/antonkov/masterWork/tests/samePrefixMarkedMtx/depth3/node3/test3_4.mtx 2.7 2076.04 0.000237337 0.00392157 
/home/antonkov/masterWork/tests/samePrefixMarkedMtx/depth3/node3/test3_4.mtx 2.8 2741.57 0.000157227 0.00268097 
/home/antonkov/masterWork/tests/samePrefixMarkedMtx/depth3/node3/test3_4.mtx 2.9 3695.38 8.70545e-05 0.00179211 
/home/antonkov/masterWork/tests/samePrefixMarkedMtx/depth3/node3/test3_4.mtx 3 6202.17 4.487e-05 0.00095373 
/home/antonkov/masterWork/tests/samePrefixMarkedMtx/depth3/node3/test3_4.mtx 3.1 0 -1 -1 
/home/antonkov/masterWork/tests/samePrefixMarkedMtx/depth3/node3/test3_4.mtx 3.2 0 -1 -1 
/home/antonkov/masterWork/tests/samePrefixMarkedMtx/depth3/node3/test3_4.mtx 3.3 0 -1 -1 
/home/antonkov/masterWork/tests/samePrefixMarkedMtx/depth3/node3/test3_4.mtx 3.4 0 -1 -1 
/home/antonkov/masterWork/tests/samePrefixMarkedMtx/depth3/node3/test3_4.mtx 3.5 0 -1 -1 
