Results
Filename SNR Time(ms) BER FER
/home/antonkov/masterWork/tests/samePrefixMarkedMtx/depth3/node4/test0_0.mtx 1 123.641 0.0769358 0.785 
/home/antonkov/masterWork/tests/samePrefixMarkedMtx/depth3/node4/test0_0.mtx 1.1 104.805 0.0687674 0.715 
/home/antonkov/masterWork/tests/samePrefixMarkedMtx/depth3/node4/test0_0.mtx 1.2 93.2078 0.0590799 0.615 
/home/antonkov/masterWork/tests/samePrefixMarkedMtx/depth3/node4/test0_0.mtx 1.3 84.7377 0.0492535 0.53 
/home/antonkov/masterWork/tests/samePrefixMarkedMtx/depth3/node4/test0_0.mtx 1.4 112.77 0.0408218 0.48 
/home/antonkov/masterWork/tests/samePrefixMarkedMtx/depth3/node4/test0_0.mtx 1.5 105.209 0.0327836 0.386667 
/home/antonkov/masterWork/tests/samePrefixMarkedMtx/depth3/node4/test0_0.mtx 1.6 121.917 0.0256901 0.31 
/home/antonkov/masterWork/tests/samePrefixMarkedMtx/depth3/node4/test0_0.mtx 1.7 114.689 0.0206641 0.2525 
/home/antonkov/masterWork/tests/samePrefixMarkedMtx/depth3/node4/test0_0.mtx 1.8 142.937 0.0154369 0.19 
/home/antonkov/masterWork/tests/samePrefixMarkedMtx/depth3/node4/test0_0.mtx 1.9 161.743 0.0103928 0.13375 
/home/antonkov/masterWork/tests/samePrefixMarkedMtx/depth3/node4/test0_0.mtx 2 214.669 0.0068099 0.0891667 
/home/antonkov/masterWork/tests/samePrefixMarkedMtx/depth3/node4/test0_0.mtx 2.1 298.074 0.00397387 0.0542105 
/home/antonkov/masterWork/tests/samePrefixMarkedMtx/depth3/node4/test0_0.mtx 2.2 395.565 0.00269469 0.0367857 
/home/antonkov/masterWork/tests/samePrefixMarkedMtx/depth3/node4/test0_0.mtx 2.3 519.745 0.0018136 0.024878 
/home/antonkov/masterWork/tests/samePrefixMarkedMtx/depth3/node4/test0_0.mtx 2.4 786.195 0.000983041 0.0144928 
/home/antonkov/masterWork/tests/samePrefixMarkedMtx/depth3/node4/test0_0.mtx 2.5 1109.34 0.000675032 0.00909091 
/home/antonkov/masterWork/tests/samePrefixMarkedMtx/depth3/node4/test0_0.mtx 2.6 1598.3 0.000383005 0.00555556 
/home/antonkov/masterWork/tests/samePrefixMarkedMtx/depth3/node4/test0_0.mtx 2.7 2372.05 0.000202737 0.00328947 
/home/antonkov/masterWork/tests/samePrefixMarkedMtx/depth3/node4/test0_0.mtx 2.8 4179.03 9.965e-05 0.00162602 
/home/antonkov/masterWork/tests/samePrefixMarkedMtx/depth3/node4/test0_0.mtx 2.9 6796.91 5.59447e-05 0.000875657 
/home/antonkov/masterWork/tests/samePrefixMarkedMtx/depth3/node4/test0_0.mtx 3 0 -1 -1 
/home/antonkov/masterWork/tests/samePrefixMarkedMtx/depth3/node4/test0_0.mtx 3.1 0 -1 -1 
/home/antonkov/masterWork/tests/samePrefixMarkedMtx/depth3/node4/test0_0.mtx 3.2 0 -1 -1 
/home/antonkov/masterWork/tests/samePrefixMarkedMtx/depth3/node4/test0_0.mtx 3.3 0 -1 -1 
/home/antonkov/masterWork/tests/samePrefixMarkedMtx/depth3/node4/test0_0.mtx 3.4 0 -1 -1 
/home/antonkov/masterWork/tests/samePrefixMarkedMtx/depth3/node4/test0_0.mtx 3.5 0 -1 -1 
/home/antonkov/masterWork/tests/samePrefixMarkedMtx/depth3/node4/test0_1.mtx 1 105.722 0.0765885 0.78 
/home/antonkov/masterWork/tests/samePrefixMarkedMtx/depth3/node4/test0_1.mtx 1.1 97.3162 0.0674132 0.715 
/home/antonkov/masterWork/tests/samePrefixMarkedMtx/depth3/node4/test0_1.mtx 1.2 91.3761 0.0556771 0.61 
/home/antonkov/masterWork/tests/samePrefixMarkedMtx/depth3/node4/test0_1.mtx 1.3 82.3283 0.0470226 0.535 
/home/antonkov/masterWork/tests/samePrefixMarkedMtx/depth3/node4/test0_1.mtx 1.4 110.904 0.0388021 0.436667 
/home/antonkov/masterWork/tests/samePrefixMarkedMtx/depth3/node4/test0_1.mtx 1.5 104.341 0.0293287 0.35 
/home/antonkov/masterWork/tests/samePrefixMarkedMtx/depth3/node4/test0_1.mtx 1.6 118.376 0.0226085 0.275 
/home/antonkov/masterWork/tests/samePrefixMarkedMtx/depth3/node4/test0_1.mtx 1.7 131.071 0.017059 0.21 
/home/antonkov/masterWork/tests/samePrefixMarkedMtx/depth3/node4/test0_1.mtx 1.8 155.048 0.0123189 0.152857 
/home/antonkov/masterWork/tests/samePrefixMarkedMtx/depth3/node4/test0_1.mtx 1.9 167.32 0.00990017 0.1275 
/home/antonkov/masterWork/tests/samePrefixMarkedMtx/depth3/node4/test0_1.mtx 2 219.068 0.00670718 0.0916667 
/home/antonkov/masterWork/tests/samePrefixMarkedMtx/depth3/node4/test0_1.mtx 2.1 292.385 0.00402778 0.0526316 
/home/antonkov/masterWork/tests/samePrefixMarkedMtx/depth3/node4/test0_1.mtx 2.2 394.749 0.00259363 0.0357143 
/home/antonkov/masterWork/tests/samePrefixMarkedMtx/depth3/node4/test0_1.mtx 2.3 540.301 0.00157485 0.0222222 
/home/antonkov/masterWork/tests/samePrefixMarkedMtx/depth3/node4/test0_1.mtx 2.4 769.344 0.00102083 0.0142857 
/home/antonkov/masterWork/tests/samePrefixMarkedMtx/depth3/node4/test0_1.mtx 2.5 1153.41 0.000604283 0.00840336 
/home/antonkov/masterWork/tests/samePrefixMarkedMtx/depth3/node4/test0_1.mtx 2.6 1600.04 0.000373358 0.00543478 
/home/antonkov/masterWork/tests/samePrefixMarkedMtx/depth3/node4/test0_1.mtx 2.7 2568.77 0.000208282 0.00294985 
/home/antonkov/masterWork/tests/samePrefixMarkedMtx/depth3/node4/test0_1.mtx 2.8 4554.99 9.46901e-05 0.0014556 
/home/antonkov/masterWork/tests/samePrefixMarkedMtx/depth3/node4/test0_1.mtx 2.9 7464.46 4.73658e-05 0.000783085 
/home/antonkov/masterWork/tests/samePrefixMarkedMtx/depth3/node4/test0_1.mtx 3 0 -1 -1 
/home/antonkov/masterWork/tests/samePrefixMarkedMtx/depth3/node4/test0_1.mtx 3.1 0 -1 -1 
/home/antonkov/masterWork/tests/samePrefixMarkedMtx/depth3/node4/test0_1.mtx 3.2 0 -1 -1 
/home/antonkov/masterWork/tests/samePrefixMarkedMtx/depth3/node4/test0_1.mtx 3.3 0 -1 -1 
/home/antonkov/masterWork/tests/samePrefixMarkedMtx/depth3/node4/test0_1.mtx 3.4 0 -1 -1 
/home/antonkov/masterWork/tests/samePrefixMarkedMtx/depth3/node4/test0_1.mtx 3.5 0 -1 -1 
/home/antonkov/masterWork/tests/samePrefixMarkedMtx/depth3/node4/test0_2.mtx 1 104.521 0.0761024 0.78 
/home/antonkov/masterWork/tests/samePrefixMarkedMtx/depth3/node4/test0_2.mtx 1.1 94.2143 0.0661371 0.695 
/home/antonkov/masterWork/tests/samePrefixMarkedMtx/depth3/node4/test0_2.mtx 1.2 92.1625 0.0583854 0.625 
/home/antonkov/masterWork/tests/samePrefixMarkedMtx/depth3/node4/test0_2.mtx 1.3 86.8318 0.0515972 0.59 
/home/antonkov/masterWork/tests/samePrefixMarkedMtx/depth3/node4/test0_2.mtx 1.4 85.1478 0.0435156 0.505 
/home/antonkov/masterWork/tests/samePrefixMarkedMtx/depth3/node4/test0_2.mtx 1.5 105.165 0.0333565 0.406667 
/home/antonkov/masterWork/tests/samePrefixMarkedMtx/depth3/node4/test0_2.mtx 1.6 122.131 0.025855 0.3125 
/home/antonkov/masterWork/tests/samePrefixMarkedMtx/depth3/node4/test0_2.mtx 1.7 131.088 0.0194965 0.242 
/home/antonkov/masterWork/tests/samePrefixMarkedMtx/depth3/node4/test0_2.mtx 1.8 142.241 0.0162355 0.203333 
/home/antonkov/masterWork/tests/samePrefixMarkedMtx/depth3/node4/test0_2.mtx 1.9 183.883 0.0100521 0.126667 
/home/antonkov/masterWork/tests/samePrefixMarkedMtx/depth3/node4/test0_2.mtx 2 206.9 0.00750158 0.0963636 
/home/antonkov/masterWork/tests/samePrefixMarkedMtx/depth3/node4/test0_2.mtx 2.1 268.751 0.00440257 0.0629412 
/home/antonkov/masterWork/tests/samePrefixMarkedMtx/depth3/node4/test0_2.mtx 2.2 363.293 0.00274907 0.0384615 
/home/antonkov/masterWork/tests/samePrefixMarkedMtx/depth3/node4/test0_2.mtx 2.3 574.825 0.00163349 0.0222222 
/home/antonkov/masterWork/tests/samePrefixMarkedMtx/depth3/node4/test0_2.mtx 2.4 802.468 0.00097858 0.0142254 
/home/antonkov/masterWork/tests/samePrefixMarkedMtx/depth3/node4/test0_2.mtx 2.5 1041.05 0.000691211 0.00980392 
/home/antonkov/masterWork/tests/samePrefixMarkedMtx/depth3/node4/test0_2.mtx 2.6 1579.22 0.000338008 0.00558659 
/home/antonkov/masterWork/tests/samePrefixMarkedMtx/depth3/node4/test0_2.mtx 2.7 2503 0.000200192 0.00310559 
/home/antonkov/masterWork/tests/samePrefixMarkedMtx/depth3/node4/test0_2.mtx 2.8 3760.21 0.000124543 0.00182815 
/home/antonkov/masterWork/tests/samePrefixMarkedMtx/depth3/node4/test0_2.mtx 2.9 6259.59 5.75816e-05 0.000959693 
/home/antonkov/masterWork/tests/samePrefixMarkedMtx/depth3/node4/test0_2.mtx 3 0 -1 -1 
/home/antonkov/masterWork/tests/samePrefixMarkedMtx/depth3/node4/test0_2.mtx 3.1 0 -1 -1 
/home/antonkov/masterWork/tests/samePrefixMarkedMtx/depth3/node4/test0_2.mtx 3.2 0 -1 -1 
/home/antonkov/masterWork/tests/samePrefixMarkedMtx/depth3/node4/test0_2.mtx 3.3 0 -1 -1 
/home/antonkov/masterWork/tests/samePrefixMarkedMtx/depth3/node4/test0_2.mtx 3.4 0 -1 -1 
/home/antonkov/masterWork/tests/samePrefixMarkedMtx/depth3/node4/test0_2.mtx 3.5 0 -1 -1 
/home/antonkov/masterWork/tests/samePrefixMarkedMtx/depth3/node4/test0_3.mtx 1 105.712 0.0745833 0.78 
/home/antonkov/masterWork/tests/samePrefixMarkedMtx/depth3/node4/test0_3.mtx 1.1 98.9552 0.065816 0.725 
/home/antonkov/masterWork/tests/samePrefixMarkedMtx/depth3/node4/test0_3.mtx 1.2 93.8122 0.0577083 0.655 
/home/antonkov/masterWork/tests/samePrefixMarkedMtx/depth3/node4/test0_3.mtx 1.3 88.3897 0.0514149 0.595 
/home/antonkov/masterWork/tests/samePrefixMarkedMtx/depth3/node4/test0_3.mtx 1.4 83.669 0.0403993 0.5 
/home/antonkov/masterWork/tests/samePrefixMarkedMtx/depth3/node4/test0_3.mtx 1.5 105.053 0.0318519 0.37 
/home/antonkov/masterWork/tests/samePrefixMarkedMtx/depth3/node4/test0_3.mtx 1.6 121.334 0.0248481 0.3075 
/home/antonkov/masterWork/tests/samePrefixMarkedMtx/depth3/node4/test0_3.mtx 1.7 132.905 0.0176597 0.226 
/home/antonkov/masterWork/tests/samePrefixMarkedMtx/depth3/node4/test0_3.mtx 1.8 138.979 0.0151186 0.183333 
/home/antonkov/masterWork/tests/samePrefixMarkedMtx/depth3/node4/test0_3.mtx 1.9 166.426 0.0107422 0.13875 
/home/antonkov/masterWork/tests/samePrefixMarkedMtx/depth3/node4/test0_3.mtx 2 188.022 0.00780729 0.101 
/home/antonkov/masterWork/tests/samePrefixMarkedMtx/depth3/node4/test0_3.mtx 2.1 238.374 0.00521949 0.075 
/home/antonkov/masterWork/tests/samePrefixMarkedMtx/depth3/node4/test0_3.mtx 2.2 308.397 0.00369461 0.05 
/home/antonkov/masterWork/tests/samePrefixMarkedMtx/depth3/node4/test0_3.mtx 2.3 488.621 0.0021021 0.0275676 
/home/antonkov/masterWork/tests/samePrefixMarkedMtx/depth3/node4/test0_3.mtx 2.4 691.661 0.00111458 0.0166667 
/home/antonkov/masterWork/tests/samePrefixMarkedMtx/depth3/node4/test0_3.mtx 2.5 1004.44 0.000678323 0.0102041 
/home/antonkov/masterWork/tests/samePrefixMarkedMtx/depth3/node4/test0_3.mtx 2.6 1512.57 0.000405934 0.00606061 
/home/antonkov/masterWork/tests/samePrefixMarkedMtx/depth3/node4/test0_3.mtx 2.7 2315.28 0.000233186 0.00342466 
/home/antonkov/masterWork/tests/samePrefixMarkedMtx/depth3/node4/test0_3.mtx 2.8 3179.12 0.000141358 0.00222222 
/home/antonkov/masterWork/tests/samePrefixMarkedMtx/depth3/node4/test0_3.mtx 2.9 5462.3 6.81664e-05 0.0011325 
/home/antonkov/masterWork/tests/samePrefixMarkedMtx/depth3/node4/test0_3.mtx 3 9241.41 3.69908e-05 0.000604961 
/home/antonkov/masterWork/tests/samePrefixMarkedMtx/depth3/node4/test0_3.mtx 3.1 0 -1 -1 
/home/antonkov/masterWork/tests/samePrefixMarkedMtx/depth3/node4/test0_3.mtx 3.2 0 -1 -1 
/home/antonkov/masterWork/tests/samePrefixMarkedMtx/depth3/node4/test0_3.mtx 3.3 0 -1 -1 
/home/antonkov/masterWork/tests/samePrefixMarkedMtx/depth3/node4/test0_3.mtx 3.4 0 -1 -1 
/home/antonkov/masterWork/tests/samePrefixMarkedMtx/depth3/node4/test0_3.mtx 3.5 0 -1 -1 
/home/antonkov/masterWork/tests/samePrefixMarkedMtx/depth3/node4/test0_4.mtx 1 110.659 0.0775955 0.79 
/home/antonkov/masterWork/tests/samePrefixMarkedMtx/depth3/node4/test0_4.mtx 1.1 101.256 0.0696441 0.73 
/home/antonkov/masterWork/tests/samePrefixMarkedMtx/depth3/node4/test0_4.mtx 1.2 90.7552 0.0599913 0.66 
/home/antonkov/masterWork/tests/samePrefixMarkedMtx/depth3/node4/test0_4.mtx 1.3 86.1143 0.0501389 0.57 
/home/antonkov/masterWork/tests/samePrefixMarkedMtx/depth3/node4/test0_4.mtx 1.4 108.347 0.039103 0.45 
/home/antonkov/masterWork/tests/samePrefixMarkedMtx/depth3/node4/test0_4.mtx 1.5 105.547 0.0306655 0.36 
/home/antonkov/masterWork/tests/samePrefixMarkedMtx/depth3/node4/test0_4.mtx 1.6 123.737 0.023763 0.2825 
/home/antonkov/masterWork/tests/samePrefixMarkedMtx/depth3/node4/test0_4.mtx 1.7 126.288 0.018125 0.224 
/home/antonkov/masterWork/tests/samePrefixMarkedMtx/depth3/node4/test0_4.mtx 1.8 136.084 0.0144213 0.178333 
/home/antonkov/masterWork/tests/samePrefixMarkedMtx/depth3/node4/test0_4.mtx 1.9 184.527 0.0105054 0.127778 
/home/antonkov/masterWork/tests/samePrefixMarkedMtx/depth3/node4/test0_4.mtx 2 199.24 0.00787879 0.0981818 
/home/antonkov/masterWork/tests/samePrefixMarkedMtx/depth3/node4/test0_4.mtx 2.1 252.043 0.00521412 0.0666667 
/home/antonkov/masterWork/tests/samePrefixMarkedMtx/depth3/node4/test0_4.mtx 2.2 362.652 0.00319167 0.0412 
/home/antonkov/masterWork/tests/samePrefixMarkedMtx/depth3/node4/test0_4.mtx 2.3 481.539 0.00194398 0.0275676 
/home/antonkov/masterWork/tests/samePrefixMarkedMtx/depth3/node4/test0_4.mtx 2.4 728.182 0.00112874 0.015625 
/home/antonkov/masterWork/tests/samePrefixMarkedMtx/depth3/node4/test0_4.mtx 2.5 1074.34 0.000633123 0.00926606 
/home/antonkov/masterWork/tests/samePrefixMarkedMtx/depth3/node4/test0_4.mtx 2.6 1590.92 0.000351966 0.00546448 
/home/antonkov/masterWork/tests/samePrefixMarkedMtx/depth3/node4/test0_4.mtx 2.7 2652.35 0.000187309 0.00289017 
/home/antonkov/masterWork/tests/samePrefixMarkedMtx/depth3/node4/test0_4.mtx 2.8 3917.52 0.000108417 0.00172414 
/home/antonkov/masterWork/tests/samePrefixMarkedMtx/depth3/node4/test0_4.mtx 2.9 6343.91 5.69031e-05 0.000944287 
/home/antonkov/masterWork/tests/samePrefixMarkedMtx/depth3/node4/test0_4.mtx 3 0 -1 -1 
/home/antonkov/masterWork/tests/samePrefixMarkedMtx/depth3/node4/test0_4.mtx 3.1 0 -1 -1 
/home/antonkov/masterWork/tests/samePrefixMarkedMtx/depth3/node4/test0_4.mtx 3.2 0 -1 -1 
/home/antonkov/masterWork/tests/samePrefixMarkedMtx/depth3/node4/test0_4.mtx 3.3 0 -1 -1 
/home/antonkov/masterWork/tests/samePrefixMarkedMtx/depth3/node4/test0_4.mtx 3.4 0 -1 -1 
/home/antonkov/masterWork/tests/samePrefixMarkedMtx/depth3/node4/test0_4.mtx 3.5 0 -1 -1 
/home/antonkov/masterWork/tests/samePrefixMarkedMtx/depth3/node4/test1_0.mtx 1 106.556 0.0743229 0.775 
/home/antonkov/masterWork/tests/samePrefixMarkedMtx/depth3/node4/test1_0.mtx 1.1 98.1023 0.0668316 0.715 
/home/antonkov/masterWork/tests/samePrefixMarkedMtx/depth3/node4/test1_0.mtx 1.2 90.0128 0.0567622 0.63 
/home/antonkov/masterWork/tests/samePrefixMarkedMtx/depth3/node4/test1_0.mtx 1.3 89.3747 0.0465191 0.535 
/home/antonkov/masterWork/tests/samePrefixMarkedMtx/depth3/node4/test1_0.mtx 1.4 110.593 0.0371065 0.436667 
/home/antonkov/masterWork/tests/samePrefixMarkedMtx/depth3/node4/test1_0.mtx 1.5 101.346 0.0299248 0.363333 
/home/antonkov/masterWork/tests/samePrefixMarkedMtx/depth3/node4/test1_0.mtx 1.6 116.135 0.022934 0.2775 
/home/antonkov/masterWork/tests/samePrefixMarkedMtx/depth3/node4/test1_0.mtx 1.7 127.498 0.0172778 0.216 
/home/antonkov/masterWork/tests/samePrefixMarkedMtx/depth3/node4/test1_0.mtx 1.8 143.451 0.0138339 0.175 
/home/antonkov/masterWork/tests/samePrefixMarkedMtx/depth3/node4/test1_0.mtx 1.9 181.118 0.00890625 0.114444 
/home/antonkov/masterWork/tests/samePrefixMarkedMtx/depth3/node4/test1_0.mtx 2 225.497 0.00630743 0.0815385 
/home/antonkov/masterWork/tests/samePrefixMarkedMtx/depth3/node4/test1_0.mtx 2.1 281.048 0.00404417 0.0572222 
/home/antonkov/masterWork/tests/samePrefixMarkedMtx/depth3/node4/test1_0.mtx 2.2 364.614 0.00286659 0.0403846 
/home/antonkov/masterWork/tests/samePrefixMarkedMtx/depth3/node4/test1_0.mtx 2.3 497.805 0.00175837 0.0258974 
/home/antonkov/masterWork/tests/samePrefixMarkedMtx/depth3/node4/test1_0.mtx 2.4 775.428 0.000893601 0.0142857 
/home/antonkov/masterWork/tests/samePrefixMarkedMtx/depth3/node4/test1_0.mtx 2.5 1119.73 0.000552562 0.0087069 
/home/antonkov/masterWork/tests/samePrefixMarkedMtx/depth3/node4/test1_0.mtx 2.6 1624.33 0.000330877 0.00531915 
/home/antonkov/masterWork/tests/samePrefixMarkedMtx/depth3/node4/test1_0.mtx 2.7 2590.55 0.000180166 0.00297935 
/home/antonkov/masterWork/tests/samePrefixMarkedMtx/depth3/node4/test1_0.mtx 2.8 4025.81 0.000102811 0.00166113 
/home/antonkov/masterWork/tests/samePrefixMarkedMtx/depth3/node4/test1_0.mtx 2.9 6998.31 5.11385e-05 0.00085034 
/home/antonkov/masterWork/tests/samePrefixMarkedMtx/depth3/node4/test1_0.mtx 3 0 -1 -1 
/home/antonkov/masterWork/tests/samePrefixMarkedMtx/depth3/node4/test1_0.mtx 3.1 0 -1 -1 
/home/antonkov/masterWork/tests/samePrefixMarkedMtx/depth3/node4/test1_0.mtx 3.2 0 -1 -1 
/home/antonkov/masterWork/tests/samePrefixMarkedMtx/depth3/node4/test1_0.mtx 3.3 0 -1 -1 
/home/antonkov/masterWork/tests/samePrefixMarkedMtx/depth3/node4/test1_0.mtx 3.4 0 -1 -1 
/home/antonkov/masterWork/tests/samePrefixMarkedMtx/depth3/node4/test1_0.mtx 3.5 0 -1 -1 
/home/antonkov/masterWork/tests/samePrefixMarkedMtx/depth3/node4/test1_1.mtx 1 105.069 0.0764149 0.8 
/home/antonkov/masterWork/tests/samePrefixMarkedMtx/depth3/node4/test1_1.mtx 1.1 104.358 0.0667361 0.73 
/home/antonkov/masterWork/tests/samePrefixMarkedMtx/depth3/node4/test1_1.mtx 1.2 96.3081 0.0569878 0.65 
/home/antonkov/masterWork/tests/samePrefixMarkedMtx/depth3/node4/test1_1.mtx 1.3 87.5906 0.0464757 0.54 
/home/antonkov/masterWork/tests/samePrefixMarkedMtx/depth3/node4/test1_1.mtx 1.4 110.424 0.0379745 0.443333 
/home/antonkov/masterWork/tests/samePrefixMarkedMtx/depth3/node4/test1_1.mtx 1.5 104.004 0.0305613 0.35 
/home/antonkov/masterWork/tests/samePrefixMarkedMtx/depth3/node4/test1_1.mtx 1.6 123.183 0.023572 0.285 
/home/antonkov/masterWork/tests/samePrefixMarkedMtx/depth3/node4/test1_1.mtx 1.7 124.432 0.0176736 0.212 
/home/antonkov/masterWork/tests/samePrefixMarkedMtx/depth3/node4/test1_1.mtx 1.8 165.145 0.0129266 0.157143 
/home/antonkov/masterWork/tests/samePrefixMarkedMtx/depth3/node4/test1_1.mtx 1.9 184.476 0.00976852 0.123333 
/home/antonkov/masterWork/tests/samePrefixMarkedMtx/depth3/node4/test1_1.mtx 2 212.783 0.00641059 0.0841667 
/home/antonkov/masterWork/tests/samePrefixMarkedMtx/depth3/node4/test1_1.mtx 2.1 298.91 0.00432474 0.0563158 
/home/antonkov/masterWork/tests/samePrefixMarkedMtx/depth3/node4/test1_1.mtx 2.2 437.521 0.00239975 0.0322581 
/home/antonkov/masterWork/tests/samePrefixMarkedMtx/depth3/node4/test1_1.mtx 2.3 587.56 0.0014997 0.0212766 
/home/antonkov/masterWork/tests/samePrefixMarkedMtx/depth3/node4/test1_1.mtx 2.4 837.336 0.000876157 0.0134667 
/home/antonkov/masterWork/tests/samePrefixMarkedMtx/depth3/node4/test1_1.mtx 2.5 1261.07 0.000520968 0.00775194 
/home/antonkov/masterWork/tests/samePrefixMarkedMtx/depth3/node4/test1_1.mtx 2.6 1711.42 0.00033876 0.00507538 
/home/antonkov/masterWork/tests/samePrefixMarkedMtx/depth3/node4/test1_1.mtx 2.7 2804.95 0.000171199 0.0027248 
/home/antonkov/masterWork/tests/samePrefixMarkedMtx/depth3/node4/test1_1.mtx 2.8 3857.44 0.000109497 0.00175439 
/home/antonkov/masterWork/tests/samePrefixMarkedMtx/depth3/node4/test1_1.mtx 2.9 5823.88 5.96143e-05 0.00104275 
/home/antonkov/masterWork/tests/samePrefixMarkedMtx/depth3/node4/test1_1.mtx 3 9689.23 3.10154e-05 0.000567859 
/home/antonkov/masterWork/tests/samePrefixMarkedMtx/depth3/node4/test1_1.mtx 3.1 0 -1 -1 
/home/antonkov/masterWork/tests/samePrefixMarkedMtx/depth3/node4/test1_1.mtx 3.2 0 -1 -1 
/home/antonkov/masterWork/tests/samePrefixMarkedMtx/depth3/node4/test1_1.mtx 3.3 0 -1 -1 
/home/antonkov/masterWork/tests/samePrefixMarkedMtx/depth3/node4/test1_1.mtx 3.4 0 -1 -1 
/home/antonkov/masterWork/tests/samePrefixMarkedMtx/depth3/node4/test1_1.mtx 3.5 0 -1 -1 
/home/antonkov/masterWork/tests/samePrefixMarkedMtx/depth3/node4/test1_2.mtx 1 106.098 0.072092 0.75 
/home/antonkov/masterWork/tests/samePrefixMarkedMtx/depth3/node4/test1_2.mtx 1.1 94.3031 0.0627257 0.67 
/home/antonkov/masterWork/tests/samePrefixMarkedMtx/depth3/node4/test1_2.mtx 1.2 92.0016 0.0536111 0.59 
/home/antonkov/masterWork/tests/samePrefixMarkedMtx/depth3/node4/test1_2.mtx 1.3 85.5676 0.0457465 0.515 
/home/antonkov/masterWork/tests/samePrefixMarkedMtx/depth3/node4/test1_2.mtx 1.4 108.55 0.038287 0.43 
/home/antonkov/masterWork/tests/samePrefixMarkedMtx/depth3/node4/test1_2.mtx 1.5 100.789 0.0302894 0.343333 
/home/antonkov/masterWork/tests/samePrefixMarkedMtx/depth3/node4/test1_2.mtx 1.6 118.755 0.0232595 0.2725 
/home/antonkov/masterWork/tests/samePrefixMarkedMtx/depth3/node4/test1_2.mtx 1.7 122.31 0.0166562 0.202 
/home/antonkov/masterWork/tests/samePrefixMarkedMtx/depth3/node4/test1_2.mtx 1.8 157.225 0.01281 0.155714 
/home/antonkov/masterWork/tests/samePrefixMarkedMtx/depth3/node4/test1_2.mtx 1.9 180.912 0.00933835 0.12 
/home/antonkov/masterWork/tests/samePrefixMarkedMtx/depth3/node4/test1_2.mtx 2 220.893 0.00697627 0.09 
/home/antonkov/masterWork/tests/samePrefixMarkedMtx/depth3/node4/test1_2.mtx 2.1 281.043 0.00416377 0.0566667 
/home/antonkov/masterWork/tests/samePrefixMarkedMtx/depth3/node4/test1_2.mtx 2.2 425.802 0.00236559 0.0322581 
/home/antonkov/masterWork/tests/samePrefixMarkedMtx/depth3/node4/test1_2.mtx 2.3 511.183 0.0017481 0.0240476 
/home/antonkov/masterWork/tests/samePrefixMarkedMtx/depth3/node4/test1_2.mtx 2.4 753.504 0.00103745 0.0142857 
/home/antonkov/masterWork/tests/samePrefixMarkedMtx/depth3/node4/test1_2.mtx 2.5 1134.46 0.000598524 0.00833333 
/home/antonkov/masterWork/tests/samePrefixMarkedMtx/depth3/node4/test1_2.mtx 2.6 1813.78 0.000326029 0.0045045 
/home/antonkov/masterWork/tests/samePrefixMarkedMtx/depth3/node4/test1_2.mtx 2.7 3020.99 0.000146359 0.00236407 
/home/antonkov/masterWork/tests/samePrefixMarkedMtx/depth3/node4/test1_2.mtx 2.8 4968.83 7.68345e-05 0.00127065 
/home/antonkov/masterWork/tests/samePrefixMarkedMtx/depth3/node4/test1_2.mtx 2.9 7430.42 4.42984e-05 0.000775795 
/home/antonkov/masterWork/tests/samePrefixMarkedMtx/depth3/node4/test1_2.mtx 3 0 -1 -1 
/home/antonkov/masterWork/tests/samePrefixMarkedMtx/depth3/node4/test1_2.mtx 3.1 0 -1 -1 
/home/antonkov/masterWork/tests/samePrefixMarkedMtx/depth3/node4/test1_2.mtx 3.2 0 -1 -1 
/home/antonkov/masterWork/tests/samePrefixMarkedMtx/depth3/node4/test1_2.mtx 3.3 0 -1 -1 
/home/antonkov/masterWork/tests/samePrefixMarkedMtx/depth3/node4/test1_2.mtx 3.4 0 -1 -1 
/home/antonkov/masterWork/tests/samePrefixMarkedMtx/depth3/node4/test1_2.mtx 3.5 0 -1 -1 
/home/antonkov/masterWork/tests/samePrefixMarkedMtx/depth3/node4/test1_3.mtx 1 104.585 0.073559 0.755 
/home/antonkov/masterWork/tests/samePrefixMarkedMtx/depth3/node4/test1_3.mtx 1.1 94.9938 0.06375 0.67 
/home/antonkov/masterWork/tests/samePrefixMarkedMtx/depth3/node4/test1_3.mtx 1.2 91.7653 0.0553212 0.595 
/home/antonkov/masterWork/tests/samePrefixMarkedMtx/depth3/node4/test1_3.mtx 1.3 86.6876 0.0470833 0.52 
/home/antonkov/masterWork/tests/samePrefixMarkedMtx/depth3/node4/test1_3.mtx 1.4 107.862 0.0375579 0.426667 
/home/antonkov/masterWork/tests/samePrefixMarkedMtx/depth3/node4/test1_3.mtx 1.5 101.313 0.0302778 0.343333 
/home/antonkov/masterWork/tests/samePrefixMarkedMtx/depth3/node4/test1_3.mtx 1.6 119.111 0.0238411 0.2825 
/home/antonkov/masterWork/tests/samePrefixMarkedMtx/depth3/node4/test1_3.mtx 1.7 125.158 0.0169722 0.208 
/home/antonkov/masterWork/tests/samePrefixMarkedMtx/depth3/node4/test1_3.mtx 1.8 155.812 0.0130208 0.161429 
/home/antonkov/masterWork/tests/samePrefixMarkedMtx/depth3/node4/test1_3.mtx 1.9 175.769 0.00914931 0.113333 
/home/antonkov/masterWork/tests/samePrefixMarkedMtx/depth3/node4/test1_3.mtx 2 239.029 0.00579365 0.0728571 
/home/antonkov/masterWork/tests/samePrefixMarkedMtx/depth3/node4/test1_3.mtx 2.1 295.621 0.00395312 0.0505 
/home/antonkov/masterWork/tests/samePrefixMarkedMtx/depth3/node4/test1_3.mtx 2.2 463.921 0.00227381 0.0297143 
/home/antonkov/masterWork/tests/samePrefixMarkedMtx/depth3/node4/test1_3.mtx 2.3 635.114 0.00142689 0.0188679 
/home/antonkov/masterWork/tests/samePrefixMarkedMtx/depth3/node4/test1_3.mtx 2.4 851.253 0.000914574 0.0128205 
/home/antonkov/masterWork/tests/samePrefixMarkedMtx/depth3/node4/test1_3.mtx 2.5 1385.54 0.000514488 0.00696552 
/home/antonkov/masterWork/tests/samePrefixMarkedMtx/depth3/node4/test1_3.mtx 2.6 1924.26 0.000307988 0.00440529 
/home/antonkov/masterWork/tests/samePrefixMarkedMtx/depth3/node4/test1_3.mtx 2.7 2813.69 0.000181906 0.00261097 
/home/antonkov/masterWork/tests/samePrefixMarkedMtx/depth3/node4/test1_3.mtx 2.8 4970.58 9.10559e-05 0.00129534 
/home/antonkov/masterWork/tests/samePrefixMarkedMtx/depth3/node4/test1_3.mtx 2.9 8349.53 4.55534e-05 0.000690131 
/home/antonkov/masterWork/tests/samePrefixMarkedMtx/depth3/node4/test1_3.mtx 3 0 -1 -1 
/home/antonkov/masterWork/tests/samePrefixMarkedMtx/depth3/node4/test1_3.mtx 3.1 0 -1 -1 
/home/antonkov/masterWork/tests/samePrefixMarkedMtx/depth3/node4/test1_3.mtx 3.2 0 -1 -1 
/home/antonkov/masterWork/tests/samePrefixMarkedMtx/depth3/node4/test1_3.mtx 3.3 0 -1 -1 
/home/antonkov/masterWork/tests/samePrefixMarkedMtx/depth3/node4/test1_3.mtx 3.4 0 -1 -1 
/home/antonkov/masterWork/tests/samePrefixMarkedMtx/depth3/node4/test1_3.mtx 3.5 0 -1 -1 
/home/antonkov/masterWork/tests/samePrefixMarkedMtx/depth3/node4/test1_4.mtx 1 103.516 0.0732813 0.755 
/home/antonkov/masterWork/tests/samePrefixMarkedMtx/depth3/node4/test1_4.mtx 1.1 99.0473 0.0655208 0.685 
/home/antonkov/masterWork/tests/samePrefixMarkedMtx/depth3/node4/test1_4.mtx 1.2 88.7857 0.0570313 0.605 
/home/antonkov/masterWork/tests/samePrefixMarkedMtx/depth3/node4/test1_4.mtx 1.3 84.7874 0.0479167 0.535 
/home/antonkov/masterWork/tests/samePrefixMarkedMtx/depth3/node4/test1_4.mtx 1.4 110.72 0.0402257 0.463333 
/home/antonkov/masterWork/tests/samePrefixMarkedMtx/depth3/node4/test1_4.mtx 1.5 108.81 0.0331192 0.406667 
/home/antonkov/masterWork/tests/samePrefixMarkedMtx/depth3/node4/test1_4.mtx 1.6 118.926 0.0265104 0.32 
/home/antonkov/masterWork/tests/samePrefixMarkedMtx/depth3/node4/test1_4.mtx 1.7 126.849 0.0179549 0.226 
/home/antonkov/masterWork/tests/samePrefixMarkedMtx/depth3/node4/test1_4.mtx 1.8 139.876 0.0135677 0.176667 
/home/antonkov/masterWork/tests/samePrefixMarkedMtx/depth3/node4/test1_4.mtx 1.9 160.567 0.0101259 0.135 
/home/antonkov/masterWork/tests/samePrefixMarkedMtx/depth3/node4/test1_4.mtx 2 203.338 0.00760101 0.0990909 
/home/antonkov/masterWork/tests/samePrefixMarkedMtx/depth3/node4/test1_4.mtx 2.1 254.603 0.00469076 0.063125 
/home/antonkov/masterWork/tests/samePrefixMarkedMtx/depth3/node4/test1_4.mtx 2.2 363.947 0.00320625 0.0436 
/home/antonkov/masterWork/tests/samePrefixMarkedMtx/depth3/node4/test1_4.mtx 2.3 445.687 0.00199802 0.0285714 
/home/antonkov/masterWork/tests/samePrefixMarkedMtx/depth3/node4/test1_4.mtx 2.4 639.06 0.00131541 0.0183929 
/home/antonkov/masterWork/tests/samePrefixMarkedMtx/depth3/node4/test1_4.mtx 2.5 1001.08 0.000662105 0.00980392 
/home/antonkov/masterWork/tests/samePrefixMarkedMtx/depth3/node4/test1_4.mtx 2.6 1487.85 0.000363467 0.00584795 
/home/antonkov/masterWork/tests/samePrefixMarkedMtx/depth3/node4/test1_4.mtx 2.7 2207.23 0.000216225 0.0034965 
/home/antonkov/masterWork/tests/samePrefixMarkedMtx/depth3/node4/test1_4.mtx 2.8 3762.45 0.000104104 0.00181159 
/home/antonkov/masterWork/tests/samePrefixMarkedMtx/depth3/node4/test1_4.mtx 2.9 6833.66 5.15977e-05 0.000874126 
/home/antonkov/masterWork/tests/samePrefixMarkedMtx/depth3/node4/test1_4.mtx 3 0 -1 -1 
/home/antonkov/masterWork/tests/samePrefixMarkedMtx/depth3/node4/test1_4.mtx 3.1 0 -1 -1 
/home/antonkov/masterWork/tests/samePrefixMarkedMtx/depth3/node4/test1_4.mtx 3.2 0 -1 -1 
/home/antonkov/masterWork/tests/samePrefixMarkedMtx/depth3/node4/test1_4.mtx 3.3 0 -1 -1 
/home/antonkov/masterWork/tests/samePrefixMarkedMtx/depth3/node4/test1_4.mtx 3.4 0 -1 -1 
/home/antonkov/masterWork/tests/samePrefixMarkedMtx/depth3/node4/test1_4.mtx 3.5 0 -1 -1 
/home/antonkov/masterWork/tests/samePrefixMarkedMtx/depth3/node4/test2_0.mtx 1 107.687 0.0745052 0.79 
/home/antonkov/masterWork/tests/samePrefixMarkedMtx/depth3/node4/test2_0.mtx 1.1 98.8571 0.0644097 0.69 
/home/antonkov/masterWork/tests/samePrefixMarkedMtx/depth3/node4/test2_0.mtx 1.2 90.1808 0.0543142 0.59 
/home/antonkov/masterWork/tests/samePrefixMarkedMtx/depth3/node4/test2_0.mtx 1.3 87.3388 0.0443576 0.5 
/home/antonkov/masterWork/tests/samePrefixMarkedMtx/depth3/node4/test2_0.mtx 1.4 112.076 0.0371933 0.42 
/home/antonkov/masterWork/tests/samePrefixMarkedMtx/depth3/node4/test2_0.mtx 1.5 103.992 0.029184 0.35 
/home/antonkov/masterWork/tests/samePrefixMarkedMtx/depth3/node4/test2_0.mtx 1.6 116.378 0.0221267 0.2575 
/home/antonkov/masterWork/tests/samePrefixMarkedMtx/depth3/node4/test2_0.mtx 1.7 128.345 0.0172674 0.212 
/home/antonkov/masterWork/tests/samePrefixMarkedMtx/depth3/node4/test2_0.mtx 1.8 157.324 0.0128423 0.16 
/home/antonkov/masterWork/tests/samePrefixMarkedMtx/depth3/node4/test2_0.mtx 1.9 184.603 0.00929012 0.121111 
/home/antonkov/masterWork/tests/samePrefixMarkedMtx/depth3/node4/test2_0.mtx 2 233.366 0.00613248 0.0784615 
/home/antonkov/masterWork/tests/samePrefixMarkedMtx/depth3/node4/test2_0.mtx 2.1 309.129 0.00374653 0.051 
/home/antonkov/masterWork/tests/samePrefixMarkedMtx/depth3/node4/test2_0.mtx 2.2 412.69 0.00250347 0.0353333 
/home/antonkov/masterWork/tests/samePrefixMarkedMtx/depth3/node4/test2_0.mtx 2.3 518.679 0.00164393 0.0238095 
/home/antonkov/masterWork/tests/samePrefixMarkedMtx/depth3/node4/test2_0.mtx 2.4 828.887 0.000892406 0.012987 
/home/antonkov/masterWork/tests/samePrefixMarkedMtx/depth3/node4/test2_0.mtx 2.5 1304.49 0.000547187 0.00733813 
/home/antonkov/masterWork/tests/samePrefixMarkedMtx/depth3/node4/test2_0.mtx 2.6 1814.67 0.000320145 0.00458716 
/home/antonkov/masterWork/tests/samePrefixMarkedMtx/depth3/node4/test2_0.mtx 2.7 2599.47 0.000184138 0.00287356 
/home/antonkov/masterWork/tests/samePrefixMarkedMtx/depth3/node4/test2_0.mtx 2.8 4871.39 8.77701e-05 0.00132275 
/home/antonkov/masterWork/tests/samePrefixMarkedMtx/depth3/node4/test2_0.mtx 2.9 8384.83 4.46614e-05 0.000680735 
/home/antonkov/masterWork/tests/samePrefixMarkedMtx/depth3/node4/test2_0.mtx 3 0 -1 -1 
/home/antonkov/masterWork/tests/samePrefixMarkedMtx/depth3/node4/test2_0.mtx 3.1 0 -1 -1 
/home/antonkov/masterWork/tests/samePrefixMarkedMtx/depth3/node4/test2_0.mtx 3.2 0 -1 -1 
/home/antonkov/masterWork/tests/samePrefixMarkedMtx/depth3/node4/test2_0.mtx 3.3 0 -1 -1 
/home/antonkov/masterWork/tests/samePrefixMarkedMtx/depth3/node4/test2_0.mtx 3.4 0 -1 -1 
/home/antonkov/masterWork/tests/samePrefixMarkedMtx/depth3/node4/test2_0.mtx 3.5 0 -1 -1 
/home/antonkov/masterWork/tests/samePrefixMarkedMtx/depth3/node4/test2_1.mtx 1 108.529 0.0769271 0.795 
/home/antonkov/masterWork/tests/samePrefixMarkedMtx/depth3/node4/test2_1.mtx 1.1 99.3382 0.0659722 0.71 
/home/antonkov/masterWork/tests/samePrefixMarkedMtx/depth3/node4/test2_1.mtx 1.2 93.1081 0.0565191 0.62 
/home/antonkov/masterWork/tests/samePrefixMarkedMtx/depth3/node4/test2_1.mtx 1.3 87.2702 0.0480295 0.54 
/home/antonkov/masterWork/tests/samePrefixMarkedMtx/depth3/node4/test2_1.mtx 1.4 110.728 0.0428183 0.49 
/home/antonkov/masterWork/tests/samePrefixMarkedMtx/depth3/node4/test2_1.mtx 1.5 107.661 0.0349769 0.41 
/home/antonkov/masterWork/tests/samePrefixMarkedMtx/depth3/node4/test2_1.mtx 1.6 122.926 0.0249783 0.2975 
/home/antonkov/masterWork/tests/samePrefixMarkedMtx/depth3/node4/test2_1.mtx 1.7 130.233 0.0179792 0.216 
/home/antonkov/masterWork/tests/samePrefixMarkedMtx/depth3/node4/test2_1.mtx 1.8 143.181 0.013912 0.17 
/home/antonkov/masterWork/tests/samePrefixMarkedMtx/depth3/node4/test2_1.mtx 1.9 179.83 0.00986111 0.122222 
/home/antonkov/masterWork/tests/samePrefixMarkedMtx/depth3/node4/test2_1.mtx 2 229.221 0.00690037 0.0830769 
/home/antonkov/masterWork/tests/samePrefixMarkedMtx/depth3/node4/test2_1.mtx 2.1 268.959 0.00462214 0.0588235 
/home/antonkov/masterWork/tests/samePrefixMarkedMtx/depth3/node4/test2_1.mtx 2.2 442.297 0.00235026 0.03125 
/home/antonkov/masterWork/tests/samePrefixMarkedMtx/depth3/node4/test2_1.mtx 2.3 540.809 0.00161735 0.0227273 
/home/antonkov/masterWork/tests/samePrefixMarkedMtx/depth3/node4/test2_1.mtx 2.4 734.137 0.00106116 0.0153846 
/home/antonkov/masterWork/tests/samePrefixMarkedMtx/depth3/node4/test2_1.mtx 2.5 1111.38 0.000615406 0.00877193 
/home/antonkov/masterWork/tests/samePrefixMarkedMtx/depth3/node4/test2_1.mtx 2.6 1709.94 0.000351203 0.00487805 
/home/antonkov/masterWork/tests/samePrefixMarkedMtx/depth3/node4/test2_1.mtx 2.7 2527.75 0.000197476 0.00294985 
/home/antonkov/masterWork/tests/samePrefixMarkedMtx/depth3/node4/test2_1.mtx 2.8 3712.32 0.000113822 0.00178253 
/home/antonkov/masterWork/tests/samePrefixMarkedMtx/depth3/node4/test2_1.mtx 2.9 7723.36 4.31152e-05 0.000753012 
/home/antonkov/masterWork/tests/samePrefixMarkedMtx/depth3/node4/test2_1.mtx 3 0 -1 -1 
/home/antonkov/masterWork/tests/samePrefixMarkedMtx/depth3/node4/test2_1.mtx 3.1 0 -1 -1 
/home/antonkov/masterWork/tests/samePrefixMarkedMtx/depth3/node4/test2_1.mtx 3.2 0 -1 -1 
/home/antonkov/masterWork/tests/samePrefixMarkedMtx/depth3/node4/test2_1.mtx 3.3 0 -1 -1 
/home/antonkov/masterWork/tests/samePrefixMarkedMtx/depth3/node4/test2_1.mtx 3.4 0 -1 -1 
/home/antonkov/masterWork/tests/samePrefixMarkedMtx/depth3/node4/test2_1.mtx 3.5 0 -1 -1 
/home/antonkov/masterWork/tests/samePrefixMarkedMtx/depth3/node4/test2_2.mtx 1 103.305 0.0719965 0.75 
/home/antonkov/masterWork/tests/samePrefixMarkedMtx/depth3/node4/test2_2.mtx 1.1 99.4088 0.063776 0.7 
/home/antonkov/masterWork/tests/samePrefixMarkedMtx/depth3/node4/test2_2.mtx 1.2 94.8318 0.0553125 0.635 
/home/antonkov/masterWork/tests/samePrefixMarkedMtx/depth3/node4/test2_2.mtx 1.3 87.6275 0.0461372 0.53 
/home/antonkov/masterWork/tests/samePrefixMarkedMtx/depth3/node4/test2_2.mtx 1.4 112.927 0.0377257 0.476667 
/home/antonkov/masterWork/tests/samePrefixMarkedMtx/depth3/node4/test2_2.mtx 1.5 108.185 0.0284606 0.366667 
/home/antonkov/masterWork/tests/samePrefixMarkedMtx/depth3/node4/test2_2.mtx 1.6 122.972 0.0205556 0.295 
/home/antonkov/masterWork/tests/samePrefixMarkedMtx/depth3/node4/test2_2.mtx 1.7 135.935 0.0156667 0.232 
/home/antonkov/masterWork/tests/samePrefixMarkedMtx/depth3/node4/test2_2.mtx 1.8 145.946 0.0117679 0.196667 
/home/antonkov/masterWork/tests/samePrefixMarkedMtx/depth3/node4/test2_2.mtx 1.9 156.615 0.00850694 0.147143 
/home/antonkov/masterWork/tests/samePrefixMarkedMtx/depth3/node4/test2_2.mtx 2 160.487 0.00646267 0.125 
/home/antonkov/masterWork/tests/samePrefixMarkedMtx/depth3/node4/test2_2.mtx 2.1 184.765 0.00482812 0.102 
/home/antonkov/masterWork/tests/samePrefixMarkedMtx/depth3/node4/test2_2.mtx 2.2 234.587 0.00267857 0.0757143 
/home/antonkov/masterWork/tests/samePrefixMarkedMtx/depth3/node4/test2_2.mtx 2.3 275.707 0.00152681 0.0566667 
/home/antonkov/masterWork/tests/samePrefixMarkedMtx/depth3/node4/test2_2.mtx 2.4 290.65 0.0010119 0.0485714 
/home/antonkov/masterWork/tests/samePrefixMarkedMtx/depth3/node4/test2_2.mtx 2.5 337.434 0.000758102 0.0425 
/home/antonkov/masterWork/tests/samePrefixMarkedMtx/depth3/node4/test2_2.mtx 2.6 359.518 0.000512452 0.0344828 
/home/antonkov/masterWork/tests/samePrefixMarkedMtx/depth3/node4/test2_2.mtx 2.7 394.404 0.000365109 0.0312121 
/home/antonkov/masterWork/tests/samePrefixMarkedMtx/depth3/node4/test2_2.mtx 2.8 402.448 0.000323909 0.0288571 
/home/antonkov/masterWork/tests/samePrefixMarkedMtx/depth3/node4/test2_2.mtx 2.9 498.889 0.000176866 0.02125 
/home/antonkov/masterWork/tests/samePrefixMarkedMtx/depth3/node4/test2_2.mtx 3 512.326 0.000150908 0.0192308 
/home/antonkov/masterWork/tests/samePrefixMarkedMtx/depth3/node4/test2_2.mtx 3.1 547.305 0.000140129 0.0182143 
/home/antonkov/masterWork/tests/samePrefixMarkedMtx/depth3/node4/test2_2.mtx 3.2 585.221 0.000115831 0.015625 
/home/antonkov/masterWork/tests/samePrefixMarkedMtx/depth3/node4/test2_2.mtx 3.3 660.488 9.4697e-05 0.012987 
/home/antonkov/masterWork/tests/samePrefixMarkedMtx/depth3/node4/test2_2.mtx 3.4 753.131 7.97872e-05 0.0106383 
/home/antonkov/masterWork/tests/samePrefixMarkedMtx/depth3/node4/test2_2.mtx 3.5 797.466 7.04365e-05 0.00961905 
/home/antonkov/masterWork/tests/samePrefixMarkedMtx/depth3/node4/test2_3.mtx 1 108.646 0.0746615 0.785 
/home/antonkov/masterWork/tests/samePrefixMarkedMtx/depth3/node4/test2_3.mtx 1.1 101.228 0.0655122 0.71 
/home/antonkov/masterWork/tests/samePrefixMarkedMtx/depth3/node4/test2_3.mtx 1.2 94.9716 0.0552517 0.605 
/home/antonkov/masterWork/tests/samePrefixMarkedMtx/depth3/node4/test2_3.mtx 1.3 87.5019 0.0471962 0.52 
/home/antonkov/masterWork/tests/samePrefixMarkedMtx/depth3/node4/test2_3.mtx 1.4 107.781 0.0375231 0.423333 
/home/antonkov/masterWork/tests/samePrefixMarkedMtx/depth3/node4/test2_3.mtx 1.5 104.144 0.0321065 0.373333 
/home/antonkov/masterWork/tests/samePrefixMarkedMtx/depth3/node4/test2_3.mtx 1.6 119.491 0.0252083 0.3025 
/home/antonkov/masterWork/tests/samePrefixMarkedMtx/depth3/node4/test2_3.mtx 1.7 127.917 0.0180521 0.216 
/home/antonkov/masterWork/tests/samePrefixMarkedMtx/depth3/node4/test2_3.mtx 1.8 138.687 0.0152807 0.186667 
/home/antonkov/masterWork/tests/samePrefixMarkedMtx/depth3/node4/test2_3.mtx 1.9 171.006 0.0109549 0.13875 
/home/antonkov/masterWork/tests/samePrefixMarkedMtx/depth3/node4/test2_3.mtx 2 182.186 0.00781424 0.103 
/home/antonkov/masterWork/tests/samePrefixMarkedMtx/depth3/node4/test2_3.mtx 2.1 256.028 0.00499891 0.065625 
/home/antonkov/masterWork/tests/samePrefixMarkedMtx/depth3/node4/test2_3.mtx 2.2 367.011 0.0028726 0.0384615 
/home/antonkov/masterWork/tests/samePrefixMarkedMtx/depth3/node4/test2_3.mtx 2.3 501.837 0.00180295 0.02575 
/home/antonkov/masterWork/tests/samePrefixMarkedMtx/depth3/node4/test2_3.mtx 2.4 809.475 0.00102577 0.0142254 
/home/antonkov/masterWork/tests/samePrefixMarkedMtx/depth3/node4/test2_3.mtx 2.5 1150.28 0.000570394 0.00863248 
/home/antonkov/masterWork/tests/samePrefixMarkedMtx/depth3/node4/test2_3.mtx 2.6 1756.69 0.000329355 0.00485437 
/home/antonkov/masterWork/tests/samePrefixMarkedMtx/depth3/node4/test2_3.mtx 2.7 2548.04 0.000188011 0.00294118 
/home/antonkov/masterWork/tests/samePrefixMarkedMtx/depth3/node4/test2_3.mtx 2.8 4143.77 0.000100318 0.00161085 
/home/antonkov/masterWork/tests/samePrefixMarkedMtx/depth3/node4/test2_3.mtx 2.9 6668.72 5.3906e-05 0.000874891 
/home/antonkov/masterWork/tests/samePrefixMarkedMtx/depth3/node4/test2_3.mtx 3 0 -1 -1 
/home/antonkov/masterWork/tests/samePrefixMarkedMtx/depth3/node4/test2_3.mtx 3.1 0 -1 -1 
/home/antonkov/masterWork/tests/samePrefixMarkedMtx/depth3/node4/test2_3.mtx 3.2 0 -1 -1 
/home/antonkov/masterWork/tests/samePrefixMarkedMtx/depth3/node4/test2_3.mtx 3.3 0 -1 -1 
/home/antonkov/masterWork/tests/samePrefixMarkedMtx/depth3/node4/test2_3.mtx 3.4 0 -1 -1 
/home/antonkov/masterWork/tests/samePrefixMarkedMtx/depth3/node4/test2_3.mtx 3.5 0 -1 -1 
/home/antonkov/masterWork/tests/samePrefixMarkedMtx/depth3/node4/test2_4.mtx 1 105.928 0.0764149 0.775 
/home/antonkov/masterWork/tests/samePrefixMarkedMtx/depth3/node4/test2_4.mtx 1.1 101.825 0.0664931 0.705 
/home/antonkov/masterWork/tests/samePrefixMarkedMtx/depth3/node4/test2_4.mtx 1.2 93.3647 0.0551042 0.595 
/home/antonkov/masterWork/tests/samePrefixMarkedMtx/depth3/node4/test2_4.mtx 1.3 90.5082 0.0472049 0.535 
/home/antonkov/masterWork/tests/samePrefixMarkedMtx/depth3/node4/test2_4.mtx 1.4 113.282 0.0379745 0.433333 
/home/antonkov/masterWork/tests/samePrefixMarkedMtx/depth3/node4/test2_4.mtx 1.5 107.526 0.0327894 0.373333 
/home/antonkov/masterWork/tests/samePrefixMarkedMtx/depth3/node4/test2_4.mtx 1.6 124.307 0.0237587 0.295 
/home/antonkov/masterWork/tests/samePrefixMarkedMtx/depth3/node4/test2_4.mtx 1.7 128.277 0.0172535 0.23 
/home/antonkov/masterWork/tests/samePrefixMarkedMtx/depth3/node4/test2_4.mtx 1.8 159.321 0.013244 0.164286 
/home/antonkov/masterWork/tests/samePrefixMarkedMtx/depth3/node4/test2_4.mtx 1.9 180.401 0.00974537 0.12 
/home/antonkov/masterWork/tests/samePrefixMarkedMtx/depth3/node4/test2_4.mtx 2 221.802 0.00679253 0.0908333 
/home/antonkov/masterWork/tests/samePrefixMarkedMtx/depth3/node4/test2_4.mtx 2.1 281.402 0.00415895 0.0561111 
/home/antonkov/masterWork/tests/samePrefixMarkedMtx/depth3/node4/test2_4.mtx 2.2 384.959 0.00280607 0.0374074 
/home/antonkov/masterWork/tests/samePrefixMarkedMtx/depth3/node4/test2_4.mtx 2.3 455.07 0.00199256 0.0291429 
/home/antonkov/masterWork/tests/samePrefixMarkedMtx/depth3/node4/test2_4.mtx 2.4 639.923 0.00119824 0.0185185 
/home/antonkov/masterWork/tests/samePrefixMarkedMtx/depth3/node4/test2_4.mtx 2.5 1078.66 0.000640525 0.00961538 
/home/antonkov/masterWork/tests/samePrefixMarkedMtx/depth3/node4/test2_4.mtx 2.6 1891.42 0.000308262 0.00469484 
/home/antonkov/masterWork/tests/samePrefixMarkedMtx/depth3/node4/test2_4.mtx 2.7 2759.38 0.000187972 0.00286119 
/home/antonkov/masterWork/tests/samePrefixMarkedMtx/depth3/node4/test2_4.mtx 2.8 4114.43 0.000113841 0.0016835 
/home/antonkov/masterWork/tests/samePrefixMarkedMtx/depth3/node4/test2_4.mtx 2.9 6553.59 5.5714e-05 0.00095057 
/home/antonkov/masterWork/tests/samePrefixMarkedMtx/depth3/node4/test2_4.mtx 3 0 -1 -1 
/home/antonkov/masterWork/tests/samePrefixMarkedMtx/depth3/node4/test2_4.mtx 3.1 0 -1 -1 
/home/antonkov/masterWork/tests/samePrefixMarkedMtx/depth3/node4/test2_4.mtx 3.2 0 -1 -1 
/home/antonkov/masterWork/tests/samePrefixMarkedMtx/depth3/node4/test2_4.mtx 3.3 0 -1 -1 
/home/antonkov/masterWork/tests/samePrefixMarkedMtx/depth3/node4/test2_4.mtx 3.4 0 -1 -1 
/home/antonkov/masterWork/tests/samePrefixMarkedMtx/depth3/node4/test2_4.mtx 3.5 0 -1 -1 
/home/antonkov/masterWork/tests/samePrefixMarkedMtx/depth3/node4/test3_0.mtx 1 101.466 0.0751823 0.745 
/home/antonkov/masterWork/tests/samePrefixMarkedMtx/depth3/node4/test3_0.mtx 1.1 92.8675 0.0650781 0.655 
/home/antonkov/masterWork/tests/samePrefixMarkedMtx/depth3/node4/test3_0.mtx 1.2 88.9668 0.0549132 0.575 
/home/antonkov/masterWork/tests/samePrefixMarkedMtx/depth3/node4/test3_0.mtx 1.3 82.5176 0.047526 0.505 
/home/antonkov/masterWork/tests/samePrefixMarkedMtx/depth3/node4/test3_0.mtx 1.4 105.297 0.0368056 0.416667 
/home/antonkov/masterWork/tests/samePrefixMarkedMtx/depth3/node4/test3_0.mtx 1.5 125.92 0.0271918 0.32 
/home/antonkov/masterWork/tests/samePrefixMarkedMtx/depth3/node4/test3_0.mtx 1.6 132.153 0.0209896 0.242 
/home/antonkov/masterWork/tests/samePrefixMarkedMtx/depth3/node4/test3_0.mtx 1.7 141.345 0.015353 0.178333 
/home/antonkov/masterWork/tests/samePrefixMarkedMtx/depth3/node4/test3_0.mtx 1.8 172.433 0.0117101 0.145 
/home/antonkov/masterWork/tests/samePrefixMarkedMtx/depth3/node4/test3_0.mtx 1.9 191.664 0.00869097 0.109 
/home/antonkov/masterWork/tests/samePrefixMarkedMtx/depth3/node4/test3_0.mtx 2 234.259 0.00570065 0.0721429 
/home/antonkov/masterWork/tests/samePrefixMarkedMtx/depth3/node4/test3_0.mtx 2.1 304.533 0.00415625 0.053 
/home/antonkov/masterWork/tests/samePrefixMarkedMtx/depth3/node4/test3_0.mtx 2.2 400.881 0.00264931 0.0333333 
/home/antonkov/masterWork/tests/samePrefixMarkedMtx/depth3/node4/test3_0.mtx 2.3 522.204 0.00164971 0.0232558 
/home/antonkov/masterWork/tests/samePrefixMarkedMtx/depth3/node4/test3_0.mtx 2.4 832.583 0.000947293 0.0128205 
/home/antonkov/masterWork/tests/samePrefixMarkedMtx/depth3/node4/test3_0.mtx 2.5 1241.24 0.000517439 0.00759399 
/home/antonkov/masterWork/tests/samePrefixMarkedMtx/depth3/node4/test3_0.mtx 2.6 1987.06 0.000282697 0.00416667 
/home/antonkov/masterWork/tests/samePrefixMarkedMtx/depth3/node4/test3_0.mtx 2.7 2658.17 0.000174424 0.00275482 
/home/antonkov/masterWork/tests/samePrefixMarkedMtx/depth3/node4/test3_0.mtx 2.8 4873.39 8.15995e-05 0.00130378 
/home/antonkov/masterWork/tests/samePrefixMarkedMtx/depth3/node4/test3_0.mtx 2.9 8709.74 3.80936e-05 0.000645161 
/home/antonkov/masterWork/tests/samePrefixMarkedMtx/depth3/node4/test3_0.mtx 3 0 -1 -1 
/home/antonkov/masterWork/tests/samePrefixMarkedMtx/depth3/node4/test3_0.mtx 3.1 0 -1 -1 
/home/antonkov/masterWork/tests/samePrefixMarkedMtx/depth3/node4/test3_0.mtx 3.2 0 -1 -1 
/home/antonkov/masterWork/tests/samePrefixMarkedMtx/depth3/node4/test3_0.mtx 3.3 0 -1 -1 
/home/antonkov/masterWork/tests/samePrefixMarkedMtx/depth3/node4/test3_0.mtx 3.4 0 -1 -1 
/home/antonkov/masterWork/tests/samePrefixMarkedMtx/depth3/node4/test3_0.mtx 3.5 0 -1 -1 
/home/antonkov/masterWork/tests/samePrefixMarkedMtx/depth3/node4/test3_1.mtx 1 104.262 0.0742621 0.755 
/home/antonkov/masterWork/tests/samePrefixMarkedMtx/depth3/node4/test3_1.mtx 1.1 96.9044 0.0670312 0.71 
/home/antonkov/masterWork/tests/samePrefixMarkedMtx/depth3/node4/test3_1.mtx 1.2 92.3352 0.0574306 0.635 
/home/antonkov/masterWork/tests/samePrefixMarkedMtx/depth3/node4/test3_1.mtx 1.3 85.1701 0.0457813 0.515 
/home/antonkov/masterWork/tests/samePrefixMarkedMtx/depth3/node4/test3_1.mtx 1.4 106.836 0.0371991 0.406667 
/home/antonkov/masterWork/tests/samePrefixMarkedMtx/depth3/node4/test3_1.mtx 1.5 128.31 0.0295877 0.34 
/home/antonkov/masterWork/tests/samePrefixMarkedMtx/depth3/node4/test3_1.mtx 1.6 114.625 0.022309 0.2625 
/home/antonkov/masterWork/tests/samePrefixMarkedMtx/depth3/node4/test3_1.mtx 1.7 141.707 0.0174363 0.196667 
/home/antonkov/masterWork/tests/samePrefixMarkedMtx/depth3/node4/test3_1.mtx 1.8 152.618 0.0132465 0.155714 
/home/antonkov/masterWork/tests/samePrefixMarkedMtx/depth3/node4/test3_1.mtx 1.9 195.387 0.00925 0.113 
/home/antonkov/masterWork/tests/samePrefixMarkedMtx/depth3/node4/test3_1.mtx 2 234.063 0.00617808 0.0792857 
/home/antonkov/masterWork/tests/samePrefixMarkedMtx/depth3/node4/test3_1.mtx 2.1 314.348 0.00363013 0.05 
/home/antonkov/masterWork/tests/samePrefixMarkedMtx/depth3/node4/test3_1.mtx 2.2 425.296 0.00216846 0.0325806 
/home/antonkov/masterWork/tests/samePrefixMarkedMtx/depth3/node4/test3_1.mtx 2.3 695.392 0.00112335 0.0165574 
/home/antonkov/masterWork/tests/samePrefixMarkedMtx/depth3/node4/test3_1.mtx 2.4 970.9 0.000719298 0.0105263 
/home/antonkov/masterWork/tests/samePrefixMarkedMtx/depth3/node4/test3_1.mtx 2.5 1536.51 0.000401425 0.00581395 
/home/antonkov/masterWork/tests/samePrefixMarkedMtx/depth3/node4/test3_1.mtx 2.6 2206.04 0.000227495 0.0037037 
/home/antonkov/masterWork/tests/samePrefixMarkedMtx/depth3/node4/test3_1.mtx 2.7 3633.22 0.000113676 0.00194932 
/home/antonkov/masterWork/tests/samePrefixMarkedMtx/depth3/node4/test3_1.mtx 2.8 5267.67 7.53644e-05 0.00120919 
/home/antonkov/masterWork/tests/samePrefixMarkedMtx/depth3/node4/test3_1.mtx 2.9 9165.85 3.82771e-05 0.000626174 
/home/antonkov/masterWork/tests/samePrefixMarkedMtx/depth3/node4/test3_1.mtx 3 0 -1 -1 
/home/antonkov/masterWork/tests/samePrefixMarkedMtx/depth3/node4/test3_1.mtx 3.1 0 -1 -1 
/home/antonkov/masterWork/tests/samePrefixMarkedMtx/depth3/node4/test3_1.mtx 3.2 0 -1 -1 
/home/antonkov/masterWork/tests/samePrefixMarkedMtx/depth3/node4/test3_1.mtx 3.3 0 -1 -1 
/home/antonkov/masterWork/tests/samePrefixMarkedMtx/depth3/node4/test3_1.mtx 3.4 0 -1 -1 
/home/antonkov/masterWork/tests/samePrefixMarkedMtx/depth3/node4/test3_1.mtx 3.5 0 -1 -1 
/home/antonkov/masterWork/tests/samePrefixMarkedMtx/depth3/node4/test3_2.mtx 1 97.1393 0.0714497 0.72 
/home/antonkov/masterWork/tests/samePrefixMarkedMtx/depth3/node4/test3_2.mtx 1.1 94.7783 0.0637413 0.675 
/home/antonkov/masterWork/tests/samePrefixMarkedMtx/depth3/node4/test3_2.mtx 1.2 91.0851 0.0523524 0.585 
/home/antonkov/masterWork/tests/samePrefixMarkedMtx/depth3/node4/test3_2.mtx 1.3 85.1575 0.0442448 0.515 
/home/antonkov/masterWork/tests/samePrefixMarkedMtx/depth3/node4/test3_2.mtx 1.4 108.098 0.033015 0.393333 
/home/antonkov/masterWork/tests/samePrefixMarkedMtx/depth3/node4/test3_2.mtx 1.5 120.089 0.0248351 0.285 
/home/antonkov/masterWork/tests/samePrefixMarkedMtx/depth3/node4/test3_2.mtx 1.6 134.234 0.0203958 0.24 
/home/antonkov/masterWork/tests/samePrefixMarkedMtx/depth3/node4/test3_2.mtx 1.7 141.59 0.0142274 0.168333 
/home/antonkov/masterWork/tests/samePrefixMarkedMtx/depth3/node4/test3_2.mtx 1.8 183.441 0.0103356 0.126667 
/home/antonkov/masterWork/tests/samePrefixMarkedMtx/depth3/node4/test3_2.mtx 1.9 184.808 0.00876736 0.11 
/home/antonkov/masterWork/tests/samePrefixMarkedMtx/depth3/node4/test3_2.mtx 2 204.923 0.00643084 0.0841667 
/home/antonkov/masterWork/tests/samePrefixMarkedMtx/depth3/node4/test3_2.mtx 2.1 273.503 0.00420042 0.0555556 
/home/antonkov/masterWork/tests/samePrefixMarkedMtx/depth3/node4/test3_2.mtx 2.2 405.484 0.00258262 0.0348276 
/home/antonkov/masterWork/tests/samePrefixMarkedMtx/depth3/node4/test3_2.mtx 2.3 612.062 0.00146285 0.0206 
/home/antonkov/masterWork/tests/samePrefixMarkedMtx/depth3/node4/test3_2.mtx 2.4 775.92 0.000951244 0.0138889 
/home/antonkov/masterWork/tests/samePrefixMarkedMtx/depth3/node4/test3_2.mtx 2.5 1432.96 0.000419803 0.00645161 
/home/antonkov/masterWork/tests/samePrefixMarkedMtx/depth3/node4/test3_2.mtx 2.6 2194.34 0.00023588 0.00372694 
/home/antonkov/masterWork/tests/samePrefixMarkedMtx/depth3/node4/test3_2.mtx 2.7 3041.53 0.000155093 0.00240476 
/home/antonkov/masterWork/tests/samePrefixMarkedMtx/depth3/node4/test3_2.mtx 2.8 4450.15 0.000100206 0.00148148 
/home/antonkov/masterWork/tests/samePrefixMarkedMtx/depth3/node4/test3_2.mtx 2.9 7978.19 4.90426e-05 0.000726744 
/home/antonkov/masterWork/tests/samePrefixMarkedMtx/depth3/node4/test3_2.mtx 3 0 -1 -1 
/home/antonkov/masterWork/tests/samePrefixMarkedMtx/depth3/node4/test3_2.mtx 3.1 0 -1 -1 
/home/antonkov/masterWork/tests/samePrefixMarkedMtx/depth3/node4/test3_2.mtx 3.2 0 -1 -1 
/home/antonkov/masterWork/tests/samePrefixMarkedMtx/depth3/node4/test3_2.mtx 3.3 0 -1 -1 
/home/antonkov/masterWork/tests/samePrefixMarkedMtx/depth3/node4/test3_2.mtx 3.4 0 -1 -1 
/home/antonkov/masterWork/tests/samePrefixMarkedMtx/depth3/node4/test3_2.mtx 3.5 0 -1 -1 
/home/antonkov/masterWork/tests/samePrefixMarkedMtx/depth3/node4/test3_3.mtx 1 104.239 0.0757552 0.795 
/home/antonkov/masterWork/tests/samePrefixMarkedMtx/depth3/node4/test3_3.mtx 1.1 98.3991 0.0647135 0.7 
/home/antonkov/masterWork/tests/samePrefixMarkedMtx/depth3/node4/test3_3.mtx 1.2 89.9934 0.054592 0.61 
/home/antonkov/masterWork/tests/samePrefixMarkedMtx/depth3/node4/test3_3.mtx 1.3 86.5125 0.0441319 0.51 
/home/antonkov/masterWork/tests/samePrefixMarkedMtx/depth3/node4/test3_3.mtx 1.4 104.898 0.0350289 0.413333 
/home/antonkov/masterWork/tests/samePrefixMarkedMtx/depth3/node4/test3_3.mtx 1.5 125.111 0.0270269 0.32 
/home/antonkov/masterWork/tests/samePrefixMarkedMtx/depth3/node4/test3_3.mtx 1.6 114.048 0.0209462 0.2625 
/home/antonkov/masterWork/tests/samePrefixMarkedMtx/depth3/node4/test3_3.mtx 1.7 142.994 0.0161516 0.2 
/home/antonkov/masterWork/tests/samePrefixMarkedMtx/depth3/node4/test3_3.mtx 1.8 157.15 0.0117783 0.147143 
/home/antonkov/masterWork/tests/samePrefixMarkedMtx/depth3/node4/test3_3.mtx 1.9 181.094 0.00858796 0.112222 
/home/antonkov/masterWork/tests/samePrefixMarkedMtx/depth3/node4/test3_3.mtx 2 237.009 0.00580357 0.0778571 
/home/antonkov/masterWork/tests/samePrefixMarkedMtx/depth3/node4/test3_3.mtx 2.1 315.225 0.00350446 0.0480952 
/home/antonkov/masterWork/tests/samePrefixMarkedMtx/depth3/node4/test3_3.mtx 2.2 517.688 0.00192491 0.0255 
/home/antonkov/masterWork/tests/samePrefixMarkedMtx/depth3/node4/test3_3.mtx 2.3 766.213 0.00107955 0.0151515 
/home/antonkov/masterWork/tests/samePrefixMarkedMtx/depth3/node4/test3_3.mtx 2.4 976.87 0.000742565 0.0108696 
/home/antonkov/masterWork/tests/samePrefixMarkedMtx/depth3/node4/test3_3.mtx 2.5 1381.94 0.000484914 0.00689655 
/home/antonkov/masterWork/tests/samePrefixMarkedMtx/depth3/node4/test3_3.mtx 2.6 2084.98 0.000264093 0.00392157 
/home/antonkov/masterWork/tests/samePrefixMarkedMtx/depth3/node4/test3_3.mtx 2.7 3296.21 0.000144931 0.00220264 
/home/antonkov/masterWork/tests/samePrefixMarkedMtx/depth3/node4/test3_3.mtx 2.8 4375.64 9.55891e-05 0.00148368 
/home/antonkov/masterWork/tests/samePrefixMarkedMtx/depth3/node4/test3_3.mtx 2.9 6967.12 5.01251e-05 0.000841751 
/home/antonkov/masterWork/tests/samePrefixMarkedMtx/depth3/node4/test3_3.mtx 3 0 -1 -1 
/home/antonkov/masterWork/tests/samePrefixMarkedMtx/depth3/node4/test3_3.mtx 3.1 0 -1 -1 
/home/antonkov/masterWork/tests/samePrefixMarkedMtx/depth3/node4/test3_3.mtx 3.2 0 -1 -1 
/home/antonkov/masterWork/tests/samePrefixMarkedMtx/depth3/node4/test3_3.mtx 3.3 0 -1 -1 
/home/antonkov/masterWork/tests/samePrefixMarkedMtx/depth3/node4/test3_3.mtx 3.4 0 -1 -1 
/home/antonkov/masterWork/tests/samePrefixMarkedMtx/depth3/node4/test3_3.mtx 3.5 0 -1 -1 
/home/antonkov/masterWork/tests/samePrefixMarkedMtx/depth3/node4/test3_4.mtx 1 99.7013 0.0713108 0.72 
/home/antonkov/masterWork/tests/samePrefixMarkedMtx/depth3/node4/test3_4.mtx 1.1 91.2927 0.0644792 0.675 
/home/antonkov/masterWork/tests/samePrefixMarkedMtx/depth3/node4/test3_4.mtx 1.2 89.0863 0.0540885 0.575 
/home/antonkov/masterWork/tests/samePrefixMarkedMtx/depth3/node4/test3_4.mtx 1.3 84.9795 0.0468576 0.51 
/home/antonkov/masterWork/tests/samePrefixMarkedMtx/depth3/node4/test3_4.mtx 1.4 104.631 0.0377662 0.426667 
/home/antonkov/masterWork/tests/samePrefixMarkedMtx/depth3/node4/test3_4.mtx 1.5 101.986 0.0302315 0.346667 
/home/antonkov/masterWork/tests/samePrefixMarkedMtx/depth3/node4/test3_4.mtx 1.6 116.599 0.0228776 0.275 
/home/antonkov/masterWork/tests/samePrefixMarkedMtx/depth3/node4/test3_4.mtx 1.7 126.202 0.0168437 0.206 
/home/antonkov/masterWork/tests/samePrefixMarkedMtx/depth3/node4/test3_4.mtx 1.8 136.257 0.0142188 0.175 
/home/antonkov/masterWork/tests/samePrefixMarkedMtx/depth3/node4/test3_4.mtx 1.9 177.458 0.00953897 0.118889 
/home/antonkov/masterWork/tests/samePrefixMarkedMtx/depth3/node4/test3_4.mtx 2 214.28 0.00635561 0.085 
/home/antonkov/masterWork/tests/samePrefixMarkedMtx/depth3/node4/test3_4.mtx 2.1 297.963 0.0040095 0.0536842 
/home/antonkov/masterWork/tests/samePrefixMarkedMtx/depth3/node4/test3_4.mtx 2.2 456.941 0.00219539 0.0306061 
/home/antonkov/masterWork/tests/samePrefixMarkedMtx/depth3/node4/test3_4.mtx 2.3 624.996 0.00140792 0.0192308 
/home/antonkov/masterWork/tests/samePrefixMarkedMtx/depth3/node4/test3_4.mtx 2.4 830.692 0.000951891 0.0131579 
/home/antonkov/masterWork/tests/samePrefixMarkedMtx/depth3/node4/test3_4.mtx 2.5 1334.61 0.000483649 0.00716312 
/home/antonkov/masterWork/tests/samePrefixMarkedMtx/depth3/node4/test3_4.mtx 2.6 1860.74 0.000294432 0.00452489 
/home/antonkov/masterWork/tests/samePrefixMarkedMtx/depth3/node4/test3_4.mtx 2.7 2700.44 0.000175691 0.00278552 
/home/antonkov/masterWork/tests/samePrefixMarkedMtx/depth3/node4/test3_4.mtx 2.8 4406.14 9.24798e-05 0.00149925 
/home/antonkov/masterWork/tests/samePrefixMarkedMtx/depth3/node4/test3_4.mtx 2.9 8090.39 4.60271e-05 0.000726744 
/home/antonkov/masterWork/tests/samePrefixMarkedMtx/depth3/node4/test3_4.mtx 3 0 -1 -1 
/home/antonkov/masterWork/tests/samePrefixMarkedMtx/depth3/node4/test3_4.mtx 3.1 0 -1 -1 
/home/antonkov/masterWork/tests/samePrefixMarkedMtx/depth3/node4/test3_4.mtx 3.2 0 -1 -1 
/home/antonkov/masterWork/tests/samePrefixMarkedMtx/depth3/node4/test3_4.mtx 3.3 0 -1 -1 
/home/antonkov/masterWork/tests/samePrefixMarkedMtx/depth3/node4/test3_4.mtx 3.4 0 -1 -1 
/home/antonkov/masterWork/tests/samePrefixMarkedMtx/depth3/node4/test3_4.mtx 3.5 0 -1 -1 
