Results
Filename SNR Time(ms) BER FER
/home/antonkov/masterWork/tests/samePrefixMarkedMtx/depth3/node5/test0_0.mtx 1 125.472 0.0771181 0.79 
/home/antonkov/masterWork/tests/samePrefixMarkedMtx/depth3/node5/test0_0.mtx 1.1 107.472 0.068125 0.71 
/home/antonkov/masterWork/tests/samePrefixMarkedMtx/depth3/node5/test0_0.mtx 1.2 100.764 0.0582292 0.63 
/home/antonkov/masterWork/tests/samePrefixMarkedMtx/depth3/node5/test0_0.mtx 1.3 90.677 0.0525694 0.605 
/home/antonkov/masterWork/tests/samePrefixMarkedMtx/depth3/node5/test0_0.mtx 1.4 113.661 0.0391609 0.456667 
/home/antonkov/masterWork/tests/samePrefixMarkedMtx/depth3/node5/test0_0.mtx 1.5 105.321 0.0314468 0.37 
/home/antonkov/masterWork/tests/samePrefixMarkedMtx/depth3/node5/test0_0.mtx 1.6 119.784 0.02398 0.2725 
/home/antonkov/masterWork/tests/samePrefixMarkedMtx/depth3/node5/test0_0.mtx 1.7 139.936 0.0180278 0.214 
/home/antonkov/masterWork/tests/samePrefixMarkedMtx/depth3/node5/test0_0.mtx 1.8 144.933 0.0149103 0.178333 
/home/antonkov/masterWork/tests/samePrefixMarkedMtx/depth3/node5/test0_0.mtx 1.9 186.63 0.00976466 0.126667 
/home/antonkov/masterWork/tests/samePrefixMarkedMtx/depth3/node5/test0_0.mtx 2 219.115 0.00633102 0.085 
/home/antonkov/masterWork/tests/samePrefixMarkedMtx/depth3/node5/test0_0.mtx 2.1 269.298 0.00457925 0.0605882 
/home/antonkov/masterWork/tests/samePrefixMarkedMtx/depth3/node5/test0_0.mtx 2.2 385.175 0.0027707 0.0381481 
/home/antonkov/masterWork/tests/samePrefixMarkedMtx/depth3/node5/test0_0.mtx 2.3 487.085 0.00188277 0.0263158 
/home/antonkov/masterWork/tests/samePrefixMarkedMtx/depth3/node5/test0_0.mtx 2.4 748.115 0.00104113 0.0153846 
/home/antonkov/masterWork/tests/samePrefixMarkedMtx/depth3/node5/test0_0.mtx 2.5 1126.6 0.000603657 0.0093578 
/home/antonkov/masterWork/tests/samePrefixMarkedMtx/depth3/node5/test0_0.mtx 2.6 1740.46 0.000331553 0.00517949 
/home/antonkov/masterWork/tests/samePrefixMarkedMtx/depth3/node5/test0_0.mtx 2.7 2460.69 0.000196331 0.00321543 
/home/antonkov/masterWork/tests/samePrefixMarkedMtx/depth3/node5/test0_0.mtx 2.8 3192.73 0.000123016 0.0021978 
/home/antonkov/masterWork/tests/samePrefixMarkedMtx/depth3/node5/test0_0.mtx 2.9 6608.88 5.69031e-05 0.000944287 
/home/antonkov/masterWork/tests/samePrefixMarkedMtx/depth3/node5/test0_0.mtx 3 0 -1 -1 
/home/antonkov/masterWork/tests/samePrefixMarkedMtx/depth3/node5/test0_0.mtx 3.1 0 -1 -1 
/home/antonkov/masterWork/tests/samePrefixMarkedMtx/depth3/node5/test0_0.mtx 3.2 0 -1 -1 
/home/antonkov/masterWork/tests/samePrefixMarkedMtx/depth3/node5/test0_0.mtx 3.3 0 -1 -1 
/home/antonkov/masterWork/tests/samePrefixMarkedMtx/depth3/node5/test0_0.mtx 3.4 0 -1 -1 
/home/antonkov/masterWork/tests/samePrefixMarkedMtx/depth3/node5/test0_0.mtx 3.5 0 -1 -1 
/home/antonkov/masterWork/tests/samePrefixMarkedMtx/depth3/node5/test0_1.mtx 1 107.107 0.0779253 0.8 
/home/antonkov/masterWork/tests/samePrefixMarkedMtx/depth3/node5/test0_1.mtx 1.1 103.269 0.0683854 0.735 
/home/antonkov/masterWork/tests/samePrefixMarkedMtx/depth3/node5/test0_1.mtx 1.2 93.9238 0.0599913 0.655 
/home/antonkov/masterWork/tests/samePrefixMarkedMtx/depth3/node5/test0_1.mtx 1.3 89.979 0.0497656 0.56 
/home/antonkov/masterWork/tests/samePrefixMarkedMtx/depth3/node5/test0_1.mtx 1.4 115.752 0.0396412 0.456667 
/home/antonkov/masterWork/tests/samePrefixMarkedMtx/depth3/node5/test0_1.mtx 1.5 108.476 0.0313368 0.376667 
/home/antonkov/masterWork/tests/samePrefixMarkedMtx/depth3/node5/test0_1.mtx 1.6 119.941 0.0245443 0.2925 
/home/antonkov/masterWork/tests/samePrefixMarkedMtx/depth3/node5/test0_1.mtx 1.7 135.386 0.0187917 0.228 
/home/antonkov/masterWork/tests/samePrefixMarkedMtx/depth3/node5/test0_1.mtx 1.8 146.426 0.0160909 0.2 
/home/antonkov/masterWork/tests/samePrefixMarkedMtx/depth3/node5/test0_1.mtx 1.9 164.679 0.0102973 0.13 
/home/antonkov/masterWork/tests/samePrefixMarkedMtx/depth3/node5/test0_1.mtx 2 210.043 0.00733112 0.0918182 
/home/antonkov/masterWork/tests/samePrefixMarkedMtx/depth3/node5/test0_1.mtx 2.1 258.389 0.00486545 0.06375 
/home/antonkov/masterWork/tests/samePrefixMarkedMtx/depth3/node5/test0_1.mtx 2.2 395.435 0.00258433 0.0357143 
/home/antonkov/masterWork/tests/samePrefixMarkedMtx/depth3/node5/test0_1.mtx 2.3 573.639 0.00157118 0.0223913 
/home/antonkov/masterWork/tests/samePrefixMarkedMtx/depth3/node5/test0_1.mtx 2.4 863.076 0.000879483 0.0126582 
/home/antonkov/masterWork/tests/samePrefixMarkedMtx/depth3/node5/test0_1.mtx 2.5 1124.41 0.000633528 0.00885965 
/home/antonkov/masterWork/tests/samePrefixMarkedMtx/depth3/node5/test0_1.mtx 2.6 1759.87 0.000334588 0.00495049 
/home/antonkov/masterWork/tests/samePrefixMarkedMtx/depth3/node5/test0_1.mtx 2.7 2589.85 0.000196365 0.00298817 
/home/antonkov/masterWork/tests/samePrefixMarkedMtx/depth3/node5/test0_1.mtx 2.8 3883.78 0.000102317 0.00171821 
/home/antonkov/masterWork/tests/samePrefixMarkedMtx/depth3/node5/test0_1.mtx 2.9 6507.9 5.3207e-05 0.000911577 
/home/antonkov/masterWork/tests/samePrefixMarkedMtx/depth3/node5/test0_1.mtx 3 0 -1 -1 
/home/antonkov/masterWork/tests/samePrefixMarkedMtx/depth3/node5/test0_1.mtx 3.1 0 -1 -1 
/home/antonkov/masterWork/tests/samePrefixMarkedMtx/depth3/node5/test0_1.mtx 3.2 0 -1 -1 
/home/antonkov/masterWork/tests/samePrefixMarkedMtx/depth3/node5/test0_1.mtx 3.3 0 -1 -1 
/home/antonkov/masterWork/tests/samePrefixMarkedMtx/depth3/node5/test0_1.mtx 3.4 0 -1 -1 
/home/antonkov/masterWork/tests/samePrefixMarkedMtx/depth3/node5/test0_1.mtx 3.5 0 -1 -1 
/home/antonkov/masterWork/tests/samePrefixMarkedMtx/depth3/node5/test0_2.mtx 1 106.83 0.0776389 0.77 
/home/antonkov/masterWork/tests/samePrefixMarkedMtx/depth3/node5/test0_2.mtx 1.1 97.7126 0.0692882 0.695 
/home/antonkov/masterWork/tests/samePrefixMarkedMtx/depth3/node5/test0_2.mtx 1.2 94.0471 0.0630903 0.665 
/home/antonkov/masterWork/tests/samePrefixMarkedMtx/depth3/node5/test0_2.mtx 1.3 92.0863 0.0544184 0.615 
/home/antonkov/masterWork/tests/samePrefixMarkedMtx/depth3/node5/test0_2.mtx 1.4 116.613 0.0424769 0.483333 
/home/antonkov/masterWork/tests/samePrefixMarkedMtx/depth3/node5/test0_2.mtx 1.5 110.55 0.0353183 0.42 
/home/antonkov/masterWork/tests/samePrefixMarkedMtx/depth3/node5/test0_2.mtx 1.6 103.184 0.0280324 0.346667 
/home/antonkov/masterWork/tests/samePrefixMarkedMtx/depth3/node5/test0_2.mtx 1.7 116.249 0.0194748 0.26 
/home/antonkov/masterWork/tests/samePrefixMarkedMtx/depth3/node5/test0_2.mtx 1.8 144.903 0.014103 0.171667 
/home/antonkov/masterWork/tests/samePrefixMarkedMtx/depth3/node5/test0_2.mtx 1.9 167.388 0.00935547 0.12625 
/home/antonkov/masterWork/tests/samePrefixMarkedMtx/depth3/node5/test0_2.mtx 2 217.292 0.00702546 0.09 
/home/antonkov/masterWork/tests/samePrefixMarkedMtx/depth3/node5/test0_2.mtx 2.1 291.101 0.00444927 0.06 
/home/antonkov/masterWork/tests/samePrefixMarkedMtx/depth3/node5/test0_2.mtx 2.2 381.856 0.00281379 0.0377778 
/home/antonkov/masterWork/tests/samePrefixMarkedMtx/depth3/node5/test0_2.mtx 2.3 524.576 0.00172619 0.0240476 
/home/antonkov/masterWork/tests/samePrefixMarkedMtx/depth3/node5/test0_2.mtx 2.4 759.282 0.00100694 0.0147059 
/home/antonkov/masterWork/tests/samePrefixMarkedMtx/depth3/node5/test0_2.mtx 2.5 1141.1 0.000613527 0.00869565 
/home/antonkov/masterWork/tests/samePrefixMarkedMtx/depth3/node5/test0_2.mtx 2.6 1633.23 0.000343364 0.00529101 
/home/antonkov/masterWork/tests/samePrefixMarkedMtx/depth3/node5/test0_2.mtx 2.7 2653.85 0.000197432 0.00290698 
/home/antonkov/masterWork/tests/samePrefixMarkedMtx/depth3/node5/test0_2.mtx 2.8 4063.72 0.00010909 0.00165837 
/home/antonkov/masterWork/tests/samePrefixMarkedMtx/depth3/node5/test0_2.mtx 2.9 7023.05 5.3025e-05 0.000847458 
/home/antonkov/masterWork/tests/samePrefixMarkedMtx/depth3/node5/test0_2.mtx 3 0 -1 -1 
/home/antonkov/masterWork/tests/samePrefixMarkedMtx/depth3/node5/test0_2.mtx 3.1 0 -1 -1 
/home/antonkov/masterWork/tests/samePrefixMarkedMtx/depth3/node5/test0_2.mtx 3.2 0 -1 -1 
/home/antonkov/masterWork/tests/samePrefixMarkedMtx/depth3/node5/test0_2.mtx 3.3 0 -1 -1 
/home/antonkov/masterWork/tests/samePrefixMarkedMtx/depth3/node5/test0_2.mtx 3.4 0 -1 -1 
/home/antonkov/masterWork/tests/samePrefixMarkedMtx/depth3/node5/test0_2.mtx 3.5 0 -1 -1 
/home/antonkov/masterWork/tests/samePrefixMarkedMtx/depth3/node5/test0_3.mtx 1 108.239 0.0783854 0.79 
/home/antonkov/masterWork/tests/samePrefixMarkedMtx/depth3/node5/test0_3.mtx 1.1 103.276 0.0704774 0.745 
/home/antonkov/masterWork/tests/samePrefixMarkedMtx/depth3/node5/test0_3.mtx 1.2 95.5562 0.060599 0.67 
/home/antonkov/masterWork/tests/samePrefixMarkedMtx/depth3/node5/test0_3.mtx 1.3 91.8149 0.0504774 0.585 
/home/antonkov/masterWork/tests/samePrefixMarkedMtx/depth3/node5/test0_3.mtx 1.4 116.086 0.0355729 0.44 
/home/antonkov/masterWork/tests/samePrefixMarkedMtx/depth3/node5/test0_3.mtx 1.5 105.836 0.0273438 0.343333 
/home/antonkov/masterWork/tests/samePrefixMarkedMtx/depth3/node5/test0_3.mtx 1.6 120.501 0.0215408 0.2725 
/home/antonkov/masterWork/tests/samePrefixMarkedMtx/depth3/node5/test0_3.mtx 1.7 133.714 0.0161597 0.206 
/home/antonkov/masterWork/tests/samePrefixMarkedMtx/depth3/node5/test0_3.mtx 1.8 155.889 0.0119742 0.154286 
/home/antonkov/masterWork/tests/samePrefixMarkedMtx/depth3/node5/test0_3.mtx 1.9 179.578 0.00908565 0.117778 
/home/antonkov/masterWork/tests/samePrefixMarkedMtx/depth3/node5/test0_3.mtx 2 218.612 0.00639902 0.0875 
/home/antonkov/masterWork/tests/samePrefixMarkedMtx/depth3/node5/test0_3.mtx 2.1 273.976 0.00443627 0.0605882 
/home/antonkov/masterWork/tests/samePrefixMarkedMtx/depth3/node5/test0_3.mtx 2.2 377.367 0.00273237 0.0384615 
/home/antonkov/masterWork/tests/samePrefixMarkedMtx/depth3/node5/test0_3.mtx 2.3 516.356 0.00174653 0.02525 
/home/antonkov/masterWork/tests/samePrefixMarkedMtx/depth3/node5/test0_3.mtx 2.4 865.458 0.000961111 0.0133333 
/home/antonkov/masterWork/tests/samePrefixMarkedMtx/depth3/node5/test0_3.mtx 2.5 1266.03 0.000535954 0.00822581 
/home/antonkov/masterWork/tests/samePrefixMarkedMtx/depth3/node5/test0_3.mtx 2.6 1865.81 0.000321097 0.00480769 
/home/antonkov/masterWork/tests/samePrefixMarkedMtx/depth3/node5/test0_3.mtx 2.7 2657.22 0.000197509 0.00301205 
/home/antonkov/masterWork/tests/samePrefixMarkedMtx/depth3/node5/test0_3.mtx 2.8 3561.84 0.000133242 0.0020202 
/home/antonkov/masterWork/tests/samePrefixMarkedMtx/depth3/node5/test0_3.mtx 2.9 6298.76 6.2549e-05 0.00100806 
/home/antonkov/masterWork/tests/samePrefixMarkedMtx/depth3/node5/test0_3.mtx 3 9648.81 3.4484e-05 0.000596659 
/home/antonkov/masterWork/tests/samePrefixMarkedMtx/depth3/node5/test0_3.mtx 3.1 0 -1 -1 
/home/antonkov/masterWork/tests/samePrefixMarkedMtx/depth3/node5/test0_3.mtx 3.2 0 -1 -1 
/home/antonkov/masterWork/tests/samePrefixMarkedMtx/depth3/node5/test0_3.mtx 3.3 0 -1 -1 
/home/antonkov/masterWork/tests/samePrefixMarkedMtx/depth3/node5/test0_3.mtx 3.4 0 -1 -1 
/home/antonkov/masterWork/tests/samePrefixMarkedMtx/depth3/node5/test0_3.mtx 3.5 0 -1 -1 
/home/antonkov/masterWork/tests/samePrefixMarkedMtx/depth3/node5/test0_4.mtx 1 106.407 0.0763976 0.79 
/home/antonkov/masterWork/tests/samePrefixMarkedMtx/depth3/node5/test0_4.mtx 1.1 102.281 0.067526 0.725 
/home/antonkov/masterWork/tests/samePrefixMarkedMtx/depth3/node5/test0_4.mtx 1.2 91.2941 0.0563108 0.605 
/home/antonkov/masterWork/tests/samePrefixMarkedMtx/depth3/node5/test0_4.mtx 1.3 88.8449 0.0484115 0.545 
/home/antonkov/masterWork/tests/samePrefixMarkedMtx/depth3/node5/test0_4.mtx 1.4 113.614 0.0397512 0.463333 
/home/antonkov/masterWork/tests/samePrefixMarkedMtx/depth3/node5/test0_4.mtx 1.5 110.627 0.0327894 0.4 
/home/antonkov/masterWork/tests/samePrefixMarkedMtx/depth3/node5/test0_4.mtx 1.6 125.496 0.0245703 0.3 
/home/antonkov/masterWork/tests/samePrefixMarkedMtx/depth3/node5/test0_4.mtx 1.7 131.123 0.0182882 0.218 
/home/antonkov/masterWork/tests/samePrefixMarkedMtx/depth3/node5/test0_4.mtx 1.8 160.166 0.0128447 0.16 
/home/antonkov/masterWork/tests/samePrefixMarkedMtx/depth3/node5/test0_4.mtx 1.9 180.037 0.00930363 0.12 
/home/antonkov/masterWork/tests/samePrefixMarkedMtx/depth3/node5/test0_4.mtx 2 222.957 0.00670573 0.0858333 
/home/antonkov/masterWork/tests/samePrefixMarkedMtx/depth3/node5/test0_4.mtx 2.1 308.137 0.00380556 0.05 
/home/antonkov/masterWork/tests/samePrefixMarkedMtx/depth3/node5/test0_4.mtx 2.2 460.985 0.0021994 0.0285714 
/home/antonkov/masterWork/tests/samePrefixMarkedMtx/depth3/node5/test0_4.mtx 2.3 648.692 0.00142983 0.0192453 
/home/antonkov/masterWork/tests/samePrefixMarkedMtx/depth3/node5/test0_4.mtx 2.4 820.938 0.000989349 0.0136486 
/home/antonkov/masterWork/tests/samePrefixMarkedMtx/depth3/node5/test0_4.mtx 2.5 1259.39 0.000560685 0.00765152 
/home/antonkov/masterWork/tests/samePrefixMarkedMtx/depth3/node5/test0_4.mtx 2.6 1957.55 0.000293786 0.004329 
/home/antonkov/masterWork/tests/samePrefixMarkedMtx/depth3/node5/test0_4.mtx 2.7 3070.14 0.000162037 0.00245098 
/home/antonkov/masterWork/tests/samePrefixMarkedMtx/depth3/node5/test0_4.mtx 2.8 4703.38 8.66586e-05 0.00141044 
/home/antonkov/masterWork/tests/samePrefixMarkedMtx/depth3/node5/test0_4.mtx 2.9 7263.79 4.9779e-05 0.000824402 
/home/antonkov/masterWork/tests/samePrefixMarkedMtx/depth3/node5/test0_4.mtx 3 0 -1 -1 
/home/antonkov/masterWork/tests/samePrefixMarkedMtx/depth3/node5/test0_4.mtx 3.1 0 -1 -1 
/home/antonkov/masterWork/tests/samePrefixMarkedMtx/depth3/node5/test0_4.mtx 3.2 0 -1 -1 
/home/antonkov/masterWork/tests/samePrefixMarkedMtx/depth3/node5/test0_4.mtx 3.3 0 -1 -1 
/home/antonkov/masterWork/tests/samePrefixMarkedMtx/depth3/node5/test0_4.mtx 3.4 0 -1 -1 
/home/antonkov/masterWork/tests/samePrefixMarkedMtx/depth3/node5/test0_4.mtx 3.5 0 -1 -1 
/home/antonkov/masterWork/tests/samePrefixMarkedMtx/depth3/node5/test1_0.mtx 1 96.5791 0.0684722 0.715 
/home/antonkov/masterWork/tests/samePrefixMarkedMtx/depth3/node5/test1_0.mtx 1.1 87.9418 0.0587847 0.625 
/home/antonkov/masterWork/tests/samePrefixMarkedMtx/depth3/node5/test1_0.mtx 1.2 82.7441 0.0488194 0.525 
/home/antonkov/masterWork/tests/samePrefixMarkedMtx/depth3/node5/test1_0.mtx 1.3 109.35 0.0408623 0.473333 
/home/antonkov/masterWork/tests/samePrefixMarkedMtx/depth3/node5/test1_0.mtx 1.4 103.038 0.034375 0.406667 
/home/antonkov/masterWork/tests/samePrefixMarkedMtx/depth3/node5/test1_0.mtx 1.5 123.43 0.0267795 0.3175 
/home/antonkov/masterWork/tests/samePrefixMarkedMtx/depth3/node5/test1_0.mtx 1.6 130.807 0.0192049 0.234 
/home/antonkov/masterWork/tests/samePrefixMarkedMtx/depth3/node5/test1_0.mtx 1.7 138.602 0.0157812 0.195 
/home/antonkov/masterWork/tests/samePrefixMarkedMtx/depth3/node5/test1_0.mtx 1.8 166.488 0.0110308 0.13625 
/home/antonkov/masterWork/tests/samePrefixMarkedMtx/depth3/node5/test1_0.mtx 1.9 205.913 0.00767203 0.0954545 
/home/antonkov/masterWork/tests/samePrefixMarkedMtx/depth3/node5/test1_0.mtx 2 236.062 0.00568576 0.0735714 
/home/antonkov/masterWork/tests/samePrefixMarkedMtx/depth3/node5/test1_0.mtx 2.1 325.522 0.00362847 0.05 
/home/antonkov/masterWork/tests/samePrefixMarkedMtx/depth3/node5/test1_0.mtx 2.2 425.686 0.00228353 0.0321875 
/home/antonkov/masterWork/tests/samePrefixMarkedMtx/depth3/node5/test1_0.mtx 2.3 570.381 0.00152814 0.0210417 
/home/antonkov/masterWork/tests/samePrefixMarkedMtx/depth3/node5/test1_0.mtx 2.4 816.056 0.000903692 0.0132895 
/home/antonkov/masterWork/tests/samePrefixMarkedMtx/depth3/node5/test1_0.mtx 2.5 1303.48 0.000484954 0.00740741 
/home/antonkov/masterWork/tests/samePrefixMarkedMtx/depth3/node5/test1_0.mtx 2.6 1981.51 0.000283345 0.00421941 
/home/antonkov/masterWork/tests/samePrefixMarkedMtx/depth3/node5/test1_0.mtx 2.7 2924.5 0.000173877 0.00255102 
/home/antonkov/masterWork/tests/samePrefixMarkedMtx/depth3/node5/test1_0.mtx 2.8 5067.39 8.93917e-05 0.00129534 
/home/antonkov/masterWork/tests/samePrefixMarkedMtx/depth3/node5/test1_0.mtx 2.9 8249.45 4.15796e-05 0.000716846 
/home/antonkov/masterWork/tests/samePrefixMarkedMtx/depth3/node5/test1_0.mtx 3 0 -1 -1 
/home/antonkov/masterWork/tests/samePrefixMarkedMtx/depth3/node5/test1_0.mtx 3.1 0 -1 -1 
/home/antonkov/masterWork/tests/samePrefixMarkedMtx/depth3/node5/test1_0.mtx 3.2 0 -1 -1 
/home/antonkov/masterWork/tests/samePrefixMarkedMtx/depth3/node5/test1_0.mtx 3.3 0 -1 -1 
/home/antonkov/masterWork/tests/samePrefixMarkedMtx/depth3/node5/test1_0.mtx 3.4 0 -1 -1 
/home/antonkov/masterWork/tests/samePrefixMarkedMtx/depth3/node5/test1_0.mtx 3.5 0 -1 -1 
/home/antonkov/masterWork/tests/samePrefixMarkedMtx/depth3/node5/test1_1.mtx 1 99.5285 0.0724219 0.755 
/home/antonkov/masterWork/tests/samePrefixMarkedMtx/depth3/node5/test1_1.mtx 1.1 91.1677 0.0624479 0.665 
/home/antonkov/masterWork/tests/samePrefixMarkedMtx/depth3/node5/test1_1.mtx 1.2 87.2217 0.0536806 0.59 
/home/antonkov/masterWork/tests/samePrefixMarkedMtx/depth3/node5/test1_1.mtx 1.3 113.941 0.0443692 0.503333 
/home/antonkov/masterWork/tests/samePrefixMarkedMtx/depth3/node5/test1_1.mtx 1.4 105.318 0.0374595 0.42 
/home/antonkov/masterWork/tests/samePrefixMarkedMtx/depth3/node5/test1_1.mtx 1.5 100.286 0.0291204 0.35 
/home/antonkov/masterWork/tests/samePrefixMarkedMtx/depth3/node5/test1_1.mtx 1.6 111.486 0.0210634 0.2625 
/home/antonkov/masterWork/tests/samePrefixMarkedMtx/depth3/node5/test1_1.mtx 1.7 123.957 0.0167639 0.206 
/home/antonkov/masterWork/tests/samePrefixMarkedMtx/depth3/node5/test1_1.mtx 1.8 157.497 0.0129415 0.158571 
/home/antonkov/masterWork/tests/samePrefixMarkedMtx/depth3/node5/test1_1.mtx 1.9 178.656 0.00947917 0.12 
/home/antonkov/masterWork/tests/samePrefixMarkedMtx/depth3/node5/test1_1.mtx 2 223.233 0.00573317 0.0792308 
/home/antonkov/masterWork/tests/samePrefixMarkedMtx/depth3/node5/test1_1.mtx 2.1 304.551 0.00378838 0.0531579 
/home/antonkov/masterWork/tests/samePrefixMarkedMtx/depth3/node5/test1_1.mtx 2.2 448.088 0.00213068 0.0306061 
/home/antonkov/masterWork/tests/samePrefixMarkedMtx/depth3/node5/test1_1.mtx 2.3 626.021 0.00123598 0.0192308 
/home/antonkov/masterWork/tests/samePrefixMarkedMtx/depth3/node5/test1_1.mtx 2.4 811.93 0.000861252 0.0136486 
/home/antonkov/masterWork/tests/samePrefixMarkedMtx/depth3/node5/test1_1.mtx 2.5 1187.48 0.000497353 0.00836066 
/home/antonkov/masterWork/tests/samePrefixMarkedMtx/depth3/node5/test1_1.mtx 2.6 1722.65 0.000284035 0.00507614 
/home/antonkov/masterWork/tests/samePrefixMarkedMtx/depth3/node5/test1_1.mtx 2.7 2314.16 0.000189968 0.00340136 
/home/antonkov/masterWork/tests/samePrefixMarkedMtx/depth3/node5/test1_1.mtx 2.8 3671.43 9.77059e-05 0.0019084 
/home/antonkov/masterWork/tests/samePrefixMarkedMtx/depth3/node5/test1_1.mtx 2.9 5076.87 6.01723e-05 0.00123916 
/home/antonkov/masterWork/tests/samePrefixMarkedMtx/depth3/node5/test1_1.mtx 3 8464.97 2.99587e-05 0.000672495 
/home/antonkov/masterWork/tests/samePrefixMarkedMtx/depth3/node5/test1_1.mtx 3.1 0 -1 -1 
/home/antonkov/masterWork/tests/samePrefixMarkedMtx/depth3/node5/test1_1.mtx 3.2 0 -1 -1 
/home/antonkov/masterWork/tests/samePrefixMarkedMtx/depth3/node5/test1_1.mtx 3.3 0 -1 -1 
/home/antonkov/masterWork/tests/samePrefixMarkedMtx/depth3/node5/test1_1.mtx 3.4 0 -1 -1 
/home/antonkov/masterWork/tests/samePrefixMarkedMtx/depth3/node5/test1_1.mtx 3.5 0 -1 -1 
/home/antonkov/masterWork/tests/samePrefixMarkedMtx/depth3/node5/test1_2.mtx 1 97.7302 0.0717535 0.72 
/home/antonkov/masterWork/tests/samePrefixMarkedMtx/depth3/node5/test1_2.mtx 1.1 91.9766 0.0619444 0.65 
/home/antonkov/masterWork/tests/samePrefixMarkedMtx/depth3/node5/test1_2.mtx 1.2 86.0266 0.0501649 0.53 
/home/antonkov/masterWork/tests/samePrefixMarkedMtx/depth3/node5/test1_2.mtx 1.3 112.629 0.043588 0.48 
/home/antonkov/masterWork/tests/samePrefixMarkedMtx/depth3/node5/test1_2.mtx 1.4 107.977 0.0354861 0.406667 
/home/antonkov/masterWork/tests/samePrefixMarkedMtx/depth3/node5/test1_2.mtx 1.5 121.634 0.0266363 0.3125 
/home/antonkov/masterWork/tests/samePrefixMarkedMtx/depth3/node5/test1_2.mtx 1.6 131.427 0.0210243 0.25 
/home/antonkov/masterWork/tests/samePrefixMarkedMtx/depth3/node5/test1_2.mtx 1.7 139.664 0.0161806 0.191667 
/home/antonkov/masterWork/tests/samePrefixMarkedMtx/depth3/node5/test1_2.mtx 1.8 153.034 0.0124256 0.152857 
/home/antonkov/masterWork/tests/samePrefixMarkedMtx/depth3/node5/test1_2.mtx 1.9 172.01 0.00846258 0.114444 
/home/antonkov/masterWork/tests/samePrefixMarkedMtx/depth3/node5/test1_2.mtx 2 227.701 0.00615785 0.0823077 
/home/antonkov/masterWork/tests/samePrefixMarkedMtx/depth3/node5/test1_2.mtx 2.1 319.716 0.00330887 0.0463636 
/home/antonkov/masterWork/tests/samePrefixMarkedMtx/depth3/node5/test1_2.mtx 2.2 490.184 0.00205706 0.0289189 
/home/antonkov/masterWork/tests/samePrefixMarkedMtx/depth3/node5/test1_2.mtx 2.3 588.298 0.00140554 0.0206122 
/home/antonkov/masterWork/tests/samePrefixMarkedMtx/depth3/node5/test1_2.mtx 2.4 824.261 0.000844156 0.012987 
/home/antonkov/masterWork/tests/samePrefixMarkedMtx/depth3/node5/test1_2.mtx 2.5 1387.47 0.000459538 0.00687075 
/home/antonkov/masterWork/tests/samePrefixMarkedMtx/depth3/node5/test1_2.mtx 2.6 2009.28 0.000262938 0.00414938 
/home/antonkov/masterWork/tests/samePrefixMarkedMtx/depth3/node5/test1_2.mtx 2.7 2799.93 0.000156571 0.00263852 
/home/antonkov/masterWork/tests/samePrefixMarkedMtx/depth3/node5/test1_2.mtx 2.8 4864.69 8.79661e-05 0.0013369 
/home/antonkov/masterWork/tests/samePrefixMarkedMtx/depth3/node5/test1_2.mtx 2.9 8364.66 4.26632e-05 0.000698324 
/home/antonkov/masterWork/tests/samePrefixMarkedMtx/depth3/node5/test1_2.mtx 3 0 -1 -1 
/home/antonkov/masterWork/tests/samePrefixMarkedMtx/depth3/node5/test1_2.mtx 3.1 0 -1 -1 
/home/antonkov/masterWork/tests/samePrefixMarkedMtx/depth3/node5/test1_2.mtx 3.2 0 -1 -1 
/home/antonkov/masterWork/tests/samePrefixMarkedMtx/depth3/node5/test1_2.mtx 3.3 0 -1 -1 
/home/antonkov/masterWork/tests/samePrefixMarkedMtx/depth3/node5/test1_2.mtx 3.4 0 -1 -1 
/home/antonkov/masterWork/tests/samePrefixMarkedMtx/depth3/node5/test1_2.mtx 3.5 0 -1 -1 
/home/antonkov/masterWork/tests/samePrefixMarkedMtx/depth3/node5/test1_3.mtx 1 99.5563 0.073559 0.75 
/home/antonkov/masterWork/tests/samePrefixMarkedMtx/depth3/node5/test1_3.mtx 1.1 94.2868 0.0632465 0.66 
/home/antonkov/masterWork/tests/samePrefixMarkedMtx/depth3/node5/test1_3.mtx 1.2 87.6862 0.0550521 0.59 
/home/antonkov/masterWork/tests/samePrefixMarkedMtx/depth3/node5/test1_3.mtx 1.3 83.7188 0.0462587 0.51 
/home/antonkov/masterWork/tests/samePrefixMarkedMtx/depth3/node5/test1_3.mtx 1.4 106.402 0.0366898 0.41 
/home/antonkov/masterWork/tests/samePrefixMarkedMtx/depth3/node5/test1_3.mtx 1.5 97.0552 0.0294097 0.343333 
/home/antonkov/masterWork/tests/samePrefixMarkedMtx/depth3/node5/test1_3.mtx 1.6 112.808 0.0229731 0.2675 
/home/antonkov/masterWork/tests/samePrefixMarkedMtx/depth3/node5/test1_3.mtx 1.7 124.74 0.0172535 0.212 
/home/antonkov/masterWork/tests/samePrefixMarkedMtx/depth3/node5/test1_3.mtx 1.8 147.572 0.0126215 0.152857 
/home/antonkov/masterWork/tests/samePrefixMarkedMtx/depth3/node5/test1_3.mtx 1.9 172.196 0.00955633 0.114444 
/home/antonkov/masterWork/tests/samePrefixMarkedMtx/depth3/node5/test1_3.mtx 2 234.544 0.00600818 0.0728571 
/home/antonkov/masterWork/tests/samePrefixMarkedMtx/depth3/node5/test1_3.mtx 2.1 303.774 0.00417101 0.051 
/home/antonkov/masterWork/tests/samePrefixMarkedMtx/depth3/node5/test1_3.mtx 2.2 396.353 0.0026796 0.0348276 
/home/antonkov/masterWork/tests/samePrefixMarkedMtx/depth3/node5/test1_3.mtx 2.3 544.743 0.00170987 0.0232558 
/home/antonkov/masterWork/tests/samePrefixMarkedMtx/depth3/node5/test1_3.mtx 2.4 749.645 0.00105596 0.0151471 
/home/antonkov/masterWork/tests/samePrefixMarkedMtx/depth3/node5/test1_3.mtx 2.5 1210.34 0.000562778 0.008 
/home/antonkov/masterWork/tests/samePrefixMarkedMtx/depth3/node5/test1_3.mtx 2.6 1891.84 0.000307104 0.0045045 
/home/antonkov/masterWork/tests/samePrefixMarkedMtx/depth3/node5/test1_3.mtx 2.7 2568.88 0.000197431 0.00297619 
/home/antonkov/masterWork/tests/samePrefixMarkedMtx/depth3/node5/test1_3.mtx 2.8 4501.96 9.62939e-05 0.0014771 
/home/antonkov/masterWork/tests/samePrefixMarkedMtx/depth3/node5/test1_3.mtx 2.9 7476.52 4.2654e-05 0.000798722 
/home/antonkov/masterWork/tests/samePrefixMarkedMtx/depth3/node5/test1_3.mtx 3 0 -1 -1 
/home/antonkov/masterWork/tests/samePrefixMarkedMtx/depth3/node5/test1_3.mtx 3.1 0 -1 -1 
/home/antonkov/masterWork/tests/samePrefixMarkedMtx/depth3/node5/test1_3.mtx 3.2 0 -1 -1 
/home/antonkov/masterWork/tests/samePrefixMarkedMtx/depth3/node5/test1_3.mtx 3.3 0 -1 -1 
/home/antonkov/masterWork/tests/samePrefixMarkedMtx/depth3/node5/test1_3.mtx 3.4 0 -1 -1 
/home/antonkov/masterWork/tests/samePrefixMarkedMtx/depth3/node5/test1_3.mtx 3.5 0 -1 -1 
/home/antonkov/masterWork/tests/samePrefixMarkedMtx/depth3/node5/test1_4.mtx 1 102.527 0.0740712 0.74 
/home/antonkov/masterWork/tests/samePrefixMarkedMtx/depth3/node5/test1_4.mtx 1.1 93.1177 0.0664236 0.695 
/home/antonkov/masterWork/tests/samePrefixMarkedMtx/depth3/node5/test1_4.mtx 1.2 87.5462 0.0582292 0.625 
/home/antonkov/masterWork/tests/samePrefixMarkedMtx/depth3/node5/test1_4.mtx 1.3 83.745 0.0505729 0.55 
/home/antonkov/masterWork/tests/samePrefixMarkedMtx/depth3/node5/test1_4.mtx 1.4 106.939 0.039485 0.46 
/home/antonkov/masterWork/tests/samePrefixMarkedMtx/depth3/node5/test1_4.mtx 1.5 102.722 0.0322164 0.373333 
/home/antonkov/masterWork/tests/samePrefixMarkedMtx/depth3/node5/test1_4.mtx 1.6 113.884 0.0221918 0.26 
/home/antonkov/masterWork/tests/samePrefixMarkedMtx/depth3/node5/test1_4.mtx 1.7 145.489 0.0158536 0.198333 
/home/antonkov/masterWork/tests/samePrefixMarkedMtx/depth3/node5/test1_4.mtx 1.8 148.21 0.0118998 0.145714 
/home/antonkov/masterWork/tests/samePrefixMarkedMtx/depth3/node5/test1_4.mtx 1.9 173.713 0.00906443 0.111111 
/home/antonkov/masterWork/tests/samePrefixMarkedMtx/depth3/node5/test1_4.mtx 2 220.268 0.00623397 0.0776923 
/home/antonkov/masterWork/tests/samePrefixMarkedMtx/depth3/node5/test1_4.mtx 2.1 293.725 0.00419408 0.0536842 
/home/antonkov/masterWork/tests/samePrefixMarkedMtx/depth3/node5/test1_4.mtx 2.2 372.487 0.00284401 0.0377778 
/home/antonkov/masterWork/tests/samePrefixMarkedMtx/depth3/node5/test1_4.mtx 2.3 548.904 0.00175781 0.0231818 
/home/antonkov/masterWork/tests/samePrefixMarkedMtx/depth3/node5/test1_4.mtx 2.4 851.864 0.000928256 0.012987 
/home/antonkov/masterWork/tests/samePrefixMarkedMtx/depth3/node5/test1_4.mtx 2.5 1229.32 0.000507437 0.00787402 
/home/antonkov/masterWork/tests/samePrefixMarkedMtx/depth3/node5/test1_4.mtx 2.6 1955.42 0.000283143 0.00429185 
/home/antonkov/masterWork/tests/samePrefixMarkedMtx/depth3/node5/test1_4.mtx 2.7 2893.09 0.000154197 0.00257069 
/home/antonkov/masterWork/tests/samePrefixMarkedMtx/depth3/node5/test1_4.mtx 2.8 4902.16 8.27315e-05 0.00133333 
/home/antonkov/masterWork/tests/samePrefixMarkedMtx/depth3/node5/test1_4.mtx 2.9 6867.63 5.17244e-05 0.000861326 
/home/antonkov/masterWork/tests/samePrefixMarkedMtx/depth3/node5/test1_4.mtx 3 0 -1 -1 
/home/antonkov/masterWork/tests/samePrefixMarkedMtx/depth3/node5/test1_4.mtx 3.1 0 -1 -1 
/home/antonkov/masterWork/tests/samePrefixMarkedMtx/depth3/node5/test1_4.mtx 3.2 0 -1 -1 
/home/antonkov/masterWork/tests/samePrefixMarkedMtx/depth3/node5/test1_4.mtx 3.3 0 -1 -1 
/home/antonkov/masterWork/tests/samePrefixMarkedMtx/depth3/node5/test1_4.mtx 3.4 0 -1 -1 
/home/antonkov/masterWork/tests/samePrefixMarkedMtx/depth3/node5/test1_4.mtx 3.5 0 -1 -1 
/home/antonkov/masterWork/tests/samePrefixMarkedMtx/depth3/node5/test2_0.mtx 1 107.569 0.0738542 0.765 
/home/antonkov/masterWork/tests/samePrefixMarkedMtx/depth3/node5/test2_0.mtx 1.1 100.742 0.0638368 0.68 
/home/antonkov/masterWork/tests/samePrefixMarkedMtx/depth3/node5/test2_0.mtx 1.2 92.8546 0.0531944 0.585 
/home/antonkov/masterWork/tests/samePrefixMarkedMtx/depth3/node5/test2_0.mtx 1.3 123.218 0.0466262 0.513333 
/home/antonkov/masterWork/tests/samePrefixMarkedMtx/depth3/node5/test2_0.mtx 1.4 116.05 0.039647 0.446667 
/home/antonkov/masterWork/tests/samePrefixMarkedMtx/depth3/node5/test2_0.mtx 1.5 106.022 0.0311111 0.376667 
/home/antonkov/masterWork/tests/samePrefixMarkedMtx/depth3/node5/test2_0.mtx 1.6 124.749 0.0224436 0.2775 
/home/antonkov/masterWork/tests/samePrefixMarkedMtx/depth3/node5/test2_0.mtx 1.7 155.27 0.0172251 0.203333 
/home/antonkov/masterWork/tests/samePrefixMarkedMtx/depth3/node5/test2_0.mtx 1.8 162.541 0.01406 0.162857 
/home/antonkov/masterWork/tests/samePrefixMarkedMtx/depth3/node5/test2_0.mtx 1.9 186.559 0.0104668 0.125556 
/home/antonkov/masterWork/tests/samePrefixMarkedMtx/depth3/node5/test2_0.mtx 2 207.942 0.00764836 0.0963636 
/home/antonkov/masterWork/tests/samePrefixMarkedMtx/depth3/node5/test2_0.mtx 2.1 285.396 0.00448121 0.0594118 
/home/antonkov/masterWork/tests/samePrefixMarkedMtx/depth3/node5/test2_0.mtx 2.2 354.337 0.00300564 0.0416667 
/home/antonkov/masterWork/tests/samePrefixMarkedMtx/depth3/node5/test2_0.mtx 2.3 497.085 0.00189471 0.027027 
/home/antonkov/masterWork/tests/samePrefixMarkedMtx/depth3/node5/test2_0.mtx 2.4 805.153 0.000973462 0.0144286 
/home/antonkov/masterWork/tests/samePrefixMarkedMtx/depth3/node5/test2_0.mtx 2.5 1151.77 0.000615688 0.00918182 
/home/antonkov/masterWork/tests/samePrefixMarkedMtx/depth3/node5/test2_0.mtx 2.6 1699.33 0.00034945 0.00534759 
/home/antonkov/masterWork/tests/samePrefixMarkedMtx/depth3/node5/test2_0.mtx 2.7 3131.48 0.000164611 0.002457 
/home/antonkov/masterWork/tests/samePrefixMarkedMtx/depth3/node5/test2_0.mtx 2.8 4895.09 9.28494e-05 0.00138696 
/home/antonkov/masterWork/tests/samePrefixMarkedMtx/depth3/node5/test2_0.mtx 2.9 7366.15 5.07002e-05 0.000829876 
/home/antonkov/masterWork/tests/samePrefixMarkedMtx/depth3/node5/test2_0.mtx 3 0 -1 -1 
/home/antonkov/masterWork/tests/samePrefixMarkedMtx/depth3/node5/test2_0.mtx 3.1 0 -1 -1 
/home/antonkov/masterWork/tests/samePrefixMarkedMtx/depth3/node5/test2_0.mtx 3.2 0 -1 -1 
/home/antonkov/masterWork/tests/samePrefixMarkedMtx/depth3/node5/test2_0.mtx 3.3 0 -1 -1 
/home/antonkov/masterWork/tests/samePrefixMarkedMtx/depth3/node5/test2_0.mtx 3.4 0 -1 -1 
/home/antonkov/masterWork/tests/samePrefixMarkedMtx/depth3/node5/test2_0.mtx 3.5 0 -1 -1 
/home/antonkov/masterWork/tests/samePrefixMarkedMtx/depth3/node5/test2_1.mtx 1 106.852 0.0736111 0.755 
/home/antonkov/masterWork/tests/samePrefixMarkedMtx/depth3/node5/test2_1.mtx 1.1 103.192 0.0647483 0.69 
/home/antonkov/masterWork/tests/samePrefixMarkedMtx/depth3/node5/test2_1.mtx 1.2 96.3513 0.0579601 0.635 
/home/antonkov/masterWork/tests/samePrefixMarkedMtx/depth3/node5/test2_1.mtx 1.3 92.0912 0.0483507 0.555 
/home/antonkov/masterWork/tests/samePrefixMarkedMtx/depth3/node5/test2_1.mtx 1.4 118.494 0.037066 0.43 
/home/antonkov/masterWork/tests/samePrefixMarkedMtx/depth3/node5/test2_1.mtx 1.5 106.245 0.0291782 0.333333 
/home/antonkov/masterWork/tests/samePrefixMarkedMtx/depth3/node5/test2_1.mtx 1.6 120.154 0.0230946 0.28 
/home/antonkov/masterWork/tests/samePrefixMarkedMtx/depth3/node5/test2_1.mtx 1.7 139.168 0.0174236 0.214 
/home/antonkov/masterWork/tests/samePrefixMarkedMtx/depth3/node5/test2_1.mtx 1.8 144.086 0.0138281 0.166667 
/home/antonkov/masterWork/tests/samePrefixMarkedMtx/depth3/node5/test2_1.mtx 1.9 172.077 0.0103624 0.1325 
/home/antonkov/masterWork/tests/samePrefixMarkedMtx/depth3/node5/test2_1.mtx 2 224.811 0.00746054 0.0972727 
/home/antonkov/masterWork/tests/samePrefixMarkedMtx/depth3/node5/test2_1.mtx 2.1 256.663 0.0051875 0.0693333 
/home/antonkov/masterWork/tests/samePrefixMarkedMtx/depth3/node5/test2_1.mtx 2.2 400.012 0.00271968 0.0396154 
/home/antonkov/masterWork/tests/samePrefixMarkedMtx/depth3/node5/test2_1.mtx 2.3 537.34 0.00174035 0.024878 
/home/antonkov/masterWork/tests/samePrefixMarkedMtx/depth3/node5/test2_1.mtx 2.4 727.123 0.00116974 0.0167213 
/home/antonkov/masterWork/tests/samePrefixMarkedMtx/depth3/node5/test2_1.mtx 2.5 1018.93 0.000691288 0.010202 
/home/antonkov/masterWork/tests/samePrefixMarkedMtx/depth3/node5/test2_1.mtx 2.6 1434.09 0.000448077 0.00657895 
/home/antonkov/masterWork/tests/samePrefixMarkedMtx/depth3/node5/test2_1.mtx 2.7 2181.42 0.00023307 0.0037594 
/home/antonkov/masterWork/tests/samePrefixMarkedMtx/depth3/node5/test2_1.mtx 2.8 3418.13 0.000124845 0.00212314 
/home/antonkov/masterWork/tests/samePrefixMarkedMtx/depth3/node5/test2_1.mtx 2.9 5216.91 6.22459e-05 0.00121951 
/home/antonkov/masterWork/tests/samePrefixMarkedMtx/depth3/node5/test2_1.mtx 3 8459.07 3.48764e-05 0.00068306 
/home/antonkov/masterWork/tests/samePrefixMarkedMtx/depth3/node5/test2_1.mtx 3.1 0 -1 -1 
/home/antonkov/masterWork/tests/samePrefixMarkedMtx/depth3/node5/test2_1.mtx 3.2 0 -1 -1 
/home/antonkov/masterWork/tests/samePrefixMarkedMtx/depth3/node5/test2_1.mtx 3.3 0 -1 -1 
/home/antonkov/masterWork/tests/samePrefixMarkedMtx/depth3/node5/test2_1.mtx 3.4 0 -1 -1 
/home/antonkov/masterWork/tests/samePrefixMarkedMtx/depth3/node5/test2_1.mtx 3.5 0 -1 -1 
/home/antonkov/masterWork/tests/samePrefixMarkedMtx/depth3/node5/test2_2.mtx 1 108.945 0.0756076 0.755 
/home/antonkov/masterWork/tests/samePrefixMarkedMtx/depth3/node5/test2_2.mtx 1.1 102.746 0.0696962 0.7 
/home/antonkov/masterWork/tests/samePrefixMarkedMtx/depth3/node5/test2_2.mtx 1.2 97.1461 0.0625521 0.655 
/home/antonkov/masterWork/tests/samePrefixMarkedMtx/depth3/node5/test2_2.mtx 1.3 95.5115 0.0526215 0.585 
/home/antonkov/masterWork/tests/samePrefixMarkedMtx/depth3/node5/test2_2.mtx 1.4 117.685 0.0412095 0.48 
/home/antonkov/masterWork/tests/samePrefixMarkedMtx/depth3/node5/test2_2.mtx 1.5 112.635 0.0330556 0.39 
/home/antonkov/masterWork/tests/samePrefixMarkedMtx/depth3/node5/test2_2.mtx 1.6 124.425 0.0249349 0.3025 
/home/antonkov/masterWork/tests/samePrefixMarkedMtx/depth3/node5/test2_2.mtx 1.7 141.428 0.0187326 0.23 
/home/antonkov/masterWork/tests/samePrefixMarkedMtx/depth3/node5/test2_2.mtx 1.8 153.507 0.0147425 0.18 
/home/antonkov/masterWork/tests/samePrefixMarkedMtx/depth3/node5/test2_2.mtx 1.9 174.459 0.0101845 0.13125 
/home/antonkov/masterWork/tests/samePrefixMarkedMtx/depth3/node5/test2_2.mtx 2 233.772 0.00725405 0.0925 
/home/antonkov/masterWork/tests/samePrefixMarkedMtx/depth3/node5/test2_2.mtx 2.1 285.566 0.00436275 0.06 
/home/antonkov/masterWork/tests/samePrefixMarkedMtx/depth3/node5/test2_2.mtx 2.2 441.823 0.00230035 0.0343333 
/home/antonkov/masterWork/tests/samePrefixMarkedMtx/depth3/node5/test2_2.mtx 2.3 564.97 0.00163073 0.024186 
/home/antonkov/masterWork/tests/samePrefixMarkedMtx/depth3/node5/test2_2.mtx 2.4 692.434 0.00114583 0.0172414 
/home/antonkov/masterWork/tests/samePrefixMarkedMtx/depth3/node5/test2_2.mtx 2.5 1038.94 0.00070742 0.0107368 
/home/antonkov/masterWork/tests/samePrefixMarkedMtx/depth3/node5/test2_2.mtx 2.6 1445.2 0.000383939 0.00675676 
/home/antonkov/masterWork/tests/samePrefixMarkedMtx/depth3/node5/test2_2.mtx 2.7 2094.33 0.000220543 0.00406504 
/home/antonkov/masterWork/tests/samePrefixMarkedMtx/depth3/node5/test2_2.mtx 2.8 2911.19 0.000139616 0.0026178 
/home/antonkov/masterWork/tests/samePrefixMarkedMtx/depth3/node5/test2_2.mtx 2.9 3778.31 8.07449e-05 0.00181818 
/home/antonkov/masterWork/tests/samePrefixMarkedMtx/depth3/node5/test2_2.mtx 3 5746.34 3.67493e-05 0.00108108 
/home/antonkov/masterWork/tests/samePrefixMarkedMtx/depth3/node5/test2_2.mtx 3.1 7515.29 2.16227e-05 0.000755287 
/home/antonkov/masterWork/tests/samePrefixMarkedMtx/depth3/node5/test2_2.mtx 3.2 0 -1 -1 
/home/antonkov/masterWork/tests/samePrefixMarkedMtx/depth3/node5/test2_2.mtx 3.3 0 -1 -1 
/home/antonkov/masterWork/tests/samePrefixMarkedMtx/depth3/node5/test2_2.mtx 3.4 0 -1 -1 
/home/antonkov/masterWork/tests/samePrefixMarkedMtx/depth3/node5/test2_2.mtx 3.5 0 -1 -1 
/home/antonkov/masterWork/tests/samePrefixMarkedMtx/depth3/node5/test2_3.mtx 1 111.172 0.0766667 0.8 
/home/antonkov/masterWork/tests/samePrefixMarkedMtx/depth3/node5/test2_3.mtx 1.1 106.342 0.0686545 0.735 
/home/antonkov/masterWork/tests/samePrefixMarkedMtx/depth3/node5/test2_3.mtx 1.2 96.9712 0.0600521 0.665 
/home/antonkov/masterWork/tests/samePrefixMarkedMtx/depth3/node5/test2_3.mtx 1.3 92.8729 0.0479774 0.555 
/home/antonkov/masterWork/tests/samePrefixMarkedMtx/depth3/node5/test2_3.mtx 1.4 118.45 0.041088 0.473333 
/home/antonkov/masterWork/tests/samePrefixMarkedMtx/depth3/node5/test2_3.mtx 1.5 107.915 0.0325174 0.383333 
/home/antonkov/masterWork/tests/samePrefixMarkedMtx/depth3/node5/test2_3.mtx 1.6 128.555 0.0259592 0.315 
/home/antonkov/masterWork/tests/samePrefixMarkedMtx/depth3/node5/test2_3.mtx 1.7 140.65 0.0182812 0.22 
/home/antonkov/masterWork/tests/samePrefixMarkedMtx/depth3/node5/test2_3.mtx 1.8 144.583 0.0141696 0.171667 
/home/antonkov/masterWork/tests/samePrefixMarkedMtx/depth3/node5/test2_3.mtx 1.9 170.629 0.0104058 0.12625 
/home/antonkov/masterWork/tests/samePrefixMarkedMtx/depth3/node5/test2_3.mtx 2 230.668 0.00707031 0.0883333 
/home/antonkov/masterWork/tests/samePrefixMarkedMtx/depth3/node5/test2_3.mtx 2.1 324.195 0.00373595 0.0490476 
/home/antonkov/masterWork/tests/samePrefixMarkedMtx/depth3/node5/test2_3.mtx 2.2 412.525 0.00266104 0.0365517 
/home/antonkov/masterWork/tests/samePrefixMarkedMtx/depth3/node5/test2_3.mtx 2.3 554.036 0.00165173 0.0232558 
/home/antonkov/masterWork/tests/samePrefixMarkedMtx/depth3/node5/test2_3.mtx 2.4 770.762 0.000976818 0.015 
/home/antonkov/masterWork/tests/samePrefixMarkedMtx/depth3/node5/test2_3.mtx 2.5 1074.9 0.00065438 0.00980769 
/home/antonkov/masterWork/tests/samePrefixMarkedMtx/depth3/node5/test2_3.mtx 2.6 1594.08 0.000341828 0.00564972 
/home/antonkov/masterWork/tests/samePrefixMarkedMtx/depth3/node5/test2_3.mtx 2.7 2741.99 0.000179006 0.00282486 
/home/antonkov/masterWork/tests/samePrefixMarkedMtx/depth3/node5/test2_3.mtx 2.8 4417.43 9.12051e-05 0.00153263 
/home/antonkov/masterWork/tests/samePrefixMarkedMtx/depth3/node5/test2_3.mtx 2.9 6915.49 4.67659e-05 0.000881326 
/home/antonkov/masterWork/tests/samePrefixMarkedMtx/depth3/node5/test2_3.mtx 3 0 -1 -1 
/home/antonkov/masterWork/tests/samePrefixMarkedMtx/depth3/node5/test2_3.mtx 3.1 0 -1 -1 
/home/antonkov/masterWork/tests/samePrefixMarkedMtx/depth3/node5/test2_3.mtx 3.2 0 -1 -1 
/home/antonkov/masterWork/tests/samePrefixMarkedMtx/depth3/node5/test2_3.mtx 3.3 0 -1 -1 
/home/antonkov/masterWork/tests/samePrefixMarkedMtx/depth3/node5/test2_3.mtx 3.4 0 -1 -1 
/home/antonkov/masterWork/tests/samePrefixMarkedMtx/depth3/node5/test2_3.mtx 3.5 0 -1 -1 
/home/antonkov/masterWork/tests/samePrefixMarkedMtx/depth3/node5/test2_4.mtx 1 109.545 0.073559 0.755 
/home/antonkov/masterWork/tests/samePrefixMarkedMtx/depth3/node5/test2_4.mtx 1.1 99.2204 0.0617448 0.655 
/home/antonkov/masterWork/tests/samePrefixMarkedMtx/depth3/node5/test2_4.mtx 1.2 94.4039 0.0532031 0.565 
/home/antonkov/masterWork/tests/samePrefixMarkedMtx/depth3/node5/test2_4.mtx 1.3 122.368 0.0445949 0.5 
/home/antonkov/masterWork/tests/samePrefixMarkedMtx/depth3/node5/test2_4.mtx 1.4 114.861 0.0390625 0.446667 
/home/antonkov/masterWork/tests/samePrefixMarkedMtx/depth3/node5/test2_4.mtx 1.5 106.363 0.031331 0.363333 
/home/antonkov/masterWork/tests/samePrefixMarkedMtx/depth3/node5/test2_4.mtx 1.6 116.411 0.0222786 0.2675 
/home/antonkov/masterWork/tests/samePrefixMarkedMtx/depth3/node5/test2_4.mtx 1.7 135.381 0.0170903 0.214 
/home/antonkov/masterWork/tests/samePrefixMarkedMtx/depth3/node5/test2_4.mtx 1.8 165.825 0.013564 0.168571 
/home/antonkov/masterWork/tests/samePrefixMarkedMtx/depth3/node5/test2_4.mtx 1.9 168.592 0.0100608 0.13375 
/home/antonkov/masterWork/tests/samePrefixMarkedMtx/depth3/node5/test2_4.mtx 2 225.586 0.00734375 0.0891667 
/home/antonkov/masterWork/tests/samePrefixMarkedMtx/depth3/node5/test2_4.mtx 2.1 289.03 0.00442612 0.0566667 
/home/antonkov/masterWork/tests/samePrefixMarkedMtx/depth3/node5/test2_4.mtx 2.2 362.999 0.00309236 0.0412 
/home/antonkov/masterWork/tests/samePrefixMarkedMtx/depth3/node5/test2_4.mtx 2.3 501.579 0.00196135 0.0265789 
/home/antonkov/masterWork/tests/samePrefixMarkedMtx/depth3/node5/test2_4.mtx 2.4 755.723 0.00108627 0.0153846 
/home/antonkov/masterWork/tests/samePrefixMarkedMtx/depth3/node5/test2_4.mtx 2.5 1333.12 0.000502036 0.0075188 
/home/antonkov/masterWork/tests/samePrefixMarkedMtx/depth3/node5/test2_4.mtx 2.6 1728.4 0.000345451 0.00510204 
/home/antonkov/masterWork/tests/samePrefixMarkedMtx/depth3/node5/test2_4.mtx 2.7 2612.34 0.000198764 0.00301205 
/home/antonkov/masterWork/tests/samePrefixMarkedMtx/depth3/node5/test2_4.mtx 2.8 3654.66 0.000118136 0.00193424 
/home/antonkov/masterWork/tests/samePrefixMarkedMtx/depth3/node5/test2_4.mtx 2.9 6192.16 6.54435e-05 0.00101523 
/home/antonkov/masterWork/tests/samePrefixMarkedMtx/depth3/node5/test2_4.mtx 3 10791.8 3.05168e-05 0.000526593 
/home/antonkov/masterWork/tests/samePrefixMarkedMtx/depth3/node5/test2_4.mtx 3.1 0 -1 -1 
/home/antonkov/masterWork/tests/samePrefixMarkedMtx/depth3/node5/test2_4.mtx 3.2 0 -1 -1 
/home/antonkov/masterWork/tests/samePrefixMarkedMtx/depth3/node5/test2_4.mtx 3.3 0 -1 -1 
/home/antonkov/masterWork/tests/samePrefixMarkedMtx/depth3/node5/test2_4.mtx 3.4 0 -1 -1 
/home/antonkov/masterWork/tests/samePrefixMarkedMtx/depth3/node5/test2_4.mtx 3.5 0 -1 -1 
/home/antonkov/masterWork/tests/samePrefixMarkedMtx/depth3/node5/test3_0.mtx 1 110.245 0.0812674 0.815 
/home/antonkov/masterWork/tests/samePrefixMarkedMtx/depth3/node5/test3_0.mtx 1.1 107.238 0.0727083 0.765 
/home/antonkov/masterWork/tests/samePrefixMarkedMtx/depth3/node5/test3_0.mtx 1.2 100.983 0.0653212 0.7 
/home/antonkov/masterWork/tests/samePrefixMarkedMtx/depth3/node5/test3_0.mtx 1.3 93.9379 0.0554253 0.6 
/home/antonkov/masterWork/tests/samePrefixMarkedMtx/depth3/node5/test3_0.mtx 1.4 90.0367 0.0467969 0.53 
/home/antonkov/masterWork/tests/samePrefixMarkedMtx/depth3/node5/test3_0.mtx 1.5 112.085 0.036713 0.426667 
/home/antonkov/masterWork/tests/samePrefixMarkedMtx/depth3/node5/test3_0.mtx 1.6 104.635 0.0281076 0.333333 
/home/antonkov/masterWork/tests/samePrefixMarkedMtx/depth3/node5/test3_0.mtx 1.7 138.305 0.0199965 0.242 
/home/antonkov/masterWork/tests/samePrefixMarkedMtx/depth3/node5/test3_0.mtx 1.8 148.434 0.015327 0.185 
/home/antonkov/masterWork/tests/samePrefixMarkedMtx/depth3/node5/test3_0.mtx 1.9 169.308 0.0108941 0.13375 
/home/antonkov/masterWork/tests/samePrefixMarkedMtx/depth3/node5/test3_0.mtx 2 213.045 0.00785985 0.0981818 
/home/antonkov/masterWork/tests/samePrefixMarkedMtx/depth3/node5/test3_0.mtx 2.1 280.525 0.00504902 0.0611765 
/home/antonkov/masterWork/tests/samePrefixMarkedMtx/depth3/node5/test3_0.mtx 2.2 337.531 0.00334239 0.0434783 
/home/antonkov/masterWork/tests/samePrefixMarkedMtx/depth3/node5/test3_0.mtx 2.3 480.667 0.00209929 0.0281081 
/home/antonkov/masterWork/tests/samePrefixMarkedMtx/depth3/node5/test3_0.mtx 2.4 723.299 0.00123292 0.0162903 
/home/antonkov/masterWork/tests/samePrefixMarkedMtx/depth3/node5/test3_0.mtx 2.5 1054.04 0.00067328 0.00961905 
/home/antonkov/masterWork/tests/samePrefixMarkedMtx/depth3/node5/test3_0.mtx 2.6 1643.35 0.000385813 0.00543478 
/home/antonkov/masterWork/tests/samePrefixMarkedMtx/depth3/node5/test3_0.mtx 2.7 2554.85 0.000220328 0.0030303 
/home/antonkov/masterWork/tests/samePrefixMarkedMtx/depth3/node5/test3_0.mtx 2.8 4071.76 0.000113497 0.00166389 
/home/antonkov/masterWork/tests/samePrefixMarkedMtx/depth3/node5/test3_0.mtx 2.9 6930.96 5.72268e-05 0.00086881 
/home/antonkov/masterWork/tests/samePrefixMarkedMtx/depth3/node5/test3_0.mtx 3 0 -1 -1 
/home/antonkov/masterWork/tests/samePrefixMarkedMtx/depth3/node5/test3_0.mtx 3.1 0 -1 -1 
/home/antonkov/masterWork/tests/samePrefixMarkedMtx/depth3/node5/test3_0.mtx 3.2 0 -1 -1 
/home/antonkov/masterWork/tests/samePrefixMarkedMtx/depth3/node5/test3_0.mtx 3.3 0 -1 -1 
/home/antonkov/masterWork/tests/samePrefixMarkedMtx/depth3/node5/test3_0.mtx 3.4 0 -1 -1 
/home/antonkov/masterWork/tests/samePrefixMarkedMtx/depth3/node5/test3_0.mtx 3.5 0 -1 -1 
/home/antonkov/masterWork/tests/samePrefixMarkedMtx/depth3/node5/test3_1.mtx 1 107.829 0.0813281 0.8 
/home/antonkov/masterWork/tests/samePrefixMarkedMtx/depth3/node5/test3_1.mtx 1.1 105.378 0.0710243 0.72 
/home/antonkov/masterWork/tests/samePrefixMarkedMtx/depth3/node5/test3_1.mtx 1.2 96.924 0.0598611 0.625 
/home/antonkov/masterWork/tests/samePrefixMarkedMtx/depth3/node5/test3_1.mtx 1.3 92.025 0.0539323 0.565 
/home/antonkov/masterWork/tests/samePrefixMarkedMtx/depth3/node5/test3_1.mtx 1.4 118.998 0.0430208 0.486667 
/home/antonkov/masterWork/tests/samePrefixMarkedMtx/depth3/node5/test3_1.mtx 1.5 113.688 0.0340509 0.4 
/home/antonkov/masterWork/tests/samePrefixMarkedMtx/depth3/node5/test3_1.mtx 1.6 127.524 0.0245833 0.29 
/home/antonkov/masterWork/tests/samePrefixMarkedMtx/depth3/node5/test3_1.mtx 1.7 136.716 0.018684 0.232 
/home/antonkov/masterWork/tests/samePrefixMarkedMtx/depth3/node5/test3_1.mtx 1.8 143.717 0.0137182 0.17 
/home/antonkov/masterWork/tests/samePrefixMarkedMtx/depth3/node5/test3_1.mtx 1.9 167.639 0.0101389 0.12875 
/home/antonkov/masterWork/tests/samePrefixMarkedMtx/depth3/node5/test3_1.mtx 2 224.599 0.00700087 0.0883333 
/home/antonkov/masterWork/tests/samePrefixMarkedMtx/depth3/node5/test3_1.mtx 2.1 274.512 0.00506434 0.0635294 
/home/antonkov/masterWork/tests/samePrefixMarkedMtx/depth3/node5/test3_1.mtx 2.2 375.599 0.00321381 0.0403846 
/home/antonkov/masterWork/tests/samePrefixMarkedMtx/depth3/node5/test3_1.mtx 2.3 515.043 0.00190017 0.02525 
/home/antonkov/masterWork/tests/samePrefixMarkedMtx/depth3/node5/test3_1.mtx 2.4 741.929 0.00113636 0.0151515 
/home/antonkov/masterWork/tests/samePrefixMarkedMtx/depth3/node5/test3_1.mtx 2.5 962.949 0.000746893 0.0105263 
/home/antonkov/masterWork/tests/samePrefixMarkedMtx/depth3/node5/test3_1.mtx 2.6 1642.4 0.000374249 0.00540541 
/home/antonkov/masterWork/tests/samePrefixMarkedMtx/depth3/node5/test3_1.mtx 2.7 2505.56 0.000215789 0.0031348 
/home/antonkov/masterWork/tests/samePrefixMarkedMtx/depth3/node5/test3_1.mtx 2.8 3557.52 0.000136982 0.00192678 
/home/antonkov/masterWork/tests/samePrefixMarkedMtx/depth3/node5/test3_1.mtx 2.9 6399.98 6.3509e-05 0.000949668 
/home/antonkov/masterWork/tests/samePrefixMarkedMtx/depth3/node5/test3_1.mtx 3 0 -1 -1 
/home/antonkov/masterWork/tests/samePrefixMarkedMtx/depth3/node5/test3_1.mtx 3.1 0 -1 -1 
/home/antonkov/masterWork/tests/samePrefixMarkedMtx/depth3/node5/test3_1.mtx 3.2 0 -1 -1 
/home/antonkov/masterWork/tests/samePrefixMarkedMtx/depth3/node5/test3_1.mtx 3.3 0 -1 -1 
/home/antonkov/masterWork/tests/samePrefixMarkedMtx/depth3/node5/test3_1.mtx 3.4 0 -1 -1 
/home/antonkov/masterWork/tests/samePrefixMarkedMtx/depth3/node5/test3_1.mtx 3.5 0 -1 -1 
/home/antonkov/masterWork/tests/samePrefixMarkedMtx/depth3/node5/test3_2.mtx 1 111.97 0.0834115 0.835 
/home/antonkov/masterWork/tests/samePrefixMarkedMtx/depth3/node5/test3_2.mtx 1.1 107.001 0.0758333 0.8 
/home/antonkov/masterWork/tests/samePrefixMarkedMtx/depth3/node5/test3_2.mtx 1.2 99.2832 0.0651649 0.695 
/home/antonkov/masterWork/tests/samePrefixMarkedMtx/depth3/node5/test3_2.mtx 1.3 92.7755 0.0560417 0.615 
/home/antonkov/masterWork/tests/samePrefixMarkedMtx/depth3/node5/test3_2.mtx 1.4 91.2098 0.0501389 0.56 
/home/antonkov/masterWork/tests/samePrefixMarkedMtx/depth3/node5/test3_2.mtx 1.5 118.045 0.037772 0.43 
/home/antonkov/masterWork/tests/samePrefixMarkedMtx/depth3/node5/test3_2.mtx 1.6 136.064 0.0263845 0.315 
/home/antonkov/masterWork/tests/samePrefixMarkedMtx/depth3/node5/test3_2.mtx 1.7 141.496 0.0202188 0.246 
/home/antonkov/masterWork/tests/samePrefixMarkedMtx/depth3/node5/test3_2.mtx 1.8 151.823 0.0161979 0.2 
/home/antonkov/masterWork/tests/samePrefixMarkedMtx/depth3/node5/test3_2.mtx 1.9 169.16 0.0108767 0.1375 
/home/antonkov/masterWork/tests/samePrefixMarkedMtx/depth3/node5/test3_2.mtx 2 218.377 0.00741004 0.0945455 
/home/antonkov/masterWork/tests/samePrefixMarkedMtx/depth3/node5/test3_2.mtx 2.1 274.874 0.00477635 0.06 
/home/antonkov/masterWork/tests/samePrefixMarkedMtx/depth3/node5/test3_2.mtx 2.2 386.588 0.00277521 0.037037 
/home/antonkov/masterWork/tests/samePrefixMarkedMtx/depth3/node5/test3_2.mtx 2.3 541.344 0.00175872 0.0232558 
/home/antonkov/masterWork/tests/samePrefixMarkedMtx/depth3/node5/test3_2.mtx 2.4 802.686 0.00110426 0.0142254 
/home/antonkov/masterWork/tests/samePrefixMarkedMtx/depth3/node5/test3_2.mtx 2.5 1134.42 0.000657418 0.00884956 
/home/antonkov/masterWork/tests/samePrefixMarkedMtx/depth3/node5/test3_2.mtx 2.6 1700.96 0.000380505 0.00518135 
/home/antonkov/masterWork/tests/samePrefixMarkedMtx/depth3/node5/test3_2.mtx 2.7 2319.83 0.00023154 0.003367 
/home/antonkov/masterWork/tests/samePrefixMarkedMtx/depth3/node5/test3_2.mtx 2.8 3509.28 0.000121055 0.00196498 
/home/antonkov/masterWork/tests/samePrefixMarkedMtx/depth3/node5/test3_2.mtx 2.9 7124.98 5.62845e-05 0.00084317 
/home/antonkov/masterWork/tests/samePrefixMarkedMtx/depth3/node5/test3_2.mtx 3 0 -1 -1 
/home/antonkov/masterWork/tests/samePrefixMarkedMtx/depth3/node5/test3_2.mtx 3.1 0 -1 -1 
/home/antonkov/masterWork/tests/samePrefixMarkedMtx/depth3/node5/test3_2.mtx 3.2 0 -1 -1 
/home/antonkov/masterWork/tests/samePrefixMarkedMtx/depth3/node5/test3_2.mtx 3.3 0 -1 -1 
/home/antonkov/masterWork/tests/samePrefixMarkedMtx/depth3/node5/test3_2.mtx 3.4 0 -1 -1 
/home/antonkov/masterWork/tests/samePrefixMarkedMtx/depth3/node5/test3_2.mtx 3.5 0 -1 -1 
/home/antonkov/masterWork/tests/samePrefixMarkedMtx/depth3/node5/test3_3.mtx 1 110.112 0.0769531 0.785 
/home/antonkov/masterWork/tests/samePrefixMarkedMtx/depth3/node5/test3_3.mtx 1.1 101.299 0.067283 0.71 
/home/antonkov/masterWork/tests/samePrefixMarkedMtx/depth3/node5/test3_3.mtx 1.2 97.4935 0.0582031 0.64 
/home/antonkov/masterWork/tests/samePrefixMarkedMtx/depth3/node5/test3_3.mtx 1.3 90.8566 0.0481597 0.55 
/home/antonkov/masterWork/tests/samePrefixMarkedMtx/depth3/node5/test3_3.mtx 1.4 119.994 0.0384259 0.45 
/home/antonkov/masterWork/tests/samePrefixMarkedMtx/depth3/node5/test3_3.mtx 1.5 134.891 0.0280122 0.3325 
/home/antonkov/masterWork/tests/samePrefixMarkedMtx/depth3/node5/test3_3.mtx 1.6 120.426 0.0211155 0.2525 
/home/antonkov/masterWork/tests/samePrefixMarkedMtx/depth3/node5/test3_3.mtx 1.7 157.593 0.0176447 0.213333 
/home/antonkov/masterWork/tests/samePrefixMarkedMtx/depth3/node5/test3_3.mtx 1.8 165.628 0.013254 0.164286 
/home/antonkov/masterWork/tests/samePrefixMarkedMtx/depth3/node5/test3_3.mtx 1.9 185.87 0.00906057 0.117778 
/home/antonkov/masterWork/tests/samePrefixMarkedMtx/depth3/node5/test3_3.mtx 2 237.131 0.00625801 0.0815385 
/home/antonkov/masterWork/tests/samePrefixMarkedMtx/depth3/node5/test3_3.mtx 2.1 305.194 0.00407164 0.0526316 
/home/antonkov/masterWork/tests/samePrefixMarkedMtx/depth3/node5/test3_3.mtx 2.2 384.406 0.00284455 0.04 
/home/antonkov/masterWork/tests/samePrefixMarkedMtx/depth3/node5/test3_3.mtx 2.3 651.942 0.00143885 0.0206122 
/home/antonkov/masterWork/tests/samePrefixMarkedMtx/depth3/node5/test3_3.mtx 2.4 806.724 0.00102707 0.0146377 
/home/antonkov/masterWork/tests/samePrefixMarkedMtx/depth3/node5/test3_3.mtx 2.5 1171.38 0.000654087 0.00877193 
/home/antonkov/masterWork/tests/samePrefixMarkedMtx/depth3/node5/test3_3.mtx 2.6 1710.44 0.000388945 0.00537634 
/home/antonkov/masterWork/tests/samePrefixMarkedMtx/depth3/node5/test3_3.mtx 2.7 2463.43 0.000233951 0.00325733 
/home/antonkov/masterWork/tests/samePrefixMarkedMtx/depth3/node5/test3_3.mtx 2.8 3557.82 0.000128747 0.0019802 
/home/antonkov/masterWork/tests/samePrefixMarkedMtx/depth3/node5/test3_3.mtx 2.9 5304.58 7.76445e-05 0.00117786 
/home/antonkov/masterWork/tests/samePrefixMarkedMtx/depth3/node5/test3_3.mtx 3 10757.6 3.31154e-05 0.000517063 
/home/antonkov/masterWork/tests/samePrefixMarkedMtx/depth3/node5/test3_3.mtx 3.1 0 -1 -1 
/home/antonkov/masterWork/tests/samePrefixMarkedMtx/depth3/node5/test3_3.mtx 3.2 0 -1 -1 
/home/antonkov/masterWork/tests/samePrefixMarkedMtx/depth3/node5/test3_3.mtx 3.3 0 -1 -1 
/home/antonkov/masterWork/tests/samePrefixMarkedMtx/depth3/node5/test3_3.mtx 3.4 0 -1 -1 
/home/antonkov/masterWork/tests/samePrefixMarkedMtx/depth3/node5/test3_3.mtx 3.5 0 -1 -1 
/home/antonkov/masterWork/tests/samePrefixMarkedMtx/depth3/node5/test3_4.mtx 1 110.918 0.0761198 0.765 
/home/antonkov/masterWork/tests/samePrefixMarkedMtx/depth3/node5/test3_4.mtx 1.1 105.829 0.0690104 0.705 
/home/antonkov/masterWork/tests/samePrefixMarkedMtx/depth3/node5/test3_4.mtx 1.2 99.6344 0.0615885 0.66 
/home/antonkov/masterWork/tests/samePrefixMarkedMtx/depth3/node5/test3_4.mtx 1.3 93.5114 0.0538194 0.59 
/home/antonkov/masterWork/tests/samePrefixMarkedMtx/depth3/node5/test3_4.mtx 1.4 89.3318 0.0440538 0.505 
/home/antonkov/masterWork/tests/samePrefixMarkedMtx/depth3/node5/test3_4.mtx 1.5 111.201 0.0346875 0.403333 
/home/antonkov/masterWork/tests/samePrefixMarkedMtx/depth3/node5/test3_4.mtx 1.6 132.261 0.0271528 0.3225 
/home/antonkov/masterWork/tests/samePrefixMarkedMtx/depth3/node5/test3_4.mtx 1.7 118.271 0.0213194 0.2575 
/home/antonkov/masterWork/tests/samePrefixMarkedMtx/depth3/node5/test3_4.mtx 1.8 150.002 0.015923 0.198333 
/home/antonkov/masterWork/tests/samePrefixMarkedMtx/depth3/node5/test3_4.mtx 1.9 155.315 0.0103943 0.144286 
/home/antonkov/masterWork/tests/samePrefixMarkedMtx/depth3/node5/test3_4.mtx 2 197.675 0.00772396 0.107 
/home/antonkov/masterWork/tests/samePrefixMarkedMtx/depth3/node5/test3_4.mtx 2.1 240.914 0.0049814 0.0714286 
/home/antonkov/masterWork/tests/samePrefixMarkedMtx/depth3/node5/test3_4.mtx 2.2 329.489 0.00329034 0.0480952 
/home/antonkov/masterWork/tests/samePrefixMarkedMtx/depth3/node5/test3_4.mtx 2.3 397.904 0.00238033 0.0357143 
/home/antonkov/masterWork/tests/samePrefixMarkedMtx/depth3/node5/test3_4.mtx 2.4 655.965 0.00119149 0.0185185 
/home/antonkov/masterWork/tests/samePrefixMarkedMtx/depth3/node5/test3_4.mtx 2.5 934.395 0.000749556 0.0116279 
/home/antonkov/masterWork/tests/samePrefixMarkedMtx/depth3/node5/test3_4.mtx 2.6 1281.21 0.000429851 0.0075188 
/home/antonkov/masterWork/tests/samePrefixMarkedMtx/depth3/node5/test3_4.mtx 2.7 1976.4 0.000216787 0.00434783 
/home/antonkov/masterWork/tests/samePrefixMarkedMtx/depth3/node5/test3_4.mtx 2.8 2432.09 0.000138503 0.0031746 
/home/antonkov/masterWork/tests/samePrefixMarkedMtx/depth3/node5/test3_4.mtx 2.9 3266.16 8.184e-05 0.00211864 
/home/antonkov/masterWork/tests/samePrefixMarkedMtx/depth3/node5/test3_4.mtx 3 4343.25 4.44595e-05 0.00144928 
/home/antonkov/masterWork/tests/samePrefixMarkedMtx/depth3/node5/test3_4.mtx 3.1 5362.76 2.47882e-05 0.00107759 
/home/antonkov/masterWork/tests/samePrefixMarkedMtx/depth3/node5/test3_4.mtx 3.2 6855.84 1.44046e-05 0.000777605 
/home/antonkov/masterWork/tests/samePrefixMarkedMtx/depth3/node5/test3_4.mtx 3.3 0 -1 -1 
/home/antonkov/masterWork/tests/samePrefixMarkedMtx/depth3/node5/test3_4.mtx 3.4 0 -1 -1 
/home/antonkov/masterWork/tests/samePrefixMarkedMtx/depth3/node5/test3_4.mtx 3.5 0 -1 -1 
