Results
Filename SNR Time(ms) BER FER
/home/antonkov/masterWork/tests/samePrefixMarkedMtx2304/depth3/node5/test0_0.mtx 1 492.385 0.077283 0.89 
/home/antonkov/masterWork/tests/samePrefixMarkedMtx2304/depth3/node5/test0_0.mtx 1.1 458.246 0.061645 0.74 
/home/antonkov/masterWork/tests/samePrefixMarkedMtx2304/depth3/node5/test0_0.mtx 1.2 427.756 0.0482118 0.59 
/home/antonkov/masterWork/tests/samePrefixMarkedMtx2304/depth3/node5/test0_0.mtx 1.3 543.646 0.0344792 0.475 
/home/antonkov/masterWork/tests/samePrefixMarkedMtx2304/depth3/node5/test0_0.mtx 1.4 516.416 0.0218772 0.31 
/home/antonkov/masterWork/tests/samePrefixMarkedMtx2304/depth3/node5/test0_0.mtx 1.5 574.79 0.0129818 0.196667 
/home/antonkov/masterWork/tests/samePrefixMarkedMtx2304/depth3/node5/test0_0.mtx 1.6 687.589 0.00665972 0.102 
/home/antonkov/masterWork/tests/samePrefixMarkedMtx2304/depth3/node5/test0_0.mtx 1.7 933.635 0.0036468 0.0555556 
/home/antonkov/masterWork/tests/samePrefixMarkedMtx2304/depth3/node5/test0_0.mtx 1.8 1823.17 0.00127738 0.0207692 
/home/antonkov/masterWork/tests/samePrefixMarkedMtx2304/depth3/node5/test0_0.mtx 1.9 4050.44 0.000378588 0.00666667 
/home/antonkov/masterWork/tests/samePrefixMarkedMtx2304/depth3/node5/test0_0.mtx 2 0 -1 -1 
/home/antonkov/masterWork/tests/samePrefixMarkedMtx2304/depth3/node5/test0_0.mtx 2.1 0 -1 -1 
/home/antonkov/masterWork/tests/samePrefixMarkedMtx2304/depth3/node5/test0_0.mtx 2.2 0 -1 -1 
/home/antonkov/masterWork/tests/samePrefixMarkedMtx2304/depth3/node5/test0_0.mtx 2.3 0 -1 -1 
/home/antonkov/masterWork/tests/samePrefixMarkedMtx2304/depth3/node5/test0_0.mtx 2.4 0 -1 -1 
/home/antonkov/masterWork/tests/samePrefixMarkedMtx2304/depth3/node5/test0_0.mtx 2.5 0 -1 -1 
/home/antonkov/masterWork/tests/samePrefixMarkedMtx2304/depth3/node5/test0_0.mtx 2.6 0 -1 -1 
/home/antonkov/masterWork/tests/samePrefixMarkedMtx2304/depth3/node5/test0_0.mtx 2.7 0 -1 -1 
/home/antonkov/masterWork/tests/samePrefixMarkedMtx2304/depth3/node5/test0_0.mtx 2.8 0 -1 -1 
/home/antonkov/masterWork/tests/samePrefixMarkedMtx2304/depth3/node5/test0_0.mtx 2.9 0 -1 -1 
/home/antonkov/masterWork/tests/samePrefixMarkedMtx2304/depth3/node5/test0_0.mtx 3 0 -1 -1 
/home/antonkov/masterWork/tests/samePrefixMarkedMtx2304/depth3/node5/test0_0.mtx 3.1 0 -1 -1 
/home/antonkov/masterWork/tests/samePrefixMarkedMtx2304/depth3/node5/test0_0.mtx 3.2 0 -1 -1 
/home/antonkov/masterWork/tests/samePrefixMarkedMtx2304/depth3/node5/test0_0.mtx 3.3 0 -1 -1 
/home/antonkov/masterWork/tests/samePrefixMarkedMtx2304/depth3/node5/test0_0.mtx 3.4 0 -1 -1 
/home/antonkov/masterWork/tests/samePrefixMarkedMtx2304/depth3/node5/test0_0.mtx 3.5 0 -1 -1 
/home/antonkov/masterWork/tests/samePrefixMarkedMtx2304/depth3/node5/test0_1.mtx 1 455.299 0.0786675 0.88 
/home/antonkov/masterWork/tests/samePrefixMarkedMtx2304/depth3/node5/test0_1.mtx 1.1 449.281 0.0678733 0.8 
/home/antonkov/masterWork/tests/samePrefixMarkedMtx2304/depth3/node5/test0_1.mtx 1.2 434.563 0.0563368 0.69 
/home/antonkov/masterWork/tests/samePrefixMarkedMtx2304/depth3/node5/test0_1.mtx 1.3 425.933 0.0418359 0.56 
/home/antonkov/masterWork/tests/samePrefixMarkedMtx2304/depth3/node5/test0_1.mtx 1.4 518.056 0.0251975 0.355 
/home/antonkov/masterWork/tests/samePrefixMarkedMtx2304/depth3/node5/test0_1.mtx 1.5 581.255 0.0129615 0.186667 
/home/antonkov/masterWork/tests/samePrefixMarkedMtx2304/depth3/node5/test0_1.mtx 1.6 679.747 0.00680295 0.102 
/home/antonkov/masterWork/tests/samePrefixMarkedMtx2304/depth3/node5/test0_1.mtx 1.7 966.506 0.00316016 0.05 
/home/antonkov/masterWork/tests/samePrefixMarkedMtx2304/depth3/node5/test0_1.mtx 1.8 1762.81 0.00133646 0.0204 
/home/antonkov/masterWork/tests/samePrefixMarkedMtx2304/depth3/node5/test0_1.mtx 1.9 4065.75 0.000408324 0.00649351 
/home/antonkov/masterWork/tests/samePrefixMarkedMtx2304/depth3/node5/test0_1.mtx 2 0 -1 -1 
/home/antonkov/masterWork/tests/samePrefixMarkedMtx2304/depth3/node5/test0_1.mtx 2.1 0 -1 -1 
/home/antonkov/masterWork/tests/samePrefixMarkedMtx2304/depth3/node5/test0_1.mtx 2.2 0 -1 -1 
/home/antonkov/masterWork/tests/samePrefixMarkedMtx2304/depth3/node5/test0_1.mtx 2.3 0 -1 -1 
/home/antonkov/masterWork/tests/samePrefixMarkedMtx2304/depth3/node5/test0_1.mtx 2.4 0 -1 -1 
/home/antonkov/masterWork/tests/samePrefixMarkedMtx2304/depth3/node5/test0_1.mtx 2.5 0 -1 -1 
/home/antonkov/masterWork/tests/samePrefixMarkedMtx2304/depth3/node5/test0_1.mtx 2.6 0 -1 -1 
/home/antonkov/masterWork/tests/samePrefixMarkedMtx2304/depth3/node5/test0_1.mtx 2.7 0 -1 -1 
/home/antonkov/masterWork/tests/samePrefixMarkedMtx2304/depth3/node5/test0_1.mtx 2.8 0 -1 -1 
/home/antonkov/masterWork/tests/samePrefixMarkedMtx2304/depth3/node5/test0_1.mtx 2.9 0 -1 -1 
/home/antonkov/masterWork/tests/samePrefixMarkedMtx2304/depth3/node5/test0_1.mtx 3 0 -1 -1 
/home/antonkov/masterWork/tests/samePrefixMarkedMtx2304/depth3/node5/test0_1.mtx 3.1 0 -1 -1 
/home/antonkov/masterWork/tests/samePrefixMarkedMtx2304/depth3/node5/test0_1.mtx 3.2 0 -1 -1 
/home/antonkov/masterWork/tests/samePrefixMarkedMtx2304/depth3/node5/test0_1.mtx 3.3 0 -1 -1 
/home/antonkov/masterWork/tests/samePrefixMarkedMtx2304/depth3/node5/test0_1.mtx 3.4 0 -1 -1 
/home/antonkov/masterWork/tests/samePrefixMarkedMtx2304/depth3/node5/test0_1.mtx 3.5 0 -1 -1 
/home/antonkov/masterWork/tests/samePrefixMarkedMtx2304/depth3/node5/test0_2.mtx 1 455.754 0.0768273 0.88 
/home/antonkov/masterWork/tests/samePrefixMarkedMtx2304/depth3/node5/test0_2.mtx 1.1 451.239 0.0659245 0.79 
/home/antonkov/masterWork/tests/samePrefixMarkedMtx2304/depth3/node5/test0_2.mtx 1.2 430.525 0.0514627 0.65 
/home/antonkov/masterWork/tests/samePrefixMarkedMtx2304/depth3/node5/test0_2.mtx 1.3 545.239 0.0393815 0.52 
/home/antonkov/masterWork/tests/samePrefixMarkedMtx2304/depth3/node5/test0_2.mtx 1.4 523.476 0.0257465 0.375 
/home/antonkov/masterWork/tests/samePrefixMarkedMtx2304/depth3/node5/test0_2.mtx 1.5 578.443 0.0132234 0.213333 
/home/antonkov/masterWork/tests/samePrefixMarkedMtx2304/depth3/node5/test0_2.mtx 1.6 745.612 0.00662471 0.095 
/home/antonkov/masterWork/tests/samePrefixMarkedMtx2304/depth3/node5/test0_2.mtx 1.7 1156.23 0.00273504 0.0407692 
/home/antonkov/masterWork/tests/samePrefixMarkedMtx2304/depth3/node5/test0_2.mtx 1.8 1862.41 0.00109873 0.0192593 
/home/antonkov/masterWork/tests/samePrefixMarkedMtx2304/depth3/node5/test0_2.mtx 1.9 3961.01 0.000392824 0.00666667 
/home/antonkov/masterWork/tests/samePrefixMarkedMtx2304/depth3/node5/test0_2.mtx 2 0 -1 -1 
/home/antonkov/masterWork/tests/samePrefixMarkedMtx2304/depth3/node5/test0_2.mtx 2.1 0 -1 -1 
/home/antonkov/masterWork/tests/samePrefixMarkedMtx2304/depth3/node5/test0_2.mtx 2.2 0 -1 -1 
/home/antonkov/masterWork/tests/samePrefixMarkedMtx2304/depth3/node5/test0_2.mtx 2.3 0 -1 -1 
/home/antonkov/masterWork/tests/samePrefixMarkedMtx2304/depth3/node5/test0_2.mtx 2.4 0 -1 -1 
/home/antonkov/masterWork/tests/samePrefixMarkedMtx2304/depth3/node5/test0_2.mtx 2.5 0 -1 -1 
/home/antonkov/masterWork/tests/samePrefixMarkedMtx2304/depth3/node5/test0_2.mtx 2.6 0 -1 -1 
/home/antonkov/masterWork/tests/samePrefixMarkedMtx2304/depth3/node5/test0_2.mtx 2.7 0 -1 -1 
/home/antonkov/masterWork/tests/samePrefixMarkedMtx2304/depth3/node5/test0_2.mtx 2.8 0 -1 -1 
/home/antonkov/masterWork/tests/samePrefixMarkedMtx2304/depth3/node5/test0_2.mtx 2.9 0 -1 -1 
/home/antonkov/masterWork/tests/samePrefixMarkedMtx2304/depth3/node5/test0_2.mtx 3 0 -1 -1 
/home/antonkov/masterWork/tests/samePrefixMarkedMtx2304/depth3/node5/test0_2.mtx 3.1 0 -1 -1 
/home/antonkov/masterWork/tests/samePrefixMarkedMtx2304/depth3/node5/test0_2.mtx 3.2 0 -1 -1 
/home/antonkov/masterWork/tests/samePrefixMarkedMtx2304/depth3/node5/test0_2.mtx 3.3 0 -1 -1 
/home/antonkov/masterWork/tests/samePrefixMarkedMtx2304/depth3/node5/test0_2.mtx 3.4 0 -1 -1 
/home/antonkov/masterWork/tests/samePrefixMarkedMtx2304/depth3/node5/test0_2.mtx 3.5 0 -1 -1 
/home/antonkov/masterWork/tests/samePrefixMarkedMtx2304/depth3/node5/test0_3.mtx 1 454.117 0.0754861 0.88 
/home/antonkov/masterWork/tests/samePrefixMarkedMtx2304/depth3/node5/test0_3.mtx 1.1 450.219 0.0618533 0.77 
/home/antonkov/masterWork/tests/samePrefixMarkedMtx2304/depth3/node5/test0_3.mtx 1.2 433.048 0.0462717 0.59 
/home/antonkov/masterWork/tests/samePrefixMarkedMtx2304/depth3/node5/test0_3.mtx 1.3 543.911 0.0359071 0.49 
/home/antonkov/masterWork/tests/samePrefixMarkedMtx2304/depth3/node5/test0_3.mtx 1.4 517.315 0.0229818 0.34 
/home/antonkov/masterWork/tests/samePrefixMarkedMtx2304/depth3/node5/test0_3.mtx 1.5 585.623 0.0130281 0.19 
/home/antonkov/masterWork/tests/samePrefixMarkedMtx2304/depth3/node5/test0_3.mtx 1.6 772.956 0.00652633 0.1 
/home/antonkov/masterWork/tests/samePrefixMarkedMtx2304/depth3/node5/test0_3.mtx 1.7 906.77 0.00356385 0.0566667 
/home/antonkov/masterWork/tests/samePrefixMarkedMtx2304/depth3/node5/test0_3.mtx 1.8 1499.52 0.00136574 0.0242857 
/home/antonkov/masterWork/tests/samePrefixMarkedMtx2304/depth3/node5/test0_3.mtx 1.9 2921 0.000591613 0.00961538 
/home/antonkov/masterWork/tests/samePrefixMarkedMtx2304/depth3/node5/test0_3.mtx 2 0 -1 -1 
/home/antonkov/masterWork/tests/samePrefixMarkedMtx2304/depth3/node5/test0_3.mtx 2.1 0 -1 -1 
/home/antonkov/masterWork/tests/samePrefixMarkedMtx2304/depth3/node5/test0_3.mtx 2.2 0 -1 -1 
/home/antonkov/masterWork/tests/samePrefixMarkedMtx2304/depth3/node5/test0_3.mtx 2.3 0 -1 -1 
/home/antonkov/masterWork/tests/samePrefixMarkedMtx2304/depth3/node5/test0_3.mtx 2.4 0 -1 -1 
/home/antonkov/masterWork/tests/samePrefixMarkedMtx2304/depth3/node5/test0_3.mtx 2.5 0 -1 -1 
/home/antonkov/masterWork/tests/samePrefixMarkedMtx2304/depth3/node5/test0_3.mtx 2.6 0 -1 -1 
/home/antonkov/masterWork/tests/samePrefixMarkedMtx2304/depth3/node5/test0_3.mtx 2.7 0 -1 -1 
/home/antonkov/masterWork/tests/samePrefixMarkedMtx2304/depth3/node5/test0_3.mtx 2.8 0 -1 -1 
/home/antonkov/masterWork/tests/samePrefixMarkedMtx2304/depth3/node5/test0_3.mtx 2.9 0 -1 -1 
/home/antonkov/masterWork/tests/samePrefixMarkedMtx2304/depth3/node5/test0_3.mtx 3 0 -1 -1 
/home/antonkov/masterWork/tests/samePrefixMarkedMtx2304/depth3/node5/test0_3.mtx 3.1 0 -1 -1 
/home/antonkov/masterWork/tests/samePrefixMarkedMtx2304/depth3/node5/test0_3.mtx 3.2 0 -1 -1 
/home/antonkov/masterWork/tests/samePrefixMarkedMtx2304/depth3/node5/test0_3.mtx 3.3 0 -1 -1 
/home/antonkov/masterWork/tests/samePrefixMarkedMtx2304/depth3/node5/test0_3.mtx 3.4 0 -1 -1 
/home/antonkov/masterWork/tests/samePrefixMarkedMtx2304/depth3/node5/test0_3.mtx 3.5 0 -1 -1 
/home/antonkov/masterWork/tests/samePrefixMarkedMtx2304/depth3/node5/test0_4.mtx 1 462.321 0.0769358 0.88 
/home/antonkov/masterWork/tests/samePrefixMarkedMtx2304/depth3/node5/test0_4.mtx 1.1 448.675 0.066467 0.83 
/home/antonkov/masterWork/tests/samePrefixMarkedMtx2304/depth3/node5/test0_4.mtx 1.2 429.176 0.0502127 0.66 
/home/antonkov/masterWork/tests/samePrefixMarkedMtx2304/depth3/node5/test0_4.mtx 1.3 551.033 0.039375 0.515 
/home/antonkov/masterWork/tests/samePrefixMarkedMtx2304/depth3/node5/test0_4.mtx 1.4 532.199 0.026964 0.37 
/home/antonkov/masterWork/tests/samePrefixMarkedMtx2304/depth3/node5/test0_4.mtx 1.5 489.928 0.0183702 0.255 
/home/antonkov/masterWork/tests/samePrefixMarkedMtx2304/depth3/node5/test0_4.mtx 1.6 614.835 0.00921441 0.14 
/home/antonkov/masterWork/tests/samePrefixMarkedMtx2304/depth3/node5/test0_4.mtx 1.7 847.112 0.00420302 0.07 
/home/antonkov/masterWork/tests/samePrefixMarkedMtx2304/depth3/node5/test0_4.mtx 1.8 1534.89 0.00151848 0.0242857 
/home/antonkov/masterWork/tests/samePrefixMarkedMtx2304/depth3/node5/test0_4.mtx 1.9 2818.76 0.000593366 0.00980769 
/home/antonkov/masterWork/tests/samePrefixMarkedMtx2304/depth3/node5/test0_4.mtx 2 0 -1 -1 
/home/antonkov/masterWork/tests/samePrefixMarkedMtx2304/depth3/node5/test0_4.mtx 2.1 0 -1 -1 
/home/antonkov/masterWork/tests/samePrefixMarkedMtx2304/depth3/node5/test0_4.mtx 2.2 0 -1 -1 
/home/antonkov/masterWork/tests/samePrefixMarkedMtx2304/depth3/node5/test0_4.mtx 2.3 0 -1 -1 
/home/antonkov/masterWork/tests/samePrefixMarkedMtx2304/depth3/node5/test0_4.mtx 2.4 0 -1 -1 
/home/antonkov/masterWork/tests/samePrefixMarkedMtx2304/depth3/node5/test0_4.mtx 2.5 0 -1 -1 
/home/antonkov/masterWork/tests/samePrefixMarkedMtx2304/depth3/node5/test0_4.mtx 2.6 0 -1 -1 
/home/antonkov/masterWork/tests/samePrefixMarkedMtx2304/depth3/node5/test0_4.mtx 2.7 0 -1 -1 
/home/antonkov/masterWork/tests/samePrefixMarkedMtx2304/depth3/node5/test0_4.mtx 2.8 0 -1 -1 
/home/antonkov/masterWork/tests/samePrefixMarkedMtx2304/depth3/node5/test0_4.mtx 2.9 0 -1 -1 
/home/antonkov/masterWork/tests/samePrefixMarkedMtx2304/depth3/node5/test0_4.mtx 3 0 -1 -1 
/home/antonkov/masterWork/tests/samePrefixMarkedMtx2304/depth3/node5/test0_4.mtx 3.1 0 -1 -1 
/home/antonkov/masterWork/tests/samePrefixMarkedMtx2304/depth3/node5/test0_4.mtx 3.2 0 -1 -1 
/home/antonkov/masterWork/tests/samePrefixMarkedMtx2304/depth3/node5/test0_4.mtx 3.3 0 -1 -1 
/home/antonkov/masterWork/tests/samePrefixMarkedMtx2304/depth3/node5/test0_4.mtx 3.4 0 -1 -1 
/home/antonkov/masterWork/tests/samePrefixMarkedMtx2304/depth3/node5/test0_4.mtx 3.5 0 -1 -1 
/home/antonkov/masterWork/tests/samePrefixMarkedMtx2304/depth3/node5/test1_0.mtx 1 400.781 0.0737066 0.88 
/home/antonkov/masterWork/tests/samePrefixMarkedMtx2304/depth3/node5/test1_0.mtx 1.1 398.613 0.0608116 0.76 
/home/antonkov/masterWork/tests/samePrefixMarkedMtx2304/depth3/node5/test1_0.mtx 1.2 376.66 0.0449653 0.6 
/home/antonkov/masterWork/tests/samePrefixMarkedMtx2304/depth3/node5/test1_0.mtx 1.3 477.548 0.0315082 0.435 
/home/antonkov/masterWork/tests/samePrefixMarkedMtx2304/depth3/node5/test1_0.mtx 1.4 543.526 0.0174494 0.246667 
/home/antonkov/masterWork/tests/samePrefixMarkedMtx2304/depth3/node5/test1_0.mtx 1.5 599.464 0.0114594 0.165 
/home/antonkov/masterWork/tests/samePrefixMarkedMtx2304/depth3/node5/test1_0.mtx 1.6 702.615 0.00602865 0.0916667 
/home/antonkov/masterWork/tests/samePrefixMarkedMtx2304/depth3/node5/test1_0.mtx 1.7 949.282 0.00312934 0.0481818 
/home/antonkov/masterWork/tests/samePrefixMarkedMtx2304/depth3/node5/test1_0.mtx 1.8 1784.21 0.00127765 0.0188889 
/home/antonkov/masterWork/tests/samePrefixMarkedMtx2304/depth3/node5/test1_0.mtx 1.9 4097.24 0.000384516 0.00617284 
/home/antonkov/masterWork/tests/samePrefixMarkedMtx2304/depth3/node5/test1_0.mtx 2 0 -1 -1 
/home/antonkov/masterWork/tests/samePrefixMarkedMtx2304/depth3/node5/test1_0.mtx 2.1 0 -1 -1 
/home/antonkov/masterWork/tests/samePrefixMarkedMtx2304/depth3/node5/test1_0.mtx 2.2 0 -1 -1 
/home/antonkov/masterWork/tests/samePrefixMarkedMtx2304/depth3/node5/test1_0.mtx 2.3 0 -1 -1 
/home/antonkov/masterWork/tests/samePrefixMarkedMtx2304/depth3/node5/test1_0.mtx 2.4 0 -1 -1 
/home/antonkov/masterWork/tests/samePrefixMarkedMtx2304/depth3/node5/test1_0.mtx 2.5 0 -1 -1 
/home/antonkov/masterWork/tests/samePrefixMarkedMtx2304/depth3/node5/test1_0.mtx 2.6 0 -1 -1 
/home/antonkov/masterWork/tests/samePrefixMarkedMtx2304/depth3/node5/test1_0.mtx 2.7 0 -1 -1 
/home/antonkov/masterWork/tests/samePrefixMarkedMtx2304/depth3/node5/test1_0.mtx 2.8 0 -1 -1 
/home/antonkov/masterWork/tests/samePrefixMarkedMtx2304/depth3/node5/test1_0.mtx 2.9 0 -1 -1 
/home/antonkov/masterWork/tests/samePrefixMarkedMtx2304/depth3/node5/test1_0.mtx 3 0 -1 -1 
/home/antonkov/masterWork/tests/samePrefixMarkedMtx2304/depth3/node5/test1_0.mtx 3.1 0 -1 -1 
/home/antonkov/masterWork/tests/samePrefixMarkedMtx2304/depth3/node5/test1_0.mtx 3.2 0 -1 -1 
/home/antonkov/masterWork/tests/samePrefixMarkedMtx2304/depth3/node5/test1_0.mtx 3.3 0 -1 -1 
/home/antonkov/masterWork/tests/samePrefixMarkedMtx2304/depth3/node5/test1_0.mtx 3.4 0 -1 -1 
/home/antonkov/masterWork/tests/samePrefixMarkedMtx2304/depth3/node5/test1_0.mtx 3.5 0 -1 -1 
/home/antonkov/masterWork/tests/samePrefixMarkedMtx2304/depth3/node5/test1_1.mtx 1 399.742 0.0740017 0.87 
/home/antonkov/masterWork/tests/samePrefixMarkedMtx2304/depth3/node5/test1_1.mtx 1.1 394.69 0.0614931 0.76 
/home/antonkov/masterWork/tests/samePrefixMarkedMtx2304/depth3/node5/test1_1.mtx 1.2 378.986 0.0455556 0.58 
/home/antonkov/masterWork/tests/samePrefixMarkedMtx2304/depth3/node5/test1_1.mtx 1.3 483.039 0.0348003 0.485 
/home/antonkov/masterWork/tests/samePrefixMarkedMtx2304/depth3/node5/test1_1.mtx 1.4 460.386 0.0217339 0.305 
/home/antonkov/masterWork/tests/samePrefixMarkedMtx2304/depth3/node5/test1_1.mtx 1.5 528.116 0.0121036 0.18 
/home/antonkov/masterWork/tests/samePrefixMarkedMtx2304/depth3/node5/test1_1.mtx 1.6 719.798 0.00643736 0.0933333 
/home/antonkov/masterWork/tests/samePrefixMarkedMtx2304/depth3/node5/test1_1.mtx 1.7 1051.82 0.00297852 0.0466667 
/home/antonkov/masterWork/tests/samePrefixMarkedMtx2304/depth3/node5/test1_1.mtx 1.8 1818.69 0.00113233 0.0185185 
/home/antonkov/masterWork/tests/samePrefixMarkedMtx2304/depth3/node5/test1_1.mtx 1.9 4676.43 0.000277448 0.00543478 
/home/antonkov/masterWork/tests/samePrefixMarkedMtx2304/depth3/node5/test1_1.mtx 2 0 -1 -1 
/home/antonkov/masterWork/tests/samePrefixMarkedMtx2304/depth3/node5/test1_1.mtx 2.1 0 -1 -1 
/home/antonkov/masterWork/tests/samePrefixMarkedMtx2304/depth3/node5/test1_1.mtx 2.2 0 -1 -1 
/home/antonkov/masterWork/tests/samePrefixMarkedMtx2304/depth3/node5/test1_1.mtx 2.3 0 -1 -1 
/home/antonkov/masterWork/tests/samePrefixMarkedMtx2304/depth3/node5/test1_1.mtx 2.4 0 -1 -1 
/home/antonkov/masterWork/tests/samePrefixMarkedMtx2304/depth3/node5/test1_1.mtx 2.5 0 -1 -1 
/home/antonkov/masterWork/tests/samePrefixMarkedMtx2304/depth3/node5/test1_1.mtx 2.6 0 -1 -1 
/home/antonkov/masterWork/tests/samePrefixMarkedMtx2304/depth3/node5/test1_1.mtx 2.7 0 -1 -1 
/home/antonkov/masterWork/tests/samePrefixMarkedMtx2304/depth3/node5/test1_1.mtx 2.8 0 -1 -1 
/home/antonkov/masterWork/tests/samePrefixMarkedMtx2304/depth3/node5/test1_1.mtx 2.9 0 -1 -1 
/home/antonkov/masterWork/tests/samePrefixMarkedMtx2304/depth3/node5/test1_1.mtx 3 0 -1 -1 
/home/antonkov/masterWork/tests/samePrefixMarkedMtx2304/depth3/node5/test1_1.mtx 3.1 0 -1 -1 
/home/antonkov/masterWork/tests/samePrefixMarkedMtx2304/depth3/node5/test1_1.mtx 3.2 0 -1 -1 
/home/antonkov/masterWork/tests/samePrefixMarkedMtx2304/depth3/node5/test1_1.mtx 3.3 0 -1 -1 
/home/antonkov/masterWork/tests/samePrefixMarkedMtx2304/depth3/node5/test1_1.mtx 3.4 0 -1 -1 
/home/antonkov/masterWork/tests/samePrefixMarkedMtx2304/depth3/node5/test1_1.mtx 3.5 0 -1 -1 
/home/antonkov/masterWork/tests/samePrefixMarkedMtx2304/depth3/node5/test1_2.mtx 1 408.117 0.0807899 0.93 
/home/antonkov/masterWork/tests/samePrefixMarkedMtx2304/depth3/node5/test1_2.mtx 1.1 401.708 0.0642708 0.78 
/home/antonkov/masterWork/tests/samePrefixMarkedMtx2304/depth3/node5/test1_2.mtx 1.2 385.444 0.0467057 0.61 
/home/antonkov/masterWork/tests/samePrefixMarkedMtx2304/depth3/node5/test1_2.mtx 1.3 482.804 0.0328168 0.425 
/home/antonkov/masterWork/tests/samePrefixMarkedMtx2304/depth3/node5/test1_2.mtx 1.4 453.445 0.020013 0.29 
/home/antonkov/masterWork/tests/samePrefixMarkedMtx2304/depth3/node5/test1_2.mtx 1.5 595.579 0.00953234 0.135 
/home/antonkov/masterWork/tests/samePrefixMarkedMtx2304/depth3/node5/test1_2.mtx 1.6 780.136 0.00577567 0.0842857 
/home/antonkov/masterWork/tests/samePrefixMarkedMtx2304/depth3/node5/test1_2.mtx 1.7 1160.49 0.00267113 0.0392857 
/home/antonkov/masterWork/tests/samePrefixMarkedMtx2304/depth3/node5/test1_2.mtx 1.8 2270.31 0.000802152 0.0134211 
/home/antonkov/masterWork/tests/samePrefixMarkedMtx2304/depth3/node5/test1_2.mtx 1.9 4696.47 0.000302951 0.00526316 
/home/antonkov/masterWork/tests/samePrefixMarkedMtx2304/depth3/node5/test1_2.mtx 2 0 -1 -1 
/home/antonkov/masterWork/tests/samePrefixMarkedMtx2304/depth3/node5/test1_2.mtx 2.1 0 -1 -1 
/home/antonkov/masterWork/tests/samePrefixMarkedMtx2304/depth3/node5/test1_2.mtx 2.2 0 -1 -1 
/home/antonkov/masterWork/tests/samePrefixMarkedMtx2304/depth3/node5/test1_2.mtx 2.3 0 -1 -1 
/home/antonkov/masterWork/tests/samePrefixMarkedMtx2304/depth3/node5/test1_2.mtx 2.4 0 -1 -1 
/home/antonkov/masterWork/tests/samePrefixMarkedMtx2304/depth3/node5/test1_2.mtx 2.5 0 -1 -1 
/home/antonkov/masterWork/tests/samePrefixMarkedMtx2304/depth3/node5/test1_2.mtx 2.6 0 -1 -1 
/home/antonkov/masterWork/tests/samePrefixMarkedMtx2304/depth3/node5/test1_2.mtx 2.7 0 -1 -1 
/home/antonkov/masterWork/tests/samePrefixMarkedMtx2304/depth3/node5/test1_2.mtx 2.8 0 -1 -1 
/home/antonkov/masterWork/tests/samePrefixMarkedMtx2304/depth3/node5/test1_2.mtx 2.9 0 -1 -1 
/home/antonkov/masterWork/tests/samePrefixMarkedMtx2304/depth3/node5/test1_2.mtx 3 0 -1 -1 
/home/antonkov/masterWork/tests/samePrefixMarkedMtx2304/depth3/node5/test1_2.mtx 3.1 0 -1 -1 
/home/antonkov/masterWork/tests/samePrefixMarkedMtx2304/depth3/node5/test1_2.mtx 3.2 0 -1 -1 
/home/antonkov/masterWork/tests/samePrefixMarkedMtx2304/depth3/node5/test1_2.mtx 3.3 0 -1 -1 
/home/antonkov/masterWork/tests/samePrefixMarkedMtx2304/depth3/node5/test1_2.mtx 3.4 0 -1 -1 
/home/antonkov/masterWork/tests/samePrefixMarkedMtx2304/depth3/node5/test1_2.mtx 3.5 0 -1 -1 
/home/antonkov/masterWork/tests/samePrefixMarkedMtx2304/depth3/node5/test1_3.mtx 1 401.703 0.0728255 0.83 
/home/antonkov/masterWork/tests/samePrefixMarkedMtx2304/depth3/node5/test1_3.mtx 1.1 393.515 0.0624132 0.74 
/home/antonkov/masterWork/tests/samePrefixMarkedMtx2304/depth3/node5/test1_3.mtx 1.2 388.329 0.0496788 0.61 
/home/antonkov/masterWork/tests/samePrefixMarkedMtx2304/depth3/node5/test1_3.mtx 1.3 486.48 0.0337088 0.465 
/home/antonkov/masterWork/tests/samePrefixMarkedMtx2304/depth3/node5/test1_3.mtx 1.4 458.168 0.0196398 0.285 
/home/antonkov/masterWork/tests/samePrefixMarkedMtx2304/depth3/node5/test1_3.mtx 1.5 599.856 0.0106076 0.1525 
/home/antonkov/masterWork/tests/samePrefixMarkedMtx2304/depth3/node5/test1_3.mtx 1.6 708.536 0.00534288 0.0883333 
/home/antonkov/masterWork/tests/samePrefixMarkedMtx2304/depth3/node5/test1_3.mtx 1.7 1213.13 0.00217737 0.034 
/home/antonkov/masterWork/tests/samePrefixMarkedMtx2304/depth3/node5/test1_3.mtx 1.8 2451.05 0.000786369 0.0135897 
/home/antonkov/masterWork/tests/samePrefixMarkedMtx2304/depth3/node5/test1_3.mtx 1.9 5155.27 0.000278671 0.005 
/home/antonkov/masterWork/tests/samePrefixMarkedMtx2304/depth3/node5/test1_3.mtx 2 0 -1 -1 
/home/antonkov/masterWork/tests/samePrefixMarkedMtx2304/depth3/node5/test1_3.mtx 2.1 0 -1 -1 
/home/antonkov/masterWork/tests/samePrefixMarkedMtx2304/depth3/node5/test1_3.mtx 2.2 0 -1 -1 
/home/antonkov/masterWork/tests/samePrefixMarkedMtx2304/depth3/node5/test1_3.mtx 2.3 0 -1 -1 
/home/antonkov/masterWork/tests/samePrefixMarkedMtx2304/depth3/node5/test1_3.mtx 2.4 0 -1 -1 
/home/antonkov/masterWork/tests/samePrefixMarkedMtx2304/depth3/node5/test1_3.mtx 2.5 0 -1 -1 
/home/antonkov/masterWork/tests/samePrefixMarkedMtx2304/depth3/node5/test1_3.mtx 2.6 0 -1 -1 
/home/antonkov/masterWork/tests/samePrefixMarkedMtx2304/depth3/node5/test1_3.mtx 2.7 0 -1 -1 
/home/antonkov/masterWork/tests/samePrefixMarkedMtx2304/depth3/node5/test1_3.mtx 2.8 0 -1 -1 
/home/antonkov/masterWork/tests/samePrefixMarkedMtx2304/depth3/node5/test1_3.mtx 2.9 0 -1 -1 
/home/antonkov/masterWork/tests/samePrefixMarkedMtx2304/depth3/node5/test1_3.mtx 3 0 -1 -1 
/home/antonkov/masterWork/tests/samePrefixMarkedMtx2304/depth3/node5/test1_3.mtx 3.1 0 -1 -1 
/home/antonkov/masterWork/tests/samePrefixMarkedMtx2304/depth3/node5/test1_3.mtx 3.2 0 -1 -1 
/home/antonkov/masterWork/tests/samePrefixMarkedMtx2304/depth3/node5/test1_3.mtx 3.3 0 -1 -1 
/home/antonkov/masterWork/tests/samePrefixMarkedMtx2304/depth3/node5/test1_3.mtx 3.4 0 -1 -1 
/home/antonkov/masterWork/tests/samePrefixMarkedMtx2304/depth3/node5/test1_3.mtx 3.5 0 -1 -1 
/home/antonkov/masterWork/tests/samePrefixMarkedMtx2304/depth3/node5/test1_4.mtx 1 410.86 0.0763672 0.88 
/home/antonkov/masterWork/tests/samePrefixMarkedMtx2304/depth3/node5/test1_4.mtx 1.1 408.488 0.0603255 0.74 
/home/antonkov/masterWork/tests/samePrefixMarkedMtx2304/depth3/node5/test1_4.mtx 1.2 384.787 0.0457378 0.61 
/home/antonkov/masterWork/tests/samePrefixMarkedMtx2304/depth3/node5/test1_4.mtx 1.3 500.004 0.0336198 0.475 
/home/antonkov/masterWork/tests/samePrefixMarkedMtx2304/depth3/node5/test1_4.mtx 1.4 450.442 0.0195226 0.28 
/home/antonkov/masterWork/tests/samePrefixMarkedMtx2304/depth3/node5/test1_4.mtx 1.5 614.863 0.009324 0.1375 
/home/antonkov/masterWork/tests/samePrefixMarkedMtx2304/depth3/node5/test1_4.mtx 1.6 766.302 0.00542039 0.0814286 
/home/antonkov/masterWork/tests/samePrefixMarkedMtx2304/depth3/node5/test1_4.mtx 1.7 1144.42 0.00260448 0.0378571 
/home/antonkov/masterWork/tests/samePrefixMarkedMtx2304/depth3/node5/test1_4.mtx 1.8 1898.96 0.00117245 0.017 
/home/antonkov/masterWork/tests/samePrefixMarkedMtx2304/depth3/node5/test1_4.mtx 1.9 4308.22 0.000362183 0.00588235 
/home/antonkov/masterWork/tests/samePrefixMarkedMtx2304/depth3/node5/test1_4.mtx 2 0 -1 -1 
/home/antonkov/masterWork/tests/samePrefixMarkedMtx2304/depth3/node5/test1_4.mtx 2.1 0 -1 -1 
/home/antonkov/masterWork/tests/samePrefixMarkedMtx2304/depth3/node5/test1_4.mtx 2.2 0 -1 -1 
/home/antonkov/masterWork/tests/samePrefixMarkedMtx2304/depth3/node5/test1_4.mtx 2.3 0 -1 -1 
/home/antonkov/masterWork/tests/samePrefixMarkedMtx2304/depth3/node5/test1_4.mtx 2.4 0 -1 -1 
/home/antonkov/masterWork/tests/samePrefixMarkedMtx2304/depth3/node5/test1_4.mtx 2.5 0 -1 -1 
/home/antonkov/masterWork/tests/samePrefixMarkedMtx2304/depth3/node5/test1_4.mtx 2.6 0 -1 -1 
/home/antonkov/masterWork/tests/samePrefixMarkedMtx2304/depth3/node5/test1_4.mtx 2.7 0 -1 -1 
/home/antonkov/masterWork/tests/samePrefixMarkedMtx2304/depth3/node5/test1_4.mtx 2.8 0 -1 -1 
/home/antonkov/masterWork/tests/samePrefixMarkedMtx2304/depth3/node5/test1_4.mtx 2.9 0 -1 -1 
/home/antonkov/masterWork/tests/samePrefixMarkedMtx2304/depth3/node5/test1_4.mtx 3 0 -1 -1 
/home/antonkov/masterWork/tests/samePrefixMarkedMtx2304/depth3/node5/test1_4.mtx 3.1 0 -1 -1 
/home/antonkov/masterWork/tests/samePrefixMarkedMtx2304/depth3/node5/test1_4.mtx 3.2 0 -1 -1 
/home/antonkov/masterWork/tests/samePrefixMarkedMtx2304/depth3/node5/test1_4.mtx 3.3 0 -1 -1 
/home/antonkov/masterWork/tests/samePrefixMarkedMtx2304/depth3/node5/test1_4.mtx 3.4 0 -1 -1 
/home/antonkov/masterWork/tests/samePrefixMarkedMtx2304/depth3/node5/test1_4.mtx 3.5 0 -1 -1 
/home/antonkov/masterWork/tests/samePrefixMarkedMtx2304/depth3/node5/test2_0.mtx 1 454.984 0.0814106 0.96 
/home/antonkov/masterWork/tests/samePrefixMarkedMtx2304/depth3/node5/test2_0.mtx 1.1 447.843 0.0652778 0.79 
/home/antonkov/masterWork/tests/samePrefixMarkedMtx2304/depth3/node5/test2_0.mtx 1.2 442.077 0.0512891 0.69 
/home/antonkov/masterWork/tests/samePrefixMarkedMtx2304/depth3/node5/test2_0.mtx 1.3 546.494 0.0383442 0.545 
/home/antonkov/masterWork/tests/samePrefixMarkedMtx2304/depth3/node5/test2_0.mtx 1.4 502.601 0.0216992 0.305 
/home/antonkov/masterWork/tests/samePrefixMarkedMtx2304/depth3/node5/test2_0.mtx 1.5 560.402 0.011671 0.18 
/home/antonkov/masterWork/tests/samePrefixMarkedMtx2304/depth3/node5/test2_0.mtx 1.6 776.752 0.00637008 0.1 
/home/antonkov/masterWork/tests/samePrefixMarkedMtx2304/depth3/node5/test2_0.mtx 1.7 962.872 0.00323047 0.054 
/home/antonkov/masterWork/tests/samePrefixMarkedMtx2304/depth3/node5/test2_0.mtx 1.8 1626.73 0.00122301 0.0217391 
/home/antonkov/masterWork/tests/samePrefixMarkedMtx2304/depth3/node5/test2_0.mtx 1.9 3393.87 0.000478831 0.00806452 
/home/antonkov/masterWork/tests/samePrefixMarkedMtx2304/depth3/node5/test2_0.mtx 2 0 -1 -1 
/home/antonkov/masterWork/tests/samePrefixMarkedMtx2304/depth3/node5/test2_0.mtx 2.1 0 -1 -1 
/home/antonkov/masterWork/tests/samePrefixMarkedMtx2304/depth3/node5/test2_0.mtx 2.2 0 -1 -1 
/home/antonkov/masterWork/tests/samePrefixMarkedMtx2304/depth3/node5/test2_0.mtx 2.3 0 -1 -1 
/home/antonkov/masterWork/tests/samePrefixMarkedMtx2304/depth3/node5/test2_0.mtx 2.4 0 -1 -1 
/home/antonkov/masterWork/tests/samePrefixMarkedMtx2304/depth3/node5/test2_0.mtx 2.5 0 -1 -1 
/home/antonkov/masterWork/tests/samePrefixMarkedMtx2304/depth3/node5/test2_0.mtx 2.6 0 -1 -1 
/home/antonkov/masterWork/tests/samePrefixMarkedMtx2304/depth3/node5/test2_0.mtx 2.7 0 -1 -1 
/home/antonkov/masterWork/tests/samePrefixMarkedMtx2304/depth3/node5/test2_0.mtx 2.8 0 -1 -1 
/home/antonkov/masterWork/tests/samePrefixMarkedMtx2304/depth3/node5/test2_0.mtx 2.9 0 -1 -1 
/home/antonkov/masterWork/tests/samePrefixMarkedMtx2304/depth3/node5/test2_0.mtx 3 0 -1 -1 
/home/antonkov/masterWork/tests/samePrefixMarkedMtx2304/depth3/node5/test2_0.mtx 3.1 0 -1 -1 
/home/antonkov/masterWork/tests/samePrefixMarkedMtx2304/depth3/node5/test2_0.mtx 3.2 0 -1 -1 
/home/antonkov/masterWork/tests/samePrefixMarkedMtx2304/depth3/node5/test2_0.mtx 3.3 0 -1 -1 
/home/antonkov/masterWork/tests/samePrefixMarkedMtx2304/depth3/node5/test2_0.mtx 3.4 0 -1 -1 
/home/antonkov/masterWork/tests/samePrefixMarkedMtx2304/depth3/node5/test2_0.mtx 3.5 0 -1 -1 
/home/antonkov/masterWork/tests/samePrefixMarkedMtx2304/depth3/node5/test2_1.mtx 1 449.636 0.0814627 0.91 
/home/antonkov/masterWork/tests/samePrefixMarkedMtx2304/depth3/node5/test2_1.mtx 1.1 453.369 0.0714583 0.86 
/home/antonkov/masterWork/tests/samePrefixMarkedMtx2304/depth3/node5/test2_1.mtx 1.2 439.895 0.0544878 0.68 
/home/antonkov/masterWork/tests/samePrefixMarkedMtx2304/depth3/node5/test2_1.mtx 1.3 425.405 0.0423438 0.55 
/home/antonkov/masterWork/tests/samePrefixMarkedMtx2304/depth3/node5/test2_1.mtx 1.4 518.819 0.0306445 0.405 
/home/antonkov/masterWork/tests/samePrefixMarkedMtx2304/depth3/node5/test2_1.mtx 1.5 477.875 0.0188086 0.255 
/home/antonkov/masterWork/tests/samePrefixMarkedMtx2304/depth3/node5/test2_1.mtx 1.6 616.161 0.0100955 0.1475 
/home/antonkov/masterWork/tests/samePrefixMarkedMtx2304/depth3/node5/test2_1.mtx 1.7 960.395 0.00348307 0.05 
/home/antonkov/masterWork/tests/samePrefixMarkedMtx2304/depth3/node5/test2_1.mtx 1.8 1564.95 0.00165158 0.0252381 
/home/antonkov/masterWork/tests/samePrefixMarkedMtx2304/depth3/node5/test2_1.mtx 1.9 2771.44 0.000613839 0.0102041 
/home/antonkov/masterWork/tests/samePrefixMarkedMtx2304/depth3/node5/test2_1.mtx 2 9025.13 0.000148513 0.00246377 
/home/antonkov/masterWork/tests/samePrefixMarkedMtx2304/depth3/node5/test2_1.mtx 2.1 0 -1 -1 
/home/antonkov/masterWork/tests/samePrefixMarkedMtx2304/depth3/node5/test2_1.mtx 2.2 0 -1 -1 
/home/antonkov/masterWork/tests/samePrefixMarkedMtx2304/depth3/node5/test2_1.mtx 2.3 0 -1 -1 
/home/antonkov/masterWork/tests/samePrefixMarkedMtx2304/depth3/node5/test2_1.mtx 2.4 0 -1 -1 
/home/antonkov/masterWork/tests/samePrefixMarkedMtx2304/depth3/node5/test2_1.mtx 2.5 0 -1 -1 
/home/antonkov/masterWork/tests/samePrefixMarkedMtx2304/depth3/node5/test2_1.mtx 2.6 0 -1 -1 
/home/antonkov/masterWork/tests/samePrefixMarkedMtx2304/depth3/node5/test2_1.mtx 2.7 0 -1 -1 
/home/antonkov/masterWork/tests/samePrefixMarkedMtx2304/depth3/node5/test2_1.mtx 2.8 0 -1 -1 
/home/antonkov/masterWork/tests/samePrefixMarkedMtx2304/depth3/node5/test2_1.mtx 2.9 0 -1 -1 
/home/antonkov/masterWork/tests/samePrefixMarkedMtx2304/depth3/node5/test2_1.mtx 3 0 -1 -1 
/home/antonkov/masterWork/tests/samePrefixMarkedMtx2304/depth3/node5/test2_1.mtx 3.1 0 -1 -1 
/home/antonkov/masterWork/tests/samePrefixMarkedMtx2304/depth3/node5/test2_1.mtx 3.2 0 -1 -1 
/home/antonkov/masterWork/tests/samePrefixMarkedMtx2304/depth3/node5/test2_1.mtx 3.3 0 -1 -1 
/home/antonkov/masterWork/tests/samePrefixMarkedMtx2304/depth3/node5/test2_1.mtx 3.4 0 -1 -1 
/home/antonkov/masterWork/tests/samePrefixMarkedMtx2304/depth3/node5/test2_1.mtx 3.5 0 -1 -1 
/home/antonkov/masterWork/tests/samePrefixMarkedMtx2304/depth3/node5/test2_2.mtx 1 455.239 0.0799306 0.91 
/home/antonkov/masterWork/tests/samePrefixMarkedMtx2304/depth3/node5/test2_2.mtx 1.1 456.137 0.0663889 0.78 
/home/antonkov/masterWork/tests/samePrefixMarkedMtx2304/depth3/node5/test2_2.mtx 1.2 441.753 0.0494965 0.62 
/home/antonkov/masterWork/tests/samePrefixMarkedMtx2304/depth3/node5/test2_2.mtx 1.3 547.278 0.0361502 0.47 
/home/antonkov/masterWork/tests/samePrefixMarkedMtx2304/depth3/node5/test2_2.mtx 1.4 509.917 0.0234787 0.325 
/home/antonkov/masterWork/tests/samePrefixMarkedMtx2304/depth3/node5/test2_2.mtx 1.5 570.427 0.0138296 0.213333 
/home/antonkov/masterWork/tests/samePrefixMarkedMtx2304/depth3/node5/test2_2.mtx 1.6 691.071 0.00730729 0.116 
/home/antonkov/masterWork/tests/samePrefixMarkedMtx2304/depth3/node5/test2_2.mtx 1.7 974.865 0.00312109 0.051 
/home/antonkov/masterWork/tests/samePrefixMarkedMtx2304/depth3/node5/test2_2.mtx 1.8 1445.98 0.00149414 0.0255 
/home/antonkov/masterWork/tests/samePrefixMarkedMtx2304/depth3/node5/test2_2.mtx 1.9 2727.45 0.000529071 0.0102041 
/home/antonkov/masterWork/tests/samePrefixMarkedMtx2304/depth3/node5/test2_2.mtx 2 5726.48 0.00016125 0.00408 
/home/antonkov/masterWork/tests/samePrefixMarkedMtx2304/depth3/node5/test2_2.mtx 2.1 0 -1 -1 
/home/antonkov/masterWork/tests/samePrefixMarkedMtx2304/depth3/node5/test2_2.mtx 2.2 0 -1 -1 
/home/antonkov/masterWork/tests/samePrefixMarkedMtx2304/depth3/node5/test2_2.mtx 2.3 0 -1 -1 
/home/antonkov/masterWork/tests/samePrefixMarkedMtx2304/depth3/node5/test2_2.mtx 2.4 0 -1 -1 
/home/antonkov/masterWork/tests/samePrefixMarkedMtx2304/depth3/node5/test2_2.mtx 2.5 0 -1 -1 
/home/antonkov/masterWork/tests/samePrefixMarkedMtx2304/depth3/node5/test2_2.mtx 2.6 0 -1 -1 
/home/antonkov/masterWork/tests/samePrefixMarkedMtx2304/depth3/node5/test2_2.mtx 2.7 0 -1 -1 
/home/antonkov/masterWork/tests/samePrefixMarkedMtx2304/depth3/node5/test2_2.mtx 2.8 0 -1 -1 
/home/antonkov/masterWork/tests/samePrefixMarkedMtx2304/depth3/node5/test2_2.mtx 2.9 0 -1 -1 
/home/antonkov/masterWork/tests/samePrefixMarkedMtx2304/depth3/node5/test2_2.mtx 3 0 -1 -1 
/home/antonkov/masterWork/tests/samePrefixMarkedMtx2304/depth3/node5/test2_2.mtx 3.1 0 -1 -1 
/home/antonkov/masterWork/tests/samePrefixMarkedMtx2304/depth3/node5/test2_2.mtx 3.2 0 -1 -1 
/home/antonkov/masterWork/tests/samePrefixMarkedMtx2304/depth3/node5/test2_2.mtx 3.3 0 -1 -1 
/home/antonkov/masterWork/tests/samePrefixMarkedMtx2304/depth3/node5/test2_2.mtx 3.4 0 -1 -1 
/home/antonkov/masterWork/tests/samePrefixMarkedMtx2304/depth3/node5/test2_2.mtx 3.5 0 -1 -1 
/home/antonkov/masterWork/tests/samePrefixMarkedMtx2304/depth3/node5/test2_3.mtx 1 453.93 0.0836415 0.93 
/home/antonkov/masterWork/tests/samePrefixMarkedMtx2304/depth3/node5/test2_3.mtx 1.1 456.52 0.073138 0.89 
/home/antonkov/masterWork/tests/samePrefixMarkedMtx2304/depth3/node5/test2_3.mtx 1.2 448.076 0.0592491 0.75 
/home/antonkov/masterWork/tests/samePrefixMarkedMtx2304/depth3/node5/test2_3.mtx 1.3 421.98 0.0411806 0.58 
/home/antonkov/masterWork/tests/samePrefixMarkedMtx2304/depth3/node5/test2_3.mtx 1.4 521.428 0.0282704 0.395 
/home/antonkov/masterWork/tests/samePrefixMarkedMtx2304/depth3/node5/test2_3.mtx 1.5 585.953 0.0168186 0.233333 
/home/antonkov/masterWork/tests/samePrefixMarkedMtx2304/depth3/node5/test2_3.mtx 1.6 702.941 0.0069809 0.104 
/home/antonkov/masterWork/tests/samePrefixMarkedMtx2304/depth3/node5/test2_3.mtx 1.7 975.387 0.00373915 0.059 
/home/antonkov/masterWork/tests/samePrefixMarkedMtx2304/depth3/node5/test2_3.mtx 1.8 1555.04 0.00132694 0.0227273 
/home/antonkov/masterWork/tests/samePrefixMarkedMtx2304/depth3/node5/test2_3.mtx 1.9 3555.82 0.000459551 0.00746269 
/home/antonkov/masterWork/tests/samePrefixMarkedMtx2304/depth3/node5/test2_3.mtx 2 0 -1 -1 
/home/antonkov/masterWork/tests/samePrefixMarkedMtx2304/depth3/node5/test2_3.mtx 2.1 0 -1 -1 
/home/antonkov/masterWork/tests/samePrefixMarkedMtx2304/depth3/node5/test2_3.mtx 2.2 0 -1 -1 
/home/antonkov/masterWork/tests/samePrefixMarkedMtx2304/depth3/node5/test2_3.mtx 2.3 0 -1 -1 
/home/antonkov/masterWork/tests/samePrefixMarkedMtx2304/depth3/node5/test2_3.mtx 2.4 0 -1 -1 
/home/antonkov/masterWork/tests/samePrefixMarkedMtx2304/depth3/node5/test2_3.mtx 2.5 0 -1 -1 
/home/antonkov/masterWork/tests/samePrefixMarkedMtx2304/depth3/node5/test2_3.mtx 2.6 0 -1 -1 
/home/antonkov/masterWork/tests/samePrefixMarkedMtx2304/depth3/node5/test2_3.mtx 2.7 0 -1 -1 
/home/antonkov/masterWork/tests/samePrefixMarkedMtx2304/depth3/node5/test2_3.mtx 2.8 0 -1 -1 
/home/antonkov/masterWork/tests/samePrefixMarkedMtx2304/depth3/node5/test2_3.mtx 2.9 0 -1 -1 
/home/antonkov/masterWork/tests/samePrefixMarkedMtx2304/depth3/node5/test2_3.mtx 3 0 -1 -1 
/home/antonkov/masterWork/tests/samePrefixMarkedMtx2304/depth3/node5/test2_3.mtx 3.1 0 -1 -1 
/home/antonkov/masterWork/tests/samePrefixMarkedMtx2304/depth3/node5/test2_3.mtx 3.2 0 -1 -1 
/home/antonkov/masterWork/tests/samePrefixMarkedMtx2304/depth3/node5/test2_3.mtx 3.3 0 -1 -1 
/home/antonkov/masterWork/tests/samePrefixMarkedMtx2304/depth3/node5/test2_3.mtx 3.4 0 -1 -1 
/home/antonkov/masterWork/tests/samePrefixMarkedMtx2304/depth3/node5/test2_3.mtx 3.5 0 -1 -1 
/home/antonkov/masterWork/tests/samePrefixMarkedMtx2304/depth3/node5/test2_4.mtx 1 453.654 0.0810113 0.94 
/home/antonkov/masterWork/tests/samePrefixMarkedMtx2304/depth3/node5/test2_4.mtx 1.1 447.437 0.0672873 0.85 
/home/antonkov/masterWork/tests/samePrefixMarkedMtx2304/depth3/node5/test2_4.mtx 1.2 440.27 0.0515842 0.68 
/home/antonkov/masterWork/tests/samePrefixMarkedMtx2304/depth3/node5/test2_4.mtx 1.3 416.147 0.0383681 0.53 
/home/antonkov/masterWork/tests/samePrefixMarkedMtx2304/depth3/node5/test2_4.mtx 1.4 504.085 0.0249805 0.34 
/home/antonkov/masterWork/tests/samePrefixMarkedMtx2304/depth3/node5/test2_4.mtx 1.5 565.154 0.0143981 0.21 
/home/antonkov/masterWork/tests/samePrefixMarkedMtx2304/depth3/node5/test2_4.mtx 1.6 688.853 0.00755903 0.118 
/home/antonkov/masterWork/tests/samePrefixMarkedMtx2304/depth3/node5/test2_4.mtx 1.7 917.297 0.00409915 0.0633333 
/home/antonkov/masterWork/tests/samePrefixMarkedMtx2304/depth3/node5/test2_4.mtx 1.8 1346.6 0.00175709 0.0288889 
/home/antonkov/masterWork/tests/samePrefixMarkedMtx2304/depth3/node5/test2_4.mtx 1.9 2880.34 0.000585604 0.00961538 
/home/antonkov/masterWork/tests/samePrefixMarkedMtx2304/depth3/node5/test2_4.mtx 2 0 -1 -1 
/home/antonkov/masterWork/tests/samePrefixMarkedMtx2304/depth3/node5/test2_4.mtx 2.1 0 -1 -1 
/home/antonkov/masterWork/tests/samePrefixMarkedMtx2304/depth3/node5/test2_4.mtx 2.2 0 -1 -1 
/home/antonkov/masterWork/tests/samePrefixMarkedMtx2304/depth3/node5/test2_4.mtx 2.3 0 -1 -1 
/home/antonkov/masterWork/tests/samePrefixMarkedMtx2304/depth3/node5/test2_4.mtx 2.4 0 -1 -1 
/home/antonkov/masterWork/tests/samePrefixMarkedMtx2304/depth3/node5/test2_4.mtx 2.5 0 -1 -1 
/home/antonkov/masterWork/tests/samePrefixMarkedMtx2304/depth3/node5/test2_4.mtx 2.6 0 -1 -1 
/home/antonkov/masterWork/tests/samePrefixMarkedMtx2304/depth3/node5/test2_4.mtx 2.7 0 -1 -1 
/home/antonkov/masterWork/tests/samePrefixMarkedMtx2304/depth3/node5/test2_4.mtx 2.8 0 -1 -1 
/home/antonkov/masterWork/tests/samePrefixMarkedMtx2304/depth3/node5/test2_4.mtx 2.9 0 -1 -1 
/home/antonkov/masterWork/tests/samePrefixMarkedMtx2304/depth3/node5/test2_4.mtx 3 0 -1 -1 
/home/antonkov/masterWork/tests/samePrefixMarkedMtx2304/depth3/node5/test2_4.mtx 3.1 0 -1 -1 
/home/antonkov/masterWork/tests/samePrefixMarkedMtx2304/depth3/node5/test2_4.mtx 3.2 0 -1 -1 
/home/antonkov/masterWork/tests/samePrefixMarkedMtx2304/depth3/node5/test2_4.mtx 3.3 0 -1 -1 
/home/antonkov/masterWork/tests/samePrefixMarkedMtx2304/depth3/node5/test2_4.mtx 3.4 0 -1 -1 
/home/antonkov/masterWork/tests/samePrefixMarkedMtx2304/depth3/node5/test2_4.mtx 3.5 0 -1 -1 
/home/antonkov/masterWork/tests/samePrefixMarkedMtx2304/depth3/node5/test3_0.mtx 1 455.707 0.0854731 0.93 
/home/antonkov/masterWork/tests/samePrefixMarkedMtx2304/depth3/node5/test3_0.mtx 1.1 455.915 0.0742882 0.87 
/home/antonkov/masterWork/tests/samePrefixMarkedMtx2304/depth3/node5/test3_0.mtx 1.2 442.038 0.060408 0.74 
/home/antonkov/masterWork/tests/samePrefixMarkedMtx2304/depth3/node5/test3_0.mtx 1.3 426.464 0.041862 0.53 
/home/antonkov/masterWork/tests/samePrefixMarkedMtx2304/depth3/node5/test3_0.mtx 1.4 541.283 0.0304492 0.405 
/home/antonkov/masterWork/tests/samePrefixMarkedMtx2304/depth3/node5/test3_0.mtx 1.5 498.791 0.0186675 0.265 
/home/antonkov/masterWork/tests/samePrefixMarkedMtx2304/depth3/node5/test3_0.mtx 1.6 637.185 0.0107552 0.1575 
/home/antonkov/masterWork/tests/samePrefixMarkedMtx2304/depth3/node5/test3_0.mtx 1.7 917.089 0.004144 0.06 
/home/antonkov/masterWork/tests/samePrefixMarkedMtx2304/depth3/node5/test3_0.mtx 1.8 1502.2 0.00162174 0.026 
/home/antonkov/masterWork/tests/samePrefixMarkedMtx2304/depth3/node5/test3_0.mtx 1.9 2747.1 0.000624638 0.0104167 
/home/antonkov/masterWork/tests/samePrefixMarkedMtx2304/depth3/node5/test3_0.mtx 2 7355.3 0.000203226 0.00304878 
/home/antonkov/masterWork/tests/samePrefixMarkedMtx2304/depth3/node5/test3_0.mtx 2.1 0 -1 -1 
/home/antonkov/masterWork/tests/samePrefixMarkedMtx2304/depth3/node5/test3_0.mtx 2.2 0 -1 -1 
/home/antonkov/masterWork/tests/samePrefixMarkedMtx2304/depth3/node5/test3_0.mtx 2.3 0 -1 -1 
/home/antonkov/masterWork/tests/samePrefixMarkedMtx2304/depth3/node5/test3_0.mtx 2.4 0 -1 -1 
/home/antonkov/masterWork/tests/samePrefixMarkedMtx2304/depth3/node5/test3_0.mtx 2.5 0 -1 -1 
/home/antonkov/masterWork/tests/samePrefixMarkedMtx2304/depth3/node5/test3_0.mtx 2.6 0 -1 -1 
/home/antonkov/masterWork/tests/samePrefixMarkedMtx2304/depth3/node5/test3_0.mtx 2.7 0 -1 -1 
/home/antonkov/masterWork/tests/samePrefixMarkedMtx2304/depth3/node5/test3_0.mtx 2.8 0 -1 -1 
/home/antonkov/masterWork/tests/samePrefixMarkedMtx2304/depth3/node5/test3_0.mtx 2.9 0 -1 -1 
/home/antonkov/masterWork/tests/samePrefixMarkedMtx2304/depth3/node5/test3_0.mtx 3 0 -1 -1 
/home/antonkov/masterWork/tests/samePrefixMarkedMtx2304/depth3/node5/test3_0.mtx 3.1 0 -1 -1 
/home/antonkov/masterWork/tests/samePrefixMarkedMtx2304/depth3/node5/test3_0.mtx 3.2 0 -1 -1 
/home/antonkov/masterWork/tests/samePrefixMarkedMtx2304/depth3/node5/test3_0.mtx 3.3 0 -1 -1 
/home/antonkov/masterWork/tests/samePrefixMarkedMtx2304/depth3/node5/test3_0.mtx 3.4 0 -1 -1 
/home/antonkov/masterWork/tests/samePrefixMarkedMtx2304/depth3/node5/test3_0.mtx 3.5 0 -1 -1 
/home/antonkov/masterWork/tests/samePrefixMarkedMtx2304/depth3/node5/test3_1.mtx 1 469.162 0.0842448 0.92 
/home/antonkov/masterWork/tests/samePrefixMarkedMtx2304/depth3/node5/test3_1.mtx 1.1 471.599 0.0744358 0.85 
/home/antonkov/masterWork/tests/samePrefixMarkedMtx2304/depth3/node5/test3_1.mtx 1.2 463.844 0.0644097 0.78 
/home/antonkov/masterWork/tests/samePrefixMarkedMtx2304/depth3/node5/test3_1.mtx 1.3 435.987 0.0428559 0.57 
/home/antonkov/masterWork/tests/samePrefixMarkedMtx2304/depth3/node5/test3_1.mtx 1.4 532.556 0.0287348 0.395 
/home/antonkov/masterWork/tests/samePrefixMarkedMtx2304/depth3/node5/test3_1.mtx 1.5 505.566 0.0181814 0.255 
/home/antonkov/masterWork/tests/samePrefixMarkedMtx2304/depth3/node5/test3_1.mtx 1.6 721.293 0.00832118 0.116 
/home/antonkov/masterWork/tests/samePrefixMarkedMtx2304/depth3/node5/test3_1.mtx 1.7 887.374 0.0051964 0.0725 
/home/antonkov/masterWork/tests/samePrefixMarkedMtx2304/depth3/node5/test3_1.mtx 1.8 1441.06 0.00172286 0.0263158 
/home/antonkov/masterWork/tests/samePrefixMarkedMtx2304/depth3/node5/test3_1.mtx 1.9 3098.91 0.000593068 0.00910714 
/home/antonkov/masterWork/tests/samePrefixMarkedMtx2304/depth3/node5/test3_1.mtx 2 0 -1 -1 
/home/antonkov/masterWork/tests/samePrefixMarkedMtx2304/depth3/node5/test3_1.mtx 2.1 0 -1 -1 
/home/antonkov/masterWork/tests/samePrefixMarkedMtx2304/depth3/node5/test3_1.mtx 2.2 0 -1 -1 
/home/antonkov/masterWork/tests/samePrefixMarkedMtx2304/depth3/node5/test3_1.mtx 2.3 0 -1 -1 
/home/antonkov/masterWork/tests/samePrefixMarkedMtx2304/depth3/node5/test3_1.mtx 2.4 0 -1 -1 
/home/antonkov/masterWork/tests/samePrefixMarkedMtx2304/depth3/node5/test3_1.mtx 2.5 0 -1 -1 
/home/antonkov/masterWork/tests/samePrefixMarkedMtx2304/depth3/node5/test3_1.mtx 2.6 0 -1 -1 
/home/antonkov/masterWork/tests/samePrefixMarkedMtx2304/depth3/node5/test3_1.mtx 2.7 0 -1 -1 
/home/antonkov/masterWork/tests/samePrefixMarkedMtx2304/depth3/node5/test3_1.mtx 2.8 0 -1 -1 
/home/antonkov/masterWork/tests/samePrefixMarkedMtx2304/depth3/node5/test3_1.mtx 2.9 0 -1 -1 
/home/antonkov/masterWork/tests/samePrefixMarkedMtx2304/depth3/node5/test3_1.mtx 3 0 -1 -1 
/home/antonkov/masterWork/tests/samePrefixMarkedMtx2304/depth3/node5/test3_1.mtx 3.1 0 -1 -1 
/home/antonkov/masterWork/tests/samePrefixMarkedMtx2304/depth3/node5/test3_1.mtx 3.2 0 -1 -1 
/home/antonkov/masterWork/tests/samePrefixMarkedMtx2304/depth3/node5/test3_1.mtx 3.3 0 -1 -1 
/home/antonkov/masterWork/tests/samePrefixMarkedMtx2304/depth3/node5/test3_1.mtx 3.4 0 -1 -1 
/home/antonkov/masterWork/tests/samePrefixMarkedMtx2304/depth3/node5/test3_1.mtx 3.5 0 -1 -1 
/home/antonkov/masterWork/tests/samePrefixMarkedMtx2304/depth3/node5/test3_2.mtx 1 466.441 0.0835807 0.88 
/home/antonkov/masterWork/tests/samePrefixMarkedMtx2304/depth3/node5/test3_2.mtx 1.1 461.756 0.0740929 0.83 
/home/antonkov/masterWork/tests/samePrefixMarkedMtx2304/depth3/node5/test3_2.mtx 1.2 462.84 0.061671 0.75 
/home/antonkov/masterWork/tests/samePrefixMarkedMtx2304/depth3/node5/test3_2.mtx 1.3 432.661 0.0451172 0.57 
/home/antonkov/masterWork/tests/samePrefixMarkedMtx2304/depth3/node5/test3_2.mtx 1.4 533.504 0.0310786 0.4 
/home/antonkov/masterWork/tests/samePrefixMarkedMtx2304/depth3/node5/test3_2.mtx 1.5 512.788 0.0198893 0.26 
/home/antonkov/masterWork/tests/samePrefixMarkedMtx2304/depth3/node5/test3_2.mtx 1.6 634.12 0.009898 0.1325 
/home/antonkov/masterWork/tests/samePrefixMarkedMtx2304/depth3/node5/test3_2.mtx 1.7 847.793 0.00440972 0.06875 
/home/antonkov/masterWork/tests/samePrefixMarkedMtx2304/depth3/node5/test3_2.mtx 1.8 1488.94 0.00165082 0.026 
/home/antonkov/masterWork/tests/samePrefixMarkedMtx2304/depth3/node5/test3_2.mtx 1.9 2811.29 0.00065237 0.0104082 
/home/antonkov/masterWork/tests/samePrefixMarkedMtx2304/depth3/node5/test3_2.mtx 2 7684.91 0.000185659 0.00287356 
/home/antonkov/masterWork/tests/samePrefixMarkedMtx2304/depth3/node5/test3_2.mtx 2.1 0 -1 -1 
/home/antonkov/masterWork/tests/samePrefixMarkedMtx2304/depth3/node5/test3_2.mtx 2.2 0 -1 -1 
/home/antonkov/masterWork/tests/samePrefixMarkedMtx2304/depth3/node5/test3_2.mtx 2.3 0 -1 -1 
/home/antonkov/masterWork/tests/samePrefixMarkedMtx2304/depth3/node5/test3_2.mtx 2.4 0 -1 -1 
/home/antonkov/masterWork/tests/samePrefixMarkedMtx2304/depth3/node5/test3_2.mtx 2.5 0 -1 -1 
/home/antonkov/masterWork/tests/samePrefixMarkedMtx2304/depth3/node5/test3_2.mtx 2.6 0 -1 -1 
/home/antonkov/masterWork/tests/samePrefixMarkedMtx2304/depth3/node5/test3_2.mtx 2.7 0 -1 -1 
/home/antonkov/masterWork/tests/samePrefixMarkedMtx2304/depth3/node5/test3_2.mtx 2.8 0 -1 -1 
/home/antonkov/masterWork/tests/samePrefixMarkedMtx2304/depth3/node5/test3_2.mtx 2.9 0 -1 -1 
/home/antonkov/masterWork/tests/samePrefixMarkedMtx2304/depth3/node5/test3_2.mtx 3 0 -1 -1 
/home/antonkov/masterWork/tests/samePrefixMarkedMtx2304/depth3/node5/test3_2.mtx 3.1 0 -1 -1 
/home/antonkov/masterWork/tests/samePrefixMarkedMtx2304/depth3/node5/test3_2.mtx 3.2 0 -1 -1 
/home/antonkov/masterWork/tests/samePrefixMarkedMtx2304/depth3/node5/test3_2.mtx 3.3 0 -1 -1 
/home/antonkov/masterWork/tests/samePrefixMarkedMtx2304/depth3/node5/test3_2.mtx 3.4 0 -1 -1 
/home/antonkov/masterWork/tests/samePrefixMarkedMtx2304/depth3/node5/test3_2.mtx 3.5 0 -1 -1 
/home/antonkov/masterWork/tests/samePrefixMarkedMtx2304/depth3/node5/test3_3.mtx 1 466.024 0.0829297 0.92 
/home/antonkov/masterWork/tests/samePrefixMarkedMtx2304/depth3/node5/test3_3.mtx 1.1 466.37 0.0717622 0.85 
/home/antonkov/masterWork/tests/samePrefixMarkedMtx2304/depth3/node5/test3_3.mtx 1.2 454.076 0.058138 0.73 
/home/antonkov/masterWork/tests/samePrefixMarkedMtx2304/depth3/node5/test3_3.mtx 1.3 437.829 0.0410373 0.52 
/home/antonkov/masterWork/tests/samePrefixMarkedMtx2304/depth3/node5/test3_3.mtx 1.4 537.587 0.0269336 0.38 
/home/antonkov/masterWork/tests/samePrefixMarkedMtx2304/depth3/node5/test3_3.mtx 1.5 594.58 0.0179109 0.26 
/home/antonkov/masterWork/tests/samePrefixMarkedMtx2304/depth3/node5/test3_3.mtx 1.6 726.2 0.00866059 0.12 
/home/antonkov/masterWork/tests/samePrefixMarkedMtx2304/depth3/node5/test3_3.mtx 1.7 935.486 0.00422454 0.0622222 
/home/antonkov/masterWork/tests/samePrefixMarkedMtx2304/depth3/node5/test3_3.mtx 1.8 1386.44 0.0017718 0.0294444 
/home/antonkov/masterWork/tests/samePrefixMarkedMtx2304/depth3/node5/test3_3.mtx 1.9 3525.56 0.000465994 0.00793651 
/home/antonkov/masterWork/tests/samePrefixMarkedMtx2304/depth3/node5/test3_3.mtx 2 0 -1 -1 
/home/antonkov/masterWork/tests/samePrefixMarkedMtx2304/depth3/node5/test3_3.mtx 2.1 0 -1 -1 
/home/antonkov/masterWork/tests/samePrefixMarkedMtx2304/depth3/node5/test3_3.mtx 2.2 0 -1 -1 
/home/antonkov/masterWork/tests/samePrefixMarkedMtx2304/depth3/node5/test3_3.mtx 2.3 0 -1 -1 
/home/antonkov/masterWork/tests/samePrefixMarkedMtx2304/depth3/node5/test3_3.mtx 2.4 0 -1 -1 
/home/antonkov/masterWork/tests/samePrefixMarkedMtx2304/depth3/node5/test3_3.mtx 2.5 0 -1 -1 
/home/antonkov/masterWork/tests/samePrefixMarkedMtx2304/depth3/node5/test3_3.mtx 2.6 0 -1 -1 
/home/antonkov/masterWork/tests/samePrefixMarkedMtx2304/depth3/node5/test3_3.mtx 2.7 0 -1 -1 
/home/antonkov/masterWork/tests/samePrefixMarkedMtx2304/depth3/node5/test3_3.mtx 2.8 0 -1 -1 
/home/antonkov/masterWork/tests/samePrefixMarkedMtx2304/depth3/node5/test3_3.mtx 2.9 0 -1 -1 
/home/antonkov/masterWork/tests/samePrefixMarkedMtx2304/depth3/node5/test3_3.mtx 3 0 -1 -1 
/home/antonkov/masterWork/tests/samePrefixMarkedMtx2304/depth3/node5/test3_3.mtx 3.1 0 -1 -1 
/home/antonkov/masterWork/tests/samePrefixMarkedMtx2304/depth3/node5/test3_3.mtx 3.2 0 -1 -1 
/home/antonkov/masterWork/tests/samePrefixMarkedMtx2304/depth3/node5/test3_3.mtx 3.3 0 -1 -1 
/home/antonkov/masterWork/tests/samePrefixMarkedMtx2304/depth3/node5/test3_3.mtx 3.4 0 -1 -1 
/home/antonkov/masterWork/tests/samePrefixMarkedMtx2304/depth3/node5/test3_3.mtx 3.5 0 -1 -1 
/home/antonkov/masterWork/tests/samePrefixMarkedMtx2304/depth3/node5/test3_4.mtx 1 466.248 0.0858464 0.94 
/home/antonkov/masterWork/tests/samePrefixMarkedMtx2304/depth3/node5/test3_4.mtx 1.1 462.224 0.0725 0.85 
/home/antonkov/masterWork/tests/samePrefixMarkedMtx2304/depth3/node5/test3_4.mtx 1.2 452.81 0.0569271 0.72 
/home/antonkov/masterWork/tests/samePrefixMarkedMtx2304/depth3/node5/test3_4.mtx 1.3 430.922 0.0421224 0.54 
/home/antonkov/masterWork/tests/samePrefixMarkedMtx2304/depth3/node5/test3_4.mtx 1.4 545.403 0.030319 0.415 
/home/antonkov/masterWork/tests/samePrefixMarkedMtx2304/depth3/node5/test3_4.mtx 1.5 612.017 0.0178183 0.243333 
/home/antonkov/masterWork/tests/samePrefixMarkedMtx2304/depth3/node5/test3_4.mtx 1.6 728.953 0.00841233 0.12 
/home/antonkov/masterWork/tests/samePrefixMarkedMtx2304/depth3/node5/test3_4.mtx 1.7 1004.23 0.00412934 0.061 
/home/antonkov/masterWork/tests/samePrefixMarkedMtx2304/depth3/node5/test3_4.mtx 1.8 1292.23 0.00189696 0.0294118 
/home/antonkov/masterWork/tests/samePrefixMarkedMtx2304/depth3/node5/test3_4.mtx 1.9 2525.23 0.000723615 0.0118605 
/home/antonkov/masterWork/tests/samePrefixMarkedMtx2304/depth3/node5/test3_4.mtx 2 5758.44 0.000243056 0.00406504 
/home/antonkov/masterWork/tests/samePrefixMarkedMtx2304/depth3/node5/test3_4.mtx 2.1 0 -1 -1 
/home/antonkov/masterWork/tests/samePrefixMarkedMtx2304/depth3/node5/test3_4.mtx 2.2 0 -1 -1 
/home/antonkov/masterWork/tests/samePrefixMarkedMtx2304/depth3/node5/test3_4.mtx 2.3 0 -1 -1 
/home/antonkov/masterWork/tests/samePrefixMarkedMtx2304/depth3/node5/test3_4.mtx 2.4 0 -1 -1 
/home/antonkov/masterWork/tests/samePrefixMarkedMtx2304/depth3/node5/test3_4.mtx 2.5 0 -1 -1 
/home/antonkov/masterWork/tests/samePrefixMarkedMtx2304/depth3/node5/test3_4.mtx 2.6 0 -1 -1 
/home/antonkov/masterWork/tests/samePrefixMarkedMtx2304/depth3/node5/test3_4.mtx 2.7 0 -1 -1 
/home/antonkov/masterWork/tests/samePrefixMarkedMtx2304/depth3/node5/test3_4.mtx 2.8 0 -1 -1 
/home/antonkov/masterWork/tests/samePrefixMarkedMtx2304/depth3/node5/test3_4.mtx 2.9 0 -1 -1 
/home/antonkov/masterWork/tests/samePrefixMarkedMtx2304/depth3/node5/test3_4.mtx 3 0 -1 -1 
/home/antonkov/masterWork/tests/samePrefixMarkedMtx2304/depth3/node5/test3_4.mtx 3.1 0 -1 -1 
/home/antonkov/masterWork/tests/samePrefixMarkedMtx2304/depth3/node5/test3_4.mtx 3.2 0 -1 -1 
/home/antonkov/masterWork/tests/samePrefixMarkedMtx2304/depth3/node5/test3_4.mtx 3.3 0 -1 -1 
/home/antonkov/masterWork/tests/samePrefixMarkedMtx2304/depth3/node5/test3_4.mtx 3.4 0 -1 -1 
/home/antonkov/masterWork/tests/samePrefixMarkedMtx2304/depth3/node5/test3_4.mtx 3.5 0 -1 -1 
