Results
Filename SNR Time(ms) BER FER
/home/antonkov/masterWork/tests/samePrefixMarkedMtx/depth3/node6/test0_0.mtx 1 123.522 0.0780382 0.79 
/home/antonkov/masterWork/tests/samePrefixMarkedMtx/depth3/node6/test0_0.mtx 1.1 108.676 0.0693142 0.725 
/home/antonkov/masterWork/tests/samePrefixMarkedMtx/depth3/node6/test0_0.mtx 1.2 95.9447 0.0603733 0.64 
/home/antonkov/masterWork/tests/samePrefixMarkedMtx/depth3/node6/test0_0.mtx 1.3 89.1303 0.0494965 0.53 
/home/antonkov/masterWork/tests/samePrefixMarkedMtx/depth3/node6/test0_0.mtx 1.4 110.168 0.0392824 0.436667 
/home/antonkov/masterWork/tests/samePrefixMarkedMtx/depth3/node6/test0_0.mtx 1.5 105.162 0.0320023 0.366667 
/home/antonkov/masterWork/tests/samePrefixMarkedMtx/depth3/node6/test0_0.mtx 1.6 120.307 0.0224392 0.2625 
/home/antonkov/masterWork/tests/samePrefixMarkedMtx/depth3/node6/test0_0.mtx 1.7 125.007 0.0170903 0.206 
/home/antonkov/masterWork/tests/samePrefixMarkedMtx/depth3/node6/test0_0.mtx 1.8 152.831 0.012815 0.158571 
/home/antonkov/masterWork/tests/samePrefixMarkedMtx/depth3/node6/test0_0.mtx 1.9 179.277 0.00944252 0.114444 
/home/antonkov/masterWork/tests/samePrefixMarkedMtx/depth3/node6/test0_0.mtx 2 218.585 0.00661458 0.085 
/home/antonkov/masterWork/tests/samePrefixMarkedMtx/depth3/node6/test0_0.mtx 2.1 277.179 0.00487745 0.0623529 
/home/antonkov/masterWork/tests/samePrefixMarkedMtx/depth3/node6/test0_0.mtx 2.2 373.112 0.00284589 0.04 
/home/antonkov/masterWork/tests/samePrefixMarkedMtx/depth3/node6/test0_0.mtx 2.3 479.993 0.00196791 0.0272973 
/home/antonkov/masterWork/tests/samePrefixMarkedMtx/depth3/node6/test0_0.mtx 2.4 705.642 0.0011056 0.015873 
/home/antonkov/masterWork/tests/samePrefixMarkedMtx/depth3/node6/test0_0.mtx 2.5 1113.89 0.000626675 0.00885965 
/home/antonkov/masterWork/tests/samePrefixMarkedMtx/depth3/node6/test0_0.mtx 2.6 1844.38 0.000312033 0.00448431 
/home/antonkov/masterWork/tests/samePrefixMarkedMtx/depth3/node6/test0_0.mtx 2.7 2708 0.000178033 0.00268097 
/home/antonkov/masterWork/tests/samePrefixMarkedMtx/depth3/node6/test0_0.mtx 2.8 4630.28 9.04984e-05 0.00138122 
/home/antonkov/masterWork/tests/samePrefixMarkedMtx/depth3/node6/test0_0.mtx 2.9 7528.48 4.90709e-05 0.000761035 
/home/antonkov/masterWork/tests/samePrefixMarkedMtx/depth3/node6/test0_0.mtx 3 0 -1 -1 
/home/antonkov/masterWork/tests/samePrefixMarkedMtx/depth3/node6/test0_0.mtx 3.1 0 -1 -1 
/home/antonkov/masterWork/tests/samePrefixMarkedMtx/depth3/node6/test0_0.mtx 3.2 0 -1 -1 
/home/antonkov/masterWork/tests/samePrefixMarkedMtx/depth3/node6/test0_0.mtx 3.3 0 -1 -1 
/home/antonkov/masterWork/tests/samePrefixMarkedMtx/depth3/node6/test0_0.mtx 3.4 0 -1 -1 
/home/antonkov/masterWork/tests/samePrefixMarkedMtx/depth3/node6/test0_0.mtx 3.5 0 -1 -1 
/home/antonkov/masterWork/tests/samePrefixMarkedMtx/depth3/node6/test0_1.mtx 1 101.24 0.069401 0.73 
/home/antonkov/masterWork/tests/samePrefixMarkedMtx/depth3/node6/test0_1.mtx 1.1 92.663 0.0609375 0.64 
/home/antonkov/masterWork/tests/samePrefixMarkedMtx/depth3/node6/test0_1.mtx 1.2 87.4695 0.0507465 0.53 
/home/antonkov/masterWork/tests/samePrefixMarkedMtx/depth3/node6/test0_1.mtx 1.3 116.334 0.0436285 0.49 
/home/antonkov/masterWork/tests/samePrefixMarkedMtx/depth3/node6/test0_1.mtx 1.4 104.322 0.0347454 0.393333 
/home/antonkov/masterWork/tests/samePrefixMarkedMtx/depth3/node6/test0_1.mtx 1.5 101.905 0.0299595 0.35 
/home/antonkov/masterWork/tests/samePrefixMarkedMtx/depth3/node6/test0_1.mtx 1.6 122.191 0.0239453 0.285 
/home/antonkov/masterWork/tests/samePrefixMarkedMtx/depth3/node6/test0_1.mtx 1.7 131.1 0.0168403 0.212 
/home/antonkov/masterWork/tests/samePrefixMarkedMtx/depth3/node6/test0_1.mtx 1.8 159.87 0.012381 0.155714 
/home/antonkov/masterWork/tests/samePrefixMarkedMtx/depth3/node6/test0_1.mtx 1.9 195.526 0.00830208 0.106 
/home/antonkov/masterWork/tests/samePrefixMarkedMtx/depth3/node6/test0_1.mtx 2 228.092 0.00596822 0.0776923 
/home/antonkov/masterWork/tests/samePrefixMarkedMtx/depth3/node6/test0_1.mtx 2.1 290.56 0.00393823 0.0547368 
/home/antonkov/masterWork/tests/samePrefixMarkedMtx/depth3/node6/test0_1.mtx 2.2 427.211 0.00242384 0.0325806 
/home/antonkov/masterWork/tests/samePrefixMarkedMtx/depth3/node6/test0_1.mtx 2.3 516.868 0.0016709 0.0246341 
/home/antonkov/masterWork/tests/samePrefixMarkedMtx/depth3/node6/test0_1.mtx 2.4 733.236 0.000971671 0.015873 
/home/antonkov/masterWork/tests/samePrefixMarkedMtx/depth3/node6/test0_1.mtx 2.5 1046.28 0.000637136 0.00970874 
/home/antonkov/masterWork/tests/samePrefixMarkedMtx/depth3/node6/test0_1.mtx 2.6 1593.68 0.000354128 0.00552486 
/home/antonkov/masterWork/tests/samePrefixMarkedMtx/depth3/node6/test0_1.mtx 2.7 2419.82 0.000219593 0.00322684 
/home/antonkov/masterWork/tests/samePrefixMarkedMtx/depth3/node6/test0_1.mtx 2.8 3469.24 0.0001299 0.00197628 
/home/antonkov/masterWork/tests/samePrefixMarkedMtx/depth3/node6/test0_1.mtx 2.9 5903.4 5.72103e-05 0.00101833 
/home/antonkov/masterWork/tests/samePrefixMarkedMtx/depth3/node6/test0_1.mtx 3 9746.34 3.38862e-05 0.00055991 
/home/antonkov/masterWork/tests/samePrefixMarkedMtx/depth3/node6/test0_1.mtx 3.1 0 -1 -1 
/home/antonkov/masterWork/tests/samePrefixMarkedMtx/depth3/node6/test0_1.mtx 3.2 0 -1 -1 
/home/antonkov/masterWork/tests/samePrefixMarkedMtx/depth3/node6/test0_1.mtx 3.3 0 -1 -1 
/home/antonkov/masterWork/tests/samePrefixMarkedMtx/depth3/node6/test0_1.mtx 3.4 0 -1 -1 
/home/antonkov/masterWork/tests/samePrefixMarkedMtx/depth3/node6/test0_1.mtx 3.5 0 -1 -1 
/home/antonkov/masterWork/tests/samePrefixMarkedMtx/depth3/node6/test0_2.mtx 1 98.4374 0.0726736 0.765 
/home/antonkov/masterWork/tests/samePrefixMarkedMtx/depth3/node6/test0_2.mtx 1.1 97.6888 0.0646701 0.68 
/home/antonkov/masterWork/tests/samePrefixMarkedMtx/depth3/node6/test0_2.mtx 1.2 88.3011 0.0552517 0.6 
/home/antonkov/masterWork/tests/samePrefixMarkedMtx/depth3/node6/test0_2.mtx 1.3 85.2967 0.0456597 0.525 
/home/antonkov/masterWork/tests/samePrefixMarkedMtx/depth3/node6/test0_2.mtx 1.4 111.928 0.0392187 0.45 
/home/antonkov/masterWork/tests/samePrefixMarkedMtx/depth3/node6/test0_2.mtx 1.5 102.707 0.0318634 0.366667 
/home/antonkov/masterWork/tests/samePrefixMarkedMtx/depth3/node6/test0_2.mtx 1.6 120.251 0.0251215 0.3025 
/home/antonkov/masterWork/tests/samePrefixMarkedMtx/depth3/node6/test0_2.mtx 1.7 129.073 0.0176007 0.222 
/home/antonkov/masterWork/tests/samePrefixMarkedMtx/depth3/node6/test0_2.mtx 1.8 156.547 0.0128026 0.161429 
/home/antonkov/masterWork/tests/samePrefixMarkedMtx/depth3/node6/test0_2.mtx 1.9 163.38 0.0103147 0.1275 
/home/antonkov/masterWork/tests/samePrefixMarkedMtx/depth3/node6/test0_2.mtx 2 211.051 0.00711661 0.09 
/home/antonkov/masterWork/tests/samePrefixMarkedMtx/depth3/node6/test0_2.mtx 2.1 281.817 0.00417245 0.0583333 
/home/antonkov/masterWork/tests/samePrefixMarkedMtx/depth3/node6/test0_2.mtx 2.2 377.305 0.00253968 0.0360714 
/home/antonkov/masterWork/tests/samePrefixMarkedMtx/depth3/node6/test0_2.mtx 2.3 511.351 0.00171229 0.0239535 
/home/antonkov/masterWork/tests/samePrefixMarkedMtx/depth3/node6/test0_2.mtx 2.4 762.816 0.000954613 0.0144286 
/home/antonkov/masterWork/tests/samePrefixMarkedMtx/depth3/node6/test0_2.mtx 2.5 1166.67 0.000600405 0.00841667 
/home/antonkov/masterWork/tests/samePrefixMarkedMtx/depth3/node6/test0_2.mtx 2.6 1543.2 0.000382335 0.00561798 
/home/antonkov/masterWork/tests/samePrefixMarkedMtx/depth3/node6/test0_2.mtx 2.7 2763.6 0.000177197 0.00271739 
/home/antonkov/masterWork/tests/samePrefixMarkedMtx/depth3/node6/test0_2.mtx 2.8 4225.1 9.42185e-05 0.0015873 
/home/antonkov/masterWork/tests/samePrefixMarkedMtx/depth3/node6/test0_2.mtx 2.9 7601.48 4.73043e-05 0.000777605 
/home/antonkov/masterWork/tests/samePrefixMarkedMtx/depth3/node6/test0_2.mtx 3 0 -1 -1 
/home/antonkov/masterWork/tests/samePrefixMarkedMtx/depth3/node6/test0_2.mtx 3.1 0 -1 -1 
/home/antonkov/masterWork/tests/samePrefixMarkedMtx/depth3/node6/test0_2.mtx 3.2 0 -1 -1 
/home/antonkov/masterWork/tests/samePrefixMarkedMtx/depth3/node6/test0_2.mtx 3.3 0 -1 -1 
/home/antonkov/masterWork/tests/samePrefixMarkedMtx/depth3/node6/test0_2.mtx 3.4 0 -1 -1 
/home/antonkov/masterWork/tests/samePrefixMarkedMtx/depth3/node6/test0_2.mtx 3.5 0 -1 -1 
/home/antonkov/masterWork/tests/samePrefixMarkedMtx/depth3/node6/test0_3.mtx 1 99.2726 0.0741233 0.745 
/home/antonkov/masterWork/tests/samePrefixMarkedMtx/depth3/node6/test0_3.mtx 1.1 96.1459 0.0647743 0.685 
/home/antonkov/masterWork/tests/samePrefixMarkedMtx/depth3/node6/test0_3.mtx 1.2 88.045 0.0555729 0.63 
/home/antonkov/masterWork/tests/samePrefixMarkedMtx/depth3/node6/test0_3.mtx 1.3 84.0681 0.0453559 0.505 
/home/antonkov/masterWork/tests/samePrefixMarkedMtx/depth3/node6/test0_3.mtx 1.4 105.713 0.0384664 0.453333 
/home/antonkov/masterWork/tests/samePrefixMarkedMtx/depth3/node6/test0_3.mtx 1.5 100.034 0.0302199 0.363333 
/home/antonkov/masterWork/tests/samePrefixMarkedMtx/depth3/node6/test0_3.mtx 1.6 115.173 0.0234375 0.28 
/home/antonkov/masterWork/tests/samePrefixMarkedMtx/depth3/node6/test0_3.mtx 1.7 127.735 0.0185208 0.226 
/home/antonkov/masterWork/tests/samePrefixMarkedMtx/depth3/node6/test0_3.mtx 1.8 149.053 0.0123413 0.152857 
/home/antonkov/masterWork/tests/samePrefixMarkedMtx/depth3/node6/test0_3.mtx 1.9 177.193 0.00943287 0.118889 
/home/antonkov/masterWork/tests/samePrefixMarkedMtx/depth3/node6/test0_3.mtx 2 211.021 0.00677083 0.09 
/home/antonkov/masterWork/tests/samePrefixMarkedMtx/depth3/node6/test0_3.mtx 2.1 272.408 0.00446759 0.0583333 
/home/antonkov/masterWork/tests/samePrefixMarkedMtx/depth3/node6/test0_3.mtx 2.2 393.819 0.00259399 0.0344828 
/home/antonkov/masterWork/tests/samePrefixMarkedMtx/depth3/node6/test0_3.mtx 2.3 600.754 0.00145221 0.0196078 
/home/antonkov/masterWork/tests/samePrefixMarkedMtx/depth3/node6/test0_3.mtx 2.4 808.709 0.000869859 0.012987 
/home/antonkov/masterWork/tests/samePrefixMarkedMtx/depth3/node6/test0_3.mtx 2.5 1186.61 0.000555009 0.00795276 
/home/antonkov/masterWork/tests/samePrefixMarkedMtx/depth3/node6/test0_3.mtx 2.6 1835.79 0.000291961 0.00446429 
/home/antonkov/masterWork/tests/samePrefixMarkedMtx/depth3/node6/test0_3.mtx 2.7 2699.54 0.000186492 0.00274194 
/home/antonkov/masterWork/tests/samePrefixMarkedMtx/depth3/node6/test0_3.mtx 2.8 4242.03 9.63568e-05 0.00151976 
/home/antonkov/masterWork/tests/samePrefixMarkedMtx/depth3/node6/test0_3.mtx 2.9 6641.36 5.54046e-05 0.000869565 
/home/antonkov/masterWork/tests/samePrefixMarkedMtx/depth3/node6/test0_3.mtx 3 0 -1 -1 
/home/antonkov/masterWork/tests/samePrefixMarkedMtx/depth3/node6/test0_3.mtx 3.1 0 -1 -1 
/home/antonkov/masterWork/tests/samePrefixMarkedMtx/depth3/node6/test0_3.mtx 3.2 0 -1 -1 
/home/antonkov/masterWork/tests/samePrefixMarkedMtx/depth3/node6/test0_3.mtx 3.3 0 -1 -1 
/home/antonkov/masterWork/tests/samePrefixMarkedMtx/depth3/node6/test0_3.mtx 3.4 0 -1 -1 
/home/antonkov/masterWork/tests/samePrefixMarkedMtx/depth3/node6/test0_3.mtx 3.5 0 -1 -1 
/home/antonkov/masterWork/tests/samePrefixMarkedMtx/depth3/node6/test0_4.mtx 1 102.305 0.075842 0.76 
/home/antonkov/masterWork/tests/samePrefixMarkedMtx/depth3/node6/test0_4.mtx 1.1 97.3145 0.066849 0.72 
/home/antonkov/masterWork/tests/samePrefixMarkedMtx/depth3/node6/test0_4.mtx 1.2 92.1255 0.0591493 0.66 
/home/antonkov/masterWork/tests/samePrefixMarkedMtx/depth3/node6/test0_4.mtx 1.3 88.7534 0.0492969 0.555 
/home/antonkov/masterWork/tests/samePrefixMarkedMtx/depth3/node6/test0_4.mtx 1.4 112.22 0.0400116 0.466667 
/home/antonkov/masterWork/tests/samePrefixMarkedMtx/depth3/node6/test0_4.mtx 1.5 105.145 0.030625 0.366667 
/home/antonkov/masterWork/tests/samePrefixMarkedMtx/depth3/node6/test0_4.mtx 1.6 121.493 0.0242405 0.285 
/home/antonkov/masterWork/tests/samePrefixMarkedMtx/depth3/node6/test0_4.mtx 1.7 132.119 0.0180729 0.228 
/home/antonkov/masterWork/tests/samePrefixMarkedMtx/depth3/node6/test0_4.mtx 1.8 141.278 0.0133681 0.168333 
/home/antonkov/masterWork/tests/samePrefixMarkedMtx/depth3/node6/test0_4.mtx 1.9 183.544 0.00916281 0.121111 
/home/antonkov/masterWork/tests/samePrefixMarkedMtx/depth3/node6/test0_4.mtx 2 199.777 0.00673295 0.0909091 
/home/antonkov/masterWork/tests/samePrefixMarkedMtx/depth3/node6/test0_4.mtx 2.1 265.115 0.00435458 0.0594118 
/home/antonkov/masterWork/tests/samePrefixMarkedMtx/depth3/node6/test0_4.mtx 2.2 383.303 0.00274434 0.0377778 
/home/antonkov/masterWork/tests/samePrefixMarkedMtx/depth3/node6/test0_4.mtx 2.3 478.164 0.0017508 0.0258974 
/home/antonkov/masterWork/tests/samePrefixMarkedMtx/depth3/node6/test0_4.mtx 2.4 714.265 0.00103027 0.0157812 
/home/antonkov/masterWork/tests/samePrefixMarkedMtx/depth3/node6/test0_4.mtx 2.5 980.697 0.000663302 0.0104124 
/home/antonkov/masterWork/tests/samePrefixMarkedMtx/depth3/node6/test0_4.mtx 2.6 1540.08 0.00036618 0.00574713 
/home/antonkov/masterWork/tests/samePrefixMarkedMtx/depth3/node6/test0_4.mtx 2.7 2472.59 0.000183814 0.00307692 
/home/antonkov/masterWork/tests/samePrefixMarkedMtx/depth3/node6/test0_4.mtx 2.8 3895.45 0.000104227 0.0017301 
/home/antonkov/masterWork/tests/samePrefixMarkedMtx/depth3/node6/test0_4.mtx 2.9 6152.5 6.17321e-05 0.000969932 
/home/antonkov/masterWork/tests/samePrefixMarkedMtx/depth3/node6/test0_4.mtx 3 0 -1 -1 
/home/antonkov/masterWork/tests/samePrefixMarkedMtx/depth3/node6/test0_4.mtx 3.1 0 -1 -1 
/home/antonkov/masterWork/tests/samePrefixMarkedMtx/depth3/node6/test0_4.mtx 3.2 0 -1 -1 
/home/antonkov/masterWork/tests/samePrefixMarkedMtx/depth3/node6/test0_4.mtx 3.3 0 -1 -1 
/home/antonkov/masterWork/tests/samePrefixMarkedMtx/depth3/node6/test0_4.mtx 3.4 0 -1 -1 
/home/antonkov/masterWork/tests/samePrefixMarkedMtx/depth3/node6/test0_4.mtx 3.5 0 -1 -1 
/home/antonkov/masterWork/tests/samePrefixMarkedMtx/depth3/node6/test1_0.mtx 1 104.906 0.0751562 0.74 
/home/antonkov/masterWork/tests/samePrefixMarkedMtx/depth3/node6/test1_0.mtx 1.1 96.1282 0.0690538 0.7 
/home/antonkov/masterWork/tests/samePrefixMarkedMtx/depth3/node6/test1_0.mtx 1.2 91.8555 0.0605556 0.64 
/home/antonkov/masterWork/tests/samePrefixMarkedMtx/depth3/node6/test1_0.mtx 1.3 88.8635 0.0531424 0.57 
/home/antonkov/masterWork/tests/samePrefixMarkedMtx/depth3/node6/test1_0.mtx 1.4 112.42 0.0426447 0.463333 
/home/antonkov/masterWork/tests/samePrefixMarkedMtx/depth3/node6/test1_0.mtx 1.5 107.755 0.0361806 0.406667 
/home/antonkov/masterWork/tests/samePrefixMarkedMtx/depth3/node6/test1_0.mtx 1.6 101.899 0.0291609 0.333333 
/home/antonkov/masterWork/tests/samePrefixMarkedMtx/depth3/node6/test1_0.mtx 1.7 133.157 0.0184826 0.22 
/home/antonkov/masterWork/tests/samePrefixMarkedMtx/depth3/node6/test1_0.mtx 1.8 138.737 0.0130845 0.166667 
/home/antonkov/masterWork/tests/samePrefixMarkedMtx/depth3/node6/test1_0.mtx 1.9 179.189 0.0100965 0.125556 
/home/antonkov/masterWork/tests/samePrefixMarkedMtx/depth3/node6/test1_0.mtx 2 219.588 0.00678964 0.0883333 
/home/antonkov/masterWork/tests/samePrefixMarkedMtx/depth3/node6/test1_0.mtx 2.1 313.059 0.00365451 0.051 
/home/antonkov/masterWork/tests/samePrefixMarkedMtx/depth3/node6/test1_0.mtx 2.2 417.912 0.00257813 0.0346667 
/home/antonkov/masterWork/tests/samePrefixMarkedMtx/depth3/node6/test1_0.mtx 2.3 609.14 0.00145104 0.0202 
/home/antonkov/masterWork/tests/samePrefixMarkedMtx/depth3/node6/test1_0.mtx 2.4 953.295 0.000838405 0.0113483 
/home/antonkov/masterWork/tests/samePrefixMarkedMtx/depth3/node6/test1_0.mtx 2.5 1323.59 0.000481115 0.00719424 
/home/antonkov/masterWork/tests/samePrefixMarkedMtx/depth3/node6/test1_0.mtx 2.6 2182.97 0.000249109 0.00383142 
/home/antonkov/masterWork/tests/samePrefixMarkedMtx/depth3/node6/test1_0.mtx 2.7 2819.51 0.000170166 0.00261097 
/home/antonkov/masterWork/tests/samePrefixMarkedMtx/depth3/node6/test1_0.mtx 2.8 4596.55 9.33968e-05 0.00143266 
/home/antonkov/masterWork/tests/samePrefixMarkedMtx/depth3/node6/test1_0.mtx 2.9 6501.41 5.92683e-05 0.000911577 
/home/antonkov/masterWork/tests/samePrefixMarkedMtx/depth3/node6/test1_0.mtx 3 0 -1 -1 
/home/antonkov/masterWork/tests/samePrefixMarkedMtx/depth3/node6/test1_0.mtx 3.1 0 -1 -1 
/home/antonkov/masterWork/tests/samePrefixMarkedMtx/depth3/node6/test1_0.mtx 3.2 0 -1 -1 
/home/antonkov/masterWork/tests/samePrefixMarkedMtx/depth3/node6/test1_0.mtx 3.3 0 -1 -1 
/home/antonkov/masterWork/tests/samePrefixMarkedMtx/depth3/node6/test1_0.mtx 3.4 0 -1 -1 
/home/antonkov/masterWork/tests/samePrefixMarkedMtx/depth3/node6/test1_0.mtx 3.5 0 -1 -1 
/home/antonkov/masterWork/tests/samePrefixMarkedMtx/depth3/node6/test1_1.mtx 1 103.01 0.0702604 0.73 
/home/antonkov/masterWork/tests/samePrefixMarkedMtx/depth3/node6/test1_1.mtx 1.1 94.7933 0.0610156 0.65 
/home/antonkov/masterWork/tests/samePrefixMarkedMtx/depth3/node6/test1_1.mtx 1.2 90.2864 0.0520312 0.575 
/home/antonkov/masterWork/tests/samePrefixMarkedMtx/depth3/node6/test1_1.mtx 1.3 114.501 0.0420718 0.476667 
/home/antonkov/masterWork/tests/samePrefixMarkedMtx/depth3/node6/test1_1.mtx 1.4 110.374 0.0357581 0.416667 
/home/antonkov/masterWork/tests/samePrefixMarkedMtx/depth3/node6/test1_1.mtx 1.5 100.686 0.0273322 0.333333 
/home/antonkov/masterWork/tests/samePrefixMarkedMtx/depth3/node6/test1_1.mtx 1.6 118.082 0.0213976 0.2775 
/home/antonkov/masterWork/tests/samePrefixMarkedMtx/depth3/node6/test1_1.mtx 1.7 130.991 0.0158958 0.208 
/home/antonkov/masterWork/tests/samePrefixMarkedMtx/depth3/node6/test1_1.mtx 1.8 157.906 0.012624 0.161429 
/home/antonkov/masterWork/tests/samePrefixMarkedMtx/depth3/node6/test1_1.mtx 1.9 183.649 0.00907215 0.122222 
/home/antonkov/masterWork/tests/samePrefixMarkedMtx/depth3/node6/test1_1.mtx 2 240.911 0.00557168 0.0757143 
/home/antonkov/masterWork/tests/samePrefixMarkedMtx/depth3/node6/test1_1.mtx 2.1 280.781 0.00375 0.0566667 
/home/antonkov/masterWork/tests/samePrefixMarkedMtx/depth3/node6/test1_1.mtx 2.2 419.229 0.00239883 0.0358621 
/home/antonkov/masterWork/tests/samePrefixMarkedMtx/depth3/node6/test1_1.mtx 2.3 552.024 0.00136426 0.0237209 
/home/antonkov/masterWork/tests/samePrefixMarkedMtx/depth3/node6/test1_1.mtx 2.4 814.358 0.000908083 0.0140278 
/home/antonkov/masterWork/tests/samePrefixMarkedMtx/depth3/node6/test1_1.mtx 2.5 1188.77 0.000473017 0.00847458 
/home/antonkov/masterWork/tests/samePrefixMarkedMtx/depth3/node6/test1_1.mtx 2.6 1515.55 0.000324314 0.00591716 
/home/antonkov/masterWork/tests/samePrefixMarkedMtx/depth3/node6/test1_1.mtx 2.7 2219.55 0.0001895 0.00353357 
/home/antonkov/masterWork/tests/samePrefixMarkedMtx/depth3/node6/test1_1.mtx 2.8 2742.16 0.000123726 0.00258398 
/home/antonkov/masterWork/tests/samePrefixMarkedMtx/depth3/node6/test1_1.mtx 2.9 3688.6 7.82007e-05 0.0017452 
/home/antonkov/masterWork/tests/samePrefixMarkedMtx/depth3/node6/test1_1.mtx 3 4462.73 3.96107e-05 0.00131579 
/home/antonkov/masterWork/tests/samePrefixMarkedMtx/depth3/node6/test1_1.mtx 3.1 5261.03 3.14881e-05 0.00102354 
/home/antonkov/masterWork/tests/samePrefixMarkedMtx/depth3/node6/test1_1.mtx 3.2 7262.96 1.69108e-05 0.000682594 
/home/antonkov/masterWork/tests/samePrefixMarkedMtx/depth3/node6/test1_1.mtx 3.3 0 -1 -1 
/home/antonkov/masterWork/tests/samePrefixMarkedMtx/depth3/node6/test1_1.mtx 3.4 0 -1 -1 
/home/antonkov/masterWork/tests/samePrefixMarkedMtx/depth3/node6/test1_1.mtx 3.5 0 -1 -1 
/home/antonkov/masterWork/tests/samePrefixMarkedMtx/depth3/node6/test1_2.mtx 1 104.939 0.0754948 0.79 
/home/antonkov/masterWork/tests/samePrefixMarkedMtx/depth3/node6/test1_2.mtx 1.1 99.7476 0.0642274 0.675 
/home/antonkov/masterWork/tests/samePrefixMarkedMtx/depth3/node6/test1_2.mtx 1.2 92.3529 0.0569965 0.625 
/home/antonkov/masterWork/tests/samePrefixMarkedMtx/depth3/node6/test1_2.mtx 1.3 88.8679 0.0465885 0.515 
/home/antonkov/masterWork/tests/samePrefixMarkedMtx/depth3/node6/test1_2.mtx 1.4 105.815 0.0351157 0.393333 
/home/antonkov/masterWork/tests/samePrefixMarkedMtx/depth3/node6/test1_2.mtx 1.5 101.937 0.0285069 0.34 
/home/antonkov/masterWork/tests/samePrefixMarkedMtx/depth3/node6/test1_2.mtx 1.6 117.307 0.0210156 0.2525 
/home/antonkov/masterWork/tests/samePrefixMarkedMtx/depth3/node6/test1_2.mtx 1.7 146.371 0.0155903 0.188333 
/home/antonkov/masterWork/tests/samePrefixMarkedMtx/depth3/node6/test1_2.mtx 1.8 174.537 0.0108398 0.1325 
/home/antonkov/masterWork/tests/samePrefixMarkedMtx/depth3/node6/test1_2.mtx 1.9 181.495 0.00907022 0.112222 
/home/antonkov/masterWork/tests/samePrefixMarkedMtx/depth3/node6/test1_2.mtx 2 220.781 0.0075217 0.0916667 
/home/antonkov/masterWork/tests/samePrefixMarkedMtx/depth3/node6/test1_2.mtx 2.1 314.307 0.00410938 0.0515 
/home/antonkov/masterWork/tests/samePrefixMarkedMtx/depth3/node6/test1_2.mtx 2.2 414.91 0.00259028 0.0346667 
/home/antonkov/masterWork/tests/samePrefixMarkedMtx/depth3/node6/test1_2.mtx 2.3 592.947 0.00156395 0.02125 
/home/antonkov/masterWork/tests/samePrefixMarkedMtx/depth3/node6/test1_2.mtx 2.4 816.508 0.000968846 0.0141667 
/home/antonkov/masterWork/tests/samePrefixMarkedMtx/depth3/node6/test1_2.mtx 2.5 1323.1 0.000515046 0.00740741 
/home/antonkov/masterWork/tests/samePrefixMarkedMtx/depth3/node6/test1_2.mtx 2.6 1918.92 0.000289899 0.0045045 
/home/antonkov/masterWork/tests/samePrefixMarkedMtx/depth3/node6/test1_2.mtx 2.7 3272.99 0.000146834 0.0023341 
/home/antonkov/masterWork/tests/samePrefixMarkedMtx/depth3/node6/test1_2.mtx 2.8 4922.35 8.49421e-05 0.0013587 
/home/antonkov/masterWork/tests/samePrefixMarkedMtx/depth3/node6/test1_2.mtx 2.9 7580.55 4.87706e-05 0.000791766 
/home/antonkov/masterWork/tests/samePrefixMarkedMtx/depth3/node6/test1_2.mtx 3 0 -1 -1 
/home/antonkov/masterWork/tests/samePrefixMarkedMtx/depth3/node6/test1_2.mtx 3.1 0 -1 -1 
/home/antonkov/masterWork/tests/samePrefixMarkedMtx/depth3/node6/test1_2.mtx 3.2 0 -1 -1 
/home/antonkov/masterWork/tests/samePrefixMarkedMtx/depth3/node6/test1_2.mtx 3.3 0 -1 -1 
/home/antonkov/masterWork/tests/samePrefixMarkedMtx/depth3/node6/test1_2.mtx 3.4 0 -1 -1 
/home/antonkov/masterWork/tests/samePrefixMarkedMtx/depth3/node6/test1_2.mtx 3.5 0 -1 -1 
/home/antonkov/masterWork/tests/samePrefixMarkedMtx/depth3/node6/test1_3.mtx 1 106.355 0.0775608 0.79 
/home/antonkov/masterWork/tests/samePrefixMarkedMtx/depth3/node6/test1_3.mtx 1.1 102.731 0.065651 0.7 
/home/antonkov/masterWork/tests/samePrefixMarkedMtx/depth3/node6/test1_3.mtx 1.2 89.8767 0.0547222 0.59 
/home/antonkov/masterWork/tests/samePrefixMarkedMtx/depth3/node6/test1_3.mtx 1.3 86.8095 0.0480035 0.525 
/home/antonkov/masterWork/tests/samePrefixMarkedMtx/depth3/node6/test1_3.mtx 1.4 110.166 0.0372685 0.44 
/home/antonkov/masterWork/tests/samePrefixMarkedMtx/depth3/node6/test1_3.mtx 1.5 105.96 0.0285995 0.34 
/home/antonkov/masterWork/tests/samePrefixMarkedMtx/depth3/node6/test1_3.mtx 1.6 116.064 0.0234418 0.2775 
/home/antonkov/masterWork/tests/samePrefixMarkedMtx/depth3/node6/test1_3.mtx 1.7 147.254 0.017147 0.206667 
/home/antonkov/masterWork/tests/samePrefixMarkedMtx/depth3/node6/test1_3.mtx 1.8 156.674 0.012567 0.154286 
/home/antonkov/masterWork/tests/samePrefixMarkedMtx/depth3/node6/test1_3.mtx 1.9 188.161 0.00841319 0.107 
/home/antonkov/masterWork/tests/samePrefixMarkedMtx/depth3/node6/test1_3.mtx 2 236.703 0.00574033 0.0757143 
/home/antonkov/masterWork/tests/samePrefixMarkedMtx/depth3/node6/test1_3.mtx 2.1 309.252 0.00380295 0.0505 
/home/antonkov/masterWork/tests/samePrefixMarkedMtx/depth3/node6/test1_3.mtx 2.2 420.235 0.00237399 0.0322581 
/home/antonkov/masterWork/tests/samePrefixMarkedMtx/depth3/node6/test1_3.mtx 2.3 586.119 0.00150499 0.0208333 
/home/antonkov/masterWork/tests/samePrefixMarkedMtx/depth3/node6/test1_3.mtx 2.4 859.105 0.000845269 0.01275 
/home/antonkov/masterWork/tests/samePrefixMarkedMtx/depth3/node6/test1_3.mtx 2.5 1402.04 0.000450818 0.00657895 
/home/antonkov/masterWork/tests/samePrefixMarkedMtx/depth3/node6/test1_3.mtx 2.6 2003.15 0.000291281 0.00411523 
/home/antonkov/masterWork/tests/samePrefixMarkedMtx/depth3/node6/test1_3.mtx 2.7 3243.42 0.000148611 0.00222222 
/home/antonkov/masterWork/tests/samePrefixMarkedMtx/depth3/node6/test1_3.mtx 2.8 4812.69 8.94389e-05 0.00134228 
/home/antonkov/masterWork/tests/samePrefixMarkedMtx/depth3/node6/test1_3.mtx 2.9 7923.49 4.58511e-05 0.000732601 
/home/antonkov/masterWork/tests/samePrefixMarkedMtx/depth3/node6/test1_3.mtx 3 0 -1 -1 
/home/antonkov/masterWork/tests/samePrefixMarkedMtx/depth3/node6/test1_3.mtx 3.1 0 -1 -1 
/home/antonkov/masterWork/tests/samePrefixMarkedMtx/depth3/node6/test1_3.mtx 3.2 0 -1 -1 
/home/antonkov/masterWork/tests/samePrefixMarkedMtx/depth3/node6/test1_3.mtx 3.3 0 -1 -1 
/home/antonkov/masterWork/tests/samePrefixMarkedMtx/depth3/node6/test1_3.mtx 3.4 0 -1 -1 
/home/antonkov/masterWork/tests/samePrefixMarkedMtx/depth3/node6/test1_3.mtx 3.5 0 -1 -1 
/home/antonkov/masterWork/tests/samePrefixMarkedMtx/depth3/node6/test1_4.mtx 1 107.419 0.0751562 0.765 
/home/antonkov/masterWork/tests/samePrefixMarkedMtx/depth3/node6/test1_4.mtx 1.1 95.8514 0.0619618 0.67 
/home/antonkov/masterWork/tests/samePrefixMarkedMtx/depth3/node6/test1_4.mtx 1.2 90.2463 0.0514844 0.565 
/home/antonkov/masterWork/tests/samePrefixMarkedMtx/depth3/node6/test1_4.mtx 1.3 114.253 0.0443519 0.49 
/home/antonkov/masterWork/tests/samePrefixMarkedMtx/depth3/node6/test1_4.mtx 1.4 108.177 0.0338079 0.4 
/home/antonkov/masterWork/tests/samePrefixMarkedMtx/depth3/node6/test1_4.mtx 1.5 126.523 0.0252344 0.315 
/home/antonkov/masterWork/tests/samePrefixMarkedMtx/depth3/node6/test1_4.mtx 1.6 121.08 0.0204123 0.25 
/home/antonkov/masterWork/tests/samePrefixMarkedMtx/depth3/node6/test1_4.mtx 1.7 155.777 0.0157812 0.196667 
/home/antonkov/masterWork/tests/samePrefixMarkedMtx/depth3/node6/test1_4.mtx 1.8 163.691 0.0110863 0.148571 
/home/antonkov/masterWork/tests/samePrefixMarkedMtx/depth3/node6/test1_4.mtx 1.9 200.038 0.00822222 0.101 
/home/antonkov/masterWork/tests/samePrefixMarkedMtx/depth3/node6/test1_4.mtx 2 229.284 0.00621928 0.08 
/home/antonkov/masterWork/tests/samePrefixMarkedMtx/depth3/node6/test1_4.mtx 2.1 313.493 0.00371615 0.05 
/home/antonkov/masterWork/tests/samePrefixMarkedMtx/depth3/node6/test1_4.mtx 2.2 432.348 0.002489 0.0343333 
/home/antonkov/masterWork/tests/samePrefixMarkedMtx/depth3/node6/test1_4.mtx 2.3 639.82 0.00141816 0.02 
/home/antonkov/masterWork/tests/samePrefixMarkedMtx/depth3/node6/test1_4.mtx 2.4 986.455 0.000847502 0.0116092 
/home/antonkov/masterWork/tests/samePrefixMarkedMtx/depth3/node6/test1_4.mtx 2.5 1453.15 0.000471384 0.00689655 
/home/antonkov/masterWork/tests/samePrefixMarkedMtx/depth3/node6/test1_4.mtx 2.6 2211.47 0.000273101 0.00408163 
/home/antonkov/masterWork/tests/samePrefixMarkedMtx/depth3/node6/test1_4.mtx 2.7 3015.04 0.000185992 0.00270777 
/home/antonkov/masterWork/tests/samePrefixMarkedMtx/depth3/node6/test1_4.mtx 2.8 4641.92 0.000102232 0.00160828 
/home/antonkov/masterWork/tests/samePrefixMarkedMtx/depth3/node6/test1_4.mtx 2.9 6927.41 5.34277e-05 0.000956023 
/home/antonkov/masterWork/tests/samePrefixMarkedMtx/depth3/node6/test1_4.mtx 3 0 -1 -1 
/home/antonkov/masterWork/tests/samePrefixMarkedMtx/depth3/node6/test1_4.mtx 3.1 0 -1 -1 
/home/antonkov/masterWork/tests/samePrefixMarkedMtx/depth3/node6/test1_4.mtx 3.2 0 -1 -1 
/home/antonkov/masterWork/tests/samePrefixMarkedMtx/depth3/node6/test1_4.mtx 3.3 0 -1 -1 
/home/antonkov/masterWork/tests/samePrefixMarkedMtx/depth3/node6/test1_4.mtx 3.4 0 -1 -1 
/home/antonkov/masterWork/tests/samePrefixMarkedMtx/depth3/node6/test1_4.mtx 3.5 0 -1 -1 
/home/antonkov/masterWork/tests/samePrefixMarkedMtx/depth3/node6/test2_0.mtx 1 107.792 0.0768229 0.78 
/home/antonkov/masterWork/tests/samePrefixMarkedMtx/depth3/node6/test2_0.mtx 1.1 97.9728 0.0650174 0.67 
/home/antonkov/masterWork/tests/samePrefixMarkedMtx/depth3/node6/test2_0.mtx 1.2 89.3572 0.0576997 0.6 
/home/antonkov/masterWork/tests/samePrefixMarkedMtx/depth3/node6/test2_0.mtx 1.3 87.2902 0.0503472 0.545 
/home/antonkov/masterWork/tests/samePrefixMarkedMtx/depth3/node6/test2_0.mtx 1.4 110.285 0.0382813 0.44 
/home/antonkov/masterWork/tests/samePrefixMarkedMtx/depth3/node6/test2_0.mtx 1.5 100.999 0.0295081 0.343333 
/home/antonkov/masterWork/tests/samePrefixMarkedMtx/depth3/node6/test2_0.mtx 1.6 115.581 0.0229427 0.2675 
/home/antonkov/masterWork/tests/samePrefixMarkedMtx/depth3/node6/test2_0.mtx 1.7 125.202 0.0171042 0.206 
/home/antonkov/masterWork/tests/samePrefixMarkedMtx/depth3/node6/test2_0.mtx 1.8 155.299 0.0125422 0.154286 
/home/antonkov/masterWork/tests/samePrefixMarkedMtx/depth3/node6/test2_0.mtx 1.9 174.774 0.00973765 0.122222 
/home/antonkov/masterWork/tests/samePrefixMarkedMtx/depth3/node6/test2_0.mtx 2 212.151 0.00671875 0.0858333 
/home/antonkov/masterWork/tests/samePrefixMarkedMtx/depth3/node6/test2_0.mtx 2.1 257.533 0.00470703 0.06375 
/home/antonkov/masterWork/tests/samePrefixMarkedMtx/depth3/node6/test2_0.mtx 2.2 364.425 0.00285323 0.0396154 
/home/antonkov/masterWork/tests/samePrefixMarkedMtx/depth3/node6/test2_0.mtx 2.3 544.235 0.00163116 0.0231818 
/home/antonkov/masterWork/tests/samePrefixMarkedMtx/depth3/node6/test2_0.mtx 2.4 844.09 0.000903446 0.0128205 
/home/antonkov/masterWork/tests/samePrefixMarkedMtx/depth3/node6/test2_0.mtx 2.5 1207 0.000575556 0.008 
/home/antonkov/masterWork/tests/samePrefixMarkedMtx/depth3/node6/test2_0.mtx 2.6 1765.23 0.00032604 0.00483254 
/home/antonkov/masterWork/tests/samePrefixMarkedMtx/depth3/node6/test2_0.mtx 2.7 2179.52 0.000222198 0.00353357 
/home/antonkov/masterWork/tests/samePrefixMarkedMtx/depth3/node6/test2_0.mtx 2.8 3071.68 0.000145255 0.00222222 
/home/antonkov/masterWork/tests/samePrefixMarkedMtx/depth3/node6/test2_0.mtx 2.9 6407.59 5.76286e-05 0.000928505 
/home/antonkov/masterWork/tests/samePrefixMarkedMtx/depth3/node6/test2_0.mtx 3 0 -1 -1 
/home/antonkov/masterWork/tests/samePrefixMarkedMtx/depth3/node6/test2_0.mtx 3.1 0 -1 -1 
/home/antonkov/masterWork/tests/samePrefixMarkedMtx/depth3/node6/test2_0.mtx 3.2 0 -1 -1 
/home/antonkov/masterWork/tests/samePrefixMarkedMtx/depth3/node6/test2_0.mtx 3.3 0 -1 -1 
/home/antonkov/masterWork/tests/samePrefixMarkedMtx/depth3/node6/test2_0.mtx 3.4 0 -1 -1 
/home/antonkov/masterWork/tests/samePrefixMarkedMtx/depth3/node6/test2_0.mtx 3.5 0 -1 -1 
/home/antonkov/masterWork/tests/samePrefixMarkedMtx/depth3/node6/test2_1.mtx 1 102.335 0.0757378 0.775 
/home/antonkov/masterWork/tests/samePrefixMarkedMtx/depth3/node6/test2_1.mtx 1.1 98.7598 0.0667014 0.705 
/home/antonkov/masterWork/tests/samePrefixMarkedMtx/depth3/node6/test2_1.mtx 1.2 89.817 0.0578646 0.62 
/home/antonkov/masterWork/tests/samePrefixMarkedMtx/depth3/node6/test2_1.mtx 1.3 88.0028 0.048342 0.555 
/home/antonkov/masterWork/tests/samePrefixMarkedMtx/depth3/node6/test2_1.mtx 1.4 107.781 0.0371586 0.423333 
/home/antonkov/masterWork/tests/samePrefixMarkedMtx/depth3/node6/test2_1.mtx 1.5 99.9025 0.0315567 0.363333 
/home/antonkov/masterWork/tests/samePrefixMarkedMtx/depth3/node6/test2_1.mtx 1.6 121.831 0.0252561 0.31 
/home/antonkov/masterWork/tests/samePrefixMarkedMtx/depth3/node6/test2_1.mtx 1.7 131.186 0.0191806 0.242 
/home/antonkov/masterWork/tests/samePrefixMarkedMtx/depth3/node6/test2_1.mtx 1.8 143.535 0.0146123 0.183333 
/home/antonkov/masterWork/tests/samePrefixMarkedMtx/depth3/node6/test2_1.mtx 1.9 184.999 0.0105228 0.131111 
/home/antonkov/masterWork/tests/samePrefixMarkedMtx/depth3/node6/test2_1.mtx 2 208.416 0.00705019 0.0909091 
/home/antonkov/masterWork/tests/samePrefixMarkedMtx/depth3/node6/test2_1.mtx 2.1 292.008 0.00406981 0.0526316 
/home/antonkov/masterWork/tests/samePrefixMarkedMtx/depth3/node6/test2_1.mtx 2.2 361.593 0.00305417 0.04 
/home/antonkov/masterWork/tests/samePrefixMarkedMtx/depth3/node6/test2_1.mtx 2.3 484.835 0.00189987 0.027027 
/home/antonkov/masterWork/tests/samePrefixMarkedMtx/depth3/node6/test2_1.mtx 2.4 724.075 0.00109515 0.0162903 
/home/antonkov/masterWork/tests/samePrefixMarkedMtx/depth3/node6/test2_1.mtx 2.5 1052.87 0.000645139 0.01 
/home/antonkov/masterWork/tests/samePrefixMarkedMtx/depth3/node6/test2_1.mtx 2.6 1589.96 0.00037175 0.00581395 
/home/antonkov/masterWork/tests/samePrefixMarkedMtx/depth3/node6/test2_1.mtx 2.7 2495.15 0.000194684 0.00328947 
/home/antonkov/masterWork/tests/samePrefixMarkedMtx/depth3/node6/test2_1.mtx 2.8 3874.32 0.000106979 0.0018622 
/home/antonkov/masterWork/tests/samePrefixMarkedMtx/depth3/node6/test2_1.mtx 2.9 5856.06 6.25304e-05 0.00109409 
/home/antonkov/masterWork/tests/samePrefixMarkedMtx/depth3/node6/test2_1.mtx 3 10975.6 2.77633e-05 0.000521921 
/home/antonkov/masterWork/tests/samePrefixMarkedMtx/depth3/node6/test2_1.mtx 3.1 0 -1 -1 
/home/antonkov/masterWork/tests/samePrefixMarkedMtx/depth3/node6/test2_1.mtx 3.2 0 -1 -1 
/home/antonkov/masterWork/tests/samePrefixMarkedMtx/depth3/node6/test2_1.mtx 3.3 0 -1 -1 
/home/antonkov/masterWork/tests/samePrefixMarkedMtx/depth3/node6/test2_1.mtx 3.4 0 -1 -1 
/home/antonkov/masterWork/tests/samePrefixMarkedMtx/depth3/node6/test2_1.mtx 3.5 0 -1 -1 
/home/antonkov/masterWork/tests/samePrefixMarkedMtx/depth3/node6/test2_2.mtx 1 108.673 0.0762066 0.79 
/home/antonkov/masterWork/tests/samePrefixMarkedMtx/depth3/node6/test2_2.mtx 1.1 99.4858 0.065842 0.7 
/home/antonkov/masterWork/tests/samePrefixMarkedMtx/depth3/node6/test2_2.mtx 1.2 94.2004 0.0589062 0.65 
/home/antonkov/masterWork/tests/samePrefixMarkedMtx/depth3/node6/test2_2.mtx 1.3 88.0642 0.0484809 0.55 
/home/antonkov/masterWork/tests/samePrefixMarkedMtx/depth3/node6/test2_2.mtx 1.4 113.863 0.0384664 0.44 
/home/antonkov/masterWork/tests/samePrefixMarkedMtx/depth3/node6/test2_2.mtx 1.5 105.525 0.0304745 0.363333 
/home/antonkov/masterWork/tests/samePrefixMarkedMtx/depth3/node6/test2_2.mtx 1.6 123.308 0.0246875 0.2975 
/home/antonkov/masterWork/tests/samePrefixMarkedMtx/depth3/node6/test2_2.mtx 1.7 132.46 0.0187569 0.236 
/home/antonkov/masterWork/tests/samePrefixMarkedMtx/depth3/node6/test2_2.mtx 1.8 141.866 0.0139381 0.17 
/home/antonkov/masterWork/tests/samePrefixMarkedMtx/depth3/node6/test2_2.mtx 1.9 171.527 0.0102127 0.12875 
/home/antonkov/masterWork/tests/samePrefixMarkedMtx/depth3/node6/test2_2.mtx 2 222.726 0.00709635 0.0891667 
/home/antonkov/masterWork/tests/samePrefixMarkedMtx/depth3/node6/test2_2.mtx 2.1 272.439 0.00459967 0.0605882 
/home/antonkov/masterWork/tests/samePrefixMarkedMtx/depth3/node6/test2_2.mtx 2.2 363.76 0.00298889 0.0412 
/home/antonkov/masterWork/tests/samePrefixMarkedMtx/depth3/node6/test2_2.mtx 2.3 479.744 0.00189815 0.0277778 
/home/antonkov/masterWork/tests/samePrefixMarkedMtx/depth3/node6/test2_2.mtx 2.4 787.359 0.0010792 0.015 
/home/antonkov/masterWork/tests/samePrefixMarkedMtx/depth3/node6/test2_2.mtx 2.5 1025.93 0.000728299 0.0102 
/home/antonkov/masterWork/tests/samePrefixMarkedMtx/depth3/node6/test2_2.mtx 2.6 1603.82 0.000359279 0.00555556 
/home/antonkov/masterWork/tests/samePrefixMarkedMtx/depth3/node6/test2_2.mtx 2.7 2386.81 0.00020675 0.00325733 
/home/antonkov/masterWork/tests/samePrefixMarkedMtx/depth3/node6/test2_2.mtx 2.8 3637.41 0.000111008 0.00185874 
/home/antonkov/masterWork/tests/samePrefixMarkedMtx/depth3/node6/test2_2.mtx 2.9 5532.05 6.49245e-05 0.00110022 
/home/antonkov/masterWork/tests/samePrefixMarkedMtx/depth3/node6/test2_2.mtx 3 9208.46 3.00721e-05 0.00058997 
/home/antonkov/masterWork/tests/samePrefixMarkedMtx/depth3/node6/test2_2.mtx 3.1 0 -1 -1 
/home/antonkov/masterWork/tests/samePrefixMarkedMtx/depth3/node6/test2_2.mtx 3.2 0 -1 -1 
/home/antonkov/masterWork/tests/samePrefixMarkedMtx/depth3/node6/test2_2.mtx 3.3 0 -1 -1 
/home/antonkov/masterWork/tests/samePrefixMarkedMtx/depth3/node6/test2_2.mtx 3.4 0 -1 -1 
/home/antonkov/masterWork/tests/samePrefixMarkedMtx/depth3/node6/test2_2.mtx 3.5 0 -1 -1 
/home/antonkov/masterWork/tests/samePrefixMarkedMtx/depth3/node6/test2_3.mtx 1 103.923 0.0739063 0.76 
/home/antonkov/masterWork/tests/samePrefixMarkedMtx/depth3/node6/test2_3.mtx 1.1 99.1988 0.0662934 0.73 
/home/antonkov/masterWork/tests/samePrefixMarkedMtx/depth3/node6/test2_3.mtx 1.2 92.4768 0.0560764 0.63 
/home/antonkov/masterWork/tests/samePrefixMarkedMtx/depth3/node6/test2_3.mtx 1.3 86.6812 0.045651 0.525 
/home/antonkov/masterWork/tests/samePrefixMarkedMtx/depth3/node6/test2_3.mtx 1.4 111.475 0.0396412 0.47 
/home/antonkov/masterWork/tests/samePrefixMarkedMtx/depth3/node6/test2_3.mtx 1.5 106.673 0.0304861 0.366667 
/home/antonkov/masterWork/tests/samePrefixMarkedMtx/depth3/node6/test2_3.mtx 1.6 120.995 0.0213585 0.2675 
/home/antonkov/masterWork/tests/samePrefixMarkedMtx/depth3/node6/test2_3.mtx 1.7 152.291 0.0173003 0.213333 
/home/antonkov/masterWork/tests/samePrefixMarkedMtx/depth3/node6/test2_3.mtx 1.8 159.964 0.0118527 0.151429 
/home/antonkov/masterWork/tests/samePrefixMarkedMtx/depth3/node6/test2_3.mtx 1.9 182.505 0.00865162 0.111111 
/home/antonkov/masterWork/tests/samePrefixMarkedMtx/depth3/node6/test2_3.mtx 2 237.491 0.00562624 0.0742857 
/home/antonkov/masterWork/tests/samePrefixMarkedMtx/depth3/node6/test2_3.mtx 2.1 308.208 0.00368229 0.051 
/home/antonkov/masterWork/tests/samePrefixMarkedMtx/depth3/node6/test2_3.mtx 2.2 392.101 0.00251616 0.0348276 
/home/antonkov/masterWork/tests/samePrefixMarkedMtx/depth3/node6/test2_3.mtx 2.3 583.614 0.00150825 0.0208333 
/home/antonkov/masterWork/tests/samePrefixMarkedMtx/depth3/node6/test2_3.mtx 2.4 784.714 0.000955605 0.0144286 
/home/antonkov/masterWork/tests/samePrefixMarkedMtx/depth3/node6/test2_3.mtx 2.5 1336.42 0.000448873 0.00724638 
/home/antonkov/masterWork/tests/samePrefixMarkedMtx/depth3/node6/test2_3.mtx 2.6 1900.38 0.000305093 0.00444444 
/home/antonkov/masterWork/tests/samePrefixMarkedMtx/depth3/node6/test2_3.mtx 2.7 2733.29 0.000193425 0.00274457 
/home/antonkov/masterWork/tests/samePrefixMarkedMtx/depth3/node6/test2_3.mtx 2.8 4151.76 9.91985e-05 0.00158983 
/home/antonkov/masterWork/tests/samePrefixMarkedMtx/depth3/node6/test2_3.mtx 2.9 7072.65 4.98685e-05 0.000823045 
/home/antonkov/masterWork/tests/samePrefixMarkedMtx/depth3/node6/test2_3.mtx 3 0 -1 -1 
/home/antonkov/masterWork/tests/samePrefixMarkedMtx/depth3/node6/test2_3.mtx 3.1 0 -1 -1 
/home/antonkov/masterWork/tests/samePrefixMarkedMtx/depth3/node6/test2_3.mtx 3.2 0 -1 -1 
/home/antonkov/masterWork/tests/samePrefixMarkedMtx/depth3/node6/test2_3.mtx 3.3 0 -1 -1 
/home/antonkov/masterWork/tests/samePrefixMarkedMtx/depth3/node6/test2_3.mtx 3.4 0 -1 -1 
/home/antonkov/masterWork/tests/samePrefixMarkedMtx/depth3/node6/test2_3.mtx 3.5 0 -1 -1 
/home/antonkov/masterWork/tests/samePrefixMarkedMtx/depth3/node6/test2_4.mtx 1 107.847 0.0760417 0.775 
/home/antonkov/masterWork/tests/samePrefixMarkedMtx/depth3/node6/test2_4.mtx 1.1 103.316 0.0670399 0.73 
/home/antonkov/masterWork/tests/samePrefixMarkedMtx/depth3/node6/test2_4.mtx 1.2 92.0122 0.0582552 0.63 
/home/antonkov/masterWork/tests/samePrefixMarkedMtx/depth3/node6/test2_4.mtx 1.3 86.3158 0.0483854 0.54 
/home/antonkov/masterWork/tests/samePrefixMarkedMtx/depth3/node6/test2_4.mtx 1.4 113.264 0.0400637 0.456667 
/home/antonkov/masterWork/tests/samePrefixMarkedMtx/depth3/node6/test2_4.mtx 1.5 109.694 0.0323206 0.386667 
/home/antonkov/masterWork/tests/samePrefixMarkedMtx/depth3/node6/test2_4.mtx 1.6 101.165 0.0263252 0.333333 
/home/antonkov/masterWork/tests/samePrefixMarkedMtx/depth3/node6/test2_4.mtx 1.7 114.164 0.0197656 0.2575 
/home/antonkov/masterWork/tests/samePrefixMarkedMtx/depth3/node6/test2_4.mtx 1.8 127.782 0.0141528 0.206 
/home/antonkov/masterWork/tests/samePrefixMarkedMtx/depth3/node6/test2_4.mtx 1.9 144.693 0.011577 0.171667 
/home/antonkov/masterWork/tests/samePrefixMarkedMtx/depth3/node6/test2_4.mtx 2 182.354 0.00784915 0.124444 
/home/antonkov/masterWork/tests/samePrefixMarkedMtx/depth3/node6/test2_4.mtx 2.1 197.49 0.00581282 0.0954545 
/home/antonkov/masterWork/tests/samePrefixMarkedMtx/depth3/node6/test2_4.mtx 2.2 257.694 0.00381944 0.065625 
/home/antonkov/masterWork/tests/samePrefixMarkedMtx/depth3/node6/test2_4.mtx 2.3 304.15 0.00221395 0.0480952 
/home/antonkov/masterWork/tests/samePrefixMarkedMtx/depth3/node6/test2_4.mtx 2.4 418.211 0.00124421 0.0309091 
/home/antonkov/masterWork/tests/samePrefixMarkedMtx/depth3/node6/test2_4.mtx 2.5 529.399 0.000742582 0.0231818 
/home/antonkov/masterWork/tests/samePrefixMarkedMtx/depth3/node6/test2_4.mtx 2.6 603.693 0.00046658 0.0182143 
/home/antonkov/masterWork/tests/samePrefixMarkedMtx/depth3/node6/test2_4.mtx 2.7 708.208 0.000232488 0.0144928 
/home/antonkov/masterWork/tests/samePrefixMarkedMtx/depth3/node6/test2_4.mtx 2.8 791.495 0.000171544 0.0120238 
/home/antonkov/masterWork/tests/samePrefixMarkedMtx/depth3/node6/test2_4.mtx 2.9 831.168 0.000103789 0.0108696 
/home/antonkov/masterWork/tests/samePrefixMarkedMtx/depth3/node6/test2_4.mtx 3 982.258 7.93651e-05 0.00840336 
/home/antonkov/masterWork/tests/samePrefixMarkedMtx/depth3/node6/test2_4.mtx 3.1 1075.23 6.12599e-05 0.00714286 
/home/antonkov/masterWork/tests/samePrefixMarkedMtx/depth3/node6/test2_4.mtx 3.2 1212.77 4.60621e-05 0.00578035 
/home/antonkov/masterWork/tests/samePrefixMarkedMtx/depth3/node6/test2_4.mtx 3.3 1307.21 3.80208e-05 0.005 
/home/antonkov/masterWork/tests/samePrefixMarkedMtx/depth3/node6/test2_4.mtx 3.4 1478.54 2.8843e-05 0.0040239 
/home/antonkov/masterWork/tests/samePrefixMarkedMtx/depth3/node6/test2_4.mtx 3.5 1621.19 2.4353e-05 0.0034471 
/home/antonkov/masterWork/tests/samePrefixMarkedMtx/depth3/node6/test3_0.mtx 1 104.497 0.075408 0.76 
/home/antonkov/masterWork/tests/samePrefixMarkedMtx/depth3/node6/test3_0.mtx 1.1 100.435 0.06625 0.685 
/home/antonkov/masterWork/tests/samePrefixMarkedMtx/depth3/node6/test3_0.mtx 1.2 92.6354 0.0581337 0.61 
/home/antonkov/masterWork/tests/samePrefixMarkedMtx/depth3/node6/test3_0.mtx 1.3 88.2418 0.0485503 0.53 
/home/antonkov/masterWork/tests/samePrefixMarkedMtx/depth3/node6/test3_0.mtx 1.4 115.802 0.0422106 0.48 
/home/antonkov/masterWork/tests/samePrefixMarkedMtx/depth3/node6/test3_0.mtx 1.5 107.99 0.0316956 0.363333 
/home/antonkov/masterWork/tests/samePrefixMarkedMtx/depth3/node6/test3_0.mtx 1.6 128.319 0.0254861 0.2875 
/home/antonkov/masterWork/tests/samePrefixMarkedMtx/depth3/node6/test3_0.mtx 1.7 138.782 0.0188194 0.24 
/home/antonkov/masterWork/tests/samePrefixMarkedMtx/depth3/node6/test3_0.mtx 1.8 166.883 0.0121726 0.154286 
/home/antonkov/masterWork/tests/samePrefixMarkedMtx/depth3/node6/test3_0.mtx 1.9 186.739 0.00859568 0.112222 
/home/antonkov/masterWork/tests/samePrefixMarkedMtx/depth3/node6/test3_0.mtx 2 237.343 0.00581197 0.0784615 
/home/antonkov/masterWork/tests/samePrefixMarkedMtx/depth3/node6/test3_0.mtx 2.1 310.456 0.00388108 0.0515 
/home/antonkov/masterWork/tests/samePrefixMarkedMtx/depth3/node6/test3_0.mtx 2.2 419.626 0.0024728 0.0343333 
/home/antonkov/masterWork/tests/samePrefixMarkedMtx/depth3/node6/test3_0.mtx 2.3 545.37 0.00152576 0.0232558 
/home/antonkov/masterWork/tests/samePrefixMarkedMtx/depth3/node6/test3_0.mtx 2.4 786.151 0.000998142 0.0142254 
/home/antonkov/masterWork/tests/samePrefixMarkedMtx/depth3/node6/test3_0.mtx 2.5 1164.05 0.000599907 0.00840336 
/home/antonkov/masterWork/tests/samePrefixMarkedMtx/depth3/node6/test3_0.mtx 2.6 1685.93 0.000358615 0.00520833 
/home/antonkov/masterWork/tests/samePrefixMarkedMtx/depth3/node6/test3_0.mtx 2.7 2474.75 0.000213003 0.00316456 
/home/antonkov/masterWork/tests/samePrefixMarkedMtx/depth3/node6/test3_0.mtx 2.8 4358.8 0.000101852 0.00155039 
/home/antonkov/masterWork/tests/samePrefixMarkedMtx/depth3/node6/test3_0.mtx 2.9 7105.1 5.14528e-05 0.000844595 
/home/antonkov/masterWork/tests/samePrefixMarkedMtx/depth3/node6/test3_0.mtx 3 0 -1 -1 
/home/antonkov/masterWork/tests/samePrefixMarkedMtx/depth3/node6/test3_0.mtx 3.1 0 -1 -1 
/home/antonkov/masterWork/tests/samePrefixMarkedMtx/depth3/node6/test3_0.mtx 3.2 0 -1 -1 
/home/antonkov/masterWork/tests/samePrefixMarkedMtx/depth3/node6/test3_0.mtx 3.3 0 -1 -1 
/home/antonkov/masterWork/tests/samePrefixMarkedMtx/depth3/node6/test3_0.mtx 3.4 0 -1 -1 
/home/antonkov/masterWork/tests/samePrefixMarkedMtx/depth3/node6/test3_0.mtx 3.5 0 -1 -1 
/home/antonkov/masterWork/tests/samePrefixMarkedMtx/depth3/node6/test3_1.mtx 1 106.389 0.0805642 0.815 
/home/antonkov/masterWork/tests/samePrefixMarkedMtx/depth3/node6/test3_1.mtx 1.1 100.337 0.0707726 0.735 
/home/antonkov/masterWork/tests/samePrefixMarkedMtx/depth3/node6/test3_1.mtx 1.2 92.1141 0.0618837 0.655 
/home/antonkov/masterWork/tests/samePrefixMarkedMtx/depth3/node6/test3_1.mtx 1.3 85.92 0.0522222 0.58 
/home/antonkov/masterWork/tests/samePrefixMarkedMtx/depth3/node6/test3_1.mtx 1.4 112.971 0.0445544 0.506667 
/home/antonkov/masterWork/tests/samePrefixMarkedMtx/depth3/node6/test3_1.mtx 1.5 109.453 0.0365972 0.426667 
/home/antonkov/masterWork/tests/samePrefixMarkedMtx/depth3/node6/test3_1.mtx 1.6 123.899 0.0251823 0.2975 
/home/antonkov/masterWork/tests/samePrefixMarkedMtx/depth3/node6/test3_1.mtx 1.7 138.06 0.0190521 0.226 
/home/antonkov/masterWork/tests/samePrefixMarkedMtx/depth3/node6/test3_1.mtx 1.8 137.662 0.0144068 0.17 
/home/antonkov/masterWork/tests/samePrefixMarkedMtx/depth3/node6/test3_1.mtx 1.9 179.697 0.0110822 0.126667 
/home/antonkov/masterWork/tests/samePrefixMarkedMtx/depth3/node6/test3_1.mtx 2 212.776 0.00748987 0.0908333 
/home/antonkov/masterWork/tests/samePrefixMarkedMtx/depth3/node6/test3_1.mtx 2.1 256.115 0.00534071 0.06625 
/home/antonkov/masterWork/tests/samePrefixMarkedMtx/depth3/node6/test3_1.mtx 2.2 363.53 0.00322569 0.0404 
/home/antonkov/masterWork/tests/samePrefixMarkedMtx/depth3/node6/test3_1.mtx 2.3 434.729 0.00240478 0.0306061 
/home/antonkov/masterWork/tests/samePrefixMarkedMtx/depth3/node6/test3_1.mtx 2.4 709.848 0.00114773 0.015625 
/home/antonkov/masterWork/tests/samePrefixMarkedMtx/depth3/node6/test3_1.mtx 2.5 951.981 0.000770907 0.0106383 
/home/antonkov/masterWork/tests/samePrefixMarkedMtx/depth3/node6/test3_1.mtx 2.6 1498.37 0.000437147 0.0060479 
/home/antonkov/masterWork/tests/samePrefixMarkedMtx/depth3/node6/test3_1.mtx 2.7 2540.53 0.000207916 0.003003 
/home/antonkov/masterWork/tests/samePrefixMarkedMtx/depth3/node6/test3_1.mtx 2.8 4115.64 0.000112819 0.00163399 
/home/antonkov/masterWork/tests/samePrefixMarkedMtx/depth3/node6/test3_1.mtx 2.9 6492.86 5.56996e-05 0.000901713 
/home/antonkov/masterWork/tests/samePrefixMarkedMtx/depth3/node6/test3_1.mtx 3 0 -1 -1 
/home/antonkov/masterWork/tests/samePrefixMarkedMtx/depth3/node6/test3_1.mtx 3.1 0 -1 -1 
/home/antonkov/masterWork/tests/samePrefixMarkedMtx/depth3/node6/test3_1.mtx 3.2 0 -1 -1 
/home/antonkov/masterWork/tests/samePrefixMarkedMtx/depth3/node6/test3_1.mtx 3.3 0 -1 -1 
/home/antonkov/masterWork/tests/samePrefixMarkedMtx/depth3/node6/test3_1.mtx 3.4 0 -1 -1 
/home/antonkov/masterWork/tests/samePrefixMarkedMtx/depth3/node6/test3_1.mtx 3.5 0 -1 -1 
/home/antonkov/masterWork/tests/samePrefixMarkedMtx/depth3/node6/test3_2.mtx 1 110.607 0.079566 0.79 
/home/antonkov/masterWork/tests/samePrefixMarkedMtx/depth3/node6/test3_2.mtx 1.1 104.456 0.0702604 0.745 
/home/antonkov/masterWork/tests/samePrefixMarkedMtx/depth3/node6/test3_2.mtx 1.2 96.4087 0.0601823 0.65 
/home/antonkov/masterWork/tests/samePrefixMarkedMtx/depth3/node6/test3_2.mtx 1.3 89.1482 0.0524826 0.585 
/home/antonkov/masterWork/tests/samePrefixMarkedMtx/depth3/node6/test3_2.mtx 1.4 116.1 0.0411169 0.476667 
/home/antonkov/masterWork/tests/samePrefixMarkedMtx/depth3/node6/test3_2.mtx 1.5 108.404 0.0331713 0.38 
/home/antonkov/masterWork/tests/samePrefixMarkedMtx/depth3/node6/test3_2.mtx 1.6 122.602 0.0247222 0.29 
/home/antonkov/masterWork/tests/samePrefixMarkedMtx/depth3/node6/test3_2.mtx 1.7 138.932 0.017816 0.212 
/home/antonkov/masterWork/tests/samePrefixMarkedMtx/depth3/node6/test3_2.mtx 1.8 144.041 0.0142014 0.173333 
/home/antonkov/masterWork/tests/samePrefixMarkedMtx/depth3/node6/test3_2.mtx 1.9 184.569 0.00948881 0.121111 
/home/antonkov/masterWork/tests/samePrefixMarkedMtx/depth3/node6/test3_2.mtx 2 215.526 0.00630642 0.0875 
/home/antonkov/masterWork/tests/samePrefixMarkedMtx/depth3/node6/test3_2.mtx 2.1 238.75 0.00502728 0.0714286 
/home/antonkov/masterWork/tests/samePrefixMarkedMtx/depth3/node6/test3_2.mtx 2.2 409.131 0.00262773 0.0360714 
/home/antonkov/masterWork/tests/samePrefixMarkedMtx/depth3/node6/test3_2.mtx 2.3 546.524 0.00168718 0.0229545 
/home/antonkov/masterWork/tests/samePrefixMarkedMtx/depth3/node6/test3_2.mtx 2.4 763.586 0.00108416 0.0149254 
/home/antonkov/masterWork/tests/samePrefixMarkedMtx/depth3/node6/test3_2.mtx 2.5 1051.03 0.000683381 0.00990196 
/home/antonkov/masterWork/tests/samePrefixMarkedMtx/depth3/node6/test3_2.mtx 2.6 1527.94 0.000429687 0.00595238 
/home/antonkov/masterWork/tests/samePrefixMarkedMtx/depth3/node6/test3_2.mtx 2.7 2376.86 0.000230549 0.00328947 
/home/antonkov/masterWork/tests/samePrefixMarkedMtx/depth3/node6/test3_2.mtx 2.8 3840.93 0.000117118 0.0017762 
/home/antonkov/masterWork/tests/samePrefixMarkedMtx/depth3/node6/test3_2.mtx 2.9 5751.22 6.23639e-05 0.00105932 
/home/antonkov/masterWork/tests/samePrefixMarkedMtx/depth3/node6/test3_2.mtx 3 13002.9 2.46171e-05 0.000415455 
/home/antonkov/masterWork/tests/samePrefixMarkedMtx/depth3/node6/test3_2.mtx 3.1 0 -1 -1 
/home/antonkov/masterWork/tests/samePrefixMarkedMtx/depth3/node6/test3_2.mtx 3.2 0 -1 -1 
/home/antonkov/masterWork/tests/samePrefixMarkedMtx/depth3/node6/test3_2.mtx 3.3 0 -1 -1 
/home/antonkov/masterWork/tests/samePrefixMarkedMtx/depth3/node6/test3_2.mtx 3.4 0 -1 -1 
/home/antonkov/masterWork/tests/samePrefixMarkedMtx/depth3/node6/test3_2.mtx 3.5 0 -1 -1 
/home/antonkov/masterWork/tests/samePrefixMarkedMtx/depth3/node6/test3_3.mtx 1 103.52 0.0808247 0.79 
/home/antonkov/masterWork/tests/samePrefixMarkedMtx/depth3/node6/test3_3.mtx 1.1 98.8489 0.0701389 0.715 
/home/antonkov/masterWork/tests/samePrefixMarkedMtx/depth3/node6/test3_3.mtx 1.2 94.1015 0.0627431 0.66 
/home/antonkov/masterWork/tests/samePrefixMarkedMtx/depth3/node6/test3_3.mtx 1.3 90.1895 0.0532465 0.565 
/home/antonkov/masterWork/tests/samePrefixMarkedMtx/depth3/node6/test3_3.mtx 1.4 116.191 0.0416725 0.476667 
/home/antonkov/masterWork/tests/samePrefixMarkedMtx/depth3/node6/test3_3.mtx 1.5 105.404 0.0331829 0.383333 
/home/antonkov/masterWork/tests/samePrefixMarkedMtx/depth3/node6/test3_3.mtx 1.6 125.12 0.0252083 0.285 
/home/antonkov/masterWork/tests/samePrefixMarkedMtx/depth3/node6/test3_3.mtx 1.7 136.382 0.018816 0.232 
/home/antonkov/masterWork/tests/samePrefixMarkedMtx/depth3/node6/test3_3.mtx 1.8 144.408 0.0135822 0.166667 
/home/antonkov/masterWork/tests/samePrefixMarkedMtx/depth3/node6/test3_3.mtx 1.9 183.537 0.00994985 0.122222 
/home/antonkov/masterWork/tests/samePrefixMarkedMtx/depth3/node6/test3_3.mtx 2 223.805 0.00703704 0.09 
/home/antonkov/masterWork/tests/samePrefixMarkedMtx/depth3/node6/test3_3.mtx 2.1 284.307 0.00432388 0.0561111 
/home/antonkov/masterWork/tests/samePrefixMarkedMtx/depth3/node6/test3_3.mtx 2.2 392.137 0.00266555 0.0364286 
/home/antonkov/masterWork/tests/samePrefixMarkedMtx/depth3/node6/test3_3.mtx 2.3 561.012 0.00159144 0.0222222 
/home/antonkov/masterWork/tests/samePrefixMarkedMtx/depth3/node6/test3_3.mtx 2.4 737.091 0.00106811 0.0153846 
/home/antonkov/masterWork/tests/samePrefixMarkedMtx/depth3/node6/test3_3.mtx 2.5 945.776 0.000761058 0.0109783 
/home/antonkov/masterWork/tests/samePrefixMarkedMtx/depth3/node6/test3_3.mtx 2.6 1504.27 0.000386818 0.00584795 
/home/antonkov/masterWork/tests/samePrefixMarkedMtx/depth3/node6/test3_3.mtx 2.7 2522.14 0.000203094 0.00295858 
/home/antonkov/masterWork/tests/samePrefixMarkedMtx/depth3/node6/test3_3.mtx 2.8 3752.04 0.000120204 0.00177305 
/home/antonkov/masterWork/tests/samePrefixMarkedMtx/depth3/node6/test3_3.mtx 2.9 6238.15 6.28244e-05 0.000953289 
/home/antonkov/masterWork/tests/samePrefixMarkedMtx/depth3/node6/test3_3.mtx 3 0 -1 -1 
/home/antonkov/masterWork/tests/samePrefixMarkedMtx/depth3/node6/test3_3.mtx 3.1 0 -1 -1 
/home/antonkov/masterWork/tests/samePrefixMarkedMtx/depth3/node6/test3_3.mtx 3.2 0 -1 -1 
/home/antonkov/masterWork/tests/samePrefixMarkedMtx/depth3/node6/test3_3.mtx 3.3 0 -1 -1 
/home/antonkov/masterWork/tests/samePrefixMarkedMtx/depth3/node6/test3_3.mtx 3.4 0 -1 -1 
/home/antonkov/masterWork/tests/samePrefixMarkedMtx/depth3/node6/test3_3.mtx 3.5 0 -1 -1 
/home/antonkov/masterWork/tests/samePrefixMarkedMtx/depth3/node6/test3_4.mtx 1 107.99 0.0762066 0.775 
/home/antonkov/masterWork/tests/samePrefixMarkedMtx/depth3/node6/test3_4.mtx 1.1 101.267 0.0688455 0.72 
/home/antonkov/masterWork/tests/samePrefixMarkedMtx/depth3/node6/test3_4.mtx 1.2 94.1969 0.061658 0.675 
/home/antonkov/masterWork/tests/samePrefixMarkedMtx/depth3/node6/test3_4.mtx 1.3 90.2125 0.0511285 0.565 
/home/antonkov/masterWork/tests/samePrefixMarkedMtx/depth3/node6/test3_4.mtx 1.4 117.969 0.041522 0.486667 
/home/antonkov/masterWork/tests/samePrefixMarkedMtx/depth3/node6/test3_4.mtx 1.5 107.781 0.0327604 0.396667 
/home/antonkov/masterWork/tests/samePrefixMarkedMtx/depth3/node6/test3_4.mtx 1.6 122.042 0.0240972 0.28 
/home/antonkov/masterWork/tests/samePrefixMarkedMtx/depth3/node6/test3_4.mtx 1.7 139.249 0.0186458 0.228 
/home/antonkov/masterWork/tests/samePrefixMarkedMtx/depth3/node6/test3_4.mtx 1.8 148.309 0.0138657 0.181667 
/home/antonkov/masterWork/tests/samePrefixMarkedMtx/depth3/node6/test3_4.mtx 1.9 183.912 0.00978974 0.124444 
/home/antonkov/masterWork/tests/samePrefixMarkedMtx/depth3/node6/test3_4.mtx 2 222.189 0.00688657 0.0908333 
/home/antonkov/masterWork/tests/samePrefixMarkedMtx/depth3/node6/test3_4.mtx 2.1 290.994 0.00427855 0.0561111 
/home/antonkov/masterWork/tests/samePrefixMarkedMtx/depth3/node6/test3_4.mtx 2.2 396.408 0.00294303 0.0381481 
/home/antonkov/masterWork/tests/samePrefixMarkedMtx/depth3/node6/test3_4.mtx 2.3 540.648 0.00180596 0.0239535 
/home/antonkov/masterWork/tests/samePrefixMarkedMtx/depth3/node6/test3_4.mtx 2.4 795.184 0.000966022 0.0144286 
/home/antonkov/masterWork/tests/samePrefixMarkedMtx/depth3/node6/test3_4.mtx 2.5 1135.21 0.000653057 0.00901786 
/home/antonkov/masterWork/tests/samePrefixMarkedMtx/depth3/node6/test3_4.mtx 2.6 1714.72 0.000370219 0.0052356 
/home/antonkov/masterWork/tests/samePrefixMarkedMtx/depth3/node6/test3_4.mtx 2.7 2433.53 0.000224892 0.00330033 
/home/antonkov/masterWork/tests/samePrefixMarkedMtx/depth3/node6/test3_4.mtx 2.8 4341.05 0.000107678 0.00159236 
/home/antonkov/masterWork/tests/samePrefixMarkedMtx/depth3/node6/test3_4.mtx 2.9 7288.56 5.36057e-05 0.00084317 
/home/antonkov/masterWork/tests/samePrefixMarkedMtx/depth3/node6/test3_4.mtx 3 0 -1 -1 
/home/antonkov/masterWork/tests/samePrefixMarkedMtx/depth3/node6/test3_4.mtx 3.1 0 -1 -1 
/home/antonkov/masterWork/tests/samePrefixMarkedMtx/depth3/node6/test3_4.mtx 3.2 0 -1 -1 
/home/antonkov/masterWork/tests/samePrefixMarkedMtx/depth3/node6/test3_4.mtx 3.3 0 -1 -1 
/home/antonkov/masterWork/tests/samePrefixMarkedMtx/depth3/node6/test3_4.mtx 3.4 0 -1 -1 
/home/antonkov/masterWork/tests/samePrefixMarkedMtx/depth3/node6/test3_4.mtx 3.5 0 -1 -1 
