Results
Filename SNR Time(ms) BER FER
/home/antonkov/masterWork/tests/samePrefixMarkedMtx2304/depth4/node0/test0_00.mtx 1 493.58 0.0798003 0.88 
/home/antonkov/masterWork/tests/samePrefixMarkedMtx2304/depth4/node0/test0_00.mtx 1.1 462.359 0.0701389 0.83 
/home/antonkov/masterWork/tests/samePrefixMarkedMtx2304/depth4/node0/test0_00.mtx 1.2 444.381 0.0576302 0.71 
/home/antonkov/masterWork/tests/samePrefixMarkedMtx2304/depth4/node0/test0_00.mtx 1.3 426.684 0.0435417 0.56 
/home/antonkov/masterWork/tests/samePrefixMarkedMtx2304/depth4/node0/test0_00.mtx 1.4 519.179 0.0231879 0.31 
/home/antonkov/masterWork/tests/samePrefixMarkedMtx2304/depth4/node0/test0_00.mtx 1.5 573.076 0.0136863 0.193333 
/home/antonkov/masterWork/tests/samePrefixMarkedMtx2304/depth4/node0/test0_00.mtx 1.6 676.118 0.00750781 0.108 
/home/antonkov/masterWork/tests/samePrefixMarkedMtx2304/depth4/node0/test0_00.mtx 1.7 924.028 0.00384307 0.0555556 
/home/antonkov/masterWork/tests/samePrefixMarkedMtx2304/depth4/node0/test0_00.mtx 1.8 1942.21 0.00103628 0.0172414 
/home/antonkov/masterWork/tests/samePrefixMarkedMtx2304/depth4/node0/test0_00.mtx 1.9 4221.32 0.000378194 0.0062963 
/home/antonkov/masterWork/tests/samePrefixMarkedMtx2304/depth4/node0/test0_00.mtx 2 0 -1 -1 
/home/antonkov/masterWork/tests/samePrefixMarkedMtx2304/depth4/node0/test0_00.mtx 2.1 0 -1 -1 
/home/antonkov/masterWork/tests/samePrefixMarkedMtx2304/depth4/node0/test0_00.mtx 2.2 0 -1 -1 
/home/antonkov/masterWork/tests/samePrefixMarkedMtx2304/depth4/node0/test0_00.mtx 2.3 0 -1 -1 
/home/antonkov/masterWork/tests/samePrefixMarkedMtx2304/depth4/node0/test0_00.mtx 2.4 0 -1 -1 
/home/antonkov/masterWork/tests/samePrefixMarkedMtx2304/depth4/node0/test0_00.mtx 2.5 0 -1 -1 
/home/antonkov/masterWork/tests/samePrefixMarkedMtx2304/depth4/node0/test0_00.mtx 2.6 0 -1 -1 
/home/antonkov/masterWork/tests/samePrefixMarkedMtx2304/depth4/node0/test0_00.mtx 2.7 0 -1 -1 
/home/antonkov/masterWork/tests/samePrefixMarkedMtx2304/depth4/node0/test0_00.mtx 2.8 0 -1 -1 
/home/antonkov/masterWork/tests/samePrefixMarkedMtx2304/depth4/node0/test0_00.mtx 2.9 0 -1 -1 
/home/antonkov/masterWork/tests/samePrefixMarkedMtx2304/depth4/node0/test0_00.mtx 3 0 -1 -1 
/home/antonkov/masterWork/tests/samePrefixMarkedMtx2304/depth4/node0/test0_00.mtx 3.1 0 -1 -1 
/home/antonkov/masterWork/tests/samePrefixMarkedMtx2304/depth4/node0/test0_00.mtx 3.2 0 -1 -1 
/home/antonkov/masterWork/tests/samePrefixMarkedMtx2304/depth4/node0/test0_00.mtx 3.3 0 -1 -1 
/home/antonkov/masterWork/tests/samePrefixMarkedMtx2304/depth4/node0/test0_00.mtx 3.4 0 -1 -1 
/home/antonkov/masterWork/tests/samePrefixMarkedMtx2304/depth4/node0/test0_00.mtx 3.5 0 -1 -1 
/home/antonkov/masterWork/tests/samePrefixMarkedMtx2304/depth4/node0/test0_01.mtx 1 503.606 0.0820182 0.89 
/home/antonkov/masterWork/tests/samePrefixMarkedMtx2304/depth4/node0/test0_01.mtx 1.1 459.428 0.0707682 0.79 
/home/antonkov/masterWork/tests/samePrefixMarkedMtx2304/depth4/node0/test0_01.mtx 1.2 435.383 0.0563281 0.67 
/home/antonkov/masterWork/tests/samePrefixMarkedMtx2304/depth4/node0/test0_01.mtx 1.3 542.293 0.0408442 0.53 
/home/antonkov/masterWork/tests/samePrefixMarkedMtx2304/depth4/node0/test0_01.mtx 1.4 505.327 0.0262196 0.335 
/home/antonkov/masterWork/tests/samePrefixMarkedMtx2304/depth4/node0/test0_01.mtx 1.5 580.391 0.0161372 0.223333 
/home/antonkov/masterWork/tests/samePrefixMarkedMtx2304/depth4/node0/test0_01.mtx 1.6 738.404 0.00643953 0.0883333 
/home/antonkov/masterWork/tests/samePrefixMarkedMtx2304/depth4/node0/test0_01.mtx 1.7 952.44 0.00339714 0.052 
/home/antonkov/masterWork/tests/samePrefixMarkedMtx2304/depth4/node0/test0_01.mtx 1.8 2102.5 0.000991075 0.015625 
/home/antonkov/masterWork/tests/samePrefixMarkedMtx2304/depth4/node0/test0_01.mtx 1.9 3924.08 0.000412439 0.00649351 
/home/antonkov/masterWork/tests/samePrefixMarkedMtx2304/depth4/node0/test0_01.mtx 2 0 -1 -1 
/home/antonkov/masterWork/tests/samePrefixMarkedMtx2304/depth4/node0/test0_01.mtx 2.1 0 -1 -1 
/home/antonkov/masterWork/tests/samePrefixMarkedMtx2304/depth4/node0/test0_01.mtx 2.2 0 -1 -1 
/home/antonkov/masterWork/tests/samePrefixMarkedMtx2304/depth4/node0/test0_01.mtx 2.3 0 -1 -1 
/home/antonkov/masterWork/tests/samePrefixMarkedMtx2304/depth4/node0/test0_01.mtx 2.4 0 -1 -1 
/home/antonkov/masterWork/tests/samePrefixMarkedMtx2304/depth4/node0/test0_01.mtx 2.5 0 -1 -1 
/home/antonkov/masterWork/tests/samePrefixMarkedMtx2304/depth4/node0/test0_01.mtx 2.6 0 -1 -1 
/home/antonkov/masterWork/tests/samePrefixMarkedMtx2304/depth4/node0/test0_01.mtx 2.7 0 -1 -1 
/home/antonkov/masterWork/tests/samePrefixMarkedMtx2304/depth4/node0/test0_01.mtx 2.8 0 -1 -1 
/home/antonkov/masterWork/tests/samePrefixMarkedMtx2304/depth4/node0/test0_01.mtx 2.9 0 -1 -1 
/home/antonkov/masterWork/tests/samePrefixMarkedMtx2304/depth4/node0/test0_01.mtx 3 0 -1 -1 
/home/antonkov/masterWork/tests/samePrefixMarkedMtx2304/depth4/node0/test0_01.mtx 3.1 0 -1 -1 
/home/antonkov/masterWork/tests/samePrefixMarkedMtx2304/depth4/node0/test0_01.mtx 3.2 0 -1 -1 
/home/antonkov/masterWork/tests/samePrefixMarkedMtx2304/depth4/node0/test0_01.mtx 3.3 0 -1 -1 
/home/antonkov/masterWork/tests/samePrefixMarkedMtx2304/depth4/node0/test0_01.mtx 3.4 0 -1 -1 
/home/antonkov/masterWork/tests/samePrefixMarkedMtx2304/depth4/node0/test0_01.mtx 3.5 0 -1 -1 
/home/antonkov/masterWork/tests/samePrefixMarkedMtx2304/depth4/node0/test0_02.mtx 1 496.174 0.0770096 0.86 
/home/antonkov/masterWork/tests/samePrefixMarkedMtx2304/depth4/node0/test0_02.mtx 1.1 451.248 0.0664453 0.78 
/home/antonkov/masterWork/tests/samePrefixMarkedMtx2304/depth4/node0/test0_02.mtx 1.2 431.165 0.0524089 0.68 
/home/antonkov/masterWork/tests/samePrefixMarkedMtx2304/depth4/node0/test0_02.mtx 1.3 538.595 0.0356576 0.48 
/home/antonkov/masterWork/tests/samePrefixMarkedMtx2304/depth4/node0/test0_02.mtx 1.4 508.043 0.0232899 0.31 
/home/antonkov/masterWork/tests/samePrefixMarkedMtx2304/depth4/node0/test0_02.mtx 1.5 562.636 0.0128284 0.18 
/home/antonkov/masterWork/tests/samePrefixMarkedMtx2304/depth4/node0/test0_02.mtx 1.6 769.285 0.00609303 0.09 
/home/antonkov/masterWork/tests/samePrefixMarkedMtx2304/depth4/node0/test0_02.mtx 1.7 1066.54 0.00284071 0.0425 
/home/antonkov/masterWork/tests/samePrefixMarkedMtx2304/depth4/node0/test0_02.mtx 1.8 1868.54 0.00105143 0.0178571 
/home/antonkov/masterWork/tests/samePrefixMarkedMtx2304/depth4/node0/test0_02.mtx 1.9 3496.76 0.00047558 0.00735294 
/home/antonkov/masterWork/tests/samePrefixMarkedMtx2304/depth4/node0/test0_02.mtx 2 0 -1 -1 
/home/antonkov/masterWork/tests/samePrefixMarkedMtx2304/depth4/node0/test0_02.mtx 2.1 0 -1 -1 
/home/antonkov/masterWork/tests/samePrefixMarkedMtx2304/depth4/node0/test0_02.mtx 2.2 0 -1 -1 
/home/antonkov/masterWork/tests/samePrefixMarkedMtx2304/depth4/node0/test0_02.mtx 2.3 0 -1 -1 
/home/antonkov/masterWork/tests/samePrefixMarkedMtx2304/depth4/node0/test0_02.mtx 2.4 0 -1 -1 
/home/antonkov/masterWork/tests/samePrefixMarkedMtx2304/depth4/node0/test0_02.mtx 2.5 0 -1 -1 
/home/antonkov/masterWork/tests/samePrefixMarkedMtx2304/depth4/node0/test0_02.mtx 2.6 0 -1 -1 
/home/antonkov/masterWork/tests/samePrefixMarkedMtx2304/depth4/node0/test0_02.mtx 2.7 0 -1 -1 
/home/antonkov/masterWork/tests/samePrefixMarkedMtx2304/depth4/node0/test0_02.mtx 2.8 0 -1 -1 
/home/antonkov/masterWork/tests/samePrefixMarkedMtx2304/depth4/node0/test0_02.mtx 2.9 0 -1 -1 
/home/antonkov/masterWork/tests/samePrefixMarkedMtx2304/depth4/node0/test0_02.mtx 3 0 -1 -1 
/home/antonkov/masterWork/tests/samePrefixMarkedMtx2304/depth4/node0/test0_02.mtx 3.1 0 -1 -1 
/home/antonkov/masterWork/tests/samePrefixMarkedMtx2304/depth4/node0/test0_02.mtx 3.2 0 -1 -1 
/home/antonkov/masterWork/tests/samePrefixMarkedMtx2304/depth4/node0/test0_02.mtx 3.3 0 -1 -1 
/home/antonkov/masterWork/tests/samePrefixMarkedMtx2304/depth4/node0/test0_02.mtx 3.4 0 -1 -1 
/home/antonkov/masterWork/tests/samePrefixMarkedMtx2304/depth4/node0/test0_02.mtx 3.5 0 -1 -1 
/home/antonkov/masterWork/tests/samePrefixMarkedMtx2304/depth4/node0/test0_03.mtx 1 476.213 0.0754687 0.86 
/home/antonkov/masterWork/tests/samePrefixMarkedMtx2304/depth4/node0/test0_03.mtx 1.1 449.203 0.0617665 0.72 
/home/antonkov/masterWork/tests/samePrefixMarkedMtx2304/depth4/node0/test0_03.mtx 1.2 432.006 0.0509635 0.63 
/home/antonkov/masterWork/tests/samePrefixMarkedMtx2304/depth4/node0/test0_03.mtx 1.3 544.732 0.0406836 0.54 
/home/antonkov/masterWork/tests/samePrefixMarkedMtx2304/depth4/node0/test0_03.mtx 1.4 516.062 0.0274132 0.385 
/home/antonkov/masterWork/tests/samePrefixMarkedMtx2304/depth4/node0/test0_03.mtx 1.5 587.846 0.0135098 0.203333 
/home/antonkov/masterWork/tests/samePrefixMarkedMtx2304/depth4/node0/test0_03.mtx 1.6 771.566 0.00569661 0.09 
/home/antonkov/masterWork/tests/samePrefixMarkedMtx2304/depth4/node0/test0_03.mtx 1.7 1112.22 0.00269206 0.0441667 
/home/antonkov/masterWork/tests/samePrefixMarkedMtx2304/depth4/node0/test0_03.mtx 1.8 1938.54 0.000981213 0.0178571 
/home/antonkov/masterWork/tests/samePrefixMarkedMtx2304/depth4/node0/test0_03.mtx 1.9 3639.02 0.000374754 0.00746269 
/home/antonkov/masterWork/tests/samePrefixMarkedMtx2304/depth4/node0/test0_03.mtx 2 0 -1 -1 
/home/antonkov/masterWork/tests/samePrefixMarkedMtx2304/depth4/node0/test0_03.mtx 2.1 0 -1 -1 
/home/antonkov/masterWork/tests/samePrefixMarkedMtx2304/depth4/node0/test0_03.mtx 2.2 0 -1 -1 
/home/antonkov/masterWork/tests/samePrefixMarkedMtx2304/depth4/node0/test0_03.mtx 2.3 0 -1 -1 
/home/antonkov/masterWork/tests/samePrefixMarkedMtx2304/depth4/node0/test0_03.mtx 2.4 0 -1 -1 
/home/antonkov/masterWork/tests/samePrefixMarkedMtx2304/depth4/node0/test0_03.mtx 2.5 0 -1 -1 
/home/antonkov/masterWork/tests/samePrefixMarkedMtx2304/depth4/node0/test0_03.mtx 2.6 0 -1 -1 
/home/antonkov/masterWork/tests/samePrefixMarkedMtx2304/depth4/node0/test0_03.mtx 2.7 0 -1 -1 
/home/antonkov/masterWork/tests/samePrefixMarkedMtx2304/depth4/node0/test0_03.mtx 2.8 0 -1 -1 
/home/antonkov/masterWork/tests/samePrefixMarkedMtx2304/depth4/node0/test0_03.mtx 2.9 0 -1 -1 
/home/antonkov/masterWork/tests/samePrefixMarkedMtx2304/depth4/node0/test0_03.mtx 3 0 -1 -1 
/home/antonkov/masterWork/tests/samePrefixMarkedMtx2304/depth4/node0/test0_03.mtx 3.1 0 -1 -1 
/home/antonkov/masterWork/tests/samePrefixMarkedMtx2304/depth4/node0/test0_03.mtx 3.2 0 -1 -1 
/home/antonkov/masterWork/tests/samePrefixMarkedMtx2304/depth4/node0/test0_03.mtx 3.3 0 -1 -1 
/home/antonkov/masterWork/tests/samePrefixMarkedMtx2304/depth4/node0/test0_03.mtx 3.4 0 -1 -1 
/home/antonkov/masterWork/tests/samePrefixMarkedMtx2304/depth4/node0/test0_03.mtx 3.5 0 -1 -1 
/home/antonkov/masterWork/tests/samePrefixMarkedMtx2304/depth4/node0/test0_04.mtx 1 455.606 0.0828819 0.9 
/home/antonkov/masterWork/tests/samePrefixMarkedMtx2304/depth4/node0/test0_04.mtx 1.1 445.989 0.0678125 0.79 
/home/antonkov/masterWork/tests/samePrefixMarkedMtx2304/depth4/node0/test0_04.mtx 1.2 434.428 0.0516233 0.63 
/home/antonkov/masterWork/tests/samePrefixMarkedMtx2304/depth4/node0/test0_04.mtx 1.3 419.031 0.0386806 0.5 
/home/antonkov/masterWork/tests/samePrefixMarkedMtx2304/depth4/node0/test0_04.mtx 1.4 509.493 0.0254536 0.365 
/home/antonkov/masterWork/tests/samePrefixMarkedMtx2304/depth4/node0/test0_04.mtx 1.5 573.386 0.0148756 0.2 
/home/antonkov/masterWork/tests/samePrefixMarkedMtx2304/depth4/node0/test0_04.mtx 1.6 703.389 0.00786024 0.116 
/home/antonkov/masterWork/tests/samePrefixMarkedMtx2304/depth4/node0/test0_04.mtx 1.7 979.773 0.00341536 0.051 
/home/antonkov/masterWork/tests/samePrefixMarkedMtx2304/depth4/node0/test0_04.mtx 1.8 1973.22 0.00112473 0.0175862 
/home/antonkov/masterWork/tests/samePrefixMarkedMtx2304/depth4/node0/test0_04.mtx 1.9 4198.53 0.000348334 0.00609756 
/home/antonkov/masterWork/tests/samePrefixMarkedMtx2304/depth4/node0/test0_04.mtx 2 0 -1 -1 
/home/antonkov/masterWork/tests/samePrefixMarkedMtx2304/depth4/node0/test0_04.mtx 2.1 0 -1 -1 
/home/antonkov/masterWork/tests/samePrefixMarkedMtx2304/depth4/node0/test0_04.mtx 2.2 0 -1 -1 
/home/antonkov/masterWork/tests/samePrefixMarkedMtx2304/depth4/node0/test0_04.mtx 2.3 0 -1 -1 
/home/antonkov/masterWork/tests/samePrefixMarkedMtx2304/depth4/node0/test0_04.mtx 2.4 0 -1 -1 
/home/antonkov/masterWork/tests/samePrefixMarkedMtx2304/depth4/node0/test0_04.mtx 2.5 0 -1 -1 
/home/antonkov/masterWork/tests/samePrefixMarkedMtx2304/depth4/node0/test0_04.mtx 2.6 0 -1 -1 
/home/antonkov/masterWork/tests/samePrefixMarkedMtx2304/depth4/node0/test0_04.mtx 2.7 0 -1 -1 
/home/antonkov/masterWork/tests/samePrefixMarkedMtx2304/depth4/node0/test0_04.mtx 2.8 0 -1 -1 
/home/antonkov/masterWork/tests/samePrefixMarkedMtx2304/depth4/node0/test0_04.mtx 2.9 0 -1 -1 
/home/antonkov/masterWork/tests/samePrefixMarkedMtx2304/depth4/node0/test0_04.mtx 3 0 -1 -1 
/home/antonkov/masterWork/tests/samePrefixMarkedMtx2304/depth4/node0/test0_04.mtx 3.1 0 -1 -1 
/home/antonkov/masterWork/tests/samePrefixMarkedMtx2304/depth4/node0/test0_04.mtx 3.2 0 -1 -1 
/home/antonkov/masterWork/tests/samePrefixMarkedMtx2304/depth4/node0/test0_04.mtx 3.3 0 -1 -1 
/home/antonkov/masterWork/tests/samePrefixMarkedMtx2304/depth4/node0/test0_04.mtx 3.4 0 -1 -1 
/home/antonkov/masterWork/tests/samePrefixMarkedMtx2304/depth4/node0/test0_04.mtx 3.5 0 -1 -1 
/home/antonkov/masterWork/tests/samePrefixMarkedMtx2304/depth4/node0/test0_05.mtx 1 507.623 0.0811719 0.91 
/home/antonkov/masterWork/tests/samePrefixMarkedMtx2304/depth4/node0/test0_05.mtx 1.1 455.82 0.0696745 0.85 
/home/antonkov/masterWork/tests/samePrefixMarkedMtx2304/depth4/node0/test0_05.mtx 1.2 445.079 0.0550043 0.71 
/home/antonkov/masterWork/tests/samePrefixMarkedMtx2304/depth4/node0/test0_05.mtx 1.3 423.724 0.0357899 0.52 
/home/antonkov/masterWork/tests/samePrefixMarkedMtx2304/depth4/node0/test0_05.mtx 1.4 504.344 0.0272569 0.36 
/home/antonkov/masterWork/tests/samePrefixMarkedMtx2304/depth4/node0/test0_05.mtx 1.5 581.288 0.0170949 0.24 
/home/antonkov/masterWork/tests/samePrefixMarkedMtx2304/depth4/node0/test0_05.mtx 1.6 668.22 0.00739062 0.114 
/home/antonkov/masterWork/tests/samePrefixMarkedMtx2304/depth4/node0/test0_05.mtx 1.7 950.022 0.00366016 0.059 
/home/antonkov/masterWork/tests/samePrefixMarkedMtx2304/depth4/node0/test0_05.mtx 1.8 1897.19 0.00116903 0.0175862 
/home/antonkov/masterWork/tests/samePrefixMarkedMtx2304/depth4/node0/test0_05.mtx 1.9 3971.41 0.000382564 0.00662338 
/home/antonkov/masterWork/tests/samePrefixMarkedMtx2304/depth4/node0/test0_05.mtx 2 0 -1 -1 
/home/antonkov/masterWork/tests/samePrefixMarkedMtx2304/depth4/node0/test0_05.mtx 2.1 0 -1 -1 
/home/antonkov/masterWork/tests/samePrefixMarkedMtx2304/depth4/node0/test0_05.mtx 2.2 0 -1 -1 
/home/antonkov/masterWork/tests/samePrefixMarkedMtx2304/depth4/node0/test0_05.mtx 2.3 0 -1 -1 
/home/antonkov/masterWork/tests/samePrefixMarkedMtx2304/depth4/node0/test0_05.mtx 2.4 0 -1 -1 
/home/antonkov/masterWork/tests/samePrefixMarkedMtx2304/depth4/node0/test0_05.mtx 2.5 0 -1 -1 
/home/antonkov/masterWork/tests/samePrefixMarkedMtx2304/depth4/node0/test0_05.mtx 2.6 0 -1 -1 
/home/antonkov/masterWork/tests/samePrefixMarkedMtx2304/depth4/node0/test0_05.mtx 2.7 0 -1 -1 
/home/antonkov/masterWork/tests/samePrefixMarkedMtx2304/depth4/node0/test0_05.mtx 2.8 0 -1 -1 
/home/antonkov/masterWork/tests/samePrefixMarkedMtx2304/depth4/node0/test0_05.mtx 2.9 0 -1 -1 
/home/antonkov/masterWork/tests/samePrefixMarkedMtx2304/depth4/node0/test0_05.mtx 3 0 -1 -1 
/home/antonkov/masterWork/tests/samePrefixMarkedMtx2304/depth4/node0/test0_05.mtx 3.1 0 -1 -1 
/home/antonkov/masterWork/tests/samePrefixMarkedMtx2304/depth4/node0/test0_05.mtx 3.2 0 -1 -1 
/home/antonkov/masterWork/tests/samePrefixMarkedMtx2304/depth4/node0/test0_05.mtx 3.3 0 -1 -1 
/home/antonkov/masterWork/tests/samePrefixMarkedMtx2304/depth4/node0/test0_05.mtx 3.4 0 -1 -1 
/home/antonkov/masterWork/tests/samePrefixMarkedMtx2304/depth4/node0/test0_05.mtx 3.5 0 -1 -1 
/home/antonkov/masterWork/tests/samePrefixMarkedMtx2304/depth4/node0/test0_06.mtx 1 513.802 0.0785243 0.88 
/home/antonkov/masterWork/tests/samePrefixMarkedMtx2304/depth4/node0/test0_06.mtx 1.1 460.236 0.0630642 0.78 
/home/antonkov/masterWork/tests/samePrefixMarkedMtx2304/depth4/node0/test0_06.mtx 1.2 426.575 0.0455816 0.6 
/home/antonkov/masterWork/tests/samePrefixMarkedMtx2304/depth4/node0/test0_06.mtx 1.3 530.399 0.033826 0.45 
/home/antonkov/masterWork/tests/samePrefixMarkedMtx2304/depth4/node0/test0_06.mtx 1.4 498.051 0.0199783 0.27 
/home/antonkov/masterWork/tests/samePrefixMarkedMtx2304/depth4/node0/test0_06.mtx 1.5 645.261 0.0110699 0.1625 
/home/antonkov/masterWork/tests/samePrefixMarkedMtx2304/depth4/node0/test0_06.mtx 1.6 759.205 0.00598307 0.0883333 
/home/antonkov/masterWork/tests/samePrefixMarkedMtx2304/depth4/node0/test0_06.mtx 1.7 1092.6 0.00279369 0.0416667 
/home/antonkov/masterWork/tests/samePrefixMarkedMtx2304/depth4/node0/test0_06.mtx 1.8 1894.55 0.00113901 0.0182143 
/home/antonkov/masterWork/tests/samePrefixMarkedMtx2304/depth4/node0/test0_06.mtx 1.9 4645.59 0.000340687 0.00561798 
/home/antonkov/masterWork/tests/samePrefixMarkedMtx2304/depth4/node0/test0_06.mtx 2 0 -1 -1 
/home/antonkov/masterWork/tests/samePrefixMarkedMtx2304/depth4/node0/test0_06.mtx 2.1 0 -1 -1 
/home/antonkov/masterWork/tests/samePrefixMarkedMtx2304/depth4/node0/test0_06.mtx 2.2 0 -1 -1 
/home/antonkov/masterWork/tests/samePrefixMarkedMtx2304/depth4/node0/test0_06.mtx 2.3 0 -1 -1 
/home/antonkov/masterWork/tests/samePrefixMarkedMtx2304/depth4/node0/test0_06.mtx 2.4 0 -1 -1 
/home/antonkov/masterWork/tests/samePrefixMarkedMtx2304/depth4/node0/test0_06.mtx 2.5 0 -1 -1 
/home/antonkov/masterWork/tests/samePrefixMarkedMtx2304/depth4/node0/test0_06.mtx 2.6 0 -1 -1 
/home/antonkov/masterWork/tests/samePrefixMarkedMtx2304/depth4/node0/test0_06.mtx 2.7 0 -1 -1 
/home/antonkov/masterWork/tests/samePrefixMarkedMtx2304/depth4/node0/test0_06.mtx 2.8 0 -1 -1 
/home/antonkov/masterWork/tests/samePrefixMarkedMtx2304/depth4/node0/test0_06.mtx 2.9 0 -1 -1 
/home/antonkov/masterWork/tests/samePrefixMarkedMtx2304/depth4/node0/test0_06.mtx 3 0 -1 -1 
/home/antonkov/masterWork/tests/samePrefixMarkedMtx2304/depth4/node0/test0_06.mtx 3.1 0 -1 -1 
/home/antonkov/masterWork/tests/samePrefixMarkedMtx2304/depth4/node0/test0_06.mtx 3.2 0 -1 -1 
/home/antonkov/masterWork/tests/samePrefixMarkedMtx2304/depth4/node0/test0_06.mtx 3.3 0 -1 -1 
/home/antonkov/masterWork/tests/samePrefixMarkedMtx2304/depth4/node0/test0_06.mtx 3.4 0 -1 -1 
/home/antonkov/masterWork/tests/samePrefixMarkedMtx2304/depth4/node0/test0_06.mtx 3.5 0 -1 -1 
/home/antonkov/masterWork/tests/samePrefixMarkedMtx2304/depth4/node0/test0_07.mtx 1 447.19 0.0730903 0.83 
/home/antonkov/masterWork/tests/samePrefixMarkedMtx2304/depth4/node0/test0_07.mtx 1.1 452.787 0.0611372 0.74 
/home/antonkov/masterWork/tests/samePrefixMarkedMtx2304/depth4/node0/test0_07.mtx 1.2 429.875 0.0470964 0.61 
/home/antonkov/masterWork/tests/samePrefixMarkedMtx2304/depth4/node0/test0_07.mtx 1.3 542.529 0.0359158 0.47 
/home/antonkov/masterWork/tests/samePrefixMarkedMtx2304/depth4/node0/test0_07.mtx 1.4 498.209 0.0241471 0.335 
/home/antonkov/masterWork/tests/samePrefixMarkedMtx2304/depth4/node0/test0_07.mtx 1.5 647.309 0.0109484 0.16 
/home/antonkov/masterWork/tests/samePrefixMarkedMtx2304/depth4/node0/test0_07.mtx 1.6 746.465 0.00576244 0.085 
/home/antonkov/masterWork/tests/samePrefixMarkedMtx2304/depth4/node0/test0_07.mtx 1.7 1183.89 0.00239769 0.0378571 
/home/antonkov/masterWork/tests/samePrefixMarkedMtx2304/depth4/node0/test0_07.mtx 1.8 1820.13 0.00111049 0.0178571 
/home/antonkov/masterWork/tests/samePrefixMarkedMtx2304/depth4/node0/test0_07.mtx 1.9 4581.66 0.000357954 0.0056044 
/home/antonkov/masterWork/tests/samePrefixMarkedMtx2304/depth4/node0/test0_07.mtx 2 0 -1 -1 
/home/antonkov/masterWork/tests/samePrefixMarkedMtx2304/depth4/node0/test0_07.mtx 2.1 0 -1 -1 
/home/antonkov/masterWork/tests/samePrefixMarkedMtx2304/depth4/node0/test0_07.mtx 2.2 0 -1 -1 
/home/antonkov/masterWork/tests/samePrefixMarkedMtx2304/depth4/node0/test0_07.mtx 2.3 0 -1 -1 
/home/antonkov/masterWork/tests/samePrefixMarkedMtx2304/depth4/node0/test0_07.mtx 2.4 0 -1 -1 
/home/antonkov/masterWork/tests/samePrefixMarkedMtx2304/depth4/node0/test0_07.mtx 2.5 0 -1 -1 
/home/antonkov/masterWork/tests/samePrefixMarkedMtx2304/depth4/node0/test0_07.mtx 2.6 0 -1 -1 
/home/antonkov/masterWork/tests/samePrefixMarkedMtx2304/depth4/node0/test0_07.mtx 2.7 0 -1 -1 
/home/antonkov/masterWork/tests/samePrefixMarkedMtx2304/depth4/node0/test0_07.mtx 2.8 0 -1 -1 
/home/antonkov/masterWork/tests/samePrefixMarkedMtx2304/depth4/node0/test0_07.mtx 2.9 0 -1 -1 
/home/antonkov/masterWork/tests/samePrefixMarkedMtx2304/depth4/node0/test0_07.mtx 3 0 -1 -1 
/home/antonkov/masterWork/tests/samePrefixMarkedMtx2304/depth4/node0/test0_07.mtx 3.1 0 -1 -1 
/home/antonkov/masterWork/tests/samePrefixMarkedMtx2304/depth4/node0/test0_07.mtx 3.2 0 -1 -1 
/home/antonkov/masterWork/tests/samePrefixMarkedMtx2304/depth4/node0/test0_07.mtx 3.3 0 -1 -1 
/home/antonkov/masterWork/tests/samePrefixMarkedMtx2304/depth4/node0/test0_07.mtx 3.4 0 -1 -1 
/home/antonkov/masterWork/tests/samePrefixMarkedMtx2304/depth4/node0/test0_07.mtx 3.5 0 -1 -1 
/home/antonkov/masterWork/tests/samePrefixMarkedMtx2304/depth4/node0/test0_08.mtx 1 512.454 0.0835807 0.96 
/home/antonkov/masterWork/tests/samePrefixMarkedMtx2304/depth4/node0/test0_08.mtx 1.1 454.334 0.0687804 0.85 
/home/antonkov/masterWork/tests/samePrefixMarkedMtx2304/depth4/node0/test0_08.mtx 1.2 435.218 0.0499479 0.66 
/home/antonkov/masterWork/tests/samePrefixMarkedMtx2304/depth4/node0/test0_08.mtx 1.3 537.652 0.0348503 0.465 
/home/antonkov/masterWork/tests/samePrefixMarkedMtx2304/depth4/node0/test0_08.mtx 1.4 499.695 0.0213867 0.285 
/home/antonkov/masterWork/tests/samePrefixMarkedMtx2304/depth4/node0/test0_08.mtx 1.5 562.881 0.0125014 0.176667 
/home/antonkov/masterWork/tests/samePrefixMarkedMtx2304/depth4/node0/test0_08.mtx 1.6 747.817 0.00685547 0.1 
/home/antonkov/masterWork/tests/samePrefixMarkedMtx2304/depth4/node0/test0_08.mtx 1.7 974.128 0.0036875 0.055 
/home/antonkov/masterWork/tests/samePrefixMarkedMtx2304/depth4/node0/test0_08.mtx 1.8 1833.57 0.00116056 0.0185714 
/home/antonkov/masterWork/tests/samePrefixMarkedMtx2304/depth4/node0/test0_08.mtx 1.9 4282.69 0.00035483 0.00588235 
/home/antonkov/masterWork/tests/samePrefixMarkedMtx2304/depth4/node0/test0_08.mtx 2 0 -1 -1 
/home/antonkov/masterWork/tests/samePrefixMarkedMtx2304/depth4/node0/test0_08.mtx 2.1 0 -1 -1 
/home/antonkov/masterWork/tests/samePrefixMarkedMtx2304/depth4/node0/test0_08.mtx 2.2 0 -1 -1 
/home/antonkov/masterWork/tests/samePrefixMarkedMtx2304/depth4/node0/test0_08.mtx 2.3 0 -1 -1 
/home/antonkov/masterWork/tests/samePrefixMarkedMtx2304/depth4/node0/test0_08.mtx 2.4 0 -1 -1 
/home/antonkov/masterWork/tests/samePrefixMarkedMtx2304/depth4/node0/test0_08.mtx 2.5 0 -1 -1 
/home/antonkov/masterWork/tests/samePrefixMarkedMtx2304/depth4/node0/test0_08.mtx 2.6 0 -1 -1 
/home/antonkov/masterWork/tests/samePrefixMarkedMtx2304/depth4/node0/test0_08.mtx 2.7 0 -1 -1 
/home/antonkov/masterWork/tests/samePrefixMarkedMtx2304/depth4/node0/test0_08.mtx 2.8 0 -1 -1 
/home/antonkov/masterWork/tests/samePrefixMarkedMtx2304/depth4/node0/test0_08.mtx 2.9 0 -1 -1 
/home/antonkov/masterWork/tests/samePrefixMarkedMtx2304/depth4/node0/test0_08.mtx 3 0 -1 -1 
/home/antonkov/masterWork/tests/samePrefixMarkedMtx2304/depth4/node0/test0_08.mtx 3.1 0 -1 -1 
/home/antonkov/masterWork/tests/samePrefixMarkedMtx2304/depth4/node0/test0_08.mtx 3.2 0 -1 -1 
/home/antonkov/masterWork/tests/samePrefixMarkedMtx2304/depth4/node0/test0_08.mtx 3.3 0 -1 -1 
/home/antonkov/masterWork/tests/samePrefixMarkedMtx2304/depth4/node0/test0_08.mtx 3.4 0 -1 -1 
/home/antonkov/masterWork/tests/samePrefixMarkedMtx2304/depth4/node0/test0_08.mtx 3.5 0 -1 -1 
/home/antonkov/masterWork/tests/samePrefixMarkedMtx2304/depth4/node0/test0_09.mtx 1 476.763 0.0818229 0.91 
/home/antonkov/masterWork/tests/samePrefixMarkedMtx2304/depth4/node0/test0_09.mtx 1.1 454.712 0.0685937 0.81 
/home/antonkov/masterWork/tests/samePrefixMarkedMtx2304/depth4/node0/test0_09.mtx 1.2 436.044 0.0545443 0.67 
/home/antonkov/masterWork/tests/samePrefixMarkedMtx2304/depth4/node0/test0_09.mtx 1.3 423.268 0.0415234 0.54 
/home/antonkov/masterWork/tests/samePrefixMarkedMtx2304/depth4/node0/test0_09.mtx 1.4 507.593 0.0244184 0.35 
/home/antonkov/masterWork/tests/samePrefixMarkedMtx2304/depth4/node0/test0_09.mtx 1.5 579.431 0.0141131 0.203333 
/home/antonkov/masterWork/tests/samePrefixMarkedMtx2304/depth4/node0/test0_09.mtx 1.6 685.569 0.00707813 0.106 
/home/antonkov/masterWork/tests/samePrefixMarkedMtx2304/depth4/node0/test0_09.mtx 1.7 986.086 0.00342014 0.052 
/home/antonkov/masterWork/tests/samePrefixMarkedMtx2304/depth4/node0/test0_09.mtx 1.8 1702.62 0.0012967 0.0208 
/home/antonkov/masterWork/tests/samePrefixMarkedMtx2304/depth4/node0/test0_09.mtx 1.9 4392.2 0.000306828 0.00568182 
/home/antonkov/masterWork/tests/samePrefixMarkedMtx2304/depth4/node0/test0_09.mtx 2 0 -1 -1 
/home/antonkov/masterWork/tests/samePrefixMarkedMtx2304/depth4/node0/test0_09.mtx 2.1 0 -1 -1 
/home/antonkov/masterWork/tests/samePrefixMarkedMtx2304/depth4/node0/test0_09.mtx 2.2 0 -1 -1 
/home/antonkov/masterWork/tests/samePrefixMarkedMtx2304/depth4/node0/test0_09.mtx 2.3 0 -1 -1 
/home/antonkov/masterWork/tests/samePrefixMarkedMtx2304/depth4/node0/test0_09.mtx 2.4 0 -1 -1 
/home/antonkov/masterWork/tests/samePrefixMarkedMtx2304/depth4/node0/test0_09.mtx 2.5 0 -1 -1 
/home/antonkov/masterWork/tests/samePrefixMarkedMtx2304/depth4/node0/test0_09.mtx 2.6 0 -1 -1 
/home/antonkov/masterWork/tests/samePrefixMarkedMtx2304/depth4/node0/test0_09.mtx 2.7 0 -1 -1 
/home/antonkov/masterWork/tests/samePrefixMarkedMtx2304/depth4/node0/test0_09.mtx 2.8 0 -1 -1 
/home/antonkov/masterWork/tests/samePrefixMarkedMtx2304/depth4/node0/test0_09.mtx 2.9 0 -1 -1 
/home/antonkov/masterWork/tests/samePrefixMarkedMtx2304/depth4/node0/test0_09.mtx 3 0 -1 -1 
/home/antonkov/masterWork/tests/samePrefixMarkedMtx2304/depth4/node0/test0_09.mtx 3.1 0 -1 -1 
/home/antonkov/masterWork/tests/samePrefixMarkedMtx2304/depth4/node0/test0_09.mtx 3.2 0 -1 -1 
/home/antonkov/masterWork/tests/samePrefixMarkedMtx2304/depth4/node0/test0_09.mtx 3.3 0 -1 -1 
/home/antonkov/masterWork/tests/samePrefixMarkedMtx2304/depth4/node0/test0_09.mtx 3.4 0 -1 -1 
/home/antonkov/masterWork/tests/samePrefixMarkedMtx2304/depth4/node0/test0_09.mtx 3.5 0 -1 -1 
/home/antonkov/masterWork/tests/samePrefixMarkedMtx2304/depth4/node0/test0_10.mtx 1 457.043 0.0816623 0.9 
/home/antonkov/masterWork/tests/samePrefixMarkedMtx2304/depth4/node0/test0_10.mtx 1.1 445.9 0.0661155 0.8 
/home/antonkov/masterWork/tests/samePrefixMarkedMtx2304/depth4/node0/test0_10.mtx 1.2 435.711 0.0495399 0.62 
/home/antonkov/masterWork/tests/samePrefixMarkedMtx2304/depth4/node0/test0_10.mtx 1.3 544.675 0.037589 0.485 
/home/antonkov/masterWork/tests/samePrefixMarkedMtx2304/depth4/node0/test0_10.mtx 1.4 509.987 0.0259852 0.35 
/home/antonkov/masterWork/tests/samePrefixMarkedMtx2304/depth4/node0/test0_10.mtx 1.5 560.084 0.0144025 0.206667 
/home/antonkov/masterWork/tests/samePrefixMarkedMtx2304/depth4/node0/test0_10.mtx 1.6 678.956 0.00761111 0.122 
/home/antonkov/masterWork/tests/samePrefixMarkedMtx2304/depth4/node0/test0_10.mtx 1.7 1010.8 0.00313408 0.0481818 
/home/antonkov/masterWork/tests/samePrefixMarkedMtx2304/depth4/node0/test0_10.mtx 1.8 1726.51 0.00124635 0.0208 
/home/antonkov/masterWork/tests/samePrefixMarkedMtx2304/depth4/node0/test0_10.mtx 1.9 3980.77 0.000375406 0.00662338 
/home/antonkov/masterWork/tests/samePrefixMarkedMtx2304/depth4/node0/test0_10.mtx 2 0 -1 -1 
/home/antonkov/masterWork/tests/samePrefixMarkedMtx2304/depth4/node0/test0_10.mtx 2.1 0 -1 -1 
/home/antonkov/masterWork/tests/samePrefixMarkedMtx2304/depth4/node0/test0_10.mtx 2.2 0 -1 -1 
/home/antonkov/masterWork/tests/samePrefixMarkedMtx2304/depth4/node0/test0_10.mtx 2.3 0 -1 -1 
/home/antonkov/masterWork/tests/samePrefixMarkedMtx2304/depth4/node0/test0_10.mtx 2.4 0 -1 -1 
/home/antonkov/masterWork/tests/samePrefixMarkedMtx2304/depth4/node0/test0_10.mtx 2.5 0 -1 -1 
/home/antonkov/masterWork/tests/samePrefixMarkedMtx2304/depth4/node0/test0_10.mtx 2.6 0 -1 -1 
/home/antonkov/masterWork/tests/samePrefixMarkedMtx2304/depth4/node0/test0_10.mtx 2.7 0 -1 -1 
/home/antonkov/masterWork/tests/samePrefixMarkedMtx2304/depth4/node0/test0_10.mtx 2.8 0 -1 -1 
/home/antonkov/masterWork/tests/samePrefixMarkedMtx2304/depth4/node0/test0_10.mtx 2.9 0 -1 -1 
/home/antonkov/masterWork/tests/samePrefixMarkedMtx2304/depth4/node0/test0_10.mtx 3 0 -1 -1 
/home/antonkov/masterWork/tests/samePrefixMarkedMtx2304/depth4/node0/test0_10.mtx 3.1 0 -1 -1 
/home/antonkov/masterWork/tests/samePrefixMarkedMtx2304/depth4/node0/test0_10.mtx 3.2 0 -1 -1 
/home/antonkov/masterWork/tests/samePrefixMarkedMtx2304/depth4/node0/test0_10.mtx 3.3 0 -1 -1 
/home/antonkov/masterWork/tests/samePrefixMarkedMtx2304/depth4/node0/test0_10.mtx 3.4 0 -1 -1 
/home/antonkov/masterWork/tests/samePrefixMarkedMtx2304/depth4/node0/test0_10.mtx 3.5 0 -1 -1 
/home/antonkov/masterWork/tests/samePrefixMarkedMtx2304/depth4/node0/test0_11.mtx 1 506.709 0.0792622 0.88 
/home/antonkov/masterWork/tests/samePrefixMarkedMtx2304/depth4/node0/test0_11.mtx 1.1 457.658 0.0693359 0.82 
/home/antonkov/masterWork/tests/samePrefixMarkedMtx2304/depth4/node0/test0_11.mtx 1.2 427.543 0.0537977 0.66 
/home/antonkov/masterWork/tests/samePrefixMarkedMtx2304/depth4/node0/test0_11.mtx 1.3 537.164 0.0389692 0.505 
/home/antonkov/masterWork/tests/samePrefixMarkedMtx2304/depth4/node0/test0_11.mtx 1.4 505.945 0.026671 0.35 
/home/antonkov/masterWork/tests/samePrefixMarkedMtx2304/depth4/node0/test0_11.mtx 1.5 559.284 0.0136936 0.193333 
/home/antonkov/masterWork/tests/samePrefixMarkedMtx2304/depth4/node0/test0_11.mtx 1.6 680.66 0.00794097 0.114 
/home/antonkov/masterWork/tests/samePrefixMarkedMtx2304/depth4/node0/test0_11.mtx 1.7 954.519 0.00350304 0.054 
/home/antonkov/masterWork/tests/samePrefixMarkedMtx2304/depth4/node0/test0_11.mtx 1.8 1675.78 0.001216 0.02125 
/home/antonkov/masterWork/tests/samePrefixMarkedMtx2304/depth4/node0/test0_11.mtx 1.9 4609.94 0.000338688 0.00561798 
/home/antonkov/masterWork/tests/samePrefixMarkedMtx2304/depth4/node0/test0_11.mtx 2 0 -1 -1 
/home/antonkov/masterWork/tests/samePrefixMarkedMtx2304/depth4/node0/test0_11.mtx 2.1 0 -1 -1 
/home/antonkov/masterWork/tests/samePrefixMarkedMtx2304/depth4/node0/test0_11.mtx 2.2 0 -1 -1 
/home/antonkov/masterWork/tests/samePrefixMarkedMtx2304/depth4/node0/test0_11.mtx 2.3 0 -1 -1 
/home/antonkov/masterWork/tests/samePrefixMarkedMtx2304/depth4/node0/test0_11.mtx 2.4 0 -1 -1 
/home/antonkov/masterWork/tests/samePrefixMarkedMtx2304/depth4/node0/test0_11.mtx 2.5 0 -1 -1 
/home/antonkov/masterWork/tests/samePrefixMarkedMtx2304/depth4/node0/test0_11.mtx 2.6 0 -1 -1 
/home/antonkov/masterWork/tests/samePrefixMarkedMtx2304/depth4/node0/test0_11.mtx 2.7 0 -1 -1 
/home/antonkov/masterWork/tests/samePrefixMarkedMtx2304/depth4/node0/test0_11.mtx 2.8 0 -1 -1 
/home/antonkov/masterWork/tests/samePrefixMarkedMtx2304/depth4/node0/test0_11.mtx 2.9 0 -1 -1 
/home/antonkov/masterWork/tests/samePrefixMarkedMtx2304/depth4/node0/test0_11.mtx 3 0 -1 -1 
/home/antonkov/masterWork/tests/samePrefixMarkedMtx2304/depth4/node0/test0_11.mtx 3.1 0 -1 -1 
/home/antonkov/masterWork/tests/samePrefixMarkedMtx2304/depth4/node0/test0_11.mtx 3.2 0 -1 -1 
/home/antonkov/masterWork/tests/samePrefixMarkedMtx2304/depth4/node0/test0_11.mtx 3.3 0 -1 -1 
/home/antonkov/masterWork/tests/samePrefixMarkedMtx2304/depth4/node0/test0_11.mtx 3.4 0 -1 -1 
/home/antonkov/masterWork/tests/samePrefixMarkedMtx2304/depth4/node0/test0_11.mtx 3.5 0 -1 -1 
/home/antonkov/masterWork/tests/samePrefixMarkedMtx2304/depth4/node0/test0_12.mtx 1 507.902 0.0799653 0.88 
/home/antonkov/masterWork/tests/samePrefixMarkedMtx2304/depth4/node0/test0_12.mtx 1.1 453.239 0.068941 0.8 
/home/antonkov/masterWork/tests/samePrefixMarkedMtx2304/depth4/node0/test0_12.mtx 1.2 446.708 0.0544792 0.68 
/home/antonkov/masterWork/tests/samePrefixMarkedMtx2304/depth4/node0/test0_12.mtx 1.3 412.508 0.0386589 0.53 
/home/antonkov/masterWork/tests/samePrefixMarkedMtx2304/depth4/node0/test0_12.mtx 1.4 508.856 0.023839 0.315 
/home/antonkov/masterWork/tests/samePrefixMarkedMtx2304/depth4/node0/test0_12.mtx 1.5 580.453 0.0137847 0.19 
/home/antonkov/masterWork/tests/samePrefixMarkedMtx2304/depth4/node0/test0_12.mtx 1.6 669.349 0.00716059 0.108 
/home/antonkov/masterWork/tests/samePrefixMarkedMtx2304/depth4/node0/test0_12.mtx 1.7 1062.99 0.00288231 0.0416667 
/home/antonkov/masterWork/tests/samePrefixMarkedMtx2304/depth4/node0/test0_12.mtx 1.8 1612.62 0.00140436 0.0221739 
/home/antonkov/masterWork/tests/samePrefixMarkedMtx2304/depth4/node0/test0_12.mtx 1.9 4110.98 0.000383208 0.00632911 
/home/antonkov/masterWork/tests/samePrefixMarkedMtx2304/depth4/node0/test0_12.mtx 2 0 -1 -1 
/home/antonkov/masterWork/tests/samePrefixMarkedMtx2304/depth4/node0/test0_12.mtx 2.1 0 -1 -1 
/home/antonkov/masterWork/tests/samePrefixMarkedMtx2304/depth4/node0/test0_12.mtx 2.2 0 -1 -1 
/home/antonkov/masterWork/tests/samePrefixMarkedMtx2304/depth4/node0/test0_12.mtx 2.3 0 -1 -1 
/home/antonkov/masterWork/tests/samePrefixMarkedMtx2304/depth4/node0/test0_12.mtx 2.4 0 -1 -1 
/home/antonkov/masterWork/tests/samePrefixMarkedMtx2304/depth4/node0/test0_12.mtx 2.5 0 -1 -1 
/home/antonkov/masterWork/tests/samePrefixMarkedMtx2304/depth4/node0/test0_12.mtx 2.6 0 -1 -1 
/home/antonkov/masterWork/tests/samePrefixMarkedMtx2304/depth4/node0/test0_12.mtx 2.7 0 -1 -1 
/home/antonkov/masterWork/tests/samePrefixMarkedMtx2304/depth4/node0/test0_12.mtx 2.8 0 -1 -1 
/home/antonkov/masterWork/tests/samePrefixMarkedMtx2304/depth4/node0/test0_12.mtx 2.9 0 -1 -1 
/home/antonkov/masterWork/tests/samePrefixMarkedMtx2304/depth4/node0/test0_12.mtx 3 0 -1 -1 
/home/antonkov/masterWork/tests/samePrefixMarkedMtx2304/depth4/node0/test0_12.mtx 3.1 0 -1 -1 
/home/antonkov/masterWork/tests/samePrefixMarkedMtx2304/depth4/node0/test0_12.mtx 3.2 0 -1 -1 
/home/antonkov/masterWork/tests/samePrefixMarkedMtx2304/depth4/node0/test0_12.mtx 3.3 0 -1 -1 
/home/antonkov/masterWork/tests/samePrefixMarkedMtx2304/depth4/node0/test0_12.mtx 3.4 0 -1 -1 
/home/antonkov/masterWork/tests/samePrefixMarkedMtx2304/depth4/node0/test0_12.mtx 3.5 0 -1 -1 
/home/antonkov/masterWork/tests/samePrefixMarkedMtx2304/depth4/node0/test0_13.mtx 1 454.718 0.0838802 0.92 
/home/antonkov/masterWork/tests/samePrefixMarkedMtx2304/depth4/node0/test0_13.mtx 1.1 451.682 0.0721832 0.85 
/home/antonkov/masterWork/tests/samePrefixMarkedMtx2304/depth4/node0/test0_13.mtx 1.2 444.061 0.0558333 0.68 
/home/antonkov/masterWork/tests/samePrefixMarkedMtx2304/depth4/node0/test0_13.mtx 1.3 420.478 0.0400911 0.52 
/home/antonkov/masterWork/tests/samePrefixMarkedMtx2304/depth4/node0/test0_13.mtx 1.4 505.945 0.0262001 0.35 
/home/antonkov/masterWork/tests/samePrefixMarkedMtx2304/depth4/node0/test0_13.mtx 1.5 585.071 0.0145139 0.206667 
/home/antonkov/masterWork/tests/samePrefixMarkedMtx2304/depth4/node0/test0_13.mtx 1.6 669.491 0.00709028 0.104 
/home/antonkov/masterWork/tests/samePrefixMarkedMtx2304/depth4/node0/test0_13.mtx 1.7 901.075 0.00384983 0.0577778 
/home/antonkov/masterWork/tests/samePrefixMarkedMtx2304/depth4/node0/test0_13.mtx 1.8 1724.45 0.0011899 0.0192308 
/home/antonkov/masterWork/tests/samePrefixMarkedMtx2304/depth4/node0/test0_13.mtx 1.9 4040.73 0.000361836 0.00632911 
/home/antonkov/masterWork/tests/samePrefixMarkedMtx2304/depth4/node0/test0_13.mtx 2 0 -1 -1 
/home/antonkov/masterWork/tests/samePrefixMarkedMtx2304/depth4/node0/test0_13.mtx 2.1 0 -1 -1 
/home/antonkov/masterWork/tests/samePrefixMarkedMtx2304/depth4/node0/test0_13.mtx 2.2 0 -1 -1 
/home/antonkov/masterWork/tests/samePrefixMarkedMtx2304/depth4/node0/test0_13.mtx 2.3 0 -1 -1 
/home/antonkov/masterWork/tests/samePrefixMarkedMtx2304/depth4/node0/test0_13.mtx 2.4 0 -1 -1 
/home/antonkov/masterWork/tests/samePrefixMarkedMtx2304/depth4/node0/test0_13.mtx 2.5 0 -1 -1 
/home/antonkov/masterWork/tests/samePrefixMarkedMtx2304/depth4/node0/test0_13.mtx 2.6 0 -1 -1 
/home/antonkov/masterWork/tests/samePrefixMarkedMtx2304/depth4/node0/test0_13.mtx 2.7 0 -1 -1 
/home/antonkov/masterWork/tests/samePrefixMarkedMtx2304/depth4/node0/test0_13.mtx 2.8 0 -1 -1 
/home/antonkov/masterWork/tests/samePrefixMarkedMtx2304/depth4/node0/test0_13.mtx 2.9 0 -1 -1 
/home/antonkov/masterWork/tests/samePrefixMarkedMtx2304/depth4/node0/test0_13.mtx 3 0 -1 -1 
/home/antonkov/masterWork/tests/samePrefixMarkedMtx2304/depth4/node0/test0_13.mtx 3.1 0 -1 -1 
/home/antonkov/masterWork/tests/samePrefixMarkedMtx2304/depth4/node0/test0_13.mtx 3.2 0 -1 -1 
/home/antonkov/masterWork/tests/samePrefixMarkedMtx2304/depth4/node0/test0_13.mtx 3.3 0 -1 -1 
/home/antonkov/masterWork/tests/samePrefixMarkedMtx2304/depth4/node0/test0_13.mtx 3.4 0 -1 -1 
/home/antonkov/masterWork/tests/samePrefixMarkedMtx2304/depth4/node0/test0_13.mtx 3.5 0 -1 -1 
/home/antonkov/masterWork/tests/samePrefixMarkedMtx2304/depth4/node0/test0_14.mtx 1 502.55 0.0792925 0.89 
/home/antonkov/masterWork/tests/samePrefixMarkedMtx2304/depth4/node0/test0_14.mtx 1.1 459.013 0.0675868 0.78 
/home/antonkov/masterWork/tests/samePrefixMarkedMtx2304/depth4/node0/test0_14.mtx 1.2 438.913 0.0557161 0.68 
/home/antonkov/masterWork/tests/samePrefixMarkedMtx2304/depth4/node0/test0_14.mtx 1.3 420.022 0.0417231 0.54 
/home/antonkov/masterWork/tests/samePrefixMarkedMtx2304/depth4/node0/test0_14.mtx 1.4 520.101 0.025497 0.37 
/home/antonkov/masterWork/tests/samePrefixMarkedMtx2304/depth4/node0/test0_14.mtx 1.5 566.768 0.0144864 0.206667 
/home/antonkov/masterWork/tests/samePrefixMarkedMtx2304/depth4/node0/test0_14.mtx 1.6 752.888 0.00603299 0.0916667 
/home/antonkov/masterWork/tests/samePrefixMarkedMtx2304/depth4/node0/test0_14.mtx 1.7 925.986 0.0036902 0.0555556 
/home/antonkov/masterWork/tests/samePrefixMarkedMtx2304/depth4/node0/test0_14.mtx 1.8 1820.22 0.00110613 0.0192593 
/home/antonkov/masterWork/tests/samePrefixMarkedMtx2304/depth4/node0/test0_14.mtx 1.9 4130.15 0.000400065 0.00625 
/home/antonkov/masterWork/tests/samePrefixMarkedMtx2304/depth4/node0/test0_14.mtx 2 0 -1 -1 
/home/antonkov/masterWork/tests/samePrefixMarkedMtx2304/depth4/node0/test0_14.mtx 2.1 0 -1 -1 
/home/antonkov/masterWork/tests/samePrefixMarkedMtx2304/depth4/node0/test0_14.mtx 2.2 0 -1 -1 
/home/antonkov/masterWork/tests/samePrefixMarkedMtx2304/depth4/node0/test0_14.mtx 2.3 0 -1 -1 
/home/antonkov/masterWork/tests/samePrefixMarkedMtx2304/depth4/node0/test0_14.mtx 2.4 0 -1 -1 
/home/antonkov/masterWork/tests/samePrefixMarkedMtx2304/depth4/node0/test0_14.mtx 2.5 0 -1 -1 
/home/antonkov/masterWork/tests/samePrefixMarkedMtx2304/depth4/node0/test0_14.mtx 2.6 0 -1 -1 
/home/antonkov/masterWork/tests/samePrefixMarkedMtx2304/depth4/node0/test0_14.mtx 2.7 0 -1 -1 
/home/antonkov/masterWork/tests/samePrefixMarkedMtx2304/depth4/node0/test0_14.mtx 2.8 0 -1 -1 
/home/antonkov/masterWork/tests/samePrefixMarkedMtx2304/depth4/node0/test0_14.mtx 2.9 0 -1 -1 
/home/antonkov/masterWork/tests/samePrefixMarkedMtx2304/depth4/node0/test0_14.mtx 3 0 -1 -1 
/home/antonkov/masterWork/tests/samePrefixMarkedMtx2304/depth4/node0/test0_14.mtx 3.1 0 -1 -1 
/home/antonkov/masterWork/tests/samePrefixMarkedMtx2304/depth4/node0/test0_14.mtx 3.2 0 -1 -1 
/home/antonkov/masterWork/tests/samePrefixMarkedMtx2304/depth4/node0/test0_14.mtx 3.3 0 -1 -1 
/home/antonkov/masterWork/tests/samePrefixMarkedMtx2304/depth4/node0/test0_14.mtx 3.4 0 -1 -1 
/home/antonkov/masterWork/tests/samePrefixMarkedMtx2304/depth4/node0/test0_14.mtx 3.5 0 -1 -1 
/home/antonkov/masterWork/tests/samePrefixMarkedMtx2304/depth4/node0/test1_00.mtx 1 480 0.079809 0.88 
/home/antonkov/masterWork/tests/samePrefixMarkedMtx2304/depth4/node0/test1_00.mtx 1.1 429.346 0.0657248 0.75 
/home/antonkov/masterWork/tests/samePrefixMarkedMtx2304/depth4/node0/test1_00.mtx 1.2 415.506 0.0542491 0.67 
/home/antonkov/masterWork/tests/samePrefixMarkedMtx2304/depth4/node0/test1_00.mtx 1.3 520.68 0.0389952 0.485 
/home/antonkov/masterWork/tests/samePrefixMarkedMtx2304/depth4/node0/test1_00.mtx 1.4 484.528 0.0284353 0.375 
/home/antonkov/masterWork/tests/samePrefixMarkedMtx2304/depth4/node0/test1_00.mtx 1.5 555.445 0.0179572 0.253333 
/home/antonkov/masterWork/tests/samePrefixMarkedMtx2304/depth4/node0/test1_00.mtx 1.6 651.015 0.00739236 0.106 
/home/antonkov/masterWork/tests/samePrefixMarkedMtx2304/depth4/node0/test1_00.mtx 1.7 999.856 0.00336135 0.0481818 
/home/antonkov/masterWork/tests/samePrefixMarkedMtx2304/depth4/node0/test1_00.mtx 1.8 1843.83 0.00135658 0.0196296 
/home/antonkov/masterWork/tests/samePrefixMarkedMtx2304/depth4/node0/test1_00.mtx 1.9 3207.47 0.000531933 0.00819672 
/home/antonkov/masterWork/tests/samePrefixMarkedMtx2304/depth4/node0/test1_00.mtx 2 0 -1 -1 
/home/antonkov/masterWork/tests/samePrefixMarkedMtx2304/depth4/node0/test1_00.mtx 2.1 0 -1 -1 
/home/antonkov/masterWork/tests/samePrefixMarkedMtx2304/depth4/node0/test1_00.mtx 2.2 0 -1 -1 
/home/antonkov/masterWork/tests/samePrefixMarkedMtx2304/depth4/node0/test1_00.mtx 2.3 0 -1 -1 
/home/antonkov/masterWork/tests/samePrefixMarkedMtx2304/depth4/node0/test1_00.mtx 2.4 0 -1 -1 
/home/antonkov/masterWork/tests/samePrefixMarkedMtx2304/depth4/node0/test1_00.mtx 2.5 0 -1 -1 
/home/antonkov/masterWork/tests/samePrefixMarkedMtx2304/depth4/node0/test1_00.mtx 2.6 0 -1 -1 
/home/antonkov/masterWork/tests/samePrefixMarkedMtx2304/depth4/node0/test1_00.mtx 2.7 0 -1 -1 
/home/antonkov/masterWork/tests/samePrefixMarkedMtx2304/depth4/node0/test1_00.mtx 2.8 0 -1 -1 
/home/antonkov/masterWork/tests/samePrefixMarkedMtx2304/depth4/node0/test1_00.mtx 2.9 0 -1 -1 
/home/antonkov/masterWork/tests/samePrefixMarkedMtx2304/depth4/node0/test1_00.mtx 3 0 -1 -1 
/home/antonkov/masterWork/tests/samePrefixMarkedMtx2304/depth4/node0/test1_00.mtx 3.1 0 -1 -1 
/home/antonkov/masterWork/tests/samePrefixMarkedMtx2304/depth4/node0/test1_00.mtx 3.2 0 -1 -1 
/home/antonkov/masterWork/tests/samePrefixMarkedMtx2304/depth4/node0/test1_00.mtx 3.3 0 -1 -1 
/home/antonkov/masterWork/tests/samePrefixMarkedMtx2304/depth4/node0/test1_00.mtx 3.4 0 -1 -1 
/home/antonkov/masterWork/tests/samePrefixMarkedMtx2304/depth4/node0/test1_00.mtx 3.5 0 -1 -1 
/home/antonkov/masterWork/tests/samePrefixMarkedMtx2304/depth4/node0/test1_01.mtx 1 423.931 0.0823958 0.91 
/home/antonkov/masterWork/tests/samePrefixMarkedMtx2304/depth4/node0/test1_01.mtx 1.1 422.872 0.0701866 0.83 
/home/antonkov/masterWork/tests/samePrefixMarkedMtx2304/depth4/node0/test1_01.mtx 1.2 418.484 0.0558377 0.71 
/home/antonkov/masterWork/tests/samePrefixMarkedMtx2304/depth4/node0/test1_01.mtx 1.3 514.784 0.0387044 0.5 
/home/antonkov/masterWork/tests/samePrefixMarkedMtx2304/depth4/node0/test1_01.mtx 1.4 476.344 0.0253798 0.34 
/home/antonkov/masterWork/tests/samePrefixMarkedMtx2304/depth4/node0/test1_01.mtx 1.5 539.504 0.0131207 0.18 
/home/antonkov/masterWork/tests/samePrefixMarkedMtx2304/depth4/node0/test1_01.mtx 1.6 675.02 0.00655729 0.102 
/home/antonkov/masterWork/tests/samePrefixMarkedMtx2304/depth4/node0/test1_01.mtx 1.7 1035.33 0.00294271 0.0458333 
/home/antonkov/masterWork/tests/samePrefixMarkedMtx2304/depth4/node0/test1_01.mtx 1.8 1857.15 0.00112165 0.0182143 
/home/antonkov/masterWork/tests/samePrefixMarkedMtx2304/depth4/node0/test1_01.mtx 1.9 3728.89 0.000451448 0.0069863 
/home/antonkov/masterWork/tests/samePrefixMarkedMtx2304/depth4/node0/test1_01.mtx 2 0 -1 -1 
/home/antonkov/masterWork/tests/samePrefixMarkedMtx2304/depth4/node0/test1_01.mtx 2.1 0 -1 -1 
/home/antonkov/masterWork/tests/samePrefixMarkedMtx2304/depth4/node0/test1_01.mtx 2.2 0 -1 -1 
/home/antonkov/masterWork/tests/samePrefixMarkedMtx2304/depth4/node0/test1_01.mtx 2.3 0 -1 -1 
/home/antonkov/masterWork/tests/samePrefixMarkedMtx2304/depth4/node0/test1_01.mtx 2.4 0 -1 -1 
/home/antonkov/masterWork/tests/samePrefixMarkedMtx2304/depth4/node0/test1_01.mtx 2.5 0 -1 -1 
/home/antonkov/masterWork/tests/samePrefixMarkedMtx2304/depth4/node0/test1_01.mtx 2.6 0 -1 -1 
/home/antonkov/masterWork/tests/samePrefixMarkedMtx2304/depth4/node0/test1_01.mtx 2.7 0 -1 -1 
/home/antonkov/masterWork/tests/samePrefixMarkedMtx2304/depth4/node0/test1_01.mtx 2.8 0 -1 -1 
/home/antonkov/masterWork/tests/samePrefixMarkedMtx2304/depth4/node0/test1_01.mtx 2.9 0 -1 -1 
/home/antonkov/masterWork/tests/samePrefixMarkedMtx2304/depth4/node0/test1_01.mtx 3 0 -1 -1 
/home/antonkov/masterWork/tests/samePrefixMarkedMtx2304/depth4/node0/test1_01.mtx 3.1 0 -1 -1 
/home/antonkov/masterWork/tests/samePrefixMarkedMtx2304/depth4/node0/test1_01.mtx 3.2 0 -1 -1 
/home/antonkov/masterWork/tests/samePrefixMarkedMtx2304/depth4/node0/test1_01.mtx 3.3 0 -1 -1 
/home/antonkov/masterWork/tests/samePrefixMarkedMtx2304/depth4/node0/test1_01.mtx 3.4 0 -1 -1 
/home/antonkov/masterWork/tests/samePrefixMarkedMtx2304/depth4/node0/test1_01.mtx 3.5 0 -1 -1 
/home/antonkov/masterWork/tests/samePrefixMarkedMtx2304/depth4/node0/test1_02.mtx 1 474.981 0.0814627 0.9 
/home/antonkov/masterWork/tests/samePrefixMarkedMtx2304/depth4/node0/test1_02.mtx 1.1 426.605 0.068533 0.8 
/home/antonkov/masterWork/tests/samePrefixMarkedMtx2304/depth4/node0/test1_02.mtx 1.2 411.608 0.0537543 0.65 
/home/antonkov/masterWork/tests/samePrefixMarkedMtx2304/depth4/node0/test1_02.mtx 1.3 402.064 0.0442448 0.55 
/home/antonkov/masterWork/tests/samePrefixMarkedMtx2304/depth4/node0/test1_02.mtx 1.4 483.715 0.0234115 0.33 
/home/antonkov/masterWork/tests/samePrefixMarkedMtx2304/depth4/node0/test1_02.mtx 1.5 548.143 0.0154774 0.213333 
/home/antonkov/masterWork/tests/samePrefixMarkedMtx2304/depth4/node0/test1_02.mtx 1.6 657.203 0.00758767 0.108 
/home/antonkov/masterWork/tests/samePrefixMarkedMtx2304/depth4/node0/test1_02.mtx 1.7 925.822 0.00349045 0.053 
/home/antonkov/masterWork/tests/samePrefixMarkedMtx2304/depth4/node0/test1_02.mtx 1.8 1913.49 0.00103942 0.0172414 
/home/antonkov/masterWork/tests/samePrefixMarkedMtx2304/depth4/node0/test1_02.mtx 1.9 4492.25 0.000352061 0.00574713 
/home/antonkov/masterWork/tests/samePrefixMarkedMtx2304/depth4/node0/test1_02.mtx 2 0 -1 -1 
/home/antonkov/masterWork/tests/samePrefixMarkedMtx2304/depth4/node0/test1_02.mtx 2.1 0 -1 -1 
/home/antonkov/masterWork/tests/samePrefixMarkedMtx2304/depth4/node0/test1_02.mtx 2.2 0 -1 -1 
/home/antonkov/masterWork/tests/samePrefixMarkedMtx2304/depth4/node0/test1_02.mtx 2.3 0 -1 -1 
/home/antonkov/masterWork/tests/samePrefixMarkedMtx2304/depth4/node0/test1_02.mtx 2.4 0 -1 -1 
/home/antonkov/masterWork/tests/samePrefixMarkedMtx2304/depth4/node0/test1_02.mtx 2.5 0 -1 -1 
/home/antonkov/masterWork/tests/samePrefixMarkedMtx2304/depth4/node0/test1_02.mtx 2.6 0 -1 -1 
/home/antonkov/masterWork/tests/samePrefixMarkedMtx2304/depth4/node0/test1_02.mtx 2.7 0 -1 -1 
/home/antonkov/masterWork/tests/samePrefixMarkedMtx2304/depth4/node0/test1_02.mtx 2.8 0 -1 -1 
/home/antonkov/masterWork/tests/samePrefixMarkedMtx2304/depth4/node0/test1_02.mtx 2.9 0 -1 -1 
/home/antonkov/masterWork/tests/samePrefixMarkedMtx2304/depth4/node0/test1_02.mtx 3 0 -1 -1 
/home/antonkov/masterWork/tests/samePrefixMarkedMtx2304/depth4/node0/test1_02.mtx 3.1 0 -1 -1 
/home/antonkov/masterWork/tests/samePrefixMarkedMtx2304/depth4/node0/test1_02.mtx 3.2 0 -1 -1 
/home/antonkov/masterWork/tests/samePrefixMarkedMtx2304/depth4/node0/test1_02.mtx 3.3 0 -1 -1 
/home/antonkov/masterWork/tests/samePrefixMarkedMtx2304/depth4/node0/test1_02.mtx 3.4 0 -1 -1 
/home/antonkov/masterWork/tests/samePrefixMarkedMtx2304/depth4/node0/test1_02.mtx 3.5 0 -1 -1 
/home/antonkov/masterWork/tests/samePrefixMarkedMtx2304/depth4/node0/test1_03.mtx 1 468.805 0.0769314 0.87 
/home/antonkov/masterWork/tests/samePrefixMarkedMtx2304/depth4/node0/test1_03.mtx 1.1 432.551 0.0613628 0.74 
/home/antonkov/masterWork/tests/samePrefixMarkedMtx2304/depth4/node0/test1_03.mtx 1.2 406.84 0.050421 0.64 
/home/antonkov/masterWork/tests/samePrefixMarkedMtx2304/depth4/node0/test1_03.mtx 1.3 521.892 0.0400195 0.52 
/home/antonkov/masterWork/tests/samePrefixMarkedMtx2304/depth4/node0/test1_03.mtx 1.4 494.278 0.0268555 0.375 
/home/antonkov/masterWork/tests/samePrefixMarkedMtx2304/depth4/node0/test1_03.mtx 1.5 571.254 0.0161053 0.226667 
/home/antonkov/masterWork/tests/samePrefixMarkedMtx2304/depth4/node0/test1_03.mtx 1.6 679.008 0.00807726 0.126 
/home/antonkov/masterWork/tests/samePrefixMarkedMtx2304/depth4/node0/test1_03.mtx 1.7 962.167 0.00299913 0.05 
/home/antonkov/masterWork/tests/samePrefixMarkedMtx2304/depth4/node0/test1_03.mtx 1.8 1946.83 0.00119193 0.017931 
/home/antonkov/masterWork/tests/samePrefixMarkedMtx2304/depth4/node0/test1_03.mtx 1.9 3486.99 0.000443115 0.0078125 
/home/antonkov/masterWork/tests/samePrefixMarkedMtx2304/depth4/node0/test1_03.mtx 2 0 -1 -1 
/home/antonkov/masterWork/tests/samePrefixMarkedMtx2304/depth4/node0/test1_03.mtx 2.1 0 -1 -1 
/home/antonkov/masterWork/tests/samePrefixMarkedMtx2304/depth4/node0/test1_03.mtx 2.2 0 -1 -1 
/home/antonkov/masterWork/tests/samePrefixMarkedMtx2304/depth4/node0/test1_03.mtx 2.3 0 -1 -1 
/home/antonkov/masterWork/tests/samePrefixMarkedMtx2304/depth4/node0/test1_03.mtx 2.4 0 -1 -1 
/home/antonkov/masterWork/tests/samePrefixMarkedMtx2304/depth4/node0/test1_03.mtx 2.5 0 -1 -1 
/home/antonkov/masterWork/tests/samePrefixMarkedMtx2304/depth4/node0/test1_03.mtx 2.6 0 -1 -1 
/home/antonkov/masterWork/tests/samePrefixMarkedMtx2304/depth4/node0/test1_03.mtx 2.7 0 -1 -1 
/home/antonkov/masterWork/tests/samePrefixMarkedMtx2304/depth4/node0/test1_03.mtx 2.8 0 -1 -1 
/home/antonkov/masterWork/tests/samePrefixMarkedMtx2304/depth4/node0/test1_03.mtx 2.9 0 -1 -1 
/home/antonkov/masterWork/tests/samePrefixMarkedMtx2304/depth4/node0/test1_03.mtx 3 0 -1 -1 
/home/antonkov/masterWork/tests/samePrefixMarkedMtx2304/depth4/node0/test1_03.mtx 3.1 0 -1 -1 
/home/antonkov/masterWork/tests/samePrefixMarkedMtx2304/depth4/node0/test1_03.mtx 3.2 0 -1 -1 
/home/antonkov/masterWork/tests/samePrefixMarkedMtx2304/depth4/node0/test1_03.mtx 3.3 0 -1 -1 
/home/antonkov/masterWork/tests/samePrefixMarkedMtx2304/depth4/node0/test1_03.mtx 3.4 0 -1 -1 
/home/antonkov/masterWork/tests/samePrefixMarkedMtx2304/depth4/node0/test1_03.mtx 3.5 0 -1 -1 
/home/antonkov/masterWork/tests/samePrefixMarkedMtx2304/depth4/node0/test1_04.mtx 1 428.709 0.0768229 0.86 
/home/antonkov/masterWork/tests/samePrefixMarkedMtx2304/depth4/node0/test1_04.mtx 1.1 431.637 0.0640929 0.76 
/home/antonkov/masterWork/tests/samePrefixMarkedMtx2304/depth4/node0/test1_04.mtx 1.2 398.36 0.0505816 0.64 
/home/antonkov/masterWork/tests/samePrefixMarkedMtx2304/depth4/node0/test1_04.mtx 1.3 390.202 0.0372569 0.5 
/home/antonkov/masterWork/tests/samePrefixMarkedMtx2304/depth4/node0/test1_04.mtx 1.4 481.4 0.0240234 0.33 
/home/antonkov/masterWork/tests/samePrefixMarkedMtx2304/depth4/node0/test1_04.mtx 1.5 553.73 0.013669 0.193333 
/home/antonkov/masterWork/tests/samePrefixMarkedMtx2304/depth4/node0/test1_04.mtx 1.6 671.548 0.00826562 0.132 
/home/antonkov/masterWork/tests/samePrefixMarkedMtx2304/depth4/node0/test1_04.mtx 1.7 817.109 0.00418077 0.065 
/home/antonkov/masterWork/tests/samePrefixMarkedMtx2304/depth4/node0/test1_04.mtx 1.8 1496.32 0.00143126 0.0242857 
/home/antonkov/masterWork/tests/samePrefixMarkedMtx2304/depth4/node0/test1_04.mtx 1.9 2854.46 0.000557938 0.00980392 
/home/antonkov/masterWork/tests/samePrefixMarkedMtx2304/depth4/node0/test1_04.mtx 2 0 -1 -1 
/home/antonkov/masterWork/tests/samePrefixMarkedMtx2304/depth4/node0/test1_04.mtx 2.1 0 -1 -1 
/home/antonkov/masterWork/tests/samePrefixMarkedMtx2304/depth4/node0/test1_04.mtx 2.2 0 -1 -1 
/home/antonkov/masterWork/tests/samePrefixMarkedMtx2304/depth4/node0/test1_04.mtx 2.3 0 -1 -1 
/home/antonkov/masterWork/tests/samePrefixMarkedMtx2304/depth4/node0/test1_04.mtx 2.4 0 -1 -1 
/home/antonkov/masterWork/tests/samePrefixMarkedMtx2304/depth4/node0/test1_04.mtx 2.5 0 -1 -1 
/home/antonkov/masterWork/tests/samePrefixMarkedMtx2304/depth4/node0/test1_04.mtx 2.6 0 -1 -1 
/home/antonkov/masterWork/tests/samePrefixMarkedMtx2304/depth4/node0/test1_04.mtx 2.7 0 -1 -1 
/home/antonkov/masterWork/tests/samePrefixMarkedMtx2304/depth4/node0/test1_04.mtx 2.8 0 -1 -1 
/home/antonkov/masterWork/tests/samePrefixMarkedMtx2304/depth4/node0/test1_04.mtx 2.9 0 -1 -1 
/home/antonkov/masterWork/tests/samePrefixMarkedMtx2304/depth4/node0/test1_04.mtx 3 0 -1 -1 
/home/antonkov/masterWork/tests/samePrefixMarkedMtx2304/depth4/node0/test1_04.mtx 3.1 0 -1 -1 
/home/antonkov/masterWork/tests/samePrefixMarkedMtx2304/depth4/node0/test1_04.mtx 3.2 0 -1 -1 
/home/antonkov/masterWork/tests/samePrefixMarkedMtx2304/depth4/node0/test1_04.mtx 3.3 0 -1 -1 
/home/antonkov/masterWork/tests/samePrefixMarkedMtx2304/depth4/node0/test1_04.mtx 3.4 0 -1 -1 
/home/antonkov/masterWork/tests/samePrefixMarkedMtx2304/depth4/node0/test1_04.mtx 3.5 0 -1 -1 
/home/antonkov/masterWork/tests/samePrefixMarkedMtx2304/depth4/node0/test1_05.mtx 1 477.5 0.0813108 0.89 
/home/antonkov/masterWork/tests/samePrefixMarkedMtx2304/depth4/node0/test1_05.mtx 1.1 433.159 0.0705599 0.83 
/home/antonkov/masterWork/tests/samePrefixMarkedMtx2304/depth4/node0/test1_05.mtx 1.2 412.954 0.0531033 0.66 
/home/antonkov/masterWork/tests/samePrefixMarkedMtx2304/depth4/node0/test1_05.mtx 1.3 510.58 0.0396159 0.495 
/home/antonkov/masterWork/tests/samePrefixMarkedMtx2304/depth4/node0/test1_05.mtx 1.4 481.383 0.0290603 0.395 
/home/antonkov/masterWork/tests/samePrefixMarkedMtx2304/depth4/node0/test1_05.mtx 1.5 448.509 0.0178754 0.255 
/home/antonkov/masterWork/tests/samePrefixMarkedMtx2304/depth4/node0/test1_05.mtx 1.6 583.144 0.00842122 0.125 
/home/antonkov/masterWork/tests/samePrefixMarkedMtx2304/depth4/node0/test1_05.mtx 1.7 913.109 0.00343186 0.051 
/home/antonkov/masterWork/tests/samePrefixMarkedMtx2304/depth4/node0/test1_05.mtx 1.8 1747.78 0.00122444 0.0188889 
/home/antonkov/masterWork/tests/samePrefixMarkedMtx2304/depth4/node0/test1_05.mtx 1.9 3917.5 0.000426644 0.00675325 
/home/antonkov/masterWork/tests/samePrefixMarkedMtx2304/depth4/node0/test1_05.mtx 2 0 -1 -1 
/home/antonkov/masterWork/tests/samePrefixMarkedMtx2304/depth4/node0/test1_05.mtx 2.1 0 -1 -1 
/home/antonkov/masterWork/tests/samePrefixMarkedMtx2304/depth4/node0/test1_05.mtx 2.2 0 -1 -1 
/home/antonkov/masterWork/tests/samePrefixMarkedMtx2304/depth4/node0/test1_05.mtx 2.3 0 -1 -1 
/home/antonkov/masterWork/tests/samePrefixMarkedMtx2304/depth4/node0/test1_05.mtx 2.4 0 -1 -1 
/home/antonkov/masterWork/tests/samePrefixMarkedMtx2304/depth4/node0/test1_05.mtx 2.5 0 -1 -1 
/home/antonkov/masterWork/tests/samePrefixMarkedMtx2304/depth4/node0/test1_05.mtx 2.6 0 -1 -1 
/home/antonkov/masterWork/tests/samePrefixMarkedMtx2304/depth4/node0/test1_05.mtx 2.7 0 -1 -1 
/home/antonkov/masterWork/tests/samePrefixMarkedMtx2304/depth4/node0/test1_05.mtx 2.8 0 -1 -1 
/home/antonkov/masterWork/tests/samePrefixMarkedMtx2304/depth4/node0/test1_05.mtx 2.9 0 -1 -1 
/home/antonkov/masterWork/tests/samePrefixMarkedMtx2304/depth4/node0/test1_05.mtx 3 0 -1 -1 
/home/antonkov/masterWork/tests/samePrefixMarkedMtx2304/depth4/node0/test1_05.mtx 3.1 0 -1 -1 
/home/antonkov/masterWork/tests/samePrefixMarkedMtx2304/depth4/node0/test1_05.mtx 3.2 0 -1 -1 
/home/antonkov/masterWork/tests/samePrefixMarkedMtx2304/depth4/node0/test1_05.mtx 3.3 0 -1 -1 
/home/antonkov/masterWork/tests/samePrefixMarkedMtx2304/depth4/node0/test1_05.mtx 3.4 0 -1 -1 
/home/antonkov/masterWork/tests/samePrefixMarkedMtx2304/depth4/node0/test1_05.mtx 3.5 0 -1 -1 
/home/antonkov/masterWork/tests/samePrefixMarkedMtx2304/depth4/node0/test1_06.mtx 1 481.839 0.0802908 0.89 
/home/antonkov/masterWork/tests/samePrefixMarkedMtx2304/depth4/node0/test1_06.mtx 1.1 432.196 0.0703125 0.81 
/home/antonkov/masterWork/tests/samePrefixMarkedMtx2304/depth4/node0/test1_06.mtx 1.2 410.247 0.0538238 0.67 
/home/antonkov/masterWork/tests/samePrefixMarkedMtx2304/depth4/node0/test1_06.mtx 1.3 392.292 0.038967 0.52 
/home/antonkov/masterWork/tests/samePrefixMarkedMtx2304/depth4/node0/test1_06.mtx 1.4 503.572 0.0258073 0.345 
/home/antonkov/masterWork/tests/samePrefixMarkedMtx2304/depth4/node0/test1_06.mtx 1.5 550.728 0.0158941 0.216667 
/home/antonkov/masterWork/tests/samePrefixMarkedMtx2304/depth4/node0/test1_06.mtx 1.6 730.419 0.00719112 0.0983333 
/home/antonkov/masterWork/tests/samePrefixMarkedMtx2304/depth4/node0/test1_06.mtx 1.7 860.341 0.00368056 0.0566667 
/home/antonkov/masterWork/tests/samePrefixMarkedMtx2304/depth4/node0/test1_06.mtx 1.8 1419.22 0.00165538 0.026 
/home/antonkov/masterWork/tests/samePrefixMarkedMtx2304/depth4/node0/test1_06.mtx 1.9 4372.71 0.000354371 0.00588235 
/home/antonkov/masterWork/tests/samePrefixMarkedMtx2304/depth4/node0/test1_06.mtx 2 0 -1 -1 
/home/antonkov/masterWork/tests/samePrefixMarkedMtx2304/depth4/node0/test1_06.mtx 2.1 0 -1 -1 
/home/antonkov/masterWork/tests/samePrefixMarkedMtx2304/depth4/node0/test1_06.mtx 2.2 0 -1 -1 
/home/antonkov/masterWork/tests/samePrefixMarkedMtx2304/depth4/node0/test1_06.mtx 2.3 0 -1 -1 
/home/antonkov/masterWork/tests/samePrefixMarkedMtx2304/depth4/node0/test1_06.mtx 2.4 0 -1 -1 
/home/antonkov/masterWork/tests/samePrefixMarkedMtx2304/depth4/node0/test1_06.mtx 2.5 0 -1 -1 
/home/antonkov/masterWork/tests/samePrefixMarkedMtx2304/depth4/node0/test1_06.mtx 2.6 0 -1 -1 
/home/antonkov/masterWork/tests/samePrefixMarkedMtx2304/depth4/node0/test1_06.mtx 2.7 0 -1 -1 
/home/antonkov/masterWork/tests/samePrefixMarkedMtx2304/depth4/node0/test1_06.mtx 2.8 0 -1 -1 
/home/antonkov/masterWork/tests/samePrefixMarkedMtx2304/depth4/node0/test1_06.mtx 2.9 0 -1 -1 
/home/antonkov/masterWork/tests/samePrefixMarkedMtx2304/depth4/node0/test1_06.mtx 3 0 -1 -1 
/home/antonkov/masterWork/tests/samePrefixMarkedMtx2304/depth4/node0/test1_06.mtx 3.1 0 -1 -1 
/home/antonkov/masterWork/tests/samePrefixMarkedMtx2304/depth4/node0/test1_06.mtx 3.2 0 -1 -1 
/home/antonkov/masterWork/tests/samePrefixMarkedMtx2304/depth4/node0/test1_06.mtx 3.3 0 -1 -1 
/home/antonkov/masterWork/tests/samePrefixMarkedMtx2304/depth4/node0/test1_06.mtx 3.4 0 -1 -1 
/home/antonkov/masterWork/tests/samePrefixMarkedMtx2304/depth4/node0/test1_06.mtx 3.5 0 -1 -1 
/home/antonkov/masterWork/tests/samePrefixMarkedMtx2304/depth4/node0/test1_07.mtx 1 433.011 0.084158 0.94 
/home/antonkov/masterWork/tests/samePrefixMarkedMtx2304/depth4/node0/test1_07.mtx 1.1 424.779 0.0709028 0.84 
/home/antonkov/masterWork/tests/samePrefixMarkedMtx2304/depth4/node0/test1_07.mtx 1.2 421.88 0.0565929 0.7 
/home/antonkov/masterWork/tests/samePrefixMarkedMtx2304/depth4/node0/test1_07.mtx 1.3 397.638 0.0407248 0.56 
/home/antonkov/masterWork/tests/samePrefixMarkedMtx2304/depth4/node0/test1_07.mtx 1.4 490.836 0.0240386 0.34 
/home/antonkov/masterWork/tests/samePrefixMarkedMtx2304/depth4/node0/test1_07.mtx 1.5 548.631 0.0136444 0.203333 
/home/antonkov/masterWork/tests/samePrefixMarkedMtx2304/depth4/node0/test1_07.mtx 1.6 760.499 0.00648727 0.1 
/home/antonkov/masterWork/tests/samePrefixMarkedMtx2304/depth4/node0/test1_07.mtx 1.7 940.16 0.00375564 0.055 
/home/antonkov/masterWork/tests/samePrefixMarkedMtx2304/depth4/node0/test1_07.mtx 1.8 1803.04 0.00115885 0.0185185 
/home/antonkov/masterWork/tests/samePrefixMarkedMtx2304/depth4/node0/test1_07.mtx 1.9 3703 0.000440538 0.00714286 
/home/antonkov/masterWork/tests/samePrefixMarkedMtx2304/depth4/node0/test1_07.mtx 2 0 -1 -1 
/home/antonkov/masterWork/tests/samePrefixMarkedMtx2304/depth4/node0/test1_07.mtx 2.1 0 -1 -1 
/home/antonkov/masterWork/tests/samePrefixMarkedMtx2304/depth4/node0/test1_07.mtx 2.2 0 -1 -1 
/home/antonkov/masterWork/tests/samePrefixMarkedMtx2304/depth4/node0/test1_07.mtx 2.3 0 -1 -1 
/home/antonkov/masterWork/tests/samePrefixMarkedMtx2304/depth4/node0/test1_07.mtx 2.4 0 -1 -1 
/home/antonkov/masterWork/tests/samePrefixMarkedMtx2304/depth4/node0/test1_07.mtx 2.5 0 -1 -1 
/home/antonkov/masterWork/tests/samePrefixMarkedMtx2304/depth4/node0/test1_07.mtx 2.6 0 -1 -1 
/home/antonkov/masterWork/tests/samePrefixMarkedMtx2304/depth4/node0/test1_07.mtx 2.7 0 -1 -1 
/home/antonkov/masterWork/tests/samePrefixMarkedMtx2304/depth4/node0/test1_07.mtx 2.8 0 -1 -1 
/home/antonkov/masterWork/tests/samePrefixMarkedMtx2304/depth4/node0/test1_07.mtx 2.9 0 -1 -1 
/home/antonkov/masterWork/tests/samePrefixMarkedMtx2304/depth4/node0/test1_07.mtx 3 0 -1 -1 
/home/antonkov/masterWork/tests/samePrefixMarkedMtx2304/depth4/node0/test1_07.mtx 3.1 0 -1 -1 
/home/antonkov/masterWork/tests/samePrefixMarkedMtx2304/depth4/node0/test1_07.mtx 3.2 0 -1 -1 
/home/antonkov/masterWork/tests/samePrefixMarkedMtx2304/depth4/node0/test1_07.mtx 3.3 0 -1 -1 
/home/antonkov/masterWork/tests/samePrefixMarkedMtx2304/depth4/node0/test1_07.mtx 3.4 0 -1 -1 
/home/antonkov/masterWork/tests/samePrefixMarkedMtx2304/depth4/node0/test1_07.mtx 3.5 0 -1 -1 
/home/antonkov/masterWork/tests/samePrefixMarkedMtx2304/depth4/node0/test1_08.mtx 1 487.607 0.0773003 0.91 
/home/antonkov/masterWork/tests/samePrefixMarkedMtx2304/depth4/node0/test1_08.mtx 1.1 428.005 0.0634462 0.8 
/home/antonkov/masterWork/tests/samePrefixMarkedMtx2304/depth4/node0/test1_08.mtx 1.2 401.906 0.0446571 0.58 
/home/antonkov/masterWork/tests/samePrefixMarkedMtx2304/depth4/node0/test1_08.mtx 1.3 511.26 0.0349327 0.47 
/home/antonkov/masterWork/tests/samePrefixMarkedMtx2304/depth4/node0/test1_08.mtx 1.4 495.976 0.022908 0.315 
/home/antonkov/masterWork/tests/samePrefixMarkedMtx2304/depth4/node0/test1_08.mtx 1.5 545.655 0.0124696 0.183333 
/home/antonkov/masterWork/tests/samePrefixMarkedMtx2304/depth4/node0/test1_08.mtx 1.6 727.927 0.00629702 0.0966667 
/home/antonkov/masterWork/tests/samePrefixMarkedMtx2304/depth4/node0/test1_08.mtx 1.7 928.457 0.00344965 0.055 
/home/antonkov/masterWork/tests/samePrefixMarkedMtx2304/depth4/node0/test1_08.mtx 1.8 1480.74 0.00139075 0.0238095 
/home/antonkov/masterWork/tests/samePrefixMarkedMtx2304/depth4/node0/test1_08.mtx 1.9 3684.55 0.000477431 0.00714286 
/home/antonkov/masterWork/tests/samePrefixMarkedMtx2304/depth4/node0/test1_08.mtx 2 0 -1 -1 
/home/antonkov/masterWork/tests/samePrefixMarkedMtx2304/depth4/node0/test1_08.mtx 2.1 0 -1 -1 
/home/antonkov/masterWork/tests/samePrefixMarkedMtx2304/depth4/node0/test1_08.mtx 2.2 0 -1 -1 
/home/antonkov/masterWork/tests/samePrefixMarkedMtx2304/depth4/node0/test1_08.mtx 2.3 0 -1 -1 
/home/antonkov/masterWork/tests/samePrefixMarkedMtx2304/depth4/node0/test1_08.mtx 2.4 0 -1 -1 
/home/antonkov/masterWork/tests/samePrefixMarkedMtx2304/depth4/node0/test1_08.mtx 2.5 0 -1 -1 
/home/antonkov/masterWork/tests/samePrefixMarkedMtx2304/depth4/node0/test1_08.mtx 2.6 0 -1 -1 
/home/antonkov/masterWork/tests/samePrefixMarkedMtx2304/depth4/node0/test1_08.mtx 2.7 0 -1 -1 
/home/antonkov/masterWork/tests/samePrefixMarkedMtx2304/depth4/node0/test1_08.mtx 2.8 0 -1 -1 
/home/antonkov/masterWork/tests/samePrefixMarkedMtx2304/depth4/node0/test1_08.mtx 2.9 0 -1 -1 
/home/antonkov/masterWork/tests/samePrefixMarkedMtx2304/depth4/node0/test1_08.mtx 3 0 -1 -1 
/home/antonkov/masterWork/tests/samePrefixMarkedMtx2304/depth4/node0/test1_08.mtx 3.1 0 -1 -1 
/home/antonkov/masterWork/tests/samePrefixMarkedMtx2304/depth4/node0/test1_08.mtx 3.2 0 -1 -1 
/home/antonkov/masterWork/tests/samePrefixMarkedMtx2304/depth4/node0/test1_08.mtx 3.3 0 -1 -1 
/home/antonkov/masterWork/tests/samePrefixMarkedMtx2304/depth4/node0/test1_08.mtx 3.4 0 -1 -1 
/home/antonkov/masterWork/tests/samePrefixMarkedMtx2304/depth4/node0/test1_08.mtx 3.5 0 -1 -1 
/home/antonkov/masterWork/tests/samePrefixMarkedMtx2304/depth4/node0/test1_09.mtx 1 491.048 0.083151 0.92 
/home/antonkov/masterWork/tests/samePrefixMarkedMtx2304/depth4/node0/test1_09.mtx 1.1 434.587 0.0724392 0.82 
/home/antonkov/masterWork/tests/samePrefixMarkedMtx2304/depth4/node0/test1_09.mtx 1.2 419.455 0.0609418 0.76 
/home/antonkov/masterWork/tests/samePrefixMarkedMtx2304/depth4/node0/test1_09.mtx 1.3 392.773 0.0411241 0.55 
/home/antonkov/masterWork/tests/samePrefixMarkedMtx2304/depth4/node0/test1_09.mtx 1.4 485.876 0.0258984 0.37 
/home/antonkov/masterWork/tests/samePrefixMarkedMtx2304/depth4/node0/test1_09.mtx 1.5 550.128 0.0139164 0.19 
/home/antonkov/masterWork/tests/samePrefixMarkedMtx2304/depth4/node0/test1_09.mtx 1.6 652.971 0.00630729 0.106 
/home/antonkov/masterWork/tests/samePrefixMarkedMtx2304/depth4/node0/test1_09.mtx 1.7 962.98 0.00334592 0.054 
/home/antonkov/masterWork/tests/samePrefixMarkedMtx2304/depth4/node0/test1_09.mtx 1.8 1500.55 0.00150897 0.0247619 
/home/antonkov/masterWork/tests/samePrefixMarkedMtx2304/depth4/node0/test1_09.mtx 1.9 4344.4 0.000361173 0.00595238 
/home/antonkov/masterWork/tests/samePrefixMarkedMtx2304/depth4/node0/test1_09.mtx 2 0 -1 -1 
/home/antonkov/masterWork/tests/samePrefixMarkedMtx2304/depth4/node0/test1_09.mtx 2.1 0 -1 -1 
/home/antonkov/masterWork/tests/samePrefixMarkedMtx2304/depth4/node0/test1_09.mtx 2.2 0 -1 -1 
/home/antonkov/masterWork/tests/samePrefixMarkedMtx2304/depth4/node0/test1_09.mtx 2.3 0 -1 -1 
/home/antonkov/masterWork/tests/samePrefixMarkedMtx2304/depth4/node0/test1_09.mtx 2.4 0 -1 -1 
/home/antonkov/masterWork/tests/samePrefixMarkedMtx2304/depth4/node0/test1_09.mtx 2.5 0 -1 -1 
/home/antonkov/masterWork/tests/samePrefixMarkedMtx2304/depth4/node0/test1_09.mtx 2.6 0 -1 -1 
/home/antonkov/masterWork/tests/samePrefixMarkedMtx2304/depth4/node0/test1_09.mtx 2.7 0 -1 -1 
/home/antonkov/masterWork/tests/samePrefixMarkedMtx2304/depth4/node0/test1_09.mtx 2.8 0 -1 -1 
/home/antonkov/masterWork/tests/samePrefixMarkedMtx2304/depth4/node0/test1_09.mtx 2.9 0 -1 -1 
/home/antonkov/masterWork/tests/samePrefixMarkedMtx2304/depth4/node0/test1_09.mtx 3 0 -1 -1 
/home/antonkov/masterWork/tests/samePrefixMarkedMtx2304/depth4/node0/test1_09.mtx 3.1 0 -1 -1 
/home/antonkov/masterWork/tests/samePrefixMarkedMtx2304/depth4/node0/test1_09.mtx 3.2 0 -1 -1 
/home/antonkov/masterWork/tests/samePrefixMarkedMtx2304/depth4/node0/test1_09.mtx 3.3 0 -1 -1 
/home/antonkov/masterWork/tests/samePrefixMarkedMtx2304/depth4/node0/test1_09.mtx 3.4 0 -1 -1 
/home/antonkov/masterWork/tests/samePrefixMarkedMtx2304/depth4/node0/test1_09.mtx 3.5 0 -1 -1 
/home/antonkov/masterWork/tests/samePrefixMarkedMtx2304/depth4/node0/test1_10.mtx 1 433.696 0.0824653 0.89 
/home/antonkov/masterWork/tests/samePrefixMarkedMtx2304/depth4/node0/test1_10.mtx 1.1 427.901 0.070855 0.83 
/home/antonkov/masterWork/tests/samePrefixMarkedMtx2304/depth4/node0/test1_10.mtx 1.2 419.383 0.0557335 0.68 
/home/antonkov/masterWork/tests/samePrefixMarkedMtx2304/depth4/node0/test1_10.mtx 1.3 392.897 0.0419184 0.52 
/home/antonkov/masterWork/tests/samePrefixMarkedMtx2304/depth4/node0/test1_10.mtx 1.4 494.66 0.0257031 0.34 
/home/antonkov/masterWork/tests/samePrefixMarkedMtx2304/depth4/node0/test1_10.mtx 1.5 548.777 0.0152025 0.22 
/home/antonkov/masterWork/tests/samePrefixMarkedMtx2304/depth4/node0/test1_10.mtx 1.6 664.924 0.00766667 0.114 
/home/antonkov/masterWork/tests/samePrefixMarkedMtx2304/depth4/node0/test1_10.mtx 1.7 895.45 0.00358314 0.0566667 
/home/antonkov/masterWork/tests/samePrefixMarkedMtx2304/depth4/node0/test1_10.mtx 1.8 1802.38 0.00126913 0.0192593 
/home/antonkov/masterWork/tests/samePrefixMarkedMtx2304/depth4/node0/test1_10.mtx 1.9 3292.7 0.000487581 0.00822581 
/home/antonkov/masterWork/tests/samePrefixMarkedMtx2304/depth4/node0/test1_10.mtx 2 0 -1 -1 
/home/antonkov/masterWork/tests/samePrefixMarkedMtx2304/depth4/node0/test1_10.mtx 2.1 0 -1 -1 
/home/antonkov/masterWork/tests/samePrefixMarkedMtx2304/depth4/node0/test1_10.mtx 2.2 0 -1 -1 
/home/antonkov/masterWork/tests/samePrefixMarkedMtx2304/depth4/node0/test1_10.mtx 2.3 0 -1 -1 
/home/antonkov/masterWork/tests/samePrefixMarkedMtx2304/depth4/node0/test1_10.mtx 2.4 0 -1 -1 
/home/antonkov/masterWork/tests/samePrefixMarkedMtx2304/depth4/node0/test1_10.mtx 2.5 0 -1 -1 
/home/antonkov/masterWork/tests/samePrefixMarkedMtx2304/depth4/node0/test1_10.mtx 2.6 0 -1 -1 
/home/antonkov/masterWork/tests/samePrefixMarkedMtx2304/depth4/node0/test1_10.mtx 2.7 0 -1 -1 
/home/antonkov/masterWork/tests/samePrefixMarkedMtx2304/depth4/node0/test1_10.mtx 2.8 0 -1 -1 
/home/antonkov/masterWork/tests/samePrefixMarkedMtx2304/depth4/node0/test1_10.mtx 2.9 0 -1 -1 
/home/antonkov/masterWork/tests/samePrefixMarkedMtx2304/depth4/node0/test1_10.mtx 3 0 -1 -1 
/home/antonkov/masterWork/tests/samePrefixMarkedMtx2304/depth4/node0/test1_10.mtx 3.1 0 -1 -1 
/home/antonkov/masterWork/tests/samePrefixMarkedMtx2304/depth4/node0/test1_10.mtx 3.2 0 -1 -1 
/home/antonkov/masterWork/tests/samePrefixMarkedMtx2304/depth4/node0/test1_10.mtx 3.3 0 -1 -1 
/home/antonkov/masterWork/tests/samePrefixMarkedMtx2304/depth4/node0/test1_10.mtx 3.4 0 -1 -1 
/home/antonkov/masterWork/tests/samePrefixMarkedMtx2304/depth4/node0/test1_10.mtx 3.5 0 -1 -1 
/home/antonkov/masterWork/tests/samePrefixMarkedMtx2304/depth4/node0/test1_11.mtx 1 468.537 0.0811589 0.89 
/home/antonkov/masterWork/tests/samePrefixMarkedMtx2304/depth4/node0/test1_11.mtx 1.1 431.883 0.0691363 0.8 
/home/antonkov/masterWork/tests/samePrefixMarkedMtx2304/depth4/node0/test1_11.mtx 1.2 406.219 0.0571918 0.72 
/home/antonkov/masterWork/tests/samePrefixMarkedMtx2304/depth4/node0/test1_11.mtx 1.3 385.912 0.0391667 0.5 
/home/antonkov/masterWork/tests/samePrefixMarkedMtx2304/depth4/node0/test1_11.mtx 1.4 493.734 0.0262413 0.35 
/home/antonkov/masterWork/tests/samePrefixMarkedMtx2304/depth4/node0/test1_11.mtx 1.5 546.781 0.0144748 0.203333 
/home/antonkov/masterWork/tests/samePrefixMarkedMtx2304/depth4/node0/test1_11.mtx 1.6 675.71 0.00713715 0.102 
/home/antonkov/masterWork/tests/samePrefixMarkedMtx2304/depth4/node0/test1_11.mtx 1.7 993.976 0.00320352 0.0463636 
/home/antonkov/masterWork/tests/samePrefixMarkedMtx2304/depth4/node0/test1_11.mtx 1.8 1783.59 0.00136671 0.0196296 
/home/antonkov/masterWork/tests/samePrefixMarkedMtx2304/depth4/node0/test1_11.mtx 1.9 3439.48 0.000464345 0.00746269 
/home/antonkov/masterWork/tests/samePrefixMarkedMtx2304/depth4/node0/test1_11.mtx 2 0 -1 -1 
/home/antonkov/masterWork/tests/samePrefixMarkedMtx2304/depth4/node0/test1_11.mtx 2.1 0 -1 -1 
/home/antonkov/masterWork/tests/samePrefixMarkedMtx2304/depth4/node0/test1_11.mtx 2.2 0 -1 -1 
/home/antonkov/masterWork/tests/samePrefixMarkedMtx2304/depth4/node0/test1_11.mtx 2.3 0 -1 -1 
/home/antonkov/masterWork/tests/samePrefixMarkedMtx2304/depth4/node0/test1_11.mtx 2.4 0 -1 -1 
/home/antonkov/masterWork/tests/samePrefixMarkedMtx2304/depth4/node0/test1_11.mtx 2.5 0 -1 -1 
/home/antonkov/masterWork/tests/samePrefixMarkedMtx2304/depth4/node0/test1_11.mtx 2.6 0 -1 -1 
/home/antonkov/masterWork/tests/samePrefixMarkedMtx2304/depth4/node0/test1_11.mtx 2.7 0 -1 -1 
/home/antonkov/masterWork/tests/samePrefixMarkedMtx2304/depth4/node0/test1_11.mtx 2.8 0 -1 -1 
/home/antonkov/masterWork/tests/samePrefixMarkedMtx2304/depth4/node0/test1_11.mtx 2.9 0 -1 -1 
/home/antonkov/masterWork/tests/samePrefixMarkedMtx2304/depth4/node0/test1_11.mtx 3 0 -1 -1 
/home/antonkov/masterWork/tests/samePrefixMarkedMtx2304/depth4/node0/test1_11.mtx 3.1 0 -1 -1 
/home/antonkov/masterWork/tests/samePrefixMarkedMtx2304/depth4/node0/test1_11.mtx 3.2 0 -1 -1 
/home/antonkov/masterWork/tests/samePrefixMarkedMtx2304/depth4/node0/test1_11.mtx 3.3 0 -1 -1 
/home/antonkov/masterWork/tests/samePrefixMarkedMtx2304/depth4/node0/test1_11.mtx 3.4 0 -1 -1 
/home/antonkov/masterWork/tests/samePrefixMarkedMtx2304/depth4/node0/test1_11.mtx 3.5 0 -1 -1 
/home/antonkov/masterWork/tests/samePrefixMarkedMtx2304/depth4/node0/test1_12.mtx 1 454.581 0.0798611 0.89 
/home/antonkov/masterWork/tests/samePrefixMarkedMtx2304/depth4/node0/test1_12.mtx 1.1 431.009 0.0654905 0.77 
/home/antonkov/masterWork/tests/samePrefixMarkedMtx2304/depth4/node0/test1_12.mtx 1.2 402.776 0.0495703 0.63 
/home/antonkov/masterWork/tests/samePrefixMarkedMtx2304/depth4/node0/test1_12.mtx 1.3 528.454 0.0383333 0.5 
/home/antonkov/masterWork/tests/samePrefixMarkedMtx2304/depth4/node0/test1_12.mtx 1.4 478.655 0.0228776 0.315 
/home/antonkov/masterWork/tests/samePrefixMarkedMtx2304/depth4/node0/test1_12.mtx 1.5 547.006 0.0131785 0.196667 
/home/antonkov/masterWork/tests/samePrefixMarkedMtx2304/depth4/node0/test1_12.mtx 1.6 659.404 0.00629253 0.102 
/home/antonkov/masterWork/tests/samePrefixMarkedMtx2304/depth4/node0/test1_12.mtx 1.7 1134.48 0.00274573 0.0407692 
/home/antonkov/masterWork/tests/samePrefixMarkedMtx2304/depth4/node0/test1_12.mtx 1.8 1731.15 0.00125551 0.02 
/home/antonkov/masterWork/tests/samePrefixMarkedMtx2304/depth4/node0/test1_12.mtx 1.9 4287.42 0.000378881 0.00588235 
/home/antonkov/masterWork/tests/samePrefixMarkedMtx2304/depth4/node0/test1_12.mtx 2 0 -1 -1 
/home/antonkov/masterWork/tests/samePrefixMarkedMtx2304/depth4/node0/test1_12.mtx 2.1 0 -1 -1 
/home/antonkov/masterWork/tests/samePrefixMarkedMtx2304/depth4/node0/test1_12.mtx 2.2 0 -1 -1 
/home/antonkov/masterWork/tests/samePrefixMarkedMtx2304/depth4/node0/test1_12.mtx 2.3 0 -1 -1 
/home/antonkov/masterWork/tests/samePrefixMarkedMtx2304/depth4/node0/test1_12.mtx 2.4 0 -1 -1 
/home/antonkov/masterWork/tests/samePrefixMarkedMtx2304/depth4/node0/test1_12.mtx 2.5 0 -1 -1 
/home/antonkov/masterWork/tests/samePrefixMarkedMtx2304/depth4/node0/test1_12.mtx 2.6 0 -1 -1 
/home/antonkov/masterWork/tests/samePrefixMarkedMtx2304/depth4/node0/test1_12.mtx 2.7 0 -1 -1 
/home/antonkov/masterWork/tests/samePrefixMarkedMtx2304/depth4/node0/test1_12.mtx 2.8 0 -1 -1 
/home/antonkov/masterWork/tests/samePrefixMarkedMtx2304/depth4/node0/test1_12.mtx 2.9 0 -1 -1 
/home/antonkov/masterWork/tests/samePrefixMarkedMtx2304/depth4/node0/test1_12.mtx 3 0 -1 -1 
/home/antonkov/masterWork/tests/samePrefixMarkedMtx2304/depth4/node0/test1_12.mtx 3.1 0 -1 -1 
/home/antonkov/masterWork/tests/samePrefixMarkedMtx2304/depth4/node0/test1_12.mtx 3.2 0 -1 -1 
/home/antonkov/masterWork/tests/samePrefixMarkedMtx2304/depth4/node0/test1_12.mtx 3.3 0 -1 -1 
/home/antonkov/masterWork/tests/samePrefixMarkedMtx2304/depth4/node0/test1_12.mtx 3.4 0 -1 -1 
/home/antonkov/masterWork/tests/samePrefixMarkedMtx2304/depth4/node0/test1_12.mtx 3.5 0 -1 -1 
/home/antonkov/masterWork/tests/samePrefixMarkedMtx2304/depth4/node0/test1_13.mtx 1 426.507 0.0795486 0.88 
/home/antonkov/masterWork/tests/samePrefixMarkedMtx2304/depth4/node0/test1_13.mtx 1.1 427.594 0.0672483 0.78 
/home/antonkov/masterWork/tests/samePrefixMarkedMtx2304/depth4/node0/test1_13.mtx 1.2 401.341 0.0539323 0.66 
/home/antonkov/masterWork/tests/samePrefixMarkedMtx2304/depth4/node0/test1_13.mtx 1.3 389.914 0.0381033 0.5 
/home/antonkov/masterWork/tests/samePrefixMarkedMtx2304/depth4/node0/test1_13.mtx 1.4 491.802 0.027181 0.34 
/home/antonkov/masterWork/tests/samePrefixMarkedMtx2304/depth4/node0/test1_13.mtx 1.5 550.086 0.0169502 0.223333 
/home/antonkov/masterWork/tests/samePrefixMarkedMtx2304/depth4/node0/test1_13.mtx 1.6 667.951 0.00827691 0.108 
/home/antonkov/masterWork/tests/samePrefixMarkedMtx2304/depth4/node0/test1_13.mtx 1.7 804.044 0.00438802 0.065 
/home/antonkov/masterWork/tests/samePrefixMarkedMtx2304/depth4/node0/test1_13.mtx 1.8 1328.94 0.00179519 0.03 
/home/antonkov/masterWork/tests/samePrefixMarkedMtx2304/depth4/node0/test1_13.mtx 1.9 3921.71 0.000416096 0.00671053 
/home/antonkov/masterWork/tests/samePrefixMarkedMtx2304/depth4/node0/test1_13.mtx 2 0 -1 -1 
/home/antonkov/masterWork/tests/samePrefixMarkedMtx2304/depth4/node0/test1_13.mtx 2.1 0 -1 -1 
/home/antonkov/masterWork/tests/samePrefixMarkedMtx2304/depth4/node0/test1_13.mtx 2.2 0 -1 -1 
/home/antonkov/masterWork/tests/samePrefixMarkedMtx2304/depth4/node0/test1_13.mtx 2.3 0 -1 -1 
/home/antonkov/masterWork/tests/samePrefixMarkedMtx2304/depth4/node0/test1_13.mtx 2.4 0 -1 -1 
/home/antonkov/masterWork/tests/samePrefixMarkedMtx2304/depth4/node0/test1_13.mtx 2.5 0 -1 -1 
/home/antonkov/masterWork/tests/samePrefixMarkedMtx2304/depth4/node0/test1_13.mtx 2.6 0 -1 -1 
/home/antonkov/masterWork/tests/samePrefixMarkedMtx2304/depth4/node0/test1_13.mtx 2.7 0 -1 -1 
/home/antonkov/masterWork/tests/samePrefixMarkedMtx2304/depth4/node0/test1_13.mtx 2.8 0 -1 -1 
/home/antonkov/masterWork/tests/samePrefixMarkedMtx2304/depth4/node0/test1_13.mtx 2.9 0 -1 -1 
/home/antonkov/masterWork/tests/samePrefixMarkedMtx2304/depth4/node0/test1_13.mtx 3 0 -1 -1 
/home/antonkov/masterWork/tests/samePrefixMarkedMtx2304/depth4/node0/test1_13.mtx 3.1 0 -1 -1 
/home/antonkov/masterWork/tests/samePrefixMarkedMtx2304/depth4/node0/test1_13.mtx 3.2 0 -1 -1 
/home/antonkov/masterWork/tests/samePrefixMarkedMtx2304/depth4/node0/test1_13.mtx 3.3 0 -1 -1 
/home/antonkov/masterWork/tests/samePrefixMarkedMtx2304/depth4/node0/test1_13.mtx 3.4 0 -1 -1 
/home/antonkov/masterWork/tests/samePrefixMarkedMtx2304/depth4/node0/test1_13.mtx 3.5 0 -1 -1 
/home/antonkov/masterWork/tests/samePrefixMarkedMtx2304/depth4/node0/test1_14.mtx 1 479.909 0.0820703 0.89 
/home/antonkov/masterWork/tests/samePrefixMarkedMtx2304/depth4/node0/test1_14.mtx 1.1 424.472 0.0668316 0.75 
/home/antonkov/masterWork/tests/samePrefixMarkedMtx2304/depth4/node0/test1_14.mtx 1.2 402.097 0.054158 0.63 
/home/antonkov/masterWork/tests/samePrefixMarkedMtx2304/depth4/node0/test1_14.mtx 1.3 388.627 0.0409245 0.5 
/home/antonkov/masterWork/tests/samePrefixMarkedMtx2304/depth4/node0/test1_14.mtx 1.4 486.269 0.0268012 0.345 
/home/antonkov/masterWork/tests/samePrefixMarkedMtx2304/depth4/node0/test1_14.mtx 1.5 571.974 0.0158565 0.213333 
/home/antonkov/masterWork/tests/samePrefixMarkedMtx2304/depth4/node0/test1_14.mtx 1.6 691.912 0.0078342 0.116 
/home/antonkov/masterWork/tests/samePrefixMarkedMtx2304/depth4/node0/test1_14.mtx 1.7 987.658 0.0029944 0.0481818 
/home/antonkov/masterWork/tests/samePrefixMarkedMtx2304/depth4/node0/test1_14.mtx 1.8 1718.77 0.00131427 0.02 
/home/antonkov/masterWork/tests/samePrefixMarkedMtx2304/depth4/node0/test1_14.mtx 1.9 4012.8 0.000393066 0.006375 
/home/antonkov/masterWork/tests/samePrefixMarkedMtx2304/depth4/node0/test1_14.mtx 2 0 -1 -1 
/home/antonkov/masterWork/tests/samePrefixMarkedMtx2304/depth4/node0/test1_14.mtx 2.1 0 -1 -1 
/home/antonkov/masterWork/tests/samePrefixMarkedMtx2304/depth4/node0/test1_14.mtx 2.2 0 -1 -1 
/home/antonkov/masterWork/tests/samePrefixMarkedMtx2304/depth4/node0/test1_14.mtx 2.3 0 -1 -1 
/home/antonkov/masterWork/tests/samePrefixMarkedMtx2304/depth4/node0/test1_14.mtx 2.4 0 -1 -1 
/home/antonkov/masterWork/tests/samePrefixMarkedMtx2304/depth4/node0/test1_14.mtx 2.5 0 -1 -1 
/home/antonkov/masterWork/tests/samePrefixMarkedMtx2304/depth4/node0/test1_14.mtx 2.6 0 -1 -1 
/home/antonkov/masterWork/tests/samePrefixMarkedMtx2304/depth4/node0/test1_14.mtx 2.7 0 -1 -1 
/home/antonkov/masterWork/tests/samePrefixMarkedMtx2304/depth4/node0/test1_14.mtx 2.8 0 -1 -1 
/home/antonkov/masterWork/tests/samePrefixMarkedMtx2304/depth4/node0/test1_14.mtx 2.9 0 -1 -1 
/home/antonkov/masterWork/tests/samePrefixMarkedMtx2304/depth4/node0/test1_14.mtx 3 0 -1 -1 
/home/antonkov/masterWork/tests/samePrefixMarkedMtx2304/depth4/node0/test1_14.mtx 3.1 0 -1 -1 
/home/antonkov/masterWork/tests/samePrefixMarkedMtx2304/depth4/node0/test1_14.mtx 3.2 0 -1 -1 
/home/antonkov/masterWork/tests/samePrefixMarkedMtx2304/depth4/node0/test1_14.mtx 3.3 0 -1 -1 
/home/antonkov/masterWork/tests/samePrefixMarkedMtx2304/depth4/node0/test1_14.mtx 3.4 0 -1 -1 
/home/antonkov/masterWork/tests/samePrefixMarkedMtx2304/depth4/node0/test1_14.mtx 3.5 0 -1 -1 
