Results
Filename SNR Time(ms) BER FER
/home/antonkov/masterWork/tests/samePrefixMarkedMtx/depth4/node0/test0_0.mtx 1 127.133 0.0774653 0.77 
/home/antonkov/masterWork/tests/samePrefixMarkedMtx/depth4/node0/test0_0.mtx 1.1 109.181 0.0696094 0.735 
/home/antonkov/masterWork/tests/samePrefixMarkedMtx/depth4/node0/test0_0.mtx 1.2 97.4164 0.0604253 0.655 
/home/antonkov/masterWork/tests/samePrefixMarkedMtx/depth4/node0/test0_0.mtx 1.3 91.7654 0.0517882 0.575 
/home/antonkov/masterWork/tests/samePrefixMarkedMtx/depth4/node0/test0_0.mtx 1.4 122.035 0.04114 0.48 
/home/antonkov/masterWork/tests/samePrefixMarkedMtx/depth4/node0/test0_0.mtx 1.5 109.752 0.0330266 0.386667 
/home/antonkov/masterWork/tests/samePrefixMarkedMtx/depth4/node0/test0_0.mtx 1.6 125.155 0.0262891 0.3225 
/home/antonkov/masterWork/tests/samePrefixMarkedMtx/depth4/node0/test0_0.mtx 1.7 136.69 0.0189965 0.234 
/home/antonkov/masterWork/tests/samePrefixMarkedMtx/depth4/node0/test0_0.mtx 1.8 142.121 0.0141927 0.178333 
/home/antonkov/masterWork/tests/samePrefixMarkedMtx/depth4/node0/test0_0.mtx 1.9 170.153 0.0100629 0.13125 
/home/antonkov/masterWork/tests/samePrefixMarkedMtx/depth4/node0/test0_0.mtx 2 206.291 0.00741951 0.0945455 
/home/antonkov/masterWork/tests/samePrefixMarkedMtx/depth4/node0/test0_0.mtx 2.1 266.404 0.00486762 0.06375 
/home/antonkov/masterWork/tests/samePrefixMarkedMtx/depth4/node0/test0_0.mtx 2.2 381.511 0.00282919 0.0396154 
/home/antonkov/masterWork/tests/samePrefixMarkedMtx/depth4/node0/test0_0.mtx 2.3 544.154 0.00168048 0.0229545 
/home/antonkov/masterWork/tests/samePrefixMarkedMtx/depth4/node0/test0_0.mtx 2.4 849.951 0.000998486 0.0129487 
/home/antonkov/masterWork/tests/samePrefixMarkedMtx/depth4/node0/test0_0.mtx 2.5 1233.35 0.000601264 0.0078125 
/home/antonkov/masterWork/tests/samePrefixMarkedMtx/depth4/node0/test0_0.mtx 2.6 1629.35 0.000378198 0.00531579 
/home/antonkov/masterWork/tests/samePrefixMarkedMtx/depth4/node0/test0_0.mtx 2.7 2792.32 0.000182198 0.0027027 
/home/antonkov/masterWork/tests/samePrefixMarkedMtx/depth4/node0/test0_0.mtx 2.8 4289.22 9.75991e-05 0.00155039 
/home/antonkov/masterWork/tests/samePrefixMarkedMtx/depth4/node0/test0_0.mtx 2.9 8475.25 4.04539e-05 0.000683527 
/home/antonkov/masterWork/tests/samePrefixMarkedMtx/depth4/node0/test0_0.mtx 3 0 -1 -1 
/home/antonkov/masterWork/tests/samePrefixMarkedMtx/depth4/node0/test0_0.mtx 3.1 0 -1 -1 
/home/antonkov/masterWork/tests/samePrefixMarkedMtx/depth4/node0/test0_0.mtx 3.2 0 -1 -1 
/home/antonkov/masterWork/tests/samePrefixMarkedMtx/depth4/node0/test0_0.mtx 3.3 0 -1 -1 
/home/antonkov/masterWork/tests/samePrefixMarkedMtx/depth4/node0/test0_0.mtx 3.4 0 -1 -1 
/home/antonkov/masterWork/tests/samePrefixMarkedMtx/depth4/node0/test0_0.mtx 3.5 0 -1 -1 
/home/antonkov/masterWork/tests/samePrefixMarkedMtx/depth4/node0/test0_1.mtx 1 109.21 0.0755208 0.775 
/home/antonkov/masterWork/tests/samePrefixMarkedMtx/depth4/node0/test0_1.mtx 1.1 102.266 0.0661198 0.685 
/home/antonkov/masterWork/tests/samePrefixMarkedMtx/depth4/node0/test0_1.mtx 1.2 95.5557 0.0563194 0.59 
/home/antonkov/masterWork/tests/samePrefixMarkedMtx/depth4/node0/test0_1.mtx 1.3 90.443 0.0480903 0.52 
/home/antonkov/masterWork/tests/samePrefixMarkedMtx/depth4/node0/test0_1.mtx 1.4 116.939 0.0394734 0.446667 
/home/antonkov/masterWork/tests/samePrefixMarkedMtx/depth4/node0/test0_1.mtx 1.5 110.753 0.0299537 0.353333 
/home/antonkov/masterWork/tests/samePrefixMarkedMtx/depth4/node0/test0_1.mtx 1.6 130.061 0.0234375 0.2825 
/home/antonkov/masterWork/tests/samePrefixMarkedMtx/depth4/node0/test0_1.mtx 1.7 137.276 0.017066 0.214 
/home/antonkov/masterWork/tests/samePrefixMarkedMtx/depth4/node0/test0_1.mtx 1.8 142.109 0.0136314 0.168333 
/home/antonkov/masterWork/tests/samePrefixMarkedMtx/depth4/node0/test0_1.mtx 1.9 185.092 0.00937114 0.116667 
/home/antonkov/masterWork/tests/samePrefixMarkedMtx/depth4/node0/test0_1.mtx 2 206.236 0.00707071 0.0918182 
/home/antonkov/masterWork/tests/samePrefixMarkedMtx/depth4/node0/test0_1.mtx 2.1 282.085 0.00445159 0.0605882 
/home/antonkov/masterWork/tests/samePrefixMarkedMtx/depth4/node0/test0_1.mtx 2.2 392.326 0.00284401 0.0385185 
/home/antonkov/masterWork/tests/samePrefixMarkedMtx/depth4/node0/test0_1.mtx 2.3 536.815 0.00169354 0.0242857 
/home/antonkov/masterWork/tests/samePrefixMarkedMtx/depth4/node0/test0_1.mtx 2.4 742.736 0.00115858 0.015625 
/home/antonkov/masterWork/tests/samePrefixMarkedMtx/depth4/node0/test0_1.mtx 2.5 1150.68 0.000568086 0.00869565 
/home/antonkov/masterWork/tests/samePrefixMarkedMtx/depth4/node0/test0_1.mtx 2.6 1870.19 0.000301988 0.00458716 
/home/antonkov/masterWork/tests/samePrefixMarkedMtx/depth4/node0/test0_1.mtx 2.7 2566.51 0.000202206 0.00294118 
/home/antonkov/masterWork/tests/samePrefixMarkedMtx/depth4/node0/test0_1.mtx 2.8 4696.05 8.88553e-05 0.00142248 
/home/antonkov/masterWork/tests/samePrefixMarkedMtx/depth4/node0/test0_1.mtx 2.9 6669.95 5.40036e-05 0.000915685 
/home/antonkov/masterWork/tests/samePrefixMarkedMtx/depth4/node0/test0_1.mtx 3 0 -1 -1 
/home/antonkov/masterWork/tests/samePrefixMarkedMtx/depth4/node0/test0_1.mtx 3.1 0 -1 -1 
/home/antonkov/masterWork/tests/samePrefixMarkedMtx/depth4/node0/test0_1.mtx 3.2 0 -1 -1 
/home/antonkov/masterWork/tests/samePrefixMarkedMtx/depth4/node0/test0_1.mtx 3.3 0 -1 -1 
/home/antonkov/masterWork/tests/samePrefixMarkedMtx/depth4/node0/test0_1.mtx 3.4 0 -1 -1 
/home/antonkov/masterWork/tests/samePrefixMarkedMtx/depth4/node0/test0_1.mtx 3.5 0 -1 -1 
/home/antonkov/masterWork/tests/samePrefixMarkedMtx/depth4/node0/test0_2.mtx 1 109.926 0.079401 0.805 
/home/antonkov/masterWork/tests/samePrefixMarkedMtx/depth4/node0/test0_2.mtx 1.1 101.005 0.0669878 0.705 
/home/antonkov/masterWork/tests/samePrefixMarkedMtx/depth4/node0/test0_2.mtx 1.2 94.5043 0.0573698 0.605 
/home/antonkov/masterWork/tests/samePrefixMarkedMtx/depth4/node0/test0_2.mtx 1.3 91.6039 0.0482465 0.53 
/home/antonkov/masterWork/tests/samePrefixMarkedMtx/depth4/node0/test0_2.mtx 1.4 115.582 0.0396933 0.436667 
/home/antonkov/masterWork/tests/samePrefixMarkedMtx/depth4/node0/test0_2.mtx 1.5 106.079 0.0302083 0.343333 
/home/antonkov/masterWork/tests/samePrefixMarkedMtx/depth4/node0/test0_2.mtx 1.6 116.823 0.0225868 0.2525 
/home/antonkov/masterWork/tests/samePrefixMarkedMtx/depth4/node0/test0_2.mtx 1.7 128.971 0.0169792 0.2 
/home/antonkov/masterWork/tests/samePrefixMarkedMtx/depth4/node0/test0_2.mtx 1.8 160.525 0.0115526 0.147143 
/home/antonkov/masterWork/tests/samePrefixMarkedMtx/depth4/node0/test0_2.mtx 1.9 185.889 0.0089429 0.113333 
/home/antonkov/masterWork/tests/samePrefixMarkedMtx/depth4/node0/test0_2.mtx 2 238.236 0.0061031 0.0769231 
/home/antonkov/masterWork/tests/samePrefixMarkedMtx/depth4/node0/test0_2.mtx 2.1 297.717 0.00412809 0.0566667 
/home/antonkov/masterWork/tests/samePrefixMarkedMtx/depth4/node0/test0_2.mtx 2.2 391.036 0.00274306 0.037037 
/home/antonkov/masterWork/tests/samePrefixMarkedMtx/depth4/node0/test0_2.mtx 2.3 588.092 0.00162234 0.0217021 
/home/antonkov/masterWork/tests/samePrefixMarkedMtx/depth4/node0/test0_2.mtx 2.4 760.226 0.00105443 0.0147059 
/home/antonkov/masterWork/tests/samePrefixMarkedMtx/depth4/node0/test0_2.mtx 2.5 1156.04 0.000613871 0.00863248 
/home/antonkov/masterWork/tests/samePrefixMarkedMtx/depth4/node0/test0_2.mtx 2.6 1864.28 0.000309963 0.00456621 
/home/antonkov/masterWork/tests/samePrefixMarkedMtx/depth4/node0/test0_2.mtx 2.7 2710.84 0.000185233 0.00277778 
/home/antonkov/masterWork/tests/samePrefixMarkedMtx/depth4/node0/test0_2.mtx 2.8 4425.62 9.58467e-05 0.00148368 
/home/antonkov/masterWork/tests/samePrefixMarkedMtx/depth4/node0/test0_2.mtx 2.9 7856.19 4.49598e-05 0.000747384 
/home/antonkov/masterWork/tests/samePrefixMarkedMtx/depth4/node0/test0_2.mtx 3 0 -1 -1 
/home/antonkov/masterWork/tests/samePrefixMarkedMtx/depth4/node0/test0_2.mtx 3.1 0 -1 -1 
/home/antonkov/masterWork/tests/samePrefixMarkedMtx/depth4/node0/test0_2.mtx 3.2 0 -1 -1 
/home/antonkov/masterWork/tests/samePrefixMarkedMtx/depth4/node0/test0_2.mtx 3.3 0 -1 -1 
/home/antonkov/masterWork/tests/samePrefixMarkedMtx/depth4/node0/test0_2.mtx 3.4 0 -1 -1 
/home/antonkov/masterWork/tests/samePrefixMarkedMtx/depth4/node0/test0_2.mtx 3.5 0 -1 -1 
/home/antonkov/masterWork/tests/samePrefixMarkedMtx/depth4/node0/test0_3.mtx 1 107.148 0.0745573 0.755 
/home/antonkov/masterWork/tests/samePrefixMarkedMtx/depth4/node0/test0_3.mtx 1.1 97.7419 0.0653038 0.685 
/home/antonkov/masterWork/tests/samePrefixMarkedMtx/depth4/node0/test0_3.mtx 1.2 93.0097 0.0571701 0.625 
/home/antonkov/masterWork/tests/samePrefixMarkedMtx/depth4/node0/test0_3.mtx 1.3 89.1361 0.047309 0.535 
/home/antonkov/masterWork/tests/samePrefixMarkedMtx/depth4/node0/test0_3.mtx 1.4 115.937 0.0409954 0.473333 
/home/antonkov/masterWork/tests/samePrefixMarkedMtx/depth4/node0/test0_3.mtx 1.5 108.27 0.0323727 0.383333 
/home/antonkov/masterWork/tests/samePrefixMarkedMtx/depth4/node0/test0_3.mtx 1.6 128.157 0.0254557 0.31 
/home/antonkov/masterWork/tests/samePrefixMarkedMtx/depth4/node0/test0_3.mtx 1.7 135.517 0.0172674 0.222 
/home/antonkov/masterWork/tests/samePrefixMarkedMtx/depth4/node0/test0_3.mtx 1.8 146.022 0.0146904 0.191667 
/home/antonkov/masterWork/tests/samePrefixMarkedMtx/depth4/node0/test0_3.mtx 1.9 168.268 0.00915148 0.12625 
/home/antonkov/masterWork/tests/samePrefixMarkedMtx/depth4/node0/test0_3.mtx 2 205.278 0.00651989 0.0936364 
/home/antonkov/masterWork/tests/samePrefixMarkedMtx/depth4/node0/test0_3.mtx 2.1 273.994 0.00468316 0.064375 
/home/antonkov/masterWork/tests/samePrefixMarkedMtx/depth4/node0/test0_3.mtx 2.2 379.602 0.002709 0.0388462 
/home/antonkov/masterWork/tests/samePrefixMarkedMtx/depth4/node0/test0_3.mtx 2.3 529.6 0.00164757 0.025 
/home/antonkov/masterWork/tests/samePrefixMarkedMtx/depth4/node0/test0_3.mtx 2.4 908.955 0.000857205 0.01275 
/home/antonkov/masterWork/tests/samePrefixMarkedMtx/depth4/node0/test0_3.mtx 2.5 1187.65 0.000547169 0.00847458 
/home/antonkov/masterWork/tests/samePrefixMarkedMtx/depth4/node0/test0_3.mtx 2.6 1664.07 0.000333535 0.00529101 
/home/antonkov/masterWork/tests/samePrefixMarkedMtx/depth4/node0/test0_3.mtx 2.7 2685.72 0.000169473 0.00290698 
/home/antonkov/masterWork/tests/samePrefixMarkedMtx/depth4/node0/test0_3.mtx 2.8 3705.64 9.48987e-05 0.0018985 
/home/antonkov/masterWork/tests/samePrefixMarkedMtx/depth4/node0/test0_3.mtx 2.9 4631.44 5.74399e-05 0.00137741 
/home/antonkov/masterWork/tests/samePrefixMarkedMtx/depth4/node0/test0_3.mtx 3 7616.27 2.61008e-05 0.000757002 
/home/antonkov/masterWork/tests/samePrefixMarkedMtx/depth4/node0/test0_3.mtx 3.1 0 -1 -1 
/home/antonkov/masterWork/tests/samePrefixMarkedMtx/depth4/node0/test0_3.mtx 3.2 0 -1 -1 
/home/antonkov/masterWork/tests/samePrefixMarkedMtx/depth4/node0/test0_3.mtx 3.3 0 -1 -1 
/home/antonkov/masterWork/tests/samePrefixMarkedMtx/depth4/node0/test0_3.mtx 3.4 0 -1 -1 
/home/antonkov/masterWork/tests/samePrefixMarkedMtx/depth4/node0/test0_3.mtx 3.5 0 -1 -1 
/home/antonkov/masterWork/tests/samePrefixMarkedMtx/depth4/node0/test0_4.mtx 1 106.848 0.0782205 0.785 
/home/antonkov/masterWork/tests/samePrefixMarkedMtx/depth4/node0/test0_4.mtx 1.1 102.934 0.0696701 0.73 
/home/antonkov/masterWork/tests/samePrefixMarkedMtx/depth4/node0/test0_4.mtx 1.2 96.3622 0.061059 0.63 
/home/antonkov/masterWork/tests/samePrefixMarkedMtx/depth4/node0/test0_4.mtx 1.3 92.147 0.0512934 0.55 
/home/antonkov/masterWork/tests/samePrefixMarkedMtx/depth4/node0/test0_4.mtx 1.4 111.7 0.0409664 0.45 
/home/antonkov/masterWork/tests/samePrefixMarkedMtx/depth4/node0/test0_4.mtx 1.5 108.604 0.0346933 0.393333 
/home/antonkov/masterWork/tests/samePrefixMarkedMtx/depth4/node0/test0_4.mtx 1.6 124.506 0.0264106 0.3125 
/home/antonkov/masterWork/tests/samePrefixMarkedMtx/depth4/node0/test0_4.mtx 1.7 136.184 0.0194722 0.236 
/home/antonkov/masterWork/tests/samePrefixMarkedMtx/depth4/node0/test0_4.mtx 1.8 147.455 0.0140394 0.176667 
/home/antonkov/masterWork/tests/samePrefixMarkedMtx/depth4/node0/test0_4.mtx 1.9 166.971 0.00990668 0.12875 
/home/antonkov/masterWork/tests/samePrefixMarkedMtx/depth4/node0/test0_4.mtx 2 209.05 0.00752999 0.0954545 
/home/antonkov/masterWork/tests/samePrefixMarkedMtx/depth4/node0/test0_4.mtx 2.1 280.563 0.0049349 0.063125 
/home/antonkov/masterWork/tests/samePrefixMarkedMtx/depth4/node0/test0_4.mtx 2.2 383.979 0.00298354 0.037037 
/home/antonkov/masterWork/tests/samePrefixMarkedMtx/depth4/node0/test0_4.mtx 2.3 618.349 0.00145521 0.0202 
/home/antonkov/masterWork/tests/samePrefixMarkedMtx/depth4/node0/test0_4.mtx 2.4 841.477 0.0010074 0.0131169 
/home/antonkov/masterWork/tests/samePrefixMarkedMtx/depth4/node0/test0_4.mtx 2.5 1189.47 0.000589007 0.00821138 
/home/antonkov/masterWork/tests/samePrefixMarkedMtx/depth4/node0/test0_4.mtx 2.6 2010.69 0.000302127 0.00414938 
/home/antonkov/masterWork/tests/samePrefixMarkedMtx/depth4/node0/test0_4.mtx 2.7 2820.06 0.000170093 0.00263158 
/home/antonkov/masterWork/tests/samePrefixMarkedMtx/depth4/node0/test0_4.mtx 2.8 4875.97 8.53472e-05 0.00133333 
/home/antonkov/masterWork/tests/samePrefixMarkedMtx/depth4/node0/test0_4.mtx 2.9 8296.5 4.5173e-05 0.000700771 
/home/antonkov/masterWork/tests/samePrefixMarkedMtx/depth4/node0/test0_4.mtx 3 0 -1 -1 
/home/antonkov/masterWork/tests/samePrefixMarkedMtx/depth4/node0/test0_4.mtx 3.1 0 -1 -1 
/home/antonkov/masterWork/tests/samePrefixMarkedMtx/depth4/node0/test0_4.mtx 3.2 0 -1 -1 
/home/antonkov/masterWork/tests/samePrefixMarkedMtx/depth4/node0/test0_4.mtx 3.3 0 -1 -1 
/home/antonkov/masterWork/tests/samePrefixMarkedMtx/depth4/node0/test0_4.mtx 3.4 0 -1 -1 
/home/antonkov/masterWork/tests/samePrefixMarkedMtx/depth4/node0/test0_4.mtx 3.5 0 -1 -1 
/home/antonkov/masterWork/tests/samePrefixMarkedMtx/depth4/node0/test1_0.mtx 1 102.924 0.0762153 0.765 
/home/antonkov/masterWork/tests/samePrefixMarkedMtx/depth4/node0/test1_0.mtx 1.1 97.478 0.0655642 0.68 
/home/antonkov/masterWork/tests/samePrefixMarkedMtx/depth4/node0/test1_0.mtx 1.2 93.0201 0.0567795 0.59 
/home/antonkov/masterWork/tests/samePrefixMarkedMtx/depth4/node0/test1_0.mtx 1.3 86.888 0.0492622 0.525 
/home/antonkov/masterWork/tests/samePrefixMarkedMtx/depth4/node0/test1_0.mtx 1.4 114.623 0.0389468 0.43 
/home/antonkov/masterWork/tests/samePrefixMarkedMtx/depth4/node0/test1_0.mtx 1.5 104.009 0.0317014 0.35 
/home/antonkov/masterWork/tests/samePrefixMarkedMtx/depth4/node0/test1_0.mtx 1.6 118.914 0.0232986 0.265 
/home/antonkov/masterWork/tests/samePrefixMarkedMtx/depth4/node0/test1_0.mtx 1.7 129.087 0.017625 0.204 
/home/antonkov/masterWork/tests/samePrefixMarkedMtx/depth4/node0/test1_0.mtx 1.8 157.005 0.0127753 0.152857 
/home/antonkov/masterWork/tests/samePrefixMarkedMtx/depth4/node0/test1_0.mtx 1.9 178.66 0.0094946 0.113333 
/home/antonkov/masterWork/tests/samePrefixMarkedMtx/depth4/node0/test1_0.mtx 2 218.733 0.0067419 0.0841667 
/home/antonkov/masterWork/tests/samePrefixMarkedMtx/depth4/node0/test1_0.mtx 2.1 297.251 0.00390625 0.0526316 
/home/antonkov/masterWork/tests/samePrefixMarkedMtx/depth4/node0/test1_0.mtx 2.2 445.585 0.0024924 0.031875 
/home/antonkov/masterWork/tests/samePrefixMarkedMtx/depth4/node0/test1_0.mtx 2.3 609.941 0.00144688 0.0202 
/home/antonkov/masterWork/tests/samePrefixMarkedMtx/depth4/node0/test1_0.mtx 2.4 965.822 0.000814292 0.0108602 
/home/antonkov/masterWork/tests/samePrefixMarkedMtx/depth4/node0/test1_0.mtx 2.5 1222.49 0.000572109 0.00775194 
/home/antonkov/masterWork/tests/samePrefixMarkedMtx/depth4/node0/test1_0.mtx 2.6 2027.39 0.00028201 0.00417355 
/home/antonkov/masterWork/tests/samePrefixMarkedMtx/depth4/node0/test1_0.mtx 2.7 2725.59 0.000195229 0.00275482 
/home/antonkov/masterWork/tests/samePrefixMarkedMtx/depth4/node0/test1_0.mtx 2.8 5273.62 7.93773e-05 0.00124538 
/home/antonkov/masterWork/tests/samePrefixMarkedMtx/depth4/node0/test1_0.mtx 2.9 8384.66 3.9766e-05 0.000686813 
/home/antonkov/masterWork/tests/samePrefixMarkedMtx/depth4/node0/test1_0.mtx 3 0 -1 -1 
/home/antonkov/masterWork/tests/samePrefixMarkedMtx/depth4/node0/test1_0.mtx 3.1 0 -1 -1 
/home/antonkov/masterWork/tests/samePrefixMarkedMtx/depth4/node0/test1_0.mtx 3.2 0 -1 -1 
/home/antonkov/masterWork/tests/samePrefixMarkedMtx/depth4/node0/test1_0.mtx 3.3 0 -1 -1 
/home/antonkov/masterWork/tests/samePrefixMarkedMtx/depth4/node0/test1_0.mtx 3.4 0 -1 -1 
/home/antonkov/masterWork/tests/samePrefixMarkedMtx/depth4/node0/test1_0.mtx 3.5 0 -1 -1 
/home/antonkov/masterWork/tests/samePrefixMarkedMtx/depth4/node0/test1_1.mtx 1 105.197 0.0780208 0.78 
/home/antonkov/masterWork/tests/samePrefixMarkedMtx/depth4/node0/test1_1.mtx 1.1 102.123 0.0676215 0.715 
/home/antonkov/masterWork/tests/samePrefixMarkedMtx/depth4/node0/test1_1.mtx 1.2 92.3892 0.0564497 0.605 
/home/antonkov/masterWork/tests/samePrefixMarkedMtx/depth4/node0/test1_1.mtx 1.3 89.804 0.0477604 0.525 
/home/antonkov/masterWork/tests/samePrefixMarkedMtx/depth4/node0/test1_1.mtx 1.4 112.553 0.0389988 0.44 
/home/antonkov/masterWork/tests/samePrefixMarkedMtx/depth4/node0/test1_1.mtx 1.5 109.029 0.0300926 0.373333 
/home/antonkov/masterWork/tests/samePrefixMarkedMtx/depth4/node0/test1_1.mtx 1.6 122.268 0.0200868 0.255 
/home/antonkov/masterWork/tests/samePrefixMarkedMtx/depth4/node0/test1_1.mtx 1.7 155.085 0.0163513 0.198333 
/home/antonkov/masterWork/tests/samePrefixMarkedMtx/depth4/node0/test1_1.mtx 1.8 156.452 0.0120883 0.15 
/home/antonkov/masterWork/tests/samePrefixMarkedMtx/depth4/node0/test1_1.mtx 1.9 199.063 0.00811632 0.103 
/home/antonkov/masterWork/tests/samePrefixMarkedMtx/depth4/node0/test1_1.mtx 2 241.375 0.00619257 0.0784615 
/home/antonkov/masterWork/tests/samePrefixMarkedMtx/depth4/node0/test1_1.mtx 2.1 314.424 0.00373177 0.0505 
/home/antonkov/masterWork/tests/samePrefixMarkedMtx/depth4/node0/test1_1.mtx 2.2 477.773 0.00230699 0.0302941 
/home/antonkov/masterWork/tests/samePrefixMarkedMtx/depth4/node0/test1_1.mtx 2.3 596.605 0.00150249 0.0217391 
/home/antonkov/masterWork/tests/samePrefixMarkedMtx/depth4/node0/test1_1.mtx 2.4 883.648 0.000874909 0.0132895 
/home/antonkov/masterWork/tests/samePrefixMarkedMtx/depth4/node0/test1_1.mtx 2.5 1435.68 0.000458847 0.00704225 
/home/antonkov/masterWork/tests/samePrefixMarkedMtx/depth4/node0/test1_1.mtx 2.6 2044.72 0.000264565 0.00446903 
/home/antonkov/masterWork/tests/samePrefixMarkedMtx/depth4/node0/test1_1.mtx 2.7 3039.08 0.00015275 0.00270557 
/home/antonkov/masterWork/tests/samePrefixMarkedMtx/depth4/node0/test1_1.mtx 2.8 4567.01 8.80612e-05 0.00158805 
/home/antonkov/masterWork/tests/samePrefixMarkedMtx/depth4/node0/test1_1.mtx 2.9 6128.32 5.2528e-05 0.00107791 
/home/antonkov/masterWork/tests/samePrefixMarkedMtx/depth4/node0/test1_1.mtx 3 11178.2 2.74328e-05 0.000534188 
/home/antonkov/masterWork/tests/samePrefixMarkedMtx/depth4/node0/test1_1.mtx 3.1 0 -1 -1 
/home/antonkov/masterWork/tests/samePrefixMarkedMtx/depth4/node0/test1_1.mtx 3.2 0 -1 -1 
/home/antonkov/masterWork/tests/samePrefixMarkedMtx/depth4/node0/test1_1.mtx 3.3 0 -1 -1 
/home/antonkov/masterWork/tests/samePrefixMarkedMtx/depth4/node0/test1_1.mtx 3.4 0 -1 -1 
/home/antonkov/masterWork/tests/samePrefixMarkedMtx/depth4/node0/test1_1.mtx 3.5 0 -1 -1 
/home/antonkov/masterWork/tests/samePrefixMarkedMtx/depth4/node0/test1_2.mtx 1 104.087 0.0755035 0.765 
/home/antonkov/masterWork/tests/samePrefixMarkedMtx/depth4/node0/test1_2.mtx 1.1 99.6044 0.0662413 0.705 
/home/antonkov/masterWork/tests/samePrefixMarkedMtx/depth4/node0/test1_2.mtx 1.2 94.3587 0.0580816 0.615 
/home/antonkov/masterWork/tests/samePrefixMarkedMtx/depth4/node0/test1_2.mtx 1.3 87.7231 0.0484635 0.53 
/home/antonkov/masterWork/tests/samePrefixMarkedMtx/depth4/node0/test1_2.mtx 1.4 115.286 0.0374306 0.41 
/home/antonkov/masterWork/tests/samePrefixMarkedMtx/depth4/node0/test1_2.mtx 1.5 109.032 0.0309722 0.346667 
/home/antonkov/masterWork/tests/samePrefixMarkedMtx/depth4/node0/test1_2.mtx 1.6 123.51 0.0241016 0.295 
/home/antonkov/masterWork/tests/samePrefixMarkedMtx/depth4/node0/test1_2.mtx 1.7 134.236 0.0170313 0.214 
/home/antonkov/masterWork/tests/samePrefixMarkedMtx/depth4/node0/test1_2.mtx 1.8 180.363 0.0116341 0.14125 
/home/antonkov/masterWork/tests/samePrefixMarkedMtx/depth4/node0/test1_2.mtx 1.9 184.72 0.00882137 0.111111 
/home/antonkov/masterWork/tests/samePrefixMarkedMtx/depth4/node0/test1_2.mtx 2 251.912 0.00571553 0.0721429 
/home/antonkov/masterWork/tests/samePrefixMarkedMtx/depth4/node0/test1_2.mtx 2.1 355.362 0.00339825 0.043913 
/home/antonkov/masterWork/tests/samePrefixMarkedMtx/depth4/node0/test1_2.mtx 2.2 449.713 0.00233479 0.0325806 
/home/antonkov/masterWork/tests/samePrefixMarkedMtx/depth4/node0/test1_2.mtx 2.3 606.736 0.00146461 0.0212766 
/home/antonkov/masterWork/tests/samePrefixMarkedMtx/depth4/node0/test1_2.mtx 2.4 788.554 0.00101486 0.0148529 
/home/antonkov/masterWork/tests/samePrefixMarkedMtx/depth4/node0/test1_2.mtx 2.5 1216.8 0.000557002 0.00833333 
/home/antonkov/masterWork/tests/samePrefixMarkedMtx/depth4/node0/test1_2.mtx 2.6 1859.01 0.000314775 0.00485437 
/home/antonkov/masterWork/tests/samePrefixMarkedMtx/depth4/node0/test1_2.mtx 2.7 2753.79 0.000195753 0.00289855 
/home/antonkov/masterWork/tests/samePrefixMarkedMtx/depth4/node0/test1_2.mtx 2.8 4088.77 0.000107266 0.00175043 
/home/antonkov/masterWork/tests/samePrefixMarkedMtx/depth4/node0/test1_2.mtx 2.9 7088.19 5.25509e-05 0.000897666 
/home/antonkov/masterWork/tests/samePrefixMarkedMtx/depth4/node0/test1_2.mtx 3 0 -1 -1 
/home/antonkov/masterWork/tests/samePrefixMarkedMtx/depth4/node0/test1_2.mtx 3.1 0 -1 -1 
/home/antonkov/masterWork/tests/samePrefixMarkedMtx/depth4/node0/test1_2.mtx 3.2 0 -1 -1 
/home/antonkov/masterWork/tests/samePrefixMarkedMtx/depth4/node0/test1_2.mtx 3.3 0 -1 -1 
/home/antonkov/masterWork/tests/samePrefixMarkedMtx/depth4/node0/test1_2.mtx 3.4 0 -1 -1 
/home/antonkov/masterWork/tests/samePrefixMarkedMtx/depth4/node0/test1_2.mtx 3.5 0 -1 -1 
/home/antonkov/masterWork/tests/samePrefixMarkedMtx/depth4/node0/test1_3.mtx 1 108.542 0.0793316 0.805 
/home/antonkov/masterWork/tests/samePrefixMarkedMtx/depth4/node0/test1_3.mtx 1.1 98.8042 0.0659375 0.695 
/home/antonkov/masterWork/tests/samePrefixMarkedMtx/depth4/node0/test1_3.mtx 1.2 93.2519 0.0567969 0.6 
/home/antonkov/masterWork/tests/samePrefixMarkedMtx/depth4/node0/test1_3.mtx 1.3 88.0278 0.048724 0.53 
/home/antonkov/masterWork/tests/samePrefixMarkedMtx/depth4/node0/test1_3.mtx 1.4 112.804 0.0402083 0.456667 
/home/antonkov/masterWork/tests/samePrefixMarkedMtx/depth4/node0/test1_3.mtx 1.5 104.723 0.0323206 0.376667 
/home/antonkov/masterWork/tests/samePrefixMarkedMtx/depth4/node0/test1_3.mtx 1.6 121.905 0.0254123 0.3 
/home/antonkov/masterWork/tests/samePrefixMarkedMtx/depth4/node0/test1_3.mtx 1.7 129.972 0.016809 0.2 
/home/antonkov/masterWork/tests/samePrefixMarkedMtx/depth4/node0/test1_3.mtx 1.8 161.927 0.013631 0.16 
/home/antonkov/masterWork/tests/samePrefixMarkedMtx/depth4/node0/test1_3.mtx 1.9 166.528 0.0101562 0.125 
/home/antonkov/masterWork/tests/samePrefixMarkedMtx/depth4/node0/test1_3.mtx 2 218.405 0.00670573 0.0858333 
/home/antonkov/masterWork/tests/samePrefixMarkedMtx/depth4/node0/test1_3.mtx 2.1 308.539 0.00399123 0.0536842 
/home/antonkov/masterWork/tests/samePrefixMarkedMtx/depth4/node0/test1_3.mtx 2.2 412.218 0.00267361 0.0355172 
/home/antonkov/masterWork/tests/samePrefixMarkedMtx/depth4/node0/test1_3.mtx 2.3 656.17 0.0013807 0.0196226 
/home/antonkov/masterWork/tests/samePrefixMarkedMtx/depth4/node0/test1_3.mtx 2.4 893.169 0.000926569 0.0124691 
/home/antonkov/masterWork/tests/samePrefixMarkedMtx/depth4/node0/test1_3.mtx 2.5 1511.15 0.000446968 0.00621118 
/home/antonkov/masterWork/tests/samePrefixMarkedMtx/depth4/node0/test1_3.mtx 2.6 2165.47 0.000270149 0.00382576 
/home/antonkov/masterWork/tests/samePrefixMarkedMtx/depth4/node0/test1_3.mtx 2.7 3351.33 0.000146066 0.0021645 
/home/antonkov/masterWork/tests/samePrefixMarkedMtx/depth4/node0/test1_3.mtx 2.8 5181.37 8.39733e-05 0.00124533 
/home/antonkov/masterWork/tests/samePrefixMarkedMtx/depth4/node0/test1_3.mtx 2.9 8709.89 3.95824e-05 0.000661813 
/home/antonkov/masterWork/tests/samePrefixMarkedMtx/depth4/node0/test1_3.mtx 3 0 -1 -1 
/home/antonkov/masterWork/tests/samePrefixMarkedMtx/depth4/node0/test1_3.mtx 3.1 0 -1 -1 
/home/antonkov/masterWork/tests/samePrefixMarkedMtx/depth4/node0/test1_3.mtx 3.2 0 -1 -1 
/home/antonkov/masterWork/tests/samePrefixMarkedMtx/depth4/node0/test1_3.mtx 3.3 0 -1 -1 
/home/antonkov/masterWork/tests/samePrefixMarkedMtx/depth4/node0/test1_3.mtx 3.4 0 -1 -1 
/home/antonkov/masterWork/tests/samePrefixMarkedMtx/depth4/node0/test1_3.mtx 3.5 0 -1 -1 
/home/antonkov/masterWork/tests/samePrefixMarkedMtx/depth4/node0/test1_4.mtx 1 107.318 0.0767361 0.785 
/home/antonkov/masterWork/tests/samePrefixMarkedMtx/depth4/node0/test1_4.mtx 1.1 102.553 0.0680816 0.72 
/home/antonkov/masterWork/tests/samePrefixMarkedMtx/depth4/node0/test1_4.mtx 1.2 94.2312 0.0573958 0.615 
/home/antonkov/masterWork/tests/samePrefixMarkedMtx/depth4/node0/test1_4.mtx 1.3 90.2452 0.049809 0.545 
/home/antonkov/masterWork/tests/samePrefixMarkedMtx/depth4/node0/test1_4.mtx 1.4 113.263 0.0398437 0.46 
/home/antonkov/masterWork/tests/samePrefixMarkedMtx/depth4/node0/test1_4.mtx 1.5 105.019 0.0328762 0.383333 
/home/antonkov/masterWork/tests/samePrefixMarkedMtx/depth4/node0/test1_4.mtx 1.6 126.47 0.0237543 0.2825 
/home/antonkov/masterWork/tests/samePrefixMarkedMtx/depth4/node0/test1_4.mtx 1.7 132.76 0.0177431 0.21 
/home/antonkov/masterWork/tests/samePrefixMarkedMtx/depth4/node0/test1_4.mtx 1.8 159.726 0.0128993 0.16 
/home/antonkov/masterWork/tests/samePrefixMarkedMtx/depth4/node0/test1_4.mtx 1.9 191.297 0.00845486 0.103 
/home/antonkov/masterWork/tests/samePrefixMarkedMtx/depth4/node0/test1_4.mtx 2 233.482 0.00648371 0.0784615 
/home/antonkov/masterWork/tests/samePrefixMarkedMtx/depth4/node0/test1_4.mtx 2.1 301.106 0.0040599 0.0525 
/home/antonkov/masterWork/tests/samePrefixMarkedMtx/depth4/node0/test1_4.mtx 2.2 453.088 0.00225082 0.0294118 
/home/antonkov/masterWork/tests/samePrefixMarkedMtx/depth4/node0/test1_4.mtx 2.3 561.24 0.00152926 0.0212766 
/home/antonkov/masterWork/tests/samePrefixMarkedMtx/depth4/node0/test1_4.mtx 2.4 937.478 0.000817338 0.011236 
/home/antonkov/masterWork/tests/samePrefixMarkedMtx/depth4/node0/test1_4.mtx 2.5 1453.6 0.000445565 0.0063924 
/home/antonkov/masterWork/tests/samePrefixMarkedMtx/depth4/node0/test1_4.mtx 2.6 2026.42 0.000274447 0.00408163 
/home/antonkov/masterWork/tests/samePrefixMarkedMtx/depth4/node0/test1_4.mtx 2.7 2994.59 0.000165933 0.002457 
/home/antonkov/masterWork/tests/samePrefixMarkedMtx/depth4/node0/test1_4.mtx 2.8 4458.89 9.73083e-05 0.00145773 
/home/antonkov/masterWork/tests/samePrefixMarkedMtx/depth4/node0/test1_4.mtx 2.9 7461.33 4.97318e-05 0.000773994 
/home/antonkov/masterWork/tests/samePrefixMarkedMtx/depth4/node0/test1_4.mtx 3 0 -1 -1 
/home/antonkov/masterWork/tests/samePrefixMarkedMtx/depth4/node0/test1_4.mtx 3.1 0 -1 -1 
/home/antonkov/masterWork/tests/samePrefixMarkedMtx/depth4/node0/test1_4.mtx 3.2 0 -1 -1 
/home/antonkov/masterWork/tests/samePrefixMarkedMtx/depth4/node0/test1_4.mtx 3.3 0 -1 -1 
/home/antonkov/masterWork/tests/samePrefixMarkedMtx/depth4/node0/test1_4.mtx 3.4 0 -1 -1 
/home/antonkov/masterWork/tests/samePrefixMarkedMtx/depth4/node0/test1_4.mtx 3.5 0 -1 -1 
