Results
Filename SNR Time(ms) BER FER
/home/antonkov/masterWork/tests/samePrefixMarkedMtx/depth4/node1/test0_0.mtx 1 124.555 0.080217 0.78 
/home/antonkov/masterWork/tests/samePrefixMarkedMtx/depth4/node1/test0_0.mtx 1.1 104.311 0.070625 0.72 
/home/antonkov/masterWork/tests/samePrefixMarkedMtx/depth4/node1/test0_0.mtx 1.2 95.0141 0.0607465 0.64 
/home/antonkov/masterWork/tests/samePrefixMarkedMtx/depth4/node1/test0_0.mtx 1.3 89.5095 0.0534201 0.59 
/home/antonkov/masterWork/tests/samePrefixMarkedMtx/depth4/node1/test0_0.mtx 1.4 114.04 0.0393113 0.453333 
/home/antonkov/masterWork/tests/samePrefixMarkedMtx/depth4/node1/test0_0.mtx 1.5 107.658 0.0301678 0.37 
/home/antonkov/masterWork/tests/samePrefixMarkedMtx/depth4/node1/test0_0.mtx 1.6 118.123 0.0229297 0.28 
/home/antonkov/masterWork/tests/samePrefixMarkedMtx/depth4/node1/test0_0.mtx 1.7 129.171 0.0165174 0.202 
/home/antonkov/masterWork/tests/samePrefixMarkedMtx/depth4/node1/test0_0.mtx 1.8 159.869 0.0127059 0.152857 
/home/antonkov/masterWork/tests/samePrefixMarkedMtx/depth4/node1/test0_0.mtx 1.9 181.648 0.00926119 0.115556 
/home/antonkov/masterWork/tests/samePrefixMarkedMtx/depth4/node1/test0_0.mtx 2 236.01 0.00613916 0.0776923 
/home/antonkov/masterWork/tests/samePrefixMarkedMtx/depth4/node1/test0_0.mtx 2.1 315.25 0.00392708 0.054 
/home/antonkov/masterWork/tests/samePrefixMarkedMtx/depth4/node1/test0_0.mtx 2.2 404.243 0.00245833 0.0336667 
/home/antonkov/masterWork/tests/samePrefixMarkedMtx/depth4/node1/test0_0.mtx 2.3 583.205 0.00151946 0.02125 
/home/antonkov/masterWork/tests/samePrefixMarkedMtx/depth4/node1/test0_0.mtx 2.4 825.805 0.00094047 0.0132895 
/home/antonkov/masterWork/tests/samePrefixMarkedMtx/depth4/node1/test0_0.mtx 2.5 1221.53 0.000528489 0.00795276 
/home/antonkov/masterWork/tests/samePrefixMarkedMtx/depth4/node1/test0_0.mtx 2.6 1660.48 0.000331013 0.00510204 
/home/antonkov/masterWork/tests/samePrefixMarkedMtx/depth4/node1/test0_0.mtx 2.7 2368 0.000204395 0.00319489 
/home/antonkov/masterWork/tests/samePrefixMarkedMtx/depth4/node1/test0_0.mtx 2.8 3473.64 0.000116472 0.00191571 
/home/antonkov/masterWork/tests/samePrefixMarkedMtx/depth4/node1/test0_0.mtx 2.9 4968.52 6.67735e-05 0.00120192 
/home/antonkov/masterWork/tests/samePrefixMarkedMtx/depth4/node1/test0_0.mtx 3 8037.52 2.73017e-05 0.000668896 
/home/antonkov/masterWork/tests/samePrefixMarkedMtx/depth4/node1/test0_0.mtx 3.1 0 -1 -1 
/home/antonkov/masterWork/tests/samePrefixMarkedMtx/depth4/node1/test0_0.mtx 3.2 0 -1 -1 
/home/antonkov/masterWork/tests/samePrefixMarkedMtx/depth4/node1/test0_0.mtx 3.3 0 -1 -1 
/home/antonkov/masterWork/tests/samePrefixMarkedMtx/depth4/node1/test0_0.mtx 3.4 0 -1 -1 
/home/antonkov/masterWork/tests/samePrefixMarkedMtx/depth4/node1/test0_0.mtx 3.5 0 -1 -1 
/home/antonkov/masterWork/tests/samePrefixMarkedMtx/depth4/node1/test0_1.mtx 1 102.248 0.0703038 0.705 
/home/antonkov/masterWork/tests/samePrefixMarkedMtx/depth4/node1/test0_1.mtx 1.1 91.8017 0.0620313 0.645 
/home/antonkov/masterWork/tests/samePrefixMarkedMtx/depth4/node1/test0_1.mtx 1.2 86.9902 0.0518056 0.545 
/home/antonkov/masterWork/tests/samePrefixMarkedMtx/depth4/node1/test0_1.mtx 1.3 115.957 0.0459028 0.506667 
/home/antonkov/masterWork/tests/samePrefixMarkedMtx/depth4/node1/test0_1.mtx 1.4 109.304 0.0372627 0.413333 
/home/antonkov/masterWork/tests/samePrefixMarkedMtx/depth4/node1/test0_1.mtx 1.5 127.363 0.0298828 0.3375 
/home/antonkov/masterWork/tests/samePrefixMarkedMtx/depth4/node1/test0_1.mtx 1.6 116.683 0.0246181 0.275 
/home/antonkov/masterWork/tests/samePrefixMarkedMtx/depth4/node1/test0_1.mtx 1.7 148.602 0.0174103 0.195 
/home/antonkov/masterWork/tests/samePrefixMarkedMtx/depth4/node1/test0_1.mtx 1.8 154.917 0.0119444 0.144286 
/home/antonkov/masterWork/tests/samePrefixMarkedMtx/depth4/node1/test0_1.mtx 1.9 180.171 0.00906829 0.112222 
/home/antonkov/masterWork/tests/samePrefixMarkedMtx/depth4/node1/test0_1.mtx 2 246.257 0.00614459 0.0728571 
/home/antonkov/masterWork/tests/samePrefixMarkedMtx/depth4/node1/test0_1.mtx 2.1 304.554 0.00415799 0.052 
/home/antonkov/masterWork/tests/samePrefixMarkedMtx/depth4/node1/test0_1.mtx 2.2 415.365 0.0025616 0.0322581 
/home/antonkov/masterWork/tests/samePrefixMarkedMtx/depth4/node1/test0_1.mtx 2.3 605.604 0.00148774 0.0204082 
/home/antonkov/masterWork/tests/samePrefixMarkedMtx/depth4/node1/test0_1.mtx 2.4 935.662 0.000838015 0.0113483 
/home/antonkov/masterWork/tests/samePrefixMarkedMtx/depth4/node1/test0_1.mtx 2.5 1609.42 0.000390673 0.00552486 
/home/antonkov/masterWork/tests/samePrefixMarkedMtx/depth4/node1/test0_1.mtx 2.6 2455.35 0.000212105 0.00319489 
/home/antonkov/masterWork/tests/samePrefixMarkedMtx/depth4/node1/test0_1.mtx 2.7 3584.33 0.000131748 0.00194932 
/home/antonkov/masterWork/tests/samePrefixMarkedMtx/depth4/node1/test0_1.mtx 2.8 5273.91 8.29637e-05 0.00119617 
/home/antonkov/masterWork/tests/samePrefixMarkedMtx/depth4/node1/test0_1.mtx 2.9 9538.43 3.95895e-05 0.000595238 
/home/antonkov/masterWork/tests/samePrefixMarkedMtx/depth4/node1/test0_1.mtx 3 0 -1 -1 
/home/antonkov/masterWork/tests/samePrefixMarkedMtx/depth4/node1/test0_1.mtx 3.1 0 -1 -1 
/home/antonkov/masterWork/tests/samePrefixMarkedMtx/depth4/node1/test0_1.mtx 3.2 0 -1 -1 
/home/antonkov/masterWork/tests/samePrefixMarkedMtx/depth4/node1/test0_1.mtx 3.3 0 -1 -1 
/home/antonkov/masterWork/tests/samePrefixMarkedMtx/depth4/node1/test0_1.mtx 3.4 0 -1 -1 
/home/antonkov/masterWork/tests/samePrefixMarkedMtx/depth4/node1/test0_1.mtx 3.5 0 -1 -1 
/home/antonkov/masterWork/tests/samePrefixMarkedMtx/depth4/node1/test0_2.mtx 1 105.716 0.0778819 0.79 
/home/antonkov/masterWork/tests/samePrefixMarkedMtx/depth4/node1/test0_2.mtx 1.1 100.862 0.0706684 0.74 
/home/antonkov/masterWork/tests/samePrefixMarkedMtx/depth4/node1/test0_2.mtx 1.2 91.3696 0.0578038 0.61 
/home/antonkov/masterWork/tests/samePrefixMarkedMtx/depth4/node1/test0_2.mtx 1.3 86.9372 0.0492188 0.525 
/home/antonkov/masterWork/tests/samePrefixMarkedMtx/depth4/node1/test0_2.mtx 1.4 107.941 0.0360185 0.396667 
/home/antonkov/masterWork/tests/samePrefixMarkedMtx/depth4/node1/test0_2.mtx 1.5 121.185 0.0260677 0.2975 
/home/antonkov/masterWork/tests/samePrefixMarkedMtx/depth4/node1/test0_2.mtx 1.6 133.343 0.0191701 0.22 
/home/antonkov/masterWork/tests/samePrefixMarkedMtx/depth4/node1/test0_2.mtx 1.7 147.286 0.016603 0.195 
/home/antonkov/masterWork/tests/samePrefixMarkedMtx/depth4/node1/test0_2.mtx 1.8 153.855 0.0123165 0.145714 
/home/antonkov/masterWork/tests/samePrefixMarkedMtx/depth4/node1/test0_2.mtx 1.9 178.473 0.00926698 0.116667 
/home/antonkov/masterWork/tests/samePrefixMarkedMtx/depth4/node1/test0_2.mtx 2 212.129 0.00657697 0.085 
/home/antonkov/masterWork/tests/samePrefixMarkedMtx/depth4/node1/test0_2.mtx 2.1 325.17 0.00361442 0.0480952 
/home/antonkov/masterWork/tests/samePrefixMarkedMtx/depth4/node1/test0_2.mtx 2.2 451.927 0.00211295 0.0294118 
/home/antonkov/masterWork/tests/samePrefixMarkedMtx/depth4/node1/test0_2.mtx 2.3 673.365 0.0012841 0.0183929 
/home/antonkov/masterWork/tests/samePrefixMarkedMtx/depth4/node1/test0_2.mtx 2.4 852.846 0.000907674 0.0128205 
/home/antonkov/masterWork/tests/samePrefixMarkedMtx/depth4/node1/test0_2.mtx 2.5 1288.28 0.000552031 0.00774436 
/home/antonkov/masterWork/tests/samePrefixMarkedMtx/depth4/node1/test0_2.mtx 2.6 2005.95 0.000305152 0.00414938 
/home/antonkov/masterWork/tests/samePrefixMarkedMtx/depth4/node1/test0_2.mtx 2.7 3046.92 0.000175247 0.00241546 
/home/antonkov/masterWork/tests/samePrefixMarkedMtx/depth4/node1/test0_2.mtx 2.8 5637.99 7.60825e-05 0.00113122 
/home/antonkov/masterWork/tests/samePrefixMarkedMtx/depth4/node1/test0_2.mtx 2.9 9252.36 3.84739e-05 0.000619195 
/home/antonkov/masterWork/tests/samePrefixMarkedMtx/depth4/node1/test0_2.mtx 3 0 -1 -1 
/home/antonkov/masterWork/tests/samePrefixMarkedMtx/depth4/node1/test0_2.mtx 3.1 0 -1 -1 
/home/antonkov/masterWork/tests/samePrefixMarkedMtx/depth4/node1/test0_2.mtx 3.2 0 -1 -1 
/home/antonkov/masterWork/tests/samePrefixMarkedMtx/depth4/node1/test0_2.mtx 3.3 0 -1 -1 
/home/antonkov/masterWork/tests/samePrefixMarkedMtx/depth4/node1/test0_2.mtx 3.4 0 -1 -1 
/home/antonkov/masterWork/tests/samePrefixMarkedMtx/depth4/node1/test0_2.mtx 3.5 0 -1 -1 
/home/antonkov/masterWork/tests/samePrefixMarkedMtx/depth4/node1/test0_3.mtx 1 102.619 0.0700087 0.715 
/home/antonkov/masterWork/tests/samePrefixMarkedMtx/depth4/node1/test0_3.mtx 1.1 92.7857 0.06125 0.645 
/home/antonkov/masterWork/tests/samePrefixMarkedMtx/depth4/node1/test0_3.mtx 1.2 90.1966 0.0533681 0.585 
/home/antonkov/masterWork/tests/samePrefixMarkedMtx/depth4/node1/test0_3.mtx 1.3 113.2 0.0394734 0.45 
/home/antonkov/masterWork/tests/samePrefixMarkedMtx/depth4/node1/test0_3.mtx 1.4 105.771 0.0328646 0.37 
/home/antonkov/masterWork/tests/samePrefixMarkedMtx/depth4/node1/test0_3.mtx 1.5 121.134 0.0261979 0.3025 
/home/antonkov/masterWork/tests/samePrefixMarkedMtx/depth4/node1/test0_3.mtx 1.6 118.931 0.0209722 0.26 
/home/antonkov/masterWork/tests/samePrefixMarkedMtx/depth4/node1/test0_3.mtx 1.7 151.432 0.0166117 0.205 
/home/antonkov/masterWork/tests/samePrefixMarkedMtx/depth4/node1/test0_3.mtx 1.8 157.43 0.0123413 0.16 
/home/antonkov/masterWork/tests/samePrefixMarkedMtx/depth4/node1/test0_3.mtx 1.9 178.598 0.00921489 0.117778 
/home/antonkov/masterWork/tests/samePrefixMarkedMtx/depth4/node1/test0_3.mtx 2 221.223 0.00660301 0.09 
/home/antonkov/masterWork/tests/samePrefixMarkedMtx/depth4/node1/test0_3.mtx 2.1 240.279 0.00484954 0.0666667 
/home/antonkov/masterWork/tests/samePrefixMarkedMtx/depth4/node1/test0_3.mtx 2.2 364.169 0.00284097 0.04 
/home/antonkov/masterWork/tests/samePrefixMarkedMtx/depth4/node1/test0_3.mtx 2.3 580.624 0.00153948 0.0219565 
/home/antonkov/masterWork/tests/samePrefixMarkedMtx/depth4/node1/test0_3.mtx 2.4 780.802 0.00102354 0.0147059 
/home/antonkov/masterWork/tests/samePrefixMarkedMtx/depth4/node1/test0_3.mtx 2.5 1120.98 0.000663945 0.0090991 
/home/antonkov/masterWork/tests/samePrefixMarkedMtx/depth4/node1/test0_3.mtx 2.6 1817.65 0.000334869 0.00480769 
/home/antonkov/masterWork/tests/samePrefixMarkedMtx/depth4/node1/test0_3.mtx 2.7 2316.74 0.000218715 0.00337838 
/home/antonkov/masterWork/tests/samePrefixMarkedMtx/depth4/node1/test0_3.mtx 2.8 4032.8 0.000101893 0.00170068 
/home/antonkov/masterWork/tests/samePrefixMarkedMtx/depth4/node1/test0_3.mtx 2.9 6771.36 5.40228e-05 0.000900901 
/home/antonkov/masterWork/tests/samePrefixMarkedMtx/depth4/node1/test0_3.mtx 3 0 -1 -1 
/home/antonkov/masterWork/tests/samePrefixMarkedMtx/depth4/node1/test0_3.mtx 3.1 0 -1 -1 
/home/antonkov/masterWork/tests/samePrefixMarkedMtx/depth4/node1/test0_3.mtx 3.2 0 -1 -1 
/home/antonkov/masterWork/tests/samePrefixMarkedMtx/depth4/node1/test0_3.mtx 3.3 0 -1 -1 
/home/antonkov/masterWork/tests/samePrefixMarkedMtx/depth4/node1/test0_3.mtx 3.4 0 -1 -1 
/home/antonkov/masterWork/tests/samePrefixMarkedMtx/depth4/node1/test0_3.mtx 3.5 0 -1 -1 
/home/antonkov/masterWork/tests/samePrefixMarkedMtx/depth4/node1/test0_4.mtx 1 105.45 0.0744792 0.775 
/home/antonkov/masterWork/tests/samePrefixMarkedMtx/depth4/node1/test0_4.mtx 1.1 96.3116 0.0630295 0.695 
/home/antonkov/masterWork/tests/samePrefixMarkedMtx/depth4/node1/test0_4.mtx 1.2 92.2577 0.0520573 0.6 
/home/antonkov/masterWork/tests/samePrefixMarkedMtx/depth4/node1/test0_4.mtx 1.3 113.513 0.0411343 0.46 
/home/antonkov/masterWork/tests/samePrefixMarkedMtx/depth4/node1/test0_4.mtx 1.4 105.854 0.0325 0.363333 
/home/antonkov/masterWork/tests/samePrefixMarkedMtx/depth4/node1/test0_4.mtx 1.5 124.502 0.0254036 0.2975 
/home/antonkov/masterWork/tests/samePrefixMarkedMtx/depth4/node1/test0_4.mtx 1.6 142.566 0.0201354 0.246 
/home/antonkov/masterWork/tests/samePrefixMarkedMtx/depth4/node1/test0_4.mtx 1.7 128.249 0.016191 0.204 
/home/antonkov/masterWork/tests/samePrefixMarkedMtx/depth4/node1/test0_4.mtx 1.8 154.968 0.0125546 0.152857 
/home/antonkov/masterWork/tests/samePrefixMarkedMtx/depth4/node1/test0_4.mtx 1.9 177.469 0.00994213 0.127778 
/home/antonkov/masterWork/tests/samePrefixMarkedMtx/depth4/node1/test0_4.mtx 2 211.317 0.00677083 0.0954545 
/home/antonkov/masterWork/tests/samePrefixMarkedMtx/depth4/node1/test0_4.mtx 2.1 270.416 0.00416341 0.06375 
/home/antonkov/masterWork/tests/samePrefixMarkedMtx/depth4/node1/test0_4.mtx 2.2 361.005 0.00268889 0.0408 
/home/antonkov/masterWork/tests/samePrefixMarkedMtx/depth4/node1/test0_4.mtx 2.3 554.66 0.00144689 0.0227273 
/home/antonkov/masterWork/tests/samePrefixMarkedMtx/depth4/node1/test0_4.mtx 2.4 743.096 0.000926649 0.0157812 
/home/antonkov/masterWork/tests/samePrefixMarkedMtx/depth4/node1/test0_4.mtx 2.5 1188.59 0.000486111 0.00862069 
/home/antonkov/masterWork/tests/samePrefixMarkedMtx/depth4/node1/test0_4.mtx 2.6 1714.9 0.00031241 0.00520833 
/home/antonkov/masterWork/tests/samePrefixMarkedMtx/depth4/node1/test0_4.mtx 2.7 2352.34 0.000218406 0.00341297 
/home/antonkov/masterWork/tests/samePrefixMarkedMtx/depth4/node1/test0_4.mtx 2.8 4086.78 0.000101944 0.0017301 
/home/antonkov/masterWork/tests/samePrefixMarkedMtx/depth4/node1/test0_4.mtx 2.9 6628.2 5.02862e-05 0.000949668 
/home/antonkov/masterWork/tests/samePrefixMarkedMtx/depth4/node1/test0_4.mtx 3 0 -1 -1 
/home/antonkov/masterWork/tests/samePrefixMarkedMtx/depth4/node1/test0_4.mtx 3.1 0 -1 -1 
/home/antonkov/masterWork/tests/samePrefixMarkedMtx/depth4/node1/test0_4.mtx 3.2 0 -1 -1 
/home/antonkov/masterWork/tests/samePrefixMarkedMtx/depth4/node1/test0_4.mtx 3.3 0 -1 -1 
/home/antonkov/masterWork/tests/samePrefixMarkedMtx/depth4/node1/test0_4.mtx 3.4 0 -1 -1 
/home/antonkov/masterWork/tests/samePrefixMarkedMtx/depth4/node1/test0_4.mtx 3.5 0 -1 -1 
/home/antonkov/masterWork/tests/samePrefixMarkedMtx/depth4/node1/test1_0.mtx 1 105.294 0.0740104 0.775 
/home/antonkov/masterWork/tests/samePrefixMarkedMtx/depth4/node1/test1_0.mtx 1.1 98.9142 0.0628646 0.685 
/home/antonkov/masterWork/tests/samePrefixMarkedMtx/depth4/node1/test1_0.mtx 1.2 93.6851 0.052309 0.6 
/home/antonkov/masterWork/tests/samePrefixMarkedMtx/depth4/node1/test1_0.mtx 1.3 119.952 0.0444965 0.513333 
/home/antonkov/masterWork/tests/samePrefixMarkedMtx/depth4/node1/test1_0.mtx 1.4 111.387 0.0366377 0.413333 
/home/antonkov/masterWork/tests/samePrefixMarkedMtx/depth4/node1/test1_0.mtx 1.5 107.762 0.031684 0.376667 
/home/antonkov/masterWork/tests/samePrefixMarkedMtx/depth4/node1/test1_0.mtx 1.6 124.83 0.0250217 0.305 
/home/antonkov/masterWork/tests/samePrefixMarkedMtx/depth4/node1/test1_0.mtx 1.7 130.061 0.0173299 0.216 
/home/antonkov/masterWork/tests/samePrefixMarkedMtx/depth4/node1/test1_0.mtx 1.8 162.37 0.0130704 0.161429 
/home/antonkov/masterWork/tests/samePrefixMarkedMtx/depth4/node1/test1_0.mtx 1.9 186.523 0.00921875 0.115556 
/home/antonkov/masterWork/tests/samePrefixMarkedMtx/depth4/node1/test1_0.mtx 2 224.645 0.00664352 0.0858333 
/home/antonkov/masterWork/tests/samePrefixMarkedMtx/depth4/node1/test1_0.mtx 2.1 280.43 0.0042453 0.0588235 
/home/antonkov/masterWork/tests/samePrefixMarkedMtx/depth4/node1/test1_0.mtx 2.2 363.982 0.00289583 0.04 
/home/antonkov/masterWork/tests/samePrefixMarkedMtx/depth4/node1/test1_0.mtx 2.3 536.469 0.00164168 0.0246341 
/home/antonkov/masterWork/tests/samePrefixMarkedMtx/depth4/node1/test1_0.mtx 2.4 758.858 0.00110978 0.0155385 
/home/antonkov/masterWork/tests/samePrefixMarkedMtx/depth4/node1/test1_0.mtx 2.5 951.276 0.00080856 0.0114607 
/home/antonkov/masterWork/tests/samePrefixMarkedMtx/depth4/node1/test1_0.mtx 2.6 1315.91 0.00049628 0.00714286 
/home/antonkov/masterWork/tests/samePrefixMarkedMtx/depth4/node1/test1_0.mtx 2.7 2153.79 0.000239674 0.00374532 
/home/antonkov/masterWork/tests/samePrefixMarkedMtx/depth4/node1/test1_0.mtx 2.8 3758.95 0.000117787 0.00184162 
/home/antonkov/masterWork/tests/samePrefixMarkedMtx/depth4/node1/test1_0.mtx 2.9 6030.61 6.22269e-05 0.00102145 
/home/antonkov/masterWork/tests/samePrefixMarkedMtx/depth4/node1/test1_0.mtx 3 9863.43 3.04456e-05 0.000563698 
/home/antonkov/masterWork/tests/samePrefixMarkedMtx/depth4/node1/test1_0.mtx 3.1 0 -1 -1 
/home/antonkov/masterWork/tests/samePrefixMarkedMtx/depth4/node1/test1_0.mtx 3.2 0 -1 -1 
/home/antonkov/masterWork/tests/samePrefixMarkedMtx/depth4/node1/test1_0.mtx 3.3 0 -1 -1 
/home/antonkov/masterWork/tests/samePrefixMarkedMtx/depth4/node1/test1_0.mtx 3.4 0 -1 -1 
/home/antonkov/masterWork/tests/samePrefixMarkedMtx/depth4/node1/test1_0.mtx 3.5 0 -1 -1 
/home/antonkov/masterWork/tests/samePrefixMarkedMtx/depth4/node1/test1_1.mtx 1 107.556 0.0786719 0.775 
/home/antonkov/masterWork/tests/samePrefixMarkedMtx/depth4/node1/test1_1.mtx 1.1 103.218 0.0695486 0.74 
/home/antonkov/masterWork/tests/samePrefixMarkedMtx/depth4/node1/test1_1.mtx 1.2 91.2321 0.0575781 0.63 
/home/antonkov/masterWork/tests/samePrefixMarkedMtx/depth4/node1/test1_1.mtx 1.3 87.1485 0.0473611 0.525 
/home/antonkov/masterWork/tests/samePrefixMarkedMtx/depth4/node1/test1_1.mtx 1.4 115.437 0.0395775 0.453333 
/home/antonkov/masterWork/tests/samePrefixMarkedMtx/depth4/node1/test1_1.mtx 1.5 105.308 0.0311863 0.373333 
/home/antonkov/masterWork/tests/samePrefixMarkedMtx/depth4/node1/test1_1.mtx 1.6 123.64 0.0241319 0.2925 
/home/antonkov/masterWork/tests/samePrefixMarkedMtx/depth4/node1/test1_1.mtx 1.7 133.391 0.017316 0.222 
/home/antonkov/masterWork/tests/samePrefixMarkedMtx/depth4/node1/test1_1.mtx 1.8 162.372 0.0128993 0.161429 
/home/antonkov/masterWork/tests/samePrefixMarkedMtx/depth4/node1/test1_1.mtx 1.9 189.72 0.0107195 0.128889 
/home/antonkov/masterWork/tests/samePrefixMarkedMtx/depth4/node1/test1_1.mtx 2 205.967 0.00699495 0.0909091 
/home/antonkov/masterWork/tests/samePrefixMarkedMtx/depth4/node1/test1_1.mtx 2.1 270.582 0.0047895 0.063125 
/home/antonkov/masterWork/tests/samePrefixMarkedMtx/depth4/node1/test1_1.mtx 2.2 373.283 0.0028766 0.0388462 
/home/antonkov/masterWork/tests/samePrefixMarkedMtx/depth4/node1/test1_1.mtx 2.3 511.719 0.00198673 0.025641 
/home/antonkov/masterWork/tests/samePrefixMarkedMtx/depth4/node1/test1_1.mtx 2.4 782.291 0.00104836 0.0142857 
/home/antonkov/masterWork/tests/samePrefixMarkedMtx/depth4/node1/test1_1.mtx 2.5 1079.27 0.000662698 0.00961905 
/home/antonkov/masterWork/tests/samePrefixMarkedMtx/depth4/node1/test1_1.mtx 2.6 1660.22 0.00035618 0.00531915 
/home/antonkov/masterWork/tests/samePrefixMarkedMtx/depth4/node1/test1_1.mtx 2.7 2793.34 0.000171719 0.0027248 
/home/antonkov/masterWork/tests/samePrefixMarkedMtx/depth4/node1/test1_1.mtx 2.8 4426.9 9.47963e-05 0.00149925 
/home/antonkov/masterWork/tests/samePrefixMarkedMtx/depth4/node1/test1_1.mtx 2.9 5985.96 6.02604e-05 0.001 
/home/antonkov/masterWork/tests/samePrefixMarkedMtx/depth4/node1/test1_1.mtx 3 14054.1 2.36026e-05 0.000381243 
/home/antonkov/masterWork/tests/samePrefixMarkedMtx/depth4/node1/test1_1.mtx 3.1 0 -1 -1 
/home/antonkov/masterWork/tests/samePrefixMarkedMtx/depth4/node1/test1_1.mtx 3.2 0 -1 -1 
/home/antonkov/masterWork/tests/samePrefixMarkedMtx/depth4/node1/test1_1.mtx 3.3 0 -1 -1 
/home/antonkov/masterWork/tests/samePrefixMarkedMtx/depth4/node1/test1_1.mtx 3.4 0 -1 -1 
/home/antonkov/masterWork/tests/samePrefixMarkedMtx/depth4/node1/test1_1.mtx 3.5 0 -1 -1 
/home/antonkov/masterWork/tests/samePrefixMarkedMtx/depth4/node1/test1_2.mtx 1 103.741 0.0780642 0.785 
/home/antonkov/masterWork/tests/samePrefixMarkedMtx/depth4/node1/test1_2.mtx 1.1 101.515 0.071467 0.74 
/home/antonkov/masterWork/tests/samePrefixMarkedMtx/depth4/node1/test1_2.mtx 1.2 97.9008 0.0613976 0.655 
/home/antonkov/masterWork/tests/samePrefixMarkedMtx/depth4/node1/test1_2.mtx 1.3 90.4461 0.0501736 0.545 
/home/antonkov/masterWork/tests/samePrefixMarkedMtx/depth4/node1/test1_2.mtx 1.4 114.668 0.0421701 0.483333 
/home/antonkov/masterWork/tests/samePrefixMarkedMtx/depth4/node1/test1_2.mtx 1.5 112.215 0.0325694 0.38 
/home/antonkov/masterWork/tests/samePrefixMarkedMtx/depth4/node1/test1_2.mtx 1.6 122.914 0.0244618 0.2875 
/home/antonkov/masterWork/tests/samePrefixMarkedMtx/depth4/node1/test1_2.mtx 1.7 128.051 0.0168993 0.2 
/home/antonkov/masterWork/tests/samePrefixMarkedMtx/depth4/node1/test1_2.mtx 1.8 140.98 0.0147078 0.175 
/home/antonkov/masterWork/tests/samePrefixMarkedMtx/depth4/node1/test1_2.mtx 1.9 178.073 0.0101929 0.125556 
/home/antonkov/masterWork/tests/samePrefixMarkedMtx/depth4/node1/test1_2.mtx 2 228.173 0.00635283 0.0776923 
/home/antonkov/masterWork/tests/samePrefixMarkedMtx/depth4/node1/test1_2.mtx 2.1 292.916 0.00432774 0.0555556 
/home/antonkov/masterWork/tests/samePrefixMarkedMtx/depth4/node1/test1_2.mtx 2.2 381.491 0.00311899 0.0396154 
/home/antonkov/masterWork/tests/samePrefixMarkedMtx/depth4/node1/test1_2.mtx 2.3 512.229 0.00196637 0.0263158 
/home/antonkov/masterWork/tests/samePrefixMarkedMtx/depth4/node1/test1_2.mtx 2.4 766.343 0.00106006 0.0150746 
/home/antonkov/masterWork/tests/samePrefixMarkedMtx/depth4/node1/test1_2.mtx 2.5 1218.47 0.000544456 0.00819672 
/home/antonkov/masterWork/tests/samePrefixMarkedMtx/depth4/node1/test1_2.mtx 2.6 1671.97 0.000326713 0.00518135 
/home/antonkov/masterWork/tests/samePrefixMarkedMtx/depth4/node1/test1_2.mtx 2.7 2755.6 0.000170063 0.0027248 
/home/antonkov/masterWork/tests/samePrefixMarkedMtx/depth4/node1/test1_2.mtx 2.8 3894.12 0.000112681 0.00173913 
/home/antonkov/masterWork/tests/samePrefixMarkedMtx/depth4/node1/test1_2.mtx 2.9 6938.88 5.3145e-05 0.000861326 
/home/antonkov/masterWork/tests/samePrefixMarkedMtx/depth4/node1/test1_2.mtx 3 0 -1 -1 
/home/antonkov/masterWork/tests/samePrefixMarkedMtx/depth4/node1/test1_2.mtx 3.1 0 -1 -1 
/home/antonkov/masterWork/tests/samePrefixMarkedMtx/depth4/node1/test1_2.mtx 3.2 0 -1 -1 
/home/antonkov/masterWork/tests/samePrefixMarkedMtx/depth4/node1/test1_2.mtx 3.3 0 -1 -1 
/home/antonkov/masterWork/tests/samePrefixMarkedMtx/depth4/node1/test1_2.mtx 3.4 0 -1 -1 
/home/antonkov/masterWork/tests/samePrefixMarkedMtx/depth4/node1/test1_2.mtx 3.5 0 -1 -1 
/home/antonkov/masterWork/tests/samePrefixMarkedMtx/depth4/node1/test1_3.mtx 1 105.251 0.0743056 0.77 
/home/antonkov/masterWork/tests/samePrefixMarkedMtx/depth4/node1/test1_3.mtx 1.1 95.9265 0.06375 0.68 
/home/antonkov/masterWork/tests/samePrefixMarkedMtx/depth4/node1/test1_3.mtx 1.2 94.8951 0.056467 0.625 
/home/antonkov/masterWork/tests/samePrefixMarkedMtx/depth4/node1/test1_3.mtx 1.3 88.9999 0.0505295 0.57 
/home/antonkov/masterWork/tests/samePrefixMarkedMtx/depth4/node1/test1_3.mtx 1.4 117.54 0.0404167 0.463333 
/home/antonkov/masterWork/tests/samePrefixMarkedMtx/depth4/node1/test1_3.mtx 1.5 103.941 0.0326273 0.39 
/home/antonkov/masterWork/tests/samePrefixMarkedMtx/depth4/node1/test1_3.mtx 1.6 126.979 0.0246007 0.29 
/home/antonkov/masterWork/tests/samePrefixMarkedMtx/depth4/node1/test1_3.mtx 1.7 134.231 0.017316 0.214 
/home/antonkov/masterWork/tests/samePrefixMarkedMtx/depth4/node1/test1_3.mtx 1.8 141.721 0.0134867 0.17 
/home/antonkov/masterWork/tests/samePrefixMarkedMtx/depth4/node1/test1_3.mtx 1.9 182.215 0.00890625 0.114444 
/home/antonkov/masterWork/tests/samePrefixMarkedMtx/depth4/node1/test1_3.mtx 2 216.492 0.00696325 0.085 
/home/antonkov/masterWork/tests/samePrefixMarkedMtx/depth4/node1/test1_3.mtx 2.1 286.355 0.00438561 0.0566667 
/home/antonkov/masterWork/tests/samePrefixMarkedMtx/depth4/node1/test1_3.mtx 2.2 358.775 0.00309679 0.0425 
/home/antonkov/masterWork/tests/samePrefixMarkedMtx/depth4/node1/test1_3.mtx 2.3 478.05 0.00213686 0.0277778 
/home/antonkov/masterWork/tests/samePrefixMarkedMtx/depth4/node1/test1_3.mtx 2.4 712.496 0.00122685 0.0166667 
/home/antonkov/masterWork/tests/samePrefixMarkedMtx/depth4/node1/test1_3.mtx 2.5 1037.99 0.000809529 0.0104124 
/home/antonkov/masterWork/tests/samePrefixMarkedMtx/depth4/node1/test1_3.mtx 2.6 1423.34 0.000445261 0.00653595 
/home/antonkov/masterWork/tests/samePrefixMarkedMtx/depth4/node1/test1_3.mtx 2.7 2442.54 0.000224563 0.0032899 
/home/antonkov/masterWork/tests/samePrefixMarkedMtx/depth4/node1/test1_3.mtx 2.8 3524.24 0.000127778 0.002 
/home/antonkov/masterWork/tests/samePrefixMarkedMtx/depth4/node1/test1_3.mtx 2.9 5525.37 7.10763e-05 0.0011325 
/home/antonkov/masterWork/tests/samePrefixMarkedMtx/depth4/node1/test1_3.mtx 3 9815.01 3.54783e-05 0.000565611 
/home/antonkov/masterWork/tests/samePrefixMarkedMtx/depth4/node1/test1_3.mtx 3.1 0 -1 -1 
/home/antonkov/masterWork/tests/samePrefixMarkedMtx/depth4/node1/test1_3.mtx 3.2 0 -1 -1 
/home/antonkov/masterWork/tests/samePrefixMarkedMtx/depth4/node1/test1_3.mtx 3.3 0 -1 -1 
/home/antonkov/masterWork/tests/samePrefixMarkedMtx/depth4/node1/test1_3.mtx 3.4 0 -1 -1 
/home/antonkov/masterWork/tests/samePrefixMarkedMtx/depth4/node1/test1_3.mtx 3.5 0 -1 -1 
/home/antonkov/masterWork/tests/samePrefixMarkedMtx/depth4/node1/test1_4.mtx 1 106.818 0.0800434 0.78 
/home/antonkov/masterWork/tests/samePrefixMarkedMtx/depth4/node1/test1_4.mtx 1.1 100.701 0.0727344 0.745 
/home/antonkov/masterWork/tests/samePrefixMarkedMtx/depth4/node1/test1_4.mtx 1.2 92.2444 0.0643403 0.68 
/home/antonkov/masterWork/tests/samePrefixMarkedMtx/depth4/node1/test1_4.mtx 1.3 87.5151 0.0532986 0.58 
/home/antonkov/masterWork/tests/samePrefixMarkedMtx/depth4/node1/test1_4.mtx 1.4 114.323 0.0416262 0.456667 
/home/antonkov/masterWork/tests/samePrefixMarkedMtx/depth4/node1/test1_4.mtx 1.5 106.966 0.0332234 0.37 
/home/antonkov/masterWork/tests/samePrefixMarkedMtx/depth4/node1/test1_4.mtx 1.6 122.675 0.0263325 0.3 
/home/antonkov/masterWork/tests/samePrefixMarkedMtx/depth4/node1/test1_4.mtx 1.7 135.511 0.0196701 0.236 
/home/antonkov/masterWork/tests/samePrefixMarkedMtx/depth4/node1/test1_4.mtx 1.8 147.692 0.0159954 0.195 
/home/antonkov/masterWork/tests/samePrefixMarkedMtx/depth4/node1/test1_4.mtx 1.9 166.315 0.0105122 0.1375 
/home/antonkov/masterWork/tests/samePrefixMarkedMtx/depth4/node1/test1_4.mtx 2 207.281 0.00718119 0.0909091 
/home/antonkov/masterWork/tests/samePrefixMarkedMtx/depth4/node1/test1_4.mtx 2.1 261.499 0.00490777 0.06375 
/home/antonkov/masterWork/tests/samePrefixMarkedMtx/depth4/node1/test1_4.mtx 2.2 361.461 0.00304306 0.04 
/home/antonkov/masterWork/tests/samePrefixMarkedMtx/depth4/node1/test1_4.mtx 2.3 475.872 0.00213729 0.0286486 
/home/antonkov/masterWork/tests/samePrefixMarkedMtx/depth4/node1/test1_4.mtx 2.4 693.285 0.00119213 0.0166667 
/home/antonkov/masterWork/tests/samePrefixMarkedMtx/depth4/node1/test1_4.mtx 2.5 1117.61 0.000639596 0.00884956 
/home/antonkov/masterWork/tests/samePrefixMarkedMtx/depth4/node1/test1_4.mtx 2.6 1648.96 0.000371855 0.00528796 
/home/antonkov/masterWork/tests/samePrefixMarkedMtx/depth4/node1/test1_4.mtx 2.7 2884.35 0.000185686 0.00262467 
/home/antonkov/masterWork/tests/samePrefixMarkedMtx/depth4/node1/test1_4.mtx 2.8 4398.9 0.000103322 0.00153495 
/home/antonkov/masterWork/tests/samePrefixMarkedMtx/depth4/node1/test1_4.mtx 2.9 7376.82 4.86673e-05 0.000809717 
/home/antonkov/masterWork/tests/samePrefixMarkedMtx/depth4/node1/test1_4.mtx 3 0 -1 -1 
/home/antonkov/masterWork/tests/samePrefixMarkedMtx/depth4/node1/test1_4.mtx 3.1 0 -1 -1 
/home/antonkov/masterWork/tests/samePrefixMarkedMtx/depth4/node1/test1_4.mtx 3.2 0 -1 -1 
/home/antonkov/masterWork/tests/samePrefixMarkedMtx/depth4/node1/test1_4.mtx 3.3 0 -1 -1 
/home/antonkov/masterWork/tests/samePrefixMarkedMtx/depth4/node1/test1_4.mtx 3.4 0 -1 -1 
/home/antonkov/masterWork/tests/samePrefixMarkedMtx/depth4/node1/test1_4.mtx 3.5 0 -1 -1 
