Results
Filename SNR Time(ms) BER FER
/home/antonkov/masterWork/tests/samePrefixMarkedMtx/depth4/node1/test0_00.mtx 1 485.221 0.0744444 0.83 
/home/antonkov/masterWork/tests/samePrefixMarkedMtx/depth4/node1/test0_00.mtx 1.1 420.204 0.0601736 0.73 
/home/antonkov/masterWork/tests/samePrefixMarkedMtx/depth4/node1/test0_00.mtx 1.2 398.839 0.0463672 0.59 
/home/antonkov/masterWork/tests/samePrefixMarkedMtx/depth4/node1/test0_00.mtx 1.3 503.855 0.0307813 0.42 
/home/antonkov/masterWork/tests/samePrefixMarkedMtx/depth4/node1/test0_00.mtx 1.4 463.4 0.018826 0.26 
/home/antonkov/masterWork/tests/samePrefixMarkedMtx/depth4/node1/test0_00.mtx 1.5 617.733 0.0109766 0.1525 
/home/antonkov/masterWork/tests/samePrefixMarkedMtx/depth4/node1/test0_00.mtx 1.6 778.17 0.0050589 0.0757143 
/home/antonkov/masterWork/tests/samePrefixMarkedMtx/depth4/node1/test0_00.mtx 1.7 1446.17 0.00181949 0.0263158 
/home/antonkov/masterWork/tests/samePrefixMarkedMtx/depth4/node1/test0_00.mtx 1.8 2359.72 0.000832554 0.0128205 
/home/antonkov/masterWork/tests/samePrefixMarkedMtx/depth4/node1/test0_00.mtx 1.9 4574.83 0.000328461 0.00537634 
/home/antonkov/masterWork/tests/samePrefixMarkedMtx/depth4/node1/test0_00.mtx 2 13100.4 9.82542e-05 0.00154799 
/home/antonkov/masterWork/tests/samePrefixMarkedMtx/depth4/node1/test0_00.mtx 2.1 58717 1.87992e-05 0.000300661 
/home/antonkov/masterWork/tests/samePrefixMarkedMtx/depth4/node1/test0_00.mtx 2.2 0 -1 -1 
/home/antonkov/masterWork/tests/samePrefixMarkedMtx/depth4/node1/test0_00.mtx 2.3 0 -1 -1 
/home/antonkov/masterWork/tests/samePrefixMarkedMtx/depth4/node1/test0_00.mtx 2.4 0 -1 -1 
/home/antonkov/masterWork/tests/samePrefixMarkedMtx/depth4/node1/test0_00.mtx 2.5 0 -1 -1 
/home/antonkov/masterWork/tests/samePrefixMarkedMtx/depth4/node1/test0_00.mtx 2.6 0 -1 -1 
/home/antonkov/masterWork/tests/samePrefixMarkedMtx/depth4/node1/test0_00.mtx 2.7 0 -1 -1 
/home/antonkov/masterWork/tests/samePrefixMarkedMtx/depth4/node1/test0_00.mtx 2.8 0 -1 -1 
/home/antonkov/masterWork/tests/samePrefixMarkedMtx/depth4/node1/test0_00.mtx 2.9 0 -1 -1 
/home/antonkov/masterWork/tests/samePrefixMarkedMtx/depth4/node1/test0_00.mtx 3 0 -1 -1 
/home/antonkov/masterWork/tests/samePrefixMarkedMtx/depth4/node1/test0_00.mtx 3.1 0 -1 -1 
/home/antonkov/masterWork/tests/samePrefixMarkedMtx/depth4/node1/test0_00.mtx 3.2 0 -1 -1 
/home/antonkov/masterWork/tests/samePrefixMarkedMtx/depth4/node1/test0_00.mtx 3.3 0 -1 -1 
/home/antonkov/masterWork/tests/samePrefixMarkedMtx/depth4/node1/test0_00.mtx 3.4 0 -1 -1 
/home/antonkov/masterWork/tests/samePrefixMarkedMtx/depth4/node1/test0_00.mtx 3.5 0 -1 -1 
/home/antonkov/masterWork/tests/samePrefixMarkedMtx/depth4/node1/test0_01.mtx 1 484.669 0.0806033 0.92 
/home/antonkov/masterWork/tests/samePrefixMarkedMtx/depth4/node1/test0_01.mtx 1.1 434.329 0.0656944 0.77 
/home/antonkov/masterWork/tests/samePrefixMarkedMtx/depth4/node1/test0_01.mtx 1.2 404.481 0.0517535 0.64 
/home/antonkov/masterWork/tests/samePrefixMarkedMtx/depth4/node1/test0_01.mtx 1.3 514.141 0.0385742 0.49 
/home/antonkov/masterWork/tests/samePrefixMarkedMtx/depth4/node1/test0_01.mtx 1.4 482.237 0.0249566 0.355 
/home/antonkov/masterWork/tests/samePrefixMarkedMtx/depth4/node1/test0_01.mtx 1.5 546.813 0.011208 0.176667 
/home/antonkov/masterWork/tests/samePrefixMarkedMtx/depth4/node1/test0_01.mtx 1.6 775.484 0.00491133 0.0771429 
/home/antonkov/masterWork/tests/samePrefixMarkedMtx/depth4/node1/test0_01.mtx 1.7 1165.36 0.00242715 0.0378571 
/home/antonkov/masterWork/tests/samePrefixMarkedMtx/depth4/node1/test0_01.mtx 1.8 2193.6 0.000930184 0.0142857 
/home/antonkov/masterWork/tests/samePrefixMarkedMtx/depth4/node1/test0_01.mtx 1.9 4623.24 0.000331588 0.00537634 
/home/antonkov/masterWork/tests/samePrefixMarkedMtx/depth4/node1/test0_01.mtx 2 13857.4 8.08408e-05 0.00146199 
/home/antonkov/masterWork/tests/samePrefixMarkedMtx/depth4/node1/test0_01.mtx 2.1 47094.5 2.20774e-05 0.000373413 
/home/antonkov/masterWork/tests/samePrefixMarkedMtx/depth4/node1/test0_01.mtx 2.2 0 -1 -1 
/home/antonkov/masterWork/tests/samePrefixMarkedMtx/depth4/node1/test0_01.mtx 2.3 0 -1 -1 
/home/antonkov/masterWork/tests/samePrefixMarkedMtx/depth4/node1/test0_01.mtx 2.4 0 -1 -1 
/home/antonkov/masterWork/tests/samePrefixMarkedMtx/depth4/node1/test0_01.mtx 2.5 0 -1 -1 
/home/antonkov/masterWork/tests/samePrefixMarkedMtx/depth4/node1/test0_01.mtx 2.6 0 -1 -1 
/home/antonkov/masterWork/tests/samePrefixMarkedMtx/depth4/node1/test0_01.mtx 2.7 0 -1 -1 
/home/antonkov/masterWork/tests/samePrefixMarkedMtx/depth4/node1/test0_01.mtx 2.8 0 -1 -1 
/home/antonkov/masterWork/tests/samePrefixMarkedMtx/depth4/node1/test0_01.mtx 2.9 0 -1 -1 
/home/antonkov/masterWork/tests/samePrefixMarkedMtx/depth4/node1/test0_01.mtx 3 0 -1 -1 
/home/antonkov/masterWork/tests/samePrefixMarkedMtx/depth4/node1/test0_01.mtx 3.1 0 -1 -1 
/home/antonkov/masterWork/tests/samePrefixMarkedMtx/depth4/node1/test0_01.mtx 3.2 0 -1 -1 
/home/antonkov/masterWork/tests/samePrefixMarkedMtx/depth4/node1/test0_01.mtx 3.3 0 -1 -1 
/home/antonkov/masterWork/tests/samePrefixMarkedMtx/depth4/node1/test0_01.mtx 3.4 0 -1 -1 
/home/antonkov/masterWork/tests/samePrefixMarkedMtx/depth4/node1/test0_01.mtx 3.5 0 -1 -1 
/home/antonkov/masterWork/tests/samePrefixMarkedMtx/depth4/node1/test0_02.mtx 1 484.121 0.0759245 0.84 
/home/antonkov/masterWork/tests/samePrefixMarkedMtx/depth4/node1/test0_02.mtx 1.1 427.224 0.0614323 0.71 
/home/antonkov/masterWork/tests/samePrefixMarkedMtx/depth4/node1/test0_02.mtx 1.2 409.433 0.0513889 0.64 
/home/antonkov/masterWork/tests/samePrefixMarkedMtx/depth4/node1/test0_02.mtx 1.3 513.89 0.0388238 0.51 
/home/antonkov/masterWork/tests/samePrefixMarkedMtx/depth4/node1/test0_02.mtx 1.4 474.456 0.0233485 0.31 
/home/antonkov/masterWork/tests/samePrefixMarkedMtx/depth4/node1/test0_02.mtx 1.5 626.26 0.0117828 0.1675 
/home/antonkov/masterWork/tests/samePrefixMarkedMtx/depth4/node1/test0_02.mtx 1.6 787.957 0.00547309 0.0785714 
/home/antonkov/masterWork/tests/samePrefixMarkedMtx/depth4/node1/test0_02.mtx 1.7 1338.88 0.00195925 0.03 
/home/antonkov/masterWork/tests/samePrefixMarkedMtx/depth4/node1/test0_02.mtx 1.8 2375.33 0.000802729 0.0130769 
/home/antonkov/masterWork/tests/samePrefixMarkedMtx/depth4/node1/test0_02.mtx 1.9 6365.96 0.000212543 0.0037594 
/home/antonkov/masterWork/tests/samePrefixMarkedMtx/depth4/node1/test0_02.mtx 2 15819 7.98633e-05 0.00127551 
/home/antonkov/masterWork/tests/samePrefixMarkedMtx/depth4/node1/test0_02.mtx 2.1 46963.5 1.94537e-05 0.000380228 
/home/antonkov/masterWork/tests/samePrefixMarkedMtx/depth4/node1/test0_02.mtx 2.2 0 -1 -1 
/home/antonkov/masterWork/tests/samePrefixMarkedMtx/depth4/node1/test0_02.mtx 2.3 0 -1 -1 
/home/antonkov/masterWork/tests/samePrefixMarkedMtx/depth4/node1/test0_02.mtx 2.4 0 -1 -1 
/home/antonkov/masterWork/tests/samePrefixMarkedMtx/depth4/node1/test0_02.mtx 2.5 0 -1 -1 
/home/antonkov/masterWork/tests/samePrefixMarkedMtx/depth4/node1/test0_02.mtx 2.6 0 -1 -1 
/home/antonkov/masterWork/tests/samePrefixMarkedMtx/depth4/node1/test0_02.mtx 2.7 0 -1 -1 
/home/antonkov/masterWork/tests/samePrefixMarkedMtx/depth4/node1/test0_02.mtx 2.8 0 -1 -1 
/home/antonkov/masterWork/tests/samePrefixMarkedMtx/depth4/node1/test0_02.mtx 2.9 0 -1 -1 
/home/antonkov/masterWork/tests/samePrefixMarkedMtx/depth4/node1/test0_02.mtx 3 0 -1 -1 
/home/antonkov/masterWork/tests/samePrefixMarkedMtx/depth4/node1/test0_02.mtx 3.1 0 -1 -1 
/home/antonkov/masterWork/tests/samePrefixMarkedMtx/depth4/node1/test0_02.mtx 3.2 0 -1 -1 
/home/antonkov/masterWork/tests/samePrefixMarkedMtx/depth4/node1/test0_02.mtx 3.3 0 -1 -1 
/home/antonkov/masterWork/tests/samePrefixMarkedMtx/depth4/node1/test0_02.mtx 3.4 0 -1 -1 
/home/antonkov/masterWork/tests/samePrefixMarkedMtx/depth4/node1/test0_02.mtx 3.5 0 -1 -1 
/home/antonkov/masterWork/tests/samePrefixMarkedMtx/depth4/node1/test0_03.mtx 1 475.822 0.0746658 0.85 
/home/antonkov/masterWork/tests/samePrefixMarkedMtx/depth4/node1/test0_03.mtx 1.1 437.227 0.0619922 0.75 
/home/antonkov/masterWork/tests/samePrefixMarkedMtx/depth4/node1/test0_03.mtx 1.2 399.836 0.048125 0.62 
/home/antonkov/masterWork/tests/samePrefixMarkedMtx/depth4/node1/test0_03.mtx 1.3 516.194 0.0373915 0.495 
/home/antonkov/masterWork/tests/samePrefixMarkedMtx/depth4/node1/test0_03.mtx 1.4 481.94 0.024822 0.335 
/home/antonkov/masterWork/tests/samePrefixMarkedMtx/depth4/node1/test0_03.mtx 1.5 536.378 0.0122598 0.183333 
/home/antonkov/masterWork/tests/samePrefixMarkedMtx/depth4/node1/test0_03.mtx 1.6 703.876 0.00544777 0.0833333 
/home/antonkov/masterWork/tests/samePrefixMarkedMtx/depth4/node1/test0_03.mtx 1.7 1096.56 0.0025404 0.0407692 
/home/antonkov/masterWork/tests/samePrefixMarkedMtx/depth4/node1/test0_03.mtx 1.8 2109.28 0.000850957 0.0151515 
/home/antonkov/masterWork/tests/samePrefixMarkedMtx/depth4/node1/test0_03.mtx 1.9 4102.25 0.000362976 0.00617284 
/home/antonkov/masterWork/tests/samePrefixMarkedMtx/depth4/node1/test0_03.mtx 2 13352.3 8.99866e-05 0.0015528 
/home/antonkov/masterWork/tests/samePrefixMarkedMtx/depth4/node1/test0_03.mtx 2.1 35026.3 2.51531e-05 0.000514403 
/home/antonkov/masterWork/tests/samePrefixMarkedMtx/depth4/node1/test0_03.mtx 2.2 0 -1 -1 
/home/antonkov/masterWork/tests/samePrefixMarkedMtx/depth4/node1/test0_03.mtx 2.3 0 -1 -1 
/home/antonkov/masterWork/tests/samePrefixMarkedMtx/depth4/node1/test0_03.mtx 2.4 0 -1 -1 
/home/antonkov/masterWork/tests/samePrefixMarkedMtx/depth4/node1/test0_03.mtx 2.5 0 -1 -1 
/home/antonkov/masterWork/tests/samePrefixMarkedMtx/depth4/node1/test0_03.mtx 2.6 0 -1 -1 
/home/antonkov/masterWork/tests/samePrefixMarkedMtx/depth4/node1/test0_03.mtx 2.7 0 -1 -1 
/home/antonkov/masterWork/tests/samePrefixMarkedMtx/depth4/node1/test0_03.mtx 2.8 0 -1 -1 
/home/antonkov/masterWork/tests/samePrefixMarkedMtx/depth4/node1/test0_03.mtx 2.9 0 -1 -1 
/home/antonkov/masterWork/tests/samePrefixMarkedMtx/depth4/node1/test0_03.mtx 3 0 -1 -1 
/home/antonkov/masterWork/tests/samePrefixMarkedMtx/depth4/node1/test0_03.mtx 3.1 0 -1 -1 
/home/antonkov/masterWork/tests/samePrefixMarkedMtx/depth4/node1/test0_03.mtx 3.2 0 -1 -1 
/home/antonkov/masterWork/tests/samePrefixMarkedMtx/depth4/node1/test0_03.mtx 3.3 0 -1 -1 
/home/antonkov/masterWork/tests/samePrefixMarkedMtx/depth4/node1/test0_03.mtx 3.4 0 -1 -1 
/home/antonkov/masterWork/tests/samePrefixMarkedMtx/depth4/node1/test0_03.mtx 3.5 0 -1 -1 
/home/antonkov/masterWork/tests/samePrefixMarkedMtx/depth4/node1/test0_04.mtx 1 482.055 0.0751476 0.83 
/home/antonkov/masterWork/tests/samePrefixMarkedMtx/depth4/node1/test0_04.mtx 1.1 421.822 0.0619271 0.72 
/home/antonkov/masterWork/tests/samePrefixMarkedMtx/depth4/node1/test0_04.mtx 1.2 400.262 0.0492839 0.6 
/home/antonkov/masterWork/tests/samePrefixMarkedMtx/depth4/node1/test0_04.mtx 1.3 516.279 0.0372504 0.485 
/home/antonkov/masterWork/tests/samePrefixMarkedMtx/depth4/node1/test0_04.mtx 1.4 475.944 0.0220638 0.295 
/home/antonkov/masterWork/tests/samePrefixMarkedMtx/depth4/node1/test0_04.mtx 1.5 633.494 0.0115115 0.17 
/home/antonkov/masterWork/tests/samePrefixMarkedMtx/depth4/node1/test0_04.mtx 1.6 869.911 0.00457357 0.06625 
/home/antonkov/masterWork/tests/samePrefixMarkedMtx/depth4/node1/test0_04.mtx 1.7 1194.2 0.00212384 0.034 
/home/antonkov/masterWork/tests/samePrefixMarkedMtx/depth4/node1/test0_04.mtx 1.8 2128.33 0.000842634 0.0142857 
/home/antonkov/masterWork/tests/samePrefixMarkedMtx/depth4/node1/test0_04.mtx 1.9 4992.6 0.000306968 0.005 
/home/antonkov/masterWork/tests/samePrefixMarkedMtx/depth4/node1/test0_04.mtx 2 12654.5 9.54722e-05 0.00163987 
/home/antonkov/masterWork/tests/samePrefixMarkedMtx/depth4/node1/test0_04.mtx 2.1 36782.3 2.70996e-05 0.000481696 
/home/antonkov/masterWork/tests/samePrefixMarkedMtx/depth4/node1/test0_04.mtx 2.2 0 -1 -1 
/home/antonkov/masterWork/tests/samePrefixMarkedMtx/depth4/node1/test0_04.mtx 2.3 0 -1 -1 
/home/antonkov/masterWork/tests/samePrefixMarkedMtx/depth4/node1/test0_04.mtx 2.4 0 -1 -1 
/home/antonkov/masterWork/tests/samePrefixMarkedMtx/depth4/node1/test0_04.mtx 2.5 0 -1 -1 
/home/antonkov/masterWork/tests/samePrefixMarkedMtx/depth4/node1/test0_04.mtx 2.6 0 -1 -1 
/home/antonkov/masterWork/tests/samePrefixMarkedMtx/depth4/node1/test0_04.mtx 2.7 0 -1 -1 
/home/antonkov/masterWork/tests/samePrefixMarkedMtx/depth4/node1/test0_04.mtx 2.8 0 -1 -1 
/home/antonkov/masterWork/tests/samePrefixMarkedMtx/depth4/node1/test0_04.mtx 2.9 0 -1 -1 
/home/antonkov/masterWork/tests/samePrefixMarkedMtx/depth4/node1/test0_04.mtx 3 0 -1 -1 
/home/antonkov/masterWork/tests/samePrefixMarkedMtx/depth4/node1/test0_04.mtx 3.1 0 -1 -1 
/home/antonkov/masterWork/tests/samePrefixMarkedMtx/depth4/node1/test0_04.mtx 3.2 0 -1 -1 
/home/antonkov/masterWork/tests/samePrefixMarkedMtx/depth4/node1/test0_04.mtx 3.3 0 -1 -1 
/home/antonkov/masterWork/tests/samePrefixMarkedMtx/depth4/node1/test0_04.mtx 3.4 0 -1 -1 
/home/antonkov/masterWork/tests/samePrefixMarkedMtx/depth4/node1/test0_04.mtx 3.5 0 -1 -1 
/home/antonkov/masterWork/tests/samePrefixMarkedMtx/depth4/node1/test0_05.mtx 1 470.279 0.0686241 0.8 
/home/antonkov/masterWork/tests/samePrefixMarkedMtx/depth4/node1/test0_05.mtx 1.1 420.384 0.0573611 0.69 
/home/antonkov/masterWork/tests/samePrefixMarkedMtx/depth4/node1/test0_05.mtx 1.2 397.016 0.0412196 0.52 
/home/antonkov/masterWork/tests/samePrefixMarkedMtx/depth4/node1/test0_05.mtx 1.3 500.757 0.0314475 0.415 
/home/antonkov/masterWork/tests/samePrefixMarkedMtx/depth4/node1/test0_05.mtx 1.4 462.629 0.019464 0.265 
/home/antonkov/masterWork/tests/samePrefixMarkedMtx/depth4/node1/test0_05.mtx 1.5 608.482 0.0101345 0.145 
/home/antonkov/masterWork/tests/samePrefixMarkedMtx/depth4/node1/test0_05.mtx 1.6 862.158 0.00453342 0.07125 
/home/antonkov/masterWork/tests/samePrefixMarkedMtx/depth4/node1/test0_05.mtx 1.7 1147.1 0.00242839 0.0378571 
/home/antonkov/masterWork/tests/samePrefixMarkedMtx/depth4/node1/test0_05.mtx 1.8 2218.59 0.000858893 0.0144444 
/home/antonkov/masterWork/tests/samePrefixMarkedMtx/depth4/node1/test0_05.mtx 1.9 4585.69 0.000330561 0.00537634 
/home/antonkov/masterWork/tests/samePrefixMarkedMtx/depth4/node1/test0_05.mtx 2 12229.7 8.43128e-05 0.00168919 
/home/antonkov/masterWork/tests/samePrefixMarkedMtx/depth4/node1/test0_05.mtx 2.1 41170.1 2.34596e-05 0.000439367 
/home/antonkov/masterWork/tests/samePrefixMarkedMtx/depth4/node1/test0_05.mtx 2.2 0 -1 -1 
/home/antonkov/masterWork/tests/samePrefixMarkedMtx/depth4/node1/test0_05.mtx 2.3 0 -1 -1 
/home/antonkov/masterWork/tests/samePrefixMarkedMtx/depth4/node1/test0_05.mtx 2.4 0 -1 -1 
/home/antonkov/masterWork/tests/samePrefixMarkedMtx/depth4/node1/test0_05.mtx 2.5 0 -1 -1 
/home/antonkov/masterWork/tests/samePrefixMarkedMtx/depth4/node1/test0_05.mtx 2.6 0 -1 -1 
/home/antonkov/masterWork/tests/samePrefixMarkedMtx/depth4/node1/test0_05.mtx 2.7 0 -1 -1 
/home/antonkov/masterWork/tests/samePrefixMarkedMtx/depth4/node1/test0_05.mtx 2.8 0 -1 -1 
/home/antonkov/masterWork/tests/samePrefixMarkedMtx/depth4/node1/test0_05.mtx 2.9 0 -1 -1 
/home/antonkov/masterWork/tests/samePrefixMarkedMtx/depth4/node1/test0_05.mtx 3 0 -1 -1 
/home/antonkov/masterWork/tests/samePrefixMarkedMtx/depth4/node1/test0_05.mtx 3.1 0 -1 -1 
/home/antonkov/masterWork/tests/samePrefixMarkedMtx/depth4/node1/test0_05.mtx 3.2 0 -1 -1 
/home/antonkov/masterWork/tests/samePrefixMarkedMtx/depth4/node1/test0_05.mtx 3.3 0 -1 -1 
/home/antonkov/masterWork/tests/samePrefixMarkedMtx/depth4/node1/test0_05.mtx 3.4 0 -1 -1 
/home/antonkov/masterWork/tests/samePrefixMarkedMtx/depth4/node1/test0_05.mtx 3.5 0 -1 -1 
/home/antonkov/masterWork/tests/samePrefixMarkedMtx/depth4/node1/test0_06.mtx 1 481.454 0.0734766 0.85 
/home/antonkov/masterWork/tests/samePrefixMarkedMtx/depth4/node1/test0_06.mtx 1.1 423.672 0.061658 0.74 
/home/antonkov/masterWork/tests/samePrefixMarkedMtx/depth4/node1/test0_06.mtx 1.2 398.888 0.0480729 0.59 
/home/antonkov/masterWork/tests/samePrefixMarkedMtx/depth4/node1/test0_06.mtx 1.3 512.681 0.0341667 0.45 
/home/antonkov/masterWork/tests/samePrefixMarkedMtx/depth4/node1/test0_06.mtx 1.4 473.078 0.0215169 0.295 
/home/antonkov/masterWork/tests/samePrefixMarkedMtx/depth4/node1/test0_06.mtx 1.5 545.673 0.0118895 0.17 
/home/antonkov/masterWork/tests/samePrefixMarkedMtx/depth4/node1/test0_06.mtx 1.6 720.785 0.00654731 0.0933333 
/home/antonkov/masterWork/tests/samePrefixMarkedMtx/depth4/node1/test0_06.mtx 1.7 1153.04 0.0024225 0.0357143 
/home/antonkov/masterWork/tests/samePrefixMarkedMtx/depth4/node1/test0_06.mtx 1.8 1949.37 0.00104573 0.016129 
/home/antonkov/masterWork/tests/samePrefixMarkedMtx/depth4/node1/test0_06.mtx 1.9 4761.98 0.000310307 0.00515464 
/home/antonkov/masterWork/tests/samePrefixMarkedMtx/depth4/node1/test0_06.mtx 2 14178.4 8.01472e-05 0.00142045 
/home/antonkov/masterWork/tests/samePrefixMarkedMtx/depth4/node1/test0_06.mtx 2.1 38257.6 2.72188e-05 0.000461255 
/home/antonkov/masterWork/tests/samePrefixMarkedMtx/depth4/node1/test0_06.mtx 2.2 0 -1 -1 
/home/antonkov/masterWork/tests/samePrefixMarkedMtx/depth4/node1/test0_06.mtx 2.3 0 -1 -1 
/home/antonkov/masterWork/tests/samePrefixMarkedMtx/depth4/node1/test0_06.mtx 2.4 0 -1 -1 
/home/antonkov/masterWork/tests/samePrefixMarkedMtx/depth4/node1/test0_06.mtx 2.5 0 -1 -1 
/home/antonkov/masterWork/tests/samePrefixMarkedMtx/depth4/node1/test0_06.mtx 2.6 0 -1 -1 
/home/antonkov/masterWork/tests/samePrefixMarkedMtx/depth4/node1/test0_06.mtx 2.7 0 -1 -1 
/home/antonkov/masterWork/tests/samePrefixMarkedMtx/depth4/node1/test0_06.mtx 2.8 0 -1 -1 
/home/antonkov/masterWork/tests/samePrefixMarkedMtx/depth4/node1/test0_06.mtx 2.9 0 -1 -1 
/home/antonkov/masterWork/tests/samePrefixMarkedMtx/depth4/node1/test0_06.mtx 3 0 -1 -1 
/home/antonkov/masterWork/tests/samePrefixMarkedMtx/depth4/node1/test0_06.mtx 3.1 0 -1 -1 
/home/antonkov/masterWork/tests/samePrefixMarkedMtx/depth4/node1/test0_06.mtx 3.2 0 -1 -1 
/home/antonkov/masterWork/tests/samePrefixMarkedMtx/depth4/node1/test0_06.mtx 3.3 0 -1 -1 
/home/antonkov/masterWork/tests/samePrefixMarkedMtx/depth4/node1/test0_06.mtx 3.4 0 -1 -1 
/home/antonkov/masterWork/tests/samePrefixMarkedMtx/depth4/node1/test0_06.mtx 3.5 0 -1 -1 
/home/antonkov/masterWork/tests/samePrefixMarkedMtx/depth4/node1/test0_07.mtx 1 486.232 0.0761328 0.86 
/home/antonkov/masterWork/tests/samePrefixMarkedMtx/depth4/node1/test0_07.mtx 1.1 446.809 0.0639019 0.8 
/home/antonkov/masterWork/tests/samePrefixMarkedMtx/depth4/node1/test0_07.mtx 1.2 413.944 0.0510981 0.64 
/home/antonkov/masterWork/tests/samePrefixMarkedMtx/depth4/node1/test0_07.mtx 1.3 511.961 0.0380252 0.5 
/home/antonkov/masterWork/tests/samePrefixMarkedMtx/depth4/node1/test0_07.mtx 1.4 477.382 0.0247374 0.335 
/home/antonkov/masterWork/tests/samePrefixMarkedMtx/depth4/node1/test0_07.mtx 1.5 541.708 0.0141175 0.196667 
/home/antonkov/masterWork/tests/samePrefixMarkedMtx/depth4/node1/test0_07.mtx 1.6 711.938 0.00599971 0.085 
/home/antonkov/masterWork/tests/samePrefixMarkedMtx/depth4/node1/test0_07.mtx 1.7 1085.06 0.00259248 0.04 
/home/antonkov/masterWork/tests/samePrefixMarkedMtx/depth4/node1/test0_07.mtx 1.8 2318.12 0.000841329 0.0131579 
/home/antonkov/masterWork/tests/samePrefixMarkedMtx/depth4/node1/test0_07.mtx 1.9 5340.54 0.000271873 0.0045045 
/home/antonkov/masterWork/tests/samePrefixMarkedMtx/depth4/node1/test0_07.mtx 2 14122.7 7.32835e-05 0.00140845 
/home/antonkov/masterWork/tests/samePrefixMarkedMtx/depth4/node1/test0_07.mtx 2.1 39397.4 2.29852e-05 0.000446828 
/home/antonkov/masterWork/tests/samePrefixMarkedMtx/depth4/node1/test0_07.mtx 2.2 0 -1 -1 
/home/antonkov/masterWork/tests/samePrefixMarkedMtx/depth4/node1/test0_07.mtx 2.3 0 -1 -1 
/home/antonkov/masterWork/tests/samePrefixMarkedMtx/depth4/node1/test0_07.mtx 2.4 0 -1 -1 
/home/antonkov/masterWork/tests/samePrefixMarkedMtx/depth4/node1/test0_07.mtx 2.5 0 -1 -1 
/home/antonkov/masterWork/tests/samePrefixMarkedMtx/depth4/node1/test0_07.mtx 2.6 0 -1 -1 
/home/antonkov/masterWork/tests/samePrefixMarkedMtx/depth4/node1/test0_07.mtx 2.7 0 -1 -1 
/home/antonkov/masterWork/tests/samePrefixMarkedMtx/depth4/node1/test0_07.mtx 2.8 0 -1 -1 
/home/antonkov/masterWork/tests/samePrefixMarkedMtx/depth4/node1/test0_07.mtx 2.9 0 -1 -1 
/home/antonkov/masterWork/tests/samePrefixMarkedMtx/depth4/node1/test0_07.mtx 3 0 -1 -1 
/home/antonkov/masterWork/tests/samePrefixMarkedMtx/depth4/node1/test0_07.mtx 3.1 0 -1 -1 
/home/antonkov/masterWork/tests/samePrefixMarkedMtx/depth4/node1/test0_07.mtx 3.2 0 -1 -1 
/home/antonkov/masterWork/tests/samePrefixMarkedMtx/depth4/node1/test0_07.mtx 3.3 0 -1 -1 
/home/antonkov/masterWork/tests/samePrefixMarkedMtx/depth4/node1/test0_07.mtx 3.4 0 -1 -1 
/home/antonkov/masterWork/tests/samePrefixMarkedMtx/depth4/node1/test0_07.mtx 3.5 0 -1 -1 
/home/antonkov/masterWork/tests/samePrefixMarkedMtx/depth4/node1/test0_08.mtx 1 484.628 0.0719835 0.87 
/home/antonkov/masterWork/tests/samePrefixMarkedMtx/depth4/node1/test0_08.mtx 1.1 423.696 0.0578602 0.71 
/home/antonkov/masterWork/tests/samePrefixMarkedMtx/depth4/node1/test0_08.mtx 1.2 408.609 0.0447005 0.59 
/home/antonkov/masterWork/tests/samePrefixMarkedMtx/depth4/node1/test0_08.mtx 1.3 511.698 0.0350022 0.455 
/home/antonkov/masterWork/tests/samePrefixMarkedMtx/depth4/node1/test0_08.mtx 1.4 489.383 0.022908 0.325 
/home/antonkov/masterWork/tests/samePrefixMarkedMtx/depth4/node1/test0_08.mtx 1.5 620.571 0.00939779 0.145 
/home/antonkov/masterWork/tests/samePrefixMarkedMtx/depth4/node1/test0_08.mtx 1.6 796.221 0.00503534 0.0771429 
/home/antonkov/masterWork/tests/samePrefixMarkedMtx/depth4/node1/test0_08.mtx 1.7 1219.89 0.00223582 0.0333333 
/home/antonkov/masterWork/tests/samePrefixMarkedMtx/depth4/node1/test0_08.mtx 1.8 2488.38 0.000838867 0.013 
/home/antonkov/masterWork/tests/samePrefixMarkedMtx/depth4/node1/test0_08.mtx 1.9 4051.9 0.00039491 0.00641026 
/home/antonkov/masterWork/tests/samePrefixMarkedMtx/depth4/node1/test0_08.mtx 2 10946.1 0.000113053 0.00197628 
/home/antonkov/masterWork/tests/samePrefixMarkedMtx/depth4/node1/test0_08.mtx 2.1 40892.8 2.64709e-05 0.000457875 
/home/antonkov/masterWork/tests/samePrefixMarkedMtx/depth4/node1/test0_08.mtx 2.2 0 -1 -1 
/home/antonkov/masterWork/tests/samePrefixMarkedMtx/depth4/node1/test0_08.mtx 2.3 0 -1 -1 
/home/antonkov/masterWork/tests/samePrefixMarkedMtx/depth4/node1/test0_08.mtx 2.4 0 -1 -1 
/home/antonkov/masterWork/tests/samePrefixMarkedMtx/depth4/node1/test0_08.mtx 2.5 0 -1 -1 
/home/antonkov/masterWork/tests/samePrefixMarkedMtx/depth4/node1/test0_08.mtx 2.6 0 -1 -1 
/home/antonkov/masterWork/tests/samePrefixMarkedMtx/depth4/node1/test0_08.mtx 2.7 0 -1 -1 
/home/antonkov/masterWork/tests/samePrefixMarkedMtx/depth4/node1/test0_08.mtx 2.8 0 -1 -1 
/home/antonkov/masterWork/tests/samePrefixMarkedMtx/depth4/node1/test0_08.mtx 2.9 0 -1 -1 
/home/antonkov/masterWork/tests/samePrefixMarkedMtx/depth4/node1/test0_08.mtx 3 0 -1 -1 
/home/antonkov/masterWork/tests/samePrefixMarkedMtx/depth4/node1/test0_08.mtx 3.1 0 -1 -1 
/home/antonkov/masterWork/tests/samePrefixMarkedMtx/depth4/node1/test0_08.mtx 3.2 0 -1 -1 
/home/antonkov/masterWork/tests/samePrefixMarkedMtx/depth4/node1/test0_08.mtx 3.3 0 -1 -1 
/home/antonkov/masterWork/tests/samePrefixMarkedMtx/depth4/node1/test0_08.mtx 3.4 0 -1 -1 
/home/antonkov/masterWork/tests/samePrefixMarkedMtx/depth4/node1/test0_08.mtx 3.5 0 -1 -1 
/home/antonkov/masterWork/tests/samePrefixMarkedMtx/depth4/node1/test0_09.mtx 1 473.565 0.0762977 0.88 
/home/antonkov/masterWork/tests/samePrefixMarkedMtx/depth4/node1/test0_09.mtx 1.1 429.619 0.0631858 0.76 
/home/antonkov/masterWork/tests/samePrefixMarkedMtx/depth4/node1/test0_09.mtx 1.2 408.314 0.0492101 0.63 
/home/antonkov/masterWork/tests/samePrefixMarkedMtx/depth4/node1/test0_09.mtx 1.3 510.477 0.0338715 0.45 
/home/antonkov/masterWork/tests/samePrefixMarkedMtx/depth4/node1/test0_09.mtx 1.4 475.232 0.0204362 0.28 
/home/antonkov/masterWork/tests/samePrefixMarkedMtx/depth4/node1/test0_09.mtx 1.5 607.328 0.0100065 0.1425 
/home/antonkov/masterWork/tests/samePrefixMarkedMtx/depth4/node1/test0_09.mtx 1.6 779.981 0.00568142 0.0814286 
/home/antonkov/masterWork/tests/samePrefixMarkedMtx/depth4/node1/test0_09.mtx 1.7 1116.6 0.00272436 0.0407692 
/home/antonkov/masterWork/tests/samePrefixMarkedMtx/depth4/node1/test0_09.mtx 1.8 1964.09 0.0010434 0.0166667 
/home/antonkov/masterWork/tests/samePrefixMarkedMtx/depth4/node1/test0_09.mtx 1.9 4279.49 0.000355076 0.00607143 
/home/antonkov/masterWork/tests/samePrefixMarkedMtx/depth4/node1/test0_09.mtx 2 10673.8 0.000110992 0.00196078 
/home/antonkov/masterWork/tests/samePrefixMarkedMtx/depth4/node1/test0_09.mtx 2.1 37882.5 2.62151e-05 0.000475737 
/home/antonkov/masterWork/tests/samePrefixMarkedMtx/depth4/node1/test0_09.mtx 2.2 0 -1 -1 
/home/antonkov/masterWork/tests/samePrefixMarkedMtx/depth4/node1/test0_09.mtx 2.3 0 -1 -1 
/home/antonkov/masterWork/tests/samePrefixMarkedMtx/depth4/node1/test0_09.mtx 2.4 0 -1 -1 
/home/antonkov/masterWork/tests/samePrefixMarkedMtx/depth4/node1/test0_09.mtx 2.5 0 -1 -1 
/home/antonkov/masterWork/tests/samePrefixMarkedMtx/depth4/node1/test0_09.mtx 2.6 0 -1 -1 
/home/antonkov/masterWork/tests/samePrefixMarkedMtx/depth4/node1/test0_09.mtx 2.7 0 -1 -1 
/home/antonkov/masterWork/tests/samePrefixMarkedMtx/depth4/node1/test0_09.mtx 2.8 0 -1 -1 
/home/antonkov/masterWork/tests/samePrefixMarkedMtx/depth4/node1/test0_09.mtx 2.9 0 -1 -1 
/home/antonkov/masterWork/tests/samePrefixMarkedMtx/depth4/node1/test0_09.mtx 3 0 -1 -1 
/home/antonkov/masterWork/tests/samePrefixMarkedMtx/depth4/node1/test0_09.mtx 3.1 0 -1 -1 
/home/antonkov/masterWork/tests/samePrefixMarkedMtx/depth4/node1/test0_09.mtx 3.2 0 -1 -1 
/home/antonkov/masterWork/tests/samePrefixMarkedMtx/depth4/node1/test0_09.mtx 3.3 0 -1 -1 
/home/antonkov/masterWork/tests/samePrefixMarkedMtx/depth4/node1/test0_09.mtx 3.4 0 -1 -1 
/home/antonkov/masterWork/tests/samePrefixMarkedMtx/depth4/node1/test0_09.mtx 3.5 0 -1 -1 
/home/antonkov/masterWork/tests/samePrefixMarkedMtx/depth4/node1/test0_10.mtx 1 471.296 0.0767187 0.85 
/home/antonkov/masterWork/tests/samePrefixMarkedMtx/depth4/node1/test0_10.mtx 1.1 443.056 0.0636675 0.75 
/home/antonkov/masterWork/tests/samePrefixMarkedMtx/depth4/node1/test0_10.mtx 1.2 404.027 0.0519184 0.65 
/home/antonkov/masterWork/tests/samePrefixMarkedMtx/depth4/node1/test0_10.mtx 1.3 525.082 0.0385004 0.49 
/home/antonkov/masterWork/tests/samePrefixMarkedMtx/depth4/node1/test0_10.mtx 1.4 484.333 0.0245877 0.33 
/home/antonkov/masterWork/tests/samePrefixMarkedMtx/depth4/node1/test0_10.mtx 1.5 545.03 0.0127315 0.183333 
/home/antonkov/masterWork/tests/samePrefixMarkedMtx/depth4/node1/test0_10.mtx 1.6 789.085 0.00564112 0.0814286 
/home/antonkov/masterWork/tests/samePrefixMarkedMtx/depth4/node1/test0_10.mtx 1.7 1166.42 0.0022895 0.0357143 
/home/antonkov/masterWork/tests/samePrefixMarkedMtx/depth4/node1/test0_10.mtx 1.8 2550.5 0.000714531 0.0116279 
/home/antonkov/masterWork/tests/samePrefixMarkedMtx/depth4/node1/test0_10.mtx 1.9 5308.36 0.000296652 0.00458716 
/home/antonkov/masterWork/tests/samePrefixMarkedMtx/depth4/node1/test0_10.mtx 2 16670.6 6.59722e-05 0.00120482 
/home/antonkov/masterWork/tests/samePrefixMarkedMtx/depth4/node1/test0_10.mtx 2.1 54885 1.8598e-05 0.000322373 
/home/antonkov/masterWork/tests/samePrefixMarkedMtx/depth4/node1/test0_10.mtx 2.2 0 -1 -1 
/home/antonkov/masterWork/tests/samePrefixMarkedMtx/depth4/node1/test0_10.mtx 2.3 0 -1 -1 
/home/antonkov/masterWork/tests/samePrefixMarkedMtx/depth4/node1/test0_10.mtx 2.4 0 -1 -1 
/home/antonkov/masterWork/tests/samePrefixMarkedMtx/depth4/node1/test0_10.mtx 2.5 0 -1 -1 
/home/antonkov/masterWork/tests/samePrefixMarkedMtx/depth4/node1/test0_10.mtx 2.6 0 -1 -1 
/home/antonkov/masterWork/tests/samePrefixMarkedMtx/depth4/node1/test0_10.mtx 2.7 0 -1 -1 
/home/antonkov/masterWork/tests/samePrefixMarkedMtx/depth4/node1/test0_10.mtx 2.8 0 -1 -1 
/home/antonkov/masterWork/tests/samePrefixMarkedMtx/depth4/node1/test0_10.mtx 2.9 0 -1 -1 
/home/antonkov/masterWork/tests/samePrefixMarkedMtx/depth4/node1/test0_10.mtx 3 0 -1 -1 
/home/antonkov/masterWork/tests/samePrefixMarkedMtx/depth4/node1/test0_10.mtx 3.1 0 -1 -1 
/home/antonkov/masterWork/tests/samePrefixMarkedMtx/depth4/node1/test0_10.mtx 3.2 0 -1 -1 
/home/antonkov/masterWork/tests/samePrefixMarkedMtx/depth4/node1/test0_10.mtx 3.3 0 -1 -1 
/home/antonkov/masterWork/tests/samePrefixMarkedMtx/depth4/node1/test0_10.mtx 3.4 0 -1 -1 
/home/antonkov/masterWork/tests/samePrefixMarkedMtx/depth4/node1/test0_10.mtx 3.5 0 -1 -1 
/home/antonkov/masterWork/tests/samePrefixMarkedMtx/depth4/node1/test0_11.mtx 1 495.317 0.0740061 0.86 
/home/antonkov/masterWork/tests/samePrefixMarkedMtx/depth4/node1/test0_11.mtx 1.1 434.609 0.0594488 0.72 
/home/antonkov/masterWork/tests/samePrefixMarkedMtx/depth4/node1/test0_11.mtx 1.2 417.563 0.0430512 0.54 
/home/antonkov/masterWork/tests/samePrefixMarkedMtx/depth4/node1/test0_11.mtx 1.3 524.97 0.0356467 0.49 
/home/antonkov/masterWork/tests/samePrefixMarkedMtx/depth4/node1/test0_11.mtx 1.4 492.95 0.0228624 0.325 
/home/antonkov/masterWork/tests/samePrefixMarkedMtx/depth4/node1/test0_11.mtx 1.5 634.448 0.0103331 0.1475 
/home/antonkov/masterWork/tests/samePrefixMarkedMtx/depth4/node1/test0_11.mtx 1.6 800.311 0.00495412 0.0714286 
/home/antonkov/masterWork/tests/samePrefixMarkedMtx/depth4/node1/test0_11.mtx 1.7 1134.8 0.00268263 0.0384615 
/home/antonkov/masterWork/tests/samePrefixMarkedMtx/depth4/node1/test0_11.mtx 1.8 2082.5 0.00101956 0.01625 
/home/antonkov/masterWork/tests/samePrefixMarkedMtx/depth4/node1/test0_11.mtx 1.9 5903.89 0.000243056 0.00423729 
/home/antonkov/masterWork/tests/samePrefixMarkedMtx/depth4/node1/test0_11.mtx 2 13168 8.96337e-05 0.0016129 
/home/antonkov/masterWork/tests/samePrefixMarkedMtx/depth4/node1/test0_11.mtx 2.1 44120.1 1.94471e-05 0.000421585 
/home/antonkov/masterWork/tests/samePrefixMarkedMtx/depth4/node1/test0_11.mtx 2.2 0 -1 -1 
/home/antonkov/masterWork/tests/samePrefixMarkedMtx/depth4/node1/test0_11.mtx 2.3 0 -1 -1 
/home/antonkov/masterWork/tests/samePrefixMarkedMtx/depth4/node1/test0_11.mtx 2.4 0 -1 -1 
/home/antonkov/masterWork/tests/samePrefixMarkedMtx/depth4/node1/test0_11.mtx 2.5 0 -1 -1 
/home/antonkov/masterWork/tests/samePrefixMarkedMtx/depth4/node1/test0_11.mtx 2.6 0 -1 -1 
/home/antonkov/masterWork/tests/samePrefixMarkedMtx/depth4/node1/test0_11.mtx 2.7 0 -1 -1 
/home/antonkov/masterWork/tests/samePrefixMarkedMtx/depth4/node1/test0_11.mtx 2.8 0 -1 -1 
/home/antonkov/masterWork/tests/samePrefixMarkedMtx/depth4/node1/test0_11.mtx 2.9 0 -1 -1 
/home/antonkov/masterWork/tests/samePrefixMarkedMtx/depth4/node1/test0_11.mtx 3 0 -1 -1 
/home/antonkov/masterWork/tests/samePrefixMarkedMtx/depth4/node1/test0_11.mtx 3.1 0 -1 -1 
/home/antonkov/masterWork/tests/samePrefixMarkedMtx/depth4/node1/test0_11.mtx 3.2 0 -1 -1 
/home/antonkov/masterWork/tests/samePrefixMarkedMtx/depth4/node1/test0_11.mtx 3.3 0 -1 -1 
/home/antonkov/masterWork/tests/samePrefixMarkedMtx/depth4/node1/test0_11.mtx 3.4 0 -1 -1 
/home/antonkov/masterWork/tests/samePrefixMarkedMtx/depth4/node1/test0_11.mtx 3.5 0 -1 -1 
/home/antonkov/masterWork/tests/samePrefixMarkedMtx/depth4/node1/test0_12.mtx 1 495.469 0.0778863 0.89 
/home/antonkov/masterWork/tests/samePrefixMarkedMtx/depth4/node1/test0_12.mtx 1.1 423.82 0.0604601 0.75 
/home/antonkov/masterWork/tests/samePrefixMarkedMtx/depth4/node1/test0_12.mtx 1.2 395.601 0.0445833 0.54 
/home/antonkov/masterWork/tests/samePrefixMarkedMtx/depth4/node1/test0_12.mtx 1.3 506.861 0.0330599 0.45 
/home/antonkov/masterWork/tests/samePrefixMarkedMtx/depth4/node1/test0_12.mtx 1.4 468.286 0.0181814 0.25 
/home/antonkov/masterWork/tests/samePrefixMarkedMtx/depth4/node1/test0_12.mtx 1.5 614.049 0.0113531 0.16 
/home/antonkov/masterWork/tests/samePrefixMarkedMtx/depth4/node1/test0_12.mtx 1.6 867.811 0.00451986 0.0675 
/home/antonkov/masterWork/tests/samePrefixMarkedMtx/depth4/node1/test0_12.mtx 1.7 1228.05 0.00205064 0.0333333 
/home/antonkov/masterWork/tests/samePrefixMarkedMtx/depth4/node1/test0_12.mtx 1.8 2817.83 0.000623101 0.010625 
/home/antonkov/masterWork/tests/samePrefixMarkedMtx/depth4/node1/test0_12.mtx 1.9 5161.22 0.000301288 0.00481481 
/home/antonkov/masterWork/tests/samePrefixMarkedMtx/depth4/node1/test0_12.mtx 2 11780 0.000101952 0.00172414 
/home/antonkov/masterWork/tests/samePrefixMarkedMtx/depth4/node1/test0_12.mtx 2.1 48200.8 1.98906e-05 0.000364697 
/home/antonkov/masterWork/tests/samePrefixMarkedMtx/depth4/node1/test0_12.mtx 2.2 0 -1 -1 
/home/antonkov/masterWork/tests/samePrefixMarkedMtx/depth4/node1/test0_12.mtx 2.3 0 -1 -1 
/home/antonkov/masterWork/tests/samePrefixMarkedMtx/depth4/node1/test0_12.mtx 2.4 0 -1 -1 
/home/antonkov/masterWork/tests/samePrefixMarkedMtx/depth4/node1/test0_12.mtx 2.5 0 -1 -1 
/home/antonkov/masterWork/tests/samePrefixMarkedMtx/depth4/node1/test0_12.mtx 2.6 0 -1 -1 
/home/antonkov/masterWork/tests/samePrefixMarkedMtx/depth4/node1/test0_12.mtx 2.7 0 -1 -1 
/home/antonkov/masterWork/tests/samePrefixMarkedMtx/depth4/node1/test0_12.mtx 2.8 0 -1 -1 
/home/antonkov/masterWork/tests/samePrefixMarkedMtx/depth4/node1/test0_12.mtx 2.9 0 -1 -1 
/home/antonkov/masterWork/tests/samePrefixMarkedMtx/depth4/node1/test0_12.mtx 3 0 -1 -1 
/home/antonkov/masterWork/tests/samePrefixMarkedMtx/depth4/node1/test0_12.mtx 3.1 0 -1 -1 
/home/antonkov/masterWork/tests/samePrefixMarkedMtx/depth4/node1/test0_12.mtx 3.2 0 -1 -1 
/home/antonkov/masterWork/tests/samePrefixMarkedMtx/depth4/node1/test0_12.mtx 3.3 0 -1 -1 
/home/antonkov/masterWork/tests/samePrefixMarkedMtx/depth4/node1/test0_12.mtx 3.4 0 -1 -1 
/home/antonkov/masterWork/tests/samePrefixMarkedMtx/depth4/node1/test0_12.mtx 3.5 0 -1 -1 
/home/antonkov/masterWork/tests/samePrefixMarkedMtx/depth4/node1/test0_13.mtx 1 463.682 0.0741233 0.86 
/home/antonkov/masterWork/tests/samePrefixMarkedMtx/depth4/node1/test0_13.mtx 1.1 433.852 0.0585243 0.74 
/home/antonkov/masterWork/tests/samePrefixMarkedMtx/depth4/node1/test0_13.mtx 1.2 398.313 0.0388064 0.5 
/home/antonkov/masterWork/tests/samePrefixMarkedMtx/depth4/node1/test0_13.mtx 1.3 514.044 0.0277669 0.365 
/home/antonkov/masterWork/tests/samePrefixMarkedMtx/depth4/node1/test0_13.mtx 1.4 577.237 0.0183464 0.25 
/home/antonkov/masterWork/tests/samePrefixMarkedMtx/depth4/node1/test0_13.mtx 1.5 620.364 0.0104612 0.1375 
/home/antonkov/masterWork/tests/samePrefixMarkedMtx/depth4/node1/test0_13.mtx 1.6 782.868 0.00532862 0.0757143 
/home/antonkov/masterWork/tests/samePrefixMarkedMtx/depth4/node1/test0_13.mtx 1.7 1024.4 0.00264431 0.0425 
/home/antonkov/masterWork/tests/samePrefixMarkedMtx/depth4/node1/test0_13.mtx 1.8 2696.09 0.000692805 0.0111111 
/home/antonkov/masterWork/tests/samePrefixMarkedMtx/depth4/node1/test0_13.mtx 1.9 4746.32 0.000327132 0.00515464 
/home/antonkov/masterWork/tests/samePrefixMarkedMtx/depth4/node1/test0_13.mtx 2 12415.1 9.25307e-05 0.00164474 
/home/antonkov/masterWork/tests/samePrefixMarkedMtx/depth4/node1/test0_13.mtx 2.1 41619.3 2.1823e-05 0.000424448 
/home/antonkov/masterWork/tests/samePrefixMarkedMtx/depth4/node1/test0_13.mtx 2.2 0 -1 -1 
/home/antonkov/masterWork/tests/samePrefixMarkedMtx/depth4/node1/test0_13.mtx 2.3 0 -1 -1 
/home/antonkov/masterWork/tests/samePrefixMarkedMtx/depth4/node1/test0_13.mtx 2.4 0 -1 -1 
/home/antonkov/masterWork/tests/samePrefixMarkedMtx/depth4/node1/test0_13.mtx 2.5 0 -1 -1 
/home/antonkov/masterWork/tests/samePrefixMarkedMtx/depth4/node1/test0_13.mtx 2.6 0 -1 -1 
/home/antonkov/masterWork/tests/samePrefixMarkedMtx/depth4/node1/test0_13.mtx 2.7 0 -1 -1 
/home/antonkov/masterWork/tests/samePrefixMarkedMtx/depth4/node1/test0_13.mtx 2.8 0 -1 -1 
/home/antonkov/masterWork/tests/samePrefixMarkedMtx/depth4/node1/test0_13.mtx 2.9 0 -1 -1 
/home/antonkov/masterWork/tests/samePrefixMarkedMtx/depth4/node1/test0_13.mtx 3 0 -1 -1 
/home/antonkov/masterWork/tests/samePrefixMarkedMtx/depth4/node1/test0_13.mtx 3.1 0 -1 -1 
/home/antonkov/masterWork/tests/samePrefixMarkedMtx/depth4/node1/test0_13.mtx 3.2 0 -1 -1 
/home/antonkov/masterWork/tests/samePrefixMarkedMtx/depth4/node1/test0_13.mtx 3.3 0 -1 -1 
/home/antonkov/masterWork/tests/samePrefixMarkedMtx/depth4/node1/test0_13.mtx 3.4 0 -1 -1 
/home/antonkov/masterWork/tests/samePrefixMarkedMtx/depth4/node1/test0_13.mtx 3.5 0 -1 -1 
/home/antonkov/masterWork/tests/samePrefixMarkedMtx/depth4/node1/test0_14.mtx 1 469.591 0.0777517 0.87 
/home/antonkov/masterWork/tests/samePrefixMarkedMtx/depth4/node1/test0_14.mtx 1.1 423.977 0.066224 0.79 
/home/antonkov/masterWork/tests/samePrefixMarkedMtx/depth4/node1/test0_14.mtx 1.2 412.157 0.0517795 0.65 
/home/antonkov/masterWork/tests/samePrefixMarkedMtx/depth4/node1/test0_14.mtx 1.3 392.682 0.0370833 0.51 
/home/antonkov/masterWork/tests/samePrefixMarkedMtx/depth4/node1/test0_14.mtx 1.4 492.677 0.0230295 0.325 
/home/antonkov/masterWork/tests/samePrefixMarkedMtx/depth4/node1/test0_14.mtx 1.5 632.611 0.0115701 0.165 
/home/antonkov/masterWork/tests/samePrefixMarkedMtx/depth4/node1/test0_14.mtx 1.6 710.431 0.00558738 0.085 
/home/antonkov/masterWork/tests/samePrefixMarkedMtx/depth4/node1/test0_14.mtx 1.7 983.398 0.00304964 0.0472727 
/home/antonkov/masterWork/tests/samePrefixMarkedMtx/depth4/node1/test0_14.mtx 1.8 2227.68 0.000876736 0.0141667 
/home/antonkov/masterWork/tests/samePrefixMarkedMtx/depth4/node1/test0_14.mtx 1.9 5586.15 0.000247853 0.00438596 
/home/antonkov/masterWork/tests/samePrefixMarkedMtx/depth4/node1/test0_14.mtx 2 14886.9 8.39796e-05 0.00137363 
/home/antonkov/masterWork/tests/samePrefixMarkedMtx/depth4/node1/test0_14.mtx 2.1 51502.9 1.96577e-05 0.000346741 
/home/antonkov/masterWork/tests/samePrefixMarkedMtx/depth4/node1/test0_14.mtx 2.2 0 -1 -1 
/home/antonkov/masterWork/tests/samePrefixMarkedMtx/depth4/node1/test0_14.mtx 2.3 0 -1 -1 
/home/antonkov/masterWork/tests/samePrefixMarkedMtx/depth4/node1/test0_14.mtx 2.4 0 -1 -1 
/home/antonkov/masterWork/tests/samePrefixMarkedMtx/depth4/node1/test0_14.mtx 2.5 0 -1 -1 
/home/antonkov/masterWork/tests/samePrefixMarkedMtx/depth4/node1/test0_14.mtx 2.6 0 -1 -1 
/home/antonkov/masterWork/tests/samePrefixMarkedMtx/depth4/node1/test0_14.mtx 2.7 0 -1 -1 
/home/antonkov/masterWork/tests/samePrefixMarkedMtx/depth4/node1/test0_14.mtx 2.8 0 -1 -1 
/home/antonkov/masterWork/tests/samePrefixMarkedMtx/depth4/node1/test0_14.mtx 2.9 0 -1 -1 
/home/antonkov/masterWork/tests/samePrefixMarkedMtx/depth4/node1/test0_14.mtx 3 0 -1 -1 
/home/antonkov/masterWork/tests/samePrefixMarkedMtx/depth4/node1/test0_14.mtx 3.1 0 -1 -1 
/home/antonkov/masterWork/tests/samePrefixMarkedMtx/depth4/node1/test0_14.mtx 3.2 0 -1 -1 
/home/antonkov/masterWork/tests/samePrefixMarkedMtx/depth4/node1/test0_14.mtx 3.3 0 -1 -1 
/home/antonkov/masterWork/tests/samePrefixMarkedMtx/depth4/node1/test0_14.mtx 3.4 0 -1 -1 
/home/antonkov/masterWork/tests/samePrefixMarkedMtx/depth4/node1/test0_14.mtx 3.5 0 -1 -1 
/home/antonkov/masterWork/tests/samePrefixMarkedMtx/depth4/node1/test1_00.mtx 1 456.433 0.0820877 0.91 
/home/antonkov/masterWork/tests/samePrefixMarkedMtx/depth4/node1/test1_00.mtx 1.1 416.52 0.0700347 0.83 
/home/antonkov/masterWork/tests/samePrefixMarkedMtx/depth4/node1/test1_00.mtx 1.2 391.085 0.0544922 0.66 
/home/antonkov/masterWork/tests/samePrefixMarkedMtx/depth4/node1/test1_00.mtx 1.3 377.463 0.0370009 0.51 
/home/antonkov/masterWork/tests/samePrefixMarkedMtx/depth4/node1/test1_00.mtx 1.4 478.138 0.0253494 0.335 
/home/antonkov/masterWork/tests/samePrefixMarkedMtx/depth4/node1/test1_00.mtx 1.5 521.085 0.0163788 0.226667 
/home/antonkov/masterWork/tests/samePrefixMarkedMtx/depth4/node1/test1_00.mtx 1.6 621.325 0.00661806 0.1 
/home/antonkov/masterWork/tests/samePrefixMarkedMtx/depth4/node1/test1_00.mtx 1.7 978.744 0.00313644 0.05 
/home/antonkov/masterWork/tests/samePrefixMarkedMtx/depth4/node1/test1_00.mtx 1.8 1771.07 0.00127187 0.0196154 
/home/antonkov/masterWork/tests/samePrefixMarkedMtx/depth4/node1/test1_00.mtx 1.9 3160.39 0.000521189 0.00819672 
/home/antonkov/masterWork/tests/samePrefixMarkedMtx/depth4/node1/test1_00.mtx 2 9327.74 0.000130621 0.00226244 
/home/antonkov/masterWork/tests/samePrefixMarkedMtx/depth4/node1/test1_00.mtx 2.1 25609.9 3.28909e-05 0.000703235 
/home/antonkov/masterWork/tests/samePrefixMarkedMtx/depth4/node1/test1_00.mtx 2.2 0 -1 -1 
/home/antonkov/masterWork/tests/samePrefixMarkedMtx/depth4/node1/test1_00.mtx 2.3 0 -1 -1 
/home/antonkov/masterWork/tests/samePrefixMarkedMtx/depth4/node1/test1_00.mtx 2.4 0 -1 -1 
/home/antonkov/masterWork/tests/samePrefixMarkedMtx/depth4/node1/test1_00.mtx 2.5 0 -1 -1 
/home/antonkov/masterWork/tests/samePrefixMarkedMtx/depth4/node1/test1_00.mtx 2.6 0 -1 -1 
/home/antonkov/masterWork/tests/samePrefixMarkedMtx/depth4/node1/test1_00.mtx 2.7 0 -1 -1 
/home/antonkov/masterWork/tests/samePrefixMarkedMtx/depth4/node1/test1_00.mtx 2.8 0 -1 -1 
/home/antonkov/masterWork/tests/samePrefixMarkedMtx/depth4/node1/test1_00.mtx 2.9 0 -1 -1 
/home/antonkov/masterWork/tests/samePrefixMarkedMtx/depth4/node1/test1_00.mtx 3 0 -1 -1 
/home/antonkov/masterWork/tests/samePrefixMarkedMtx/depth4/node1/test1_00.mtx 3.1 0 -1 -1 
/home/antonkov/masterWork/tests/samePrefixMarkedMtx/depth4/node1/test1_00.mtx 3.2 0 -1 -1 
/home/antonkov/masterWork/tests/samePrefixMarkedMtx/depth4/node1/test1_00.mtx 3.3 0 -1 -1 
/home/antonkov/masterWork/tests/samePrefixMarkedMtx/depth4/node1/test1_00.mtx 3.4 0 -1 -1 
/home/antonkov/masterWork/tests/samePrefixMarkedMtx/depth4/node1/test1_00.mtx 3.5 0 -1 -1 
/home/antonkov/masterWork/tests/samePrefixMarkedMtx/depth4/node1/test1_01.mtx 1 466.703 0.083138 0.91 
/home/antonkov/masterWork/tests/samePrefixMarkedMtx/depth4/node1/test1_01.mtx 1.1 410.687 0.0706944 0.85 
/home/antonkov/masterWork/tests/samePrefixMarkedMtx/depth4/node1/test1_01.mtx 1.2 383.757 0.0541319 0.69 
/home/antonkov/masterWork/tests/samePrefixMarkedMtx/depth4/node1/test1_01.mtx 1.3 509.106 0.0393056 0.51 
/home/antonkov/masterWork/tests/samePrefixMarkedMtx/depth4/node1/test1_01.mtx 1.4 466.543 0.0265061 0.365 
/home/antonkov/masterWork/tests/samePrefixMarkedMtx/depth4/node1/test1_01.mtx 1.5 526.893 0.0171687 0.23 
/home/antonkov/masterWork/tests/samePrefixMarkedMtx/depth4/node1/test1_01.mtx 1.6 581.35 0.00838108 0.1275 
/home/antonkov/masterWork/tests/samePrefixMarkedMtx/depth4/node1/test1_01.mtx 1.7 923.614 0.00344835 0.051 
/home/antonkov/masterWork/tests/samePrefixMarkedMtx/depth4/node1/test1_01.mtx 1.8 1522.96 0.00156506 0.0231818 
/home/antonkov/masterWork/tests/samePrefixMarkedMtx/depth4/node1/test1_01.mtx 1.9 3938.12 0.00042112 0.00649351 
/home/antonkov/masterWork/tests/samePrefixMarkedMtx/depth4/node1/test1_01.mtx 2 9327.83 0.000135432 0.00230769 
/home/antonkov/masterWork/tests/samePrefixMarkedMtx/depth4/node1/test1_01.mtx 2.1 24280 3.87241e-05 0.000749625 
/home/antonkov/masterWork/tests/samePrefixMarkedMtx/depth4/node1/test1_01.mtx 2.2 0 -1 -1 
/home/antonkov/masterWork/tests/samePrefixMarkedMtx/depth4/node1/test1_01.mtx 2.3 0 -1 -1 
/home/antonkov/masterWork/tests/samePrefixMarkedMtx/depth4/node1/test1_01.mtx 2.4 0 -1 -1 
/home/antonkov/masterWork/tests/samePrefixMarkedMtx/depth4/node1/test1_01.mtx 2.5 0 -1 -1 
/home/antonkov/masterWork/tests/samePrefixMarkedMtx/depth4/node1/test1_01.mtx 2.6 0 -1 -1 
/home/antonkov/masterWork/tests/samePrefixMarkedMtx/depth4/node1/test1_01.mtx 2.7 0 -1 -1 
/home/antonkov/masterWork/tests/samePrefixMarkedMtx/depth4/node1/test1_01.mtx 2.8 0 -1 -1 
/home/antonkov/masterWork/tests/samePrefixMarkedMtx/depth4/node1/test1_01.mtx 2.9 0 -1 -1 
/home/antonkov/masterWork/tests/samePrefixMarkedMtx/depth4/node1/test1_01.mtx 3 0 -1 -1 
/home/antonkov/masterWork/tests/samePrefixMarkedMtx/depth4/node1/test1_01.mtx 3.1 0 -1 -1 
/home/antonkov/masterWork/tests/samePrefixMarkedMtx/depth4/node1/test1_01.mtx 3.2 0 -1 -1 
/home/antonkov/masterWork/tests/samePrefixMarkedMtx/depth4/node1/test1_01.mtx 3.3 0 -1 -1 
/home/antonkov/masterWork/tests/samePrefixMarkedMtx/depth4/node1/test1_01.mtx 3.4 0 -1 -1 
/home/antonkov/masterWork/tests/samePrefixMarkedMtx/depth4/node1/test1_01.mtx 3.5 0 -1 -1 
/home/antonkov/masterWork/tests/samePrefixMarkedMtx/depth4/node1/test1_02.mtx 1 453.279 0.0814583 0.89 
/home/antonkov/masterWork/tests/samePrefixMarkedMtx/depth4/node1/test1_02.mtx 1.1 414.291 0.0722092 0.84 
/home/antonkov/masterWork/tests/samePrefixMarkedMtx/depth4/node1/test1_02.mtx 1.2 392.813 0.052066 0.64 
/home/antonkov/masterWork/tests/samePrefixMarkedMtx/depth4/node1/test1_02.mtx 1.3 505.301 0.0384006 0.505 
/home/antonkov/masterWork/tests/samePrefixMarkedMtx/depth4/node1/test1_02.mtx 1.4 466.115 0.0251584 0.35 
/home/antonkov/masterWork/tests/samePrefixMarkedMtx/depth4/node1/test1_02.mtx 1.5 526.329 0.0134201 0.193333 
/home/antonkov/masterWork/tests/samePrefixMarkedMtx/depth4/node1/test1_02.mtx 1.6 717.575 0.00668113 0.095 
/home/antonkov/masterWork/tests/samePrefixMarkedMtx/depth4/node1/test1_02.mtx 1.7 922.844 0.0033355 0.05 
/home/antonkov/masterWork/tests/samePrefixMarkedMtx/depth4/node1/test1_02.mtx 1.8 1715.84 0.00115538 0.0204 
/home/antonkov/masterWork/tests/samePrefixMarkedMtx/depth4/node1/test1_02.mtx 1.9 3800.77 0.000374048 0.00708333 
/home/antonkov/masterWork/tests/samePrefixMarkedMtx/depth4/node1/test1_02.mtx 2 8746.76 0.000126112 0.00255102 
/home/antonkov/masterWork/tests/samePrefixMarkedMtx/depth4/node1/test1_02.mtx 2.1 22323 3.08145e-05 0.000859107 
/home/antonkov/masterWork/tests/samePrefixMarkedMtx/depth4/node1/test1_02.mtx 2.2 0 -1 -1 
/home/antonkov/masterWork/tests/samePrefixMarkedMtx/depth4/node1/test1_02.mtx 2.3 0 -1 -1 
/home/antonkov/masterWork/tests/samePrefixMarkedMtx/depth4/node1/test1_02.mtx 2.4 0 -1 -1 
/home/antonkov/masterWork/tests/samePrefixMarkedMtx/depth4/node1/test1_02.mtx 2.5 0 -1 -1 
/home/antonkov/masterWork/tests/samePrefixMarkedMtx/depth4/node1/test1_02.mtx 2.6 0 -1 -1 
/home/antonkov/masterWork/tests/samePrefixMarkedMtx/depth4/node1/test1_02.mtx 2.7 0 -1 -1 
/home/antonkov/masterWork/tests/samePrefixMarkedMtx/depth4/node1/test1_02.mtx 2.8 0 -1 -1 
/home/antonkov/masterWork/tests/samePrefixMarkedMtx/depth4/node1/test1_02.mtx 2.9 0 -1 -1 
/home/antonkov/masterWork/tests/samePrefixMarkedMtx/depth4/node1/test1_02.mtx 3 0 -1 -1 
/home/antonkov/masterWork/tests/samePrefixMarkedMtx/depth4/node1/test1_02.mtx 3.1 0 -1 -1 
/home/antonkov/masterWork/tests/samePrefixMarkedMtx/depth4/node1/test1_02.mtx 3.2 0 -1 -1 
/home/antonkov/masterWork/tests/samePrefixMarkedMtx/depth4/node1/test1_02.mtx 3.3 0 -1 -1 
/home/antonkov/masterWork/tests/samePrefixMarkedMtx/depth4/node1/test1_02.mtx 3.4 0 -1 -1 
/home/antonkov/masterWork/tests/samePrefixMarkedMtx/depth4/node1/test1_02.mtx 3.5 0 -1 -1 
/home/antonkov/masterWork/tests/samePrefixMarkedMtx/depth4/node1/test1_03.mtx 1 459.844 0.0787283 0.88 
/home/antonkov/masterWork/tests/samePrefixMarkedMtx/depth4/node1/test1_03.mtx 1.1 414.402 0.066645 0.79 
/home/antonkov/masterWork/tests/samePrefixMarkedMtx/depth4/node1/test1_03.mtx 1.2 390.765 0.0538325 0.66 
/home/antonkov/masterWork/tests/samePrefixMarkedMtx/depth4/node1/test1_03.mtx 1.3 496.557 0.0395855 0.505 
/home/antonkov/masterWork/tests/samePrefixMarkedMtx/depth4/node1/test1_03.mtx 1.4 472.048 0.0231467 0.295 
/home/antonkov/masterWork/tests/samePrefixMarkedMtx/depth4/node1/test1_03.mtx 1.5 541.465 0.0145399 0.203333 
/home/antonkov/masterWork/tests/samePrefixMarkedMtx/depth4/node1/test1_03.mtx 1.6 626.098 0.00763455 0.108 
/home/antonkov/masterWork/tests/samePrefixMarkedMtx/depth4/node1/test1_03.mtx 1.7 911.368 0.00313542 0.05 
/home/antonkov/masterWork/tests/samePrefixMarkedMtx/depth4/node1/test1_03.mtx 1.8 1662.58 0.00130712 0.02 
/home/antonkov/masterWork/tests/samePrefixMarkedMtx/depth4/node1/test1_03.mtx 1.9 3117.34 0.000513874 0.0087931 
/home/antonkov/masterWork/tests/samePrefixMarkedMtx/depth4/node1/test1_03.mtx 2 7407.91 0.000162326 0.00294118 
/home/antonkov/masterWork/tests/samePrefixMarkedMtx/depth4/node1/test1_03.mtx 2.1 25055.9 3.61647e-05 0.000745156 
/home/antonkov/masterWork/tests/samePrefixMarkedMtx/depth4/node1/test1_03.mtx 2.2 0 -1 -1 
/home/antonkov/masterWork/tests/samePrefixMarkedMtx/depth4/node1/test1_03.mtx 2.3 0 -1 -1 
/home/antonkov/masterWork/tests/samePrefixMarkedMtx/depth4/node1/test1_03.mtx 2.4 0 -1 -1 
/home/antonkov/masterWork/tests/samePrefixMarkedMtx/depth4/node1/test1_03.mtx 2.5 0 -1 -1 
/home/antonkov/masterWork/tests/samePrefixMarkedMtx/depth4/node1/test1_03.mtx 2.6 0 -1 -1 
/home/antonkov/masterWork/tests/samePrefixMarkedMtx/depth4/node1/test1_03.mtx 2.7 0 -1 -1 
/home/antonkov/masterWork/tests/samePrefixMarkedMtx/depth4/node1/test1_03.mtx 2.8 0 -1 -1 
/home/antonkov/masterWork/tests/samePrefixMarkedMtx/depth4/node1/test1_03.mtx 2.9 0 -1 -1 
/home/antonkov/masterWork/tests/samePrefixMarkedMtx/depth4/node1/test1_03.mtx 3 0 -1 -1 
/home/antonkov/masterWork/tests/samePrefixMarkedMtx/depth4/node1/test1_03.mtx 3.1 0 -1 -1 
/home/antonkov/masterWork/tests/samePrefixMarkedMtx/depth4/node1/test1_03.mtx 3.2 0 -1 -1 
/home/antonkov/masterWork/tests/samePrefixMarkedMtx/depth4/node1/test1_03.mtx 3.3 0 -1 -1 
/home/antonkov/masterWork/tests/samePrefixMarkedMtx/depth4/node1/test1_03.mtx 3.4 0 -1 -1 
/home/antonkov/masterWork/tests/samePrefixMarkedMtx/depth4/node1/test1_03.mtx 3.5 0 -1 -1 
/home/antonkov/masterWork/tests/samePrefixMarkedMtx/depth4/node1/test1_04.mtx 1 461.16 0.080395 0.91 
/home/antonkov/masterWork/tests/samePrefixMarkedMtx/depth4/node1/test1_04.mtx 1.1 412.8 0.0688411 0.79 
/home/antonkov/masterWork/tests/samePrefixMarkedMtx/depth4/node1/test1_04.mtx 1.2 384.626 0.0521398 0.66 
/home/antonkov/masterWork/tests/samePrefixMarkedMtx/depth4/node1/test1_04.mtx 1.3 366.873 0.0366363 0.51 
/home/antonkov/masterWork/tests/samePrefixMarkedMtx/depth4/node1/test1_04.mtx 1.4 467.157 0.024911 0.335 
/home/antonkov/masterWork/tests/samePrefixMarkedMtx/depth4/node1/test1_04.mtx 1.5 530.36 0.014077 0.193333 
/home/antonkov/masterWork/tests/samePrefixMarkedMtx/depth4/node1/test1_04.mtx 1.6 648.1 0.0075842 0.108 
/home/antonkov/masterWork/tests/samePrefixMarkedMtx/depth4/node1/test1_04.mtx 1.7 863.54 0.00390721 0.0555556 
/home/antonkov/masterWork/tests/samePrefixMarkedMtx/depth4/node1/test1_04.mtx 1.8 1349.46 0.00166301 0.0263158 
/home/antonkov/masterWork/tests/samePrefixMarkedMtx/depth4/node1/test1_04.mtx 1.9 3212.42 0.000494792 0.00833333 
/home/antonkov/masterWork/tests/samePrefixMarkedMtx/depth4/node1/test1_04.mtx 2 9691.01 0.000131535 0.00218341 
/home/antonkov/masterWork/tests/samePrefixMarkedMtx/depth4/node1/test1_04.mtx 2.1 27324.5 3.48021e-05 0.00065703 
/home/antonkov/masterWork/tests/samePrefixMarkedMtx/depth4/node1/test1_04.mtx 2.2 0 -1 -1 
/home/antonkov/masterWork/tests/samePrefixMarkedMtx/depth4/node1/test1_04.mtx 2.3 0 -1 -1 
/home/antonkov/masterWork/tests/samePrefixMarkedMtx/depth4/node1/test1_04.mtx 2.4 0 -1 -1 
/home/antonkov/masterWork/tests/samePrefixMarkedMtx/depth4/node1/test1_04.mtx 2.5 0 -1 -1 
/home/antonkov/masterWork/tests/samePrefixMarkedMtx/depth4/node1/test1_04.mtx 2.6 0 -1 -1 
/home/antonkov/masterWork/tests/samePrefixMarkedMtx/depth4/node1/test1_04.mtx 2.7 0 -1 -1 
/home/antonkov/masterWork/tests/samePrefixMarkedMtx/depth4/node1/test1_04.mtx 2.8 0 -1 -1 
/home/antonkov/masterWork/tests/samePrefixMarkedMtx/depth4/node1/test1_04.mtx 2.9 0 -1 -1 
/home/antonkov/masterWork/tests/samePrefixMarkedMtx/depth4/node1/test1_04.mtx 3 0 -1 -1 
/home/antonkov/masterWork/tests/samePrefixMarkedMtx/depth4/node1/test1_04.mtx 3.1 0 -1 -1 
/home/antonkov/masterWork/tests/samePrefixMarkedMtx/depth4/node1/test1_04.mtx 3.2 0 -1 -1 
/home/antonkov/masterWork/tests/samePrefixMarkedMtx/depth4/node1/test1_04.mtx 3.3 0 -1 -1 
/home/antonkov/masterWork/tests/samePrefixMarkedMtx/depth4/node1/test1_04.mtx 3.4 0 -1 -1 
/home/antonkov/masterWork/tests/samePrefixMarkedMtx/depth4/node1/test1_04.mtx 3.5 0 -1 -1 
/home/antonkov/masterWork/tests/samePrefixMarkedMtx/depth4/node1/test1_05.mtx 1 451.444 0.0789887 0.87 
/home/antonkov/masterWork/tests/samePrefixMarkedMtx/depth4/node1/test1_05.mtx 1.1 410.365 0.0686458 0.83 
/home/antonkov/masterWork/tests/samePrefixMarkedMtx/depth4/node1/test1_05.mtx 1.2 392.414 0.0549045 0.68 
/home/antonkov/masterWork/tests/samePrefixMarkedMtx/depth4/node1/test1_05.mtx 1.3 367.102 0.0428733 0.56 
/home/antonkov/masterWork/tests/samePrefixMarkedMtx/depth4/node1/test1_05.mtx 1.4 473.367 0.0249588 0.34 
/home/antonkov/masterWork/tests/samePrefixMarkedMtx/depth4/node1/test1_05.mtx 1.5 519.128 0.0152459 0.213333 
/home/antonkov/masterWork/tests/samePrefixMarkedMtx/depth4/node1/test1_05.mtx 1.6 637.518 0.00922656 0.126 
/home/antonkov/masterWork/tests/samePrefixMarkedMtx/depth4/node1/test1_05.mtx 1.7 913.412 0.00330556 0.052 
/home/antonkov/masterWork/tests/samePrefixMarkedMtx/depth4/node1/test1_05.mtx 1.8 1584.49 0.00143283 0.02125 
/home/antonkov/masterWork/tests/samePrefixMarkedMtx/depth4/node1/test1_05.mtx 1.9 3836.13 0.000431481 0.00693333 
/home/antonkov/masterWork/tests/samePrefixMarkedMtx/depth4/node1/test1_05.mtx 2 8439.83 0.000147526 0.0025 
/home/antonkov/masterWork/tests/samePrefixMarkedMtx/depth4/node1/test1_05.mtx 2.1 20782.7 4.67298e-05 0.00087108 
/home/antonkov/masterWork/tests/samePrefixMarkedMtx/depth4/node1/test1_05.mtx 2.2 0 -1 -1 
/home/antonkov/masterWork/tests/samePrefixMarkedMtx/depth4/node1/test1_05.mtx 2.3 0 -1 -1 
/home/antonkov/masterWork/tests/samePrefixMarkedMtx/depth4/node1/test1_05.mtx 2.4 0 -1 -1 
/home/antonkov/masterWork/tests/samePrefixMarkedMtx/depth4/node1/test1_05.mtx 2.5 0 -1 -1 
/home/antonkov/masterWork/tests/samePrefixMarkedMtx/depth4/node1/test1_05.mtx 2.6 0 -1 -1 
/home/antonkov/masterWork/tests/samePrefixMarkedMtx/depth4/node1/test1_05.mtx 2.7 0 -1 -1 
/home/antonkov/masterWork/tests/samePrefixMarkedMtx/depth4/node1/test1_05.mtx 2.8 0 -1 -1 
/home/antonkov/masterWork/tests/samePrefixMarkedMtx/depth4/node1/test1_05.mtx 2.9 0 -1 -1 
/home/antonkov/masterWork/tests/samePrefixMarkedMtx/depth4/node1/test1_05.mtx 3 0 -1 -1 
/home/antonkov/masterWork/tests/samePrefixMarkedMtx/depth4/node1/test1_05.mtx 3.1 0 -1 -1 
/home/antonkov/masterWork/tests/samePrefixMarkedMtx/depth4/node1/test1_05.mtx 3.2 0 -1 -1 
/home/antonkov/masterWork/tests/samePrefixMarkedMtx/depth4/node1/test1_05.mtx 3.3 0 -1 -1 
/home/antonkov/masterWork/tests/samePrefixMarkedMtx/depth4/node1/test1_05.mtx 3.4 0 -1 -1 
/home/antonkov/masterWork/tests/samePrefixMarkedMtx/depth4/node1/test1_05.mtx 3.5 0 -1 -1 
/home/antonkov/masterWork/tests/samePrefixMarkedMtx/depth4/node1/test1_06.mtx 1 465.944 0.0819705 0.93 
/home/antonkov/masterWork/tests/samePrefixMarkedMtx/depth4/node1/test1_06.mtx 1.1 413.281 0.0706641 0.82 
/home/antonkov/masterWork/tests/samePrefixMarkedMtx/depth4/node1/test1_06.mtx 1.2 410.464 0.0558811 0.73 
/home/antonkov/masterWork/tests/samePrefixMarkedMtx/depth4/node1/test1_06.mtx 1.3 372.274 0.0408854 0.53 
/home/antonkov/masterWork/tests/samePrefixMarkedMtx/depth4/node1/test1_06.mtx 1.4 464.898 0.0296246 0.395 
/home/antonkov/masterWork/tests/samePrefixMarkedMtx/depth4/node1/test1_06.mtx 1.5 521.986 0.0161994 0.23 
/home/antonkov/masterWork/tests/samePrefixMarkedMtx/depth4/node1/test1_06.mtx 1.6 567.641 0.00835938 0.13 
/home/antonkov/masterWork/tests/samePrefixMarkedMtx/depth4/node1/test1_06.mtx 1.7 899.787 0.00377648 0.056 
/home/antonkov/masterWork/tests/samePrefixMarkedMtx/depth4/node1/test1_06.mtx 1.8 1738.81 0.00128205 0.02 
/home/antonkov/masterWork/tests/samePrefixMarkedMtx/depth4/node1/test1_06.mtx 1.9 4184.49 0.00040174 0.00609756 
/home/antonkov/masterWork/tests/samePrefixMarkedMtx/depth4/node1/test1_06.mtx 2 8549.42 0.000150096 0.00248756 
/home/antonkov/masterWork/tests/samePrefixMarkedMtx/depth4/node1/test1_06.mtx 2.1 29854.8 3.59788e-05 0.000603136 
/home/antonkov/masterWork/tests/samePrefixMarkedMtx/depth4/node1/test1_06.mtx 2.2 0 -1 -1 
/home/antonkov/masterWork/tests/samePrefixMarkedMtx/depth4/node1/test1_06.mtx 2.3 0 -1 -1 
/home/antonkov/masterWork/tests/samePrefixMarkedMtx/depth4/node1/test1_06.mtx 2.4 0 -1 -1 
/home/antonkov/masterWork/tests/samePrefixMarkedMtx/depth4/node1/test1_06.mtx 2.5 0 -1 -1 
/home/antonkov/masterWork/tests/samePrefixMarkedMtx/depth4/node1/test1_06.mtx 2.6 0 -1 -1 
/home/antonkov/masterWork/tests/samePrefixMarkedMtx/depth4/node1/test1_06.mtx 2.7 0 -1 -1 
/home/antonkov/masterWork/tests/samePrefixMarkedMtx/depth4/node1/test1_06.mtx 2.8 0 -1 -1 
/home/antonkov/masterWork/tests/samePrefixMarkedMtx/depth4/node1/test1_06.mtx 2.9 0 -1 -1 
/home/antonkov/masterWork/tests/samePrefixMarkedMtx/depth4/node1/test1_06.mtx 3 0 -1 -1 
/home/antonkov/masterWork/tests/samePrefixMarkedMtx/depth4/node1/test1_06.mtx 3.1 0 -1 -1 
/home/antonkov/masterWork/tests/samePrefixMarkedMtx/depth4/node1/test1_06.mtx 3.2 0 -1 -1 
/home/antonkov/masterWork/tests/samePrefixMarkedMtx/depth4/node1/test1_06.mtx 3.3 0 -1 -1 
/home/antonkov/masterWork/tests/samePrefixMarkedMtx/depth4/node1/test1_06.mtx 3.4 0 -1 -1 
/home/antonkov/masterWork/tests/samePrefixMarkedMtx/depth4/node1/test1_06.mtx 3.5 0 -1 -1 
/home/antonkov/masterWork/tests/samePrefixMarkedMtx/depth4/node1/test1_07.mtx 1 463.499 0.0786024 0.88 
/home/antonkov/masterWork/tests/samePrefixMarkedMtx/depth4/node1/test1_07.mtx 1.1 409.289 0.0650694 0.76 
/home/antonkov/masterWork/tests/samePrefixMarkedMtx/depth4/node1/test1_07.mtx 1.2 385.276 0.0510026 0.64 
/home/antonkov/masterWork/tests/samePrefixMarkedMtx/depth4/node1/test1_07.mtx 1.3 372.907 0.0384245 0.52 
/home/antonkov/masterWork/tests/samePrefixMarkedMtx/depth4/node1/test1_07.mtx 1.4 471.575 0.0264757 0.365 
/home/antonkov/masterWork/tests/samePrefixMarkedMtx/depth4/node1/test1_07.mtx 1.5 524.174 0.0155845 0.22 
/home/antonkov/masterWork/tests/samePrefixMarkedMtx/depth4/node1/test1_07.mtx 1.6 689.33 0.00739222 0.106667 
/home/antonkov/masterWork/tests/samePrefixMarkedMtx/depth4/node1/test1_07.mtx 1.7 905.308 0.00369878 0.056 
/home/antonkov/masterWork/tests/samePrefixMarkedMtx/depth4/node1/test1_07.mtx 1.8 1488.41 0.00156457 0.0247619 
/home/antonkov/masterWork/tests/samePrefixMarkedMtx/depth4/node1/test1_07.mtx 1.9 4177.81 0.000381683 0.0060241 
/home/antonkov/masterWork/tests/samePrefixMarkedMtx/depth4/node1/test1_07.mtx 2 7136.68 0.00018567 0.00305389 
/home/antonkov/masterWork/tests/samePrefixMarkedMtx/depth4/node1/test1_07.mtx 2.1 21744 4.79321e-05 0.000837521 
/home/antonkov/masterWork/tests/samePrefixMarkedMtx/depth4/node1/test1_07.mtx 2.2 0 -1 -1 
/home/antonkov/masterWork/tests/samePrefixMarkedMtx/depth4/node1/test1_07.mtx 2.3 0 -1 -1 
/home/antonkov/masterWork/tests/samePrefixMarkedMtx/depth4/node1/test1_07.mtx 2.4 0 -1 -1 
/home/antonkov/masterWork/tests/samePrefixMarkedMtx/depth4/node1/test1_07.mtx 2.5 0 -1 -1 
/home/antonkov/masterWork/tests/samePrefixMarkedMtx/depth4/node1/test1_07.mtx 2.6 0 -1 -1 
/home/antonkov/masterWork/tests/samePrefixMarkedMtx/depth4/node1/test1_07.mtx 2.7 0 -1 -1 
/home/antonkov/masterWork/tests/samePrefixMarkedMtx/depth4/node1/test1_07.mtx 2.8 0 -1 -1 
/home/antonkov/masterWork/tests/samePrefixMarkedMtx/depth4/node1/test1_07.mtx 2.9 0 -1 -1 
/home/antonkov/masterWork/tests/samePrefixMarkedMtx/depth4/node1/test1_07.mtx 3 0 -1 -1 
/home/antonkov/masterWork/tests/samePrefixMarkedMtx/depth4/node1/test1_07.mtx 3.1 0 -1 -1 
/home/antonkov/masterWork/tests/samePrefixMarkedMtx/depth4/node1/test1_07.mtx 3.2 0 -1 -1 
/home/antonkov/masterWork/tests/samePrefixMarkedMtx/depth4/node1/test1_07.mtx 3.3 0 -1 -1 
/home/antonkov/masterWork/tests/samePrefixMarkedMtx/depth4/node1/test1_07.mtx 3.4 0 -1 -1 
/home/antonkov/masterWork/tests/samePrefixMarkedMtx/depth4/node1/test1_07.mtx 3.5 0 -1 -1 
/home/antonkov/masterWork/tests/samePrefixMarkedMtx/depth4/node1/test1_08.mtx 1 463.899 0.0799002 0.92 
/home/antonkov/masterWork/tests/samePrefixMarkedMtx/depth4/node1/test1_08.mtx 1.1 411.252 0.0642578 0.78 
/home/antonkov/masterWork/tests/samePrefixMarkedMtx/depth4/node1/test1_08.mtx 1.2 390.916 0.0491753 0.61 
/home/antonkov/masterWork/tests/samePrefixMarkedMtx/depth4/node1/test1_08.mtx 1.3 511.214 0.0394097 0.505 
/home/antonkov/masterWork/tests/samePrefixMarkedMtx/depth4/node1/test1_08.mtx 1.4 466.154 0.0250998 0.345 
/home/antonkov/masterWork/tests/samePrefixMarkedMtx/depth4/node1/test1_08.mtx 1.5 517.338 0.0141942 0.2 
/home/antonkov/masterWork/tests/samePrefixMarkedMtx/depth4/node1/test1_08.mtx 1.6 712.187 0.00720631 0.111667 
/home/antonkov/masterWork/tests/samePrefixMarkedMtx/depth4/node1/test1_08.mtx 1.7 1053.53 0.0029022 0.0416667 
/home/antonkov/masterWork/tests/samePrefixMarkedMtx/depth4/node1/test1_08.mtx 1.8 1828.76 0.00130394 0.0178571 
/home/antonkov/masterWork/tests/samePrefixMarkedMtx/depth4/node1/test1_08.mtx 1.9 3225.93 0.000516564 0.00819672 
/home/antonkov/masterWork/tests/samePrefixMarkedMtx/depth4/node1/test1_08.mtx 2 6694.55 0.000197637 0.00322581 
/home/antonkov/masterWork/tests/samePrefixMarkedMtx/depth4/node1/test1_08.mtx 2.1 28496.4 3.74507e-05 0.000633714 
/home/antonkov/masterWork/tests/samePrefixMarkedMtx/depth4/node1/test1_08.mtx 2.2 0 -1 -1 
/home/antonkov/masterWork/tests/samePrefixMarkedMtx/depth4/node1/test1_08.mtx 2.3 0 -1 -1 
/home/antonkov/masterWork/tests/samePrefixMarkedMtx/depth4/node1/test1_08.mtx 2.4 0 -1 -1 
/home/antonkov/masterWork/tests/samePrefixMarkedMtx/depth4/node1/test1_08.mtx 2.5 0 -1 -1 
/home/antonkov/masterWork/tests/samePrefixMarkedMtx/depth4/node1/test1_08.mtx 2.6 0 -1 -1 
/home/antonkov/masterWork/tests/samePrefixMarkedMtx/depth4/node1/test1_08.mtx 2.7 0 -1 -1 
/home/antonkov/masterWork/tests/samePrefixMarkedMtx/depth4/node1/test1_08.mtx 2.8 0 -1 -1 
/home/antonkov/masterWork/tests/samePrefixMarkedMtx/depth4/node1/test1_08.mtx 2.9 0 -1 -1 
/home/antonkov/masterWork/tests/samePrefixMarkedMtx/depth4/node1/test1_08.mtx 3 0 -1 -1 
/home/antonkov/masterWork/tests/samePrefixMarkedMtx/depth4/node1/test1_08.mtx 3.1 0 -1 -1 
/home/antonkov/masterWork/tests/samePrefixMarkedMtx/depth4/node1/test1_08.mtx 3.2 0 -1 -1 
/home/antonkov/masterWork/tests/samePrefixMarkedMtx/depth4/node1/test1_08.mtx 3.3 0 -1 -1 
/home/antonkov/masterWork/tests/samePrefixMarkedMtx/depth4/node1/test1_08.mtx 3.4 0 -1 -1 
/home/antonkov/masterWork/tests/samePrefixMarkedMtx/depth4/node1/test1_08.mtx 3.5 0 -1 -1 
/home/antonkov/masterWork/tests/samePrefixMarkedMtx/depth4/node1/test1_09.mtx 1 433.988 0.077283 0.86 
/home/antonkov/masterWork/tests/samePrefixMarkedMtx/depth4/node1/test1_09.mtx 1.1 406.484 0.0647873 0.77 
/home/antonkov/masterWork/tests/samePrefixMarkedMtx/depth4/node1/test1_09.mtx 1.2 381.772 0.0524957 0.65 
/home/antonkov/masterWork/tests/samePrefixMarkedMtx/depth4/node1/test1_09.mtx 1.3 512.484 0.041454 0.52 
/home/antonkov/masterWork/tests/samePrefixMarkedMtx/depth4/node1/test1_09.mtx 1.4 475.188 0.0271984 0.355 
/home/antonkov/masterWork/tests/samePrefixMarkedMtx/depth4/node1/test1_09.mtx 1.5 536.643 0.0167636 0.236667 
/home/antonkov/masterWork/tests/samePrefixMarkedMtx/depth4/node1/test1_09.mtx 1.6 656.536 0.00715191 0.112 
/home/antonkov/masterWork/tests/samePrefixMarkedMtx/depth4/node1/test1_09.mtx 1.7 785.936 0.00389323 0.0625 
/home/antonkov/masterWork/tests/samePrefixMarkedMtx/depth4/node1/test1_09.mtx 1.8 1701.99 0.00130893 0.02 
/home/antonkov/masterWork/tests/samePrefixMarkedMtx/depth4/node1/test1_09.mtx 1.9 4175.32 0.000368296 0.0060241 
/home/antonkov/masterWork/tests/samePrefixMarkedMtx/depth4/node1/test1_09.mtx 2 12173 0.000106634 0.00171233 
/home/antonkov/masterWork/tests/samePrefixMarkedMtx/depth4/node1/test1_09.mtx 2.1 29683.9 3.35563e-05 0.000610501 
/home/antonkov/masterWork/tests/samePrefixMarkedMtx/depth4/node1/test1_09.mtx 2.2 0 -1 -1 
/home/antonkov/masterWork/tests/samePrefixMarkedMtx/depth4/node1/test1_09.mtx 2.3 0 -1 -1 
/home/antonkov/masterWork/tests/samePrefixMarkedMtx/depth4/node1/test1_09.mtx 2.4 0 -1 -1 
/home/antonkov/masterWork/tests/samePrefixMarkedMtx/depth4/node1/test1_09.mtx 2.5 0 -1 -1 
/home/antonkov/masterWork/tests/samePrefixMarkedMtx/depth4/node1/test1_09.mtx 2.6 0 -1 -1 
/home/antonkov/masterWork/tests/samePrefixMarkedMtx/depth4/node1/test1_09.mtx 2.7 0 -1 -1 
/home/antonkov/masterWork/tests/samePrefixMarkedMtx/depth4/node1/test1_09.mtx 2.8 0 -1 -1 
/home/antonkov/masterWork/tests/samePrefixMarkedMtx/depth4/node1/test1_09.mtx 2.9 0 -1 -1 
/home/antonkov/masterWork/tests/samePrefixMarkedMtx/depth4/node1/test1_09.mtx 3 0 -1 -1 
/home/antonkov/masterWork/tests/samePrefixMarkedMtx/depth4/node1/test1_09.mtx 3.1 0 -1 -1 
/home/antonkov/masterWork/tests/samePrefixMarkedMtx/depth4/node1/test1_09.mtx 3.2 0 -1 -1 
/home/antonkov/masterWork/tests/samePrefixMarkedMtx/depth4/node1/test1_09.mtx 3.3 0 -1 -1 
/home/antonkov/masterWork/tests/samePrefixMarkedMtx/depth4/node1/test1_09.mtx 3.4 0 -1 -1 
/home/antonkov/masterWork/tests/samePrefixMarkedMtx/depth4/node1/test1_09.mtx 3.5 0 -1 -1 
/home/antonkov/masterWork/tests/samePrefixMarkedMtx/depth4/node1/test1_10.mtx 1 462.479 0.0778819 0.87 
/home/antonkov/masterWork/tests/samePrefixMarkedMtx/depth4/node1/test1_10.mtx 1.1 409.016 0.064145 0.77 
/home/antonkov/masterWork/tests/samePrefixMarkedMtx/depth4/node1/test1_10.mtx 1.2 373.966 0.0476389 0.61 
/home/antonkov/masterWork/tests/samePrefixMarkedMtx/depth4/node1/test1_10.mtx 1.3 371.817 0.0376389 0.51 
/home/antonkov/masterWork/tests/samePrefixMarkedMtx/depth4/node1/test1_10.mtx 1.4 467.009 0.0278993 0.39 
/home/antonkov/masterWork/tests/samePrefixMarkedMtx/depth4/node1/test1_10.mtx 1.5 531.429 0.0162804 0.233333 
/home/antonkov/masterWork/tests/samePrefixMarkedMtx/depth4/node1/test1_10.mtx 1.6 644.554 0.00719965 0.106 
/home/antonkov/masterWork/tests/samePrefixMarkedMtx/depth4/node1/test1_10.mtx 1.7 912.023 0.00343359 0.052 
/home/antonkov/masterWork/tests/samePrefixMarkedMtx/depth4/node1/test1_10.mtx 1.8 1529.35 0.00137606 0.0221739 
/home/antonkov/masterWork/tests/samePrefixMarkedMtx/depth4/node1/test1_10.mtx 1.9 3821.07 0.000445775 0.00666667 
/home/antonkov/masterWork/tests/samePrefixMarkedMtx/depth4/node1/test1_10.mtx 2 8419.97 0.0001542 0.00251256 
/home/antonkov/masterWork/tests/samePrefixMarkedMtx/depth4/node1/test1_10.mtx 2.1 22469.9 4.51109e-05 0.000806452 
/home/antonkov/masterWork/tests/samePrefixMarkedMtx/depth4/node1/test1_10.mtx 2.2 0 -1 -1 
/home/antonkov/masterWork/tests/samePrefixMarkedMtx/depth4/node1/test1_10.mtx 2.3 0 -1 -1 
/home/antonkov/masterWork/tests/samePrefixMarkedMtx/depth4/node1/test1_10.mtx 2.4 0 -1 -1 
/home/antonkov/masterWork/tests/samePrefixMarkedMtx/depth4/node1/test1_10.mtx 2.5 0 -1 -1 
/home/antonkov/masterWork/tests/samePrefixMarkedMtx/depth4/node1/test1_10.mtx 2.6 0 -1 -1 
/home/antonkov/masterWork/tests/samePrefixMarkedMtx/depth4/node1/test1_10.mtx 2.7 0 -1 -1 
/home/antonkov/masterWork/tests/samePrefixMarkedMtx/depth4/node1/test1_10.mtx 2.8 0 -1 -1 
/home/antonkov/masterWork/tests/samePrefixMarkedMtx/depth4/node1/test1_10.mtx 2.9 0 -1 -1 
/home/antonkov/masterWork/tests/samePrefixMarkedMtx/depth4/node1/test1_10.mtx 3 0 -1 -1 
/home/antonkov/masterWork/tests/samePrefixMarkedMtx/depth4/node1/test1_10.mtx 3.1 0 -1 -1 
/home/antonkov/masterWork/tests/samePrefixMarkedMtx/depth4/node1/test1_10.mtx 3.2 0 -1 -1 
/home/antonkov/masterWork/tests/samePrefixMarkedMtx/depth4/node1/test1_10.mtx 3.3 0 -1 -1 
/home/antonkov/masterWork/tests/samePrefixMarkedMtx/depth4/node1/test1_10.mtx 3.4 0 -1 -1 
/home/antonkov/masterWork/tests/samePrefixMarkedMtx/depth4/node1/test1_10.mtx 3.5 0 -1 -1 
/home/antonkov/masterWork/tests/samePrefixMarkedMtx/depth4/node1/test1_11.mtx 1 455.984 0.0851259 0.92 
/home/antonkov/masterWork/tests/samePrefixMarkedMtx/depth4/node1/test1_11.mtx 1.1 410.601 0.0748351 0.89 
/home/antonkov/masterWork/tests/samePrefixMarkedMtx/depth4/node1/test1_11.mtx 1.2 395.793 0.0564323 0.73 
/home/antonkov/masterWork/tests/samePrefixMarkedMtx/depth4/node1/test1_11.mtx 1.3 372.621 0.0402127 0.53 
/home/antonkov/masterWork/tests/samePrefixMarkedMtx/depth4/node1/test1_11.mtx 1.4 457.956 0.0260026 0.345 
/home/antonkov/masterWork/tests/samePrefixMarkedMtx/depth4/node1/test1_11.mtx 1.5 530.113 0.0158145 0.223333 
/home/antonkov/masterWork/tests/samePrefixMarkedMtx/depth4/node1/test1_11.mtx 1.6 710.943 0.00595848 0.0883333 
/home/antonkov/masterWork/tests/samePrefixMarkedMtx/depth4/node1/test1_11.mtx 1.7 1064.21 0.00254274 0.0392308 
/home/antonkov/masterWork/tests/samePrefixMarkedMtx/depth4/node1/test1_11.mtx 1.8 1919.24 0.00099537 0.0166667 
/home/antonkov/masterWork/tests/samePrefixMarkedMtx/depth4/node1/test1_11.mtx 1.9 3580.04 0.000437487 0.00724638 
/home/antonkov/masterWork/tests/samePrefixMarkedMtx/depth4/node1/test1_11.mtx 2 9376.8 0.000127406 0.00224215 
/home/antonkov/masterWork/tests/samePrefixMarkedMtx/depth4/node1/test1_11.mtx 2.1 21854.9 4.9156e-05 0.000851419 
/home/antonkov/masterWork/tests/samePrefixMarkedMtx/depth4/node1/test1_11.mtx 2.2 0 -1 -1 
/home/antonkov/masterWork/tests/samePrefixMarkedMtx/depth4/node1/test1_11.mtx 2.3 0 -1 -1 
/home/antonkov/masterWork/tests/samePrefixMarkedMtx/depth4/node1/test1_11.mtx 2.4 0 -1 -1 
/home/antonkov/masterWork/tests/samePrefixMarkedMtx/depth4/node1/test1_11.mtx 2.5 0 -1 -1 
/home/antonkov/masterWork/tests/samePrefixMarkedMtx/depth4/node1/test1_11.mtx 2.6 0 -1 -1 
/home/antonkov/masterWork/tests/samePrefixMarkedMtx/depth4/node1/test1_11.mtx 2.7 0 -1 -1 
/home/antonkov/masterWork/tests/samePrefixMarkedMtx/depth4/node1/test1_11.mtx 2.8 0 -1 -1 
/home/antonkov/masterWork/tests/samePrefixMarkedMtx/depth4/node1/test1_11.mtx 2.9 0 -1 -1 
/home/antonkov/masterWork/tests/samePrefixMarkedMtx/depth4/node1/test1_11.mtx 3 0 -1 -1 
/home/antonkov/masterWork/tests/samePrefixMarkedMtx/depth4/node1/test1_11.mtx 3.1 0 -1 -1 
/home/antonkov/masterWork/tests/samePrefixMarkedMtx/depth4/node1/test1_11.mtx 3.2 0 -1 -1 
/home/antonkov/masterWork/tests/samePrefixMarkedMtx/depth4/node1/test1_11.mtx 3.3 0 -1 -1 
/home/antonkov/masterWork/tests/samePrefixMarkedMtx/depth4/node1/test1_11.mtx 3.4 0 -1 -1 
/home/antonkov/masterWork/tests/samePrefixMarkedMtx/depth4/node1/test1_11.mtx 3.5 0 -1 -1 
/home/antonkov/masterWork/tests/samePrefixMarkedMtx/depth4/node1/test1_12.mtx 1 461.584 0.084388 0.91 
/home/antonkov/masterWork/tests/samePrefixMarkedMtx/depth4/node1/test1_12.mtx 1.1 416.574 0.0716623 0.82 
/home/antonkov/masterWork/tests/samePrefixMarkedMtx/depth4/node1/test1_12.mtx 1.2 396.613 0.0554297 0.66 
/home/antonkov/masterWork/tests/samePrefixMarkedMtx/depth4/node1/test1_12.mtx 1.3 374.235 0.0441102 0.56 
/home/antonkov/masterWork/tests/samePrefixMarkedMtx/depth4/node1/test1_12.mtx 1.4 461.046 0.0288021 0.375 
/home/antonkov/masterWork/tests/samePrefixMarkedMtx/depth4/node1/test1_12.mtx 1.5 507.701 0.0139439 0.186667 
/home/antonkov/masterWork/tests/samePrefixMarkedMtx/depth4/node1/test1_12.mtx 1.6 719.796 0.00760923 0.105 
/home/antonkov/masterWork/tests/samePrefixMarkedMtx/depth4/node1/test1_12.mtx 1.7 979.457 0.00325955 0.0472727 
/home/antonkov/masterWork/tests/samePrefixMarkedMtx/depth4/node1/test1_12.mtx 1.8 1757.46 0.00120526 0.0192308 
/home/antonkov/masterWork/tests/samePrefixMarkedMtx/depth4/node1/test1_12.mtx 1.9 3807.29 0.000414586 0.00684932 
/home/antonkov/masterWork/tests/samePrefixMarkedMtx/depth4/node1/test1_12.mtx 2 7648.65 0.000159499 0.0027933 
/home/antonkov/masterWork/tests/samePrefixMarkedMtx/depth4/node1/test1_12.mtx 2.1 27299.9 3.52454e-05 0.000662252 
/home/antonkov/masterWork/tests/samePrefixMarkedMtx/depth4/node1/test1_12.mtx 2.2 0 -1 -1 
/home/antonkov/masterWork/tests/samePrefixMarkedMtx/depth4/node1/test1_12.mtx 2.3 0 -1 -1 
/home/antonkov/masterWork/tests/samePrefixMarkedMtx/depth4/node1/test1_12.mtx 2.4 0 -1 -1 
/home/antonkov/masterWork/tests/samePrefixMarkedMtx/depth4/node1/test1_12.mtx 2.5 0 -1 -1 
/home/antonkov/masterWork/tests/samePrefixMarkedMtx/depth4/node1/test1_12.mtx 2.6 0 -1 -1 
/home/antonkov/masterWork/tests/samePrefixMarkedMtx/depth4/node1/test1_12.mtx 2.7 0 -1 -1 
/home/antonkov/masterWork/tests/samePrefixMarkedMtx/depth4/node1/test1_12.mtx 2.8 0 -1 -1 
/home/antonkov/masterWork/tests/samePrefixMarkedMtx/depth4/node1/test1_12.mtx 2.9 0 -1 -1 
/home/antonkov/masterWork/tests/samePrefixMarkedMtx/depth4/node1/test1_12.mtx 3 0 -1 -1 
/home/antonkov/masterWork/tests/samePrefixMarkedMtx/depth4/node1/test1_12.mtx 3.1 0 -1 -1 
/home/antonkov/masterWork/tests/samePrefixMarkedMtx/depth4/node1/test1_12.mtx 3.2 0 -1 -1 
/home/antonkov/masterWork/tests/samePrefixMarkedMtx/depth4/node1/test1_12.mtx 3.3 0 -1 -1 
/home/antonkov/masterWork/tests/samePrefixMarkedMtx/depth4/node1/test1_12.mtx 3.4 0 -1 -1 
/home/antonkov/masterWork/tests/samePrefixMarkedMtx/depth4/node1/test1_12.mtx 3.5 0 -1 -1 
/home/antonkov/masterWork/tests/samePrefixMarkedMtx/depth4/node1/test1_13.mtx 1 463.228 0.0794358 0.9 
/home/antonkov/masterWork/tests/samePrefixMarkedMtx/depth4/node1/test1_13.mtx 1.1 408.659 0.0662717 0.76 
/home/antonkov/masterWork/tests/samePrefixMarkedMtx/depth4/node1/test1_13.mtx 1.2 390.095 0.0505425 0.61 
/home/antonkov/masterWork/tests/samePrefixMarkedMtx/depth4/node1/test1_13.mtx 1.3 497.854 0.0380664 0.505 
/home/antonkov/masterWork/tests/samePrefixMarkedMtx/depth4/node1/test1_13.mtx 1.4 465.776 0.025931 0.35 
/home/antonkov/masterWork/tests/samePrefixMarkedMtx/depth4/node1/test1_13.mtx 1.5 524.932 0.0118504 0.183333 
/home/antonkov/masterWork/tests/samePrefixMarkedMtx/depth4/node1/test1_13.mtx 1.6 796.728 0.00584511 0.09 
/home/antonkov/masterWork/tests/samePrefixMarkedMtx/depth4/node1/test1_13.mtx 1.7 1044.67 0.00270327 0.0416667 
/home/antonkov/masterWork/tests/samePrefixMarkedMtx/depth4/node1/test1_13.mtx 1.8 1659.5 0.00135561 0.02125 
/home/antonkov/masterWork/tests/samePrefixMarkedMtx/depth4/node1/test1_13.mtx 1.9 3473.26 0.000423663 0.00746269 
/home/antonkov/masterWork/tests/samePrefixMarkedMtx/depth4/node1/test1_13.mtx 2 7227.52 0.000183133 0.0030303 
/home/antonkov/masterWork/tests/samePrefixMarkedMtx/depth4/node1/test1_13.mtx 2.1 22401.6 5.08153e-05 0.000868114 
/home/antonkov/masterWork/tests/samePrefixMarkedMtx/depth4/node1/test1_13.mtx 2.2 0 -1 -1 
/home/antonkov/masterWork/tests/samePrefixMarkedMtx/depth4/node1/test1_13.mtx 2.3 0 -1 -1 
/home/antonkov/masterWork/tests/samePrefixMarkedMtx/depth4/node1/test1_13.mtx 2.4 0 -1 -1 
/home/antonkov/masterWork/tests/samePrefixMarkedMtx/depth4/node1/test1_13.mtx 2.5 0 -1 -1 
/home/antonkov/masterWork/tests/samePrefixMarkedMtx/depth4/node1/test1_13.mtx 2.6 0 -1 -1 
/home/antonkov/masterWork/tests/samePrefixMarkedMtx/depth4/node1/test1_13.mtx 2.7 0 -1 -1 
/home/antonkov/masterWork/tests/samePrefixMarkedMtx/depth4/node1/test1_13.mtx 2.8 0 -1 -1 
/home/antonkov/masterWork/tests/samePrefixMarkedMtx/depth4/node1/test1_13.mtx 2.9 0 -1 -1 
/home/antonkov/masterWork/tests/samePrefixMarkedMtx/depth4/node1/test1_13.mtx 3 0 -1 -1 
/home/antonkov/masterWork/tests/samePrefixMarkedMtx/depth4/node1/test1_13.mtx 3.1 0 -1 -1 
/home/antonkov/masterWork/tests/samePrefixMarkedMtx/depth4/node1/test1_13.mtx 3.2 0 -1 -1 
/home/antonkov/masterWork/tests/samePrefixMarkedMtx/depth4/node1/test1_13.mtx 3.3 0 -1 -1 
/home/antonkov/masterWork/tests/samePrefixMarkedMtx/depth4/node1/test1_13.mtx 3.4 0 -1 -1 
/home/antonkov/masterWork/tests/samePrefixMarkedMtx/depth4/node1/test1_13.mtx 3.5 0 -1 -1 
/home/antonkov/masterWork/tests/samePrefixMarkedMtx/depth4/node1/test1_14.mtx 1 454.757 0.0783724 0.88 
/home/antonkov/masterWork/tests/samePrefixMarkedMtx/depth4/node1/test1_14.mtx 1.1 408.984 0.0676345 0.83 
/home/antonkov/masterWork/tests/samePrefixMarkedMtx/depth4/node1/test1_14.mtx 1.2 391.592 0.0513411 0.66 
/home/antonkov/masterWork/tests/samePrefixMarkedMtx/depth4/node1/test1_14.mtx 1.3 490.218 0.0356597 0.475 
/home/antonkov/masterWork/tests/samePrefixMarkedMtx/depth4/node1/test1_14.mtx 1.4 455.801 0.0237044 0.325 
/home/antonkov/masterWork/tests/samePrefixMarkedMtx/depth4/node1/test1_14.mtx 1.5 516.557 0.0141334 0.2 
/home/antonkov/masterWork/tests/samePrefixMarkedMtx/depth4/node1/test1_14.mtx 1.6 712.585 0.00622902 0.09 
/home/antonkov/masterWork/tests/samePrefixMarkedMtx/depth4/node1/test1_14.mtx 1.7 987.539 0.0034229 0.0509091 
/home/antonkov/masterWork/tests/samePrefixMarkedMtx/depth4/node1/test1_14.mtx 1.8 1548.81 0.00156289 0.0231818 
/home/antonkov/masterWork/tests/samePrefixMarkedMtx/depth4/node1/test1_14.mtx 1.9 2911.29 0.000603299 0.00943396 
/home/antonkov/masterWork/tests/samePrefixMarkedMtx/depth4/node1/test1_14.mtx 2 8100.75 0.000168342 0.0026738 
/home/antonkov/masterWork/tests/samePrefixMarkedMtx/depth4/node1/test1_14.mtx 2.1 26816.8 3.8162e-05 0.000691563 
/home/antonkov/masterWork/tests/samePrefixMarkedMtx/depth4/node1/test1_14.mtx 2.2 0 -1 -1 
/home/antonkov/masterWork/tests/samePrefixMarkedMtx/depth4/node1/test1_14.mtx 2.3 0 -1 -1 
/home/antonkov/masterWork/tests/samePrefixMarkedMtx/depth4/node1/test1_14.mtx 2.4 0 -1 -1 
/home/antonkov/masterWork/tests/samePrefixMarkedMtx/depth4/node1/test1_14.mtx 2.5 0 -1 -1 
/home/antonkov/masterWork/tests/samePrefixMarkedMtx/depth4/node1/test1_14.mtx 2.6 0 -1 -1 
/home/antonkov/masterWork/tests/samePrefixMarkedMtx/depth4/node1/test1_14.mtx 2.7 0 -1 -1 
/home/antonkov/masterWork/tests/samePrefixMarkedMtx/depth4/node1/test1_14.mtx 2.8 0 -1 -1 
/home/antonkov/masterWork/tests/samePrefixMarkedMtx/depth4/node1/test1_14.mtx 2.9 0 -1 -1 
/home/antonkov/masterWork/tests/samePrefixMarkedMtx/depth4/node1/test1_14.mtx 3 0 -1 -1 
/home/antonkov/masterWork/tests/samePrefixMarkedMtx/depth4/node1/test1_14.mtx 3.1 0 -1 -1 
/home/antonkov/masterWork/tests/samePrefixMarkedMtx/depth4/node1/test1_14.mtx 3.2 0 -1 -1 
/home/antonkov/masterWork/tests/samePrefixMarkedMtx/depth4/node1/test1_14.mtx 3.3 0 -1 -1 
/home/antonkov/masterWork/tests/samePrefixMarkedMtx/depth4/node1/test1_14.mtx 3.4 0 -1 -1 
/home/antonkov/masterWork/tests/samePrefixMarkedMtx/depth4/node1/test1_14.mtx 3.5 0 -1 -1 
