Results
Filename SNR Time(ms) BER FER
/home/antonkov/masterWork/tests/samePrefixMarkedMtx2304/depth4/node2/test0_00.mtx 1 488.255 0.0808116 0.92 
/home/antonkov/masterWork/tests/samePrefixMarkedMtx2304/depth4/node2/test0_00.mtx 1.1 453.84 0.0654601 0.79 
/home/antonkov/masterWork/tests/samePrefixMarkedMtx2304/depth4/node2/test0_00.mtx 1.2 430.326 0.0469271 0.6 
/home/antonkov/masterWork/tests/samePrefixMarkedMtx2304/depth4/node2/test0_00.mtx 1.3 543.375 0.0337826 0.46 
/home/antonkov/masterWork/tests/samePrefixMarkedMtx2304/depth4/node2/test0_00.mtx 1.4 502.433 0.0224696 0.31 
/home/antonkov/masterWork/tests/samePrefixMarkedMtx2304/depth4/node2/test0_00.mtx 1.5 572.771 0.0142072 0.2 
/home/antonkov/masterWork/tests/samePrefixMarkedMtx2304/depth4/node2/test0_00.mtx 1.6 759.598 0.00677879 0.0983333 
/home/antonkov/masterWork/tests/samePrefixMarkedMtx2304/depth4/node2/test0_00.mtx 1.7 971.668 0.00364931 0.052 
/home/antonkov/masterWork/tests/samePrefixMarkedMtx2304/depth4/node2/test0_00.mtx 1.8 1602.24 0.00139663 0.0221739 
/home/antonkov/masterWork/tests/samePrefixMarkedMtx2304/depth4/node2/test0_00.mtx 1.9 4078 0.000403701 0.0064557 
/home/antonkov/masterWork/tests/samePrefixMarkedMtx2304/depth4/node2/test0_00.mtx 2 0 -1 -1 
/home/antonkov/masterWork/tests/samePrefixMarkedMtx2304/depth4/node2/test0_00.mtx 2.1 0 -1 -1 
/home/antonkov/masterWork/tests/samePrefixMarkedMtx2304/depth4/node2/test0_00.mtx 2.2 0 -1 -1 
/home/antonkov/masterWork/tests/samePrefixMarkedMtx2304/depth4/node2/test0_00.mtx 2.3 0 -1 -1 
/home/antonkov/masterWork/tests/samePrefixMarkedMtx2304/depth4/node2/test0_00.mtx 2.4 0 -1 -1 
/home/antonkov/masterWork/tests/samePrefixMarkedMtx2304/depth4/node2/test0_00.mtx 2.5 0 -1 -1 
/home/antonkov/masterWork/tests/samePrefixMarkedMtx2304/depth4/node2/test0_00.mtx 2.6 0 -1 -1 
/home/antonkov/masterWork/tests/samePrefixMarkedMtx2304/depth4/node2/test0_00.mtx 2.7 0 -1 -1 
/home/antonkov/masterWork/tests/samePrefixMarkedMtx2304/depth4/node2/test0_00.mtx 2.8 0 -1 -1 
/home/antonkov/masterWork/tests/samePrefixMarkedMtx2304/depth4/node2/test0_00.mtx 2.9 0 -1 -1 
/home/antonkov/masterWork/tests/samePrefixMarkedMtx2304/depth4/node2/test0_00.mtx 3 0 -1 -1 
/home/antonkov/masterWork/tests/samePrefixMarkedMtx2304/depth4/node2/test0_00.mtx 3.1 0 -1 -1 
/home/antonkov/masterWork/tests/samePrefixMarkedMtx2304/depth4/node2/test0_00.mtx 3.2 0 -1 -1 
/home/antonkov/masterWork/tests/samePrefixMarkedMtx2304/depth4/node2/test0_00.mtx 3.3 0 -1 -1 
/home/antonkov/masterWork/tests/samePrefixMarkedMtx2304/depth4/node2/test0_00.mtx 3.4 0 -1 -1 
/home/antonkov/masterWork/tests/samePrefixMarkedMtx2304/depth4/node2/test0_00.mtx 3.5 0 -1 -1 
/home/antonkov/masterWork/tests/samePrefixMarkedMtx2304/depth4/node2/test0_01.mtx 1 509.607 0.0797917 0.89 
/home/antonkov/masterWork/tests/samePrefixMarkedMtx2304/depth4/node2/test0_01.mtx 1.1 457.231 0.0680078 0.8 
/home/antonkov/masterWork/tests/samePrefixMarkedMtx2304/depth4/node2/test0_01.mtx 1.2 439.14 0.0534809 0.64 
/home/antonkov/masterWork/tests/samePrefixMarkedMtx2304/depth4/node2/test0_01.mtx 1.3 415.301 0.0404905 0.54 
/home/antonkov/masterWork/tests/samePrefixMarkedMtx2304/depth4/node2/test0_01.mtx 1.4 504.121 0.0244835 0.33 
/home/antonkov/masterWork/tests/samePrefixMarkedMtx2304/depth4/node2/test0_01.mtx 1.5 566.956 0.0145718 0.2 
/home/antonkov/masterWork/tests/samePrefixMarkedMtx2304/depth4/node2/test0_01.mtx 1.6 765.118 0.00659361 0.0983333 
/home/antonkov/masterWork/tests/samePrefixMarkedMtx2304/depth4/node2/test0_01.mtx 1.7 1019.43 0.0031617 0.0463636 
/home/antonkov/masterWork/tests/samePrefixMarkedMtx2304/depth4/node2/test0_01.mtx 1.8 1974.03 0.00104615 0.0166667 
/home/antonkov/masterWork/tests/samePrefixMarkedMtx2304/depth4/node2/test0_01.mtx 1.9 3770.38 0.000388515 0.00694444 
/home/antonkov/masterWork/tests/samePrefixMarkedMtx2304/depth4/node2/test0_01.mtx 2 0 -1 -1 
/home/antonkov/masterWork/tests/samePrefixMarkedMtx2304/depth4/node2/test0_01.mtx 2.1 0 -1 -1 
/home/antonkov/masterWork/tests/samePrefixMarkedMtx2304/depth4/node2/test0_01.mtx 2.2 0 -1 -1 
/home/antonkov/masterWork/tests/samePrefixMarkedMtx2304/depth4/node2/test0_01.mtx 2.3 0 -1 -1 
/home/antonkov/masterWork/tests/samePrefixMarkedMtx2304/depth4/node2/test0_01.mtx 2.4 0 -1 -1 
/home/antonkov/masterWork/tests/samePrefixMarkedMtx2304/depth4/node2/test0_01.mtx 2.5 0 -1 -1 
/home/antonkov/masterWork/tests/samePrefixMarkedMtx2304/depth4/node2/test0_01.mtx 2.6 0 -1 -1 
/home/antonkov/masterWork/tests/samePrefixMarkedMtx2304/depth4/node2/test0_01.mtx 2.7 0 -1 -1 
/home/antonkov/masterWork/tests/samePrefixMarkedMtx2304/depth4/node2/test0_01.mtx 2.8 0 -1 -1 
/home/antonkov/masterWork/tests/samePrefixMarkedMtx2304/depth4/node2/test0_01.mtx 2.9 0 -1 -1 
/home/antonkov/masterWork/tests/samePrefixMarkedMtx2304/depth4/node2/test0_01.mtx 3 0 -1 -1 
/home/antonkov/masterWork/tests/samePrefixMarkedMtx2304/depth4/node2/test0_01.mtx 3.1 0 -1 -1 
/home/antonkov/masterWork/tests/samePrefixMarkedMtx2304/depth4/node2/test0_01.mtx 3.2 0 -1 -1 
/home/antonkov/masterWork/tests/samePrefixMarkedMtx2304/depth4/node2/test0_01.mtx 3.3 0 -1 -1 
/home/antonkov/masterWork/tests/samePrefixMarkedMtx2304/depth4/node2/test0_01.mtx 3.4 0 -1 -1 
/home/antonkov/masterWork/tests/samePrefixMarkedMtx2304/depth4/node2/test0_01.mtx 3.5 0 -1 -1 
/home/antonkov/masterWork/tests/samePrefixMarkedMtx2304/depth4/node2/test0_02.mtx 1 460.588 0.0830122 0.93 
/home/antonkov/masterWork/tests/samePrefixMarkedMtx2304/depth4/node2/test0_02.mtx 1.1 453.746 0.0696918 0.82 
/home/antonkov/masterWork/tests/samePrefixMarkedMtx2304/depth4/node2/test0_02.mtx 1.2 437.211 0.0532813 0.67 
/home/antonkov/masterWork/tests/samePrefixMarkedMtx2304/depth4/node2/test0_02.mtx 1.3 550.137 0.0383789 0.505 
/home/antonkov/masterWork/tests/samePrefixMarkedMtx2304/depth4/node2/test0_02.mtx 1.4 519.697 0.023954 0.325 
/home/antonkov/masterWork/tests/samePrefixMarkedMtx2304/depth4/node2/test0_02.mtx 1.5 572.152 0.0136241 0.196667 
/home/antonkov/masterWork/tests/samePrefixMarkedMtx2304/depth4/node2/test0_02.mtx 1.6 755.896 0.00685258 0.0983333 
/home/antonkov/masterWork/tests/samePrefixMarkedMtx2304/depth4/node2/test0_02.mtx 1.7 964.993 0.00344444 0.051 
/home/antonkov/masterWork/tests/samePrefixMarkedMtx2304/depth4/node2/test0_02.mtx 1.8 1580.26 0.00133898 0.0227273 
/home/antonkov/masterWork/tests/samePrefixMarkedMtx2304/depth4/node2/test0_02.mtx 1.9 3940.74 0.000376919 0.00657895 
/home/antonkov/masterWork/tests/samePrefixMarkedMtx2304/depth4/node2/test0_02.mtx 2 0 -1 -1 
/home/antonkov/masterWork/tests/samePrefixMarkedMtx2304/depth4/node2/test0_02.mtx 2.1 0 -1 -1 
/home/antonkov/masterWork/tests/samePrefixMarkedMtx2304/depth4/node2/test0_02.mtx 2.2 0 -1 -1 
/home/antonkov/masterWork/tests/samePrefixMarkedMtx2304/depth4/node2/test0_02.mtx 2.3 0 -1 -1 
/home/antonkov/masterWork/tests/samePrefixMarkedMtx2304/depth4/node2/test0_02.mtx 2.4 0 -1 -1 
/home/antonkov/masterWork/tests/samePrefixMarkedMtx2304/depth4/node2/test0_02.mtx 2.5 0 -1 -1 
/home/antonkov/masterWork/tests/samePrefixMarkedMtx2304/depth4/node2/test0_02.mtx 2.6 0 -1 -1 
/home/antonkov/masterWork/tests/samePrefixMarkedMtx2304/depth4/node2/test0_02.mtx 2.7 0 -1 -1 
/home/antonkov/masterWork/tests/samePrefixMarkedMtx2304/depth4/node2/test0_02.mtx 2.8 0 -1 -1 
/home/antonkov/masterWork/tests/samePrefixMarkedMtx2304/depth4/node2/test0_02.mtx 2.9 0 -1 -1 
/home/antonkov/masterWork/tests/samePrefixMarkedMtx2304/depth4/node2/test0_02.mtx 3 0 -1 -1 
/home/antonkov/masterWork/tests/samePrefixMarkedMtx2304/depth4/node2/test0_02.mtx 3.1 0 -1 -1 
/home/antonkov/masterWork/tests/samePrefixMarkedMtx2304/depth4/node2/test0_02.mtx 3.2 0 -1 -1 
/home/antonkov/masterWork/tests/samePrefixMarkedMtx2304/depth4/node2/test0_02.mtx 3.3 0 -1 -1 
/home/antonkov/masterWork/tests/samePrefixMarkedMtx2304/depth4/node2/test0_02.mtx 3.4 0 -1 -1 
/home/antonkov/masterWork/tests/samePrefixMarkedMtx2304/depth4/node2/test0_02.mtx 3.5 0 -1 -1 
/home/antonkov/masterWork/tests/samePrefixMarkedMtx2304/depth4/node2/test0_03.mtx 1 504.326 0.0766363 0.85 
/home/antonkov/masterWork/tests/samePrefixMarkedMtx2304/depth4/node2/test0_03.mtx 1.1 456.553 0.0635764 0.75 
/home/antonkov/masterWork/tests/samePrefixMarkedMtx2304/depth4/node2/test0_03.mtx 1.2 436.947 0.0513325 0.65 
/home/antonkov/masterWork/tests/samePrefixMarkedMtx2304/depth4/node2/test0_03.mtx 1.3 544.698 0.0375868 0.505 
/home/antonkov/masterWork/tests/samePrefixMarkedMtx2304/depth4/node2/test0_03.mtx 1.4 503.792 0.0239605 0.325 
/home/antonkov/masterWork/tests/samePrefixMarkedMtx2304/depth4/node2/test0_03.mtx 1.5 581.837 0.0129297 0.19 
/home/antonkov/masterWork/tests/samePrefixMarkedMtx2304/depth4/node2/test0_03.mtx 1.6 835.561 0.00568452 0.0814286 
/home/antonkov/masterWork/tests/samePrefixMarkedMtx2304/depth4/node2/test0_03.mtx 1.7 1074.62 0.00282407 0.0416667 
/home/antonkov/masterWork/tests/samePrefixMarkedMtx2304/depth4/node2/test0_03.mtx 1.8 1899.9 0.00103269 0.0172414 
/home/antonkov/masterWork/tests/samePrefixMarkedMtx2304/depth4/node2/test0_03.mtx 1.9 3967.34 0.00036288 0.00632911 
/home/antonkov/masterWork/tests/samePrefixMarkedMtx2304/depth4/node2/test0_03.mtx 2 0 -1 -1 
/home/antonkov/masterWork/tests/samePrefixMarkedMtx2304/depth4/node2/test0_03.mtx 2.1 0 -1 -1 
/home/antonkov/masterWork/tests/samePrefixMarkedMtx2304/depth4/node2/test0_03.mtx 2.2 0 -1 -1 
/home/antonkov/masterWork/tests/samePrefixMarkedMtx2304/depth4/node2/test0_03.mtx 2.3 0 -1 -1 
/home/antonkov/masterWork/tests/samePrefixMarkedMtx2304/depth4/node2/test0_03.mtx 2.4 0 -1 -1 
/home/antonkov/masterWork/tests/samePrefixMarkedMtx2304/depth4/node2/test0_03.mtx 2.5 0 -1 -1 
/home/antonkov/masterWork/tests/samePrefixMarkedMtx2304/depth4/node2/test0_03.mtx 2.6 0 -1 -1 
/home/antonkov/masterWork/tests/samePrefixMarkedMtx2304/depth4/node2/test0_03.mtx 2.7 0 -1 -1 
/home/antonkov/masterWork/tests/samePrefixMarkedMtx2304/depth4/node2/test0_03.mtx 2.8 0 -1 -1 
/home/antonkov/masterWork/tests/samePrefixMarkedMtx2304/depth4/node2/test0_03.mtx 2.9 0 -1 -1 
/home/antonkov/masterWork/tests/samePrefixMarkedMtx2304/depth4/node2/test0_03.mtx 3 0 -1 -1 
/home/antonkov/masterWork/tests/samePrefixMarkedMtx2304/depth4/node2/test0_03.mtx 3.1 0 -1 -1 
/home/antonkov/masterWork/tests/samePrefixMarkedMtx2304/depth4/node2/test0_03.mtx 3.2 0 -1 -1 
/home/antonkov/masterWork/tests/samePrefixMarkedMtx2304/depth4/node2/test0_03.mtx 3.3 0 -1 -1 
/home/antonkov/masterWork/tests/samePrefixMarkedMtx2304/depth4/node2/test0_03.mtx 3.4 0 -1 -1 
/home/antonkov/masterWork/tests/samePrefixMarkedMtx2304/depth4/node2/test0_03.mtx 3.5 0 -1 -1 
/home/antonkov/masterWork/tests/samePrefixMarkedMtx2304/depth4/node2/test0_04.mtx 1 452.535 0.0795616 0.92 
/home/antonkov/masterWork/tests/samePrefixMarkedMtx2304/depth4/node2/test0_04.mtx 1.1 448.362 0.06898 0.84 
/home/antonkov/masterWork/tests/samePrefixMarkedMtx2304/depth4/node2/test0_04.mtx 1.2 441.792 0.0524436 0.68 
/home/antonkov/masterWork/tests/samePrefixMarkedMtx2304/depth4/node2/test0_04.mtx 1.3 416.094 0.0364583 0.5 
/home/antonkov/masterWork/tests/samePrefixMarkedMtx2304/depth4/node2/test0_04.mtx 1.4 518.672 0.0253841 0.335 
/home/antonkov/masterWork/tests/samePrefixMarkedMtx2304/depth4/node2/test0_04.mtx 1.5 584.04 0.0154326 0.223333 
/home/antonkov/masterWork/tests/samePrefixMarkedMtx2304/depth4/node2/test0_04.mtx 1.6 676.995 0.00740451 0.11 
/home/antonkov/masterWork/tests/samePrefixMarkedMtx2304/depth4/node2/test0_04.mtx 1.7 831.054 0.00401259 0.0625 
/home/antonkov/masterWork/tests/samePrefixMarkedMtx2304/depth4/node2/test0_04.mtx 1.8 1623.24 0.00137285 0.0226087 
/home/antonkov/masterWork/tests/samePrefixMarkedMtx2304/depth4/node2/test0_04.mtx 1.9 3586.9 0.000466108 0.00724638 
/home/antonkov/masterWork/tests/samePrefixMarkedMtx2304/depth4/node2/test0_04.mtx 2 0 -1 -1 
/home/antonkov/masterWork/tests/samePrefixMarkedMtx2304/depth4/node2/test0_04.mtx 2.1 0 -1 -1 
/home/antonkov/masterWork/tests/samePrefixMarkedMtx2304/depth4/node2/test0_04.mtx 2.2 0 -1 -1 
/home/antonkov/masterWork/tests/samePrefixMarkedMtx2304/depth4/node2/test0_04.mtx 2.3 0 -1 -1 
/home/antonkov/masterWork/tests/samePrefixMarkedMtx2304/depth4/node2/test0_04.mtx 2.4 0 -1 -1 
/home/antonkov/masterWork/tests/samePrefixMarkedMtx2304/depth4/node2/test0_04.mtx 2.5 0 -1 -1 
/home/antonkov/masterWork/tests/samePrefixMarkedMtx2304/depth4/node2/test0_04.mtx 2.6 0 -1 -1 
/home/antonkov/masterWork/tests/samePrefixMarkedMtx2304/depth4/node2/test0_04.mtx 2.7 0 -1 -1 
/home/antonkov/masterWork/tests/samePrefixMarkedMtx2304/depth4/node2/test0_04.mtx 2.8 0 -1 -1 
/home/antonkov/masterWork/tests/samePrefixMarkedMtx2304/depth4/node2/test0_04.mtx 2.9 0 -1 -1 
/home/antonkov/masterWork/tests/samePrefixMarkedMtx2304/depth4/node2/test0_04.mtx 3 0 -1 -1 
/home/antonkov/masterWork/tests/samePrefixMarkedMtx2304/depth4/node2/test0_04.mtx 3.1 0 -1 -1 
/home/antonkov/masterWork/tests/samePrefixMarkedMtx2304/depth4/node2/test0_04.mtx 3.2 0 -1 -1 
/home/antonkov/masterWork/tests/samePrefixMarkedMtx2304/depth4/node2/test0_04.mtx 3.3 0 -1 -1 
/home/antonkov/masterWork/tests/samePrefixMarkedMtx2304/depth4/node2/test0_04.mtx 3.4 0 -1 -1 
/home/antonkov/masterWork/tests/samePrefixMarkedMtx2304/depth4/node2/test0_04.mtx 3.5 0 -1 -1 
/home/antonkov/masterWork/tests/samePrefixMarkedMtx2304/depth4/node2/test0_05.mtx 1 505.857 0.0830903 0.95 
/home/antonkov/masterWork/tests/samePrefixMarkedMtx2304/depth4/node2/test0_05.mtx 1.1 456.023 0.0659592 0.8 
/home/antonkov/masterWork/tests/samePrefixMarkedMtx2304/depth4/node2/test0_05.mtx 1.2 427.581 0.0501432 0.62 
/home/antonkov/masterWork/tests/samePrefixMarkedMtx2304/depth4/node2/test0_05.mtx 1.3 416.897 0.0373134 0.5 
/home/antonkov/masterWork/tests/samePrefixMarkedMtx2304/depth4/node2/test0_05.mtx 1.4 517.597 0.0230751 0.325 
/home/antonkov/masterWork/tests/samePrefixMarkedMtx2304/depth4/node2/test0_05.mtx 1.5 592.645 0.0149465 0.206667 
/home/antonkov/masterWork/tests/samePrefixMarkedMtx2304/depth4/node2/test0_05.mtx 1.6 693.038 0.00794184 0.118 
/home/antonkov/masterWork/tests/samePrefixMarkedMtx2304/depth4/node2/test0_05.mtx 1.7 968.342 0.00371311 0.057 
/home/antonkov/masterWork/tests/samePrefixMarkedMtx2304/depth4/node2/test0_05.mtx 1.8 2023.13 0.00109679 0.0166667 
/home/antonkov/masterWork/tests/samePrefixMarkedMtx2304/depth4/node2/test0_05.mtx 1.9 3545.61 0.00040154 0.00735294 
/home/antonkov/masterWork/tests/samePrefixMarkedMtx2304/depth4/node2/test0_05.mtx 2 0 -1 -1 
/home/antonkov/masterWork/tests/samePrefixMarkedMtx2304/depth4/node2/test0_05.mtx 2.1 0 -1 -1 
/home/antonkov/masterWork/tests/samePrefixMarkedMtx2304/depth4/node2/test0_05.mtx 2.2 0 -1 -1 
/home/antonkov/masterWork/tests/samePrefixMarkedMtx2304/depth4/node2/test0_05.mtx 2.3 0 -1 -1 
/home/antonkov/masterWork/tests/samePrefixMarkedMtx2304/depth4/node2/test0_05.mtx 2.4 0 -1 -1 
/home/antonkov/masterWork/tests/samePrefixMarkedMtx2304/depth4/node2/test0_05.mtx 2.5 0 -1 -1 
/home/antonkov/masterWork/tests/samePrefixMarkedMtx2304/depth4/node2/test0_05.mtx 2.6 0 -1 -1 
/home/antonkov/masterWork/tests/samePrefixMarkedMtx2304/depth4/node2/test0_05.mtx 2.7 0 -1 -1 
/home/antonkov/masterWork/tests/samePrefixMarkedMtx2304/depth4/node2/test0_05.mtx 2.8 0 -1 -1 
/home/antonkov/masterWork/tests/samePrefixMarkedMtx2304/depth4/node2/test0_05.mtx 2.9 0 -1 -1 
/home/antonkov/masterWork/tests/samePrefixMarkedMtx2304/depth4/node2/test0_05.mtx 3 0 -1 -1 
/home/antonkov/masterWork/tests/samePrefixMarkedMtx2304/depth4/node2/test0_05.mtx 3.1 0 -1 -1 
/home/antonkov/masterWork/tests/samePrefixMarkedMtx2304/depth4/node2/test0_05.mtx 3.2 0 -1 -1 
/home/antonkov/masterWork/tests/samePrefixMarkedMtx2304/depth4/node2/test0_05.mtx 3.3 0 -1 -1 
/home/antonkov/masterWork/tests/samePrefixMarkedMtx2304/depth4/node2/test0_05.mtx 3.4 0 -1 -1 
/home/antonkov/masterWork/tests/samePrefixMarkedMtx2304/depth4/node2/test0_05.mtx 3.5 0 -1 -1 
/home/antonkov/masterWork/tests/samePrefixMarkedMtx2304/depth4/node2/test0_06.mtx 1 457.521 0.0842014 0.93 
/home/antonkov/masterWork/tests/samePrefixMarkedMtx2304/depth4/node2/test0_06.mtx 1.1 455.481 0.0722396 0.85 
/home/antonkov/masterWork/tests/samePrefixMarkedMtx2304/depth4/node2/test0_06.mtx 1.2 445.024 0.0555599 0.71 
/home/antonkov/masterWork/tests/samePrefixMarkedMtx2304/depth4/node2/test0_06.mtx 1.3 421.781 0.0388932 0.52 
/home/antonkov/masterWork/tests/samePrefixMarkedMtx2304/depth4/node2/test0_06.mtx 1.4 514.239 0.0259679 0.365 
/home/antonkov/masterWork/tests/samePrefixMarkedMtx2304/depth4/node2/test0_06.mtx 1.5 493.336 0.0172157 0.25 
/home/antonkov/masterWork/tests/samePrefixMarkedMtx2304/depth4/node2/test0_06.mtx 1.6 779.476 0.00742622 0.11 
/home/antonkov/masterWork/tests/samePrefixMarkedMtx2304/depth4/node2/test0_06.mtx 1.7 982.965 0.00351693 0.054 
/home/antonkov/masterWork/tests/samePrefixMarkedMtx2304/depth4/node2/test0_06.mtx 1.8 1819.88 0.001182 0.0188889 
/home/antonkov/masterWork/tests/samePrefixMarkedMtx2304/depth4/node2/test0_06.mtx 1.9 3676.61 0.000433966 0.00714286 
/home/antonkov/masterWork/tests/samePrefixMarkedMtx2304/depth4/node2/test0_06.mtx 2 0 -1 -1 
/home/antonkov/masterWork/tests/samePrefixMarkedMtx2304/depth4/node2/test0_06.mtx 2.1 0 -1 -1 
/home/antonkov/masterWork/tests/samePrefixMarkedMtx2304/depth4/node2/test0_06.mtx 2.2 0 -1 -1 
/home/antonkov/masterWork/tests/samePrefixMarkedMtx2304/depth4/node2/test0_06.mtx 2.3 0 -1 -1 
/home/antonkov/masterWork/tests/samePrefixMarkedMtx2304/depth4/node2/test0_06.mtx 2.4 0 -1 -1 
/home/antonkov/masterWork/tests/samePrefixMarkedMtx2304/depth4/node2/test0_06.mtx 2.5 0 -1 -1 
/home/antonkov/masterWork/tests/samePrefixMarkedMtx2304/depth4/node2/test0_06.mtx 2.6 0 -1 -1 
/home/antonkov/masterWork/tests/samePrefixMarkedMtx2304/depth4/node2/test0_06.mtx 2.7 0 -1 -1 
/home/antonkov/masterWork/tests/samePrefixMarkedMtx2304/depth4/node2/test0_06.mtx 2.8 0 -1 -1 
/home/antonkov/masterWork/tests/samePrefixMarkedMtx2304/depth4/node2/test0_06.mtx 2.9 0 -1 -1 
/home/antonkov/masterWork/tests/samePrefixMarkedMtx2304/depth4/node2/test0_06.mtx 3 0 -1 -1 
/home/antonkov/masterWork/tests/samePrefixMarkedMtx2304/depth4/node2/test0_06.mtx 3.1 0 -1 -1 
/home/antonkov/masterWork/tests/samePrefixMarkedMtx2304/depth4/node2/test0_06.mtx 3.2 0 -1 -1 
/home/antonkov/masterWork/tests/samePrefixMarkedMtx2304/depth4/node2/test0_06.mtx 3.3 0 -1 -1 
/home/antonkov/masterWork/tests/samePrefixMarkedMtx2304/depth4/node2/test0_06.mtx 3.4 0 -1 -1 
/home/antonkov/masterWork/tests/samePrefixMarkedMtx2304/depth4/node2/test0_06.mtx 3.5 0 -1 -1 
/home/antonkov/masterWork/tests/samePrefixMarkedMtx2304/depth4/node2/test0_07.mtx 1 509.665 0.0811719 0.88 
/home/antonkov/masterWork/tests/samePrefixMarkedMtx2304/depth4/node2/test0_07.mtx 1.1 457.597 0.0709375 0.83 
/home/antonkov/masterWork/tests/samePrefixMarkedMtx2304/depth4/node2/test0_07.mtx 1.2 440.863 0.0602821 0.74 
/home/antonkov/masterWork/tests/samePrefixMarkedMtx2304/depth4/node2/test0_07.mtx 1.3 416.18 0.0449696 0.58 
/home/antonkov/masterWork/tests/samePrefixMarkedMtx2304/depth4/node2/test0_07.mtx 1.4 527.593 0.029299 0.385 
/home/antonkov/masterWork/tests/samePrefixMarkedMtx2304/depth4/node2/test0_07.mtx 1.5 483.891 0.0183615 0.25 
/home/antonkov/masterWork/tests/samePrefixMarkedMtx2304/depth4/node2/test0_07.mtx 1.6 616.015 0.00899306 0.13 
/home/antonkov/masterWork/tests/samePrefixMarkedMtx2304/depth4/node2/test0_07.mtx 1.7 901.559 0.00386912 0.0588889 
/home/antonkov/masterWork/tests/samePrefixMarkedMtx2304/depth4/node2/test0_07.mtx 1.8 1642.97 0.00130473 0.0217391 
/home/antonkov/masterWork/tests/samePrefixMarkedMtx2304/depth4/node2/test0_07.mtx 1.9 3393.87 0.000454644 0.0078125 
/home/antonkov/masterWork/tests/samePrefixMarkedMtx2304/depth4/node2/test0_07.mtx 2 0 -1 -1 
/home/antonkov/masterWork/tests/samePrefixMarkedMtx2304/depth4/node2/test0_07.mtx 2.1 0 -1 -1 
/home/antonkov/masterWork/tests/samePrefixMarkedMtx2304/depth4/node2/test0_07.mtx 2.2 0 -1 -1 
/home/antonkov/masterWork/tests/samePrefixMarkedMtx2304/depth4/node2/test0_07.mtx 2.3 0 -1 -1 
/home/antonkov/masterWork/tests/samePrefixMarkedMtx2304/depth4/node2/test0_07.mtx 2.4 0 -1 -1 
/home/antonkov/masterWork/tests/samePrefixMarkedMtx2304/depth4/node2/test0_07.mtx 2.5 0 -1 -1 
/home/antonkov/masterWork/tests/samePrefixMarkedMtx2304/depth4/node2/test0_07.mtx 2.6 0 -1 -1 
/home/antonkov/masterWork/tests/samePrefixMarkedMtx2304/depth4/node2/test0_07.mtx 2.7 0 -1 -1 
/home/antonkov/masterWork/tests/samePrefixMarkedMtx2304/depth4/node2/test0_07.mtx 2.8 0 -1 -1 
/home/antonkov/masterWork/tests/samePrefixMarkedMtx2304/depth4/node2/test0_07.mtx 2.9 0 -1 -1 
/home/antonkov/masterWork/tests/samePrefixMarkedMtx2304/depth4/node2/test0_07.mtx 3 0 -1 -1 
/home/antonkov/masterWork/tests/samePrefixMarkedMtx2304/depth4/node2/test0_07.mtx 3.1 0 -1 -1 
/home/antonkov/masterWork/tests/samePrefixMarkedMtx2304/depth4/node2/test0_07.mtx 3.2 0 -1 -1 
/home/antonkov/masterWork/tests/samePrefixMarkedMtx2304/depth4/node2/test0_07.mtx 3.3 0 -1 -1 
/home/antonkov/masterWork/tests/samePrefixMarkedMtx2304/depth4/node2/test0_07.mtx 3.4 0 -1 -1 
/home/antonkov/masterWork/tests/samePrefixMarkedMtx2304/depth4/node2/test0_07.mtx 3.5 0 -1 -1 
/home/antonkov/masterWork/tests/samePrefixMarkedMtx2304/depth4/node2/test0_08.mtx 1 453.304 0.0832031 0.94 
/home/antonkov/masterWork/tests/samePrefixMarkedMtx2304/depth4/node2/test0_08.mtx 1.1 449.892 0.0682552 0.82 
/home/antonkov/masterWork/tests/samePrefixMarkedMtx2304/depth4/node2/test0_08.mtx 1.2 425.684 0.0509549 0.63 
/home/antonkov/masterWork/tests/samePrefixMarkedMtx2304/depth4/node2/test0_08.mtx 1.3 551.48 0.0393186 0.505 
/home/antonkov/masterWork/tests/samePrefixMarkedMtx2304/depth4/node2/test0_08.mtx 1.4 509.091 0.0263845 0.365 
/home/antonkov/masterWork/tests/samePrefixMarkedMtx2304/depth4/node2/test0_08.mtx 1.5 580.373 0.0149306 0.216667 
/home/antonkov/masterWork/tests/samePrefixMarkedMtx2304/depth4/node2/test0_08.mtx 1.6 755.303 0.00657263 0.0966667 
/home/antonkov/masterWork/tests/samePrefixMarkedMtx2304/depth4/node2/test0_08.mtx 1.7 948.652 0.00386762 0.056 
/home/antonkov/masterWork/tests/samePrefixMarkedMtx2304/depth4/node2/test0_08.mtx 1.8 1808.17 0.00128839 0.0196154 
/home/antonkov/masterWork/tests/samePrefixMarkedMtx2304/depth4/node2/test0_08.mtx 1.9 3930.47 0.0003904 0.00649351 
/home/antonkov/masterWork/tests/samePrefixMarkedMtx2304/depth4/node2/test0_08.mtx 2 0 -1 -1 
/home/antonkov/masterWork/tests/samePrefixMarkedMtx2304/depth4/node2/test0_08.mtx 2.1 0 -1 -1 
/home/antonkov/masterWork/tests/samePrefixMarkedMtx2304/depth4/node2/test0_08.mtx 2.2 0 -1 -1 
/home/antonkov/masterWork/tests/samePrefixMarkedMtx2304/depth4/node2/test0_08.mtx 2.3 0 -1 -1 
/home/antonkov/masterWork/tests/samePrefixMarkedMtx2304/depth4/node2/test0_08.mtx 2.4 0 -1 -1 
/home/antonkov/masterWork/tests/samePrefixMarkedMtx2304/depth4/node2/test0_08.mtx 2.5 0 -1 -1 
/home/antonkov/masterWork/tests/samePrefixMarkedMtx2304/depth4/node2/test0_08.mtx 2.6 0 -1 -1 
/home/antonkov/masterWork/tests/samePrefixMarkedMtx2304/depth4/node2/test0_08.mtx 2.7 0 -1 -1 
/home/antonkov/masterWork/tests/samePrefixMarkedMtx2304/depth4/node2/test0_08.mtx 2.8 0 -1 -1 
/home/antonkov/masterWork/tests/samePrefixMarkedMtx2304/depth4/node2/test0_08.mtx 2.9 0 -1 -1 
/home/antonkov/masterWork/tests/samePrefixMarkedMtx2304/depth4/node2/test0_08.mtx 3 0 -1 -1 
/home/antonkov/masterWork/tests/samePrefixMarkedMtx2304/depth4/node2/test0_08.mtx 3.1 0 -1 -1 
/home/antonkov/masterWork/tests/samePrefixMarkedMtx2304/depth4/node2/test0_08.mtx 3.2 0 -1 -1 
/home/antonkov/masterWork/tests/samePrefixMarkedMtx2304/depth4/node2/test0_08.mtx 3.3 0 -1 -1 
/home/antonkov/masterWork/tests/samePrefixMarkedMtx2304/depth4/node2/test0_08.mtx 3.4 0 -1 -1 
/home/antonkov/masterWork/tests/samePrefixMarkedMtx2304/depth4/node2/test0_08.mtx 3.5 0 -1 -1 
/home/antonkov/masterWork/tests/samePrefixMarkedMtx2304/depth4/node2/test0_09.mtx 1 513.214 0.0836545 0.94 
/home/antonkov/masterWork/tests/samePrefixMarkedMtx2304/depth4/node2/test0_09.mtx 1.1 458.165 0.0690625 0.83 
/home/antonkov/masterWork/tests/samePrefixMarkedMtx2304/depth4/node2/test0_09.mtx 1.2 431.925 0.0530859 0.66 
/home/antonkov/masterWork/tests/samePrefixMarkedMtx2304/depth4/node2/test0_09.mtx 1.3 553.053 0.0387674 0.5 
/home/antonkov/masterWork/tests/samePrefixMarkedMtx2304/depth4/node2/test0_09.mtx 1.4 516.304 0.0257878 0.355 
/home/antonkov/masterWork/tests/samePrefixMarkedMtx2304/depth4/node2/test0_09.mtx 1.5 579.393 0.0157624 0.236667 
/home/antonkov/masterWork/tests/samePrefixMarkedMtx2304/depth4/node2/test0_09.mtx 1.6 684.886 0.00709549 0.11 
/home/antonkov/masterWork/tests/samePrefixMarkedMtx2304/depth4/node2/test0_09.mtx 1.7 1003.92 0.00285156 0.0454545 
/home/antonkov/masterWork/tests/samePrefixMarkedMtx2304/depth4/node2/test0_09.mtx 1.8 1654.96 0.00133341 0.0221739 
/home/antonkov/masterWork/tests/samePrefixMarkedMtx2304/depth4/node2/test0_09.mtx 1.9 3509.56 0.000444979 0.00769231 
/home/antonkov/masterWork/tests/samePrefixMarkedMtx2304/depth4/node2/test0_09.mtx 2 0 -1 -1 
/home/antonkov/masterWork/tests/samePrefixMarkedMtx2304/depth4/node2/test0_09.mtx 2.1 0 -1 -1 
/home/antonkov/masterWork/tests/samePrefixMarkedMtx2304/depth4/node2/test0_09.mtx 2.2 0 -1 -1 
/home/antonkov/masterWork/tests/samePrefixMarkedMtx2304/depth4/node2/test0_09.mtx 2.3 0 -1 -1 
/home/antonkov/masterWork/tests/samePrefixMarkedMtx2304/depth4/node2/test0_09.mtx 2.4 0 -1 -1 
/home/antonkov/masterWork/tests/samePrefixMarkedMtx2304/depth4/node2/test0_09.mtx 2.5 0 -1 -1 
/home/antonkov/masterWork/tests/samePrefixMarkedMtx2304/depth4/node2/test0_09.mtx 2.6 0 -1 -1 
/home/antonkov/masterWork/tests/samePrefixMarkedMtx2304/depth4/node2/test0_09.mtx 2.7 0 -1 -1 
/home/antonkov/masterWork/tests/samePrefixMarkedMtx2304/depth4/node2/test0_09.mtx 2.8 0 -1 -1 
/home/antonkov/masterWork/tests/samePrefixMarkedMtx2304/depth4/node2/test0_09.mtx 2.9 0 -1 -1 
/home/antonkov/masterWork/tests/samePrefixMarkedMtx2304/depth4/node2/test0_09.mtx 3 0 -1 -1 
/home/antonkov/masterWork/tests/samePrefixMarkedMtx2304/depth4/node2/test0_09.mtx 3.1 0 -1 -1 
/home/antonkov/masterWork/tests/samePrefixMarkedMtx2304/depth4/node2/test0_09.mtx 3.2 0 -1 -1 
/home/antonkov/masterWork/tests/samePrefixMarkedMtx2304/depth4/node2/test0_09.mtx 3.3 0 -1 -1 
/home/antonkov/masterWork/tests/samePrefixMarkedMtx2304/depth4/node2/test0_09.mtx 3.4 0 -1 -1 
/home/antonkov/masterWork/tests/samePrefixMarkedMtx2304/depth4/node2/test0_09.mtx 3.5 0 -1 -1 
/home/antonkov/masterWork/tests/samePrefixMarkedMtx2304/depth4/node2/test0_10.mtx 1 458.151 0.0799523 0.91 
/home/antonkov/masterWork/tests/samePrefixMarkedMtx2304/depth4/node2/test0_10.mtx 1.1 458.69 0.0665885 0.81 
/home/antonkov/masterWork/tests/samePrefixMarkedMtx2304/depth4/node2/test0_10.mtx 1.2 434 0.0543012 0.71 
/home/antonkov/masterWork/tests/samePrefixMarkedMtx2304/depth4/node2/test0_10.mtx 1.3 418.499 0.0384549 0.54 
/home/antonkov/masterWork/tests/samePrefixMarkedMtx2304/depth4/node2/test0_10.mtx 1.4 513.137 0.0249154 0.345 
/home/antonkov/masterWork/tests/samePrefixMarkedMtx2304/depth4/node2/test0_10.mtx 1.5 585.131 0.0144314 0.21 
/home/antonkov/masterWork/tests/samePrefixMarkedMtx2304/depth4/node2/test0_10.mtx 1.6 695.28 0.00701823 0.1 
/home/antonkov/masterWork/tests/samePrefixMarkedMtx2304/depth4/node2/test0_10.mtx 1.7 958.989 0.00344618 0.052 
/home/antonkov/masterWork/tests/samePrefixMarkedMtx2304/depth4/node2/test0_10.mtx 1.8 1549.32 0.00137409 0.0227273 
/home/antonkov/masterWork/tests/samePrefixMarkedMtx2304/depth4/node2/test0_10.mtx 1.9 3442.09 0.000439503 0.00784615 
/home/antonkov/masterWork/tests/samePrefixMarkedMtx2304/depth4/node2/test0_10.mtx 2 0 -1 -1 
/home/antonkov/masterWork/tests/samePrefixMarkedMtx2304/depth4/node2/test0_10.mtx 2.1 0 -1 -1 
/home/antonkov/masterWork/tests/samePrefixMarkedMtx2304/depth4/node2/test0_10.mtx 2.2 0 -1 -1 
/home/antonkov/masterWork/tests/samePrefixMarkedMtx2304/depth4/node2/test0_10.mtx 2.3 0 -1 -1 
/home/antonkov/masterWork/tests/samePrefixMarkedMtx2304/depth4/node2/test0_10.mtx 2.4 0 -1 -1 
/home/antonkov/masterWork/tests/samePrefixMarkedMtx2304/depth4/node2/test0_10.mtx 2.5 0 -1 -1 
/home/antonkov/masterWork/tests/samePrefixMarkedMtx2304/depth4/node2/test0_10.mtx 2.6 0 -1 -1 
/home/antonkov/masterWork/tests/samePrefixMarkedMtx2304/depth4/node2/test0_10.mtx 2.7 0 -1 -1 
/home/antonkov/masterWork/tests/samePrefixMarkedMtx2304/depth4/node2/test0_10.mtx 2.8 0 -1 -1 
/home/antonkov/masterWork/tests/samePrefixMarkedMtx2304/depth4/node2/test0_10.mtx 2.9 0 -1 -1 
/home/antonkov/masterWork/tests/samePrefixMarkedMtx2304/depth4/node2/test0_10.mtx 3 0 -1 -1 
/home/antonkov/masterWork/tests/samePrefixMarkedMtx2304/depth4/node2/test0_10.mtx 3.1 0 -1 -1 
/home/antonkov/masterWork/tests/samePrefixMarkedMtx2304/depth4/node2/test0_10.mtx 3.2 0 -1 -1 
/home/antonkov/masterWork/tests/samePrefixMarkedMtx2304/depth4/node2/test0_10.mtx 3.3 0 -1 -1 
/home/antonkov/masterWork/tests/samePrefixMarkedMtx2304/depth4/node2/test0_10.mtx 3.4 0 -1 -1 
/home/antonkov/masterWork/tests/samePrefixMarkedMtx2304/depth4/node2/test0_10.mtx 3.5 0 -1 -1 
/home/antonkov/masterWork/tests/samePrefixMarkedMtx2304/depth4/node2/test0_11.mtx 1 498.967 0.0791623 0.89 
/home/antonkov/masterWork/tests/samePrefixMarkedMtx2304/depth4/node2/test0_11.mtx 1.1 458.396 0.0655773 0.81 
/home/antonkov/masterWork/tests/samePrefixMarkedMtx2304/depth4/node2/test0_11.mtx 1.2 429.09 0.0487674 0.64 
/home/antonkov/masterWork/tests/samePrefixMarkedMtx2304/depth4/node2/test0_11.mtx 1.3 541.886 0.0382813 0.485 
/home/antonkov/masterWork/tests/samePrefixMarkedMtx2304/depth4/node2/test0_11.mtx 1.4 500.253 0.0253168 0.335 
/home/antonkov/masterWork/tests/samePrefixMarkedMtx2304/depth4/node2/test0_11.mtx 1.5 562.669 0.013533 0.193333 
/home/antonkov/masterWork/tests/samePrefixMarkedMtx2304/depth4/node2/test0_11.mtx 1.6 754.848 0.00696398 0.103333 
/home/antonkov/masterWork/tests/samePrefixMarkedMtx2304/depth4/node2/test0_11.mtx 1.7 1131.95 0.00268329 0.0384615 
/home/antonkov/masterWork/tests/samePrefixMarkedMtx2304/depth4/node2/test0_11.mtx 1.8 1576.58 0.00135077 0.0217391 
/home/antonkov/masterWork/tests/samePrefixMarkedMtx2304/depth4/node2/test0_11.mtx 1.9 3951.02 0.000416838 0.00671053 
/home/antonkov/masterWork/tests/samePrefixMarkedMtx2304/depth4/node2/test0_11.mtx 2 0 -1 -1 
/home/antonkov/masterWork/tests/samePrefixMarkedMtx2304/depth4/node2/test0_11.mtx 2.1 0 -1 -1 
/home/antonkov/masterWork/tests/samePrefixMarkedMtx2304/depth4/node2/test0_11.mtx 2.2 0 -1 -1 
/home/antonkov/masterWork/tests/samePrefixMarkedMtx2304/depth4/node2/test0_11.mtx 2.3 0 -1 -1 
/home/antonkov/masterWork/tests/samePrefixMarkedMtx2304/depth4/node2/test0_11.mtx 2.4 0 -1 -1 
/home/antonkov/masterWork/tests/samePrefixMarkedMtx2304/depth4/node2/test0_11.mtx 2.5 0 -1 -1 
/home/antonkov/masterWork/tests/samePrefixMarkedMtx2304/depth4/node2/test0_11.mtx 2.6 0 -1 -1 
/home/antonkov/masterWork/tests/samePrefixMarkedMtx2304/depth4/node2/test0_11.mtx 2.7 0 -1 -1 
/home/antonkov/masterWork/tests/samePrefixMarkedMtx2304/depth4/node2/test0_11.mtx 2.8 0 -1 -1 
/home/antonkov/masterWork/tests/samePrefixMarkedMtx2304/depth4/node2/test0_11.mtx 2.9 0 -1 -1 
/home/antonkov/masterWork/tests/samePrefixMarkedMtx2304/depth4/node2/test0_11.mtx 3 0 -1 -1 
/home/antonkov/masterWork/tests/samePrefixMarkedMtx2304/depth4/node2/test0_11.mtx 3.1 0 -1 -1 
/home/antonkov/masterWork/tests/samePrefixMarkedMtx2304/depth4/node2/test0_11.mtx 3.2 0 -1 -1 
/home/antonkov/masterWork/tests/samePrefixMarkedMtx2304/depth4/node2/test0_11.mtx 3.3 0 -1 -1 
/home/antonkov/masterWork/tests/samePrefixMarkedMtx2304/depth4/node2/test0_11.mtx 3.4 0 -1 -1 
/home/antonkov/masterWork/tests/samePrefixMarkedMtx2304/depth4/node2/test0_11.mtx 3.5 0 -1 -1 
/home/antonkov/masterWork/tests/samePrefixMarkedMtx2304/depth4/node2/test0_12.mtx 1 452.638 0.0870616 0.97 
/home/antonkov/masterWork/tests/samePrefixMarkedMtx2304/depth4/node2/test0_12.mtx 1.1 454 0.0741406 0.86 
/home/antonkov/masterWork/tests/samePrefixMarkedMtx2304/depth4/node2/test0_12.mtx 1.2 437.535 0.0619618 0.76 
/home/antonkov/masterWork/tests/samePrefixMarkedMtx2304/depth4/node2/test0_12.mtx 1.3 429.893 0.0437023 0.56 
/home/antonkov/masterWork/tests/samePrefixMarkedMtx2304/depth4/node2/test0_12.mtx 1.4 514.659 0.0260048 0.38 
/home/antonkov/masterWork/tests/samePrefixMarkedMtx2304/depth4/node2/test0_12.mtx 1.5 573.429 0.0144242 0.203333 
/home/antonkov/masterWork/tests/samePrefixMarkedMtx2304/depth4/node2/test0_12.mtx 1.6 685.382 0.00680729 0.102 
/home/antonkov/masterWork/tests/samePrefixMarkedMtx2304/depth4/node2/test0_12.mtx 1.7 1081.76 0.00289424 0.045 
/home/antonkov/masterWork/tests/samePrefixMarkedMtx2304/depth4/node2/test0_12.mtx 1.8 1847.21 0.00117001 0.0178571 
/home/antonkov/masterWork/tests/samePrefixMarkedMtx2304/depth4/node2/test0_12.mtx 1.9 4184.38 0.000350046 0.0060241 
/home/antonkov/masterWork/tests/samePrefixMarkedMtx2304/depth4/node2/test0_12.mtx 2 0 -1 -1 
/home/antonkov/masterWork/tests/samePrefixMarkedMtx2304/depth4/node2/test0_12.mtx 2.1 0 -1 -1 
/home/antonkov/masterWork/tests/samePrefixMarkedMtx2304/depth4/node2/test0_12.mtx 2.2 0 -1 -1 
/home/antonkov/masterWork/tests/samePrefixMarkedMtx2304/depth4/node2/test0_12.mtx 2.3 0 -1 -1 
/home/antonkov/masterWork/tests/samePrefixMarkedMtx2304/depth4/node2/test0_12.mtx 2.4 0 -1 -1 
/home/antonkov/masterWork/tests/samePrefixMarkedMtx2304/depth4/node2/test0_12.mtx 2.5 0 -1 -1 
/home/antonkov/masterWork/tests/samePrefixMarkedMtx2304/depth4/node2/test0_12.mtx 2.6 0 -1 -1 
/home/antonkov/masterWork/tests/samePrefixMarkedMtx2304/depth4/node2/test0_12.mtx 2.7 0 -1 -1 
/home/antonkov/masterWork/tests/samePrefixMarkedMtx2304/depth4/node2/test0_12.mtx 2.8 0 -1 -1 
/home/antonkov/masterWork/tests/samePrefixMarkedMtx2304/depth4/node2/test0_12.mtx 2.9 0 -1 -1 
/home/antonkov/masterWork/tests/samePrefixMarkedMtx2304/depth4/node2/test0_12.mtx 3 0 -1 -1 
/home/antonkov/masterWork/tests/samePrefixMarkedMtx2304/depth4/node2/test0_12.mtx 3.1 0 -1 -1 
/home/antonkov/masterWork/tests/samePrefixMarkedMtx2304/depth4/node2/test0_12.mtx 3.2 0 -1 -1 
/home/antonkov/masterWork/tests/samePrefixMarkedMtx2304/depth4/node2/test0_12.mtx 3.3 0 -1 -1 
/home/antonkov/masterWork/tests/samePrefixMarkedMtx2304/depth4/node2/test0_12.mtx 3.4 0 -1 -1 
/home/antonkov/masterWork/tests/samePrefixMarkedMtx2304/depth4/node2/test0_12.mtx 3.5 0 -1 -1 
/home/antonkov/masterWork/tests/samePrefixMarkedMtx2304/depth4/node2/test0_13.mtx 1 495.667 0.0809288 0.9 
/home/antonkov/masterWork/tests/samePrefixMarkedMtx2304/depth4/node2/test0_13.mtx 1.1 456.926 0.0687413 0.82 
/home/antonkov/masterWork/tests/samePrefixMarkedMtx2304/depth4/node2/test0_13.mtx 1.2 429.111 0.0527691 0.66 
/home/antonkov/masterWork/tests/samePrefixMarkedMtx2304/depth4/node2/test0_13.mtx 1.3 417.983 0.0390799 0.51 
/home/antonkov/masterWork/tests/samePrefixMarkedMtx2304/depth4/node2/test0_13.mtx 1.4 527.863 0.0283615 0.405 
/home/antonkov/masterWork/tests/samePrefixMarkedMtx2304/depth4/node2/test0_13.mtx 1.5 576.4 0.01409 0.203333 
/home/antonkov/masterWork/tests/samePrefixMarkedMtx2304/depth4/node2/test0_13.mtx 1.6 679.873 0.00761285 0.112 
/home/antonkov/masterWork/tests/samePrefixMarkedMtx2304/depth4/node2/test0_13.mtx 1.7 978.878 0.0034605 0.055 
/home/antonkov/masterWork/tests/samePrefixMarkedMtx2304/depth4/node2/test0_13.mtx 1.8 1724.7 0.00130417 0.0204 
/home/antonkov/masterWork/tests/samePrefixMarkedMtx2304/depth4/node2/test0_13.mtx 1.9 3213.69 0.000540542 0.00836066 
/home/antonkov/masterWork/tests/samePrefixMarkedMtx2304/depth4/node2/test0_13.mtx 2 0 -1 -1 
/home/antonkov/masterWork/tests/samePrefixMarkedMtx2304/depth4/node2/test0_13.mtx 2.1 0 -1 -1 
/home/antonkov/masterWork/tests/samePrefixMarkedMtx2304/depth4/node2/test0_13.mtx 2.2 0 -1 -1 
/home/antonkov/masterWork/tests/samePrefixMarkedMtx2304/depth4/node2/test0_13.mtx 2.3 0 -1 -1 
/home/antonkov/masterWork/tests/samePrefixMarkedMtx2304/depth4/node2/test0_13.mtx 2.4 0 -1 -1 
/home/antonkov/masterWork/tests/samePrefixMarkedMtx2304/depth4/node2/test0_13.mtx 2.5 0 -1 -1 
/home/antonkov/masterWork/tests/samePrefixMarkedMtx2304/depth4/node2/test0_13.mtx 2.6 0 -1 -1 
/home/antonkov/masterWork/tests/samePrefixMarkedMtx2304/depth4/node2/test0_13.mtx 2.7 0 -1 -1 
/home/antonkov/masterWork/tests/samePrefixMarkedMtx2304/depth4/node2/test0_13.mtx 2.8 0 -1 -1 
/home/antonkov/masterWork/tests/samePrefixMarkedMtx2304/depth4/node2/test0_13.mtx 2.9 0 -1 -1 
/home/antonkov/masterWork/tests/samePrefixMarkedMtx2304/depth4/node2/test0_13.mtx 3 0 -1 -1 
/home/antonkov/masterWork/tests/samePrefixMarkedMtx2304/depth4/node2/test0_13.mtx 3.1 0 -1 -1 
/home/antonkov/masterWork/tests/samePrefixMarkedMtx2304/depth4/node2/test0_13.mtx 3.2 0 -1 -1 
/home/antonkov/masterWork/tests/samePrefixMarkedMtx2304/depth4/node2/test0_13.mtx 3.3 0 -1 -1 
/home/antonkov/masterWork/tests/samePrefixMarkedMtx2304/depth4/node2/test0_13.mtx 3.4 0 -1 -1 
/home/antonkov/masterWork/tests/samePrefixMarkedMtx2304/depth4/node2/test0_13.mtx 3.5 0 -1 -1 
/home/antonkov/masterWork/tests/samePrefixMarkedMtx2304/depth4/node2/test0_14.mtx 1 450.329 0.0794401 0.89 
/home/antonkov/masterWork/tests/samePrefixMarkedMtx2304/depth4/node2/test0_14.mtx 1.1 455.189 0.0647266 0.77 
/home/antonkov/masterWork/tests/samePrefixMarkedMtx2304/depth4/node2/test0_14.mtx 1.2 419.847 0.0512891 0.61 
/home/antonkov/masterWork/tests/samePrefixMarkedMtx2304/depth4/node2/test0_14.mtx 1.3 538.896 0.0416471 0.535 
/home/antonkov/masterWork/tests/samePrefixMarkedMtx2304/depth4/node2/test0_14.mtx 1.4 516.531 0.0286393 0.375 
/home/antonkov/masterWork/tests/samePrefixMarkedMtx2304/depth4/node2/test0_14.mtx 1.5 482.986 0.0177105 0.255 
/home/antonkov/masterWork/tests/samePrefixMarkedMtx2304/depth4/node2/test0_14.mtx 1.6 624.351 0.0086122 0.125 
/home/antonkov/masterWork/tests/samePrefixMarkedMtx2304/depth4/node2/test0_14.mtx 1.7 983.926 0.0032322 0.05 
/home/antonkov/masterWork/tests/samePrefixMarkedMtx2304/depth4/node2/test0_14.mtx 1.8 1520.64 0.00159061 0.0242857 
/home/antonkov/masterWork/tests/samePrefixMarkedMtx2304/depth4/node2/test0_14.mtx 1.9 3177.44 0.000513949 0.00862069 
/home/antonkov/masterWork/tests/samePrefixMarkedMtx2304/depth4/node2/test0_14.mtx 2 0 -1 -1 
/home/antonkov/masterWork/tests/samePrefixMarkedMtx2304/depth4/node2/test0_14.mtx 2.1 0 -1 -1 
/home/antonkov/masterWork/tests/samePrefixMarkedMtx2304/depth4/node2/test0_14.mtx 2.2 0 -1 -1 
/home/antonkov/masterWork/tests/samePrefixMarkedMtx2304/depth4/node2/test0_14.mtx 2.3 0 -1 -1 
/home/antonkov/masterWork/tests/samePrefixMarkedMtx2304/depth4/node2/test0_14.mtx 2.4 0 -1 -1 
/home/antonkov/masterWork/tests/samePrefixMarkedMtx2304/depth4/node2/test0_14.mtx 2.5 0 -1 -1 
/home/antonkov/masterWork/tests/samePrefixMarkedMtx2304/depth4/node2/test0_14.mtx 2.6 0 -1 -1 
/home/antonkov/masterWork/tests/samePrefixMarkedMtx2304/depth4/node2/test0_14.mtx 2.7 0 -1 -1 
/home/antonkov/masterWork/tests/samePrefixMarkedMtx2304/depth4/node2/test0_14.mtx 2.8 0 -1 -1 
/home/antonkov/masterWork/tests/samePrefixMarkedMtx2304/depth4/node2/test0_14.mtx 2.9 0 -1 -1 
/home/antonkov/masterWork/tests/samePrefixMarkedMtx2304/depth4/node2/test0_14.mtx 3 0 -1 -1 
/home/antonkov/masterWork/tests/samePrefixMarkedMtx2304/depth4/node2/test0_14.mtx 3.1 0 -1 -1 
/home/antonkov/masterWork/tests/samePrefixMarkedMtx2304/depth4/node2/test0_14.mtx 3.2 0 -1 -1 
/home/antonkov/masterWork/tests/samePrefixMarkedMtx2304/depth4/node2/test0_14.mtx 3.3 0 -1 -1 
/home/antonkov/masterWork/tests/samePrefixMarkedMtx2304/depth4/node2/test0_14.mtx 3.4 0 -1 -1 
/home/antonkov/masterWork/tests/samePrefixMarkedMtx2304/depth4/node2/test0_14.mtx 3.5 0 -1 -1 
/home/antonkov/masterWork/tests/samePrefixMarkedMtx2304/depth4/node2/test1_00.mtx 1 460.636 0.0802431 0.9 
/home/antonkov/masterWork/tests/samePrefixMarkedMtx2304/depth4/node2/test1_00.mtx 1.1 404.694 0.0690191 0.83 
/home/antonkov/masterWork/tests/samePrefixMarkedMtx2304/depth4/node2/test1_00.mtx 1.2 374.588 0.0478212 0.6 
/home/antonkov/masterWork/tests/samePrefixMarkedMtx2304/depth4/node2/test1_00.mtx 1.3 361.946 0.0389974 0.52 
/home/antonkov/masterWork/tests/samePrefixMarkedMtx2304/depth4/node2/test1_00.mtx 1.4 457.803 0.0234332 0.325 
/home/antonkov/masterWork/tests/samePrefixMarkedMtx2304/depth4/node2/test1_00.mtx 1.5 536.492 0.0167115 0.236667 
/home/antonkov/masterWork/tests/samePrefixMarkedMtx2304/depth4/node2/test1_00.mtx 1.6 719.776 0.00693866 0.0983333 
/home/antonkov/masterWork/tests/samePrefixMarkedMtx2304/depth4/node2/test1_00.mtx 1.7 975.744 0.00301531 0.0463636 
/home/antonkov/masterWork/tests/samePrefixMarkedMtx2304/depth4/node2/test1_00.mtx 1.8 1815.22 0.00109034 0.0182143 
/home/antonkov/masterWork/tests/samePrefixMarkedMtx2304/depth4/node2/test1_00.mtx 1.9 4132.1 0.000358443 0.00609756 
/home/antonkov/masterWork/tests/samePrefixMarkedMtx2304/depth4/node2/test1_00.mtx 2 0 -1 -1 
/home/antonkov/masterWork/tests/samePrefixMarkedMtx2304/depth4/node2/test1_00.mtx 2.1 0 -1 -1 
/home/antonkov/masterWork/tests/samePrefixMarkedMtx2304/depth4/node2/test1_00.mtx 2.2 0 -1 -1 
/home/antonkov/masterWork/tests/samePrefixMarkedMtx2304/depth4/node2/test1_00.mtx 2.3 0 -1 -1 
/home/antonkov/masterWork/tests/samePrefixMarkedMtx2304/depth4/node2/test1_00.mtx 2.4 0 -1 -1 
/home/antonkov/masterWork/tests/samePrefixMarkedMtx2304/depth4/node2/test1_00.mtx 2.5 0 -1 -1 
/home/antonkov/masterWork/tests/samePrefixMarkedMtx2304/depth4/node2/test1_00.mtx 2.6 0 -1 -1 
/home/antonkov/masterWork/tests/samePrefixMarkedMtx2304/depth4/node2/test1_00.mtx 2.7 0 -1 -1 
/home/antonkov/masterWork/tests/samePrefixMarkedMtx2304/depth4/node2/test1_00.mtx 2.8 0 -1 -1 
/home/antonkov/masterWork/tests/samePrefixMarkedMtx2304/depth4/node2/test1_00.mtx 2.9 0 -1 -1 
/home/antonkov/masterWork/tests/samePrefixMarkedMtx2304/depth4/node2/test1_00.mtx 3 0 -1 -1 
/home/antonkov/masterWork/tests/samePrefixMarkedMtx2304/depth4/node2/test1_00.mtx 3.1 0 -1 -1 
/home/antonkov/masterWork/tests/samePrefixMarkedMtx2304/depth4/node2/test1_00.mtx 3.2 0 -1 -1 
/home/antonkov/masterWork/tests/samePrefixMarkedMtx2304/depth4/node2/test1_00.mtx 3.3 0 -1 -1 
/home/antonkov/masterWork/tests/samePrefixMarkedMtx2304/depth4/node2/test1_00.mtx 3.4 0 -1 -1 
/home/antonkov/masterWork/tests/samePrefixMarkedMtx2304/depth4/node2/test1_00.mtx 3.5 0 -1 -1 
/home/antonkov/masterWork/tests/samePrefixMarkedMtx2304/depth4/node2/test1_01.mtx 1 402.261 0.0821788 0.95 
/home/antonkov/masterWork/tests/samePrefixMarkedMtx2304/depth4/node2/test1_01.mtx 1.1 396.547 0.0639019 0.78 
/home/antonkov/masterWork/tests/samePrefixMarkedMtx2304/depth4/node2/test1_01.mtx 1.2 381.221 0.0529948 0.68 
/home/antonkov/masterWork/tests/samePrefixMarkedMtx2304/depth4/node2/test1_01.mtx 1.3 366.215 0.037921 0.52 
/home/antonkov/masterWork/tests/samePrefixMarkedMtx2304/depth4/node2/test1_01.mtx 1.4 461.198 0.0238911 0.335 
/home/antonkov/masterWork/tests/samePrefixMarkedMtx2304/depth4/node2/test1_01.mtx 1.5 529.612 0.0154688 0.216667 
/home/antonkov/masterWork/tests/samePrefixMarkedMtx2304/depth4/node2/test1_01.mtx 1.6 651.767 0.00718924 0.116 
/home/antonkov/masterWork/tests/samePrefixMarkedMtx2304/depth4/node2/test1_01.mtx 1.7 992.531 0.00303464 0.0463636 
/home/antonkov/masterWork/tests/samePrefixMarkedMtx2304/depth4/node2/test1_01.mtx 1.8 1792.77 0.00109295 0.0188889 
/home/antonkov/masterWork/tests/samePrefixMarkedMtx2304/depth4/node2/test1_01.mtx 1.9 3672.93 0.000429687 0.00694444 
/home/antonkov/masterWork/tests/samePrefixMarkedMtx2304/depth4/node2/test1_01.mtx 2 0 -1 -1 
/home/antonkov/masterWork/tests/samePrefixMarkedMtx2304/depth4/node2/test1_01.mtx 2.1 0 -1 -1 
/home/antonkov/masterWork/tests/samePrefixMarkedMtx2304/depth4/node2/test1_01.mtx 2.2 0 -1 -1 
/home/antonkov/masterWork/tests/samePrefixMarkedMtx2304/depth4/node2/test1_01.mtx 2.3 0 -1 -1 
/home/antonkov/masterWork/tests/samePrefixMarkedMtx2304/depth4/node2/test1_01.mtx 2.4 0 -1 -1 
/home/antonkov/masterWork/tests/samePrefixMarkedMtx2304/depth4/node2/test1_01.mtx 2.5 0 -1 -1 
/home/antonkov/masterWork/tests/samePrefixMarkedMtx2304/depth4/node2/test1_01.mtx 2.6 0 -1 -1 
/home/antonkov/masterWork/tests/samePrefixMarkedMtx2304/depth4/node2/test1_01.mtx 2.7 0 -1 -1 
/home/antonkov/masterWork/tests/samePrefixMarkedMtx2304/depth4/node2/test1_01.mtx 2.8 0 -1 -1 
/home/antonkov/masterWork/tests/samePrefixMarkedMtx2304/depth4/node2/test1_01.mtx 2.9 0 -1 -1 
/home/antonkov/masterWork/tests/samePrefixMarkedMtx2304/depth4/node2/test1_01.mtx 3 0 -1 -1 
/home/antonkov/masterWork/tests/samePrefixMarkedMtx2304/depth4/node2/test1_01.mtx 3.1 0 -1 -1 
/home/antonkov/masterWork/tests/samePrefixMarkedMtx2304/depth4/node2/test1_01.mtx 3.2 0 -1 -1 
/home/antonkov/masterWork/tests/samePrefixMarkedMtx2304/depth4/node2/test1_01.mtx 3.3 0 -1 -1 
/home/antonkov/masterWork/tests/samePrefixMarkedMtx2304/depth4/node2/test1_01.mtx 3.4 0 -1 -1 
/home/antonkov/masterWork/tests/samePrefixMarkedMtx2304/depth4/node2/test1_01.mtx 3.5 0 -1 -1 
/home/antonkov/masterWork/tests/samePrefixMarkedMtx2304/depth4/node2/test1_02.mtx 1 445.509 0.080447 0.89 
/home/antonkov/masterWork/tests/samePrefixMarkedMtx2304/depth4/node2/test1_02.mtx 1.1 404.833 0.0685373 0.81 
/home/antonkov/masterWork/tests/samePrefixMarkedMtx2304/depth4/node2/test1_02.mtx 1.2 397.599 0.0551345 0.7 
/home/antonkov/masterWork/tests/samePrefixMarkedMtx2304/depth4/node2/test1_02.mtx 1.3 366.458 0.0403125 0.53 
/home/antonkov/masterWork/tests/samePrefixMarkedMtx2304/depth4/node2/test1_02.mtx 1.4 462.801 0.0260265 0.38 
/home/antonkov/masterWork/tests/samePrefixMarkedMtx2304/depth4/node2/test1_02.mtx 1.5 518.857 0.0118229 0.173333 
/home/antonkov/masterWork/tests/samePrefixMarkedMtx2304/depth4/node2/test1_02.mtx 1.6 704.049 0.00607205 0.0883333 
/home/antonkov/masterWork/tests/samePrefixMarkedMtx2304/depth4/node2/test1_02.mtx 1.7 1101.48 0.00248898 0.0384615 
/home/antonkov/masterWork/tests/samePrefixMarkedMtx2304/depth4/node2/test1_02.mtx 1.8 1807.63 0.00112072 0.0178571 
/home/antonkov/masterWork/tests/samePrefixMarkedMtx2304/depth4/node2/test1_02.mtx 1.9 4123.33 0.000363029 0.00617284 
/home/antonkov/masterWork/tests/samePrefixMarkedMtx2304/depth4/node2/test1_02.mtx 2 0 -1 -1 
/home/antonkov/masterWork/tests/samePrefixMarkedMtx2304/depth4/node2/test1_02.mtx 2.1 0 -1 -1 
/home/antonkov/masterWork/tests/samePrefixMarkedMtx2304/depth4/node2/test1_02.mtx 2.2 0 -1 -1 
/home/antonkov/masterWork/tests/samePrefixMarkedMtx2304/depth4/node2/test1_02.mtx 2.3 0 -1 -1 
/home/antonkov/masterWork/tests/samePrefixMarkedMtx2304/depth4/node2/test1_02.mtx 2.4 0 -1 -1 
/home/antonkov/masterWork/tests/samePrefixMarkedMtx2304/depth4/node2/test1_02.mtx 2.5 0 -1 -1 
/home/antonkov/masterWork/tests/samePrefixMarkedMtx2304/depth4/node2/test1_02.mtx 2.6 0 -1 -1 
/home/antonkov/masterWork/tests/samePrefixMarkedMtx2304/depth4/node2/test1_02.mtx 2.7 0 -1 -1 
/home/antonkov/masterWork/tests/samePrefixMarkedMtx2304/depth4/node2/test1_02.mtx 2.8 0 -1 -1 
/home/antonkov/masterWork/tests/samePrefixMarkedMtx2304/depth4/node2/test1_02.mtx 2.9 0 -1 -1 
/home/antonkov/masterWork/tests/samePrefixMarkedMtx2304/depth4/node2/test1_02.mtx 3 0 -1 -1 
/home/antonkov/masterWork/tests/samePrefixMarkedMtx2304/depth4/node2/test1_02.mtx 3.1 0 -1 -1 
/home/antonkov/masterWork/tests/samePrefixMarkedMtx2304/depth4/node2/test1_02.mtx 3.2 0 -1 -1 
/home/antonkov/masterWork/tests/samePrefixMarkedMtx2304/depth4/node2/test1_02.mtx 3.3 0 -1 -1 
/home/antonkov/masterWork/tests/samePrefixMarkedMtx2304/depth4/node2/test1_02.mtx 3.4 0 -1 -1 
/home/antonkov/masterWork/tests/samePrefixMarkedMtx2304/depth4/node2/test1_02.mtx 3.5 0 -1 -1 
/home/antonkov/masterWork/tests/samePrefixMarkedMtx2304/depth4/node2/test1_03.mtx 1 407.283 0.0779167 0.85 
/home/antonkov/masterWork/tests/samePrefixMarkedMtx2304/depth4/node2/test1_03.mtx 1.1 405.04 0.0678255 0.79 
/home/antonkov/masterWork/tests/samePrefixMarkedMtx2304/depth4/node2/test1_03.mtx 1.2 391.328 0.0542708 0.68 
/home/antonkov/masterWork/tests/samePrefixMarkedMtx2304/depth4/node2/test1_03.mtx 1.3 372.598 0.0381944 0.51 
/home/antonkov/masterWork/tests/samePrefixMarkedMtx2304/depth4/node2/test1_03.mtx 1.4 455.898 0.0229557 0.32 
/home/antonkov/masterWork/tests/samePrefixMarkedMtx2304/depth4/node2/test1_03.mtx 1.5 522.073 0.0133709 0.2 
/home/antonkov/masterWork/tests/samePrefixMarkedMtx2304/depth4/node2/test1_03.mtx 1.6 797.727 0.00542039 0.0757143 
/home/antonkov/masterWork/tests/samePrefixMarkedMtx2304/depth4/node2/test1_03.mtx 1.7 1022.26 0.00287652 0.0425 
/home/antonkov/masterWork/tests/samePrefixMarkedMtx2304/depth4/node2/test1_03.mtx 1.8 2075.27 0.00101207 0.0157576 
/home/antonkov/masterWork/tests/samePrefixMarkedMtx2304/depth4/node2/test1_03.mtx 1.9 3883.7 0.000392795 0.00657895 
/home/antonkov/masterWork/tests/samePrefixMarkedMtx2304/depth4/node2/test1_03.mtx 2 0 -1 -1 
/home/antonkov/masterWork/tests/samePrefixMarkedMtx2304/depth4/node2/test1_03.mtx 2.1 0 -1 -1 
/home/antonkov/masterWork/tests/samePrefixMarkedMtx2304/depth4/node2/test1_03.mtx 2.2 0 -1 -1 
/home/antonkov/masterWork/tests/samePrefixMarkedMtx2304/depth4/node2/test1_03.mtx 2.3 0 -1 -1 
/home/antonkov/masterWork/tests/samePrefixMarkedMtx2304/depth4/node2/test1_03.mtx 2.4 0 -1 -1 
/home/antonkov/masterWork/tests/samePrefixMarkedMtx2304/depth4/node2/test1_03.mtx 2.5 0 -1 -1 
/home/antonkov/masterWork/tests/samePrefixMarkedMtx2304/depth4/node2/test1_03.mtx 2.6 0 -1 -1 
/home/antonkov/masterWork/tests/samePrefixMarkedMtx2304/depth4/node2/test1_03.mtx 2.7 0 -1 -1 
/home/antonkov/masterWork/tests/samePrefixMarkedMtx2304/depth4/node2/test1_03.mtx 2.8 0 -1 -1 
/home/antonkov/masterWork/tests/samePrefixMarkedMtx2304/depth4/node2/test1_03.mtx 2.9 0 -1 -1 
/home/antonkov/masterWork/tests/samePrefixMarkedMtx2304/depth4/node2/test1_03.mtx 3 0 -1 -1 
/home/antonkov/masterWork/tests/samePrefixMarkedMtx2304/depth4/node2/test1_03.mtx 3.1 0 -1 -1 
/home/antonkov/masterWork/tests/samePrefixMarkedMtx2304/depth4/node2/test1_03.mtx 3.2 0 -1 -1 
/home/antonkov/masterWork/tests/samePrefixMarkedMtx2304/depth4/node2/test1_03.mtx 3.3 0 -1 -1 
/home/antonkov/masterWork/tests/samePrefixMarkedMtx2304/depth4/node2/test1_03.mtx 3.4 0 -1 -1 
/home/antonkov/masterWork/tests/samePrefixMarkedMtx2304/depth4/node2/test1_03.mtx 3.5 0 -1 -1 
/home/antonkov/masterWork/tests/samePrefixMarkedMtx2304/depth4/node2/test1_04.mtx 1 467.897 0.0813585 0.9 
/home/antonkov/masterWork/tests/samePrefixMarkedMtx2304/depth4/node2/test1_04.mtx 1.1 408.138 0.0700087 0.83 
/home/antonkov/masterWork/tests/samePrefixMarkedMtx2304/depth4/node2/test1_04.mtx 1.2 393.176 0.0540668 0.7 
/home/antonkov/masterWork/tests/samePrefixMarkedMtx2304/depth4/node2/test1_04.mtx 1.3 374.546 0.0376259 0.51 
/home/antonkov/masterWork/tests/samePrefixMarkedMtx2304/depth4/node2/test1_04.mtx 1.4 468.776 0.0227496 0.315 
/home/antonkov/masterWork/tests/samePrefixMarkedMtx2304/depth4/node2/test1_04.mtx 1.5 516.608 0.0123423 0.18 
/home/antonkov/masterWork/tests/samePrefixMarkedMtx2304/depth4/node2/test1_04.mtx 1.6 685.138 0.00542245 0.0833333 
/home/antonkov/masterWork/tests/samePrefixMarkedMtx2304/depth4/node2/test1_04.mtx 1.7 1016.1 0.00297345 0.045 
/home/antonkov/masterWork/tests/samePrefixMarkedMtx2304/depth4/node2/test1_04.mtx 1.8 1769.54 0.0011566 0.0185185 
/home/antonkov/masterWork/tests/samePrefixMarkedMtx2304/depth4/node2/test1_04.mtx 1.9 3742.5 0.000446811 0.0069863 
/home/antonkov/masterWork/tests/samePrefixMarkedMtx2304/depth4/node2/test1_04.mtx 2 0 -1 -1 
/home/antonkov/masterWork/tests/samePrefixMarkedMtx2304/depth4/node2/test1_04.mtx 2.1 0 -1 -1 
/home/antonkov/masterWork/tests/samePrefixMarkedMtx2304/depth4/node2/test1_04.mtx 2.2 0 -1 -1 
/home/antonkov/masterWork/tests/samePrefixMarkedMtx2304/depth4/node2/test1_04.mtx 2.3 0 -1 -1 
/home/antonkov/masterWork/tests/samePrefixMarkedMtx2304/depth4/node2/test1_04.mtx 2.4 0 -1 -1 
/home/antonkov/masterWork/tests/samePrefixMarkedMtx2304/depth4/node2/test1_04.mtx 2.5 0 -1 -1 
/home/antonkov/masterWork/tests/samePrefixMarkedMtx2304/depth4/node2/test1_04.mtx 2.6 0 -1 -1 
/home/antonkov/masterWork/tests/samePrefixMarkedMtx2304/depth4/node2/test1_04.mtx 2.7 0 -1 -1 
/home/antonkov/masterWork/tests/samePrefixMarkedMtx2304/depth4/node2/test1_04.mtx 2.8 0 -1 -1 
/home/antonkov/masterWork/tests/samePrefixMarkedMtx2304/depth4/node2/test1_04.mtx 2.9 0 -1 -1 
/home/antonkov/masterWork/tests/samePrefixMarkedMtx2304/depth4/node2/test1_04.mtx 3 0 -1 -1 
/home/antonkov/masterWork/tests/samePrefixMarkedMtx2304/depth4/node2/test1_04.mtx 3.1 0 -1 -1 
/home/antonkov/masterWork/tests/samePrefixMarkedMtx2304/depth4/node2/test1_04.mtx 3.2 0 -1 -1 
/home/antonkov/masterWork/tests/samePrefixMarkedMtx2304/depth4/node2/test1_04.mtx 3.3 0 -1 -1 
/home/antonkov/masterWork/tests/samePrefixMarkedMtx2304/depth4/node2/test1_04.mtx 3.4 0 -1 -1 
/home/antonkov/masterWork/tests/samePrefixMarkedMtx2304/depth4/node2/test1_04.mtx 3.5 0 -1 -1 
/home/antonkov/masterWork/tests/samePrefixMarkedMtx2304/depth4/node2/test1_05.mtx 1 404.65 0.0819184 0.92 
/home/antonkov/masterWork/tests/samePrefixMarkedMtx2304/depth4/node2/test1_05.mtx 1.1 402.141 0.0669835 0.76 
/home/antonkov/masterWork/tests/samePrefixMarkedMtx2304/depth4/node2/test1_05.mtx 1.2 386.618 0.0543099 0.65 
/home/antonkov/masterWork/tests/samePrefixMarkedMtx2304/depth4/node2/test1_05.mtx 1.3 490.528 0.0386654 0.5 
/home/antonkov/masterWork/tests/samePrefixMarkedMtx2304/depth4/node2/test1_05.mtx 1.4 460.371 0.0256467 0.34 
/home/antonkov/masterWork/tests/samePrefixMarkedMtx2304/depth4/node2/test1_05.mtx 1.5 533.499 0.0148177 0.213333 
/home/antonkov/masterWork/tests/samePrefixMarkedMtx2304/depth4/node2/test1_05.mtx 1.6 720.832 0.00653139 0.0933333 
/home/antonkov/masterWork/tests/samePrefixMarkedMtx2304/depth4/node2/test1_05.mtx 1.7 932.437 0.00343012 0.05 
/home/antonkov/masterWork/tests/samePrefixMarkedMtx2304/depth4/node2/test1_05.mtx 1.8 2131.28 0.00099445 0.0154545 
/home/antonkov/masterWork/tests/samePrefixMarkedMtx2304/depth4/node2/test1_05.mtx 1.9 3990.05 0.000375913 0.00649351 
/home/antonkov/masterWork/tests/samePrefixMarkedMtx2304/depth4/node2/test1_05.mtx 2 0 -1 -1 
/home/antonkov/masterWork/tests/samePrefixMarkedMtx2304/depth4/node2/test1_05.mtx 2.1 0 -1 -1 
/home/antonkov/masterWork/tests/samePrefixMarkedMtx2304/depth4/node2/test1_05.mtx 2.2 0 -1 -1 
/home/antonkov/masterWork/tests/samePrefixMarkedMtx2304/depth4/node2/test1_05.mtx 2.3 0 -1 -1 
/home/antonkov/masterWork/tests/samePrefixMarkedMtx2304/depth4/node2/test1_05.mtx 2.4 0 -1 -1 
/home/antonkov/masterWork/tests/samePrefixMarkedMtx2304/depth4/node2/test1_05.mtx 2.5 0 -1 -1 
/home/antonkov/masterWork/tests/samePrefixMarkedMtx2304/depth4/node2/test1_05.mtx 2.6 0 -1 -1 
/home/antonkov/masterWork/tests/samePrefixMarkedMtx2304/depth4/node2/test1_05.mtx 2.7 0 -1 -1 
/home/antonkov/masterWork/tests/samePrefixMarkedMtx2304/depth4/node2/test1_05.mtx 2.8 0 -1 -1 
/home/antonkov/masterWork/tests/samePrefixMarkedMtx2304/depth4/node2/test1_05.mtx 2.9 0 -1 -1 
/home/antonkov/masterWork/tests/samePrefixMarkedMtx2304/depth4/node2/test1_05.mtx 3 0 -1 -1 
/home/antonkov/masterWork/tests/samePrefixMarkedMtx2304/depth4/node2/test1_05.mtx 3.1 0 -1 -1 
/home/antonkov/masterWork/tests/samePrefixMarkedMtx2304/depth4/node2/test1_05.mtx 3.2 0 -1 -1 
/home/antonkov/masterWork/tests/samePrefixMarkedMtx2304/depth4/node2/test1_05.mtx 3.3 0 -1 -1 
/home/antonkov/masterWork/tests/samePrefixMarkedMtx2304/depth4/node2/test1_05.mtx 3.4 0 -1 -1 
/home/antonkov/masterWork/tests/samePrefixMarkedMtx2304/depth4/node2/test1_05.mtx 3.5 0 -1 -1 
/home/antonkov/masterWork/tests/samePrefixMarkedMtx2304/depth4/node2/test1_06.mtx 1 456.391 0.0792274 0.9 
/home/antonkov/masterWork/tests/samePrefixMarkedMtx2304/depth4/node2/test1_06.mtx 1.1 408.577 0.064171 0.77 
/home/antonkov/masterWork/tests/samePrefixMarkedMtx2304/depth4/node2/test1_06.mtx 1.2 398.984 0.0504167 0.64 
/home/antonkov/masterWork/tests/samePrefixMarkedMtx2304/depth4/node2/test1_06.mtx 1.3 499.641 0.0383398 0.5 
/home/antonkov/masterWork/tests/samePrefixMarkedMtx2304/depth4/node2/test1_06.mtx 1.4 463.361 0.0264865 0.36 
/home/antonkov/masterWork/tests/samePrefixMarkedMtx2304/depth4/node2/test1_06.mtx 1.5 528.631 0.0140437 0.196667 
/home/antonkov/masterWork/tests/samePrefixMarkedMtx2304/depth4/node2/test1_06.mtx 1.6 638.107 0.00709115 0.108 
/home/antonkov/masterWork/tests/samePrefixMarkedMtx2304/depth4/node2/test1_06.mtx 1.7 1033.55 0.00284541 0.0441667 
/home/antonkov/masterWork/tests/samePrefixMarkedMtx2304/depth4/node2/test1_06.mtx 1.8 1544.67 0.00140965 0.0217391 
/home/antonkov/masterWork/tests/samePrefixMarkedMtx2304/depth4/node2/test1_06.mtx 1.9 3725.24 0.000413872 0.0069863 
/home/antonkov/masterWork/tests/samePrefixMarkedMtx2304/depth4/node2/test1_06.mtx 2 0 -1 -1 
/home/antonkov/masterWork/tests/samePrefixMarkedMtx2304/depth4/node2/test1_06.mtx 2.1 0 -1 -1 
/home/antonkov/masterWork/tests/samePrefixMarkedMtx2304/depth4/node2/test1_06.mtx 2.2 0 -1 -1 
/home/antonkov/masterWork/tests/samePrefixMarkedMtx2304/depth4/node2/test1_06.mtx 2.3 0 -1 -1 
/home/antonkov/masterWork/tests/samePrefixMarkedMtx2304/depth4/node2/test1_06.mtx 2.4 0 -1 -1 
/home/antonkov/masterWork/tests/samePrefixMarkedMtx2304/depth4/node2/test1_06.mtx 2.5 0 -1 -1 
/home/antonkov/masterWork/tests/samePrefixMarkedMtx2304/depth4/node2/test1_06.mtx 2.6 0 -1 -1 
/home/antonkov/masterWork/tests/samePrefixMarkedMtx2304/depth4/node2/test1_06.mtx 2.7 0 -1 -1 
/home/antonkov/masterWork/tests/samePrefixMarkedMtx2304/depth4/node2/test1_06.mtx 2.8 0 -1 -1 
/home/antonkov/masterWork/tests/samePrefixMarkedMtx2304/depth4/node2/test1_06.mtx 2.9 0 -1 -1 
/home/antonkov/masterWork/tests/samePrefixMarkedMtx2304/depth4/node2/test1_06.mtx 3 0 -1 -1 
/home/antonkov/masterWork/tests/samePrefixMarkedMtx2304/depth4/node2/test1_06.mtx 3.1 0 -1 -1 
/home/antonkov/masterWork/tests/samePrefixMarkedMtx2304/depth4/node2/test1_06.mtx 3.2 0 -1 -1 
/home/antonkov/masterWork/tests/samePrefixMarkedMtx2304/depth4/node2/test1_06.mtx 3.3 0 -1 -1 
/home/antonkov/masterWork/tests/samePrefixMarkedMtx2304/depth4/node2/test1_06.mtx 3.4 0 -1 -1 
/home/antonkov/masterWork/tests/samePrefixMarkedMtx2304/depth4/node2/test1_06.mtx 3.5 0 -1 -1 
/home/antonkov/masterWork/tests/samePrefixMarkedMtx2304/depth4/node2/test1_07.mtx 1 402.213 0.0794922 0.89 
/home/antonkov/masterWork/tests/samePrefixMarkedMtx2304/depth4/node2/test1_07.mtx 1.1 396.711 0.0667578 0.79 
/home/antonkov/masterWork/tests/samePrefixMarkedMtx2304/depth4/node2/test1_07.mtx 1.2 378.701 0.053546 0.65 
/home/antonkov/masterWork/tests/samePrefixMarkedMtx2304/depth4/node2/test1_07.mtx 1.3 364.118 0.0380165 0.51 
/home/antonkov/masterWork/tests/samePrefixMarkedMtx2304/depth4/node2/test1_07.mtx 1.4 461.643 0.0268424 0.355 
/home/antonkov/masterWork/tests/samePrefixMarkedMtx2304/depth4/node2/test1_07.mtx 1.5 537.403 0.0149971 0.203333 
/home/antonkov/masterWork/tests/samePrefixMarkedMtx2304/depth4/node2/test1_07.mtx 1.6 634.44 0.00793663 0.114 
/home/antonkov/masterWork/tests/samePrefixMarkedMtx2304/depth4/node2/test1_07.mtx 1.7 915.792 0.00383984 0.053 
/home/antonkov/masterWork/tests/samePrefixMarkedMtx2304/depth4/node2/test1_07.mtx 1.8 1595.91 0.00135489 0.0208333 
/home/antonkov/masterWork/tests/samePrefixMarkedMtx2304/depth4/node2/test1_07.mtx 1.9 3359.2 0.000460203 0.00769231 
/home/antonkov/masterWork/tests/samePrefixMarkedMtx2304/depth4/node2/test1_07.mtx 2 0 -1 -1 
/home/antonkov/masterWork/tests/samePrefixMarkedMtx2304/depth4/node2/test1_07.mtx 2.1 0 -1 -1 
/home/antonkov/masterWork/tests/samePrefixMarkedMtx2304/depth4/node2/test1_07.mtx 2.2 0 -1 -1 
/home/antonkov/masterWork/tests/samePrefixMarkedMtx2304/depth4/node2/test1_07.mtx 2.3 0 -1 -1 
/home/antonkov/masterWork/tests/samePrefixMarkedMtx2304/depth4/node2/test1_07.mtx 2.4 0 -1 -1 
/home/antonkov/masterWork/tests/samePrefixMarkedMtx2304/depth4/node2/test1_07.mtx 2.5 0 -1 -1 
/home/antonkov/masterWork/tests/samePrefixMarkedMtx2304/depth4/node2/test1_07.mtx 2.6 0 -1 -1 
/home/antonkov/masterWork/tests/samePrefixMarkedMtx2304/depth4/node2/test1_07.mtx 2.7 0 -1 -1 
/home/antonkov/masterWork/tests/samePrefixMarkedMtx2304/depth4/node2/test1_07.mtx 2.8 0 -1 -1 
/home/antonkov/masterWork/tests/samePrefixMarkedMtx2304/depth4/node2/test1_07.mtx 2.9 0 -1 -1 
/home/antonkov/masterWork/tests/samePrefixMarkedMtx2304/depth4/node2/test1_07.mtx 3 0 -1 -1 
/home/antonkov/masterWork/tests/samePrefixMarkedMtx2304/depth4/node2/test1_07.mtx 3.1 0 -1 -1 
/home/antonkov/masterWork/tests/samePrefixMarkedMtx2304/depth4/node2/test1_07.mtx 3.2 0 -1 -1 
/home/antonkov/masterWork/tests/samePrefixMarkedMtx2304/depth4/node2/test1_07.mtx 3.3 0 -1 -1 
/home/antonkov/masterWork/tests/samePrefixMarkedMtx2304/depth4/node2/test1_07.mtx 3.4 0 -1 -1 
/home/antonkov/masterWork/tests/samePrefixMarkedMtx2304/depth4/node2/test1_07.mtx 3.5 0 -1 -1 
/home/antonkov/masterWork/tests/samePrefixMarkedMtx2304/depth4/node2/test1_08.mtx 1 464.916 0.0760937 0.85 
/home/antonkov/masterWork/tests/samePrefixMarkedMtx2304/depth4/node2/test1_08.mtx 1.1 408.07 0.0663194 0.78 
/home/antonkov/masterWork/tests/samePrefixMarkedMtx2304/depth4/node2/test1_08.mtx 1.2 401.613 0.0527127 0.67 
/home/antonkov/masterWork/tests/samePrefixMarkedMtx2304/depth4/node2/test1_08.mtx 1.3 496.336 0.0380773 0.5 
/home/antonkov/masterWork/tests/samePrefixMarkedMtx2304/depth4/node2/test1_08.mtx 1.4 474.557 0.0258312 0.355 
/home/antonkov/masterWork/tests/samePrefixMarkedMtx2304/depth4/node2/test1_08.mtx 1.5 530.228 0.0151172 0.213333 
/home/antonkov/masterWork/tests/samePrefixMarkedMtx2304/depth4/node2/test1_08.mtx 1.6 659.804 0.00688281 0.106 
/home/antonkov/masterWork/tests/samePrefixMarkedMtx2304/depth4/node2/test1_08.mtx 1.7 990.943 0.00296402 0.0454545 
/home/antonkov/masterWork/tests/samePrefixMarkedMtx2304/depth4/node2/test1_08.mtx 1.8 1607.36 0.00134965 0.0216667 
/home/antonkov/masterWork/tests/samePrefixMarkedMtx2304/depth4/node2/test1_08.mtx 1.9 3407.93 0.000480279 0.00796875 
/home/antonkov/masterWork/tests/samePrefixMarkedMtx2304/depth4/node2/test1_08.mtx 2 0 -1 -1 
/home/antonkov/masterWork/tests/samePrefixMarkedMtx2304/depth4/node2/test1_08.mtx 2.1 0 -1 -1 
/home/antonkov/masterWork/tests/samePrefixMarkedMtx2304/depth4/node2/test1_08.mtx 2.2 0 -1 -1 
/home/antonkov/masterWork/tests/samePrefixMarkedMtx2304/depth4/node2/test1_08.mtx 2.3 0 -1 -1 
/home/antonkov/masterWork/tests/samePrefixMarkedMtx2304/depth4/node2/test1_08.mtx 2.4 0 -1 -1 
/home/antonkov/masterWork/tests/samePrefixMarkedMtx2304/depth4/node2/test1_08.mtx 2.5 0 -1 -1 
/home/antonkov/masterWork/tests/samePrefixMarkedMtx2304/depth4/node2/test1_08.mtx 2.6 0 -1 -1 
/home/antonkov/masterWork/tests/samePrefixMarkedMtx2304/depth4/node2/test1_08.mtx 2.7 0 -1 -1 
/home/antonkov/masterWork/tests/samePrefixMarkedMtx2304/depth4/node2/test1_08.mtx 2.8 0 -1 -1 
/home/antonkov/masterWork/tests/samePrefixMarkedMtx2304/depth4/node2/test1_08.mtx 2.9 0 -1 -1 
/home/antonkov/masterWork/tests/samePrefixMarkedMtx2304/depth4/node2/test1_08.mtx 3 0 -1 -1 
/home/antonkov/masterWork/tests/samePrefixMarkedMtx2304/depth4/node2/test1_08.mtx 3.1 0 -1 -1 
/home/antonkov/masterWork/tests/samePrefixMarkedMtx2304/depth4/node2/test1_08.mtx 3.2 0 -1 -1 
/home/antonkov/masterWork/tests/samePrefixMarkedMtx2304/depth4/node2/test1_08.mtx 3.3 0 -1 -1 
/home/antonkov/masterWork/tests/samePrefixMarkedMtx2304/depth4/node2/test1_08.mtx 3.4 0 -1 -1 
/home/antonkov/masterWork/tests/samePrefixMarkedMtx2304/depth4/node2/test1_08.mtx 3.5 0 -1 -1 
/home/antonkov/masterWork/tests/samePrefixMarkedMtx2304/depth4/node2/test1_09.mtx 1 413.89 0.0790495 0.9 
/home/antonkov/masterWork/tests/samePrefixMarkedMtx2304/depth4/node2/test1_09.mtx 1.1 403.208 0.0668663 0.81 
/home/antonkov/masterWork/tests/samePrefixMarkedMtx2304/depth4/node2/test1_09.mtx 1.2 384.372 0.0494618 0.63 
/home/antonkov/masterWork/tests/samePrefixMarkedMtx2304/depth4/node2/test1_09.mtx 1.3 497.16 0.0382661 0.51 
/home/antonkov/masterWork/tests/samePrefixMarkedMtx2304/depth4/node2/test1_09.mtx 1.4 463.379 0.0256966 0.35 
/home/antonkov/masterWork/tests/samePrefixMarkedMtx2304/depth4/node2/test1_09.mtx 1.5 525.277 0.0145226 0.213333 
/home/antonkov/masterWork/tests/samePrefixMarkedMtx2304/depth4/node2/test1_09.mtx 1.6 653.859 0.00651736 0.1 
/home/antonkov/masterWork/tests/samePrefixMarkedMtx2304/depth4/node2/test1_09.mtx 1.7 1019.56 0.00279152 0.0425 
/home/antonkov/masterWork/tests/samePrefixMarkedMtx2304/depth4/node2/test1_09.mtx 1.8 1946.05 0.00110446 0.0173333 
/home/antonkov/masterWork/tests/samePrefixMarkedMtx2304/depth4/node2/test1_09.mtx 1.9 4431.28 0.000333659 0.00568182 
/home/antonkov/masterWork/tests/samePrefixMarkedMtx2304/depth4/node2/test1_09.mtx 2 0 -1 -1 
/home/antonkov/masterWork/tests/samePrefixMarkedMtx2304/depth4/node2/test1_09.mtx 2.1 0 -1 -1 
/home/antonkov/masterWork/tests/samePrefixMarkedMtx2304/depth4/node2/test1_09.mtx 2.2 0 -1 -1 
/home/antonkov/masterWork/tests/samePrefixMarkedMtx2304/depth4/node2/test1_09.mtx 2.3 0 -1 -1 
/home/antonkov/masterWork/tests/samePrefixMarkedMtx2304/depth4/node2/test1_09.mtx 2.4 0 -1 -1 
/home/antonkov/masterWork/tests/samePrefixMarkedMtx2304/depth4/node2/test1_09.mtx 2.5 0 -1 -1 
/home/antonkov/masterWork/tests/samePrefixMarkedMtx2304/depth4/node2/test1_09.mtx 2.6 0 -1 -1 
/home/antonkov/masterWork/tests/samePrefixMarkedMtx2304/depth4/node2/test1_09.mtx 2.7 0 -1 -1 
/home/antonkov/masterWork/tests/samePrefixMarkedMtx2304/depth4/node2/test1_09.mtx 2.8 0 -1 -1 
/home/antonkov/masterWork/tests/samePrefixMarkedMtx2304/depth4/node2/test1_09.mtx 2.9 0 -1 -1 
/home/antonkov/masterWork/tests/samePrefixMarkedMtx2304/depth4/node2/test1_09.mtx 3 0 -1 -1 
/home/antonkov/masterWork/tests/samePrefixMarkedMtx2304/depth4/node2/test1_09.mtx 3.1 0 -1 -1 
/home/antonkov/masterWork/tests/samePrefixMarkedMtx2304/depth4/node2/test1_09.mtx 3.2 0 -1 -1 
/home/antonkov/masterWork/tests/samePrefixMarkedMtx2304/depth4/node2/test1_09.mtx 3.3 0 -1 -1 
/home/antonkov/masterWork/tests/samePrefixMarkedMtx2304/depth4/node2/test1_09.mtx 3.4 0 -1 -1 
/home/antonkov/masterWork/tests/samePrefixMarkedMtx2304/depth4/node2/test1_09.mtx 3.5 0 -1 -1 
/home/antonkov/masterWork/tests/samePrefixMarkedMtx2304/depth4/node2/test1_10.mtx 1 475.321 0.0794792 0.89 
/home/antonkov/masterWork/tests/samePrefixMarkedMtx2304/depth4/node2/test1_10.mtx 1.1 418.929 0.0700911 0.83 
/home/antonkov/masterWork/tests/samePrefixMarkedMtx2304/depth4/node2/test1_10.mtx 1.2 391.691 0.0574609 0.72 
/home/antonkov/masterWork/tests/samePrefixMarkedMtx2304/depth4/node2/test1_10.mtx 1.3 378.001 0.0398958 0.54 
/home/antonkov/masterWork/tests/samePrefixMarkedMtx2304/depth4/node2/test1_10.mtx 1.4 461.684 0.0262522 0.35 
/home/antonkov/masterWork/tests/samePrefixMarkedMtx2304/depth4/node2/test1_10.mtx 1.5 531.099 0.013614 0.213333 
/home/antonkov/masterWork/tests/samePrefixMarkedMtx2304/depth4/node2/test1_10.mtx 1.6 694.754 0.00626881 0.09 
/home/antonkov/masterWork/tests/samePrefixMarkedMtx2304/depth4/node2/test1_10.mtx 1.7 1037.34 0.00308919 0.0441667 
/home/antonkov/masterWork/tests/samePrefixMarkedMtx2304/depth4/node2/test1_10.mtx 1.8 1803.43 0.00118908 0.0185714 
/home/antonkov/masterWork/tests/samePrefixMarkedMtx2304/depth4/node2/test1_10.mtx 1.9 4219.03 0.000397241 0.00609756 
/home/antonkov/masterWork/tests/samePrefixMarkedMtx2304/depth4/node2/test1_10.mtx 2 0 -1 -1 
/home/antonkov/masterWork/tests/samePrefixMarkedMtx2304/depth4/node2/test1_10.mtx 2.1 0 -1 -1 
/home/antonkov/masterWork/tests/samePrefixMarkedMtx2304/depth4/node2/test1_10.mtx 2.2 0 -1 -1 
/home/antonkov/masterWork/tests/samePrefixMarkedMtx2304/depth4/node2/test1_10.mtx 2.3 0 -1 -1 
/home/antonkov/masterWork/tests/samePrefixMarkedMtx2304/depth4/node2/test1_10.mtx 2.4 0 -1 -1 
/home/antonkov/masterWork/tests/samePrefixMarkedMtx2304/depth4/node2/test1_10.mtx 2.5 0 -1 -1 
/home/antonkov/masterWork/tests/samePrefixMarkedMtx2304/depth4/node2/test1_10.mtx 2.6 0 -1 -1 
/home/antonkov/masterWork/tests/samePrefixMarkedMtx2304/depth4/node2/test1_10.mtx 2.7 0 -1 -1 
/home/antonkov/masterWork/tests/samePrefixMarkedMtx2304/depth4/node2/test1_10.mtx 2.8 0 -1 -1 
/home/antonkov/masterWork/tests/samePrefixMarkedMtx2304/depth4/node2/test1_10.mtx 2.9 0 -1 -1 
/home/antonkov/masterWork/tests/samePrefixMarkedMtx2304/depth4/node2/test1_10.mtx 3 0 -1 -1 
/home/antonkov/masterWork/tests/samePrefixMarkedMtx2304/depth4/node2/test1_10.mtx 3.1 0 -1 -1 
/home/antonkov/masterWork/tests/samePrefixMarkedMtx2304/depth4/node2/test1_10.mtx 3.2 0 -1 -1 
/home/antonkov/masterWork/tests/samePrefixMarkedMtx2304/depth4/node2/test1_10.mtx 3.3 0 -1 -1 
/home/antonkov/masterWork/tests/samePrefixMarkedMtx2304/depth4/node2/test1_10.mtx 3.4 0 -1 -1 
/home/antonkov/masterWork/tests/samePrefixMarkedMtx2304/depth4/node2/test1_10.mtx 3.5 0 -1 -1 
/home/antonkov/masterWork/tests/samePrefixMarkedMtx2304/depth4/node2/test1_11.mtx 1 408.382 0.0803819 0.91 
/home/antonkov/masterWork/tests/samePrefixMarkedMtx2304/depth4/node2/test1_11.mtx 1.1 400.341 0.0662413 0.8 
/home/antonkov/masterWork/tests/samePrefixMarkedMtx2304/depth4/node2/test1_11.mtx 1.2 386.409 0.0480512 0.59 
/home/antonkov/masterWork/tests/samePrefixMarkedMtx2304/depth4/node2/test1_11.mtx 1.3 495.673 0.0366645 0.485 
/home/antonkov/masterWork/tests/samePrefixMarkedMtx2304/depth4/node2/test1_11.mtx 1.4 468.389 0.0240582 0.34 
/home/antonkov/masterWork/tests/samePrefixMarkedMtx2304/depth4/node2/test1_11.mtx 1.5 527.013 0.0153443 0.22 
/home/antonkov/masterWork/tests/samePrefixMarkedMtx2304/depth4/node2/test1_11.mtx 1.6 627.187 0.00754514 0.108 
/home/antonkov/masterWork/tests/samePrefixMarkedMtx2304/depth4/node2/test1_11.mtx 1.7 913.715 0.00351042 0.056 
/home/antonkov/masterWork/tests/samePrefixMarkedMtx2304/depth4/node2/test1_11.mtx 1.8 1876.56 0.001206 0.017931 
/home/antonkov/masterWork/tests/samePrefixMarkedMtx2304/depth4/node2/test1_11.mtx 1.9 3673.47 0.000483157 0.00708333 
/home/antonkov/masterWork/tests/samePrefixMarkedMtx2304/depth4/node2/test1_11.mtx 2 0 -1 -1 
/home/antonkov/masterWork/tests/samePrefixMarkedMtx2304/depth4/node2/test1_11.mtx 2.1 0 -1 -1 
/home/antonkov/masterWork/tests/samePrefixMarkedMtx2304/depth4/node2/test1_11.mtx 2.2 0 -1 -1 
/home/antonkov/masterWork/tests/samePrefixMarkedMtx2304/depth4/node2/test1_11.mtx 2.3 0 -1 -1 
/home/antonkov/masterWork/tests/samePrefixMarkedMtx2304/depth4/node2/test1_11.mtx 2.4 0 -1 -1 
/home/antonkov/masterWork/tests/samePrefixMarkedMtx2304/depth4/node2/test1_11.mtx 2.5 0 -1 -1 
/home/antonkov/masterWork/tests/samePrefixMarkedMtx2304/depth4/node2/test1_11.mtx 2.6 0 -1 -1 
/home/antonkov/masterWork/tests/samePrefixMarkedMtx2304/depth4/node2/test1_11.mtx 2.7 0 -1 -1 
/home/antonkov/masterWork/tests/samePrefixMarkedMtx2304/depth4/node2/test1_11.mtx 2.8 0 -1 -1 
/home/antonkov/masterWork/tests/samePrefixMarkedMtx2304/depth4/node2/test1_11.mtx 2.9 0 -1 -1 
/home/antonkov/masterWork/tests/samePrefixMarkedMtx2304/depth4/node2/test1_11.mtx 3 0 -1 -1 
/home/antonkov/masterWork/tests/samePrefixMarkedMtx2304/depth4/node2/test1_11.mtx 3.1 0 -1 -1 
/home/antonkov/masterWork/tests/samePrefixMarkedMtx2304/depth4/node2/test1_11.mtx 3.2 0 -1 -1 
/home/antonkov/masterWork/tests/samePrefixMarkedMtx2304/depth4/node2/test1_11.mtx 3.3 0 -1 -1 
/home/antonkov/masterWork/tests/samePrefixMarkedMtx2304/depth4/node2/test1_11.mtx 3.4 0 -1 -1 
/home/antonkov/masterWork/tests/samePrefixMarkedMtx2304/depth4/node2/test1_11.mtx 3.5 0 -1 -1 
/home/antonkov/masterWork/tests/samePrefixMarkedMtx2304/depth4/node2/test1_12.mtx 1 459.836 0.0778993 0.86 
/home/antonkov/masterWork/tests/samePrefixMarkedMtx2304/depth4/node2/test1_12.mtx 1.1 426.551 0.0684896 0.79 
/home/antonkov/masterWork/tests/samePrefixMarkedMtx2304/depth4/node2/test1_12.mtx 1.2 409.993 0.0569878 0.73 
/home/antonkov/masterWork/tests/samePrefixMarkedMtx2304/depth4/node2/test1_12.mtx 1.3 381.149 0.0429036 0.58 
/home/antonkov/masterWork/tests/samePrefixMarkedMtx2304/depth4/node2/test1_12.mtx 1.4 474.023 0.0245508 0.345 
/home/antonkov/masterWork/tests/samePrefixMarkedMtx2304/depth4/node2/test1_12.mtx 1.5 540.071 0.0130802 0.193333 
/home/antonkov/masterWork/tests/samePrefixMarkedMtx2304/depth4/node2/test1_12.mtx 1.6 656.376 0.00676128 0.108 
/home/antonkov/masterWork/tests/samePrefixMarkedMtx2304/depth4/node2/test1_12.mtx 1.7 949.86 0.00318403 0.052 
/home/antonkov/masterWork/tests/samePrefixMarkedMtx2304/depth4/node2/test1_12.mtx 1.8 1984.77 0.00104615 0.0164516 
/home/antonkov/masterWork/tests/samePrefixMarkedMtx2304/depth4/node2/test1_12.mtx 1.9 3509.51 0.000448317 0.00769231 
/home/antonkov/masterWork/tests/samePrefixMarkedMtx2304/depth4/node2/test1_12.mtx 2 0 -1 -1 
/home/antonkov/masterWork/tests/samePrefixMarkedMtx2304/depth4/node2/test1_12.mtx 2.1 0 -1 -1 
/home/antonkov/masterWork/tests/samePrefixMarkedMtx2304/depth4/node2/test1_12.mtx 2.2 0 -1 -1 
/home/antonkov/masterWork/tests/samePrefixMarkedMtx2304/depth4/node2/test1_12.mtx 2.3 0 -1 -1 
/home/antonkov/masterWork/tests/samePrefixMarkedMtx2304/depth4/node2/test1_12.mtx 2.4 0 -1 -1 
/home/antonkov/masterWork/tests/samePrefixMarkedMtx2304/depth4/node2/test1_12.mtx 2.5 0 -1 -1 
/home/antonkov/masterWork/tests/samePrefixMarkedMtx2304/depth4/node2/test1_12.mtx 2.6 0 -1 -1 
/home/antonkov/masterWork/tests/samePrefixMarkedMtx2304/depth4/node2/test1_12.mtx 2.7 0 -1 -1 
/home/antonkov/masterWork/tests/samePrefixMarkedMtx2304/depth4/node2/test1_12.mtx 2.8 0 -1 -1 
/home/antonkov/masterWork/tests/samePrefixMarkedMtx2304/depth4/node2/test1_12.mtx 2.9 0 -1 -1 
/home/antonkov/masterWork/tests/samePrefixMarkedMtx2304/depth4/node2/test1_12.mtx 3 0 -1 -1 
/home/antonkov/masterWork/tests/samePrefixMarkedMtx2304/depth4/node2/test1_12.mtx 3.1 0 -1 -1 
/home/antonkov/masterWork/tests/samePrefixMarkedMtx2304/depth4/node2/test1_12.mtx 3.2 0 -1 -1 
/home/antonkov/masterWork/tests/samePrefixMarkedMtx2304/depth4/node2/test1_12.mtx 3.3 0 -1 -1 
/home/antonkov/masterWork/tests/samePrefixMarkedMtx2304/depth4/node2/test1_12.mtx 3.4 0 -1 -1 
/home/antonkov/masterWork/tests/samePrefixMarkedMtx2304/depth4/node2/test1_12.mtx 3.5 0 -1 -1 
/home/antonkov/masterWork/tests/samePrefixMarkedMtx2304/depth4/node2/test1_13.mtx 1 406.59 0.0788108 0.87 
/home/antonkov/masterWork/tests/samePrefixMarkedMtx2304/depth4/node2/test1_13.mtx 1.1 403.863 0.0669922 0.8 
/home/antonkov/masterWork/tests/samePrefixMarkedMtx2304/depth4/node2/test1_13.mtx 1.2 398.677 0.0566623 0.71 
/home/antonkov/masterWork/tests/samePrefixMarkedMtx2304/depth4/node2/test1_13.mtx 1.3 505.492 0.041059 0.52 
/home/antonkov/masterWork/tests/samePrefixMarkedMtx2304/depth4/node2/test1_13.mtx 1.4 472.29 0.0253233 0.33 
/home/antonkov/masterWork/tests/samePrefixMarkedMtx2304/depth4/node2/test1_13.mtx 1.5 527.94 0.0149711 0.22 
/home/antonkov/masterWork/tests/samePrefixMarkedMtx2304/depth4/node2/test1_13.mtx 1.6 647.167 0.00736545 0.11 
/home/antonkov/masterWork/tests/samePrefixMarkedMtx2304/depth4/node2/test1_13.mtx 1.7 931.95 0.00341016 0.053 
/home/antonkov/masterWork/tests/samePrefixMarkedMtx2304/depth4/node2/test1_13.mtx 1.8 1860.22 0.00125574 0.0192857 
/home/antonkov/masterWork/tests/samePrefixMarkedMtx2304/depth4/node2/test1_13.mtx 1.9 3348.33 0.000467028 0.00793651 
/home/antonkov/masterWork/tests/samePrefixMarkedMtx2304/depth4/node2/test1_13.mtx 2 0 -1 -1 
/home/antonkov/masterWork/tests/samePrefixMarkedMtx2304/depth4/node2/test1_13.mtx 2.1 0 -1 -1 
/home/antonkov/masterWork/tests/samePrefixMarkedMtx2304/depth4/node2/test1_13.mtx 2.2 0 -1 -1 
/home/antonkov/masterWork/tests/samePrefixMarkedMtx2304/depth4/node2/test1_13.mtx 2.3 0 -1 -1 
/home/antonkov/masterWork/tests/samePrefixMarkedMtx2304/depth4/node2/test1_13.mtx 2.4 0 -1 -1 
/home/antonkov/masterWork/tests/samePrefixMarkedMtx2304/depth4/node2/test1_13.mtx 2.5 0 -1 -1 
/home/antonkov/masterWork/tests/samePrefixMarkedMtx2304/depth4/node2/test1_13.mtx 2.6 0 -1 -1 
/home/antonkov/masterWork/tests/samePrefixMarkedMtx2304/depth4/node2/test1_13.mtx 2.7 0 -1 -1 
/home/antonkov/masterWork/tests/samePrefixMarkedMtx2304/depth4/node2/test1_13.mtx 2.8 0 -1 -1 
/home/antonkov/masterWork/tests/samePrefixMarkedMtx2304/depth4/node2/test1_13.mtx 2.9 0 -1 -1 
/home/antonkov/masterWork/tests/samePrefixMarkedMtx2304/depth4/node2/test1_13.mtx 3 0 -1 -1 
/home/antonkov/masterWork/tests/samePrefixMarkedMtx2304/depth4/node2/test1_13.mtx 3.1 0 -1 -1 
/home/antonkov/masterWork/tests/samePrefixMarkedMtx2304/depth4/node2/test1_13.mtx 3.2 0 -1 -1 
/home/antonkov/masterWork/tests/samePrefixMarkedMtx2304/depth4/node2/test1_13.mtx 3.3 0 -1 -1 
/home/antonkov/masterWork/tests/samePrefixMarkedMtx2304/depth4/node2/test1_13.mtx 3.4 0 -1 -1 
/home/antonkov/masterWork/tests/samePrefixMarkedMtx2304/depth4/node2/test1_13.mtx 3.5 0 -1 -1 
/home/antonkov/masterWork/tests/samePrefixMarkedMtx2304/depth4/node2/test1_14.mtx 1 452.86 0.0819271 0.91 
/home/antonkov/masterWork/tests/samePrefixMarkedMtx2304/depth4/node2/test1_14.mtx 1.1 410.204 0.0682422 0.8 
/home/antonkov/masterWork/tests/samePrefixMarkedMtx2304/depth4/node2/test1_14.mtx 1.2 392.746 0.0563628 0.69 
/home/antonkov/masterWork/tests/samePrefixMarkedMtx2304/depth4/node2/test1_14.mtx 1.3 366.025 0.0422396 0.55 
/home/antonkov/masterWork/tests/samePrefixMarkedMtx2304/depth4/node2/test1_14.mtx 1.4 468.844 0.023533 0.325 
/home/antonkov/masterWork/tests/samePrefixMarkedMtx2304/depth4/node2/test1_14.mtx 1.5 526.575 0.0131539 0.183333 
/home/antonkov/masterWork/tests/samePrefixMarkedMtx2304/depth4/node2/test1_14.mtx 1.6 627.947 0.00696094 0.106 
/home/antonkov/masterWork/tests/samePrefixMarkedMtx2304/depth4/node2/test1_14.mtx 1.7 1086.82 0.00249065 0.0384615 
/home/antonkov/masterWork/tests/samePrefixMarkedMtx2304/depth4/node2/test1_14.mtx 1.8 1872.19 0.00105214 0.0172414 
/home/antonkov/masterWork/tests/samePrefixMarkedMtx2304/depth4/node2/test1_14.mtx 1.9 3668.67 0.000417095 0.00704225 
/home/antonkov/masterWork/tests/samePrefixMarkedMtx2304/depth4/node2/test1_14.mtx 2 0 -1 -1 
/home/antonkov/masterWork/tests/samePrefixMarkedMtx2304/depth4/node2/test1_14.mtx 2.1 0 -1 -1 
/home/antonkov/masterWork/tests/samePrefixMarkedMtx2304/depth4/node2/test1_14.mtx 2.2 0 -1 -1 
/home/antonkov/masterWork/tests/samePrefixMarkedMtx2304/depth4/node2/test1_14.mtx 2.3 0 -1 -1 
/home/antonkov/masterWork/tests/samePrefixMarkedMtx2304/depth4/node2/test1_14.mtx 2.4 0 -1 -1 
/home/antonkov/masterWork/tests/samePrefixMarkedMtx2304/depth4/node2/test1_14.mtx 2.5 0 -1 -1 
/home/antonkov/masterWork/tests/samePrefixMarkedMtx2304/depth4/node2/test1_14.mtx 2.6 0 -1 -1 
/home/antonkov/masterWork/tests/samePrefixMarkedMtx2304/depth4/node2/test1_14.mtx 2.7 0 -1 -1 
/home/antonkov/masterWork/tests/samePrefixMarkedMtx2304/depth4/node2/test1_14.mtx 2.8 0 -1 -1 
/home/antonkov/masterWork/tests/samePrefixMarkedMtx2304/depth4/node2/test1_14.mtx 2.9 0 -1 -1 
/home/antonkov/masterWork/tests/samePrefixMarkedMtx2304/depth4/node2/test1_14.mtx 3 0 -1 -1 
/home/antonkov/masterWork/tests/samePrefixMarkedMtx2304/depth4/node2/test1_14.mtx 3.1 0 -1 -1 
/home/antonkov/masterWork/tests/samePrefixMarkedMtx2304/depth4/node2/test1_14.mtx 3.2 0 -1 -1 
/home/antonkov/masterWork/tests/samePrefixMarkedMtx2304/depth4/node2/test1_14.mtx 3.3 0 -1 -1 
/home/antonkov/masterWork/tests/samePrefixMarkedMtx2304/depth4/node2/test1_14.mtx 3.4 0 -1 -1 
/home/antonkov/masterWork/tests/samePrefixMarkedMtx2304/depth4/node2/test1_14.mtx 3.5 0 -1 -1 
