Results
Filename SNR Time(ms) BER FER
/home/antonkov/masterWork/tests/samePrefixMarkedMtx2304/depth4/node3/test0_00.mtx 1 484.638 0.0798438 0.9 
/home/antonkov/masterWork/tests/samePrefixMarkedMtx2304/depth4/node3/test0_00.mtx 1.1 458.593 0.0675434 0.82 
/home/antonkov/masterWork/tests/samePrefixMarkedMtx2304/depth4/node3/test0_00.mtx 1.2 428.317 0.0517318 0.65 
/home/antonkov/masterWork/tests/samePrefixMarkedMtx2304/depth4/node3/test0_00.mtx 1.3 551.868 0.0378668 0.505 
/home/antonkov/masterWork/tests/samePrefixMarkedMtx2304/depth4/node3/test0_00.mtx 1.4 497.238 0.0229449 0.3 
/home/antonkov/masterWork/tests/samePrefixMarkedMtx2304/depth4/node3/test0_00.mtx 1.5 568.882 0.0148611 0.203333 
/home/antonkov/masterWork/tests/samePrefixMarkedMtx2304/depth4/node3/test0_00.mtx 1.6 685.01 0.00759028 0.108 
/home/antonkov/masterWork/tests/samePrefixMarkedMtx2304/depth4/node3/test0_00.mtx 1.7 1084.85 0.00290871 0.0425 
/home/antonkov/masterWork/tests/samePrefixMarkedMtx2304/depth4/node3/test0_00.mtx 1.8 2257.49 0.000944692 0.0148571 
/home/antonkov/masterWork/tests/samePrefixMarkedMtx2304/depth4/node3/test0_00.mtx 1.9 4676.51 0.000356469 0.00565217 
/home/antonkov/masterWork/tests/samePrefixMarkedMtx2304/depth4/node3/test0_00.mtx 2 0 -1 -1 
/home/antonkov/masterWork/tests/samePrefixMarkedMtx2304/depth4/node3/test0_00.mtx 2.1 0 -1 -1 
/home/antonkov/masterWork/tests/samePrefixMarkedMtx2304/depth4/node3/test0_00.mtx 2.2 0 -1 -1 
/home/antonkov/masterWork/tests/samePrefixMarkedMtx2304/depth4/node3/test0_00.mtx 2.3 0 -1 -1 
/home/antonkov/masterWork/tests/samePrefixMarkedMtx2304/depth4/node3/test0_00.mtx 2.4 0 -1 -1 
/home/antonkov/masterWork/tests/samePrefixMarkedMtx2304/depth4/node3/test0_00.mtx 2.5 0 -1 -1 
/home/antonkov/masterWork/tests/samePrefixMarkedMtx2304/depth4/node3/test0_00.mtx 2.6 0 -1 -1 
/home/antonkov/masterWork/tests/samePrefixMarkedMtx2304/depth4/node3/test0_00.mtx 2.7 0 -1 -1 
/home/antonkov/masterWork/tests/samePrefixMarkedMtx2304/depth4/node3/test0_00.mtx 2.8 0 -1 -1 
/home/antonkov/masterWork/tests/samePrefixMarkedMtx2304/depth4/node3/test0_00.mtx 2.9 0 -1 -1 
/home/antonkov/masterWork/tests/samePrefixMarkedMtx2304/depth4/node3/test0_00.mtx 3 0 -1 -1 
/home/antonkov/masterWork/tests/samePrefixMarkedMtx2304/depth4/node3/test0_00.mtx 3.1 0 -1 -1 
/home/antonkov/masterWork/tests/samePrefixMarkedMtx2304/depth4/node3/test0_00.mtx 3.2 0 -1 -1 
/home/antonkov/masterWork/tests/samePrefixMarkedMtx2304/depth4/node3/test0_00.mtx 3.3 0 -1 -1 
/home/antonkov/masterWork/tests/samePrefixMarkedMtx2304/depth4/node3/test0_00.mtx 3.4 0 -1 -1 
/home/antonkov/masterWork/tests/samePrefixMarkedMtx2304/depth4/node3/test0_00.mtx 3.5 0 -1 -1 
/home/antonkov/masterWork/tests/samePrefixMarkedMtx2304/depth4/node3/test0_01.mtx 1 503.91 0.0767535 0.87 
/home/antonkov/masterWork/tests/samePrefixMarkedMtx2304/depth4/node3/test0_01.mtx 1.1 461.744 0.0663672 0.82 
/home/antonkov/masterWork/tests/samePrefixMarkedMtx2304/depth4/node3/test0_01.mtx 1.2 429.09 0.0459201 0.56 
/home/antonkov/masterWork/tests/samePrefixMarkedMtx2304/depth4/node3/test0_01.mtx 1.3 541.221 0.0367318 0.475 
/home/antonkov/masterWork/tests/samePrefixMarkedMtx2304/depth4/node3/test0_01.mtx 1.4 507.352 0.0239909 0.325 
/home/antonkov/masterWork/tests/samePrefixMarkedMtx2304/depth4/node3/test0_01.mtx 1.5 581.862 0.0125275 0.186667 
/home/antonkov/masterWork/tests/samePrefixMarkedMtx2304/depth4/node3/test0_01.mtx 1.6 749.174 0.00673322 0.0966667 
/home/antonkov/masterWork/tests/samePrefixMarkedMtx2304/depth4/node3/test0_01.mtx 1.7 1010.67 0.00316248 0.0481818 
/home/antonkov/masterWork/tests/samePrefixMarkedMtx2304/depth4/node3/test0_01.mtx 1.8 1582.46 0.00136021 0.0217391 
/home/antonkov/masterWork/tests/samePrefixMarkedMtx2304/depth4/node3/test0_01.mtx 1.9 3943.62 0.000395822 0.00684211 
/home/antonkov/masterWork/tests/samePrefixMarkedMtx2304/depth4/node3/test0_01.mtx 2 0 -1 -1 
/home/antonkov/masterWork/tests/samePrefixMarkedMtx2304/depth4/node3/test0_01.mtx 2.1 0 -1 -1 
/home/antonkov/masterWork/tests/samePrefixMarkedMtx2304/depth4/node3/test0_01.mtx 2.2 0 -1 -1 
/home/antonkov/masterWork/tests/samePrefixMarkedMtx2304/depth4/node3/test0_01.mtx 2.3 0 -1 -1 
/home/antonkov/masterWork/tests/samePrefixMarkedMtx2304/depth4/node3/test0_01.mtx 2.4 0 -1 -1 
/home/antonkov/masterWork/tests/samePrefixMarkedMtx2304/depth4/node3/test0_01.mtx 2.5 0 -1 -1 
/home/antonkov/masterWork/tests/samePrefixMarkedMtx2304/depth4/node3/test0_01.mtx 2.6 0 -1 -1 
/home/antonkov/masterWork/tests/samePrefixMarkedMtx2304/depth4/node3/test0_01.mtx 2.7 0 -1 -1 
/home/antonkov/masterWork/tests/samePrefixMarkedMtx2304/depth4/node3/test0_01.mtx 2.8 0 -1 -1 
/home/antonkov/masterWork/tests/samePrefixMarkedMtx2304/depth4/node3/test0_01.mtx 2.9 0 -1 -1 
/home/antonkov/masterWork/tests/samePrefixMarkedMtx2304/depth4/node3/test0_01.mtx 3 0 -1 -1 
/home/antonkov/masterWork/tests/samePrefixMarkedMtx2304/depth4/node3/test0_01.mtx 3.1 0 -1 -1 
/home/antonkov/masterWork/tests/samePrefixMarkedMtx2304/depth4/node3/test0_01.mtx 3.2 0 -1 -1 
/home/antonkov/masterWork/tests/samePrefixMarkedMtx2304/depth4/node3/test0_01.mtx 3.3 0 -1 -1 
/home/antonkov/masterWork/tests/samePrefixMarkedMtx2304/depth4/node3/test0_01.mtx 3.4 0 -1 -1 
/home/antonkov/masterWork/tests/samePrefixMarkedMtx2304/depth4/node3/test0_01.mtx 3.5 0 -1 -1 
/home/antonkov/masterWork/tests/samePrefixMarkedMtx2304/depth4/node3/test0_02.mtx 1 452.453 0.0833464 0.96 
/home/antonkov/masterWork/tests/samePrefixMarkedMtx2304/depth4/node3/test0_02.mtx 1.1 451.161 0.0649436 0.76 
/home/antonkov/masterWork/tests/samePrefixMarkedMtx2304/depth4/node3/test0_02.mtx 1.2 425.415 0.0520139 0.64 
/home/antonkov/masterWork/tests/samePrefixMarkedMtx2304/depth4/node3/test0_02.mtx 1.3 555.91 0.0408919 0.525 
/home/antonkov/masterWork/tests/samePrefixMarkedMtx2304/depth4/node3/test0_02.mtx 1.4 516.156 0.0266732 0.36 
/home/antonkov/masterWork/tests/samePrefixMarkedMtx2304/depth4/node3/test0_02.mtx 1.5 564.834 0.014553 0.21 
/home/antonkov/masterWork/tests/samePrefixMarkedMtx2304/depth4/node3/test0_02.mtx 1.6 708.907 0.00763108 0.114 
/home/antonkov/masterWork/tests/samePrefixMarkedMtx2304/depth4/node3/test0_02.mtx 1.7 1041.45 0.00316801 0.0481818 
/home/antonkov/masterWork/tests/samePrefixMarkedMtx2304/depth4/node3/test0_02.mtx 1.8 1926.64 0.00107759 0.017931 
/home/antonkov/masterWork/tests/samePrefixMarkedMtx2304/depth4/node3/test0_02.mtx 1.9 3334.03 0.000465719 0.00793651 
/home/antonkov/masterWork/tests/samePrefixMarkedMtx2304/depth4/node3/test0_02.mtx 2 0 -1 -1 
/home/antonkov/masterWork/tests/samePrefixMarkedMtx2304/depth4/node3/test0_02.mtx 2.1 0 -1 -1 
/home/antonkov/masterWork/tests/samePrefixMarkedMtx2304/depth4/node3/test0_02.mtx 2.2 0 -1 -1 
/home/antonkov/masterWork/tests/samePrefixMarkedMtx2304/depth4/node3/test0_02.mtx 2.3 0 -1 -1 
/home/antonkov/masterWork/tests/samePrefixMarkedMtx2304/depth4/node3/test0_02.mtx 2.4 0 -1 -1 
/home/antonkov/masterWork/tests/samePrefixMarkedMtx2304/depth4/node3/test0_02.mtx 2.5 0 -1 -1 
/home/antonkov/masterWork/tests/samePrefixMarkedMtx2304/depth4/node3/test0_02.mtx 2.6 0 -1 -1 
/home/antonkov/masterWork/tests/samePrefixMarkedMtx2304/depth4/node3/test0_02.mtx 2.7 0 -1 -1 
/home/antonkov/masterWork/tests/samePrefixMarkedMtx2304/depth4/node3/test0_02.mtx 2.8 0 -1 -1 
/home/antonkov/masterWork/tests/samePrefixMarkedMtx2304/depth4/node3/test0_02.mtx 2.9 0 -1 -1 
/home/antonkov/masterWork/tests/samePrefixMarkedMtx2304/depth4/node3/test0_02.mtx 3 0 -1 -1 
/home/antonkov/masterWork/tests/samePrefixMarkedMtx2304/depth4/node3/test0_02.mtx 3.1 0 -1 -1 
/home/antonkov/masterWork/tests/samePrefixMarkedMtx2304/depth4/node3/test0_02.mtx 3.2 0 -1 -1 
/home/antonkov/masterWork/tests/samePrefixMarkedMtx2304/depth4/node3/test0_02.mtx 3.3 0 -1 -1 
/home/antonkov/masterWork/tests/samePrefixMarkedMtx2304/depth4/node3/test0_02.mtx 3.4 0 -1 -1 
/home/antonkov/masterWork/tests/samePrefixMarkedMtx2304/depth4/node3/test0_02.mtx 3.5 0 -1 -1 
/home/antonkov/masterWork/tests/samePrefixMarkedMtx2304/depth4/node3/test0_03.mtx 1 506.404 0.0805556 0.89 
/home/antonkov/masterWork/tests/samePrefixMarkedMtx2304/depth4/node3/test0_03.mtx 1.1 454.7 0.0657378 0.78 
/home/antonkov/masterWork/tests/samePrefixMarkedMtx2304/depth4/node3/test0_03.mtx 1.2 431.849 0.0512457 0.66 
/home/antonkov/masterWork/tests/samePrefixMarkedMtx2304/depth4/node3/test0_03.mtx 1.3 562.115 0.0407444 0.53 
/home/antonkov/masterWork/tests/samePrefixMarkedMtx2304/depth4/node3/test0_03.mtx 1.4 511.964 0.0268641 0.365 
/home/antonkov/masterWork/tests/samePrefixMarkedMtx2304/depth4/node3/test0_03.mtx 1.5 570.526 0.0146716 0.206667 
/home/antonkov/masterWork/tests/samePrefixMarkedMtx2304/depth4/node3/test0_03.mtx 1.6 705.203 0.0068967 0.106 
/home/antonkov/masterWork/tests/samePrefixMarkedMtx2304/depth4/node3/test0_03.mtx 1.7 959.553 0.0029605 0.053 
/home/antonkov/masterWork/tests/samePrefixMarkedMtx2304/depth4/node3/test0_03.mtx 1.8 2113.02 0.00100071 0.01625 
/home/antonkov/masterWork/tests/samePrefixMarkedMtx2304/depth4/node3/test0_03.mtx 1.9 4000.03 0.000382564 0.00688312 
/home/antonkov/masterWork/tests/samePrefixMarkedMtx2304/depth4/node3/test0_03.mtx 2 0 -1 -1 
/home/antonkov/masterWork/tests/samePrefixMarkedMtx2304/depth4/node3/test0_03.mtx 2.1 0 -1 -1 
/home/antonkov/masterWork/tests/samePrefixMarkedMtx2304/depth4/node3/test0_03.mtx 2.2 0 -1 -1 
/home/antonkov/masterWork/tests/samePrefixMarkedMtx2304/depth4/node3/test0_03.mtx 2.3 0 -1 -1 
/home/antonkov/masterWork/tests/samePrefixMarkedMtx2304/depth4/node3/test0_03.mtx 2.4 0 -1 -1 
/home/antonkov/masterWork/tests/samePrefixMarkedMtx2304/depth4/node3/test0_03.mtx 2.5 0 -1 -1 
/home/antonkov/masterWork/tests/samePrefixMarkedMtx2304/depth4/node3/test0_03.mtx 2.6 0 -1 -1 
/home/antonkov/masterWork/tests/samePrefixMarkedMtx2304/depth4/node3/test0_03.mtx 2.7 0 -1 -1 
/home/antonkov/masterWork/tests/samePrefixMarkedMtx2304/depth4/node3/test0_03.mtx 2.8 0 -1 -1 
/home/antonkov/masterWork/tests/samePrefixMarkedMtx2304/depth4/node3/test0_03.mtx 2.9 0 -1 -1 
/home/antonkov/masterWork/tests/samePrefixMarkedMtx2304/depth4/node3/test0_03.mtx 3 0 -1 -1 
/home/antonkov/masterWork/tests/samePrefixMarkedMtx2304/depth4/node3/test0_03.mtx 3.1 0 -1 -1 
/home/antonkov/masterWork/tests/samePrefixMarkedMtx2304/depth4/node3/test0_03.mtx 3.2 0 -1 -1 
/home/antonkov/masterWork/tests/samePrefixMarkedMtx2304/depth4/node3/test0_03.mtx 3.3 0 -1 -1 
/home/antonkov/masterWork/tests/samePrefixMarkedMtx2304/depth4/node3/test0_03.mtx 3.4 0 -1 -1 
/home/antonkov/masterWork/tests/samePrefixMarkedMtx2304/depth4/node3/test0_03.mtx 3.5 0 -1 -1 
/home/antonkov/masterWork/tests/samePrefixMarkedMtx2304/depth4/node3/test0_04.mtx 1 450.33 0.0793359 0.9 
/home/antonkov/masterWork/tests/samePrefixMarkedMtx2304/depth4/node3/test0_04.mtx 1.1 452.086 0.0663498 0.79 
/home/antonkov/masterWork/tests/samePrefixMarkedMtx2304/depth4/node3/test0_04.mtx 1.2 432.267 0.0512196 0.64 
/home/antonkov/masterWork/tests/samePrefixMarkedMtx2304/depth4/node3/test0_04.mtx 1.3 546.159 0.0387023 0.5 
/home/antonkov/masterWork/tests/samePrefixMarkedMtx2304/depth4/node3/test0_04.mtx 1.4 509.503 0.0233095 0.32 
/home/antonkov/masterWork/tests/samePrefixMarkedMtx2304/depth4/node3/test0_04.mtx 1.5 575.862 0.014035 0.193333 
/home/antonkov/masterWork/tests/samePrefixMarkedMtx2304/depth4/node3/test0_04.mtx 1.6 695.617 0.00711111 0.106 
/home/antonkov/masterWork/tests/samePrefixMarkedMtx2304/depth4/node3/test0_04.mtx 1.7 1034.17 0.00301689 0.0463636 
/home/antonkov/masterWork/tests/samePrefixMarkedMtx2304/depth4/node3/test0_04.mtx 1.8 1811.05 0.00129524 0.0192308 
/home/antonkov/masterWork/tests/samePrefixMarkedMtx2304/depth4/node3/test0_04.mtx 1.9 3059.41 0.000569719 0.00894737 
/home/antonkov/masterWork/tests/samePrefixMarkedMtx2304/depth4/node3/test0_04.mtx 2 0 -1 -1 
/home/antonkov/masterWork/tests/samePrefixMarkedMtx2304/depth4/node3/test0_04.mtx 2.1 0 -1 -1 
/home/antonkov/masterWork/tests/samePrefixMarkedMtx2304/depth4/node3/test0_04.mtx 2.2 0 -1 -1 
/home/antonkov/masterWork/tests/samePrefixMarkedMtx2304/depth4/node3/test0_04.mtx 2.3 0 -1 -1 
/home/antonkov/masterWork/tests/samePrefixMarkedMtx2304/depth4/node3/test0_04.mtx 2.4 0 -1 -1 
/home/antonkov/masterWork/tests/samePrefixMarkedMtx2304/depth4/node3/test0_04.mtx 2.5 0 -1 -1 
/home/antonkov/masterWork/tests/samePrefixMarkedMtx2304/depth4/node3/test0_04.mtx 2.6 0 -1 -1 
/home/antonkov/masterWork/tests/samePrefixMarkedMtx2304/depth4/node3/test0_04.mtx 2.7 0 -1 -1 
/home/antonkov/masterWork/tests/samePrefixMarkedMtx2304/depth4/node3/test0_04.mtx 2.8 0 -1 -1 
/home/antonkov/masterWork/tests/samePrefixMarkedMtx2304/depth4/node3/test0_04.mtx 2.9 0 -1 -1 
/home/antonkov/masterWork/tests/samePrefixMarkedMtx2304/depth4/node3/test0_04.mtx 3 0 -1 -1 
/home/antonkov/masterWork/tests/samePrefixMarkedMtx2304/depth4/node3/test0_04.mtx 3.1 0 -1 -1 
/home/antonkov/masterWork/tests/samePrefixMarkedMtx2304/depth4/node3/test0_04.mtx 3.2 0 -1 -1 
/home/antonkov/masterWork/tests/samePrefixMarkedMtx2304/depth4/node3/test0_04.mtx 3.3 0 -1 -1 
/home/antonkov/masterWork/tests/samePrefixMarkedMtx2304/depth4/node3/test0_04.mtx 3.4 0 -1 -1 
/home/antonkov/masterWork/tests/samePrefixMarkedMtx2304/depth4/node3/test0_04.mtx 3.5 0 -1 -1 
/home/antonkov/masterWork/tests/samePrefixMarkedMtx2304/depth4/node3/test0_05.mtx 1 505.415 0.0798134 0.9 
/home/antonkov/masterWork/tests/samePrefixMarkedMtx2304/depth4/node3/test0_05.mtx 1.1 459.209 0.0666102 0.8 
/home/antonkov/masterWork/tests/samePrefixMarkedMtx2304/depth4/node3/test0_05.mtx 1.2 425.256 0.0510677 0.64 
/home/antonkov/masterWork/tests/samePrefixMarkedMtx2304/depth4/node3/test0_05.mtx 1.3 410.176 0.0382639 0.5 
/home/antonkov/masterWork/tests/samePrefixMarkedMtx2304/depth4/node3/test0_05.mtx 1.4 519.43 0.0266949 0.37 
/home/antonkov/masterWork/tests/samePrefixMarkedMtx2304/depth4/node3/test0_05.mtx 1.5 478.186 0.0172179 0.25 
/home/antonkov/masterWork/tests/samePrefixMarkedMtx2304/depth4/node3/test0_05.mtx 1.6 767.829 0.00681785 0.0966667 
/home/antonkov/masterWork/tests/samePrefixMarkedMtx2304/depth4/node3/test0_05.mtx 1.7 1032.5 0.00336411 0.0472727 
/home/antonkov/masterWork/tests/samePrefixMarkedMtx2304/depth4/node3/test0_05.mtx 1.8 1845.71 0.00122476 0.0188889 
/home/antonkov/masterWork/tests/samePrefixMarkedMtx2304/depth4/node3/test0_05.mtx 1.9 3578.09 0.000407857 0.00746269 
/home/antonkov/masterWork/tests/samePrefixMarkedMtx2304/depth4/node3/test0_05.mtx 2 0 -1 -1 
/home/antonkov/masterWork/tests/samePrefixMarkedMtx2304/depth4/node3/test0_05.mtx 2.1 0 -1 -1 
/home/antonkov/masterWork/tests/samePrefixMarkedMtx2304/depth4/node3/test0_05.mtx 2.2 0 -1 -1 
/home/antonkov/masterWork/tests/samePrefixMarkedMtx2304/depth4/node3/test0_05.mtx 2.3 0 -1 -1 
/home/antonkov/masterWork/tests/samePrefixMarkedMtx2304/depth4/node3/test0_05.mtx 2.4 0 -1 -1 
/home/antonkov/masterWork/tests/samePrefixMarkedMtx2304/depth4/node3/test0_05.mtx 2.5 0 -1 -1 
/home/antonkov/masterWork/tests/samePrefixMarkedMtx2304/depth4/node3/test0_05.mtx 2.6 0 -1 -1 
/home/antonkov/masterWork/tests/samePrefixMarkedMtx2304/depth4/node3/test0_05.mtx 2.7 0 -1 -1 
/home/antonkov/masterWork/tests/samePrefixMarkedMtx2304/depth4/node3/test0_05.mtx 2.8 0 -1 -1 
/home/antonkov/masterWork/tests/samePrefixMarkedMtx2304/depth4/node3/test0_05.mtx 2.9 0 -1 -1 
/home/antonkov/masterWork/tests/samePrefixMarkedMtx2304/depth4/node3/test0_05.mtx 3 0 -1 -1 
/home/antonkov/masterWork/tests/samePrefixMarkedMtx2304/depth4/node3/test0_05.mtx 3.1 0 -1 -1 
/home/antonkov/masterWork/tests/samePrefixMarkedMtx2304/depth4/node3/test0_05.mtx 3.2 0 -1 -1 
/home/antonkov/masterWork/tests/samePrefixMarkedMtx2304/depth4/node3/test0_05.mtx 3.3 0 -1 -1 
/home/antonkov/masterWork/tests/samePrefixMarkedMtx2304/depth4/node3/test0_05.mtx 3.4 0 -1 -1 
/home/antonkov/masterWork/tests/samePrefixMarkedMtx2304/depth4/node3/test0_05.mtx 3.5 0 -1 -1 
/home/antonkov/masterWork/tests/samePrefixMarkedMtx2304/depth4/node3/test0_06.mtx 1 451.701 0.0780252 0.88 
/home/antonkov/masterWork/tests/samePrefixMarkedMtx2304/depth4/node3/test0_06.mtx 1.1 446.229 0.0665321 0.8 
/home/antonkov/masterWork/tests/samePrefixMarkedMtx2304/depth4/node3/test0_06.mtx 1.2 428.513 0.0520877 0.65 
/home/antonkov/masterWork/tests/samePrefixMarkedMtx2304/depth4/node3/test0_06.mtx 1.3 555.978 0.0382639 0.51 
/home/antonkov/masterWork/tests/samePrefixMarkedMtx2304/depth4/node3/test0_06.mtx 1.4 509.603 0.0248785 0.34 
/home/antonkov/masterWork/tests/samePrefixMarkedMtx2304/depth4/node3/test0_06.mtx 1.5 560.985 0.0140191 0.2 
/home/antonkov/masterWork/tests/samePrefixMarkedMtx2304/depth4/node3/test0_06.mtx 1.6 599.399 0.00828451 0.125 
/home/antonkov/masterWork/tests/samePrefixMarkedMtx2304/depth4/node3/test0_06.mtx 1.7 912.096 0.00356481 0.0566667 
/home/antonkov/masterWork/tests/samePrefixMarkedMtx2304/depth4/node3/test0_06.mtx 1.8 1640.98 0.00132982 0.0217391 
/home/antonkov/masterWork/tests/samePrefixMarkedMtx2304/depth4/node3/test0_06.mtx 1.9 3604.62 0.000463762 0.00776119 
/home/antonkov/masterWork/tests/samePrefixMarkedMtx2304/depth4/node3/test0_06.mtx 2 0 -1 -1 
/home/antonkov/masterWork/tests/samePrefixMarkedMtx2304/depth4/node3/test0_06.mtx 2.1 0 -1 -1 
/home/antonkov/masterWork/tests/samePrefixMarkedMtx2304/depth4/node3/test0_06.mtx 2.2 0 -1 -1 
/home/antonkov/masterWork/tests/samePrefixMarkedMtx2304/depth4/node3/test0_06.mtx 2.3 0 -1 -1 
/home/antonkov/masterWork/tests/samePrefixMarkedMtx2304/depth4/node3/test0_06.mtx 2.4 0 -1 -1 
/home/antonkov/masterWork/tests/samePrefixMarkedMtx2304/depth4/node3/test0_06.mtx 2.5 0 -1 -1 
/home/antonkov/masterWork/tests/samePrefixMarkedMtx2304/depth4/node3/test0_06.mtx 2.6 0 -1 -1 
/home/antonkov/masterWork/tests/samePrefixMarkedMtx2304/depth4/node3/test0_06.mtx 2.7 0 -1 -1 
/home/antonkov/masterWork/tests/samePrefixMarkedMtx2304/depth4/node3/test0_06.mtx 2.8 0 -1 -1 
/home/antonkov/masterWork/tests/samePrefixMarkedMtx2304/depth4/node3/test0_06.mtx 2.9 0 -1 -1 
/home/antonkov/masterWork/tests/samePrefixMarkedMtx2304/depth4/node3/test0_06.mtx 3 0 -1 -1 
/home/antonkov/masterWork/tests/samePrefixMarkedMtx2304/depth4/node3/test0_06.mtx 3.1 0 -1 -1 
/home/antonkov/masterWork/tests/samePrefixMarkedMtx2304/depth4/node3/test0_06.mtx 3.2 0 -1 -1 
/home/antonkov/masterWork/tests/samePrefixMarkedMtx2304/depth4/node3/test0_06.mtx 3.3 0 -1 -1 
/home/antonkov/masterWork/tests/samePrefixMarkedMtx2304/depth4/node3/test0_06.mtx 3.4 0 -1 -1 
/home/antonkov/masterWork/tests/samePrefixMarkedMtx2304/depth4/node3/test0_06.mtx 3.5 0 -1 -1 
/home/antonkov/masterWork/tests/samePrefixMarkedMtx2304/depth4/node3/test0_07.mtx 1 497.902 0.0819314 0.91 
/home/antonkov/masterWork/tests/samePrefixMarkedMtx2304/depth4/node3/test0_07.mtx 1.1 455.913 0.0713759 0.82 
/home/antonkov/masterWork/tests/samePrefixMarkedMtx2304/depth4/node3/test0_07.mtx 1.2 440.416 0.0570269 0.7 
/home/antonkov/masterWork/tests/samePrefixMarkedMtx2304/depth4/node3/test0_07.mtx 1.3 414.839 0.040217 0.54 
/home/antonkov/masterWork/tests/samePrefixMarkedMtx2304/depth4/node3/test0_07.mtx 1.4 516.692 0.0257878 0.345 
/home/antonkov/masterWork/tests/samePrefixMarkedMtx2304/depth4/node3/test0_07.mtx 1.5 552.72 0.0135605 0.193333 
/home/antonkov/masterWork/tests/samePrefixMarkedMtx2304/depth4/node3/test0_07.mtx 1.6 757.343 0.00720414 0.1 
/home/antonkov/masterWork/tests/samePrefixMarkedMtx2304/depth4/node3/test0_07.mtx 1.7 1011.92 0.00296323 0.0472727 
/home/antonkov/masterWork/tests/samePrefixMarkedMtx2304/depth4/node3/test0_07.mtx 1.8 2007.75 0.00115101 0.0170968 
/home/antonkov/masterWork/tests/samePrefixMarkedMtx2304/depth4/node3/test0_07.mtx 1.9 4035.64 0.000379552 0.00641026 
/home/antonkov/masterWork/tests/samePrefixMarkedMtx2304/depth4/node3/test0_07.mtx 2 0 -1 -1 
/home/antonkov/masterWork/tests/samePrefixMarkedMtx2304/depth4/node3/test0_07.mtx 2.1 0 -1 -1 
/home/antonkov/masterWork/tests/samePrefixMarkedMtx2304/depth4/node3/test0_07.mtx 2.2 0 -1 -1 
/home/antonkov/masterWork/tests/samePrefixMarkedMtx2304/depth4/node3/test0_07.mtx 2.3 0 -1 -1 
/home/antonkov/masterWork/tests/samePrefixMarkedMtx2304/depth4/node3/test0_07.mtx 2.4 0 -1 -1 
/home/antonkov/masterWork/tests/samePrefixMarkedMtx2304/depth4/node3/test0_07.mtx 2.5 0 -1 -1 
/home/antonkov/masterWork/tests/samePrefixMarkedMtx2304/depth4/node3/test0_07.mtx 2.6 0 -1 -1 
/home/antonkov/masterWork/tests/samePrefixMarkedMtx2304/depth4/node3/test0_07.mtx 2.7 0 -1 -1 
/home/antonkov/masterWork/tests/samePrefixMarkedMtx2304/depth4/node3/test0_07.mtx 2.8 0 -1 -1 
/home/antonkov/masterWork/tests/samePrefixMarkedMtx2304/depth4/node3/test0_07.mtx 2.9 0 -1 -1 
/home/antonkov/masterWork/tests/samePrefixMarkedMtx2304/depth4/node3/test0_07.mtx 3 0 -1 -1 
/home/antonkov/masterWork/tests/samePrefixMarkedMtx2304/depth4/node3/test0_07.mtx 3.1 0 -1 -1 
/home/antonkov/masterWork/tests/samePrefixMarkedMtx2304/depth4/node3/test0_07.mtx 3.2 0 -1 -1 
/home/antonkov/masterWork/tests/samePrefixMarkedMtx2304/depth4/node3/test0_07.mtx 3.3 0 -1 -1 
/home/antonkov/masterWork/tests/samePrefixMarkedMtx2304/depth4/node3/test0_07.mtx 3.4 0 -1 -1 
/home/antonkov/masterWork/tests/samePrefixMarkedMtx2304/depth4/node3/test0_07.mtx 3.5 0 -1 -1 
/home/antonkov/masterWork/tests/samePrefixMarkedMtx2304/depth4/node3/test0_08.mtx 1 448.831 0.0808854 0.89 
/home/antonkov/masterWork/tests/samePrefixMarkedMtx2304/depth4/node3/test0_08.mtx 1.1 449.751 0.0695833 0.81 
/home/antonkov/masterWork/tests/samePrefixMarkedMtx2304/depth4/node3/test0_08.mtx 1.2 425.835 0.0549523 0.66 
/home/antonkov/masterWork/tests/samePrefixMarkedMtx2304/depth4/node3/test0_08.mtx 1.3 412.693 0.0424479 0.56 
/home/antonkov/masterWork/tests/samePrefixMarkedMtx2304/depth4/node3/test0_08.mtx 1.4 503.67 0.0261458 0.345 
/home/antonkov/masterWork/tests/samePrefixMarkedMtx2304/depth4/node3/test0_08.mtx 1.5 570.815 0.0143634 0.213333 
/home/antonkov/masterWork/tests/samePrefixMarkedMtx2304/depth4/node3/test0_08.mtx 1.6 688.364 0.00751128 0.108 
/home/antonkov/masterWork/tests/samePrefixMarkedMtx2304/depth4/node3/test0_08.mtx 1.7 1044.1 0.00304964 0.0472727 
/home/antonkov/masterWork/tests/samePrefixMarkedMtx2304/depth4/node3/test0_08.mtx 1.8 1871.18 0.00117094 0.0178571 
/home/antonkov/masterWork/tests/samePrefixMarkedMtx2304/depth4/node3/test0_08.mtx 1.9 4002.7 0.000390013 0.00641026 
/home/antonkov/masterWork/tests/samePrefixMarkedMtx2304/depth4/node3/test0_08.mtx 2 0 -1 -1 
/home/antonkov/masterWork/tests/samePrefixMarkedMtx2304/depth4/node3/test0_08.mtx 2.1 0 -1 -1 
/home/antonkov/masterWork/tests/samePrefixMarkedMtx2304/depth4/node3/test0_08.mtx 2.2 0 -1 -1 
/home/antonkov/masterWork/tests/samePrefixMarkedMtx2304/depth4/node3/test0_08.mtx 2.3 0 -1 -1 
/home/antonkov/masterWork/tests/samePrefixMarkedMtx2304/depth4/node3/test0_08.mtx 2.4 0 -1 -1 
/home/antonkov/masterWork/tests/samePrefixMarkedMtx2304/depth4/node3/test0_08.mtx 2.5 0 -1 -1 
/home/antonkov/masterWork/tests/samePrefixMarkedMtx2304/depth4/node3/test0_08.mtx 2.6 0 -1 -1 
/home/antonkov/masterWork/tests/samePrefixMarkedMtx2304/depth4/node3/test0_08.mtx 2.7 0 -1 -1 
/home/antonkov/masterWork/tests/samePrefixMarkedMtx2304/depth4/node3/test0_08.mtx 2.8 0 -1 -1 
/home/antonkov/masterWork/tests/samePrefixMarkedMtx2304/depth4/node3/test0_08.mtx 2.9 0 -1 -1 
/home/antonkov/masterWork/tests/samePrefixMarkedMtx2304/depth4/node3/test0_08.mtx 3 0 -1 -1 
/home/antonkov/masterWork/tests/samePrefixMarkedMtx2304/depth4/node3/test0_08.mtx 3.1 0 -1 -1 
/home/antonkov/masterWork/tests/samePrefixMarkedMtx2304/depth4/node3/test0_08.mtx 3.2 0 -1 -1 
/home/antonkov/masterWork/tests/samePrefixMarkedMtx2304/depth4/node3/test0_08.mtx 3.3 0 -1 -1 
/home/antonkov/masterWork/tests/samePrefixMarkedMtx2304/depth4/node3/test0_08.mtx 3.4 0 -1 -1 
/home/antonkov/masterWork/tests/samePrefixMarkedMtx2304/depth4/node3/test0_08.mtx 3.5 0 -1 -1 
/home/antonkov/masterWork/tests/samePrefixMarkedMtx2304/depth4/node3/test0_09.mtx 1 499.87 0.0799479 0.89 
/home/antonkov/masterWork/tests/samePrefixMarkedMtx2304/depth4/node3/test0_09.mtx 1.1 443.313 0.0643707 0.75 
/home/antonkov/masterWork/tests/samePrefixMarkedMtx2304/depth4/node3/test0_09.mtx 1.2 427.993 0.0515885 0.66 
/home/antonkov/masterWork/tests/samePrefixMarkedMtx2304/depth4/node3/test0_09.mtx 1.3 538.495 0.0364779 0.49 
/home/antonkov/masterWork/tests/samePrefixMarkedMtx2304/depth4/node3/test0_09.mtx 1.4 506.635 0.0242556 0.35 
/home/antonkov/masterWork/tests/samePrefixMarkedMtx2304/depth4/node3/test0_09.mtx 1.5 587.273 0.0150854 0.22 
/home/antonkov/masterWork/tests/samePrefixMarkedMtx2304/depth4/node3/test0_09.mtx 1.6 721.655 0.00814844 0.122 
/home/antonkov/masterWork/tests/samePrefixMarkedMtx2304/depth4/node3/test0_09.mtx 1.7 978.015 0.0032513 0.051 
/home/antonkov/masterWork/tests/samePrefixMarkedMtx2304/depth4/node3/test0_09.mtx 1.8 1588.17 0.0015118 0.0231818 
/home/antonkov/masterWork/tests/samePrefixMarkedMtx2304/depth4/node3/test0_09.mtx 1.9 3232.8 0.000484465 0.0087931 
/home/antonkov/masterWork/tests/samePrefixMarkedMtx2304/depth4/node3/test0_09.mtx 2 0 -1 -1 
/home/antonkov/masterWork/tests/samePrefixMarkedMtx2304/depth4/node3/test0_09.mtx 2.1 0 -1 -1 
/home/antonkov/masterWork/tests/samePrefixMarkedMtx2304/depth4/node3/test0_09.mtx 2.2 0 -1 -1 
/home/antonkov/masterWork/tests/samePrefixMarkedMtx2304/depth4/node3/test0_09.mtx 2.3 0 -1 -1 
/home/antonkov/masterWork/tests/samePrefixMarkedMtx2304/depth4/node3/test0_09.mtx 2.4 0 -1 -1 
/home/antonkov/masterWork/tests/samePrefixMarkedMtx2304/depth4/node3/test0_09.mtx 2.5 0 -1 -1 
/home/antonkov/masterWork/tests/samePrefixMarkedMtx2304/depth4/node3/test0_09.mtx 2.6 0 -1 -1 
/home/antonkov/masterWork/tests/samePrefixMarkedMtx2304/depth4/node3/test0_09.mtx 2.7 0 -1 -1 
/home/antonkov/masterWork/tests/samePrefixMarkedMtx2304/depth4/node3/test0_09.mtx 2.8 0 -1 -1 
/home/antonkov/masterWork/tests/samePrefixMarkedMtx2304/depth4/node3/test0_09.mtx 2.9 0 -1 -1 
/home/antonkov/masterWork/tests/samePrefixMarkedMtx2304/depth4/node3/test0_09.mtx 3 0 -1 -1 
/home/antonkov/masterWork/tests/samePrefixMarkedMtx2304/depth4/node3/test0_09.mtx 3.1 0 -1 -1 
/home/antonkov/masterWork/tests/samePrefixMarkedMtx2304/depth4/node3/test0_09.mtx 3.2 0 -1 -1 
/home/antonkov/masterWork/tests/samePrefixMarkedMtx2304/depth4/node3/test0_09.mtx 3.3 0 -1 -1 
/home/antonkov/masterWork/tests/samePrefixMarkedMtx2304/depth4/node3/test0_09.mtx 3.4 0 -1 -1 
/home/antonkov/masterWork/tests/samePrefixMarkedMtx2304/depth4/node3/test0_09.mtx 3.5 0 -1 -1 
/home/antonkov/masterWork/tests/samePrefixMarkedMtx2304/depth4/node3/test0_10.mtx 1 453.93 0.0826562 0.93 
/home/antonkov/masterWork/tests/samePrefixMarkedMtx2304/depth4/node3/test0_10.mtx 1.1 446.58 0.0690017 0.84 
/home/antonkov/masterWork/tests/samePrefixMarkedMtx2304/depth4/node3/test0_10.mtx 1.2 428.893 0.0505252 0.62 
/home/antonkov/masterWork/tests/samePrefixMarkedMtx2304/depth4/node3/test0_10.mtx 1.3 537.622 0.0353385 0.475 
/home/antonkov/masterWork/tests/samePrefixMarkedMtx2304/depth4/node3/test0_10.mtx 1.4 489.792 0.017895 0.25 
/home/antonkov/masterWork/tests/samePrefixMarkedMtx2304/depth4/node3/test0_10.mtx 1.5 644.398 0.0114638 0.1575 
/home/antonkov/masterWork/tests/samePrefixMarkedMtx2304/depth4/node3/test0_10.mtx 1.6 731.668 0.00640842 0.0933333 
/home/antonkov/masterWork/tests/samePrefixMarkedMtx2304/depth4/node3/test0_10.mtx 1.7 943.422 0.00369184 0.056 
/home/antonkov/masterWork/tests/samePrefixMarkedMtx2304/depth4/node3/test0_10.mtx 1.8 1476.5 0.00158999 0.0242857 
/home/antonkov/masterWork/tests/samePrefixMarkedMtx2304/depth4/node3/test0_10.mtx 1.9 4102.13 0.000364034 0.00632911 
/home/antonkov/masterWork/tests/samePrefixMarkedMtx2304/depth4/node3/test0_10.mtx 2 0 -1 -1 
/home/antonkov/masterWork/tests/samePrefixMarkedMtx2304/depth4/node3/test0_10.mtx 2.1 0 -1 -1 
/home/antonkov/masterWork/tests/samePrefixMarkedMtx2304/depth4/node3/test0_10.mtx 2.2 0 -1 -1 
/home/antonkov/masterWork/tests/samePrefixMarkedMtx2304/depth4/node3/test0_10.mtx 2.3 0 -1 -1 
/home/antonkov/masterWork/tests/samePrefixMarkedMtx2304/depth4/node3/test0_10.mtx 2.4 0 -1 -1 
/home/antonkov/masterWork/tests/samePrefixMarkedMtx2304/depth4/node3/test0_10.mtx 2.5 0 -1 -1 
/home/antonkov/masterWork/tests/samePrefixMarkedMtx2304/depth4/node3/test0_10.mtx 2.6 0 -1 -1 
/home/antonkov/masterWork/tests/samePrefixMarkedMtx2304/depth4/node3/test0_10.mtx 2.7 0 -1 -1 
/home/antonkov/masterWork/tests/samePrefixMarkedMtx2304/depth4/node3/test0_10.mtx 2.8 0 -1 -1 
/home/antonkov/masterWork/tests/samePrefixMarkedMtx2304/depth4/node3/test0_10.mtx 2.9 0 -1 -1 
/home/antonkov/masterWork/tests/samePrefixMarkedMtx2304/depth4/node3/test0_10.mtx 3 0 -1 -1 
/home/antonkov/masterWork/tests/samePrefixMarkedMtx2304/depth4/node3/test0_10.mtx 3.1 0 -1 -1 
/home/antonkov/masterWork/tests/samePrefixMarkedMtx2304/depth4/node3/test0_10.mtx 3.2 0 -1 -1 
/home/antonkov/masterWork/tests/samePrefixMarkedMtx2304/depth4/node3/test0_10.mtx 3.3 0 -1 -1 
/home/antonkov/masterWork/tests/samePrefixMarkedMtx2304/depth4/node3/test0_10.mtx 3.4 0 -1 -1 
/home/antonkov/masterWork/tests/samePrefixMarkedMtx2304/depth4/node3/test0_10.mtx 3.5 0 -1 -1 
/home/antonkov/masterWork/tests/samePrefixMarkedMtx2304/depth4/node3/test0_11.mtx 1 508.145 0.0830816 0.91 
/home/antonkov/masterWork/tests/samePrefixMarkedMtx2304/depth4/node3/test0_11.mtx 1.1 455.745 0.0689062 0.82 
/home/antonkov/masterWork/tests/samePrefixMarkedMtx2304/depth4/node3/test0_11.mtx 1.2 439.294 0.0544358 0.67 
/home/antonkov/masterWork/tests/samePrefixMarkedMtx2304/depth4/node3/test0_11.mtx 1.3 539.539 0.0372808 0.49 
/home/antonkov/masterWork/tests/samePrefixMarkedMtx2304/depth4/node3/test0_11.mtx 1.4 512.911 0.0248915 0.35 
/home/antonkov/masterWork/tests/samePrefixMarkedMtx2304/depth4/node3/test0_11.mtx 1.5 649.068 0.0113249 0.1625 
/home/antonkov/masterWork/tests/samePrefixMarkedMtx2304/depth4/node3/test0_11.mtx 1.6 745.888 0.00634766 0.0916667 
/home/antonkov/masterWork/tests/samePrefixMarkedMtx2304/depth4/node3/test0_11.mtx 1.7 926.262 0.00347179 0.051 
/home/antonkov/masterWork/tests/samePrefixMarkedMtx2304/depth4/node3/test0_11.mtx 1.8 1534.95 0.00158302 0.0231818 
/home/antonkov/masterWork/tests/samePrefixMarkedMtx2304/depth4/node3/test0_11.mtx 1.9 3409.02 0.000491967 0.00809524 
/home/antonkov/masterWork/tests/samePrefixMarkedMtx2304/depth4/node3/test0_11.mtx 2 0 -1 -1 
/home/antonkov/masterWork/tests/samePrefixMarkedMtx2304/depth4/node3/test0_11.mtx 2.1 0 -1 -1 
/home/antonkov/masterWork/tests/samePrefixMarkedMtx2304/depth4/node3/test0_11.mtx 2.2 0 -1 -1 
/home/antonkov/masterWork/tests/samePrefixMarkedMtx2304/depth4/node3/test0_11.mtx 2.3 0 -1 -1 
/home/antonkov/masterWork/tests/samePrefixMarkedMtx2304/depth4/node3/test0_11.mtx 2.4 0 -1 -1 
/home/antonkov/masterWork/tests/samePrefixMarkedMtx2304/depth4/node3/test0_11.mtx 2.5 0 -1 -1 
/home/antonkov/masterWork/tests/samePrefixMarkedMtx2304/depth4/node3/test0_11.mtx 2.6 0 -1 -1 
/home/antonkov/masterWork/tests/samePrefixMarkedMtx2304/depth4/node3/test0_11.mtx 2.7 0 -1 -1 
/home/antonkov/masterWork/tests/samePrefixMarkedMtx2304/depth4/node3/test0_11.mtx 2.8 0 -1 -1 
/home/antonkov/masterWork/tests/samePrefixMarkedMtx2304/depth4/node3/test0_11.mtx 2.9 0 -1 -1 
/home/antonkov/masterWork/tests/samePrefixMarkedMtx2304/depth4/node3/test0_11.mtx 3 0 -1 -1 
/home/antonkov/masterWork/tests/samePrefixMarkedMtx2304/depth4/node3/test0_11.mtx 3.1 0 -1 -1 
/home/antonkov/masterWork/tests/samePrefixMarkedMtx2304/depth4/node3/test0_11.mtx 3.2 0 -1 -1 
/home/antonkov/masterWork/tests/samePrefixMarkedMtx2304/depth4/node3/test0_11.mtx 3.3 0 -1 -1 
/home/antonkov/masterWork/tests/samePrefixMarkedMtx2304/depth4/node3/test0_11.mtx 3.4 0 -1 -1 
/home/antonkov/masterWork/tests/samePrefixMarkedMtx2304/depth4/node3/test0_11.mtx 3.5 0 -1 -1 
/home/antonkov/masterWork/tests/samePrefixMarkedMtx2304/depth4/node3/test0_12.mtx 1 450.414 0.0796007 0.91 
/home/antonkov/masterWork/tests/samePrefixMarkedMtx2304/depth4/node3/test0_12.mtx 1.1 439.744 0.0627604 0.73 
/home/antonkov/masterWork/tests/samePrefixMarkedMtx2304/depth4/node3/test0_12.mtx 1.2 421.931 0.0473307 0.59 
/home/antonkov/masterWork/tests/samePrefixMarkedMtx2304/depth4/node3/test0_12.mtx 1.3 541.244 0.0373937 0.48 
/home/antonkov/masterWork/tests/samePrefixMarkedMtx2304/depth4/node3/test0_12.mtx 1.4 504.881 0.0238628 0.325 
/home/antonkov/masterWork/tests/samePrefixMarkedMtx2304/depth4/node3/test0_12.mtx 1.5 573.071 0.0151997 0.21 
/home/antonkov/masterWork/tests/samePrefixMarkedMtx2304/depth4/node3/test0_12.mtx 1.6 737.225 0.00572917 0.0833333 
/home/antonkov/masterWork/tests/samePrefixMarkedMtx2304/depth4/node3/test0_12.mtx 1.7 953.221 0.00320703 0.052 
/home/antonkov/masterWork/tests/samePrefixMarkedMtx2304/depth4/node3/test0_12.mtx 1.8 2010.81 0.0010638 0.0166667 
/home/antonkov/masterWork/tests/samePrefixMarkedMtx2304/depth4/node3/test0_12.mtx 1.9 3864 0.00043479 0.00675676 
/home/antonkov/masterWork/tests/samePrefixMarkedMtx2304/depth4/node3/test0_12.mtx 2 0 -1 -1 
/home/antonkov/masterWork/tests/samePrefixMarkedMtx2304/depth4/node3/test0_12.mtx 2.1 0 -1 -1 
/home/antonkov/masterWork/tests/samePrefixMarkedMtx2304/depth4/node3/test0_12.mtx 2.2 0 -1 -1 
/home/antonkov/masterWork/tests/samePrefixMarkedMtx2304/depth4/node3/test0_12.mtx 2.3 0 -1 -1 
/home/antonkov/masterWork/tests/samePrefixMarkedMtx2304/depth4/node3/test0_12.mtx 2.4 0 -1 -1 
/home/antonkov/masterWork/tests/samePrefixMarkedMtx2304/depth4/node3/test0_12.mtx 2.5 0 -1 -1 
/home/antonkov/masterWork/tests/samePrefixMarkedMtx2304/depth4/node3/test0_12.mtx 2.6 0 -1 -1 
/home/antonkov/masterWork/tests/samePrefixMarkedMtx2304/depth4/node3/test0_12.mtx 2.7 0 -1 -1 
/home/antonkov/masterWork/tests/samePrefixMarkedMtx2304/depth4/node3/test0_12.mtx 2.8 0 -1 -1 
/home/antonkov/masterWork/tests/samePrefixMarkedMtx2304/depth4/node3/test0_12.mtx 2.9 0 -1 -1 
/home/antonkov/masterWork/tests/samePrefixMarkedMtx2304/depth4/node3/test0_12.mtx 3 0 -1 -1 
/home/antonkov/masterWork/tests/samePrefixMarkedMtx2304/depth4/node3/test0_12.mtx 3.1 0 -1 -1 
/home/antonkov/masterWork/tests/samePrefixMarkedMtx2304/depth4/node3/test0_12.mtx 3.2 0 -1 -1 
/home/antonkov/masterWork/tests/samePrefixMarkedMtx2304/depth4/node3/test0_12.mtx 3.3 0 -1 -1 
/home/antonkov/masterWork/tests/samePrefixMarkedMtx2304/depth4/node3/test0_12.mtx 3.4 0 -1 -1 
/home/antonkov/masterWork/tests/samePrefixMarkedMtx2304/depth4/node3/test0_12.mtx 3.5 0 -1 -1 
/home/antonkov/masterWork/tests/samePrefixMarkedMtx2304/depth4/node3/test0_13.mtx 1 509.464 0.0797309 0.89 
/home/antonkov/masterWork/tests/samePrefixMarkedMtx2304/depth4/node3/test0_13.mtx 1.1 459.009 0.0687109 0.81 
/home/antonkov/masterWork/tests/samePrefixMarkedMtx2304/depth4/node3/test0_13.mtx 1.2 431.24 0.0526866 0.69 
/home/antonkov/masterWork/tests/samePrefixMarkedMtx2304/depth4/node3/test0_13.mtx 1.3 552.055 0.0385438 0.515 
/home/antonkov/masterWork/tests/samePrefixMarkedMtx2304/depth4/node3/test0_13.mtx 1.4 514.012 0.0266341 0.36 
/home/antonkov/masterWork/tests/samePrefixMarkedMtx2304/depth4/node3/test0_13.mtx 1.5 586.234 0.0159722 0.216667 
/home/antonkov/masterWork/tests/samePrefixMarkedMtx2304/depth4/node3/test0_13.mtx 1.6 683.402 0.0071875 0.102 
/home/antonkov/masterWork/tests/samePrefixMarkedMtx2304/depth4/node3/test0_13.mtx 1.7 915.403 0.00382186 0.0611111 
/home/antonkov/masterWork/tests/samePrefixMarkedMtx2304/depth4/node3/test0_13.mtx 1.8 1804.53 0.00116086 0.0196154 
/home/antonkov/masterWork/tests/samePrefixMarkedMtx2304/depth4/node3/test0_13.mtx 1.9 3768.59 0.000425096 0.00753623 
/home/antonkov/masterWork/tests/samePrefixMarkedMtx2304/depth4/node3/test0_13.mtx 2 0 -1 -1 
/home/antonkov/masterWork/tests/samePrefixMarkedMtx2304/depth4/node3/test0_13.mtx 2.1 0 -1 -1 
/home/antonkov/masterWork/tests/samePrefixMarkedMtx2304/depth4/node3/test0_13.mtx 2.2 0 -1 -1 
/home/antonkov/masterWork/tests/samePrefixMarkedMtx2304/depth4/node3/test0_13.mtx 2.3 0 -1 -1 
/home/antonkov/masterWork/tests/samePrefixMarkedMtx2304/depth4/node3/test0_13.mtx 2.4 0 -1 -1 
/home/antonkov/masterWork/tests/samePrefixMarkedMtx2304/depth4/node3/test0_13.mtx 2.5 0 -1 -1 
/home/antonkov/masterWork/tests/samePrefixMarkedMtx2304/depth4/node3/test0_13.mtx 2.6 0 -1 -1 
/home/antonkov/masterWork/tests/samePrefixMarkedMtx2304/depth4/node3/test0_13.mtx 2.7 0 -1 -1 
/home/antonkov/masterWork/tests/samePrefixMarkedMtx2304/depth4/node3/test0_13.mtx 2.8 0 -1 -1 
/home/antonkov/masterWork/tests/samePrefixMarkedMtx2304/depth4/node3/test0_13.mtx 2.9 0 -1 -1 
/home/antonkov/masterWork/tests/samePrefixMarkedMtx2304/depth4/node3/test0_13.mtx 3 0 -1 -1 
/home/antonkov/masterWork/tests/samePrefixMarkedMtx2304/depth4/node3/test0_13.mtx 3.1 0 -1 -1 
/home/antonkov/masterWork/tests/samePrefixMarkedMtx2304/depth4/node3/test0_13.mtx 3.2 0 -1 -1 
/home/antonkov/masterWork/tests/samePrefixMarkedMtx2304/depth4/node3/test0_13.mtx 3.3 0 -1 -1 
/home/antonkov/masterWork/tests/samePrefixMarkedMtx2304/depth4/node3/test0_13.mtx 3.4 0 -1 -1 
/home/antonkov/masterWork/tests/samePrefixMarkedMtx2304/depth4/node3/test0_13.mtx 3.5 0 -1 -1 
/home/antonkov/masterWork/tests/samePrefixMarkedMtx2304/depth4/node3/test0_14.mtx 1 446.544 0.0819965 0.91 
/home/antonkov/masterWork/tests/samePrefixMarkedMtx2304/depth4/node3/test0_14.mtx 1.1 446.418 0.0705729 0.82 
/home/antonkov/masterWork/tests/samePrefixMarkedMtx2304/depth4/node3/test0_14.mtx 1.2 429.987 0.0568533 0.7 
/home/antonkov/masterWork/tests/samePrefixMarkedMtx2304/depth4/node3/test0_14.mtx 1.3 416.341 0.0378168 0.52 
/home/antonkov/masterWork/tests/samePrefixMarkedMtx2304/depth4/node3/test0_14.mtx 1.4 495.584 0.0231727 0.32 
/home/antonkov/masterWork/tests/samePrefixMarkedMtx2304/depth4/node3/test0_14.mtx 1.5 572.189 0.0141262 0.203333 
/home/antonkov/masterWork/tests/samePrefixMarkedMtx2304/depth4/node3/test0_14.mtx 1.6 675.331 0.00758854 0.114 
/home/antonkov/masterWork/tests/samePrefixMarkedMtx2304/depth4/node3/test0_14.mtx 1.7 919.119 0.00384211 0.0611111 
/home/antonkov/masterWork/tests/samePrefixMarkedMtx2304/depth4/node3/test0_14.mtx 1.8 1873.48 0.00111406 0.0185714 
/home/antonkov/masterWork/tests/samePrefixMarkedMtx2304/depth4/node3/test0_14.mtx 1.9 4016.11 0.00039018 0.00641026 
/home/antonkov/masterWork/tests/samePrefixMarkedMtx2304/depth4/node3/test0_14.mtx 2 0 -1 -1 
/home/antonkov/masterWork/tests/samePrefixMarkedMtx2304/depth4/node3/test0_14.mtx 2.1 0 -1 -1 
/home/antonkov/masterWork/tests/samePrefixMarkedMtx2304/depth4/node3/test0_14.mtx 2.2 0 -1 -1 
/home/antonkov/masterWork/tests/samePrefixMarkedMtx2304/depth4/node3/test0_14.mtx 2.3 0 -1 -1 
/home/antonkov/masterWork/tests/samePrefixMarkedMtx2304/depth4/node3/test0_14.mtx 2.4 0 -1 -1 
/home/antonkov/masterWork/tests/samePrefixMarkedMtx2304/depth4/node3/test0_14.mtx 2.5 0 -1 -1 
/home/antonkov/masterWork/tests/samePrefixMarkedMtx2304/depth4/node3/test0_14.mtx 2.6 0 -1 -1 
/home/antonkov/masterWork/tests/samePrefixMarkedMtx2304/depth4/node3/test0_14.mtx 2.7 0 -1 -1 
/home/antonkov/masterWork/tests/samePrefixMarkedMtx2304/depth4/node3/test0_14.mtx 2.8 0 -1 -1 
/home/antonkov/masterWork/tests/samePrefixMarkedMtx2304/depth4/node3/test0_14.mtx 2.9 0 -1 -1 
/home/antonkov/masterWork/tests/samePrefixMarkedMtx2304/depth4/node3/test0_14.mtx 3 0 -1 -1 
/home/antonkov/masterWork/tests/samePrefixMarkedMtx2304/depth4/node3/test0_14.mtx 3.1 0 -1 -1 
/home/antonkov/masterWork/tests/samePrefixMarkedMtx2304/depth4/node3/test0_14.mtx 3.2 0 -1 -1 
/home/antonkov/masterWork/tests/samePrefixMarkedMtx2304/depth4/node3/test0_14.mtx 3.3 0 -1 -1 
/home/antonkov/masterWork/tests/samePrefixMarkedMtx2304/depth4/node3/test0_14.mtx 3.4 0 -1 -1 
/home/antonkov/masterWork/tests/samePrefixMarkedMtx2304/depth4/node3/test0_14.mtx 3.5 0 -1 -1 
/home/antonkov/masterWork/tests/samePrefixMarkedMtx2304/depth4/node3/test1_00.mtx 1 483.065 0.0842708 0.94 
/home/antonkov/masterWork/tests/samePrefixMarkedMtx2304/depth4/node3/test1_00.mtx 1.1 431.641 0.0722005 0.83 
/home/antonkov/masterWork/tests/samePrefixMarkedMtx2304/depth4/node3/test1_00.mtx 1.2 414.938 0.0589757 0.7 
/home/antonkov/masterWork/tests/samePrefixMarkedMtx2304/depth4/node3/test1_00.mtx 1.3 400.988 0.0424653 0.54 
/home/antonkov/masterWork/tests/samePrefixMarkedMtx2304/depth4/node3/test1_00.mtx 1.4 489.303 0.0278581 0.365 
/home/antonkov/masterWork/tests/samePrefixMarkedMtx2304/depth4/node3/test1_00.mtx 1.5 564.832 0.0178921 0.246667 
/home/antonkov/masterWork/tests/samePrefixMarkedMtx2304/depth4/node3/test1_00.mtx 1.6 608.054 0.00976562 0.1375 
/home/antonkov/masterWork/tests/samePrefixMarkedMtx2304/depth4/node3/test1_00.mtx 1.7 774.629 0.00522879 0.0742857 
/home/antonkov/masterWork/tests/samePrefixMarkedMtx2304/depth4/node3/test1_00.mtx 1.8 1481.04 0.0016033 0.025 
/home/antonkov/masterWork/tests/samePrefixMarkedMtx2304/depth4/node3/test1_00.mtx 1.9 4026.06 0.000459951 0.0069863 
/home/antonkov/masterWork/tests/samePrefixMarkedMtx2304/depth4/node3/test1_00.mtx 2 0 -1 -1 
/home/antonkov/masterWork/tests/samePrefixMarkedMtx2304/depth4/node3/test1_00.mtx 2.1 0 -1 -1 
/home/antonkov/masterWork/tests/samePrefixMarkedMtx2304/depth4/node3/test1_00.mtx 2.2 0 -1 -1 
/home/antonkov/masterWork/tests/samePrefixMarkedMtx2304/depth4/node3/test1_00.mtx 2.3 0 -1 -1 
/home/antonkov/masterWork/tests/samePrefixMarkedMtx2304/depth4/node3/test1_00.mtx 2.4 0 -1 -1 
/home/antonkov/masterWork/tests/samePrefixMarkedMtx2304/depth4/node3/test1_00.mtx 2.5 0 -1 -1 
/home/antonkov/masterWork/tests/samePrefixMarkedMtx2304/depth4/node3/test1_00.mtx 2.6 0 -1 -1 
/home/antonkov/masterWork/tests/samePrefixMarkedMtx2304/depth4/node3/test1_00.mtx 2.7 0 -1 -1 
/home/antonkov/masterWork/tests/samePrefixMarkedMtx2304/depth4/node3/test1_00.mtx 2.8 0 -1 -1 
/home/antonkov/masterWork/tests/samePrefixMarkedMtx2304/depth4/node3/test1_00.mtx 2.9 0 -1 -1 
/home/antonkov/masterWork/tests/samePrefixMarkedMtx2304/depth4/node3/test1_00.mtx 3 0 -1 -1 
/home/antonkov/masterWork/tests/samePrefixMarkedMtx2304/depth4/node3/test1_00.mtx 3.1 0 -1 -1 
/home/antonkov/masterWork/tests/samePrefixMarkedMtx2304/depth4/node3/test1_00.mtx 3.2 0 -1 -1 
/home/antonkov/masterWork/tests/samePrefixMarkedMtx2304/depth4/node3/test1_00.mtx 3.3 0 -1 -1 
/home/antonkov/masterWork/tests/samePrefixMarkedMtx2304/depth4/node3/test1_00.mtx 3.4 0 -1 -1 
/home/antonkov/masterWork/tests/samePrefixMarkedMtx2304/depth4/node3/test1_00.mtx 3.5 0 -1 -1 
/home/antonkov/masterWork/tests/samePrefixMarkedMtx2304/depth4/node3/test1_01.mtx 1 430.695 0.081033 0.89 
/home/antonkov/masterWork/tests/samePrefixMarkedMtx2304/depth4/node3/test1_01.mtx 1.1 427.332 0.0700347 0.82 
/home/antonkov/masterWork/tests/samePrefixMarkedMtx2304/depth4/node3/test1_01.mtx 1.2 423.167 0.0552344 0.69 
/home/antonkov/masterWork/tests/samePrefixMarkedMtx2304/depth4/node3/test1_01.mtx 1.3 392.49 0.0384983 0.51 
/home/antonkov/masterWork/tests/samePrefixMarkedMtx2304/depth4/node3/test1_01.mtx 1.4 494.935 0.0250217 0.335 
/home/antonkov/masterWork/tests/samePrefixMarkedMtx2304/depth4/node3/test1_01.mtx 1.5 562.784 0.0152214 0.21 
/home/antonkov/masterWork/tests/samePrefixMarkedMtx2304/depth4/node3/test1_01.mtx 1.6 679.993 0.00779167 0.11 
/home/antonkov/masterWork/tests/samePrefixMarkedMtx2304/depth4/node3/test1_01.mtx 1.7 882.162 0.00384211 0.0577778 
/home/antonkov/masterWork/tests/samePrefixMarkedMtx2304/depth4/node3/test1_01.mtx 1.8 1571.38 0.00148181 0.0236364 
/home/antonkov/masterWork/tests/samePrefixMarkedMtx2304/depth4/node3/test1_01.mtx 1.9 3232.08 0.000513425 0.0087931 
/home/antonkov/masterWork/tests/samePrefixMarkedMtx2304/depth4/node3/test1_01.mtx 2 0 -1 -1 
/home/antonkov/masterWork/tests/samePrefixMarkedMtx2304/depth4/node3/test1_01.mtx 2.1 0 -1 -1 
/home/antonkov/masterWork/tests/samePrefixMarkedMtx2304/depth4/node3/test1_01.mtx 2.2 0 -1 -1 
/home/antonkov/masterWork/tests/samePrefixMarkedMtx2304/depth4/node3/test1_01.mtx 2.3 0 -1 -1 
/home/antonkov/masterWork/tests/samePrefixMarkedMtx2304/depth4/node3/test1_01.mtx 2.4 0 -1 -1 
/home/antonkov/masterWork/tests/samePrefixMarkedMtx2304/depth4/node3/test1_01.mtx 2.5 0 -1 -1 
/home/antonkov/masterWork/tests/samePrefixMarkedMtx2304/depth4/node3/test1_01.mtx 2.6 0 -1 -1 
/home/antonkov/masterWork/tests/samePrefixMarkedMtx2304/depth4/node3/test1_01.mtx 2.7 0 -1 -1 
/home/antonkov/masterWork/tests/samePrefixMarkedMtx2304/depth4/node3/test1_01.mtx 2.8 0 -1 -1 
/home/antonkov/masterWork/tests/samePrefixMarkedMtx2304/depth4/node3/test1_01.mtx 2.9 0 -1 -1 
/home/antonkov/masterWork/tests/samePrefixMarkedMtx2304/depth4/node3/test1_01.mtx 3 0 -1 -1 
/home/antonkov/masterWork/tests/samePrefixMarkedMtx2304/depth4/node3/test1_01.mtx 3.1 0 -1 -1 
/home/antonkov/masterWork/tests/samePrefixMarkedMtx2304/depth4/node3/test1_01.mtx 3.2 0 -1 -1 
/home/antonkov/masterWork/tests/samePrefixMarkedMtx2304/depth4/node3/test1_01.mtx 3.3 0 -1 -1 
/home/antonkov/masterWork/tests/samePrefixMarkedMtx2304/depth4/node3/test1_01.mtx 3.4 0 -1 -1 
/home/antonkov/masterWork/tests/samePrefixMarkedMtx2304/depth4/node3/test1_01.mtx 3.5 0 -1 -1 
/home/antonkov/masterWork/tests/samePrefixMarkedMtx2304/depth4/node3/test1_02.mtx 1 482.781 0.0836502 0.92 
/home/antonkov/masterWork/tests/samePrefixMarkedMtx2304/depth4/node3/test1_02.mtx 1.1 443.49 0.0693924 0.81 
/home/antonkov/masterWork/tests/samePrefixMarkedMtx2304/depth4/node3/test1_02.mtx 1.2 431.662 0.0549783 0.68 
/home/antonkov/masterWork/tests/samePrefixMarkedMtx2304/depth4/node3/test1_02.mtx 1.3 387.573 0.0400434 0.51 
/home/antonkov/masterWork/tests/samePrefixMarkedMtx2304/depth4/node3/test1_02.mtx 1.4 497.449 0.0261198 0.34 
/home/antonkov/masterWork/tests/samePrefixMarkedMtx2304/depth4/node3/test1_02.mtx 1.5 565.686 0.0165046 0.233333 
/home/antonkov/masterWork/tests/samePrefixMarkedMtx2304/depth4/node3/test1_02.mtx 1.6 680.548 0.00725347 0.104 
/home/antonkov/masterWork/tests/samePrefixMarkedMtx2304/depth4/node3/test1_02.mtx 1.7 969.701 0.00381424 0.058 
/home/antonkov/masterWork/tests/samePrefixMarkedMtx2304/depth4/node3/test1_02.mtx 1.8 1418.42 0.00178774 0.0268421 
/home/antonkov/masterWork/tests/samePrefixMarkedMtx2304/depth4/node3/test1_02.mtx 1.9 3436.25 0.000493138 0.00809524 
/home/antonkov/masterWork/tests/samePrefixMarkedMtx2304/depth4/node3/test1_02.mtx 2 0 -1 -1 
/home/antonkov/masterWork/tests/samePrefixMarkedMtx2304/depth4/node3/test1_02.mtx 2.1 0 -1 -1 
/home/antonkov/masterWork/tests/samePrefixMarkedMtx2304/depth4/node3/test1_02.mtx 2.2 0 -1 -1 
/home/antonkov/masterWork/tests/samePrefixMarkedMtx2304/depth4/node3/test1_02.mtx 2.3 0 -1 -1 
/home/antonkov/masterWork/tests/samePrefixMarkedMtx2304/depth4/node3/test1_02.mtx 2.4 0 -1 -1 
/home/antonkov/masterWork/tests/samePrefixMarkedMtx2304/depth4/node3/test1_02.mtx 2.5 0 -1 -1 
/home/antonkov/masterWork/tests/samePrefixMarkedMtx2304/depth4/node3/test1_02.mtx 2.6 0 -1 -1 
/home/antonkov/masterWork/tests/samePrefixMarkedMtx2304/depth4/node3/test1_02.mtx 2.7 0 -1 -1 
/home/antonkov/masterWork/tests/samePrefixMarkedMtx2304/depth4/node3/test1_02.mtx 2.8 0 -1 -1 
/home/antonkov/masterWork/tests/samePrefixMarkedMtx2304/depth4/node3/test1_02.mtx 2.9 0 -1 -1 
/home/antonkov/masterWork/tests/samePrefixMarkedMtx2304/depth4/node3/test1_02.mtx 3 0 -1 -1 
/home/antonkov/masterWork/tests/samePrefixMarkedMtx2304/depth4/node3/test1_02.mtx 3.1 0 -1 -1 
/home/antonkov/masterWork/tests/samePrefixMarkedMtx2304/depth4/node3/test1_02.mtx 3.2 0 -1 -1 
/home/antonkov/masterWork/tests/samePrefixMarkedMtx2304/depth4/node3/test1_02.mtx 3.3 0 -1 -1 
/home/antonkov/masterWork/tests/samePrefixMarkedMtx2304/depth4/node3/test1_02.mtx 3.4 0 -1 -1 
/home/antonkov/masterWork/tests/samePrefixMarkedMtx2304/depth4/node3/test1_02.mtx 3.5 0 -1 -1 
/home/antonkov/masterWork/tests/samePrefixMarkedMtx2304/depth4/node3/test1_03.mtx 1 489.839 0.0844835 0.93 
/home/antonkov/masterWork/tests/samePrefixMarkedMtx2304/depth4/node3/test1_03.mtx 1.1 436.738 0.0687326 0.83 
/home/antonkov/masterWork/tests/samePrefixMarkedMtx2304/depth4/node3/test1_03.mtx 1.2 422.196 0.0562717 0.69 
/home/antonkov/masterWork/tests/samePrefixMarkedMtx2304/depth4/node3/test1_03.mtx 1.3 390.69 0.040204 0.5 
/home/antonkov/masterWork/tests/samePrefixMarkedMtx2304/depth4/node3/test1_03.mtx 1.4 494.726 0.0276519 0.35 
/home/antonkov/masterWork/tests/samePrefixMarkedMtx2304/depth4/node3/test1_03.mtx 1.5 468.508 0.0201259 0.26 
/home/antonkov/masterWork/tests/samePrefixMarkedMtx2304/depth4/node3/test1_03.mtx 1.6 598.154 0.00888021 0.13 
/home/antonkov/masterWork/tests/samePrefixMarkedMtx2304/depth4/node3/test1_03.mtx 1.7 767.998 0.00484747 0.0757143 
/home/antonkov/masterWork/tests/samePrefixMarkedMtx2304/depth4/node3/test1_03.mtx 1.8 1711.75 0.00133952 0.0208333 
/home/antonkov/masterWork/tests/samePrefixMarkedMtx2304/depth4/node3/test1_03.mtx 1.9 4073.3 0.00039838 0.0068 
/home/antonkov/masterWork/tests/samePrefixMarkedMtx2304/depth4/node3/test1_03.mtx 2 0 -1 -1 
/home/antonkov/masterWork/tests/samePrefixMarkedMtx2304/depth4/node3/test1_03.mtx 2.1 0 -1 -1 
/home/antonkov/masterWork/tests/samePrefixMarkedMtx2304/depth4/node3/test1_03.mtx 2.2 0 -1 -1 
/home/antonkov/masterWork/tests/samePrefixMarkedMtx2304/depth4/node3/test1_03.mtx 2.3 0 -1 -1 
/home/antonkov/masterWork/tests/samePrefixMarkedMtx2304/depth4/node3/test1_03.mtx 2.4 0 -1 -1 
/home/antonkov/masterWork/tests/samePrefixMarkedMtx2304/depth4/node3/test1_03.mtx 2.5 0 -1 -1 
/home/antonkov/masterWork/tests/samePrefixMarkedMtx2304/depth4/node3/test1_03.mtx 2.6 0 -1 -1 
/home/antonkov/masterWork/tests/samePrefixMarkedMtx2304/depth4/node3/test1_03.mtx 2.7 0 -1 -1 
/home/antonkov/masterWork/tests/samePrefixMarkedMtx2304/depth4/node3/test1_03.mtx 2.8 0 -1 -1 
/home/antonkov/masterWork/tests/samePrefixMarkedMtx2304/depth4/node3/test1_03.mtx 2.9 0 -1 -1 
/home/antonkov/masterWork/tests/samePrefixMarkedMtx2304/depth4/node3/test1_03.mtx 3 0 -1 -1 
/home/antonkov/masterWork/tests/samePrefixMarkedMtx2304/depth4/node3/test1_03.mtx 3.1 0 -1 -1 
/home/antonkov/masterWork/tests/samePrefixMarkedMtx2304/depth4/node3/test1_03.mtx 3.2 0 -1 -1 
/home/antonkov/masterWork/tests/samePrefixMarkedMtx2304/depth4/node3/test1_03.mtx 3.3 0 -1 -1 
/home/antonkov/masterWork/tests/samePrefixMarkedMtx2304/depth4/node3/test1_03.mtx 3.4 0 -1 -1 
/home/antonkov/masterWork/tests/samePrefixMarkedMtx2304/depth4/node3/test1_03.mtx 3.5 0 -1 -1 
/home/antonkov/masterWork/tests/samePrefixMarkedMtx2304/depth4/node3/test1_04.mtx 1 456.282 0.0841016 0.93 
/home/antonkov/masterWork/tests/samePrefixMarkedMtx2304/depth4/node3/test1_04.mtx 1.1 437.648 0.0701259 0.81 
/home/antonkov/masterWork/tests/samePrefixMarkedMtx2304/depth4/node3/test1_04.mtx 1.2 409.647 0.0523785 0.66 
/home/antonkov/masterWork/tests/samePrefixMarkedMtx2304/depth4/node3/test1_04.mtx 1.3 529.434 0.0419336 0.535 
/home/antonkov/masterWork/tests/samePrefixMarkedMtx2304/depth4/node3/test1_04.mtx 1.4 495.062 0.0280816 0.375 
/home/antonkov/masterWork/tests/samePrefixMarkedMtx2304/depth4/node3/test1_04.mtx 1.5 565.855 0.0179803 0.236667 
/home/antonkov/masterWork/tests/samePrefixMarkedMtx2304/depth4/node3/test1_04.mtx 1.6 684.771 0.00839323 0.118 
/home/antonkov/masterWork/tests/samePrefixMarkedMtx2304/depth4/node3/test1_04.mtx 1.7 904.703 0.0038397 0.0566667 
/home/antonkov/masterWork/tests/samePrefixMarkedMtx2304/depth4/node3/test1_04.mtx 1.8 1662.77 0.00146358 0.0208333 
/home/antonkov/masterWork/tests/samePrefixMarkedMtx2304/depth4/node3/test1_04.mtx 1.9 3364.3 0.000502232 0.00793651 
/home/antonkov/masterWork/tests/samePrefixMarkedMtx2304/depth4/node3/test1_04.mtx 2 0 -1 -1 
/home/antonkov/masterWork/tests/samePrefixMarkedMtx2304/depth4/node3/test1_04.mtx 2.1 0 -1 -1 
/home/antonkov/masterWork/tests/samePrefixMarkedMtx2304/depth4/node3/test1_04.mtx 2.2 0 -1 -1 
/home/antonkov/masterWork/tests/samePrefixMarkedMtx2304/depth4/node3/test1_04.mtx 2.3 0 -1 -1 
/home/antonkov/masterWork/tests/samePrefixMarkedMtx2304/depth4/node3/test1_04.mtx 2.4 0 -1 -1 
/home/antonkov/masterWork/tests/samePrefixMarkedMtx2304/depth4/node3/test1_04.mtx 2.5 0 -1 -1 
/home/antonkov/masterWork/tests/samePrefixMarkedMtx2304/depth4/node3/test1_04.mtx 2.6 0 -1 -1 
/home/antonkov/masterWork/tests/samePrefixMarkedMtx2304/depth4/node3/test1_04.mtx 2.7 0 -1 -1 
/home/antonkov/masterWork/tests/samePrefixMarkedMtx2304/depth4/node3/test1_04.mtx 2.8 0 -1 -1 
/home/antonkov/masterWork/tests/samePrefixMarkedMtx2304/depth4/node3/test1_04.mtx 2.9 0 -1 -1 
/home/antonkov/masterWork/tests/samePrefixMarkedMtx2304/depth4/node3/test1_04.mtx 3 0 -1 -1 
/home/antonkov/masterWork/tests/samePrefixMarkedMtx2304/depth4/node3/test1_04.mtx 3.1 0 -1 -1 
/home/antonkov/masterWork/tests/samePrefixMarkedMtx2304/depth4/node3/test1_04.mtx 3.2 0 -1 -1 
/home/antonkov/masterWork/tests/samePrefixMarkedMtx2304/depth4/node3/test1_04.mtx 3.3 0 -1 -1 
/home/antonkov/masterWork/tests/samePrefixMarkedMtx2304/depth4/node3/test1_04.mtx 3.4 0 -1 -1 
/home/antonkov/masterWork/tests/samePrefixMarkedMtx2304/depth4/node3/test1_04.mtx 3.5 0 -1 -1 
/home/antonkov/masterWork/tests/samePrefixMarkedMtx2304/depth4/node3/test1_05.mtx 1 429.442 0.0871571 0.95 
/home/antonkov/masterWork/tests/samePrefixMarkedMtx2304/depth4/node3/test1_05.mtx 1.1 431.168 0.0729818 0.83 
/home/antonkov/masterWork/tests/samePrefixMarkedMtx2304/depth4/node3/test1_05.mtx 1.2 424.272 0.0580165 0.7 
/home/antonkov/masterWork/tests/samePrefixMarkedMtx2304/depth4/node3/test1_05.mtx 1.3 397.183 0.041276 0.51 
/home/antonkov/masterWork/tests/samePrefixMarkedMtx2304/depth4/node3/test1_05.mtx 1.4 501.126 0.0296398 0.375 
/home/antonkov/masterWork/tests/samePrefixMarkedMtx2304/depth4/node3/test1_05.mtx 1.5 470.434 0.0182161 0.25 
/home/antonkov/masterWork/tests/samePrefixMarkedMtx2304/depth4/node3/test1_05.mtx 1.6 659.146 0.00672917 0.1 
/home/antonkov/masterWork/tests/samePrefixMarkedMtx2304/depth4/node3/test1_05.mtx 1.7 985.788 0.00386762 0.057 
/home/antonkov/masterWork/tests/samePrefixMarkedMtx2304/depth4/node3/test1_05.mtx 1.8 1650.2 0.00139847 0.02125 
/home/antonkov/masterWork/tests/samePrefixMarkedMtx2304/depth4/node3/test1_05.mtx 1.9 3168.73 0.000588526 0.00894737 
/home/antonkov/masterWork/tests/samePrefixMarkedMtx2304/depth4/node3/test1_05.mtx 2 0 -1 -1 
/home/antonkov/masterWork/tests/samePrefixMarkedMtx2304/depth4/node3/test1_05.mtx 2.1 0 -1 -1 
/home/antonkov/masterWork/tests/samePrefixMarkedMtx2304/depth4/node3/test1_05.mtx 2.2 0 -1 -1 
/home/antonkov/masterWork/tests/samePrefixMarkedMtx2304/depth4/node3/test1_05.mtx 2.3 0 -1 -1 
/home/antonkov/masterWork/tests/samePrefixMarkedMtx2304/depth4/node3/test1_05.mtx 2.4 0 -1 -1 
/home/antonkov/masterWork/tests/samePrefixMarkedMtx2304/depth4/node3/test1_05.mtx 2.5 0 -1 -1 
/home/antonkov/masterWork/tests/samePrefixMarkedMtx2304/depth4/node3/test1_05.mtx 2.6 0 -1 -1 
/home/antonkov/masterWork/tests/samePrefixMarkedMtx2304/depth4/node3/test1_05.mtx 2.7 0 -1 -1 
/home/antonkov/masterWork/tests/samePrefixMarkedMtx2304/depth4/node3/test1_05.mtx 2.8 0 -1 -1 
/home/antonkov/masterWork/tests/samePrefixMarkedMtx2304/depth4/node3/test1_05.mtx 2.9 0 -1 -1 
/home/antonkov/masterWork/tests/samePrefixMarkedMtx2304/depth4/node3/test1_05.mtx 3 0 -1 -1 
/home/antonkov/masterWork/tests/samePrefixMarkedMtx2304/depth4/node3/test1_05.mtx 3.1 0 -1 -1 
/home/antonkov/masterWork/tests/samePrefixMarkedMtx2304/depth4/node3/test1_05.mtx 3.2 0 -1 -1 
/home/antonkov/masterWork/tests/samePrefixMarkedMtx2304/depth4/node3/test1_05.mtx 3.3 0 -1 -1 
/home/antonkov/masterWork/tests/samePrefixMarkedMtx2304/depth4/node3/test1_05.mtx 3.4 0 -1 -1 
/home/antonkov/masterWork/tests/samePrefixMarkedMtx2304/depth4/node3/test1_05.mtx 3.5 0 -1 -1 
/home/antonkov/masterWork/tests/samePrefixMarkedMtx2304/depth4/node3/test1_06.mtx 1 490.305 0.0809418 0.89 
/home/antonkov/masterWork/tests/samePrefixMarkedMtx2304/depth4/node3/test1_06.mtx 1.1 436.941 0.0695747 0.81 
/home/antonkov/masterWork/tests/samePrefixMarkedMtx2304/depth4/node3/test1_06.mtx 1.2 413.619 0.0550911 0.67 
/home/antonkov/masterWork/tests/samePrefixMarkedMtx2304/depth4/node3/test1_06.mtx 1.3 392.855 0.0378299 0.51 
/home/antonkov/masterWork/tests/samePrefixMarkedMtx2304/depth4/node3/test1_06.mtx 1.4 490.512 0.0265148 0.35 
/home/antonkov/masterWork/tests/samePrefixMarkedMtx2304/depth4/node3/test1_06.mtx 1.5 566.643 0.0160605 0.22 
/home/antonkov/masterWork/tests/samePrefixMarkedMtx2304/depth4/node3/test1_06.mtx 1.6 590.611 0.00926758 0.1275 
/home/antonkov/masterWork/tests/samePrefixMarkedMtx2304/depth4/node3/test1_06.mtx 1.7 808.052 0.00479058 0.065 
/home/antonkov/masterWork/tests/samePrefixMarkedMtx2304/depth4/node3/test1_06.mtx 1.8 1336.41 0.00195747 0.0294444 
/home/antonkov/masterWork/tests/samePrefixMarkedMtx2304/depth4/node3/test1_06.mtx 1.9 3041.62 0.000564081 0.00892857 
/home/antonkov/masterWork/tests/samePrefixMarkedMtx2304/depth4/node3/test1_06.mtx 2 0 -1 -1 
/home/antonkov/masterWork/tests/samePrefixMarkedMtx2304/depth4/node3/test1_06.mtx 2.1 0 -1 -1 
/home/antonkov/masterWork/tests/samePrefixMarkedMtx2304/depth4/node3/test1_06.mtx 2.2 0 -1 -1 
/home/antonkov/masterWork/tests/samePrefixMarkedMtx2304/depth4/node3/test1_06.mtx 2.3 0 -1 -1 
/home/antonkov/masterWork/tests/samePrefixMarkedMtx2304/depth4/node3/test1_06.mtx 2.4 0 -1 -1 
/home/antonkov/masterWork/tests/samePrefixMarkedMtx2304/depth4/node3/test1_06.mtx 2.5 0 -1 -1 
/home/antonkov/masterWork/tests/samePrefixMarkedMtx2304/depth4/node3/test1_06.mtx 2.6 0 -1 -1 
/home/antonkov/masterWork/tests/samePrefixMarkedMtx2304/depth4/node3/test1_06.mtx 2.7 0 -1 -1 
/home/antonkov/masterWork/tests/samePrefixMarkedMtx2304/depth4/node3/test1_06.mtx 2.8 0 -1 -1 
/home/antonkov/masterWork/tests/samePrefixMarkedMtx2304/depth4/node3/test1_06.mtx 2.9 0 -1 -1 
/home/antonkov/masterWork/tests/samePrefixMarkedMtx2304/depth4/node3/test1_06.mtx 3 0 -1 -1 
/home/antonkov/masterWork/tests/samePrefixMarkedMtx2304/depth4/node3/test1_06.mtx 3.1 0 -1 -1 
/home/antonkov/masterWork/tests/samePrefixMarkedMtx2304/depth4/node3/test1_06.mtx 3.2 0 -1 -1 
/home/antonkov/masterWork/tests/samePrefixMarkedMtx2304/depth4/node3/test1_06.mtx 3.3 0 -1 -1 
/home/antonkov/masterWork/tests/samePrefixMarkedMtx2304/depth4/node3/test1_06.mtx 3.4 0 -1 -1 
/home/antonkov/masterWork/tests/samePrefixMarkedMtx2304/depth4/node3/test1_06.mtx 3.5 0 -1 -1 
/home/antonkov/masterWork/tests/samePrefixMarkedMtx2304/depth4/node3/test1_07.mtx 1 436.51 0.0813715 0.9 
/home/antonkov/masterWork/tests/samePrefixMarkedMtx2304/depth4/node3/test1_07.mtx 1.1 428.942 0.0700651 0.83 
/home/antonkov/masterWork/tests/samePrefixMarkedMtx2304/depth4/node3/test1_07.mtx 1.2 415.746 0.0533116 0.65 
/home/antonkov/masterWork/tests/samePrefixMarkedMtx2304/depth4/node3/test1_07.mtx 1.3 528.52 0.0415712 0.53 
/home/antonkov/masterWork/tests/samePrefixMarkedMtx2304/depth4/node3/test1_07.mtx 1.4 508.395 0.0288064 0.39 
/home/antonkov/masterWork/tests/samePrefixMarkedMtx2304/depth4/node3/test1_07.mtx 1.5 561.972 0.0152083 0.223333 
/home/antonkov/masterWork/tests/samePrefixMarkedMtx2304/depth4/node3/test1_07.mtx 1.6 694.847 0.00711458 0.11 
/home/antonkov/masterWork/tests/samePrefixMarkedMtx2304/depth4/node3/test1_07.mtx 1.7 966.078 0.00372309 0.055 
/home/antonkov/masterWork/tests/samePrefixMarkedMtx2304/depth4/node3/test1_07.mtx 1.8 1838.5 0.00123665 0.0196154 
/home/antonkov/masterWork/tests/samePrefixMarkedMtx2304/depth4/node3/test1_07.mtx 1.9 3623.54 0.00041576 0.00746269 
/home/antonkov/masterWork/tests/samePrefixMarkedMtx2304/depth4/node3/test1_07.mtx 2 0 -1 -1 
/home/antonkov/masterWork/tests/samePrefixMarkedMtx2304/depth4/node3/test1_07.mtx 2.1 0 -1 -1 
/home/antonkov/masterWork/tests/samePrefixMarkedMtx2304/depth4/node3/test1_07.mtx 2.2 0 -1 -1 
/home/antonkov/masterWork/tests/samePrefixMarkedMtx2304/depth4/node3/test1_07.mtx 2.3 0 -1 -1 
/home/antonkov/masterWork/tests/samePrefixMarkedMtx2304/depth4/node3/test1_07.mtx 2.4 0 -1 -1 
/home/antonkov/masterWork/tests/samePrefixMarkedMtx2304/depth4/node3/test1_07.mtx 2.5 0 -1 -1 
/home/antonkov/masterWork/tests/samePrefixMarkedMtx2304/depth4/node3/test1_07.mtx 2.6 0 -1 -1 
/home/antonkov/masterWork/tests/samePrefixMarkedMtx2304/depth4/node3/test1_07.mtx 2.7 0 -1 -1 
/home/antonkov/masterWork/tests/samePrefixMarkedMtx2304/depth4/node3/test1_07.mtx 2.8 0 -1 -1 
/home/antonkov/masterWork/tests/samePrefixMarkedMtx2304/depth4/node3/test1_07.mtx 2.9 0 -1 -1 
/home/antonkov/masterWork/tests/samePrefixMarkedMtx2304/depth4/node3/test1_07.mtx 3 0 -1 -1 
/home/antonkov/masterWork/tests/samePrefixMarkedMtx2304/depth4/node3/test1_07.mtx 3.1 0 -1 -1 
/home/antonkov/masterWork/tests/samePrefixMarkedMtx2304/depth4/node3/test1_07.mtx 3.2 0 -1 -1 
/home/antonkov/masterWork/tests/samePrefixMarkedMtx2304/depth4/node3/test1_07.mtx 3.3 0 -1 -1 
/home/antonkov/masterWork/tests/samePrefixMarkedMtx2304/depth4/node3/test1_07.mtx 3.4 0 -1 -1 
/home/antonkov/masterWork/tests/samePrefixMarkedMtx2304/depth4/node3/test1_07.mtx 3.5 0 -1 -1 
/home/antonkov/masterWork/tests/samePrefixMarkedMtx2304/depth4/node3/test1_08.mtx 1 481.198 0.0867014 0.93 
/home/antonkov/masterWork/tests/samePrefixMarkedMtx2304/depth4/node3/test1_08.mtx 1.1 444.302 0.0754427 0.87 
/home/antonkov/masterWork/tests/samePrefixMarkedMtx2304/depth4/node3/test1_08.mtx 1.2 423.059 0.0611589 0.74 
/home/antonkov/masterWork/tests/samePrefixMarkedMtx2304/depth4/node3/test1_08.mtx 1.3 408.394 0.0437934 0.57 
/home/antonkov/masterWork/tests/samePrefixMarkedMtx2304/depth4/node3/test1_08.mtx 1.4 505.331 0.0294575 0.4 
/home/antonkov/masterWork/tests/samePrefixMarkedMtx2304/depth4/node3/test1_08.mtx 1.5 465.303 0.018214 0.255 
/home/antonkov/masterWork/tests/samePrefixMarkedMtx2304/depth4/node3/test1_08.mtx 1.6 677.963 0.00805642 0.118 
/home/antonkov/masterWork/tests/samePrefixMarkedMtx2304/depth4/node3/test1_08.mtx 1.7 898.485 0.00389275 0.0577778 
/home/antonkov/masterWork/tests/samePrefixMarkedMtx2304/depth4/node3/test1_08.mtx 1.8 1471.31 0.0015906 0.0263158 
/home/antonkov/masterWork/tests/samePrefixMarkedMtx2304/depth4/node3/test1_08.mtx 1.9 3558.77 0.000468681 0.00793651 
/home/antonkov/masterWork/tests/samePrefixMarkedMtx2304/depth4/node3/test1_08.mtx 2 0 -1 -1 
/home/antonkov/masterWork/tests/samePrefixMarkedMtx2304/depth4/node3/test1_08.mtx 2.1 0 -1 -1 
/home/antonkov/masterWork/tests/samePrefixMarkedMtx2304/depth4/node3/test1_08.mtx 2.2 0 -1 -1 
/home/antonkov/masterWork/tests/samePrefixMarkedMtx2304/depth4/node3/test1_08.mtx 2.3 0 -1 -1 
/home/antonkov/masterWork/tests/samePrefixMarkedMtx2304/depth4/node3/test1_08.mtx 2.4 0 -1 -1 
/home/antonkov/masterWork/tests/samePrefixMarkedMtx2304/depth4/node3/test1_08.mtx 2.5 0 -1 -1 
/home/antonkov/masterWork/tests/samePrefixMarkedMtx2304/depth4/node3/test1_08.mtx 2.6 0 -1 -1 
/home/antonkov/masterWork/tests/samePrefixMarkedMtx2304/depth4/node3/test1_08.mtx 2.7 0 -1 -1 
/home/antonkov/masterWork/tests/samePrefixMarkedMtx2304/depth4/node3/test1_08.mtx 2.8 0 -1 -1 
/home/antonkov/masterWork/tests/samePrefixMarkedMtx2304/depth4/node3/test1_08.mtx 2.9 0 -1 -1 
/home/antonkov/masterWork/tests/samePrefixMarkedMtx2304/depth4/node3/test1_08.mtx 3 0 -1 -1 
/home/antonkov/masterWork/tests/samePrefixMarkedMtx2304/depth4/node3/test1_08.mtx 3.1 0 -1 -1 
/home/antonkov/masterWork/tests/samePrefixMarkedMtx2304/depth4/node3/test1_08.mtx 3.2 0 -1 -1 
/home/antonkov/masterWork/tests/samePrefixMarkedMtx2304/depth4/node3/test1_08.mtx 3.3 0 -1 -1 
/home/antonkov/masterWork/tests/samePrefixMarkedMtx2304/depth4/node3/test1_08.mtx 3.4 0 -1 -1 
/home/antonkov/masterWork/tests/samePrefixMarkedMtx2304/depth4/node3/test1_08.mtx 3.5 0 -1 -1 
/home/antonkov/masterWork/tests/samePrefixMarkedMtx2304/depth4/node3/test1_09.mtx 1 480.593 0.0854601 0.93 
/home/antonkov/masterWork/tests/samePrefixMarkedMtx2304/depth4/node3/test1_09.mtx 1.1 431.977 0.0709418 0.81 
/home/antonkov/masterWork/tests/samePrefixMarkedMtx2304/depth4/node3/test1_09.mtx 1.2 419.901 0.0594358 0.72 
/home/antonkov/masterWork/tests/samePrefixMarkedMtx2304/depth4/node3/test1_09.mtx 1.3 397.874 0.0411892 0.51 
/home/antonkov/masterWork/tests/samePrefixMarkedMtx2304/depth4/node3/test1_09.mtx 1.4 504.375 0.0314128 0.415 
/home/antonkov/masterWork/tests/samePrefixMarkedMtx2304/depth4/node3/test1_09.mtx 1.5 556.724 0.016985 0.233333 
/home/antonkov/masterWork/tests/samePrefixMarkedMtx2304/depth4/node3/test1_09.mtx 1.6 687.249 0.00842101 0.122 
/home/antonkov/masterWork/tests/samePrefixMarkedMtx2304/depth4/node3/test1_09.mtx 1.7 965.595 0.00373958 0.055 
/home/antonkov/masterWork/tests/samePrefixMarkedMtx2304/depth4/node3/test1_09.mtx 1.8 1486.69 0.00159702 0.0242857 
/home/antonkov/masterWork/tests/samePrefixMarkedMtx2304/depth4/node3/test1_09.mtx 1.9 3570.51 0.000480558 0.00764706 
/home/antonkov/masterWork/tests/samePrefixMarkedMtx2304/depth4/node3/test1_09.mtx 2 0 -1 -1 
/home/antonkov/masterWork/tests/samePrefixMarkedMtx2304/depth4/node3/test1_09.mtx 2.1 0 -1 -1 
/home/antonkov/masterWork/tests/samePrefixMarkedMtx2304/depth4/node3/test1_09.mtx 2.2 0 -1 -1 
/home/antonkov/masterWork/tests/samePrefixMarkedMtx2304/depth4/node3/test1_09.mtx 2.3 0 -1 -1 
/home/antonkov/masterWork/tests/samePrefixMarkedMtx2304/depth4/node3/test1_09.mtx 2.4 0 -1 -1 
/home/antonkov/masterWork/tests/samePrefixMarkedMtx2304/depth4/node3/test1_09.mtx 2.5 0 -1 -1 
/home/antonkov/masterWork/tests/samePrefixMarkedMtx2304/depth4/node3/test1_09.mtx 2.6 0 -1 -1 
/home/antonkov/masterWork/tests/samePrefixMarkedMtx2304/depth4/node3/test1_09.mtx 2.7 0 -1 -1 
/home/antonkov/masterWork/tests/samePrefixMarkedMtx2304/depth4/node3/test1_09.mtx 2.8 0 -1 -1 
/home/antonkov/masterWork/tests/samePrefixMarkedMtx2304/depth4/node3/test1_09.mtx 2.9 0 -1 -1 
/home/antonkov/masterWork/tests/samePrefixMarkedMtx2304/depth4/node3/test1_09.mtx 3 0 -1 -1 
/home/antonkov/masterWork/tests/samePrefixMarkedMtx2304/depth4/node3/test1_09.mtx 3.1 0 -1 -1 
/home/antonkov/masterWork/tests/samePrefixMarkedMtx2304/depth4/node3/test1_09.mtx 3.2 0 -1 -1 
/home/antonkov/masterWork/tests/samePrefixMarkedMtx2304/depth4/node3/test1_09.mtx 3.3 0 -1 -1 
/home/antonkov/masterWork/tests/samePrefixMarkedMtx2304/depth4/node3/test1_09.mtx 3.4 0 -1 -1 
/home/antonkov/masterWork/tests/samePrefixMarkedMtx2304/depth4/node3/test1_09.mtx 3.5 0 -1 -1 
/home/antonkov/masterWork/tests/samePrefixMarkedMtx2304/depth4/node3/test1_10.mtx 1 435.452 0.0821571 0.91 
/home/antonkov/masterWork/tests/samePrefixMarkedMtx2304/depth4/node3/test1_10.mtx 1.1 429.31 0.0692014 0.81 
/home/antonkov/masterWork/tests/samePrefixMarkedMtx2304/depth4/node3/test1_10.mtx 1.2 417.702 0.0529601 0.65 
/home/antonkov/masterWork/tests/samePrefixMarkedMtx2304/depth4/node3/test1_10.mtx 1.3 396.646 0.0380946 0.5 
/home/antonkov/masterWork/tests/samePrefixMarkedMtx2304/depth4/node3/test1_10.mtx 1.4 499.086 0.0269423 0.36 
/home/antonkov/masterWork/tests/samePrefixMarkedMtx2304/depth4/node3/test1_10.mtx 1.5 581.234 0.016781 0.226667 
/home/antonkov/masterWork/tests/samePrefixMarkedMtx2304/depth4/node3/test1_10.mtx 1.6 691.929 0.00769618 0.112 
/home/antonkov/masterWork/tests/samePrefixMarkedMtx2304/depth4/node3/test1_10.mtx 1.7 917.887 0.00359375 0.0555556 
/home/antonkov/masterWork/tests/samePrefixMarkedMtx2304/depth4/node3/test1_10.mtx 1.8 1437.64 0.00171419 0.0255 
/home/antonkov/masterWork/tests/samePrefixMarkedMtx2304/depth4/node3/test1_10.mtx 1.9 3120.42 0.000544591 0.00877193 
/home/antonkov/masterWork/tests/samePrefixMarkedMtx2304/depth4/node3/test1_10.mtx 2 0 -1 -1 
/home/antonkov/masterWork/tests/samePrefixMarkedMtx2304/depth4/node3/test1_10.mtx 2.1 0 -1 -1 
/home/antonkov/masterWork/tests/samePrefixMarkedMtx2304/depth4/node3/test1_10.mtx 2.2 0 -1 -1 
/home/antonkov/masterWork/tests/samePrefixMarkedMtx2304/depth4/node3/test1_10.mtx 2.3 0 -1 -1 
/home/antonkov/masterWork/tests/samePrefixMarkedMtx2304/depth4/node3/test1_10.mtx 2.4 0 -1 -1 
/home/antonkov/masterWork/tests/samePrefixMarkedMtx2304/depth4/node3/test1_10.mtx 2.5 0 -1 -1 
/home/antonkov/masterWork/tests/samePrefixMarkedMtx2304/depth4/node3/test1_10.mtx 2.6 0 -1 -1 
/home/antonkov/masterWork/tests/samePrefixMarkedMtx2304/depth4/node3/test1_10.mtx 2.7 0 -1 -1 
/home/antonkov/masterWork/tests/samePrefixMarkedMtx2304/depth4/node3/test1_10.mtx 2.8 0 -1 -1 
/home/antonkov/masterWork/tests/samePrefixMarkedMtx2304/depth4/node3/test1_10.mtx 2.9 0 -1 -1 
/home/antonkov/masterWork/tests/samePrefixMarkedMtx2304/depth4/node3/test1_10.mtx 3 0 -1 -1 
/home/antonkov/masterWork/tests/samePrefixMarkedMtx2304/depth4/node3/test1_10.mtx 3.1 0 -1 -1 
/home/antonkov/masterWork/tests/samePrefixMarkedMtx2304/depth4/node3/test1_10.mtx 3.2 0 -1 -1 
/home/antonkov/masterWork/tests/samePrefixMarkedMtx2304/depth4/node3/test1_10.mtx 3.3 0 -1 -1 
/home/antonkov/masterWork/tests/samePrefixMarkedMtx2304/depth4/node3/test1_10.mtx 3.4 0 -1 -1 
/home/antonkov/masterWork/tests/samePrefixMarkedMtx2304/depth4/node3/test1_10.mtx 3.5 0 -1 -1 
/home/antonkov/masterWork/tests/samePrefixMarkedMtx2304/depth4/node3/test1_11.mtx 1 486.523 0.0815929 0.88 
/home/antonkov/masterWork/tests/samePrefixMarkedMtx2304/depth4/node3/test1_11.mtx 1.1 435.253 0.0711806 0.81 
/home/antonkov/masterWork/tests/samePrefixMarkedMtx2304/depth4/node3/test1_11.mtx 1.2 423.341 0.0559852 0.7 
/home/antonkov/masterWork/tests/samePrefixMarkedMtx2304/depth4/node3/test1_11.mtx 1.3 393.325 0.0423568 0.53 
/home/antonkov/masterWork/tests/samePrefixMarkedMtx2304/depth4/node3/test1_11.mtx 1.4 492.123 0.02898 0.385 
/home/antonkov/masterWork/tests/samePrefixMarkedMtx2304/depth4/node3/test1_11.mtx 1.5 559.09 0.0169777 0.233333 
/home/antonkov/masterWork/tests/samePrefixMarkedMtx2304/depth4/node3/test1_11.mtx 1.6 602.381 0.00890842 0.1325 
/home/antonkov/masterWork/tests/samePrefixMarkedMtx2304/depth4/node3/test1_11.mtx 1.7 812.095 0.00407986 0.0625 
/home/antonkov/masterWork/tests/samePrefixMarkedMtx2304/depth4/node3/test1_11.mtx 1.8 1376.06 0.00176444 0.0273684 
/home/antonkov/masterWork/tests/samePrefixMarkedMtx2304/depth4/node3/test1_11.mtx 1.9 3075.93 0.00050568 0.00877193 
/home/antonkov/masterWork/tests/samePrefixMarkedMtx2304/depth4/node3/test1_11.mtx 2 0 -1 -1 
/home/antonkov/masterWork/tests/samePrefixMarkedMtx2304/depth4/node3/test1_11.mtx 2.1 0 -1 -1 
/home/antonkov/masterWork/tests/samePrefixMarkedMtx2304/depth4/node3/test1_11.mtx 2.2 0 -1 -1 
/home/antonkov/masterWork/tests/samePrefixMarkedMtx2304/depth4/node3/test1_11.mtx 2.3 0 -1 -1 
/home/antonkov/masterWork/tests/samePrefixMarkedMtx2304/depth4/node3/test1_11.mtx 2.4 0 -1 -1 
/home/antonkov/masterWork/tests/samePrefixMarkedMtx2304/depth4/node3/test1_11.mtx 2.5 0 -1 -1 
/home/antonkov/masterWork/tests/samePrefixMarkedMtx2304/depth4/node3/test1_11.mtx 2.6 0 -1 -1 
/home/antonkov/masterWork/tests/samePrefixMarkedMtx2304/depth4/node3/test1_11.mtx 2.7 0 -1 -1 
/home/antonkov/masterWork/tests/samePrefixMarkedMtx2304/depth4/node3/test1_11.mtx 2.8 0 -1 -1 
/home/antonkov/masterWork/tests/samePrefixMarkedMtx2304/depth4/node3/test1_11.mtx 2.9 0 -1 -1 
/home/antonkov/masterWork/tests/samePrefixMarkedMtx2304/depth4/node3/test1_11.mtx 3 0 -1 -1 
/home/antonkov/masterWork/tests/samePrefixMarkedMtx2304/depth4/node3/test1_11.mtx 3.1 0 -1 -1 
/home/antonkov/masterWork/tests/samePrefixMarkedMtx2304/depth4/node3/test1_11.mtx 3.2 0 -1 -1 
/home/antonkov/masterWork/tests/samePrefixMarkedMtx2304/depth4/node3/test1_11.mtx 3.3 0 -1 -1 
/home/antonkov/masterWork/tests/samePrefixMarkedMtx2304/depth4/node3/test1_11.mtx 3.4 0 -1 -1 
/home/antonkov/masterWork/tests/samePrefixMarkedMtx2304/depth4/node3/test1_11.mtx 3.5 0 -1 -1 
/home/antonkov/masterWork/tests/samePrefixMarkedMtx2304/depth4/node3/test1_12.mtx 1 491.161 0.0827908 0.91 
/home/antonkov/masterWork/tests/samePrefixMarkedMtx2304/depth4/node3/test1_12.mtx 1.1 435.592 0.0709809 0.81 
/home/antonkov/masterWork/tests/samePrefixMarkedMtx2304/depth4/node3/test1_12.mtx 1.2 422.211 0.0578602 0.69 
/home/antonkov/masterWork/tests/samePrefixMarkedMtx2304/depth4/node3/test1_12.mtx 1.3 392.499 0.0439106 0.55 
/home/antonkov/masterWork/tests/samePrefixMarkedMtx2304/depth4/node3/test1_12.mtx 1.4 507.504 0.0313086 0.41 
/home/antonkov/masterWork/tests/samePrefixMarkedMtx2304/depth4/node3/test1_12.mtx 1.5 470.928 0.0184332 0.255 
/home/antonkov/masterWork/tests/samePrefixMarkedMtx2304/depth4/node3/test1_12.mtx 1.6 662.42 0.00787587 0.116 
/home/antonkov/masterWork/tests/samePrefixMarkedMtx2304/depth4/node3/test1_12.mtx 1.7 940.009 0.0034388 0.053 
/home/antonkov/masterWork/tests/samePrefixMarkedMtx2304/depth4/node3/test1_12.mtx 1.8 1701.36 0.00125035 0.02 
/home/antonkov/masterWork/tests/samePrefixMarkedMtx2304/depth4/node3/test1_12.mtx 1.9 3307.2 0.000513203 0.00806452 
/home/antonkov/masterWork/tests/samePrefixMarkedMtx2304/depth4/node3/test1_12.mtx 2 0 -1 -1 
/home/antonkov/masterWork/tests/samePrefixMarkedMtx2304/depth4/node3/test1_12.mtx 2.1 0 -1 -1 
/home/antonkov/masterWork/tests/samePrefixMarkedMtx2304/depth4/node3/test1_12.mtx 2.2 0 -1 -1 
/home/antonkov/masterWork/tests/samePrefixMarkedMtx2304/depth4/node3/test1_12.mtx 2.3 0 -1 -1 
/home/antonkov/masterWork/tests/samePrefixMarkedMtx2304/depth4/node3/test1_12.mtx 2.4 0 -1 -1 
/home/antonkov/masterWork/tests/samePrefixMarkedMtx2304/depth4/node3/test1_12.mtx 2.5 0 -1 -1 
/home/antonkov/masterWork/tests/samePrefixMarkedMtx2304/depth4/node3/test1_12.mtx 2.6 0 -1 -1 
/home/antonkov/masterWork/tests/samePrefixMarkedMtx2304/depth4/node3/test1_12.mtx 2.7 0 -1 -1 
/home/antonkov/masterWork/tests/samePrefixMarkedMtx2304/depth4/node3/test1_12.mtx 2.8 0 -1 -1 
/home/antonkov/masterWork/tests/samePrefixMarkedMtx2304/depth4/node3/test1_12.mtx 2.9 0 -1 -1 
/home/antonkov/masterWork/tests/samePrefixMarkedMtx2304/depth4/node3/test1_12.mtx 3 0 -1 -1 
/home/antonkov/masterWork/tests/samePrefixMarkedMtx2304/depth4/node3/test1_12.mtx 3.1 0 -1 -1 
/home/antonkov/masterWork/tests/samePrefixMarkedMtx2304/depth4/node3/test1_12.mtx 3.2 0 -1 -1 
/home/antonkov/masterWork/tests/samePrefixMarkedMtx2304/depth4/node3/test1_12.mtx 3.3 0 -1 -1 
/home/antonkov/masterWork/tests/samePrefixMarkedMtx2304/depth4/node3/test1_12.mtx 3.4 0 -1 -1 
/home/antonkov/masterWork/tests/samePrefixMarkedMtx2304/depth4/node3/test1_12.mtx 3.5 0 -1 -1 
/home/antonkov/masterWork/tests/samePrefixMarkedMtx2304/depth4/node3/test1_13.mtx 1 438.243 0.0852127 0.93 
/home/antonkov/masterWork/tests/samePrefixMarkedMtx2304/depth4/node3/test1_13.mtx 1.1 431.286 0.0699436 0.82 
/home/antonkov/masterWork/tests/samePrefixMarkedMtx2304/depth4/node3/test1_13.mtx 1.2 412.001 0.0567535 0.7 
/home/antonkov/masterWork/tests/samePrefixMarkedMtx2304/depth4/node3/test1_13.mtx 1.3 395.372 0.0388151 0.52 
/home/antonkov/masterWork/tests/samePrefixMarkedMtx2304/depth4/node3/test1_13.mtx 1.4 514.753 0.03074 0.405 
/home/antonkov/masterWork/tests/samePrefixMarkedMtx2304/depth4/node3/test1_13.mtx 1.5 473.737 0.0214084 0.3 
/home/antonkov/masterWork/tests/samePrefixMarkedMtx2304/depth4/node3/test1_13.mtx 1.6 603.168 0.00917535 0.135 
/home/antonkov/masterWork/tests/samePrefixMarkedMtx2304/depth4/node3/test1_13.mtx 1.7 819.599 0.00411404 0.06375 
/home/antonkov/masterWork/tests/samePrefixMarkedMtx2304/depth4/node3/test1_13.mtx 1.8 1539.9 0.00147652 0.0242857 
/home/antonkov/masterWork/tests/samePrefixMarkedMtx2304/depth4/node3/test1_13.mtx 1.9 3021.78 0.000565262 0.00909091 
/home/antonkov/masterWork/tests/samePrefixMarkedMtx2304/depth4/node3/test1_13.mtx 2 0 -1 -1 
/home/antonkov/masterWork/tests/samePrefixMarkedMtx2304/depth4/node3/test1_13.mtx 2.1 0 -1 -1 
/home/antonkov/masterWork/tests/samePrefixMarkedMtx2304/depth4/node3/test1_13.mtx 2.2 0 -1 -1 
/home/antonkov/masterWork/tests/samePrefixMarkedMtx2304/depth4/node3/test1_13.mtx 2.3 0 -1 -1 
/home/antonkov/masterWork/tests/samePrefixMarkedMtx2304/depth4/node3/test1_13.mtx 2.4 0 -1 -1 
/home/antonkov/masterWork/tests/samePrefixMarkedMtx2304/depth4/node3/test1_13.mtx 2.5 0 -1 -1 
/home/antonkov/masterWork/tests/samePrefixMarkedMtx2304/depth4/node3/test1_13.mtx 2.6 0 -1 -1 
/home/antonkov/masterWork/tests/samePrefixMarkedMtx2304/depth4/node3/test1_13.mtx 2.7 0 -1 -1 
/home/antonkov/masterWork/tests/samePrefixMarkedMtx2304/depth4/node3/test1_13.mtx 2.8 0 -1 -1 
/home/antonkov/masterWork/tests/samePrefixMarkedMtx2304/depth4/node3/test1_13.mtx 2.9 0 -1 -1 
/home/antonkov/masterWork/tests/samePrefixMarkedMtx2304/depth4/node3/test1_13.mtx 3 0 -1 -1 
/home/antonkov/masterWork/tests/samePrefixMarkedMtx2304/depth4/node3/test1_13.mtx 3.1 0 -1 -1 
/home/antonkov/masterWork/tests/samePrefixMarkedMtx2304/depth4/node3/test1_13.mtx 3.2 0 -1 -1 
/home/antonkov/masterWork/tests/samePrefixMarkedMtx2304/depth4/node3/test1_13.mtx 3.3 0 -1 -1 
/home/antonkov/masterWork/tests/samePrefixMarkedMtx2304/depth4/node3/test1_13.mtx 3.4 0 -1 -1 
/home/antonkov/masterWork/tests/samePrefixMarkedMtx2304/depth4/node3/test1_13.mtx 3.5 0 -1 -1 
/home/antonkov/masterWork/tests/samePrefixMarkedMtx2304/depth4/node3/test1_14.mtx 1 480.569 0.0838715 0.92 
/home/antonkov/masterWork/tests/samePrefixMarkedMtx2304/depth4/node3/test1_14.mtx 1.1 437.233 0.0719792 0.84 
/home/antonkov/masterWork/tests/samePrefixMarkedMtx2304/depth4/node3/test1_14.mtx 1.2 423.295 0.0570964 0.69 
/home/antonkov/masterWork/tests/samePrefixMarkedMtx2304/depth4/node3/test1_14.mtx 1.3 400.951 0.0415885 0.53 
/home/antonkov/masterWork/tests/samePrefixMarkedMtx2304/depth4/node3/test1_14.mtx 1.4 501.627 0.0311133 0.41 
/home/antonkov/masterWork/tests/samePrefixMarkedMtx2304/depth4/node3/test1_14.mtx 1.5 468.832 0.0173524 0.25 
/home/antonkov/masterWork/tests/samePrefixMarkedMtx2304/depth4/node3/test1_14.mtx 1.6 667.81 0.00726823 0.11 
/home/antonkov/masterWork/tests/samePrefixMarkedMtx2304/depth4/node3/test1_14.mtx 1.7 957.345 0.0033303 0.05 
/home/antonkov/masterWork/tests/samePrefixMarkedMtx2304/depth4/node3/test1_14.mtx 1.8 1485.84 0.00148644 0.0247619 
/home/antonkov/masterWork/tests/samePrefixMarkedMtx2304/depth4/node3/test1_14.mtx 1.9 3096.1 0.000536367 0.00877193 
/home/antonkov/masterWork/tests/samePrefixMarkedMtx2304/depth4/node3/test1_14.mtx 2 0 -1 -1 
/home/antonkov/masterWork/tests/samePrefixMarkedMtx2304/depth4/node3/test1_14.mtx 2.1 0 -1 -1 
/home/antonkov/masterWork/tests/samePrefixMarkedMtx2304/depth4/node3/test1_14.mtx 2.2 0 -1 -1 
/home/antonkov/masterWork/tests/samePrefixMarkedMtx2304/depth4/node3/test1_14.mtx 2.3 0 -1 -1 
/home/antonkov/masterWork/tests/samePrefixMarkedMtx2304/depth4/node3/test1_14.mtx 2.4 0 -1 -1 
/home/antonkov/masterWork/tests/samePrefixMarkedMtx2304/depth4/node3/test1_14.mtx 2.5 0 -1 -1 
/home/antonkov/masterWork/tests/samePrefixMarkedMtx2304/depth4/node3/test1_14.mtx 2.6 0 -1 -1 
/home/antonkov/masterWork/tests/samePrefixMarkedMtx2304/depth4/node3/test1_14.mtx 2.7 0 -1 -1 
/home/antonkov/masterWork/tests/samePrefixMarkedMtx2304/depth4/node3/test1_14.mtx 2.8 0 -1 -1 
/home/antonkov/masterWork/tests/samePrefixMarkedMtx2304/depth4/node3/test1_14.mtx 2.9 0 -1 -1 
/home/antonkov/masterWork/tests/samePrefixMarkedMtx2304/depth4/node3/test1_14.mtx 3 0 -1 -1 
/home/antonkov/masterWork/tests/samePrefixMarkedMtx2304/depth4/node3/test1_14.mtx 3.1 0 -1 -1 
/home/antonkov/masterWork/tests/samePrefixMarkedMtx2304/depth4/node3/test1_14.mtx 3.2 0 -1 -1 
/home/antonkov/masterWork/tests/samePrefixMarkedMtx2304/depth4/node3/test1_14.mtx 3.3 0 -1 -1 
/home/antonkov/masterWork/tests/samePrefixMarkedMtx2304/depth4/node3/test1_14.mtx 3.4 0 -1 -1 
/home/antonkov/masterWork/tests/samePrefixMarkedMtx2304/depth4/node3/test1_14.mtx 3.5 0 -1 -1 
