Results
Filename SNR Time(ms) BER FER
/home/antonkov/masterWork/tests/samePrefixMarkedMtx/depth4/node3/test0_0.mtx 1 126.014 0.0700087 0.705 
/home/antonkov/masterWork/tests/samePrefixMarkedMtx/depth4/node3/test0_0.mtx 1.1 103.334 0.0598524 0.615 
/home/antonkov/masterWork/tests/samePrefixMarkedMtx/depth4/node3/test0_0.mtx 1.2 92.3611 0.0515712 0.54 
/home/antonkov/masterWork/tests/samePrefixMarkedMtx/depth4/node3/test0_0.mtx 1.3 120.871 0.0431308 0.473333 
/home/antonkov/masterWork/tests/samePrefixMarkedMtx/depth4/node3/test0_0.mtx 1.4 109.727 0.0350521 0.393333 
/home/antonkov/masterWork/tests/samePrefixMarkedMtx/depth4/node3/test0_0.mtx 1.5 128.86 0.0274175 0.315 
/home/antonkov/masterWork/tests/samePrefixMarkedMtx/depth4/node3/test0_0.mtx 1.6 145.697 0.0218021 0.264 
/home/antonkov/masterWork/tests/samePrefixMarkedMtx/depth4/node3/test0_0.mtx 1.7 129.157 0.0170069 0.214 
/home/antonkov/masterWork/tests/samePrefixMarkedMtx/depth4/node3/test0_0.mtx 1.8 168.486 0.0124405 0.155714 
/home/antonkov/masterWork/tests/samePrefixMarkedMtx/depth4/node3/test0_0.mtx 1.9 218.768 0.00864741 0.103636 
/home/antonkov/masterWork/tests/samePrefixMarkedMtx/depth4/node3/test0_0.mtx 2 246.956 0.00599702 0.0742857 
/home/antonkov/masterWork/tests/samePrefixMarkedMtx/depth4/node3/test0_0.mtx 2.1 318.49 0.0043099 0.054 
/home/antonkov/masterWork/tests/samePrefixMarkedMtx/depth4/node3/test0_0.mtx 2.2 436.027 0.00244232 0.0322581 
/home/antonkov/masterWork/tests/samePrefixMarkedMtx/depth4/node3/test0_0.mtx 2.3 550.019 0.00176316 0.0239535 
/home/antonkov/masterWork/tests/samePrefixMarkedMtx/depth4/node3/test0_0.mtx 2.4 720.405 0.00112763 0.0162903 
/home/antonkov/masterWork/tests/samePrefixMarkedMtx/depth4/node3/test0_0.mtx 2.5 1108.43 0.00062004 0.00892857 
/home/antonkov/masterWork/tests/samePrefixMarkedMtx/depth4/node3/test0_0.mtx 2.6 1776.64 0.000344571 0.00492611 
/home/antonkov/masterWork/tests/samePrefixMarkedMtx/depth4/node3/test0_0.mtx 2.7 2455.58 0.000226896 0.00314465 
/home/antonkov/masterWork/tests/samePrefixMarkedMtx/depth4/node3/test0_0.mtx 2.8 4180.5 0.000106567 0.00160772 
/home/antonkov/masterWork/tests/samePrefixMarkedMtx/depth4/node3/test0_0.mtx 2.9 8240.92 4.59189e-05 0.000724638 
/home/antonkov/masterWork/tests/samePrefixMarkedMtx/depth4/node3/test0_0.mtx 3 0 -1 -1 
/home/antonkov/masterWork/tests/samePrefixMarkedMtx/depth4/node3/test0_0.mtx 3.1 0 -1 -1 
/home/antonkov/masterWork/tests/samePrefixMarkedMtx/depth4/node3/test0_0.mtx 3.2 0 -1 -1 
/home/antonkov/masterWork/tests/samePrefixMarkedMtx/depth4/node3/test0_0.mtx 3.3 0 -1 -1 
/home/antonkov/masterWork/tests/samePrefixMarkedMtx/depth4/node3/test0_0.mtx 3.4 0 -1 -1 
/home/antonkov/masterWork/tests/samePrefixMarkedMtx/depth4/node3/test0_0.mtx 3.5 0 -1 -1 
/home/antonkov/masterWork/tests/samePrefixMarkedMtx/depth4/node3/test0_1.mtx 1 112.79 0.0751389 0.75 
/home/antonkov/masterWork/tests/samePrefixMarkedMtx/depth4/node3/test0_1.mtx 1.1 97.375 0.0648438 0.675 
/home/antonkov/masterWork/tests/samePrefixMarkedMtx/depth4/node3/test0_1.mtx 1.2 95.1171 0.0569965 0.615 
/home/antonkov/masterWork/tests/samePrefixMarkedMtx/depth4/node3/test0_1.mtx 1.3 90.7071 0.0499306 0.555 
/home/antonkov/masterWork/tests/samePrefixMarkedMtx/depth4/node3/test0_1.mtx 1.4 116.642 0.0392245 0.43 
/home/antonkov/masterWork/tests/samePrefixMarkedMtx/depth4/node3/test0_1.mtx 1.5 106.901 0.0326389 0.37 
/home/antonkov/masterWork/tests/samePrefixMarkedMtx/depth4/node3/test0_1.mtx 1.6 124.067 0.0260937 0.3075 
/home/antonkov/masterWork/tests/samePrefixMarkedMtx/depth4/node3/test0_1.mtx 1.7 135.919 0.0202639 0.24 
/home/antonkov/masterWork/tests/samePrefixMarkedMtx/depth4/node3/test0_1.mtx 1.8 144.529 0.0154398 0.191667 
/home/antonkov/masterWork/tests/samePrefixMarkedMtx/depth4/node3/test0_1.mtx 1.9 169.591 0.0100456 0.12875 
/home/antonkov/masterWork/tests/samePrefixMarkedMtx/depth4/node3/test0_1.mtx 2 196.007 0.00834028 0.103 
/home/antonkov/masterWork/tests/samePrefixMarkedMtx/depth4/node3/test0_1.mtx 2.1 243.737 0.00576885 0.0742857 
/home/antonkov/masterWork/tests/samePrefixMarkedMtx/depth4/node3/test0_1.mtx 2.2 336.348 0.00347301 0.0459091 
/home/antonkov/masterWork/tests/samePrefixMarkedMtx/depth4/node3/test0_1.mtx 2.3 502.806 0.00197277 0.0263158 
/home/antonkov/masterWork/tests/samePrefixMarkedMtx/depth4/node3/test0_1.mtx 2.4 804.019 0.00101086 0.0140845 
/home/antonkov/masterWork/tests/samePrefixMarkedMtx/depth4/node3/test0_1.mtx 2.5 1186.39 0.000596354 0.00833333 
/home/antonkov/masterWork/tests/samePrefixMarkedMtx/depth4/node3/test0_1.mtx 2.6 1815.65 0.000302964 0.00469484 
/home/antonkov/masterWork/tests/samePrefixMarkedMtx/depth4/node3/test0_1.mtx 2.7 2743.21 0.000180556 0.00273973 
/home/antonkov/masterWork/tests/samePrefixMarkedMtx/depth4/node3/test0_1.mtx 2.8 4986.71 8.5244e-05 0.00132275 
/home/antonkov/masterWork/tests/samePrefixMarkedMtx/depth4/node3/test0_1.mtx 2.9 8540.7 4.10046e-05 0.000695894 
/home/antonkov/masterWork/tests/samePrefixMarkedMtx/depth4/node3/test0_1.mtx 3 0 -1 -1 
/home/antonkov/masterWork/tests/samePrefixMarkedMtx/depth4/node3/test0_1.mtx 3.1 0 -1 -1 
/home/antonkov/masterWork/tests/samePrefixMarkedMtx/depth4/node3/test0_1.mtx 3.2 0 -1 -1 
/home/antonkov/masterWork/tests/samePrefixMarkedMtx/depth4/node3/test0_1.mtx 3.3 0 -1 -1 
/home/antonkov/masterWork/tests/samePrefixMarkedMtx/depth4/node3/test0_1.mtx 3.4 0 -1 -1 
/home/antonkov/masterWork/tests/samePrefixMarkedMtx/depth4/node3/test0_1.mtx 3.5 0 -1 -1 
/home/antonkov/masterWork/tests/samePrefixMarkedMtx/depth4/node3/test0_2.mtx 1 109.251 0.0758767 0.765 
/home/antonkov/masterWork/tests/samePrefixMarkedMtx/depth4/node3/test0_2.mtx 1.1 100.859 0.0665625 0.695 
/home/antonkov/masterWork/tests/samePrefixMarkedMtx/depth4/node3/test0_2.mtx 1.2 97.5819 0.0567622 0.605 
/home/antonkov/masterWork/tests/samePrefixMarkedMtx/depth4/node3/test0_2.mtx 1.3 90.1681 0.0465538 0.52 
/home/antonkov/masterWork/tests/samePrefixMarkedMtx/depth4/node3/test0_2.mtx 1.4 115.369 0.0387384 0.43 
/home/antonkov/masterWork/tests/samePrefixMarkedMtx/depth4/node3/test0_2.mtx 1.5 105.619 0.0313831 0.34 
/home/antonkov/masterWork/tests/samePrefixMarkedMtx/depth4/node3/test0_2.mtx 1.6 121.348 0.0240061 0.2725 
/home/antonkov/masterWork/tests/samePrefixMarkedMtx/depth4/node3/test0_2.mtx 1.7 132.131 0.0180556 0.212 
/home/antonkov/masterWork/tests/samePrefixMarkedMtx/depth4/node3/test0_2.mtx 1.8 145.661 0.0147627 0.178333 
/home/antonkov/masterWork/tests/samePrefixMarkedMtx/depth4/node3/test0_2.mtx 1.9 191.489 0.0102778 0.124444 
/home/antonkov/masterWork/tests/samePrefixMarkedMtx/depth4/node3/test0_2.mtx 2 259.842 0.00613591 0.0742857 
/home/antonkov/masterWork/tests/samePrefixMarkedMtx/depth4/node3/test0_2.mtx 2.1 324.818 0.003875 0.0505 
/home/antonkov/masterWork/tests/samePrefixMarkedMtx/depth4/node3/test0_2.mtx 2.2 375.051 0.00304236 0.0408 
/home/antonkov/masterWork/tests/samePrefixMarkedMtx/depth4/node3/test0_2.mtx 2.3 506.778 0.00194712 0.025641 
/home/antonkov/masterWork/tests/samePrefixMarkedMtx/depth4/node3/test0_2.mtx 2.4 762.744 0.00111247 0.0157812 
/home/antonkov/masterWork/tests/samePrefixMarkedMtx/depth4/node3/test0_2.mtx 2.5 1130.09 0.000625158 0.00927273 
/home/antonkov/masterWork/tests/samePrefixMarkedMtx/depth4/node3/test0_2.mtx 2.6 1802.77 0.000338328 0.00492611 
/home/antonkov/masterWork/tests/samePrefixMarkedMtx/depth4/node3/test0_2.mtx 2.7 2607.08 0.000204777 0.00301205 
/home/antonkov/masterWork/tests/samePrefixMarkedMtx/depth4/node3/test0_2.mtx 2.8 4188.68 0.00011227 0.00166113 
/home/antonkov/masterWork/tests/samePrefixMarkedMtx/depth4/node3/test0_2.mtx 2.9 7810.8 5.24664e-05 0.000788022 
/home/antonkov/masterWork/tests/samePrefixMarkedMtx/depth4/node3/test0_2.mtx 3 0 -1 -1 
/home/antonkov/masterWork/tests/samePrefixMarkedMtx/depth4/node3/test0_2.mtx 3.1 0 -1 -1 
/home/antonkov/masterWork/tests/samePrefixMarkedMtx/depth4/node3/test0_2.mtx 3.2 0 -1 -1 
/home/antonkov/masterWork/tests/samePrefixMarkedMtx/depth4/node3/test0_2.mtx 3.3 0 -1 -1 
/home/antonkov/masterWork/tests/samePrefixMarkedMtx/depth4/node3/test0_2.mtx 3.4 0 -1 -1 
/home/antonkov/masterWork/tests/samePrefixMarkedMtx/depth4/node3/test0_2.mtx 3.5 0 -1 -1 
/home/antonkov/masterWork/tests/samePrefixMarkedMtx/depth4/node3/test0_3.mtx 1 108.026 0.0765451 0.765 
/home/antonkov/masterWork/tests/samePrefixMarkedMtx/depth4/node3/test0_3.mtx 1.1 103.18 0.0678212 0.72 
/home/antonkov/masterWork/tests/samePrefixMarkedMtx/depth4/node3/test0_3.mtx 1.2 97.4022 0.0600434 0.66 
/home/antonkov/masterWork/tests/samePrefixMarkedMtx/depth4/node3/test0_3.mtx 1.3 93.6212 0.0508767 0.575 
/home/antonkov/masterWork/tests/samePrefixMarkedMtx/depth4/node3/test0_3.mtx 1.4 119.222 0.04125 0.483333 
/home/antonkov/masterWork/tests/samePrefixMarkedMtx/depth4/node3/test0_3.mtx 1.5 110.075 0.0351562 0.416667 
/home/antonkov/masterWork/tests/samePrefixMarkedMtx/depth4/node3/test0_3.mtx 1.6 125.951 0.0250217 0.305 
/home/antonkov/masterWork/tests/samePrefixMarkedMtx/depth4/node3/test0_3.mtx 1.7 136.803 0.0164201 0.212 
/home/antonkov/masterWork/tests/samePrefixMarkedMtx/depth4/node3/test0_3.mtx 1.8 154.661 0.013235 0.178333 
/home/antonkov/masterWork/tests/samePrefixMarkedMtx/depth4/node3/test0_3.mtx 1.9 188.45 0.00848573 0.115556 
/home/antonkov/masterWork/tests/samePrefixMarkedMtx/depth4/node3/test0_3.mtx 2 227.248 0.0065379 0.09 
/home/antonkov/masterWork/tests/samePrefixMarkedMtx/depth4/node3/test0_3.mtx 2.1 250.294 0.00562004 0.0728571 
/home/antonkov/masterWork/tests/samePrefixMarkedMtx/depth4/node3/test0_3.mtx 2.2 339.245 0.00315893 0.0468182 
/home/antonkov/masterWork/tests/samePrefixMarkedMtx/depth4/node3/test0_3.mtx 2.3 418.094 0.00232928 0.0333333 
/home/antonkov/masterWork/tests/samePrefixMarkedMtx/depth4/node3/test0_3.mtx 2.4 657.015 0.00127443 0.0187037 
/home/antonkov/masterWork/tests/samePrefixMarkedMtx/depth4/node3/test0_3.mtx 2.5 814.418 0.000841419 0.0136986 
/home/antonkov/masterWork/tests/samePrefixMarkedMtx/depth4/node3/test0_3.mtx 2.6 1240.88 0.000462778 0.008 
/home/antonkov/masterWork/tests/samePrefixMarkedMtx/depth4/node3/test0_3.mtx 2.7 1940.92 0.000262843 0.00441048 
/home/antonkov/masterWork/tests/samePrefixMarkedMtx/depth4/node3/test0_3.mtx 2.8 2788.28 0.000148119 0.00275482 
/home/antonkov/masterWork/tests/samePrefixMarkedMtx/depth4/node3/test0_3.mtx 2.9 4653.24 7.23422e-05 0.00145138 
/home/antonkov/masterWork/tests/samePrefixMarkedMtx/depth4/node3/test0_3.mtx 3 7235.81 4.07223e-05 0.00083682 
/home/antonkov/masterWork/tests/samePrefixMarkedMtx/depth4/node3/test0_3.mtx 3.1 0 -1 -1 
/home/antonkov/masterWork/tests/samePrefixMarkedMtx/depth4/node3/test0_3.mtx 3.2 0 -1 -1 
/home/antonkov/masterWork/tests/samePrefixMarkedMtx/depth4/node3/test0_3.mtx 3.3 0 -1 -1 
/home/antonkov/masterWork/tests/samePrefixMarkedMtx/depth4/node3/test0_3.mtx 3.4 0 -1 -1 
/home/antonkov/masterWork/tests/samePrefixMarkedMtx/depth4/node3/test0_3.mtx 3.5 0 -1 -1 
/home/antonkov/masterWork/tests/samePrefixMarkedMtx/depth4/node3/test0_4.mtx 1 114.17 0.0760677 0.765 
/home/antonkov/masterWork/tests/samePrefixMarkedMtx/depth4/node3/test0_4.mtx 1.1 101.762 0.0677257 0.7 
/home/antonkov/masterWork/tests/samePrefixMarkedMtx/depth4/node3/test0_4.mtx 1.2 94.4956 0.0590104 0.625 
/home/antonkov/masterWork/tests/samePrefixMarkedMtx/depth4/node3/test0_4.mtx 1.3 89.9385 0.0491233 0.525 
/home/antonkov/masterWork/tests/samePrefixMarkedMtx/depth4/node3/test0_4.mtx 1.4 115.447 0.0394907 0.443333 
/home/antonkov/masterWork/tests/samePrefixMarkedMtx/depth4/node3/test0_4.mtx 1.5 109.235 0.03136 0.36 
/home/antonkov/masterWork/tests/samePrefixMarkedMtx/depth4/node3/test0_4.mtx 1.6 122.023 0.0240191 0.2875 
/home/antonkov/masterWork/tests/samePrefixMarkedMtx/depth4/node3/test0_4.mtx 1.7 140.365 0.0181389 0.224 
/home/antonkov/masterWork/tests/samePrefixMarkedMtx/depth4/node3/test0_4.mtx 1.8 166.88 0.0134102 0.164286 
/home/antonkov/masterWork/tests/samePrefixMarkedMtx/depth4/node3/test0_4.mtx 1.9 189.872 0.0095814 0.118889 
/home/antonkov/masterWork/tests/samePrefixMarkedMtx/depth4/node3/test0_4.mtx 2 256.848 0.00611979 0.0735714 
/home/antonkov/masterWork/tests/samePrefixMarkedMtx/depth4/node3/test0_4.mtx 2.1 338.662 0.00363557 0.0454545 
/home/antonkov/masterWork/tests/samePrefixMarkedMtx/depth4/node3/test0_4.mtx 2.2 449.987 0.00236816 0.03125 
/home/antonkov/masterWork/tests/samePrefixMarkedMtx/depth4/node3/test0_4.mtx 2.3 552.875 0.00168521 0.0227273 
/home/antonkov/masterWork/tests/samePrefixMarkedMtx/depth4/node3/test0_4.mtx 2.4 864.53 0.000983102 0.0134667 
/home/antonkov/masterWork/tests/samePrefixMarkedMtx/depth4/node3/test0_4.mtx 2.5 1195.2 0.000612641 0.00847458 
/home/antonkov/masterWork/tests/samePrefixMarkedMtx/depth4/node3/test0_4.mtx 2.6 1824.29 0.000316185 0.00471698 
/home/antonkov/masterWork/tests/samePrefixMarkedMtx/depth4/node3/test0_4.mtx 2.7 2684.34 0.000204503 0.00286533 
/home/antonkov/masterWork/tests/samePrefixMarkedMtx/depth4/node3/test0_4.mtx 2.8 3991.33 0.000117075 0.00172117 
/home/antonkov/masterWork/tests/samePrefixMarkedMtx/depth4/node3/test0_4.mtx 2.9 7023.96 5.51932e-05 0.000869565 
/home/antonkov/masterWork/tests/samePrefixMarkedMtx/depth4/node3/test0_4.mtx 3 0 -1 -1 
/home/antonkov/masterWork/tests/samePrefixMarkedMtx/depth4/node3/test0_4.mtx 3.1 0 -1 -1 
/home/antonkov/masterWork/tests/samePrefixMarkedMtx/depth4/node3/test0_4.mtx 3.2 0 -1 -1 
/home/antonkov/masterWork/tests/samePrefixMarkedMtx/depth4/node3/test0_4.mtx 3.3 0 -1 -1 
/home/antonkov/masterWork/tests/samePrefixMarkedMtx/depth4/node3/test0_4.mtx 3.4 0 -1 -1 
/home/antonkov/masterWork/tests/samePrefixMarkedMtx/depth4/node3/test0_4.mtx 3.5 0 -1 -1 
/home/antonkov/masterWork/tests/samePrefixMarkedMtx/depth4/node3/test1_0.mtx 1 109.526 0.0785417 0.805 
/home/antonkov/masterWork/tests/samePrefixMarkedMtx/depth4/node3/test1_0.mtx 1.1 100.628 0.0669531 0.69 
/home/antonkov/masterWork/tests/samePrefixMarkedMtx/depth4/node3/test1_0.mtx 1.2 93.6718 0.0591319 0.625 
/home/antonkov/masterWork/tests/samePrefixMarkedMtx/depth4/node3/test1_0.mtx 1.3 90.9106 0.050651 0.54 
/home/antonkov/masterWork/tests/samePrefixMarkedMtx/depth4/node3/test1_0.mtx 1.4 117.027 0.0423032 0.466667 
/home/antonkov/masterWork/tests/samePrefixMarkedMtx/depth4/node3/test1_0.mtx 1.5 112.555 0.0343634 0.386667 
/home/antonkov/masterWork/tests/samePrefixMarkedMtx/depth4/node3/test1_0.mtx 1.6 128.263 0.0250347 0.3 
/home/antonkov/masterWork/tests/samePrefixMarkedMtx/depth4/node3/test1_0.mtx 1.7 137.719 0.0183611 0.234 
/home/antonkov/masterWork/tests/samePrefixMarkedMtx/depth4/node3/test1_0.mtx 1.8 147.656 0.0133044 0.171667 
/home/antonkov/masterWork/tests/samePrefixMarkedMtx/depth4/node3/test1_0.mtx 1.9 181.881 0.00881559 0.111111 
/home/antonkov/masterWork/tests/samePrefixMarkedMtx/depth4/node3/test1_0.mtx 2 221.685 0.00685619 0.0875 
/home/antonkov/masterWork/tests/samePrefixMarkedMtx/depth4/node3/test1_0.mtx 2.1 287.323 0.00454572 0.0583333 
/home/antonkov/masterWork/tests/samePrefixMarkedMtx/depth4/node3/test1_0.mtx 2.2 391.504 0.00291924 0.0377778 
/home/antonkov/masterWork/tests/samePrefixMarkedMtx/depth4/node3/test1_0.mtx 2.3 471.107 0.00216435 0.0280556 
/home/antonkov/masterWork/tests/samePrefixMarkedMtx/depth4/node3/test1_0.mtx 2.4 683.748 0.00127954 0.0175439 
/home/antonkov/masterWork/tests/samePrefixMarkedMtx/depth4/node3/test1_0.mtx 2.5 1058.02 0.000653486 0.00970874 
/home/antonkov/masterWork/tests/samePrefixMarkedMtx/depth4/node3/test1_0.mtx 2.6 1705.82 0.000337909 0.00520833 
/home/antonkov/masterWork/tests/samePrefixMarkedMtx/depth4/node3/test1_0.mtx 2.7 2663.16 0.000192398 0.00293255 
/home/antonkov/masterWork/tests/samePrefixMarkedMtx/depth4/node3/test1_0.mtx 2.8 4031.96 0.000114365 0.00169779 
/home/antonkov/masterWork/tests/samePrefixMarkedMtx/depth4/node3/test1_0.mtx 2.9 6401.61 5.79315e-05 0.000959693 
/home/antonkov/masterWork/tests/samePrefixMarkedMtx/depth4/node3/test1_0.mtx 3 0 -1 -1 
/home/antonkov/masterWork/tests/samePrefixMarkedMtx/depth4/node3/test1_0.mtx 3.1 0 -1 -1 
/home/antonkov/masterWork/tests/samePrefixMarkedMtx/depth4/node3/test1_0.mtx 3.2 0 -1 -1 
/home/antonkov/masterWork/tests/samePrefixMarkedMtx/depth4/node3/test1_0.mtx 3.3 0 -1 -1 
/home/antonkov/masterWork/tests/samePrefixMarkedMtx/depth4/node3/test1_0.mtx 3.4 0 -1 -1 
/home/antonkov/masterWork/tests/samePrefixMarkedMtx/depth4/node3/test1_0.mtx 3.5 0 -1 -1 
/home/antonkov/masterWork/tests/samePrefixMarkedMtx/depth4/node3/test1_1.mtx 1 111.467 0.0813715 0.795 
/home/antonkov/masterWork/tests/samePrefixMarkedMtx/depth4/node3/test1_1.mtx 1.1 102.871 0.0702778 0.695 
/home/antonkov/masterWork/tests/samePrefixMarkedMtx/depth4/node3/test1_1.mtx 1.2 96.969 0.0607726 0.625 
/home/antonkov/masterWork/tests/samePrefixMarkedMtx/depth4/node3/test1_1.mtx 1.3 88.5118 0.0489236 0.51 
/home/antonkov/masterWork/tests/samePrefixMarkedMtx/depth4/node3/test1_1.mtx 1.4 112.754 0.0388889 0.413333 
/home/antonkov/masterWork/tests/samePrefixMarkedMtx/depth4/node3/test1_1.mtx 1.5 131.393 0.0305208 0.335 
/home/antonkov/masterWork/tests/samePrefixMarkedMtx/depth4/node3/test1_1.mtx 1.6 122.866 0.0241753 0.275 
/home/antonkov/masterWork/tests/samePrefixMarkedMtx/depth4/node3/test1_1.mtx 1.7 135.266 0.0200174 0.23 
/home/antonkov/masterWork/tests/samePrefixMarkedMtx/depth4/node3/test1_1.mtx 1.8 151.829 0.0136458 0.17 
/home/antonkov/masterWork/tests/samePrefixMarkedMtx/depth4/node3/test1_1.mtx 1.9 182.483 0.00944637 0.117778 
/home/antonkov/masterWork/tests/samePrefixMarkedMtx/depth4/node3/test1_1.mtx 2 241.829 0.00605102 0.08 
/home/antonkov/masterWork/tests/samePrefixMarkedMtx/depth4/node3/test1_1.mtx 2.1 298.829 0.004142 0.0531579 
/home/antonkov/masterWork/tests/samePrefixMarkedMtx/depth4/node3/test1_1.mtx 2.2 376.058 0.00309028 0.0411538 
/home/antonkov/masterWork/tests/samePrefixMarkedMtx/depth4/node3/test1_1.mtx 2.3 469.864 0.00206696 0.0285714 
/home/antonkov/masterWork/tests/samePrefixMarkedMtx/depth4/node3/test1_1.mtx 2.4 706.73 0.00111766 0.0165574 
/home/antonkov/masterWork/tests/samePrefixMarkedMtx/depth4/node3/test1_1.mtx 2.5 1041.44 0.000656215 0.010101 
/home/antonkov/masterWork/tests/samePrefixMarkedMtx/depth4/node3/test1_1.mtx 2.6 1654.29 0.000367145 0.00551913 
/home/antonkov/masterWork/tests/samePrefixMarkedMtx/depth4/node3/test1_1.mtx 2.7 2587.26 0.000202493 0.0030581 
/home/antonkov/masterWork/tests/samePrefixMarkedMtx/depth4/node3/test1_1.mtx 2.8 3242.92 0.000147227 0.00219298 
/home/antonkov/masterWork/tests/samePrefixMarkedMtx/depth4/node3/test1_1.mtx 2.9 5320.44 6.72564e-05 0.00117786 
/home/antonkov/masterWork/tests/samePrefixMarkedMtx/depth4/node3/test1_1.mtx 3 8709.78 3.37161e-05 0.000643915 
/home/antonkov/masterWork/tests/samePrefixMarkedMtx/depth4/node3/test1_1.mtx 3.1 0 -1 -1 
/home/antonkov/masterWork/tests/samePrefixMarkedMtx/depth4/node3/test1_1.mtx 3.2 0 -1 -1 
/home/antonkov/masterWork/tests/samePrefixMarkedMtx/depth4/node3/test1_1.mtx 3.3 0 -1 -1 
/home/antonkov/masterWork/tests/samePrefixMarkedMtx/depth4/node3/test1_1.mtx 3.4 0 -1 -1 
/home/antonkov/masterWork/tests/samePrefixMarkedMtx/depth4/node3/test1_1.mtx 3.5 0 -1 -1 
/home/antonkov/masterWork/tests/samePrefixMarkedMtx/depth4/node3/test1_2.mtx 1 111.17 0.0763194 0.775 
/home/antonkov/masterWork/tests/samePrefixMarkedMtx/depth4/node3/test1_2.mtx 1.1 103.493 0.0650434 0.68 
/home/antonkov/masterWork/tests/samePrefixMarkedMtx/depth4/node3/test1_2.mtx 1.2 94.7834 0.0557205 0.605 
/home/antonkov/masterWork/tests/samePrefixMarkedMtx/depth4/node3/test1_2.mtx 1.3 89.3365 0.0482986 0.53 
/home/antonkov/masterWork/tests/samePrefixMarkedMtx/depth4/node3/test1_2.mtx 1.4 118.422 0.0394618 0.446667 
/home/antonkov/masterWork/tests/samePrefixMarkedMtx/depth4/node3/test1_2.mtx 1.5 106.142 0.0309259 0.353333 
/home/antonkov/masterWork/tests/samePrefixMarkedMtx/depth4/node3/test1_2.mtx 1.6 128.984 0.0238455 0.2875 
/home/antonkov/masterWork/tests/samePrefixMarkedMtx/depth4/node3/test1_2.mtx 1.7 134.47 0.0183889 0.228 
/home/antonkov/masterWork/tests/samePrefixMarkedMtx/depth4/node3/test1_2.mtx 1.8 144.297 0.0141146 0.166667 
/home/antonkov/masterWork/tests/samePrefixMarkedMtx/depth4/node3/test1_2.mtx 1.9 186.854 0.0106366 0.127778 
/home/antonkov/masterWork/tests/samePrefixMarkedMtx/depth4/node3/test1_2.mtx 2 212.187 0.00770991 0.0927273 
/home/antonkov/masterWork/tests/samePrefixMarkedMtx/depth4/node3/test1_2.mtx 2.1 234.98 0.00572049 0.0742857 
/home/antonkov/masterWork/tests/samePrefixMarkedMtx/depth4/node3/test1_2.mtx 2.2 329.44 0.00344776 0.0468182 
/home/antonkov/masterWork/tests/samePrefixMarkedMtx/depth4/node3/test1_2.mtx 2.3 469.825 0.00217014 0.0294286 
/home/antonkov/masterWork/tests/samePrefixMarkedMtx/depth4/node3/test1_2.mtx 2.4 672.651 0.0012541 0.0181818 
/home/antonkov/masterWork/tests/samePrefixMarkedMtx/depth4/node3/test1_2.mtx 2.5 966.508 0.000765196 0.0107527 
/home/antonkov/masterWork/tests/samePrefixMarkedMtx/depth4/node3/test1_2.mtx 2.6 1489.97 0.000415509 0.00606061 
/home/antonkov/masterWork/tests/samePrefixMarkedMtx/depth4/node3/test1_2.mtx 2.7 2167.18 0.000256109 0.0037037 
/home/antonkov/masterWork/tests/samePrefixMarkedMtx/depth4/node3/test1_2.mtx 2.8 4041.89 0.000113607 0.00171527 
/home/antonkov/masterWork/tests/samePrefixMarkedMtx/depth4/node3/test1_2.mtx 2.9 6390.25 6.07639e-05 0.000956023 
/home/antonkov/masterWork/tests/samePrefixMarkedMtx/depth4/node3/test1_2.mtx 3 0 -1 -1 
/home/antonkov/masterWork/tests/samePrefixMarkedMtx/depth4/node3/test1_2.mtx 3.1 0 -1 -1 
/home/antonkov/masterWork/tests/samePrefixMarkedMtx/depth4/node3/test1_2.mtx 3.2 0 -1 -1 
/home/antonkov/masterWork/tests/samePrefixMarkedMtx/depth4/node3/test1_2.mtx 3.3 0 -1 -1 
/home/antonkov/masterWork/tests/samePrefixMarkedMtx/depth4/node3/test1_2.mtx 3.4 0 -1 -1 
/home/antonkov/masterWork/tests/samePrefixMarkedMtx/depth4/node3/test1_2.mtx 3.5 0 -1 -1 
/home/antonkov/masterWork/tests/samePrefixMarkedMtx/depth4/node3/test1_3.mtx 1 110.911 0.0755208 0.775 
/home/antonkov/masterWork/tests/samePrefixMarkedMtx/depth4/node3/test1_3.mtx 1.1 100.291 0.0642101 0.675 
/home/antonkov/masterWork/tests/samePrefixMarkedMtx/depth4/node3/test1_3.mtx 1.2 96.305 0.0555295 0.59 
/home/antonkov/masterWork/tests/samePrefixMarkedMtx/depth4/node3/test1_3.mtx 1.3 90.601 0.0471181 0.51 
/home/antonkov/masterWork/tests/samePrefixMarkedMtx/depth4/node3/test1_3.mtx 1.4 115.461 0.038287 0.436667 
/home/antonkov/masterWork/tests/samePrefixMarkedMtx/depth4/node3/test1_3.mtx 1.5 108.713 0.0304514 0.36 
/home/antonkov/masterWork/tests/samePrefixMarkedMtx/depth4/node3/test1_3.mtx 1.6 124.857 0.0232813 0.2725 
/home/antonkov/masterWork/tests/samePrefixMarkedMtx/depth4/node3/test1_3.mtx 1.7 134.343 0.0180313 0.21 
/home/antonkov/masterWork/tests/samePrefixMarkedMtx/depth4/node3/test1_3.mtx 1.8 147.387 0.0149855 0.18 
/home/antonkov/masterWork/tests/samePrefixMarkedMtx/depth4/node3/test1_3.mtx 1.9 172.853 0.0110742 0.1375 
/home/antonkov/masterWork/tests/samePrefixMarkedMtx/depth4/node3/test1_3.mtx 2 202.409 0.00863889 0.107 
/home/antonkov/masterWork/tests/samePrefixMarkedMtx/depth4/node3/test1_3.mtx 2.1 246.649 0.00561136 0.0728571 
/home/antonkov/masterWork/tests/samePrefixMarkedMtx/depth4/node3/test1_3.mtx 2.2 375.551 0.00301944 0.0404 
/home/antonkov/masterWork/tests/samePrefixMarkedMtx/depth4/node3/test1_3.mtx 2.3 461.76 0.00219742 0.0288571 
/home/antonkov/masterWork/tests/samePrefixMarkedMtx/depth4/node3/test1_3.mtx 2.4 675.519 0.00129309 0.0178571 
/home/antonkov/masterWork/tests/samePrefixMarkedMtx/depth4/node3/test1_3.mtx 2.5 963.415 0.000734761 0.0111111 
/home/antonkov/masterWork/tests/samePrefixMarkedMtx/depth4/node3/test1_3.mtx 2.6 1686.85 0.000346841 0.00554945 
/home/antonkov/masterWork/tests/samePrefixMarkedMtx/depth4/node3/test1_3.mtx 2.7 2478.51 0.000225296 0.00327869 
/home/antonkov/masterWork/tests/samePrefixMarkedMtx/depth4/node3/test1_3.mtx 2.8 4150.61 0.000113653 0.00171821 
/home/antonkov/masterWork/tests/samePrefixMarkedMtx/depth4/node3/test1_3.mtx 2.9 7120.15 5.57775e-05 0.000875657 
/home/antonkov/masterWork/tests/samePrefixMarkedMtx/depth4/node3/test1_3.mtx 3 0 -1 -1 
/home/antonkov/masterWork/tests/samePrefixMarkedMtx/depth4/node3/test1_3.mtx 3.1 0 -1 -1 
/home/antonkov/masterWork/tests/samePrefixMarkedMtx/depth4/node3/test1_3.mtx 3.2 0 -1 -1 
/home/antonkov/masterWork/tests/samePrefixMarkedMtx/depth4/node3/test1_3.mtx 3.3 0 -1 -1 
/home/antonkov/masterWork/tests/samePrefixMarkedMtx/depth4/node3/test1_3.mtx 3.4 0 -1 -1 
/home/antonkov/masterWork/tests/samePrefixMarkedMtx/depth4/node3/test1_3.mtx 3.5 0 -1 -1 
/home/antonkov/masterWork/tests/samePrefixMarkedMtx/depth4/node3/test1_4.mtx 1 108.489 0.0761458 0.765 
/home/antonkov/masterWork/tests/samePrefixMarkedMtx/depth4/node3/test1_4.mtx 1.1 100.459 0.0673785 0.71 
/home/antonkov/masterWork/tests/samePrefixMarkedMtx/depth4/node3/test1_4.mtx 1.2 93.9009 0.0582639 0.64 
/home/antonkov/masterWork/tests/samePrefixMarkedMtx/depth4/node3/test1_4.mtx 1.3 92.9869 0.048099 0.53 
/home/antonkov/masterWork/tests/samePrefixMarkedMtx/depth4/node3/test1_4.mtx 1.4 117.656 0.040625 0.453333 
/home/antonkov/masterWork/tests/samePrefixMarkedMtx/depth4/node3/test1_4.mtx 1.5 111.005 0.0319387 0.366667 
/home/antonkov/masterWork/tests/samePrefixMarkedMtx/depth4/node3/test1_4.mtx 1.6 122.814 0.0246137 0.28 
/home/antonkov/masterWork/tests/samePrefixMarkedMtx/depth4/node3/test1_4.mtx 1.7 128.714 0.0187431 0.216 
/home/antonkov/masterWork/tests/samePrefixMarkedMtx/depth4/node3/test1_4.mtx 1.8 160.094 0.0135615 0.161429 
/home/antonkov/masterWork/tests/samePrefixMarkedMtx/depth4/node3/test1_4.mtx 1.9 184.752 0.0105035 0.127778 
/home/antonkov/masterWork/tests/samePrefixMarkedMtx/depth4/node3/test1_4.mtx 2 210.817 0.0072459 0.0918182 
/home/antonkov/masterWork/tests/samePrefixMarkedMtx/depth4/node3/test1_4.mtx 2.1 279.638 0.00450368 0.0588235 
/home/antonkov/masterWork/tests/samePrefixMarkedMtx/depth4/node3/test1_4.mtx 2.2 385.133 0.00281918 0.0384615 
/home/antonkov/masterWork/tests/samePrefixMarkedMtx/depth4/node3/test1_4.mtx 2.3 567.996 0.00175939 0.0231818 
/home/antonkov/masterWork/tests/samePrefixMarkedMtx/depth4/node3/test1_4.mtx 2.4 844.573 0.000991868 0.0132895 
/home/antonkov/masterWork/tests/samePrefixMarkedMtx/depth4/node3/test1_4.mtx 2.5 1151.27 0.000616472 0.00877193 
/home/antonkov/masterWork/tests/samePrefixMarkedMtx/depth4/node3/test1_4.mtx 2.6 1994.17 0.00029566 0.00429185 
/home/antonkov/masterWork/tests/samePrefixMarkedMtx/depth4/node3/test1_4.mtx 2.7 3246.83 0.000156775 0.00232558 
/home/antonkov/masterWork/tests/samePrefixMarkedMtx/depth4/node3/test1_4.mtx 2.8 5191.53 8.31174e-05 0.00129534 
/home/antonkov/masterWork/tests/samePrefixMarkedMtx/depth4/node3/test1_4.mtx 2.9 8354.47 4.65293e-05 0.000718907 
/home/antonkov/masterWork/tests/samePrefixMarkedMtx/depth4/node3/test1_4.mtx 3 0 -1 -1 
/home/antonkov/masterWork/tests/samePrefixMarkedMtx/depth4/node3/test1_4.mtx 3.1 0 -1 -1 
/home/antonkov/masterWork/tests/samePrefixMarkedMtx/depth4/node3/test1_4.mtx 3.2 0 -1 -1 
/home/antonkov/masterWork/tests/samePrefixMarkedMtx/depth4/node3/test1_4.mtx 3.3 0 -1 -1 
/home/antonkov/masterWork/tests/samePrefixMarkedMtx/depth4/node3/test1_4.mtx 3.4 0 -1 -1 
/home/antonkov/masterWork/tests/samePrefixMarkedMtx/depth4/node3/test1_4.mtx 3.5 0 -1 -1 
