Results
Filename SNR Time(ms) BER FER
/home/antonkov/masterWork/tests/samePrefixMarkedMtx2304/depth4/node4/test0_00.mtx 1 432.447 0.0787717 0.88 
/home/antonkov/masterWork/tests/samePrefixMarkedMtx2304/depth4/node4/test0_00.mtx 1.1 390.373 0.0648568 0.77 
/home/antonkov/masterWork/tests/samePrefixMarkedMtx2304/depth4/node4/test0_00.mtx 1.2 370.214 0.0504297 0.6 
/home/antonkov/masterWork/tests/samePrefixMarkedMtx2304/depth4/node4/test0_00.mtx 1.3 358.076 0.04023 0.51 
/home/antonkov/masterWork/tests/samePrefixMarkedMtx2304/depth4/node4/test0_00.mtx 1.4 470.443 0.0316298 0.435 
/home/antonkov/masterWork/tests/samePrefixMarkedMtx2304/depth4/node4/test0_00.mtx 1.5 541.826 0.0187471 0.256667 
/home/antonkov/masterWork/tests/samePrefixMarkedMtx2304/depth4/node4/test0_00.mtx 1.6 582.408 0.0111046 0.165 
/home/antonkov/masterWork/tests/samePrefixMarkedMtx2304/depth4/node4/test0_00.mtx 1.7 811.398 0.00425076 0.065 
/home/antonkov/masterWork/tests/samePrefixMarkedMtx2304/depth4/node4/test0_00.mtx 1.8 1324.76 0.00173635 0.0277778 
/home/antonkov/masterWork/tests/samePrefixMarkedMtx2304/depth4/node4/test0_00.mtx 1.9 2754.42 0.000637207 0.010625 
/home/antonkov/masterWork/tests/samePrefixMarkedMtx2304/depth4/node4/test0_00.mtx 2 5696.7 0.000222955 0.00409836 
/home/antonkov/masterWork/tests/samePrefixMarkedMtx2304/depth4/node4/test0_00.mtx 2.1 0 -1 -1 
/home/antonkov/masterWork/tests/samePrefixMarkedMtx2304/depth4/node4/test0_00.mtx 2.2 0 -1 -1 
/home/antonkov/masterWork/tests/samePrefixMarkedMtx2304/depth4/node4/test0_00.mtx 2.3 0 -1 -1 
/home/antonkov/masterWork/tests/samePrefixMarkedMtx2304/depth4/node4/test0_00.mtx 2.4 0 -1 -1 
/home/antonkov/masterWork/tests/samePrefixMarkedMtx2304/depth4/node4/test0_00.mtx 2.5 0 -1 -1 
/home/antonkov/masterWork/tests/samePrefixMarkedMtx2304/depth4/node4/test0_00.mtx 2.6 0 -1 -1 
/home/antonkov/masterWork/tests/samePrefixMarkedMtx2304/depth4/node4/test0_00.mtx 2.7 0 -1 -1 
/home/antonkov/masterWork/tests/samePrefixMarkedMtx2304/depth4/node4/test0_00.mtx 2.8 0 -1 -1 
/home/antonkov/masterWork/tests/samePrefixMarkedMtx2304/depth4/node4/test0_00.mtx 2.9 0 -1 -1 
/home/antonkov/masterWork/tests/samePrefixMarkedMtx2304/depth4/node4/test0_00.mtx 3 0 -1 -1 
/home/antonkov/masterWork/tests/samePrefixMarkedMtx2304/depth4/node4/test0_00.mtx 3.1 0 -1 -1 
/home/antonkov/masterWork/tests/samePrefixMarkedMtx2304/depth4/node4/test0_00.mtx 3.2 0 -1 -1 
/home/antonkov/masterWork/tests/samePrefixMarkedMtx2304/depth4/node4/test0_00.mtx 3.3 0 -1 -1 
/home/antonkov/masterWork/tests/samePrefixMarkedMtx2304/depth4/node4/test0_00.mtx 3.4 0 -1 -1 
/home/antonkov/masterWork/tests/samePrefixMarkedMtx2304/depth4/node4/test0_00.mtx 3.5 0 -1 -1 
/home/antonkov/masterWork/tests/samePrefixMarkedMtx2304/depth4/node4/test0_01.mtx 1 450.028 0.0875434 0.96 
/home/antonkov/masterWork/tests/samePrefixMarkedMtx2304/depth4/node4/test0_01.mtx 1.1 403.832 0.0718186 0.82 
/home/antonkov/masterWork/tests/samePrefixMarkedMtx2304/depth4/node4/test0_01.mtx 1.2 382.215 0.0588021 0.7 
/home/antonkov/masterWork/tests/samePrefixMarkedMtx2304/depth4/node4/test0_01.mtx 1.3 369.792 0.0428299 0.55 
/home/antonkov/masterWork/tests/samePrefixMarkedMtx2304/depth4/node4/test0_01.mtx 1.4 468.688 0.0262543 0.355 
/home/antonkov/masterWork/tests/samePrefixMarkedMtx2304/depth4/node4/test0_01.mtx 1.5 527.429 0.0159144 0.24 
/home/antonkov/masterWork/tests/samePrefixMarkedMtx2304/depth4/node4/test0_01.mtx 1.6 547.301 0.00822917 0.125 
/home/antonkov/masterWork/tests/samePrefixMarkedMtx2304/depth4/node4/test0_01.mtx 1.7 890.069 0.00375193 0.0555556 
/home/antonkov/masterWork/tests/samePrefixMarkedMtx2304/depth4/node4/test0_01.mtx 1.8 1487.05 0.00143105 0.0238095 
/home/antonkov/masterWork/tests/samePrefixMarkedMtx2304/depth4/node4/test0_01.mtx 1.9 3062.9 0.000523003 0.00892857 
/home/antonkov/masterWork/tests/samePrefixMarkedMtx2304/depth4/node4/test0_01.mtx 2 0 -1 -1 
/home/antonkov/masterWork/tests/samePrefixMarkedMtx2304/depth4/node4/test0_01.mtx 2.1 0 -1 -1 
/home/antonkov/masterWork/tests/samePrefixMarkedMtx2304/depth4/node4/test0_01.mtx 2.2 0 -1 -1 
/home/antonkov/masterWork/tests/samePrefixMarkedMtx2304/depth4/node4/test0_01.mtx 2.3 0 -1 -1 
/home/antonkov/masterWork/tests/samePrefixMarkedMtx2304/depth4/node4/test0_01.mtx 2.4 0 -1 -1 
/home/antonkov/masterWork/tests/samePrefixMarkedMtx2304/depth4/node4/test0_01.mtx 2.5 0 -1 -1 
/home/antonkov/masterWork/tests/samePrefixMarkedMtx2304/depth4/node4/test0_01.mtx 2.6 0 -1 -1 
/home/antonkov/masterWork/tests/samePrefixMarkedMtx2304/depth4/node4/test0_01.mtx 2.7 0 -1 -1 
/home/antonkov/masterWork/tests/samePrefixMarkedMtx2304/depth4/node4/test0_01.mtx 2.8 0 -1 -1 
/home/antonkov/masterWork/tests/samePrefixMarkedMtx2304/depth4/node4/test0_01.mtx 2.9 0 -1 -1 
/home/antonkov/masterWork/tests/samePrefixMarkedMtx2304/depth4/node4/test0_01.mtx 3 0 -1 -1 
/home/antonkov/masterWork/tests/samePrefixMarkedMtx2304/depth4/node4/test0_01.mtx 3.1 0 -1 -1 
/home/antonkov/masterWork/tests/samePrefixMarkedMtx2304/depth4/node4/test0_01.mtx 3.2 0 -1 -1 
/home/antonkov/masterWork/tests/samePrefixMarkedMtx2304/depth4/node4/test0_01.mtx 3.3 0 -1 -1 
/home/antonkov/masterWork/tests/samePrefixMarkedMtx2304/depth4/node4/test0_01.mtx 3.4 0 -1 -1 
/home/antonkov/masterWork/tests/samePrefixMarkedMtx2304/depth4/node4/test0_01.mtx 3.5 0 -1 -1 
/home/antonkov/masterWork/tests/samePrefixMarkedMtx2304/depth4/node4/test0_02.mtx 1 388.989 0.0847092 0.92 
/home/antonkov/masterWork/tests/samePrefixMarkedMtx2304/depth4/node4/test0_02.mtx 1.1 389.34 0.0719184 0.83 
/home/antonkov/masterWork/tests/samePrefixMarkedMtx2304/depth4/node4/test0_02.mtx 1.2 376.512 0.0590061 0.71 
/home/antonkov/masterWork/tests/samePrefixMarkedMtx2304/depth4/node4/test0_02.mtx 1.3 361.622 0.045816 0.58 
/home/antonkov/masterWork/tests/samePrefixMarkedMtx2304/depth4/node4/test0_02.mtx 1.4 468.018 0.0329861 0.445 
/home/antonkov/masterWork/tests/samePrefixMarkedMtx2304/depth4/node4/test0_02.mtx 1.5 434.493 0.0228234 0.325 
/home/antonkov/masterWork/tests/samePrefixMarkedMtx2304/depth4/node4/test0_02.mtx 1.6 552.301 0.010395 0.1525 
/home/antonkov/masterWork/tests/samePrefixMarkedMtx2304/depth4/node4/test0_02.mtx 1.7 866.292 0.00413146 0.06 
/home/antonkov/masterWork/tests/samePrefixMarkedMtx2304/depth4/node4/test0_02.mtx 1.8 1264.72 0.00205423 0.0305882 
/home/antonkov/masterWork/tests/samePrefixMarkedMtx2304/depth4/node4/test0_02.mtx 1.9 2517.72 0.000694839 0.0113636 
/home/antonkov/masterWork/tests/samePrefixMarkedMtx2304/depth4/node4/test0_02.mtx 2 7014.39 0.000191329 0.00316456 
/home/antonkov/masterWork/tests/samePrefixMarkedMtx2304/depth4/node4/test0_02.mtx 2.1 0 -1 -1 
/home/antonkov/masterWork/tests/samePrefixMarkedMtx2304/depth4/node4/test0_02.mtx 2.2 0 -1 -1 
/home/antonkov/masterWork/tests/samePrefixMarkedMtx2304/depth4/node4/test0_02.mtx 2.3 0 -1 -1 
/home/antonkov/masterWork/tests/samePrefixMarkedMtx2304/depth4/node4/test0_02.mtx 2.4 0 -1 -1 
/home/antonkov/masterWork/tests/samePrefixMarkedMtx2304/depth4/node4/test0_02.mtx 2.5 0 -1 -1 
/home/antonkov/masterWork/tests/samePrefixMarkedMtx2304/depth4/node4/test0_02.mtx 2.6 0 -1 -1 
/home/antonkov/masterWork/tests/samePrefixMarkedMtx2304/depth4/node4/test0_02.mtx 2.7 0 -1 -1 
/home/antonkov/masterWork/tests/samePrefixMarkedMtx2304/depth4/node4/test0_02.mtx 2.8 0 -1 -1 
/home/antonkov/masterWork/tests/samePrefixMarkedMtx2304/depth4/node4/test0_02.mtx 2.9 0 -1 -1 
/home/antonkov/masterWork/tests/samePrefixMarkedMtx2304/depth4/node4/test0_02.mtx 3 0 -1 -1 
/home/antonkov/masterWork/tests/samePrefixMarkedMtx2304/depth4/node4/test0_02.mtx 3.1 0 -1 -1 
/home/antonkov/masterWork/tests/samePrefixMarkedMtx2304/depth4/node4/test0_02.mtx 3.2 0 -1 -1 
/home/antonkov/masterWork/tests/samePrefixMarkedMtx2304/depth4/node4/test0_02.mtx 3.3 0 -1 -1 
/home/antonkov/masterWork/tests/samePrefixMarkedMtx2304/depth4/node4/test0_02.mtx 3.4 0 -1 -1 
/home/antonkov/masterWork/tests/samePrefixMarkedMtx2304/depth4/node4/test0_02.mtx 3.5 0 -1 -1 
/home/antonkov/masterWork/tests/samePrefixMarkedMtx2304/depth4/node4/test0_03.mtx 1 439.219 0.082908 0.91 
/home/antonkov/masterWork/tests/samePrefixMarkedMtx2304/depth4/node4/test0_03.mtx 1.1 391.921 0.0727691 0.85 
/home/antonkov/masterWork/tests/samePrefixMarkedMtx2304/depth4/node4/test0_03.mtx 1.2 371.227 0.0566884 0.7 
/home/antonkov/masterWork/tests/samePrefixMarkedMtx2304/depth4/node4/test0_03.mtx 1.3 350.033 0.0419227 0.53 
/home/antonkov/masterWork/tests/samePrefixMarkedMtx2304/depth4/node4/test0_03.mtx 1.4 453.415 0.0275608 0.37 
/home/antonkov/masterWork/tests/samePrefixMarkedMtx2304/depth4/node4/test0_03.mtx 1.5 538.221 0.0162297 0.236667 
/home/antonkov/masterWork/tests/samePrefixMarkedMtx2304/depth4/node4/test0_03.mtx 1.6 732.997 0.007602 0.106667 
/home/antonkov/masterWork/tests/samePrefixMarkedMtx2304/depth4/node4/test0_03.mtx 1.7 929.291 0.00359288 0.055 
/home/antonkov/masterWork/tests/samePrefixMarkedMtx2304/depth4/node4/test0_03.mtx 1.8 1501.36 0.00148458 0.0247619 
/home/antonkov/masterWork/tests/samePrefixMarkedMtx2304/depth4/node4/test0_03.mtx 1.9 2611.54 0.000704309 0.0115909 
/home/antonkov/masterWork/tests/samePrefixMarkedMtx2304/depth4/node4/test0_03.mtx 2 6750.08 0.000200327 0.00337838 
/home/antonkov/masterWork/tests/samePrefixMarkedMtx2304/depth4/node4/test0_03.mtx 2.1 0 -1 -1 
/home/antonkov/masterWork/tests/samePrefixMarkedMtx2304/depth4/node4/test0_03.mtx 2.2 0 -1 -1 
/home/antonkov/masterWork/tests/samePrefixMarkedMtx2304/depth4/node4/test0_03.mtx 2.3 0 -1 -1 
/home/antonkov/masterWork/tests/samePrefixMarkedMtx2304/depth4/node4/test0_03.mtx 2.4 0 -1 -1 
/home/antonkov/masterWork/tests/samePrefixMarkedMtx2304/depth4/node4/test0_03.mtx 2.5 0 -1 -1 
/home/antonkov/masterWork/tests/samePrefixMarkedMtx2304/depth4/node4/test0_03.mtx 2.6 0 -1 -1 
/home/antonkov/masterWork/tests/samePrefixMarkedMtx2304/depth4/node4/test0_03.mtx 2.7 0 -1 -1 
/home/antonkov/masterWork/tests/samePrefixMarkedMtx2304/depth4/node4/test0_03.mtx 2.8 0 -1 -1 
/home/antonkov/masterWork/tests/samePrefixMarkedMtx2304/depth4/node4/test0_03.mtx 2.9 0 -1 -1 
/home/antonkov/masterWork/tests/samePrefixMarkedMtx2304/depth4/node4/test0_03.mtx 3 0 -1 -1 
/home/antonkov/masterWork/tests/samePrefixMarkedMtx2304/depth4/node4/test0_03.mtx 3.1 0 -1 -1 
/home/antonkov/masterWork/tests/samePrefixMarkedMtx2304/depth4/node4/test0_03.mtx 3.2 0 -1 -1 
/home/antonkov/masterWork/tests/samePrefixMarkedMtx2304/depth4/node4/test0_03.mtx 3.3 0 -1 -1 
/home/antonkov/masterWork/tests/samePrefixMarkedMtx2304/depth4/node4/test0_03.mtx 3.4 0 -1 -1 
/home/antonkov/masterWork/tests/samePrefixMarkedMtx2304/depth4/node4/test0_03.mtx 3.5 0 -1 -1 
/home/antonkov/masterWork/tests/samePrefixMarkedMtx2304/depth4/node4/test0_04.mtx 1 389.803 0.0822917 0.92 
/home/antonkov/masterWork/tests/samePrefixMarkedMtx2304/depth4/node4/test0_04.mtx 1.1 388.556 0.0673611 0.79 
/home/antonkov/masterWork/tests/samePrefixMarkedMtx2304/depth4/node4/test0_04.mtx 1.2 365.761 0.0544878 0.68 
/home/antonkov/masterWork/tests/samePrefixMarkedMtx2304/depth4/node4/test0_04.mtx 1.3 349.989 0.0382248 0.5 
/home/antonkov/masterWork/tests/samePrefixMarkedMtx2304/depth4/node4/test0_04.mtx 1.4 453.959 0.0280425 0.385 
/home/antonkov/masterWork/tests/samePrefixMarkedMtx2304/depth4/node4/test0_04.mtx 1.5 541.818 0.0167028 0.243333 
/home/antonkov/masterWork/tests/samePrefixMarkedMtx2304/depth4/node4/test0_04.mtx 1.6 640.137 0.00861024 0.114 
/home/antonkov/masterWork/tests/samePrefixMarkedMtx2304/depth4/node4/test0_04.mtx 1.7 724.667 0.00518725 0.0757143 
/home/antonkov/masterWork/tests/samePrefixMarkedMtx2304/depth4/node4/test0_04.mtx 1.8 1112.25 0.00239986 0.0385714 
/home/antonkov/masterWork/tests/samePrefixMarkedMtx2304/depth4/node4/test0_04.mtx 1.9 2123.86 0.000816964 0.0142857 
/home/antonkov/masterWork/tests/samePrefixMarkedMtx2304/depth4/node4/test0_04.mtx 2 4727.63 0.000312813 0.00525773 
/home/antonkov/masterWork/tests/samePrefixMarkedMtx2304/depth4/node4/test0_04.mtx 2.1 0 -1 -1 
/home/antonkov/masterWork/tests/samePrefixMarkedMtx2304/depth4/node4/test0_04.mtx 2.2 0 -1 -1 
/home/antonkov/masterWork/tests/samePrefixMarkedMtx2304/depth4/node4/test0_04.mtx 2.3 0 -1 -1 
/home/antonkov/masterWork/tests/samePrefixMarkedMtx2304/depth4/node4/test0_04.mtx 2.4 0 -1 -1 
/home/antonkov/masterWork/tests/samePrefixMarkedMtx2304/depth4/node4/test0_04.mtx 2.5 0 -1 -1 
/home/antonkov/masterWork/tests/samePrefixMarkedMtx2304/depth4/node4/test0_04.mtx 2.6 0 -1 -1 
/home/antonkov/masterWork/tests/samePrefixMarkedMtx2304/depth4/node4/test0_04.mtx 2.7 0 -1 -1 
/home/antonkov/masterWork/tests/samePrefixMarkedMtx2304/depth4/node4/test0_04.mtx 2.8 0 -1 -1 
/home/antonkov/masterWork/tests/samePrefixMarkedMtx2304/depth4/node4/test0_04.mtx 2.9 0 -1 -1 
/home/antonkov/masterWork/tests/samePrefixMarkedMtx2304/depth4/node4/test0_04.mtx 3 0 -1 -1 
/home/antonkov/masterWork/tests/samePrefixMarkedMtx2304/depth4/node4/test0_04.mtx 3.1 0 -1 -1 
/home/antonkov/masterWork/tests/samePrefixMarkedMtx2304/depth4/node4/test0_04.mtx 3.2 0 -1 -1 
/home/antonkov/masterWork/tests/samePrefixMarkedMtx2304/depth4/node4/test0_04.mtx 3.3 0 -1 -1 
/home/antonkov/masterWork/tests/samePrefixMarkedMtx2304/depth4/node4/test0_04.mtx 3.4 0 -1 -1 
/home/antonkov/masterWork/tests/samePrefixMarkedMtx2304/depth4/node4/test0_04.mtx 3.5 0 -1 -1 
/home/antonkov/masterWork/tests/samePrefixMarkedMtx2304/depth4/node4/test0_05.mtx 1 455.278 0.0885069 0.95 
/home/antonkov/masterWork/tests/samePrefixMarkedMtx2304/depth4/node4/test0_05.mtx 1.1 398.676 0.0771137 0.9 
/home/antonkov/masterWork/tests/samePrefixMarkedMtx2304/depth4/node4/test0_05.mtx 1.2 381.139 0.0624696 0.75 
/home/antonkov/masterWork/tests/samePrefixMarkedMtx2304/depth4/node4/test0_05.mtx 1.3 354.97 0.046671 0.59 
/home/antonkov/masterWork/tests/samePrefixMarkedMtx2304/depth4/node4/test0_05.mtx 1.4 469.751 0.0340104 0.47 
/home/antonkov/masterWork/tests/samePrefixMarkedMtx2304/depth4/node4/test0_05.mtx 1.5 432.587 0.0195942 0.275 
/home/antonkov/masterWork/tests/samePrefixMarkedMtx2304/depth4/node4/test0_05.mtx 1.6 570.102 0.00931966 0.1375 
/home/antonkov/masterWork/tests/samePrefixMarkedMtx2304/depth4/node4/test0_05.mtx 1.7 721.762 0.00505766 0.0742857 
/home/antonkov/masterWork/tests/samePrefixMarkedMtx2304/depth4/node4/test0_05.mtx 1.8 1388.83 0.00165479 0.0263158 
/home/antonkov/masterWork/tests/samePrefixMarkedMtx2304/depth4/node4/test0_05.mtx 1.9 3056.88 0.00055232 0.00909091 
/home/antonkov/masterWork/tests/samePrefixMarkedMtx2304/depth4/node4/test0_05.mtx 2 0 -1 -1 
/home/antonkov/masterWork/tests/samePrefixMarkedMtx2304/depth4/node4/test0_05.mtx 2.1 0 -1 -1 
/home/antonkov/masterWork/tests/samePrefixMarkedMtx2304/depth4/node4/test0_05.mtx 2.2 0 -1 -1 
/home/antonkov/masterWork/tests/samePrefixMarkedMtx2304/depth4/node4/test0_05.mtx 2.3 0 -1 -1 
/home/antonkov/masterWork/tests/samePrefixMarkedMtx2304/depth4/node4/test0_05.mtx 2.4 0 -1 -1 
/home/antonkov/masterWork/tests/samePrefixMarkedMtx2304/depth4/node4/test0_05.mtx 2.5 0 -1 -1 
/home/antonkov/masterWork/tests/samePrefixMarkedMtx2304/depth4/node4/test0_05.mtx 2.6 0 -1 -1 
/home/antonkov/masterWork/tests/samePrefixMarkedMtx2304/depth4/node4/test0_05.mtx 2.7 0 -1 -1 
/home/antonkov/masterWork/tests/samePrefixMarkedMtx2304/depth4/node4/test0_05.mtx 2.8 0 -1 -1 
/home/antonkov/masterWork/tests/samePrefixMarkedMtx2304/depth4/node4/test0_05.mtx 2.9 0 -1 -1 
/home/antonkov/masterWork/tests/samePrefixMarkedMtx2304/depth4/node4/test0_05.mtx 3 0 -1 -1 
/home/antonkov/masterWork/tests/samePrefixMarkedMtx2304/depth4/node4/test0_05.mtx 3.1 0 -1 -1 
/home/antonkov/masterWork/tests/samePrefixMarkedMtx2304/depth4/node4/test0_05.mtx 3.2 0 -1 -1 
/home/antonkov/masterWork/tests/samePrefixMarkedMtx2304/depth4/node4/test0_05.mtx 3.3 0 -1 -1 
/home/antonkov/masterWork/tests/samePrefixMarkedMtx2304/depth4/node4/test0_05.mtx 3.4 0 -1 -1 
/home/antonkov/masterWork/tests/samePrefixMarkedMtx2304/depth4/node4/test0_05.mtx 3.5 0 -1 -1 
/home/antonkov/masterWork/tests/samePrefixMarkedMtx2304/depth4/node4/test0_06.mtx 1 393.178 0.0859852 0.93 
/home/antonkov/masterWork/tests/samePrefixMarkedMtx2304/depth4/node4/test0_06.mtx 1.1 391.096 0.0740929 0.86 
/home/antonkov/masterWork/tests/samePrefixMarkedMtx2304/depth4/node4/test0_06.mtx 1.2 386.077 0.0593359 0.71 
/home/antonkov/masterWork/tests/samePrefixMarkedMtx2304/depth4/node4/test0_06.mtx 1.3 351.629 0.0468967 0.59 
/home/antonkov/masterWork/tests/samePrefixMarkedMtx2304/depth4/node4/test0_06.mtx 1.4 457.102 0.0300391 0.39 
/home/antonkov/masterWork/tests/samePrefixMarkedMtx2304/depth4/node4/test0_06.mtx 1.5 441.54 0.019987 0.275 
/home/antonkov/masterWork/tests/samePrefixMarkedMtx2304/depth4/node4/test0_06.mtx 1.6 549.811 0.00909288 0.1275 
/home/antonkov/masterWork/tests/samePrefixMarkedMtx2304/depth4/node4/test0_06.mtx 1.7 803.197 0.00447971 0.06625 
/home/antonkov/masterWork/tests/samePrefixMarkedMtx2304/depth4/node4/test0_06.mtx 1.8 1264.34 0.00200266 0.0305882 
/home/antonkov/masterWork/tests/samePrefixMarkedMtx2304/depth4/node4/test0_06.mtx 1.9 3148.47 0.000526163 0.00877193 
/home/antonkov/masterWork/tests/samePrefixMarkedMtx2304/depth4/node4/test0_06.mtx 2 0 -1 -1 
/home/antonkov/masterWork/tests/samePrefixMarkedMtx2304/depth4/node4/test0_06.mtx 2.1 0 -1 -1 
/home/antonkov/masterWork/tests/samePrefixMarkedMtx2304/depth4/node4/test0_06.mtx 2.2 0 -1 -1 
/home/antonkov/masterWork/tests/samePrefixMarkedMtx2304/depth4/node4/test0_06.mtx 2.3 0 -1 -1 
/home/antonkov/masterWork/tests/samePrefixMarkedMtx2304/depth4/node4/test0_06.mtx 2.4 0 -1 -1 
/home/antonkov/masterWork/tests/samePrefixMarkedMtx2304/depth4/node4/test0_06.mtx 2.5 0 -1 -1 
/home/antonkov/masterWork/tests/samePrefixMarkedMtx2304/depth4/node4/test0_06.mtx 2.6 0 -1 -1 
/home/antonkov/masterWork/tests/samePrefixMarkedMtx2304/depth4/node4/test0_06.mtx 2.7 0 -1 -1 
/home/antonkov/masterWork/tests/samePrefixMarkedMtx2304/depth4/node4/test0_06.mtx 2.8 0 -1 -1 
/home/antonkov/masterWork/tests/samePrefixMarkedMtx2304/depth4/node4/test0_06.mtx 2.9 0 -1 -1 
/home/antonkov/masterWork/tests/samePrefixMarkedMtx2304/depth4/node4/test0_06.mtx 3 0 -1 -1 
/home/antonkov/masterWork/tests/samePrefixMarkedMtx2304/depth4/node4/test0_06.mtx 3.1 0 -1 -1 
/home/antonkov/masterWork/tests/samePrefixMarkedMtx2304/depth4/node4/test0_06.mtx 3.2 0 -1 -1 
/home/antonkov/masterWork/tests/samePrefixMarkedMtx2304/depth4/node4/test0_06.mtx 3.3 0 -1 -1 
/home/antonkov/masterWork/tests/samePrefixMarkedMtx2304/depth4/node4/test0_06.mtx 3.4 0 -1 -1 
/home/antonkov/masterWork/tests/samePrefixMarkedMtx2304/depth4/node4/test0_06.mtx 3.5 0 -1 -1 
/home/antonkov/masterWork/tests/samePrefixMarkedMtx2304/depth4/node4/test0_07.mtx 1 455.314 0.0866667 0.94 
/home/antonkov/masterWork/tests/samePrefixMarkedMtx2304/depth4/node4/test0_07.mtx 1.1 394.719 0.0758247 0.89 
/home/antonkov/masterWork/tests/samePrefixMarkedMtx2304/depth4/node4/test0_07.mtx 1.2 385.323 0.0593403 0.75 
/home/antonkov/masterWork/tests/samePrefixMarkedMtx2304/depth4/node4/test0_07.mtx 1.3 365.072 0.0407769 0.53 
/home/antonkov/masterWork/tests/samePrefixMarkedMtx2304/depth4/node4/test0_07.mtx 1.4 465.354 0.0312023 0.415 
/home/antonkov/masterWork/tests/samePrefixMarkedMtx2304/depth4/node4/test0_07.mtx 1.5 433.134 0.0211806 0.295 
/home/antonkov/masterWork/tests/samePrefixMarkedMtx2304/depth4/node4/test0_07.mtx 1.6 559.041 0.00985786 0.1375 
/home/antonkov/masterWork/tests/samePrefixMarkedMtx2304/depth4/node4/test0_07.mtx 1.7 827.922 0.0045204 0.06625 
/home/antonkov/masterWork/tests/samePrefixMarkedMtx2304/depth4/node4/test0_07.mtx 1.8 1306.72 0.00173418 0.0277778 
/home/antonkov/masterWork/tests/samePrefixMarkedMtx2304/depth4/node4/test0_07.mtx 1.9 2829.6 0.000585597 0.00980392 
/home/antonkov/masterWork/tests/samePrefixMarkedMtx2304/depth4/node4/test0_07.mtx 2 0 -1 -1 
/home/antonkov/masterWork/tests/samePrefixMarkedMtx2304/depth4/node4/test0_07.mtx 2.1 0 -1 -1 
/home/antonkov/masterWork/tests/samePrefixMarkedMtx2304/depth4/node4/test0_07.mtx 2.2 0 -1 -1 
/home/antonkov/masterWork/tests/samePrefixMarkedMtx2304/depth4/node4/test0_07.mtx 2.3 0 -1 -1 
/home/antonkov/masterWork/tests/samePrefixMarkedMtx2304/depth4/node4/test0_07.mtx 2.4 0 -1 -1 
/home/antonkov/masterWork/tests/samePrefixMarkedMtx2304/depth4/node4/test0_07.mtx 2.5 0 -1 -1 
/home/antonkov/masterWork/tests/samePrefixMarkedMtx2304/depth4/node4/test0_07.mtx 2.6 0 -1 -1 
/home/antonkov/masterWork/tests/samePrefixMarkedMtx2304/depth4/node4/test0_07.mtx 2.7 0 -1 -1 
/home/antonkov/masterWork/tests/samePrefixMarkedMtx2304/depth4/node4/test0_07.mtx 2.8 0 -1 -1 
/home/antonkov/masterWork/tests/samePrefixMarkedMtx2304/depth4/node4/test0_07.mtx 2.9 0 -1 -1 
/home/antonkov/masterWork/tests/samePrefixMarkedMtx2304/depth4/node4/test0_07.mtx 3 0 -1 -1 
/home/antonkov/masterWork/tests/samePrefixMarkedMtx2304/depth4/node4/test0_07.mtx 3.1 0 -1 -1 
/home/antonkov/masterWork/tests/samePrefixMarkedMtx2304/depth4/node4/test0_07.mtx 3.2 0 -1 -1 
/home/antonkov/masterWork/tests/samePrefixMarkedMtx2304/depth4/node4/test0_07.mtx 3.3 0 -1 -1 
/home/antonkov/masterWork/tests/samePrefixMarkedMtx2304/depth4/node4/test0_07.mtx 3.4 0 -1 -1 
/home/antonkov/masterWork/tests/samePrefixMarkedMtx2304/depth4/node4/test0_07.mtx 3.5 0 -1 -1 
/home/antonkov/masterWork/tests/samePrefixMarkedMtx2304/depth4/node4/test0_08.mtx 1 384.536 0.0844965 0.94 
/home/antonkov/masterWork/tests/samePrefixMarkedMtx2304/depth4/node4/test0_08.mtx 1.1 386.913 0.071454 0.83 
/home/antonkov/masterWork/tests/samePrefixMarkedMtx2304/depth4/node4/test0_08.mtx 1.2 370.212 0.0553993 0.66 
/home/antonkov/masterWork/tests/samePrefixMarkedMtx2304/depth4/node4/test0_08.mtx 1.3 347.219 0.0407075 0.5 
/home/antonkov/masterWork/tests/samePrefixMarkedMtx2304/depth4/node4/test0_08.mtx 1.4 455.717 0.0314974 0.415 
/home/antonkov/masterWork/tests/samePrefixMarkedMtx2304/depth4/node4/test0_08.mtx 1.5 429.557 0.0193707 0.27 
/home/antonkov/masterWork/tests/samePrefixMarkedMtx2304/depth4/node4/test0_08.mtx 1.6 652.515 0.00852778 0.12 
/home/antonkov/masterWork/tests/samePrefixMarkedMtx2304/depth4/node4/test0_08.mtx 1.7 808.459 0.00431586 0.0625 
/home/antonkov/masterWork/tests/samePrefixMarkedMtx2304/depth4/node4/test0_08.mtx 1.8 1320.22 0.00181014 0.0277778 
/home/antonkov/masterWork/tests/samePrefixMarkedMtx2304/depth4/node4/test0_08.mtx 1.9 2652.78 0.000603588 0.0111111 
/home/antonkov/masterWork/tests/samePrefixMarkedMtx2304/depth4/node4/test0_08.mtx 2 6355.32 0.000209791 0.00364964 
/home/antonkov/masterWork/tests/samePrefixMarkedMtx2304/depth4/node4/test0_08.mtx 2.1 0 -1 -1 
/home/antonkov/masterWork/tests/samePrefixMarkedMtx2304/depth4/node4/test0_08.mtx 2.2 0 -1 -1 
/home/antonkov/masterWork/tests/samePrefixMarkedMtx2304/depth4/node4/test0_08.mtx 2.3 0 -1 -1 
/home/antonkov/masterWork/tests/samePrefixMarkedMtx2304/depth4/node4/test0_08.mtx 2.4 0 -1 -1 
/home/antonkov/masterWork/tests/samePrefixMarkedMtx2304/depth4/node4/test0_08.mtx 2.5 0 -1 -1 
/home/antonkov/masterWork/tests/samePrefixMarkedMtx2304/depth4/node4/test0_08.mtx 2.6 0 -1 -1 
/home/antonkov/masterWork/tests/samePrefixMarkedMtx2304/depth4/node4/test0_08.mtx 2.7 0 -1 -1 
/home/antonkov/masterWork/tests/samePrefixMarkedMtx2304/depth4/node4/test0_08.mtx 2.8 0 -1 -1 
/home/antonkov/masterWork/tests/samePrefixMarkedMtx2304/depth4/node4/test0_08.mtx 2.9 0 -1 -1 
/home/antonkov/masterWork/tests/samePrefixMarkedMtx2304/depth4/node4/test0_08.mtx 3 0 -1 -1 
/home/antonkov/masterWork/tests/samePrefixMarkedMtx2304/depth4/node4/test0_08.mtx 3.1 0 -1 -1 
/home/antonkov/masterWork/tests/samePrefixMarkedMtx2304/depth4/node4/test0_08.mtx 3.2 0 -1 -1 
/home/antonkov/masterWork/tests/samePrefixMarkedMtx2304/depth4/node4/test0_08.mtx 3.3 0 -1 -1 
/home/antonkov/masterWork/tests/samePrefixMarkedMtx2304/depth4/node4/test0_08.mtx 3.4 0 -1 -1 
/home/antonkov/masterWork/tests/samePrefixMarkedMtx2304/depth4/node4/test0_08.mtx 3.5 0 -1 -1 
/home/antonkov/masterWork/tests/samePrefixMarkedMtx2304/depth4/node4/test0_09.mtx 1 434.191 0.0841493 0.93 
/home/antonkov/masterWork/tests/samePrefixMarkedMtx2304/depth4/node4/test0_09.mtx 1.1 395.448 0.0717578 0.84 
/home/antonkov/masterWork/tests/samePrefixMarkedMtx2304/depth4/node4/test0_09.mtx 1.2 367.932 0.0571094 0.71 
/home/antonkov/masterWork/tests/samePrefixMarkedMtx2304/depth4/node4/test0_09.mtx 1.3 350.752 0.0456337 0.59 
/home/antonkov/masterWork/tests/samePrefixMarkedMtx2304/depth4/node4/test0_09.mtx 1.4 456.221 0.0301042 0.41 
/home/antonkov/masterWork/tests/samePrefixMarkedMtx2304/depth4/node4/test0_09.mtx 1.5 418.365 0.0173372 0.255 
/home/antonkov/masterWork/tests/samePrefixMarkedMtx2304/depth4/node4/test0_09.mtx 1.6 545.671 0.00959744 0.14 
/home/antonkov/masterWork/tests/samePrefixMarkedMtx2304/depth4/node4/test0_09.mtx 1.7 706.864 0.00479663 0.0742857 
/home/antonkov/masterWork/tests/samePrefixMarkedMtx2304/depth4/node4/test0_09.mtx 1.8 1349.39 0.00180242 0.0283333 
/home/antonkov/masterWork/tests/samePrefixMarkedMtx2304/depth4/node4/test0_09.mtx 1.9 2595.01 0.000658758 0.0111111 
/home/antonkov/masterWork/tests/samePrefixMarkedMtx2304/depth4/node4/test0_09.mtx 2 6957.62 0.000185975 0.00335526 
/home/antonkov/masterWork/tests/samePrefixMarkedMtx2304/depth4/node4/test0_09.mtx 2.1 0 -1 -1 
/home/antonkov/masterWork/tests/samePrefixMarkedMtx2304/depth4/node4/test0_09.mtx 2.2 0 -1 -1 
/home/antonkov/masterWork/tests/samePrefixMarkedMtx2304/depth4/node4/test0_09.mtx 2.3 0 -1 -1 
/home/antonkov/masterWork/tests/samePrefixMarkedMtx2304/depth4/node4/test0_09.mtx 2.4 0 -1 -1 
/home/antonkov/masterWork/tests/samePrefixMarkedMtx2304/depth4/node4/test0_09.mtx 2.5 0 -1 -1 
/home/antonkov/masterWork/tests/samePrefixMarkedMtx2304/depth4/node4/test0_09.mtx 2.6 0 -1 -1 
/home/antonkov/masterWork/tests/samePrefixMarkedMtx2304/depth4/node4/test0_09.mtx 2.7 0 -1 -1 
/home/antonkov/masterWork/tests/samePrefixMarkedMtx2304/depth4/node4/test0_09.mtx 2.8 0 -1 -1 
/home/antonkov/masterWork/tests/samePrefixMarkedMtx2304/depth4/node4/test0_09.mtx 2.9 0 -1 -1 
/home/antonkov/masterWork/tests/samePrefixMarkedMtx2304/depth4/node4/test0_09.mtx 3 0 -1 -1 
/home/antonkov/masterWork/tests/samePrefixMarkedMtx2304/depth4/node4/test0_09.mtx 3.1 0 -1 -1 
/home/antonkov/masterWork/tests/samePrefixMarkedMtx2304/depth4/node4/test0_09.mtx 3.2 0 -1 -1 
/home/antonkov/masterWork/tests/samePrefixMarkedMtx2304/depth4/node4/test0_09.mtx 3.3 0 -1 -1 
/home/antonkov/masterWork/tests/samePrefixMarkedMtx2304/depth4/node4/test0_09.mtx 3.4 0 -1 -1 
/home/antonkov/masterWork/tests/samePrefixMarkedMtx2304/depth4/node4/test0_09.mtx 3.5 0 -1 -1 
/home/antonkov/masterWork/tests/samePrefixMarkedMtx2304/depth4/node4/test0_10.mtx 1 390.964 0.0858811 0.95 
/home/antonkov/masterWork/tests/samePrefixMarkedMtx2304/depth4/node4/test0_10.mtx 1.1 382.814 0.0719141 0.83 
/home/antonkov/masterWork/tests/samePrefixMarkedMtx2304/depth4/node4/test0_10.mtx 1.2 381.5 0.0577734 0.72 
/home/antonkov/masterWork/tests/samePrefixMarkedMtx2304/depth4/node4/test0_10.mtx 1.3 483.953 0.0420399 0.53 
/home/antonkov/masterWork/tests/samePrefixMarkedMtx2304/depth4/node4/test0_10.mtx 1.4 459.263 0.0271398 0.345 
/home/antonkov/masterWork/tests/samePrefixMarkedMtx2304/depth4/node4/test0_10.mtx 1.5 415.624 0.0185634 0.255 
/home/antonkov/masterWork/tests/samePrefixMarkedMtx2304/depth4/node4/test0_10.mtx 1.6 569.139 0.00902127 0.1375 
/home/antonkov/masterWork/tests/samePrefixMarkedMtx2304/depth4/node4/test0_10.mtx 1.7 794.57 0.00416124 0.06375 
/home/antonkov/masterWork/tests/samePrefixMarkedMtx2304/depth4/node4/test0_10.mtx 1.8 1254.33 0.00185483 0.0294118 
/home/antonkov/masterWork/tests/samePrefixMarkedMtx2304/depth4/node4/test0_10.mtx 1.9 3082.39 0.000552533 0.00910714 
/home/antonkov/masterWork/tests/samePrefixMarkedMtx2304/depth4/node4/test0_10.mtx 2 0 -1 -1 
/home/antonkov/masterWork/tests/samePrefixMarkedMtx2304/depth4/node4/test0_10.mtx 2.1 0 -1 -1 
/home/antonkov/masterWork/tests/samePrefixMarkedMtx2304/depth4/node4/test0_10.mtx 2.2 0 -1 -1 
/home/antonkov/masterWork/tests/samePrefixMarkedMtx2304/depth4/node4/test0_10.mtx 2.3 0 -1 -1 
/home/antonkov/masterWork/tests/samePrefixMarkedMtx2304/depth4/node4/test0_10.mtx 2.4 0 -1 -1 
/home/antonkov/masterWork/tests/samePrefixMarkedMtx2304/depth4/node4/test0_10.mtx 2.5 0 -1 -1 
/home/antonkov/masterWork/tests/samePrefixMarkedMtx2304/depth4/node4/test0_10.mtx 2.6 0 -1 -1 
/home/antonkov/masterWork/tests/samePrefixMarkedMtx2304/depth4/node4/test0_10.mtx 2.7 0 -1 -1 
/home/antonkov/masterWork/tests/samePrefixMarkedMtx2304/depth4/node4/test0_10.mtx 2.8 0 -1 -1 
/home/antonkov/masterWork/tests/samePrefixMarkedMtx2304/depth4/node4/test0_10.mtx 2.9 0 -1 -1 
/home/antonkov/masterWork/tests/samePrefixMarkedMtx2304/depth4/node4/test0_10.mtx 3 0 -1 -1 
/home/antonkov/masterWork/tests/samePrefixMarkedMtx2304/depth4/node4/test0_10.mtx 3.1 0 -1 -1 
/home/antonkov/masterWork/tests/samePrefixMarkedMtx2304/depth4/node4/test0_10.mtx 3.2 0 -1 -1 
/home/antonkov/masterWork/tests/samePrefixMarkedMtx2304/depth4/node4/test0_10.mtx 3.3 0 -1 -1 
/home/antonkov/masterWork/tests/samePrefixMarkedMtx2304/depth4/node4/test0_10.mtx 3.4 0 -1 -1 
/home/antonkov/masterWork/tests/samePrefixMarkedMtx2304/depth4/node4/test0_10.mtx 3.5 0 -1 -1 
/home/antonkov/masterWork/tests/samePrefixMarkedMtx2304/depth4/node4/test0_11.mtx 1 445.575 0.0883377 0.96 
/home/antonkov/masterWork/tests/samePrefixMarkedMtx2304/depth4/node4/test0_11.mtx 1.1 399.035 0.0771832 0.87 
/home/antonkov/masterWork/tests/samePrefixMarkedMtx2304/depth4/node4/test0_11.mtx 1.2 385.751 0.0668924 0.81 
/home/antonkov/masterWork/tests/samePrefixMarkedMtx2304/depth4/node4/test0_11.mtx 1.3 357.615 0.0469965 0.63 
/home/antonkov/masterWork/tests/samePrefixMarkedMtx2304/depth4/node4/test0_11.mtx 1.4 482.952 0.0321115 0.425 
/home/antonkov/masterWork/tests/samePrefixMarkedMtx2304/depth4/node4/test0_11.mtx 1.5 429.697 0.0181315 0.26 
/home/antonkov/masterWork/tests/samePrefixMarkedMtx2304/depth4/node4/test0_11.mtx 1.6 641.166 0.00784462 0.124 
/home/antonkov/masterWork/tests/samePrefixMarkedMtx2304/depth4/node4/test0_11.mtx 1.7 862.991 0.00371287 0.0577778 
/home/antonkov/masterWork/tests/samePrefixMarkedMtx2304/depth4/node4/test0_11.mtx 1.8 1365.17 0.00179977 0.0277778 
/home/antonkov/masterWork/tests/samePrefixMarkedMtx2304/depth4/node4/test0_11.mtx 1.9 2533.04 0.000780644 0.0118605 
/home/antonkov/masterWork/tests/samePrefixMarkedMtx2304/depth4/node4/test0_11.mtx 2 6799.92 0.000198043 0.00331126 
/home/antonkov/masterWork/tests/samePrefixMarkedMtx2304/depth4/node4/test0_11.mtx 2.1 0 -1 -1 
/home/antonkov/masterWork/tests/samePrefixMarkedMtx2304/depth4/node4/test0_11.mtx 2.2 0 -1 -1 
/home/antonkov/masterWork/tests/samePrefixMarkedMtx2304/depth4/node4/test0_11.mtx 2.3 0 -1 -1 
/home/antonkov/masterWork/tests/samePrefixMarkedMtx2304/depth4/node4/test0_11.mtx 2.4 0 -1 -1 
/home/antonkov/masterWork/tests/samePrefixMarkedMtx2304/depth4/node4/test0_11.mtx 2.5 0 -1 -1 
/home/antonkov/masterWork/tests/samePrefixMarkedMtx2304/depth4/node4/test0_11.mtx 2.6 0 -1 -1 
/home/antonkov/masterWork/tests/samePrefixMarkedMtx2304/depth4/node4/test0_11.mtx 2.7 0 -1 -1 
/home/antonkov/masterWork/tests/samePrefixMarkedMtx2304/depth4/node4/test0_11.mtx 2.8 0 -1 -1 
/home/antonkov/masterWork/tests/samePrefixMarkedMtx2304/depth4/node4/test0_11.mtx 2.9 0 -1 -1 
/home/antonkov/masterWork/tests/samePrefixMarkedMtx2304/depth4/node4/test0_11.mtx 3 0 -1 -1 
/home/antonkov/masterWork/tests/samePrefixMarkedMtx2304/depth4/node4/test0_11.mtx 3.1 0 -1 -1 
/home/antonkov/masterWork/tests/samePrefixMarkedMtx2304/depth4/node4/test0_11.mtx 3.2 0 -1 -1 
/home/antonkov/masterWork/tests/samePrefixMarkedMtx2304/depth4/node4/test0_11.mtx 3.3 0 -1 -1 
/home/antonkov/masterWork/tests/samePrefixMarkedMtx2304/depth4/node4/test0_11.mtx 3.4 0 -1 -1 
/home/antonkov/masterWork/tests/samePrefixMarkedMtx2304/depth4/node4/test0_11.mtx 3.5 0 -1 -1 
/home/antonkov/masterWork/tests/samePrefixMarkedMtx2304/depth4/node4/test0_12.mtx 1 388.379 0.083303 0.9 
/home/antonkov/masterWork/tests/samePrefixMarkedMtx2304/depth4/node4/test0_12.mtx 1.1 385.968 0.0715278 0.81 
/home/antonkov/masterWork/tests/samePrefixMarkedMtx2304/depth4/node4/test0_12.mtx 1.2 373.575 0.0572266 0.68 
/home/antonkov/masterWork/tests/samePrefixMarkedMtx2304/depth4/node4/test0_12.mtx 1.3 349.995 0.0452344 0.57 
/home/antonkov/masterWork/tests/samePrefixMarkedMtx2304/depth4/node4/test0_12.mtx 1.4 469.238 0.0293924 0.39 
/home/antonkov/masterWork/tests/samePrefixMarkedMtx2304/depth4/node4/test0_12.mtx 1.5 516.267 0.0140278 0.196667 
/home/antonkov/masterWork/tests/samePrefixMarkedMtx2304/depth4/node4/test0_12.mtx 1.6 659.376 0.00732465 0.108 
/home/antonkov/masterWork/tests/samePrefixMarkedMtx2304/depth4/node4/test0_12.mtx 1.7 940.857 0.00355165 0.055 
/home/antonkov/masterWork/tests/samePrefixMarkedMtx2304/depth4/node4/test0_12.mtx 1.8 1698.43 0.00136753 0.0204 
/home/antonkov/masterWork/tests/samePrefixMarkedMtx2304/depth4/node4/test0_12.mtx 1.9 2975.27 0.000559333 0.00925926 
/home/antonkov/masterWork/tests/samePrefixMarkedMtx2304/depth4/node4/test0_12.mtx 2 0 -1 -1 
/home/antonkov/masterWork/tests/samePrefixMarkedMtx2304/depth4/node4/test0_12.mtx 2.1 0 -1 -1 
/home/antonkov/masterWork/tests/samePrefixMarkedMtx2304/depth4/node4/test0_12.mtx 2.2 0 -1 -1 
/home/antonkov/masterWork/tests/samePrefixMarkedMtx2304/depth4/node4/test0_12.mtx 2.3 0 -1 -1 
/home/antonkov/masterWork/tests/samePrefixMarkedMtx2304/depth4/node4/test0_12.mtx 2.4 0 -1 -1 
/home/antonkov/masterWork/tests/samePrefixMarkedMtx2304/depth4/node4/test0_12.mtx 2.5 0 -1 -1 
/home/antonkov/masterWork/tests/samePrefixMarkedMtx2304/depth4/node4/test0_12.mtx 2.6 0 -1 -1 
/home/antonkov/masterWork/tests/samePrefixMarkedMtx2304/depth4/node4/test0_12.mtx 2.7 0 -1 -1 
/home/antonkov/masterWork/tests/samePrefixMarkedMtx2304/depth4/node4/test0_12.mtx 2.8 0 -1 -1 
/home/antonkov/masterWork/tests/samePrefixMarkedMtx2304/depth4/node4/test0_12.mtx 2.9 0 -1 -1 
/home/antonkov/masterWork/tests/samePrefixMarkedMtx2304/depth4/node4/test0_12.mtx 3 0 -1 -1 
/home/antonkov/masterWork/tests/samePrefixMarkedMtx2304/depth4/node4/test0_12.mtx 3.1 0 -1 -1 
/home/antonkov/masterWork/tests/samePrefixMarkedMtx2304/depth4/node4/test0_12.mtx 3.2 0 -1 -1 
/home/antonkov/masterWork/tests/samePrefixMarkedMtx2304/depth4/node4/test0_12.mtx 3.3 0 -1 -1 
/home/antonkov/masterWork/tests/samePrefixMarkedMtx2304/depth4/node4/test0_12.mtx 3.4 0 -1 -1 
/home/antonkov/masterWork/tests/samePrefixMarkedMtx2304/depth4/node4/test0_12.mtx 3.5 0 -1 -1 
/home/antonkov/masterWork/tests/samePrefixMarkedMtx2304/depth4/node4/test0_13.mtx 1 442.979 0.0813455 0.9 
/home/antonkov/masterWork/tests/samePrefixMarkedMtx2304/depth4/node4/test0_13.mtx 1.1 392.869 0.0676432 0.78 
/home/antonkov/masterWork/tests/samePrefixMarkedMtx2304/depth4/node4/test0_13.mtx 1.2 370.876 0.0536632 0.65 
/home/antonkov/masterWork/tests/samePrefixMarkedMtx2304/depth4/node4/test0_13.mtx 1.3 472.388 0.0415017 0.525 
/home/antonkov/masterWork/tests/samePrefixMarkedMtx2304/depth4/node4/test0_13.mtx 1.4 448.866 0.0272678 0.37 
/home/antonkov/masterWork/tests/samePrefixMarkedMtx2304/depth4/node4/test0_13.mtx 1.5 514.606 0.0159592 0.226667 
/home/antonkov/masterWork/tests/samePrefixMarkedMtx2304/depth4/node4/test0_13.mtx 1.6 535.049 0.00931424 0.13 
/home/antonkov/masterWork/tests/samePrefixMarkedMtx2304/depth4/node4/test0_13.mtx 1.7 870.661 0.00379389 0.0566667 
/home/antonkov/masterWork/tests/samePrefixMarkedMtx2304/depth4/node4/test0_13.mtx 1.8 1570.43 0.00139512 0.0217391 
/home/antonkov/masterWork/tests/samePrefixMarkedMtx2304/depth4/node4/test0_13.mtx 1.9 3031.45 0.000588728 0.00892857 
/home/antonkov/masterWork/tests/samePrefixMarkedMtx2304/depth4/node4/test0_13.mtx 2 0 -1 -1 
/home/antonkov/masterWork/tests/samePrefixMarkedMtx2304/depth4/node4/test0_13.mtx 2.1 0 -1 -1 
/home/antonkov/masterWork/tests/samePrefixMarkedMtx2304/depth4/node4/test0_13.mtx 2.2 0 -1 -1 
/home/antonkov/masterWork/tests/samePrefixMarkedMtx2304/depth4/node4/test0_13.mtx 2.3 0 -1 -1 
/home/antonkov/masterWork/tests/samePrefixMarkedMtx2304/depth4/node4/test0_13.mtx 2.4 0 -1 -1 
/home/antonkov/masterWork/tests/samePrefixMarkedMtx2304/depth4/node4/test0_13.mtx 2.5 0 -1 -1 
/home/antonkov/masterWork/tests/samePrefixMarkedMtx2304/depth4/node4/test0_13.mtx 2.6 0 -1 -1 
/home/antonkov/masterWork/tests/samePrefixMarkedMtx2304/depth4/node4/test0_13.mtx 2.7 0 -1 -1 
/home/antonkov/masterWork/tests/samePrefixMarkedMtx2304/depth4/node4/test0_13.mtx 2.8 0 -1 -1 
/home/antonkov/masterWork/tests/samePrefixMarkedMtx2304/depth4/node4/test0_13.mtx 2.9 0 -1 -1 
/home/antonkov/masterWork/tests/samePrefixMarkedMtx2304/depth4/node4/test0_13.mtx 3 0 -1 -1 
/home/antonkov/masterWork/tests/samePrefixMarkedMtx2304/depth4/node4/test0_13.mtx 3.1 0 -1 -1 
/home/antonkov/masterWork/tests/samePrefixMarkedMtx2304/depth4/node4/test0_13.mtx 3.2 0 -1 -1 
/home/antonkov/masterWork/tests/samePrefixMarkedMtx2304/depth4/node4/test0_13.mtx 3.3 0 -1 -1 
/home/antonkov/masterWork/tests/samePrefixMarkedMtx2304/depth4/node4/test0_13.mtx 3.4 0 -1 -1 
/home/antonkov/masterWork/tests/samePrefixMarkedMtx2304/depth4/node4/test0_13.mtx 3.5 0 -1 -1 
/home/antonkov/masterWork/tests/samePrefixMarkedMtx2304/depth4/node4/test0_14.mtx 1 386.757 0.0828819 0.91 
/home/antonkov/masterWork/tests/samePrefixMarkedMtx2304/depth4/node4/test0_14.mtx 1.1 387.443 0.0746962 0.87 
/home/antonkov/masterWork/tests/samePrefixMarkedMtx2304/depth4/node4/test0_14.mtx 1.2 385.654 0.0567578 0.7 
/home/antonkov/masterWork/tests/samePrefixMarkedMtx2304/depth4/node4/test0_14.mtx 1.3 485.913 0.0405751 0.53 
/home/antonkov/masterWork/tests/samePrefixMarkedMtx2304/depth4/node4/test0_14.mtx 1.4 445.205 0.0277344 0.37 
/home/antonkov/masterWork/tests/samePrefixMarkedMtx2304/depth4/node4/test0_14.mtx 1.5 522.896 0.0177083 0.246667 
/home/antonkov/masterWork/tests/samePrefixMarkedMtx2304/depth4/node4/test0_14.mtx 1.6 623.916 0.00863976 0.126 
/home/antonkov/masterWork/tests/samePrefixMarkedMtx2304/depth4/node4/test0_14.mtx 1.7 741.804 0.00479167 0.0742857 
/home/antonkov/masterWork/tests/samePrefixMarkedMtx2304/depth4/node4/test0_14.mtx 1.8 1218.47 0.00207086 0.03125 
/home/antonkov/masterWork/tests/samePrefixMarkedMtx2304/depth4/node4/test0_14.mtx 1.9 2542.8 0.000593654 0.0111111 
/home/antonkov/masterWork/tests/samePrefixMarkedMtx2304/depth4/node4/test0_14.mtx 2 6482.17 0.000214798 0.0034965 
/home/antonkov/masterWork/tests/samePrefixMarkedMtx2304/depth4/node4/test0_14.mtx 2.1 0 -1 -1 
/home/antonkov/masterWork/tests/samePrefixMarkedMtx2304/depth4/node4/test0_14.mtx 2.2 0 -1 -1 
/home/antonkov/masterWork/tests/samePrefixMarkedMtx2304/depth4/node4/test0_14.mtx 2.3 0 -1 -1 
/home/antonkov/masterWork/tests/samePrefixMarkedMtx2304/depth4/node4/test0_14.mtx 2.4 0 -1 -1 
/home/antonkov/masterWork/tests/samePrefixMarkedMtx2304/depth4/node4/test0_14.mtx 2.5 0 -1 -1 
/home/antonkov/masterWork/tests/samePrefixMarkedMtx2304/depth4/node4/test0_14.mtx 2.6 0 -1 -1 
/home/antonkov/masterWork/tests/samePrefixMarkedMtx2304/depth4/node4/test0_14.mtx 2.7 0 -1 -1 
/home/antonkov/masterWork/tests/samePrefixMarkedMtx2304/depth4/node4/test0_14.mtx 2.8 0 -1 -1 
/home/antonkov/masterWork/tests/samePrefixMarkedMtx2304/depth4/node4/test0_14.mtx 2.9 0 -1 -1 
/home/antonkov/masterWork/tests/samePrefixMarkedMtx2304/depth4/node4/test0_14.mtx 3 0 -1 -1 
/home/antonkov/masterWork/tests/samePrefixMarkedMtx2304/depth4/node4/test0_14.mtx 3.1 0 -1 -1 
/home/antonkov/masterWork/tests/samePrefixMarkedMtx2304/depth4/node4/test0_14.mtx 3.2 0 -1 -1 
/home/antonkov/masterWork/tests/samePrefixMarkedMtx2304/depth4/node4/test0_14.mtx 3.3 0 -1 -1 
/home/antonkov/masterWork/tests/samePrefixMarkedMtx2304/depth4/node4/test0_14.mtx 3.4 0 -1 -1 
/home/antonkov/masterWork/tests/samePrefixMarkedMtx2304/depth4/node4/test0_14.mtx 3.5 0 -1 -1 
/home/antonkov/masterWork/tests/samePrefixMarkedMtx2304/depth4/node4/test1_00.mtx 1 501.007 0.0873177 0.93 
/home/antonkov/masterWork/tests/samePrefixMarkedMtx2304/depth4/node4/test1_00.mtx 1.1 458.419 0.0765451 0.85 
/home/antonkov/masterWork/tests/samePrefixMarkedMtx2304/depth4/node4/test1_00.mtx 1.2 442.42 0.0639106 0.79 
/home/antonkov/masterWork/tests/samePrefixMarkedMtx2304/depth4/node4/test1_00.mtx 1.3 421.053 0.0478385 0.59 
/home/antonkov/masterWork/tests/samePrefixMarkedMtx2304/depth4/node4/test1_00.mtx 1.4 520.163 0.029911 0.395 
/home/antonkov/masterWork/tests/samePrefixMarkedMtx2304/depth4/node4/test1_00.mtx 1.5 584.17 0.0178414 0.236667 
/home/antonkov/masterWork/tests/samePrefixMarkedMtx2304/depth4/node4/test1_00.mtx 1.6 626.942 0.00964627 0.135 
/home/antonkov/masterWork/tests/samePrefixMarkedMtx2304/depth4/node4/test1_00.mtx 1.7 832.369 0.00464464 0.06375 
/home/antonkov/masterWork/tests/samePrefixMarkedMtx2304/depth4/node4/test1_00.mtx 1.8 1345.1 0.0019143 0.0283333 
/home/antonkov/masterWork/tests/samePrefixMarkedMtx2304/depth4/node4/test1_00.mtx 1.9 2993.48 0.000587989 0.00909091 
/home/antonkov/masterWork/tests/samePrefixMarkedMtx2304/depth4/node4/test1_00.mtx 2 0 -1 -1 
/home/antonkov/masterWork/tests/samePrefixMarkedMtx2304/depth4/node4/test1_00.mtx 2.1 0 -1 -1 
/home/antonkov/masterWork/tests/samePrefixMarkedMtx2304/depth4/node4/test1_00.mtx 2.2 0 -1 -1 
/home/antonkov/masterWork/tests/samePrefixMarkedMtx2304/depth4/node4/test1_00.mtx 2.3 0 -1 -1 
/home/antonkov/masterWork/tests/samePrefixMarkedMtx2304/depth4/node4/test1_00.mtx 2.4 0 -1 -1 
/home/antonkov/masterWork/tests/samePrefixMarkedMtx2304/depth4/node4/test1_00.mtx 2.5 0 -1 -1 
/home/antonkov/masterWork/tests/samePrefixMarkedMtx2304/depth4/node4/test1_00.mtx 2.6 0 -1 -1 
/home/antonkov/masterWork/tests/samePrefixMarkedMtx2304/depth4/node4/test1_00.mtx 2.7 0 -1 -1 
/home/antonkov/masterWork/tests/samePrefixMarkedMtx2304/depth4/node4/test1_00.mtx 2.8 0 -1 -1 
/home/antonkov/masterWork/tests/samePrefixMarkedMtx2304/depth4/node4/test1_00.mtx 2.9 0 -1 -1 
/home/antonkov/masterWork/tests/samePrefixMarkedMtx2304/depth4/node4/test1_00.mtx 3 0 -1 -1 
/home/antonkov/masterWork/tests/samePrefixMarkedMtx2304/depth4/node4/test1_00.mtx 3.1 0 -1 -1 
/home/antonkov/masterWork/tests/samePrefixMarkedMtx2304/depth4/node4/test1_00.mtx 3.2 0 -1 -1 
/home/antonkov/masterWork/tests/samePrefixMarkedMtx2304/depth4/node4/test1_00.mtx 3.3 0 -1 -1 
/home/antonkov/masterWork/tests/samePrefixMarkedMtx2304/depth4/node4/test1_00.mtx 3.4 0 -1 -1 
/home/antonkov/masterWork/tests/samePrefixMarkedMtx2304/depth4/node4/test1_00.mtx 3.5 0 -1 -1 
/home/antonkov/masterWork/tests/samePrefixMarkedMtx2304/depth4/node4/test1_01.mtx 1 454.415 0.0855122 0.94 
/home/antonkov/masterWork/tests/samePrefixMarkedMtx2304/depth4/node4/test1_01.mtx 1.1 447.232 0.0742144 0.86 
/home/antonkov/masterWork/tests/samePrefixMarkedMtx2304/depth4/node4/test1_01.mtx 1.2 436.866 0.0615234 0.74 
/home/antonkov/masterWork/tests/samePrefixMarkedMtx2304/depth4/node4/test1_01.mtx 1.3 424.336 0.0482335 0.62 
/home/antonkov/masterWork/tests/samePrefixMarkedMtx2304/depth4/node4/test1_01.mtx 1.4 531.467 0.0321745 0.42 
/home/antonkov/masterWork/tests/samePrefixMarkedMtx2304/depth4/node4/test1_01.mtx 1.5 590.367 0.0169126 0.243333 
/home/antonkov/masterWork/tests/samePrefixMarkedMtx2304/depth4/node4/test1_01.mtx 1.6 700.455 0.00714583 0.106 
/home/antonkov/masterWork/tests/samePrefixMarkedMtx2304/depth4/node4/test1_01.mtx 1.7 967.557 0.00365017 0.054 
/home/antonkov/masterWork/tests/samePrefixMarkedMtx2304/depth4/node4/test1_01.mtx 1.8 1500.06 0.00168527 0.0252381 
/home/antonkov/masterWork/tests/samePrefixMarkedMtx2304/depth4/node4/test1_01.mtx 1.9 2964.55 0.00058823 0.00943396 
/home/antonkov/masterWork/tests/samePrefixMarkedMtx2304/depth4/node4/test1_01.mtx 2 0 -1 -1 
/home/antonkov/masterWork/tests/samePrefixMarkedMtx2304/depth4/node4/test1_01.mtx 2.1 0 -1 -1 
/home/antonkov/masterWork/tests/samePrefixMarkedMtx2304/depth4/node4/test1_01.mtx 2.2 0 -1 -1 
/home/antonkov/masterWork/tests/samePrefixMarkedMtx2304/depth4/node4/test1_01.mtx 2.3 0 -1 -1 
/home/antonkov/masterWork/tests/samePrefixMarkedMtx2304/depth4/node4/test1_01.mtx 2.4 0 -1 -1 
/home/antonkov/masterWork/tests/samePrefixMarkedMtx2304/depth4/node4/test1_01.mtx 2.5 0 -1 -1 
/home/antonkov/masterWork/tests/samePrefixMarkedMtx2304/depth4/node4/test1_01.mtx 2.6 0 -1 -1 
/home/antonkov/masterWork/tests/samePrefixMarkedMtx2304/depth4/node4/test1_01.mtx 2.7 0 -1 -1 
/home/antonkov/masterWork/tests/samePrefixMarkedMtx2304/depth4/node4/test1_01.mtx 2.8 0 -1 -1 
/home/antonkov/masterWork/tests/samePrefixMarkedMtx2304/depth4/node4/test1_01.mtx 2.9 0 -1 -1 
/home/antonkov/masterWork/tests/samePrefixMarkedMtx2304/depth4/node4/test1_01.mtx 3 0 -1 -1 
/home/antonkov/masterWork/tests/samePrefixMarkedMtx2304/depth4/node4/test1_01.mtx 3.1 0 -1 -1 
/home/antonkov/masterWork/tests/samePrefixMarkedMtx2304/depth4/node4/test1_01.mtx 3.2 0 -1 -1 
/home/antonkov/masterWork/tests/samePrefixMarkedMtx2304/depth4/node4/test1_01.mtx 3.3 0 -1 -1 
/home/antonkov/masterWork/tests/samePrefixMarkedMtx2304/depth4/node4/test1_01.mtx 3.4 0 -1 -1 
/home/antonkov/masterWork/tests/samePrefixMarkedMtx2304/depth4/node4/test1_01.mtx 3.5 0 -1 -1 
/home/antonkov/masterWork/tests/samePrefixMarkedMtx2304/depth4/node4/test1_02.mtx 1 513.828 0.0800564 0.87 
/home/antonkov/masterWork/tests/samePrefixMarkedMtx2304/depth4/node4/test1_02.mtx 1.1 466.441 0.0685721 0.78 
/home/antonkov/masterWork/tests/samePrefixMarkedMtx2304/depth4/node4/test1_02.mtx 1.2 429.453 0.0557595 0.69 
/home/antonkov/masterWork/tests/samePrefixMarkedMtx2304/depth4/node4/test1_02.mtx 1.3 413.022 0.0412196 0.54 
/home/antonkov/masterWork/tests/samePrefixMarkedMtx2304/depth4/node4/test1_02.mtx 1.4 525.792 0.0294423 0.4 
/home/antonkov/masterWork/tests/samePrefixMarkedMtx2304/depth4/node4/test1_02.mtx 1.5 590.756 0.0172338 0.246667 
/home/antonkov/masterWork/tests/samePrefixMarkedMtx2304/depth4/node4/test1_02.mtx 1.6 649.771 0.00902886 0.135 
/home/antonkov/masterWork/tests/samePrefixMarkedMtx2304/depth4/node4/test1_02.mtx 1.7 796.164 0.00483755 0.0728571 
/home/antonkov/masterWork/tests/samePrefixMarkedMtx2304/depth4/node4/test1_02.mtx 1.8 1780.59 0.00124201 0.0204 
/home/antonkov/masterWork/tests/samePrefixMarkedMtx2304/depth4/node4/test1_02.mtx 1.9 3485.6 0.000487351 0.00809524 
/home/antonkov/masterWork/tests/samePrefixMarkedMtx2304/depth4/node4/test1_02.mtx 2 0 -1 -1 
/home/antonkov/masterWork/tests/samePrefixMarkedMtx2304/depth4/node4/test1_02.mtx 2.1 0 -1 -1 
/home/antonkov/masterWork/tests/samePrefixMarkedMtx2304/depth4/node4/test1_02.mtx 2.2 0 -1 -1 
/home/antonkov/masterWork/tests/samePrefixMarkedMtx2304/depth4/node4/test1_02.mtx 2.3 0 -1 -1 
/home/antonkov/masterWork/tests/samePrefixMarkedMtx2304/depth4/node4/test1_02.mtx 2.4 0 -1 -1 
/home/antonkov/masterWork/tests/samePrefixMarkedMtx2304/depth4/node4/test1_02.mtx 2.5 0 -1 -1 
/home/antonkov/masterWork/tests/samePrefixMarkedMtx2304/depth4/node4/test1_02.mtx 2.6 0 -1 -1 
/home/antonkov/masterWork/tests/samePrefixMarkedMtx2304/depth4/node4/test1_02.mtx 2.7 0 -1 -1 
/home/antonkov/masterWork/tests/samePrefixMarkedMtx2304/depth4/node4/test1_02.mtx 2.8 0 -1 -1 
/home/antonkov/masterWork/tests/samePrefixMarkedMtx2304/depth4/node4/test1_02.mtx 2.9 0 -1 -1 
/home/antonkov/masterWork/tests/samePrefixMarkedMtx2304/depth4/node4/test1_02.mtx 3 0 -1 -1 
/home/antonkov/masterWork/tests/samePrefixMarkedMtx2304/depth4/node4/test1_02.mtx 3.1 0 -1 -1 
/home/antonkov/masterWork/tests/samePrefixMarkedMtx2304/depth4/node4/test1_02.mtx 3.2 0 -1 -1 
/home/antonkov/masterWork/tests/samePrefixMarkedMtx2304/depth4/node4/test1_02.mtx 3.3 0 -1 -1 
/home/antonkov/masterWork/tests/samePrefixMarkedMtx2304/depth4/node4/test1_02.mtx 3.4 0 -1 -1 
/home/antonkov/masterWork/tests/samePrefixMarkedMtx2304/depth4/node4/test1_02.mtx 3.5 0 -1 -1 
/home/antonkov/masterWork/tests/samePrefixMarkedMtx2304/depth4/node4/test1_03.mtx 1 457.528 0.0825087 0.9 
/home/antonkov/masterWork/tests/samePrefixMarkedMtx2304/depth4/node4/test1_03.mtx 1.1 454.653 0.0677387 0.77 
/home/antonkov/masterWork/tests/samePrefixMarkedMtx2304/depth4/node4/test1_03.mtx 1.2 438.895 0.055421 0.64 
/home/antonkov/masterWork/tests/samePrefixMarkedMtx2304/depth4/node4/test1_03.mtx 1.3 423.166 0.0445052 0.55 
/home/antonkov/masterWork/tests/samePrefixMarkedMtx2304/depth4/node4/test1_03.mtx 1.4 540.48 0.0334918 0.43 
/home/antonkov/masterWork/tests/samePrefixMarkedMtx2304/depth4/node4/test1_03.mtx 1.5 493.617 0.020714 0.29 
/home/antonkov/masterWork/tests/samePrefixMarkedMtx2304/depth4/node4/test1_03.mtx 1.6 640.387 0.00964084 0.1475 
/home/antonkov/masterWork/tests/samePrefixMarkedMtx2304/depth4/node4/test1_03.mtx 1.7 954.432 0.0039212 0.0588889 
/home/antonkov/masterWork/tests/samePrefixMarkedMtx2304/depth4/node4/test1_03.mtx 1.8 1390.44 0.00212722 0.03 
/home/antonkov/masterWork/tests/samePrefixMarkedMtx2304/depth4/node4/test1_03.mtx 1.9 2583.22 0.000648181 0.0113636 
/home/antonkov/masterWork/tests/samePrefixMarkedMtx2304/depth4/node4/test1_03.mtx 2 8529.81 0.000146992 0.00265957 
/home/antonkov/masterWork/tests/samePrefixMarkedMtx2304/depth4/node4/test1_03.mtx 2.1 0 -1 -1 
/home/antonkov/masterWork/tests/samePrefixMarkedMtx2304/depth4/node4/test1_03.mtx 2.2 0 -1 -1 
/home/antonkov/masterWork/tests/samePrefixMarkedMtx2304/depth4/node4/test1_03.mtx 2.3 0 -1 -1 
/home/antonkov/masterWork/tests/samePrefixMarkedMtx2304/depth4/node4/test1_03.mtx 2.4 0 -1 -1 
/home/antonkov/masterWork/tests/samePrefixMarkedMtx2304/depth4/node4/test1_03.mtx 2.5 0 -1 -1 
/home/antonkov/masterWork/tests/samePrefixMarkedMtx2304/depth4/node4/test1_03.mtx 2.6 0 -1 -1 
/home/antonkov/masterWork/tests/samePrefixMarkedMtx2304/depth4/node4/test1_03.mtx 2.7 0 -1 -1 
/home/antonkov/masterWork/tests/samePrefixMarkedMtx2304/depth4/node4/test1_03.mtx 2.8 0 -1 -1 
/home/antonkov/masterWork/tests/samePrefixMarkedMtx2304/depth4/node4/test1_03.mtx 2.9 0 -1 -1 
/home/antonkov/masterWork/tests/samePrefixMarkedMtx2304/depth4/node4/test1_03.mtx 3 0 -1 -1 
/home/antonkov/masterWork/tests/samePrefixMarkedMtx2304/depth4/node4/test1_03.mtx 3.1 0 -1 -1 
/home/antonkov/masterWork/tests/samePrefixMarkedMtx2304/depth4/node4/test1_03.mtx 3.2 0 -1 -1 
/home/antonkov/masterWork/tests/samePrefixMarkedMtx2304/depth4/node4/test1_03.mtx 3.3 0 -1 -1 
/home/antonkov/masterWork/tests/samePrefixMarkedMtx2304/depth4/node4/test1_03.mtx 3.4 0 -1 -1 
/home/antonkov/masterWork/tests/samePrefixMarkedMtx2304/depth4/node4/test1_03.mtx 3.5 0 -1 -1 
/home/antonkov/masterWork/tests/samePrefixMarkedMtx2304/depth4/node4/test1_04.mtx 1 505.579 0.0840668 0.91 
/home/antonkov/masterWork/tests/samePrefixMarkedMtx2304/depth4/node4/test1_04.mtx 1.1 467.851 0.0749306 0.86 
/home/antonkov/masterWork/tests/samePrefixMarkedMtx2304/depth4/node4/test1_04.mtx 1.2 449.577 0.0596398 0.74 
/home/antonkov/masterWork/tests/samePrefixMarkedMtx2304/depth4/node4/test1_04.mtx 1.3 421.445 0.0434766 0.55 
/home/antonkov/masterWork/tests/samePrefixMarkedMtx2304/depth4/node4/test1_04.mtx 1.4 529.952 0.0293945 0.42 
/home/antonkov/masterWork/tests/samePrefixMarkedMtx2304/depth4/node4/test1_04.mtx 1.5 602.539 0.0165813 0.233333 
/home/antonkov/masterWork/tests/samePrefixMarkedMtx2304/depth4/node4/test1_04.mtx 1.6 720.161 0.00789323 0.116 
/home/antonkov/masterWork/tests/samePrefixMarkedMtx2304/depth4/node4/test1_04.mtx 1.7 999.46 0.00347135 0.054 
/home/antonkov/masterWork/tests/samePrefixMarkedMtx2304/depth4/node4/test1_04.mtx 1.8 1476.66 0.0016875 0.0265 
/home/antonkov/masterWork/tests/samePrefixMarkedMtx2304/depth4/node4/test1_04.mtx 1.9 3321.76 0.00052062 0.00836066 
/home/antonkov/masterWork/tests/samePrefixMarkedMtx2304/depth4/node4/test1_04.mtx 2 0 -1 -1 
/home/antonkov/masterWork/tests/samePrefixMarkedMtx2304/depth4/node4/test1_04.mtx 2.1 0 -1 -1 
/home/antonkov/masterWork/tests/samePrefixMarkedMtx2304/depth4/node4/test1_04.mtx 2.2 0 -1 -1 
/home/antonkov/masterWork/tests/samePrefixMarkedMtx2304/depth4/node4/test1_04.mtx 2.3 0 -1 -1 
/home/antonkov/masterWork/tests/samePrefixMarkedMtx2304/depth4/node4/test1_04.mtx 2.4 0 -1 -1 
/home/antonkov/masterWork/tests/samePrefixMarkedMtx2304/depth4/node4/test1_04.mtx 2.5 0 -1 -1 
/home/antonkov/masterWork/tests/samePrefixMarkedMtx2304/depth4/node4/test1_04.mtx 2.6 0 -1 -1 
/home/antonkov/masterWork/tests/samePrefixMarkedMtx2304/depth4/node4/test1_04.mtx 2.7 0 -1 -1 
/home/antonkov/masterWork/tests/samePrefixMarkedMtx2304/depth4/node4/test1_04.mtx 2.8 0 -1 -1 
/home/antonkov/masterWork/tests/samePrefixMarkedMtx2304/depth4/node4/test1_04.mtx 2.9 0 -1 -1 
/home/antonkov/masterWork/tests/samePrefixMarkedMtx2304/depth4/node4/test1_04.mtx 3 0 -1 -1 
/home/antonkov/masterWork/tests/samePrefixMarkedMtx2304/depth4/node4/test1_04.mtx 3.1 0 -1 -1 
/home/antonkov/masterWork/tests/samePrefixMarkedMtx2304/depth4/node4/test1_04.mtx 3.2 0 -1 -1 
/home/antonkov/masterWork/tests/samePrefixMarkedMtx2304/depth4/node4/test1_04.mtx 3.3 0 -1 -1 
/home/antonkov/masterWork/tests/samePrefixMarkedMtx2304/depth4/node4/test1_04.mtx 3.4 0 -1 -1 
/home/antonkov/masterWork/tests/samePrefixMarkedMtx2304/depth4/node4/test1_04.mtx 3.5 0 -1 -1 
/home/antonkov/masterWork/tests/samePrefixMarkedMtx2304/depth4/node4/test1_05.mtx 1 459.899 0.0851997 0.93 
/home/antonkov/masterWork/tests/samePrefixMarkedMtx2304/depth4/node4/test1_05.mtx 1.1 457.808 0.0718663 0.84 
/home/antonkov/masterWork/tests/samePrefixMarkedMtx2304/depth4/node4/test1_05.mtx 1.2 444.764 0.0583203 0.7 
/home/antonkov/masterWork/tests/samePrefixMarkedMtx2304/depth4/node4/test1_05.mtx 1.3 418.293 0.0428429 0.58 
/home/antonkov/masterWork/tests/samePrefixMarkedMtx2304/depth4/node4/test1_05.mtx 1.4 507.045 0.027372 0.355 
/home/antonkov/masterWork/tests/samePrefixMarkedMtx2304/depth4/node4/test1_05.mtx 1.5 572.599 0.0141681 0.206667 
/home/antonkov/masterWork/tests/samePrefixMarkedMtx2304/depth4/node4/test1_05.mtx 1.6 770.192 0.00640697 0.0933333 
/home/antonkov/masterWork/tests/samePrefixMarkedMtx2304/depth4/node4/test1_05.mtx 1.7 964.911 0.00360286 0.051 
/home/antonkov/masterWork/tests/samePrefixMarkedMtx2304/depth4/node4/test1_05.mtx 1.8 1672.68 0.00120479 0.0208333 
/home/antonkov/masterWork/tests/samePrefixMarkedMtx2304/depth4/node4/test1_05.mtx 1.9 3323.6 0.000498992 0.00806452 
/home/antonkov/masterWork/tests/samePrefixMarkedMtx2304/depth4/node4/test1_05.mtx 2 0 -1 -1 
/home/antonkov/masterWork/tests/samePrefixMarkedMtx2304/depth4/node4/test1_05.mtx 2.1 0 -1 -1 
/home/antonkov/masterWork/tests/samePrefixMarkedMtx2304/depth4/node4/test1_05.mtx 2.2 0 -1 -1 
/home/antonkov/masterWork/tests/samePrefixMarkedMtx2304/depth4/node4/test1_05.mtx 2.3 0 -1 -1 
/home/antonkov/masterWork/tests/samePrefixMarkedMtx2304/depth4/node4/test1_05.mtx 2.4 0 -1 -1 
/home/antonkov/masterWork/tests/samePrefixMarkedMtx2304/depth4/node4/test1_05.mtx 2.5 0 -1 -1 
/home/antonkov/masterWork/tests/samePrefixMarkedMtx2304/depth4/node4/test1_05.mtx 2.6 0 -1 -1 
/home/antonkov/masterWork/tests/samePrefixMarkedMtx2304/depth4/node4/test1_05.mtx 2.7 0 -1 -1 
/home/antonkov/masterWork/tests/samePrefixMarkedMtx2304/depth4/node4/test1_05.mtx 2.8 0 -1 -1 
/home/antonkov/masterWork/tests/samePrefixMarkedMtx2304/depth4/node4/test1_05.mtx 2.9 0 -1 -1 
/home/antonkov/masterWork/tests/samePrefixMarkedMtx2304/depth4/node4/test1_05.mtx 3 0 -1 -1 
/home/antonkov/masterWork/tests/samePrefixMarkedMtx2304/depth4/node4/test1_05.mtx 3.1 0 -1 -1 
/home/antonkov/masterWork/tests/samePrefixMarkedMtx2304/depth4/node4/test1_05.mtx 3.2 0 -1 -1 
/home/antonkov/masterWork/tests/samePrefixMarkedMtx2304/depth4/node4/test1_05.mtx 3.3 0 -1 -1 
/home/antonkov/masterWork/tests/samePrefixMarkedMtx2304/depth4/node4/test1_05.mtx 3.4 0 -1 -1 
/home/antonkov/masterWork/tests/samePrefixMarkedMtx2304/depth4/node4/test1_05.mtx 3.5 0 -1 -1 
/home/antonkov/masterWork/tests/samePrefixMarkedMtx2304/depth4/node4/test1_06.mtx 1 515.432 0.0844878 0.92 
/home/antonkov/masterWork/tests/samePrefixMarkedMtx2304/depth4/node4/test1_06.mtx 1.1 460.349 0.0722873 0.83 
/home/antonkov/masterWork/tests/samePrefixMarkedMtx2304/depth4/node4/test1_06.mtx 1.2 449.661 0.0580642 0.71 
/home/antonkov/masterWork/tests/samePrefixMarkedMtx2304/depth4/node4/test1_06.mtx 1.3 420.34 0.0397135 0.54 
/home/antonkov/masterWork/tests/samePrefixMarkedMtx2304/depth4/node4/test1_06.mtx 1.4 516.45 0.0300043 0.39 
/home/antonkov/masterWork/tests/samePrefixMarkedMtx2304/depth4/node4/test1_06.mtx 1.5 583.946 0.0155975 0.21 
/home/antonkov/masterWork/tests/samePrefixMarkedMtx2304/depth4/node4/test1_06.mtx 1.6 702.228 0.00847396 0.12 
/home/antonkov/masterWork/tests/samePrefixMarkedMtx2304/depth4/node4/test1_06.mtx 1.7 993.103 0.00365061 0.056 
/home/antonkov/masterWork/tests/samePrefixMarkedMtx2304/depth4/node4/test1_06.mtx 1.8 1890.17 0.00116195 0.0178571 
/home/antonkov/masterWork/tests/samePrefixMarkedMtx2304/depth4/node4/test1_06.mtx 1.9 3287.75 0.000467376 0.00833333 
/home/antonkov/masterWork/tests/samePrefixMarkedMtx2304/depth4/node4/test1_06.mtx 2 0 -1 -1 
/home/antonkov/masterWork/tests/samePrefixMarkedMtx2304/depth4/node4/test1_06.mtx 2.1 0 -1 -1 
/home/antonkov/masterWork/tests/samePrefixMarkedMtx2304/depth4/node4/test1_06.mtx 2.2 0 -1 -1 
/home/antonkov/masterWork/tests/samePrefixMarkedMtx2304/depth4/node4/test1_06.mtx 2.3 0 -1 -1 
/home/antonkov/masterWork/tests/samePrefixMarkedMtx2304/depth4/node4/test1_06.mtx 2.4 0 -1 -1 
/home/antonkov/masterWork/tests/samePrefixMarkedMtx2304/depth4/node4/test1_06.mtx 2.5 0 -1 -1 
/home/antonkov/masterWork/tests/samePrefixMarkedMtx2304/depth4/node4/test1_06.mtx 2.6 0 -1 -1 
/home/antonkov/masterWork/tests/samePrefixMarkedMtx2304/depth4/node4/test1_06.mtx 2.7 0 -1 -1 
/home/antonkov/masterWork/tests/samePrefixMarkedMtx2304/depth4/node4/test1_06.mtx 2.8 0 -1 -1 
/home/antonkov/masterWork/tests/samePrefixMarkedMtx2304/depth4/node4/test1_06.mtx 2.9 0 -1 -1 
/home/antonkov/masterWork/tests/samePrefixMarkedMtx2304/depth4/node4/test1_06.mtx 3 0 -1 -1 
/home/antonkov/masterWork/tests/samePrefixMarkedMtx2304/depth4/node4/test1_06.mtx 3.1 0 -1 -1 
/home/antonkov/masterWork/tests/samePrefixMarkedMtx2304/depth4/node4/test1_06.mtx 3.2 0 -1 -1 
/home/antonkov/masterWork/tests/samePrefixMarkedMtx2304/depth4/node4/test1_06.mtx 3.3 0 -1 -1 
/home/antonkov/masterWork/tests/samePrefixMarkedMtx2304/depth4/node4/test1_06.mtx 3.4 0 -1 -1 
/home/antonkov/masterWork/tests/samePrefixMarkedMtx2304/depth4/node4/test1_06.mtx 3.5 0 -1 -1 
/home/antonkov/masterWork/tests/samePrefixMarkedMtx2304/depth4/node4/test1_07.mtx 1 457.8 0.0833116 0.91 
/home/antonkov/masterWork/tests/samePrefixMarkedMtx2304/depth4/node4/test1_07.mtx 1.1 456.06 0.0691667 0.78 
/home/antonkov/masterWork/tests/samePrefixMarkedMtx2304/depth4/node4/test1_07.mtx 1.2 430.805 0.0567057 0.67 
/home/antonkov/masterWork/tests/samePrefixMarkedMtx2304/depth4/node4/test1_07.mtx 1.3 419.207 0.0449132 0.57 
/home/antonkov/masterWork/tests/samePrefixMarkedMtx2304/depth4/node4/test1_07.mtx 1.4 526.289 0.0295877 0.395 
/home/antonkov/masterWork/tests/samePrefixMarkedMtx2304/depth4/node4/test1_07.mtx 1.5 579.793 0.0163397 0.216667 
/home/antonkov/masterWork/tests/samePrefixMarkedMtx2304/depth4/node4/test1_07.mtx 1.6 693.734 0.00811806 0.116 
/home/antonkov/masterWork/tests/samePrefixMarkedMtx2304/depth4/node4/test1_07.mtx 1.7 973.166 0.00372786 0.055 
/home/antonkov/masterWork/tests/samePrefixMarkedMtx2304/depth4/node4/test1_07.mtx 1.8 1637.32 0.00147532 0.0221739 
/home/antonkov/masterWork/tests/samePrefixMarkedMtx2304/depth4/node4/test1_07.mtx 1.9 3046.75 0.000569129 0.00927273 
/home/antonkov/masterWork/tests/samePrefixMarkedMtx2304/depth4/node4/test1_07.mtx 2 0 -1 -1 
/home/antonkov/masterWork/tests/samePrefixMarkedMtx2304/depth4/node4/test1_07.mtx 2.1 0 -1 -1 
/home/antonkov/masterWork/tests/samePrefixMarkedMtx2304/depth4/node4/test1_07.mtx 2.2 0 -1 -1 
/home/antonkov/masterWork/tests/samePrefixMarkedMtx2304/depth4/node4/test1_07.mtx 2.3 0 -1 -1 
/home/antonkov/masterWork/tests/samePrefixMarkedMtx2304/depth4/node4/test1_07.mtx 2.4 0 -1 -1 
/home/antonkov/masterWork/tests/samePrefixMarkedMtx2304/depth4/node4/test1_07.mtx 2.5 0 -1 -1 
/home/antonkov/masterWork/tests/samePrefixMarkedMtx2304/depth4/node4/test1_07.mtx 2.6 0 -1 -1 
/home/antonkov/masterWork/tests/samePrefixMarkedMtx2304/depth4/node4/test1_07.mtx 2.7 0 -1 -1 
/home/antonkov/masterWork/tests/samePrefixMarkedMtx2304/depth4/node4/test1_07.mtx 2.8 0 -1 -1 
/home/antonkov/masterWork/tests/samePrefixMarkedMtx2304/depth4/node4/test1_07.mtx 2.9 0 -1 -1 
/home/antonkov/masterWork/tests/samePrefixMarkedMtx2304/depth4/node4/test1_07.mtx 3 0 -1 -1 
/home/antonkov/masterWork/tests/samePrefixMarkedMtx2304/depth4/node4/test1_07.mtx 3.1 0 -1 -1 
/home/antonkov/masterWork/tests/samePrefixMarkedMtx2304/depth4/node4/test1_07.mtx 3.2 0 -1 -1 
/home/antonkov/masterWork/tests/samePrefixMarkedMtx2304/depth4/node4/test1_07.mtx 3.3 0 -1 -1 
/home/antonkov/masterWork/tests/samePrefixMarkedMtx2304/depth4/node4/test1_07.mtx 3.4 0 -1 -1 
/home/antonkov/masterWork/tests/samePrefixMarkedMtx2304/depth4/node4/test1_07.mtx 3.5 0 -1 -1 
/home/antonkov/masterWork/tests/samePrefixMarkedMtx2304/depth4/node4/test1_08.mtx 1 511.258 0.079197 0.88 
/home/antonkov/masterWork/tests/samePrefixMarkedMtx2304/depth4/node4/test1_08.mtx 1.1 457.552 0.0678516 0.8 
/home/antonkov/masterWork/tests/samePrefixMarkedMtx2304/depth4/node4/test1_08.mtx 1.2 434.454 0.05227 0.65 
/home/antonkov/masterWork/tests/samePrefixMarkedMtx2304/depth4/node4/test1_08.mtx 1.3 421.672 0.0394401 0.52 
/home/antonkov/masterWork/tests/samePrefixMarkedMtx2304/depth4/node4/test1_08.mtx 1.4 522.671 0.0287348 0.39 
/home/antonkov/masterWork/tests/samePrefixMarkedMtx2304/depth4/node4/test1_08.mtx 1.5 590.143 0.0150825 0.213333 
/home/antonkov/masterWork/tests/samePrefixMarkedMtx2304/depth4/node4/test1_08.mtx 1.6 713.249 0.00695573 0.108 
/home/antonkov/masterWork/tests/samePrefixMarkedMtx2304/depth4/node4/test1_08.mtx 1.7 988.494 0.0034809 0.054 
/home/antonkov/masterWork/tests/samePrefixMarkedMtx2304/depth4/node4/test1_08.mtx 1.8 1781.72 0.00139948 0.0224 
/home/antonkov/masterWork/tests/samePrefixMarkedMtx2304/depth4/node4/test1_08.mtx 1.9 2833.87 0.000578559 0.01 
/home/antonkov/masterWork/tests/samePrefixMarkedMtx2304/depth4/node4/test1_08.mtx 2 6203.02 0.000226324 0.00381679 
/home/antonkov/masterWork/tests/samePrefixMarkedMtx2304/depth4/node4/test1_08.mtx 2.1 0 -1 -1 
/home/antonkov/masterWork/tests/samePrefixMarkedMtx2304/depth4/node4/test1_08.mtx 2.2 0 -1 -1 
/home/antonkov/masterWork/tests/samePrefixMarkedMtx2304/depth4/node4/test1_08.mtx 2.3 0 -1 -1 
/home/antonkov/masterWork/tests/samePrefixMarkedMtx2304/depth4/node4/test1_08.mtx 2.4 0 -1 -1 
/home/antonkov/masterWork/tests/samePrefixMarkedMtx2304/depth4/node4/test1_08.mtx 2.5 0 -1 -1 
/home/antonkov/masterWork/tests/samePrefixMarkedMtx2304/depth4/node4/test1_08.mtx 2.6 0 -1 -1 
/home/antonkov/masterWork/tests/samePrefixMarkedMtx2304/depth4/node4/test1_08.mtx 2.7 0 -1 -1 
/home/antonkov/masterWork/tests/samePrefixMarkedMtx2304/depth4/node4/test1_08.mtx 2.8 0 -1 -1 
/home/antonkov/masterWork/tests/samePrefixMarkedMtx2304/depth4/node4/test1_08.mtx 2.9 0 -1 -1 
/home/antonkov/masterWork/tests/samePrefixMarkedMtx2304/depth4/node4/test1_08.mtx 3 0 -1 -1 
/home/antonkov/masterWork/tests/samePrefixMarkedMtx2304/depth4/node4/test1_08.mtx 3.1 0 -1 -1 
/home/antonkov/masterWork/tests/samePrefixMarkedMtx2304/depth4/node4/test1_08.mtx 3.2 0 -1 -1 
/home/antonkov/masterWork/tests/samePrefixMarkedMtx2304/depth4/node4/test1_08.mtx 3.3 0 -1 -1 
/home/antonkov/masterWork/tests/samePrefixMarkedMtx2304/depth4/node4/test1_08.mtx 3.4 0 -1 -1 
/home/antonkov/masterWork/tests/samePrefixMarkedMtx2304/depth4/node4/test1_08.mtx 3.5 0 -1 -1 
/home/antonkov/masterWork/tests/samePrefixMarkedMtx2304/depth4/node4/test1_09.mtx 1 496.514 0.0840191 0.9 
/home/antonkov/masterWork/tests/samePrefixMarkedMtx2304/depth4/node4/test1_09.mtx 1.1 464.14 0.0736719 0.84 
/home/antonkov/masterWork/tests/samePrefixMarkedMtx2304/depth4/node4/test1_09.mtx 1.2 435.437 0.0551128 0.66 
/home/antonkov/masterWork/tests/samePrefixMarkedMtx2304/depth4/node4/test1_09.mtx 1.3 417.41 0.0396962 0.51 
/home/antonkov/masterWork/tests/samePrefixMarkedMtx2304/depth4/node4/test1_09.mtx 1.4 529.423 0.0301367 0.395 
/home/antonkov/masterWork/tests/samePrefixMarkedMtx2304/depth4/node4/test1_09.mtx 1.5 579.301 0.0175825 0.243333 
/home/antonkov/masterWork/tests/samePrefixMarkedMtx2304/depth4/node4/test1_09.mtx 1.6 704.193 0.00804253 0.12 
/home/antonkov/masterWork/tests/samePrefixMarkedMtx2304/depth4/node4/test1_09.mtx 1.7 887.667 0.00351804 0.0555556 
/home/antonkov/masterWork/tests/samePrefixMarkedMtx2304/depth4/node4/test1_09.mtx 1.8 1485.84 0.00160962 0.0238095 
/home/antonkov/masterWork/tests/samePrefixMarkedMtx2304/depth4/node4/test1_09.mtx 1.9 2780.66 0.000641741 0.0102041 
/home/antonkov/masterWork/tests/samePrefixMarkedMtx2304/depth4/node4/test1_09.mtx 2 5536.02 0.0002483 0.00416667 
/home/antonkov/masterWork/tests/samePrefixMarkedMtx2304/depth4/node4/test1_09.mtx 2.1 0 -1 -1 
/home/antonkov/masterWork/tests/samePrefixMarkedMtx2304/depth4/node4/test1_09.mtx 2.2 0 -1 -1 
/home/antonkov/masterWork/tests/samePrefixMarkedMtx2304/depth4/node4/test1_09.mtx 2.3 0 -1 -1 
/home/antonkov/masterWork/tests/samePrefixMarkedMtx2304/depth4/node4/test1_09.mtx 2.4 0 -1 -1 
/home/antonkov/masterWork/tests/samePrefixMarkedMtx2304/depth4/node4/test1_09.mtx 2.5 0 -1 -1 
/home/antonkov/masterWork/tests/samePrefixMarkedMtx2304/depth4/node4/test1_09.mtx 2.6 0 -1 -1 
/home/antonkov/masterWork/tests/samePrefixMarkedMtx2304/depth4/node4/test1_09.mtx 2.7 0 -1 -1 
/home/antonkov/masterWork/tests/samePrefixMarkedMtx2304/depth4/node4/test1_09.mtx 2.8 0 -1 -1 
/home/antonkov/masterWork/tests/samePrefixMarkedMtx2304/depth4/node4/test1_09.mtx 2.9 0 -1 -1 
/home/antonkov/masterWork/tests/samePrefixMarkedMtx2304/depth4/node4/test1_09.mtx 3 0 -1 -1 
/home/antonkov/masterWork/tests/samePrefixMarkedMtx2304/depth4/node4/test1_09.mtx 3.1 0 -1 -1 
/home/antonkov/masterWork/tests/samePrefixMarkedMtx2304/depth4/node4/test1_09.mtx 3.2 0 -1 -1 
/home/antonkov/masterWork/tests/samePrefixMarkedMtx2304/depth4/node4/test1_09.mtx 3.3 0 -1 -1 
/home/antonkov/masterWork/tests/samePrefixMarkedMtx2304/depth4/node4/test1_09.mtx 3.4 0 -1 -1 
/home/antonkov/masterWork/tests/samePrefixMarkedMtx2304/depth4/node4/test1_09.mtx 3.5 0 -1 -1 
/home/antonkov/masterWork/tests/samePrefixMarkedMtx2304/depth4/node4/test1_10.mtx 1 460.346 0.0830816 0.9 
/home/antonkov/masterWork/tests/samePrefixMarkedMtx2304/depth4/node4/test1_10.mtx 1.1 453.958 0.0722613 0.83 
/home/antonkov/masterWork/tests/samePrefixMarkedMtx2304/depth4/node4/test1_10.mtx 1.2 441.191 0.0592318 0.71 
/home/antonkov/masterWork/tests/samePrefixMarkedMtx2304/depth4/node4/test1_10.mtx 1.3 428.092 0.0480252 0.62 
/home/antonkov/masterWork/tests/samePrefixMarkedMtx2304/depth4/node4/test1_10.mtx 1.4 531.721 0.0289323 0.38 
/home/antonkov/masterWork/tests/samePrefixMarkedMtx2304/depth4/node4/test1_10.mtx 1.5 571.939 0.0150058 0.213333 
/home/antonkov/masterWork/tests/samePrefixMarkedMtx2304/depth4/node4/test1_10.mtx 1.6 674.333 0.00692535 0.104 
/home/antonkov/masterWork/tests/samePrefixMarkedMtx2304/depth4/node4/test1_10.mtx 1.7 974.755 0.00338542 0.05 
/home/antonkov/masterWork/tests/samePrefixMarkedMtx2304/depth4/node4/test1_10.mtx 1.8 1627.64 0.00143493 0.0217391 
/home/antonkov/masterWork/tests/samePrefixMarkedMtx2304/depth4/node4/test1_10.mtx 1.9 3575.28 0.000478014 0.00746269 
/home/antonkov/masterWork/tests/samePrefixMarkedMtx2304/depth4/node4/test1_10.mtx 2 0 -1 -1 
/home/antonkov/masterWork/tests/samePrefixMarkedMtx2304/depth4/node4/test1_10.mtx 2.1 0 -1 -1 
/home/antonkov/masterWork/tests/samePrefixMarkedMtx2304/depth4/node4/test1_10.mtx 2.2 0 -1 -1 
/home/antonkov/masterWork/tests/samePrefixMarkedMtx2304/depth4/node4/test1_10.mtx 2.3 0 -1 -1 
/home/antonkov/masterWork/tests/samePrefixMarkedMtx2304/depth4/node4/test1_10.mtx 2.4 0 -1 -1 
/home/antonkov/masterWork/tests/samePrefixMarkedMtx2304/depth4/node4/test1_10.mtx 2.5 0 -1 -1 
/home/antonkov/masterWork/tests/samePrefixMarkedMtx2304/depth4/node4/test1_10.mtx 2.6 0 -1 -1 
/home/antonkov/masterWork/tests/samePrefixMarkedMtx2304/depth4/node4/test1_10.mtx 2.7 0 -1 -1 
/home/antonkov/masterWork/tests/samePrefixMarkedMtx2304/depth4/node4/test1_10.mtx 2.8 0 -1 -1 
/home/antonkov/masterWork/tests/samePrefixMarkedMtx2304/depth4/node4/test1_10.mtx 2.9 0 -1 -1 
/home/antonkov/masterWork/tests/samePrefixMarkedMtx2304/depth4/node4/test1_10.mtx 3 0 -1 -1 
/home/antonkov/masterWork/tests/samePrefixMarkedMtx2304/depth4/node4/test1_10.mtx 3.1 0 -1 -1 
/home/antonkov/masterWork/tests/samePrefixMarkedMtx2304/depth4/node4/test1_10.mtx 3.2 0 -1 -1 
/home/antonkov/masterWork/tests/samePrefixMarkedMtx2304/depth4/node4/test1_10.mtx 3.3 0 -1 -1 
/home/antonkov/masterWork/tests/samePrefixMarkedMtx2304/depth4/node4/test1_10.mtx 3.4 0 -1 -1 
/home/antonkov/masterWork/tests/samePrefixMarkedMtx2304/depth4/node4/test1_10.mtx 3.5 0 -1 -1 
/home/antonkov/masterWork/tests/samePrefixMarkedMtx2304/depth4/node4/test1_11.mtx 1 515.521 0.0880165 0.96 
/home/antonkov/masterWork/tests/samePrefixMarkedMtx2304/depth4/node4/test1_11.mtx 1.1 463.528 0.0735069 0.84 
/home/antonkov/masterWork/tests/samePrefixMarkedMtx2304/depth4/node4/test1_11.mtx 1.2 446.121 0.0590451 0.7 
/home/antonkov/masterWork/tests/samePrefixMarkedMtx2304/depth4/node4/test1_11.mtx 1.3 414.824 0.0462457 0.57 
/home/antonkov/masterWork/tests/samePrefixMarkedMtx2304/depth4/node4/test1_11.mtx 1.4 531.886 0.0324609 0.43 
/home/antonkov/masterWork/tests/samePrefixMarkedMtx2304/depth4/node4/test1_11.mtx 1.5 495.512 0.0180512 0.25 
/home/antonkov/masterWork/tests/samePrefixMarkedMtx2304/depth4/node4/test1_11.mtx 1.6 621.145 0.00974392 0.1375 
/home/antonkov/masterWork/tests/samePrefixMarkedMtx2304/depth4/node4/test1_11.mtx 1.7 861.472 0.00443197 0.06375 
/home/antonkov/masterWork/tests/samePrefixMarkedMtx2304/depth4/node4/test1_11.mtx 1.8 1745.53 0.00138264 0.0208 
/home/antonkov/masterWork/tests/samePrefixMarkedMtx2304/depth4/node4/test1_11.mtx 1.9 3381.14 0.000517276 0.00819672 
/home/antonkov/masterWork/tests/samePrefixMarkedMtx2304/depth4/node4/test1_11.mtx 2 0 -1 -1 
/home/antonkov/masterWork/tests/samePrefixMarkedMtx2304/depth4/node4/test1_11.mtx 2.1 0 -1 -1 
/home/antonkov/masterWork/tests/samePrefixMarkedMtx2304/depth4/node4/test1_11.mtx 2.2 0 -1 -1 
/home/antonkov/masterWork/tests/samePrefixMarkedMtx2304/depth4/node4/test1_11.mtx 2.3 0 -1 -1 
/home/antonkov/masterWork/tests/samePrefixMarkedMtx2304/depth4/node4/test1_11.mtx 2.4 0 -1 -1 
/home/antonkov/masterWork/tests/samePrefixMarkedMtx2304/depth4/node4/test1_11.mtx 2.5 0 -1 -1 
/home/antonkov/masterWork/tests/samePrefixMarkedMtx2304/depth4/node4/test1_11.mtx 2.6 0 -1 -1 
/home/antonkov/masterWork/tests/samePrefixMarkedMtx2304/depth4/node4/test1_11.mtx 2.7 0 -1 -1 
/home/antonkov/masterWork/tests/samePrefixMarkedMtx2304/depth4/node4/test1_11.mtx 2.8 0 -1 -1 
/home/antonkov/masterWork/tests/samePrefixMarkedMtx2304/depth4/node4/test1_11.mtx 2.9 0 -1 -1 
/home/antonkov/masterWork/tests/samePrefixMarkedMtx2304/depth4/node4/test1_11.mtx 3 0 -1 -1 
/home/antonkov/masterWork/tests/samePrefixMarkedMtx2304/depth4/node4/test1_11.mtx 3.1 0 -1 -1 
/home/antonkov/masterWork/tests/samePrefixMarkedMtx2304/depth4/node4/test1_11.mtx 3.2 0 -1 -1 
/home/antonkov/masterWork/tests/samePrefixMarkedMtx2304/depth4/node4/test1_11.mtx 3.3 0 -1 -1 
/home/antonkov/masterWork/tests/samePrefixMarkedMtx2304/depth4/node4/test1_11.mtx 3.4 0 -1 -1 
/home/antonkov/masterWork/tests/samePrefixMarkedMtx2304/depth4/node4/test1_11.mtx 3.5 0 -1 -1 
/home/antonkov/masterWork/tests/samePrefixMarkedMtx2304/depth4/node4/test1_12.mtx 1 457.609 0.0831988 0.92 
/home/antonkov/masterWork/tests/samePrefixMarkedMtx2304/depth4/node4/test1_12.mtx 1.1 447.69 0.0683377 0.78 
/home/antonkov/masterWork/tests/samePrefixMarkedMtx2304/depth4/node4/test1_12.mtx 1.2 431.938 0.0547396 0.65 
/home/antonkov/masterWork/tests/samePrefixMarkedMtx2304/depth4/node4/test1_12.mtx 1.3 420.668 0.0392318 0.5 
/home/antonkov/masterWork/tests/samePrefixMarkedMtx2304/depth4/node4/test1_12.mtx 1.4 525.848 0.0283767 0.39 
/home/antonkov/masterWork/tests/samePrefixMarkedMtx2304/depth4/node4/test1_12.mtx 1.5 591.624 0.0153675 0.21 
/home/antonkov/masterWork/tests/samePrefixMarkedMtx2304/depth4/node4/test1_12.mtx 1.6 610.365 0.00801975 0.125 
/home/antonkov/masterWork/tests/samePrefixMarkedMtx2304/depth4/node4/test1_12.mtx 1.7 994.849 0.00353776 0.057 
/home/antonkov/masterWork/tests/samePrefixMarkedMtx2304/depth4/node4/test1_12.mtx 1.8 1538.94 0.00152716 0.0238095 
/home/antonkov/masterWork/tests/samePrefixMarkedMtx2304/depth4/node4/test1_12.mtx 1.9 2746.1 0.00059932 0.0104167 
/home/antonkov/masterWork/tests/samePrefixMarkedMtx2304/depth4/node4/test1_12.mtx 2 7257.27 0.000172045 0.00316456 
/home/antonkov/masterWork/tests/samePrefixMarkedMtx2304/depth4/node4/test1_12.mtx 2.1 0 -1 -1 
/home/antonkov/masterWork/tests/samePrefixMarkedMtx2304/depth4/node4/test1_12.mtx 2.2 0 -1 -1 
/home/antonkov/masterWork/tests/samePrefixMarkedMtx2304/depth4/node4/test1_12.mtx 2.3 0 -1 -1 
/home/antonkov/masterWork/tests/samePrefixMarkedMtx2304/depth4/node4/test1_12.mtx 2.4 0 -1 -1 
/home/antonkov/masterWork/tests/samePrefixMarkedMtx2304/depth4/node4/test1_12.mtx 2.5 0 -1 -1 
/home/antonkov/masterWork/tests/samePrefixMarkedMtx2304/depth4/node4/test1_12.mtx 2.6 0 -1 -1 
/home/antonkov/masterWork/tests/samePrefixMarkedMtx2304/depth4/node4/test1_12.mtx 2.7 0 -1 -1 
/home/antonkov/masterWork/tests/samePrefixMarkedMtx2304/depth4/node4/test1_12.mtx 2.8 0 -1 -1 
/home/antonkov/masterWork/tests/samePrefixMarkedMtx2304/depth4/node4/test1_12.mtx 2.9 0 -1 -1 
/home/antonkov/masterWork/tests/samePrefixMarkedMtx2304/depth4/node4/test1_12.mtx 3 0 -1 -1 
/home/antonkov/masterWork/tests/samePrefixMarkedMtx2304/depth4/node4/test1_12.mtx 3.1 0 -1 -1 
/home/antonkov/masterWork/tests/samePrefixMarkedMtx2304/depth4/node4/test1_12.mtx 3.2 0 -1 -1 
/home/antonkov/masterWork/tests/samePrefixMarkedMtx2304/depth4/node4/test1_12.mtx 3.3 0 -1 -1 
/home/antonkov/masterWork/tests/samePrefixMarkedMtx2304/depth4/node4/test1_12.mtx 3.4 0 -1 -1 
/home/antonkov/masterWork/tests/samePrefixMarkedMtx2304/depth4/node4/test1_12.mtx 3.5 0 -1 -1 
/home/antonkov/masterWork/tests/samePrefixMarkedMtx2304/depth4/node4/test1_13.mtx 1 527.584 0.0823568 0.92 
/home/antonkov/masterWork/tests/samePrefixMarkedMtx2304/depth4/node4/test1_13.mtx 1.1 469.25 0.0703863 0.85 
/home/antonkov/masterWork/tests/samePrefixMarkedMtx2304/depth4/node4/test1_13.mtx 1.2 437.688 0.0513585 0.68 
/home/antonkov/masterWork/tests/samePrefixMarkedMtx2304/depth4/node4/test1_13.mtx 1.3 547.887 0.0376454 0.485 
/home/antonkov/masterWork/tests/samePrefixMarkedMtx2304/depth4/node4/test1_13.mtx 1.4 519.748 0.0251584 0.33 
/home/antonkov/masterWork/tests/samePrefixMarkedMtx2304/depth4/node4/test1_13.mtx 1.5 575.06 0.0158565 0.216667 
/home/antonkov/masterWork/tests/samePrefixMarkedMtx2304/depth4/node4/test1_13.mtx 1.6 707.602 0.00840017 0.122 
/home/antonkov/masterWork/tests/samePrefixMarkedMtx2304/depth4/node4/test1_13.mtx 1.7 999.855 0.00368576 0.055 
/home/antonkov/masterWork/tests/samePrefixMarkedMtx2304/depth4/node4/test1_13.mtx 1.8 1548.85 0.00164848 0.0247619 
/home/antonkov/masterWork/tests/samePrefixMarkedMtx2304/depth4/node4/test1_13.mtx 1.9 3362.08 0.000506888 0.00819672 
/home/antonkov/masterWork/tests/samePrefixMarkedMtx2304/depth4/node4/test1_13.mtx 2 0 -1 -1 
/home/antonkov/masterWork/tests/samePrefixMarkedMtx2304/depth4/node4/test1_13.mtx 2.1 0 -1 -1 
/home/antonkov/masterWork/tests/samePrefixMarkedMtx2304/depth4/node4/test1_13.mtx 2.2 0 -1 -1 
/home/antonkov/masterWork/tests/samePrefixMarkedMtx2304/depth4/node4/test1_13.mtx 2.3 0 -1 -1 
/home/antonkov/masterWork/tests/samePrefixMarkedMtx2304/depth4/node4/test1_13.mtx 2.4 0 -1 -1 
/home/antonkov/masterWork/tests/samePrefixMarkedMtx2304/depth4/node4/test1_13.mtx 2.5 0 -1 -1 
/home/antonkov/masterWork/tests/samePrefixMarkedMtx2304/depth4/node4/test1_13.mtx 2.6 0 -1 -1 
/home/antonkov/masterWork/tests/samePrefixMarkedMtx2304/depth4/node4/test1_13.mtx 2.7 0 -1 -1 
/home/antonkov/masterWork/tests/samePrefixMarkedMtx2304/depth4/node4/test1_13.mtx 2.8 0 -1 -1 
/home/antonkov/masterWork/tests/samePrefixMarkedMtx2304/depth4/node4/test1_13.mtx 2.9 0 -1 -1 
/home/antonkov/masterWork/tests/samePrefixMarkedMtx2304/depth4/node4/test1_13.mtx 3 0 -1 -1 
/home/antonkov/masterWork/tests/samePrefixMarkedMtx2304/depth4/node4/test1_13.mtx 3.1 0 -1 -1 
/home/antonkov/masterWork/tests/samePrefixMarkedMtx2304/depth4/node4/test1_13.mtx 3.2 0 -1 -1 
/home/antonkov/masterWork/tests/samePrefixMarkedMtx2304/depth4/node4/test1_13.mtx 3.3 0 -1 -1 
/home/antonkov/masterWork/tests/samePrefixMarkedMtx2304/depth4/node4/test1_13.mtx 3.4 0 -1 -1 
/home/antonkov/masterWork/tests/samePrefixMarkedMtx2304/depth4/node4/test1_13.mtx 3.5 0 -1 -1 
/home/antonkov/masterWork/tests/samePrefixMarkedMtx2304/depth4/node4/test1_14.mtx 1 452.916 0.0805599 0.91 
/home/antonkov/masterWork/tests/samePrefixMarkedMtx2304/depth4/node4/test1_14.mtx 1.1 452.531 0.0667708 0.8 
/home/antonkov/masterWork/tests/samePrefixMarkedMtx2304/depth4/node4/test1_14.mtx 1.2 437.325 0.0508898 0.65 
/home/antonkov/masterWork/tests/samePrefixMarkedMtx2304/depth4/node4/test1_14.mtx 1.3 567.142 0.0412066 0.535 
/home/antonkov/masterWork/tests/samePrefixMarkedMtx2304/depth4/node4/test1_14.mtx 1.4 520.257 0.0275434 0.385 
/home/antonkov/masterWork/tests/samePrefixMarkedMtx2304/depth4/node4/test1_14.mtx 1.5 593.892 0.0153906 0.22 
/home/antonkov/masterWork/tests/samePrefixMarkedMtx2304/depth4/node4/test1_14.mtx 1.6 701.865 0.00734462 0.106 
/home/antonkov/masterWork/tests/samePrefixMarkedMtx2304/depth4/node4/test1_14.mtx 1.7 922.979 0.00421634 0.0611111 
/home/antonkov/masterWork/tests/samePrefixMarkedMtx2304/depth4/node4/test1_14.mtx 1.8 1369.43 0.00187379 0.0288889 
/home/antonkov/masterWork/tests/samePrefixMarkedMtx2304/depth4/node4/test1_14.mtx 1.9 3195.55 0.000521823 0.00877193 
/home/antonkov/masterWork/tests/samePrefixMarkedMtx2304/depth4/node4/test1_14.mtx 2 0 -1 -1 
/home/antonkov/masterWork/tests/samePrefixMarkedMtx2304/depth4/node4/test1_14.mtx 2.1 0 -1 -1 
/home/antonkov/masterWork/tests/samePrefixMarkedMtx2304/depth4/node4/test1_14.mtx 2.2 0 -1 -1 
/home/antonkov/masterWork/tests/samePrefixMarkedMtx2304/depth4/node4/test1_14.mtx 2.3 0 -1 -1 
/home/antonkov/masterWork/tests/samePrefixMarkedMtx2304/depth4/node4/test1_14.mtx 2.4 0 -1 -1 
/home/antonkov/masterWork/tests/samePrefixMarkedMtx2304/depth4/node4/test1_14.mtx 2.5 0 -1 -1 
/home/antonkov/masterWork/tests/samePrefixMarkedMtx2304/depth4/node4/test1_14.mtx 2.6 0 -1 -1 
/home/antonkov/masterWork/tests/samePrefixMarkedMtx2304/depth4/node4/test1_14.mtx 2.7 0 -1 -1 
/home/antonkov/masterWork/tests/samePrefixMarkedMtx2304/depth4/node4/test1_14.mtx 2.8 0 -1 -1 
/home/antonkov/masterWork/tests/samePrefixMarkedMtx2304/depth4/node4/test1_14.mtx 2.9 0 -1 -1 
/home/antonkov/masterWork/tests/samePrefixMarkedMtx2304/depth4/node4/test1_14.mtx 3 0 -1 -1 
/home/antonkov/masterWork/tests/samePrefixMarkedMtx2304/depth4/node4/test1_14.mtx 3.1 0 -1 -1 
/home/antonkov/masterWork/tests/samePrefixMarkedMtx2304/depth4/node4/test1_14.mtx 3.2 0 -1 -1 
/home/antonkov/masterWork/tests/samePrefixMarkedMtx2304/depth4/node4/test1_14.mtx 3.3 0 -1 -1 
/home/antonkov/masterWork/tests/samePrefixMarkedMtx2304/depth4/node4/test1_14.mtx 3.4 0 -1 -1 
/home/antonkov/masterWork/tests/samePrefixMarkedMtx2304/depth4/node4/test1_14.mtx 3.5 0 -1 -1 
