Results
Filename SNR Time(ms) BER FER
/home/antonkov/masterWork/tests/samePrefixMarkedMtx/depth4/node4/test0_0.mtx 1 125.177 0.0753559 0.77 
/home/antonkov/masterWork/tests/samePrefixMarkedMtx/depth4/node4/test0_0.mtx 1.1 110.028 0.0672569 0.71 
/home/antonkov/masterWork/tests/samePrefixMarkedMtx/depth4/node4/test0_0.mtx 1.2 97.1388 0.0590365 0.655 
/home/antonkov/masterWork/tests/samePrefixMarkedMtx/depth4/node4/test0_0.mtx 1.3 87.9412 0.0514931 0.585 
/home/antonkov/masterWork/tests/samePrefixMarkedMtx/depth4/node4/test0_0.mtx 1.4 115.235 0.039838 0.45 
/home/antonkov/masterWork/tests/samePrefixMarkedMtx/depth4/node4/test0_0.mtx 1.5 107.835 0.0305382 0.37 
/home/antonkov/masterWork/tests/samePrefixMarkedMtx/depth4/node4/test0_0.mtx 1.6 120.116 0.0235373 0.2775 
/home/antonkov/masterWork/tests/samePrefixMarkedMtx/depth4/node4/test0_0.mtx 1.7 131.101 0.0175556 0.212 
/home/antonkov/masterWork/tests/samePrefixMarkedMtx/depth4/node4/test0_0.mtx 1.8 146.722 0.0139149 0.17 
/home/antonkov/masterWork/tests/samePrefixMarkedMtx/depth4/node4/test0_0.mtx 1.9 174.928 0.0107335 0.1375 
/home/antonkov/masterWork/tests/samePrefixMarkedMtx/depth4/node4/test0_0.mtx 2 194.236 0.00867708 0.115 
/home/antonkov/masterWork/tests/samePrefixMarkedMtx/depth4/node4/test0_0.mtx 2.1 250.715 0.00548115 0.0735714 
/home/antonkov/masterWork/tests/samePrefixMarkedMtx/depth4/node4/test0_0.mtx 2.2 331.006 0.0034003 0.0490476 
/home/antonkov/masterWork/tests/samePrefixMarkedMtx/depth4/node4/test0_0.mtx 2.3 471.111 0.00199306 0.0288571 
/home/antonkov/masterWork/tests/samePrefixMarkedMtx/depth4/node4/test0_0.mtx 2.4 674.709 0.00120536 0.0182143 
/home/antonkov/masterWork/tests/samePrefixMarkedMtx/depth4/node4/test0_0.mtx 2.5 1086.53 0.000663977 0.01 
/home/antonkov/masterWork/tests/samePrefixMarkedMtx/depth4/node4/test0_0.mtx 2.6 1633.5 0.000404756 0.00581395 
/home/antonkov/masterWork/tests/samePrefixMarkedMtx/depth4/node4/test0_0.mtx 2.7 2459.27 0.000209334 0.00338983 
/home/antonkov/masterWork/tests/samePrefixMarkedMtx/depth4/node4/test0_0.mtx 2.8 3614.61 0.000129819 0.00204082 
/home/antonkov/masterWork/tests/samePrefixMarkedMtx/depth4/node4/test0_0.mtx 2.9 6314.82 5.82645e-05 0.00103199 
/home/antonkov/masterWork/tests/samePrefixMarkedMtx/depth4/node4/test0_0.mtx 3 9418.59 3.63648e-05 0.000626566 
/home/antonkov/masterWork/tests/samePrefixMarkedMtx/depth4/node4/test0_0.mtx 3.1 0 -1 -1 
/home/antonkov/masterWork/tests/samePrefixMarkedMtx/depth4/node4/test0_0.mtx 3.2 0 -1 -1 
/home/antonkov/masterWork/tests/samePrefixMarkedMtx/depth4/node4/test0_0.mtx 3.3 0 -1 -1 
/home/antonkov/masterWork/tests/samePrefixMarkedMtx/depth4/node4/test0_0.mtx 3.4 0 -1 -1 
/home/antonkov/masterWork/tests/samePrefixMarkedMtx/depth4/node4/test0_0.mtx 3.5 0 -1 -1 
/home/antonkov/masterWork/tests/samePrefixMarkedMtx/depth4/node4/test0_1.mtx 1 106.066 0.0804688 0.805 
/home/antonkov/masterWork/tests/samePrefixMarkedMtx/depth4/node4/test0_1.mtx 1.1 105.455 0.0706944 0.735 
/home/antonkov/masterWork/tests/samePrefixMarkedMtx/depth4/node4/test0_1.mtx 1.2 95.2867 0.0611285 0.655 
/home/antonkov/masterWork/tests/samePrefixMarkedMtx/depth4/node4/test0_1.mtx 1.3 90.9337 0.0534375 0.585 
/home/antonkov/masterWork/tests/samePrefixMarkedMtx/depth4/node4/test0_1.mtx 1.4 119.583 0.0431481 0.473333 
/home/antonkov/masterWork/tests/samePrefixMarkedMtx/depth4/node4/test0_1.mtx 1.5 107.523 0.035191 0.386667 
/home/antonkov/masterWork/tests/samePrefixMarkedMtx/depth4/node4/test0_1.mtx 1.6 123.8 0.0269141 0.3075 
/home/antonkov/masterWork/tests/samePrefixMarkedMtx/depth4/node4/test0_1.mtx 1.7 114.132 0.0225087 0.255 
/home/antonkov/masterWork/tests/samePrefixMarkedMtx/depth4/node4/test0_1.mtx 1.8 148.903 0.0155613 0.185 
/home/antonkov/masterWork/tests/samePrefixMarkedMtx/depth4/node4/test0_1.mtx 1.9 165.469 0.0104384 0.13 
/home/antonkov/masterWork/tests/samePrefixMarkedMtx/depth4/node4/test0_1.mtx 2 206.495 0.00716856 0.0918182 
/home/antonkov/masterWork/tests/samePrefixMarkedMtx/depth4/node4/test0_1.mtx 2.1 257.158 0.00501389 0.0673333 
/home/antonkov/masterWork/tests/samePrefixMarkedMtx/depth4/node4/test0_1.mtx 2.2 432.612 0.00254225 0.0343333 
/home/antonkov/masterWork/tests/samePrefixMarkedMtx/depth4/node4/test0_1.mtx 2.3 544.571 0.0018378 0.0238095 
/home/antonkov/masterWork/tests/samePrefixMarkedMtx/depth4/node4/test0_1.mtx 2.4 786.714 0.00106184 0.0147059 
/home/antonkov/masterWork/tests/samePrefixMarkedMtx/depth4/node4/test0_1.mtx 2.5 1137.81 0.000643456 0.00900901 
/home/antonkov/masterWork/tests/samePrefixMarkedMtx/depth4/node4/test0_1.mtx 2.6 1747.63 0.000363674 0.0052356 
/home/antonkov/masterWork/tests/samePrefixMarkedMtx/depth4/node4/test0_1.mtx 2.7 2753.69 0.000207886 0.00286533 
/home/antonkov/masterWork/tests/samePrefixMarkedMtx/depth4/node4/test0_1.mtx 2.8 4361.92 0.0001058 0.0015949 
/home/antonkov/masterWork/tests/samePrefixMarkedMtx/depth4/node4/test0_1.mtx 2.9 7260.99 5.40704e-05 0.000860585 
/home/antonkov/masterWork/tests/samePrefixMarkedMtx/depth4/node4/test0_1.mtx 3 0 -1 -1 
/home/antonkov/masterWork/tests/samePrefixMarkedMtx/depth4/node4/test0_1.mtx 3.1 0 -1 -1 
/home/antonkov/masterWork/tests/samePrefixMarkedMtx/depth4/node4/test0_1.mtx 3.2 0 -1 -1 
/home/antonkov/masterWork/tests/samePrefixMarkedMtx/depth4/node4/test0_1.mtx 3.3 0 -1 -1 
/home/antonkov/masterWork/tests/samePrefixMarkedMtx/depth4/node4/test0_1.mtx 3.4 0 -1 -1 
/home/antonkov/masterWork/tests/samePrefixMarkedMtx/depth4/node4/test0_1.mtx 3.5 0 -1 -1 
/home/antonkov/masterWork/tests/samePrefixMarkedMtx/depth4/node4/test0_2.mtx 1 106.898 0.0800087 0.79 
/home/antonkov/masterWork/tests/samePrefixMarkedMtx/depth4/node4/test0_2.mtx 1.1 98.3884 0.0718316 0.725 
/home/antonkov/masterWork/tests/samePrefixMarkedMtx/depth4/node4/test0_2.mtx 1.2 92.3213 0.0597222 0.615 
/home/antonkov/masterWork/tests/samePrefixMarkedMtx/depth4/node4/test0_2.mtx 1.3 88.9345 0.0505556 0.545 
/home/antonkov/masterWork/tests/samePrefixMarkedMtx/depth4/node4/test0_2.mtx 1.4 114.234 0.0441262 0.483333 
/home/antonkov/masterWork/tests/samePrefixMarkedMtx/depth4/node4/test0_2.mtx 1.5 109.725 0.0343808 0.383333 
/home/antonkov/masterWork/tests/samePrefixMarkedMtx/depth4/node4/test0_2.mtx 1.6 126.037 0.0259462 0.31 
/home/antonkov/masterWork/tests/samePrefixMarkedMtx/depth4/node4/test0_2.mtx 1.7 134.897 0.0199479 0.246 
/home/antonkov/masterWork/tests/samePrefixMarkedMtx/depth4/node4/test0_2.mtx 1.8 148.829 0.0154311 0.19 
/home/antonkov/masterWork/tests/samePrefixMarkedMtx/depth4/node4/test0_2.mtx 1.9 173.323 0.0103212 0.1275 
/home/antonkov/masterWork/tests/samePrefixMarkedMtx/depth4/node4/test0_2.mtx 2 215.27 0.00763889 0.1 
/home/antonkov/masterWork/tests/samePrefixMarkedMtx/depth4/node4/test0_2.mtx 2.1 277.397 0.00527778 0.065 
/home/antonkov/masterWork/tests/samePrefixMarkedMtx/depth4/node4/test0_2.mtx 2.2 345.486 0.00338919 0.043913 
/home/antonkov/masterWork/tests/samePrefixMarkedMtx/depth4/node4/test0_2.mtx 2.3 457.905 0.00233218 0.0309091 
/home/antonkov/masterWork/tests/samePrefixMarkedMtx/depth4/node4/test0_2.mtx 2.4 718.047 0.00126389 0.0168333 
/home/antonkov/masterWork/tests/samePrefixMarkedMtx/depth4/node4/test0_2.mtx 2.5 945.928 0.000778714 0.0113483 
/home/antonkov/masterWork/tests/samePrefixMarkedMtx/depth4/node4/test0_2.mtx 2.6 1541.72 0.000395999 0.00595238 
/home/antonkov/masterWork/tests/samePrefixMarkedMtx/depth4/node4/test0_2.mtx 2.7 2504.93 0.000212914 0.00325733 
/home/antonkov/masterWork/tests/samePrefixMarkedMtx/depth4/node4/test0_2.mtx 2.8 3218.64 0.000148905 0.00226244 
/home/antonkov/masterWork/tests/samePrefixMarkedMtx/depth4/node4/test0_2.mtx 2.9 5546.75 7.24952e-05 0.00115607 
/home/antonkov/masterWork/tests/samePrefixMarkedMtx/depth4/node4/test0_2.mtx 3 11317.4 3.5067e-05 0.000509165 
/home/antonkov/masterWork/tests/samePrefixMarkedMtx/depth4/node4/test0_2.mtx 3.1 0 -1 -1 
/home/antonkov/masterWork/tests/samePrefixMarkedMtx/depth4/node4/test0_2.mtx 3.2 0 -1 -1 
/home/antonkov/masterWork/tests/samePrefixMarkedMtx/depth4/node4/test0_2.mtx 3.3 0 -1 -1 
/home/antonkov/masterWork/tests/samePrefixMarkedMtx/depth4/node4/test0_2.mtx 3.4 0 -1 -1 
/home/antonkov/masterWork/tests/samePrefixMarkedMtx/depth4/node4/test0_2.mtx 3.5 0 -1 -1 
/home/antonkov/masterWork/tests/samePrefixMarkedMtx/depth4/node4/test0_3.mtx 1 104.878 0.0850868 0.855 
/home/antonkov/masterWork/tests/samePrefixMarkedMtx/depth4/node4/test0_3.mtx 1.1 107.122 0.0771094 0.79 
/home/antonkov/masterWork/tests/samePrefixMarkedMtx/depth4/node4/test0_3.mtx 1.2 98.4448 0.0653299 0.68 
/home/antonkov/masterWork/tests/samePrefixMarkedMtx/depth4/node4/test0_3.mtx 1.3 92.0602 0.0543142 0.57 
/home/antonkov/masterWork/tests/samePrefixMarkedMtx/depth4/node4/test0_3.mtx 1.4 82.6044 0.0467274 0.5 
/home/antonkov/masterWork/tests/samePrefixMarkedMtx/depth4/node4/test0_3.mtx 1.5 111.088 0.0374711 0.426667 
/home/antonkov/masterWork/tests/samePrefixMarkedMtx/depth4/node4/test0_3.mtx 1.6 102.01 0.0299769 0.336667 
/home/antonkov/masterWork/tests/samePrefixMarkedMtx/depth4/node4/test0_3.mtx 1.7 142.165 0.0197292 0.238 
/home/antonkov/masterWork/tests/samePrefixMarkedMtx/depth4/node4/test0_3.mtx 1.8 143.622 0.0143519 0.171667 
/home/antonkov/masterWork/tests/samePrefixMarkedMtx/depth4/node4/test0_3.mtx 1.9 168.062 0.0106033 0.12625 
/home/antonkov/masterWork/tests/samePrefixMarkedMtx/depth4/node4/test0_3.mtx 2 202.061 0.00724432 0.0918182 
/home/antonkov/masterWork/tests/samePrefixMarkedMtx/depth4/node4/test0_3.mtx 2.1 292.713 0.00433642 0.0561111 
/home/antonkov/masterWork/tests/samePrefixMarkedMtx/depth4/node4/test0_3.mtx 2.2 386.722 0.00296207 0.0396154 
/home/antonkov/masterWork/tests/samePrefixMarkedMtx/depth4/node4/test0_3.mtx 2.3 538.419 0.00182457 0.0242857 
/home/antonkov/masterWork/tests/samePrefixMarkedMtx/depth4/node4/test0_3.mtx 2.4 738.563 0.00109403 0.016129 
/home/antonkov/masterWork/tests/samePrefixMarkedMtx/depth4/node4/test0_3.mtx 2.5 1081.27 0.000736583 0.00970874 
/home/antonkov/masterWork/tests/samePrefixMarkedMtx/depth4/node4/test0_3.mtx 2.6 1498.89 0.000450521 0.006375 
/home/antonkov/masterWork/tests/samePrefixMarkedMtx/depth4/node4/test0_3.mtx 2.7 1921.2 0.000298132 0.00431034 
/home/antonkov/masterWork/tests/samePrefixMarkedMtx/depth4/node4/test0_3.mtx 2.8 3160.92 0.000139784 0.00224215 
/home/antonkov/masterWork/tests/samePrefixMarkedMtx/depth4/node4/test0_3.mtx 2.9 6336.19 6.45108e-05 0.000976562 
/home/antonkov/masterWork/tests/samePrefixMarkedMtx/depth4/node4/test0_3.mtx 3 0 -1 -1 
/home/antonkov/masterWork/tests/samePrefixMarkedMtx/depth4/node4/test0_3.mtx 3.1 0 -1 -1 
/home/antonkov/masterWork/tests/samePrefixMarkedMtx/depth4/node4/test0_3.mtx 3.2 0 -1 -1 
/home/antonkov/masterWork/tests/samePrefixMarkedMtx/depth4/node4/test0_3.mtx 3.3 0 -1 -1 
/home/antonkov/masterWork/tests/samePrefixMarkedMtx/depth4/node4/test0_3.mtx 3.4 0 -1 -1 
/home/antonkov/masterWork/tests/samePrefixMarkedMtx/depth4/node4/test0_3.mtx 3.5 0 -1 -1 
/home/antonkov/masterWork/tests/samePrefixMarkedMtx/depth4/node4/test0_4.mtx 1 107.59 0.0792014 0.785 
/home/antonkov/masterWork/tests/samePrefixMarkedMtx/depth4/node4/test0_4.mtx 1.1 98.8141 0.0701476 0.71 
/home/antonkov/masterWork/tests/samePrefixMarkedMtx/depth4/node4/test0_4.mtx 1.2 92.2476 0.0627604 0.65 
/home/antonkov/masterWork/tests/samePrefixMarkedMtx/depth4/node4/test0_4.mtx 1.3 89.2366 0.0507292 0.555 
/home/antonkov/masterWork/tests/samePrefixMarkedMtx/depth4/node4/test0_4.mtx 1.4 115.516 0.042691 0.476667 
/home/antonkov/masterWork/tests/samePrefixMarkedMtx/depth4/node4/test0_4.mtx 1.5 105.556 0.0340104 0.393333 
/home/antonkov/masterWork/tests/samePrefixMarkedMtx/depth4/node4/test0_4.mtx 1.6 125.941 0.0273698 0.325 
/home/antonkov/masterWork/tests/samePrefixMarkedMtx/depth4/node4/test0_4.mtx 1.7 138.133 0.0198889 0.24 
/home/antonkov/masterWork/tests/samePrefixMarkedMtx/depth4/node4/test0_4.mtx 1.8 146.819 0.01568 0.193333 
/home/antonkov/masterWork/tests/samePrefixMarkedMtx/depth4/node4/test0_4.mtx 1.9 152.914 0.0115675 0.144286 
/home/antonkov/masterWork/tests/samePrefixMarkedMtx/depth4/node4/test0_4.mtx 2 193.911 0.00835938 0.106 
/home/antonkov/masterWork/tests/samePrefixMarkedMtx/depth4/node4/test0_4.mtx 2.1 228.312 0.00611779 0.0769231 
/home/antonkov/masterWork/tests/samePrefixMarkedMtx/depth4/node4/test0_4.mtx 2.2 323.024 0.00344659 0.0480952 
/home/antonkov/masterWork/tests/samePrefixMarkedMtx/depth4/node4/test0_4.mtx 2.3 396.813 0.00237428 0.0351724 
/home/antonkov/masterWork/tests/samePrefixMarkedMtx/depth4/node4/test0_4.mtx 2.4 658.346 0.00125354 0.0188889 
/home/antonkov/masterWork/tests/samePrefixMarkedMtx/depth4/node4/test0_4.mtx 2.5 1026.04 0.000712348 0.0104167 
/home/antonkov/masterWork/tests/samePrefixMarkedMtx/depth4/node4/test0_4.mtx 2.6 1620.83 0.000389087 0.00571429 
/home/antonkov/masterWork/tests/samePrefixMarkedMtx/depth4/node4/test0_4.mtx 2.7 2046.26 0.000237896 0.00401606 
/home/antonkov/masterWork/tests/samePrefixMarkedMtx/depth4/node4/test0_4.mtx 2.8 3060.09 0.000142579 0.00241546 
/home/antonkov/masterWork/tests/samePrefixMarkedMtx/depth4/node4/test0_4.mtx 2.9 5478.15 6.98357e-05 0.00118624 
/home/antonkov/masterWork/tests/samePrefixMarkedMtx/depth4/node4/test0_4.mtx 3 9915.71 3.46411e-05 0.000583771 
/home/antonkov/masterWork/tests/samePrefixMarkedMtx/depth4/node4/test0_4.mtx 3.1 0 -1 -1 
/home/antonkov/masterWork/tests/samePrefixMarkedMtx/depth4/node4/test0_4.mtx 3.2 0 -1 -1 
/home/antonkov/masterWork/tests/samePrefixMarkedMtx/depth4/node4/test0_4.mtx 3.3 0 -1 -1 
/home/antonkov/masterWork/tests/samePrefixMarkedMtx/depth4/node4/test0_4.mtx 3.4 0 -1 -1 
/home/antonkov/masterWork/tests/samePrefixMarkedMtx/depth4/node4/test0_4.mtx 3.5 0 -1 -1 
/home/antonkov/masterWork/tests/samePrefixMarkedMtx/depth4/node4/test1_0.mtx 1 111.523 0.0847743 0.845 
/home/antonkov/masterWork/tests/samePrefixMarkedMtx/depth4/node4/test1_0.mtx 1.1 111.473 0.0751476 0.78 
/home/antonkov/masterWork/tests/samePrefixMarkedMtx/depth4/node4/test1_0.mtx 1.2 103.201 0.0626042 0.685 
/home/antonkov/masterWork/tests/samePrefixMarkedMtx/depth4/node4/test1_0.mtx 1.3 97.4415 0.0532118 0.595 
/home/antonkov/masterWork/tests/samePrefixMarkedMtx/depth4/node4/test1_0.mtx 1.4 122.05 0.0435648 0.493333 
/home/antonkov/masterWork/tests/samePrefixMarkedMtx/depth4/node4/test1_0.mtx 1.5 114.555 0.0343981 0.4 
/home/antonkov/masterWork/tests/samePrefixMarkedMtx/depth4/node4/test1_0.mtx 1.6 106.776 0.0278472 0.336667 
/home/antonkov/masterWork/tests/samePrefixMarkedMtx/depth4/node4/test1_0.mtx 1.7 139.418 0.0182118 0.222 
/home/antonkov/masterWork/tests/samePrefixMarkedMtx/depth4/node4/test1_0.mtx 1.8 152.482 0.0147714 0.188333 
/home/antonkov/masterWork/tests/samePrefixMarkedMtx/depth4/node4/test1_0.mtx 1.9 181.582 0.0102539 0.1375 
/home/antonkov/masterWork/tests/samePrefixMarkedMtx/depth4/node4/test1_0.mtx 2 239.059 0.00690538 0.09 
/home/antonkov/masterWork/tests/samePrefixMarkedMtx/depth4/node4/test1_0.mtx 2.1 299.47 0.00409336 0.0561111 
/home/antonkov/masterWork/tests/samePrefixMarkedMtx/depth4/node4/test1_0.mtx 2.2 388.883 0.00292917 0.0416 
/home/antonkov/masterWork/tests/samePrefixMarkedMtx/depth4/node4/test1_0.mtx 2.3 516.026 0.00171341 0.0258974 
/home/antonkov/masterWork/tests/samePrefixMarkedMtx/depth4/node4/test1_0.mtx 2.4 728.326 0.00107269 0.0165574 
/home/antonkov/masterWork/tests/samePrefixMarkedMtx/depth4/node4/test1_0.mtx 2.5 830.732 0.000789592 0.012987 
/home/antonkov/masterWork/tests/samePrefixMarkedMtx/depth4/node4/test1_0.mtx 2.6 1195.37 0.000393291 0.00787402 
/home/antonkov/masterWork/tests/samePrefixMarkedMtx/depth4/node4/test1_0.mtx 2.7 1688.33 0.00021074 0.00495049 
/home/antonkov/masterWork/tests/samePrefixMarkedMtx/depth4/node4/test1_0.mtx 2.8 2035.97 0.000129751 0.0037594 
/home/antonkov/masterWork/tests/samePrefixMarkedMtx/depth4/node4/test1_0.mtx 2.9 2819.54 7.32331e-05 0.00239808 
/home/antonkov/masterWork/tests/samePrefixMarkedMtx/depth4/node4/test1_0.mtx 3 3444.78 4.13584e-05 0.00182971 
/home/antonkov/masterWork/tests/samePrefixMarkedMtx/depth4/node4/test1_0.mtx 3.1 4205.76 2.5735e-05 0.0013587 
/home/antonkov/masterWork/tests/samePrefixMarkedMtx/depth4/node4/test1_0.mtx 3.2 5190.98 1.67142e-05 0.00100705 
/home/antonkov/masterWork/tests/samePrefixMarkedMtx/depth4/node4/test1_0.mtx 3.3 6541.14 1.13286e-05 0.000744048 
/home/antonkov/masterWork/tests/samePrefixMarkedMtx/depth4/node4/test1_0.mtx 3.4 0 -1 -1 
/home/antonkov/masterWork/tests/samePrefixMarkedMtx/depth4/node4/test1_0.mtx 3.5 0 -1 -1 
/home/antonkov/masterWork/tests/samePrefixMarkedMtx/depth4/node4/test1_1.mtx 1 113.539 0.0778646 0.8 
/home/antonkov/masterWork/tests/samePrefixMarkedMtx/depth4/node4/test1_1.mtx 1.1 105.336 0.0692708 0.735 
/home/antonkov/masterWork/tests/samePrefixMarkedMtx/depth4/node4/test1_1.mtx 1.2 100.722 0.059809 0.655 
/home/antonkov/masterWork/tests/samePrefixMarkedMtx/depth4/node4/test1_1.mtx 1.3 94.3945 0.0513802 0.565 
/home/antonkov/masterWork/tests/samePrefixMarkedMtx/depth4/node4/test1_1.mtx 1.4 90.9025 0.0437326 0.505 
/home/antonkov/masterWork/tests/samePrefixMarkedMtx/depth4/node4/test1_1.mtx 1.5 112.319 0.033125 0.386667 
/home/antonkov/masterWork/tests/samePrefixMarkedMtx/depth4/node4/test1_1.mtx 1.6 130.739 0.0245139 0.2925 
/home/antonkov/masterWork/tests/samePrefixMarkedMtx/depth4/node4/test1_1.mtx 1.7 140.45 0.0189167 0.226 
/home/antonkov/masterWork/tests/samePrefixMarkedMtx/depth4/node4/test1_1.mtx 1.8 153.191 0.0148437 0.178333 
/home/antonkov/masterWork/tests/samePrefixMarkedMtx/depth4/node4/test1_1.mtx 1.9 175.104 0.0108377 0.13125 
/home/antonkov/masterWork/tests/samePrefixMarkedMtx/depth4/node4/test1_1.mtx 2 200.842 0.00846875 0.106 
/home/antonkov/masterWork/tests/samePrefixMarkedMtx/depth4/node4/test1_1.mtx 2.1 245.598 0.00583209 0.0742857 
/home/antonkov/masterWork/tests/samePrefixMarkedMtx/depth4/node4/test1_1.mtx 2.2 373.857 0.00324146 0.0416667 
/home/antonkov/masterWork/tests/samePrefixMarkedMtx/depth4/node4/test1_1.mtx 2.3 498.847 0.00190315 0.0272973 
/home/antonkov/masterWork/tests/samePrefixMarkedMtx/depth4/node4/test1_1.mtx 2.4 690.749 0.00121977 0.0174138 
/home/antonkov/masterWork/tests/samePrefixMarkedMtx/depth4/node4/test1_1.mtx 2.5 979.404 0.000691155 0.0105263 
/home/antonkov/masterWork/tests/samePrefixMarkedMtx/depth4/node4/test1_1.mtx 2.6 1575.22 0.000386661 0.00578035 
/home/antonkov/masterWork/tests/samePrefixMarkedMtx/depth4/node4/test1_1.mtx 2.7 2734.25 0.000192038 0.00292398 
/home/antonkov/masterWork/tests/samePrefixMarkedMtx/depth4/node4/test1_1.mtx 2.8 3465.77 0.000140027 0.00204918 
/home/antonkov/masterWork/tests/samePrefixMarkedMtx/depth4/node4/test1_1.mtx 2.9 6256.22 5.67106e-05 0.001002 
/home/antonkov/masterWork/tests/samePrefixMarkedMtx/depth4/node4/test1_1.mtx 3 9179.73 3.58919e-05 0.00062383 
/home/antonkov/masterWork/tests/samePrefixMarkedMtx/depth4/node4/test1_1.mtx 3.1 0 -1 -1 
/home/antonkov/masterWork/tests/samePrefixMarkedMtx/depth4/node4/test1_1.mtx 3.2 0 -1 -1 
/home/antonkov/masterWork/tests/samePrefixMarkedMtx/depth4/node4/test1_1.mtx 3.3 0 -1 -1 
/home/antonkov/masterWork/tests/samePrefixMarkedMtx/depth4/node4/test1_1.mtx 3.4 0 -1 -1 
/home/antonkov/masterWork/tests/samePrefixMarkedMtx/depth4/node4/test1_1.mtx 3.5 0 -1 -1 
/home/antonkov/masterWork/tests/samePrefixMarkedMtx/depth4/node4/test1_2.mtx 1 114.059 0.0802691 0.8 
/home/antonkov/masterWork/tests/samePrefixMarkedMtx/depth4/node4/test1_2.mtx 1.1 107.04 0.0719965 0.745 
/home/antonkov/masterWork/tests/samePrefixMarkedMtx/depth4/node4/test1_2.mtx 1.2 96.3099 0.0616406 0.665 
/home/antonkov/masterWork/tests/samePrefixMarkedMtx/depth4/node4/test1_2.mtx 1.3 95.1579 0.0511198 0.57 
/home/antonkov/masterWork/tests/samePrefixMarkedMtx/depth4/node4/test1_2.mtx 1.4 115.902 0.0409028 0.473333 
/home/antonkov/masterWork/tests/samePrefixMarkedMtx/depth4/node4/test1_2.mtx 1.5 111.247 0.032691 0.386667 
/home/antonkov/masterWork/tests/samePrefixMarkedMtx/depth4/node4/test1_2.mtx 1.6 128.779 0.0241493 0.29 
/home/antonkov/masterWork/tests/samePrefixMarkedMtx/depth4/node4/test1_2.mtx 1.7 134.907 0.0171042 0.21 
/home/antonkov/masterWork/tests/samePrefixMarkedMtx/depth4/node4/test1_2.mtx 1.8 145.067 0.0140712 0.173333 
/home/antonkov/masterWork/tests/samePrefixMarkedMtx/depth4/node4/test1_2.mtx 1.9 171.819 0.00974392 0.125 
/home/antonkov/masterWork/tests/samePrefixMarkedMtx/depth4/node4/test1_2.mtx 2 209.814 0.00698232 0.0945455 
/home/antonkov/masterWork/tests/samePrefixMarkedMtx/depth4/node4/test1_2.mtx 2.1 256.185 0.0051794 0.0686667 
/home/antonkov/masterWork/tests/samePrefixMarkedMtx/depth4/node4/test1_2.mtx 2.2 380.25 0.00291466 0.0396154 
/home/antonkov/masterWork/tests/samePrefixMarkedMtx/depth4/node4/test1_2.mtx 2.3 510.822 0.00200841 0.0273684 
/home/antonkov/masterWork/tests/samePrefixMarkedMtx/depth4/node4/test1_2.mtx 2.4 671.941 0.00126553 0.0175439 
/home/antonkov/masterWork/tests/samePrefixMarkedMtx/depth4/node4/test1_2.mtx 2.5 1054.6 0.000710774 0.01 
/home/antonkov/masterWork/tests/samePrefixMarkedMtx/depth4/node4/test1_2.mtx 2.6 1637.71 0.000392795 0.00568182 
/home/antonkov/masterWork/tests/samePrefixMarkedMtx/depth4/node4/test1_2.mtx 2.7 2353.11 0.00021775 0.00338983 
/home/antonkov/masterWork/tests/samePrefixMarkedMtx/depth4/node4/test1_2.mtx 2.8 3549.97 0.000127418 0.00198413 
/home/antonkov/masterWork/tests/samePrefixMarkedMtx/depth4/node4/test1_2.mtx 2.9 6814.83 5.31871e-05 0.000908265 
/home/antonkov/masterWork/tests/samePrefixMarkedMtx/depth4/node4/test1_2.mtx 3 0 -1 -1 
/home/antonkov/masterWork/tests/samePrefixMarkedMtx/depth4/node4/test1_2.mtx 3.1 0 -1 -1 
/home/antonkov/masterWork/tests/samePrefixMarkedMtx/depth4/node4/test1_2.mtx 3.2 0 -1 -1 
/home/antonkov/masterWork/tests/samePrefixMarkedMtx/depth4/node4/test1_2.mtx 3.3 0 -1 -1 
/home/antonkov/masterWork/tests/samePrefixMarkedMtx/depth4/node4/test1_2.mtx 3.4 0 -1 -1 
/home/antonkov/masterWork/tests/samePrefixMarkedMtx/depth4/node4/test1_2.mtx 3.5 0 -1 -1 
/home/antonkov/masterWork/tests/samePrefixMarkedMtx/depth4/node4/test1_3.mtx 1 113.982 0.0819097 0.825 
/home/antonkov/masterWork/tests/samePrefixMarkedMtx/depth4/node4/test1_3.mtx 1.1 103.185 0.0689844 0.705 
/home/antonkov/masterWork/tests/samePrefixMarkedMtx/depth4/node4/test1_3.mtx 1.2 95.575 0.0603559 0.645 
/home/antonkov/masterWork/tests/samePrefixMarkedMtx/depth4/node4/test1_3.mtx 1.3 89.9493 0.0496875 0.545 
/home/antonkov/masterWork/tests/samePrefixMarkedMtx/depth4/node4/test1_3.mtx 1.4 115.82 0.041713 0.463333 
/home/antonkov/masterWork/tests/samePrefixMarkedMtx/depth4/node4/test1_3.mtx 1.5 109.537 0.0341725 0.393333 
/home/antonkov/masterWork/tests/samePrefixMarkedMtx/depth4/node4/test1_3.mtx 1.6 127.398 0.0260069 0.3125 
/home/antonkov/masterWork/tests/samePrefixMarkedMtx/depth4/node4/test1_3.mtx 1.7 136.613 0.0185868 0.222 
/home/antonkov/masterWork/tests/samePrefixMarkedMtx/depth4/node4/test1_3.mtx 1.8 150.107 0.0150521 0.175 
/home/antonkov/masterWork/tests/samePrefixMarkedMtx/depth4/node4/test1_3.mtx 1.9 185.65 0.0109144 0.128889 
/home/antonkov/masterWork/tests/samePrefixMarkedMtx/depth4/node4/test1_3.mtx 2 209.697 0.0076452 0.0927273 
/home/antonkov/masterWork/tests/samePrefixMarkedMtx/depth4/node4/test1_3.mtx 2.1 259.697 0.00565394 0.0673333 
/home/antonkov/masterWork/tests/samePrefixMarkedMtx/depth4/node4/test1_3.mtx 2.2 325.162 0.00378555 0.047619 
/home/antonkov/masterWork/tests/samePrefixMarkedMtx/depth4/node4/test1_3.mtx 2.3 442.097 0.00224853 0.0306061 
/home/antonkov/masterWork/tests/samePrefixMarkedMtx/depth4/node4/test1_3.mtx 2.4 612.617 0.00147817 0.0206122 
/home/antonkov/masterWork/tests/samePrefixMarkedMtx/depth4/node4/test1_3.mtx 2.5 971.948 0.000756173 0.0111111 
/home/antonkov/masterWork/tests/samePrefixMarkedMtx/depth4/node4/test1_3.mtx 2.6 1556.11 0.000382045 0.00581395 
/home/antonkov/masterWork/tests/samePrefixMarkedMtx/depth4/node4/test1_3.mtx 2.7 2297.07 0.000211206 0.00352113 
/home/antonkov/masterWork/tests/samePrefixMarkedMtx/depth4/node4/test1_3.mtx 2.8 3780.58 0.000117875 0.00188082 
/home/antonkov/masterWork/tests/samePrefixMarkedMtx/depth4/node4/test1_3.mtx 2.9 5732.97 6.36574e-05 0.00108225 
/home/antonkov/masterWork/tests/samePrefixMarkedMtx/depth4/node4/test1_3.mtx 3 10205.6 2.84847e-05 0.000549809 
/home/antonkov/masterWork/tests/samePrefixMarkedMtx/depth4/node4/test1_3.mtx 3.1 0 -1 -1 
/home/antonkov/masterWork/tests/samePrefixMarkedMtx/depth4/node4/test1_3.mtx 3.2 0 -1 -1 
/home/antonkov/masterWork/tests/samePrefixMarkedMtx/depth4/node4/test1_3.mtx 3.3 0 -1 -1 
/home/antonkov/masterWork/tests/samePrefixMarkedMtx/depth4/node4/test1_3.mtx 3.4 0 -1 -1 
/home/antonkov/masterWork/tests/samePrefixMarkedMtx/depth4/node4/test1_3.mtx 3.5 0 -1 -1 
/home/antonkov/masterWork/tests/samePrefixMarkedMtx/depth4/node4/test1_4.mtx 1 111.873 0.0784549 0.785 
/home/antonkov/masterWork/tests/samePrefixMarkedMtx/depth4/node4/test1_4.mtx 1.1 104.554 0.0692795 0.72 
/home/antonkov/masterWork/tests/samePrefixMarkedMtx/depth4/node4/test1_4.mtx 1.2 96.9231 0.0576302 0.615 
/home/antonkov/masterWork/tests/samePrefixMarkedMtx/depth4/node4/test1_4.mtx 1.3 91.1219 0.0506771 0.545 
/home/antonkov/masterWork/tests/samePrefixMarkedMtx/depth4/node4/test1_4.mtx 1.4 120.613 0.0432812 0.483333 
/home/antonkov/masterWork/tests/samePrefixMarkedMtx/depth4/node4/test1_4.mtx 1.5 114.122 0.0359144 0.413333 
/home/antonkov/masterWork/tests/samePrefixMarkedMtx/depth4/node4/test1_4.mtx 1.6 107.829 0.0291319 0.353333 
/home/antonkov/masterWork/tests/samePrefixMarkedMtx/depth4/node4/test1_4.mtx 1.7 143.408 0.0194028 0.236 
/home/antonkov/masterWork/tests/samePrefixMarkedMtx/depth4/node4/test1_4.mtx 1.8 153.773 0.0148003 0.18 
/home/antonkov/masterWork/tests/samePrefixMarkedMtx/depth4/node4/test1_4.mtx 1.9 194.704 0.0110899 0.136667 
/home/antonkov/masterWork/tests/samePrefixMarkedMtx/depth4/node4/test1_4.mtx 2 214.573 0.00732165 0.0954545 
/home/antonkov/masterWork/tests/samePrefixMarkedMtx/depth4/node4/test1_4.mtx 2.1 256.654 0.00561343 0.0686667 
/home/antonkov/masterWork/tests/samePrefixMarkedMtx/depth4/node4/test1_4.mtx 2.2 380.928 0.00307626 0.0384615 
/home/antonkov/masterWork/tests/samePrefixMarkedMtx/depth4/node4/test1_4.mtx 2.3 482.859 0.00202937 0.0272973 
/home/antonkov/masterWork/tests/samePrefixMarkedMtx/depth4/node4/test1_4.mtx 2.4 760.299 0.00112553 0.0153846 
/home/antonkov/masterWork/tests/samePrefixMarkedMtx/depth4/node4/test1_4.mtx 2.5 972.739 0.000730473 0.0108602 
/home/antonkov/masterWork/tests/samePrefixMarkedMtx/depth4/node4/test1_4.mtx 2.6 1356.48 0.000453424 0.00689655 
/home/antonkov/masterWork/tests/samePrefixMarkedMtx/depth4/node4/test1_4.mtx 2.7 2216.16 0.000246942 0.00373134 
/home/antonkov/masterWork/tests/samePrefixMarkedMtx/depth4/node4/test1_4.mtx 2.8 2869.03 0.000166972 0.00258398 
/home/antonkov/masterWork/tests/samePrefixMarkedMtx/depth4/node4/test1_4.mtx 2.9 5180.65 8.39301e-05 0.00124533 
/home/antonkov/masterWork/tests/samePrefixMarkedMtx/depth4/node4/test1_4.mtx 3 9266.91 4.10736e-05 0.000621118 
/home/antonkov/masterWork/tests/samePrefixMarkedMtx/depth4/node4/test1_4.mtx 3.1 0 -1 -1 
/home/antonkov/masterWork/tests/samePrefixMarkedMtx/depth4/node4/test1_4.mtx 3.2 0 -1 -1 
/home/antonkov/masterWork/tests/samePrefixMarkedMtx/depth4/node4/test1_4.mtx 3.3 0 -1 -1 
/home/antonkov/masterWork/tests/samePrefixMarkedMtx/depth4/node4/test1_4.mtx 3.4 0 -1 -1 
/home/antonkov/masterWork/tests/samePrefixMarkedMtx/depth4/node4/test1_4.mtx 3.5 0 -1 -1 
