Results
Filename SNR Time(ms) BER FER
/home/antonkov/masterWork/tests/samePrefixMarkedMtx/depth4/node5/test0_0.mtx 1 132.788 0.0799392 0.81 
/home/antonkov/masterWork/tests/samePrefixMarkedMtx/depth4/node5/test0_0.mtx 1.1 114.553 0.0713368 0.745 
/home/antonkov/masterWork/tests/samePrefixMarkedMtx/depth4/node5/test0_0.mtx 1.2 104.385 0.060842 0.64 
/home/antonkov/masterWork/tests/samePrefixMarkedMtx/depth4/node5/test0_0.mtx 1.3 93.0241 0.0528385 0.575 
/home/antonkov/masterWork/tests/samePrefixMarkedMtx/depth4/node5/test0_0.mtx 1.4 87.9028 0.0463368 0.51 
/home/antonkov/masterWork/tests/samePrefixMarkedMtx/depth4/node5/test0_0.mtx 1.5 115.147 0.0375116 0.43 
/home/antonkov/masterWork/tests/samePrefixMarkedMtx/depth4/node5/test0_0.mtx 1.6 125.332 0.0256597 0.305 
/home/antonkov/masterWork/tests/samePrefixMarkedMtx/depth4/node5/test0_0.mtx 1.7 140.137 0.020059 0.24 
/home/antonkov/masterWork/tests/samePrefixMarkedMtx/depth4/node5/test0_0.mtx 1.8 141.364 0.0140596 0.17 
/home/antonkov/masterWork/tests/samePrefixMarkedMtx/depth4/node5/test0_0.mtx 1.9 181.278 0.00935571 0.117778 
/home/antonkov/masterWork/tests/samePrefixMarkedMtx/depth4/node5/test0_0.mtx 2 235.865 0.00617922 0.0776923 
/home/antonkov/masterWork/tests/samePrefixMarkedMtx/depth4/node5/test0_0.mtx 2.1 287.533 0.00438657 0.0566667 
/home/antonkov/masterWork/tests/samePrefixMarkedMtx/depth4/node5/test0_0.mtx 2.2 385.731 0.0030144 0.0381481 
/home/antonkov/masterWork/tests/samePrefixMarkedMtx/depth4/node5/test0_0.mtx 2.3 520.886 0.0018966 0.0246341 
/home/antonkov/masterWork/tests/samePrefixMarkedMtx/depth4/node5/test0_0.mtx 2.4 745.659 0.00116854 0.0153846 
/home/antonkov/masterWork/tests/samePrefixMarkedMtx/depth4/node5/test0_0.mtx 2.5 1181.77 0.00063231 0.00877193 
/home/antonkov/masterWork/tests/samePrefixMarkedMtx/depth4/node5/test0_0.mtx 2.6 2042.18 0.000295804 0.00425532 
/home/antonkov/masterWork/tests/samePrefixMarkedMtx/depth4/node5/test0_0.mtx 2.7 3227.81 0.000162158 0.00231481 
/home/antonkov/masterWork/tests/samePrefixMarkedMtx/depth4/node5/test0_0.mtx 2.8 4635.41 9.90926e-05 0.00143266 
/home/antonkov/masterWork/tests/samePrefixMarkedMtx/depth4/node5/test0_0.mtx 2.9 7366.31 5.17618e-05 0.000805153 
/home/antonkov/masterWork/tests/samePrefixMarkedMtx/depth4/node5/test0_0.mtx 3 0 -1 -1 
/home/antonkov/masterWork/tests/samePrefixMarkedMtx/depth4/node5/test0_0.mtx 3.1 0 -1 -1 
/home/antonkov/masterWork/tests/samePrefixMarkedMtx/depth4/node5/test0_0.mtx 3.2 0 -1 -1 
/home/antonkov/masterWork/tests/samePrefixMarkedMtx/depth4/node5/test0_0.mtx 3.3 0 -1 -1 
/home/antonkov/masterWork/tests/samePrefixMarkedMtx/depth4/node5/test0_0.mtx 3.4 0 -1 -1 
/home/antonkov/masterWork/tests/samePrefixMarkedMtx/depth4/node5/test0_0.mtx 3.5 0 -1 -1 
/home/antonkov/masterWork/tests/samePrefixMarkedMtx/depth4/node5/test0_1.mtx 1 112.958 0.0788628 0.775 
/home/antonkov/masterWork/tests/samePrefixMarkedMtx/depth4/node5/test0_1.mtx 1.1 108.938 0.0709635 0.725 
/home/antonkov/masterWork/tests/samePrefixMarkedMtx/depth4/node5/test0_1.mtx 1.2 96.48 0.0589062 0.62 
/home/antonkov/masterWork/tests/samePrefixMarkedMtx/depth4/node5/test0_1.mtx 1.3 93.2072 0.0492535 0.525 
/home/antonkov/masterWork/tests/samePrefixMarkedMtx/depth4/node5/test0_1.mtx 1.4 116.246 0.0362095 0.43 
/home/antonkov/masterWork/tests/samePrefixMarkedMtx/depth4/node5/test0_1.mtx 1.5 132.354 0.0276259 0.3125 
/home/antonkov/masterWork/tests/samePrefixMarkedMtx/depth4/node5/test0_1.mtx 1.6 146.293 0.0219444 0.25 
/home/antonkov/masterWork/tests/samePrefixMarkedMtx/depth4/node5/test0_1.mtx 1.7 159.845 0.0176939 0.208333 
/home/antonkov/masterWork/tests/samePrefixMarkedMtx/depth4/node5/test0_1.mtx 1.8 169.649 0.013378 0.161429 
/home/antonkov/masterWork/tests/samePrefixMarkedMtx/depth4/node5/test0_1.mtx 1.9 195.33 0.00990934 0.122222 
/home/antonkov/masterWork/tests/samePrefixMarkedMtx/depth4/node5/test0_1.mtx 2 208.17 0.00714331 0.0963636 
/home/antonkov/masterWork/tests/samePrefixMarkedMtx/depth4/node5/test0_1.mtx 2.1 262.725 0.00461574 0.0666667 
/home/antonkov/masterWork/tests/samePrefixMarkedMtx/depth4/node5/test0_1.mtx 2.2 347.976 0.00282749 0.0481818 
/home/antonkov/masterWork/tests/samePrefixMarkedMtx/depth4/node5/test0_1.mtx 2.3 476.564 0.0015005 0.0291429 
/home/antonkov/masterWork/tests/samePrefixMarkedMtx/depth4/node5/test0_1.mtx 2.4 589.63 0.00100166 0.0219565 
/home/antonkov/masterWork/tests/samePrefixMarkedMtx/depth4/node5/test0_1.mtx 2.5 732.788 0.000608995 0.015625 
/home/antonkov/masterWork/tests/samePrefixMarkedMtx/depth4/node5/test0_1.mtx 2.6 983.056 0.000271991 0.0108602 
/home/antonkov/masterWork/tests/samePrefixMarkedMtx/depth4/node5/test0_1.mtx 2.7 1075.69 0.00014678 0.00909091 
/home/antonkov/masterWork/tests/samePrefixMarkedMtx/depth4/node5/test0_1.mtx 2.8 1128.32 0.000103607 0.00806452 
/home/antonkov/masterWork/tests/samePrefixMarkedMtx/depth4/node5/test0_1.mtx 2.9 1242.12 5.57445e-05 0.00680272 
/home/antonkov/masterWork/tests/samePrefixMarkedMtx/depth4/node5/test0_1.mtx 3 1192.04 5.7362e-05 0.00675676 
/home/antonkov/masterWork/tests/samePrefixMarkedMtx/depth4/node5/test0_1.mtx 3.1 1337.74 2.90333e-05 0.00564972 
/home/antonkov/masterWork/tests/samePrefixMarkedMtx/depth4/node5/test0_1.mtx 3.2 1385.39 2.80656e-05 0.00518135 
/home/antonkov/masterWork/tests/samePrefixMarkedMtx/depth4/node5/test0_1.mtx 3.3 1354.34 2.72692e-05 0.00505051 
/home/antonkov/masterWork/tests/samePrefixMarkedMtx/depth4/node5/test0_1.mtx 3.4 1408.05 2.53115e-05 0.00471963 
/home/antonkov/masterWork/tests/samePrefixMarkedMtx/depth4/node5/test0_1.mtx 3.5 1430.44 2.60417e-05 0.00442478 
/home/antonkov/masterWork/tests/samePrefixMarkedMtx/depth4/node5/test0_2.mtx 1 104.492 0.0719531 0.7 
/home/antonkov/masterWork/tests/samePrefixMarkedMtx/depth4/node5/test0_2.mtx 1.1 101.235 0.0644965 0.645 
/home/antonkov/masterWork/tests/samePrefixMarkedMtx/depth4/node5/test0_2.mtx 1.2 91.796 0.054566 0.57 
/home/antonkov/masterWork/tests/samePrefixMarkedMtx/depth4/node5/test0_2.mtx 1.3 121.216 0.0483507 0.516667 
/home/antonkov/masterWork/tests/samePrefixMarkedMtx/depth4/node5/test0_2.mtx 1.4 116.612 0.0404282 0.443333 
/home/antonkov/masterWork/tests/samePrefixMarkedMtx/depth4/node5/test0_2.mtx 1.5 105.882 0.0319097 0.366667 
/home/antonkov/masterWork/tests/samePrefixMarkedMtx/depth4/node5/test0_2.mtx 1.6 122.292 0.023928 0.2825 
/home/antonkov/masterWork/tests/samePrefixMarkedMtx/depth4/node5/test0_2.mtx 1.7 137.939 0.0181771 0.218 
/home/antonkov/masterWork/tests/samePrefixMarkedMtx/depth4/node5/test0_2.mtx 1.8 152.657 0.0140828 0.17 
/home/antonkov/masterWork/tests/samePrefixMarkedMtx/depth4/node5/test0_2.mtx 1.9 190.738 0.0100521 0.125556 
/home/antonkov/masterWork/tests/samePrefixMarkedMtx/depth4/node5/test0_2.mtx 2 225.153 0.00729167 0.0875 
/home/antonkov/masterWork/tests/samePrefixMarkedMtx/depth4/node5/test0_2.mtx 2.1 268.089 0.00509983 0.06375 
/home/antonkov/masterWork/tests/samePrefixMarkedMtx/depth4/node5/test0_2.mtx 2.2 377.816 0.00306023 0.0388462 
/home/antonkov/masterWork/tests/samePrefixMarkedMtx/depth4/node5/test0_2.mtx 2.3 464.102 0.00212202 0.0288571 
/home/antonkov/masterWork/tests/samePrefixMarkedMtx/depth4/node5/test0_2.mtx 2.4 779.754 0.00104882 0.015 
/home/antonkov/masterWork/tests/samePrefixMarkedMtx/depth4/node5/test0_2.mtx 2.5 1091.51 0.000598214 0.00961905 
/home/antonkov/masterWork/tests/samePrefixMarkedMtx/depth4/node5/test0_2.mtx 2.6 1755.53 0.000327331 0.00502513 
/home/antonkov/masterWork/tests/samePrefixMarkedMtx/depth4/node5/test0_2.mtx 2.7 2680.51 0.000174786 0.00294118 
/home/antonkov/masterWork/tests/samePrefixMarkedMtx/depth4/node5/test0_2.mtx 2.8 3829.64 0.000110337 0.00184162 
/home/antonkov/masterWork/tests/samePrefixMarkedMtx/depth4/node5/test0_2.mtx 2.9 6943.12 5.506e-05 0.000897666 
/home/antonkov/masterWork/tests/samePrefixMarkedMtx/depth4/node5/test0_2.mtx 3 0 -1 -1 
/home/antonkov/masterWork/tests/samePrefixMarkedMtx/depth4/node5/test0_2.mtx 3.1 0 -1 -1 
/home/antonkov/masterWork/tests/samePrefixMarkedMtx/depth4/node5/test0_2.mtx 3.2 0 -1 -1 
/home/antonkov/masterWork/tests/samePrefixMarkedMtx/depth4/node5/test0_2.mtx 3.3 0 -1 -1 
/home/antonkov/masterWork/tests/samePrefixMarkedMtx/depth4/node5/test0_2.mtx 3.4 0 -1 -1 
/home/antonkov/masterWork/tests/samePrefixMarkedMtx/depth4/node5/test0_2.mtx 3.5 0 -1 -1 
/home/antonkov/masterWork/tests/samePrefixMarkedMtx/depth4/node5/test0_3.mtx 1 112.693 0.0783941 0.78 
/home/antonkov/masterWork/tests/samePrefixMarkedMtx/depth4/node5/test0_3.mtx 1.1 106.713 0.069349 0.715 
/home/antonkov/masterWork/tests/samePrefixMarkedMtx/depth4/node5/test0_3.mtx 1.2 100.102 0.0612587 0.65 
/home/antonkov/masterWork/tests/samePrefixMarkedMtx/depth4/node5/test0_3.mtx 1.3 95.326 0.0534809 0.58 
/home/antonkov/masterWork/tests/samePrefixMarkedMtx/depth4/node5/test0_3.mtx 1.4 118.786 0.0420255 0.47 
/home/antonkov/masterWork/tests/samePrefixMarkedMtx/depth4/node5/test0_3.mtx 1.5 112.789 0.0333912 0.39 
/home/antonkov/masterWork/tests/samePrefixMarkedMtx/depth4/node5/test0_3.mtx 1.6 127.504 0.0254687 0.3025 
/home/antonkov/masterWork/tests/samePrefixMarkedMtx/depth4/node5/test0_3.mtx 1.7 141.694 0.018309 0.216 
/home/antonkov/masterWork/tests/samePrefixMarkedMtx/depth4/node5/test0_3.mtx 1.8 142.547 0.0140972 0.17 
/home/antonkov/masterWork/tests/samePrefixMarkedMtx/depth4/node5/test0_3.mtx 1.9 195.612 0.0104186 0.122222 
/home/antonkov/masterWork/tests/samePrefixMarkedMtx/depth4/node5/test0_3.mtx 2 219.359 0.00774779 0.0927273 
/home/antonkov/masterWork/tests/samePrefixMarkedMtx/depth4/node5/test0_3.mtx 2.1 259.623 0.00557407 0.0693333 
/home/antonkov/masterWork/tests/samePrefixMarkedMtx/depth4/node5/test0_3.mtx 2.2 354.441 0.00316406 0.0416667 
/home/antonkov/masterWork/tests/samePrefixMarkedMtx/depth4/node5/test0_3.mtx 2.3 506.19 0.00192571 0.0263158 
/home/antonkov/masterWork/tests/samePrefixMarkedMtx/depth4/node5/test0_3.mtx 2.4 754.534 0.00109673 0.0157812 
/home/antonkov/masterWork/tests/samePrefixMarkedMtx/depth4/node5/test0_3.mtx 2.5 1173.2 0.000600754 0.0087931 
/home/antonkov/masterWork/tests/samePrefixMarkedMtx/depth4/node5/test0_3.mtx 2.6 1629.55 0.000375326 0.00552486 
/home/antonkov/masterWork/tests/samePrefixMarkedMtx/depth4/node5/test0_3.mtx 2.7 2682.71 0.000204708 0.00294118 
/home/antonkov/masterWork/tests/samePrefixMarkedMtx/depth4/node5/test0_3.mtx 2.8 4264.81 0.000100062 0.00159744 
/home/antonkov/masterWork/tests/samePrefixMarkedMtx/depth4/node5/test0_3.mtx 2.9 7591.9 5.25402e-05 0.000797448 
/home/antonkov/masterWork/tests/samePrefixMarkedMtx/depth4/node5/test0_3.mtx 3 0 -1 -1 
/home/antonkov/masterWork/tests/samePrefixMarkedMtx/depth4/node5/test0_3.mtx 3.1 0 -1 -1 
/home/antonkov/masterWork/tests/samePrefixMarkedMtx/depth4/node5/test0_3.mtx 3.2 0 -1 -1 
/home/antonkov/masterWork/tests/samePrefixMarkedMtx/depth4/node5/test0_3.mtx 3.3 0 -1 -1 
/home/antonkov/masterWork/tests/samePrefixMarkedMtx/depth4/node5/test0_3.mtx 3.4 0 -1 -1 
/home/antonkov/masterWork/tests/samePrefixMarkedMtx/depth4/node5/test0_3.mtx 3.5 0 -1 -1 
/home/antonkov/masterWork/tests/samePrefixMarkedMtx/depth4/node5/test0_4.mtx 1 111.076 0.0806163 0.81 
/home/antonkov/masterWork/tests/samePrefixMarkedMtx/depth4/node5/test0_4.mtx 1.1 105.749 0.0695833 0.725 
/home/antonkov/masterWork/tests/samePrefixMarkedMtx/depth4/node5/test0_4.mtx 1.2 97.0725 0.0601042 0.635 
/home/antonkov/masterWork/tests/samePrefixMarkedMtx/depth4/node5/test0_4.mtx 1.3 90.0442 0.0509462 0.565 
/home/antonkov/masterWork/tests/samePrefixMarkedMtx/depth4/node5/test0_4.mtx 1.4 116.449 0.0386979 0.426667 
/home/antonkov/masterWork/tests/samePrefixMarkedMtx/depth4/node5/test0_4.mtx 1.5 108.442 0.031059 0.34 
/home/antonkov/masterWork/tests/samePrefixMarkedMtx/depth4/node5/test0_4.mtx 1.6 123.838 0.0247483 0.285 
/home/antonkov/masterWork/tests/samePrefixMarkedMtx/depth4/node5/test0_4.mtx 1.7 140.237 0.0179167 0.214 
/home/antonkov/masterWork/tests/samePrefixMarkedMtx/depth4/node5/test0_4.mtx 1.8 162.895 0.012381 0.148571 
/home/antonkov/masterWork/tests/samePrefixMarkedMtx/depth4/node5/test0_4.mtx 1.9 190.217 0.0092689 0.111111 
/home/antonkov/masterWork/tests/samePrefixMarkedMtx/depth4/node5/test0_4.mtx 2 257.466 0.00606399 0.0735714 
/home/antonkov/masterWork/tests/samePrefixMarkedMtx/depth4/node5/test0_4.mtx 2.1 318.232 0.00401128 0.051 
/home/antonkov/masterWork/tests/samePrefixMarkedMtx/depth4/node5/test0_4.mtx 2.2 429.583 0.00258854 0.034 
/home/antonkov/masterWork/tests/samePrefixMarkedMtx/depth4/node5/test0_4.mtx 2.3 655.78 0.00146468 0.0194231 
/home/antonkov/masterWork/tests/samePrefixMarkedMtx/depth4/node5/test0_4.mtx 2.4 874.505 0.000925564 0.012625 
/home/antonkov/masterWork/tests/samePrefixMarkedMtx/depth4/node5/test0_4.mtx 2.5 1253.53 0.000581666 0.00787402 
/home/antonkov/masterWork/tests/samePrefixMarkedMtx/depth4/node5/test0_4.mtx 2.6 1905.01 0.000346753 0.0045045 
/home/antonkov/masterWork/tests/samePrefixMarkedMtx/depth4/node5/test0_4.mtx 2.7 2824.2 0.000195158 0.00273973 
/home/antonkov/masterWork/tests/samePrefixMarkedMtx/depth4/node5/test0_4.mtx 2.8 4848.25 9.11458e-05 0.00138122 
/home/antonkov/masterWork/tests/samePrefixMarkedMtx/depth4/node5/test0_4.mtx 2.9 7811.22 4.86111e-05 0.000772201 
/home/antonkov/masterWork/tests/samePrefixMarkedMtx/depth4/node5/test0_4.mtx 3 0 -1 -1 
/home/antonkov/masterWork/tests/samePrefixMarkedMtx/depth4/node5/test0_4.mtx 3.1 0 -1 -1 
/home/antonkov/masterWork/tests/samePrefixMarkedMtx/depth4/node5/test0_4.mtx 3.2 0 -1 -1 
/home/antonkov/masterWork/tests/samePrefixMarkedMtx/depth4/node5/test0_4.mtx 3.3 0 -1 -1 
/home/antonkov/masterWork/tests/samePrefixMarkedMtx/depth4/node5/test0_4.mtx 3.4 0 -1 -1 
/home/antonkov/masterWork/tests/samePrefixMarkedMtx/depth4/node5/test0_4.mtx 3.5 0 -1 -1 
/home/antonkov/masterWork/tests/samePrefixMarkedMtx/depth4/node5/test1_0.mtx 1 113.709 0.0802083 0.83 
/home/antonkov/masterWork/tests/samePrefixMarkedMtx/depth4/node5/test1_0.mtx 1.1 112.163 0.0706944 0.76 
/home/antonkov/masterWork/tests/samePrefixMarkedMtx/depth4/node5/test1_0.mtx 1.2 102.676 0.0614149 0.675 
/home/antonkov/masterWork/tests/samePrefixMarkedMtx/depth4/node5/test1_0.mtx 1.3 95.5707 0.0504253 0.57 
/home/antonkov/masterWork/tests/samePrefixMarkedMtx/depth4/node5/test1_0.mtx 1.4 119.495 0.040353 0.466667 
/home/antonkov/masterWork/tests/samePrefixMarkedMtx/depth4/node5/test1_0.mtx 1.5 114.164 0.0338657 0.4 
/home/antonkov/masterWork/tests/samePrefixMarkedMtx/depth4/node5/test1_0.mtx 1.6 129.152 0.0252778 0.3 
/home/antonkov/masterWork/tests/samePrefixMarkedMtx/depth4/node5/test1_0.mtx 1.7 114.742 0.0200825 0.2525 
/home/antonkov/masterWork/tests/samePrefixMarkedMtx/depth4/node5/test1_0.mtx 1.8 150.55 0.014401 0.181667 
/home/antonkov/masterWork/tests/samePrefixMarkedMtx/depth4/node5/test1_0.mtx 1.9 177.669 0.00992404 0.13625 
/home/antonkov/masterWork/tests/samePrefixMarkedMtx/depth4/node5/test1_0.mtx 2 190.759 0.00796528 0.101 
/home/antonkov/masterWork/tests/samePrefixMarkedMtx/depth4/node5/test1_0.mtx 2.1 281.335 0.00458333 0.0617647 
/home/antonkov/masterWork/tests/samePrefixMarkedMtx/depth4/node5/test1_0.mtx 2.2 360.946 0.00301736 0.0404 
/home/antonkov/masterWork/tests/samePrefixMarkedMtx/depth4/node5/test1_0.mtx 2.3 494.75 0.00199412 0.0280556 
/home/antonkov/masterWork/tests/samePrefixMarkedMtx/depth4/node5/test1_0.mtx 2.4 597.013 0.00129323 0.0206122 
/home/antonkov/masterWork/tests/samePrefixMarkedMtx/depth4/node5/test1_0.mtx 2.5 955.531 0.000759746 0.0113636 
/home/antonkov/masterWork/tests/samePrefixMarkedMtx/depth4/node5/test1_0.mtx 2.6 1414.96 0.000418723 0.00664474 
/home/antonkov/masterWork/tests/samePrefixMarkedMtx/depth4/node5/test1_0.mtx 2.7 2405.62 0.000229917 0.00337838 
/home/antonkov/masterWork/tests/samePrefixMarkedMtx/depth4/node5/test1_0.mtx 2.8 3727.11 0.000120324 0.00192678 
/home/antonkov/masterWork/tests/samePrefixMarkedMtx/depth4/node5/test1_0.mtx 2.9 5915.53 6.51413e-05 0.00106838 
/home/antonkov/masterWork/tests/samePrefixMarkedMtx/depth4/node5/test1_0.mtx 3 10743 3.01177e-05 0.000529381 
/home/antonkov/masterWork/tests/samePrefixMarkedMtx/depth4/node5/test1_0.mtx 3.1 0 -1 -1 
/home/antonkov/masterWork/tests/samePrefixMarkedMtx/depth4/node5/test1_0.mtx 3.2 0 -1 -1 
/home/antonkov/masterWork/tests/samePrefixMarkedMtx/depth4/node5/test1_0.mtx 3.3 0 -1 -1 
/home/antonkov/masterWork/tests/samePrefixMarkedMtx/depth4/node5/test1_0.mtx 3.4 0 -1 -1 
/home/antonkov/masterWork/tests/samePrefixMarkedMtx/depth4/node5/test1_0.mtx 3.5 0 -1 -1 
/home/antonkov/masterWork/tests/samePrefixMarkedMtx/depth4/node5/test1_1.mtx 1 112.966 0.0772743 0.82 
/home/antonkov/masterWork/tests/samePrefixMarkedMtx/depth4/node5/test1_1.mtx 1.1 102.257 0.0646788 0.7 
/home/antonkov/masterWork/tests/samePrefixMarkedMtx/depth4/node5/test1_1.mtx 1.2 94.7783 0.0553299 0.595 
/home/antonkov/masterWork/tests/samePrefixMarkedMtx/depth4/node5/test1_1.mtx 1.3 90.7016 0.0460503 0.51 
/home/antonkov/masterWork/tests/samePrefixMarkedMtx/depth4/node5/test1_1.mtx 1.4 118.791 0.0385938 0.436667 
/home/antonkov/masterWork/tests/samePrefixMarkedMtx/depth4/node5/test1_1.mtx 1.5 112.443 0.0301736 0.36 
/home/antonkov/masterWork/tests/samePrefixMarkedMtx/depth4/node5/test1_1.mtx 1.6 128.421 0.0236632 0.2875 
/home/antonkov/masterWork/tests/samePrefixMarkedMtx/depth4/node5/test1_1.mtx 1.7 138.618 0.017941 0.21 
/home/antonkov/masterWork/tests/samePrefixMarkedMtx/depth4/node5/test1_1.mtx 1.8 146.351 0.0142506 0.175 
/home/antonkov/masterWork/tests/samePrefixMarkedMtx/depth4/node5/test1_1.mtx 1.9 191.892 0.00947917 0.121111 
/home/antonkov/masterWork/tests/samePrefixMarkedMtx/depth4/node5/test1_1.mtx 2 225.9 0.00682292 0.0866667 
/home/antonkov/masterWork/tests/samePrefixMarkedMtx/depth4/node5/test1_1.mtx 2.1 299.976 0.0046576 0.0594444 
/home/antonkov/masterWork/tests/samePrefixMarkedMtx/depth4/node5/test1_1.mtx 2.2 407.849 0.00305427 0.0377778 
/home/antonkov/masterWork/tests/samePrefixMarkedMtx/depth4/node5/test1_1.mtx 2.3 519.07 0.00202368 0.0258974 
/home/antonkov/masterWork/tests/samePrefixMarkedMtx/depth4/node5/test1_1.mtx 2.4 733.768 0.00116627 0.016129 
/home/antonkov/masterWork/tests/samePrefixMarkedMtx/depth4/node5/test1_1.mtx 2.5 1048.86 0.00069771 0.00990099 
/home/antonkov/masterWork/tests/samePrefixMarkedMtx/depth4/node5/test1_1.mtx 2.6 1484.87 0.000433919 0.00625 
/home/antonkov/masterWork/tests/samePrefixMarkedMtx/depth4/node5/test1_1.mtx 2.7 2470.65 0.000218921 0.00331148 
/home/antonkov/masterWork/tests/samePrefixMarkedMtx/depth4/node5/test1_1.mtx 2.8 3618.86 0.000131291 0.0019802 
/home/antonkov/masterWork/tests/samePrefixMarkedMtx/depth4/node5/test1_1.mtx 2.9 5497.41 7.21108e-05 0.00115473 
/home/antonkov/masterWork/tests/samePrefixMarkedMtx/depth4/node5/test1_1.mtx 3 10634.5 3.06858e-05 0.000534474 
/home/antonkov/masterWork/tests/samePrefixMarkedMtx/depth4/node5/test1_1.mtx 3.1 0 -1 -1 
/home/antonkov/masterWork/tests/samePrefixMarkedMtx/depth4/node5/test1_1.mtx 3.2 0 -1 -1 
/home/antonkov/masterWork/tests/samePrefixMarkedMtx/depth4/node5/test1_1.mtx 3.3 0 -1 -1 
/home/antonkov/masterWork/tests/samePrefixMarkedMtx/depth4/node5/test1_1.mtx 3.4 0 -1 -1 
/home/antonkov/masterWork/tests/samePrefixMarkedMtx/depth4/node5/test1_1.mtx 3.5 0 -1 -1 
/home/antonkov/masterWork/tests/samePrefixMarkedMtx/depth4/node5/test1_2.mtx 1 110.94 0.0767969 0.79 
/home/antonkov/masterWork/tests/samePrefixMarkedMtx/depth4/node5/test1_2.mtx 1.1 107.08 0.0665885 0.705 
/home/antonkov/masterWork/tests/samePrefixMarkedMtx/depth4/node5/test1_2.mtx 1.2 99.1844 0.0579861 0.63 
/home/antonkov/masterWork/tests/samePrefixMarkedMtx/depth4/node5/test1_2.mtx 1.3 91.19 0.0487934 0.55 
/home/antonkov/masterWork/tests/samePrefixMarkedMtx/depth4/node5/test1_2.mtx 1.4 115.351 0.0379456 0.426667 
/home/antonkov/masterWork/tests/samePrefixMarkedMtx/depth4/node5/test1_2.mtx 1.5 110.973 0.0328183 0.38 
/home/antonkov/masterWork/tests/samePrefixMarkedMtx/depth4/node5/test1_2.mtx 1.6 126.737 0.0265885 0.31 
/home/antonkov/masterWork/tests/samePrefixMarkedMtx/depth4/node5/test1_2.mtx 1.7 142.554 0.0193958 0.224 
/home/antonkov/masterWork/tests/samePrefixMarkedMtx/depth4/node5/test1_2.mtx 1.8 146.309 0.0156453 0.185 
/home/antonkov/masterWork/tests/samePrefixMarkedMtx/depth4/node5/test1_2.mtx 1.9 178.188 0.0111914 0.13875 
/home/antonkov/masterWork/tests/samePrefixMarkedMtx/depth4/node5/test1_2.mtx 2 181.4 0.00902392 0.112222 
/home/antonkov/masterWork/tests/samePrefixMarkedMtx/depth4/node5/test1_2.mtx 2.1 235.247 0.00615118 0.0776923 
/home/antonkov/masterWork/tests/samePrefixMarkedMtx/depth4/node5/test1_2.mtx 2.2 343.73 0.00339568 0.0459091 
/home/antonkov/masterWork/tests/samePrefixMarkedMtx/depth4/node5/test1_2.mtx 2.3 414.158 0.00245139 0.0333333 
/home/antonkov/masterWork/tests/samePrefixMarkedMtx/depth4/node5/test1_2.mtx 2.4 738.607 0.00114612 0.0165574 
/home/antonkov/masterWork/tests/samePrefixMarkedMtx/depth4/node5/test1_2.mtx 2.5 978.177 0.000771302 0.0113483 
/home/antonkov/masterWork/tests/samePrefixMarkedMtx/depth4/node5/test1_2.mtx 2.6 1518.09 0.000402363 0.00628931 
/home/antonkov/masterWork/tests/samePrefixMarkedMtx/depth4/node5/test1_2.mtx 2.7 2133.78 0.000235439 0.00395257 
/home/antonkov/masterWork/tests/samePrefixMarkedMtx/depth4/node5/test1_2.mtx 2.8 3133.82 0.000149652 0.0023753 
/home/antonkov/masterWork/tests/samePrefixMarkedMtx/depth4/node5/test1_2.mtx 2.9 5434.18 6.43606e-05 0.00121507 
/home/antonkov/masterWork/tests/samePrefixMarkedMtx/depth4/node5/test1_2.mtx 3 8031.95 4.13243e-05 0.00074129 
/home/antonkov/masterWork/tests/samePrefixMarkedMtx/depth4/node5/test1_2.mtx 3.1 0 -1 -1 
/home/antonkov/masterWork/tests/samePrefixMarkedMtx/depth4/node5/test1_2.mtx 3.2 0 -1 -1 
/home/antonkov/masterWork/tests/samePrefixMarkedMtx/depth4/node5/test1_2.mtx 3.3 0 -1 -1 
/home/antonkov/masterWork/tests/samePrefixMarkedMtx/depth4/node5/test1_2.mtx 3.4 0 -1 -1 
/home/antonkov/masterWork/tests/samePrefixMarkedMtx/depth4/node5/test1_2.mtx 3.5 0 -1 -1 
/home/antonkov/masterWork/tests/samePrefixMarkedMtx/depth4/node5/test1_3.mtx 1 108.759 0.0757899 0.765 
/home/antonkov/masterWork/tests/samePrefixMarkedMtx/depth4/node5/test1_3.mtx 1.1 105.056 0.0659809 0.695 
/home/antonkov/masterWork/tests/samePrefixMarkedMtx/depth4/node5/test1_3.mtx 1.2 96.9177 0.0569097 0.595 
/home/antonkov/masterWork/tests/samePrefixMarkedMtx/depth4/node5/test1_3.mtx 1.3 92.1113 0.0477083 0.53 
/home/antonkov/masterWork/tests/samePrefixMarkedMtx/depth4/node5/test1_3.mtx 1.4 116.562 0.0411111 0.473333 
/home/antonkov/masterWork/tests/samePrefixMarkedMtx/depth4/node5/test1_3.mtx 1.5 108.203 0.031794 0.383333 
/home/antonkov/masterWork/tests/samePrefixMarkedMtx/depth4/node5/test1_3.mtx 1.6 126.561 0.0244878 0.305 
/home/antonkov/masterWork/tests/samePrefixMarkedMtx/depth4/node5/test1_3.mtx 1.7 138.813 0.0176944 0.228 
/home/antonkov/masterWork/tests/samePrefixMarkedMtx/depth4/node5/test1_3.mtx 1.8 145.976 0.0132089 0.17 
/home/antonkov/masterWork/tests/samePrefixMarkedMtx/depth4/node5/test1_3.mtx 1.9 186.977 0.00978395 0.123333 
/home/antonkov/masterWork/tests/samePrefixMarkedMtx/depth4/node5/test1_3.mtx 2 204.284 0.00697443 0.0909091 
/home/antonkov/masterWork/tests/samePrefixMarkedMtx/depth4/node5/test1_3.mtx 2.1 281.626 0.0049806 0.0623529 
/home/antonkov/masterWork/tests/samePrefixMarkedMtx/depth4/node5/test1_3.mtx 2.2 414.257 0.00271671 0.0362069 
/home/antonkov/masterWork/tests/samePrefixMarkedMtx/depth4/node5/test1_3.mtx 2.3 546.56 0.00170635 0.0240476 
/home/antonkov/masterWork/tests/samePrefixMarkedMtx/depth4/node5/test1_3.mtx 2.4 773.968 0.00104482 0.0151515 
/home/antonkov/masterWork/tests/samePrefixMarkedMtx/depth4/node5/test1_3.mtx 2.5 960.081 0.000738036 0.0108696 
/home/antonkov/masterWork/tests/samePrefixMarkedMtx/depth4/node5/test1_3.mtx 2.6 1521.85 0.000365831 0.00598802 
/home/antonkov/masterWork/tests/samePrefixMarkedMtx/depth4/node5/test1_3.mtx 2.7 2091.9 0.000242521 0.00388462 
/home/antonkov/masterWork/tests/samePrefixMarkedMtx/depth4/node5/test1_3.mtx 2.8 4030.19 0.000111405 0.0017301 
/home/antonkov/masterWork/tests/samePrefixMarkedMtx/depth4/node5/test1_3.mtx 2.9 6651.17 6.07881e-05 0.000939535 
/home/antonkov/masterWork/tests/samePrefixMarkedMtx/depth4/node5/test1_3.mtx 3 0 -1 -1 
/home/antonkov/masterWork/tests/samePrefixMarkedMtx/depth4/node5/test1_3.mtx 3.1 0 -1 -1 
/home/antonkov/masterWork/tests/samePrefixMarkedMtx/depth4/node5/test1_3.mtx 3.2 0 -1 -1 
/home/antonkov/masterWork/tests/samePrefixMarkedMtx/depth4/node5/test1_3.mtx 3.3 0 -1 -1 
/home/antonkov/masterWork/tests/samePrefixMarkedMtx/depth4/node5/test1_3.mtx 3.4 0 -1 -1 
/home/antonkov/masterWork/tests/samePrefixMarkedMtx/depth4/node5/test1_3.mtx 3.5 0 -1 -1 
/home/antonkov/masterWork/tests/samePrefixMarkedMtx/depth4/node5/test1_4.mtx 1 113.189 0.080191 0.82 
/home/antonkov/masterWork/tests/samePrefixMarkedMtx/depth4/node5/test1_4.mtx 1.1 107.666 0.0697656 0.73 
/home/antonkov/masterWork/tests/samePrefixMarkedMtx/depth4/node5/test1_4.mtx 1.2 99.4802 0.0594531 0.635 
/home/antonkov/masterWork/tests/samePrefixMarkedMtx/depth4/node5/test1_4.mtx 1.3 92.2656 0.0499566 0.55 
/home/antonkov/masterWork/tests/samePrefixMarkedMtx/depth4/node5/test1_4.mtx 1.4 117.876 0.0438715 0.5 
/home/antonkov/masterWork/tests/samePrefixMarkedMtx/depth4/node5/test1_4.mtx 1.5 113.38 0.03489 0.413333 
/home/antonkov/masterWork/tests/samePrefixMarkedMtx/depth4/node5/test1_4.mtx 1.6 135.318 0.0274653 0.325 
/home/antonkov/masterWork/tests/samePrefixMarkedMtx/depth4/node5/test1_4.mtx 1.7 140.944 0.0184444 0.222 
/home/antonkov/masterWork/tests/samePrefixMarkedMtx/depth4/node5/test1_4.mtx 1.8 146.501 0.0147367 0.178333 
/home/antonkov/masterWork/tests/samePrefixMarkedMtx/depth4/node5/test1_4.mtx 1.9 174.697 0.0113238 0.1375 
/home/antonkov/masterWork/tests/samePrefixMarkedMtx/depth4/node5/test1_4.mtx 2 204.422 0.00796559 0.0981818 
/home/antonkov/masterWork/tests/samePrefixMarkedMtx/depth4/node5/test1_4.mtx 2.1 247.335 0.00546991 0.0686667 
/home/antonkov/masterWork/tests/samePrefixMarkedMtx/depth4/node5/test1_4.mtx 2.2 370.522 0.00316458 0.0404 
/home/antonkov/masterWork/tests/samePrefixMarkedMtx/depth4/node5/test1_4.mtx 2.3 476.036 0.00214506 0.0280556 
/home/antonkov/masterWork/tests/samePrefixMarkedMtx/depth4/node5/test1_4.mtx 2.4 775.189 0.00110049 0.0150746 
/home/antonkov/masterWork/tests/samePrefixMarkedMtx/depth4/node5/test1_4.mtx 2.5 962.562 0.000760115 0.0108696 
/home/antonkov/masterWork/tests/samePrefixMarkedMtx/depth4/node5/test1_4.mtx 2.6 1418.71 0.000440155 0.00653595 
/home/antonkov/masterWork/tests/samePrefixMarkedMtx/depth4/node5/test1_4.mtx 2.7 2388.51 0.000214662 0.00334448 
/home/antonkov/masterWork/tests/samePrefixMarkedMtx/depth4/node5/test1_4.mtx 2.8 3794.65 0.00011538 0.00183486 
/home/antonkov/masterWork/tests/samePrefixMarkedMtx/depth4/node5/test1_4.mtx 2.9 7634.83 4.99393e-05 0.000801925 
/home/antonkov/masterWork/tests/samePrefixMarkedMtx/depth4/node5/test1_4.mtx 3 0 -1 -1 
/home/antonkov/masterWork/tests/samePrefixMarkedMtx/depth4/node5/test1_4.mtx 3.1 0 -1 -1 
/home/antonkov/masterWork/tests/samePrefixMarkedMtx/depth4/node5/test1_4.mtx 3.2 0 -1 -1 
/home/antonkov/masterWork/tests/samePrefixMarkedMtx/depth4/node5/test1_4.mtx 3.3 0 -1 -1 
/home/antonkov/masterWork/tests/samePrefixMarkedMtx/depth4/node5/test1_4.mtx 3.4 0 -1 -1 
/home/antonkov/masterWork/tests/samePrefixMarkedMtx/depth4/node5/test1_4.mtx 3.5 0 -1 -1 
