Results
Filename SNR Time(ms) BER FER
/home/antonkov/masterWork/tests/samePrefixMarkedMtx2304/depth4/node5/test0_00.mtx 1 488.524 0.0851302 0.93 
/home/antonkov/masterWork/tests/samePrefixMarkedMtx2304/depth4/node5/test0_00.mtx 1.1 465.492 0.0709115 0.84 
/home/antonkov/masterWork/tests/samePrefixMarkedMtx2304/depth4/node5/test0_00.mtx 1.2 445.197 0.0557769 0.67 
/home/antonkov/masterWork/tests/samePrefixMarkedMtx2304/depth4/node5/test0_00.mtx 1.3 415.865 0.0415799 0.53 
/home/antonkov/masterWork/tests/samePrefixMarkedMtx2304/depth4/node5/test0_00.mtx 1.4 521.536 0.028253 0.38 
/home/antonkov/masterWork/tests/samePrefixMarkedMtx2304/depth4/node5/test0_00.mtx 1.5 617.233 0.016577 0.246667 
/home/antonkov/masterWork/tests/samePrefixMarkedMtx2304/depth4/node5/test0_00.mtx 1.6 695.833 0.00763542 0.118 
/home/antonkov/masterWork/tests/samePrefixMarkedMtx2304/depth4/node5/test0_00.mtx 1.7 987.515 0.00359635 0.055 
/home/antonkov/masterWork/tests/samePrefixMarkedMtx2304/depth4/node5/test0_00.mtx 1.8 1749.8 0.00137535 0.0204 
/home/antonkov/masterWork/tests/samePrefixMarkedMtx2304/depth4/node5/test0_00.mtx 1.9 3902.25 0.000451208 0.00722222 
/home/antonkov/masterWork/tests/samePrefixMarkedMtx2304/depth4/node5/test0_00.mtx 2 0 -1 -1 
/home/antonkov/masterWork/tests/samePrefixMarkedMtx2304/depth4/node5/test0_00.mtx 2.1 0 -1 -1 
/home/antonkov/masterWork/tests/samePrefixMarkedMtx2304/depth4/node5/test0_00.mtx 2.2 0 -1 -1 
/home/antonkov/masterWork/tests/samePrefixMarkedMtx2304/depth4/node5/test0_00.mtx 2.3 0 -1 -1 
/home/antonkov/masterWork/tests/samePrefixMarkedMtx2304/depth4/node5/test0_00.mtx 2.4 0 -1 -1 
/home/antonkov/masterWork/tests/samePrefixMarkedMtx2304/depth4/node5/test0_00.mtx 2.5 0 -1 -1 
/home/antonkov/masterWork/tests/samePrefixMarkedMtx2304/depth4/node5/test0_00.mtx 2.6 0 -1 -1 
/home/antonkov/masterWork/tests/samePrefixMarkedMtx2304/depth4/node5/test0_00.mtx 2.7 0 -1 -1 
/home/antonkov/masterWork/tests/samePrefixMarkedMtx2304/depth4/node5/test0_00.mtx 2.8 0 -1 -1 
/home/antonkov/masterWork/tests/samePrefixMarkedMtx2304/depth4/node5/test0_00.mtx 2.9 0 -1 -1 
/home/antonkov/masterWork/tests/samePrefixMarkedMtx2304/depth4/node5/test0_00.mtx 3 0 -1 -1 
/home/antonkov/masterWork/tests/samePrefixMarkedMtx2304/depth4/node5/test0_00.mtx 3.1 0 -1 -1 
/home/antonkov/masterWork/tests/samePrefixMarkedMtx2304/depth4/node5/test0_00.mtx 3.2 0 -1 -1 
/home/antonkov/masterWork/tests/samePrefixMarkedMtx2304/depth4/node5/test0_00.mtx 3.3 0 -1 -1 
/home/antonkov/masterWork/tests/samePrefixMarkedMtx2304/depth4/node5/test0_00.mtx 3.4 0 -1 -1 
/home/antonkov/masterWork/tests/samePrefixMarkedMtx2304/depth4/node5/test0_00.mtx 3.5 0 -1 -1 
/home/antonkov/masterWork/tests/samePrefixMarkedMtx2304/depth4/node5/test0_01.mtx 1 507.843 0.0811111 0.91 
/home/antonkov/masterWork/tests/samePrefixMarkedMtx2304/depth4/node5/test0_01.mtx 1.1 458.462 0.0675651 0.81 
/home/antonkov/masterWork/tests/samePrefixMarkedMtx2304/depth4/node5/test0_01.mtx 1.2 427.348 0.0505686 0.63 
/home/antonkov/masterWork/tests/samePrefixMarkedMtx2304/depth4/node5/test0_01.mtx 1.3 545.489 0.0384484 0.495 
/home/antonkov/masterWork/tests/samePrefixMarkedMtx2304/depth4/node5/test0_01.mtx 1.4 503.078 0.0229102 0.305 
/home/antonkov/masterWork/tests/samePrefixMarkedMtx2304/depth4/node5/test0_01.mtx 1.5 561.544 0.0148553 0.2 
/home/antonkov/masterWork/tests/samePrefixMarkedMtx2304/depth4/node5/test0_01.mtx 1.6 684.056 0.00694878 0.104 
/home/antonkov/masterWork/tests/samePrefixMarkedMtx2304/depth4/node5/test0_01.mtx 1.7 963.885 0.00329644 0.051 
/home/antonkov/masterWork/tests/samePrefixMarkedMtx2304/depth4/node5/test0_01.mtx 1.8 1836.17 0.00116721 0.0185185 
/home/antonkov/masterWork/tests/samePrefixMarkedMtx2304/depth4/node5/test0_01.mtx 1.9 3993.98 0.000429745 0.00666667 
/home/antonkov/masterWork/tests/samePrefixMarkedMtx2304/depth4/node5/test0_01.mtx 2 0 -1 -1 
/home/antonkov/masterWork/tests/samePrefixMarkedMtx2304/depth4/node5/test0_01.mtx 2.1 0 -1 -1 
/home/antonkov/masterWork/tests/samePrefixMarkedMtx2304/depth4/node5/test0_01.mtx 2.2 0 -1 -1 
/home/antonkov/masterWork/tests/samePrefixMarkedMtx2304/depth4/node5/test0_01.mtx 2.3 0 -1 -1 
/home/antonkov/masterWork/tests/samePrefixMarkedMtx2304/depth4/node5/test0_01.mtx 2.4 0 -1 -1 
/home/antonkov/masterWork/tests/samePrefixMarkedMtx2304/depth4/node5/test0_01.mtx 2.5 0 -1 -1 
/home/antonkov/masterWork/tests/samePrefixMarkedMtx2304/depth4/node5/test0_01.mtx 2.6 0 -1 -1 
/home/antonkov/masterWork/tests/samePrefixMarkedMtx2304/depth4/node5/test0_01.mtx 2.7 0 -1 -1 
/home/antonkov/masterWork/tests/samePrefixMarkedMtx2304/depth4/node5/test0_01.mtx 2.8 0 -1 -1 
/home/antonkov/masterWork/tests/samePrefixMarkedMtx2304/depth4/node5/test0_01.mtx 2.9 0 -1 -1 
/home/antonkov/masterWork/tests/samePrefixMarkedMtx2304/depth4/node5/test0_01.mtx 3 0 -1 -1 
/home/antonkov/masterWork/tests/samePrefixMarkedMtx2304/depth4/node5/test0_01.mtx 3.1 0 -1 -1 
/home/antonkov/masterWork/tests/samePrefixMarkedMtx2304/depth4/node5/test0_01.mtx 3.2 0 -1 -1 
/home/antonkov/masterWork/tests/samePrefixMarkedMtx2304/depth4/node5/test0_01.mtx 3.3 0 -1 -1 
/home/antonkov/masterWork/tests/samePrefixMarkedMtx2304/depth4/node5/test0_01.mtx 3.4 0 -1 -1 
/home/antonkov/masterWork/tests/samePrefixMarkedMtx2304/depth4/node5/test0_01.mtx 3.5 0 -1 -1 
/home/antonkov/masterWork/tests/samePrefixMarkedMtx2304/depth4/node5/test0_02.mtx 1 505.631 0.0832031 0.92 
/home/antonkov/masterWork/tests/samePrefixMarkedMtx2304/depth4/node5/test0_02.mtx 1.1 457.814 0.0690799 0.81 
/home/antonkov/masterWork/tests/samePrefixMarkedMtx2304/depth4/node5/test0_02.mtx 1.2 431.856 0.0514453 0.63 
/home/antonkov/masterWork/tests/samePrefixMarkedMtx2304/depth4/node5/test0_02.mtx 1.3 530.786 0.0386306 0.495 
/home/antonkov/masterWork/tests/samePrefixMarkedMtx2304/depth4/node5/test0_02.mtx 1.4 517.446 0.0243945 0.34 
/home/antonkov/masterWork/tests/samePrefixMarkedMtx2304/depth4/node5/test0_02.mtx 1.5 572.015 0.0134404 0.183333 
/home/antonkov/masterWork/tests/samePrefixMarkedMtx2304/depth4/node5/test0_02.mtx 1.6 690.51 0.00704514 0.106 
/home/antonkov/masterWork/tests/samePrefixMarkedMtx2304/depth4/node5/test0_02.mtx 1.7 1019.68 0.00307686 0.0472727 
/home/antonkov/masterWork/tests/samePrefixMarkedMtx2304/depth4/node5/test0_02.mtx 1.8 1825.74 0.00125739 0.0203704 
/home/antonkov/masterWork/tests/samePrefixMarkedMtx2304/depth4/node5/test0_02.mtx 1.9 3915.1 0.000396296 0.00666667 
/home/antonkov/masterWork/tests/samePrefixMarkedMtx2304/depth4/node5/test0_02.mtx 2 0 -1 -1 
/home/antonkov/masterWork/tests/samePrefixMarkedMtx2304/depth4/node5/test0_02.mtx 2.1 0 -1 -1 
/home/antonkov/masterWork/tests/samePrefixMarkedMtx2304/depth4/node5/test0_02.mtx 2.2 0 -1 -1 
/home/antonkov/masterWork/tests/samePrefixMarkedMtx2304/depth4/node5/test0_02.mtx 2.3 0 -1 -1 
/home/antonkov/masterWork/tests/samePrefixMarkedMtx2304/depth4/node5/test0_02.mtx 2.4 0 -1 -1 
/home/antonkov/masterWork/tests/samePrefixMarkedMtx2304/depth4/node5/test0_02.mtx 2.5 0 -1 -1 
/home/antonkov/masterWork/tests/samePrefixMarkedMtx2304/depth4/node5/test0_02.mtx 2.6 0 -1 -1 
/home/antonkov/masterWork/tests/samePrefixMarkedMtx2304/depth4/node5/test0_02.mtx 2.7 0 -1 -1 
/home/antonkov/masterWork/tests/samePrefixMarkedMtx2304/depth4/node5/test0_02.mtx 2.8 0 -1 -1 
/home/antonkov/masterWork/tests/samePrefixMarkedMtx2304/depth4/node5/test0_02.mtx 2.9 0 -1 -1 
/home/antonkov/masterWork/tests/samePrefixMarkedMtx2304/depth4/node5/test0_02.mtx 3 0 -1 -1 
/home/antonkov/masterWork/tests/samePrefixMarkedMtx2304/depth4/node5/test0_02.mtx 3.1 0 -1 -1 
/home/antonkov/masterWork/tests/samePrefixMarkedMtx2304/depth4/node5/test0_02.mtx 3.2 0 -1 -1 
/home/antonkov/masterWork/tests/samePrefixMarkedMtx2304/depth4/node5/test0_02.mtx 3.3 0 -1 -1 
/home/antonkov/masterWork/tests/samePrefixMarkedMtx2304/depth4/node5/test0_02.mtx 3.4 0 -1 -1 
/home/antonkov/masterWork/tests/samePrefixMarkedMtx2304/depth4/node5/test0_02.mtx 3.5 0 -1 -1 
/home/antonkov/masterWork/tests/samePrefixMarkedMtx2304/depth4/node5/test0_03.mtx 1 517.837 0.083342 0.93 
/home/antonkov/masterWork/tests/samePrefixMarkedMtx2304/depth4/node5/test0_03.mtx 1.1 456.396 0.0679644 0.8 
/home/antonkov/masterWork/tests/samePrefixMarkedMtx2304/depth4/node5/test0_03.mtx 1.2 448.931 0.0556944 0.69 
/home/antonkov/masterWork/tests/samePrefixMarkedMtx2304/depth4/node5/test0_03.mtx 1.3 420.389 0.0408854 0.53 
/home/antonkov/masterWork/tests/samePrefixMarkedMtx2304/depth4/node5/test0_03.mtx 1.4 510.415 0.0230056 0.31 
/home/antonkov/masterWork/tests/samePrefixMarkedMtx2304/depth4/node5/test0_03.mtx 1.5 595.571 0.0126765 0.186667 
/home/antonkov/masterWork/tests/samePrefixMarkedMtx2304/depth4/node5/test0_03.mtx 1.6 679.857 0.00777517 0.112 
/home/antonkov/masterWork/tests/samePrefixMarkedMtx2304/depth4/node5/test0_03.mtx 1.7 974.623 0.00378993 0.055 
/home/antonkov/masterWork/tests/samePrefixMarkedMtx2304/depth4/node5/test0_03.mtx 1.8 1812.61 0.0012485 0.0192308 
/home/antonkov/masterWork/tests/samePrefixMarkedMtx2304/depth4/node5/test0_03.mtx 1.9 3778.71 0.000428037 0.00704225 
/home/antonkov/masterWork/tests/samePrefixMarkedMtx2304/depth4/node5/test0_03.mtx 2 0 -1 -1 
/home/antonkov/masterWork/tests/samePrefixMarkedMtx2304/depth4/node5/test0_03.mtx 2.1 0 -1 -1 
/home/antonkov/masterWork/tests/samePrefixMarkedMtx2304/depth4/node5/test0_03.mtx 2.2 0 -1 -1 
/home/antonkov/masterWork/tests/samePrefixMarkedMtx2304/depth4/node5/test0_03.mtx 2.3 0 -1 -1 
/home/antonkov/masterWork/tests/samePrefixMarkedMtx2304/depth4/node5/test0_03.mtx 2.4 0 -1 -1 
/home/antonkov/masterWork/tests/samePrefixMarkedMtx2304/depth4/node5/test0_03.mtx 2.5 0 -1 -1 
/home/antonkov/masterWork/tests/samePrefixMarkedMtx2304/depth4/node5/test0_03.mtx 2.6 0 -1 -1 
/home/antonkov/masterWork/tests/samePrefixMarkedMtx2304/depth4/node5/test0_03.mtx 2.7 0 -1 -1 
/home/antonkov/masterWork/tests/samePrefixMarkedMtx2304/depth4/node5/test0_03.mtx 2.8 0 -1 -1 
/home/antonkov/masterWork/tests/samePrefixMarkedMtx2304/depth4/node5/test0_03.mtx 2.9 0 -1 -1 
/home/antonkov/masterWork/tests/samePrefixMarkedMtx2304/depth4/node5/test0_03.mtx 3 0 -1 -1 
/home/antonkov/masterWork/tests/samePrefixMarkedMtx2304/depth4/node5/test0_03.mtx 3.1 0 -1 -1 
/home/antonkov/masterWork/tests/samePrefixMarkedMtx2304/depth4/node5/test0_03.mtx 3.2 0 -1 -1 
/home/antonkov/masterWork/tests/samePrefixMarkedMtx2304/depth4/node5/test0_03.mtx 3.3 0 -1 -1 
/home/antonkov/masterWork/tests/samePrefixMarkedMtx2304/depth4/node5/test0_03.mtx 3.4 0 -1 -1 
/home/antonkov/masterWork/tests/samePrefixMarkedMtx2304/depth4/node5/test0_03.mtx 3.5 0 -1 -1 
/home/antonkov/masterWork/tests/samePrefixMarkedMtx2304/depth4/node5/test0_04.mtx 1 497.222 0.0844618 0.94 
/home/antonkov/masterWork/tests/samePrefixMarkedMtx2304/depth4/node5/test0_04.mtx 1.1 460.397 0.0679167 0.8 
/home/antonkov/masterWork/tests/samePrefixMarkedMtx2304/depth4/node5/test0_04.mtx 1.2 430.476 0.0526172 0.63 
/home/antonkov/masterWork/tests/samePrefixMarkedMtx2304/depth4/node5/test0_04.mtx 1.3 415.509 0.0406076 0.51 
/home/antonkov/masterWork/tests/samePrefixMarkedMtx2304/depth4/node5/test0_04.mtx 1.4 525.756 0.0259852 0.35 
/home/antonkov/masterWork/tests/samePrefixMarkedMtx2304/depth4/node5/test0_04.mtx 1.5 578.123 0.0160851 0.203333 
/home/antonkov/masterWork/tests/samePrefixMarkedMtx2304/depth4/node5/test0_04.mtx 1.6 689.376 0.00764844 0.1 
/home/antonkov/masterWork/tests/samePrefixMarkedMtx2304/depth4/node5/test0_04.mtx 1.7 929.339 0.00376784 0.0577778 
/home/antonkov/masterWork/tests/samePrefixMarkedMtx2304/depth4/node5/test0_04.mtx 1.8 1753.91 0.00126233 0.02 
/home/antonkov/masterWork/tests/samePrefixMarkedMtx2304/depth4/node5/test0_04.mtx 1.9 4332.88 0.000363799 0.0060241 
/home/antonkov/masterWork/tests/samePrefixMarkedMtx2304/depth4/node5/test0_04.mtx 2 0 -1 -1 
/home/antonkov/masterWork/tests/samePrefixMarkedMtx2304/depth4/node5/test0_04.mtx 2.1 0 -1 -1 
/home/antonkov/masterWork/tests/samePrefixMarkedMtx2304/depth4/node5/test0_04.mtx 2.2 0 -1 -1 
/home/antonkov/masterWork/tests/samePrefixMarkedMtx2304/depth4/node5/test0_04.mtx 2.3 0 -1 -1 
/home/antonkov/masterWork/tests/samePrefixMarkedMtx2304/depth4/node5/test0_04.mtx 2.4 0 -1 -1 
/home/antonkov/masterWork/tests/samePrefixMarkedMtx2304/depth4/node5/test0_04.mtx 2.5 0 -1 -1 
/home/antonkov/masterWork/tests/samePrefixMarkedMtx2304/depth4/node5/test0_04.mtx 2.6 0 -1 -1 
/home/antonkov/masterWork/tests/samePrefixMarkedMtx2304/depth4/node5/test0_04.mtx 2.7 0 -1 -1 
/home/antonkov/masterWork/tests/samePrefixMarkedMtx2304/depth4/node5/test0_04.mtx 2.8 0 -1 -1 
/home/antonkov/masterWork/tests/samePrefixMarkedMtx2304/depth4/node5/test0_04.mtx 2.9 0 -1 -1 
/home/antonkov/masterWork/tests/samePrefixMarkedMtx2304/depth4/node5/test0_04.mtx 3 0 -1 -1 
/home/antonkov/masterWork/tests/samePrefixMarkedMtx2304/depth4/node5/test0_04.mtx 3.1 0 -1 -1 
/home/antonkov/masterWork/tests/samePrefixMarkedMtx2304/depth4/node5/test0_04.mtx 3.2 0 -1 -1 
/home/antonkov/masterWork/tests/samePrefixMarkedMtx2304/depth4/node5/test0_04.mtx 3.3 0 -1 -1 
/home/antonkov/masterWork/tests/samePrefixMarkedMtx2304/depth4/node5/test0_04.mtx 3.4 0 -1 -1 
/home/antonkov/masterWork/tests/samePrefixMarkedMtx2304/depth4/node5/test0_04.mtx 3.5 0 -1 -1 
/home/antonkov/masterWork/tests/samePrefixMarkedMtx2304/depth4/node5/test0_05.mtx 1 482.257 0.0798307 0.89 
/home/antonkov/masterWork/tests/samePrefixMarkedMtx2304/depth4/node5/test0_05.mtx 1.1 464.891 0.0689974 0.79 
/home/antonkov/masterWork/tests/samePrefixMarkedMtx2304/depth4/node5/test0_05.mtx 1.2 444.75 0.0548047 0.7 
/home/antonkov/masterWork/tests/samePrefixMarkedMtx2304/depth4/node5/test0_05.mtx 1.3 416.296 0.0391319 0.52 
/home/antonkov/masterWork/tests/samePrefixMarkedMtx2304/depth4/node5/test0_05.mtx 1.4 511.982 0.0249653 0.33 
/home/antonkov/masterWork/tests/samePrefixMarkedMtx2304/depth4/node5/test0_05.mtx 1.5 577.911 0.0146542 0.203333 
/home/antonkov/masterWork/tests/samePrefixMarkedMtx2304/depth4/node5/test0_05.mtx 1.6 683.974 0.00728819 0.106 
/home/antonkov/masterWork/tests/samePrefixMarkedMtx2304/depth4/node5/test0_05.mtx 1.7 902.947 0.00380642 0.0566667 
/home/antonkov/masterWork/tests/samePrefixMarkedMtx2304/depth4/node5/test0_05.mtx 1.8 1712.41 0.00135642 0.0208 
/home/antonkov/masterWork/tests/samePrefixMarkedMtx2304/depth4/node5/test0_05.mtx 1.9 4024.47 0.000448648 0.00657895 
/home/antonkov/masterWork/tests/samePrefixMarkedMtx2304/depth4/node5/test0_05.mtx 2 0 -1 -1 
/home/antonkov/masterWork/tests/samePrefixMarkedMtx2304/depth4/node5/test0_05.mtx 2.1 0 -1 -1 
/home/antonkov/masterWork/tests/samePrefixMarkedMtx2304/depth4/node5/test0_05.mtx 2.2 0 -1 -1 
/home/antonkov/masterWork/tests/samePrefixMarkedMtx2304/depth4/node5/test0_05.mtx 2.3 0 -1 -1 
/home/antonkov/masterWork/tests/samePrefixMarkedMtx2304/depth4/node5/test0_05.mtx 2.4 0 -1 -1 
/home/antonkov/masterWork/tests/samePrefixMarkedMtx2304/depth4/node5/test0_05.mtx 2.5 0 -1 -1 
/home/antonkov/masterWork/tests/samePrefixMarkedMtx2304/depth4/node5/test0_05.mtx 2.6 0 -1 -1 
/home/antonkov/masterWork/tests/samePrefixMarkedMtx2304/depth4/node5/test0_05.mtx 2.7 0 -1 -1 
/home/antonkov/masterWork/tests/samePrefixMarkedMtx2304/depth4/node5/test0_05.mtx 2.8 0 -1 -1 
/home/antonkov/masterWork/tests/samePrefixMarkedMtx2304/depth4/node5/test0_05.mtx 2.9 0 -1 -1 
/home/antonkov/masterWork/tests/samePrefixMarkedMtx2304/depth4/node5/test0_05.mtx 3 0 -1 -1 
/home/antonkov/masterWork/tests/samePrefixMarkedMtx2304/depth4/node5/test0_05.mtx 3.1 0 -1 -1 
/home/antonkov/masterWork/tests/samePrefixMarkedMtx2304/depth4/node5/test0_05.mtx 3.2 0 -1 -1 
/home/antonkov/masterWork/tests/samePrefixMarkedMtx2304/depth4/node5/test0_05.mtx 3.3 0 -1 -1 
/home/antonkov/masterWork/tests/samePrefixMarkedMtx2304/depth4/node5/test0_05.mtx 3.4 0 -1 -1 
/home/antonkov/masterWork/tests/samePrefixMarkedMtx2304/depth4/node5/test0_05.mtx 3.5 0 -1 -1 
/home/antonkov/masterWork/tests/samePrefixMarkedMtx2304/depth4/node5/test0_06.mtx 1 456.897 0.0769792 0.84 
/home/antonkov/masterWork/tests/samePrefixMarkedMtx2304/depth4/node5/test0_06.mtx 1.1 441.039 0.0615061 0.71 
/home/antonkov/masterWork/tests/samePrefixMarkedMtx2304/depth4/node5/test0_06.mtx 1.2 425.823 0.0492535 0.59 
/home/antonkov/masterWork/tests/samePrefixMarkedMtx2304/depth4/node5/test0_06.mtx 1.3 542.891 0.0384592 0.49 
/home/antonkov/masterWork/tests/samePrefixMarkedMtx2304/depth4/node5/test0_06.mtx 1.4 504.285 0.0225391 0.305 
/home/antonkov/masterWork/tests/samePrefixMarkedMtx2304/depth4/node5/test0_06.mtx 1.5 581.903 0.012487 0.18 
/home/antonkov/masterWork/tests/samePrefixMarkedMtx2304/depth4/node5/test0_06.mtx 1.6 749.446 0.0060735 0.0866667 
/home/antonkov/masterWork/tests/samePrefixMarkedMtx2304/depth4/node5/test0_06.mtx 1.7 1107.51 0.00299371 0.0425 
/home/antonkov/masterWork/tests/samePrefixMarkedMtx2304/depth4/node5/test0_06.mtx 1.8 1889.4 0.00122541 0.0185185 
/home/antonkov/masterWork/tests/samePrefixMarkedMtx2304/depth4/node5/test0_06.mtx 1.9 4013.57 0.000434954 0.00666667 
/home/antonkov/masterWork/tests/samePrefixMarkedMtx2304/depth4/node5/test0_06.mtx 2 0 -1 -1 
/home/antonkov/masterWork/tests/samePrefixMarkedMtx2304/depth4/node5/test0_06.mtx 2.1 0 -1 -1 
/home/antonkov/masterWork/tests/samePrefixMarkedMtx2304/depth4/node5/test0_06.mtx 2.2 0 -1 -1 
/home/antonkov/masterWork/tests/samePrefixMarkedMtx2304/depth4/node5/test0_06.mtx 2.3 0 -1 -1 
/home/antonkov/masterWork/tests/samePrefixMarkedMtx2304/depth4/node5/test0_06.mtx 2.4 0 -1 -1 
/home/antonkov/masterWork/tests/samePrefixMarkedMtx2304/depth4/node5/test0_06.mtx 2.5 0 -1 -1 
/home/antonkov/masterWork/tests/samePrefixMarkedMtx2304/depth4/node5/test0_06.mtx 2.6 0 -1 -1 
/home/antonkov/masterWork/tests/samePrefixMarkedMtx2304/depth4/node5/test0_06.mtx 2.7 0 -1 -1 
/home/antonkov/masterWork/tests/samePrefixMarkedMtx2304/depth4/node5/test0_06.mtx 2.8 0 -1 -1 
/home/antonkov/masterWork/tests/samePrefixMarkedMtx2304/depth4/node5/test0_06.mtx 2.9 0 -1 -1 
/home/antonkov/masterWork/tests/samePrefixMarkedMtx2304/depth4/node5/test0_06.mtx 3 0 -1 -1 
/home/antonkov/masterWork/tests/samePrefixMarkedMtx2304/depth4/node5/test0_06.mtx 3.1 0 -1 -1 
/home/antonkov/masterWork/tests/samePrefixMarkedMtx2304/depth4/node5/test0_06.mtx 3.2 0 -1 -1 
/home/antonkov/masterWork/tests/samePrefixMarkedMtx2304/depth4/node5/test0_06.mtx 3.3 0 -1 -1 
/home/antonkov/masterWork/tests/samePrefixMarkedMtx2304/depth4/node5/test0_06.mtx 3.4 0 -1 -1 
/home/antonkov/masterWork/tests/samePrefixMarkedMtx2304/depth4/node5/test0_06.mtx 3.5 0 -1 -1 
/home/antonkov/masterWork/tests/samePrefixMarkedMtx2304/depth4/node5/test0_07.mtx 1 502.058 0.0801606 0.88 
/home/antonkov/masterWork/tests/samePrefixMarkedMtx2304/depth4/node5/test0_07.mtx 1.1 461.877 0.0692448 0.8 
/home/antonkov/masterWork/tests/samePrefixMarkedMtx2304/depth4/node5/test0_07.mtx 1.2 438.466 0.0556293 0.69 
/home/antonkov/masterWork/tests/samePrefixMarkedMtx2304/depth4/node5/test0_07.mtx 1.3 422.335 0.0400174 0.53 
/home/antonkov/masterWork/tests/samePrefixMarkedMtx2304/depth4/node5/test0_07.mtx 1.4 524.64 0.0269097 0.37 
/home/antonkov/masterWork/tests/samePrefixMarkedMtx2304/depth4/node5/test0_07.mtx 1.5 588.624 0.015204 0.22 
/home/antonkov/masterWork/tests/samePrefixMarkedMtx2304/depth4/node5/test0_07.mtx 1.6 618.455 0.00839193 0.125 
/home/antonkov/masterWork/tests/samePrefixMarkedMtx2304/depth4/node5/test0_07.mtx 1.7 962.405 0.00371571 0.051 
/home/antonkov/masterWork/tests/samePrefixMarkedMtx2304/depth4/node5/test0_07.mtx 1.8 1835.31 0.00129708 0.02 
/home/antonkov/masterWork/tests/samePrefixMarkedMtx2304/depth4/node5/test0_07.mtx 1.9 3860.79 0.000438784 0.00684932 
/home/antonkov/masterWork/tests/samePrefixMarkedMtx2304/depth4/node5/test0_07.mtx 2 0 -1 -1 
/home/antonkov/masterWork/tests/samePrefixMarkedMtx2304/depth4/node5/test0_07.mtx 2.1 0 -1 -1 
/home/antonkov/masterWork/tests/samePrefixMarkedMtx2304/depth4/node5/test0_07.mtx 2.2 0 -1 -1 
/home/antonkov/masterWork/tests/samePrefixMarkedMtx2304/depth4/node5/test0_07.mtx 2.3 0 -1 -1 
/home/antonkov/masterWork/tests/samePrefixMarkedMtx2304/depth4/node5/test0_07.mtx 2.4 0 -1 -1 
/home/antonkov/masterWork/tests/samePrefixMarkedMtx2304/depth4/node5/test0_07.mtx 2.5 0 -1 -1 
/home/antonkov/masterWork/tests/samePrefixMarkedMtx2304/depth4/node5/test0_07.mtx 2.6 0 -1 -1 
/home/antonkov/masterWork/tests/samePrefixMarkedMtx2304/depth4/node5/test0_07.mtx 2.7 0 -1 -1 
/home/antonkov/masterWork/tests/samePrefixMarkedMtx2304/depth4/node5/test0_07.mtx 2.8 0 -1 -1 
/home/antonkov/masterWork/tests/samePrefixMarkedMtx2304/depth4/node5/test0_07.mtx 2.9 0 -1 -1 
/home/antonkov/masterWork/tests/samePrefixMarkedMtx2304/depth4/node5/test0_07.mtx 3 0 -1 -1 
/home/antonkov/masterWork/tests/samePrefixMarkedMtx2304/depth4/node5/test0_07.mtx 3.1 0 -1 -1 
/home/antonkov/masterWork/tests/samePrefixMarkedMtx2304/depth4/node5/test0_07.mtx 3.2 0 -1 -1 
/home/antonkov/masterWork/tests/samePrefixMarkedMtx2304/depth4/node5/test0_07.mtx 3.3 0 -1 -1 
/home/antonkov/masterWork/tests/samePrefixMarkedMtx2304/depth4/node5/test0_07.mtx 3.4 0 -1 -1 
/home/antonkov/masterWork/tests/samePrefixMarkedMtx2304/depth4/node5/test0_07.mtx 3.5 0 -1 -1 
/home/antonkov/masterWork/tests/samePrefixMarkedMtx2304/depth4/node5/test0_08.mtx 1 511.545 0.0787413 0.88 
/home/antonkov/masterWork/tests/samePrefixMarkedMtx2304/depth4/node5/test0_08.mtx 1.1 458.663 0.0657899 0.79 
/home/antonkov/masterWork/tests/samePrefixMarkedMtx2304/depth4/node5/test0_08.mtx 1.2 423.062 0.0524957 0.63 
/home/antonkov/masterWork/tests/samePrefixMarkedMtx2304/depth4/node5/test0_08.mtx 1.3 546.505 0.0390668 0.5 
/home/antonkov/masterWork/tests/samePrefixMarkedMtx2304/depth4/node5/test0_08.mtx 1.4 506.909 0.0253364 0.34 
/home/antonkov/masterWork/tests/samePrefixMarkedMtx2304/depth4/node5/test0_08.mtx 1.5 566.454 0.0134867 0.186667 
/home/antonkov/masterWork/tests/samePrefixMarkedMtx2304/depth4/node5/test0_08.mtx 1.6 761.238 0.00654803 0.0916667 
/home/antonkov/masterWork/tests/samePrefixMarkedMtx2304/depth4/node5/test0_08.mtx 1.7 1105.26 0.00300492 0.0441667 
/home/antonkov/masterWork/tests/samePrefixMarkedMtx2304/depth4/node5/test0_08.mtx 1.8 1652.92 0.00140119 0.0208333 
/home/antonkov/masterWork/tests/samePrefixMarkedMtx2304/depth4/node5/test0_08.mtx 1.9 3838.18 0.000506896 0.0071831 
/home/antonkov/masterWork/tests/samePrefixMarkedMtx2304/depth4/node5/test0_08.mtx 2 0 -1 -1 
/home/antonkov/masterWork/tests/samePrefixMarkedMtx2304/depth4/node5/test0_08.mtx 2.1 0 -1 -1 
/home/antonkov/masterWork/tests/samePrefixMarkedMtx2304/depth4/node5/test0_08.mtx 2.2 0 -1 -1 
/home/antonkov/masterWork/tests/samePrefixMarkedMtx2304/depth4/node5/test0_08.mtx 2.3 0 -1 -1 
/home/antonkov/masterWork/tests/samePrefixMarkedMtx2304/depth4/node5/test0_08.mtx 2.4 0 -1 -1 
/home/antonkov/masterWork/tests/samePrefixMarkedMtx2304/depth4/node5/test0_08.mtx 2.5 0 -1 -1 
/home/antonkov/masterWork/tests/samePrefixMarkedMtx2304/depth4/node5/test0_08.mtx 2.6 0 -1 -1 
/home/antonkov/masterWork/tests/samePrefixMarkedMtx2304/depth4/node5/test0_08.mtx 2.7 0 -1 -1 
/home/antonkov/masterWork/tests/samePrefixMarkedMtx2304/depth4/node5/test0_08.mtx 2.8 0 -1 -1 
/home/antonkov/masterWork/tests/samePrefixMarkedMtx2304/depth4/node5/test0_08.mtx 2.9 0 -1 -1 
/home/antonkov/masterWork/tests/samePrefixMarkedMtx2304/depth4/node5/test0_08.mtx 3 0 -1 -1 
/home/antonkov/masterWork/tests/samePrefixMarkedMtx2304/depth4/node5/test0_08.mtx 3.1 0 -1 -1 
/home/antonkov/masterWork/tests/samePrefixMarkedMtx2304/depth4/node5/test0_08.mtx 3.2 0 -1 -1 
/home/antonkov/masterWork/tests/samePrefixMarkedMtx2304/depth4/node5/test0_08.mtx 3.3 0 -1 -1 
/home/antonkov/masterWork/tests/samePrefixMarkedMtx2304/depth4/node5/test0_08.mtx 3.4 0 -1 -1 
/home/antonkov/masterWork/tests/samePrefixMarkedMtx2304/depth4/node5/test0_08.mtx 3.5 0 -1 -1 
/home/antonkov/masterWork/tests/samePrefixMarkedMtx2304/depth4/node5/test0_09.mtx 1 513.386 0.0841667 0.89 
/home/antonkov/masterWork/tests/samePrefixMarkedMtx2304/depth4/node5/test0_09.mtx 1.1 470.737 0.0733854 0.85 
/home/antonkov/masterWork/tests/samePrefixMarkedMtx2304/depth4/node5/test0_09.mtx 1.2 441.895 0.0589019 0.72 
/home/antonkov/masterWork/tests/samePrefixMarkedMtx2304/depth4/node5/test0_09.mtx 1.3 418.573 0.043125 0.54 
/home/antonkov/masterWork/tests/samePrefixMarkedMtx2304/depth4/node5/test0_09.mtx 1.4 514.029 0.0272331 0.36 
/home/antonkov/masterWork/tests/samePrefixMarkedMtx2304/depth4/node5/test0_09.mtx 1.5 587.723 0.0131583 0.193333 
/home/antonkov/masterWork/tests/samePrefixMarkedMtx2304/depth4/node5/test0_09.mtx 1.6 787.519 0.00687572 0.101667 
/home/antonkov/masterWork/tests/samePrefixMarkedMtx2304/depth4/node5/test0_09.mtx 1.7 957.904 0.00342882 0.053 
/home/antonkov/masterWork/tests/samePrefixMarkedMtx2304/depth4/node5/test0_09.mtx 1.8 1728.68 0.00128715 0.0208 
/home/antonkov/masterWork/tests/samePrefixMarkedMtx2304/depth4/node5/test0_09.mtx 1.9 3970.46 0.000435937 0.0068 
/home/antonkov/masterWork/tests/samePrefixMarkedMtx2304/depth4/node5/test0_09.mtx 2 0 -1 -1 
/home/antonkov/masterWork/tests/samePrefixMarkedMtx2304/depth4/node5/test0_09.mtx 2.1 0 -1 -1 
/home/antonkov/masterWork/tests/samePrefixMarkedMtx2304/depth4/node5/test0_09.mtx 2.2 0 -1 -1 
/home/antonkov/masterWork/tests/samePrefixMarkedMtx2304/depth4/node5/test0_09.mtx 2.3 0 -1 -1 
/home/antonkov/masterWork/tests/samePrefixMarkedMtx2304/depth4/node5/test0_09.mtx 2.4 0 -1 -1 
/home/antonkov/masterWork/tests/samePrefixMarkedMtx2304/depth4/node5/test0_09.mtx 2.5 0 -1 -1 
/home/antonkov/masterWork/tests/samePrefixMarkedMtx2304/depth4/node5/test0_09.mtx 2.6 0 -1 -1 
/home/antonkov/masterWork/tests/samePrefixMarkedMtx2304/depth4/node5/test0_09.mtx 2.7 0 -1 -1 
/home/antonkov/masterWork/tests/samePrefixMarkedMtx2304/depth4/node5/test0_09.mtx 2.8 0 -1 -1 
/home/antonkov/masterWork/tests/samePrefixMarkedMtx2304/depth4/node5/test0_09.mtx 2.9 0 -1 -1 
/home/antonkov/masterWork/tests/samePrefixMarkedMtx2304/depth4/node5/test0_09.mtx 3 0 -1 -1 
/home/antonkov/masterWork/tests/samePrefixMarkedMtx2304/depth4/node5/test0_09.mtx 3.1 0 -1 -1 
/home/antonkov/masterWork/tests/samePrefixMarkedMtx2304/depth4/node5/test0_09.mtx 3.2 0 -1 -1 
/home/antonkov/masterWork/tests/samePrefixMarkedMtx2304/depth4/node5/test0_09.mtx 3.3 0 -1 -1 
/home/antonkov/masterWork/tests/samePrefixMarkedMtx2304/depth4/node5/test0_09.mtx 3.4 0 -1 -1 
/home/antonkov/masterWork/tests/samePrefixMarkedMtx2304/depth4/node5/test0_09.mtx 3.5 0 -1 -1 
/home/antonkov/masterWork/tests/samePrefixMarkedMtx2304/depth4/node5/test0_10.mtx 1 477.647 0.0809549 0.9 
/home/antonkov/masterWork/tests/samePrefixMarkedMtx2304/depth4/node5/test0_10.mtx 1.1 462.978 0.0661762 0.78 
/home/antonkov/masterWork/tests/samePrefixMarkedMtx2304/depth4/node5/test0_10.mtx 1.2 433.333 0.0521398 0.65 
/home/antonkov/masterWork/tests/samePrefixMarkedMtx2304/depth4/node5/test0_10.mtx 1.3 416.914 0.0365582 0.52 
/home/antonkov/masterWork/tests/samePrefixMarkedMtx2304/depth4/node5/test0_10.mtx 1.4 511.066 0.0238976 0.315 
/home/antonkov/masterWork/tests/samePrefixMarkedMtx2304/depth4/node5/test0_10.mtx 1.5 570.383 0.0159534 0.22 
/home/antonkov/masterWork/tests/samePrefixMarkedMtx2304/depth4/node5/test0_10.mtx 1.6 676.729 0.00715625 0.106 
/home/antonkov/masterWork/tests/samePrefixMarkedMtx2304/depth4/node5/test0_10.mtx 1.7 1050.98 0.00294113 0.0463636 
/home/antonkov/masterWork/tests/samePrefixMarkedMtx2304/depth4/node5/test0_10.mtx 1.8 1742.06 0.00134878 0.0204 
/home/antonkov/masterWork/tests/samePrefixMarkedMtx2304/depth4/node5/test0_10.mtx 1.9 3416.41 0.000511877 0.00793651 
/home/antonkov/masterWork/tests/samePrefixMarkedMtx2304/depth4/node5/test0_10.mtx 2 0 -1 -1 
/home/antonkov/masterWork/tests/samePrefixMarkedMtx2304/depth4/node5/test0_10.mtx 2.1 0 -1 -1 
/home/antonkov/masterWork/tests/samePrefixMarkedMtx2304/depth4/node5/test0_10.mtx 2.2 0 -1 -1 
/home/antonkov/masterWork/tests/samePrefixMarkedMtx2304/depth4/node5/test0_10.mtx 2.3 0 -1 -1 
/home/antonkov/masterWork/tests/samePrefixMarkedMtx2304/depth4/node5/test0_10.mtx 2.4 0 -1 -1 
/home/antonkov/masterWork/tests/samePrefixMarkedMtx2304/depth4/node5/test0_10.mtx 2.5 0 -1 -1 
/home/antonkov/masterWork/tests/samePrefixMarkedMtx2304/depth4/node5/test0_10.mtx 2.6 0 -1 -1 
/home/antonkov/masterWork/tests/samePrefixMarkedMtx2304/depth4/node5/test0_10.mtx 2.7 0 -1 -1 
/home/antonkov/masterWork/tests/samePrefixMarkedMtx2304/depth4/node5/test0_10.mtx 2.8 0 -1 -1 
/home/antonkov/masterWork/tests/samePrefixMarkedMtx2304/depth4/node5/test0_10.mtx 2.9 0 -1 -1 
/home/antonkov/masterWork/tests/samePrefixMarkedMtx2304/depth4/node5/test0_10.mtx 3 0 -1 -1 
/home/antonkov/masterWork/tests/samePrefixMarkedMtx2304/depth4/node5/test0_10.mtx 3.1 0 -1 -1 
/home/antonkov/masterWork/tests/samePrefixMarkedMtx2304/depth4/node5/test0_10.mtx 3.2 0 -1 -1 
/home/antonkov/masterWork/tests/samePrefixMarkedMtx2304/depth4/node5/test0_10.mtx 3.3 0 -1 -1 
/home/antonkov/masterWork/tests/samePrefixMarkedMtx2304/depth4/node5/test0_10.mtx 3.4 0 -1 -1 
/home/antonkov/masterWork/tests/samePrefixMarkedMtx2304/depth4/node5/test0_10.mtx 3.5 0 -1 -1 
/home/antonkov/masterWork/tests/samePrefixMarkedMtx2304/depth4/node5/test0_11.mtx 1 450.599 0.0774653 0.88 
/home/antonkov/masterWork/tests/samePrefixMarkedMtx2304/depth4/node5/test0_11.mtx 1.1 445.022 0.0628125 0.75 
/home/antonkov/masterWork/tests/samePrefixMarkedMtx2304/depth4/node5/test0_11.mtx 1.2 433.333 0.0472917 0.6 
/home/antonkov/masterWork/tests/samePrefixMarkedMtx2304/depth4/node5/test0_11.mtx 1.3 536.887 0.0358746 0.45 
/home/antonkov/masterWork/tests/samePrefixMarkedMtx2304/depth4/node5/test0_11.mtx 1.4 507.713 0.0229145 0.305 
/home/antonkov/masterWork/tests/samePrefixMarkedMtx2304/depth4/node5/test0_11.mtx 1.5 577.009 0.0132205 0.183333 
/home/antonkov/masterWork/tests/samePrefixMarkedMtx2304/depth4/node5/test0_11.mtx 1.6 775.329 0.00654369 0.0983333 
/home/antonkov/masterWork/tests/samePrefixMarkedMtx2304/depth4/node5/test0_11.mtx 1.7 1024.49 0.00304451 0.0463636 
/home/antonkov/masterWork/tests/samePrefixMarkedMtx2304/depth4/node5/test0_11.mtx 1.8 1646.11 0.00138417 0.0217391 
/home/antonkov/masterWork/tests/samePrefixMarkedMtx2304/depth4/node5/test0_11.mtx 1.9 3547.81 0.000497554 0.00772727 
/home/antonkov/masterWork/tests/samePrefixMarkedMtx2304/depth4/node5/test0_11.mtx 2 0 -1 -1 
/home/antonkov/masterWork/tests/samePrefixMarkedMtx2304/depth4/node5/test0_11.mtx 2.1 0 -1 -1 
/home/antonkov/masterWork/tests/samePrefixMarkedMtx2304/depth4/node5/test0_11.mtx 2.2 0 -1 -1 
/home/antonkov/masterWork/tests/samePrefixMarkedMtx2304/depth4/node5/test0_11.mtx 2.3 0 -1 -1 
/home/antonkov/masterWork/tests/samePrefixMarkedMtx2304/depth4/node5/test0_11.mtx 2.4 0 -1 -1 
/home/antonkov/masterWork/tests/samePrefixMarkedMtx2304/depth4/node5/test0_11.mtx 2.5 0 -1 -1 
/home/antonkov/masterWork/tests/samePrefixMarkedMtx2304/depth4/node5/test0_11.mtx 2.6 0 -1 -1 
/home/antonkov/masterWork/tests/samePrefixMarkedMtx2304/depth4/node5/test0_11.mtx 2.7 0 -1 -1 
/home/antonkov/masterWork/tests/samePrefixMarkedMtx2304/depth4/node5/test0_11.mtx 2.8 0 -1 -1 
/home/antonkov/masterWork/tests/samePrefixMarkedMtx2304/depth4/node5/test0_11.mtx 2.9 0 -1 -1 
/home/antonkov/masterWork/tests/samePrefixMarkedMtx2304/depth4/node5/test0_11.mtx 3 0 -1 -1 
/home/antonkov/masterWork/tests/samePrefixMarkedMtx2304/depth4/node5/test0_11.mtx 3.1 0 -1 -1 
/home/antonkov/masterWork/tests/samePrefixMarkedMtx2304/depth4/node5/test0_11.mtx 3.2 0 -1 -1 
/home/antonkov/masterWork/tests/samePrefixMarkedMtx2304/depth4/node5/test0_11.mtx 3.3 0 -1 -1 
/home/antonkov/masterWork/tests/samePrefixMarkedMtx2304/depth4/node5/test0_11.mtx 3.4 0 -1 -1 
/home/antonkov/masterWork/tests/samePrefixMarkedMtx2304/depth4/node5/test0_11.mtx 3.5 0 -1 -1 
/home/antonkov/masterWork/tests/samePrefixMarkedMtx2304/depth4/node5/test0_12.mtx 1 512.373 0.0834766 0.93 
/home/antonkov/masterWork/tests/samePrefixMarkedMtx2304/depth4/node5/test0_12.mtx 1.1 460.241 0.069974 0.83 
/home/antonkov/masterWork/tests/samePrefixMarkedMtx2304/depth4/node5/test0_12.mtx 1.2 445.51 0.0580469 0.69 
/home/antonkov/masterWork/tests/samePrefixMarkedMtx2304/depth4/node5/test0_12.mtx 1.3 419.355 0.0408507 0.5 
/home/antonkov/masterWork/tests/samePrefixMarkedMtx2304/depth4/node5/test0_12.mtx 1.4 512.176 0.0259983 0.34 
/home/antonkov/masterWork/tests/samePrefixMarkedMtx2304/depth4/node5/test0_12.mtx 1.5 580.629 0.0158232 0.226667 
/home/antonkov/masterWork/tests/samePrefixMarkedMtx2304/depth4/node5/test0_12.mtx 1.6 765.848 0.00662543 0.0966667 
/home/antonkov/masterWork/tests/samePrefixMarkedMtx2304/depth4/node5/test0_12.mtx 1.7 977.105 0.00361241 0.056 
/home/antonkov/masterWork/tests/samePrefixMarkedMtx2304/depth4/node5/test0_12.mtx 1.8 1878.1 0.0012336 0.02 
/home/antonkov/masterWork/tests/samePrefixMarkedMtx2304/depth4/node5/test0_12.mtx 1.9 4482.4 0.000352118 0.00581395 
/home/antonkov/masterWork/tests/samePrefixMarkedMtx2304/depth4/node5/test0_12.mtx 2 0 -1 -1 
/home/antonkov/masterWork/tests/samePrefixMarkedMtx2304/depth4/node5/test0_12.mtx 2.1 0 -1 -1 
/home/antonkov/masterWork/tests/samePrefixMarkedMtx2304/depth4/node5/test0_12.mtx 2.2 0 -1 -1 
/home/antonkov/masterWork/tests/samePrefixMarkedMtx2304/depth4/node5/test0_12.mtx 2.3 0 -1 -1 
/home/antonkov/masterWork/tests/samePrefixMarkedMtx2304/depth4/node5/test0_12.mtx 2.4 0 -1 -1 
/home/antonkov/masterWork/tests/samePrefixMarkedMtx2304/depth4/node5/test0_12.mtx 2.5 0 -1 -1 
/home/antonkov/masterWork/tests/samePrefixMarkedMtx2304/depth4/node5/test0_12.mtx 2.6 0 -1 -1 
/home/antonkov/masterWork/tests/samePrefixMarkedMtx2304/depth4/node5/test0_12.mtx 2.7 0 -1 -1 
/home/antonkov/masterWork/tests/samePrefixMarkedMtx2304/depth4/node5/test0_12.mtx 2.8 0 -1 -1 
/home/antonkov/masterWork/tests/samePrefixMarkedMtx2304/depth4/node5/test0_12.mtx 2.9 0 -1 -1 
/home/antonkov/masterWork/tests/samePrefixMarkedMtx2304/depth4/node5/test0_12.mtx 3 0 -1 -1 
/home/antonkov/masterWork/tests/samePrefixMarkedMtx2304/depth4/node5/test0_12.mtx 3.1 0 -1 -1 
/home/antonkov/masterWork/tests/samePrefixMarkedMtx2304/depth4/node5/test0_12.mtx 3.2 0 -1 -1 
/home/antonkov/masterWork/tests/samePrefixMarkedMtx2304/depth4/node5/test0_12.mtx 3.3 0 -1 -1 
/home/antonkov/masterWork/tests/samePrefixMarkedMtx2304/depth4/node5/test0_12.mtx 3.4 0 -1 -1 
/home/antonkov/masterWork/tests/samePrefixMarkedMtx2304/depth4/node5/test0_12.mtx 3.5 0 -1 -1 
/home/antonkov/masterWork/tests/samePrefixMarkedMtx2304/depth4/node5/test0_13.mtx 1 498.835 0.0804991 0.92 
/home/antonkov/masterWork/tests/samePrefixMarkedMtx2304/depth4/node5/test0_13.mtx 1.1 457.166 0.0678385 0.83 
/home/antonkov/masterWork/tests/samePrefixMarkedMtx2304/depth4/node5/test0_13.mtx 1.2 432.316 0.0485026 0.61 
/home/antonkov/masterWork/tests/samePrefixMarkedMtx2304/depth4/node5/test0_13.mtx 1.3 410.954 0.0382378 0.51 
/home/antonkov/masterWork/tests/samePrefixMarkedMtx2304/depth4/node5/test0_13.mtx 1.4 523.257 0.0268815 0.365 
/home/antonkov/masterWork/tests/samePrefixMarkedMtx2304/depth4/node5/test0_13.mtx 1.5 590.484 0.0169792 0.233333 
/home/antonkov/masterWork/tests/samePrefixMarkedMtx2304/depth4/node5/test0_13.mtx 1.6 695.249 0.0073967 0.106 
/home/antonkov/masterWork/tests/samePrefixMarkedMtx2304/depth4/node5/test0_13.mtx 1.7 901.908 0.00397377 0.0577778 
/home/antonkov/masterWork/tests/samePrefixMarkedMtx2304/depth4/node5/test0_13.mtx 1.8 1593.16 0.0015118 0.0231818 
/home/antonkov/masterWork/tests/samePrefixMarkedMtx2304/depth4/node5/test0_13.mtx 1.9 3389.72 0.000473986 0.00793651 
/home/antonkov/masterWork/tests/samePrefixMarkedMtx2304/depth4/node5/test0_13.mtx 2 0 -1 -1 
/home/antonkov/masterWork/tests/samePrefixMarkedMtx2304/depth4/node5/test0_13.mtx 2.1 0 -1 -1 
/home/antonkov/masterWork/tests/samePrefixMarkedMtx2304/depth4/node5/test0_13.mtx 2.2 0 -1 -1 
/home/antonkov/masterWork/tests/samePrefixMarkedMtx2304/depth4/node5/test0_13.mtx 2.3 0 -1 -1 
/home/antonkov/masterWork/tests/samePrefixMarkedMtx2304/depth4/node5/test0_13.mtx 2.4 0 -1 -1 
/home/antonkov/masterWork/tests/samePrefixMarkedMtx2304/depth4/node5/test0_13.mtx 2.5 0 -1 -1 
/home/antonkov/masterWork/tests/samePrefixMarkedMtx2304/depth4/node5/test0_13.mtx 2.6 0 -1 -1 
/home/antonkov/masterWork/tests/samePrefixMarkedMtx2304/depth4/node5/test0_13.mtx 2.7 0 -1 -1 
/home/antonkov/masterWork/tests/samePrefixMarkedMtx2304/depth4/node5/test0_13.mtx 2.8 0 -1 -1 
/home/antonkov/masterWork/tests/samePrefixMarkedMtx2304/depth4/node5/test0_13.mtx 2.9 0 -1 -1 
/home/antonkov/masterWork/tests/samePrefixMarkedMtx2304/depth4/node5/test0_13.mtx 3 0 -1 -1 
/home/antonkov/masterWork/tests/samePrefixMarkedMtx2304/depth4/node5/test0_13.mtx 3.1 0 -1 -1 
/home/antonkov/masterWork/tests/samePrefixMarkedMtx2304/depth4/node5/test0_13.mtx 3.2 0 -1 -1 
/home/antonkov/masterWork/tests/samePrefixMarkedMtx2304/depth4/node5/test0_13.mtx 3.3 0 -1 -1 
/home/antonkov/masterWork/tests/samePrefixMarkedMtx2304/depth4/node5/test0_13.mtx 3.4 0 -1 -1 
/home/antonkov/masterWork/tests/samePrefixMarkedMtx2304/depth4/node5/test0_13.mtx 3.5 0 -1 -1 
/home/antonkov/masterWork/tests/samePrefixMarkedMtx2304/depth4/node5/test0_14.mtx 1 515.47 0.0809201 0.89 
/home/antonkov/masterWork/tests/samePrefixMarkedMtx2304/depth4/node5/test0_14.mtx 1.1 459.026 0.069145 0.81 
/home/antonkov/masterWork/tests/samePrefixMarkedMtx2304/depth4/node5/test0_14.mtx 1.2 430.007 0.0534332 0.67 
/home/antonkov/masterWork/tests/samePrefixMarkedMtx2304/depth4/node5/test0_14.mtx 1.3 540.207 0.0384266 0.495 
/home/antonkov/masterWork/tests/samePrefixMarkedMtx2304/depth4/node5/test0_14.mtx 1.4 513.593 0.0216168 0.295 
/home/antonkov/masterWork/tests/samePrefixMarkedMtx2304/depth4/node5/test0_14.mtx 1.5 660.109 0.0121864 0.1725 
/home/antonkov/masterWork/tests/samePrefixMarkedMtx2304/depth4/node5/test0_14.mtx 1.6 834.023 0.00552207 0.0742857 
/home/antonkov/masterWork/tests/samePrefixMarkedMtx2304/depth4/node5/test0_14.mtx 1.7 1158.2 0.00275808 0.0407692 
/home/antonkov/masterWork/tests/samePrefixMarkedMtx2304/depth4/node5/test0_14.mtx 1.8 2076.61 0.00106701 0.016129 
/home/antonkov/masterWork/tests/samePrefixMarkedMtx2304/depth4/node5/test0_14.mtx 1.9 4100.76 0.000419541 0.00675325 
/home/antonkov/masterWork/tests/samePrefixMarkedMtx2304/depth4/node5/test0_14.mtx 2 0 -1 -1 
/home/antonkov/masterWork/tests/samePrefixMarkedMtx2304/depth4/node5/test0_14.mtx 2.1 0 -1 -1 
/home/antonkov/masterWork/tests/samePrefixMarkedMtx2304/depth4/node5/test0_14.mtx 2.2 0 -1 -1 
/home/antonkov/masterWork/tests/samePrefixMarkedMtx2304/depth4/node5/test0_14.mtx 2.3 0 -1 -1 
/home/antonkov/masterWork/tests/samePrefixMarkedMtx2304/depth4/node5/test0_14.mtx 2.4 0 -1 -1 
/home/antonkov/masterWork/tests/samePrefixMarkedMtx2304/depth4/node5/test0_14.mtx 2.5 0 -1 -1 
/home/antonkov/masterWork/tests/samePrefixMarkedMtx2304/depth4/node5/test0_14.mtx 2.6 0 -1 -1 
/home/antonkov/masterWork/tests/samePrefixMarkedMtx2304/depth4/node5/test0_14.mtx 2.7 0 -1 -1 
/home/antonkov/masterWork/tests/samePrefixMarkedMtx2304/depth4/node5/test0_14.mtx 2.8 0 -1 -1 
/home/antonkov/masterWork/tests/samePrefixMarkedMtx2304/depth4/node5/test0_14.mtx 2.9 0 -1 -1 
/home/antonkov/masterWork/tests/samePrefixMarkedMtx2304/depth4/node5/test0_14.mtx 3 0 -1 -1 
/home/antonkov/masterWork/tests/samePrefixMarkedMtx2304/depth4/node5/test0_14.mtx 3.1 0 -1 -1 
/home/antonkov/masterWork/tests/samePrefixMarkedMtx2304/depth4/node5/test0_14.mtx 3.2 0 -1 -1 
/home/antonkov/masterWork/tests/samePrefixMarkedMtx2304/depth4/node5/test0_14.mtx 3.3 0 -1 -1 
/home/antonkov/masterWork/tests/samePrefixMarkedMtx2304/depth4/node5/test0_14.mtx 3.4 0 -1 -1 
/home/antonkov/masterWork/tests/samePrefixMarkedMtx2304/depth4/node5/test0_14.mtx 3.5 0 -1 -1 
/home/antonkov/masterWork/tests/samePrefixMarkedMtx2304/depth4/node5/test1_00.mtx 1 481.058 0.0825694 0.9 
/home/antonkov/masterWork/tests/samePrefixMarkedMtx2304/depth4/node5/test1_00.mtx 1.1 464.903 0.071059 0.84 
/home/antonkov/masterWork/tests/samePrefixMarkedMtx2304/depth4/node5/test1_00.mtx 1.2 440.3 0.0539366 0.65 
/home/antonkov/masterWork/tests/samePrefixMarkedMtx2304/depth4/node5/test1_00.mtx 1.3 419.469 0.0411111 0.53 
/home/antonkov/masterWork/tests/samePrefixMarkedMtx2304/depth4/node5/test1_00.mtx 1.4 525.63 0.0313759 0.42 
/home/antonkov/masterWork/tests/samePrefixMarkedMtx2304/depth4/node5/test1_00.mtx 1.5 495.12 0.0187196 0.275 
/home/antonkov/masterWork/tests/samePrefixMarkedMtx2304/depth4/node5/test1_00.mtx 1.6 657.336 0.00847982 0.1275 
/home/antonkov/masterWork/tests/samePrefixMarkedMtx2304/depth4/node5/test1_00.mtx 1.7 868.734 0.00433919 0.0625 
/home/antonkov/masterWork/tests/samePrefixMarkedMtx2304/depth4/node5/test1_00.mtx 1.8 1666.71 0.00145991 0.0236364 
/home/antonkov/masterWork/tests/samePrefixMarkedMtx2304/depth4/node5/test1_00.mtx 1.9 3210.9 0.000524476 0.00910714 
/home/antonkov/masterWork/tests/samePrefixMarkedMtx2304/depth4/node5/test1_00.mtx 2 0 -1 -1 
/home/antonkov/masterWork/tests/samePrefixMarkedMtx2304/depth4/node5/test1_00.mtx 2.1 0 -1 -1 
/home/antonkov/masterWork/tests/samePrefixMarkedMtx2304/depth4/node5/test1_00.mtx 2.2 0 -1 -1 
/home/antonkov/masterWork/tests/samePrefixMarkedMtx2304/depth4/node5/test1_00.mtx 2.3 0 -1 -1 
/home/antonkov/masterWork/tests/samePrefixMarkedMtx2304/depth4/node5/test1_00.mtx 2.4 0 -1 -1 
/home/antonkov/masterWork/tests/samePrefixMarkedMtx2304/depth4/node5/test1_00.mtx 2.5 0 -1 -1 
/home/antonkov/masterWork/tests/samePrefixMarkedMtx2304/depth4/node5/test1_00.mtx 2.6 0 -1 -1 
/home/antonkov/masterWork/tests/samePrefixMarkedMtx2304/depth4/node5/test1_00.mtx 2.7 0 -1 -1 
/home/antonkov/masterWork/tests/samePrefixMarkedMtx2304/depth4/node5/test1_00.mtx 2.8 0 -1 -1 
/home/antonkov/masterWork/tests/samePrefixMarkedMtx2304/depth4/node5/test1_00.mtx 2.9 0 -1 -1 
/home/antonkov/masterWork/tests/samePrefixMarkedMtx2304/depth4/node5/test1_00.mtx 3 0 -1 -1 
/home/antonkov/masterWork/tests/samePrefixMarkedMtx2304/depth4/node5/test1_00.mtx 3.1 0 -1 -1 
/home/antonkov/masterWork/tests/samePrefixMarkedMtx2304/depth4/node5/test1_00.mtx 3.2 0 -1 -1 
/home/antonkov/masterWork/tests/samePrefixMarkedMtx2304/depth4/node5/test1_00.mtx 3.3 0 -1 -1 
/home/antonkov/masterWork/tests/samePrefixMarkedMtx2304/depth4/node5/test1_00.mtx 3.4 0 -1 -1 
/home/antonkov/masterWork/tests/samePrefixMarkedMtx2304/depth4/node5/test1_00.mtx 3.5 0 -1 -1 
/home/antonkov/masterWork/tests/samePrefixMarkedMtx2304/depth4/node5/test1_01.mtx 1 457.796 0.0830903 0.91 
/home/antonkov/masterWork/tests/samePrefixMarkedMtx2304/depth4/node5/test1_01.mtx 1.1 455.328 0.0719097 0.85 
/home/antonkov/masterWork/tests/samePrefixMarkedMtx2304/depth4/node5/test1_01.mtx 1.2 452.074 0.0572917 0.74 
/home/antonkov/masterWork/tests/samePrefixMarkedMtx2304/depth4/node5/test1_01.mtx 1.3 419.578 0.0393707 0.52 
/home/antonkov/masterWork/tests/samePrefixMarkedMtx2304/depth4/node5/test1_01.mtx 1.4 525.701 0.0295898 0.405 
/home/antonkov/masterWork/tests/samePrefixMarkedMtx2304/depth4/node5/test1_01.mtx 1.5 582.54 0.0153168 0.223333 
/home/antonkov/masterWork/tests/samePrefixMarkedMtx2304/depth4/node5/test1_01.mtx 1.6 696.449 0.00746094 0.112 
/home/antonkov/masterWork/tests/samePrefixMarkedMtx2304/depth4/node5/test1_01.mtx 1.7 921.818 0.00408806 0.0633333 
/home/antonkov/masterWork/tests/samePrefixMarkedMtx2304/depth4/node5/test1_01.mtx 1.8 1440.28 0.00175027 0.0263158 
/home/antonkov/masterWork/tests/samePrefixMarkedMtx2304/depth4/node5/test1_01.mtx 1.9 3478.06 0.000447249 0.00769231 
/home/antonkov/masterWork/tests/samePrefixMarkedMtx2304/depth4/node5/test1_01.mtx 2 0 -1 -1 
/home/antonkov/masterWork/tests/samePrefixMarkedMtx2304/depth4/node5/test1_01.mtx 2.1 0 -1 -1 
/home/antonkov/masterWork/tests/samePrefixMarkedMtx2304/depth4/node5/test1_01.mtx 2.2 0 -1 -1 
/home/antonkov/masterWork/tests/samePrefixMarkedMtx2304/depth4/node5/test1_01.mtx 2.3 0 -1 -1 
/home/antonkov/masterWork/tests/samePrefixMarkedMtx2304/depth4/node5/test1_01.mtx 2.4 0 -1 -1 
/home/antonkov/masterWork/tests/samePrefixMarkedMtx2304/depth4/node5/test1_01.mtx 2.5 0 -1 -1 
/home/antonkov/masterWork/tests/samePrefixMarkedMtx2304/depth4/node5/test1_01.mtx 2.6 0 -1 -1 
/home/antonkov/masterWork/tests/samePrefixMarkedMtx2304/depth4/node5/test1_01.mtx 2.7 0 -1 -1 
/home/antonkov/masterWork/tests/samePrefixMarkedMtx2304/depth4/node5/test1_01.mtx 2.8 0 -1 -1 
/home/antonkov/masterWork/tests/samePrefixMarkedMtx2304/depth4/node5/test1_01.mtx 2.9 0 -1 -1 
/home/antonkov/masterWork/tests/samePrefixMarkedMtx2304/depth4/node5/test1_01.mtx 3 0 -1 -1 
/home/antonkov/masterWork/tests/samePrefixMarkedMtx2304/depth4/node5/test1_01.mtx 3.1 0 -1 -1 
/home/antonkov/masterWork/tests/samePrefixMarkedMtx2304/depth4/node5/test1_01.mtx 3.2 0 -1 -1 
/home/antonkov/masterWork/tests/samePrefixMarkedMtx2304/depth4/node5/test1_01.mtx 3.3 0 -1 -1 
/home/antonkov/masterWork/tests/samePrefixMarkedMtx2304/depth4/node5/test1_01.mtx 3.4 0 -1 -1 
/home/antonkov/masterWork/tests/samePrefixMarkedMtx2304/depth4/node5/test1_01.mtx 3.5 0 -1 -1 
/home/antonkov/masterWork/tests/samePrefixMarkedMtx2304/depth4/node5/test1_02.mtx 1 519.485 0.0816189 0.88 
/home/antonkov/masterWork/tests/samePrefixMarkedMtx2304/depth4/node5/test1_02.mtx 1.1 458.34 0.0724479 0.82 
/home/antonkov/masterWork/tests/samePrefixMarkedMtx2304/depth4/node5/test1_02.mtx 1.2 451.859 0.0598958 0.74 
/home/antonkov/masterWork/tests/samePrefixMarkedMtx2304/depth4/node5/test1_02.mtx 1.3 420.619 0.0418316 0.53 
/home/antonkov/masterWork/tests/samePrefixMarkedMtx2304/depth4/node5/test1_02.mtx 1.4 530.536 0.0284744 0.385 
/home/antonkov/masterWork/tests/samePrefixMarkedMtx2304/depth4/node5/test1_02.mtx 1.5 579.489 0.0172222 0.243333 
/home/antonkov/masterWork/tests/samePrefixMarkedMtx2304/depth4/node5/test1_02.mtx 1.6 700.275 0.00821615 0.114 
/home/antonkov/masterWork/tests/samePrefixMarkedMtx2304/depth4/node5/test1_02.mtx 1.7 924.324 0.00349537 0.0566667 
/home/antonkov/masterWork/tests/samePrefixMarkedMtx2304/depth4/node5/test1_02.mtx 1.8 1711.85 0.00130172 0.0208333 
/home/antonkov/masterWork/tests/samePrefixMarkedMtx2304/depth4/node5/test1_02.mtx 1.9 3567.33 0.000452257 0.00784615 
/home/antonkov/masterWork/tests/samePrefixMarkedMtx2304/depth4/node5/test1_02.mtx 2 0 -1 -1 
/home/antonkov/masterWork/tests/samePrefixMarkedMtx2304/depth4/node5/test1_02.mtx 2.1 0 -1 -1 
/home/antonkov/masterWork/tests/samePrefixMarkedMtx2304/depth4/node5/test1_02.mtx 2.2 0 -1 -1 
/home/antonkov/masterWork/tests/samePrefixMarkedMtx2304/depth4/node5/test1_02.mtx 2.3 0 -1 -1 
/home/antonkov/masterWork/tests/samePrefixMarkedMtx2304/depth4/node5/test1_02.mtx 2.4 0 -1 -1 
/home/antonkov/masterWork/tests/samePrefixMarkedMtx2304/depth4/node5/test1_02.mtx 2.5 0 -1 -1 
/home/antonkov/masterWork/tests/samePrefixMarkedMtx2304/depth4/node5/test1_02.mtx 2.6 0 -1 -1 
/home/antonkov/masterWork/tests/samePrefixMarkedMtx2304/depth4/node5/test1_02.mtx 2.7 0 -1 -1 
/home/antonkov/masterWork/tests/samePrefixMarkedMtx2304/depth4/node5/test1_02.mtx 2.8 0 -1 -1 
/home/antonkov/masterWork/tests/samePrefixMarkedMtx2304/depth4/node5/test1_02.mtx 2.9 0 -1 -1 
/home/antonkov/masterWork/tests/samePrefixMarkedMtx2304/depth4/node5/test1_02.mtx 3 0 -1 -1 
/home/antonkov/masterWork/tests/samePrefixMarkedMtx2304/depth4/node5/test1_02.mtx 3.1 0 -1 -1 
/home/antonkov/masterWork/tests/samePrefixMarkedMtx2304/depth4/node5/test1_02.mtx 3.2 0 -1 -1 
/home/antonkov/masterWork/tests/samePrefixMarkedMtx2304/depth4/node5/test1_02.mtx 3.3 0 -1 -1 
/home/antonkov/masterWork/tests/samePrefixMarkedMtx2304/depth4/node5/test1_02.mtx 3.4 0 -1 -1 
/home/antonkov/masterWork/tests/samePrefixMarkedMtx2304/depth4/node5/test1_02.mtx 3.5 0 -1 -1 
/home/antonkov/masterWork/tests/samePrefixMarkedMtx2304/depth4/node5/test1_03.mtx 1 516.171 0.0835113 0.9 
/home/antonkov/masterWork/tests/samePrefixMarkedMtx2304/depth4/node5/test1_03.mtx 1.1 461.542 0.0728733 0.84 
/home/antonkov/masterWork/tests/samePrefixMarkedMtx2304/depth4/node5/test1_03.mtx 1.2 441.518 0.0600694 0.73 
/home/antonkov/masterWork/tests/samePrefixMarkedMtx2304/depth4/node5/test1_03.mtx 1.3 430.557 0.0484071 0.62 
/home/antonkov/masterWork/tests/samePrefixMarkedMtx2304/depth4/node5/test1_03.mtx 1.4 533.472 0.0311545 0.425 
/home/antonkov/masterWork/tests/samePrefixMarkedMtx2304/depth4/node5/test1_03.mtx 1.5 492.19 0.0199805 0.28 
/home/antonkov/masterWork/tests/samePrefixMarkedMtx2304/depth4/node5/test1_03.mtx 1.6 612.766 0.00919488 0.1325 
/home/antonkov/masterWork/tests/samePrefixMarkedMtx2304/depth4/node5/test1_03.mtx 1.7 791.004 0.00451141 0.0714286 
/home/antonkov/masterWork/tests/samePrefixMarkedMtx2304/depth4/node5/test1_03.mtx 1.8 1516.14 0.001523 0.025 
/home/antonkov/masterWork/tests/samePrefixMarkedMtx2304/depth4/node5/test1_03.mtx 1.9 3347.92 0.000540365 0.00806452 
/home/antonkov/masterWork/tests/samePrefixMarkedMtx2304/depth4/node5/test1_03.mtx 2 0 -1 -1 
/home/antonkov/masterWork/tests/samePrefixMarkedMtx2304/depth4/node5/test1_03.mtx 2.1 0 -1 -1 
/home/antonkov/masterWork/tests/samePrefixMarkedMtx2304/depth4/node5/test1_03.mtx 2.2 0 -1 -1 
/home/antonkov/masterWork/tests/samePrefixMarkedMtx2304/depth4/node5/test1_03.mtx 2.3 0 -1 -1 
/home/antonkov/masterWork/tests/samePrefixMarkedMtx2304/depth4/node5/test1_03.mtx 2.4 0 -1 -1 
/home/antonkov/masterWork/tests/samePrefixMarkedMtx2304/depth4/node5/test1_03.mtx 2.5 0 -1 -1 
/home/antonkov/masterWork/tests/samePrefixMarkedMtx2304/depth4/node5/test1_03.mtx 2.6 0 -1 -1 
/home/antonkov/masterWork/tests/samePrefixMarkedMtx2304/depth4/node5/test1_03.mtx 2.7 0 -1 -1 
/home/antonkov/masterWork/tests/samePrefixMarkedMtx2304/depth4/node5/test1_03.mtx 2.8 0 -1 -1 
/home/antonkov/masterWork/tests/samePrefixMarkedMtx2304/depth4/node5/test1_03.mtx 2.9 0 -1 -1 
/home/antonkov/masterWork/tests/samePrefixMarkedMtx2304/depth4/node5/test1_03.mtx 3 0 -1 -1 
/home/antonkov/masterWork/tests/samePrefixMarkedMtx2304/depth4/node5/test1_03.mtx 3.1 0 -1 -1 
/home/antonkov/masterWork/tests/samePrefixMarkedMtx2304/depth4/node5/test1_03.mtx 3.2 0 -1 -1 
/home/antonkov/masterWork/tests/samePrefixMarkedMtx2304/depth4/node5/test1_03.mtx 3.3 0 -1 -1 
/home/antonkov/masterWork/tests/samePrefixMarkedMtx2304/depth4/node5/test1_03.mtx 3.4 0 -1 -1 
/home/antonkov/masterWork/tests/samePrefixMarkedMtx2304/depth4/node5/test1_03.mtx 3.5 0 -1 -1 
/home/antonkov/masterWork/tests/samePrefixMarkedMtx2304/depth4/node5/test1_04.mtx 1 483.499 0.0859462 0.94 
/home/antonkov/masterWork/tests/samePrefixMarkedMtx2304/depth4/node5/test1_04.mtx 1.1 463.32 0.07398 0.87 
/home/antonkov/masterWork/tests/samePrefixMarkedMtx2304/depth4/node5/test1_04.mtx 1.2 445.126 0.0578168 0.7 
/home/antonkov/masterWork/tests/samePrefixMarkedMtx2304/depth4/node5/test1_04.mtx 1.3 421.812 0.0395616 0.54 
/home/antonkov/masterWork/tests/samePrefixMarkedMtx2304/depth4/node5/test1_04.mtx 1.4 525.275 0.027474 0.37 
/home/antonkov/masterWork/tests/samePrefixMarkedMtx2304/depth4/node5/test1_04.mtx 1.5 587.416 0.0167115 0.24 
/home/antonkov/masterWork/tests/samePrefixMarkedMtx2304/depth4/node5/test1_04.mtx 1.6 694.535 0.00837587 0.124 
/home/antonkov/masterWork/tests/samePrefixMarkedMtx2304/depth4/node5/test1_04.mtx 1.7 1003.48 0.00380512 0.056 
/home/antonkov/masterWork/tests/samePrefixMarkedMtx2304/depth4/node5/test1_04.mtx 1.8 1531.65 0.00162781 0.0247619 
/home/antonkov/masterWork/tests/samePrefixMarkedMtx2304/depth4/node5/test1_04.mtx 1.9 2714.19 0.000666594 0.0104167 
/home/antonkov/masterWork/tests/samePrefixMarkedMtx2304/depth4/node5/test1_04.mtx 2 5888.83 0.000234853 0.00393701 
/home/antonkov/masterWork/tests/samePrefixMarkedMtx2304/depth4/node5/test1_04.mtx 2.1 0 -1 -1 
/home/antonkov/masterWork/tests/samePrefixMarkedMtx2304/depth4/node5/test1_04.mtx 2.2 0 -1 -1 
/home/antonkov/masterWork/tests/samePrefixMarkedMtx2304/depth4/node5/test1_04.mtx 2.3 0 -1 -1 
/home/antonkov/masterWork/tests/samePrefixMarkedMtx2304/depth4/node5/test1_04.mtx 2.4 0 -1 -1 
/home/antonkov/masterWork/tests/samePrefixMarkedMtx2304/depth4/node5/test1_04.mtx 2.5 0 -1 -1 
/home/antonkov/masterWork/tests/samePrefixMarkedMtx2304/depth4/node5/test1_04.mtx 2.6 0 -1 -1 
/home/antonkov/masterWork/tests/samePrefixMarkedMtx2304/depth4/node5/test1_04.mtx 2.7 0 -1 -1 
/home/antonkov/masterWork/tests/samePrefixMarkedMtx2304/depth4/node5/test1_04.mtx 2.8 0 -1 -1 
/home/antonkov/masterWork/tests/samePrefixMarkedMtx2304/depth4/node5/test1_04.mtx 2.9 0 -1 -1 
/home/antonkov/masterWork/tests/samePrefixMarkedMtx2304/depth4/node5/test1_04.mtx 3 0 -1 -1 
/home/antonkov/masterWork/tests/samePrefixMarkedMtx2304/depth4/node5/test1_04.mtx 3.1 0 -1 -1 
/home/antonkov/masterWork/tests/samePrefixMarkedMtx2304/depth4/node5/test1_04.mtx 3.2 0 -1 -1 
/home/antonkov/masterWork/tests/samePrefixMarkedMtx2304/depth4/node5/test1_04.mtx 3.3 0 -1 -1 
/home/antonkov/masterWork/tests/samePrefixMarkedMtx2304/depth4/node5/test1_04.mtx 3.4 0 -1 -1 
/home/antonkov/masterWork/tests/samePrefixMarkedMtx2304/depth4/node5/test1_04.mtx 3.5 0 -1 -1 
/home/antonkov/masterWork/tests/samePrefixMarkedMtx2304/depth4/node5/test1_05.mtx 1 453.71 0.0880339 0.94 
/home/antonkov/masterWork/tests/samePrefixMarkedMtx2304/depth4/node5/test1_05.mtx 1.1 454.943 0.07602 0.84 
/home/antonkov/masterWork/tests/samePrefixMarkedMtx2304/depth4/node5/test1_05.mtx 1.2 449.384 0.064362 0.75 
/home/antonkov/masterWork/tests/samePrefixMarkedMtx2304/depth4/node5/test1_05.mtx 1.3 425.046 0.0466753 0.57 
/home/antonkov/masterWork/tests/samePrefixMarkedMtx2304/depth4/node5/test1_05.mtx 1.4 518.218 0.0312804 0.415 
/home/antonkov/masterWork/tests/samePrefixMarkedMtx2304/depth4/node5/test1_05.mtx 1.5 490.551 0.0208268 0.27 
/home/antonkov/masterWork/tests/samePrefixMarkedMtx2304/depth4/node5/test1_05.mtx 1.6 550.331 0.0129572 0.18 
/home/antonkov/masterWork/tests/samePrefixMarkedMtx2304/depth4/node5/test1_05.mtx 1.7 726.504 0.00523872 0.085 
/home/antonkov/masterWork/tests/samePrefixMarkedMtx2304/depth4/node5/test1_05.mtx 1.8 1447.59 0.00169705 0.0278947 
/home/antonkov/masterWork/tests/samePrefixMarkedMtx2304/depth4/node5/test1_05.mtx 1.9 2910.6 0.00059345 0.00961538 
/home/antonkov/masterWork/tests/samePrefixMarkedMtx2304/depth4/node5/test1_05.mtx 2 0 -1 -1 
/home/antonkov/masterWork/tests/samePrefixMarkedMtx2304/depth4/node5/test1_05.mtx 2.1 0 -1 -1 
/home/antonkov/masterWork/tests/samePrefixMarkedMtx2304/depth4/node5/test1_05.mtx 2.2 0 -1 -1 
/home/antonkov/masterWork/tests/samePrefixMarkedMtx2304/depth4/node5/test1_05.mtx 2.3 0 -1 -1 
/home/antonkov/masterWork/tests/samePrefixMarkedMtx2304/depth4/node5/test1_05.mtx 2.4 0 -1 -1 
/home/antonkov/masterWork/tests/samePrefixMarkedMtx2304/depth4/node5/test1_05.mtx 2.5 0 -1 -1 
/home/antonkov/masterWork/tests/samePrefixMarkedMtx2304/depth4/node5/test1_05.mtx 2.6 0 -1 -1 
/home/antonkov/masterWork/tests/samePrefixMarkedMtx2304/depth4/node5/test1_05.mtx 2.7 0 -1 -1 
/home/antonkov/masterWork/tests/samePrefixMarkedMtx2304/depth4/node5/test1_05.mtx 2.8 0 -1 -1 
/home/antonkov/masterWork/tests/samePrefixMarkedMtx2304/depth4/node5/test1_05.mtx 2.9 0 -1 -1 
/home/antonkov/masterWork/tests/samePrefixMarkedMtx2304/depth4/node5/test1_05.mtx 3 0 -1 -1 
/home/antonkov/masterWork/tests/samePrefixMarkedMtx2304/depth4/node5/test1_05.mtx 3.1 0 -1 -1 
/home/antonkov/masterWork/tests/samePrefixMarkedMtx2304/depth4/node5/test1_05.mtx 3.2 0 -1 -1 
/home/antonkov/masterWork/tests/samePrefixMarkedMtx2304/depth4/node5/test1_05.mtx 3.3 0 -1 -1 
/home/antonkov/masterWork/tests/samePrefixMarkedMtx2304/depth4/node5/test1_05.mtx 3.4 0 -1 -1 
/home/antonkov/masterWork/tests/samePrefixMarkedMtx2304/depth4/node5/test1_05.mtx 3.5 0 -1 -1 
/home/antonkov/masterWork/tests/samePrefixMarkedMtx2304/depth4/node5/test1_06.mtx 1 507.825 0.0823264 0.9 
/home/antonkov/masterWork/tests/samePrefixMarkedMtx2304/depth4/node5/test1_06.mtx 1.1 467.322 0.0713368 0.85 
/home/antonkov/masterWork/tests/samePrefixMarkedMtx2304/depth4/node5/test1_06.mtx 1.2 439.005 0.0549609 0.7 
/home/antonkov/masterWork/tests/samePrefixMarkedMtx2304/depth4/node5/test1_06.mtx 1.3 420.037 0.0399132 0.53 
/home/antonkov/masterWork/tests/samePrefixMarkedMtx2304/depth4/node5/test1_06.mtx 1.4 529.15 0.0296506 0.395 
/home/antonkov/masterWork/tests/samePrefixMarkedMtx2304/depth4/node5/test1_06.mtx 1.5 575.056 0.0158232 0.216667 
/home/antonkov/masterWork/tests/samePrefixMarkedMtx2304/depth4/node5/test1_06.mtx 1.6 697.365 0.00852517 0.118 
/home/antonkov/masterWork/tests/samePrefixMarkedMtx2304/depth4/node5/test1_06.mtx 1.7 861.642 0.00437174 0.0625 
/home/antonkov/masterWork/tests/samePrefixMarkedMtx2304/depth4/node5/test1_06.mtx 1.8 1377.17 0.00193986 0.03 
/home/antonkov/masterWork/tests/samePrefixMarkedMtx2304/depth4/node5/test1_06.mtx 1.9 3083.22 0.000566209 0.00909091 
/home/antonkov/masterWork/tests/samePrefixMarkedMtx2304/depth4/node5/test1_06.mtx 2 0 -1 -1 
/home/antonkov/masterWork/tests/samePrefixMarkedMtx2304/depth4/node5/test1_06.mtx 2.1 0 -1 -1 
/home/antonkov/masterWork/tests/samePrefixMarkedMtx2304/depth4/node5/test1_06.mtx 2.2 0 -1 -1 
/home/antonkov/masterWork/tests/samePrefixMarkedMtx2304/depth4/node5/test1_06.mtx 2.3 0 -1 -1 
/home/antonkov/masterWork/tests/samePrefixMarkedMtx2304/depth4/node5/test1_06.mtx 2.4 0 -1 -1 
/home/antonkov/masterWork/tests/samePrefixMarkedMtx2304/depth4/node5/test1_06.mtx 2.5 0 -1 -1 
/home/antonkov/masterWork/tests/samePrefixMarkedMtx2304/depth4/node5/test1_06.mtx 2.6 0 -1 -1 
/home/antonkov/masterWork/tests/samePrefixMarkedMtx2304/depth4/node5/test1_06.mtx 2.7 0 -1 -1 
/home/antonkov/masterWork/tests/samePrefixMarkedMtx2304/depth4/node5/test1_06.mtx 2.8 0 -1 -1 
/home/antonkov/masterWork/tests/samePrefixMarkedMtx2304/depth4/node5/test1_06.mtx 2.9 0 -1 -1 
/home/antonkov/masterWork/tests/samePrefixMarkedMtx2304/depth4/node5/test1_06.mtx 3 0 -1 -1 
/home/antonkov/masterWork/tests/samePrefixMarkedMtx2304/depth4/node5/test1_06.mtx 3.1 0 -1 -1 
/home/antonkov/masterWork/tests/samePrefixMarkedMtx2304/depth4/node5/test1_06.mtx 3.2 0 -1 -1 
/home/antonkov/masterWork/tests/samePrefixMarkedMtx2304/depth4/node5/test1_06.mtx 3.3 0 -1 -1 
/home/antonkov/masterWork/tests/samePrefixMarkedMtx2304/depth4/node5/test1_06.mtx 3.4 0 -1 -1 
/home/antonkov/masterWork/tests/samePrefixMarkedMtx2304/depth4/node5/test1_06.mtx 3.5 0 -1 -1 
/home/antonkov/masterWork/tests/samePrefixMarkedMtx2304/depth4/node5/test1_07.mtx 1 504.38 0.0838368 0.93 
/home/antonkov/masterWork/tests/samePrefixMarkedMtx2304/depth4/node5/test1_07.mtx 1.1 465.952 0.0738802 0.88 
/home/antonkov/masterWork/tests/samePrefixMarkedMtx2304/depth4/node5/test1_07.mtx 1.2 444.506 0.0553212 0.68 
/home/antonkov/masterWork/tests/samePrefixMarkedMtx2304/depth4/node5/test1_07.mtx 1.3 420.442 0.0412587 0.55 
/home/antonkov/masterWork/tests/samePrefixMarkedMtx2304/depth4/node5/test1_07.mtx 1.4 537.879 0.0308247 0.43 
/home/antonkov/masterWork/tests/samePrefixMarkedMtx2304/depth4/node5/test1_07.mtx 1.5 590.32 0.0165017 0.246667 
/home/antonkov/masterWork/tests/samePrefixMarkedMtx2304/depth4/node5/test1_07.mtx 1.6 711.361 0.00735764 0.108 
/home/antonkov/masterWork/tests/samePrefixMarkedMtx2304/depth4/node5/test1_07.mtx 1.7 862.292 0.00409939 0.0625 
/home/antonkov/masterWork/tests/samePrefixMarkedMtx2304/depth4/node5/test1_07.mtx 1.8 1608.07 0.00149884 0.0242857 
/home/antonkov/masterWork/tests/samePrefixMarkedMtx2304/depth4/node5/test1_07.mtx 1.9 3399.93 0.000504413 0.00833333 
/home/antonkov/masterWork/tests/samePrefixMarkedMtx2304/depth4/node5/test1_07.mtx 2 0 -1 -1 
/home/antonkov/masterWork/tests/samePrefixMarkedMtx2304/depth4/node5/test1_07.mtx 2.1 0 -1 -1 
/home/antonkov/masterWork/tests/samePrefixMarkedMtx2304/depth4/node5/test1_07.mtx 2.2 0 -1 -1 
/home/antonkov/masterWork/tests/samePrefixMarkedMtx2304/depth4/node5/test1_07.mtx 2.3 0 -1 -1 
/home/antonkov/masterWork/tests/samePrefixMarkedMtx2304/depth4/node5/test1_07.mtx 2.4 0 -1 -1 
/home/antonkov/masterWork/tests/samePrefixMarkedMtx2304/depth4/node5/test1_07.mtx 2.5 0 -1 -1 
/home/antonkov/masterWork/tests/samePrefixMarkedMtx2304/depth4/node5/test1_07.mtx 2.6 0 -1 -1 
/home/antonkov/masterWork/tests/samePrefixMarkedMtx2304/depth4/node5/test1_07.mtx 2.7 0 -1 -1 
/home/antonkov/masterWork/tests/samePrefixMarkedMtx2304/depth4/node5/test1_07.mtx 2.8 0 -1 -1 
/home/antonkov/masterWork/tests/samePrefixMarkedMtx2304/depth4/node5/test1_07.mtx 2.9 0 -1 -1 
/home/antonkov/masterWork/tests/samePrefixMarkedMtx2304/depth4/node5/test1_07.mtx 3 0 -1 -1 
/home/antonkov/masterWork/tests/samePrefixMarkedMtx2304/depth4/node5/test1_07.mtx 3.1 0 -1 -1 
/home/antonkov/masterWork/tests/samePrefixMarkedMtx2304/depth4/node5/test1_07.mtx 3.2 0 -1 -1 
/home/antonkov/masterWork/tests/samePrefixMarkedMtx2304/depth4/node5/test1_07.mtx 3.3 0 -1 -1 
/home/antonkov/masterWork/tests/samePrefixMarkedMtx2304/depth4/node5/test1_07.mtx 3.4 0 -1 -1 
/home/antonkov/masterWork/tests/samePrefixMarkedMtx2304/depth4/node5/test1_07.mtx 3.5 0 -1 -1 
/home/antonkov/masterWork/tests/samePrefixMarkedMtx2304/depth4/node5/test1_08.mtx 1 456.036 0.0873003 0.95 
/home/antonkov/masterWork/tests/samePrefixMarkedMtx2304/depth4/node5/test1_08.mtx 1.1 453.197 0.0743273 0.88 
/home/antonkov/masterWork/tests/samePrefixMarkedMtx2304/depth4/node5/test1_08.mtx 1.2 449.174 0.0603559 0.73 
/home/antonkov/masterWork/tests/samePrefixMarkedMtx2304/depth4/node5/test1_08.mtx 1.3 446.421 0.0454948 0.58 
/home/antonkov/masterWork/tests/samePrefixMarkedMtx2304/depth4/node5/test1_08.mtx 1.4 535.332 0.0320681 0.43 
/home/antonkov/masterWork/tests/samePrefixMarkedMtx2304/depth4/node5/test1_08.mtx 1.5 503 0.0199913 0.28 
/home/antonkov/masterWork/tests/samePrefixMarkedMtx2304/depth4/node5/test1_08.mtx 1.6 723.181 0.00805035 0.118 
/home/antonkov/masterWork/tests/samePrefixMarkedMtx2304/depth4/node5/test1_08.mtx 1.7 982.153 0.00385764 0.058 
/home/antonkov/masterWork/tests/samePrefixMarkedMtx2304/depth4/node5/test1_08.mtx 1.8 1484.62 0.00153038 0.025 
/home/antonkov/masterWork/tests/samePrefixMarkedMtx2304/depth4/node5/test1_08.mtx 1.9 3552.22 0.000468416 0.00769231 
/home/antonkov/masterWork/tests/samePrefixMarkedMtx2304/depth4/node5/test1_08.mtx 2 0 -1 -1 
/home/antonkov/masterWork/tests/samePrefixMarkedMtx2304/depth4/node5/test1_08.mtx 2.1 0 -1 -1 
/home/antonkov/masterWork/tests/samePrefixMarkedMtx2304/depth4/node5/test1_08.mtx 2.2 0 -1 -1 
/home/antonkov/masterWork/tests/samePrefixMarkedMtx2304/depth4/node5/test1_08.mtx 2.3 0 -1 -1 
/home/antonkov/masterWork/tests/samePrefixMarkedMtx2304/depth4/node5/test1_08.mtx 2.4 0 -1 -1 
/home/antonkov/masterWork/tests/samePrefixMarkedMtx2304/depth4/node5/test1_08.mtx 2.5 0 -1 -1 
/home/antonkov/masterWork/tests/samePrefixMarkedMtx2304/depth4/node5/test1_08.mtx 2.6 0 -1 -1 
/home/antonkov/masterWork/tests/samePrefixMarkedMtx2304/depth4/node5/test1_08.mtx 2.7 0 -1 -1 
/home/antonkov/masterWork/tests/samePrefixMarkedMtx2304/depth4/node5/test1_08.mtx 2.8 0 -1 -1 
/home/antonkov/masterWork/tests/samePrefixMarkedMtx2304/depth4/node5/test1_08.mtx 2.9 0 -1 -1 
/home/antonkov/masterWork/tests/samePrefixMarkedMtx2304/depth4/node5/test1_08.mtx 3 0 -1 -1 
/home/antonkov/masterWork/tests/samePrefixMarkedMtx2304/depth4/node5/test1_08.mtx 3.1 0 -1 -1 
/home/antonkov/masterWork/tests/samePrefixMarkedMtx2304/depth4/node5/test1_08.mtx 3.2 0 -1 -1 
/home/antonkov/masterWork/tests/samePrefixMarkedMtx2304/depth4/node5/test1_08.mtx 3.3 0 -1 -1 
/home/antonkov/masterWork/tests/samePrefixMarkedMtx2304/depth4/node5/test1_08.mtx 3.4 0 -1 -1 
/home/antonkov/masterWork/tests/samePrefixMarkedMtx2304/depth4/node5/test1_08.mtx 3.5 0 -1 -1 
/home/antonkov/masterWork/tests/samePrefixMarkedMtx2304/depth4/node5/test1_09.mtx 1 510.513 0.0822179 0.94 
/home/antonkov/masterWork/tests/samePrefixMarkedMtx2304/depth4/node5/test1_09.mtx 1.1 465.906 0.0671094 0.8 
/home/antonkov/masterWork/tests/samePrefixMarkedMtx2304/depth4/node5/test1_09.mtx 1.2 444.723 0.0553299 0.71 
/home/antonkov/masterWork/tests/samePrefixMarkedMtx2304/depth4/node5/test1_09.mtx 1.3 558.984 0.0396723 0.515 
/home/antonkov/masterWork/tests/samePrefixMarkedMtx2304/depth4/node5/test1_09.mtx 1.4 514.771 0.024158 0.34 
/home/antonkov/masterWork/tests/samePrefixMarkedMtx2304/depth4/node5/test1_09.mtx 1.5 582.95 0.0135966 0.193333 
/home/antonkov/masterWork/tests/samePrefixMarkedMtx2304/depth4/node5/test1_09.mtx 1.6 693.442 0.00720573 0.106 
/home/antonkov/masterWork/tests/samePrefixMarkedMtx2304/depth4/node5/test1_09.mtx 1.7 858.414 0.00440864 0.0675 
/home/antonkov/masterWork/tests/samePrefixMarkedMtx2304/depth4/node5/test1_09.mtx 1.8 1216.78 0.00211979 0.034 
/home/antonkov/masterWork/tests/samePrefixMarkedMtx2304/depth4/node5/test1_09.mtx 1.9 2926.64 0.000622787 0.00980392 
/home/antonkov/masterWork/tests/samePrefixMarkedMtx2304/depth4/node5/test1_09.mtx 2 0 -1 -1 
/home/antonkov/masterWork/tests/samePrefixMarkedMtx2304/depth4/node5/test1_09.mtx 2.1 0 -1 -1 
/home/antonkov/masterWork/tests/samePrefixMarkedMtx2304/depth4/node5/test1_09.mtx 2.2 0 -1 -1 
/home/antonkov/masterWork/tests/samePrefixMarkedMtx2304/depth4/node5/test1_09.mtx 2.3 0 -1 -1 
/home/antonkov/masterWork/tests/samePrefixMarkedMtx2304/depth4/node5/test1_09.mtx 2.4 0 -1 -1 
/home/antonkov/masterWork/tests/samePrefixMarkedMtx2304/depth4/node5/test1_09.mtx 2.5 0 -1 -1 
/home/antonkov/masterWork/tests/samePrefixMarkedMtx2304/depth4/node5/test1_09.mtx 2.6 0 -1 -1 
/home/antonkov/masterWork/tests/samePrefixMarkedMtx2304/depth4/node5/test1_09.mtx 2.7 0 -1 -1 
/home/antonkov/masterWork/tests/samePrefixMarkedMtx2304/depth4/node5/test1_09.mtx 2.8 0 -1 -1 
/home/antonkov/masterWork/tests/samePrefixMarkedMtx2304/depth4/node5/test1_09.mtx 2.9 0 -1 -1 
/home/antonkov/masterWork/tests/samePrefixMarkedMtx2304/depth4/node5/test1_09.mtx 3 0 -1 -1 
/home/antonkov/masterWork/tests/samePrefixMarkedMtx2304/depth4/node5/test1_09.mtx 3.1 0 -1 -1 
/home/antonkov/masterWork/tests/samePrefixMarkedMtx2304/depth4/node5/test1_09.mtx 3.2 0 -1 -1 
/home/antonkov/masterWork/tests/samePrefixMarkedMtx2304/depth4/node5/test1_09.mtx 3.3 0 -1 -1 
/home/antonkov/masterWork/tests/samePrefixMarkedMtx2304/depth4/node5/test1_09.mtx 3.4 0 -1 -1 
/home/antonkov/masterWork/tests/samePrefixMarkedMtx2304/depth4/node5/test1_09.mtx 3.5 0 -1 -1 
/home/antonkov/masterWork/tests/samePrefixMarkedMtx2304/depth4/node5/test1_10.mtx 1 504.87 0.0803342 0.92 
/home/antonkov/masterWork/tests/samePrefixMarkedMtx2304/depth4/node5/test1_10.mtx 1.1 459.91 0.063125 0.74 
/home/antonkov/masterWork/tests/samePrefixMarkedMtx2304/depth4/node5/test1_10.mtx 1.2 436.628 0.0539236 0.65 
/home/antonkov/masterWork/tests/samePrefixMarkedMtx2304/depth4/node5/test1_10.mtx 1.3 417.379 0.0411024 0.54 
/home/antonkov/masterWork/tests/samePrefixMarkedMtx2304/depth4/node5/test1_10.mtx 1.4 528.7 0.0280143 0.39 
/home/antonkov/masterWork/tests/samePrefixMarkedMtx2304/depth4/node5/test1_10.mtx 1.5 602.972 0.0161256 0.23 
/home/antonkov/masterWork/tests/samePrefixMarkedMtx2304/depth4/node5/test1_10.mtx 1.6 619.872 0.00985894 0.1425 
/home/antonkov/masterWork/tests/samePrefixMarkedMtx2304/depth4/node5/test1_10.mtx 1.7 956.096 0.00409819 0.06 
/home/antonkov/masterWork/tests/samePrefixMarkedMtx2304/depth4/node5/test1_10.mtx 1.8 1526.86 0.00153791 0.0247619 
/home/antonkov/masterWork/tests/samePrefixMarkedMtx2304/depth4/node5/test1_10.mtx 1.9 2959.52 0.000519164 0.00961538 
/home/antonkov/masterWork/tests/samePrefixMarkedMtx2304/depth4/node5/test1_10.mtx 2 0 -1 -1 
/home/antonkov/masterWork/tests/samePrefixMarkedMtx2304/depth4/node5/test1_10.mtx 2.1 0 -1 -1 
/home/antonkov/masterWork/tests/samePrefixMarkedMtx2304/depth4/node5/test1_10.mtx 2.2 0 -1 -1 
/home/antonkov/masterWork/tests/samePrefixMarkedMtx2304/depth4/node5/test1_10.mtx 2.3 0 -1 -1 
/home/antonkov/masterWork/tests/samePrefixMarkedMtx2304/depth4/node5/test1_10.mtx 2.4 0 -1 -1 
/home/antonkov/masterWork/tests/samePrefixMarkedMtx2304/depth4/node5/test1_10.mtx 2.5 0 -1 -1 
/home/antonkov/masterWork/tests/samePrefixMarkedMtx2304/depth4/node5/test1_10.mtx 2.6 0 -1 -1 
/home/antonkov/masterWork/tests/samePrefixMarkedMtx2304/depth4/node5/test1_10.mtx 2.7 0 -1 -1 
/home/antonkov/masterWork/tests/samePrefixMarkedMtx2304/depth4/node5/test1_10.mtx 2.8 0 -1 -1 
/home/antonkov/masterWork/tests/samePrefixMarkedMtx2304/depth4/node5/test1_10.mtx 2.9 0 -1 -1 
/home/antonkov/masterWork/tests/samePrefixMarkedMtx2304/depth4/node5/test1_10.mtx 3 0 -1 -1 
/home/antonkov/masterWork/tests/samePrefixMarkedMtx2304/depth4/node5/test1_10.mtx 3.1 0 -1 -1 
/home/antonkov/masterWork/tests/samePrefixMarkedMtx2304/depth4/node5/test1_10.mtx 3.2 0 -1 -1 
/home/antonkov/masterWork/tests/samePrefixMarkedMtx2304/depth4/node5/test1_10.mtx 3.3 0 -1 -1 
/home/antonkov/masterWork/tests/samePrefixMarkedMtx2304/depth4/node5/test1_10.mtx 3.4 0 -1 -1 
/home/antonkov/masterWork/tests/samePrefixMarkedMtx2304/depth4/node5/test1_10.mtx 3.5 0 -1 -1 
/home/antonkov/masterWork/tests/samePrefixMarkedMtx2304/depth4/node5/test1_11.mtx 1 458.115 0.0841276 0.93 
/home/antonkov/masterWork/tests/samePrefixMarkedMtx2304/depth4/node5/test1_11.mtx 1.1 452.014 0.0715061 0.82 
/home/antonkov/masterWork/tests/samePrefixMarkedMtx2304/depth4/node5/test1_11.mtx 1.2 445.945 0.0583637 0.71 
/home/antonkov/masterWork/tests/samePrefixMarkedMtx2304/depth4/node5/test1_11.mtx 1.3 549.712 0.041888 0.53 
/home/antonkov/masterWork/tests/samePrefixMarkedMtx2304/depth4/node5/test1_11.mtx 1.4 513.162 0.0285807 0.38 
/home/antonkov/masterWork/tests/samePrefixMarkedMtx2304/depth4/node5/test1_11.mtx 1.5 480.089 0.0179015 0.255 
/home/antonkov/masterWork/tests/samePrefixMarkedMtx2304/depth4/node5/test1_11.mtx 1.6 697.185 0.00813976 0.118 
/home/antonkov/masterWork/tests/samePrefixMarkedMtx2304/depth4/node5/test1_11.mtx 1.7 928.79 0.00386622 0.06 
/home/antonkov/masterWork/tests/samePrefixMarkedMtx2304/depth4/node5/test1_11.mtx 1.8 2111.67 0.00103677 0.0164516 
/home/antonkov/masterWork/tests/samePrefixMarkedMtx2304/depth4/node5/test1_11.mtx 1.9 3524.25 0.000468015 0.00769231 
/home/antonkov/masterWork/tests/samePrefixMarkedMtx2304/depth4/node5/test1_11.mtx 2 0 -1 -1 
/home/antonkov/masterWork/tests/samePrefixMarkedMtx2304/depth4/node5/test1_11.mtx 2.1 0 -1 -1 
/home/antonkov/masterWork/tests/samePrefixMarkedMtx2304/depth4/node5/test1_11.mtx 2.2 0 -1 -1 
/home/antonkov/masterWork/tests/samePrefixMarkedMtx2304/depth4/node5/test1_11.mtx 2.3 0 -1 -1 
/home/antonkov/masterWork/tests/samePrefixMarkedMtx2304/depth4/node5/test1_11.mtx 2.4 0 -1 -1 
/home/antonkov/masterWork/tests/samePrefixMarkedMtx2304/depth4/node5/test1_11.mtx 2.5 0 -1 -1 
/home/antonkov/masterWork/tests/samePrefixMarkedMtx2304/depth4/node5/test1_11.mtx 2.6 0 -1 -1 
/home/antonkov/masterWork/tests/samePrefixMarkedMtx2304/depth4/node5/test1_11.mtx 2.7 0 -1 -1 
/home/antonkov/masterWork/tests/samePrefixMarkedMtx2304/depth4/node5/test1_11.mtx 2.8 0 -1 -1 
/home/antonkov/masterWork/tests/samePrefixMarkedMtx2304/depth4/node5/test1_11.mtx 2.9 0 -1 -1 
/home/antonkov/masterWork/tests/samePrefixMarkedMtx2304/depth4/node5/test1_11.mtx 3 0 -1 -1 
/home/antonkov/masterWork/tests/samePrefixMarkedMtx2304/depth4/node5/test1_11.mtx 3.1 0 -1 -1 
/home/antonkov/masterWork/tests/samePrefixMarkedMtx2304/depth4/node5/test1_11.mtx 3.2 0 -1 -1 
/home/antonkov/masterWork/tests/samePrefixMarkedMtx2304/depth4/node5/test1_11.mtx 3.3 0 -1 -1 
/home/antonkov/masterWork/tests/samePrefixMarkedMtx2304/depth4/node5/test1_11.mtx 3.4 0 -1 -1 
/home/antonkov/masterWork/tests/samePrefixMarkedMtx2304/depth4/node5/test1_11.mtx 3.5 0 -1 -1 
/home/antonkov/masterWork/tests/samePrefixMarkedMtx2304/depth4/node5/test1_12.mtx 1 513.78 0.083342 0.93 
/home/antonkov/masterWork/tests/samePrefixMarkedMtx2304/depth4/node5/test1_12.mtx 1.1 459.884 0.071059 0.83 
/home/antonkov/masterWork/tests/samePrefixMarkedMtx2304/depth4/node5/test1_12.mtx 1.2 432.935 0.0546918 0.71 
/home/antonkov/masterWork/tests/samePrefixMarkedMtx2304/depth4/node5/test1_12.mtx 1.3 416.844 0.0387891 0.53 
/home/antonkov/masterWork/tests/samePrefixMarkedMtx2304/depth4/node5/test1_12.mtx 1.4 531.969 0.0320551 0.43 
/home/antonkov/masterWork/tests/samePrefixMarkedMtx2304/depth4/node5/test1_12.mtx 1.5 511.025 0.0195009 0.26 
/home/antonkov/masterWork/tests/samePrefixMarkedMtx2304/depth4/node5/test1_12.mtx 1.6 620.311 0.00969835 0.135 
/home/antonkov/masterWork/tests/samePrefixMarkedMtx2304/depth4/node5/test1_12.mtx 1.7 907.756 0.00425878 0.0611111 
/home/antonkov/masterWork/tests/samePrefixMarkedMtx2304/depth4/node5/test1_12.mtx 1.8 1412.22 0.00170139 0.0277778 
/home/antonkov/masterWork/tests/samePrefixMarkedMtx2304/depth4/node5/test1_12.mtx 1.9 3758.65 0.000456942 0.00764706 
/home/antonkov/masterWork/tests/samePrefixMarkedMtx2304/depth4/node5/test1_12.mtx 2 0 -1 -1 
/home/antonkov/masterWork/tests/samePrefixMarkedMtx2304/depth4/node5/test1_12.mtx 2.1 0 -1 -1 
/home/antonkov/masterWork/tests/samePrefixMarkedMtx2304/depth4/node5/test1_12.mtx 2.2 0 -1 -1 
/home/antonkov/masterWork/tests/samePrefixMarkedMtx2304/depth4/node5/test1_12.mtx 2.3 0 -1 -1 
/home/antonkov/masterWork/tests/samePrefixMarkedMtx2304/depth4/node5/test1_12.mtx 2.4 0 -1 -1 
/home/antonkov/masterWork/tests/samePrefixMarkedMtx2304/depth4/node5/test1_12.mtx 2.5 0 -1 -1 
/home/antonkov/masterWork/tests/samePrefixMarkedMtx2304/depth4/node5/test1_12.mtx 2.6 0 -1 -1 
/home/antonkov/masterWork/tests/samePrefixMarkedMtx2304/depth4/node5/test1_12.mtx 2.7 0 -1 -1 
/home/antonkov/masterWork/tests/samePrefixMarkedMtx2304/depth4/node5/test1_12.mtx 2.8 0 -1 -1 
/home/antonkov/masterWork/tests/samePrefixMarkedMtx2304/depth4/node5/test1_12.mtx 2.9 0 -1 -1 
/home/antonkov/masterWork/tests/samePrefixMarkedMtx2304/depth4/node5/test1_12.mtx 3 0 -1 -1 
/home/antonkov/masterWork/tests/samePrefixMarkedMtx2304/depth4/node5/test1_12.mtx 3.1 0 -1 -1 
/home/antonkov/masterWork/tests/samePrefixMarkedMtx2304/depth4/node5/test1_12.mtx 3.2 0 -1 -1 
/home/antonkov/masterWork/tests/samePrefixMarkedMtx2304/depth4/node5/test1_12.mtx 3.3 0 -1 -1 
/home/antonkov/masterWork/tests/samePrefixMarkedMtx2304/depth4/node5/test1_12.mtx 3.4 0 -1 -1 
/home/antonkov/masterWork/tests/samePrefixMarkedMtx2304/depth4/node5/test1_12.mtx 3.5 0 -1 -1 
/home/antonkov/masterWork/tests/samePrefixMarkedMtx2304/depth4/node5/test1_13.mtx 1 498.513 0.0860069 0.95 
/home/antonkov/masterWork/tests/samePrefixMarkedMtx2304/depth4/node5/test1_13.mtx 1.1 459.688 0.072895 0.84 
/home/antonkov/masterWork/tests/samePrefixMarkedMtx2304/depth4/node5/test1_13.mtx 1.2 442.798 0.0569531 0.69 
/home/antonkov/masterWork/tests/samePrefixMarkedMtx2304/depth4/node5/test1_13.mtx 1.3 427.085 0.0467361 0.6 
/home/antonkov/masterWork/tests/samePrefixMarkedMtx2304/depth4/node5/test1_13.mtx 1.4 531.49 0.0304818 0.415 
/home/antonkov/masterWork/tests/samePrefixMarkedMtx2304/depth4/node5/test1_13.mtx 1.5 493.109 0.0180035 0.255 
/home/antonkov/masterWork/tests/samePrefixMarkedMtx2304/depth4/node5/test1_13.mtx 1.6 624.042 0.00854492 0.13 
/home/antonkov/masterWork/tests/samePrefixMarkedMtx2304/depth4/node5/test1_13.mtx 1.7 938.248 0.00381028 0.0588889 
/home/antonkov/masterWork/tests/samePrefixMarkedMtx2304/depth4/node5/test1_13.mtx 1.8 1284.81 0.00190972 0.031875 
/home/antonkov/masterWork/tests/samePrefixMarkedMtx2304/depth4/node5/test1_13.mtx 1.9 2799.93 0.000614657 0.0110638 
/home/antonkov/masterWork/tests/samePrefixMarkedMtx2304/depth4/node5/test1_13.mtx 2 6497.76 0.000208864 0.00359712 
/home/antonkov/masterWork/tests/samePrefixMarkedMtx2304/depth4/node5/test1_13.mtx 2.1 0 -1 -1 
/home/antonkov/masterWork/tests/samePrefixMarkedMtx2304/depth4/node5/test1_13.mtx 2.2 0 -1 -1 
/home/antonkov/masterWork/tests/samePrefixMarkedMtx2304/depth4/node5/test1_13.mtx 2.3 0 -1 -1 
/home/antonkov/masterWork/tests/samePrefixMarkedMtx2304/depth4/node5/test1_13.mtx 2.4 0 -1 -1 
/home/antonkov/masterWork/tests/samePrefixMarkedMtx2304/depth4/node5/test1_13.mtx 2.5 0 -1 -1 
/home/antonkov/masterWork/tests/samePrefixMarkedMtx2304/depth4/node5/test1_13.mtx 2.6 0 -1 -1 
/home/antonkov/masterWork/tests/samePrefixMarkedMtx2304/depth4/node5/test1_13.mtx 2.7 0 -1 -1 
/home/antonkov/masterWork/tests/samePrefixMarkedMtx2304/depth4/node5/test1_13.mtx 2.8 0 -1 -1 
/home/antonkov/masterWork/tests/samePrefixMarkedMtx2304/depth4/node5/test1_13.mtx 2.9 0 -1 -1 
/home/antonkov/masterWork/tests/samePrefixMarkedMtx2304/depth4/node5/test1_13.mtx 3 0 -1 -1 
/home/antonkov/masterWork/tests/samePrefixMarkedMtx2304/depth4/node5/test1_13.mtx 3.1 0 -1 -1 
/home/antonkov/masterWork/tests/samePrefixMarkedMtx2304/depth4/node5/test1_13.mtx 3.2 0 -1 -1 
/home/antonkov/masterWork/tests/samePrefixMarkedMtx2304/depth4/node5/test1_13.mtx 3.3 0 -1 -1 
/home/antonkov/masterWork/tests/samePrefixMarkedMtx2304/depth4/node5/test1_13.mtx 3.4 0 -1 -1 
/home/antonkov/masterWork/tests/samePrefixMarkedMtx2304/depth4/node5/test1_13.mtx 3.5 0 -1 -1 
/home/antonkov/masterWork/tests/samePrefixMarkedMtx2304/depth4/node5/test1_14.mtx 1 515.975 0.081467 0.91 
/home/antonkov/masterWork/tests/samePrefixMarkedMtx2304/depth4/node5/test1_14.mtx 1.1 458.604 0.0687977 0.8 
/home/antonkov/masterWork/tests/samePrefixMarkedMtx2304/depth4/node5/test1_14.mtx 1.2 439.274 0.0593273 0.75 
/home/antonkov/masterWork/tests/samePrefixMarkedMtx2304/depth4/node5/test1_14.mtx 1.3 418.974 0.0391667 0.51 
/home/antonkov/masterWork/tests/samePrefixMarkedMtx2304/depth4/node5/test1_14.mtx 1.4 529.022 0.0298069 0.39 
/home/antonkov/masterWork/tests/samePrefixMarkedMtx2304/depth4/node5/test1_14.mtx 1.5 487.334 0.0197635 0.275 
/home/antonkov/masterWork/tests/samePrefixMarkedMtx2304/depth4/node5/test1_14.mtx 1.6 719.884 0.00817361 0.116 
/home/antonkov/masterWork/tests/samePrefixMarkedMtx2304/depth4/node5/test1_14.mtx 1.7 842.164 0.00499512 0.0725 
/home/antonkov/masterWork/tests/samePrefixMarkedMtx2304/depth4/node5/test1_14.mtx 1.8 1133.16 0.00243676 0.0371429 
/home/antonkov/masterWork/tests/samePrefixMarkedMtx2304/depth4/node5/test1_14.mtx 1.9 2450.63 0.000654958 0.0121951 
/home/antonkov/masterWork/tests/samePrefixMarkedMtx2304/depth4/node5/test1_14.mtx 2 7257.3 0.000186659 0.00310559 
/home/antonkov/masterWork/tests/samePrefixMarkedMtx2304/depth4/node5/test1_14.mtx 2.1 0 -1 -1 
/home/antonkov/masterWork/tests/samePrefixMarkedMtx2304/depth4/node5/test1_14.mtx 2.2 0 -1 -1 
/home/antonkov/masterWork/tests/samePrefixMarkedMtx2304/depth4/node5/test1_14.mtx 2.3 0 -1 -1 
/home/antonkov/masterWork/tests/samePrefixMarkedMtx2304/depth4/node5/test1_14.mtx 2.4 0 -1 -1 
/home/antonkov/masterWork/tests/samePrefixMarkedMtx2304/depth4/node5/test1_14.mtx 2.5 0 -1 -1 
/home/antonkov/masterWork/tests/samePrefixMarkedMtx2304/depth4/node5/test1_14.mtx 2.6 0 -1 -1 
/home/antonkov/masterWork/tests/samePrefixMarkedMtx2304/depth4/node5/test1_14.mtx 2.7 0 -1 -1 
/home/antonkov/masterWork/tests/samePrefixMarkedMtx2304/depth4/node5/test1_14.mtx 2.8 0 -1 -1 
/home/antonkov/masterWork/tests/samePrefixMarkedMtx2304/depth4/node5/test1_14.mtx 2.9 0 -1 -1 
/home/antonkov/masterWork/tests/samePrefixMarkedMtx2304/depth4/node5/test1_14.mtx 3 0 -1 -1 
/home/antonkov/masterWork/tests/samePrefixMarkedMtx2304/depth4/node5/test1_14.mtx 3.1 0 -1 -1 
/home/antonkov/masterWork/tests/samePrefixMarkedMtx2304/depth4/node5/test1_14.mtx 3.2 0 -1 -1 
/home/antonkov/masterWork/tests/samePrefixMarkedMtx2304/depth4/node5/test1_14.mtx 3.3 0 -1 -1 
/home/antonkov/masterWork/tests/samePrefixMarkedMtx2304/depth4/node5/test1_14.mtx 3.4 0 -1 -1 
/home/antonkov/masterWork/tests/samePrefixMarkedMtx2304/depth4/node5/test1_14.mtx 3.5 0 -1 -1 
