Results
Filename SNR Time(ms) BER FER
/home/antonkov/masterWork/tests/samePrefixMarkedMtx2304/depth4/node6/test0_00.mtx 1 499.808 0.088316 0.95 
/home/antonkov/masterWork/tests/samePrefixMarkedMtx2304/depth4/node6/test0_00.mtx 1.1 485.787 0.0755642 0.85 
/home/antonkov/masterWork/tests/samePrefixMarkedMtx2304/depth4/node6/test0_00.mtx 1.2 461.484 0.0612153 0.74 
/home/antonkov/masterWork/tests/samePrefixMarkedMtx2304/depth4/node6/test0_00.mtx 1.3 433.044 0.0440191 0.56 
/home/antonkov/masterWork/tests/samePrefixMarkedMtx2304/depth4/node6/test0_00.mtx 1.4 555.627 0.0327148 0.415 
/home/antonkov/masterWork/tests/samePrefixMarkedMtx2304/depth4/node6/test0_00.mtx 1.5 516.522 0.0217622 0.295 
/home/antonkov/masterWork/tests/samePrefixMarkedMtx2304/depth4/node6/test0_00.mtx 1.6 574.659 0.0115741 0.17 
/home/antonkov/masterWork/tests/samePrefixMarkedMtx2304/depth4/node6/test0_00.mtx 1.7 782.437 0.006114 0.0916667 
/home/antonkov/masterWork/tests/samePrefixMarkedMtx2304/depth4/node6/test0_00.mtx 1.8 1491.96 0.00192708 0.0277778 
/home/antonkov/masterWork/tests/samePrefixMarkedMtx2304/depth4/node6/test0_00.mtx 1.9 2525.09 0.000825543 0.0128205 
/home/antonkov/masterWork/tests/samePrefixMarkedMtx2304/depth4/node6/test0_00.mtx 2 7038.68 0.000222166 0.00359712 
/home/antonkov/masterWork/tests/samePrefixMarkedMtx2304/depth4/node6/test0_00.mtx 2.1 0 -1 -1 
/home/antonkov/masterWork/tests/samePrefixMarkedMtx2304/depth4/node6/test0_00.mtx 2.2 0 -1 -1 
/home/antonkov/masterWork/tests/samePrefixMarkedMtx2304/depth4/node6/test0_00.mtx 2.3 0 -1 -1 
/home/antonkov/masterWork/tests/samePrefixMarkedMtx2304/depth4/node6/test0_00.mtx 2.4 0 -1 -1 
/home/antonkov/masterWork/tests/samePrefixMarkedMtx2304/depth4/node6/test0_00.mtx 2.5 0 -1 -1 
/home/antonkov/masterWork/tests/samePrefixMarkedMtx2304/depth4/node6/test0_00.mtx 2.6 0 -1 -1 
/home/antonkov/masterWork/tests/samePrefixMarkedMtx2304/depth4/node6/test0_00.mtx 2.7 0 -1 -1 
/home/antonkov/masterWork/tests/samePrefixMarkedMtx2304/depth4/node6/test0_00.mtx 2.8 0 -1 -1 
/home/antonkov/masterWork/tests/samePrefixMarkedMtx2304/depth4/node6/test0_00.mtx 2.9 0 -1 -1 
/home/antonkov/masterWork/tests/samePrefixMarkedMtx2304/depth4/node6/test0_00.mtx 3 0 -1 -1 
/home/antonkov/masterWork/tests/samePrefixMarkedMtx2304/depth4/node6/test0_00.mtx 3.1 0 -1 -1 
/home/antonkov/masterWork/tests/samePrefixMarkedMtx2304/depth4/node6/test0_00.mtx 3.2 0 -1 -1 
/home/antonkov/masterWork/tests/samePrefixMarkedMtx2304/depth4/node6/test0_00.mtx 3.3 0 -1 -1 
/home/antonkov/masterWork/tests/samePrefixMarkedMtx2304/depth4/node6/test0_00.mtx 3.4 0 -1 -1 
/home/antonkov/masterWork/tests/samePrefixMarkedMtx2304/depth4/node6/test0_00.mtx 3.5 0 -1 -1 
/home/antonkov/masterWork/tests/samePrefixMarkedMtx2304/depth4/node6/test0_01.mtx 1 524.47 0.0874523 0.94 
/home/antonkov/masterWork/tests/samePrefixMarkedMtx2304/depth4/node6/test0_01.mtx 1.1 466.474 0.074375 0.82 
/home/antonkov/masterWork/tests/samePrefixMarkedMtx2304/depth4/node6/test0_01.mtx 1.2 456.335 0.0614974 0.73 
/home/antonkov/masterWork/tests/samePrefixMarkedMtx2304/depth4/node6/test0_01.mtx 1.3 427.2 0.0475738 0.58 
/home/antonkov/masterWork/tests/samePrefixMarkedMtx2304/depth4/node6/test0_01.mtx 1.4 549.054 0.034171 0.46 
/home/antonkov/masterWork/tests/samePrefixMarkedMtx2304/depth4/node6/test0_01.mtx 1.5 516.486 0.0193316 0.265 
/home/antonkov/masterWork/tests/samePrefixMarkedMtx2304/depth4/node6/test0_01.mtx 1.6 652.522 0.00999566 0.1375 
/home/antonkov/masterWork/tests/samePrefixMarkedMtx2304/depth4/node6/test0_01.mtx 1.7 900.763 0.00478299 0.07125 
/home/antonkov/masterWork/tests/samePrefixMarkedMtx2304/depth4/node6/test0_01.mtx 1.8 1329.06 0.00205811 0.03125 
/home/antonkov/masterWork/tests/samePrefixMarkedMtx2304/depth4/node6/test0_01.mtx 1.9 3039.1 0.000702859 0.0108163 
/home/antonkov/masterWork/tests/samePrefixMarkedMtx2304/depth4/node6/test0_01.mtx 2 6962.52 0.000217743 0.00364964 
/home/antonkov/masterWork/tests/samePrefixMarkedMtx2304/depth4/node6/test0_01.mtx 2.1 0 -1 -1 
/home/antonkov/masterWork/tests/samePrefixMarkedMtx2304/depth4/node6/test0_01.mtx 2.2 0 -1 -1 
/home/antonkov/masterWork/tests/samePrefixMarkedMtx2304/depth4/node6/test0_01.mtx 2.3 0 -1 -1 
/home/antonkov/masterWork/tests/samePrefixMarkedMtx2304/depth4/node6/test0_01.mtx 2.4 0 -1 -1 
/home/antonkov/masterWork/tests/samePrefixMarkedMtx2304/depth4/node6/test0_01.mtx 2.5 0 -1 -1 
/home/antonkov/masterWork/tests/samePrefixMarkedMtx2304/depth4/node6/test0_01.mtx 2.6 0 -1 -1 
/home/antonkov/masterWork/tests/samePrefixMarkedMtx2304/depth4/node6/test0_01.mtx 2.7 0 -1 -1 
/home/antonkov/masterWork/tests/samePrefixMarkedMtx2304/depth4/node6/test0_01.mtx 2.8 0 -1 -1 
/home/antonkov/masterWork/tests/samePrefixMarkedMtx2304/depth4/node6/test0_01.mtx 2.9 0 -1 -1 
/home/antonkov/masterWork/tests/samePrefixMarkedMtx2304/depth4/node6/test0_01.mtx 3 0 -1 -1 
/home/antonkov/masterWork/tests/samePrefixMarkedMtx2304/depth4/node6/test0_01.mtx 3.1 0 -1 -1 
/home/antonkov/masterWork/tests/samePrefixMarkedMtx2304/depth4/node6/test0_01.mtx 3.2 0 -1 -1 
/home/antonkov/masterWork/tests/samePrefixMarkedMtx2304/depth4/node6/test0_01.mtx 3.3 0 -1 -1 
/home/antonkov/masterWork/tests/samePrefixMarkedMtx2304/depth4/node6/test0_01.mtx 3.4 0 -1 -1 
/home/antonkov/masterWork/tests/samePrefixMarkedMtx2304/depth4/node6/test0_01.mtx 3.5 0 -1 -1 
/home/antonkov/masterWork/tests/samePrefixMarkedMtx2304/depth4/node6/test0_02.mtx 1 518.705 0.0892839 0.97 
/home/antonkov/masterWork/tests/samePrefixMarkedMtx2304/depth4/node6/test0_02.mtx 1.1 479.255 0.0790582 0.91 
/home/antonkov/masterWork/tests/samePrefixMarkedMtx2304/depth4/node6/test0_02.mtx 1.2 457.203 0.0642969 0.78 
/home/antonkov/masterWork/tests/samePrefixMarkedMtx2304/depth4/node6/test0_02.mtx 1.3 433.798 0.0458984 0.59 
/home/antonkov/masterWork/tests/samePrefixMarkedMtx2304/depth4/node6/test0_02.mtx 1.4 576.855 0.0342101 0.44 
/home/antonkov/masterWork/tests/samePrefixMarkedMtx2304/depth4/node6/test0_02.mtx 1.5 540.863 0.021773 0.285 
/home/antonkov/masterWork/tests/samePrefixMarkedMtx2304/depth4/node6/test0_02.mtx 1.6 578.009 0.0117274 0.166667 
/home/antonkov/masterWork/tests/samePrefixMarkedMtx2304/depth4/node6/test0_02.mtx 1.7 787.356 0.00616681 0.0916667 
/home/antonkov/masterWork/tests/samePrefixMarkedMtx2304/depth4/node6/test0_02.mtx 1.8 1394.56 0.0021422 0.031875 
/home/antonkov/masterWork/tests/samePrefixMarkedMtx2304/depth4/node6/test0_02.mtx 1.9 2744.58 0.000725028 0.0116279 
/home/antonkov/masterWork/tests/samePrefixMarkedMtx2304/depth4/node6/test0_02.mtx 2 5687.09 0.000287892 0.0046789 
/home/antonkov/masterWork/tests/samePrefixMarkedMtx2304/depth4/node6/test0_02.mtx 2.1 0 -1 -1 
/home/antonkov/masterWork/tests/samePrefixMarkedMtx2304/depth4/node6/test0_02.mtx 2.2 0 -1 -1 
/home/antonkov/masterWork/tests/samePrefixMarkedMtx2304/depth4/node6/test0_02.mtx 2.3 0 -1 -1 
/home/antonkov/masterWork/tests/samePrefixMarkedMtx2304/depth4/node6/test0_02.mtx 2.4 0 -1 -1 
/home/antonkov/masterWork/tests/samePrefixMarkedMtx2304/depth4/node6/test0_02.mtx 2.5 0 -1 -1 
/home/antonkov/masterWork/tests/samePrefixMarkedMtx2304/depth4/node6/test0_02.mtx 2.6 0 -1 -1 
/home/antonkov/masterWork/tests/samePrefixMarkedMtx2304/depth4/node6/test0_02.mtx 2.7 0 -1 -1 
/home/antonkov/masterWork/tests/samePrefixMarkedMtx2304/depth4/node6/test0_02.mtx 2.8 0 -1 -1 
/home/antonkov/masterWork/tests/samePrefixMarkedMtx2304/depth4/node6/test0_02.mtx 2.9 0 -1 -1 
/home/antonkov/masterWork/tests/samePrefixMarkedMtx2304/depth4/node6/test0_02.mtx 3 0 -1 -1 
/home/antonkov/masterWork/tests/samePrefixMarkedMtx2304/depth4/node6/test0_02.mtx 3.1 0 -1 -1 
/home/antonkov/masterWork/tests/samePrefixMarkedMtx2304/depth4/node6/test0_02.mtx 3.2 0 -1 -1 
/home/antonkov/masterWork/tests/samePrefixMarkedMtx2304/depth4/node6/test0_02.mtx 3.3 0 -1 -1 
/home/antonkov/masterWork/tests/samePrefixMarkedMtx2304/depth4/node6/test0_02.mtx 3.4 0 -1 -1 
/home/antonkov/masterWork/tests/samePrefixMarkedMtx2304/depth4/node6/test0_02.mtx 3.5 0 -1 -1 
/home/antonkov/masterWork/tests/samePrefixMarkedMtx2304/depth4/node6/test0_03.mtx 1 528.784 0.0887891 0.95 
/home/antonkov/masterWork/tests/samePrefixMarkedMtx2304/depth4/node6/test0_03.mtx 1.1 478.66 0.0749002 0.87 
/home/antonkov/masterWork/tests/samePrefixMarkedMtx2304/depth4/node6/test0_03.mtx 1.2 459.192 0.0609462 0.73 
/home/antonkov/masterWork/tests/samePrefixMarkedMtx2304/depth4/node6/test0_03.mtx 1.3 429.741 0.0463628 0.58 
/home/antonkov/masterWork/tests/samePrefixMarkedMtx2304/depth4/node6/test0_03.mtx 1.4 554.789 0.0312001 0.41 
/home/antonkov/masterWork/tests/samePrefixMarkedMtx2304/depth4/node6/test0_03.mtx 1.5 623.623 0.0191565 0.26 
/home/antonkov/masterWork/tests/samePrefixMarkedMtx2304/depth4/node6/test0_03.mtx 1.6 664.768 0.0102148 0.1375 
/home/antonkov/masterWork/tests/samePrefixMarkedMtx2304/depth4/node6/test0_03.mtx 1.7 838.149 0.00548239 0.08 
/home/antonkov/masterWork/tests/samePrefixMarkedMtx2304/depth4/node6/test0_03.mtx 1.8 1284.76 0.00211024 0.0333333 
/home/antonkov/masterWork/tests/samePrefixMarkedMtx2304/depth4/node6/test0_03.mtx 1.9 2483.29 0.000850249 0.0128205 
/home/antonkov/masterWork/tests/samePrefixMarkedMtx2304/depth4/node6/test0_03.mtx 2 5631.06 0.000281886 0.00446429 
/home/antonkov/masterWork/tests/samePrefixMarkedMtx2304/depth4/node6/test0_03.mtx 2.1 0 -1 -1 
/home/antonkov/masterWork/tests/samePrefixMarkedMtx2304/depth4/node6/test0_03.mtx 2.2 0 -1 -1 
/home/antonkov/masterWork/tests/samePrefixMarkedMtx2304/depth4/node6/test0_03.mtx 2.3 0 -1 -1 
/home/antonkov/masterWork/tests/samePrefixMarkedMtx2304/depth4/node6/test0_03.mtx 2.4 0 -1 -1 
/home/antonkov/masterWork/tests/samePrefixMarkedMtx2304/depth4/node6/test0_03.mtx 2.5 0 -1 -1 
/home/antonkov/masterWork/tests/samePrefixMarkedMtx2304/depth4/node6/test0_03.mtx 2.6 0 -1 -1 
/home/antonkov/masterWork/tests/samePrefixMarkedMtx2304/depth4/node6/test0_03.mtx 2.7 0 -1 -1 
/home/antonkov/masterWork/tests/samePrefixMarkedMtx2304/depth4/node6/test0_03.mtx 2.8 0 -1 -1 
/home/antonkov/masterWork/tests/samePrefixMarkedMtx2304/depth4/node6/test0_03.mtx 2.9 0 -1 -1 
/home/antonkov/masterWork/tests/samePrefixMarkedMtx2304/depth4/node6/test0_03.mtx 3 0 -1 -1 
/home/antonkov/masterWork/tests/samePrefixMarkedMtx2304/depth4/node6/test0_03.mtx 3.1 0 -1 -1 
/home/antonkov/masterWork/tests/samePrefixMarkedMtx2304/depth4/node6/test0_03.mtx 3.2 0 -1 -1 
/home/antonkov/masterWork/tests/samePrefixMarkedMtx2304/depth4/node6/test0_03.mtx 3.3 0 -1 -1 
/home/antonkov/masterWork/tests/samePrefixMarkedMtx2304/depth4/node6/test0_03.mtx 3.4 0 -1 -1 
/home/antonkov/masterWork/tests/samePrefixMarkedMtx2304/depth4/node6/test0_03.mtx 3.5 0 -1 -1 
/home/antonkov/masterWork/tests/samePrefixMarkedMtx2304/depth4/node6/test0_04.mtx 1 531.833 0.090191 0.97 
/home/antonkov/masterWork/tests/samePrefixMarkedMtx2304/depth4/node6/test0_04.mtx 1.1 470.765 0.0768967 0.87 
/home/antonkov/masterWork/tests/samePrefixMarkedMtx2304/depth4/node6/test0_04.mtx 1.2 453.519 0.06273 0.74 
/home/antonkov/masterWork/tests/samePrefixMarkedMtx2304/depth4/node6/test0_04.mtx 1.3 432.777 0.0471311 0.59 
/home/antonkov/masterWork/tests/samePrefixMarkedMtx2304/depth4/node6/test0_04.mtx 1.4 544.04 0.0325043 0.425 
/home/antonkov/masterWork/tests/samePrefixMarkedMtx2304/depth4/node6/test0_04.mtx 1.5 511.298 0.0202669 0.27 
/home/antonkov/masterWork/tests/samePrefixMarkedMtx2304/depth4/node6/test0_04.mtx 1.6 558.135 0.0120544 0.17 
/home/antonkov/masterWork/tests/samePrefixMarkedMtx2304/depth4/node6/test0_04.mtx 1.7 774.51 0.0057458 0.085 
/home/antonkov/masterWork/tests/samePrefixMarkedMtx2304/depth4/node6/test0_04.mtx 1.8 1231.92 0.00244699 0.0378571 
/home/antonkov/masterWork/tests/samePrefixMarkedMtx2304/depth4/node6/test0_04.mtx 1.9 2281.97 0.000798859 0.0142857 
/home/antonkov/masterWork/tests/samePrefixMarkedMtx2304/depth4/node6/test0_04.mtx 2 6374.42 0.000242917 0.004 
/home/antonkov/masterWork/tests/samePrefixMarkedMtx2304/depth4/node6/test0_04.mtx 2.1 0 -1 -1 
/home/antonkov/masterWork/tests/samePrefixMarkedMtx2304/depth4/node6/test0_04.mtx 2.2 0 -1 -1 
/home/antonkov/masterWork/tests/samePrefixMarkedMtx2304/depth4/node6/test0_04.mtx 2.3 0 -1 -1 
/home/antonkov/masterWork/tests/samePrefixMarkedMtx2304/depth4/node6/test0_04.mtx 2.4 0 -1 -1 
/home/antonkov/masterWork/tests/samePrefixMarkedMtx2304/depth4/node6/test0_04.mtx 2.5 0 -1 -1 
/home/antonkov/masterWork/tests/samePrefixMarkedMtx2304/depth4/node6/test0_04.mtx 2.6 0 -1 -1 
/home/antonkov/masterWork/tests/samePrefixMarkedMtx2304/depth4/node6/test0_04.mtx 2.7 0 -1 -1 
/home/antonkov/masterWork/tests/samePrefixMarkedMtx2304/depth4/node6/test0_04.mtx 2.8 0 -1 -1 
/home/antonkov/masterWork/tests/samePrefixMarkedMtx2304/depth4/node6/test0_04.mtx 2.9 0 -1 -1 
/home/antonkov/masterWork/tests/samePrefixMarkedMtx2304/depth4/node6/test0_04.mtx 3 0 -1 -1 
/home/antonkov/masterWork/tests/samePrefixMarkedMtx2304/depth4/node6/test0_04.mtx 3.1 0 -1 -1 
/home/antonkov/masterWork/tests/samePrefixMarkedMtx2304/depth4/node6/test0_04.mtx 3.2 0 -1 -1 
/home/antonkov/masterWork/tests/samePrefixMarkedMtx2304/depth4/node6/test0_04.mtx 3.3 0 -1 -1 
/home/antonkov/masterWork/tests/samePrefixMarkedMtx2304/depth4/node6/test0_04.mtx 3.4 0 -1 -1 
/home/antonkov/masterWork/tests/samePrefixMarkedMtx2304/depth4/node6/test0_04.mtx 3.5 0 -1 -1 
/home/antonkov/masterWork/tests/samePrefixMarkedMtx2304/depth4/node6/test0_05.mtx 1 538.718 0.0880729 0.94 
/home/antonkov/masterWork/tests/samePrefixMarkedMtx2304/depth4/node6/test0_05.mtx 1.1 469.782 0.0790148 0.88 
/home/antonkov/masterWork/tests/samePrefixMarkedMtx2304/depth4/node6/test0_05.mtx 1.2 457.69 0.0642361 0.77 
/home/antonkov/masterWork/tests/samePrefixMarkedMtx2304/depth4/node6/test0_05.mtx 1.3 436.481 0.0453863 0.59 
/home/antonkov/masterWork/tests/samePrefixMarkedMtx2304/depth4/node6/test0_05.mtx 1.4 550.931 0.0315842 0.415 
/home/antonkov/masterWork/tests/samePrefixMarkedMtx2304/depth4/node6/test0_05.mtx 1.5 630.959 0.0184303 0.253333 
/home/antonkov/masterWork/tests/samePrefixMarkedMtx2304/depth4/node6/test0_05.mtx 1.6 663.022 0.00989258 0.145 
/home/antonkov/masterWork/tests/samePrefixMarkedMtx2304/depth4/node6/test0_05.mtx 1.7 785.749 0.00543837 0.0883333 
/home/antonkov/masterWork/tests/samePrefixMarkedMtx2304/depth4/node6/test0_05.mtx 1.8 1100.71 0.00246998 0.0416667 
/home/antonkov/masterWork/tests/samePrefixMarkedMtx2304/depth4/node6/test0_05.mtx 1.9 1932.38 0.00100307 0.0182143 
/home/antonkov/masterWork/tests/samePrefixMarkedMtx2304/depth4/node6/test0_05.mtx 2 4099.89 0.000279638 0.00662338 
/home/antonkov/masterWork/tests/samePrefixMarkedMtx2304/depth4/node6/test0_05.mtx 2.1 0 -1 -1 
/home/antonkov/masterWork/tests/samePrefixMarkedMtx2304/depth4/node6/test0_05.mtx 2.2 0 -1 -1 
/home/antonkov/masterWork/tests/samePrefixMarkedMtx2304/depth4/node6/test0_05.mtx 2.3 0 -1 -1 
/home/antonkov/masterWork/tests/samePrefixMarkedMtx2304/depth4/node6/test0_05.mtx 2.4 0 -1 -1 
/home/antonkov/masterWork/tests/samePrefixMarkedMtx2304/depth4/node6/test0_05.mtx 2.5 0 -1 -1 
/home/antonkov/masterWork/tests/samePrefixMarkedMtx2304/depth4/node6/test0_05.mtx 2.6 0 -1 -1 
/home/antonkov/masterWork/tests/samePrefixMarkedMtx2304/depth4/node6/test0_05.mtx 2.7 0 -1 -1 
/home/antonkov/masterWork/tests/samePrefixMarkedMtx2304/depth4/node6/test0_05.mtx 2.8 0 -1 -1 
/home/antonkov/masterWork/tests/samePrefixMarkedMtx2304/depth4/node6/test0_05.mtx 2.9 0 -1 -1 
/home/antonkov/masterWork/tests/samePrefixMarkedMtx2304/depth4/node6/test0_05.mtx 3 0 -1 -1 
/home/antonkov/masterWork/tests/samePrefixMarkedMtx2304/depth4/node6/test0_05.mtx 3.1 0 -1 -1 
/home/antonkov/masterWork/tests/samePrefixMarkedMtx2304/depth4/node6/test0_05.mtx 3.2 0 -1 -1 
/home/antonkov/masterWork/tests/samePrefixMarkedMtx2304/depth4/node6/test0_05.mtx 3.3 0 -1 -1 
/home/antonkov/masterWork/tests/samePrefixMarkedMtx2304/depth4/node6/test0_05.mtx 3.4 0 -1 -1 
/home/antonkov/masterWork/tests/samePrefixMarkedMtx2304/depth4/node6/test0_05.mtx 3.5 0 -1 -1 
/home/antonkov/masterWork/tests/samePrefixMarkedMtx2304/depth4/node6/test0_06.mtx 1 532.392 0.0878212 0.93 
/home/antonkov/masterWork/tests/samePrefixMarkedMtx2304/depth4/node6/test0_06.mtx 1.1 465.413 0.0767361 0.85 
/home/antonkov/masterWork/tests/samePrefixMarkedMtx2304/depth4/node6/test0_06.mtx 1.2 458.645 0.0626866 0.74 
/home/antonkov/masterWork/tests/samePrefixMarkedMtx2304/depth4/node6/test0_06.mtx 1.3 436.019 0.0441623 0.55 
/home/antonkov/masterWork/tests/samePrefixMarkedMtx2304/depth4/node6/test0_06.mtx 1.4 549.103 0.0337023 0.415 
/home/antonkov/masterWork/tests/samePrefixMarkedMtx2304/depth4/node6/test0_06.mtx 1.5 512.934 0.0209896 0.265 
/home/antonkov/masterWork/tests/samePrefixMarkedMtx2304/depth4/node6/test0_06.mtx 1.6 655.364 0.0100836 0.14 
/home/antonkov/masterWork/tests/samePrefixMarkedMtx2304/depth4/node6/test0_06.mtx 1.7 885.191 0.00441949 0.06375 
/home/antonkov/masterWork/tests/samePrefixMarkedMtx2304/depth4/node6/test0_06.mtx 1.8 1315.58 0.00211073 0.03125 
/home/antonkov/masterWork/tests/samePrefixMarkedMtx2304/depth4/node6/test0_06.mtx 1.9 2976.9 0.000666188 0.0102041 
/home/antonkov/masterWork/tests/samePrefixMarkedMtx2304/depth4/node6/test0_06.mtx 2 5005.35 0.000306033 0.005 
/home/antonkov/masterWork/tests/samePrefixMarkedMtx2304/depth4/node6/test0_06.mtx 2.1 0 -1 -1 
/home/antonkov/masterWork/tests/samePrefixMarkedMtx2304/depth4/node6/test0_06.mtx 2.2 0 -1 -1 
/home/antonkov/masterWork/tests/samePrefixMarkedMtx2304/depth4/node6/test0_06.mtx 2.3 0 -1 -1 
/home/antonkov/masterWork/tests/samePrefixMarkedMtx2304/depth4/node6/test0_06.mtx 2.4 0 -1 -1 
/home/antonkov/masterWork/tests/samePrefixMarkedMtx2304/depth4/node6/test0_06.mtx 2.5 0 -1 -1 
/home/antonkov/masterWork/tests/samePrefixMarkedMtx2304/depth4/node6/test0_06.mtx 2.6 0 -1 -1 
/home/antonkov/masterWork/tests/samePrefixMarkedMtx2304/depth4/node6/test0_06.mtx 2.7 0 -1 -1 
/home/antonkov/masterWork/tests/samePrefixMarkedMtx2304/depth4/node6/test0_06.mtx 2.8 0 -1 -1 
/home/antonkov/masterWork/tests/samePrefixMarkedMtx2304/depth4/node6/test0_06.mtx 2.9 0 -1 -1 
/home/antonkov/masterWork/tests/samePrefixMarkedMtx2304/depth4/node6/test0_06.mtx 3 0 -1 -1 
/home/antonkov/masterWork/tests/samePrefixMarkedMtx2304/depth4/node6/test0_06.mtx 3.1 0 -1 -1 
/home/antonkov/masterWork/tests/samePrefixMarkedMtx2304/depth4/node6/test0_06.mtx 3.2 0 -1 -1 
/home/antonkov/masterWork/tests/samePrefixMarkedMtx2304/depth4/node6/test0_06.mtx 3.3 0 -1 -1 
/home/antonkov/masterWork/tests/samePrefixMarkedMtx2304/depth4/node6/test0_06.mtx 3.4 0 -1 -1 
/home/antonkov/masterWork/tests/samePrefixMarkedMtx2304/depth4/node6/test0_06.mtx 3.5 0 -1 -1 
/home/antonkov/masterWork/tests/samePrefixMarkedMtx2304/depth4/node6/test0_07.mtx 1 511.386 0.0899957 0.95 
/home/antonkov/masterWork/tests/samePrefixMarkedMtx2304/depth4/node6/test0_07.mtx 1.1 478.388 0.0797396 0.92 
/home/antonkov/masterWork/tests/samePrefixMarkedMtx2304/depth4/node6/test0_07.mtx 1.2 461.103 0.0645964 0.78 
/home/antonkov/masterWork/tests/samePrefixMarkedMtx2304/depth4/node6/test0_07.mtx 1.3 437.584 0.0503993 0.62 
/home/antonkov/masterWork/tests/samePrefixMarkedMtx2304/depth4/node6/test0_07.mtx 1.4 555.401 0.0351324 0.465 
/home/antonkov/masterWork/tests/samePrefixMarkedMtx2304/depth4/node6/test0_07.mtx 1.5 510.457 0.0185048 0.28 
/home/antonkov/masterWork/tests/samePrefixMarkedMtx2304/depth4/node6/test0_07.mtx 1.6 668.834 0.0107975 0.15 
/home/antonkov/masterWork/tests/samePrefixMarkedMtx2304/depth4/node6/test0_07.mtx 1.7 917.493 0.00511773 0.07125 
/home/antonkov/masterWork/tests/samePrefixMarkedMtx2304/depth4/node6/test0_07.mtx 1.8 1238.21 0.00237847 0.0364286 
/home/antonkov/masterWork/tests/samePrefixMarkedMtx2304/depth4/node6/test0_07.mtx 1.9 2440.68 0.000851951 0.0134211 
/home/antonkov/masterWork/tests/samePrefixMarkedMtx2304/depth4/node6/test0_07.mtx 2 6127.95 0.000246894 0.00413223 
/home/antonkov/masterWork/tests/samePrefixMarkedMtx2304/depth4/node6/test0_07.mtx 2.1 0 -1 -1 
/home/antonkov/masterWork/tests/samePrefixMarkedMtx2304/depth4/node6/test0_07.mtx 2.2 0 -1 -1 
/home/antonkov/masterWork/tests/samePrefixMarkedMtx2304/depth4/node6/test0_07.mtx 2.3 0 -1 -1 
/home/antonkov/masterWork/tests/samePrefixMarkedMtx2304/depth4/node6/test0_07.mtx 2.4 0 -1 -1 
/home/antonkov/masterWork/tests/samePrefixMarkedMtx2304/depth4/node6/test0_07.mtx 2.5 0 -1 -1 
/home/antonkov/masterWork/tests/samePrefixMarkedMtx2304/depth4/node6/test0_07.mtx 2.6 0 -1 -1 
/home/antonkov/masterWork/tests/samePrefixMarkedMtx2304/depth4/node6/test0_07.mtx 2.7 0 -1 -1 
/home/antonkov/masterWork/tests/samePrefixMarkedMtx2304/depth4/node6/test0_07.mtx 2.8 0 -1 -1 
/home/antonkov/masterWork/tests/samePrefixMarkedMtx2304/depth4/node6/test0_07.mtx 2.9 0 -1 -1 
/home/antonkov/masterWork/tests/samePrefixMarkedMtx2304/depth4/node6/test0_07.mtx 3 0 -1 -1 
/home/antonkov/masterWork/tests/samePrefixMarkedMtx2304/depth4/node6/test0_07.mtx 3.1 0 -1 -1 
/home/antonkov/masterWork/tests/samePrefixMarkedMtx2304/depth4/node6/test0_07.mtx 3.2 0 -1 -1 
/home/antonkov/masterWork/tests/samePrefixMarkedMtx2304/depth4/node6/test0_07.mtx 3.3 0 -1 -1 
/home/antonkov/masterWork/tests/samePrefixMarkedMtx2304/depth4/node6/test0_07.mtx 3.4 0 -1 -1 
/home/antonkov/masterWork/tests/samePrefixMarkedMtx2304/depth4/node6/test0_07.mtx 3.5 0 -1 -1 
/home/antonkov/masterWork/tests/samePrefixMarkedMtx2304/depth4/node6/test0_08.mtx 1 469.196 0.0897483 0.95 
/home/antonkov/masterWork/tests/samePrefixMarkedMtx2304/depth4/node6/test0_08.mtx 1.1 465.355 0.0755252 0.85 
/home/antonkov/masterWork/tests/samePrefixMarkedMtx2304/depth4/node6/test0_08.mtx 1.2 453.916 0.0650911 0.75 
/home/antonkov/masterWork/tests/samePrefixMarkedMtx2304/depth4/node6/test0_08.mtx 1.3 437.613 0.0524219 0.66 
/home/antonkov/masterWork/tests/samePrefixMarkedMtx2304/depth4/node6/test0_08.mtx 1.4 543.803 0.036569 0.465 
/home/antonkov/masterWork/tests/samePrefixMarkedMtx2304/depth4/node6/test0_08.mtx 1.5 509.825 0.0232313 0.31 
/home/antonkov/masterWork/tests/samePrefixMarkedMtx2304/depth4/node6/test0_08.mtx 1.6 585.061 0.0127778 0.176667 
/home/antonkov/masterWork/tests/samePrefixMarkedMtx2304/depth4/node6/test0_08.mtx 1.7 821.18 0.00522693 0.0771429 
/home/antonkov/masterWork/tests/samePrefixMarkedMtx2304/depth4/node6/test0_08.mtx 1.8 1081.93 0.00263672 0.0416667 
/home/antonkov/masterWork/tests/samePrefixMarkedMtx2304/depth4/node6/test0_08.mtx 1.9 2562.5 0.000884887 0.012439 
/home/antonkov/masterWork/tests/samePrefixMarkedMtx2304/depth4/node6/test0_08.mtx 2 5762.42 0.000268022 0.00442478 
/home/antonkov/masterWork/tests/samePrefixMarkedMtx2304/depth4/node6/test0_08.mtx 2.1 0 -1 -1 
/home/antonkov/masterWork/tests/samePrefixMarkedMtx2304/depth4/node6/test0_08.mtx 2.2 0 -1 -1 
/home/antonkov/masterWork/tests/samePrefixMarkedMtx2304/depth4/node6/test0_08.mtx 2.3 0 -1 -1 
/home/antonkov/masterWork/tests/samePrefixMarkedMtx2304/depth4/node6/test0_08.mtx 2.4 0 -1 -1 
/home/antonkov/masterWork/tests/samePrefixMarkedMtx2304/depth4/node6/test0_08.mtx 2.5 0 -1 -1 
/home/antonkov/masterWork/tests/samePrefixMarkedMtx2304/depth4/node6/test0_08.mtx 2.6 0 -1 -1 
/home/antonkov/masterWork/tests/samePrefixMarkedMtx2304/depth4/node6/test0_08.mtx 2.7 0 -1 -1 
/home/antonkov/masterWork/tests/samePrefixMarkedMtx2304/depth4/node6/test0_08.mtx 2.8 0 -1 -1 
/home/antonkov/masterWork/tests/samePrefixMarkedMtx2304/depth4/node6/test0_08.mtx 2.9 0 -1 -1 
/home/antonkov/masterWork/tests/samePrefixMarkedMtx2304/depth4/node6/test0_08.mtx 3 0 -1 -1 
/home/antonkov/masterWork/tests/samePrefixMarkedMtx2304/depth4/node6/test0_08.mtx 3.1 0 -1 -1 
/home/antonkov/masterWork/tests/samePrefixMarkedMtx2304/depth4/node6/test0_08.mtx 3.2 0 -1 -1 
/home/antonkov/masterWork/tests/samePrefixMarkedMtx2304/depth4/node6/test0_08.mtx 3.3 0 -1 -1 
/home/antonkov/masterWork/tests/samePrefixMarkedMtx2304/depth4/node6/test0_08.mtx 3.4 0 -1 -1 
/home/antonkov/masterWork/tests/samePrefixMarkedMtx2304/depth4/node6/test0_08.mtx 3.5 0 -1 -1 
/home/antonkov/masterWork/tests/samePrefixMarkedMtx2304/depth4/node6/test0_09.mtx 1 535.488 0.0881988 0.94 
/home/antonkov/masterWork/tests/samePrefixMarkedMtx2304/depth4/node6/test0_09.mtx 1.1 480.235 0.078737 0.91 
/home/antonkov/masterWork/tests/samePrefixMarkedMtx2304/depth4/node6/test0_09.mtx 1.2 464.438 0.0652561 0.86 
/home/antonkov/masterWork/tests/samePrefixMarkedMtx2304/depth4/node6/test0_09.mtx 1.3 447.632 0.0463151 0.59 
/home/antonkov/masterWork/tests/samePrefixMarkedMtx2304/depth4/node6/test0_09.mtx 1.4 551.542 0.0345443 0.435 
/home/antonkov/masterWork/tests/samePrefixMarkedMtx2304/depth4/node6/test0_09.mtx 1.5 527.444 0.0214779 0.29 
/home/antonkov/masterWork/tests/samePrefixMarkedMtx2304/depth4/node6/test0_09.mtx 1.6 591.66 0.0140133 0.19 
/home/antonkov/masterWork/tests/samePrefixMarkedMtx2304/depth4/node6/test0_09.mtx 1.7 859.974 0.00600942 0.0828571 
/home/antonkov/masterWork/tests/samePrefixMarkedMtx2304/depth4/node6/test0_09.mtx 1.8 1276.65 0.00215914 0.0333333 
/home/antonkov/masterWork/tests/samePrefixMarkedMtx2304/depth4/node6/test0_09.mtx 1.9 2611.35 0.00078305 0.0126829 
/home/antonkov/masterWork/tests/samePrefixMarkedMtx2304/depth4/node6/test0_09.mtx 2 6020.07 0.000256438 0.00425 
/home/antonkov/masterWork/tests/samePrefixMarkedMtx2304/depth4/node6/test0_09.mtx 2.1 0 -1 -1 
/home/antonkov/masterWork/tests/samePrefixMarkedMtx2304/depth4/node6/test0_09.mtx 2.2 0 -1 -1 
/home/antonkov/masterWork/tests/samePrefixMarkedMtx2304/depth4/node6/test0_09.mtx 2.3 0 -1 -1 
/home/antonkov/masterWork/tests/samePrefixMarkedMtx2304/depth4/node6/test0_09.mtx 2.4 0 -1 -1 
/home/antonkov/masterWork/tests/samePrefixMarkedMtx2304/depth4/node6/test0_09.mtx 2.5 0 -1 -1 
/home/antonkov/masterWork/tests/samePrefixMarkedMtx2304/depth4/node6/test0_09.mtx 2.6 0 -1 -1 
/home/antonkov/masterWork/tests/samePrefixMarkedMtx2304/depth4/node6/test0_09.mtx 2.7 0 -1 -1 
/home/antonkov/masterWork/tests/samePrefixMarkedMtx2304/depth4/node6/test0_09.mtx 2.8 0 -1 -1 
/home/antonkov/masterWork/tests/samePrefixMarkedMtx2304/depth4/node6/test0_09.mtx 2.9 0 -1 -1 
/home/antonkov/masterWork/tests/samePrefixMarkedMtx2304/depth4/node6/test0_09.mtx 3 0 -1 -1 
/home/antonkov/masterWork/tests/samePrefixMarkedMtx2304/depth4/node6/test0_09.mtx 3.1 0 -1 -1 
/home/antonkov/masterWork/tests/samePrefixMarkedMtx2304/depth4/node6/test0_09.mtx 3.2 0 -1 -1 
/home/antonkov/masterWork/tests/samePrefixMarkedMtx2304/depth4/node6/test0_09.mtx 3.3 0 -1 -1 
/home/antonkov/masterWork/tests/samePrefixMarkedMtx2304/depth4/node6/test0_09.mtx 3.4 0 -1 -1 
/home/antonkov/masterWork/tests/samePrefixMarkedMtx2304/depth4/node6/test0_09.mtx 3.5 0 -1 -1 
/home/antonkov/masterWork/tests/samePrefixMarkedMtx2304/depth4/node6/test0_10.mtx 1 541.42 0.0930035 0.97 
/home/antonkov/masterWork/tests/samePrefixMarkedMtx2304/depth4/node6/test0_10.mtx 1.1 475.703 0.0817535 0.88 
/home/antonkov/masterWork/tests/samePrefixMarkedMtx2304/depth4/node6/test0_10.mtx 1.2 459.748 0.0690668 0.82 
/home/antonkov/masterWork/tests/samePrefixMarkedMtx2304/depth4/node6/test0_10.mtx 1.3 445.333 0.0553342 0.69 
/home/antonkov/masterWork/tests/samePrefixMarkedMtx2304/depth4/node6/test0_10.mtx 1.4 559.6 0.0372135 0.47 
/home/antonkov/masterWork/tests/samePrefixMarkedMtx2304/depth4/node6/test0_10.mtx 1.5 521.281 0.0271832 0.35 
/home/antonkov/masterWork/tests/samePrefixMarkedMtx2304/depth4/node6/test0_10.mtx 1.6 581.711 0.0146166 0.203333 
/home/antonkov/masterWork/tests/samePrefixMarkedMtx2304/depth4/node6/test0_10.mtx 1.7 836.637 0.00543899 0.08 
/home/antonkov/masterWork/tests/samePrefixMarkedMtx2304/depth4/node6/test0_10.mtx 1.8 1239.71 0.00226035 0.0364286 
/home/antonkov/masterWork/tests/samePrefixMarkedMtx2304/depth4/node6/test0_10.mtx 1.9 2458.56 0.000778623 0.0134211 
/home/antonkov/masterWork/tests/samePrefixMarkedMtx2304/depth4/node6/test0_10.mtx 2 6550.54 0.000204979 0.00378788 
/home/antonkov/masterWork/tests/samePrefixMarkedMtx2304/depth4/node6/test0_10.mtx 2.1 0 -1 -1 
/home/antonkov/masterWork/tests/samePrefixMarkedMtx2304/depth4/node6/test0_10.mtx 2.2 0 -1 -1 
/home/antonkov/masterWork/tests/samePrefixMarkedMtx2304/depth4/node6/test0_10.mtx 2.3 0 -1 -1 
/home/antonkov/masterWork/tests/samePrefixMarkedMtx2304/depth4/node6/test0_10.mtx 2.4 0 -1 -1 
/home/antonkov/masterWork/tests/samePrefixMarkedMtx2304/depth4/node6/test0_10.mtx 2.5 0 -1 -1 
/home/antonkov/masterWork/tests/samePrefixMarkedMtx2304/depth4/node6/test0_10.mtx 2.6 0 -1 -1 
/home/antonkov/masterWork/tests/samePrefixMarkedMtx2304/depth4/node6/test0_10.mtx 2.7 0 -1 -1 
/home/antonkov/masterWork/tests/samePrefixMarkedMtx2304/depth4/node6/test0_10.mtx 2.8 0 -1 -1 
/home/antonkov/masterWork/tests/samePrefixMarkedMtx2304/depth4/node6/test0_10.mtx 2.9 0 -1 -1 
/home/antonkov/masterWork/tests/samePrefixMarkedMtx2304/depth4/node6/test0_10.mtx 3 0 -1 -1 
/home/antonkov/masterWork/tests/samePrefixMarkedMtx2304/depth4/node6/test0_10.mtx 3.1 0 -1 -1 
/home/antonkov/masterWork/tests/samePrefixMarkedMtx2304/depth4/node6/test0_10.mtx 3.2 0 -1 -1 
/home/antonkov/masterWork/tests/samePrefixMarkedMtx2304/depth4/node6/test0_10.mtx 3.3 0 -1 -1 
/home/antonkov/masterWork/tests/samePrefixMarkedMtx2304/depth4/node6/test0_10.mtx 3.4 0 -1 -1 
/home/antonkov/masterWork/tests/samePrefixMarkedMtx2304/depth4/node6/test0_10.mtx 3.5 0 -1 -1 
/home/antonkov/masterWork/tests/samePrefixMarkedMtx2304/depth4/node6/test0_11.mtx 1 539.03 0.0881467 0.94 
/home/antonkov/masterWork/tests/samePrefixMarkedMtx2304/depth4/node6/test0_11.mtx 1.1 481.21 0.0793707 0.89 
/home/antonkov/masterWork/tests/samePrefixMarkedMtx2304/depth4/node6/test0_11.mtx 1.2 470.6 0.0654297 0.8 
/home/antonkov/masterWork/tests/samePrefixMarkedMtx2304/depth4/node6/test0_11.mtx 1.3 441.105 0.0495399 0.63 
/home/antonkov/masterWork/tests/samePrefixMarkedMtx2304/depth4/node6/test0_11.mtx 1.4 550.151 0.0322027 0.425 
/home/antonkov/masterWork/tests/samePrefixMarkedMtx2304/depth4/node6/test0_11.mtx 1.5 623.509 0.0196238 0.256667 
/home/antonkov/masterWork/tests/samePrefixMarkedMtx2304/depth4/node6/test0_11.mtx 1.6 570.107 0.0120081 0.166667 
/home/antonkov/masterWork/tests/samePrefixMarkedMtx2304/depth4/node6/test0_11.mtx 1.7 857.21 0.00565724 0.0814286 
/home/antonkov/masterWork/tests/samePrefixMarkedMtx2304/depth4/node6/test0_11.mtx 1.8 1220.28 0.00240048 0.0371429 
/home/antonkov/masterWork/tests/samePrefixMarkedMtx2304/depth4/node6/test0_11.mtx 1.9 2279.01 0.000801037 0.0147059 
/home/antonkov/masterWork/tests/samePrefixMarkedMtx2304/depth4/node6/test0_11.mtx 2 4908.51 0.00032703 0.00543478 
/home/antonkov/masterWork/tests/samePrefixMarkedMtx2304/depth4/node6/test0_11.mtx 2.1 0 -1 -1 
/home/antonkov/masterWork/tests/samePrefixMarkedMtx2304/depth4/node6/test0_11.mtx 2.2 0 -1 -1 
/home/antonkov/masterWork/tests/samePrefixMarkedMtx2304/depth4/node6/test0_11.mtx 2.3 0 -1 -1 
/home/antonkov/masterWork/tests/samePrefixMarkedMtx2304/depth4/node6/test0_11.mtx 2.4 0 -1 -1 
/home/antonkov/masterWork/tests/samePrefixMarkedMtx2304/depth4/node6/test0_11.mtx 2.5 0 -1 -1 
/home/antonkov/masterWork/tests/samePrefixMarkedMtx2304/depth4/node6/test0_11.mtx 2.6 0 -1 -1 
/home/antonkov/masterWork/tests/samePrefixMarkedMtx2304/depth4/node6/test0_11.mtx 2.7 0 -1 -1 
/home/antonkov/masterWork/tests/samePrefixMarkedMtx2304/depth4/node6/test0_11.mtx 2.8 0 -1 -1 
/home/antonkov/masterWork/tests/samePrefixMarkedMtx2304/depth4/node6/test0_11.mtx 2.9 0 -1 -1 
/home/antonkov/masterWork/tests/samePrefixMarkedMtx2304/depth4/node6/test0_11.mtx 3 0 -1 -1 
/home/antonkov/masterWork/tests/samePrefixMarkedMtx2304/depth4/node6/test0_11.mtx 3.1 0 -1 -1 
/home/antonkov/masterWork/tests/samePrefixMarkedMtx2304/depth4/node6/test0_11.mtx 3.2 0 -1 -1 
/home/antonkov/masterWork/tests/samePrefixMarkedMtx2304/depth4/node6/test0_11.mtx 3.3 0 -1 -1 
/home/antonkov/masterWork/tests/samePrefixMarkedMtx2304/depth4/node6/test0_11.mtx 3.4 0 -1 -1 
/home/antonkov/masterWork/tests/samePrefixMarkedMtx2304/depth4/node6/test0_11.mtx 3.5 0 -1 -1 
/home/antonkov/masterWork/tests/samePrefixMarkedMtx2304/depth4/node6/test0_12.mtx 1 522.665 0.0892535 0.95 
/home/antonkov/masterWork/tests/samePrefixMarkedMtx2304/depth4/node6/test0_12.mtx 1.1 461.441 0.0791189 0.91 
/home/antonkov/masterWork/tests/samePrefixMarkedMtx2304/depth4/node6/test0_12.mtx 1.2 460.688 0.0620703 0.77 
/home/antonkov/masterWork/tests/samePrefixMarkedMtx2304/depth4/node6/test0_12.mtx 1.3 423.916 0.0420052 0.51 
/home/antonkov/masterWork/tests/samePrefixMarkedMtx2304/depth4/node6/test0_12.mtx 1.4 543.332 0.0323872 0.42 
/home/antonkov/masterWork/tests/samePrefixMarkedMtx2304/depth4/node6/test0_12.mtx 1.5 508.461 0.0198459 0.265 
/home/antonkov/masterWork/tests/samePrefixMarkedMtx2304/depth4/node6/test0_12.mtx 1.6 654.493 0.0114442 0.16 
/home/antonkov/masterWork/tests/samePrefixMarkedMtx2304/depth4/node6/test0_12.mtx 1.7 843.446 0.00493924 0.0742857 
/home/antonkov/masterWork/tests/samePrefixMarkedMtx2304/depth4/node6/test0_12.mtx 1.8 1229.58 0.00251767 0.0385714 
/home/antonkov/masterWork/tests/samePrefixMarkedMtx2304/depth4/node6/test0_12.mtx 1.9 2285.17 0.000929812 0.0142857 
/home/antonkov/masterWork/tests/samePrefixMarkedMtx2304/depth4/node6/test0_12.mtx 2 5155.47 0.000330165 0.005 
/home/antonkov/masterWork/tests/samePrefixMarkedMtx2304/depth4/node6/test0_12.mtx 2.1 0 -1 -1 
/home/antonkov/masterWork/tests/samePrefixMarkedMtx2304/depth4/node6/test0_12.mtx 2.2 0 -1 -1 
/home/antonkov/masterWork/tests/samePrefixMarkedMtx2304/depth4/node6/test0_12.mtx 2.3 0 -1 -1 
/home/antonkov/masterWork/tests/samePrefixMarkedMtx2304/depth4/node6/test0_12.mtx 2.4 0 -1 -1 
/home/antonkov/masterWork/tests/samePrefixMarkedMtx2304/depth4/node6/test0_12.mtx 2.5 0 -1 -1 
/home/antonkov/masterWork/tests/samePrefixMarkedMtx2304/depth4/node6/test0_12.mtx 2.6 0 -1 -1 
/home/antonkov/masterWork/tests/samePrefixMarkedMtx2304/depth4/node6/test0_12.mtx 2.7 0 -1 -1 
/home/antonkov/masterWork/tests/samePrefixMarkedMtx2304/depth4/node6/test0_12.mtx 2.8 0 -1 -1 
/home/antonkov/masterWork/tests/samePrefixMarkedMtx2304/depth4/node6/test0_12.mtx 2.9 0 -1 -1 
/home/antonkov/masterWork/tests/samePrefixMarkedMtx2304/depth4/node6/test0_12.mtx 3 0 -1 -1 
/home/antonkov/masterWork/tests/samePrefixMarkedMtx2304/depth4/node6/test0_12.mtx 3.1 0 -1 -1 
/home/antonkov/masterWork/tests/samePrefixMarkedMtx2304/depth4/node6/test0_12.mtx 3.2 0 -1 -1 
/home/antonkov/masterWork/tests/samePrefixMarkedMtx2304/depth4/node6/test0_12.mtx 3.3 0 -1 -1 
/home/antonkov/masterWork/tests/samePrefixMarkedMtx2304/depth4/node6/test0_12.mtx 3.4 0 -1 -1 
/home/antonkov/masterWork/tests/samePrefixMarkedMtx2304/depth4/node6/test0_12.mtx 3.5 0 -1 -1 
/home/antonkov/masterWork/tests/samePrefixMarkedMtx2304/depth4/node6/test0_13.mtx 1 508.848 0.0890842 0.96 
/home/antonkov/masterWork/tests/samePrefixMarkedMtx2304/depth4/node6/test0_13.mtx 1.1 485.943 0.0760547 0.87 
/home/antonkov/masterWork/tests/samePrefixMarkedMtx2304/depth4/node6/test0_13.mtx 1.2 458.885 0.0615972 0.75 
/home/antonkov/masterWork/tests/samePrefixMarkedMtx2304/depth4/node6/test0_13.mtx 1.3 424.845 0.0422873 0.53 
/home/antonkov/masterWork/tests/samePrefixMarkedMtx2304/depth4/node6/test0_13.mtx 1.4 529.59 0.0291927 0.375 
/home/antonkov/masterWork/tests/samePrefixMarkedMtx2304/depth4/node6/test0_13.mtx 1.5 505.009 0.0195508 0.255 
/home/antonkov/masterWork/tests/samePrefixMarkedMtx2304/depth4/node6/test0_13.mtx 1.6 641.265 0.0101009 0.135 
/home/antonkov/masterWork/tests/samePrefixMarkedMtx2304/depth4/node6/test0_13.mtx 1.7 837.974 0.00539435 0.0742857 
/home/antonkov/masterWork/tests/samePrefixMarkedMtx2304/depth4/node6/test0_13.mtx 1.8 1454.27 0.00218461 0.03 
/home/antonkov/masterWork/tests/samePrefixMarkedMtx2304/depth4/node6/test0_13.mtx 1.9 2190.84 0.00099686 0.0147059 
/home/antonkov/masterWork/tests/samePrefixMarkedMtx2304/depth4/node6/test0_13.mtx 2 4653.17 0.000331387 0.0056044 
/home/antonkov/masterWork/tests/samePrefixMarkedMtx2304/depth4/node6/test0_13.mtx 2.1 0 -1 -1 
/home/antonkov/masterWork/tests/samePrefixMarkedMtx2304/depth4/node6/test0_13.mtx 2.2 0 -1 -1 
/home/antonkov/masterWork/tests/samePrefixMarkedMtx2304/depth4/node6/test0_13.mtx 2.3 0 -1 -1 
/home/antonkov/masterWork/tests/samePrefixMarkedMtx2304/depth4/node6/test0_13.mtx 2.4 0 -1 -1 
/home/antonkov/masterWork/tests/samePrefixMarkedMtx2304/depth4/node6/test0_13.mtx 2.5 0 -1 -1 
/home/antonkov/masterWork/tests/samePrefixMarkedMtx2304/depth4/node6/test0_13.mtx 2.6 0 -1 -1 
/home/antonkov/masterWork/tests/samePrefixMarkedMtx2304/depth4/node6/test0_13.mtx 2.7 0 -1 -1 
/home/antonkov/masterWork/tests/samePrefixMarkedMtx2304/depth4/node6/test0_13.mtx 2.8 0 -1 -1 
/home/antonkov/masterWork/tests/samePrefixMarkedMtx2304/depth4/node6/test0_13.mtx 2.9 0 -1 -1 
/home/antonkov/masterWork/tests/samePrefixMarkedMtx2304/depth4/node6/test0_13.mtx 3 0 -1 -1 
/home/antonkov/masterWork/tests/samePrefixMarkedMtx2304/depth4/node6/test0_13.mtx 3.1 0 -1 -1 
/home/antonkov/masterWork/tests/samePrefixMarkedMtx2304/depth4/node6/test0_13.mtx 3.2 0 -1 -1 
/home/antonkov/masterWork/tests/samePrefixMarkedMtx2304/depth4/node6/test0_13.mtx 3.3 0 -1 -1 
/home/antonkov/masterWork/tests/samePrefixMarkedMtx2304/depth4/node6/test0_13.mtx 3.4 0 -1 -1 
/home/antonkov/masterWork/tests/samePrefixMarkedMtx2304/depth4/node6/test0_13.mtx 3.5 0 -1 -1 
/home/antonkov/masterWork/tests/samePrefixMarkedMtx2304/depth4/node6/test0_14.mtx 1 481.095 0.0898047 0.97 
/home/antonkov/masterWork/tests/samePrefixMarkedMtx2304/depth4/node6/test0_14.mtx 1.1 475.501 0.0801432 0.92 
/home/antonkov/masterWork/tests/samePrefixMarkedMtx2304/depth4/node6/test0_14.mtx 1.2 457.959 0.061645 0.75 
/home/antonkov/masterWork/tests/samePrefixMarkedMtx2304/depth4/node6/test0_14.mtx 1.3 438.471 0.0465538 0.59 
/home/antonkov/masterWork/tests/samePrefixMarkedMtx2304/depth4/node6/test0_14.mtx 1.4 550.466 0.0338694 0.45 
/home/antonkov/masterWork/tests/samePrefixMarkedMtx2304/depth4/node6/test0_14.mtx 1.5 501.336 0.0206554 0.28 
/home/antonkov/masterWork/tests/samePrefixMarkedMtx2304/depth4/node6/test0_14.mtx 1.6 595.584 0.0133247 0.196667 
/home/antonkov/masterWork/tests/samePrefixMarkedMtx2304/depth4/node6/test0_14.mtx 1.7 849.051 0.00614893 0.0857143 
/home/antonkov/masterWork/tests/samePrefixMarkedMtx2304/depth4/node6/test0_14.mtx 1.8 1267.76 0.0023287 0.034 
/home/antonkov/masterWork/tests/samePrefixMarkedMtx2304/depth4/node6/test0_14.mtx 1.9 2397.34 0.000899259 0.0135135 
/home/antonkov/masterWork/tests/samePrefixMarkedMtx2304/depth4/node6/test0_14.mtx 2 5456.57 0.000312661 0.00462963 
/home/antonkov/masterWork/tests/samePrefixMarkedMtx2304/depth4/node6/test0_14.mtx 2.1 0 -1 -1 
/home/antonkov/masterWork/tests/samePrefixMarkedMtx2304/depth4/node6/test0_14.mtx 2.2 0 -1 -1 
/home/antonkov/masterWork/tests/samePrefixMarkedMtx2304/depth4/node6/test0_14.mtx 2.3 0 -1 -1 
/home/antonkov/masterWork/tests/samePrefixMarkedMtx2304/depth4/node6/test0_14.mtx 2.4 0 -1 -1 
/home/antonkov/masterWork/tests/samePrefixMarkedMtx2304/depth4/node6/test0_14.mtx 2.5 0 -1 -1 
/home/antonkov/masterWork/tests/samePrefixMarkedMtx2304/depth4/node6/test0_14.mtx 2.6 0 -1 -1 
/home/antonkov/masterWork/tests/samePrefixMarkedMtx2304/depth4/node6/test0_14.mtx 2.7 0 -1 -1 
/home/antonkov/masterWork/tests/samePrefixMarkedMtx2304/depth4/node6/test0_14.mtx 2.8 0 -1 -1 
/home/antonkov/masterWork/tests/samePrefixMarkedMtx2304/depth4/node6/test0_14.mtx 2.9 0 -1 -1 
/home/antonkov/masterWork/tests/samePrefixMarkedMtx2304/depth4/node6/test0_14.mtx 3 0 -1 -1 
/home/antonkov/masterWork/tests/samePrefixMarkedMtx2304/depth4/node6/test0_14.mtx 3.1 0 -1 -1 
/home/antonkov/masterWork/tests/samePrefixMarkedMtx2304/depth4/node6/test0_14.mtx 3.2 0 -1 -1 
/home/antonkov/masterWork/tests/samePrefixMarkedMtx2304/depth4/node6/test0_14.mtx 3.3 0 -1 -1 
/home/antonkov/masterWork/tests/samePrefixMarkedMtx2304/depth4/node6/test0_14.mtx 3.4 0 -1 -1 
/home/antonkov/masterWork/tests/samePrefixMarkedMtx2304/depth4/node6/test0_14.mtx 3.5 0 -1 -1 
/home/antonkov/masterWork/tests/samePrefixMarkedMtx2304/depth4/node6/test1_00.mtx 1 527.869 0.0893012 0.96 
/home/antonkov/masterWork/tests/samePrefixMarkedMtx2304/depth4/node6/test1_00.mtx 1.1 476.538 0.0739366 0.83 
/home/antonkov/masterWork/tests/samePrefixMarkedMtx2304/depth4/node6/test1_00.mtx 1.2 450.972 0.0600434 0.72 
/home/antonkov/masterWork/tests/samePrefixMarkedMtx2304/depth4/node6/test1_00.mtx 1.3 434.111 0.0453255 0.58 
/home/antonkov/masterWork/tests/samePrefixMarkedMtx2304/depth4/node6/test1_00.mtx 1.4 540.356 0.0319531 0.43 
/home/antonkov/masterWork/tests/samePrefixMarkedMtx2304/depth4/node6/test1_00.mtx 1.5 503.519 0.017589 0.27 
/home/antonkov/masterWork/tests/samePrefixMarkedMtx2304/depth4/node6/test1_00.mtx 1.6 660.331 0.00981337 0.14 
/home/antonkov/masterWork/tests/samePrefixMarkedMtx2304/depth4/node6/test1_00.mtx 1.7 970.159 0.00418692 0.06 
/home/antonkov/masterWork/tests/samePrefixMarkedMtx2304/depth4/node6/test1_00.mtx 1.8 1542.85 0.00179391 0.0273684 
/home/antonkov/masterWork/tests/samePrefixMarkedMtx2304/depth4/node6/test1_00.mtx 1.9 2981.51 0.00067627 0.0104167 
/home/antonkov/masterWork/tests/samePrefixMarkedMtx2304/depth4/node6/test1_00.mtx 2 5891.58 0.000255403 0.00431034 
/home/antonkov/masterWork/tests/samePrefixMarkedMtx2304/depth4/node6/test1_00.mtx 2.1 0 -1 -1 
/home/antonkov/masterWork/tests/samePrefixMarkedMtx2304/depth4/node6/test1_00.mtx 2.2 0 -1 -1 
/home/antonkov/masterWork/tests/samePrefixMarkedMtx2304/depth4/node6/test1_00.mtx 2.3 0 -1 -1 
/home/antonkov/masterWork/tests/samePrefixMarkedMtx2304/depth4/node6/test1_00.mtx 2.4 0 -1 -1 
/home/antonkov/masterWork/tests/samePrefixMarkedMtx2304/depth4/node6/test1_00.mtx 2.5 0 -1 -1 
/home/antonkov/masterWork/tests/samePrefixMarkedMtx2304/depth4/node6/test1_00.mtx 2.6 0 -1 -1 
/home/antonkov/masterWork/tests/samePrefixMarkedMtx2304/depth4/node6/test1_00.mtx 2.7 0 -1 -1 
/home/antonkov/masterWork/tests/samePrefixMarkedMtx2304/depth4/node6/test1_00.mtx 2.8 0 -1 -1 
/home/antonkov/masterWork/tests/samePrefixMarkedMtx2304/depth4/node6/test1_00.mtx 2.9 0 -1 -1 
/home/antonkov/masterWork/tests/samePrefixMarkedMtx2304/depth4/node6/test1_00.mtx 3 0 -1 -1 
/home/antonkov/masterWork/tests/samePrefixMarkedMtx2304/depth4/node6/test1_00.mtx 3.1 0 -1 -1 
/home/antonkov/masterWork/tests/samePrefixMarkedMtx2304/depth4/node6/test1_00.mtx 3.2 0 -1 -1 
/home/antonkov/masterWork/tests/samePrefixMarkedMtx2304/depth4/node6/test1_00.mtx 3.3 0 -1 -1 
/home/antonkov/masterWork/tests/samePrefixMarkedMtx2304/depth4/node6/test1_00.mtx 3.4 0 -1 -1 
/home/antonkov/masterWork/tests/samePrefixMarkedMtx2304/depth4/node6/test1_00.mtx 3.5 0 -1 -1 
/home/antonkov/masterWork/tests/samePrefixMarkedMtx2304/depth4/node6/test1_01.mtx 1 536.027 0.0894748 0.97 
/home/antonkov/masterWork/tests/samePrefixMarkedMtx2304/depth4/node6/test1_01.mtx 1.1 482.499 0.0763411 0.89 
/home/antonkov/masterWork/tests/samePrefixMarkedMtx2304/depth4/node6/test1_01.mtx 1.2 456.031 0.063099 0.76 
/home/antonkov/masterWork/tests/samePrefixMarkedMtx2304/depth4/node6/test1_01.mtx 1.3 437.722 0.0489497 0.61 
/home/antonkov/masterWork/tests/samePrefixMarkedMtx2304/depth4/node6/test1_01.mtx 1.4 561.364 0.0328385 0.44 
/home/antonkov/masterWork/tests/samePrefixMarkedMtx2304/depth4/node6/test1_01.mtx 1.5 616.396 0.0180975 0.25 
/home/antonkov/masterWork/tests/samePrefixMarkedMtx2304/depth4/node6/test1_01.mtx 1.6 650.617 0.00930556 0.13 
/home/antonkov/masterWork/tests/samePrefixMarkedMtx2304/depth4/node6/test1_01.mtx 1.7 899.953 0.00465712 0.07 
/home/antonkov/masterWork/tests/samePrefixMarkedMtx2304/depth4/node6/test1_01.mtx 1.8 1448.4 0.00195843 0.03 
/home/antonkov/masterWork/tests/samePrefixMarkedMtx2304/depth4/node6/test1_01.mtx 1.9 2902.35 0.000705386 0.0108333 
/home/antonkov/masterWork/tests/samePrefixMarkedMtx2304/depth4/node6/test1_01.mtx 2 6750.96 0.000220404 0.00364964 
/home/antonkov/masterWork/tests/samePrefixMarkedMtx2304/depth4/node6/test1_01.mtx 2.1 0 -1 -1 
/home/antonkov/masterWork/tests/samePrefixMarkedMtx2304/depth4/node6/test1_01.mtx 2.2 0 -1 -1 
/home/antonkov/masterWork/tests/samePrefixMarkedMtx2304/depth4/node6/test1_01.mtx 2.3 0 -1 -1 
/home/antonkov/masterWork/tests/samePrefixMarkedMtx2304/depth4/node6/test1_01.mtx 2.4 0 -1 -1 
/home/antonkov/masterWork/tests/samePrefixMarkedMtx2304/depth4/node6/test1_01.mtx 2.5 0 -1 -1 
/home/antonkov/masterWork/tests/samePrefixMarkedMtx2304/depth4/node6/test1_01.mtx 2.6 0 -1 -1 
/home/antonkov/masterWork/tests/samePrefixMarkedMtx2304/depth4/node6/test1_01.mtx 2.7 0 -1 -1 
/home/antonkov/masterWork/tests/samePrefixMarkedMtx2304/depth4/node6/test1_01.mtx 2.8 0 -1 -1 
/home/antonkov/masterWork/tests/samePrefixMarkedMtx2304/depth4/node6/test1_01.mtx 2.9 0 -1 -1 
/home/antonkov/masterWork/tests/samePrefixMarkedMtx2304/depth4/node6/test1_01.mtx 3 0 -1 -1 
/home/antonkov/masterWork/tests/samePrefixMarkedMtx2304/depth4/node6/test1_01.mtx 3.1 0 -1 -1 
/home/antonkov/masterWork/tests/samePrefixMarkedMtx2304/depth4/node6/test1_01.mtx 3.2 0 -1 -1 
/home/antonkov/masterWork/tests/samePrefixMarkedMtx2304/depth4/node6/test1_01.mtx 3.3 0 -1 -1 
/home/antonkov/masterWork/tests/samePrefixMarkedMtx2304/depth4/node6/test1_01.mtx 3.4 0 -1 -1 
/home/antonkov/masterWork/tests/samePrefixMarkedMtx2304/depth4/node6/test1_01.mtx 3.5 0 -1 -1 
/home/antonkov/masterWork/tests/samePrefixMarkedMtx2304/depth4/node6/test1_02.mtx 1 513.561 0.0852734 0.92 
/home/antonkov/masterWork/tests/samePrefixMarkedMtx2304/depth4/node6/test1_02.mtx 1.1 464.809 0.0743967 0.84 
/home/antonkov/masterWork/tests/samePrefixMarkedMtx2304/depth4/node6/test1_02.mtx 1.2 448.944 0.0607552 0.73 
/home/antonkov/masterWork/tests/samePrefixMarkedMtx2304/depth4/node6/test1_02.mtx 1.3 438.061 0.0474523 0.58 
/home/antonkov/masterWork/tests/samePrefixMarkedMtx2304/depth4/node6/test1_02.mtx 1.4 557.772 0.0354861 0.475 
/home/antonkov/masterWork/tests/samePrefixMarkedMtx2304/depth4/node6/test1_02.mtx 1.5 510.82 0.0188411 0.26 
/home/antonkov/masterWork/tests/samePrefixMarkedMtx2304/depth4/node6/test1_02.mtx 1.6 654.066 0.00966037 0.13 
/home/antonkov/masterWork/tests/samePrefixMarkedMtx2304/depth4/node6/test1_02.mtx 1.7 838.057 0.00496218 0.0757143 
/home/antonkov/masterWork/tests/samePrefixMarkedMtx2304/depth4/node6/test1_02.mtx 1.8 1331.55 0.00206841 0.031875 
/home/antonkov/masterWork/tests/samePrefixMarkedMtx2304/depth4/node6/test1_02.mtx 1.9 3055.54 0.000632031 0.01 
/home/antonkov/masterWork/tests/samePrefixMarkedMtx2304/depth4/node6/test1_02.mtx 2 6106.83 0.000238217 0.00409836 
/home/antonkov/masterWork/tests/samePrefixMarkedMtx2304/depth4/node6/test1_02.mtx 2.1 0 -1 -1 
/home/antonkov/masterWork/tests/samePrefixMarkedMtx2304/depth4/node6/test1_02.mtx 2.2 0 -1 -1 
/home/antonkov/masterWork/tests/samePrefixMarkedMtx2304/depth4/node6/test1_02.mtx 2.3 0 -1 -1 
/home/antonkov/masterWork/tests/samePrefixMarkedMtx2304/depth4/node6/test1_02.mtx 2.4 0 -1 -1 
/home/antonkov/masterWork/tests/samePrefixMarkedMtx2304/depth4/node6/test1_02.mtx 2.5 0 -1 -1 
/home/antonkov/masterWork/tests/samePrefixMarkedMtx2304/depth4/node6/test1_02.mtx 2.6 0 -1 -1 
/home/antonkov/masterWork/tests/samePrefixMarkedMtx2304/depth4/node6/test1_02.mtx 2.7 0 -1 -1 
/home/antonkov/masterWork/tests/samePrefixMarkedMtx2304/depth4/node6/test1_02.mtx 2.8 0 -1 -1 
/home/antonkov/masterWork/tests/samePrefixMarkedMtx2304/depth4/node6/test1_02.mtx 2.9 0 -1 -1 
/home/antonkov/masterWork/tests/samePrefixMarkedMtx2304/depth4/node6/test1_02.mtx 3 0 -1 -1 
/home/antonkov/masterWork/tests/samePrefixMarkedMtx2304/depth4/node6/test1_02.mtx 3.1 0 -1 -1 
/home/antonkov/masterWork/tests/samePrefixMarkedMtx2304/depth4/node6/test1_02.mtx 3.2 0 -1 -1 
/home/antonkov/masterWork/tests/samePrefixMarkedMtx2304/depth4/node6/test1_02.mtx 3.3 0 -1 -1 
/home/antonkov/masterWork/tests/samePrefixMarkedMtx2304/depth4/node6/test1_02.mtx 3.4 0 -1 -1 
/home/antonkov/masterWork/tests/samePrefixMarkedMtx2304/depth4/node6/test1_02.mtx 3.5 0 -1 -1 
/home/antonkov/masterWork/tests/samePrefixMarkedMtx2304/depth4/node6/test1_03.mtx 1 530.677 0.0867925 0.94 
/home/antonkov/masterWork/tests/samePrefixMarkedMtx2304/depth4/node6/test1_03.mtx 1.1 477.488 0.0725694 0.84 
/home/antonkov/masterWork/tests/samePrefixMarkedMtx2304/depth4/node6/test1_03.mtx 1.2 458.837 0.058737 0.71 
/home/antonkov/masterWork/tests/samePrefixMarkedMtx2304/depth4/node6/test1_03.mtx 1.3 438.613 0.0429036 0.54 
/home/antonkov/masterWork/tests/samePrefixMarkedMtx2304/depth4/node6/test1_03.mtx 1.4 539.217 0.0311068 0.4 
/home/antonkov/masterWork/tests/samePrefixMarkedMtx2304/depth4/node6/test1_03.mtx 1.5 595.733 0.017458 0.233333 
/home/antonkov/masterWork/tests/samePrefixMarkedMtx2304/depth4/node6/test1_03.mtx 1.6 641.784 0.0103103 0.1475 
/home/antonkov/masterWork/tests/samePrefixMarkedMtx2304/depth4/node6/test1_03.mtx 1.7 833.209 0.00499008 0.0742857 
/home/antonkov/masterWork/tests/samePrefixMarkedMtx2304/depth4/node6/test1_03.mtx 1.8 1482.41 0.00195264 0.0294444 
/home/antonkov/masterWork/tests/samePrefixMarkedMtx2304/depth4/node6/test1_03.mtx 1.9 2962.19 0.000693269 0.010625 
/home/antonkov/masterWork/tests/samePrefixMarkedMtx2304/depth4/node6/test1_03.mtx 2 5546.76 0.00027036 0.00454545 
/home/antonkov/masterWork/tests/samePrefixMarkedMtx2304/depth4/node6/test1_03.mtx 2.1 0 -1 -1 
/home/antonkov/masterWork/tests/samePrefixMarkedMtx2304/depth4/node6/test1_03.mtx 2.2 0 -1 -1 
/home/antonkov/masterWork/tests/samePrefixMarkedMtx2304/depth4/node6/test1_03.mtx 2.3 0 -1 -1 
/home/antonkov/masterWork/tests/samePrefixMarkedMtx2304/depth4/node6/test1_03.mtx 2.4 0 -1 -1 
/home/antonkov/masterWork/tests/samePrefixMarkedMtx2304/depth4/node6/test1_03.mtx 2.5 0 -1 -1 
/home/antonkov/masterWork/tests/samePrefixMarkedMtx2304/depth4/node6/test1_03.mtx 2.6 0 -1 -1 
/home/antonkov/masterWork/tests/samePrefixMarkedMtx2304/depth4/node6/test1_03.mtx 2.7 0 -1 -1 
/home/antonkov/masterWork/tests/samePrefixMarkedMtx2304/depth4/node6/test1_03.mtx 2.8 0 -1 -1 
/home/antonkov/masterWork/tests/samePrefixMarkedMtx2304/depth4/node6/test1_03.mtx 2.9 0 -1 -1 
/home/antonkov/masterWork/tests/samePrefixMarkedMtx2304/depth4/node6/test1_03.mtx 3 0 -1 -1 
/home/antonkov/masterWork/tests/samePrefixMarkedMtx2304/depth4/node6/test1_03.mtx 3.1 0 -1 -1 
/home/antonkov/masterWork/tests/samePrefixMarkedMtx2304/depth4/node6/test1_03.mtx 3.2 0 -1 -1 
/home/antonkov/masterWork/tests/samePrefixMarkedMtx2304/depth4/node6/test1_03.mtx 3.3 0 -1 -1 
/home/antonkov/masterWork/tests/samePrefixMarkedMtx2304/depth4/node6/test1_03.mtx 3.4 0 -1 -1 
/home/antonkov/masterWork/tests/samePrefixMarkedMtx2304/depth4/node6/test1_03.mtx 3.5 0 -1 -1 
/home/antonkov/masterWork/tests/samePrefixMarkedMtx2304/depth4/node6/test1_04.mtx 1 463.868 0.0835069 0.89 
/home/antonkov/masterWork/tests/samePrefixMarkedMtx2304/depth4/node6/test1_04.mtx 1.1 466.731 0.0724349 0.82 
/home/antonkov/masterWork/tests/samePrefixMarkedMtx2304/depth4/node6/test1_04.mtx 1.2 460.471 0.059197 0.71 
/home/antonkov/masterWork/tests/samePrefixMarkedMtx2304/depth4/node6/test1_04.mtx 1.3 420.45 0.0429427 0.52 
/home/antonkov/masterWork/tests/samePrefixMarkedMtx2304/depth4/node6/test1_04.mtx 1.4 551.342 0.0357726 0.46 
/home/antonkov/masterWork/tests/samePrefixMarkedMtx2304/depth4/node6/test1_04.mtx 1.5 502.663 0.0201432 0.265 
/home/antonkov/masterWork/tests/samePrefixMarkedMtx2304/depth4/node6/test1_04.mtx 1.6 563.862 0.0119661 0.17 
/home/antonkov/masterWork/tests/samePrefixMarkedMtx2304/depth4/node6/test1_04.mtx 1.7 780.691 0.00587891 0.0883333 
/home/antonkov/masterWork/tests/samePrefixMarkedMtx2304/depth4/node6/test1_04.mtx 1.8 1491.22 0.00205319 0.0294444 
/home/antonkov/masterWork/tests/samePrefixMarkedMtx2304/depth4/node6/test1_04.mtx 1.9 3190.62 0.000552903 0.00944444 
/home/antonkov/masterWork/tests/samePrefixMarkedMtx2304/depth4/node6/test1_04.mtx 2 0 -1 -1 
/home/antonkov/masterWork/tests/samePrefixMarkedMtx2304/depth4/node6/test1_04.mtx 2.1 0 -1 -1 
/home/antonkov/masterWork/tests/samePrefixMarkedMtx2304/depth4/node6/test1_04.mtx 2.2 0 -1 -1 
/home/antonkov/masterWork/tests/samePrefixMarkedMtx2304/depth4/node6/test1_04.mtx 2.3 0 -1 -1 
/home/antonkov/masterWork/tests/samePrefixMarkedMtx2304/depth4/node6/test1_04.mtx 2.4 0 -1 -1 
/home/antonkov/masterWork/tests/samePrefixMarkedMtx2304/depth4/node6/test1_04.mtx 2.5 0 -1 -1 
/home/antonkov/masterWork/tests/samePrefixMarkedMtx2304/depth4/node6/test1_04.mtx 2.6 0 -1 -1 
/home/antonkov/masterWork/tests/samePrefixMarkedMtx2304/depth4/node6/test1_04.mtx 2.7 0 -1 -1 
/home/antonkov/masterWork/tests/samePrefixMarkedMtx2304/depth4/node6/test1_04.mtx 2.8 0 -1 -1 
/home/antonkov/masterWork/tests/samePrefixMarkedMtx2304/depth4/node6/test1_04.mtx 2.9 0 -1 -1 
/home/antonkov/masterWork/tests/samePrefixMarkedMtx2304/depth4/node6/test1_04.mtx 3 0 -1 -1 
/home/antonkov/masterWork/tests/samePrefixMarkedMtx2304/depth4/node6/test1_04.mtx 3.1 0 -1 -1 
/home/antonkov/masterWork/tests/samePrefixMarkedMtx2304/depth4/node6/test1_04.mtx 3.2 0 -1 -1 
/home/antonkov/masterWork/tests/samePrefixMarkedMtx2304/depth4/node6/test1_04.mtx 3.3 0 -1 -1 
/home/antonkov/masterWork/tests/samePrefixMarkedMtx2304/depth4/node6/test1_04.mtx 3.4 0 -1 -1 
/home/antonkov/masterWork/tests/samePrefixMarkedMtx2304/depth4/node6/test1_04.mtx 3.5 0 -1 -1 
/home/antonkov/masterWork/tests/samePrefixMarkedMtx2304/depth4/node6/test1_05.mtx 1 552.809 0.0901129 0.94 
/home/antonkov/masterWork/tests/samePrefixMarkedMtx2304/depth4/node6/test1_05.mtx 1.1 496.215 0.0804688 0.91 
/home/antonkov/masterWork/tests/samePrefixMarkedMtx2304/depth4/node6/test1_05.mtx 1.2 459.898 0.0655903 0.78 
/home/antonkov/masterWork/tests/samePrefixMarkedMtx2304/depth4/node6/test1_05.mtx 1.3 453.806 0.044197 0.57 
/home/antonkov/masterWork/tests/samePrefixMarkedMtx2304/depth4/node6/test1_05.mtx 1.4 549.919 0.033444 0.43 
/home/antonkov/masterWork/tests/samePrefixMarkedMtx2304/depth4/node6/test1_05.mtx 1.5 515.099 0.0196029 0.26 
/home/antonkov/masterWork/tests/samePrefixMarkedMtx2304/depth4/node6/test1_05.mtx 1.6 652.894 0.00950304 0.125 
/home/antonkov/masterWork/tests/samePrefixMarkedMtx2304/depth4/node6/test1_05.mtx 1.7 823.94 0.00484623 0.0728571 
/home/antonkov/masterWork/tests/samePrefixMarkedMtx2304/depth4/node6/test1_05.mtx 1.8 1422.58 0.00195772 0.03 
/home/antonkov/masterWork/tests/samePrefixMarkedMtx2304/depth4/node6/test1_05.mtx 1.9 2963.73 0.000691099 0.0104167 
/home/antonkov/masterWork/tests/samePrefixMarkedMtx2304/depth4/node6/test1_05.mtx 2 5067.11 0.000301085 0.005 
/home/antonkov/masterWork/tests/samePrefixMarkedMtx2304/depth4/node6/test1_05.mtx 2.1 0 -1 -1 
/home/antonkov/masterWork/tests/samePrefixMarkedMtx2304/depth4/node6/test1_05.mtx 2.2 0 -1 -1 
/home/antonkov/masterWork/tests/samePrefixMarkedMtx2304/depth4/node6/test1_05.mtx 2.3 0 -1 -1 
/home/antonkov/masterWork/tests/samePrefixMarkedMtx2304/depth4/node6/test1_05.mtx 2.4 0 -1 -1 
/home/antonkov/masterWork/tests/samePrefixMarkedMtx2304/depth4/node6/test1_05.mtx 2.5 0 -1 -1 
/home/antonkov/masterWork/tests/samePrefixMarkedMtx2304/depth4/node6/test1_05.mtx 2.6 0 -1 -1 
/home/antonkov/masterWork/tests/samePrefixMarkedMtx2304/depth4/node6/test1_05.mtx 2.7 0 -1 -1 
/home/antonkov/masterWork/tests/samePrefixMarkedMtx2304/depth4/node6/test1_05.mtx 2.8 0 -1 -1 
/home/antonkov/masterWork/tests/samePrefixMarkedMtx2304/depth4/node6/test1_05.mtx 2.9 0 -1 -1 
/home/antonkov/masterWork/tests/samePrefixMarkedMtx2304/depth4/node6/test1_05.mtx 3 0 -1 -1 
/home/antonkov/masterWork/tests/samePrefixMarkedMtx2304/depth4/node6/test1_05.mtx 3.1 0 -1 -1 
/home/antonkov/masterWork/tests/samePrefixMarkedMtx2304/depth4/node6/test1_05.mtx 3.2 0 -1 -1 
/home/antonkov/masterWork/tests/samePrefixMarkedMtx2304/depth4/node6/test1_05.mtx 3.3 0 -1 -1 
/home/antonkov/masterWork/tests/samePrefixMarkedMtx2304/depth4/node6/test1_05.mtx 3.4 0 -1 -1 
/home/antonkov/masterWork/tests/samePrefixMarkedMtx2304/depth4/node6/test1_05.mtx 3.5 0 -1 -1 
/home/antonkov/masterWork/tests/samePrefixMarkedMtx2304/depth4/node6/test1_06.mtx 1 530.53 0.0904036 0.94 
/home/antonkov/masterWork/tests/samePrefixMarkedMtx2304/depth4/node6/test1_06.mtx 1.1 478.585 0.0784071 0.87 
/home/antonkov/masterWork/tests/samePrefixMarkedMtx2304/depth4/node6/test1_06.mtx 1.2 459.481 0.0680512 0.8 
/home/antonkov/masterWork/tests/samePrefixMarkedMtx2304/depth4/node6/test1_06.mtx 1.3 447.169 0.0524653 0.68 
/home/antonkov/masterWork/tests/samePrefixMarkedMtx2304/depth4/node6/test1_06.mtx 1.4 562.545 0.0393316 0.5 
/home/antonkov/masterWork/tests/samePrefixMarkedMtx2304/depth4/node6/test1_06.mtx 1.5 517.893 0.0235569 0.325 
/home/antonkov/masterWork/tests/samePrefixMarkedMtx2304/depth4/node6/test1_06.mtx 1.6 568.761 0.0130179 0.176667 
/home/antonkov/masterWork/tests/samePrefixMarkedMtx2304/depth4/node6/test1_06.mtx 1.7 777.986 0.00541956 0.0833333 
/home/antonkov/masterWork/tests/samePrefixMarkedMtx2304/depth4/node6/test1_06.mtx 1.8 1468.54 0.00196566 0.03 
/home/antonkov/masterWork/tests/samePrefixMarkedMtx2304/depth4/node6/test1_06.mtx 1.9 2666.16 0.000744307 0.0116279 
/home/antonkov/masterWork/tests/samePrefixMarkedMtx2304/depth4/node6/test1_06.mtx 2 5494.92 0.000297349 0.00462963 
/home/antonkov/masterWork/tests/samePrefixMarkedMtx2304/depth4/node6/test1_06.mtx 2.1 0 -1 -1 
/home/antonkov/masterWork/tests/samePrefixMarkedMtx2304/depth4/node6/test1_06.mtx 2.2 0 -1 -1 
/home/antonkov/masterWork/tests/samePrefixMarkedMtx2304/depth4/node6/test1_06.mtx 2.3 0 -1 -1 
/home/antonkov/masterWork/tests/samePrefixMarkedMtx2304/depth4/node6/test1_06.mtx 2.4 0 -1 -1 
/home/antonkov/masterWork/tests/samePrefixMarkedMtx2304/depth4/node6/test1_06.mtx 2.5 0 -1 -1 
/home/antonkov/masterWork/tests/samePrefixMarkedMtx2304/depth4/node6/test1_06.mtx 2.6 0 -1 -1 
/home/antonkov/masterWork/tests/samePrefixMarkedMtx2304/depth4/node6/test1_06.mtx 2.7 0 -1 -1 
/home/antonkov/masterWork/tests/samePrefixMarkedMtx2304/depth4/node6/test1_06.mtx 2.8 0 -1 -1 
/home/antonkov/masterWork/tests/samePrefixMarkedMtx2304/depth4/node6/test1_06.mtx 2.9 0 -1 -1 
/home/antonkov/masterWork/tests/samePrefixMarkedMtx2304/depth4/node6/test1_06.mtx 3 0 -1 -1 
/home/antonkov/masterWork/tests/samePrefixMarkedMtx2304/depth4/node6/test1_06.mtx 3.1 0 -1 -1 
/home/antonkov/masterWork/tests/samePrefixMarkedMtx2304/depth4/node6/test1_06.mtx 3.2 0 -1 -1 
/home/antonkov/masterWork/tests/samePrefixMarkedMtx2304/depth4/node6/test1_06.mtx 3.3 0 -1 -1 
/home/antonkov/masterWork/tests/samePrefixMarkedMtx2304/depth4/node6/test1_06.mtx 3.4 0 -1 -1 
/home/antonkov/masterWork/tests/samePrefixMarkedMtx2304/depth4/node6/test1_06.mtx 3.5 0 -1 -1 
/home/antonkov/masterWork/tests/samePrefixMarkedMtx2304/depth4/node6/test1_07.mtx 1 495.252 0.0891536 0.94 
/home/antonkov/masterWork/tests/samePrefixMarkedMtx2304/depth4/node6/test1_07.mtx 1.1 491.711 0.0791406 0.91 
/home/antonkov/masterWork/tests/samePrefixMarkedMtx2304/depth4/node6/test1_07.mtx 1.2 460.896 0.0622135 0.75 
/home/antonkov/masterWork/tests/samePrefixMarkedMtx2304/depth4/node6/test1_07.mtx 1.3 443.26 0.0495486 0.65 
/home/antonkov/masterWork/tests/samePrefixMarkedMtx2304/depth4/node6/test1_07.mtx 1.4 554.482 0.0301736 0.425 
/home/antonkov/masterWork/tests/samePrefixMarkedMtx2304/depth4/node6/test1_07.mtx 1.5 624.78 0.0187645 0.253333 
/home/antonkov/masterWork/tests/samePrefixMarkedMtx2304/depth4/node6/test1_07.mtx 1.6 672.779 0.0100803 0.1425 
/home/antonkov/masterWork/tests/samePrefixMarkedMtx2304/depth4/node6/test1_07.mtx 1.7 916.896 0.00544651 0.07625 
/home/antonkov/masterWork/tests/samePrefixMarkedMtx2304/depth4/node6/test1_07.mtx 1.8 1135.94 0.00242054 0.0384615 
/home/antonkov/masterWork/tests/samePrefixMarkedMtx2304/depth4/node6/test1_07.mtx 1.9 2413.96 0.000844243 0.0135135 
/home/antonkov/masterWork/tests/samePrefixMarkedMtx2304/depth4/node6/test1_07.mtx 2 4813.25 0.00033873 0.00543478 
/home/antonkov/masterWork/tests/samePrefixMarkedMtx2304/depth4/node6/test1_07.mtx 2.1 0 -1 -1 
/home/antonkov/masterWork/tests/samePrefixMarkedMtx2304/depth4/node6/test1_07.mtx 2.2 0 -1 -1 
/home/antonkov/masterWork/tests/samePrefixMarkedMtx2304/depth4/node6/test1_07.mtx 2.3 0 -1 -1 
/home/antonkov/masterWork/tests/samePrefixMarkedMtx2304/depth4/node6/test1_07.mtx 2.4 0 -1 -1 
/home/antonkov/masterWork/tests/samePrefixMarkedMtx2304/depth4/node6/test1_07.mtx 2.5 0 -1 -1 
/home/antonkov/masterWork/tests/samePrefixMarkedMtx2304/depth4/node6/test1_07.mtx 2.6 0 -1 -1 
/home/antonkov/masterWork/tests/samePrefixMarkedMtx2304/depth4/node6/test1_07.mtx 2.7 0 -1 -1 
/home/antonkov/masterWork/tests/samePrefixMarkedMtx2304/depth4/node6/test1_07.mtx 2.8 0 -1 -1 
/home/antonkov/masterWork/tests/samePrefixMarkedMtx2304/depth4/node6/test1_07.mtx 2.9 0 -1 -1 
/home/antonkov/masterWork/tests/samePrefixMarkedMtx2304/depth4/node6/test1_07.mtx 3 0 -1 -1 
/home/antonkov/masterWork/tests/samePrefixMarkedMtx2304/depth4/node6/test1_07.mtx 3.1 0 -1 -1 
/home/antonkov/masterWork/tests/samePrefixMarkedMtx2304/depth4/node6/test1_07.mtx 3.2 0 -1 -1 
/home/antonkov/masterWork/tests/samePrefixMarkedMtx2304/depth4/node6/test1_07.mtx 3.3 0 -1 -1 
/home/antonkov/masterWork/tests/samePrefixMarkedMtx2304/depth4/node6/test1_07.mtx 3.4 0 -1 -1 
/home/antonkov/masterWork/tests/samePrefixMarkedMtx2304/depth4/node6/test1_07.mtx 3.5 0 -1 -1 
/home/antonkov/masterWork/tests/samePrefixMarkedMtx2304/depth4/node6/test1_08.mtx 1 477.179 0.0833203 0.92 
/home/antonkov/masterWork/tests/samePrefixMarkedMtx2304/depth4/node6/test1_08.mtx 1.1 463.914 0.070395 0.82 
/home/antonkov/masterWork/tests/samePrefixMarkedMtx2304/depth4/node6/test1_08.mtx 1.2 451.263 0.0576649 0.7 
/home/antonkov/masterWork/tests/samePrefixMarkedMtx2304/depth4/node6/test1_08.mtx 1.3 438.179 0.0436372 0.56 
/home/antonkov/masterWork/tests/samePrefixMarkedMtx2304/depth4/node6/test1_08.mtx 1.4 543.761 0.0296918 0.4 
/home/antonkov/masterWork/tests/samePrefixMarkedMtx2304/depth4/node6/test1_08.mtx 1.5 620.305 0.0192723 0.263333 
/home/antonkov/masterWork/tests/samePrefixMarkedMtx2304/depth4/node6/test1_08.mtx 1.6 647.477 0.00910807 0.1325 
/home/antonkov/masterWork/tests/samePrefixMarkedMtx2304/depth4/node6/test1_08.mtx 1.7 832.756 0.0053745 0.0757143 
/home/antonkov/masterWork/tests/samePrefixMarkedMtx2304/depth4/node6/test1_08.mtx 1.8 1365.41 0.0020988 0.03125 
/home/antonkov/masterWork/tests/samePrefixMarkedMtx2304/depth4/node6/test1_08.mtx 1.9 3018.38 0.000627834 0.0102041 
/home/antonkov/masterWork/tests/samePrefixMarkedMtx2304/depth4/node6/test1_08.mtx 2 6566.15 0.000236562 0.00381679 
/home/antonkov/masterWork/tests/samePrefixMarkedMtx2304/depth4/node6/test1_08.mtx 2.1 0 -1 -1 
/home/antonkov/masterWork/tests/samePrefixMarkedMtx2304/depth4/node6/test1_08.mtx 2.2 0 -1 -1 
/home/antonkov/masterWork/tests/samePrefixMarkedMtx2304/depth4/node6/test1_08.mtx 2.3 0 -1 -1 
/home/antonkov/masterWork/tests/samePrefixMarkedMtx2304/depth4/node6/test1_08.mtx 2.4 0 -1 -1 
/home/antonkov/masterWork/tests/samePrefixMarkedMtx2304/depth4/node6/test1_08.mtx 2.5 0 -1 -1 
/home/antonkov/masterWork/tests/samePrefixMarkedMtx2304/depth4/node6/test1_08.mtx 2.6 0 -1 -1 
/home/antonkov/masterWork/tests/samePrefixMarkedMtx2304/depth4/node6/test1_08.mtx 2.7 0 -1 -1 
/home/antonkov/masterWork/tests/samePrefixMarkedMtx2304/depth4/node6/test1_08.mtx 2.8 0 -1 -1 
/home/antonkov/masterWork/tests/samePrefixMarkedMtx2304/depth4/node6/test1_08.mtx 2.9 0 -1 -1 
/home/antonkov/masterWork/tests/samePrefixMarkedMtx2304/depth4/node6/test1_08.mtx 3 0 -1 -1 
/home/antonkov/masterWork/tests/samePrefixMarkedMtx2304/depth4/node6/test1_08.mtx 3.1 0 -1 -1 
/home/antonkov/masterWork/tests/samePrefixMarkedMtx2304/depth4/node6/test1_08.mtx 3.2 0 -1 -1 
/home/antonkov/masterWork/tests/samePrefixMarkedMtx2304/depth4/node6/test1_08.mtx 3.3 0 -1 -1 
/home/antonkov/masterWork/tests/samePrefixMarkedMtx2304/depth4/node6/test1_08.mtx 3.4 0 -1 -1 
/home/antonkov/masterWork/tests/samePrefixMarkedMtx2304/depth4/node6/test1_08.mtx 3.5 0 -1 -1 
/home/antonkov/masterWork/tests/samePrefixMarkedMtx2304/depth4/node6/test1_09.mtx 1 532.219 0.0871484 0.94 
/home/antonkov/masterWork/tests/samePrefixMarkedMtx2304/depth4/node6/test1_09.mtx 1.1 475.027 0.0734375 0.83 
/home/antonkov/masterWork/tests/samePrefixMarkedMtx2304/depth4/node6/test1_09.mtx 1.2 454.638 0.0622222 0.74 
/home/antonkov/masterWork/tests/samePrefixMarkedMtx2304/depth4/node6/test1_09.mtx 1.3 428.202 0.0439453 0.56 
/home/antonkov/masterWork/tests/samePrefixMarkedMtx2304/depth4/node6/test1_09.mtx 1.4 557.947 0.0347266 0.455 
/home/antonkov/masterWork/tests/samePrefixMarkedMtx2304/depth4/node6/test1_09.mtx 1.5 539.94 0.0225738 0.305 
/home/antonkov/masterWork/tests/samePrefixMarkedMtx2304/depth4/node6/test1_09.mtx 1.6 663.222 0.0109701 0.1525 
/home/antonkov/masterWork/tests/samePrefixMarkedMtx2304/depth4/node6/test1_09.mtx 1.7 991.719 0.00469907 0.0655556 
/home/antonkov/masterWork/tests/samePrefixMarkedMtx2304/depth4/node6/test1_09.mtx 1.8 1245.58 0.00218432 0.034 
/home/antonkov/masterWork/tests/samePrefixMarkedMtx2304/depth4/node6/test1_09.mtx 1.9 2112.67 0.000966661 0.0159375 
/home/antonkov/masterWork/tests/samePrefixMarkedMtx2304/depth4/node6/test1_09.mtx 2 6330.15 0.000214625 0.00387597 
/home/antonkov/masterWork/tests/samePrefixMarkedMtx2304/depth4/node6/test1_09.mtx 2.1 0 -1 -1 
/home/antonkov/masterWork/tests/samePrefixMarkedMtx2304/depth4/node6/test1_09.mtx 2.2 0 -1 -1 
/home/antonkov/masterWork/tests/samePrefixMarkedMtx2304/depth4/node6/test1_09.mtx 2.3 0 -1 -1 
/home/antonkov/masterWork/tests/samePrefixMarkedMtx2304/depth4/node6/test1_09.mtx 2.4 0 -1 -1 
/home/antonkov/masterWork/tests/samePrefixMarkedMtx2304/depth4/node6/test1_09.mtx 2.5 0 -1 -1 
/home/antonkov/masterWork/tests/samePrefixMarkedMtx2304/depth4/node6/test1_09.mtx 2.6 0 -1 -1 
/home/antonkov/masterWork/tests/samePrefixMarkedMtx2304/depth4/node6/test1_09.mtx 2.7 0 -1 -1 
/home/antonkov/masterWork/tests/samePrefixMarkedMtx2304/depth4/node6/test1_09.mtx 2.8 0 -1 -1 
/home/antonkov/masterWork/tests/samePrefixMarkedMtx2304/depth4/node6/test1_09.mtx 2.9 0 -1 -1 
/home/antonkov/masterWork/tests/samePrefixMarkedMtx2304/depth4/node6/test1_09.mtx 3 0 -1 -1 
/home/antonkov/masterWork/tests/samePrefixMarkedMtx2304/depth4/node6/test1_09.mtx 3.1 0 -1 -1 
/home/antonkov/masterWork/tests/samePrefixMarkedMtx2304/depth4/node6/test1_09.mtx 3.2 0 -1 -1 
/home/antonkov/masterWork/tests/samePrefixMarkedMtx2304/depth4/node6/test1_09.mtx 3.3 0 -1 -1 
/home/antonkov/masterWork/tests/samePrefixMarkedMtx2304/depth4/node6/test1_09.mtx 3.4 0 -1 -1 
/home/antonkov/masterWork/tests/samePrefixMarkedMtx2304/depth4/node6/test1_09.mtx 3.5 0 -1 -1 
/home/antonkov/masterWork/tests/samePrefixMarkedMtx2304/depth4/node6/test1_10.mtx 1 526.328 0.0867014 0.92 
/home/antonkov/masterWork/tests/samePrefixMarkedMtx2304/depth4/node6/test1_10.mtx 1.1 484.186 0.0747786 0.82 
/home/antonkov/masterWork/tests/samePrefixMarkedMtx2304/depth4/node6/test1_10.mtx 1.2 458.601 0.063776 0.75 
/home/antonkov/masterWork/tests/samePrefixMarkedMtx2304/depth4/node6/test1_10.mtx 1.3 433.479 0.0461198 0.58 
/home/antonkov/masterWork/tests/samePrefixMarkedMtx2304/depth4/node6/test1_10.mtx 1.4 539.786 0.0299935 0.38 
/home/antonkov/masterWork/tests/samePrefixMarkedMtx2304/depth4/node6/test1_10.mtx 1.5 512.155 0.0188954 0.28 
/home/antonkov/masterWork/tests/samePrefixMarkedMtx2304/depth4/node6/test1_10.mtx 1.6 652.503 0.00943142 0.14 
/home/antonkov/masterWork/tests/samePrefixMarkedMtx2304/depth4/node6/test1_10.mtx 1.7 823.254 0.00617188 0.0871429 
/home/antonkov/masterWork/tests/samePrefixMarkedMtx2304/depth4/node6/test1_10.mtx 1.8 1401.26 0.0019613 0.0294118 
/home/antonkov/masterWork/tests/samePrefixMarkedMtx2304/depth4/node6/test1_10.mtx 1.9 2348.94 0.000909529 0.0138889 
/home/antonkov/masterWork/tests/samePrefixMarkedMtx2304/depth4/node6/test1_10.mtx 2 5768.14 0.000252965 0.00451327 
/home/antonkov/masterWork/tests/samePrefixMarkedMtx2304/depth4/node6/test1_10.mtx 2.1 0 -1 -1 
/home/antonkov/masterWork/tests/samePrefixMarkedMtx2304/depth4/node6/test1_10.mtx 2.2 0 -1 -1 
/home/antonkov/masterWork/tests/samePrefixMarkedMtx2304/depth4/node6/test1_10.mtx 2.3 0 -1 -1 
/home/antonkov/masterWork/tests/samePrefixMarkedMtx2304/depth4/node6/test1_10.mtx 2.4 0 -1 -1 
/home/antonkov/masterWork/tests/samePrefixMarkedMtx2304/depth4/node6/test1_10.mtx 2.5 0 -1 -1 
/home/antonkov/masterWork/tests/samePrefixMarkedMtx2304/depth4/node6/test1_10.mtx 2.6 0 -1 -1 
/home/antonkov/masterWork/tests/samePrefixMarkedMtx2304/depth4/node6/test1_10.mtx 2.7 0 -1 -1 
/home/antonkov/masterWork/tests/samePrefixMarkedMtx2304/depth4/node6/test1_10.mtx 2.8 0 -1 -1 
/home/antonkov/masterWork/tests/samePrefixMarkedMtx2304/depth4/node6/test1_10.mtx 2.9 0 -1 -1 
/home/antonkov/masterWork/tests/samePrefixMarkedMtx2304/depth4/node6/test1_10.mtx 3 0 -1 -1 
/home/antonkov/masterWork/tests/samePrefixMarkedMtx2304/depth4/node6/test1_10.mtx 3.1 0 -1 -1 
/home/antonkov/masterWork/tests/samePrefixMarkedMtx2304/depth4/node6/test1_10.mtx 3.2 0 -1 -1 
/home/antonkov/masterWork/tests/samePrefixMarkedMtx2304/depth4/node6/test1_10.mtx 3.3 0 -1 -1 
/home/antonkov/masterWork/tests/samePrefixMarkedMtx2304/depth4/node6/test1_10.mtx 3.4 0 -1 -1 
/home/antonkov/masterWork/tests/samePrefixMarkedMtx2304/depth4/node6/test1_10.mtx 3.5 0 -1 -1 
/home/antonkov/masterWork/tests/samePrefixMarkedMtx2304/depth4/node6/test1_11.mtx 1 494.662 0.0874566 0.94 
/home/antonkov/masterWork/tests/samePrefixMarkedMtx2304/depth4/node6/test1_11.mtx 1.1 469.029 0.0755686 0.88 
/home/antonkov/masterWork/tests/samePrefixMarkedMtx2304/depth4/node6/test1_11.mtx 1.2 456.143 0.061263 0.74 
/home/antonkov/masterWork/tests/samePrefixMarkedMtx2304/depth4/node6/test1_11.mtx 1.3 434.492 0.0421962 0.52 
/home/antonkov/masterWork/tests/samePrefixMarkedMtx2304/depth4/node6/test1_11.mtx 1.4 540.259 0.0338151 0.425 
/home/antonkov/masterWork/tests/samePrefixMarkedMtx2304/depth4/node6/test1_11.mtx 1.5 500.431 0.0211003 0.275 
/home/antonkov/masterWork/tests/samePrefixMarkedMtx2304/depth4/node6/test1_11.mtx 1.6 575.849 0.0130802 0.186667 
/home/antonkov/masterWork/tests/samePrefixMarkedMtx2304/depth4/node6/test1_11.mtx 1.7 824.482 0.0055878 0.0771429 
/home/antonkov/masterWork/tests/samePrefixMarkedMtx2304/depth4/node6/test1_11.mtx 1.8 1424.14 0.00201338 0.0294118 
/home/antonkov/masterWork/tests/samePrefixMarkedMtx2304/depth4/node6/test1_11.mtx 1.9 3020.1 0.000665961 0.010625 
/home/antonkov/masterWork/tests/samePrefixMarkedMtx2304/depth4/node6/test1_11.mtx 2 6562.07 0.000249649 0.00381679 
/home/antonkov/masterWork/tests/samePrefixMarkedMtx2304/depth4/node6/test1_11.mtx 2.1 0 -1 -1 
/home/antonkov/masterWork/tests/samePrefixMarkedMtx2304/depth4/node6/test1_11.mtx 2.2 0 -1 -1 
/home/antonkov/masterWork/tests/samePrefixMarkedMtx2304/depth4/node6/test1_11.mtx 2.3 0 -1 -1 
/home/antonkov/masterWork/tests/samePrefixMarkedMtx2304/depth4/node6/test1_11.mtx 2.4 0 -1 -1 
/home/antonkov/masterWork/tests/samePrefixMarkedMtx2304/depth4/node6/test1_11.mtx 2.5 0 -1 -1 
/home/antonkov/masterWork/tests/samePrefixMarkedMtx2304/depth4/node6/test1_11.mtx 2.6 0 -1 -1 
/home/antonkov/masterWork/tests/samePrefixMarkedMtx2304/depth4/node6/test1_11.mtx 2.7 0 -1 -1 
/home/antonkov/masterWork/tests/samePrefixMarkedMtx2304/depth4/node6/test1_11.mtx 2.8 0 -1 -1 
/home/antonkov/masterWork/tests/samePrefixMarkedMtx2304/depth4/node6/test1_11.mtx 2.9 0 -1 -1 
/home/antonkov/masterWork/tests/samePrefixMarkedMtx2304/depth4/node6/test1_11.mtx 3 0 -1 -1 
/home/antonkov/masterWork/tests/samePrefixMarkedMtx2304/depth4/node6/test1_11.mtx 3.1 0 -1 -1 
/home/antonkov/masterWork/tests/samePrefixMarkedMtx2304/depth4/node6/test1_11.mtx 3.2 0 -1 -1 
/home/antonkov/masterWork/tests/samePrefixMarkedMtx2304/depth4/node6/test1_11.mtx 3.3 0 -1 -1 
/home/antonkov/masterWork/tests/samePrefixMarkedMtx2304/depth4/node6/test1_11.mtx 3.4 0 -1 -1 
/home/antonkov/masterWork/tests/samePrefixMarkedMtx2304/depth4/node6/test1_11.mtx 3.5 0 -1 -1 
/home/antonkov/masterWork/tests/samePrefixMarkedMtx2304/depth4/node6/test1_12.mtx 1 474.633 0.0882595 0.95 
/home/antonkov/masterWork/tests/samePrefixMarkedMtx2304/depth4/node6/test1_12.mtx 1.1 470.39 0.0769618 0.87 
/home/antonkov/masterWork/tests/samePrefixMarkedMtx2304/depth4/node6/test1_12.mtx 1.2 450.615 0.0582422 0.67 
/home/antonkov/masterWork/tests/samePrefixMarkedMtx2304/depth4/node6/test1_12.mtx 1.3 423.6 0.0446224 0.55 
/home/antonkov/masterWork/tests/samePrefixMarkedMtx2304/depth4/node6/test1_12.mtx 1.4 556.058 0.0347548 0.455 
/home/antonkov/masterWork/tests/samePrefixMarkedMtx2304/depth4/node6/test1_12.mtx 1.5 522.677 0.0184679 0.25 
/home/antonkov/masterWork/tests/samePrefixMarkedMtx2304/depth4/node6/test1_12.mtx 1.6 643.274 0.00979818 0.135 
/home/antonkov/masterWork/tests/samePrefixMarkedMtx2304/depth4/node6/test1_12.mtx 1.7 844.138 0.00475198 0.0771429 
/home/antonkov/masterWork/tests/samePrefixMarkedMtx2304/depth4/node6/test1_12.mtx 1.8 1259.19 0.00232608 0.0364286 
/home/antonkov/masterWork/tests/samePrefixMarkedMtx2304/depth4/node6/test1_12.mtx 1.9 2170.53 0.00101834 0.015625 
/home/antonkov/masterWork/tests/samePrefixMarkedMtx2304/depth4/node6/test1_12.mtx 2 6173.37 0.000261176 0.00425 
/home/antonkov/masterWork/tests/samePrefixMarkedMtx2304/depth4/node6/test1_12.mtx 2.1 0 -1 -1 
/home/antonkov/masterWork/tests/samePrefixMarkedMtx2304/depth4/node6/test1_12.mtx 2.2 0 -1 -1 
/home/antonkov/masterWork/tests/samePrefixMarkedMtx2304/depth4/node6/test1_12.mtx 2.3 0 -1 -1 
/home/antonkov/masterWork/tests/samePrefixMarkedMtx2304/depth4/node6/test1_12.mtx 2.4 0 -1 -1 
/home/antonkov/masterWork/tests/samePrefixMarkedMtx2304/depth4/node6/test1_12.mtx 2.5 0 -1 -1 
/home/antonkov/masterWork/tests/samePrefixMarkedMtx2304/depth4/node6/test1_12.mtx 2.6 0 -1 -1 
/home/antonkov/masterWork/tests/samePrefixMarkedMtx2304/depth4/node6/test1_12.mtx 2.7 0 -1 -1 
/home/antonkov/masterWork/tests/samePrefixMarkedMtx2304/depth4/node6/test1_12.mtx 2.8 0 -1 -1 
/home/antonkov/masterWork/tests/samePrefixMarkedMtx2304/depth4/node6/test1_12.mtx 2.9 0 -1 -1 
/home/antonkov/masterWork/tests/samePrefixMarkedMtx2304/depth4/node6/test1_12.mtx 3 0 -1 -1 
/home/antonkov/masterWork/tests/samePrefixMarkedMtx2304/depth4/node6/test1_12.mtx 3.1 0 -1 -1 
/home/antonkov/masterWork/tests/samePrefixMarkedMtx2304/depth4/node6/test1_12.mtx 3.2 0 -1 -1 
/home/antonkov/masterWork/tests/samePrefixMarkedMtx2304/depth4/node6/test1_12.mtx 3.3 0 -1 -1 
/home/antonkov/masterWork/tests/samePrefixMarkedMtx2304/depth4/node6/test1_12.mtx 3.4 0 -1 -1 
/home/antonkov/masterWork/tests/samePrefixMarkedMtx2304/depth4/node6/test1_12.mtx 3.5 0 -1 -1 
/home/antonkov/masterWork/tests/samePrefixMarkedMtx2304/depth4/node6/test1_13.mtx 1 520.815 0.0869575 0.93 
/home/antonkov/masterWork/tests/samePrefixMarkedMtx2304/depth4/node6/test1_13.mtx 1.1 464.532 0.0776736 0.87 
/home/antonkov/masterWork/tests/samePrefixMarkedMtx2304/depth4/node6/test1_13.mtx 1.2 460.839 0.0641797 0.78 
/home/antonkov/masterWork/tests/samePrefixMarkedMtx2304/depth4/node6/test1_13.mtx 1.3 435.746 0.0422526 0.54 
/home/antonkov/masterWork/tests/samePrefixMarkedMtx2304/depth4/node6/test1_13.mtx 1.4 534.584 0.0318316 0.41 
/home/antonkov/masterWork/tests/samePrefixMarkedMtx2304/depth4/node6/test1_13.mtx 1.5 504.709 0.0190516 0.255 
/home/antonkov/masterWork/tests/samePrefixMarkedMtx2304/depth4/node6/test1_13.mtx 1.6 648.733 0.00933919 0.135 
/home/antonkov/masterWork/tests/samePrefixMarkedMtx2304/depth4/node6/test1_13.mtx 1.7 901.822 0.0051492 0.07375 
/home/antonkov/masterWork/tests/samePrefixMarkedMtx2304/depth4/node6/test1_13.mtx 1.8 1323.05 0.00239149 0.0346667 
/home/antonkov/masterWork/tests/samePrefixMarkedMtx2304/depth4/node6/test1_13.mtx 1.9 2266.75 0.000908012 0.0147059 
/home/antonkov/masterWork/tests/samePrefixMarkedMtx2304/depth4/node6/test1_13.mtx 2 5947.4 0.000264872 0.00442478 
/home/antonkov/masterWork/tests/samePrefixMarkedMtx2304/depth4/node6/test1_13.mtx 2.1 0 -1 -1 
/home/antonkov/masterWork/tests/samePrefixMarkedMtx2304/depth4/node6/test1_13.mtx 2.2 0 -1 -1 
/home/antonkov/masterWork/tests/samePrefixMarkedMtx2304/depth4/node6/test1_13.mtx 2.3 0 -1 -1 
/home/antonkov/masterWork/tests/samePrefixMarkedMtx2304/depth4/node6/test1_13.mtx 2.4 0 -1 -1 
/home/antonkov/masterWork/tests/samePrefixMarkedMtx2304/depth4/node6/test1_13.mtx 2.5 0 -1 -1 
/home/antonkov/masterWork/tests/samePrefixMarkedMtx2304/depth4/node6/test1_13.mtx 2.6 0 -1 -1 
/home/antonkov/masterWork/tests/samePrefixMarkedMtx2304/depth4/node6/test1_13.mtx 2.7 0 -1 -1 
/home/antonkov/masterWork/tests/samePrefixMarkedMtx2304/depth4/node6/test1_13.mtx 2.8 0 -1 -1 
/home/antonkov/masterWork/tests/samePrefixMarkedMtx2304/depth4/node6/test1_13.mtx 2.9 0 -1 -1 
/home/antonkov/masterWork/tests/samePrefixMarkedMtx2304/depth4/node6/test1_13.mtx 3 0 -1 -1 
/home/antonkov/masterWork/tests/samePrefixMarkedMtx2304/depth4/node6/test1_13.mtx 3.1 0 -1 -1 
/home/antonkov/masterWork/tests/samePrefixMarkedMtx2304/depth4/node6/test1_13.mtx 3.2 0 -1 -1 
/home/antonkov/masterWork/tests/samePrefixMarkedMtx2304/depth4/node6/test1_13.mtx 3.3 0 -1 -1 
/home/antonkov/masterWork/tests/samePrefixMarkedMtx2304/depth4/node6/test1_13.mtx 3.4 0 -1 -1 
/home/antonkov/masterWork/tests/samePrefixMarkedMtx2304/depth4/node6/test1_13.mtx 3.5 0 -1 -1 
/home/antonkov/masterWork/tests/samePrefixMarkedMtx2304/depth4/node6/test1_14.mtx 1 514.697 0.0874002 0.91 
/home/antonkov/masterWork/tests/samePrefixMarkedMtx2304/depth4/node6/test1_14.mtx 1.1 477.172 0.0769531 0.86 
/home/antonkov/masterWork/tests/samePrefixMarkedMtx2304/depth4/node6/test1_14.mtx 1.2 450.823 0.0631901 0.75 
/home/antonkov/masterWork/tests/samePrefixMarkedMtx2304/depth4/node6/test1_14.mtx 1.3 428.875 0.046072 0.56 
/home/antonkov/masterWork/tests/samePrefixMarkedMtx2304/depth4/node6/test1_14.mtx 1.4 544.99 0.0362804 0.455 
/home/antonkov/masterWork/tests/samePrefixMarkedMtx2304/depth4/node6/test1_14.mtx 1.5 515.639 0.0212543 0.29 
/home/antonkov/masterWork/tests/samePrefixMarkedMtx2304/depth4/node6/test1_14.mtx 1.6 664.595 0.0106966 0.1525 
/home/antonkov/masterWork/tests/samePrefixMarkedMtx2304/depth4/node6/test1_14.mtx 1.7 856.861 0.00539683 0.0785714 
/home/antonkov/masterWork/tests/samePrefixMarkedMtx2304/depth4/node6/test1_14.mtx 1.8 1363.07 0.00225369 0.031875 
/home/antonkov/masterWork/tests/samePrefixMarkedMtx2304/depth4/node6/test1_14.mtx 1.9 2073.6 0.00103439 0.0164516 
/home/antonkov/masterWork/tests/samePrefixMarkedMtx2304/depth4/node6/test1_14.mtx 2 5350.14 0.000293929 0.00480769 
/home/antonkov/masterWork/tests/samePrefixMarkedMtx2304/depth4/node6/test1_14.mtx 2.1 0 -1 -1 
/home/antonkov/masterWork/tests/samePrefixMarkedMtx2304/depth4/node6/test1_14.mtx 2.2 0 -1 -1 
/home/antonkov/masterWork/tests/samePrefixMarkedMtx2304/depth4/node6/test1_14.mtx 2.3 0 -1 -1 
/home/antonkov/masterWork/tests/samePrefixMarkedMtx2304/depth4/node6/test1_14.mtx 2.4 0 -1 -1 
/home/antonkov/masterWork/tests/samePrefixMarkedMtx2304/depth4/node6/test1_14.mtx 2.5 0 -1 -1 
/home/antonkov/masterWork/tests/samePrefixMarkedMtx2304/depth4/node6/test1_14.mtx 2.6 0 -1 -1 
/home/antonkov/masterWork/tests/samePrefixMarkedMtx2304/depth4/node6/test1_14.mtx 2.7 0 -1 -1 
/home/antonkov/masterWork/tests/samePrefixMarkedMtx2304/depth4/node6/test1_14.mtx 2.8 0 -1 -1 
/home/antonkov/masterWork/tests/samePrefixMarkedMtx2304/depth4/node6/test1_14.mtx 2.9 0 -1 -1 
/home/antonkov/masterWork/tests/samePrefixMarkedMtx2304/depth4/node6/test1_14.mtx 3 0 -1 -1 
/home/antonkov/masterWork/tests/samePrefixMarkedMtx2304/depth4/node6/test1_14.mtx 3.1 0 -1 -1 
/home/antonkov/masterWork/tests/samePrefixMarkedMtx2304/depth4/node6/test1_14.mtx 3.2 0 -1 -1 
/home/antonkov/masterWork/tests/samePrefixMarkedMtx2304/depth4/node6/test1_14.mtx 3.3 0 -1 -1 
/home/antonkov/masterWork/tests/samePrefixMarkedMtx2304/depth4/node6/test1_14.mtx 3.4 0 -1 -1 
/home/antonkov/masterWork/tests/samePrefixMarkedMtx2304/depth4/node6/test1_14.mtx 3.5 0 -1 -1 
