Results
Filename SNR Time(ms) BER FER
/home/antonkov/masterWork/tests/samePrefixMarkedMtx/depth4/node6/test0_0.mtx 1 139.847 0.082283 0.825 
/home/antonkov/masterWork/tests/samePrefixMarkedMtx/depth4/node6/test0_0.mtx 1.1 124.627 0.0717361 0.745 
/home/antonkov/masterWork/tests/samePrefixMarkedMtx/depth4/node6/test0_0.mtx 1.2 110.497 0.0599132 0.625 
/home/antonkov/masterWork/tests/samePrefixMarkedMtx/depth4/node6/test0_0.mtx 1.3 100.644 0.0486372 0.52 
/home/antonkov/masterWork/tests/samePrefixMarkedMtx/depth4/node6/test0_0.mtx 1.4 127.293 0.0385648 0.423333 
/home/antonkov/masterWork/tests/samePrefixMarkedMtx/depth4/node6/test0_0.mtx 1.5 117.683 0.0317245 0.36 
/home/antonkov/masterWork/tests/samePrefixMarkedMtx/depth4/node6/test0_0.mtx 1.6 135.719 0.0259679 0.2925 
/home/antonkov/masterWork/tests/samePrefixMarkedMtx/depth4/node6/test0_0.mtx 1.7 150.82 0.0198681 0.236 
/home/antonkov/masterWork/tests/samePrefixMarkedMtx/depth4/node6/test0_0.mtx 1.8 161.722 0.0158623 0.183333 
/home/antonkov/masterWork/tests/samePrefixMarkedMtx/depth4/node6/test0_0.mtx 1.9 172.377 0.0115278 0.142857 
/home/antonkov/masterWork/tests/samePrefixMarkedMtx/depth4/node6/test0_0.mtx 2 235.447 0.00804293 0.0954545 
/home/antonkov/masterWork/tests/samePrefixMarkedMtx/depth4/node6/test0_0.mtx 2.1 281.893 0.00565162 0.0673333 
/home/antonkov/masterWork/tests/samePrefixMarkedMtx/depth4/node6/test0_0.mtx 2.2 344.704 0.00422049 0.0505 
/home/antonkov/masterWork/tests/samePrefixMarkedMtx/depth4/node6/test0_0.mtx 2.3 511.882 0.00237637 0.030303 
/home/antonkov/masterWork/tests/samePrefixMarkedMtx/depth4/node6/test0_0.mtx 2.4 676.854 0.00158588 0.0204082 
/home/antonkov/masterWork/tests/samePrefixMarkedMtx/depth4/node6/test0_0.mtx 2.5 985.817 0.000952289 0.0124691 
/home/antonkov/masterWork/tests/samePrefixMarkedMtx/depth4/node6/test0_0.mtx 2.6 1440.82 0.000529386 0.00735294 
/home/antonkov/masterWork/tests/samePrefixMarkedMtx/depth4/node6/test0_0.mtx 2.7 2359.65 0.000276688 0.00392157 
/home/antonkov/masterWork/tests/samePrefixMarkedMtx/depth4/node6/test0_0.mtx 2.8 3875.3 0.000150016 0.00208768 
/home/antonkov/masterWork/tests/samePrefixMarkedMtx/depth4/node6/test0_0.mtx 2.9 5317.05 8.30904e-05 0.00137174 
/home/antonkov/masterWork/tests/samePrefixMarkedMtx/depth4/node6/test0_0.mtx 3 7598.01 5.90577e-05 0.000862069 
/home/antonkov/masterWork/tests/samePrefixMarkedMtx/depth4/node6/test0_0.mtx 3.1 0 -1 -1 
/home/antonkov/masterWork/tests/samePrefixMarkedMtx/depth4/node6/test0_0.mtx 3.2 0 -1 -1 
/home/antonkov/masterWork/tests/samePrefixMarkedMtx/depth4/node6/test0_0.mtx 3.3 0 -1 -1 
/home/antonkov/masterWork/tests/samePrefixMarkedMtx/depth4/node6/test0_0.mtx 3.4 0 -1 -1 
/home/antonkov/masterWork/tests/samePrefixMarkedMtx/depth4/node6/test0_0.mtx 3.5 0 -1 -1 
/home/antonkov/masterWork/tests/samePrefixMarkedMtx/depth4/node6/test0_1.mtx 1 121.413 0.0845486 0.83 
/home/antonkov/masterWork/tests/samePrefixMarkedMtx/depth4/node6/test0_1.mtx 1.1 122.728 0.0757726 0.775 
/home/antonkov/masterWork/tests/samePrefixMarkedMtx/depth4/node6/test0_1.mtx 1.2 110.883 0.0651649 0.675 
/home/antonkov/masterWork/tests/samePrefixMarkedMtx/depth4/node6/test0_1.mtx 1.3 99.4796 0.0521875 0.55 
/home/antonkov/masterWork/tests/samePrefixMarkedMtx/depth4/node6/test0_1.mtx 1.4 131.626 0.040897 0.453333 
/home/antonkov/masterWork/tests/samePrefixMarkedMtx/depth4/node6/test0_1.mtx 1.5 119.239 0.0335706 0.36 
/home/antonkov/masterWork/tests/samePrefixMarkedMtx/depth4/node6/test0_1.mtx 1.6 143.51 0.0275304 0.3025 
/home/antonkov/masterWork/tests/samePrefixMarkedMtx/depth4/node6/test0_1.mtx 1.7 124.677 0.0224089 0.2625 
/home/antonkov/masterWork/tests/samePrefixMarkedMtx/depth4/node6/test0_1.mtx 1.8 147.336 0.0164201 0.204 
/home/antonkov/masterWork/tests/samePrefixMarkedMtx/depth4/node6/test0_1.mtx 1.9 171.517 0.0118428 0.144286 
/home/antonkov/masterWork/tests/samePrefixMarkedMtx/depth4/node6/test0_1.mtx 2 233.749 0.00787405 0.0945455 
/home/antonkov/masterWork/tests/samePrefixMarkedMtx/depth4/node6/test0_1.mtx 2.1 302.807 0.00488607 0.0625 
/home/antonkov/masterWork/tests/samePrefixMarkedMtx/depth4/node6/test0_1.mtx 2.2 428.138 0.0031023 0.0403846 
/home/antonkov/masterWork/tests/samePrefixMarkedMtx/depth4/node6/test0_1.mtx 2.3 519.375 0.00231413 0.0294118 
/home/antonkov/masterWork/tests/samePrefixMarkedMtx/depth4/node6/test0_1.mtx 2.4 663.469 0.00154405 0.0210417 
/home/antonkov/masterWork/tests/samePrefixMarkedMtx/depth4/node6/test0_1.mtx 2.5 908.375 0.00104335 0.0138889 
/home/antonkov/masterWork/tests/samePrefixMarkedMtx/depth4/node6/test0_1.mtx 2.6 1285.99 0.000619716 0.00869565 
/home/antonkov/masterWork/tests/samePrefixMarkedMtx/depth4/node6/test0_1.mtx 2.7 2121.63 0.000314641 0.00444934 
/home/antonkov/masterWork/tests/samePrefixMarkedMtx/depth4/node6/test0_1.mtx 2.8 3618.4 0.000158752 0.00221729 
/home/antonkov/masterWork/tests/samePrefixMarkedMtx/depth4/node6/test0_1.mtx 2.9 6314.76 7.52574e-05 0.00111982 
/home/antonkov/masterWork/tests/samePrefixMarkedMtx/depth4/node6/test0_1.mtx 3 10625.7 3.67405e-05 0.00059312 
/home/antonkov/masterWork/tests/samePrefixMarkedMtx/depth4/node6/test0_1.mtx 3.1 0 -1 -1 
/home/antonkov/masterWork/tests/samePrefixMarkedMtx/depth4/node6/test0_1.mtx 3.2 0 -1 -1 
/home/antonkov/masterWork/tests/samePrefixMarkedMtx/depth4/node6/test0_1.mtx 3.3 0 -1 -1 
/home/antonkov/masterWork/tests/samePrefixMarkedMtx/depth4/node6/test0_1.mtx 3.4 0 -1 -1 
/home/antonkov/masterWork/tests/samePrefixMarkedMtx/depth4/node6/test0_1.mtx 3.5 0 -1 -1 
/home/antonkov/masterWork/tests/samePrefixMarkedMtx/depth4/node6/test0_2.mtx 1 124.181 0.0851736 0.82 
/home/antonkov/masterWork/tests/samePrefixMarkedMtx/depth4/node6/test0_2.mtx 1.1 114.829 0.0779427 0.78 
/home/antonkov/masterWork/tests/samePrefixMarkedMtx/depth4/node6/test0_2.mtx 1.2 103.431 0.0663715 0.68 
/home/antonkov/masterWork/tests/samePrefixMarkedMtx/depth4/node6/test0_2.mtx 1.3 102.942 0.0573785 0.6 
/home/antonkov/masterWork/tests/samePrefixMarkedMtx/depth4/node6/test0_2.mtx 1.4 94.5951 0.0507292 0.53 
/home/antonkov/masterWork/tests/samePrefixMarkedMtx/depth4/node6/test0_2.mtx 1.5 123.484 0.0398611 0.443333 
/home/antonkov/masterWork/tests/samePrefixMarkedMtx/depth4/node6/test0_2.mtx 1.6 113.846 0.0298148 0.343333 
/home/antonkov/masterWork/tests/samePrefixMarkedMtx/depth4/node6/test0_2.mtx 1.7 127.876 0.0236979 0.275 
/home/antonkov/masterWork/tests/samePrefixMarkedMtx/depth4/node6/test0_2.mtx 1.8 145.716 0.0174583 0.212 
/home/antonkov/masterWork/tests/samePrefixMarkedMtx/depth4/node6/test0_2.mtx 1.9 172.209 0.0123537 0.15 
/home/antonkov/masterWork/tests/samePrefixMarkedMtx/depth4/node6/test0_2.mtx 2 219.236 0.00841146 0.106 
/home/antonkov/masterWork/tests/samePrefixMarkedMtx/depth4/node6/test0_2.mtx 2.1 269.864 0.00581969 0.0728571 
/home/antonkov/masterWork/tests/samePrefixMarkedMtx/depth4/node6/test0_2.mtx 2.2 391.143 0.00363376 0.0443478 
/home/antonkov/masterWork/tests/samePrefixMarkedMtx/depth4/node6/test0_2.mtx 2.3 508.862 0.00245762 0.03 
/home/antonkov/masterWork/tests/samePrefixMarkedMtx/depth4/node6/test0_2.mtx 2.4 708.92 0.00144195 0.0188679 
/home/antonkov/masterWork/tests/samePrefixMarkedMtx/depth4/node6/test0_2.mtx 2.5 1046.22 0.000870251 0.0114943 
/home/antonkov/masterWork/tests/samePrefixMarkedMtx/depth4/node6/test0_2.mtx 2.6 1432.01 0.000543853 0.00748148 
/home/antonkov/masterWork/tests/samePrefixMarkedMtx/depth4/node6/test0_2.mtx 2.7 2437.46 0.000246849 0.0037037 
/home/antonkov/masterWork/tests/samePrefixMarkedMtx/depth4/node6/test0_2.mtx 2.8 4082 0.000129251 0.00193424 
/home/antonkov/masterWork/tests/samePrefixMarkedMtx/depth4/node6/test0_2.mtx 2.9 6129.39 7.34828e-05 0.00114025 
/home/antonkov/masterWork/tests/samePrefixMarkedMtx/depth4/node6/test0_2.mtx 3 9476.27 3.88301e-05 0.000660939 
/home/antonkov/masterWork/tests/samePrefixMarkedMtx/depth4/node6/test0_2.mtx 3.1 0 -1 -1 
/home/antonkov/masterWork/tests/samePrefixMarkedMtx/depth4/node6/test0_2.mtx 3.2 0 -1 -1 
/home/antonkov/masterWork/tests/samePrefixMarkedMtx/depth4/node6/test0_2.mtx 3.3 0 -1 -1 
/home/antonkov/masterWork/tests/samePrefixMarkedMtx/depth4/node6/test0_2.mtx 3.4 0 -1 -1 
/home/antonkov/masterWork/tests/samePrefixMarkedMtx/depth4/node6/test0_2.mtx 3.5 0 -1 -1 
/home/antonkov/masterWork/tests/samePrefixMarkedMtx/depth4/node6/test0_3.mtx 1 123.153 0.085625 0.865 
/home/antonkov/masterWork/tests/samePrefixMarkedMtx/depth4/node6/test0_3.mtx 1.1 116.412 0.073533 0.775 
/home/antonkov/masterWork/tests/samePrefixMarkedMtx/depth4/node6/test0_3.mtx 1.2 109.666 0.0642274 0.71 
/home/antonkov/masterWork/tests/samePrefixMarkedMtx/depth4/node6/test0_3.mtx 1.3 99.9297 0.0533941 0.595 
/home/antonkov/masterWork/tests/samePrefixMarkedMtx/depth4/node6/test0_3.mtx 1.4 132.695 0.0437384 0.493333 
/home/antonkov/masterWork/tests/samePrefixMarkedMtx/depth4/node6/test0_3.mtx 1.5 123.299 0.0341956 0.393333 
/home/antonkov/masterWork/tests/samePrefixMarkedMtx/depth4/node6/test0_3.mtx 1.6 137.509 0.0245399 0.2875 
/home/antonkov/masterWork/tests/samePrefixMarkedMtx/depth4/node6/test0_3.mtx 1.7 144.995 0.0182396 0.216 
/home/antonkov/masterWork/tests/samePrefixMarkedMtx/depth4/node6/test0_3.mtx 1.8 165.754 0.0156944 0.186667 
/home/antonkov/masterWork/tests/samePrefixMarkedMtx/depth4/node6/test0_3.mtx 1.9 175.673 0.0121751 0.147143 
/home/antonkov/masterWork/tests/samePrefixMarkedMtx/depth4/node6/test0_3.mtx 2 223.715 0.00883854 0.108 
/home/antonkov/masterWork/tests/samePrefixMarkedMtx/depth4/node6/test0_3.mtx 2.1 286.286 0.00559838 0.068 
/home/antonkov/masterWork/tests/samePrefixMarkedMtx/depth4/node6/test0_3.mtx 2.2 362.008 0.00364831 0.0490476 
/home/antonkov/masterWork/tests/samePrefixMarkedMtx/depth4/node6/test0_3.mtx 2.3 489.978 0.00228787 0.03125 
/home/antonkov/masterWork/tests/samePrefixMarkedMtx/depth4/node6/test0_3.mtx 2.4 645.646 0.00151079 0.0214894 
/home/antonkov/masterWork/tests/samePrefixMarkedMtx/depth4/node6/test0_3.mtx 2.5 980.583 0.000886285 0.012625 
/home/antonkov/masterWork/tests/samePrefixMarkedMtx/depth4/node6/test0_3.mtx 2.6 1681.55 0.000408426 0.00632911 
/home/antonkov/masterWork/tests/samePrefixMarkedMtx/depth4/node6/test0_3.mtx 2.7 2537.36 0.000226127 0.00355872 
/home/antonkov/masterWork/tests/samePrefixMarkedMtx/depth4/node6/test0_3.mtx 2.8 3587.08 0.000151351 0.00225734 
/home/antonkov/masterWork/tests/samePrefixMarkedMtx/depth4/node6/test0_3.mtx 2.9 5859.82 7.31284e-05 0.00121951 
/home/antonkov/masterWork/tests/samePrefixMarkedMtx/depth4/node6/test0_3.mtx 3 9209.25 4.52375e-05 0.000693001 
/home/antonkov/masterWork/tests/samePrefixMarkedMtx/depth4/node6/test0_3.mtx 3.1 0 -1 -1 
/home/antonkov/masterWork/tests/samePrefixMarkedMtx/depth4/node6/test0_3.mtx 3.2 0 -1 -1 
/home/antonkov/masterWork/tests/samePrefixMarkedMtx/depth4/node6/test0_3.mtx 3.3 0 -1 -1 
/home/antonkov/masterWork/tests/samePrefixMarkedMtx/depth4/node6/test0_3.mtx 3.4 0 -1 -1 
/home/antonkov/masterWork/tests/samePrefixMarkedMtx/depth4/node6/test0_3.mtx 3.5 0 -1 -1 
/home/antonkov/masterWork/tests/samePrefixMarkedMtx/depth4/node6/test0_4.mtx 1 119.011 0.0796094 0.795 
/home/antonkov/masterWork/tests/samePrefixMarkedMtx/depth4/node6/test0_4.mtx 1.1 112.25 0.0713021 0.715 
/home/antonkov/masterWork/tests/samePrefixMarkedMtx/depth4/node6/test0_4.mtx 1.2 106.434 0.0622135 0.64 
/home/antonkov/masterWork/tests/samePrefixMarkedMtx/depth4/node6/test0_4.mtx 1.3 99.5872 0.0538021 0.56 
/home/antonkov/masterWork/tests/samePrefixMarkedMtx/depth4/node6/test0_4.mtx 1.4 96.3103 0.0470399 0.5 
/home/antonkov/masterWork/tests/samePrefixMarkedMtx/depth4/node6/test0_4.mtx 1.5 117.216 0.035978 0.403333 
/home/antonkov/masterWork/tests/samePrefixMarkedMtx/depth4/node6/test0_4.mtx 1.6 143.346 0.0269054 0.32 
/home/antonkov/masterWork/tests/samePrefixMarkedMtx/depth4/node6/test0_4.mtx 1.7 134.314 0.0217231 0.2575 
/home/antonkov/masterWork/tests/samePrefixMarkedMtx/depth4/node6/test0_4.mtx 1.8 166.643 0.0163484 0.196667 
/home/antonkov/masterWork/tests/samePrefixMarkedMtx/depth4/node6/test0_4.mtx 1.9 179.284 0.0123537 0.152857 
/home/antonkov/masterWork/tests/samePrefixMarkedMtx/depth4/node6/test0_4.mtx 2 193.561 0.0094946 0.114444 
/home/antonkov/masterWork/tests/samePrefixMarkedMtx/depth4/node6/test0_4.mtx 2.1 256.415 0.00605502 0.0769231 
/home/antonkov/masterWork/tests/samePrefixMarkedMtx/depth4/node6/test0_4.mtx 2.2 388.386 0.00364659 0.0452174 
/home/antonkov/masterWork/tests/samePrefixMarkedMtx/depth4/node6/test0_4.mtx 2.3 560.532 0.00204193 0.0264103 
/home/antonkov/masterWork/tests/samePrefixMarkedMtx/depth4/node6/test0_4.mtx 2.4 820.563 0.00118304 0.0161905 
/home/antonkov/masterWork/tests/samePrefixMarkedMtx/depth4/node6/test0_4.mtx 2.5 1150.9 0.000692691 0.010202 
/home/antonkov/masterWork/tests/samePrefixMarkedMtx/depth4/node6/test0_4.mtx 2.6 1749.48 0.000396627 0.00571429 
/home/antonkov/masterWork/tests/samePrefixMarkedMtx/depth4/node6/test0_4.mtx 2.7 2771.02 0.000211959 0.00316456 
/home/antonkov/masterWork/tests/samePrefixMarkedMtx/depth4/node6/test0_4.mtx 2.8 4181.13 0.000126149 0.00184843 
/home/antonkov/masterWork/tests/samePrefixMarkedMtx/depth4/node6/test0_4.mtx 2.9 6539.28 6.82628e-05 0.00104712 
/home/antonkov/masterWork/tests/samePrefixMarkedMtx/depth4/node6/test0_4.mtx 3 9282.69 4.04783e-05 0.000669792 
/home/antonkov/masterWork/tests/samePrefixMarkedMtx/depth4/node6/test0_4.mtx 3.1 0 -1 -1 
/home/antonkov/masterWork/tests/samePrefixMarkedMtx/depth4/node6/test0_4.mtx 3.2 0 -1 -1 
/home/antonkov/masterWork/tests/samePrefixMarkedMtx/depth4/node6/test0_4.mtx 3.3 0 -1 -1 
/home/antonkov/masterWork/tests/samePrefixMarkedMtx/depth4/node6/test0_4.mtx 3.4 0 -1 -1 
/home/antonkov/masterWork/tests/samePrefixMarkedMtx/depth4/node6/test0_4.mtx 3.5 0 -1 -1 
/home/antonkov/masterWork/tests/samePrefixMarkedMtx/depth4/node6/test1_0.mtx 1 121.704 0.0846615 0.84 
/home/antonkov/masterWork/tests/samePrefixMarkedMtx/depth4/node6/test1_0.mtx 1.1 119.183 0.0775174 0.79 
/home/antonkov/masterWork/tests/samePrefixMarkedMtx/depth4/node6/test1_0.mtx 1.2 114.369 0.0686719 0.72 
/home/antonkov/masterWork/tests/samePrefixMarkedMtx/depth4/node6/test1_0.mtx 1.3 105.817 0.0591667 0.64 
/home/antonkov/masterWork/tests/samePrefixMarkedMtx/depth4/node6/test1_0.mtx 1.4 132.844 0.0468113 0.523333 
/home/antonkov/masterWork/tests/samePrefixMarkedMtx/depth4/node6/test1_0.mtx 1.5 124.013 0.0364873 0.406667 
/home/antonkov/masterWork/tests/samePrefixMarkedMtx/depth4/node6/test1_0.mtx 1.6 115.217 0.0290625 0.346667 
/home/antonkov/masterWork/tests/samePrefixMarkedMtx/depth4/node6/test1_0.mtx 1.7 128.944 0.0207075 0.2525 
/home/antonkov/masterWork/tests/samePrefixMarkedMtx/depth4/node6/test1_0.mtx 1.8 167.023 0.015952 0.196667 
/home/antonkov/masterWork/tests/samePrefixMarkedMtx/depth4/node6/test1_0.mtx 1.9 174.703 0.0113219 0.144286 
/home/antonkov/masterWork/tests/samePrefixMarkedMtx/depth4/node6/test1_0.mtx 2 217.982 0.00755556 0.1 
/home/antonkov/masterWork/tests/samePrefixMarkedMtx/depth4/node6/test1_0.mtx 2.1 299.714 0.00465495 0.063125 
/home/antonkov/masterWork/tests/samePrefixMarkedMtx/depth4/node6/test1_0.mtx 2.2 451.236 0.00266268 0.037037 
/home/antonkov/masterWork/tests/samePrefixMarkedMtx/depth4/node6/test1_0.mtx 2.3 592.932 0.00183054 0.024878 
/home/antonkov/masterWork/tests/samePrefixMarkedMtx/depth4/node6/test1_0.mtx 2.4 790.179 0.00124402 0.0168852 
/home/antonkov/masterWork/tests/samePrefixMarkedMtx/depth4/node6/test1_0.mtx 2.5 1179.06 0.000690605 0.00980769 
/home/antonkov/masterWork/tests/samePrefixMarkedMtx/depth4/node6/test1_0.mtx 2.6 1571.51 0.00045241 0.00653595 
/home/antonkov/masterWork/tests/samePrefixMarkedMtx/depth4/node6/test1_0.mtx 2.7 2846.7 0.000220734 0.00310559 
/home/antonkov/masterWork/tests/samePrefixMarkedMtx/depth4/node6/test1_0.mtx 2.8 3856.67 0.000132348 0.00203666 
/home/antonkov/masterWork/tests/samePrefixMarkedMtx/depth4/node6/test1_0.mtx 2.9 6753.73 7.19195e-05 0.00102564 
/home/antonkov/masterWork/tests/samePrefixMarkedMtx/depth4/node6/test1_0.mtx 3 12148.2 3.1151e-05 0.000509165 
/home/antonkov/masterWork/tests/samePrefixMarkedMtx/depth4/node6/test1_0.mtx 3.1 0 -1 -1 
/home/antonkov/masterWork/tests/samePrefixMarkedMtx/depth4/node6/test1_0.mtx 3.2 0 -1 -1 
/home/antonkov/masterWork/tests/samePrefixMarkedMtx/depth4/node6/test1_0.mtx 3.3 0 -1 -1 
/home/antonkov/masterWork/tests/samePrefixMarkedMtx/depth4/node6/test1_0.mtx 3.4 0 -1 -1 
/home/antonkov/masterWork/tests/samePrefixMarkedMtx/depth4/node6/test1_0.mtx 3.5 0 -1 -1 
/home/antonkov/masterWork/tests/samePrefixMarkedMtx/depth4/node6/test1_1.mtx 1 123.563 0.0841493 0.815 
/home/antonkov/masterWork/tests/samePrefixMarkedMtx/depth4/node6/test1_1.mtx 1.1 119.843 0.0750955 0.765 
/home/antonkov/masterWork/tests/samePrefixMarkedMtx/depth4/node6/test1_1.mtx 1.2 109.285 0.0643663 0.68 
/home/antonkov/masterWork/tests/samePrefixMarkedMtx/depth4/node6/test1_1.mtx 1.3 101.501 0.0533333 0.58 
/home/antonkov/masterWork/tests/samePrefixMarkedMtx/depth4/node6/test1_1.mtx 1.4 128.152 0.044103 0.476667 
/home/antonkov/masterWork/tests/samePrefixMarkedMtx/depth4/node6/test1_1.mtx 1.5 122.262 0.0380324 0.436667 
/home/antonkov/masterWork/tests/samePrefixMarkedMtx/depth4/node6/test1_1.mtx 1.6 118.279 0.0303646 0.346667 
/home/antonkov/masterWork/tests/samePrefixMarkedMtx/depth4/node6/test1_1.mtx 1.7 132.866 0.0217491 0.2575 
/home/antonkov/masterWork/tests/samePrefixMarkedMtx/depth4/node6/test1_1.mtx 1.8 167.315 0.0156221 0.18 
/home/antonkov/masterWork/tests/samePrefixMarkedMtx/depth4/node6/test1_1.mtx 1.9 195.874 0.0106966 0.12875 
/home/antonkov/masterWork/tests/samePrefixMarkedMtx/depth4/node6/test1_1.mtx 2 220.504 0.00852083 0.104 
/home/antonkov/masterWork/tests/samePrefixMarkedMtx/depth4/node6/test1_1.mtx 2.1 268.502 0.0060181 0.0721429 
/home/antonkov/masterWork/tests/samePrefixMarkedMtx/depth4/node6/test1_1.mtx 2.2 349.764 0.00387413 0.05 
/home/antonkov/masterWork/tests/samePrefixMarkedMtx/depth4/node6/test1_1.mtx 2.3 514.358 0.0022018 0.0297059 
/home/antonkov/masterWork/tests/samePrefixMarkedMtx/depth4/node6/test1_1.mtx 2.4 751.381 0.00125248 0.0178571 
/home/antonkov/masterWork/tests/samePrefixMarkedMtx/depth4/node6/test1_1.mtx 2.5 1122.37 0.000767029 0.0107447 
/home/antonkov/masterWork/tests/samePrefixMarkedMtx/depth4/node6/test1_1.mtx 2.6 1706.99 0.000402452 0.0063125 
/home/antonkov/masterWork/tests/samePrefixMarkedMtx/depth4/node6/test1_1.mtx 2.7 2245.11 0.000275913 0.00413223 
/home/antonkov/masterWork/tests/samePrefixMarkedMtx/depth4/node6/test1_1.mtx 2.8 3951.66 0.000139702 0.00203666 
/home/antonkov/masterWork/tests/samePrefixMarkedMtx/depth4/node6/test1_1.mtx 2.9 6226.25 7.27839e-05 0.00112486 
/home/antonkov/masterWork/tests/samePrefixMarkedMtx/depth4/node6/test1_1.mtx 3 10748.8 3.76208e-05 0.000585823 
/home/antonkov/masterWork/tests/samePrefixMarkedMtx/depth4/node6/test1_1.mtx 3.1 0 -1 -1 
/home/antonkov/masterWork/tests/samePrefixMarkedMtx/depth4/node6/test1_1.mtx 3.2 0 -1 -1 
/home/antonkov/masterWork/tests/samePrefixMarkedMtx/depth4/node6/test1_1.mtx 3.3 0 -1 -1 
/home/antonkov/masterWork/tests/samePrefixMarkedMtx/depth4/node6/test1_1.mtx 3.4 0 -1 -1 
/home/antonkov/masterWork/tests/samePrefixMarkedMtx/depth4/node6/test1_1.mtx 3.5 0 -1 -1 
/home/antonkov/masterWork/tests/samePrefixMarkedMtx/depth4/node6/test1_2.mtx 1 124.051 0.081875 0.805 
/home/antonkov/masterWork/tests/samePrefixMarkedMtx/depth4/node6/test1_2.mtx 1.1 113.982 0.0726476 0.735 
/home/antonkov/masterWork/tests/samePrefixMarkedMtx/depth4/node6/test1_2.mtx 1.2 107.758 0.0673351 0.7 
/home/antonkov/masterWork/tests/samePrefixMarkedMtx/depth4/node6/test1_2.mtx 1.3 102.547 0.0567535 0.605 
/home/antonkov/masterWork/tests/samePrefixMarkedMtx/depth4/node6/test1_2.mtx 1.4 129.166 0.044375 0.483333 
/home/antonkov/masterWork/tests/samePrefixMarkedMtx/depth4/node6/test1_2.mtx 1.5 120.963 0.0363484 0.4 
/home/antonkov/masterWork/tests/samePrefixMarkedMtx/depth4/node6/test1_2.mtx 1.6 142.067 0.0271658 0.32 
/home/antonkov/masterWork/tests/samePrefixMarkedMtx/depth4/node6/test1_2.mtx 1.7 151.508 0.0193785 0.23 
/home/antonkov/masterWork/tests/samePrefixMarkedMtx/depth4/node6/test1_2.mtx 1.8 165.313 0.0149769 0.175 
/home/antonkov/masterWork/tests/samePrefixMarkedMtx/depth4/node6/test1_2.mtx 1.9 190.705 0.01102 0.13625 
/home/antonkov/masterWork/tests/samePrefixMarkedMtx/depth4/node6/test1_2.mtx 2 230.618 0.00776042 0.0981818 
/home/antonkov/masterWork/tests/samePrefixMarkedMtx/depth4/node6/test1_2.mtx 2.1 286.318 0.00542708 0.0693333 
/home/antonkov/masterWork/tests/samePrefixMarkedMtx/depth4/node6/test1_2.mtx 2.2 346.344 0.0037283 0.0515 
/home/antonkov/masterWork/tests/samePrefixMarkedMtx/depth4/node6/test1_2.mtx 2.3 469.322 0.00259664 0.0333333 
/home/antonkov/masterWork/tests/samePrefixMarkedMtx/depth4/node6/test1_2.mtx 2.4 740.326 0.001381 0.0185455 
/home/antonkov/masterWork/tests/samePrefixMarkedMtx/depth4/node6/test1_2.mtx 2.5 891.596 0.000936073 0.0136986 
/home/antonkov/masterWork/tests/samePrefixMarkedMtx/depth4/node6/test1_2.mtx 2.6 1325.76 0.00055485 0.00813008 
/home/antonkov/masterWork/tests/samePrefixMarkedMtx/depth4/node6/test1_2.mtx 2.7 2266.33 0.000289281 0.00406504 
/home/antonkov/masterWork/tests/samePrefixMarkedMtx/depth4/node6/test1_2.mtx 2.8 3692.17 0.000142467 0.0021692 
/home/antonkov/masterWork/tests/samePrefixMarkedMtx/depth4/node6/test1_2.mtx 2.9 6270.66 7.36111e-05 0.00111111 
/home/antonkov/masterWork/tests/samePrefixMarkedMtx/depth4/node6/test1_2.mtx 3 9735.58 4.03679e-05 0.000642674 
/home/antonkov/masterWork/tests/samePrefixMarkedMtx/depth4/node6/test1_2.mtx 3.1 0 -1 -1 
/home/antonkov/masterWork/tests/samePrefixMarkedMtx/depth4/node6/test1_2.mtx 3.2 0 -1 -1 
/home/antonkov/masterWork/tests/samePrefixMarkedMtx/depth4/node6/test1_2.mtx 3.3 0 -1 -1 
/home/antonkov/masterWork/tests/samePrefixMarkedMtx/depth4/node6/test1_2.mtx 3.4 0 -1 -1 
/home/antonkov/masterWork/tests/samePrefixMarkedMtx/depth4/node6/test1_2.mtx 3.5 0 -1 -1 
/home/antonkov/masterWork/tests/samePrefixMarkedMtx/depth4/node6/test1_3.mtx 1 119.506 0.0811719 0.79 
/home/antonkov/masterWork/tests/samePrefixMarkedMtx/depth4/node6/test1_3.mtx 1.1 111.926 0.0704688 0.71 
/home/antonkov/masterWork/tests/samePrefixMarkedMtx/depth4/node6/test1_3.mtx 1.2 103.433 0.0609635 0.635 
/home/antonkov/masterWork/tests/samePrefixMarkedMtx/depth4/node6/test1_3.mtx 1.3 102.026 0.0524132 0.555 
/home/antonkov/masterWork/tests/samePrefixMarkedMtx/depth4/node6/test1_3.mtx 1.4 130.813 0.044485 0.49 
/home/antonkov/masterWork/tests/samePrefixMarkedMtx/depth4/node6/test1_3.mtx 1.5 121.235 0.0354803 0.393333 
/home/antonkov/masterWork/tests/samePrefixMarkedMtx/depth4/node6/test1_3.mtx 1.6 111.994 0.0277488 0.34 
/home/antonkov/masterWork/tests/samePrefixMarkedMtx/depth4/node6/test1_3.mtx 1.7 131.492 0.0224696 0.2625 
/home/antonkov/masterWork/tests/samePrefixMarkedMtx/depth4/node6/test1_3.mtx 1.8 167.542 0.0170515 0.191667 
/home/antonkov/masterWork/tests/samePrefixMarkedMtx/depth4/node6/test1_3.mtx 1.9 172.84 0.0119568 0.147143 
/home/antonkov/masterWork/tests/samePrefixMarkedMtx/depth4/node6/test1_3.mtx 2 193.09 0.00901427 0.112222 
/home/antonkov/masterWork/tests/samePrefixMarkedMtx/depth4/node6/test1_3.mtx 2.1 260.712 0.00629274 0.0815385 
/home/antonkov/masterWork/tests/samePrefixMarkedMtx/depth4/node6/test1_3.mtx 2.2 351.614 0.00381076 0.0505 
/home/antonkov/masterWork/tests/samePrefixMarkedMtx/depth4/node6/test1_3.mtx 2.3 508.627 0.00232079 0.0325806 
/home/antonkov/masterWork/tests/samePrefixMarkedMtx/depth4/node6/test1_3.mtx 2.4 620.577 0.00151594 0.0227273 
/home/antonkov/masterWork/tests/samePrefixMarkedMtx/depth4/node6/test1_3.mtx 2.5 971.36 0.000907674 0.0130769 
/home/antonkov/masterWork/tests/samePrefixMarkedMtx/depth4/node6/test1_3.mtx 2.6 1371.81 0.000521384 0.00793651 
/home/antonkov/masterWork/tests/samePrefixMarkedMtx/depth4/node6/test1_3.mtx 2.7 2446.9 0.00024511 0.00385496 
/home/antonkov/masterWork/tests/samePrefixMarkedMtx/depth4/node6/test1_3.mtx 2.8 3540.46 0.000146747 0.00233256 
/home/antonkov/masterWork/tests/samePrefixMarkedMtx/depth4/node6/test1_3.mtx 2.9 5062.79 8.24342e-05 0.00143062 
/home/antonkov/masterWork/tests/samePrefixMarkedMtx/depth4/node6/test1_3.mtx 3 8802.56 4.19793e-05 0.000732064 
/home/antonkov/masterWork/tests/samePrefixMarkedMtx/depth4/node6/test1_3.mtx 3.1 0 -1 -1 
/home/antonkov/masterWork/tests/samePrefixMarkedMtx/depth4/node6/test1_3.mtx 3.2 0 -1 -1 
/home/antonkov/masterWork/tests/samePrefixMarkedMtx/depth4/node6/test1_3.mtx 3.3 0 -1 -1 
/home/antonkov/masterWork/tests/samePrefixMarkedMtx/depth4/node6/test1_3.mtx 3.4 0 -1 -1 
/home/antonkov/masterWork/tests/samePrefixMarkedMtx/depth4/node6/test1_3.mtx 3.5 0 -1 -1 
/home/antonkov/masterWork/tests/samePrefixMarkedMtx/depth4/node6/test1_4.mtx 1 120.506 0.0840625 0.825 
/home/antonkov/masterWork/tests/samePrefixMarkedMtx/depth4/node6/test1_4.mtx 1.1 117.45 0.074158 0.74 
/home/antonkov/masterWork/tests/samePrefixMarkedMtx/depth4/node6/test1_4.mtx 1.2 107.87 0.0640104 0.655 
/home/antonkov/masterWork/tests/samePrefixMarkedMtx/depth4/node6/test1_4.mtx 1.3 103.766 0.0535851 0.56 
/home/antonkov/masterWork/tests/samePrefixMarkedMtx/depth4/node6/test1_4.mtx 1.4 130.398 0.0446123 0.486667 
/home/antonkov/masterWork/tests/samePrefixMarkedMtx/depth4/node6/test1_4.mtx 1.5 122.133 0.0365451 0.4 
/home/antonkov/masterWork/tests/samePrefixMarkedMtx/depth4/node6/test1_4.mtx 1.6 139.961 0.0278776 0.315 
/home/antonkov/masterWork/tests/samePrefixMarkedMtx/depth4/node6/test1_4.mtx 1.7 151.51 0.0220903 0.256 
/home/antonkov/masterWork/tests/samePrefixMarkedMtx/depth4/node6/test1_4.mtx 1.8 166.873 0.0165191 0.195 
/home/antonkov/masterWork/tests/samePrefixMarkedMtx/depth4/node6/test1_4.mtx 1.9 196.065 0.0116645 0.1375 
/home/antonkov/masterWork/tests/samePrefixMarkedMtx/depth4/node6/test1_4.mtx 2 212.315 0.00824306 0.101 
/home/antonkov/masterWork/tests/samePrefixMarkedMtx/depth4/node6/test1_4.mtx 2.1 264.932 0.00600818 0.0728571 
/home/antonkov/masterWork/tests/samePrefixMarkedMtx/depth4/node6/test1_4.mtx 2.2 358.204 0.00400132 0.0495238 
/home/antonkov/masterWork/tests/samePrefixMarkedMtx/depth4/node6/test1_4.mtx 2.3 473.551 0.00263542 0.0336667 
/home/antonkov/masterWork/tests/samePrefixMarkedMtx/depth4/node6/test1_4.mtx 2.4 740.409 0.00131345 0.0181818 
/home/antonkov/masterWork/tests/samePrefixMarkedMtx/depth4/node6/test1_4.mtx 2.5 1134.98 0.000739727 0.0103093 
/home/antonkov/masterWork/tests/samePrefixMarkedMtx/depth4/node6/test1_4.mtx 2.6 1692.08 0.000432016 0.00609756 
/home/antonkov/masterWork/tests/samePrefixMarkedMtx/depth4/node6/test1_4.mtx 2.7 2608.79 0.000239013 0.00342466 
/home/antonkov/masterWork/tests/samePrefixMarkedMtx/depth4/node6/test1_4.mtx 2.8 3669.99 0.000148246 0.0021645 
/home/antonkov/masterWork/tests/samePrefixMarkedMtx/depth4/node6/test1_4.mtx 2.9 6648.25 7.00098e-05 0.00105042 
/home/antonkov/masterWork/tests/samePrefixMarkedMtx/depth4/node6/test1_4.mtx 3 10230 3.80143e-05 0.000617665 
/home/antonkov/masterWork/tests/samePrefixMarkedMtx/depth4/node6/test1_4.mtx 3.1 0 -1 -1 
/home/antonkov/masterWork/tests/samePrefixMarkedMtx/depth4/node6/test1_4.mtx 3.2 0 -1 -1 
/home/antonkov/masterWork/tests/samePrefixMarkedMtx/depth4/node6/test1_4.mtx 3.3 0 -1 -1 
/home/antonkov/masterWork/tests/samePrefixMarkedMtx/depth4/node6/test1_4.mtx 3.4 0 -1 -1 
/home/antonkov/masterWork/tests/samePrefixMarkedMtx/depth4/node6/test1_4.mtx 3.5 0 -1 -1 
