Results
Filename SNR Time(ms) BER FER
../tests/g3_2304/bot10_0.mtx 1 15070.3 0.0586523 0.82 
../tests/g3_2304/bot10_0.mtx 1.1 15009.7 0.0467708 0.68 
../tests/g3_2304/bot10_0.mtx 1.2 14965.9 0.0369444 0.58 
../tests/g3_2304/bot10_0.mtx 1.3 15028.9 0.0237616 0.433333 
../tests/g3_2304/bot10_0.mtx 1.4 15192.3 0.012178 0.236 
../tests/g3_2304/bot10_0.mtx 1.5 15299.8 0.00606608 0.12875 
../tests/g3_2304/bot10_0.mtx 1.6 15637.2 0.0031467 0.068 
../tests/g3_2304/bot10_0.mtx 1.7 16277.9 0.00130534 0.0360714 
../tests/g3_2304/bot10_0.mtx 1.8 17517.4 0.000577409 0.0175439 
../tests/g3_2304/bot10_0.mtx 1.9 19298.4 0.000278779 0.00971154 
../tests/g3_2304/bot10_0.mtx 2 23918.5 9.22035e-05 0.00420168 
../tests/g3_2304/bot10_0.mtx 2.1 29196.3 4.06654e-05 0.00239808 
../tests/g3_2304/bot10_0.mtx 2.2 34730.8 1.72713e-05 0.00159236 
../tests/g3_2304/bot10_0.mtx 2.3 37293.7 1.16176e-05 0.0013089 
../tests/g3_2304/bot10_0.mtx 2.4 40447.8 6.84892e-06 0.00106838 
../tests/g3_2304/bot10_0.mtx 2.5 44962.9 3.28374e-06 0.000856658 
../tests/g3_2304/bot10_0.mtx 2.6 0 -1 -1 
../tests/g3_2304/bot10_0.mtx 2.7 0 -1 -1 
../tests/g3_2304/bot10_0.mtx 2.8 0 -1 -1 
../tests/g3_2304/bot10_0.mtx 2.9 0 -1 -1 
../tests/g3_2304/bot10_0.mtx 3 0 -1 -1 
../tests/g3_2304/bot10_0.mtx 3.1 0 -1 -1 
../tests/g3_2304/bot10_0.mtx 3.2 0 -1 -1 
../tests/g3_2304/bot10_0.mtx 3.3 0 -1 -1 
../tests/g3_2304/bot10_0.mtx 3.4 0 -1 -1 
../tests/g3_2304/bot10_0.mtx 3.5 0 -1 -1 
../tests/g3_2304/bot10_0.mtx 3.6 0 -1 -1 
../tests/g3_2304/bot10_0.mtx 3.7 0 -1 -1 
../tests/g3_2304/bot10_0.mtx 3.8 0 -1 -1 
../tests/g3_2304/bot10_0.mtx 3.9 0 -1 -1 
../tests/g3_2304/bot10_0.mtx 4 0 -1 -1 
../tests/g3_2304/bot10_0.mtx 4.1 0 -1 -1 
../tests/g3_2304/bot10_0.mtx 4.2 0 -1 -1 
../tests/g3_2304/bot10_0.mtx 4.3 0 -1 -1 
../tests/g3_2304/bot10_0.mtx 4.4 0 -1 -1 
../tests/g3_2304/bot10_0.mtx 4.5 0 -1 -1 
../tests/g3_2304/bot10_0.mtx 4.6 0 -1 -1 
../tests/g3_2304/bot10_0.mtx 4.7 0 -1 -1 
../tests/g3_2304/bot10_0.mtx 4.8 0 -1 -1 
../tests/g3_2304/bot10_0.mtx 4.9 0 -1 -1 
../tests/g3_2304/bot10_0.mtx 5 0 -1 -1 
../tests/g3_2304/bot10_1.mtx 1 17700.3 0.0577214 0.78 
../tests/g3_2304/bot10_1.mtx 1.1 17655.5 0.046428 0.675 
../tests/g3_2304/bot10_1.mtx 1.2 17620.7 0.0327626 0.51 
../tests/g3_2304/bot10_1.mtx 1.3 17723.9 0.0212847 0.353333 
../tests/g3_2304/bot10_1.mtx 1.4 17797.3 0.012099 0.206 
../tests/g3_2304/bot10_1.mtx 1.5 18111.8 0.00594618 0.113 
