Results
Filename SNR Time(ms) BER FER
../tests/q3_2304/bot10_0.mtx 1 232.244 0.0582899 1 
../tests/q3_2304/bot10_0.mtx 1.1 228.116 0.0487413 0.98 
../tests/q3_2304/bot10_0.mtx 1.2 211.705 0.0411979 0.96 
../tests/q3_2304/bot10_0.mtx 1.3 206.168 0.0326649 0.89 
../tests/q3_2304/bot10_0.mtx 1.4 200.157 0.02625 0.83 
../tests/q3_2304/bot10_0.mtx 1.5 190.311 0.0193663 0.72 
../tests/q3_2304/bot10_0.mtx 1.6 183.194 0.0152648 0.65 
../tests/q3_2304/bot10_0.mtx 1.7 167.824 0.0109896 0.5 
../tests/q3_2304/bot10_0.mtx 1.8 259.048 0.0085026 0.425 
../tests/q3_2304/bot10_0.mtx 1.9 245.451 0.00592882 0.34 
../tests/q3_2304/bot10_0.mtx 2 289.413 0.00429832 0.243333 
../tests/q3_2304/bot10_0.mtx 2.1 269.22 0.00306134 0.183333 
../tests/q3_2304/bot10_0.mtx 2.2 301.494 0.00211697 0.13 
../tests/q3_2304/bot10_0.mtx 2.3 438.385 0.00107019 0.0771429 
../tests/q3_2304/bot10_0.mtx 2.4 533.197 0.000624566 0.05 
../tests/q3_2304/bot10_0.mtx 2.5 724.357 0.000358073 0.031875 
../tests/q3_2304/bot10_0.mtx 2.6 1188.56 0.000195911 0.0172414 
../tests/q3_2304/bot10_0.mtx 2.7 1780.37 0.000113455 0.0102 
../tests/q3_2304/bot10_0.mtx 2.8 2335.44 6.92066e-05 0.00684932 
../tests/q3_2304/bot10_0.mtx 2.9 3444.65 3.68924e-05 0.00409836 
../tests/q3_2304/bot10_0.mtx 3 4446.4 2.48016e-05 0.00285714 
../tests/q3_2304/bot10_0.mtx 3.1 7611.89 1.11276e-05 0.00148368 
../tests/q3_2304/bot10_0.mtx 3.2 9919.98 8.20441e-06 0.00105485 
../tests/q3_2304/bot10_0.mtx 3.3 13462 4.21732e-06 0.000708215 
../tests/q3_2304/bot10_0.mtx 3.4 0 -1 -1 
../tests/q3_2304/bot10_0.mtx 3.5 0 -1 -1 
../tests/q3_2304/bot10_0.mtx 3.6 0 -1 -1 
../tests/q3_2304/bot10_0.mtx 3.7 0 -1 -1 
../tests/q3_2304/bot10_0.mtx 3.8 0 -1 -1 
../tests/q3_2304/bot10_0.mtx 3.9 0 -1 -1 
../tests/q3_2304/bot10_0.mtx 4 0 -1 -1 
../tests/q3_2304/bot10_0.mtx 4.1 0 -1 -1 
../tests/q3_2304/bot10_0.mtx 4.2 0 -1 -1 
../tests/q3_2304/bot10_0.mtx 4.3 0 -1 -1 
../tests/q3_2304/bot10_0.mtx 4.4 0 -1 -1 
../tests/q3_2304/bot10_0.mtx 4.5 0 -1 -1 
../tests/q3_2304/bot10_0.mtx 4.6 0 -1 -1 
../tests/q3_2304/bot10_0.mtx 4.7 0 -1 -1 
../tests/q3_2304/bot10_0.mtx 4.8 0 -1 -1 
../tests/q3_2304/bot10_0.mtx 4.9 0 -1 -1 
../tests/q3_2304/bot10_0.mtx 5 0 -1 -1 
../tests/q3_2304/bot10_1.mtx 1 222.93 0.0571701 0.98 
../tests/q3_2304/bot10_1.mtx 1.1 214.836 0.0498481 0.96 
../tests/q3_2304/bot10_1.mtx 1.2 207.716 0.0411545 0.92 
../tests/q3_2304/bot10_1.mtx 1.3 205.91 0.0350868 0.87 
../tests/q3_2304/bot10_1.mtx 1.4 196.147 0.0294661 0.78 
../tests/q3_2304/bot10_1.mtx 1.5 188.278 0.0219792 0.68 
../tests/q3_2304/bot10_1.mtx 1.6 179.075 0.017283 0.62 
../tests/q3_2304/bot10_1.mtx 1.7 169.639 0.0134375 0.54 
../tests/q3_2304/bot10_1.mtx 1.8 265.456 0.00847439 0.435 
../tests/q3_2304/bot10_1.mtx 1.9 235.659 0.00625434 0.32 
../tests/q3_2304/bot10_1.mtx 2 229.369 0.00411241 0.26 
../tests/q3_2304/bot10_1.mtx 2.1 326.405 0.0022602 0.14 
../tests/q3_2304/bot10_1.mtx 2.2 426.215 0.00169777 0.095 
../tests/q3_2304/bot10_1.mtx 2.3 498.329 0.00104926 0.0625 
../tests/q3_2304/bot10_1.mtx 2.4 622.789 0.000609086 0.0433333 
../tests/q3_2304/bot10_1.mtx 2.5 796.63 0.000350797 0.0305882 
../tests/q3_2304/bot10_1.mtx 2.6 1103.47 0.00020633 0.0192308 
../tests/q3_2304/bot10_1.mtx 2.7 1580.13 0.000118118 0.0119048 
../tests/q3_2304/bot10_1.mtx 2.8 2127.95 7.58192e-05 0.0078125 
../tests/q3_2304/bot10_1.mtx 2.9 3301.3 4.0983e-05 0.00442478 
../tests/q3_2304/bot10_1.mtx 3 4759.57 2.23453e-05 0.00274725 
../tests/q3_2304/bot10_1.mtx 3.1 6692.85 1.19742e-05 0.00177305 
../tests/q3_2304/bot10_1.mtx 3.2 8696.45 9.24338e-06 0.00124688 
../tests/q3_2304/bot10_1.mtx 3.3 9961.43 5.90979e-06 0.0010101 
../tests/q3_2304/bot10_1.mtx 3.4 14296.7 2.82597e-06 0.000648508 
../tests/q3_2304/bot10_1.mtx 3.5 0 -1 -1 
../tests/q3_2304/bot10_1.mtx 3.6 0 -1 -1 
../tests/q3_2304/bot10_1.mtx 3.7 0 -1 -1 
../tests/q3_2304/bot10_1.mtx 3.8 0 -1 -1 
../tests/q3_2304/bot10_1.mtx 3.9 0 -1 -1 
../tests/q3_2304/bot10_1.mtx 4 0 -1 -1 
../tests/q3_2304/bot10_1.mtx 4.1 0 -1 -1 
../tests/q3_2304/bot10_1.mtx 4.2 0 -1 -1 
../tests/q3_2304/bot10_1.mtx 4.3 0 -1 -1 
../tests/q3_2304/bot10_1.mtx 4.4 0 -1 -1 
../tests/q3_2304/bot10_1.mtx 4.5 0 -1 -1 
../tests/q3_2304/bot10_1.mtx 4.6 0 -1 -1 
../tests/q3_2304/bot10_1.mtx 4.7 0 -1 -1 
../tests/q3_2304/bot10_1.mtx 4.8 0 -1 -1 
../tests/q3_2304/bot10_1.mtx 4.9 0 -1 -1 
../tests/q3_2304/bot10_1.mtx 5 0 -1 -1 
../tests/q3_2304/bot10_2.mtx 1 228.322 0.0564497 0.99 
../tests/q3_2304/bot10_2.mtx 1.1 216.35 0.0478299 0.96 
../tests/q3_2304/bot10_2.mtx 1.2 215.902 0.0393707 0.92 
../tests/q3_2304/bot10_2.mtx 1.3 206.117 0.0317101 0.89 
../tests/q3_2304/bot10_2.mtx 1.4 206.691 0.0259071 0.86 
../tests/q3_2304/bot10_2.mtx 1.5 195.609 0.0193576 0.75 
../tests/q3_2304/bot10_2.mtx 1.6 183.149 0.0135286 0.57 
../tests/q3_2304/bot10_2.mtx 1.7 270.246 0.0102778 0.475 
../tests/q3_2304/bot10_2.mtx 1.8 246.698 0.00777127 0.375 
../tests/q3_2304/bot10_2.mtx 1.9 230.313 0.00525174 0.28 
../tests/q3_2304/bot10_2.mtx 2 286.952 0.00361111 0.213333 
../tests/q3_2304/bot10_2.mtx 2.1 314.421 0.00235569 0.15 
../tests/q3_2304/bot10_2.mtx 2.2 399.644 0.00146412 0.0933333 
../tests/q3_2304/bot10_2.mtx 2.3 469.084 0.00104655 0.06875 
../tests/q3_2304/bot10_2.mtx 2.4 602.584 0.00067853 0.0458333 
../tests/q3_2304/bot10_2.mtx 2.5 853.563 0.000351791 0.0278947 
../tests/q3_2304/bot10_2.mtx 2.6 1403.14 0.000175553 0.0131579 
../tests/q3_2304/bot10_2.mtx 2.7 2227.58 8.85927e-05 0.0075 
../tests/q3_2304/bot10_2.mtx 2.8 2996.13 5.2642e-05 0.00495049 
../tests/q3_2304/bot10_2.mtx 2.9 4227.45 3.07075e-05 0.003125 
../tests/q3_2304/bot10_2.mtx 3 6441.55 1.64523e-05 0.00180505 
../tests/q3_2304/bot10_2.mtx 3.1 8075.19 8.92168e-06 0.00132275 
../tests/q3_2304/bot10_2.mtx 3.2 12667.9 4.35359e-06 0.000766871 
../tests/q3_2304/bot10_2.mtx 3.3 0 -1 -1 
../tests/q3_2304/bot10_2.mtx 3.4 0 -1 -1 
../tests/q3_2304/bot10_2.mtx 3.5 0 -1 -1 
../tests/q3_2304/bot10_2.mtx 3.6 0 -1 -1 
../tests/q3_2304/bot10_2.mtx 3.7 0 -1 -1 
../tests/q3_2304/bot10_2.mtx 3.8 0 -1 -1 
../tests/q3_2304/bot10_2.mtx 3.9 0 -1 -1 
../tests/q3_2304/bot10_2.mtx 4 0 -1 -1 
../tests/q3_2304/bot10_2.mtx 4.1 0 -1 -1 
../tests/q3_2304/bot10_2.mtx 4.2 0 -1 -1 
../tests/q3_2304/bot10_2.mtx 4.3 0 -1 -1 
../tests/q3_2304/bot10_2.mtx 4.4 0 -1 -1 
../tests/q3_2304/bot10_2.mtx 4.5 0 -1 -1 
../tests/q3_2304/bot10_2.mtx 4.6 0 -1 -1 
../tests/q3_2304/bot10_2.mtx 4.7 0 -1 -1 
../tests/q3_2304/bot10_2.mtx 4.8 0 -1 -1 
../tests/q3_2304/bot10_2.mtx 4.9 0 -1 -1 
../tests/q3_2304/bot10_2.mtx 5 0 -1 -1 
../tests/q3_2304/bot10_3.mtx 1 229.39 0.0577908 0.99 
../tests/q3_2304/bot10_3.mtx 1.1 211.931 0.0486155 0.96 
../tests/q3_2304/bot10_3.mtx 1.2 209.114 0.0409592 0.95 
../tests/q3_2304/bot10_3.mtx 1.3 206.251 0.033954 0.9 
../tests/q3_2304/bot10_3.mtx 1.4 202.783 0.0263628 0.85 
../tests/q3_2304/bot10_3.mtx 1.5 206.627 0.0205208 0.73 
../tests/q3_2304/bot10_3.mtx 1.6 187.924 0.0157595 0.65 
../tests/q3_2304/bot10_3.mtx 1.7 174.34 0.0122656 0.54 
../tests/q3_2304/bot10_3.mtx 1.8 264.993 0.00935764 0.45 
../tests/q3_2304/bot10_3.mtx 1.9 243.677 0.00696181 0.395 
../tests/q3_2304/bot10_3.mtx 2 244.736 0.00469835 0.3 
../tests/q3_2304/bot10_3.mtx 2.1 292.162 0.00296152 0.206667 
../tests/q3_2304/bot10_3.mtx 2.2 319.348 0.00191298 0.125 
../tests/q3_2304/bot10_3.mtx 2.3 447.56 0.0011973 0.0871429 
../tests/q3_2304/bot10_3.mtx 2.4 586.929 0.000670573 0.06 
../tests/q3_2304/bot10_3.mtx 2.5 708.725 0.000362413 0.0378571 
../tests/q3_2304/bot10_3.mtx 2.6 849.926 0.000271838 0.0273684 
../tests/q3_2304/bot10_3.mtx 2.7 1045.4 0.000145486 0.02 
../tests/q3_2304/bot10_3.mtx 2.8 1363.13 8.90343e-05 0.0135135 
../tests/q3_2304/bot10_3.mtx 2.9 1971.08 5.11584e-05 0.00836066 
../tests/q3_2304/bot10_3.mtx 3 2560.16 3.69672e-05 0.00597701 
../tests/q3_2304/bot10_3.mtx 3.1 3733.44 1.84852e-05 0.00366906 
../tests/q3_2304/bot10_3.mtx 3.2 4457.32 1.49419e-05 0.00273224 
../tests/q3_2304/bot10_3.mtx 3.3 5033.73 9.48008e-06 0.00219298 
../tests/q3_2304/bot10_3.mtx 3.4 6687.97 5.64904e-06 0.00153846 
../tests/q3_2304/bot10_3.mtx 3.5 6649.5 4.51795e-06 0.00146199 
../tests/q3_2304/bot10_3.mtx 3.6 11352.6 2.55152e-06 0.000777605 
../tests/q3_2304/bot10_3.mtx 3.7 0 -1 -1 
../tests/q3_2304/bot10_3.mtx 3.8 0 -1 -1 
../tests/q3_2304/bot10_3.mtx 3.9 0 -1 -1 
../tests/q3_2304/bot10_3.mtx 4 0 -1 -1 
../tests/q3_2304/bot10_3.mtx 4.1 0 -1 -1 
../tests/q3_2304/bot10_3.mtx 4.2 0 -1 -1 
../tests/q3_2304/bot10_3.mtx 4.3 0 -1 -1 
../tests/q3_2304/bot10_3.mtx 4.4 0 -1 -1 
../tests/q3_2304/bot10_3.mtx 4.5 0 -1 -1 
../tests/q3_2304/bot10_3.mtx 4.6 0 -1 -1 
../tests/q3_2304/bot10_3.mtx 4.7 0 -1 -1 
../tests/q3_2304/bot10_3.mtx 4.8 0 -1 -1 
../tests/q3_2304/bot10_3.mtx 4.9 0 -1 -1 
../tests/q3_2304/bot10_3.mtx 5 0 -1 -1 
../tests/q3_2304/bot10_4.mtx 1 226.284 0.0580686 0.99 
../tests/q3_2304/bot10_4.mtx 1.1 226.648 0.0492361 0.98 
../tests/q3_2304/bot10_4.mtx 1.2 213.224 0.0422743 0.98 
../tests/q3_2304/bot10_4.mtx 1.3 201.87 0.0342188 0.92 
../tests/q3_2304/bot10_4.mtx 1.4 197.982 0.0260634 0.86 
../tests/q3_2304/bot10_4.mtx 1.5 194.375 0.0205946 0.76 
../tests/q3_2304/bot10_4.mtx 1.6 190.472 0.0150738 0.66 
../tests/q3_2304/bot10_4.mtx 1.7 263.358 0.0113845 0.515 
../tests/q3_2304/bot10_4.mtx 1.8 253.431 0.00858724 0.435 
../tests/q3_2304/bot10_4.mtx 1.9 240.351 0.00612196 0.34 
../tests/q3_2304/bot10_4.mtx 2 301.713 0.00416956 0.243333 
../tests/q3_2304/bot10_4.mtx 2.1 317.441 0.00227756 0.1425 
../tests/q3_2304/bot10_4.mtx 2.2 354.716 0.00167014 0.104 
../tests/q3_2304/bot10_4.mtx 2.3 435.891 0.00107949 0.0728571 
../tests/q3_2304/bot10_4.mtx 2.4 645.316 0.000528512 0.0384615 
../tests/q3_2304/bot10_4.mtx 2.5 918.115 0.000307746 0.0261905 
../tests/q3_2304/bot10_4.mtx 2.6 1241.64 0.00020128 0.0159375 
../tests/q3_2304/bot10_4.mtx 2.7 1628.07 0.00012199 0.0106383 
../tests/q3_2304/bot10_4.mtx 2.8 2481.97 7.03554e-05 0.0062963 
../tests/q3_2304/bot10_4.mtx 2.9 3261.76 4.75972e-05 0.00428571 
../tests/q3_2304/bot10_4.mtx 3 4609.31 2.58096e-05 0.0026738 
../tests/q3_2304/bot10_4.mtx 3.1 8120.52 1.08149e-05 0.00137363 
../tests/q3_2304/bot10_4.mtx 3.2 11269.2 7.05004e-06 0.000894454 
../tests/q3_2304/bot10_4.mtx 3.3 0 -1 -1 
../tests/q3_2304/bot10_4.mtx 3.4 0 -1 -1 
../tests/q3_2304/bot10_4.mtx 3.5 0 -1 -1 
../tests/q3_2304/bot10_4.mtx 3.6 0 -1 -1 
../tests/q3_2304/bot10_4.mtx 3.7 0 -1 -1 
../tests/q3_2304/bot10_4.mtx 3.8 0 -1 -1 
../tests/q3_2304/bot10_4.mtx 3.9 0 -1 -1 
../tests/q3_2304/bot10_4.mtx 4 0 -1 -1 
../tests/q3_2304/bot10_4.mtx 4.1 0 -1 -1 
../tests/q3_2304/bot10_4.mtx 4.2 0 -1 -1 
../tests/q3_2304/bot10_4.mtx 4.3 0 -1 -1 
../tests/q3_2304/bot10_4.mtx 4.4 0 -1 -1 
../tests/q3_2304/bot10_4.mtx 4.5 0 -1 -1 
../tests/q3_2304/bot10_4.mtx 4.6 0 -1 -1 
../tests/q3_2304/bot10_4.mtx 4.7 0 -1 -1 
../tests/q3_2304/bot10_4.mtx 4.8 0 -1 -1 
../tests/q3_2304/bot10_4.mtx 4.9 0 -1 -1 
../tests/q3_2304/bot10_4.mtx 5 0 -1 -1 
../tests/q3_2304/bot10_5.mtx 1 228.389 0.056428 0.99 
../tests/q3_2304/bot10_5.mtx 1.1 225.081 0.0468793 0.98 
../tests/q3_2304/bot10_5.mtx 1.2 210.357 0.0398307 0.96 
../tests/q3_2304/bot10_5.mtx 1.3 200.252 0.0301215 0.9 
../tests/q3_2304/bot10_5.mtx 1.4 201.976 0.0242014 0.84 
../tests/q3_2304/bot10_5.mtx 1.5 200.825 0.0195226 0.74 
../tests/q3_2304/bot10_5.mtx 1.6 185.215 0.0146181 0.64 
../tests/q3_2304/bot10_5.mtx 1.7 177.502 0.0109809 0.52 
../tests/q3_2304/bot10_5.mtx 1.8 263.9 0.00878255 0.45 
../tests/q3_2304/bot10_5.mtx 1.9 247.378 0.00680339 0.365 
../tests/q3_2304/bot10_5.mtx 2 231.227 0.00466797 0.295 
../tests/q3_2304/bot10_5.mtx 2.1 267.891 0.00263889 0.166667 
../tests/q3_2304/bot10_5.mtx 2.2 361.976 0.00147917 0.104 
../tests/q3_2304/bot10_5.mtx 2.3 491.14 0.000991753 0.0725 
../tests/q3_2304/bot10_5.mtx 2.4 642.399 0.000649233 0.0458333 
../tests/q3_2304/bot10_5.mtx 2.5 717.378 0.000425347 0.034 
../tests/q3_2304/bot10_5.mtx 2.6 865.13 0.000333767 0.026 
../tests/q3_2304/bot10_5.mtx 2.7 1199.97 0.000196433 0.0167742 
../tests/q3_2304/bot10_5.mtx 2.8 1583.87 0.000119309 0.0111111 
../tests/q3_2304/bot10_5.mtx 2.9 2395.52 6.56606e-05 0.00641026 
../tests/q3_2304/bot10_5.mtx 3 3504.2 3.98027e-05 0.00387597 
../tests/q3_2304/bot10_5.mtx 3.1 4670.3 2.32921e-05 0.0026178 
../tests/q3_2304/bot10_5.mtx 3.2 6520.14 1.20465e-05 0.00170068 
../tests/q3_2304/bot10_5.mtx 3.3 8064.39 8.62657e-06 0.00124378 
../tests/q3_2304/bot10_5.mtx 3.4 11329.9 4.43262e-06 0.000818331 
../tests/q3_2304/bot10_5.mtx 3.5 0 -1 -1 
../tests/q3_2304/bot10_5.mtx 3.6 0 -1 -1 
../tests/q3_2304/bot10_5.mtx 3.7 0 -1 -1 
../tests/q3_2304/bot10_5.mtx 3.8 0 -1 -1 
../tests/q3_2304/bot10_5.mtx 3.9 0 -1 -1 
../tests/q3_2304/bot10_5.mtx 4 0 -1 -1 
../tests/q3_2304/bot10_5.mtx 4.1 0 -1 -1 
../tests/q3_2304/bot10_5.mtx 4.2 0 -1 -1 
../tests/q3_2304/bot10_5.mtx 4.3 0 -1 -1 
../tests/q3_2304/bot10_5.mtx 4.4 0 -1 -1 
../tests/q3_2304/bot10_5.mtx 4.5 0 -1 -1 
../tests/q3_2304/bot10_5.mtx 4.6 0 -1 -1 
../tests/q3_2304/bot10_5.mtx 4.7 0 -1 -1 
../tests/q3_2304/bot10_5.mtx 4.8 0 -1 -1 
../tests/q3_2304/bot10_5.mtx 4.9 0 -1 -1 
../tests/q3_2304/bot10_5.mtx 5 0 -1 -1 
../tests/q3_2304/bot10_6.mtx 1 224.731 0.0618924 1 
../tests/q3_2304/bot10_6.mtx 1.1 229.307 0.0540408 1 
../tests/q3_2304/bot10_6.mtx 1.2 207.561 0.0442535 0.96 
../tests/q3_2304/bot10_6.mtx 1.3 199.359 0.0369792 0.9 
../tests/q3_2304/bot10_6.mtx 1.4 199.347 0.0298134 0.87 
../tests/q3_2304/bot10_6.mtx 1.5 194.48 0.0236589 0.81 
../tests/q3_2304/bot10_6.mtx 1.6 196.165 0.0184115 0.73 
../tests/q3_2304/bot10_6.mtx 1.7 183.573 0.013776 0.63 
../tests/q3_2304/bot10_6.mtx 1.8 260.462 0.00944444 0.475 
../tests/q3_2304/bot10_6.mtx 1.9 234.861 0.00667752 0.38 
../tests/q3_2304/bot10_6.mtx 2 224.137 0.00443576 0.285 
../tests/q3_2304/bot10_6.mtx 2.1 285.644 0.00283709 0.183333 
../tests/q3_2304/bot10_6.mtx 2.2 306.352 0.00193468 0.135 
../tests/q3_2304/bot10_6.mtx 2.3 398.034 0.00130642 0.0966667 
../tests/q3_2304/bot10_6.mtx 2.4 531.284 0.000850212 0.0588889 
../tests/q3_2304/bot10_6.mtx 2.5 574.378 0.000571733 0.0463636 
../tests/q3_2304/bot10_6.mtx 2.6 1109.26 0.000200487 0.0196154 
../tests/q3_2304/bot10_6.mtx 2.7 1348.9 0.000135789 0.0145714 
../tests/q3_2304/bot10_6.mtx 2.8 1915.32 8.38604e-05 0.00910714 
../tests/q3_2304/bot10_6.mtx 2.9 2359.01 5.75087e-05 0.00657895 
../tests/q3_2304/bot10_6.mtx 3 3061.5 3.52696e-05 0.0045045 
../tests/q3_2304/bot10_6.mtx 3.1 4044.82 2.04422e-05 0.00308642 
../tests/q3_2304/bot10_6.mtx 3.2 5756.78 1.53592e-05 0.00193798 
../tests/q3_2304/bot10_6.mtx 3.3 7914.69 8.34583e-06 0.00128535 
../tests/q3_2304/bot10_6.mtx 3.4 9980.51 5.13016e-06 0.000938086 
../tests/q3_2304/bot10_6.mtx 3.5 0 -1 -1 
../tests/q3_2304/bot10_6.mtx 3.6 0 -1 -1 
../tests/q3_2304/bot10_6.mtx 3.7 0 -1 -1 
../tests/q3_2304/bot10_6.mtx 3.8 0 -1 -1 
../tests/q3_2304/bot10_6.mtx 3.9 0 -1 -1 
../tests/q3_2304/bot10_6.mtx 4 0 -1 -1 
../tests/q3_2304/bot10_6.mtx 4.1 0 -1 -1 
../tests/q3_2304/bot10_6.mtx 4.2 0 -1 -1 
../tests/q3_2304/bot10_6.mtx 4.3 0 -1 -1 
../tests/q3_2304/bot10_6.mtx 4.4 0 -1 -1 
../tests/q3_2304/bot10_6.mtx 4.5 0 -1 -1 
../tests/q3_2304/bot10_6.mtx 4.6 0 -1 -1 
../tests/q3_2304/bot10_6.mtx 4.7 0 -1 -1 
../tests/q3_2304/bot10_6.mtx 4.8 0 -1 -1 
../tests/q3_2304/bot10_6.mtx 4.9 0 -1 -1 
../tests/q3_2304/bot10_6.mtx 5 0 -1 -1 
../tests/q3_2304/bot10_7.mtx 1 226.263 0.0565582 0.98 
../tests/q3_2304/bot10_7.mtx 1.1 213.798 0.0488845 0.95 
../tests/q3_2304/bot10_7.mtx 1.2 209.688 0.0416146 0.95 
../tests/q3_2304/bot10_7.mtx 1.3 205.105 0.032079 0.91 
../tests/q3_2304/bot10_7.mtx 1.4 203.122 0.0244444 0.83 
../tests/q3_2304/bot10_7.mtx 1.5 196.668 0.0203646 0.77 
../tests/q3_2304/bot10_7.mtx 1.6 189.078 0.0153342 0.64 
../tests/q3_2304/bot10_7.mtx 1.7 173.798 0.0121832 0.56 
../tests/q3_2304/bot10_7.mtx 1.8 258.68 0.00915582 0.465 
../tests/q3_2304/bot10_7.mtx 1.9 240.473 0.0066645 0.39 
../tests/q3_2304/bot10_7.mtx 2 236.363 0.00467014 0.285 
../tests/q3_2304/bot10_7.mtx 2.1 271.833 0.00259404 0.176667 
../tests/q3_2304/bot10_7.mtx 2.2 357.007 0.00172917 0.124 
../tests/q3_2304/bot10_7.mtx 2.3 392.357 0.00109592 0.0883333 
../tests/q3_2304/bot10_7.mtx 2.4 468.452 0.000875109 0.065 
../tests/q3_2304/bot10_7.mtx 2.5 544.195 0.000519531 0.051 
../tests/q3_2304/bot10_7.mtx 2.6 759.264 0.000275991 0.0294118 
../tests/q3_2304/bot10_7.mtx 2.7 1147.76 0.000158944 0.0172414 
../tests/q3_2304/bot10_7.mtx 2.8 1608.6 0.000120512 0.0106383 
../tests/q3_2304/bot10_7.mtx 2.9 2033.09 7.12473e-05 0.00815385 
../tests/q3_2304/bot10_7.mtx 3 2494.89 4.72941e-05 0.00574713 
../tests/q3_2304/bot10_7.mtx 3.1 3295.16 2.88099e-05 0.00393701 
../tests/q3_2304/bot10_7.mtx 3.2 4773.93 1.84139e-05 0.00247525 
../tests/q3_2304/bot10_7.mtx 3.3 7026.01 8.64122e-06 0.00151057 
../tests/q3_2304/bot10_7.mtx 3.4 8586.84 7.22382e-06 0.00114943 
../tests/q3_2304/bot10_7.mtx 3.5 12084.9 3.33967e-06 0.000748503 
../tests/q3_2304/bot10_7.mtx 3.6 0 -1 -1 
../tests/q3_2304/bot10_7.mtx 3.7 0 -1 -1 
../tests/q3_2304/bot10_7.mtx 3.8 0 -1 -1 
../tests/q3_2304/bot10_7.mtx 3.9 0 -1 -1 
../tests/q3_2304/bot10_7.mtx 4 0 -1 -1 
../tests/q3_2304/bot10_7.mtx 4.1 0 -1 -1 
../tests/q3_2304/bot10_7.mtx 4.2 0 -1 -1 
../tests/q3_2304/bot10_7.mtx 4.3 0 -1 -1 
../tests/q3_2304/bot10_7.mtx 4.4 0 -1 -1 
../tests/q3_2304/bot10_7.mtx 4.5 0 -1 -1 
../tests/q3_2304/bot10_7.mtx 4.6 0 -1 -1 
../tests/q3_2304/bot10_7.mtx 4.7 0 -1 -1 
../tests/q3_2304/bot10_7.mtx 4.8 0 -1 -1 
../tests/q3_2304/bot10_7.mtx 4.9 0 -1 -1 
../tests/q3_2304/bot10_7.mtx 5 0 -1 -1 
../tests/q3_2304/bot10_8.mtx 1 224.325 0.0589714 0.99 
../tests/q3_2304/bot10_8.mtx 1.1 215.101 0.0513238 0.97 
../tests/q3_2304/bot10_8.mtx 1.2 211.661 0.0420095 0.91 
../tests/q3_2304/bot10_8.mtx 1.3 207.178 0.0345009 0.86 
../tests/q3_2304/bot10_8.mtx 1.4 203.959 0.0273177 0.71 
../tests/q3_2304/bot10_8.mtx 1.5 188.213 0.0219141 0.68 
../tests/q3_2304/bot10_8.mtx 1.6 179.338 0.0169922 0.62 
../tests/q3_2304/bot10_8.mtx 1.7 177.277 0.0116536 0.5 
../tests/q3_2304/bot10_8.mtx 1.8 257.027 0.0085395 0.455 
../tests/q3_2304/bot10_8.mtx 1.9 248.836 0.00608507 0.345 
../tests/q3_2304/bot10_8.mtx 2 317.424 0.00400608 0.263333 
../tests/q3_2304/bot10_8.mtx 2.1 283.328 0.00271267 0.203333 
../tests/q3_2304/bot10_8.mtx 2.2 380.495 0.00157726 0.118 
../tests/q3_2304/bot10_8.mtx 2.3 502.358 0.000731879 0.06375 
../tests/q3_2304/bot10_8.mtx 2.4 578.874 0.000625 0.056 
../tests/q3_2304/bot10_8.mtx 2.5 698.245 0.000383185 0.0378571 
../tests/q3_2304/bot10_8.mtx 2.6 891.343 0.000261719 0.0275 
../tests/q3_2304/bot10_8.mtx 2.7 1061.54 0.000165765 0.0192308 
../tests/q3_2304/bot10_8.mtx 2.8 1384.71 0.000109797 0.0137838 
../tests/q3_2304/bot10_8.mtx 2.9 1745.31 7.85423e-05 0.00961538 
../tests/q3_2304/bot10_8.mtx 3 2282.23 5.4643e-05 0.00641026 
../tests/q3_2304/bot10_8.mtx 3.1 2781.55 2.77606e-05 0.00495049 
../tests/q3_2304/bot10_8.mtx 3.2 3606.06 1.97258e-05 0.00344828 
../tests/q3_2304/bot10_8.mtx 3.3 5363.64 1.37565e-05 0.00211864 
../tests/q3_2304/bot10_8.mtx 3.4 7653.33 7.27197e-06 0.00131926 
../tests/q3_2304/bot10_8.mtx 3.5 8875.04 5.31294e-06 0.00105708 
../tests/q3_2304/bot10_8.mtx 3.6 12899 2.94789e-06 0.000671141 
../tests/q3_2304/bot10_8.mtx 3.7 0 -1 -1 
../tests/q3_2304/bot10_8.mtx 3.8 0 -1 -1 
../tests/q3_2304/bot10_8.mtx 3.9 0 -1 -1 
../tests/q3_2304/bot10_8.mtx 4 0 -1 -1 
../tests/q3_2304/bot10_8.mtx 4.1 0 -1 -1 
../tests/q3_2304/bot10_8.mtx 4.2 0 -1 -1 
../tests/q3_2304/bot10_8.mtx 4.3 0 -1 -1 
../tests/q3_2304/bot10_8.mtx 4.4 0 -1 -1 
../tests/q3_2304/bot10_8.mtx 4.5 0 -1 -1 
../tests/q3_2304/bot10_8.mtx 4.6 0 -1 -1 
../tests/q3_2304/bot10_8.mtx 4.7 0 -1 -1 
../tests/q3_2304/bot10_8.mtx 4.8 0 -1 -1 
../tests/q3_2304/bot10_8.mtx 4.9 0 -1 -1 
../tests/q3_2304/bot10_8.mtx 5 0 -1 -1 
../tests/q3_2304/bot10_9.mtx 1 227.81 0.0571137 0.98 
../tests/q3_2304/bot10_9.mtx 1.1 208.158 0.0485243 0.97 
../tests/q3_2304/bot10_9.mtx 1.2 203.677 0.039553 0.92 
../tests/q3_2304/bot10_9.mtx 1.3 203.781 0.033737 0.91 
../tests/q3_2304/bot10_9.mtx 1.4 204.011 0.0263672 0.85 
../tests/q3_2304/bot10_9.mtx 1.5 201.679 0.0194401 0.73 
../tests/q3_2304/bot10_9.mtx 1.6 197.39 0.0157335 0.69 
../tests/q3_2304/bot10_9.mtx 1.7 176.637 0.0103689 0.5 
../tests/q3_2304/bot10_9.mtx 1.8 260.139 0.00753906 0.4 
../tests/q3_2304/bot10_9.mtx 1.9 240.669 0.00515191 0.325 
../tests/q3_2304/bot10_9.mtx 2 303.809 0.00350116 0.246667 
../tests/q3_2304/bot10_9.mtx 2.1 281.8 0.002364 0.17 
../tests/q3_2304/bot10_9.mtx 2.2 377.598 0.00180469 0.128 
../tests/q3_2304/bot10_9.mtx 2.3 410.871 0.00134404 0.101667 
../tests/q3_2304/bot10_9.mtx 2.4 457.471 0.000717773 0.0625 
../tests/q3_2304/bot10_9.mtx 2.5 680.659 0.000432788 0.0385714 
../tests/q3_2304/bot10_9.mtx 2.6 753.567 0.000298394 0.03125 
../tests/q3_2304/bot10_9.mtx 2.7 1033.69 0.000206597 0.0204 
../tests/q3_2304/bot10_9.mtx 2.8 1254.24 0.000124158 0.0151515 
../tests/q3_2304/bot10_9.mtx 2.9 1728.64 8.22049e-05 0.01 
../tests/q3_2304/bot10_9.mtx 3 2462.29 3.6416e-05 0.00609756 
../tests/q3_2304/bot10_9.mtx 3.1 3365.93 2.46302e-05 0.00406504 
../tests/q3_2304/bot10_9.mtx 3.2 4155.71 1.41644e-05 0.00299401 
../tests/q3_2304/bot10_9.mtx 3.3 5228.44 1.08791e-05 0.00218341 
../tests/q3_2304/bot10_9.mtx 3.4 6487.4 6.91073e-06 0.00161812 
../tests/q3_2304/bot10_9.mtx 3.5 9489.36 3.58161e-06 0.00101626 
../tests/q3_2304/bot10_9.mtx 3.6 10988.9 3.33976e-06 0.000811688 
../tests/q3_2304/bot10_9.mtx 3.7 0 -1 -1 
../tests/q3_2304/bot10_9.mtx 3.8 0 -1 -1 
../tests/q3_2304/bot10_9.mtx 3.9 0 -1 -1 
../tests/q3_2304/bot10_9.mtx 4 0 -1 -1 
../tests/q3_2304/bot10_9.mtx 4.1 0 -1 -1 
../tests/q3_2304/bot10_9.mtx 4.2 0 -1 -1 
../tests/q3_2304/bot10_9.mtx 4.3 0 -1 -1 
../tests/q3_2304/bot10_9.mtx 4.4 0 -1 -1 
../tests/q3_2304/bot10_9.mtx 4.5 0 -1 -1 
../tests/q3_2304/bot10_9.mtx 4.6 0 -1 -1 
../tests/q3_2304/bot10_9.mtx 4.7 0 -1 -1 
../tests/q3_2304/bot10_9.mtx 4.8 0 -1 -1 
../tests/q3_2304/bot10_9.mtx 4.9 0 -1 -1 
../tests/q3_2304/bot10_9.mtx 5 0 -1 -1 
../tests/q3_2304/bot8_0.mtx 1 295.309 0.0563325 0.94 
../tests/q3_2304/bot8_0.mtx 1.1 279.05 0.048967 0.89 
../tests/q3_2304/bot8_0.mtx 1.2 271.496 0.0388368 0.78 
../tests/q3_2304/bot8_0.mtx 1.3 259.476 0.0283811 0.66 
../tests/q3_2304/bot8_0.mtx 1.4 248.64 0.0209983 0.55 
../tests/q3_2304/bot8_0.mtx 1.5 333.29 0.01273 0.395 
../tests/q3_2304/bot8_0.mtx 1.6 309.709 0.0081467 0.28 
../tests/q3_2304/bot8_0.mtx 1.7 368.837 0.00518085 0.203333 
../tests/q3_2304/bot8_0.mtx 1.8 461.38 0.00307552 0.122 
../tests/q3_2304/bot8_0.mtx 1.9 496.398 0.00200014 0.0866667 
../tests/q3_2304/bot8_0.mtx 2 700.89 0.000908696 0.0454545 
../tests/q3_2304/bot8_0.mtx 2.1 909.521 0.000503472 0.03 
../tests/q3_2304/bot8_0.mtx 2.2 1704.65 0.000220212 0.0134211 
../tests/q3_2304/bot8_0.mtx 2.3 2037.44 0.000109358 0.00980392 
../tests/q3_2304/bot8_0.mtx 2.4 2700.71 6.59722e-05 0.00666667 
../tests/q3_2304/bot8_0.mtx 2.5 4463.78 3.06942e-05 0.00359712 
../tests/q3_2304/bot8_0.mtx 2.6 5642.48 2.00148e-05 0.00259067 
../tests/q3_2304/bot8_0.mtx 2.7 8660.66 8.81129e-06 0.00150602 
../tests/q3_2304/bot8_0.mtx 2.8 11000 5.49642e-06 0.0010917 
../tests/q3_2304/bot8_0.mtx 2.9 13147.3 3.77737e-06 0.000853242 
../tests/q3_2304/bot8_0.mtx 3 0 -1 -1 
../tests/q3_2304/bot8_0.mtx 3.1 0 -1 -1 
../tests/q3_2304/bot8_0.mtx 3.2 0 -1 -1 
../tests/q3_2304/bot8_0.mtx 3.3 0 -1 -1 
../tests/q3_2304/bot8_0.mtx 3.4 0 -1 -1 
../tests/q3_2304/bot8_0.mtx 3.5 0 -1 -1 
../tests/q3_2304/bot8_0.mtx 3.6 0 -1 -1 
../tests/q3_2304/bot8_0.mtx 3.7 0 -1 -1 
../tests/q3_2304/bot8_0.mtx 3.8 0 -1 -1 
../tests/q3_2304/bot8_0.mtx 3.9 0 -1 -1 
../tests/q3_2304/bot8_0.mtx 4 0 -1 -1 
../tests/q3_2304/bot8_0.mtx 4.1 0 -1 -1 
../tests/q3_2304/bot8_0.mtx 4.2 0 -1 -1 
../tests/q3_2304/bot8_0.mtx 4.3 0 -1 -1 
../tests/q3_2304/bot8_0.mtx 4.4 0 -1 -1 
../tests/q3_2304/bot8_0.mtx 4.5 0 -1 -1 
../tests/q3_2304/bot8_0.mtx 4.6 0 -1 -1 
../tests/q3_2304/bot8_0.mtx 4.7 0 -1 -1 
../tests/q3_2304/bot8_0.mtx 4.8 0 -1 -1 
../tests/q3_2304/bot8_0.mtx 4.9 0 -1 -1 
../tests/q3_2304/bot8_0.mtx 5 0 -1 -1 
../tests/q3_2304/bot8_1.mtx 1 294.795 0.0582769 0.94 
../tests/q3_2304/bot8_1.mtx 1.1 287.478 0.0478255 0.87 
../tests/q3_2304/bot8_1.mtx 1.2 264.313 0.0363932 0.73 
../tests/q3_2304/bot8_1.mtx 1.3 256.071 0.0265104 0.59 
../tests/q3_2304/bot8_1.mtx 1.4 333.037 0.0166493 0.43 
../tests/q3_2304/bot8_1.mtx 1.5 318.784 0.0110373 0.315 
../tests/q3_2304/bot8_1.mtx 1.6 379.37 0.00720486 0.216667 
../tests/q3_2304/bot8_1.mtx 1.7 408.463 0.00456923 0.145 
../tests/q3_2304/bot8_1.mtx 1.8 540.038 0.00222594 0.0785714 
../tests/q3_2304/bot8_1.mtx 1.9 730.397 0.0011216 0.0416667 
../tests/q3_2304/bot8_1.mtx 2 1396.33 0.000455729 0.0166667 
../tests/q3_2304/bot8_1.mtx 2.1 2149.45 0.000261645 0.00943396 
../tests/q3_2304/bot8_1.mtx 2.2 3634.16 0.000121569 0.00485714 
../tests/q3_2304/bot8_1.mtx 2.3 5886.82 5.82902e-05 0.00259067 
../tests/q3_2304/bot8_1.mtx 2.4 10854.6 2.70134e-05 0.00124378 
../tests/q3_2304/bot8_1.mtx 2.5 28352.3 8.08954e-06 0.000425532 
../tests/q3_2304/bot8_1.mtx 2.6 0 -1 -1 
../tests/q3_2304/bot8_1.mtx 2.7 0 -1 -1 
../tests/q3_2304/bot8_1.mtx 2.8 0 -1 -1 
../tests/q3_2304/bot8_1.mtx 2.9 0 -1 -1 
../tests/q3_2304/bot8_1.mtx 3 0 -1 -1 
../tests/q3_2304/bot8_1.mtx 3.1 0 -1 -1 
../tests/q3_2304/bot8_1.mtx 3.2 0 -1 -1 
../tests/q3_2304/bot8_1.mtx 3.3 0 -1 -1 
../tests/q3_2304/bot8_1.mtx 3.4 0 -1 -1 
../tests/q3_2304/bot8_1.mtx 3.5 0 -1 -1 
../tests/q3_2304/bot8_1.mtx 3.6 0 -1 -1 
../tests/q3_2304/bot8_1.mtx 3.7 0 -1 -1 
../tests/q3_2304/bot8_1.mtx 3.8 0 -1 -1 
../tests/q3_2304/bot8_1.mtx 3.9 0 -1 -1 
../tests/q3_2304/bot8_1.mtx 4 0 -1 -1 
../tests/q3_2304/bot8_1.mtx 4.1 0 -1 -1 
../tests/q3_2304/bot8_1.mtx 4.2 0 -1 -1 
../tests/q3_2304/bot8_1.mtx 4.3 0 -1 -1 
../tests/q3_2304/bot8_1.mtx 4.4 0 -1 -1 
../tests/q3_2304/bot8_1.mtx 4.5 0 -1 -1 
../tests/q3_2304/bot8_1.mtx 4.6 0 -1 -1 
../tests/q3_2304/bot8_1.mtx 4.7 0 -1 -1 
../tests/q3_2304/bot8_1.mtx 4.8 0 -1 -1 
../tests/q3_2304/bot8_1.mtx 4.9 0 -1 -1 
../tests/q3_2304/bot8_1.mtx 5 0 -1 -1 
../tests/q3_2304/bot8_2.mtx 1 284.241 0.0543403 0.92 
../tests/q3_2304/bot8_2.mtx 1.1 276.885 0.0454818 0.84 
../tests/q3_2304/bot8_2.mtx 1.2 268.048 0.0346007 0.75 
../tests/q3_2304/bot8_2.mtx 1.3 254.523 0.0271962 0.67 
../tests/q3_2304/bot8_2.mtx 1.4 238.122 0.0186632 0.59 
../tests/q3_2304/bot8_2.mtx 1.5 320.914 0.0145595 0.465 
../tests/q3_2304/bot8_2.mtx 1.6 312.342 0.0092296 0.34 
../tests/q3_2304/bot8_2.mtx 1.7 375.27 0.0064511 0.253333 
../tests/q3_2304/bot8_2.mtx 1.8 356.889 0.00406684 0.196667 
../tests/q3_2304/bot8_2.mtx 1.9 397.918 0.00268663 0.1425 
../tests/q3_2304/bot8_2.mtx 2 502.018 0.00138817 0.095 
../tests/q3_2304/bot8_2.mtx 2.1 613.765 0.000880594 0.0577778 
../tests/q3_2304/bot8_2.mtx 2.2 807.213 0.000482391 0.0357143 
../tests/q3_2304/bot8_2.mtx 2.3 1198.21 0.000275427 0.0208333 
../tests/q3_2304/bot8_2.mtx 2.4 1703.44 0.000112179 0.0130769 
../tests/q3_2304/bot8_2.mtx 2.5 2637.23 6.2934e-05 0.00728571 
../tests/q3_2304/bot8_2.mtx 2.6 2823.45 4.29145e-05 0.00625 
../tests/q3_2304/bot8_2.mtx 2.7 3985.22 2.70567e-05 0.0041129 
../tests/q3_2304/bot8_2.mtx 2.8 5083.11 1.85724e-05 0.00290698 
../tests/q3_2304/bot8_2.mtx 2.9 8999.38 6.60084e-06 0.0014881 
../tests/q3_2304/bot8_2.mtx 3 10798.1 5.51413e-06 0.00113636 
../tests/q3_2304/bot8_2.mtx 3.1 12451.3 4.59512e-06 0.000917431 
../tests/q3_2304/bot8_2.mtx 3.2 0 -1 -1 
../tests/q3_2304/bot8_2.mtx 3.3 0 -1 -1 
../tests/q3_2304/bot8_2.mtx 3.4 0 -1 -1 
../tests/q3_2304/bot8_2.mtx 3.5 0 -1 -1 
../tests/q3_2304/bot8_2.mtx 3.6 0 -1 -1 
../tests/q3_2304/bot8_2.mtx 3.7 0 -1 -1 
../tests/q3_2304/bot8_2.mtx 3.8 0 -1 -1 
../tests/q3_2304/bot8_2.mtx 3.9 0 -1 -1 
../tests/q3_2304/bot8_2.mtx 4 0 -1 -1 
../tests/q3_2304/bot8_2.mtx 4.1 0 -1 -1 
../tests/q3_2304/bot8_2.mtx 4.2 0 -1 -1 
../tests/q3_2304/bot8_2.mtx 4.3 0 -1 -1 
../tests/q3_2304/bot8_2.mtx 4.4 0 -1 -1 
../tests/q3_2304/bot8_2.mtx 4.5 0 -1 -1 
../tests/q3_2304/bot8_2.mtx 4.6 0 -1 -1 
../tests/q3_2304/bot8_2.mtx 4.7 0 -1 -1 
../tests/q3_2304/bot8_2.mtx 4.8 0 -1 -1 
../tests/q3_2304/bot8_2.mtx 4.9 0 -1 -1 
../tests/q3_2304/bot8_2.mtx 5 0 -1 -1 
../tests/q3_2304/bot8_3.mtx 1 294.02 0.0532465 0.87 
../tests/q3_2304/bot8_3.mtx 1.1 278.6 0.0432899 0.8 
../tests/q3_2304/bot8_3.mtx 1.2 269.867 0.0351215 0.71 
../tests/q3_2304/bot8_3.mtx 1.3 263.439 0.0248524 0.59 
../tests/q3_2304/bot8_3.mtx 1.4 348.331 0.0162348 0.445 
../tests/q3_2304/bot8_3.mtx 1.5 319.869 0.0118728 0.35 
../tests/q3_2304/bot8_3.mtx 1.6 381.383 0.00699219 0.24 
../tests/q3_2304/bot8_3.mtx 1.7 430.784 0.00388889 0.155 
../tests/q3_2304/bot8_3.mtx 1.8 511.002 0.00217159 0.095 
../tests/q3_2304/bot8_3.mtx 1.9 566.622 0.00153375 0.065 
../tests/q3_2304/bot8_3.mtx 2 815.639 0.000760479 0.0378571 
../tests/q3_2304/bot8_3.mtx 2.1 1088.65 0.000406126 0.0247619 
../tests/q3_2304/bot8_3.mtx 2.2 1283 0.000273277 0.0185185 
../tests/q3_2304/bot8_3.mtx 2.3 1761.73 0.000141917 0.0116279 
../tests/q3_2304/bot8_3.mtx 2.4 2180.96 7.47411e-05 0.00847458 
../tests/q3_2304/bot8_3.mtx 2.5 3474.25 3.22245e-05 0.00471698 
../tests/q3_2304/bot8_3.mtx 2.6 4902.16 1.91437e-05 0.00303571 
../tests/q3_2304/bot8_3.mtx 2.7 4755.59 1.58894e-05 0.00287356 
../tests/q3_2304/bot8_3.mtx 2.8 5433.32 1.01072e-05 0.00231481 
../tests/q3_2304/bot8_3.mtx 2.9 6850.89 1.02413e-05 0.00171233 
../tests/q3_2304/bot8_3.mtx 3 8615.89 5.5447e-06 0.00125 
../tests/q3_2304/bot8_3.mtx 3.1 12036.7 3.11053e-06 0.000833333 
../tests/q3_2304/bot8_3.mtx 3.2 0 -1 -1 
../tests/q3_2304/bot8_3.mtx 3.3 0 -1 -1 
../tests/q3_2304/bot8_3.mtx 3.4 0 -1 -1 
../tests/q3_2304/bot8_3.mtx 3.5 0 -1 -1 
../tests/q3_2304/bot8_3.mtx 3.6 0 -1 -1 
../tests/q3_2304/bot8_3.mtx 3.7 0 -1 -1 
../tests/q3_2304/bot8_3.mtx 3.8 0 -1 -1 
../tests/q3_2304/bot8_3.mtx 3.9 0 -1 -1 
../tests/q3_2304/bot8_3.mtx 4 0 -1 -1 
../tests/q3_2304/bot8_3.mtx 4.1 0 -1 -1 
../tests/q3_2304/bot8_3.mtx 4.2 0 -1 -1 
../tests/q3_2304/bot8_3.mtx 4.3 0 -1 -1 
../tests/q3_2304/bot8_3.mtx 4.4 0 -1 -1 
../tests/q3_2304/bot8_3.mtx 4.5 0 -1 -1 
../tests/q3_2304/bot8_3.mtx 4.6 0 -1 -1 
../tests/q3_2304/bot8_3.mtx 4.7 0 -1 -1 
../tests/q3_2304/bot8_3.mtx 4.8 0 -1 -1 
../tests/q3_2304/bot8_3.mtx 4.9 0 -1 -1 
../tests/q3_2304/bot8_3.mtx 5 0 -1 -1 
../tests/q3_2304/bot8_4.mtx 1 291.068 0.0534766 0.9 
../tests/q3_2304/bot8_4.mtx 1.1 267.474 0.0425477 0.82 
../tests/q3_2304/bot8_4.mtx 1.2 268.707 0.0321354 0.71 
../tests/q3_2304/bot8_4.mtx 1.3 263.493 0.0257812 0.65 
../tests/q3_2304/bot8_4.mtx 1.4 338.382 0.0169857 0.45 
../tests/q3_2304/bot8_4.mtx 1.5 318.197 0.0113585 0.305 
../tests/q3_2304/bot8_4.mtx 1.6 382.816 0.00779514 0.246667 
../tests/q3_2304/bot8_4.mtx 1.7 440.017 0.00491753 0.165 
../tests/q3_2304/bot8_4.mtx 1.8 498.747 0.00262008 0.105 
../tests/q3_2304/bot8_4.mtx 1.9 525.975 0.00166171 0.0714286 
../tests/q3_2304/bot8_4.mtx 2 740.734 0.00102358 0.045 
../tests/q3_2304/bot8_4.mtx 2.1 966.077 0.000557002 0.0294444 
../tests/q3_2304/bot8_4.mtx 2.2 1665.49 0.000197026 0.0131579 
../tests/q3_2304/bot8_4.mtx 2.3 2747.46 9.9084e-05 0.00671053 
../tests/q3_2304/bot8_4.mtx 2.4 2995.01 5.61825e-05 0.00555556 
../tests/q3_2304/bot8_4.mtx 2.5 4707.48 2.98875e-05 0.00322785 
../tests/q3_2304/bot8_4.mtx 2.6 5825.68 1.6381e-05 0.00230415 
../tests/q3_2304/bot8_4.mtx 2.7 7080.68 9.67044e-06 0.00175439 
../tests/q3_2304/bot8_4.mtx 2.8 8931.18 5.69453e-06 0.00127877 
../tests/q3_2304/bot8_4.mtx 2.9 12260.7 2.92335e-06 0.000859107 
../tests/q3_2304/bot8_4.mtx 3 0 -1 -1 
../tests/q3_2304/bot8_4.mtx 3.1 0 -1 -1 
../tests/q3_2304/bot8_4.mtx 3.2 0 -1 -1 
../tests/q3_2304/bot8_4.mtx 3.3 0 -1 -1 
../tests/q3_2304/bot8_4.mtx 3.4 0 -1 -1 
../tests/q3_2304/bot8_4.mtx 3.5 0 -1 -1 
../tests/q3_2304/bot8_4.mtx 3.6 0 -1 -1 
../tests/q3_2304/bot8_4.mtx 3.7 0 -1 -1 
../tests/q3_2304/bot8_4.mtx 3.8 0 -1 -1 
../tests/q3_2304/bot8_4.mtx 3.9 0 -1 -1 
../tests/q3_2304/bot8_4.mtx 4 0 -1 -1 
../tests/q3_2304/bot8_4.mtx 4.1 0 -1 -1 
../tests/q3_2304/bot8_4.mtx 4.2 0 -1 -1 
../tests/q3_2304/bot8_4.mtx 4.3 0 -1 -1 
../tests/q3_2304/bot8_4.mtx 4.4 0 -1 -1 
../tests/q3_2304/bot8_4.mtx 4.5 0 -1 -1 
../tests/q3_2304/bot8_4.mtx 4.6 0 -1 -1 
../tests/q3_2304/bot8_4.mtx 4.7 0 -1 -1 
../tests/q3_2304/bot8_4.mtx 4.8 0 -1 -1 
../tests/q3_2304/bot8_4.mtx 4.9 0 -1 -1 
../tests/q3_2304/bot8_4.mtx 5 0 -1 -1 
../tests/q3_2304/bot8_5.mtx 1 297.715 0.0537283 0.91 
../tests/q3_2304/bot8_5.mtx 1.1 293.785 0.0430599 0.85 
../tests/q3_2304/bot8_5.mtx 1.2 292.029 0.0347309 0.74 
../tests/q3_2304/bot8_5.mtx 1.3 270.771 0.0255512 0.62 
../tests/q3_2304/bot8_5.mtx 1.4 246.092 0.018138 0.5 
../tests/q3_2304/bot8_5.mtx 1.5 326.736 0.0112109 0.35 
../tests/q3_2304/bot8_5.mtx 1.6 384.625 0.00706308 0.246667 
../tests/q3_2304/bot8_5.mtx 1.7 426.039 0.00424696 0.145 
../tests/q3_2304/bot8_5.mtx 1.8 464.911 0.00242014 0.102 
../tests/q3_2304/bot8_5.mtx 1.9 629.896 0.00135368 0.0566667 
../tests/q3_2304/bot8_5.mtx 2 774.229 0.000818309 0.0392308 
../tests/q3_2304/bot8_5.mtx 2.1 1395.08 0.000305411 0.0166667 
../tests/q3_2304/bot8_5.mtx 2.2 1940.51 0.000185217 0.0113043 
../tests/q3_2304/bot8_5.mtx 2.3 3195.09 8.43395e-05 0.00568182 
../tests/q3_2304/bot8_5.mtx 2.4 4640.52 3.90022e-05 0.00347222 
../tests/q3_2304/bot8_5.mtx 2.5 8612.94 1.34418e-05 0.00167224 
../tests/q3_2304/bot8_5.mtx 2.6 12395.4 6.95748e-06 0.00107296 
../tests/q3_2304/bot8_5.mtx 2.7 16329 4.36619e-06 0.000746269 
../tests/q3_2304/bot8_5.mtx 2.8 0 -1 -1 
../tests/q3_2304/bot8_5.mtx 2.9 0 -1 -1 
../tests/q3_2304/bot8_5.mtx 3 0 -1 -1 
../tests/q3_2304/bot8_5.mtx 3.1 0 -1 -1 
../tests/q3_2304/bot8_5.mtx 3.2 0 -1 -1 
../tests/q3_2304/bot8_5.mtx 3.3 0 -1 -1 
../tests/q3_2304/bot8_5.mtx 3.4 0 -1 -1 
../tests/q3_2304/bot8_5.mtx 3.5 0 -1 -1 
../tests/q3_2304/bot8_5.mtx 3.6 0 -1 -1 
../tests/q3_2304/bot8_5.mtx 3.7 0 -1 -1 
../tests/q3_2304/bot8_5.mtx 3.8 0 -1 -1 
../tests/q3_2304/bot8_5.mtx 3.9 0 -1 -1 
../tests/q3_2304/bot8_5.mtx 4 0 -1 -1 
../tests/q3_2304/bot8_5.mtx 4.1 0 -1 -1 
../tests/q3_2304/bot8_5.mtx 4.2 0 -1 -1 
../tests/q3_2304/bot8_5.mtx 4.3 0 -1 -1 
../tests/q3_2304/bot8_5.mtx 4.4 0 -1 -1 
../tests/q3_2304/bot8_5.mtx 4.5 0 -1 -1 
../tests/q3_2304/bot8_5.mtx 4.6 0 -1 -1 
../tests/q3_2304/bot8_5.mtx 4.7 0 -1 -1 
../tests/q3_2304/bot8_5.mtx 4.8 0 -1 -1 
../tests/q3_2304/bot8_5.mtx 4.9 0 -1 -1 
../tests/q3_2304/bot8_5.mtx 5 0 -1 -1 
../tests/q3_2304/bot8_6.mtx 1 295.138 0.0554167 0.94 
../tests/q3_2304/bot8_6.mtx 1.1 280.546 0.0472743 0.87 
../tests/q3_2304/bot8_6.mtx 1.2 276.446 0.0378863 0.8 
../tests/q3_2304/bot8_6.mtx 1.3 267.734 0.0260981 0.66 
../tests/q3_2304/bot8_6.mtx 1.4 247.322 0.0166406 0.5 
../tests/q3_2304/bot8_6.mtx 1.5 336.312 0.0120985 0.385 
../tests/q3_2304/bot8_6.mtx 1.6 316.708 0.0075651 0.275 
../tests/q3_2304/bot8_6.mtx 1.7 376.524 0.00508536 0.216667 
../tests/q3_2304/bot8_6.mtx 1.8 419.722 0.00342665 0.16 
../tests/q3_2304/bot8_6.mtx 1.9 444.541 0.00187413 0.1 
../tests/q3_2304/bot8_6.mtx 2 537.648 0.00133929 0.0742857 
../tests/q3_2304/bot8_6.mtx 2.1 667.46 0.000728733 0.05 
../tests/q3_2304/bot8_6.mtx 2.2 1299.5 0.000254908 0.0192308 
../tests/q3_2304/bot8_6.mtx 2.3 1896.18 0.000125767 0.0118605 
../tests/q3_2304/bot8_6.mtx 2.4 2503.61 7.3578e-05 0.00809524 
../tests/q3_2304/bot8_6.mtx 2.5 2878.38 4.30773e-05 0.00625 
../tests/q3_2304/bot8_6.mtx 2.6 4729.19 2.01365e-05 0.00340136 
../tests/q3_2304/bot8_6.mtx 2.7 5877.38 1.12762e-05 0.00245098 
../tests/q3_2304/bot8_6.mtx 2.8 8096.65 8.00953e-06 0.00164474 
../tests/q3_2304/bot8_6.mtx 2.9 9887.69 5.67158e-06 0.00124688 
../tests/q3_2304/bot8_6.mtx 3 11317 3.33936e-06 0.00102041 
../tests/q3_2304/bot8_6.mtx 3.1 13896.7 2.976e-06 0.000770416 
../tests/q3_2304/bot8_6.mtx 3.2 0 -1 -1 
../tests/q3_2304/bot8_6.mtx 3.3 0 -1 -1 
../tests/q3_2304/bot8_6.mtx 3.4 0 -1 -1 
../tests/q3_2304/bot8_6.mtx 3.5 0 -1 -1 
../tests/q3_2304/bot8_6.mtx 3.6 0 -1 -1 
../tests/q3_2304/bot8_6.mtx 3.7 0 -1 -1 
../tests/q3_2304/bot8_6.mtx 3.8 0 -1 -1 
../tests/q3_2304/bot8_6.mtx 3.9 0 -1 -1 
../tests/q3_2304/bot8_6.mtx 4 0 -1 -1 
../tests/q3_2304/bot8_6.mtx 4.1 0 -1 -1 
../tests/q3_2304/bot8_6.mtx 4.2 0 -1 -1 
../tests/q3_2304/bot8_6.mtx 4.3 0 -1 -1 
../tests/q3_2304/bot8_6.mtx 4.4 0 -1 -1 
../tests/q3_2304/bot8_6.mtx 4.5 0 -1 -1 
../tests/q3_2304/bot8_6.mtx 4.6 0 -1 -1 
../tests/q3_2304/bot8_6.mtx 4.7 0 -1 -1 
../tests/q3_2304/bot8_6.mtx 4.8 0 -1 -1 
../tests/q3_2304/bot8_6.mtx 4.9 0 -1 -1 
../tests/q3_2304/bot8_6.mtx 5 0 -1 -1 
../tests/q3_2304/bot8_7.mtx 1 273.54 0.0568403 0.93 
../tests/q3_2304/bot8_7.mtx 1.1 269.74 0.0471571 0.88 
../tests/q3_2304/bot8_7.mtx 1.2 253.577 0.0368924 0.79 
../tests/q3_2304/bot8_7.mtx 1.3 242.594 0.0291319 0.68 
../tests/q3_2304/bot8_7.mtx 1.4 227.387 0.0222396 0.57 
../tests/q3_2304/bot8_7.mtx 1.5 301.952 0.013622 0.38 
../tests/q3_2304/bot8_7.mtx 1.6 295.238 0.00858724 0.285 
../tests/q3_2304/bot8_7.mtx 1.7 388.641 0.00385308 0.1475 
../tests/q3_2304/bot8_7.mtx 1.8 484.419 0.00225694 0.0883333 
../tests/q3_2304/bot8_7.mtx 1.9 599.193 0.00127749 0.0555556 
../tests/q3_2304/bot8_7.mtx 2 884.49 0.000734592 0.03125 
../tests/q3_2304/bot8_7.mtx 2.1 1223.91 0.000401309 0.0192308 
../tests/q3_2304/bot8_7.mtx 2.2 1713.45 0.000222624 0.0121951 
../tests/q3_2304/bot8_7.mtx 2.3 2927.61 9.3099e-05 0.00625 
../tests/q3_2304/bot8_7.mtx 2.4 3794.76 5.16265e-05 0.00447368 
../tests/q3_2304/bot8_7.mtx 2.5 5549.09 2.07548e-05 0.00265957 
../tests/q3_2304/bot8_7.mtx 2.6 8546.17 1.01902e-05 0.0015528 
../tests/q3_2304/bot8_7.mtx 2.7 11972.2 5.90348e-06 0.00100604 
../tests/q3_2304/bot8_7.mtx 2.8 12758.8 3.21135e-06 0.000878735 
../tests/q3_2304/bot8_7.mtx 2.9 0 -1 -1 
../tests/q3_2304/bot8_7.mtx 3 0 -1 -1 
../tests/q3_2304/bot8_7.mtx 3.1 0 -1 -1 
../tests/q3_2304/bot8_7.mtx 3.2 0 -1 -1 
../tests/q3_2304/bot8_7.mtx 3.3 0 -1 -1 
../tests/q3_2304/bot8_7.mtx 3.4 0 -1 -1 
../tests/q3_2304/bot8_7.mtx 3.5 0 -1 -1 
../tests/q3_2304/bot8_7.mtx 3.6 0 -1 -1 
../tests/q3_2304/bot8_7.mtx 3.7 0 -1 -1 
../tests/q3_2304/bot8_7.mtx 3.8 0 -1 -1 
../tests/q3_2304/bot8_7.mtx 3.9 0 -1 -1 
../tests/q3_2304/bot8_7.mtx 4 0 -1 -1 
../tests/q3_2304/bot8_7.mtx 4.1 0 -1 -1 
../tests/q3_2304/bot8_7.mtx 4.2 0 -1 -1 
../tests/q3_2304/bot8_7.mtx 4.3 0 -1 -1 
../tests/q3_2304/bot8_7.mtx 4.4 0 -1 -1 
../tests/q3_2304/bot8_7.mtx 4.5 0 -1 -1 
../tests/q3_2304/bot8_7.mtx 4.6 0 -1 -1 
../tests/q3_2304/bot8_7.mtx 4.7 0 -1 -1 
../tests/q3_2304/bot8_7.mtx 4.8 0 -1 -1 
../tests/q3_2304/bot8_7.mtx 4.9 0 -1 -1 
../tests/q3_2304/bot8_7.mtx 5 0 -1 -1 
../tests/q3_2304/bot8_8.mtx 1 299.248 0.0535851 0.91 
../tests/q3_2304/bot8_8.mtx 1.1 291.925 0.0435807 0.86 
../tests/q3_2304/bot8_8.mtx 1.2 274.722 0.0319965 0.68 
../tests/q3_2304/bot8_8.mtx 1.3 250.468 0.0221528 0.56 
../tests/q3_2304/bot8_8.mtx 1.4 330.801 0.0161675 0.435 
../tests/q3_2304/bot8_8.mtx 1.5 311.02 0.0108854 0.33 
../tests/q3_2304/bot8_8.mtx 1.6 378.478 0.00791522 0.226667 
../tests/q3_2304/bot8_8.mtx 1.7 410.913 0.00504666 0.16 
../tests/q3_2304/bot8_8.mtx 1.8 545.286 0.00204427 0.0771429 
../tests/q3_2304/bot8_8.mtx 1.9 793.402 0.00108974 0.0438462 
../tests/q3_2304/bot8_8.mtx 2 1332.17 0.000462159 0.0188889 
../tests/q3_2304/bot8_8.mtx 2.1 1809.95 0.000281411 0.0118605 
../tests/q3_2304/bot8_8.mtx 2.2 2662.68 0.000155639 0.00704225 
../tests/q3_2304/bot8_8.mtx 2.3 4255.34 8.11069e-05 0.00381679 
../tests/q3_2304/bot8_8.mtx 2.4 13918.6 1.99497e-05 0.000994036 
../tests/q3_2304/bot8_8.mtx 2.5 0 -1 -1 
../tests/q3_2304/bot8_8.mtx 2.6 0 -1 -1 
../tests/q3_2304/bot8_8.mtx 2.7 0 -1 -1 
../tests/q3_2304/bot8_8.mtx 2.8 0 -1 -1 
../tests/q3_2304/bot8_8.mtx 2.9 0 -1 -1 
../tests/q3_2304/bot8_8.mtx 3 0 -1 -1 
../tests/q3_2304/bot8_8.mtx 3.1 0 -1 -1 
../tests/q3_2304/bot8_8.mtx 3.2 0 -1 -1 
../tests/q3_2304/bot8_8.mtx 3.3 0 -1 -1 
../tests/q3_2304/bot8_8.mtx 3.4 0 -1 -1 
../tests/q3_2304/bot8_8.mtx 3.5 0 -1 -1 
../tests/q3_2304/bot8_8.mtx 3.6 0 -1 -1 
../tests/q3_2304/bot8_8.mtx 3.7 0 -1 -1 
../tests/q3_2304/bot8_8.mtx 3.8 0 -1 -1 
../tests/q3_2304/bot8_8.mtx 3.9 0 -1 -1 
../tests/q3_2304/bot8_8.mtx 4 0 -1 -1 
../tests/q3_2304/bot8_8.mtx 4.1 0 -1 -1 
../tests/q3_2304/bot8_8.mtx 4.2 0 -1 -1 
../tests/q3_2304/bot8_8.mtx 4.3 0 -1 -1 
../tests/q3_2304/bot8_8.mtx 4.4 0 -1 -1 
../tests/q3_2304/bot8_8.mtx 4.5 0 -1 -1 
../tests/q3_2304/bot8_8.mtx 4.6 0 -1 -1 
../tests/q3_2304/bot8_8.mtx 4.7 0 -1 -1 
../tests/q3_2304/bot8_8.mtx 4.8 0 -1 -1 
../tests/q3_2304/bot8_8.mtx 4.9 0 -1 -1 
../tests/q3_2304/bot8_8.mtx 5 0 -1 -1 
../tests/q3_2304/bot8_9.mtx 1 293.204 0.0548698 0.89 
../tests/q3_2304/bot8_9.mtx 1.1 290.995 0.0458941 0.82 
../tests/q3_2304/bot8_9.mtx 1.2 280.946 0.0350825 0.73 
../tests/q3_2304/bot8_9.mtx 1.3 254.089 0.0263194 0.62 
../tests/q3_2304/bot8_9.mtx 1.4 339.036 0.0173741 0.485 
../tests/q3_2304/bot8_9.mtx 1.5 317.388 0.0117101 0.325 
../tests/q3_2304/bot8_9.mtx 1.6 387.025 0.00766782 0.226667 
../tests/q3_2304/bot8_9.mtx 1.7 403.65 0.00448242 0.1525 
../tests/q3_2304/bot8_9.mtx 1.8 505.269 0.00244285 0.09 
../tests/q3_2304/bot8_9.mtx 1.9 748.368 0.00120551 0.045 
../tests/q3_2304/bot8_9.mtx 2 1272.89 0.000538528 0.0196154 
../tests/q3_2304/bot8_9.mtx 2.1 1834.85 0.000316446 0.0118182 
../tests/q3_2304/bot8_9.mtx 2.2 2969.72 0.000149104 0.00609756 
../tests/q3_2304/bot8_9.mtx 2.3 6478.21 5.31424e-05 0.00244019 
../tests/q3_2304/bot8_9.mtx 2.4 13256.4 2.2661e-05 0.0010142 
../tests/q3_2304/bot8_9.mtx 2.5 28435.1 8.62897e-06 0.000424448 
../tests/q3_2304/bot8_9.mtx 2.6 0 -1 -1 
../tests/q3_2304/bot8_9.mtx 2.7 0 -1 -1 
../tests/q3_2304/bot8_9.mtx 2.8 0 -1 -1 
../tests/q3_2304/bot8_9.mtx 2.9 0 -1 -1 
../tests/q3_2304/bot8_9.mtx 3 0 -1 -1 
../tests/q3_2304/bot8_9.mtx 3.1 0 -1 -1 
../tests/q3_2304/bot8_9.mtx 3.2 0 -1 -1 
../tests/q3_2304/bot8_9.mtx 3.3 0 -1 -1 
../tests/q3_2304/bot8_9.mtx 3.4 0 -1 -1 
../tests/q3_2304/bot8_9.mtx 3.5 0 -1 -1 
../tests/q3_2304/bot8_9.mtx 3.6 0 -1 -1 
../tests/q3_2304/bot8_9.mtx 3.7 0 -1 -1 
../tests/q3_2304/bot8_9.mtx 3.8 0 -1 -1 
../tests/q3_2304/bot8_9.mtx 3.9 0 -1 -1 
../tests/q3_2304/bot8_9.mtx 4 0 -1 -1 
../tests/q3_2304/bot8_9.mtx 4.1 0 -1 -1 
../tests/q3_2304/bot8_9.mtx 4.2 0 -1 -1 
../tests/q3_2304/bot8_9.mtx 4.3 0 -1 -1 
../tests/q3_2304/bot8_9.mtx 4.4 0 -1 -1 
../tests/q3_2304/bot8_9.mtx 4.5 0 -1 -1 
../tests/q3_2304/bot8_9.mtx 4.6 0 -1 -1 
../tests/q3_2304/bot8_9.mtx 4.7 0 -1 -1 
../tests/q3_2304/bot8_9.mtx 4.8 0 -1 -1 
../tests/q3_2304/bot8_9.mtx 4.9 0 -1 -1 
../tests/q3_2304/bot8_9.mtx 5 0 -1 -1 
../tests/q3_2304/bot9_0.mtx 1 255.613 0.0566667 0.91 
../tests/q3_2304/bot9_0.mtx 1.1 253.31 0.0469965 0.82 
../tests/q3_2304/bot9_0.mtx 1.2 240.167 0.035842 0.72 
../tests/q3_2304/bot9_0.mtx 1.3 223.52 0.0278429 0.59 
../tests/q3_2304/bot9_0.mtx 1.4 297.435 0.0166688 0.43 
../tests/q3_2304/bot9_0.mtx 1.5 269.253 0.0117448 0.315 
../tests/q3_2304/bot9_0.mtx 1.6 331.775 0.00817419 0.24 
../tests/q3_2304/bot9_0.mtx 1.7 368.028 0.00498806 0.1475 
../tests/q3_2304/bot9_0.mtx 1.8 462.146 0.00283058 0.0883333 
../tests/q3_2304/bot9_0.mtx 1.9 616.017 0.00156467 0.05 
../tests/q3_2304/bot9_0.mtx 2 979.453 0.000750183 0.0263158 
../tests/q3_2304/bot9_0.mtx 2.1 1620.2 0.000367781 0.0131579 
../tests/q3_2304/bot9_0.mtx 2.2 3339.13 0.000139216 0.00548387 
../tests/q3_2304/bot9_0.mtx 2.3 6635.8 5.1267e-05 0.00229358 
../tests/q3_2304/bot9_0.mtx 2.4 11030.6 2.68289e-05 0.00125 
../tests/q3_2304/bot9_0.mtx 2.5 27450.8 9.67185e-06 0.000440917 
../tests/q3_2304/bot9_0.mtx 2.6 0 -1 -1 
../tests/q3_2304/bot9_0.mtx 2.7 0 -1 -1 
../tests/q3_2304/bot9_0.mtx 2.8 0 -1 -1 
../tests/q3_2304/bot9_0.mtx 2.9 0 -1 -1 
../tests/q3_2304/bot9_0.mtx 3 0 -1 -1 
../tests/q3_2304/bot9_0.mtx 3.1 0 -1 -1 
../tests/q3_2304/bot9_0.mtx 3.2 0 -1 -1 
../tests/q3_2304/bot9_0.mtx 3.3 0 -1 -1 
../tests/q3_2304/bot9_0.mtx 3.4 0 -1 -1 
../tests/q3_2304/bot9_0.mtx 3.5 0 -1 -1 
../tests/q3_2304/bot9_0.mtx 3.6 0 -1 -1 
../tests/q3_2304/bot9_0.mtx 3.7 0 -1 -1 
../tests/q3_2304/bot9_0.mtx 3.8 0 -1 -1 
../tests/q3_2304/bot9_0.mtx 3.9 0 -1 -1 
../tests/q3_2304/bot9_0.mtx 4 0 -1 -1 
../tests/q3_2304/bot9_0.mtx 4.1 0 -1 -1 
../tests/q3_2304/bot9_0.mtx 4.2 0 -1 -1 
../tests/q3_2304/bot9_0.mtx 4.3 0 -1 -1 
../tests/q3_2304/bot9_0.mtx 4.4 0 -1 -1 
../tests/q3_2304/bot9_0.mtx 4.5 0 -1 -1 
../tests/q3_2304/bot9_0.mtx 4.6 0 -1 -1 
../tests/q3_2304/bot9_0.mtx 4.7 0 -1 -1 
../tests/q3_2304/bot9_0.mtx 4.8 0 -1 -1 
../tests/q3_2304/bot9_0.mtx 4.9 0 -1 -1 
../tests/q3_2304/bot9_0.mtx 5 0 -1 -1 
../tests/q3_2304/bot9_1.mtx 1 255.09 0.0559722 0.92 
../tests/q3_2304/bot9_1.mtx 1.1 244.593 0.0449089 0.84 
../tests/q3_2304/bot9_1.mtx 1.2 233.311 0.0348351 0.71 
../tests/q3_2304/bot9_1.mtx 1.3 221.845 0.0276519 0.63 
../tests/q3_2304/bot9_1.mtx 1.4 305.066 0.0191016 0.51 
../tests/q3_2304/bot9_1.mtx 1.5 289.9 0.0133116 0.375 
../tests/q3_2304/bot9_1.mtx 1.6 347.029 0.00749132 0.24 
../tests/q3_2304/bot9_1.mtx 1.7 404.836 0.00506836 0.18 
../tests/q3_2304/bot9_1.mtx 1.8 491.176 0.00265046 0.101667 
../tests/q3_2304/bot9_1.mtx 1.9 596.868 0.00152826 0.06 
../tests/q3_2304/bot9_1.mtx 2 837.965 0.000782986 0.034 
../tests/q3_2304/bot9_1.mtx 2.1 1390 0.000324473 0.0175862 
../tests/q3_2304/bot9_1.mtx 2.2 1828.64 0.00018022 0.0120455 
../tests/q3_2304/bot9_1.mtx 2.3 3239.06 8.21239e-05 0.00561798 
../tests/q3_2304/bot9_1.mtx 2.4 4925.11 3.73037e-05 0.00326797 
../tests/q3_2304/bot9_1.mtx 2.5 6092.46 2.058e-05 0.00239234 
../tests/q3_2304/bot9_1.mtx 2.6 7200.12 1.49995e-05 0.00183824 
../tests/q3_2304/bot9_1.mtx 2.7 10441.5 6.9769e-06 0.00116822 
../tests/q3_2304/bot9_1.mtx 2.8 10621 4.34028e-06 0.00107066 
../tests/q3_2304/bot9_1.mtx 2.9 13277.5 3.41961e-06 0.000797448 
../tests/q3_2304/bot9_1.mtx 3 0 -1 -1 
../tests/q3_2304/bot9_1.mtx 3.1 0 -1 -1 
../tests/q3_2304/bot9_1.mtx 3.2 0 -1 -1 
../tests/q3_2304/bot9_1.mtx 3.3 0 -1 -1 
../tests/q3_2304/bot9_1.mtx 3.4 0 -1 -1 
../tests/q3_2304/bot9_1.mtx 3.5 0 -1 -1 
../tests/q3_2304/bot9_1.mtx 3.6 0 -1 -1 
../tests/q3_2304/bot9_1.mtx 3.7 0 -1 -1 
../tests/q3_2304/bot9_1.mtx 3.8 0 -1 -1 
../tests/q3_2304/bot9_1.mtx 3.9 0 -1 -1 
../tests/q3_2304/bot9_1.mtx 4 0 -1 -1 
../tests/q3_2304/bot9_1.mtx 4.1 0 -1 -1 
../tests/q3_2304/bot9_1.mtx 4.2 0 -1 -1 
../tests/q3_2304/bot9_1.mtx 4.3 0 -1 -1 
../tests/q3_2304/bot9_1.mtx 4.4 0 -1 -1 
../tests/q3_2304/bot9_1.mtx 4.5 0 -1 -1 
../tests/q3_2304/bot9_1.mtx 4.6 0 -1 -1 
../tests/q3_2304/bot9_1.mtx 4.7 0 -1 -1 
../tests/q3_2304/bot9_1.mtx 4.8 0 -1 -1 
../tests/q3_2304/bot9_1.mtx 4.9 0 -1 -1 
../tests/q3_2304/bot9_1.mtx 5 0 -1 -1 
../tests/q3_2304/bot9_2.mtx 1 252.834 0.0533464 0.88 
../tests/q3_2304/bot9_2.mtx 1.1 238.914 0.0443837 0.86 
../tests/q3_2304/bot9_2.mtx 1.2 239.431 0.0368576 0.8 
../tests/q3_2304/bot9_2.mtx 1.3 230.881 0.0272786 0.66 
../tests/q3_2304/bot9_2.mtx 1.4 207.166 0.0197266 0.5 
../tests/q3_2304/bot9_2.mtx 1.5 294.848 0.0130056 0.405 
../tests/q3_2304/bot9_2.mtx 1.6 271.43 0.00919705 0.31 
../tests/q3_2304/bot9_2.mtx 1.7 346.28 0.0054022 0.223333 
../tests/q3_2304/bot9_2.mtx 1.8 382.214 0.00337023 0.155 
../tests/q3_2304/bot9_2.mtx 1.9 464.852 0.00192202 0.09 
../tests/q3_2304/bot9_2.mtx 2 587.487 0.00111545 0.0633333 
../tests/q3_2304/bot9_2.mtx 2.1 679.442 0.000595703 0.0433333 
../tests/q3_2304/bot9_2.mtx 2.2 894.089 0.000377604 0.0311765 
../tests/q3_2304/bot9_2.mtx 2.3 1155.2 0.000226389 0.0204 
../tests/q3_2304/bot9_2.mtx 2.4 1490.98 0.000112606 0.0138889 
../tests/q3_2304/bot9_2.mtx 2.5 2166.01 4.88465e-05 0.00847458 
../tests/q3_2304/bot9_2.mtx 2.6 3372.02 2.54034e-05 0.00490196 
../tests/q3_2304/bot9_2.mtx 2.7 4359.54 2.25281e-05 0.00340136 
../tests/q3_2304/bot9_2.mtx 2.8 5655.37 1.09342e-05 0.00240385 
../tests/q3_2304/bot9_2.mtx 2.9 5661.96 9.5564e-06 0.00224215 
../tests/q3_2304/bot9_2.mtx 3 7224.4 5.32218e-06 0.00163934 
../tests/q3_2304/bot9_2.mtx 3.1 8691.71 4.9397e-06 0.00127877 
../tests/q3_2304/bot9_2.mtx 3.2 11241.5 2.99247e-06 0.000924214 
../tests/q3_2304/bot9_2.mtx 3.3 0 -1 -1 
../tests/q3_2304/bot9_2.mtx 3.4 0 -1 -1 
../tests/q3_2304/bot9_2.mtx 3.5 0 -1 -1 
../tests/q3_2304/bot9_2.mtx 3.6 0 -1 -1 
../tests/q3_2304/bot9_2.mtx 3.7 0 -1 -1 
../tests/q3_2304/bot9_2.mtx 3.8 0 -1 -1 
../tests/q3_2304/bot9_2.mtx 3.9 0 -1 -1 
../tests/q3_2304/bot9_2.mtx 4 0 -1 -1 
../tests/q3_2304/bot9_2.mtx 4.1 0 -1 -1 
../tests/q3_2304/bot9_2.mtx 4.2 0 -1 -1 
../tests/q3_2304/bot9_2.mtx 4.3 0 -1 -1 
../tests/q3_2304/bot9_2.mtx 4.4 0 -1 -1 
../tests/q3_2304/bot9_2.mtx 4.5 0 -1 -1 
../tests/q3_2304/bot9_2.mtx 4.6 0 -1 -1 
../tests/q3_2304/bot9_2.mtx 4.7 0 -1 -1 
../tests/q3_2304/bot9_2.mtx 4.8 0 -1 -1 
../tests/q3_2304/bot9_2.mtx 4.9 0 -1 -1 
../tests/q3_2304/bot9_2.mtx 5 0 -1 -1 
../tests/q3_2304/bot9_3.mtx 1 255.762 0.0552214 0.96 
../tests/q3_2304/bot9_3.mtx 1.1 240.874 0.0457509 0.91 
../tests/q3_2304/bot9_3.mtx 1.2 235.037 0.0347135 0.8 
../tests/q3_2304/bot9_3.mtx 1.3 226.917 0.0268359 0.69 
../tests/q3_2304/bot9_3.mtx 1.4 209.999 0.0191536 0.59 
../tests/q3_2304/bot9_3.mtx 1.5 293.354 0.0135807 0.42 
../tests/q3_2304/bot9_3.mtx 1.6 275.965 0.00842014 0.325 
../tests/q3_2304/bot9_3.mtx 1.7 339.162 0.00619068 0.256667 
../tests/q3_2304/bot9_3.mtx 1.8 323.732 0.00377604 0.176667 
../tests/q3_2304/bot9_3.mtx 1.9 403.516 0.00221528 0.116 
../tests/q3_2304/bot9_3.mtx 2 512.506 0.00121094 0.0675 
../tests/q3_2304/bot9_3.mtx 2.1 679.802 0.000705657 0.0416667 
../tests/q3_2304/bot9_3.mtx 2.2 815.354 0.000394151 0.031875 
../tests/q3_2304/bot9_3.mtx 2.3 1208.24 0.00015191 0.0185185 
../tests/q3_2304/bot9_3.mtx 2.4 1391.07 0.000109401 0.0155882 
../tests/q3_2304/bot9_3.mtx 2.5 1640.19 5.07023e-05 0.0113636 
../tests/q3_2304/bot9_3.mtx 2.6 1770.54 3.82115e-05 0.00980392 
../tests/q3_2304/bot9_3.mtx 2.7 2264.8 2.74884e-05 0.00694444 
../tests/q3_2304/bot9_3.mtx 2.8 2647.38 2.34941e-05 0.00554348 
../tests/q3_2304/bot9_3.mtx 2.9 3133.19 1.50438e-05 0.00423729 
../tests/q3_2304/bot9_3.mtx 3 4193.72 1.1175e-05 0.00293103 
../tests/q3_2304/bot9_3.mtx 3.1 4518.57 1.14566e-05 0.00253807 
../tests/q3_2304/bot9_3.mtx 3.2 4739.75 8.26999e-06 0.00225225 
../tests/q3_2304/bot9_3.mtx 3.3 6494.41 6.1553e-06 0.00151515 
../tests/q3_2304/bot9_3.mtx 3.4 7014.04 5.06175e-06 0.00131926 
../tests/q3_2304/bot9_3.mtx 3.5 8293.67 4.16848e-06 0.00104167 
../tests/q3_2304/bot9_3.mtx 3.6 11328.6 2.88523e-06 0.000730659 
../tests/q3_2304/bot9_3.mtx 3.7 0 -1 -1 
../tests/q3_2304/bot9_3.mtx 3.8 0 -1 -1 
../tests/q3_2304/bot9_3.mtx 3.9 0 -1 -1 
../tests/q3_2304/bot9_3.mtx 4 0 -1 -1 
../tests/q3_2304/bot9_3.mtx 4.1 0 -1 -1 
../tests/q3_2304/bot9_3.mtx 4.2 0 -1 -1 
../tests/q3_2304/bot9_3.mtx 4.3 0 -1 -1 
../tests/q3_2304/bot9_3.mtx 4.4 0 -1 -1 
../tests/q3_2304/bot9_3.mtx 4.5 0 -1 -1 
../tests/q3_2304/bot9_3.mtx 4.6 0 -1 -1 
../tests/q3_2304/bot9_3.mtx 4.7 0 -1 -1 
../tests/q3_2304/bot9_3.mtx 4.8 0 -1 -1 
../tests/q3_2304/bot9_3.mtx 4.9 0 -1 -1 
../tests/q3_2304/bot9_3.mtx 5 0 -1 -1 
../tests/q3_2304/bot9_4.mtx 1 259.147 0.0554644 0.92 
../tests/q3_2304/bot9_4.mtx 1.1 240.314 0.0438108 0.87 
../tests/q3_2304/bot9_4.mtx 1.2 227.705 0.0340321 0.72 
../tests/q3_2304/bot9_4.mtx 1.3 216.415 0.0262543 0.63 
../tests/q3_2304/bot9_4.mtx 1.4 301.978 0.0194792 0.505 
../tests/q3_2304/bot9_4.mtx 1.5 274.072 0.0122938 0.335 
../tests/q3_2304/bot9_4.mtx 1.6 336.418 0.00827112 0.22 
../tests/q3_2304/bot9_4.mtx 1.7 369.765 0.00507595 0.1425 
../tests/q3_2304/bot9_4.mtx 1.8 452.782 0.00278863 0.0883333 
../tests/q3_2304/bot9_4.mtx 1.9 565.361 0.00169271 0.0555556 
../tests/q3_2304/bot9_4.mtx 2 1000.35 0.000688585 0.025 
../tests/q3_2304/bot9_4.mtx 2.1 1798.95 0.000328931 0.012381 
../tests/q3_2304/bot9_4.mtx 2.2 2327.84 0.000169271 0.00793651 
../tests/q3_2304/bot9_4.mtx 2.3 5898.99 6.22716e-05 0.00263158 
../tests/q3_2304/bot9_4.mtx 2.4 11324.3 2.54783e-05 0.00120192 
../tests/q3_2304/bot9_4.mtx 2.5 27625.1 7.13428e-06 0.000440917 
../tests/q3_2304/bot9_4.mtx 2.6 0 -1 -1 
../tests/q3_2304/bot9_4.mtx 2.7 0 -1 -1 
../tests/q3_2304/bot9_4.mtx 2.8 0 -1 -1 
../tests/q3_2304/bot9_4.mtx 2.9 0 -1 -1 
../tests/q3_2304/bot9_4.mtx 3 0 -1 -1 
../tests/q3_2304/bot9_4.mtx 3.1 0 -1 -1 
../tests/q3_2304/bot9_4.mtx 3.2 0 -1 -1 
../tests/q3_2304/bot9_4.mtx 3.3 0 -1 -1 
../tests/q3_2304/bot9_4.mtx 3.4 0 -1 -1 
../tests/q3_2304/bot9_4.mtx 3.5 0 -1 -1 
../tests/q3_2304/bot9_4.mtx 3.6 0 -1 -1 
../tests/q3_2304/bot9_4.mtx 3.7 0 -1 -1 
../tests/q3_2304/bot9_4.mtx 3.8 0 -1 -1 
../tests/q3_2304/bot9_4.mtx 3.9 0 -1 -1 
../tests/q3_2304/bot9_4.mtx 4 0 -1 -1 
../tests/q3_2304/bot9_4.mtx 4.1 0 -1 -1 
../tests/q3_2304/bot9_4.mtx 4.2 0 -1 -1 
../tests/q3_2304/bot9_4.mtx 4.3 0 -1 -1 
../tests/q3_2304/bot9_4.mtx 4.4 0 -1 -1 
../tests/q3_2304/bot9_4.mtx 4.5 0 -1 -1 
../tests/q3_2304/bot9_4.mtx 4.6 0 -1 -1 
../tests/q3_2304/bot9_4.mtx 4.7 0 -1 -1 
../tests/q3_2304/bot9_4.mtx 4.8 0 -1 -1 
../tests/q3_2304/bot9_4.mtx 4.9 0 -1 -1 
../tests/q3_2304/bot9_4.mtx 5 0 -1 -1 
../tests/q3_2304/bot9_5.mtx 1 255.681 0.0496094 0.92 
../tests/q3_2304/bot9_5.mtx 1.1 239.961 0.0381467 0.84 
../tests/q3_2304/bot9_5.mtx 1.2 232.612 0.0293316 0.71 
../tests/q3_2304/bot9_5.mtx 1.3 212.586 0.0214019 0.57 
../tests/q3_2304/bot9_5.mtx 1.4 294.033 0.0151085 0.46 
../tests/q3_2304/bot9_5.mtx 1.5 285.87 0.00906684 0.325 
../tests/q3_2304/bot9_5.mtx 1.6 341.718 0.00668981 0.233333 
../tests/q3_2304/bot9_5.mtx 1.7 398.172 0.0039247 0.155 
../tests/q3_2304/bot9_5.mtx 1.8 415.313 0.00243403 0.112 
../tests/q3_2304/bot9_5.mtx 1.9 554.279 0.0011046 0.0625 
../tests/q3_2304/bot9_5.mtx 2 809.463 0.000570126 0.0371429 
../tests/q3_2304/bot9_5.mtx 2.1 932.741 0.000388214 0.0283333 
../tests/q3_2304/bot9_5.mtx 2.2 1652.9 0.000178066 0.0134211 
../tests/q3_2304/bot9_5.mtx 2.3 2018.24 0.000101869 0.00980392 
../tests/q3_2304/bot9_5.mtx 2.4 2868.97 5.51163e-05 0.0060241 
../tests/q3_2304/bot9_5.mtx 2.5 3411.24 3.06276e-05 0.00471698 
../tests/q3_2304/bot9_5.mtx 2.6 4236.25 2.22477e-05 0.0034965 
../tests/q3_2304/bot9_5.mtx 2.7 5004.55 1.63834e-05 0.00274725 
../tests/q3_2304/bot9_5.mtx 2.8 7006.16 9.97639e-06 0.00179856 
../tests/q3_2304/bot9_5.mtx 2.9 7496.22 7.14789e-06 0.0015625 
../tests/q3_2304/bot9_5.mtx 3 8524.58 5.22172e-06 0.00128535 
../tests/q3_2304/bot9_5.mtx 3.1 10291.8 4.06525e-06 0.0010099 
../tests/q3_2304/bot9_5.mtx 3.2 12310 3.14064e-06 0.000776398 
../tests/q3_2304/bot9_5.mtx 3.3 0 -1 -1 
../tests/q3_2304/bot9_5.mtx 3.4 0 -1 -1 
../tests/q3_2304/bot9_5.mtx 3.5 0 -1 -1 
../tests/q3_2304/bot9_5.mtx 3.6 0 -1 -1 
../tests/q3_2304/bot9_5.mtx 3.7 0 -1 -1 
../tests/q3_2304/bot9_5.mtx 3.8 0 -1 -1 
../tests/q3_2304/bot9_5.mtx 3.9 0 -1 -1 
../tests/q3_2304/bot9_5.mtx 4 0 -1 -1 
../tests/q3_2304/bot9_5.mtx 4.1 0 -1 -1 
../tests/q3_2304/bot9_5.mtx 4.2 0 -1 -1 
../tests/q3_2304/bot9_5.mtx 4.3 0 -1 -1 
../tests/q3_2304/bot9_5.mtx 4.4 0 -1 -1 
../tests/q3_2304/bot9_5.mtx 4.5 0 -1 -1 
../tests/q3_2304/bot9_5.mtx 4.6 0 -1 -1 
../tests/q3_2304/bot9_5.mtx 4.7 0 -1 -1 
../tests/q3_2304/bot9_5.mtx 4.8 0 -1 -1 
../tests/q3_2304/bot9_5.mtx 4.9 0 -1 -1 
../tests/q3_2304/bot9_5.mtx 5 0 -1 -1 
../tests/q3_2304/bot9_6.mtx 1 266.454 0.0567969 0.94 
../tests/q3_2304/bot9_6.mtx 1.1 254.484 0.0448351 0.85 
../tests/q3_2304/bot9_6.mtx 1.2 249.195 0.0347439 0.74 
