Results
Filename SNR Time(ms) BER FER
../tests/rr3_2304/bot10_0.mtx 1 381.937 0.058776 0.8 
../tests/rr3_2304/bot10_0.mtx 1.1 360.103 0.0444792 0.64 
../tests/rr3_2304/bot10_0.mtx 1.2 352.55 0.0349045 0.52 
../tests/rr3_2304/bot10_0.mtx 1.3 436.98 0.0224089 0.38 
../tests/rr3_2304/bot10_0.mtx 1.4 463.183 0.010583 0.183333 
../tests/rr3_2304/bot10_0.mtx 1.5 561.376 0.0062691 0.106 
../tests/rr3_2304/bot10_0.mtx 1.6 700.61 0.00368869 0.0625 
../tests/rr3_2304/bot10_0.mtx 1.7 1131.7 0.00147684 0.0268421 
../tests/rr3_2304/bot10_0.mtx 1.8 2675.3 0.000443885 0.00847458 
../tests/rr3_2304/bot10_0.mtx 1.9 6455.97 0.000130968 0.00282486 
../tests/rr3_2304/bot10_0.mtx 2 17964.7 4.13155e-05 0.000868056 
../tests/rr3_2304/bot10_0.mtx 2.1 0 -1 -1 
../tests/rr3_2304/bot10_0.mtx 2.2 0 -1 -1 
../tests/rr3_2304/bot10_0.mtx 2.3 0 -1 -1 
../tests/rr3_2304/bot10_0.mtx 2.4 0 -1 -1 
../tests/rr3_2304/bot10_0.mtx 2.5 0 -1 -1 
../tests/rr3_2304/bot10_0.mtx 2.6 0 -1 -1 
../tests/rr3_2304/bot10_0.mtx 2.7 0 -1 -1 
../tests/rr3_2304/bot10_0.mtx 2.8 0 -1 -1 
../tests/rr3_2304/bot10_0.mtx 2.9 0 -1 -1 
../tests/rr3_2304/bot10_0.mtx 3 0 -1 -1 
../tests/rr3_2304/bot10_0.mtx 3.1 0 -1 -1 
../tests/rr3_2304/bot10_0.mtx 3.2 0 -1 -1 
../tests/rr3_2304/bot10_0.mtx 3.3 0 -1 -1 
../tests/rr3_2304/bot10_0.mtx 3.4 0 -1 -1 
../tests/rr3_2304/bot10_0.mtx 3.5 0 -1 -1 
../tests/rr3_2304/bot10_0.mtx 3.6 0 -1 -1 
../tests/rr3_2304/bot10_0.mtx 3.7 0 -1 -1 
../tests/rr3_2304/bot10_0.mtx 3.8 0 -1 -1 
../tests/rr3_2304/bot10_0.mtx 3.9 0 -1 -1 
../tests/rr3_2304/bot10_0.mtx 4 0 -1 -1 
../tests/rr3_2304/bot10_0.mtx 4.1 0 -1 -1 
../tests/rr3_2304/bot10_0.mtx 4.2 0 -1 -1 
../tests/rr3_2304/bot10_0.mtx 4.3 0 -1 -1 
../tests/rr3_2304/bot10_0.mtx 4.4 0 -1 -1 
../tests/rr3_2304/bot10_0.mtx 4.5 0 -1 -1 
../tests/rr3_2304/bot10_0.mtx 4.6 0 -1 -1 
../tests/rr3_2304/bot10_0.mtx 4.7 0 -1 -1 
../tests/rr3_2304/bot10_0.mtx 4.8 0 -1 -1 
../tests/rr3_2304/bot10_0.mtx 4.9 0 -1 -1 
../tests/rr3_2304/bot10_0.mtx 5 0 -1 -1 
../tests/rr3_2304/bot10_1.mtx 1 421.873 0.0589497 0.81 
../tests/rr3_2304/bot10_1.mtx 1.1 368.409 0.0462674 0.73 
../tests/rr3_2304/bot10_1.mtx 1.2 342.502 0.0312891 0.53 
../tests/rr3_2304/bot10_1.mtx 1.3 424.314 0.0184939 0.335 
../tests/rr3_2304/bot10_1.mtx 1.4 485.247 0.0132639 0.256667 
../tests/rr3_2304/bot10_1.mtx 1.5 536.691 0.00787652 0.165 
../tests/rr3_2304/bot10_1.mtx 1.6 633.137 0.00396195 0.0933333 
../tests/rr3_2304/bot10_1.mtx 1.7 865.359 0.00147017 0.0472727 
../tests/rr3_2304/bot10_1.mtx 1.8 1159.45 0.00077064 0.0277778 
../tests/rr3_2304/bot10_1.mtx 1.9 1596.73 0.000382992 0.017931 
../tests/rr3_2304/bot10_1.mtx 2 2074.03 0.000164224 0.0116279 
../tests/rr3_2304/bot10_1.mtx 2.1 3000.36 5.61222e-05 0.00708333 
../tests/rr3_2304/bot10_1.mtx 2.2 3356.83 3.664e-05 0.00593023 
../tests/rr3_2304/bot10_1.mtx 2.3 3796.98 1.60751e-05 0.00462963 
../tests/rr3_2304/bot10_1.mtx 2.4 4058.18 1.05007e-05 0.00403226 
../tests/rr3_2304/bot10_1.mtx 2.5 4254.69 9.14893e-06 0.00359712 
../tests/rr3_2304/bot10_1.mtx 2.6 4511.41 7.58175e-06 0.00316456 
../tests/rr3_2304/bot10_1.mtx 2.7 5762.4 5.16888e-06 0.00227273 
../tests/rr3_2304/bot10_1.mtx 2.8 6267.56 4.67804e-06 0.00194553 
../tests/rr3_2304/bot10_1.mtx 2.9 7481.19 3.86245e-06 0.00155963 
../tests/rr3_2304/bot10_1.mtx 3 7568.1 3.39782e-06 0.00142857 
../tests/rr3_2304/bot10_1.mtx 3.1 8816.93 2.62225e-06 0.00115741 
../tests/rr3_2304/bot10_1.mtx 3.2 11174.4 1.9803e-06 0.000857633 
../tests/rr3_2304/bot10_1.mtx 3.3 0 -1 -1 
../tests/rr3_2304/bot10_1.mtx 3.4 0 -1 -1 
../tests/rr3_2304/bot10_1.mtx 3.5 0 -1 -1 
../tests/rr3_2304/bot10_1.mtx 3.6 0 -1 -1 
../tests/rr3_2304/bot10_1.mtx 3.7 0 -1 -1 
../tests/rr3_2304/bot10_1.mtx 3.8 0 -1 -1 
../tests/rr3_2304/bot10_1.mtx 3.9 0 -1 -1 
../tests/rr3_2304/bot10_1.mtx 4 0 -1 -1 
../tests/rr3_2304/bot10_1.mtx 4.1 0 -1 -1 
../tests/rr3_2304/bot10_1.mtx 4.2 0 -1 -1 
../tests/rr3_2304/bot10_1.mtx 4.3 0 -1 -1 
../tests/rr3_2304/bot10_1.mtx 4.4 0 -1 -1 
../tests/rr3_2304/bot10_1.mtx 4.5 0 -1 -1 
../tests/rr3_2304/bot10_1.mtx 4.6 0 -1 -1 
../tests/rr3_2304/bot10_1.mtx 4.7 0 -1 -1 
../tests/rr3_2304/bot10_1.mtx 4.8 0 -1 -1 
../tests/rr3_2304/bot10_1.mtx 4.9 0 -1 -1 
../tests/rr3_2304/bot10_1.mtx 5 0 -1 -1 
../tests/rr3_2304/bot10_2.mtx 1 385.923 0.0578993 0.76 
../tests/rr3_2304/bot10_2.mtx 1.1 330.873 0.0423698 0.63 
../tests/rr3_2304/bot10_2.mtx 1.2 416.503 0.0314909 0.475 
../tests/rr3_2304/bot10_2.mtx 1.3 402.294 0.0227387 0.365 
../tests/rr3_2304/bot10_2.mtx 1.4 443.719 0.0127778 0.223333 
../tests/rr3_2304/bot10_2.mtx 1.5 551.806 0.00622135 0.114 
../tests/rr3_2304/bot10_2.mtx 1.6 696.785 0.00329915 0.065 
../tests/rr3_2304/bot10_2.mtx 1.7 1133.69 0.00133319 0.0277778 
../tests/rr3_2304/bot10_2.mtx 1.8 2499.08 0.000458677 0.00981132 
../tests/rr3_2304/bot10_2.mtx 1.9 5269.2 0.000175195 0.00372263 
../tests/rr3_2304/bot10_2.mtx 2 14120.1 5.00102e-05 0.00117647 
../tests/rr3_2304/bot10_2.mtx 2.1 39805.4 1.30783e-05 0.000367918 
../tests/rr3_2304/bot10_2.mtx 2.2 0 -1 -1 
../tests/rr3_2304/bot10_2.mtx 2.3 0 -1 -1 
../tests/rr3_2304/bot10_2.mtx 2.4 0 -1 -1 
../tests/rr3_2304/bot10_2.mtx 2.5 0 -1 -1 
../tests/rr3_2304/bot10_2.mtx 2.6 0 -1 -1 
../tests/rr3_2304/bot10_2.mtx 2.7 0 -1 -1 
../tests/rr3_2304/bot10_2.mtx 2.8 0 -1 -1 
../tests/rr3_2304/bot10_2.mtx 2.9 0 -1 -1 
../tests/rr3_2304/bot10_2.mtx 3 0 -1 -1 
../tests/rr3_2304/bot10_2.mtx 3.1 0 -1 -1 
../tests/rr3_2304/bot10_2.mtx 3.2 0 -1 -1 
../tests/rr3_2304/bot10_2.mtx 3.3 0 -1 -1 
../tests/rr3_2304/bot10_2.mtx 3.4 0 -1 -1 
../tests/rr3_2304/bot10_2.mtx 3.5 0 -1 -1 
../tests/rr3_2304/bot10_2.mtx 3.6 0 -1 -1 
../tests/rr3_2304/bot10_2.mtx 3.7 0 -1 -1 
../tests/rr3_2304/bot10_2.mtx 3.8 0 -1 -1 
../tests/rr3_2304/bot10_2.mtx 3.9 0 -1 -1 
../tests/rr3_2304/bot10_2.mtx 4 0 -1 -1 
../tests/rr3_2304/bot10_2.mtx 4.1 0 -1 -1 
../tests/rr3_2304/bot10_2.mtx 4.2 0 -1 -1 
../tests/rr3_2304/bot10_2.mtx 4.3 0 -1 -1 
../tests/rr3_2304/bot10_2.mtx 4.4 0 -1 -1 
../tests/rr3_2304/bot10_2.mtx 4.5 0 -1 -1 
../tests/rr3_2304/bot10_2.mtx 4.6 0 -1 -1 
../tests/rr3_2304/bot10_2.mtx 4.7 0 -1 -1 
../tests/rr3_2304/bot10_2.mtx 4.8 0 -1 -1 
../tests/rr3_2304/bot10_2.mtx 4.9 0 -1 -1 
../tests/rr3_2304/bot10_2.mtx 5 0 -1 -1 
../tests/rr3_2304/bot10_3.mtx 1 367.184 0.0617101 0.84 
../tests/rr3_2304/bot10_3.mtx 1.1 313.915 0.0459028 0.67 
../tests/rr3_2304/bot10_3.mtx 1.2 290.985 0.0320009 0.52 
../tests/rr3_2304/bot10_3.mtx 1.3 364.186 0.0170291 0.28 
../tests/rr3_2304/bot10_3.mtx 1.4 419.385 0.00920862 0.186667 
../tests/rr3_2304/bot10_3.mtx 1.5 518.461 0.00512674 0.104 
../tests/rr3_2304/bot10_3.mtx 1.6 710.01 0.00266782 0.0588889 
../tests/rr3_2304/bot10_3.mtx 1.7 1165.73 0.00121642 0.0273684 
../tests/rr3_2304/bot10_3.mtx 1.8 2008.9 0.000534722 0.0125 
../tests/rr3_2304/bot10_3.mtx 1.9 3666.77 0.00022382 0.00568182 
../tests/rr3_2304/bot10_3.mtx 2 10571.7 6.59207e-05 0.00165017 
../tests/rr3_2304/bot10_3.mtx 2.1 34562.7 1.3777e-05 0.000444444 
../tests/rr3_2304/bot10_3.mtx 2.2 0 -1 -1 
../tests/rr3_2304/bot10_3.mtx 2.3 0 -1 -1 
../tests/rr3_2304/bot10_3.mtx 2.4 0 -1 -1 
../tests/rr3_2304/bot10_3.mtx 2.5 0 -1 -1 
../tests/rr3_2304/bot10_3.mtx 2.6 0 -1 -1 
../tests/rr3_2304/bot10_3.mtx 2.7 0 -1 -1 
../tests/rr3_2304/bot10_3.mtx 2.8 0 -1 -1 
../tests/rr3_2304/bot10_3.mtx 2.9 0 -1 -1 
../tests/rr3_2304/bot10_3.mtx 3 0 -1 -1 
../tests/rr3_2304/bot10_3.mtx 3.1 0 -1 -1 
../tests/rr3_2304/bot10_3.mtx 3.2 0 -1 -1 
../tests/rr3_2304/bot10_3.mtx 3.3 0 -1 -1 
../tests/rr3_2304/bot10_3.mtx 3.4 0 -1 -1 
../tests/rr3_2304/bot10_3.mtx 3.5 0 -1 -1 
../tests/rr3_2304/bot10_3.mtx 3.6 0 -1 -1 
../tests/rr3_2304/bot10_3.mtx 3.7 0 -1 -1 
../tests/rr3_2304/bot10_3.mtx 3.8 0 -1 -1 
../tests/rr3_2304/bot10_3.mtx 3.9 0 -1 -1 
../tests/rr3_2304/bot10_3.mtx 4 0 -1 -1 
../tests/rr3_2304/bot10_3.mtx 4.1 0 -1 -1 
../tests/rr3_2304/bot10_3.mtx 4.2 0 -1 -1 
../tests/rr3_2304/bot10_3.mtx 4.3 0 -1 -1 
../tests/rr3_2304/bot10_3.mtx 4.4 0 -1 -1 
../tests/rr3_2304/bot10_3.mtx 4.5 0 -1 -1 
../tests/rr3_2304/bot10_3.mtx 4.6 0 -1 -1 
../tests/rr3_2304/bot10_3.mtx 4.7 0 -1 -1 
../tests/rr3_2304/bot10_3.mtx 4.8 0 -1 -1 
../tests/rr3_2304/bot10_3.mtx 4.9 0 -1 -1 
../tests/rr3_2304/bot10_3.mtx 5 0 -1 -1 
../tests/rr3_2304/bot10_4.mtx 1 377.91 0.0610026 0.8 
../tests/rr3_2304/bot10_4.mtx 1.1 335.562 0.0507422 0.7 
../tests/rr3_2304/bot10_4.mtx 1.2 312.497 0.0377908 0.59 
../tests/rr3_2304/bot10_4.mtx 1.3 383.525 0.0213194 0.355 
../tests/rr3_2304/bot10_4.mtx 1.4 435.215 0.0103009 0.183333 
