This is pdfTeX, Version 3.14159265-2.6-1.40.17 (TeX Live 2016) (preloaded format=pdflatex 2016.5.22)  29 MAR 2017 21:14
entering extended mode
 restricted \write18 enabled.
 file:line:error style messages enabled.
 %&-line parsing enabled.
**\input thesis.tex
(./thesis.tex (/usr/local/texlive/2016/texmf-dist/tex/latex/base/report.cls
Document Class: report 2014/09/29 v1.4h Standard LaTeX document class
(/usr/local/texlive/2016/texmf-dist/tex/latex/base/size10.clo
File: size10.clo 2014/09/29 v1.4h Standard LaTeX file (size option)
)
\c@part=\count79
\c@chapter=\count80
\c@section=\count81
\c@subsection=\count82
\c@subsubsection=\count83
\c@paragraph=\count84
\c@subparagraph=\count85
\c@figure=\count86
\c@table=\count87
\abovecaptionskip=\skip41
\belowcaptionskip=\skip42
\bibindent=\dimen102
)
(/usr/local/texlive/2016/texmf-dist/tex/latex/cmap/cmap.sty
Package: cmap 2008/03/06 v1.0h CMap support: searchable PDF
)
(/usr/local/texlive/2016/texmf-dist/tex/latex/base/fontenc.sty
Package: fontenc 2005/09/27 v1.99g Standard LaTeX package

(/usr/local/texlive/2016/texmf-dist/tex/latex/cyrillic/t2aenc.def
File: t2aenc.def 2005/09/27 v1.0i Cyrillic encoding definition file
)
LaTeX Font Info:    Try loading font information for T2A+cmr on input line 105.


(/usr/local/texlive/2016/texmf-dist/tex/latex/cyrillic/t2acmr.fd
File: t2acmr.fd 2001/08/11 v1.0a Computer Modern Cyrillic font definitions
)<<t2a.cmap>>)
(/usr/local/texlive/2016/texmf-dist/tex/latex/base/inputenc.sty
Package: inputenc 2015/03/17 v1.2c Input encoding file
\inpenc@prehook=\toks14
\inpenc@posthook=\toks15

(/usr/local/texlive/2016/texmf-dist/tex/latex/ucs/utf8x.def
File: utf8x.def 2004/10/17 UCS: Input encoding UTF-8
))
(/usr/local/texlive/2016/texmf-dist/tex/latex/ucs/ucs.sty
Package: ucs 2013/05/11 v2.2 UCS: Unicode input support

(/usr/local/texlive/2016/texmf-dist/tex/latex/ucs/data/uni-global.def
File: uni-global.def 2013/05/13 UCS: Unicode global data
)
\uc@secondtry=\count88
\uc@combtoks=\toks16
\uc@combtoksb=\toks17
\uc@temptokena=\toks18
)
(/usr/local/texlive/2016/texmf-dist/tex/generic/babel/babel.sty
Package: babel 2016/04/23 3.9r The Babel package

(/usr/local/texlive/2016/texmf-dist/tex/generic/babel-english/english.ldf
Language: english 2012/08/20 v3.3p English support from the babel system

(/usr/local/texlive/2016/texmf-dist/tex/generic/babel/babel.def
File: babel.def 2016/04/23 3.9r Babel common definitions
\babel@savecnt=\count89
\U@D=\dimen103
)
\l@canadian = a dialect from \language\l@american 
\l@australian = a dialect from \language\l@british 
\l@newzealand = a dialect from \language\l@british 
)
(/usr/local/texlive/2016/texmf-dist/tex/generic/babel-russian/russianb.ldf
Language: russianb 2016/02/18 1.3h Russian support for the Babel system
Package babel Info: Making " an active character on input line 111.
))
(/usr/local/texlive/2016/texmf-dist/tex/latex/expdlist/expdlist.sty
Document Substyle `EXPDLIST'. Released 22.09.1999 (V 2.4)
English Documentation  22.09.99
\listpartsep=\skip43
) (/usr/local/texlive/2016/texmf-dist/tex/latex/graphics/graphicx.sty
Package: graphicx 2014/10/28 v1.0g Enhanced LaTeX Graphics (DPC,SPQR)

(/usr/local/texlive/2016/texmf-dist/tex/latex/graphics/keyval.sty
Package: keyval 2014/10/28 v1.15 key=value parser (DPC)
\KV@toks@=\toks19
)
(/usr/local/texlive/2016/texmf-dist/tex/latex/graphics/graphics.sty
Package: graphics 2016/05/09 v1.0r Standard LaTeX Graphics (DPC,SPQR)

(/usr/local/texlive/2016/texmf-dist/tex/latex/graphics/trig.sty
Package: trig 2016/01/03 v1.10 sin cos tan (DPC)
)
(/usr/local/texlive/2016/texmf-dist/tex/latex/graphics-cfg/graphics.cfg
File: graphics.cfg 2016/01/02 v1.10 sample graphics configuration
)
Package graphics Info: Driver file: pdftex.def on input line 96.

(/usr/local/texlive/2016/texmf-dist/tex/latex/pdftex-def/pdftex.def
File: pdftex.def 2011/05/27 v0.06d Graphics/color for pdfTeX

(/usr/local/texlive/2016/texmf-dist/tex/generic/oberdiek/infwarerr.sty
Package: infwarerr 2016/05/16 v1.4 Providing info/warning/error messages (HO)
)
(/usr/local/texlive/2016/texmf-dist/tex/generic/oberdiek/ltxcmds.sty
Package: ltxcmds 2016/05/16 v1.23 LaTeX kernel commands for general use (HO)
)
\Gread@gobject=\count90
))
\Gin@req@height=\dimen104
\Gin@req@width=\dimen105
)
(/usr/local/texlive/2016/texmf-dist/tex/latex/amsmath/amsmath.sty
Package: amsmath 2016/03/10 v2.15b AMS math features
\@mathmargin=\skip44

For additional information on amsmath, use the `?' option.
(/usr/local/texlive/2016/texmf-dist/tex/latex/amsmath/amstext.sty
Package: amstext 2000/06/29 v2.01 AMS text

(/usr/local/texlive/2016/texmf-dist/tex/latex/amsmath/amsgen.sty
File: amsgen.sty 1999/11/30 v2.0 generic functions
\@emptytoks=\toks20
\ex@=\dimen106
))
(/usr/local/texlive/2016/texmf-dist/tex/latex/amsmath/amsbsy.sty
Package: amsbsy 1999/11/29 v1.2d Bold Symbols
\pmbraise@=\dimen107
)
(/usr/local/texlive/2016/texmf-dist/tex/latex/amsmath/amsopn.sty
Package: amsopn 2016/03/08 v2.02 operator names
)
\inf@bad=\count91
LaTeX Info: Redefining \frac on input line 199.
\uproot@=\count92
\leftroot@=\count93
LaTeX Info: Redefining \overline on input line 297.
\classnum@=\count94
\DOTSCASE@=\count95
LaTeX Info: Redefining \ldots on input line 394.
LaTeX Info: Redefining \dots on input line 397.
LaTeX Info: Redefining \cdots on input line 518.
\Mathstrutbox@=\box26
\strutbox@=\box27
\big@size=\dimen108
LaTeX Font Info:    Redeclaring font encoding OML on input line 634.
LaTeX Font Info:    Redeclaring font encoding OMS on input line 635.
\macc@depth=\count96
\c@MaxMatrixCols=\count97
\dotsspace@=\muskip10
\c@parentequation=\count98
\dspbrk@lvl=\count99
\tag@help=\toks21
\row@=\count100
\column@=\count101
\maxfields@=\count102
\andhelp@=\toks22
\eqnshift@=\dimen109
\alignsep@=\dimen110
\tagshift@=\dimen111
\tagwidth@=\dimen112
\totwidth@=\dimen113
\lineht@=\dimen114
\@envbody=\toks23
\multlinegap=\skip45
\multlinetaggap=\skip46
\mathdisplay@stack=\toks24
LaTeX Info: Redefining \[ on input line 2739.
LaTeX Info: Redefining \] on input line 2740.
)
(/usr/local/texlive/2016/texmf-dist/tex/latex/amsfonts/amssymb.sty
Package: amssymb 2013/01/14 v3.01 AMS font symbols

(/usr/local/texlive/2016/texmf-dist/tex/latex/amsfonts/amsfonts.sty
Package: amsfonts 2013/01/14 v3.01 Basic AMSFonts support
\symAMSa=\mathgroup4
\symAMSb=\mathgroup5
LaTeX Font Info:    Overwriting math alphabet `\mathfrak' in version `bold'
(Font)                  U/euf/m/n --> U/euf/b/n on input line 106.
))
(/usr/local/texlive/2016/texmf-dist/tex/latex/amscls/amsthm.sty
Package: amsthm 2015/03/04 v2.20.2
\thm@style=\toks25
\thm@bodyfont=\toks26
\thm@headfont=\toks27
\thm@notefont=\toks28
\thm@headpunct=\toks29
\thm@preskip=\skip47
\thm@postskip=\skip48
\thm@headsep=\skip49
\dth@everypar=\toks30
)
(/usr/local/texlive/2016/texmf-dist/tex/latex/amsmath/amsxtra.sty
Package: amsxtra 1999/11/15 v1.2c AMS extra commands
LaTeX Info: Redefining \nobreakspace on input line 54.
)
(/usr/local/texlive/2016/texmf-dist/tex/latex/tools/array.sty
Package: array 2014/10/28 v2.4c Tabular extension package (FMi)
\col@sep=\dimen115
\extrarowheight=\dimen116
\NC@list=\toks31
\extratabsurround=\skip50
\backup@length=\skip51
)
(/usr/local/texlive/2016/texmf-dist/tex/latex/wrapfig/wrapfig.sty
\wrapoverhang=\dimen117
\WF@size=\dimen118
\c@WF@wrappedlines=\count103
\WF@box=\box28
\WF@everypar=\toks32
Package: wrapfig 2003/01/31  v 3.6
)
(./sty/dbl12.sty)
(/usr/local/texlive/2016/texmf-dist/tex/latex/srcltx/srcltx.sty
Package: srcltx 2006/11/12 v1.6 Source specials for inverse search in DVI files


(/usr/local/texlive/2016/texmf-dist/tex/latex/base/ifthen.sty
Package: ifthen 2014/09/29 v1.1c Standard LaTeX ifthen package (DPC)
)
\src@lastline=\count104
\src@new@everypar=\toks33
\src@new@output=\toks34
)
(/usr/local/texlive/2016/texmf-dist/tex/latex/graphics/epsfig.sty
Package: epsfig 1999/02/16 v1.7a (e)psfig emulation (SPQR)
\epsfxsize=\dimen119
\epsfysize=\dimen120
)
(/usr/local/texlive/2016/texmf-dist/tex/latex/tools/verbatim.sty
Package: verbatim 2014/10/28 v1.5q LaTeX2e package for verbatim enhancements
\every@verbatim=\toks35
\verbatim@line=\toks36
\verbatim@in@stream=\read1
)
(./sty/rac.sty
\thelinewidth=\skip52
\c@anything=\count105
\c@map=\count106
\c@appendix=\count107
)
(/usr/local/texlive/2016/texmf-dist/tex/latex/listings/listings.sty
\lst@mode=\count108
\lst@gtempboxa=\box29
\lst@token=\toks37
\lst@length=\count109
\lst@currlwidth=\dimen121
\lst@column=\count110
\lst@pos=\count111
\lst@lostspace=\dimen122
\lst@width=\dimen123
\lst@newlines=\count112
\lst@lineno=\count113
\lst@maxwidth=\dimen124

(/usr/local/texlive/2016/texmf-dist/tex/latex/listings/lstmisc.sty
File: lstmisc.sty 2015/06/04 1.6 (Carsten Heinz)
\c@lstnumber=\count114
\lst@skipnumbers=\count115
\lst@framebox=\box30
)
(/usr/local/texlive/2016/texmf-dist/tex/latex/listings/listings.cfg
File: listings.cfg 2015/06/04 1.6 listings configuration
))
Package: listings 2015/06/04 1.6 (Carsten Heinz)

(/usr/local/texlive/2016/texmf-dist/tex/latex/placeins/placeins.sty
Package: placeins 2005/04/18  v 2.2
)
(/usr/local/texlive/2016/texmf-dist/tex/latex/caption/caption.sty
Package: caption 2016/02/21 v3.3-144 Customizing captions (AR)

(/usr/local/texlive/2016/texmf-dist/tex/latex/caption/caption3.sty
Package: caption3 2016/02/04 v1.7-139 caption3 kernel (AR)
Package caption3 Info: TeX engine: e-TeX on input line 67.
\captionmargin=\dimen125
\captionmargin@=\dimen126
\captionwidth=\dimen127
\caption@tempdima=\dimen128
\caption@indent=\dimen129
\caption@parindent=\dimen130
\caption@hangindent=\dimen131
Package caption Info: Unknown document class (or package),
(caption)             standard defaults will be used.
)

Package caption Warning: Unsupported document class (or package) detected,
(caption)                usage of the caption package is not recommended.
See the caption package documentation for explanation.

Package caption Info: \@makecaption = \long macro:#1#2-> \vskip 10pt \setbox \@
tempboxa \hbox {#1. #2} \ifdim \wd \@tempboxa >\hsize \setbox \@tempboxa \hbox 
{#1. } \def \@tempdimj {\hsize } \advance \@tempdimj -\wd \@tempboxa \hbox to\h
size {#1. \parbox [t]{\@tempdimj }{#2}} \else \hbox to\hsize {\hfill \box \@tem
pboxa \hfill } \fi .
\c@ContinuedFloat=\count116
Package caption Info: listings package is loaded.
Package caption Info: wrapfig package is loaded.
) (/usr/local/texlive/2016/texmf-dist/tex/latex/subfigure/subfigure.sty
Package: subfigure 2002/03/15 v2.1.5 subfigure package
\subfigtopskip=\skip53
\subfigcapskip=\skip54
\subfigcaptopadj=\dimen132
\subfigbottomskip=\skip55
\subfigcapmargin=\dimen133
\subfiglabelskip=\skip56
\c@subfigure=\count117
\c@lofdepth=\count118
\c@subtable=\count119
\c@lotdepth=\count120

****************************************
* Local config file subfigure.cfg used *
****************************************
(/usr/local/texlive/2016/texmf-dist/tex/latex/subfigure/subfigure.cfg)
\subfig@top=\skip57
\subfig@bottom=\skip58
)
(/usr/local/texlive/2016/texmf-dist/tex/latex/easy/easytable.sty
Document Style `easytable' v1.0 <2001/06/13>.
(/usr/local/texlive/2016/texmf-dist/tex/latex/easy/easy.sty
Document Style `easy' v1.1 <2001/05/31>.
Package: easy 2001/05/31 v1.1
\@easy@level=\count121
\@easy@ncol=\count122
\@easy@nrow=\count123
\@easy@cnt=\count124
\@easy@boxviii=\box31
\@easy@minxviii=\dimen134
\@easy@minyviii=\dimen135
\@easy@maxxviii=\dimen136
\@easy@maxyviii=\dimen137
\@easy@boxvii=\box32
\@easy@minxvii=\dimen138
\@easy@minyvii=\dimen139
\@easy@maxxvii=\dimen140
\@easy@maxyvii=\dimen141
\@easy@boxvi=\box33
\@easy@minxvi=\dimen142
\@easy@minyvi=\dimen143
\@easy@maxxvi=\dimen144
\@easy@maxyvi=\dimen145
\@easy@boxv=\box34
\@easy@minxv=\dimen146
\@easy@minyv=\dimen147
\@easy@maxxv=\dimen148
\@easy@maxyv=\dimen149
\@easy@boxiv=\box35
\@easy@minxiv=\dimen150
\@easy@minyiv=\dimen151
\@easy@maxxiv=\dimen152
\@easy@maxyiv=\dimen153
\@easy@boxiii=\box36
\@easy@minxiii=\dimen154
\@easy@minyiii=\dimen155
\@easy@maxxiii=\dimen156
\@easy@maxyiii=\dimen157
\@easy@boxii=\box37
\@easy@minxii=\dimen158
\@easy@minyii=\dimen159
\@easy@maxxii=\dimen160
\@easy@maxyii=\dimen161
\@easy@boxi=\box38
\@easy@minxi=\dimen162
\@easy@minyi=\dimen163
\@easy@maxxi=\dimen164
\@easy@maxyi=\dimen165
\@easy@hsizexxx=\dimen166
\@easy@vsizexxx=\dimen167
\@easy@hsizexxix=\dimen168
\@easy@vsizexxix=\dimen169
\@easy@hsizexxviii=\dimen170
\@easy@vsizexxviii=\dimen171
\@easy@hsizexxvii=\dimen172
\@easy@vsizexxvii=\dimen173
\@easy@hsizexxvi=\dimen174
\@easy@vsizexxvi=\dimen175
\@easy@hsizexxv=\dimen176
\@easy@vsizexxv=\dimen177
\@easy@hsizexxiv=\dimen178
\@easy@vsizexxiv=\dimen179
\@easy@hsizexxiii=\dimen180
\@easy@vsizexxiii=\dimen181
\@easy@hsizexxii=\dimen182
\@easy@vsizexxii=\dimen183
\@easy@hsizexxi=\dimen184
\@easy@vsizexxi=\dimen185
\@easy@hsizexx=\dimen186
\@easy@vsizexx=\dimen187
\@easy@hsizexix=\dimen188
\@easy@vsizexix=\dimen189
\@easy@hsizexviii=\dimen190
\@easy@vsizexviii=\dimen191
\@easy@hsizexvii=\dimen192
\@easy@vsizexvii=\dimen193
\@easy@hsizexvi=\dimen194
\@easy@vsizexvi=\dimen195
\@easy@hsizexv=\dimen196
\@easy@vsizexv=\dimen197
\@easy@hsizexiv=\dimen198
\@easy@vsizexiv=\dimen199
\@easy@hsizexiii=\dimen256
\@easy@vsizexiii=\dimen257
\@easy@hsizexii=\dimen258
\@easy@vsizexii=\dimen259
\@easy@hsizexi=\dimen260
\@easy@vsizexi=\dimen261
\@easy@hsizex=\dimen262
\@easy@vsizex=\dimen263
\@easy@hsizeix=\dimen264
\@easy@vsizeix=\dimen265
\@easy@hsizeviii=\dimen266
\@easy@vsizeviii=\dimen267
\@easy@hsizevii=\dimen268
\@easy@vsizevii=\dimen269
\@easy@hsizevi=\dimen270
\@easy@vsizevi=\dimen271
\@easy@hsizev=\dimen272
\@easy@vsizev=\dimen273
\@easy@hsizeiv=\dimen274
\@easy@vsizeiv=\dimen275
\@easy@hsizeiii=\dimen276
\@easy@vsizeiii=\dimen277
\@easy@hsizeii=\dimen278
\@easy@vsizeii=\dimen279
\@easy@hsizei=\dimen280
\@easy@vsizei=\dimen281
\@easy@dash@len=\dimen282
\@easy@dash@sep=\dimen283
)
Package: easytable 2001/05/31v1.1
\@tab@size@rule=\dimen284
\@tab@size@dash=\dimen285
)
\c@theorem=\count125
 (./thesis.aux)
\openout1 = `thesis.aux'.

LaTeX Font Info:    Checking defaults for OML/cmm/m/it on input line 113.
LaTeX Font Info:    ... okay on input line 113.
LaTeX Font Info:    Checking defaults for T1/cmr/m/n on input line 113.
LaTeX Font Info:    ... okay on input line 113.
LaTeX Font Info:    Checking defaults for OT1/cmr/m/n on input line 113.
LaTeX Font Info:    ... okay on input line 113.
LaTeX Font Info:    Checking defaults for OMS/cmsy/m/n on input line 113.
LaTeX Font Info:    ... okay on input line 113.
LaTeX Font Info:    Checking defaults for OMX/cmex/m/n on input line 113.
LaTeX Font Info:    ... okay on input line 113.
LaTeX Font Info:    Checking defaults for U/cmr/m/n on input line 113.
LaTeX Font Info:    ... okay on input line 113.
LaTeX Font Info:    Checking defaults for T2A/cmr/m/n on input line 113.
LaTeX Font Info:    ... okay on input line 113.
Package srcltx Info: Expanded filename `ucsencs.def' to `ucsencs.def.tex' on in
put line 113.

:<+ ucsencs.def.tex
(/usr/local/texlive/2016/texmf-dist/tex/latex/ucs/ucsencs.def
File: ucsencs.def 2011/01/21 Fixes to fontencodings LGR, T3
)
:<-
(/usr/local/texlive/2016/texmf-dist/tex/context/base/mkii/supp-pdf.mkii
[Loading MPS to PDF converter (version 2006.09.02).]
\scratchcounter=\count126
\scratchdimen=\dimen286
\scratchbox=\box39
\nofMPsegments=\count127
\nofMParguments=\count128
\everyMPshowfont=\toks38
\MPscratchCnt=\count129
\MPscratchDim=\dimen287
\MPnumerator=\count130
\makeMPintoPDFobject=\count131
\everyMPtoPDFconversion=\toks39
) (/usr/local/texlive/2016/texmf-dist/tex/generic/oberdiek/pdftexcmds.sty
Package: pdftexcmds 2016/05/10 v0.21 Utility functions of pdfTeX for LuaTeX (HO
)

(/usr/local/texlive/2016/texmf-dist/tex/generic/oberdiek/ifluatex.sty
Package: ifluatex 2016/05/16 v1.4 Provides the ifluatex switch (HO)
Package ifluatex Info: LuaTeX not detected.
)
(/usr/local/texlive/2016/texmf-dist/tex/generic/oberdiek/ifpdf.sty
Package: ifpdf 2016/05/14 v3.1 Provides the ifpdf switch
)
Package pdftexcmds Info: LuaTeX not detected.
Package pdftexcmds Info: \pdf@primitive is available.
Package pdftexcmds Info: \pdf@ifprimitive is available.
Package pdftexcmds Info: \pdfdraftmode found.
)
(/usr/local/texlive/2016/texmf-dist/tex/latex/oberdiek/epstopdf-base.sty
Package: epstopdf-base 2016/05/15 v2.6 Base part for package epstopdf

(/usr/local/texlive/2016/texmf-dist/tex/latex/oberdiek/grfext.sty
Package: grfext 2016/05/16 v1.2 Manage graphics extensions (HO)

(/usr/local/texlive/2016/texmf-dist/tex/generic/oberdiek/kvdefinekeys.sty
Package: kvdefinekeys 2016/05/16 v1.4 Define keys (HO)
))
(/usr/local/texlive/2016/texmf-dist/tex/latex/oberdiek/kvoptions.sty
Package: kvoptions 2016/05/16 v3.12 Key value format for package options (HO)

(/usr/local/texlive/2016/texmf-dist/tex/generic/oberdiek/kvsetkeys.sty
Package: kvsetkeys 2016/05/16 v1.17 Key value parser (HO)

(/usr/local/texlive/2016/texmf-dist/tex/generic/oberdiek/etexcmds.sty
Package: etexcmds 2016/05/16 v1.6 Avoid name clashes with e-TeX commands (HO)
Package etexcmds Info: Could not find \expanded.
(etexcmds)             That can mean that you are not using pdfTeX 1.50 or
(etexcmds)             that some package has redefined \expanded.
(etexcmds)             In the latter case, load this package earlier.
)))
Package grfext Info: Graphics extension search list:
(grfext)             [.png,.pdf,.jpg,.mps,.jpeg,.jbig2,.jb2,.PNG,.PDF,.JPG,.JPE
G,.JBIG2,.JB2,.eps]
(grfext)             \AppendGraphicsExtensions on input line 456.

(/usr/local/texlive/2016/texmf-dist/tex/latex/latexconfig/epstopdf-sys.cfg
File: epstopdf-sys.cfg 2010/07/13 v1.3 Configuration of (r)epstopdf for TeX Liv
e
))
\c@lstlisting=\count132
Package caption Info: Begin \AtBeginDocument code.
Package caption Info: subfigure package is loaded.
Package caption Info: End \AtBeginDocument code.

(/usr/local/texlive/2016/texmf-dist/tex/latex/ucs/data/uni-4.def
File: uni-4.def 2013/05/13 UCS: Unicode data U+0400..U+04FF
) [1

{/usr/local/texlive/2016/texmf-var/fonts/map/pdftex/updmap/pdftex.map}]
LaTeX Font Info:    Try loading font information for T2A+cmss on input line 163
.

(/usr/local/texlive/2016/texmf-dist/tex/latex/cyrillic/t2acmss.fd
File: t2acmss.fd 2001/08/11 v1.0a Computer Modern Cyrillic font definitions
)
(./thesis.toc<<ot1.cmap>><<oml.cmap>><<oms.cmap>><<omx.cmap>>
LaTeX Font Info:    Try loading font information for U+msa on input line 2.

(/usr/local/texlive/2016/texmf-dist/tex/latex/amsfonts/umsa.fd
File: umsa.fd 2013/01/14 v3.01 AMS symbols A
)
LaTeX Font Info:    Try loading font information for U+msb on input line 2.

(/usr/local/texlive/2016/texmf-dist/tex/latex/amsfonts/umsb.fd
File: umsb.fd 2013/01/14 v3.01 AMS symbols B
) [4])
\tf@toc=\write3
\openout3 = `thesis.toc'.

 [5]
Package srcltx Info: Expanded filename `chapters/intro.tex' to `chapters/intro.
tex' on input line 201.

:<+ chapters/intro.tex
(./chapters/intro.tex [6

])
:<-
Package srcltx Info: Expanded filename `chapters/chapter1.tex' to `chapters/cha
pter1.tex' on input line 202.
:<+ chapters/chapter1.tex
(./chapters/chapter1.tex [7]
\IeC {\CYRG }\IeC {\cyrl }\IeC {\cyra }\IeC {\cyrv }\IeC {\cyra } 1.
./chapters/chapter1.tex:18: Too many }'s.
l.18 ... РёР·РјРµРЅСЏС‚СЊСЃСЏ РЅРµР»РёРЅРµР№РЅРѕ.}
                                                  
You've closed more groups than you opened.
Such booboos are generally harmless, so keep going.

)
:<-
Package srcltx Info: Expanded filename `chapters/chapter2.tex' to `chapters/cha
pter2.tex' on input line 203.
:<+ chapters/chapter2.tex
(./chapters/chapter2.tex [8

]
\IeC {\CYRG }\IeC {\cyrl }\IeC {\cyra }\IeC {\cyrv }\IeC {\cyra } 2.

./chapters/chapter2.tex:10: LaTeX Error: File `../img/pic03-1' not found.

See the LaTeX manual or LaTeX Companion for explanation.
Type  H <return>  for immediate help.
 ...                                              
                                                  
l.10     }
          
I could not locate the file with any of these extensions:
.png,.pdf,.jpg,.mps,.jpeg,.jbig2,.jb2,.PNG,.PDF,.JPG,.JPEG,.JBIG2,.JB2,.eps
Try typing  <return>  to proceed.
If that doesn't work, type  X <return>  to quit.


Underfull \hbox (badness 10000) in paragraph at lines 10--10
[]\T2A/cmr/m/n/8 (a)
 []


Overfull \hbox (6.01797pt too wide) in paragraph at lines 10--10
\T2A/cmr/m/n/8 Ком-
 []


Underfull \hbox (badness 10000) in paragraph at lines 10--10
\T2A/cmr/m/n/8 по-
 []


Underfull \hbox (badness 10000) in paragraph at lines 10--10
\T2A/cmr/m/n/8 зи-
 []


Overfull \hbox (0.7151pt too wide) in paragraph at lines 10--10
\T2A/cmr/m/n/8 ция
 []


Overfull \hbox (6.26236pt too wide) in paragraph at lines 10--10
\T2A/cmr/m/n/8 стан-
 []


Overfull \hbox (7.44263pt too wide) in paragraph at lines 10--10
\T2A/cmr/m/n/8 дарт-
 []


Overfull \hbox (2.0134pt too wide) in paragraph at lines 10--10
\T2A/cmr/m/n/8 ных
 []


Overfull \hbox (2.24945pt too wide) in paragraph at lines 10--10
\T2A/cmr/m/n/8 рас-
 []


Overfull \hbox (2.72156pt too wide) in paragraph at lines 10--10
\T2A/cmr/m/n/8 пре-
 []


Underfull \hbox (badness 10000) in paragraph at lines 10--10
\T2A/cmr/m/n/8 де-
 []


Underfull \hbox (badness 10000) in paragraph at lines 10--10
\T2A/cmr/m/n/8 ле-
 []


Overfull \hbox (0.83313pt too wide) in paragraph at lines 10--10
\T2A/cmr/m/n/8 ний
 []


Overfull \hbox (0.7151pt too wide) in paragraph at lines 10--10
\T2A/cmr/m/n/8 для
 []


Underfull \hbox (badness 10000) in paragraph at lines 10--10
\T2A/cmr/m/n/8 за-
 []


Underfull \hbox (badness 10000) in paragraph at lines 10--10
\T2A/cmr/m/n/8 да-
 []


Overfull \hbox (0.7151pt too wide) in paragraph at lines 10--10
\T2A/cmr/m/n/8 ния
 []


Underfull \hbox (badness 10000) in paragraph at lines 10--10
\T2A/cmr/m/n/8 на-
 []


Overfull \hbox (7.44263pt too wide) in paragraph at lines 10--10
\T2A/cmr/m/n/8 чаль-
 []


Underfull \hbox (badness 10000) in paragraph at lines 10--10
\T2A/cmr/m/n/8 но-
 []


Underfull \hbox (badness 10000) in paragraph at lines 10--10
\T2A/cmr/m/n/8 го
 []


Overfull \hbox (2.24945pt too wide) in paragraph at lines 10--10
\T2A/cmr/m/n/8 рас-
 []


Overfull \hbox (2.72156pt too wide) in paragraph at lines 10--10
\T2A/cmr/m/n/8 пре-
 []


Underfull \hbox (badness 10000) in paragraph at lines 10--10
\T2A/cmr/m/n/8 де-
 []


Underfull \hbox (badness 10000) in paragraph at lines 10--10
\T2A/cmr/m/n/8 ле-
 []


Overfull \hbox (0.7151pt too wide) in paragraph at lines 10--10
\T2A/cmr/m/n/8 ния 
 []


./chapters/chapter2.tex:14: LaTeX Error: File `../img/pic03-4' not found.

See the LaTeX manual or LaTeX Companion for explanation.
Type  H <return>  for immediate help.
 ...                                              
                                                  
l.14     }
          
I could not locate the file with any of these extensions:
.png,.pdf,.jpg,.mps,.jpeg,.jbig2,.jb2,.PNG,.PDF,.JPG,.JPEG,.JBIG2,.JB2,.eps
Try typing  <return>  to proceed.
If that doesn't work, type  X <return>  to quit.


Overfull \hbox (1.33301pt too wide) in paragraph at lines 14--14
[]\T2A/cmr/m/n/8 (b)
 []


Overfull \hbox (3.2131pt too wide) in paragraph at lines 14--14
\T2A/cmr/m/n/8 Из-
 []


Overfull \hbox (2.27722pt too wide) in paragraph at lines 14--14
\T2A/cmr/m/n/8 ме-
 []


Overfull \hbox (1.33301pt too wide) in paragraph at lines 14--14
\T2A/cmr/m/n/8 не-
 []


Overfull \hbox (4.04762pt too wide) in paragraph at lines 14--14
\T2A/cmr/m/n/8 ния
 []


Overfull \hbox (5.58197pt too wide) in paragraph at lines 14--14
\T2A/cmr/m/n/8 рас-
 []


Overfull \hbox (6.05408pt too wide) in paragraph at lines 14--14
\T2A/cmr/m/n/8 пре-
 []


Overfull \hbox (1.33301pt too wide) in paragraph at lines 14--14
\T2A/cmr/m/n/8 де-
 []


Overfull \hbox (1.33301pt too wide) in paragraph at lines 14--14
\T2A/cmr/m/n/8 ле-
 []


Overfull \hbox (4.04762pt too wide) in paragraph at lines 14--14
\T2A/cmr/m/n/8 ния
 []


Overfull \hbox (0.8609pt too wide) in paragraph at lines 14--14
\T2A/cmr/m/n/8 со-
 []


Overfull \hbox (9.12277pt too wide) in paragraph at lines 14--14
\T2A/cmr/m/n/8 глас-
 []


Underfull \hbox (badness 10000) in paragraph at lines 14--14
\T2A/cmr/m/n/8 но
 []


Overfull \hbox (2.74933pt too wide) in paragraph at lines 14--14
\T2A/cmr/m/n/8 мо-
 []


Overfull \hbox (1.33301pt too wide) in paragraph at lines 14--14
\T2A/cmr/m/n/8 де-
 []


Underfull \hbox (badness 10000) in paragraph at lines 14--14
\T2A/cmr/m/n/8 ли
 []


Overfull \hbox (5.81802pt too wide) in paragraph at lines 14--14
\T2A/cmr/m/n/8 слу-
 []


Overfull \hbox (6.52618pt too wide) in paragraph at lines 14--14
\T2A/cmr/m/n/8 чай-
 []


Overfull \hbox (1.80511pt too wide) in paragraph at lines 14--14
\T2A/cmr/m/n/8 но-
 []


Underfull \hbox (badness 10000) in paragraph at lines 14--14
\T2A/cmr/m/n/8 го
 []


Overfull \hbox (13.37173pt too wide) in paragraph at lines 14--14
\T2A/cmr/m/n/8 блуж-
 []


Overfull \hbox (1.80511pt too wide) in paragraph at lines 14--14
\T2A/cmr/m/n/8 да-
 []


Overfull \hbox (4.04762pt too wide) in paragraph at lines 14--14
\T2A/cmr/m/n/8 ния 
 []

[9

]
Underfull \hbox (badness 1028) in paragraph at lines 38--41
[][]\T2A/cmr/m/n/14.4 Процесс сверт-ки с яд-ром осу-ществ-ля-ет-ся сле-ду-ю-щим
 об-ра-зом,
 []

LaTeX Font Info:    Try loading font information for OMS+cmr on input line 58.
(/usr/local/texlive/2016/texmf-dist/tex/latex/base/omscmr.fd
File: omscmr.fd 2014/09/29 v2.5h Standard LaTeX font definitions
)
LaTeX Font Info:    Font shape `OMS/cmr/m/n' in size <14.4> not available
(Font)              Font shape `OMS/cmsy/m/n' tried instead on input line 58.
 [10] [11]

LaTeX Warning: File `../img/keyframe.png' not found on input line 120.


./chapters/chapter2.tex:120: Package pdftex.def Error: File `../img/keyframe.pn
g' not found.

See the pdftex.def package documentation for explanation.
Type  H <return>  for immediate help.
 ...                                              
                                                  
l.120 ...ЅС‹С… СЏРґРµСЂ}{pic:keyframe}{\textwidth}
                                                  
Using draft setting for this image.
Try typing  <return>  to proceed.
If that doesn't work, type  X <return>  to quit.

LaTeX Font Info:    Try loading font information for T2A+cmtt on input line 120
.
(/usr/local/texlive/2016/texmf-dist/tex/latex/cyrillic/t2acmtt.fd
File: t2acmtt.fd 2001/08/11 v1.0a Computer Modern Cyrillic font definitions
) [12]
[13] [14]

./chapters/chapter2.tex:167: LaTeX Error: File `../img/pic07-1' not found.

See the LaTeX manual or LaTeX Companion for explanation.
Type  H <return>  for immediate help.
 ...                                              
                                                  
l.167   \putImgx{\textwidth}{pic07-1}
                                     
I could not locate the file with any of these extensions:
.png,.pdf,.jpg,.mps,.jpeg,.jbig2,.jb2,.PNG,.PDF,.JPG,.JPEG,.JBIG2,.JB2,.eps
Try typing  <return>  to proceed.
If that doesn't work, type  X <return>  to quit.


./chapters/chapter2.tex:173: LaTeX Error: File `../img/pic07-2' not found.

See the LaTeX manual or LaTeX Companion for explanation.
Type  H <return>  for immediate help.
 ...                                              
                                                  
l.173   \putImgx{\textwidth}{pic07-2}
                                     
I could not locate the file with any of these extensions:
.png,.pdf,.jpg,.mps,.jpeg,.jbig2,.jb2,.PNG,.PDF,.JPG,.JPEG,.JBIG2,.JB2,.eps
Try typing  <return>  to proceed.
If that doesn't work, type  X <return>  to quit.

[15

]

./chapters/chapter2.tex:196: LaTeX Error: File `../img/pic07-3' not found.

See the LaTeX manual or LaTeX Companion for explanation.
Type  H <return>  for immediate help.
 ...                                              
                                                  
l.196   \putImgx{\textwidth}{pic07-3}
                                     
I could not locate the file with any of these extensions:
.png,.pdf,.jpg,.mps,.jpeg,.jbig2,.jb2,.PNG,.PDF,.JPG,.JPEG,.JBIG2,.JB2,.eps
Try typing  <return>  to proceed.
If that doesn't work, type  X <return>  to quit.


./chapters/chapter2.tex:202: LaTeX Error: File `../img/pic07-4' not found.

See the LaTeX manual or LaTeX Companion for explanation.
Type  H <return>  for immediate help.
 ...                                              
                                                  
l.202   \putImgx{\textwidth}{pic07-4}
                                     
I could not locate the file with any of these extensions:
.png,.pdf,.jpg,.mps,.jpeg,.jbig2,.jb2,.PNG,.PDF,.JPG,.JPEG,.JBIG2,.JB2,.eps
Try typing  <return>  to proceed.
If that doesn't work, type  X <return>  to quit.


./chapters/chapter2.tex:227: LaTeX Error: File `../img/pic07-5' not found.

See the LaTeX manual or LaTeX Companion for explanation.
Type  H <return>  for immediate help.
 ...                                              
                                                  
l.227     \putImgx{0.8\textwidth}{pic07-5}
                                          
I could not locate the file with any of these extensions:
.png,.pdf,.jpg,.mps,.jpeg,.jbig2,.jb2,.PNG,.PDF,.JPG,.JPEG,.JBIG2,.JB2,.eps
Try typing  <return>  to proceed.
If that doesn't work, type  X <return>  to quit.


./chapters/chapter2.tex:235: LaTeX Error: File `../img/pic08-2' not found.

See the LaTeX manual or LaTeX Companion for explanation.
Type  H <return>  for immediate help.
 ...                                              
                                                  
l.235     \putImgx{\textwidth}{pic08-2}
                                       
I could not locate the file with any of these extensions:
.png,.pdf,.jpg,.mps,.jpeg,.jbig2,.jb2,.PNG,.PDF,.JPG,.JPEG,.JBIG2,.JB2,.eps
Try typing  <return>  to proceed.
If that doesn't work, type  X <return>  to quit.

[16])
:<-
Package srcltx Info: Expanded filename `chapters/chapter3.tex' to `chapters/cha
pter3.tex' on input line 204.
:<+ chapters/chapter3.tex
(./chapters/chapter3.tex [17]
\IeC {\CYRG }\IeC {\cyrl }\IeC {\cyra }\IeC {\cyrv }\IeC {\cyra } 3.

Underfull \hbox (badness 10000) in paragraph at lines 3--4
[]\T2A/cmss/bx/n/24.88 Глава 3. Ал-го-ритм по-стро-е-ния
 []


Underfull \hbox (badness 1092) in paragraph at lines 27--28
[][]\T2A/cmr/m/n/14.4 Состоянием ди-на-ми-че-ско-го про-грам-ми-ро-ва-ния яв-ля
-ет-ся кор-теж
 []

[18

]
Underfull \hbox (badness 3354) in paragraph at lines 31--37
\T2A/cmr/m/n/14.4 ду дву-мя со-сед-ни-ми ячей-ка-ми по го-ри-зон-та-ли, а за $\
OML/cmm/m/it/14.4 time[]$
 []


Underfull \hbox (badness 5288) in paragraph at lines 31--37
\T2A/cmr/m/n/14.4 --- по вер-ти-ка-ли, то те-ку-щее вре-мя мож-но по-счи-тать к
ак
 []

[19]

./chapters/chapter3.tex:64: LaTeX Error: File `../img/dpzones' not found.

See the LaTeX manual or LaTeX Companion for explanation.
Type  H <return>  for immediate help.
 ...                                              
                                                  
l.64 ... РјР°СЂС€СЂСѓС‚Р°}{dpzones}{0.5\textwidth}
                                                  
I could not locate the file with any of these extensions:
.png,.pdf,.jpg,.mps,.jpeg,.jbig2,.jb2,.PNG,.PDF,.JPG,.JPEG,.JBIG2,.JB2,.eps
Try typing  <return>  to proceed.
If that doesn't work, type  X <return>  to quit.

[20]
Underfull \hbox (badness 1173) in paragraph at lines 83--88
\T2A/cmr/m/n/14.4 цы $\OML/cmm/m/it/14.4 vl\OT1/cmr/m/n/14.4 [\OML/cmm/m/it/14.
4 row\OT1/cmr/m/n/14.4 ][\OML/cmm/m/it/14.4 col\OT1/cmr/m/n/14.4 ][\OML/cmm/m/i
t/14.4 notCleared\OT1/cmr/m/n/14.4 ]$ \T2A/cmr/m/n/14.4 бу-дет со-дер-жать сум-
му в пря-мо-уголь-ни-ке
 []


Underfull \hbox (badness 10000) in paragraph at lines 89--94
[][]\T2A/cmr/m/n/14.4 Розовый и оран-же-вый тип от-ли-ча-ют-ся лишь по-ло-же-
 []


Underfull \hbox (badness 10000) in paragraph at lines 89--94
\T2A/cmr/m/n/14.4 ни-ем от-но-си-тель-но марш-ру-та, спра-ва или сле-ва со-от-в
ет-ствен-
 []


Underfull \hbox (badness 10000) in paragraph at lines 89--94
\T2A/cmr/m/n/14.4 но. Мат-ри-ца для оран-же-во-го $[]\OML/cmm/m/it/14.4 hl\OT1/
cmr/m/n/14.4 [\OML/cmm/m/it/14.4 row\OT1/cmr/m/n/14.4 ][\OML/cmm/m/it/14.4 col\
OT1/cmr/m/n/14.4 ][\OML/cmm/m/it/14.4 notCleared\OT1/cmr/m/n/14.4 ]$ \T2A/cmr/m
/n/14.4 со-дер-
 []


Underfull \hbox (badness 10000) in paragraph at lines 89--94
\T2A/cmr/m/n/14.4 жит сум-му в $[]\OT1/cmr/m/n/14.4 [\OML/cmm/m/it/14.4 w[]\OT1
/cmr/m/n/14.4 (\OML/cmm/m/it/14.4 col\OT1/cmr/m/n/14.4 ) \OMS/cmsy/m/n/14.4 ^^@
 \OML/cmm/m/it/14.4 r; w[]\OT1/cmr/m/n/14.4 (\OML/cmm/m/it/14.4 col\OT1/cmr/m/n
/14.4 )] \OMS/cmsy/m/n/14.4 ^^B \OT1/cmr/m/n/14.4 [\OML/cmm/m/it/14.4 w[]\OT1/c
mr/m/n/14.4 (\OML/cmm/m/it/14.4 row \OMS/cmsy/m/n/14.4 ^^@ \OT1/cmr/m/n/14.4 1)
\OML/cmm/m/it/14.4 ; w[]\OT1/cmr/m/n/14.4 (\OML/cmm/m/it/14.4 row\OT1/cmr/m/n/1
4.4 )]$\T2A/cmr/m/n/14.4 .
 []


Underfull \hbox (badness 10000) in paragraph at lines 89--94
\T2A/cmr/m/n/14.4 Мат-ри-ца для ро-зо-во-го $[]\OML/cmm/m/it/14.4 hr\OT1/cmr/m/
n/14.4 [\OML/cmm/m/it/14.4 row\OT1/cmr/m/n/14.4 ][\OML/cmm/m/it/14.4 col\OT1/cm
r/m/n/14.4 ][\OML/cmm/m/it/14.4 notCleared\OT1/cmr/m/n/14.4 ]$ \T2A/cmr/m/n/14.
4 со-дер-жит
 []


Underfull \hbox (badness 1546) in paragraph at lines 95--101
[][]\T2A/cmr/m/n/14.4 Обратим вни-ма-ние на об-ласть, по-кры-тую од-но-вре-мен-
но оран-
 []


Underfull \hbox (badness 1648) in paragraph at lines 95--101
\T2A/cmr/m/n/14.4 --- об-ласть $\OT1/cmr/m/n/14.4 [\OML/cmm/m/it/14.4 w[]\OT1/c
mr/m/n/14.4 (\OML/cmm/m/it/14.4 col\OT1/cmr/m/n/14.4 ) \OMS/cmsy/m/n/14.4 ^^@ \
OML/cmm/m/it/14.4 r; w[]\OT1/cmr/m/n/14.4 (\OML/cmm/m/it/14.4 col\OT1/cmr/m/n/1
4.4 )] \OMS/cmsy/m/n/14.4 ^^B \OT1/cmr/m/n/14.4 [\OML/cmm/m/it/14.4 w[]\OT1/cmr
/m/n/14.4 (\OML/cmm/m/it/14.4 row\OT1/cmr/m/n/14.4 ) \OMS/cmsy/m/n/14.4 ^^@ \OM
L/cmm/m/it/14.4 r; w[]\OT1/cmr/m/n/14.4 (\OML/cmm/m/it/14.4 row\OT1/cmr/m/n/14.
4 )]$ \T2A/cmr/m/n/14.4 и мат-ри-цу
 []


Overfull \hbox (16.53792pt too wide) in paragraph at lines 95--101
[]\OML/cmm/m/it/14.4 or\OT1/cmr/m/n/14.4 [\OML/cmm/m/it/14.4 row\OT1/cmr/m/n/14
.4 ][\OML/cmm/m/it/14.4 col\OT1/cmr/m/n/14.4 ][\OML/cmm/m/it/14.4 notCleared\OT
1/cmr/m/n/14.4 ]$ \T2A/cmr/m/n/14.4 --- об-ласть $\OT1/cmr/m/n/14.4 [\OML/cmm/m
/it/14.4 w[]\OT1/cmr/m/n/14.4 (\OML/cmm/m/it/14.4 col\OT1/cmr/m/n/14.4 )\OML/cm
m/m/it/14.4 ; w[]\OT1/cmr/m/n/14.4 (\OML/cmm/m/it/14.4 col\OT1/cmr/m/n/14.4 ) +
 \OML/cmm/m/it/14.4 r\OT1/cmr/m/n/14.4 ] \OMS/cmsy/m/n/14.4 ^^B \OT1/cmr/m/n/14
.4 [\OML/cmm/m/it/14.4 w[]\OT1/cmr/m/n/14.4 (\OML/cmm/m/it/14.4 row\OT1/cmr/m/n
/14.4 ) \OMS/cmsy/m/n/14.4 ^^@ \OML/cmm/m/it/14.4 r; w[]\OT1/cmr/m/n/14.4 (\OML
/cmm/m/it/14.4 row\OT1/cmr/m/n/14.4 )]$\T2A/cmr/m/n/14.4 . 
 []

[21]
Overfull \hbox (4.49197pt too wide) in paragraph at lines 120--161
 [][] 
 []

[22] [23]

./chapters/chapter3.tex:191: LaTeX Error: File `../img/pic02-init' not found.

See the LaTeX manual or LaTeX Companion for explanation.
Type  H <return>  for immediate help.
 ...                                              
                                                  
l.191   \putImgx{\textwidth}{pic02-init}
                                        
I could not locate the file with any of these extensions:
.png,.pdf,.jpg,.mps,.jpeg,.jbig2,.jb2,.PNG,.PDF,.JPG,.JPEG,.JBIG2,.JB2,.eps
Try typing  <return>  to proceed.
If that doesn't work, type  X <return>  to quit.


./chapters/chapter3.tex:197: LaTeX Error: File `../img/pic02-before' not found.


See the LaTeX manual or LaTeX Companion for explanation.
Type  H <return>  for immediate help.
 ...                                              
                                                  
l.197   \putImgx{\textwidth}{pic02-before}
                                          
I could not locate the file with any of these extensions:
.png,.pdf,.jpg,.mps,.jpeg,.jbig2,.jb2,.PNG,.PDF,.JPG,.JPEG,.JBIG2,.JB2,.eps
Try typing  <return>  to proceed.
If that doesn't work, type  X <return>  to quit.

[24

]

./chapters/chapter3.tex:214: LaTeX Error: File `../img/pic02-after' not found.

See the LaTeX manual or LaTeX Companion for explanation.
Type  H <return>  for immediate help.
 ...                                              
                                                  
l.214 ...С‚СЂРѕРµРЅР°}{pic02-after}{0.4\textwidth}
                                                  
I could not locate the file with any of these extensions:
.png,.pdf,.jpg,.mps,.jpeg,.jbig2,.jb2,.PNG,.PDF,.JPG,.JPEG,.JBIG2,.JB2,.eps
Try typing  <return>  to proceed.
If that doesn't work, type  X <return>  to quit.

)
:<-
Package srcltx Info: Expanded filename `chapters/chapter4.tex' to `chapters/cha
pter4.tex' on input line 205.
:<+ chapters/chapter4.tex
(./chapters/chapter4.tex [25]
\IeC {\CYRG }\IeC {\cyrl }\IeC {\cyra }\IeC {\cyrv }\IeC {\cyra } 4.
[26

] [27] [28]

./chapters/chapter4.tex:118: LaTeX Error: File `../img/t1op' not found.

See the LaTeX manual or LaTeX Companion for explanation.
Type  H <return>  for immediate help.
 ...                                              
                                                  
l.118 ...»РёР¶РµРЅРёРµ Рє РїСЂСЏРјРѕР№ СЃР»РµРІР°}
                                                  
I could not locate the file with any of these extensions:
.png,.pdf,.jpg,.mps,.jpeg,.jbig2,.jb2,.PNG,.PDF,.JPG,.JPEG,.JBIG2,.JB2,.eps
Try typing  <return>  to proceed.
If that doesn't work, type  X <return>  to quit.


Overfull \hbox (0.8609pt too wide) in paragraph at lines 118--118
[]\T2A/cmr/m/n/8 (a)
 []


Overfull \hbox (7.23434pt too wide) in paragraph at lines 118--118
\T2A/cmr/m/n/8 Ста-
 []


Overfull \hbox (5.58197pt too wide) in paragraph at lines 118--118
\T2A/cmr/m/n/8 рый
 []


Overfull \hbox (1.80511pt too wide) in paragraph at lines 118--118
\T2A/cmr/m/n/8 ал-
 []


Overfull \hbox (0.8609pt too wide) in paragraph at lines 118--118
\T2A/cmr/m/n/8 го-
 []


Overfull \hbox (9.35883pt too wide) in paragraph at lines 118--118
\T2A/cmr/m/n/8 ритм 
 []


./chapters/chapter4.tex:118: LaTeX Error: File `../img/t1os' not found.

See the LaTeX manual or LaTeX Companion for explanation.
Type  H <return>  for immediate help.
 ...                                              
                                                  
l.118 ...»РёР¶РµРЅРёРµ Рє РїСЂСЏРјРѕР№ СЃР»РµРІР°}
                                                  
I could not locate the file with any of these extensions:
.png,.pdf,.jpg,.mps,.jpeg,.jbig2,.jb2,.PNG,.PDF,.JPG,.JPEG,.JBIG2,.JB2,.eps
Try typing  <return>  to proceed.
If that doesn't work, type  X <return>  to quit.


Overfull \hbox (1.33301pt too wide) in paragraph at lines 118--118
[]\T2A/cmr/m/n/8 (b)
 []


Overfull \hbox (7.23434pt too wide) in paragraph at lines 118--118
\T2A/cmr/m/n/8 Ста-
 []


Overfull \hbox (1.80511pt too wide) in paragraph at lines 118--118
\T2A/cmr/m/n/8 ти-
 []


Overfull \hbox (5.58197pt too wide) in paragraph at lines 118--118
\T2A/cmr/m/n/8 сти-
 []


./chapters/chapter4.tex:118: LaTeX Error: File `../img/t1np' not found.

See the LaTeX manual or LaTeX Companion for explanation.
Type  H <return>  for immediate help.
 ...                                              
                                                  
l.118 ...»РёР¶РµРЅРёРµ Рє РїСЂСЏРјРѕР№ СЃР»РµРІР°}
                                                  
I could not locate the file with any of these extensions:
.png,.pdf,.jpg,.mps,.jpeg,.jbig2,.jb2,.PNG,.PDF,.JPG,.JPEG,.JBIG2,.JB2,.eps
Try typing  <return>  to proceed.
If that doesn't work, type  X <return>  to quit.


Overfull \hbox (3.68521pt too wide) in paragraph at lines 118--118
\T2A/cmr/m/n/8 Но-
 []


Overfull \hbox (5.10986pt too wide) in paragraph at lines 118--118
\T2A/cmr/m/n/8 вый
 []


Underfull \hbox (badness 10000) in paragraph at lines 118--118
\T2A/cmr/m/n/8 ---
 []


Overfull \hbox (9.83093pt too wide) in paragraph at lines 118--118
\T2A/cmr/m/n/8 срав-
 []


Overfull \hbox (1.33301pt too wide) in paragraph at lines 118--118
\T2A/cmr/m/n/8 не-
 []


Overfull \hbox (3.22144pt too wide) in paragraph at lines 118--118
\T2A/cmr/m/n/8 ние
 []


Underfull \hbox (badness 10000) in paragraph at lines 118--118
\T2A/cmr/m/n/8 по
 []


Overfull \hbox (1.33301pt too wide) in paragraph at lines 118--118
\T2A/cmr/m/n/8 ре-
 []


Overfull \hbox (9.59488pt too wide) in paragraph at lines 118--118
\T2A/cmr/m/n/8 зуль-
 []


Overfull \hbox (1.09695pt too wide) in paragraph at lines 118--118
\T2A/cmr/m/n/8 та-
 []


./chapters/chapter4.tex:118: LaTeX Error: File `../img/t1ns' not found.

See the LaTeX manual or LaTeX Companion for explanation.
Type  H <return>  for immediate help.
 ...                                              
                                                  
l.118 ...»РёР¶РµРЅРёРµ Рє РїСЂСЏРјРѕР№ СЃР»РµРІР°}
                                                  
I could not locate the file with any of these extensions:
.png,.pdf,.jpg,.mps,.jpeg,.jbig2,.jb2,.PNG,.PDF,.JPG,.JPEG,.JBIG2,.JB2,.eps
Try typing  <return>  to proceed.
If that doesn't work, type  X <return>  to quit.


Overfull \hbox (1.33301pt too wide) in paragraph at lines 118--118
[]\T2A/cmr/m/n/8 (d)
 []


Overfull \hbox (7.23434pt too wide) in paragraph at lines 118--118
\T2A/cmr/m/n/8 Ста-
 []


Overfull \hbox (1.80511pt too wide) in paragraph at lines 118--118
\T2A/cmr/m/n/8 ти-
 []


Overfull \hbox (5.58197pt too wide) in paragraph at lines 118--118
\T2A/cmr/m/n/8 сти-
 []


./chapters/chapter4.tex:118: LaTeX Error: File `../img/t1sp' not found.

See the LaTeX manual or LaTeX Companion for explanation.
Type  H <return>  for immediate help.
 ...                                              
                                                  
l.118 ...»РёР¶РµРЅРёРµ Рє РїСЂСЏРјРѕР№ СЃР»РµРІР°}
                                                  
I could not locate the file with any of these extensions:
.png,.pdf,.jpg,.mps,.jpeg,.jbig2,.jb2,.PNG,.PDF,.JPG,.JPEG,.JBIG2,.JB2,.eps
Try typing  <return>  to proceed.
If that doesn't work, type  X <return>  to quit.


Overfull \hbox (3.68521pt too wide) in paragraph at lines 118--118
\T2A/cmr/m/n/8 Но-
 []


Overfull \hbox (5.10986pt too wide) in paragraph at lines 118--118
\T2A/cmr/m/n/8 вый
 []


Underfull \hbox (badness 10000) in paragraph at lines 118--118
\T2A/cmr/m/n/8 ---
 []


Overfull \hbox (9.83093pt too wide) in paragraph at lines 118--118
\T2A/cmr/m/n/8 срав-
 []


Overfull \hbox (1.33301pt too wide) in paragraph at lines 118--118
\T2A/cmr/m/n/8 не-
 []


Overfull \hbox (3.22144pt too wide) in paragraph at lines 118--118
\T2A/cmr/m/n/8 ние
 []


Underfull \hbox (badness 10000) in paragraph at lines 118--118
\T2A/cmr/m/n/8 по
 []


Overfull \hbox (5.58197pt too wide) in paragraph at lines 118--118
\T2A/cmr/m/n/8 вре-
 []


Overfull \hbox (2.27722pt too wide) in paragraph at lines 118--118
\T2A/cmr/m/n/8 ме-
 []


./chapters/chapter4.tex:118: LaTeX Error: File `../img/t1ss' not found.

See the LaTeX manual or LaTeX Companion for explanation.
Type  H <return>  for immediate help.
 ...                                              
                                                  
l.118 ...»РёР¶РµРЅРёРµ Рє РїСЂСЏРјРѕР№ СЃР»РµРІР°}
                                                  
I could not locate the file with any of these extensions:
.png,.pdf,.jpg,.mps,.jpeg,.jbig2,.jb2,.PNG,.PDF,.JPG,.JPEG,.JBIG2,.JB2,.eps
Try typing  <return>  to proceed.
If that doesn't work, type  X <return>  to quit.


Underfull \hbox (badness 10000) in paragraph at lines 118--118
[]\T2A/cmr/m/n/8 (f)
 []


Overfull \hbox (7.23434pt too wide) in paragraph at lines 118--118
\T2A/cmr/m/n/8 Ста-
 []


Overfull \hbox (1.80511pt too wide) in paragraph at lines 118--118
\T2A/cmr/m/n/8 ти-
 []


Overfull \hbox (5.58197pt too wide) in paragraph at lines 118--118
\T2A/cmr/m/n/8 сти-
 []


./chapters/chapter4.tex:119: LaTeX Error: File `../img/t2op' not found.

See the LaTeX manual or LaTeX Companion for explanation.
Type  H <return>  for immediate help.
 ...                                              
                                                  
l.119 ...єРѕРјРїРѕР·РёС†РёСЏ РЅРѕСЂРјР°Р»СЊРЅС‹С…}
                                                  
I could not locate the file with any of these extensions:
.png,.pdf,.jpg,.mps,.jpeg,.jbig2,.jb2,.PNG,.PDF,.JPG,.JPEG,.JBIG2,.JB2,.eps
Try typing  <return>  to proceed.
If that doesn't work, type  X <return>  to quit.


Overfull \hbox (0.8609pt too wide) in paragraph at lines 119--119
[]\T2A/cmr/m/n/8 (a)
 []


Overfull \hbox (7.23434pt too wide) in paragraph at lines 119--119
\T2A/cmr/m/n/8 Ста-
 []


Overfull \hbox (5.58197pt too wide) in paragraph at lines 119--119
\T2A/cmr/m/n/8 рый
 []


Overfull \hbox (1.80511pt too wide) in paragraph at lines 119--119
\T2A/cmr/m/n/8 ал-
 []


Overfull \hbox (0.8609pt too wide) in paragraph at lines 119--119
\T2A/cmr/m/n/8 го-
 []


Overfull \hbox (9.35883pt too wide) in paragraph at lines 119--119
\T2A/cmr/m/n/8 ритм 
 []


./chapters/chapter4.tex:119: LaTeX Error: File `../img/t2os' not found.

See the LaTeX manual or LaTeX Companion for explanation.
Type  H <return>  for immediate help.
 ...                                              
                                                  
l.119 ...єРѕРјРїРѕР·РёС†РёСЏ РЅРѕСЂРјР°Р»СЊРЅС‹С…}
                                                  
I could not locate the file with any of these extensions:
.png,.pdf,.jpg,.mps,.jpeg,.jbig2,.jb2,.PNG,.PDF,.JPG,.JPEG,.JBIG2,.JB2,.eps
Try typing  <return>  to proceed.
If that doesn't work, type  X <return>  to quit.


Overfull \hbox (1.33301pt too wide) in paragraph at lines 119--119
[]\T2A/cmr/m/n/8 (b)
 []


Overfull \hbox (7.23434pt too wide) in paragraph at lines 119--119
\T2A/cmr/m/n/8 Ста-
 []


Overfull \hbox (1.80511pt too wide) in paragraph at lines 119--119
\T2A/cmr/m/n/8 ти-
 []


Overfull \hbox (5.58197pt too wide) in paragraph at lines 119--119
\T2A/cmr/m/n/8 сти-
 []


./chapters/chapter4.tex:119: LaTeX Error: File `../img/t2np' not found.

See the LaTeX manual or LaTeX Companion for explanation.
Type  H <return>  for immediate help.
 ...                                              
                                                  
l.119 ...єРѕРјРїРѕР·РёС†РёСЏ РЅРѕСЂРјР°Р»СЊРЅС‹С…}
                                                  
I could not locate the file with any of these extensions:
.png,.pdf,.jpg,.mps,.jpeg,.jbig2,.jb2,.PNG,.PDF,.JPG,.JPEG,.JBIG2,.JB2,.eps
Try typing  <return>  to proceed.
If that doesn't work, type  X <return>  to quit.


Overfull \hbox (3.68521pt too wide) in paragraph at lines 119--119
\T2A/cmr/m/n/8 Но-
 []


Overfull \hbox (5.10986pt too wide) in paragraph at lines 119--119
\T2A/cmr/m/n/8 вый
 []


Underfull \hbox (badness 10000) in paragraph at lines 119--119
\T2A/cmr/m/n/8 ---
 []


Overfull \hbox (9.83093pt too wide) in paragraph at lines 119--119
\T2A/cmr/m/n/8 срав-
 []


Overfull \hbox (1.33301pt too wide) in paragraph at lines 119--119
\T2A/cmr/m/n/8 не-
 []


Overfull \hbox (3.22144pt too wide) in paragraph at lines 119--119
\T2A/cmr/m/n/8 ние
 []


Underfull \hbox (badness 10000) in paragraph at lines 119--119
\T2A/cmr/m/n/8 по
 []


Overfull \hbox (1.33301pt too wide) in paragraph at lines 119--119
\T2A/cmr/m/n/8 ре-
 []


Overfull \hbox (9.59488pt too wide) in paragraph at lines 119--119
\T2A/cmr/m/n/8 зуль-
 []


Overfull \hbox (1.09695pt too wide) in paragraph at lines 119--119
\T2A/cmr/m/n/8 та-
 []


./chapters/chapter4.tex:119: LaTeX Error: File `../img/t2ns' not found.

See the LaTeX manual or LaTeX Companion for explanation.
Type  H <return>  for immediate help.
 ...                                              
                                                  
l.119 ...єРѕРјРїРѕР·РёС†РёСЏ РЅРѕСЂРјР°Р»СЊРЅС‹С…}
                                                  
I could not locate the file with any of these extensions:
.png,.pdf,.jpg,.mps,.jpeg,.jbig2,.jb2,.PNG,.PDF,.JPG,.JPEG,.JBIG2,.JB2,.eps
Try typing  <return>  to proceed.
If that doesn't work, type  X <return>  to quit.


Overfull \hbox (1.33301pt too wide) in paragraph at lines 119--119
[]\T2A/cmr/m/n/8 (d)
 []


Overfull \hbox (7.23434pt too wide) in paragraph at lines 119--119
\T2A/cmr/m/n/8 Ста-
 []


Overfull \hbox (1.80511pt too wide) in paragraph at lines 119--119
\T2A/cmr/m/n/8 ти-
 []


Overfull \hbox (5.58197pt too wide) in paragraph at lines 119--119
\T2A/cmr/m/n/8 сти-
 []


./chapters/chapter4.tex:119: LaTeX Error: File `../img/t2sp' not found.

See the LaTeX manual or LaTeX Companion for explanation.
Type  H <return>  for immediate help.
 ...                                              
                                                  
l.119 ...єРѕРјРїРѕР·РёС†РёСЏ РЅРѕСЂРјР°Р»СЊРЅС‹С…}
                                                  
I could not locate the file with any of these extensions:
.png,.pdf,.jpg,.mps,.jpeg,.jbig2,.jb2,.PNG,.PDF,.JPG,.JPEG,.JBIG2,.JB2,.eps
Try typing  <return>  to proceed.
If that doesn't work, type  X <return>  to quit.


Overfull \hbox (3.68521pt too wide) in paragraph at lines 119--119
\T2A/cmr/m/n/8 Но-
 []


Overfull \hbox (5.10986pt too wide) in paragraph at lines 119--119
\T2A/cmr/m/n/8 вый
 []


Underfull \hbox (badness 10000) in paragraph at lines 119--119
\T2A/cmr/m/n/8 ---
 []


Overfull \hbox (9.83093pt too wide) in paragraph at lines 119--119
\T2A/cmr/m/n/8 срав-
 []


Overfull \hbox (1.33301pt too wide) in paragraph at lines 119--119
\T2A/cmr/m/n/8 не-
 []


Overfull \hbox (3.22144pt too wide) in paragraph at lines 119--119
\T2A/cmr/m/n/8 ние
 []


Underfull \hbox (badness 10000) in paragraph at lines 119--119
\T2A/cmr/m/n/8 по
 []


Overfull \hbox (5.58197pt too wide) in paragraph at lines 119--119
\T2A/cmr/m/n/8 вре-
 []


Overfull \hbox (2.27722pt too wide) in paragraph at lines 119--119
\T2A/cmr/m/n/8 ме-
 []


./chapters/chapter4.tex:119: LaTeX Error: File `../img/t2ss' not found.

See the LaTeX manual or LaTeX Companion for explanation.
Type  H <return>  for immediate help.
 ...                                              
                                                  
l.119 ...єРѕРјРїРѕР·РёС†РёСЏ РЅРѕСЂРјР°Р»СЊРЅС‹С…}
                                                  
I could not locate the file with any of these extensions:
.png,.pdf,.jpg,.mps,.jpeg,.jbig2,.jb2,.PNG,.PDF,.JPG,.JPEG,.JBIG2,.JB2,.eps
Try typing  <return>  to proceed.
If that doesn't work, type  X <return>  to quit.


Underfull \hbox (badness 10000) in paragraph at lines 119--119
[]\T2A/cmr/m/n/8 (f)
 []


Overfull \hbox (7.23434pt too wide) in paragraph at lines 119--119
\T2A/cmr/m/n/8 Ста-
 []


Overfull \hbox (1.80511pt too wide) in paragraph at lines 119--119
\T2A/cmr/m/n/8 ти-
 []


Overfull \hbox (5.58197pt too wide) in paragraph at lines 119--119
\T2A/cmr/m/n/8 сти-
 []


./chapters/chapter4.tex:120: LaTeX Error: File `../img/t3op' not found.

See the LaTeX manual or LaTeX Companion for explanation.
Type  H <return>  for immediate help.
 ...                                              
                                                  
l.120 ...РёС‡РёРІР°РµС‚СЃСЏ СЃРѕ РІСЂРµРјРµРЅРµРј}
                                                  
I could not locate the file with any of these extensions:
.png,.pdf,.jpg,.mps,.jpeg,.jbig2,.jb2,.PNG,.PDF,.JPG,.JPEG,.JBIG2,.JB2,.eps
Try typing  <return>  to proceed.
If that doesn't work, type  X <return>  to quit.


Overfull \hbox (0.8609pt too wide) in paragraph at lines 120--120
[]\T2A/cmr/m/n/8 (a)
 []


Overfull \hbox (7.23434pt too wide) in paragraph at lines 120--120
\T2A/cmr/m/n/8 Ста-
 []


Overfull \hbox (5.58197pt too wide) in paragraph at lines 120--120
\T2A/cmr/m/n/8 рый
 []


Overfull \hbox (1.80511pt too wide) in paragraph at lines 120--120
\T2A/cmr/m/n/8 ал-
 []


Overfull \hbox (0.8609pt too wide) in paragraph at lines 120--120
\T2A/cmr/m/n/8 го-
 []


Overfull \hbox (9.35883pt too wide) in paragraph at lines 120--120
\T2A/cmr/m/n/8 ритм 
 []


./chapters/chapter4.tex:120: LaTeX Error: File `../img/t3os' not found.

See the LaTeX manual or LaTeX Companion for explanation.
Type  H <return>  for immediate help.
 ...                                              
                                                  
l.120 ...РёС‡РёРІР°РµС‚СЃСЏ СЃРѕ РІСЂРµРјРµРЅРµРј}
                                                  
I could not locate the file with any of these extensions:
.png,.pdf,.jpg,.mps,.jpeg,.jbig2,.jb2,.PNG,.PDF,.JPG,.JPEG,.JBIG2,.JB2,.eps
Try typing  <return>  to proceed.
If that doesn't work, type  X <return>  to quit.


Overfull \hbox (1.33301pt too wide) in paragraph at lines 120--120
[]\T2A/cmr/m/n/8 (b)
 []


Overfull \hbox (7.23434pt too wide) in paragraph at lines 120--120
\T2A/cmr/m/n/8 Ста-
 []


Overfull \hbox (1.80511pt too wide) in paragraph at lines 120--120
\T2A/cmr/m/n/8 ти-
 []


Overfull \hbox (5.58197pt too wide) in paragraph at lines 120--120
\T2A/cmr/m/n/8 сти-
 []


./chapters/chapter4.tex:120: LaTeX Error: File `../img/t3np' not found.

See the LaTeX manual or LaTeX Companion for explanation.
Type  H <return>  for immediate help.
 ...                                              
                                                  
l.120 ...РёС‡РёРІР°РµС‚СЃСЏ СЃРѕ РІСЂРµРјРµРЅРµРј}
                                                  
I could not locate the file with any of these extensions:
.png,.pdf,.jpg,.mps,.jpeg,.jbig2,.jb2,.PNG,.PDF,.JPG,.JPEG,.JBIG2,.JB2,.eps
Try typing  <return>  to proceed.
If that doesn't work, type  X <return>  to quit.


Overfull \hbox (3.68521pt too wide) in paragraph at lines 120--120
\T2A/cmr/m/n/8 Но-
 []


Overfull \hbox (5.10986pt too wide) in paragraph at lines 120--120
\T2A/cmr/m/n/8 вый
 []


Underfull \hbox (badness 10000) in paragraph at lines 120--120
\T2A/cmr/m/n/8 ---
 []


Overfull \hbox (9.83093pt too wide) in paragraph at lines 120--120
\T2A/cmr/m/n/8 срав-
 []


Overfull \hbox (1.33301pt too wide) in paragraph at lines 120--120
\T2A/cmr/m/n/8 не-
 []


Overfull \hbox (3.22144pt too wide) in paragraph at lines 120--120
\T2A/cmr/m/n/8 ние
 []


Underfull \hbox (badness 10000) in paragraph at lines 120--120
\T2A/cmr/m/n/8 по
 []


Overfull \hbox (1.33301pt too wide) in paragraph at lines 120--120
\T2A/cmr/m/n/8 ре-
 []


Overfull \hbox (9.59488pt too wide) in paragraph at lines 120--120
\T2A/cmr/m/n/8 зуль-
 []


Overfull \hbox (1.09695pt too wide) in paragraph at lines 120--120
\T2A/cmr/m/n/8 та-
 []


./chapters/chapter4.tex:120: LaTeX Error: File `../img/t3ns' not found.

See the LaTeX manual or LaTeX Companion for explanation.
Type  H <return>  for immediate help.
 ...                                              
                                                  
l.120 ...РёС‡РёРІР°РµС‚СЃСЏ СЃРѕ РІСЂРµРјРµРЅРµРј}
                                                  
I could not locate the file with any of these extensions:
.png,.pdf,.jpg,.mps,.jpeg,.jbig2,.jb2,.PNG,.PDF,.JPG,.JPEG,.JBIG2,.JB2,.eps
Try typing  <return>  to proceed.
If that doesn't work, type  X <return>  to quit.


Overfull \hbox (1.33301pt too wide) in paragraph at lines 120--120
[]\T2A/cmr/m/n/8 (d)
 []


Overfull \hbox (7.23434pt too wide) in paragraph at lines 120--120
\T2A/cmr/m/n/8 Ста-
 []


Overfull \hbox (1.80511pt too wide) in paragraph at lines 120--120
\T2A/cmr/m/n/8 ти-
 []


Overfull \hbox (5.58197pt too wide) in paragraph at lines 120--120
\T2A/cmr/m/n/8 сти-
 []


./chapters/chapter4.tex:120: LaTeX Error: File `../img/t3sp' not found.

See the LaTeX manual or LaTeX Companion for explanation.
Type  H <return>  for immediate help.
 ...                                              
                                                  
l.120 ...РёС‡РёРІР°РµС‚СЃСЏ СЃРѕ РІСЂРµРјРµРЅРµРј}
                                                  
I could not locate the file with any of these extensions:
.png,.pdf,.jpg,.mps,.jpeg,.jbig2,.jb2,.PNG,.PDF,.JPG,.JPEG,.JBIG2,.JB2,.eps
Try typing  <return>  to proceed.
If that doesn't work, type  X <return>  to quit.


Overfull \hbox (3.68521pt too wide) in paragraph at lines 120--120
\T2A/cmr/m/n/8 Но-
 []


Overfull \hbox (5.10986pt too wide) in paragraph at lines 120--120
\T2A/cmr/m/n/8 вый
 []


Underfull \hbox (badness 10000) in paragraph at lines 120--120
\T2A/cmr/m/n/8 ---
 []


Overfull \hbox (9.83093pt too wide) in paragraph at lines 120--120
\T2A/cmr/m/n/8 срав-
 []


Overfull \hbox (1.33301pt too wide) in paragraph at lines 120--120
\T2A/cmr/m/n/8 не-
 []


Overfull \hbox (3.22144pt too wide) in paragraph at lines 120--120
\T2A/cmr/m/n/8 ние
 []


Underfull \hbox (badness 10000) in paragraph at lines 120--120
\T2A/cmr/m/n/8 по
 []


Overfull \hbox (5.58197pt too wide) in paragraph at lines 120--120
\T2A/cmr/m/n/8 вре-
 []


Overfull \hbox (2.27722pt too wide) in paragraph at lines 120--120
\T2A/cmr/m/n/8 ме-
 []


./chapters/chapter4.tex:120: LaTeX Error: File `../img/t3ss' not found.

See the LaTeX manual or LaTeX Companion for explanation.
Type  H <return>  for immediate help.
 ...                                              
                                                  
l.120 ...РёС‡РёРІР°РµС‚СЃСЏ СЃРѕ РІСЂРµРјРµРЅРµРј}
                                                  
I could not locate the file with any of these extensions:
.png,.pdf,.jpg,.mps,.jpeg,.jbig2,.jb2,.PNG,.PDF,.JPG,.JPEG,.JBIG2,.JB2,.eps
Try typing  <return>  to proceed.
If that doesn't work, type  X <return>  to quit.


Underfull \hbox (badness 10000) in paragraph at lines 120--120
[]\T2A/cmr/m/n/8 (f)
 []


Overfull \hbox (7.23434pt too wide) in paragraph at lines 120--120
\T2A/cmr/m/n/8 Ста-
 []


Overfull \hbox (1.80511pt too wide) in paragraph at lines 120--120
\T2A/cmr/m/n/8 ти-
 []


Overfull \hbox (5.58197pt too wide) in paragraph at lines 120--120
\T2A/cmr/m/n/8 сти-
 []


./chapters/chapter4.tex:121: LaTeX Error: File `../img/t4op' not found.

See the LaTeX manual or LaTeX Companion for explanation.
Type  H <return>  for immediate help.
 ...                                              
                                                  
l.121 ...‚СЃСЏ СЃ С‚РµС‡РµРЅРёРµРј РІСЂРµРјРµРЅРё}
                                                  
I could not locate the file with any of these extensions:
.png,.pdf,.jpg,.mps,.jpeg,.jbig2,.jb2,.PNG,.PDF,.JPG,.JPEG,.JBIG2,.JB2,.eps
Try typing  <return>  to proceed.
If that doesn't work, type  X <return>  to quit.


Overfull \hbox (0.8609pt too wide) in paragraph at lines 121--121
[]\T2A/cmr/m/n/8 (a)
 []


Overfull \hbox (7.23434pt too wide) in paragraph at lines 121--121
\T2A/cmr/m/n/8 Ста-
 []


Overfull \hbox (5.58197pt too wide) in paragraph at lines 121--121
\T2A/cmr/m/n/8 рый
 []


Overfull \hbox (1.80511pt too wide) in paragraph at lines 121--121
\T2A/cmr/m/n/8 ал-
 []


Overfull \hbox (0.8609pt too wide) in paragraph at lines 121--121
\T2A/cmr/m/n/8 го-
 []


Overfull \hbox (9.35883pt too wide) in paragraph at lines 121--121
\T2A/cmr/m/n/8 ритм 
 []


./chapters/chapter4.tex:121: LaTeX Error: File `../img/t4os' not found.

See the LaTeX manual or LaTeX Companion for explanation.
Type  H <return>  for immediate help.
 ...                                              
                                                  
l.121 ...‚СЃСЏ СЃ С‚РµС‡РµРЅРёРµРј РІСЂРµРјРµРЅРё}
                                                  
I could not locate the file with any of these extensions:
.png,.pdf,.jpg,.mps,.jpeg,.jbig2,.jb2,.PNG,.PDF,.JPG,.JPEG,.JBIG2,.JB2,.eps
Try typing  <return>  to proceed.
If that doesn't work, type  X <return>  to quit.


Overfull \hbox (1.33301pt too wide) in paragraph at lines 121--121
[]\T2A/cmr/m/n/8 (b)
 []


Overfull \hbox (7.23434pt too wide) in paragraph at lines 121--121
\T2A/cmr/m/n/8 Ста-
 []


Overfull \hbox (1.80511pt too wide) in paragraph at lines 121--121
\T2A/cmr/m/n/8 ти-
 []


Overfull \hbox (5.58197pt too wide) in paragraph at lines 121--121
\T2A/cmr/m/n/8 сти-
 []


./chapters/chapter4.tex:121: LaTeX Error: File `../img/t4np' not found.

See the LaTeX manual or LaTeX Companion for explanation.
Type  H <return>  for immediate help.
 ...                                              
                                                  
l.121 ...‚СЃСЏ СЃ С‚РµС‡РµРЅРёРµРј РІСЂРµРјРµРЅРё}
                                                  
I could not locate the file with any of these extensions:
.png,.pdf,.jpg,.mps,.jpeg,.jbig2,.jb2,.PNG,.PDF,.JPG,.JPEG,.JBIG2,.JB2,.eps
Try typing  <return>  to proceed.
If that doesn't work, type  X <return>  to quit.


Overfull \hbox (3.68521pt too wide) in paragraph at lines 121--121
\T2A/cmr/m/n/8 Но-
 []


Overfull \hbox (5.10986pt too wide) in paragraph at lines 121--121
\T2A/cmr/m/n/8 вый
 []


Underfull \hbox (badness 10000) in paragraph at lines 121--121
\T2A/cmr/m/n/8 ---
 []


Overfull \hbox (9.83093pt too wide) in paragraph at lines 121--121
\T2A/cmr/m/n/8 срав-
 []


Overfull \hbox (1.33301pt too wide) in paragraph at lines 121--121
\T2A/cmr/m/n/8 не-
 []


Overfull \hbox (3.22144pt too wide) in paragraph at lines 121--121
\T2A/cmr/m/n/8 ние
 []


Underfull \hbox (badness 10000) in paragraph at lines 121--121
\T2A/cmr/m/n/8 по
 []


Overfull \hbox (1.33301pt too wide) in paragraph at lines 121--121
\T2A/cmr/m/n/8 ре-
 []


Overfull \hbox (9.59488pt too wide) in paragraph at lines 121--121
\T2A/cmr/m/n/8 зуль-
 []


Overfull \hbox (1.09695pt too wide) in paragraph at lines 121--121
\T2A/cmr/m/n/8 та-
 []


./chapters/chapter4.tex:121: LaTeX Error: File `../img/t4ns' not found.

See the LaTeX manual or LaTeX Companion for explanation.
Type  H <return>  for immediate help.
 ...                                              
                                                  
l.121 ...‚СЃСЏ СЃ С‚РµС‡РµРЅРёРµРј РІСЂРµРјРµРЅРё}
                                                  
I could not locate the file with any of these extensions:
.png,.pdf,.jpg,.mps,.jpeg,.jbig2,.jb2,.PNG,.PDF,.JPG,.JPEG,.JBIG2,.JB2,.eps
Try typing  <return>  to proceed.
If that doesn't work, type  X <return>  to quit.


Overfull \hbox (1.33301pt too wide) in paragraph at lines 121--121
[]\T2A/cmr/m/n/8 (d)
 []


Overfull \hbox (7.23434pt too wide) in paragraph at lines 121--121
\T2A/cmr/m/n/8 Ста-
 []


Overfull \hbox (1.80511pt too wide) in paragraph at lines 121--121
\T2A/cmr/m/n/8 ти-
 []


Overfull \hbox (5.58197pt too wide) in paragraph at lines 121--121
\T2A/cmr/m/n/8 сти-
 []


./chapters/chapter4.tex:121: LaTeX Error: File `../img/t4sp' not found.

See the LaTeX manual or LaTeX Companion for explanation.
Type  H <return>  for immediate help.
 ...                                              
                                                  
l.121 ...‚СЃСЏ СЃ С‚РµС‡РµРЅРёРµРј РІСЂРµРјРµРЅРё}
                                                  
I could not locate the file with any of these extensions:
.png,.pdf,.jpg,.mps,.jpeg,.jbig2,.jb2,.PNG,.PDF,.JPG,.JPEG,.JBIG2,.JB2,.eps
Try typing  <return>  to proceed.
If that doesn't work, type  X <return>  to quit.


Overfull \hbox (3.68521pt too wide) in paragraph at lines 121--121
\T2A/cmr/m/n/8 Но-
 []


Overfull \hbox (5.10986pt too wide) in paragraph at lines 121--121
\T2A/cmr/m/n/8 вый
 []


Underfull \hbox (badness 10000) in paragraph at lines 121--121
\T2A/cmr/m/n/8 ---
 []


Overfull \hbox (9.83093pt too wide) in paragraph at lines 121--121
\T2A/cmr/m/n/8 срав-
 []


Overfull \hbox (1.33301pt too wide) in paragraph at lines 121--121
\T2A/cmr/m/n/8 не-
 []


Overfull \hbox (3.22144pt too wide) in paragraph at lines 121--121
\T2A/cmr/m/n/8 ние
 []


Underfull \hbox (badness 10000) in paragraph at lines 121--121
\T2A/cmr/m/n/8 по
 []


Overfull \hbox (5.58197pt too wide) in paragraph at lines 121--121
\T2A/cmr/m/n/8 вре-
 []


Overfull \hbox (2.27722pt too wide) in paragraph at lines 121--121
\T2A/cmr/m/n/8 ме-
 []


./chapters/chapter4.tex:121: LaTeX Error: File `../img/t4ss' not found.

See the LaTeX manual or LaTeX Companion for explanation.
Type  H <return>  for immediate help.
 ...                                              
                                                  
l.121 ...‚СЃСЏ СЃ С‚РµС‡РµРЅРёРµРј РІСЂРµРјРµРЅРё}
                                                  
I could not locate the file with any of these extensions:
.png,.pdf,.jpg,.mps,.jpeg,.jbig2,.jb2,.PNG,.PDF,.JPG,.JPEG,.JBIG2,.JB2,.eps
Try typing  <return>  to proceed.
If that doesn't work, type  X <return>  to quit.


Underfull \hbox (badness 10000) in paragraph at lines 121--121
[]\T2A/cmr/m/n/8 (f)
 []


Overfull \hbox (7.23434pt too wide) in paragraph at lines 121--121
\T2A/cmr/m/n/8 Ста-
 []


Overfull \hbox (1.80511pt too wide) in paragraph at lines 121--121
\T2A/cmr/m/n/8 ти-
 []


Overfull \hbox (5.58197pt too wide) in paragraph at lines 121--121
\T2A/cmr/m/n/8 сти-
 []

[29] [30] [31] [32] [33])
:<-
Package srcltx Info: Expanded filename `chapters/outro.tex' to `chapters/outro.
tex' on input line 206.
:<+ chapters/outro.tex
(./chapters/outro.tex [34

])
:<-
:<+ thesis.bbl
(./thesis.bbl [35]
(/usr/local/texlive/2016/texmf-dist/tex/latex/ucs/data/uni-0.def
File: uni-0.def 2013/05/13 UCS: Unicode data U+0000..U+00FF
)
(/usr/local/texlive/2016/texmf-dist/tex/latex/ucs/data/uni-2.def
File: uni-2.def 2013/05/13 UCS: Unicode data U+0200..U+02FF
)
(/usr/local/texlive/2016/texmf-dist/tex/latex/ucs/data/uni-32.def
File: uni-32.def 2013/05/13 UCS: Unicode data U+2000..U+20FF
))
:<-
[36

] (./thesis.aux) ) 
Here is how much of TeX's memory you used:
 9007 strings out of 493014
 122025 string characters out of 6133351
 187508 words of memory out of 5000000
 12266 multiletter control sequences out of 15000+600000
 16917 words of font info for 41 fonts, out of 8000000 for 9000
 1141 hyphenation exceptions out of 8191
 38i,10n,45p,1121b,629s stack positions out of 5000i,500n,10000p,200000b,80000s
{/usr/local/texlive/2016/texmf-dist/fonts/enc/dvips/cm-super/
cm-super-t2a.enc}</usr/local/texlive/2016/texmf-dist/fonts/type1/public/amsfont
s/cm/cmex10.pfb></usr/local/texlive/2016/texmf-dist/fonts/type1/public/amsfonts
/cm/cmmi10.pfb></usr/local/texlive/2016/texmf-dist/fonts/type1/public/amsfonts/
cm/cmmi12.pfb></usr/local/texlive/2016/texmf-dist/fonts/type1/public/amsfonts/c
m/cmmi7.pfb></usr/local/texlive/2016/texmf-dist/fonts/type1/public/amsfonts/cm/
cmr10.pfb></usr/local/texlive/2016/texmf-dist/fonts/type1/public/amsfonts/cm/cm
r12.pfb></usr/local/texlive/2016/texmf-dist/fonts/type1/public/amsfonts/cm/cmr7
.pfb></usr/local/texlive/2016/texmf-dist/fonts/type1/public/amsfonts/cm/cmsy10.
pfb></usr/local/texlive/2016/texmf-dist/fonts/type1/public/amsfonts/cm/cmsy7.pf
b></usr/local/texlive/2016/texmf-dist/fonts/type1/public/cm-super/sfbx1440.pfb>
</usr/local/texlive/2016/texmf-dist/fonts/type1/public/cm-super/sfbx1728.pfb></
usr/local/texlive/2016/texmf-dist/fonts/type1/public/cm-super/sfrm0800.pfb></us
r/local/texlive/2016/texmf-dist/fonts/type1/public/cm-super/sfrm1000.pfb></usr/
local/texlive/2016/texmf-dist/fonts/type1/public/cm-super/sfrm1440.pfb></usr/lo
cal/texlive/2016/texmf-dist/fonts/type1/public/cm-super/sfsx1440.pfb></usr/loca
l/texlive/2016/texmf-dist/fonts/type1/public/cm-super/sfsx2488.pfb></usr/local/
texlive/2016/texmf-dist/fonts/type1/public/cm-super/sftt1000.pfb></usr/local/te
xlive/2016/texmf-dist/fonts/type1/public/cm-super/sfxc1728.pfb>
Output written on thesis.pdf (34 pages, 352014 bytes).
PDF statistics:
 192 PDF objects out of 1000 (max. 8388607)
 131 compressed objects within 2 object streams
 0 named destinations out of 1000 (max. 500000)
 21 words of extra memory for PDF output out of 10000 (max. 10000000)

